[2025-05-31T21:31:03.301-0300] {taskinstance.py:1956} INFO - Dependencies all met for dep_context=non-requeueable deps ti=<TaskInstance: chamar_api_vendas.chamar_api scheduled__2025-06-01T00:30:00+00:00 [queued]>
[2025-05-31T21:31:03.305-0300] {taskinstance.py:1956} INFO - Dependencies all met for dep_context=requeueable deps ti=<TaskInstance: chamar_api_vendas.chamar_api scheduled__2025-06-01T00:30:00+00:00 [queued]>
[2025-05-31T21:31:03.305-0300] {taskinstance.py:2170} INFO - Starting attempt 1 of 2
[2025-05-31T21:31:03.321-0300] {taskinstance.py:2191} INFO - Executing <Task(BashOperator): chamar_api> on 2025-06-01 00:30:00+00:00
[2025-05-31T21:31:03.329-0300] {standard_task_runner.py:60} INFO - Started process 42025 to run task
[2025-05-31T21:31:03.332-0300] {standard_task_runner.py:87} INFO - Running: ['airflow', 'tasks', 'run', 'chamar_api_vendas', 'chamar_api', 'scheduled__2025-06-01T00:30:00+00:00', '--job-id', '130', '--raw', '--subdir', 'DAGS_FOLDER/chamar_api_vendas.py', '--cfg-path', '/tmp/tmpn23ajdf3']
[2025-05-31T21:31:03.333-0300] {standard_task_runner.py:88} INFO - Job 130: Subtask chamar_api
[2025-05-31T21:31:03.362-0300] {task_command.py:423} INFO - Running <TaskInstance: chamar_api_vendas.chamar_api scheduled__2025-06-01T00:30:00+00:00 [running]> on host walter-vjfe59f11xb1011h
[2025-05-31T21:31:03.412-0300] {taskinstance.py:2480} INFO - Exporting env vars: AIRFLOW_CTX_DAG_OWNER='airflow' AIRFLOW_CTX_DAG_ID='chamar_api_vendas' AIRFLOW_CTX_TASK_ID='chamar_api' AIRFLOW_CTX_EXECUTION_DATE='2025-06-01T00:30:00+00:00' AIRFLOW_CTX_TRY_NUMBER='1' AIRFLOW_CTX_DAG_RUN_ID='scheduled__2025-06-01T00:30:00+00:00'
[2025-05-31T21:31:03.413-0300] {subprocess.py:63} INFO - Tmp dir root location: /tmp
[2025-05-31T21:31:03.414-0300] {subprocess.py:75} INFO - Running command: ['/usr/bin/bash', '-c', "curl -X POST 'http://127.0.0.1:8002/gerar-vendas' -H 'accept: application/json'"]
[2025-05-31T21:31:03.429-0300] {subprocess.py:86} INFO - Output:
[2025-05-31T21:31:03.435-0300] {subprocess.py:93} INFO -   % Total    % Received % Xferd  Average Speed   Time    Time     Time  Current
[2025-05-31T21:31:03.436-0300] {subprocess.py:93} INFO -                                  Dload  Upload   Total   Spent    Left  Speed
[2025-05-31T21:31:05.121-0300] {subprocess.py:93} INFO -   0     0    0     0    0     0      0      0 --:--:-- --:--:-- --:--:--     0  0     0    0     0    0     0      0      0 --:--:--  0:00:01 --:--:--     0100    21  100    21    0     0     12      0  0:00:01  0:00:01 --:--:--    12100    21  100    21    0     0     12      0  0:00:01  0:00:01 --:--:--    12
[2025-05-31T21:31:05.123-0300] {subprocess.py:93} INFO - Internal Server Error
[2025-05-31T21:31:05.124-0300] {subprocess.py:97} INFO - Command exited with return code 0
[2025-05-31T21:31:05.142-0300] {taskinstance.py:1138} INFO - Marking task as SUCCESS. dag_id=chamar_api_vendas, task_id=chamar_api, execution_date=20250601T003000, start_date=20250601T003103, end_date=20250601T003105
[2025-05-31T21:31:05.193-0300] {local_task_job_runner.py:234} INFO - Task exited with return code 0
[2025-05-31T21:31:05.201-0300] {taskinstance.py:3280} INFO - 0 downstream tasks scheduled from follow-on schedule check
