[2025-05-31T21:00:01.223-0300] {processor.py:161} INFO - Started process (PID=32483) to work on /home/walterg/Documentos/Data_projects/Data-Warehouse-postgres-DBT-airflow-/.venv/lib/python3.11/site-packages/airflow/example_dags/subdags/subdag.py
[2025-05-31T21:00:01.224-0300] {processor.py:830} INFO - Processing file /home/walterg/Documentos/Data_projects/Data-Warehouse-postgres-DBT-airflow-/.venv/lib/python3.11/site-packages/airflow/example_dags/subdags/subdag.py for tasks to queue
[2025-05-31T21:00:01.224-0300] {logging_mixin.py:188} INFO - [2025-05-31T21:00:01.224-0300] {dagbag.py:538} INFO - Filling up the DagBag from /home/walterg/Documentos/Data_projects/Data-Warehouse-postgres-DBT-airflow-/.venv/lib/python3.11/site-packages/airflow/example_dags/subdags/subdag.py
[2025-05-31T21:00:01.226-0300] {processor.py:842} WARNING - No viable dags retrieved from /home/walterg/Documentos/Data_projects/Data-Warehouse-postgres-DBT-airflow-/.venv/lib/python3.11/site-packages/airflow/example_dags/subdags/subdag.py
[2025-05-31T21:00:01.236-0300] {processor.py:183} INFO - Processing /home/walterg/Documentos/Data_projects/Data-Warehouse-postgres-DBT-airflow-/.venv/lib/python3.11/site-packages/airflow/example_dags/subdags/subdag.py took 0.015 seconds
[2025-05-31T21:00:47.129-0300] {processor.py:161} INFO - Started process (PID=32713) to work on /home/walterg/Documentos/Data_projects/Data-Warehouse-postgres-DBT-airflow-/.venv/lib/python3.11/site-packages/airflow/example_dags/subdags/subdag.py
[2025-05-31T21:00:47.130-0300] {processor.py:830} INFO - Processing file /home/walterg/Documentos/Data_projects/Data-Warehouse-postgres-DBT-airflow-/.venv/lib/python3.11/site-packages/airflow/example_dags/subdags/subdag.py for tasks to queue
[2025-05-31T21:00:47.131-0300] {logging_mixin.py:188} INFO - [2025-05-31T21:00:47.130-0300] {dagbag.py:538} INFO - Filling up the DagBag from /home/walterg/Documentos/Data_projects/Data-Warehouse-postgres-DBT-airflow-/.venv/lib/python3.11/site-packages/airflow/example_dags/subdags/subdag.py
[2025-05-31T21:00:47.132-0300] {processor.py:842} WARNING - No viable dags retrieved from /home/walterg/Documentos/Data_projects/Data-Warehouse-postgres-DBT-airflow-/.venv/lib/python3.11/site-packages/airflow/example_dags/subdags/subdag.py
[2025-05-31T21:00:47.140-0300] {processor.py:183} INFO - Processing /home/walterg/Documentos/Data_projects/Data-Warehouse-postgres-DBT-airflow-/.venv/lib/python3.11/site-packages/airflow/example_dags/subdags/subdag.py took 0.014 seconds
[2025-05-31T21:01:28.406-0300] {processor.py:161} INFO - Started process (PID=32979) to work on /home/walterg/Documentos/Data_projects/Data-Warehouse-postgres-DBT-airflow-/.venv/lib/python3.11/site-packages/airflow/example_dags/subdags/subdag.py
[2025-05-31T21:01:28.411-0300] {processor.py:830} INFO - Processing file /home/walterg/Documentos/Data_projects/Data-Warehouse-postgres-DBT-airflow-/.venv/lib/python3.11/site-packages/airflow/example_dags/subdags/subdag.py for tasks to queue
[2025-05-31T21:01:28.412-0300] {logging_mixin.py:188} INFO - [2025-05-31T21:01:28.412-0300] {dagbag.py:538} INFO - Filling up the DagBag from /home/walterg/Documentos/Data_projects/Data-Warehouse-postgres-DBT-airflow-/.venv/lib/python3.11/site-packages/airflow/example_dags/subdags/subdag.py
[2025-05-31T21:01:28.414-0300] {processor.py:842} WARNING - No viable dags retrieved from /home/walterg/Documentos/Data_projects/Data-Warehouse-postgres-DBT-airflow-/.venv/lib/python3.11/site-packages/airflow/example_dags/subdags/subdag.py
[2025-05-31T21:01:28.422-0300] {processor.py:183} INFO - Processing /home/walterg/Documentos/Data_projects/Data-Warehouse-postgres-DBT-airflow-/.venv/lib/python3.11/site-packages/airflow/example_dags/subdags/subdag.py took 0.018 seconds
[2025-05-31T21:02:11.464-0300] {processor.py:161} INFO - Started process (PID=33287) to work on /home/walterg/Documentos/Data_projects/Data-Warehouse-postgres-DBT-airflow-/.venv/lib/python3.11/site-packages/airflow/example_dags/subdags/subdag.py
[2025-05-31T21:02:11.469-0300] {processor.py:830} INFO - Processing file /home/walterg/Documentos/Data_projects/Data-Warehouse-postgres-DBT-airflow-/.venv/lib/python3.11/site-packages/airflow/example_dags/subdags/subdag.py for tasks to queue
[2025-05-31T21:02:11.470-0300] {logging_mixin.py:188} INFO - [2025-05-31T21:02:11.469-0300] {dagbag.py:538} INFO - Filling up the DagBag from /home/walterg/Documentos/Data_projects/Data-Warehouse-postgres-DBT-airflow-/.venv/lib/python3.11/site-packages/airflow/example_dags/subdags/subdag.py
[2025-05-31T21:02:11.472-0300] {processor.py:842} WARNING - No viable dags retrieved from /home/walterg/Documentos/Data_projects/Data-Warehouse-postgres-DBT-airflow-/.venv/lib/python3.11/site-packages/airflow/example_dags/subdags/subdag.py
[2025-05-31T21:02:11.481-0300] {processor.py:183} INFO - Processing /home/walterg/Documentos/Data_projects/Data-Warehouse-postgres-DBT-airflow-/.venv/lib/python3.11/site-packages/airflow/example_dags/subdags/subdag.py took 0.020 seconds
[2025-05-31T21:02:56.534-0300] {processor.py:161} INFO - Started process (PID=33426) to work on /home/walterg/Documentos/Data_projects/Data-Warehouse-postgres-DBT-airflow-/.venv/lib/python3.11/site-packages/airflow/example_dags/subdags/subdag.py
[2025-05-31T21:02:56.539-0300] {processor.py:830} INFO - Processing file /home/walterg/Documentos/Data_projects/Data-Warehouse-postgres-DBT-airflow-/.venv/lib/python3.11/site-packages/airflow/example_dags/subdags/subdag.py for tasks to queue
[2025-05-31T21:02:56.540-0300] {logging_mixin.py:188} INFO - [2025-05-31T21:02:56.540-0300] {dagbag.py:538} INFO - Filling up the DagBag from /home/walterg/Documentos/Data_projects/Data-Warehouse-postgres-DBT-airflow-/.venv/lib/python3.11/site-packages/airflow/example_dags/subdags/subdag.py
[2025-05-31T21:02:56.542-0300] {processor.py:842} WARNING - No viable dags retrieved from /home/walterg/Documentos/Data_projects/Data-Warehouse-postgres-DBT-airflow-/.venv/lib/python3.11/site-packages/airflow/example_dags/subdags/subdag.py
[2025-05-31T21:02:56.552-0300] {processor.py:183} INFO - Processing /home/walterg/Documentos/Data_projects/Data-Warehouse-postgres-DBT-airflow-/.venv/lib/python3.11/site-packages/airflow/example_dags/subdags/subdag.py took 0.020 seconds
[2025-05-31T21:03:40.981-0300] {processor.py:161} INFO - Started process (PID=33659) to work on /home/walterg/Documentos/Data_projects/Data-Warehouse-postgres-DBT-airflow-/.venv/lib/python3.11/site-packages/airflow/example_dags/subdags/subdag.py
[2025-05-31T21:03:40.986-0300] {processor.py:830} INFO - Processing file /home/walterg/Documentos/Data_projects/Data-Warehouse-postgres-DBT-airflow-/.venv/lib/python3.11/site-packages/airflow/example_dags/subdags/subdag.py for tasks to queue
[2025-05-31T21:03:40.987-0300] {logging_mixin.py:188} INFO - [2025-05-31T21:03:40.987-0300] {dagbag.py:538} INFO - Filling up the DagBag from /home/walterg/Documentos/Data_projects/Data-Warehouse-postgres-DBT-airflow-/.venv/lib/python3.11/site-packages/airflow/example_dags/subdags/subdag.py
[2025-05-31T21:03:40.989-0300] {processor.py:842} WARNING - No viable dags retrieved from /home/walterg/Documentos/Data_projects/Data-Warehouse-postgres-DBT-airflow-/.venv/lib/python3.11/site-packages/airflow/example_dags/subdags/subdag.py
[2025-05-31T21:03:40.998-0300] {processor.py:183} INFO - Processing /home/walterg/Documentos/Data_projects/Data-Warehouse-postgres-DBT-airflow-/.venv/lib/python3.11/site-packages/airflow/example_dags/subdags/subdag.py took 0.019 seconds
[2025-05-31T21:04:20.388-0300] {processor.py:161} INFO - Started process (PID=33824) to work on /home/walterg/Documentos/Data_projects/Data-Warehouse-postgres-DBT-airflow-/.venv/lib/python3.11/site-packages/airflow/example_dags/subdags/subdag.py
[2025-05-31T21:04:20.393-0300] {processor.py:830} INFO - Processing file /home/walterg/Documentos/Data_projects/Data-Warehouse-postgres-DBT-airflow-/.venv/lib/python3.11/site-packages/airflow/example_dags/subdags/subdag.py for tasks to queue
[2025-05-31T21:04:20.394-0300] {logging_mixin.py:188} INFO - [2025-05-31T21:04:20.394-0300] {dagbag.py:538} INFO - Filling up the DagBag from /home/walterg/Documentos/Data_projects/Data-Warehouse-postgres-DBT-airflow-/.venv/lib/python3.11/site-packages/airflow/example_dags/subdags/subdag.py
[2025-05-31T21:04:20.396-0300] {processor.py:842} WARNING - No viable dags retrieved from /home/walterg/Documentos/Data_projects/Data-Warehouse-postgres-DBT-airflow-/.venv/lib/python3.11/site-packages/airflow/example_dags/subdags/subdag.py
[2025-05-31T21:04:20.405-0300] {processor.py:183} INFO - Processing /home/walterg/Documentos/Data_projects/Data-Warehouse-postgres-DBT-airflow-/.venv/lib/python3.11/site-packages/airflow/example_dags/subdags/subdag.py took 0.019 seconds
[2025-05-31T21:05:01.997-0300] {processor.py:161} INFO - Started process (PID=33964) to work on /home/walterg/Documentos/Data_projects/Data-Warehouse-postgres-DBT-airflow-/.venv/lib/python3.11/site-packages/airflow/example_dags/subdags/subdag.py
[2025-05-31T21:05:02.002-0300] {processor.py:830} INFO - Processing file /home/walterg/Documentos/Data_projects/Data-Warehouse-postgres-DBT-airflow-/.venv/lib/python3.11/site-packages/airflow/example_dags/subdags/subdag.py for tasks to queue
[2025-05-31T21:05:02.003-0300] {logging_mixin.py:188} INFO - [2025-05-31T21:05:02.003-0300] {dagbag.py:538} INFO - Filling up the DagBag from /home/walterg/Documentos/Data_projects/Data-Warehouse-postgres-DBT-airflow-/.venv/lib/python3.11/site-packages/airflow/example_dags/subdags/subdag.py
[2025-05-31T21:05:02.006-0300] {processor.py:842} WARNING - No viable dags retrieved from /home/walterg/Documentos/Data_projects/Data-Warehouse-postgres-DBT-airflow-/.venv/lib/python3.11/site-packages/airflow/example_dags/subdags/subdag.py
[2025-05-31T21:05:02.016-0300] {processor.py:183} INFO - Processing /home/walterg/Documentos/Data_projects/Data-Warehouse-postgres-DBT-airflow-/.venv/lib/python3.11/site-packages/airflow/example_dags/subdags/subdag.py took 0.021 seconds
[2025-05-31T21:05:49.086-0300] {processor.py:161} INFO - Started process (PID=34220) to work on /home/walterg/Documentos/Data_projects/Data-Warehouse-postgres-DBT-airflow-/.venv/lib/python3.11/site-packages/airflow/example_dags/subdags/subdag.py
[2025-05-31T21:05:49.091-0300] {processor.py:830} INFO - Processing file /home/walterg/Documentos/Data_projects/Data-Warehouse-postgres-DBT-airflow-/.venv/lib/python3.11/site-packages/airflow/example_dags/subdags/subdag.py for tasks to queue
[2025-05-31T21:05:49.092-0300] {logging_mixin.py:188} INFO - [2025-05-31T21:05:49.092-0300] {dagbag.py:538} INFO - Filling up the DagBag from /home/walterg/Documentos/Data_projects/Data-Warehouse-postgres-DBT-airflow-/.venv/lib/python3.11/site-packages/airflow/example_dags/subdags/subdag.py
[2025-05-31T21:05:49.094-0300] {processor.py:842} WARNING - No viable dags retrieved from /home/walterg/Documentos/Data_projects/Data-Warehouse-postgres-DBT-airflow-/.venv/lib/python3.11/site-packages/airflow/example_dags/subdags/subdag.py
[2025-05-31T21:05:49.102-0300] {processor.py:183} INFO - Processing /home/walterg/Documentos/Data_projects/Data-Warehouse-postgres-DBT-airflow-/.venv/lib/python3.11/site-packages/airflow/example_dags/subdags/subdag.py took 0.018 seconds
[2025-05-31T21:06:32.205-0300] {processor.py:161} INFO - Started process (PID=34539) to work on /home/walterg/Documentos/Data_projects/Data-Warehouse-postgres-DBT-airflow-/.venv/lib/python3.11/site-packages/airflow/example_dags/subdags/subdag.py
[2025-05-31T21:06:32.210-0300] {processor.py:830} INFO - Processing file /home/walterg/Documentos/Data_projects/Data-Warehouse-postgres-DBT-airflow-/.venv/lib/python3.11/site-packages/airflow/example_dags/subdags/subdag.py for tasks to queue
[2025-05-31T21:06:32.211-0300] {logging_mixin.py:188} INFO - [2025-05-31T21:06:32.211-0300] {dagbag.py:538} INFO - Filling up the DagBag from /home/walterg/Documentos/Data_projects/Data-Warehouse-postgres-DBT-airflow-/.venv/lib/python3.11/site-packages/airflow/example_dags/subdags/subdag.py
[2025-05-31T21:06:32.213-0300] {processor.py:842} WARNING - No viable dags retrieved from /home/walterg/Documentos/Data_projects/Data-Warehouse-postgres-DBT-airflow-/.venv/lib/python3.11/site-packages/airflow/example_dags/subdags/subdag.py
[2025-05-31T21:06:32.221-0300] {processor.py:183} INFO - Processing /home/walterg/Documentos/Data_projects/Data-Warehouse-postgres-DBT-airflow-/.venv/lib/python3.11/site-packages/airflow/example_dags/subdags/subdag.py took 0.018 seconds
[2025-05-31T21:07:16.416-0300] {processor.py:161} INFO - Started process (PID=34768) to work on /home/walterg/Documentos/Data_projects/Data-Warehouse-postgres-DBT-airflow-/.venv/lib/python3.11/site-packages/airflow/example_dags/subdags/subdag.py
[2025-05-31T21:07:16.421-0300] {processor.py:830} INFO - Processing file /home/walterg/Documentos/Data_projects/Data-Warehouse-postgres-DBT-airflow-/.venv/lib/python3.11/site-packages/airflow/example_dags/subdags/subdag.py for tasks to queue
[2025-05-31T21:07:16.422-0300] {logging_mixin.py:188} INFO - [2025-05-31T21:07:16.422-0300] {dagbag.py:538} INFO - Filling up the DagBag from /home/walterg/Documentos/Data_projects/Data-Warehouse-postgres-DBT-airflow-/.venv/lib/python3.11/site-packages/airflow/example_dags/subdags/subdag.py
[2025-05-31T21:07:16.424-0300] {processor.py:842} WARNING - No viable dags retrieved from /home/walterg/Documentos/Data_projects/Data-Warehouse-postgres-DBT-airflow-/.venv/lib/python3.11/site-packages/airflow/example_dags/subdags/subdag.py
[2025-05-31T21:07:16.433-0300] {processor.py:183} INFO - Processing /home/walterg/Documentos/Data_projects/Data-Warehouse-postgres-DBT-airflow-/.venv/lib/python3.11/site-packages/airflow/example_dags/subdags/subdag.py took 0.020 seconds
[2025-05-31T21:07:57.172-0300] {processor.py:161} INFO - Started process (PID=34871) to work on /home/walterg/Documentos/Data_projects/Data-Warehouse-postgres-DBT-airflow-/.venv/lib/python3.11/site-packages/airflow/example_dags/subdags/subdag.py
[2025-05-31T21:07:57.173-0300] {processor.py:830} INFO - Processing file /home/walterg/Documentos/Data_projects/Data-Warehouse-postgres-DBT-airflow-/.venv/lib/python3.11/site-packages/airflow/example_dags/subdags/subdag.py for tasks to queue
[2025-05-31T21:07:57.174-0300] {logging_mixin.py:188} INFO - [2025-05-31T21:07:57.173-0300] {dagbag.py:538} INFO - Filling up the DagBag from /home/walterg/Documentos/Data_projects/Data-Warehouse-postgres-DBT-airflow-/.venv/lib/python3.11/site-packages/airflow/example_dags/subdags/subdag.py
[2025-05-31T21:07:57.175-0300] {processor.py:842} WARNING - No viable dags retrieved from /home/walterg/Documentos/Data_projects/Data-Warehouse-postgres-DBT-airflow-/.venv/lib/python3.11/site-packages/airflow/example_dags/subdags/subdag.py
[2025-05-31T21:07:57.184-0300] {processor.py:183} INFO - Processing /home/walterg/Documentos/Data_projects/Data-Warehouse-postgres-DBT-airflow-/.venv/lib/python3.11/site-packages/airflow/example_dags/subdags/subdag.py took 0.014 seconds
[2025-05-31T21:08:43.910-0300] {processor.py:161} INFO - Started process (PID=35194) to work on /home/walterg/Documentos/Data_projects/Data-Warehouse-postgres-DBT-airflow-/.venv/lib/python3.11/site-packages/airflow/example_dags/subdags/subdag.py
[2025-05-31T21:08:43.915-0300] {processor.py:830} INFO - Processing file /home/walterg/Documentos/Data_projects/Data-Warehouse-postgres-DBT-airflow-/.venv/lib/python3.11/site-packages/airflow/example_dags/subdags/subdag.py for tasks to queue
[2025-05-31T21:08:43.917-0300] {logging_mixin.py:188} INFO - [2025-05-31T21:08:43.916-0300] {dagbag.py:538} INFO - Filling up the DagBag from /home/walterg/Documentos/Data_projects/Data-Warehouse-postgres-DBT-airflow-/.venv/lib/python3.11/site-packages/airflow/example_dags/subdags/subdag.py
[2025-05-31T21:08:43.919-0300] {processor.py:842} WARNING - No viable dags retrieved from /home/walterg/Documentos/Data_projects/Data-Warehouse-postgres-DBT-airflow-/.venv/lib/python3.11/site-packages/airflow/example_dags/subdags/subdag.py
[2025-05-31T21:08:43.927-0300] {processor.py:183} INFO - Processing /home/walterg/Documentos/Data_projects/Data-Warehouse-postgres-DBT-airflow-/.venv/lib/python3.11/site-packages/airflow/example_dags/subdags/subdag.py took 0.019 seconds
[2025-05-31T21:09:18.996-0300] {processor.py:161} INFO - Started process (PID=35399) to work on /home/walterg/Documentos/Data_projects/Data-Warehouse-postgres-DBT-airflow-/.venv/lib/python3.11/site-packages/airflow/example_dags/subdags/subdag.py
[2025-05-31T21:09:19.001-0300] {processor.py:830} INFO - Processing file /home/walterg/Documentos/Data_projects/Data-Warehouse-postgres-DBT-airflow-/.venv/lib/python3.11/site-packages/airflow/example_dags/subdags/subdag.py for tasks to queue
[2025-05-31T21:09:19.002-0300] {logging_mixin.py:188} INFO - [2025-05-31T21:09:19.002-0300] {dagbag.py:538} INFO - Filling up the DagBag from /home/walterg/Documentos/Data_projects/Data-Warehouse-postgres-DBT-airflow-/.venv/lib/python3.11/site-packages/airflow/example_dags/subdags/subdag.py
[2025-05-31T21:09:19.004-0300] {processor.py:842} WARNING - No viable dags retrieved from /home/walterg/Documentos/Data_projects/Data-Warehouse-postgres-DBT-airflow-/.venv/lib/python3.11/site-packages/airflow/example_dags/subdags/subdag.py
[2025-05-31T21:09:19.012-0300] {processor.py:183} INFO - Processing /home/walterg/Documentos/Data_projects/Data-Warehouse-postgres-DBT-airflow-/.venv/lib/python3.11/site-packages/airflow/example_dags/subdags/subdag.py took 0.019 seconds
[2025-05-31T21:10:01.727-0300] {processor.py:161} INFO - Started process (PID=35532) to work on /home/walterg/Documentos/Data_projects/Data-Warehouse-postgres-DBT-airflow-/.venv/lib/python3.11/site-packages/airflow/example_dags/subdags/subdag.py
[2025-05-31T21:10:01.732-0300] {processor.py:830} INFO - Processing file /home/walterg/Documentos/Data_projects/Data-Warehouse-postgres-DBT-airflow-/.venv/lib/python3.11/site-packages/airflow/example_dags/subdags/subdag.py for tasks to queue
[2025-05-31T21:10:01.733-0300] {logging_mixin.py:188} INFO - [2025-05-31T21:10:01.733-0300] {dagbag.py:538} INFO - Filling up the DagBag from /home/walterg/Documentos/Data_projects/Data-Warehouse-postgres-DBT-airflow-/.venv/lib/python3.11/site-packages/airflow/example_dags/subdags/subdag.py
[2025-05-31T21:10:01.735-0300] {processor.py:842} WARNING - No viable dags retrieved from /home/walterg/Documentos/Data_projects/Data-Warehouse-postgres-DBT-airflow-/.venv/lib/python3.11/site-packages/airflow/example_dags/subdags/subdag.py
[2025-05-31T21:10:01.743-0300] {processor.py:183} INFO - Processing /home/walterg/Documentos/Data_projects/Data-Warehouse-postgres-DBT-airflow-/.venv/lib/python3.11/site-packages/airflow/example_dags/subdags/subdag.py took 0.019 seconds
[2025-05-31T21:10:46.974-0300] {processor.py:161} INFO - Started process (PID=35806) to work on /home/walterg/Documentos/Data_projects/Data-Warehouse-postgres-DBT-airflow-/.venv/lib/python3.11/site-packages/airflow/example_dags/subdags/subdag.py
[2025-05-31T21:10:46.979-0300] {processor.py:830} INFO - Processing file /home/walterg/Documentos/Data_projects/Data-Warehouse-postgres-DBT-airflow-/.venv/lib/python3.11/site-packages/airflow/example_dags/subdags/subdag.py for tasks to queue
[2025-05-31T21:10:46.981-0300] {logging_mixin.py:188} INFO - [2025-05-31T21:10:46.980-0300] {dagbag.py:538} INFO - Filling up the DagBag from /home/walterg/Documentos/Data_projects/Data-Warehouse-postgres-DBT-airflow-/.venv/lib/python3.11/site-packages/airflow/example_dags/subdags/subdag.py
[2025-05-31T21:10:46.983-0300] {processor.py:842} WARNING - No viable dags retrieved from /home/walterg/Documentos/Data_projects/Data-Warehouse-postgres-DBT-airflow-/.venv/lib/python3.11/site-packages/airflow/example_dags/subdags/subdag.py
[2025-05-31T21:10:46.991-0300] {processor.py:183} INFO - Processing /home/walterg/Documentos/Data_projects/Data-Warehouse-postgres-DBT-airflow-/.venv/lib/python3.11/site-packages/airflow/example_dags/subdags/subdag.py took 0.019 seconds
[2025-05-31T21:11:27.983-0300] {processor.py:161} INFO - Started process (PID=36063) to work on /home/walterg/Documentos/Data_projects/Data-Warehouse-postgres-DBT-airflow-/.venv/lib/python3.11/site-packages/airflow/example_dags/subdags/subdag.py
[2025-05-31T21:11:27.988-0300] {processor.py:830} INFO - Processing file /home/walterg/Documentos/Data_projects/Data-Warehouse-postgres-DBT-airflow-/.venv/lib/python3.11/site-packages/airflow/example_dags/subdags/subdag.py for tasks to queue
[2025-05-31T21:11:27.989-0300] {logging_mixin.py:188} INFO - [2025-05-31T21:11:27.989-0300] {dagbag.py:538} INFO - Filling up the DagBag from /home/walterg/Documentos/Data_projects/Data-Warehouse-postgres-DBT-airflow-/.venv/lib/python3.11/site-packages/airflow/example_dags/subdags/subdag.py
[2025-05-31T21:11:27.991-0300] {processor.py:842} WARNING - No viable dags retrieved from /home/walterg/Documentos/Data_projects/Data-Warehouse-postgres-DBT-airflow-/.venv/lib/python3.11/site-packages/airflow/example_dags/subdags/subdag.py
[2025-05-31T21:11:28.001-0300] {processor.py:183} INFO - Processing /home/walterg/Documentos/Data_projects/Data-Warehouse-postgres-DBT-airflow-/.venv/lib/python3.11/site-packages/airflow/example_dags/subdags/subdag.py took 0.020 seconds
[2025-05-31T21:12:13.474-0300] {processor.py:161} INFO - Started process (PID=36274) to work on /home/walterg/Documentos/Data_projects/Data-Warehouse-postgres-DBT-airflow-/.venv/lib/python3.11/site-packages/airflow/example_dags/subdags/subdag.py
[2025-05-31T21:12:13.475-0300] {processor.py:830} INFO - Processing file /home/walterg/Documentos/Data_projects/Data-Warehouse-postgres-DBT-airflow-/.venv/lib/python3.11/site-packages/airflow/example_dags/subdags/subdag.py for tasks to queue
[2025-05-31T21:12:13.476-0300] {logging_mixin.py:188} INFO - [2025-05-31T21:12:13.476-0300] {dagbag.py:538} INFO - Filling up the DagBag from /home/walterg/Documentos/Data_projects/Data-Warehouse-postgres-DBT-airflow-/.venv/lib/python3.11/site-packages/airflow/example_dags/subdags/subdag.py
[2025-05-31T21:12:13.478-0300] {processor.py:842} WARNING - No viable dags retrieved from /home/walterg/Documentos/Data_projects/Data-Warehouse-postgres-DBT-airflow-/.venv/lib/python3.11/site-packages/airflow/example_dags/subdags/subdag.py
[2025-05-31T21:12:13.486-0300] {processor.py:183} INFO - Processing /home/walterg/Documentos/Data_projects/Data-Warehouse-postgres-DBT-airflow-/.venv/lib/python3.11/site-packages/airflow/example_dags/subdags/subdag.py took 0.014 seconds
[2025-05-31T21:12:53.653-0300] {processor.py:161} INFO - Started process (PID=36400) to work on /home/walterg/Documentos/Data_projects/Data-Warehouse-postgres-DBT-airflow-/.venv/lib/python3.11/site-packages/airflow/example_dags/subdags/subdag.py
[2025-05-31T21:12:53.659-0300] {processor.py:830} INFO - Processing file /home/walterg/Documentos/Data_projects/Data-Warehouse-postgres-DBT-airflow-/.venv/lib/python3.11/site-packages/airflow/example_dags/subdags/subdag.py for tasks to queue
[2025-05-31T21:12:53.659-0300] {logging_mixin.py:188} INFO - [2025-05-31T21:12:53.659-0300] {dagbag.py:538} INFO - Filling up the DagBag from /home/walterg/Documentos/Data_projects/Data-Warehouse-postgres-DBT-airflow-/.venv/lib/python3.11/site-packages/airflow/example_dags/subdags/subdag.py
[2025-05-31T21:12:53.661-0300] {processor.py:842} WARNING - No viable dags retrieved from /home/walterg/Documentos/Data_projects/Data-Warehouse-postgres-DBT-airflow-/.venv/lib/python3.11/site-packages/airflow/example_dags/subdags/subdag.py
[2025-05-31T21:12:53.670-0300] {processor.py:183} INFO - Processing /home/walterg/Documentos/Data_projects/Data-Warehouse-postgres-DBT-airflow-/.venv/lib/python3.11/site-packages/airflow/example_dags/subdags/subdag.py took 0.018 seconds
[2025-05-31T21:13:37.492-0300] {processor.py:161} INFO - Started process (PID=36566) to work on /home/walterg/Documentos/Data_projects/Data-Warehouse-postgres-DBT-airflow-/.venv/lib/python3.11/site-packages/airflow/example_dags/subdags/subdag.py
[2025-05-31T21:13:37.497-0300] {processor.py:830} INFO - Processing file /home/walterg/Documentos/Data_projects/Data-Warehouse-postgres-DBT-airflow-/.venv/lib/python3.11/site-packages/airflow/example_dags/subdags/subdag.py for tasks to queue
[2025-05-31T21:13:37.498-0300] {logging_mixin.py:188} INFO - [2025-05-31T21:13:37.498-0300] {dagbag.py:538} INFO - Filling up the DagBag from /home/walterg/Documentos/Data_projects/Data-Warehouse-postgres-DBT-airflow-/.venv/lib/python3.11/site-packages/airflow/example_dags/subdags/subdag.py
[2025-05-31T21:13:37.499-0300] {processor.py:842} WARNING - No viable dags retrieved from /home/walterg/Documentos/Data_projects/Data-Warehouse-postgres-DBT-airflow-/.venv/lib/python3.11/site-packages/airflow/example_dags/subdags/subdag.py
[2025-05-31T21:13:37.508-0300] {processor.py:183} INFO - Processing /home/walterg/Documentos/Data_projects/Data-Warehouse-postgres-DBT-airflow-/.venv/lib/python3.11/site-packages/airflow/example_dags/subdags/subdag.py took 0.019 seconds
[2025-05-31T21:14:21.690-0300] {processor.py:161} INFO - Started process (PID=36846) to work on /home/walterg/Documentos/Data_projects/Data-Warehouse-postgres-DBT-airflow-/.venv/lib/python3.11/site-packages/airflow/example_dags/subdags/subdag.py
[2025-05-31T21:14:21.695-0300] {processor.py:830} INFO - Processing file /home/walterg/Documentos/Data_projects/Data-Warehouse-postgres-DBT-airflow-/.venv/lib/python3.11/site-packages/airflow/example_dags/subdags/subdag.py for tasks to queue
[2025-05-31T21:14:21.696-0300] {logging_mixin.py:188} INFO - [2025-05-31T21:14:21.696-0300] {dagbag.py:538} INFO - Filling up the DagBag from /home/walterg/Documentos/Data_projects/Data-Warehouse-postgres-DBT-airflow-/.venv/lib/python3.11/site-packages/airflow/example_dags/subdags/subdag.py
[2025-05-31T21:14:21.698-0300] {processor.py:842} WARNING - No viable dags retrieved from /home/walterg/Documentos/Data_projects/Data-Warehouse-postgres-DBT-airflow-/.venv/lib/python3.11/site-packages/airflow/example_dags/subdags/subdag.py
[2025-05-31T21:14:21.706-0300] {processor.py:183} INFO - Processing /home/walterg/Documentos/Data_projects/Data-Warehouse-postgres-DBT-airflow-/.venv/lib/python3.11/site-packages/airflow/example_dags/subdags/subdag.py took 0.019 seconds
[2025-05-31T21:15:00.491-0300] {processor.py:161} INFO - Started process (PID=37012) to work on /home/walterg/Documentos/Data_projects/Data-Warehouse-postgres-DBT-airflow-/.venv/lib/python3.11/site-packages/airflow/example_dags/subdags/subdag.py
[2025-05-31T21:15:00.497-0300] {processor.py:830} INFO - Processing file /home/walterg/Documentos/Data_projects/Data-Warehouse-postgres-DBT-airflow-/.venv/lib/python3.11/site-packages/airflow/example_dags/subdags/subdag.py for tasks to queue
[2025-05-31T21:15:00.498-0300] {logging_mixin.py:188} INFO - [2025-05-31T21:15:00.497-0300] {dagbag.py:538} INFO - Filling up the DagBag from /home/walterg/Documentos/Data_projects/Data-Warehouse-postgres-DBT-airflow-/.venv/lib/python3.11/site-packages/airflow/example_dags/subdags/subdag.py
[2025-05-31T21:15:00.499-0300] {processor.py:842} WARNING - No viable dags retrieved from /home/walterg/Documentos/Data_projects/Data-Warehouse-postgres-DBT-airflow-/.venv/lib/python3.11/site-packages/airflow/example_dags/subdags/subdag.py
[2025-05-31T21:15:00.508-0300] {processor.py:183} INFO - Processing /home/walterg/Documentos/Data_projects/Data-Warehouse-postgres-DBT-airflow-/.venv/lib/python3.11/site-packages/airflow/example_dags/subdags/subdag.py took 0.019 seconds
[2025-05-31T21:15:42.786-0300] {processor.py:161} INFO - Started process (PID=37287) to work on /home/walterg/Documentos/Data_projects/Data-Warehouse-postgres-DBT-airflow-/.venv/lib/python3.11/site-packages/airflow/example_dags/subdags/subdag.py
[2025-05-31T21:15:42.791-0300] {processor.py:830} INFO - Processing file /home/walterg/Documentos/Data_projects/Data-Warehouse-postgres-DBT-airflow-/.venv/lib/python3.11/site-packages/airflow/example_dags/subdags/subdag.py for tasks to queue
[2025-05-31T21:15:42.793-0300] {logging_mixin.py:188} INFO - [2025-05-31T21:15:42.792-0300] {dagbag.py:538} INFO - Filling up the DagBag from /home/walterg/Documentos/Data_projects/Data-Warehouse-postgres-DBT-airflow-/.venv/lib/python3.11/site-packages/airflow/example_dags/subdags/subdag.py
[2025-05-31T21:15:42.795-0300] {processor.py:842} WARNING - No viable dags retrieved from /home/walterg/Documentos/Data_projects/Data-Warehouse-postgres-DBT-airflow-/.venv/lib/python3.11/site-packages/airflow/example_dags/subdags/subdag.py
[2025-05-31T21:15:42.803-0300] {processor.py:183} INFO - Processing /home/walterg/Documentos/Data_projects/Data-Warehouse-postgres-DBT-airflow-/.venv/lib/python3.11/site-packages/airflow/example_dags/subdags/subdag.py took 0.020 seconds
[2025-05-31T21:16:20.951-0300] {processor.py:161} INFO - Started process (PID=37557) to work on /home/walterg/Documentos/Data_projects/Data-Warehouse-postgres-DBT-airflow-/.venv/lib/python3.11/site-packages/airflow/example_dags/subdags/subdag.py
[2025-05-31T21:16:20.957-0300] {processor.py:830} INFO - Processing file /home/walterg/Documentos/Data_projects/Data-Warehouse-postgres-DBT-airflow-/.venv/lib/python3.11/site-packages/airflow/example_dags/subdags/subdag.py for tasks to queue
[2025-05-31T21:16:20.958-0300] {logging_mixin.py:188} INFO - [2025-05-31T21:16:20.957-0300] {dagbag.py:538} INFO - Filling up the DagBag from /home/walterg/Documentos/Data_projects/Data-Warehouse-postgres-DBT-airflow-/.venv/lib/python3.11/site-packages/airflow/example_dags/subdags/subdag.py
[2025-05-31T21:16:20.960-0300] {processor.py:842} WARNING - No viable dags retrieved from /home/walterg/Documentos/Data_projects/Data-Warehouse-postgres-DBT-airflow-/.venv/lib/python3.11/site-packages/airflow/example_dags/subdags/subdag.py
[2025-05-31T21:16:20.968-0300] {processor.py:183} INFO - Processing /home/walterg/Documentos/Data_projects/Data-Warehouse-postgres-DBT-airflow-/.venv/lib/python3.11/site-packages/airflow/example_dags/subdags/subdag.py took 0.019 seconds
[2025-05-31T21:17:06.027-0300] {processor.py:161} INFO - Started process (PID=37758) to work on /home/walterg/Documentos/Data_projects/Data-Warehouse-postgres-DBT-airflow-/.venv/lib/python3.11/site-packages/airflow/example_dags/subdags/subdag.py
[2025-05-31T21:17:06.031-0300] {processor.py:830} INFO - Processing file /home/walterg/Documentos/Data_projects/Data-Warehouse-postgres-DBT-airflow-/.venv/lib/python3.11/site-packages/airflow/example_dags/subdags/subdag.py for tasks to queue
[2025-05-31T21:17:06.033-0300] {logging_mixin.py:188} INFO - [2025-05-31T21:17:06.032-0300] {dagbag.py:538} INFO - Filling up the DagBag from /home/walterg/Documentos/Data_projects/Data-Warehouse-postgres-DBT-airflow-/.venv/lib/python3.11/site-packages/airflow/example_dags/subdags/subdag.py
[2025-05-31T21:17:06.035-0300] {processor.py:842} WARNING - No viable dags retrieved from /home/walterg/Documentos/Data_projects/Data-Warehouse-postgres-DBT-airflow-/.venv/lib/python3.11/site-packages/airflow/example_dags/subdags/subdag.py
[2025-05-31T21:17:06.044-0300] {processor.py:183} INFO - Processing /home/walterg/Documentos/Data_projects/Data-Warehouse-postgres-DBT-airflow-/.venv/lib/python3.11/site-packages/airflow/example_dags/subdags/subdag.py took 0.020 seconds
[2025-05-31T21:17:50.883-0300] {processor.py:161} INFO - Started process (PID=37923) to work on /home/walterg/Documentos/Data_projects/Data-Warehouse-postgres-DBT-airflow-/.venv/lib/python3.11/site-packages/airflow/example_dags/subdags/subdag.py
[2025-05-31T21:17:50.884-0300] {processor.py:830} INFO - Processing file /home/walterg/Documentos/Data_projects/Data-Warehouse-postgres-DBT-airflow-/.venv/lib/python3.11/site-packages/airflow/example_dags/subdags/subdag.py for tasks to queue
[2025-05-31T21:17:50.885-0300] {logging_mixin.py:188} INFO - [2025-05-31T21:17:50.884-0300] {dagbag.py:538} INFO - Filling up the DagBag from /home/walterg/Documentos/Data_projects/Data-Warehouse-postgres-DBT-airflow-/.venv/lib/python3.11/site-packages/airflow/example_dags/subdags/subdag.py
[2025-05-31T21:17:50.886-0300] {processor.py:842} WARNING - No viable dags retrieved from /home/walterg/Documentos/Data_projects/Data-Warehouse-postgres-DBT-airflow-/.venv/lib/python3.11/site-packages/airflow/example_dags/subdags/subdag.py
[2025-05-31T21:17:50.895-0300] {processor.py:183} INFO - Processing /home/walterg/Documentos/Data_projects/Data-Warehouse-postgres-DBT-airflow-/.venv/lib/python3.11/site-packages/airflow/example_dags/subdags/subdag.py took 0.014 seconds
[2025-05-31T21:18:37.431-0300] {processor.py:161} INFO - Started process (PID=38119) to work on /home/walterg/Documentos/Data_projects/Data-Warehouse-postgres-DBT-airflow-/.venv/lib/python3.11/site-packages/airflow/example_dags/subdags/subdag.py
[2025-05-31T21:18:37.435-0300] {processor.py:830} INFO - Processing file /home/walterg/Documentos/Data_projects/Data-Warehouse-postgres-DBT-airflow-/.venv/lib/python3.11/site-packages/airflow/example_dags/subdags/subdag.py for tasks to queue
[2025-05-31T21:18:37.436-0300] {logging_mixin.py:188} INFO - [2025-05-31T21:18:37.436-0300] {dagbag.py:538} INFO - Filling up the DagBag from /home/walterg/Documentos/Data_projects/Data-Warehouse-postgres-DBT-airflow-/.venv/lib/python3.11/site-packages/airflow/example_dags/subdags/subdag.py
[2025-05-31T21:18:37.438-0300] {processor.py:842} WARNING - No viable dags retrieved from /home/walterg/Documentos/Data_projects/Data-Warehouse-postgres-DBT-airflow-/.venv/lib/python3.11/site-packages/airflow/example_dags/subdags/subdag.py
[2025-05-31T21:18:37.446-0300] {processor.py:183} INFO - Processing /home/walterg/Documentos/Data_projects/Data-Warehouse-postgres-DBT-airflow-/.venv/lib/python3.11/site-packages/airflow/example_dags/subdags/subdag.py took 0.018 seconds
[2025-05-31T21:19:18.982-0300] {processor.py:161} INFO - Started process (PID=38340) to work on /home/walterg/Documentos/Data_projects/Data-Warehouse-postgres-DBT-airflow-/.venv/lib/python3.11/site-packages/airflow/example_dags/subdags/subdag.py
[2025-05-31T21:19:18.987-0300] {processor.py:830} INFO - Processing file /home/walterg/Documentos/Data_projects/Data-Warehouse-postgres-DBT-airflow-/.venv/lib/python3.11/site-packages/airflow/example_dags/subdags/subdag.py for tasks to queue
[2025-05-31T21:19:18.989-0300] {logging_mixin.py:188} INFO - [2025-05-31T21:19:18.988-0300] {dagbag.py:538} INFO - Filling up the DagBag from /home/walterg/Documentos/Data_projects/Data-Warehouse-postgres-DBT-airflow-/.venv/lib/python3.11/site-packages/airflow/example_dags/subdags/subdag.py
[2025-05-31T21:19:18.991-0300] {processor.py:842} WARNING - No viable dags retrieved from /home/walterg/Documentos/Data_projects/Data-Warehouse-postgres-DBT-airflow-/.venv/lib/python3.11/site-packages/airflow/example_dags/subdags/subdag.py
[2025-05-31T21:19:19.000-0300] {processor.py:183} INFO - Processing /home/walterg/Documentos/Data_projects/Data-Warehouse-postgres-DBT-airflow-/.venv/lib/python3.11/site-packages/airflow/example_dags/subdags/subdag.py took 0.021 seconds
[2025-05-31T21:19:58.865-0300] {processor.py:161} INFO - Started process (PID=38450) to work on /home/walterg/Documentos/Data_projects/Data-Warehouse-postgres-DBT-airflow-/.venv/lib/python3.11/site-packages/airflow/example_dags/subdags/subdag.py
[2025-05-31T21:19:58.870-0300] {processor.py:830} INFO - Processing file /home/walterg/Documentos/Data_projects/Data-Warehouse-postgres-DBT-airflow-/.venv/lib/python3.11/site-packages/airflow/example_dags/subdags/subdag.py for tasks to queue
[2025-05-31T21:19:58.872-0300] {logging_mixin.py:188} INFO - [2025-05-31T21:19:58.871-0300] {dagbag.py:538} INFO - Filling up the DagBag from /home/walterg/Documentos/Data_projects/Data-Warehouse-postgres-DBT-airflow-/.venv/lib/python3.11/site-packages/airflow/example_dags/subdags/subdag.py
[2025-05-31T21:19:58.873-0300] {processor.py:842} WARNING - No viable dags retrieved from /home/walterg/Documentos/Data_projects/Data-Warehouse-postgres-DBT-airflow-/.venv/lib/python3.11/site-packages/airflow/example_dags/subdags/subdag.py
[2025-05-31T21:19:58.882-0300] {processor.py:183} INFO - Processing /home/walterg/Documentos/Data_projects/Data-Warehouse-postgres-DBT-airflow-/.venv/lib/python3.11/site-packages/airflow/example_dags/subdags/subdag.py took 0.019 seconds
[2025-05-31T21:20:42.518-0300] {processor.py:161} INFO - Started process (PID=38629) to work on /home/walterg/Documentos/Data_projects/Data-Warehouse-postgres-DBT-airflow-/.venv/lib/python3.11/site-packages/airflow/example_dags/subdags/subdag.py
[2025-05-31T21:20:42.523-0300] {processor.py:830} INFO - Processing file /home/walterg/Documentos/Data_projects/Data-Warehouse-postgres-DBT-airflow-/.venv/lib/python3.11/site-packages/airflow/example_dags/subdags/subdag.py for tasks to queue
[2025-05-31T21:20:42.524-0300] {logging_mixin.py:188} INFO - [2025-05-31T21:20:42.523-0300] {dagbag.py:538} INFO - Filling up the DagBag from /home/walterg/Documentos/Data_projects/Data-Warehouse-postgres-DBT-airflow-/.venv/lib/python3.11/site-packages/airflow/example_dags/subdags/subdag.py
[2025-05-31T21:20:42.526-0300] {processor.py:842} WARNING - No viable dags retrieved from /home/walterg/Documentos/Data_projects/Data-Warehouse-postgres-DBT-airflow-/.venv/lib/python3.11/site-packages/airflow/example_dags/subdags/subdag.py
[2025-05-31T21:20:42.535-0300] {processor.py:183} INFO - Processing /home/walterg/Documentos/Data_projects/Data-Warehouse-postgres-DBT-airflow-/.venv/lib/python3.11/site-packages/airflow/example_dags/subdags/subdag.py took 0.020 seconds
[2025-05-31T21:21:21.016-0300] {processor.py:161} INFO - Started process (PID=38845) to work on /home/walterg/Documentos/Data_projects/Data-Warehouse-postgres-DBT-airflow-/.venv/lib/python3.11/site-packages/airflow/example_dags/subdags/subdag.py
[2025-05-31T21:21:21.021-0300] {processor.py:830} INFO - Processing file /home/walterg/Documentos/Data_projects/Data-Warehouse-postgres-DBT-airflow-/.venv/lib/python3.11/site-packages/airflow/example_dags/subdags/subdag.py for tasks to queue
[2025-05-31T21:21:21.023-0300] {logging_mixin.py:188} INFO - [2025-05-31T21:21:21.022-0300] {dagbag.py:538} INFO - Filling up the DagBag from /home/walterg/Documentos/Data_projects/Data-Warehouse-postgres-DBT-airflow-/.venv/lib/python3.11/site-packages/airflow/example_dags/subdags/subdag.py
[2025-05-31T21:21:21.025-0300] {processor.py:842} WARNING - No viable dags retrieved from /home/walterg/Documentos/Data_projects/Data-Warehouse-postgres-DBT-airflow-/.venv/lib/python3.11/site-packages/airflow/example_dags/subdags/subdag.py
[2025-05-31T21:21:21.038-0300] {processor.py:183} INFO - Processing /home/walterg/Documentos/Data_projects/Data-Warehouse-postgres-DBT-airflow-/.venv/lib/python3.11/site-packages/airflow/example_dags/subdags/subdag.py took 0.024 seconds
[2025-05-31T21:22:05.557-0300] {processor.py:161} INFO - Started process (PID=39104) to work on /home/walterg/Documentos/Data_projects/Data-Warehouse-postgres-DBT-airflow-/.venv/lib/python3.11/site-packages/airflow/example_dags/subdags/subdag.py
[2025-05-31T21:22:05.558-0300] {processor.py:830} INFO - Processing file /home/walterg/Documentos/Data_projects/Data-Warehouse-postgres-DBT-airflow-/.venv/lib/python3.11/site-packages/airflow/example_dags/subdags/subdag.py for tasks to queue
[2025-05-31T21:22:05.559-0300] {logging_mixin.py:188} INFO - [2025-05-31T21:22:05.559-0300] {dagbag.py:538} INFO - Filling up the DagBag from /home/walterg/Documentos/Data_projects/Data-Warehouse-postgres-DBT-airflow-/.venv/lib/python3.11/site-packages/airflow/example_dags/subdags/subdag.py
[2025-05-31T21:22:05.561-0300] {processor.py:842} WARNING - No viable dags retrieved from /home/walterg/Documentos/Data_projects/Data-Warehouse-postgres-DBT-airflow-/.venv/lib/python3.11/site-packages/airflow/example_dags/subdags/subdag.py
[2025-05-31T21:22:05.570-0300] {processor.py:183} INFO - Processing /home/walterg/Documentos/Data_projects/Data-Warehouse-postgres-DBT-airflow-/.venv/lib/python3.11/site-packages/airflow/example_dags/subdags/subdag.py took 0.016 seconds
[2025-05-31T21:22:46.907-0300] {processor.py:161} INFO - Started process (PID=39348) to work on /home/walterg/Documentos/Data_projects/Data-Warehouse-postgres-DBT-airflow-/.venv/lib/python3.11/site-packages/airflow/example_dags/subdags/subdag.py
[2025-05-31T21:22:46.909-0300] {processor.py:830} INFO - Processing file /home/walterg/Documentos/Data_projects/Data-Warehouse-postgres-DBT-airflow-/.venv/lib/python3.11/site-packages/airflow/example_dags/subdags/subdag.py for tasks to queue
[2025-05-31T21:22:46.909-0300] {logging_mixin.py:188} INFO - [2025-05-31T21:22:46.909-0300] {dagbag.py:538} INFO - Filling up the DagBag from /home/walterg/Documentos/Data_projects/Data-Warehouse-postgres-DBT-airflow-/.venv/lib/python3.11/site-packages/airflow/example_dags/subdags/subdag.py
[2025-05-31T21:22:46.911-0300] {processor.py:842} WARNING - No viable dags retrieved from /home/walterg/Documentos/Data_projects/Data-Warehouse-postgres-DBT-airflow-/.venv/lib/python3.11/site-packages/airflow/example_dags/subdags/subdag.py
[2025-05-31T21:22:46.921-0300] {processor.py:183} INFO - Processing /home/walterg/Documentos/Data_projects/Data-Warehouse-postgres-DBT-airflow-/.venv/lib/python3.11/site-packages/airflow/example_dags/subdags/subdag.py took 0.017 seconds
[2025-05-31T21:23:32.262-0300] {processor.py:161} INFO - Started process (PID=39557) to work on /home/walterg/Documentos/Data_projects/Data-Warehouse-postgres-DBT-airflow-/.venv/lib/python3.11/site-packages/airflow/example_dags/subdags/subdag.py
[2025-05-31T21:23:32.267-0300] {processor.py:830} INFO - Processing file /home/walterg/Documentos/Data_projects/Data-Warehouse-postgres-DBT-airflow-/.venv/lib/python3.11/site-packages/airflow/example_dags/subdags/subdag.py for tasks to queue
[2025-05-31T21:23:32.268-0300] {logging_mixin.py:188} INFO - [2025-05-31T21:23:32.268-0300] {dagbag.py:538} INFO - Filling up the DagBag from /home/walterg/Documentos/Data_projects/Data-Warehouse-postgres-DBT-airflow-/.venv/lib/python3.11/site-packages/airflow/example_dags/subdags/subdag.py
[2025-05-31T21:23:32.270-0300] {processor.py:842} WARNING - No viable dags retrieved from /home/walterg/Documentos/Data_projects/Data-Warehouse-postgres-DBT-airflow-/.venv/lib/python3.11/site-packages/airflow/example_dags/subdags/subdag.py
[2025-05-31T21:23:32.279-0300] {processor.py:183} INFO - Processing /home/walterg/Documentos/Data_projects/Data-Warehouse-postgres-DBT-airflow-/.venv/lib/python3.11/site-packages/airflow/example_dags/subdags/subdag.py took 0.019 seconds
[2025-05-31T21:24:18.669-0300] {processor.py:161} INFO - Started process (PID=39735) to work on /home/walterg/Documentos/Data_projects/Data-Warehouse-postgres-DBT-airflow-/.venv/lib/python3.11/site-packages/airflow/example_dags/subdags/subdag.py
[2025-05-31T21:24:18.675-0300] {processor.py:830} INFO - Processing file /home/walterg/Documentos/Data_projects/Data-Warehouse-postgres-DBT-airflow-/.venv/lib/python3.11/site-packages/airflow/example_dags/subdags/subdag.py for tasks to queue
[2025-05-31T21:24:18.676-0300] {logging_mixin.py:188} INFO - [2025-05-31T21:24:18.675-0300] {dagbag.py:538} INFO - Filling up the DagBag from /home/walterg/Documentos/Data_projects/Data-Warehouse-postgres-DBT-airflow-/.venv/lib/python3.11/site-packages/airflow/example_dags/subdags/subdag.py
[2025-05-31T21:24:18.678-0300] {processor.py:842} WARNING - No viable dags retrieved from /home/walterg/Documentos/Data_projects/Data-Warehouse-postgres-DBT-airflow-/.venv/lib/python3.11/site-packages/airflow/example_dags/subdags/subdag.py
[2025-05-31T21:24:18.686-0300] {processor.py:183} INFO - Processing /home/walterg/Documentos/Data_projects/Data-Warehouse-postgres-DBT-airflow-/.venv/lib/python3.11/site-packages/airflow/example_dags/subdags/subdag.py took 0.020 seconds
[2025-05-31T21:25:10.344-0300] {processor.py:161} INFO - Started process (PID=39956) to work on /home/walterg/Documentos/Data_projects/Data-Warehouse-postgres-DBT-airflow-/.venv/lib/python3.11/site-packages/airflow/example_dags/subdags/subdag.py
[2025-05-31T21:25:10.349-0300] {processor.py:830} INFO - Processing file /home/walterg/Documentos/Data_projects/Data-Warehouse-postgres-DBT-airflow-/.venv/lib/python3.11/site-packages/airflow/example_dags/subdags/subdag.py for tasks to queue
[2025-05-31T21:25:10.350-0300] {logging_mixin.py:188} INFO - [2025-05-31T21:25:10.349-0300] {dagbag.py:538} INFO - Filling up the DagBag from /home/walterg/Documentos/Data_projects/Data-Warehouse-postgres-DBT-airflow-/.venv/lib/python3.11/site-packages/airflow/example_dags/subdags/subdag.py
[2025-05-31T21:25:10.352-0300] {processor.py:842} WARNING - No viable dags retrieved from /home/walterg/Documentos/Data_projects/Data-Warehouse-postgres-DBT-airflow-/.venv/lib/python3.11/site-packages/airflow/example_dags/subdags/subdag.py
[2025-05-31T21:25:10.362-0300] {processor.py:183} INFO - Processing /home/walterg/Documentos/Data_projects/Data-Warehouse-postgres-DBT-airflow-/.venv/lib/python3.11/site-packages/airflow/example_dags/subdags/subdag.py took 0.022 seconds
[2025-05-31T21:25:51.549-0300] {processor.py:161} INFO - Started process (PID=40280) to work on /home/walterg/Documentos/Data_projects/Data-Warehouse-postgres-DBT-airflow-/.venv/lib/python3.11/site-packages/airflow/example_dags/subdags/subdag.py
[2025-05-31T21:25:51.554-0300] {processor.py:830} INFO - Processing file /home/walterg/Documentos/Data_projects/Data-Warehouse-postgres-DBT-airflow-/.venv/lib/python3.11/site-packages/airflow/example_dags/subdags/subdag.py for tasks to queue
[2025-05-31T21:25:51.555-0300] {logging_mixin.py:188} INFO - [2025-05-31T21:25:51.555-0300] {dagbag.py:538} INFO - Filling up the DagBag from /home/walterg/Documentos/Data_projects/Data-Warehouse-postgres-DBT-airflow-/.venv/lib/python3.11/site-packages/airflow/example_dags/subdags/subdag.py
[2025-05-31T21:25:51.557-0300] {processor.py:842} WARNING - No viable dags retrieved from /home/walterg/Documentos/Data_projects/Data-Warehouse-postgres-DBT-airflow-/.venv/lib/python3.11/site-packages/airflow/example_dags/subdags/subdag.py
[2025-05-31T21:25:51.565-0300] {processor.py:183} INFO - Processing /home/walterg/Documentos/Data_projects/Data-Warehouse-postgres-DBT-airflow-/.venv/lib/python3.11/site-packages/airflow/example_dags/subdags/subdag.py took 0.019 seconds
[2025-05-31T21:26:30.288-0300] {processor.py:161} INFO - Started process (PID=40562) to work on /home/walterg/Documentos/Data_projects/Data-Warehouse-postgres-DBT-airflow-/.venv/lib/python3.11/site-packages/airflow/example_dags/subdags/subdag.py
[2025-05-31T21:26:30.293-0300] {processor.py:830} INFO - Processing file /home/walterg/Documentos/Data_projects/Data-Warehouse-postgres-DBT-airflow-/.venv/lib/python3.11/site-packages/airflow/example_dags/subdags/subdag.py for tasks to queue
[2025-05-31T21:26:30.295-0300] {logging_mixin.py:188} INFO - [2025-05-31T21:26:30.294-0300] {dagbag.py:538} INFO - Filling up the DagBag from /home/walterg/Documentos/Data_projects/Data-Warehouse-postgres-DBT-airflow-/.venv/lib/python3.11/site-packages/airflow/example_dags/subdags/subdag.py
[2025-05-31T21:26:30.297-0300] {processor.py:842} WARNING - No viable dags retrieved from /home/walterg/Documentos/Data_projects/Data-Warehouse-postgres-DBT-airflow-/.venv/lib/python3.11/site-packages/airflow/example_dags/subdags/subdag.py
[2025-05-31T21:26:30.307-0300] {processor.py:183} INFO - Processing /home/walterg/Documentos/Data_projects/Data-Warehouse-postgres-DBT-airflow-/.venv/lib/python3.11/site-packages/airflow/example_dags/subdags/subdag.py took 0.022 seconds
[2025-05-31T21:27:13.593-0300] {processor.py:161} INFO - Started process (PID=40826) to work on /home/walterg/Documentos/Data_projects/Data-Warehouse-postgres-DBT-airflow-/.venv/lib/python3.11/site-packages/airflow/example_dags/subdags/subdag.py
[2025-05-31T21:27:13.598-0300] {processor.py:830} INFO - Processing file /home/walterg/Documentos/Data_projects/Data-Warehouse-postgres-DBT-airflow-/.venv/lib/python3.11/site-packages/airflow/example_dags/subdags/subdag.py for tasks to queue
[2025-05-31T21:27:13.600-0300] {logging_mixin.py:188} INFO - [2025-05-31T21:27:13.599-0300] {dagbag.py:538} INFO - Filling up the DagBag from /home/walterg/Documentos/Data_projects/Data-Warehouse-postgres-DBT-airflow-/.venv/lib/python3.11/site-packages/airflow/example_dags/subdags/subdag.py
[2025-05-31T21:27:13.601-0300] {processor.py:842} WARNING - No viable dags retrieved from /home/walterg/Documentos/Data_projects/Data-Warehouse-postgres-DBT-airflow-/.venv/lib/python3.11/site-packages/airflow/example_dags/subdags/subdag.py
[2025-05-31T21:27:13.610-0300] {processor.py:183} INFO - Processing /home/walterg/Documentos/Data_projects/Data-Warehouse-postgres-DBT-airflow-/.venv/lib/python3.11/site-packages/airflow/example_dags/subdags/subdag.py took 0.019 seconds
[2025-05-31T21:27:51.908-0300] {processor.py:161} INFO - Started process (PID=41223) to work on /home/walterg/Documentos/Data_projects/Data-Warehouse-postgres-DBT-airflow-/.venv/lib/python3.11/site-packages/airflow/example_dags/subdags/subdag.py
[2025-05-31T21:27:51.913-0300] {processor.py:830} INFO - Processing file /home/walterg/Documentos/Data_projects/Data-Warehouse-postgres-DBT-airflow-/.venv/lib/python3.11/site-packages/airflow/example_dags/subdags/subdag.py for tasks to queue
[2025-05-31T21:27:51.913-0300] {logging_mixin.py:188} INFO - [2025-05-31T21:27:51.913-0300] {dagbag.py:538} INFO - Filling up the DagBag from /home/walterg/Documentos/Data_projects/Data-Warehouse-postgres-DBT-airflow-/.venv/lib/python3.11/site-packages/airflow/example_dags/subdags/subdag.py
[2025-05-31T21:27:51.915-0300] {processor.py:842} WARNING - No viable dags retrieved from /home/walterg/Documentos/Data_projects/Data-Warehouse-postgres-DBT-airflow-/.venv/lib/python3.11/site-packages/airflow/example_dags/subdags/subdag.py
[2025-05-31T21:27:51.923-0300] {processor.py:183} INFO - Processing /home/walterg/Documentos/Data_projects/Data-Warehouse-postgres-DBT-airflow-/.venv/lib/python3.11/site-packages/airflow/example_dags/subdags/subdag.py took 0.018 seconds
[2025-05-31T21:28:35.240-0300] {processor.py:161} INFO - Started process (PID=41408) to work on /home/walterg/Documentos/Data_projects/Data-Warehouse-postgres-DBT-airflow-/.venv/lib/python3.11/site-packages/airflow/example_dags/subdags/subdag.py
[2025-05-31T21:28:35.245-0300] {processor.py:830} INFO - Processing file /home/walterg/Documentos/Data_projects/Data-Warehouse-postgres-DBT-airflow-/.venv/lib/python3.11/site-packages/airflow/example_dags/subdags/subdag.py for tasks to queue
[2025-05-31T21:28:35.246-0300] {logging_mixin.py:188} INFO - [2025-05-31T21:28:35.246-0300] {dagbag.py:538} INFO - Filling up the DagBag from /home/walterg/Documentos/Data_projects/Data-Warehouse-postgres-DBT-airflow-/.venv/lib/python3.11/site-packages/airflow/example_dags/subdags/subdag.py
[2025-05-31T21:28:35.248-0300] {processor.py:842} WARNING - No viable dags retrieved from /home/walterg/Documentos/Data_projects/Data-Warehouse-postgres-DBT-airflow-/.venv/lib/python3.11/site-packages/airflow/example_dags/subdags/subdag.py
[2025-05-31T21:28:35.256-0300] {processor.py:183} INFO - Processing /home/walterg/Documentos/Data_projects/Data-Warehouse-postgres-DBT-airflow-/.venv/lib/python3.11/site-packages/airflow/example_dags/subdags/subdag.py took 0.019 seconds
[2025-05-31T21:29:15.322-0300] {processor.py:161} INFO - Started process (PID=41617) to work on /home/walterg/Documentos/Data_projects/Data-Warehouse-postgres-DBT-airflow-/.venv/lib/python3.11/site-packages/airflow/example_dags/subdags/subdag.py
[2025-05-31T21:29:15.327-0300] {processor.py:830} INFO - Processing file /home/walterg/Documentos/Data_projects/Data-Warehouse-postgres-DBT-airflow-/.venv/lib/python3.11/site-packages/airflow/example_dags/subdags/subdag.py for tasks to queue
[2025-05-31T21:29:15.328-0300] {logging_mixin.py:188} INFO - [2025-05-31T21:29:15.328-0300] {dagbag.py:538} INFO - Filling up the DagBag from /home/walterg/Documentos/Data_projects/Data-Warehouse-postgres-DBT-airflow-/.venv/lib/python3.11/site-packages/airflow/example_dags/subdags/subdag.py
[2025-05-31T21:29:15.329-0300] {processor.py:842} WARNING - No viable dags retrieved from /home/walterg/Documentos/Data_projects/Data-Warehouse-postgres-DBT-airflow-/.venv/lib/python3.11/site-packages/airflow/example_dags/subdags/subdag.py
[2025-05-31T21:29:15.338-0300] {processor.py:183} INFO - Processing /home/walterg/Documentos/Data_projects/Data-Warehouse-postgres-DBT-airflow-/.venv/lib/python3.11/site-packages/airflow/example_dags/subdags/subdag.py took 0.018 seconds
[2025-05-31T21:29:54.133-0300] {processor.py:161} INFO - Started process (PID=41714) to work on /home/walterg/Documentos/Data_projects/Data-Warehouse-postgres-DBT-airflow-/.venv/lib/python3.11/site-packages/airflow/example_dags/subdags/subdag.py
[2025-05-31T21:29:54.134-0300] {processor.py:830} INFO - Processing file /home/walterg/Documentos/Data_projects/Data-Warehouse-postgres-DBT-airflow-/.venv/lib/python3.11/site-packages/airflow/example_dags/subdags/subdag.py for tasks to queue
[2025-05-31T21:29:54.135-0300] {logging_mixin.py:188} INFO - [2025-05-31T21:29:54.135-0300] {dagbag.py:538} INFO - Filling up the DagBag from /home/walterg/Documentos/Data_projects/Data-Warehouse-postgres-DBT-airflow-/.venv/lib/python3.11/site-packages/airflow/example_dags/subdags/subdag.py
[2025-05-31T21:29:54.137-0300] {processor.py:842} WARNING - No viable dags retrieved from /home/walterg/Documentos/Data_projects/Data-Warehouse-postgres-DBT-airflow-/.venv/lib/python3.11/site-packages/airflow/example_dags/subdags/subdag.py
[2025-05-31T21:29:54.145-0300] {processor.py:183} INFO - Processing /home/walterg/Documentos/Data_projects/Data-Warehouse-postgres-DBT-airflow-/.venv/lib/python3.11/site-packages/airflow/example_dags/subdags/subdag.py took 0.015 seconds
[2025-05-31T21:30:34.675-0300] {processor.py:161} INFO - Started process (PID=41881) to work on /home/walterg/Documentos/Data_projects/Data-Warehouse-postgres-DBT-airflow-/.venv/lib/python3.11/site-packages/airflow/example_dags/subdags/subdag.py
[2025-05-31T21:30:34.680-0300] {processor.py:830} INFO - Processing file /home/walterg/Documentos/Data_projects/Data-Warehouse-postgres-DBT-airflow-/.venv/lib/python3.11/site-packages/airflow/example_dags/subdags/subdag.py for tasks to queue
[2025-05-31T21:30:34.682-0300] {logging_mixin.py:188} INFO - [2025-05-31T21:30:34.681-0300] {dagbag.py:538} INFO - Filling up the DagBag from /home/walterg/Documentos/Data_projects/Data-Warehouse-postgres-DBT-airflow-/.venv/lib/python3.11/site-packages/airflow/example_dags/subdags/subdag.py
[2025-05-31T21:30:34.684-0300] {processor.py:842} WARNING - No viable dags retrieved from /home/walterg/Documentos/Data_projects/Data-Warehouse-postgres-DBT-airflow-/.venv/lib/python3.11/site-packages/airflow/example_dags/subdags/subdag.py
[2025-05-31T21:30:34.694-0300] {processor.py:183} INFO - Processing /home/walterg/Documentos/Data_projects/Data-Warehouse-postgres-DBT-airflow-/.venv/lib/python3.11/site-packages/airflow/example_dags/subdags/subdag.py took 0.022 seconds
[2025-05-31T21:31:14.084-0300] {processor.py:161} INFO - Started process (PID=42108) to work on /home/walterg/Documentos/Data_projects/Data-Warehouse-postgres-DBT-airflow-/.venv/lib/python3.11/site-packages/airflow/example_dags/subdags/subdag.py
[2025-05-31T21:31:14.089-0300] {processor.py:830} INFO - Processing file /home/walterg/Documentos/Data_projects/Data-Warehouse-postgres-DBT-airflow-/.venv/lib/python3.11/site-packages/airflow/example_dags/subdags/subdag.py for tasks to queue
[2025-05-31T21:31:14.090-0300] {logging_mixin.py:188} INFO - [2025-05-31T21:31:14.090-0300] {dagbag.py:538} INFO - Filling up the DagBag from /home/walterg/Documentos/Data_projects/Data-Warehouse-postgres-DBT-airflow-/.venv/lib/python3.11/site-packages/airflow/example_dags/subdags/subdag.py
[2025-05-31T21:31:14.092-0300] {processor.py:842} WARNING - No viable dags retrieved from /home/walterg/Documentos/Data_projects/Data-Warehouse-postgres-DBT-airflow-/.venv/lib/python3.11/site-packages/airflow/example_dags/subdags/subdag.py
[2025-05-31T21:31:14.101-0300] {processor.py:183} INFO - Processing /home/walterg/Documentos/Data_projects/Data-Warehouse-postgres-DBT-airflow-/.venv/lib/python3.11/site-packages/airflow/example_dags/subdags/subdag.py took 0.019 seconds
[2025-05-31T21:31:52.873-0300] {processor.py:161} INFO - Started process (PID=42190) to work on /home/walterg/Documentos/Data_projects/Data-Warehouse-postgres-DBT-airflow-/.venv/lib/python3.11/site-packages/airflow/example_dags/subdags/subdag.py
[2025-05-31T21:31:52.878-0300] {processor.py:830} INFO - Processing file /home/walterg/Documentos/Data_projects/Data-Warehouse-postgres-DBT-airflow-/.venv/lib/python3.11/site-packages/airflow/example_dags/subdags/subdag.py for tasks to queue
[2025-05-31T21:31:52.879-0300] {logging_mixin.py:188} INFO - [2025-05-31T21:31:52.879-0300] {dagbag.py:538} INFO - Filling up the DagBag from /home/walterg/Documentos/Data_projects/Data-Warehouse-postgres-DBT-airflow-/.venv/lib/python3.11/site-packages/airflow/example_dags/subdags/subdag.py
[2025-05-31T21:31:52.882-0300] {processor.py:842} WARNING - No viable dags retrieved from /home/walterg/Documentos/Data_projects/Data-Warehouse-postgres-DBT-airflow-/.venv/lib/python3.11/site-packages/airflow/example_dags/subdags/subdag.py
[2025-05-31T21:31:52.891-0300] {processor.py:183} INFO - Processing /home/walterg/Documentos/Data_projects/Data-Warehouse-postgres-DBT-airflow-/.venv/lib/python3.11/site-packages/airflow/example_dags/subdags/subdag.py took 0.020 seconds
[2025-05-31T21:32:33.765-0300] {processor.py:161} INFO - Started process (PID=42477) to work on /home/walterg/Documentos/Data_projects/Data-Warehouse-postgres-DBT-airflow-/.venv/lib/python3.11/site-packages/airflow/example_dags/subdags/subdag.py
[2025-05-31T21:32:33.770-0300] {processor.py:830} INFO - Processing file /home/walterg/Documentos/Data_projects/Data-Warehouse-postgres-DBT-airflow-/.venv/lib/python3.11/site-packages/airflow/example_dags/subdags/subdag.py for tasks to queue
[2025-05-31T21:32:33.771-0300] {logging_mixin.py:188} INFO - [2025-05-31T21:32:33.771-0300] {dagbag.py:538} INFO - Filling up the DagBag from /home/walterg/Documentos/Data_projects/Data-Warehouse-postgres-DBT-airflow-/.venv/lib/python3.11/site-packages/airflow/example_dags/subdags/subdag.py
[2025-05-31T21:32:33.773-0300] {processor.py:842} WARNING - No viable dags retrieved from /home/walterg/Documentos/Data_projects/Data-Warehouse-postgres-DBT-airflow-/.venv/lib/python3.11/site-packages/airflow/example_dags/subdags/subdag.py
[2025-05-31T21:32:33.781-0300] {processor.py:183} INFO - Processing /home/walterg/Documentos/Data_projects/Data-Warehouse-postgres-DBT-airflow-/.venv/lib/python3.11/site-packages/airflow/example_dags/subdags/subdag.py took 0.019 seconds
[2025-05-31T21:33:18.868-0300] {processor.py:161} INFO - Started process (PID=42849) to work on /home/walterg/Documentos/Data_projects/Data-Warehouse-postgres-DBT-airflow-/.venv/lib/python3.11/site-packages/airflow/example_dags/subdags/subdag.py
[2025-05-31T21:33:18.872-0300] {processor.py:830} INFO - Processing file /home/walterg/Documentos/Data_projects/Data-Warehouse-postgres-DBT-airflow-/.venv/lib/python3.11/site-packages/airflow/example_dags/subdags/subdag.py for tasks to queue
[2025-05-31T21:33:18.874-0300] {logging_mixin.py:188} INFO - [2025-05-31T21:33:18.873-0300] {dagbag.py:538} INFO - Filling up the DagBag from /home/walterg/Documentos/Data_projects/Data-Warehouse-postgres-DBT-airflow-/.venv/lib/python3.11/site-packages/airflow/example_dags/subdags/subdag.py
[2025-05-31T21:33:18.876-0300] {processor.py:842} WARNING - No viable dags retrieved from /home/walterg/Documentos/Data_projects/Data-Warehouse-postgres-DBT-airflow-/.venv/lib/python3.11/site-packages/airflow/example_dags/subdags/subdag.py
[2025-05-31T21:33:18.885-0300] {processor.py:183} INFO - Processing /home/walterg/Documentos/Data_projects/Data-Warehouse-postgres-DBT-airflow-/.venv/lib/python3.11/site-packages/airflow/example_dags/subdags/subdag.py took 0.020 seconds
[2025-05-31T21:33:57.856-0300] {processor.py:161} INFO - Started process (PID=42916) to work on /home/walterg/Documentos/Data_projects/Data-Warehouse-postgres-DBT-airflow-/.venv/lib/python3.11/site-packages/airflow/example_dags/subdags/subdag.py
[2025-05-31T21:33:57.861-0300] {processor.py:830} INFO - Processing file /home/walterg/Documentos/Data_projects/Data-Warehouse-postgres-DBT-airflow-/.venv/lib/python3.11/site-packages/airflow/example_dags/subdags/subdag.py for tasks to queue
[2025-05-31T21:33:57.862-0300] {logging_mixin.py:188} INFO - [2025-05-31T21:33:57.862-0300] {dagbag.py:538} INFO - Filling up the DagBag from /home/walterg/Documentos/Data_projects/Data-Warehouse-postgres-DBT-airflow-/.venv/lib/python3.11/site-packages/airflow/example_dags/subdags/subdag.py
[2025-05-31T21:33:57.864-0300] {processor.py:842} WARNING - No viable dags retrieved from /home/walterg/Documentos/Data_projects/Data-Warehouse-postgres-DBT-airflow-/.venv/lib/python3.11/site-packages/airflow/example_dags/subdags/subdag.py
[2025-05-31T21:33:57.872-0300] {processor.py:183} INFO - Processing /home/walterg/Documentos/Data_projects/Data-Warehouse-postgres-DBT-airflow-/.venv/lib/python3.11/site-packages/airflow/example_dags/subdags/subdag.py took 0.018 seconds
[2025-05-31T21:34:33.842-0300] {processor.py:161} INFO - Started process (PID=43030) to work on /home/walterg/Documentos/Data_projects/Data-Warehouse-postgres-DBT-airflow-/.venv/lib/python3.11/site-packages/airflow/example_dags/subdags/subdag.py
[2025-05-31T21:34:33.843-0300] {processor.py:830} INFO - Processing file /home/walterg/Documentos/Data_projects/Data-Warehouse-postgres-DBT-airflow-/.venv/lib/python3.11/site-packages/airflow/example_dags/subdags/subdag.py for tasks to queue
[2025-05-31T21:34:33.844-0300] {logging_mixin.py:188} INFO - [2025-05-31T21:34:33.844-0300] {dagbag.py:538} INFO - Filling up the DagBag from /home/walterg/Documentos/Data_projects/Data-Warehouse-postgres-DBT-airflow-/.venv/lib/python3.11/site-packages/airflow/example_dags/subdags/subdag.py
[2025-05-31T21:34:33.846-0300] {processor.py:842} WARNING - No viable dags retrieved from /home/walterg/Documentos/Data_projects/Data-Warehouse-postgres-DBT-airflow-/.venv/lib/python3.11/site-packages/airflow/example_dags/subdags/subdag.py
[2025-05-31T21:34:33.857-0300] {processor.py:183} INFO - Processing /home/walterg/Documentos/Data_projects/Data-Warehouse-postgres-DBT-airflow-/.venv/lib/python3.11/site-packages/airflow/example_dags/subdags/subdag.py took 0.017 seconds
