[2025-05-31T21:00:00.361-0300] {processor.py:161} INFO - Started process (PID=32482) to work on /home/walterg/Documentos/Data_projects/Data-Warehouse-postgres-DBT-airflow-/airflow/dags/chamar_api_vendas.py
[2025-05-31T21:00:00.361-0300] {processor.py:830} INFO - Processing file /home/walterg/Documentos/Data_projects/Data-Warehouse-postgres-DBT-airflow-/airflow/dags/chamar_api_vendas.py for tasks to queue
[2025-05-31T21:00:00.362-0300] {logging_mixin.py:188} INFO - [2025-05-31T21:00:00.362-0300] {dagbag.py:538} INFO - Filling up the DagBag from /home/walterg/Documentos/Data_projects/Data-Warehouse-postgres-DBT-airflow-/airflow/dags/chamar_api_vendas.py
[2025-05-31T21:00:00.369-0300] {processor.py:840} INFO - DAG(s) 'chamar_api_vendas' retrieved from /home/walterg/Documentos/Data_projects/Data-Warehouse-postgres-DBT-airflow-/airflow/dags/chamar_api_vendas.py
[2025-05-31T21:00:00.380-0300] {logging_mixin.py:188} INFO - [2025-05-31T21:00:00.379-0300] {dag.py:3036} INFO - Sync 1 DAGs
[2025-05-31T21:00:00.394-0300] {logging_mixin.py:188} INFO - [2025-05-31T21:00:00.394-0300] {dag.py:3823} INFO - Setting next_dagrun for chamar_api_vendas to 2025-05-31 23:59:00+00:00, run_after=2025-06-01 00:00:00+00:00
[2025-05-31T21:00:00.415-0300] {processor.py:183} INFO - Processing /home/walterg/Documentos/Data_projects/Data-Warehouse-postgres-DBT-airflow-/airflow/dags/chamar_api_vendas.py took 0.057 seconds
[2025-05-31T21:00:46.625-0300] {processor.py:161} INFO - Started process (PID=32708) to work on /home/walterg/Documentos/Data_projects/Data-Warehouse-postgres-DBT-airflow-/airflow/dags/chamar_api_vendas.py
[2025-05-31T21:00:46.630-0300] {processor.py:830} INFO - Processing file /home/walterg/Documentos/Data_projects/Data-Warehouse-postgres-DBT-airflow-/airflow/dags/chamar_api_vendas.py for tasks to queue
[2025-05-31T21:00:46.632-0300] {logging_mixin.py:188} INFO - [2025-05-31T21:00:46.631-0300] {dagbag.py:538} INFO - Filling up the DagBag from /home/walterg/Documentos/Data_projects/Data-Warehouse-postgres-DBT-airflow-/airflow/dags/chamar_api_vendas.py
[2025-05-31T21:00:46.638-0300] {processor.py:840} INFO - DAG(s) 'chamar_api_vendas' retrieved from /home/walterg/Documentos/Data_projects/Data-Warehouse-postgres-DBT-airflow-/airflow/dags/chamar_api_vendas.py
[2025-05-31T21:00:46.649-0300] {logging_mixin.py:188} INFO - [2025-05-31T21:00:46.649-0300] {dag.py:3036} INFO - Sync 1 DAGs
[2025-05-31T21:00:46.664-0300] {logging_mixin.py:188} INFO - [2025-05-31T21:00:46.664-0300] {dag.py:3823} INFO - Setting next_dagrun for chamar_api_vendas to 2025-06-01 00:00:00+00:00, run_after=2025-06-01 00:01:00+00:00
[2025-05-31T21:00:46.682-0300] {processor.py:183} INFO - Processing /home/walterg/Documentos/Data_projects/Data-Warehouse-postgres-DBT-airflow-/airflow/dags/chamar_api_vendas.py took 0.060 seconds
[2025-05-31T21:01:27.262-0300] {processor.py:161} INFO - Started process (PID=32968) to work on /home/walterg/Documentos/Data_projects/Data-Warehouse-postgres-DBT-airflow-/airflow/dags/chamar_api_vendas.py
[2025-05-31T21:01:27.267-0300] {processor.py:830} INFO - Processing file /home/walterg/Documentos/Data_projects/Data-Warehouse-postgres-DBT-airflow-/airflow/dags/chamar_api_vendas.py for tasks to queue
[2025-05-31T21:01:27.267-0300] {logging_mixin.py:188} INFO - [2025-05-31T21:01:27.267-0300] {dagbag.py:538} INFO - Filling up the DagBag from /home/walterg/Documentos/Data_projects/Data-Warehouse-postgres-DBT-airflow-/airflow/dags/chamar_api_vendas.py
[2025-05-31T21:01:27.274-0300] {processor.py:840} INFO - DAG(s) 'chamar_api_vendas' retrieved from /home/walterg/Documentos/Data_projects/Data-Warehouse-postgres-DBT-airflow-/airflow/dags/chamar_api_vendas.py
[2025-05-31T21:01:27.285-0300] {logging_mixin.py:188} INFO - [2025-05-31T21:01:27.285-0300] {dag.py:3036} INFO - Sync 1 DAGs
[2025-05-31T21:01:27.300-0300] {logging_mixin.py:188} INFO - [2025-05-31T21:01:27.300-0300] {dag.py:3823} INFO - Setting next_dagrun for chamar_api_vendas to 2025-06-01 00:01:00+00:00, run_after=2025-06-01 00:02:00+00:00
[2025-05-31T21:01:27.320-0300] {processor.py:183} INFO - Processing /home/walterg/Documentos/Data_projects/Data-Warehouse-postgres-DBT-airflow-/airflow/dags/chamar_api_vendas.py took 0.060 seconds
[2025-05-31T21:02:11.019-0300] {processor.py:161} INFO - Started process (PID=33286) to work on /home/walterg/Documentos/Data_projects/Data-Warehouse-postgres-DBT-airflow-/airflow/dags/chamar_api_vendas.py
[2025-05-31T21:02:11.024-0300] {processor.py:830} INFO - Processing file /home/walterg/Documentos/Data_projects/Data-Warehouse-postgres-DBT-airflow-/airflow/dags/chamar_api_vendas.py for tasks to queue
[2025-05-31T21:02:11.025-0300] {logging_mixin.py:188} INFO - [2025-05-31T21:02:11.024-0300] {dagbag.py:538} INFO - Filling up the DagBag from /home/walterg/Documentos/Data_projects/Data-Warehouse-postgres-DBT-airflow-/airflow/dags/chamar_api_vendas.py
[2025-05-31T21:02:11.032-0300] {processor.py:840} INFO - DAG(s) 'chamar_api_vendas' retrieved from /home/walterg/Documentos/Data_projects/Data-Warehouse-postgres-DBT-airflow-/airflow/dags/chamar_api_vendas.py
[2025-05-31T21:02:11.045-0300] {logging_mixin.py:188} INFO - [2025-05-31T21:02:11.044-0300] {dag.py:3036} INFO - Sync 1 DAGs
[2025-05-31T21:02:11.062-0300] {logging_mixin.py:188} INFO - [2025-05-31T21:02:11.061-0300] {dag.py:3823} INFO - Setting next_dagrun for chamar_api_vendas to 2025-06-01 00:02:00+00:00, run_after=2025-06-01 00:03:00+00:00
[2025-05-31T21:02:11.081-0300] {processor.py:183} INFO - Processing /home/walterg/Documentos/Data_projects/Data-Warehouse-postgres-DBT-airflow-/airflow/dags/chamar_api_vendas.py took 0.065 seconds
[2025-05-31T21:02:56.246-0300] {processor.py:161} INFO - Started process (PID=33424) to work on /home/walterg/Documentos/Data_projects/Data-Warehouse-postgres-DBT-airflow-/airflow/dags/chamar_api_vendas.py
[2025-05-31T21:02:56.252-0300] {processor.py:830} INFO - Processing file /home/walterg/Documentos/Data_projects/Data-Warehouse-postgres-DBT-airflow-/airflow/dags/chamar_api_vendas.py for tasks to queue
[2025-05-31T21:02:56.252-0300] {logging_mixin.py:188} INFO - [2025-05-31T21:02:56.252-0300] {dagbag.py:538} INFO - Filling up the DagBag from /home/walterg/Documentos/Data_projects/Data-Warehouse-postgres-DBT-airflow-/airflow/dags/chamar_api_vendas.py
[2025-05-31T21:02:56.259-0300] {processor.py:840} INFO - DAG(s) 'chamar_api_vendas' retrieved from /home/walterg/Documentos/Data_projects/Data-Warehouse-postgres-DBT-airflow-/airflow/dags/chamar_api_vendas.py
[2025-05-31T21:02:56.273-0300] {logging_mixin.py:188} INFO - [2025-05-31T21:02:56.272-0300] {dag.py:3036} INFO - Sync 1 DAGs
[2025-05-31T21:02:56.289-0300] {logging_mixin.py:188} INFO - [2025-05-31T21:02:56.288-0300] {dag.py:3823} INFO - Setting next_dagrun for chamar_api_vendas to 2025-06-01 00:02:00+00:00, run_after=2025-06-01 00:03:00+00:00
[2025-05-31T21:02:56.305-0300] {processor.py:183} INFO - Processing /home/walterg/Documentos/Data_projects/Data-Warehouse-postgres-DBT-airflow-/airflow/dags/chamar_api_vendas.py took 0.062 seconds
[2025-05-31T21:03:39.845-0300] {processor.py:161} INFO - Started process (PID=33658) to work on /home/walterg/Documentos/Data_projects/Data-Warehouse-postgres-DBT-airflow-/airflow/dags/chamar_api_vendas.py
[2025-05-31T21:03:39.850-0300] {processor.py:830} INFO - Processing file /home/walterg/Documentos/Data_projects/Data-Warehouse-postgres-DBT-airflow-/airflow/dags/chamar_api_vendas.py for tasks to queue
[2025-05-31T21:03:39.851-0300] {logging_mixin.py:188} INFO - [2025-05-31T21:03:39.851-0300] {dagbag.py:538} INFO - Filling up the DagBag from /home/walterg/Documentos/Data_projects/Data-Warehouse-postgres-DBT-airflow-/airflow/dags/chamar_api_vendas.py
[2025-05-31T21:03:39.858-0300] {processor.py:840} INFO - DAG(s) 'chamar_api_vendas' retrieved from /home/walterg/Documentos/Data_projects/Data-Warehouse-postgres-DBT-airflow-/airflow/dags/chamar_api_vendas.py
[2025-05-31T21:03:39.871-0300] {logging_mixin.py:188} INFO - [2025-05-31T21:03:39.871-0300] {dag.py:3036} INFO - Sync 1 DAGs
[2025-05-31T21:03:39.887-0300] {logging_mixin.py:188} INFO - [2025-05-31T21:03:39.886-0300] {dag.py:3823} INFO - Setting next_dagrun for chamar_api_vendas to 2025-06-01 00:03:00+00:00, run_after=2025-06-01 00:04:00+00:00
[2025-05-31T21:03:39.904-0300] {processor.py:183} INFO - Processing /home/walterg/Documentos/Data_projects/Data-Warehouse-postgres-DBT-airflow-/airflow/dags/chamar_api_vendas.py took 0.062 seconds
[2025-05-31T21:04:19.252-0300] {processor.py:161} INFO - Started process (PID=33823) to work on /home/walterg/Documentos/Data_projects/Data-Warehouse-postgres-DBT-airflow-/airflow/dags/chamar_api_vendas.py
[2025-05-31T21:04:19.258-0300] {processor.py:830} INFO - Processing file /home/walterg/Documentos/Data_projects/Data-Warehouse-postgres-DBT-airflow-/airflow/dags/chamar_api_vendas.py for tasks to queue
[2025-05-31T21:04:19.259-0300] {logging_mixin.py:188} INFO - [2025-05-31T21:04:19.259-0300] {dagbag.py:538} INFO - Filling up the DagBag from /home/walterg/Documentos/Data_projects/Data-Warehouse-postgres-DBT-airflow-/airflow/dags/chamar_api_vendas.py
[2025-05-31T21:04:19.267-0300] {processor.py:840} INFO - DAG(s) 'chamar_api_vendas' retrieved from /home/walterg/Documentos/Data_projects/Data-Warehouse-postgres-DBT-airflow-/airflow/dags/chamar_api_vendas.py
[2025-05-31T21:04:19.278-0300] {logging_mixin.py:188} INFO - [2025-05-31T21:04:19.278-0300] {dag.py:3036} INFO - Sync 1 DAGs
[2025-05-31T21:04:19.293-0300] {logging_mixin.py:188} INFO - [2025-05-31T21:04:19.293-0300] {dag.py:3823} INFO - Setting next_dagrun for chamar_api_vendas to 2025-06-01 00:04:00+00:00, run_after=2025-06-01 00:05:00+00:00
[2025-05-31T21:04:19.312-0300] {processor.py:183} INFO - Processing /home/walterg/Documentos/Data_projects/Data-Warehouse-postgres-DBT-airflow-/airflow/dags/chamar_api_vendas.py took 0.062 seconds
[2025-05-31T21:05:00.864-0300] {processor.py:161} INFO - Started process (PID=33963) to work on /home/walterg/Documentos/Data_projects/Data-Warehouse-postgres-DBT-airflow-/airflow/dags/chamar_api_vendas.py
[2025-05-31T21:05:00.869-0300] {processor.py:830} INFO - Processing file /home/walterg/Documentos/Data_projects/Data-Warehouse-postgres-DBT-airflow-/airflow/dags/chamar_api_vendas.py for tasks to queue
[2025-05-31T21:05:00.870-0300] {logging_mixin.py:188} INFO - [2025-05-31T21:05:00.870-0300] {dagbag.py:538} INFO - Filling up the DagBag from /home/walterg/Documentos/Data_projects/Data-Warehouse-postgres-DBT-airflow-/airflow/dags/chamar_api_vendas.py
[2025-05-31T21:05:00.877-0300] {processor.py:840} INFO - DAG(s) 'chamar_api_vendas' retrieved from /home/walterg/Documentos/Data_projects/Data-Warehouse-postgres-DBT-airflow-/airflow/dags/chamar_api_vendas.py
[2025-05-31T21:05:00.888-0300] {logging_mixin.py:188} INFO - [2025-05-31T21:05:00.888-0300] {dag.py:3036} INFO - Sync 1 DAGs
[2025-05-31T21:05:00.903-0300] {logging_mixin.py:188} INFO - [2025-05-31T21:05:00.903-0300] {dag.py:3823} INFO - Setting next_dagrun for chamar_api_vendas to 2025-06-01 00:04:00+00:00, run_after=2025-06-01 00:05:00+00:00
[2025-05-31T21:05:00.922-0300] {processor.py:183} INFO - Processing /home/walterg/Documentos/Data_projects/Data-Warehouse-postgres-DBT-airflow-/airflow/dags/chamar_api_vendas.py took 0.060 seconds
[2025-05-31T21:05:47.939-0300] {processor.py:161} INFO - Started process (PID=34217) to work on /home/walterg/Documentos/Data_projects/Data-Warehouse-postgres-DBT-airflow-/airflow/dags/chamar_api_vendas.py
[2025-05-31T21:05:47.940-0300] {processor.py:830} INFO - Processing file /home/walterg/Documentos/Data_projects/Data-Warehouse-postgres-DBT-airflow-/airflow/dags/chamar_api_vendas.py for tasks to queue
[2025-05-31T21:05:47.941-0300] {logging_mixin.py:188} INFO - [2025-05-31T21:05:47.941-0300] {dagbag.py:538} INFO - Filling up the DagBag from /home/walterg/Documentos/Data_projects/Data-Warehouse-postgres-DBT-airflow-/airflow/dags/chamar_api_vendas.py
[2025-05-31T21:05:47.948-0300] {processor.py:840} INFO - DAG(s) 'chamar_api_vendas' retrieved from /home/walterg/Documentos/Data_projects/Data-Warehouse-postgres-DBT-airflow-/airflow/dags/chamar_api_vendas.py
[2025-05-31T21:05:47.959-0300] {logging_mixin.py:188} INFO - [2025-05-31T21:05:47.959-0300] {dag.py:3036} INFO - Sync 1 DAGs
[2025-05-31T21:05:47.973-0300] {logging_mixin.py:188} INFO - [2025-05-31T21:05:47.973-0300] {dag.py:3823} INFO - Setting next_dagrun for chamar_api_vendas to 2025-06-01 00:05:00+00:00, run_after=2025-06-01 00:06:00+00:00
[2025-05-31T21:05:47.990-0300] {processor.py:183} INFO - Processing /home/walterg/Documentos/Data_projects/Data-Warehouse-postgres-DBT-airflow-/airflow/dags/chamar_api_vendas.py took 0.053 seconds
[2025-05-31T21:06:31.070-0300] {processor.py:161} INFO - Started process (PID=34538) to work on /home/walterg/Documentos/Data_projects/Data-Warehouse-postgres-DBT-airflow-/airflow/dags/chamar_api_vendas.py
[2025-05-31T21:06:31.071-0300] {processor.py:830} INFO - Processing file /home/walterg/Documentos/Data_projects/Data-Warehouse-postgres-DBT-airflow-/airflow/dags/chamar_api_vendas.py for tasks to queue
[2025-05-31T21:06:31.071-0300] {logging_mixin.py:188} INFO - [2025-05-31T21:06:31.071-0300] {dagbag.py:538} INFO - Filling up the DagBag from /home/walterg/Documentos/Data_projects/Data-Warehouse-postgres-DBT-airflow-/airflow/dags/chamar_api_vendas.py
[2025-05-31T21:06:31.078-0300] {processor.py:840} INFO - DAG(s) 'chamar_api_vendas' retrieved from /home/walterg/Documentos/Data_projects/Data-Warehouse-postgres-DBT-airflow-/airflow/dags/chamar_api_vendas.py
[2025-05-31T21:06:31.089-0300] {logging_mixin.py:188} INFO - [2025-05-31T21:06:31.089-0300] {dag.py:3036} INFO - Sync 1 DAGs
[2025-05-31T21:06:31.104-0300] {logging_mixin.py:188} INFO - [2025-05-31T21:06:31.103-0300] {dag.py:3823} INFO - Setting next_dagrun for chamar_api_vendas to 2025-06-01 00:06:00+00:00, run_after=2025-06-01 00:07:00+00:00
[2025-05-31T21:06:31.121-0300] {processor.py:183} INFO - Processing /home/walterg/Documentos/Data_projects/Data-Warehouse-postgres-DBT-airflow-/airflow/dags/chamar_api_vendas.py took 0.054 seconds
[2025-05-31T21:07:15.345-0300] {processor.py:161} INFO - Started process (PID=34767) to work on /home/walterg/Documentos/Data_projects/Data-Warehouse-postgres-DBT-airflow-/airflow/dags/chamar_api_vendas.py
[2025-05-31T21:07:15.350-0300] {processor.py:830} INFO - Processing file /home/walterg/Documentos/Data_projects/Data-Warehouse-postgres-DBT-airflow-/airflow/dags/chamar_api_vendas.py for tasks to queue
[2025-05-31T21:07:15.350-0300] {logging_mixin.py:188} INFO - [2025-05-31T21:07:15.350-0300] {dagbag.py:538} INFO - Filling up the DagBag from /home/walterg/Documentos/Data_projects/Data-Warehouse-postgres-DBT-airflow-/airflow/dags/chamar_api_vendas.py
[2025-05-31T21:07:15.357-0300] {processor.py:840} INFO - DAG(s) 'chamar_api_vendas' retrieved from /home/walterg/Documentos/Data_projects/Data-Warehouse-postgres-DBT-airflow-/airflow/dags/chamar_api_vendas.py
[2025-05-31T21:07:15.367-0300] {logging_mixin.py:188} INFO - [2025-05-31T21:07:15.367-0300] {dag.py:3036} INFO - Sync 1 DAGs
[2025-05-31T21:07:15.381-0300] {logging_mixin.py:188} INFO - [2025-05-31T21:07:15.381-0300] {dag.py:3823} INFO - Setting next_dagrun for chamar_api_vendas to 2025-06-01 00:07:00+00:00, run_after=2025-06-01 00:08:00+00:00
[2025-05-31T21:07:15.397-0300] {processor.py:183} INFO - Processing /home/walterg/Documentos/Data_projects/Data-Warehouse-postgres-DBT-airflow-/airflow/dags/chamar_api_vendas.py took 0.055 seconds
[2025-05-31T21:07:56.890-0300] {processor.py:161} INFO - Started process (PID=34870) to work on /home/walterg/Documentos/Data_projects/Data-Warehouse-postgres-DBT-airflow-/airflow/dags/chamar_api_vendas.py
[2025-05-31T21:07:56.895-0300] {processor.py:830} INFO - Processing file /home/walterg/Documentos/Data_projects/Data-Warehouse-postgres-DBT-airflow-/airflow/dags/chamar_api_vendas.py for tasks to queue
[2025-05-31T21:07:56.896-0300] {logging_mixin.py:188} INFO - [2025-05-31T21:07:56.895-0300] {dagbag.py:538} INFO - Filling up the DagBag from /home/walterg/Documentos/Data_projects/Data-Warehouse-postgres-DBT-airflow-/airflow/dags/chamar_api_vendas.py
[2025-05-31T21:07:56.903-0300] {processor.py:840} INFO - DAG(s) 'chamar_api_vendas' retrieved from /home/walterg/Documentos/Data_projects/Data-Warehouse-postgres-DBT-airflow-/airflow/dags/chamar_api_vendas.py
[2025-05-31T21:07:56.914-0300] {logging_mixin.py:188} INFO - [2025-05-31T21:07:56.913-0300] {dag.py:3036} INFO - Sync 1 DAGs
[2025-05-31T21:07:56.928-0300] {logging_mixin.py:188} INFO - [2025-05-31T21:07:56.928-0300] {dag.py:3823} INFO - Setting next_dagrun for chamar_api_vendas to 2025-06-01 00:07:00+00:00, run_after=2025-06-01 00:08:00+00:00
[2025-05-31T21:07:56.945-0300] {processor.py:183} INFO - Processing /home/walterg/Documentos/Data_projects/Data-Warehouse-postgres-DBT-airflow-/airflow/dags/chamar_api_vendas.py took 0.057 seconds
[2025-05-31T21:08:42.763-0300] {processor.py:161} INFO - Started process (PID=35193) to work on /home/walterg/Documentos/Data_projects/Data-Warehouse-postgres-DBT-airflow-/airflow/dags/chamar_api_vendas.py
[2025-05-31T21:08:42.768-0300] {processor.py:830} INFO - Processing file /home/walterg/Documentos/Data_projects/Data-Warehouse-postgres-DBT-airflow-/airflow/dags/chamar_api_vendas.py for tasks to queue
[2025-05-31T21:08:42.770-0300] {logging_mixin.py:188} INFO - [2025-05-31T21:08:42.769-0300] {dagbag.py:538} INFO - Filling up the DagBag from /home/walterg/Documentos/Data_projects/Data-Warehouse-postgres-DBT-airflow-/airflow/dags/chamar_api_vendas.py
[2025-05-31T21:08:42.777-0300] {processor.py:840} INFO - DAG(s) 'chamar_api_vendas' retrieved from /home/walterg/Documentos/Data_projects/Data-Warehouse-postgres-DBT-airflow-/airflow/dags/chamar_api_vendas.py
[2025-05-31T21:08:42.789-0300] {logging_mixin.py:188} INFO - [2025-05-31T21:08:42.788-0300] {dag.py:3036} INFO - Sync 1 DAGs
[2025-05-31T21:08:42.804-0300] {logging_mixin.py:188} INFO - [2025-05-31T21:08:42.804-0300] {dag.py:3823} INFO - Setting next_dagrun for chamar_api_vendas to 2025-06-01 00:08:00+00:00, run_after=2025-06-01 00:09:00+00:00
[2025-05-31T21:08:42.821-0300] {processor.py:183} INFO - Processing /home/walterg/Documentos/Data_projects/Data-Warehouse-postgres-DBT-airflow-/airflow/dags/chamar_api_vendas.py took 0.061 seconds
[2025-05-31T21:09:17.858-0300] {processor.py:161} INFO - Started process (PID=35398) to work on /home/walterg/Documentos/Data_projects/Data-Warehouse-postgres-DBT-airflow-/airflow/dags/chamar_api_vendas.py
[2025-05-31T21:09:17.863-0300] {processor.py:830} INFO - Processing file /home/walterg/Documentos/Data_projects/Data-Warehouse-postgres-DBT-airflow-/airflow/dags/chamar_api_vendas.py for tasks to queue
[2025-05-31T21:09:17.864-0300] {logging_mixin.py:188} INFO - [2025-05-31T21:09:17.864-0300] {dagbag.py:538} INFO - Filling up the DagBag from /home/walterg/Documentos/Data_projects/Data-Warehouse-postgres-DBT-airflow-/airflow/dags/chamar_api_vendas.py
[2025-05-31T21:09:17.871-0300] {processor.py:840} INFO - DAG(s) 'chamar_api_vendas' retrieved from /home/walterg/Documentos/Data_projects/Data-Warehouse-postgres-DBT-airflow-/airflow/dags/chamar_api_vendas.py
[2025-05-31T21:09:17.882-0300] {logging_mixin.py:188} INFO - [2025-05-31T21:09:17.882-0300] {dag.py:3036} INFO - Sync 1 DAGs
[2025-05-31T21:09:17.896-0300] {logging_mixin.py:188} INFO - [2025-05-31T21:09:17.895-0300] {dag.py:3823} INFO - Setting next_dagrun for chamar_api_vendas to 2025-06-01 00:09:00+00:00, run_after=2025-06-01 00:10:00+00:00
[2025-05-31T21:09:17.914-0300] {processor.py:183} INFO - Processing /home/walterg/Documentos/Data_projects/Data-Warehouse-postgres-DBT-airflow-/airflow/dags/chamar_api_vendas.py took 0.058 seconds
[2025-05-31T21:10:00.594-0300] {processor.py:161} INFO - Started process (PID=35531) to work on /home/walterg/Documentos/Data_projects/Data-Warehouse-postgres-DBT-airflow-/airflow/dags/chamar_api_vendas.py
[2025-05-31T21:10:00.599-0300] {processor.py:830} INFO - Processing file /home/walterg/Documentos/Data_projects/Data-Warehouse-postgres-DBT-airflow-/airflow/dags/chamar_api_vendas.py for tasks to queue
[2025-05-31T21:10:00.600-0300] {logging_mixin.py:188} INFO - [2025-05-31T21:10:00.600-0300] {dagbag.py:538} INFO - Filling up the DagBag from /home/walterg/Documentos/Data_projects/Data-Warehouse-postgres-DBT-airflow-/airflow/dags/chamar_api_vendas.py
[2025-05-31T21:10:00.608-0300] {processor.py:840} INFO - DAG(s) 'chamar_api_vendas' retrieved from /home/walterg/Documentos/Data_projects/Data-Warehouse-postgres-DBT-airflow-/airflow/dags/chamar_api_vendas.py
[2025-05-31T21:10:00.619-0300] {logging_mixin.py:188} INFO - [2025-05-31T21:10:00.619-0300] {dag.py:3036} INFO - Sync 1 DAGs
[2025-05-31T21:10:00.634-0300] {logging_mixin.py:188} INFO - [2025-05-31T21:10:00.634-0300] {dag.py:3823} INFO - Setting next_dagrun for chamar_api_vendas to 2025-06-01 00:09:00+00:00, run_after=2025-06-01 00:10:00+00:00
[2025-05-31T21:10:00.652-0300] {processor.py:183} INFO - Processing /home/walterg/Documentos/Data_projects/Data-Warehouse-postgres-DBT-airflow-/airflow/dags/chamar_api_vendas.py took 0.061 seconds
[2025-05-31T21:10:45.842-0300] {processor.py:161} INFO - Started process (PID=35805) to work on /home/walterg/Documentos/Data_projects/Data-Warehouse-postgres-DBT-airflow-/airflow/dags/chamar_api_vendas.py
[2025-05-31T21:10:45.849-0300] {processor.py:830} INFO - Processing file /home/walterg/Documentos/Data_projects/Data-Warehouse-postgres-DBT-airflow-/airflow/dags/chamar_api_vendas.py for tasks to queue
[2025-05-31T21:10:45.850-0300] {logging_mixin.py:188} INFO - [2025-05-31T21:10:45.850-0300] {dagbag.py:538} INFO - Filling up the DagBag from /home/walterg/Documentos/Data_projects/Data-Warehouse-postgres-DBT-airflow-/airflow/dags/chamar_api_vendas.py
[2025-05-31T21:10:45.857-0300] {processor.py:840} INFO - DAG(s) 'chamar_api_vendas' retrieved from /home/walterg/Documentos/Data_projects/Data-Warehouse-postgres-DBT-airflow-/airflow/dags/chamar_api_vendas.py
[2025-05-31T21:10:45.870-0300] {logging_mixin.py:188} INFO - [2025-05-31T21:10:45.870-0300] {dag.py:3036} INFO - Sync 1 DAGs
[2025-05-31T21:10:45.885-0300] {logging_mixin.py:188} INFO - [2025-05-31T21:10:45.885-0300] {dag.py:3823} INFO - Setting next_dagrun for chamar_api_vendas to 2025-06-01 00:10:00+00:00, run_after=2025-06-01 00:11:00+00:00
[2025-05-31T21:10:45.901-0300] {processor.py:183} INFO - Processing /home/walterg/Documentos/Data_projects/Data-Warehouse-postgres-DBT-airflow-/airflow/dags/chamar_api_vendas.py took 0.061 seconds
[2025-05-31T21:11:26.834-0300] {processor.py:161} INFO - Started process (PID=36062) to work on /home/walterg/Documentos/Data_projects/Data-Warehouse-postgres-DBT-airflow-/airflow/dags/chamar_api_vendas.py
[2025-05-31T21:11:26.835-0300] {processor.py:830} INFO - Processing file /home/walterg/Documentos/Data_projects/Data-Warehouse-postgres-DBT-airflow-/airflow/dags/chamar_api_vendas.py for tasks to queue
[2025-05-31T21:11:26.835-0300] {logging_mixin.py:188} INFO - [2025-05-31T21:11:26.835-0300] {dagbag.py:538} INFO - Filling up the DagBag from /home/walterg/Documentos/Data_projects/Data-Warehouse-postgres-DBT-airflow-/airflow/dags/chamar_api_vendas.py
[2025-05-31T21:11:26.842-0300] {processor.py:840} INFO - DAG(s) 'chamar_api_vendas' retrieved from /home/walterg/Documentos/Data_projects/Data-Warehouse-postgres-DBT-airflow-/airflow/dags/chamar_api_vendas.py
[2025-05-31T21:11:26.853-0300] {logging_mixin.py:188} INFO - [2025-05-31T21:11:26.853-0300] {dag.py:3036} INFO - Sync 1 DAGs
[2025-05-31T21:11:26.867-0300] {logging_mixin.py:188} INFO - [2025-05-31T21:11:26.867-0300] {dag.py:3823} INFO - Setting next_dagrun for chamar_api_vendas to 2025-06-01 00:11:00+00:00, run_after=2025-06-01 00:12:00+00:00
[2025-05-31T21:11:26.884-0300] {processor.py:183} INFO - Processing /home/walterg/Documentos/Data_projects/Data-Warehouse-postgres-DBT-airflow-/airflow/dags/chamar_api_vendas.py took 0.052 seconds
[2025-05-31T21:12:12.339-0300] {processor.py:161} INFO - Started process (PID=36264) to work on /home/walterg/Documentos/Data_projects/Data-Warehouse-postgres-DBT-airflow-/airflow/dags/chamar_api_vendas.py
[2025-05-31T21:12:12.341-0300] {processor.py:830} INFO - Processing file /home/walterg/Documentos/Data_projects/Data-Warehouse-postgres-DBT-airflow-/airflow/dags/chamar_api_vendas.py for tasks to queue
[2025-05-31T21:12:12.341-0300] {logging_mixin.py:188} INFO - [2025-05-31T21:12:12.341-0300] {dagbag.py:538} INFO - Filling up the DagBag from /home/walterg/Documentos/Data_projects/Data-Warehouse-postgres-DBT-airflow-/airflow/dags/chamar_api_vendas.py
[2025-05-31T21:12:12.348-0300] {processor.py:840} INFO - DAG(s) 'chamar_api_vendas' retrieved from /home/walterg/Documentos/Data_projects/Data-Warehouse-postgres-DBT-airflow-/airflow/dags/chamar_api_vendas.py
[2025-05-31T21:12:12.358-0300] {logging_mixin.py:188} INFO - [2025-05-31T21:12:12.358-0300] {dag.py:3036} INFO - Sync 1 DAGs
[2025-05-31T21:12:12.373-0300] {logging_mixin.py:188} INFO - [2025-05-31T21:12:12.373-0300] {dag.py:3823} INFO - Setting next_dagrun for chamar_api_vendas to 2025-06-01 00:12:00+00:00, run_after=2025-06-01 00:13:00+00:00
[2025-05-31T21:12:12.388-0300] {processor.py:183} INFO - Processing /home/walterg/Documentos/Data_projects/Data-Warehouse-postgres-DBT-airflow-/airflow/dags/chamar_api_vendas.py took 0.051 seconds
[2025-05-31T21:12:53.405-0300] {processor.py:161} INFO - Started process (PID=36399) to work on /home/walterg/Documentos/Data_projects/Data-Warehouse-postgres-DBT-airflow-/airflow/dags/chamar_api_vendas.py
[2025-05-31T21:12:53.410-0300] {processor.py:830} INFO - Processing file /home/walterg/Documentos/Data_projects/Data-Warehouse-postgres-DBT-airflow-/airflow/dags/chamar_api_vendas.py for tasks to queue
[2025-05-31T21:12:53.411-0300] {logging_mixin.py:188} INFO - [2025-05-31T21:12:53.410-0300] {dagbag.py:538} INFO - Filling up the DagBag from /home/walterg/Documentos/Data_projects/Data-Warehouse-postgres-DBT-airflow-/airflow/dags/chamar_api_vendas.py
[2025-05-31T21:12:53.419-0300] {processor.py:840} INFO - DAG(s) 'chamar_api_vendas' retrieved from /home/walterg/Documentos/Data_projects/Data-Warehouse-postgres-DBT-airflow-/airflow/dags/chamar_api_vendas.py
[2025-05-31T21:12:53.436-0300] {logging_mixin.py:188} INFO - [2025-05-31T21:12:53.436-0300] {dag.py:3036} INFO - Sync 1 DAGs
[2025-05-31T21:12:53.456-0300] {logging_mixin.py:188} INFO - [2025-05-31T21:12:53.456-0300] {dag.py:3823} INFO - Setting next_dagrun for chamar_api_vendas to 2025-06-01 00:12:00+00:00, run_after=2025-06-01 00:13:00+00:00
[2025-05-31T21:12:53.480-0300] {processor.py:183} INFO - Processing /home/walterg/Documentos/Data_projects/Data-Warehouse-postgres-DBT-airflow-/airflow/dags/chamar_api_vendas.py took 0.077 seconds
[2025-05-31T21:13:37.092-0300] {processor.py:161} INFO - Started process (PID=36565) to work on /home/walterg/Documentos/Data_projects/Data-Warehouse-postgres-DBT-airflow-/airflow/dags/chamar_api_vendas.py
[2025-05-31T21:13:37.099-0300] {processor.py:830} INFO - Processing file /home/walterg/Documentos/Data_projects/Data-Warehouse-postgres-DBT-airflow-/airflow/dags/chamar_api_vendas.py for tasks to queue
[2025-05-31T21:13:37.100-0300] {logging_mixin.py:188} INFO - [2025-05-31T21:13:37.100-0300] {dagbag.py:538} INFO - Filling up the DagBag from /home/walterg/Documentos/Data_projects/Data-Warehouse-postgres-DBT-airflow-/airflow/dags/chamar_api_vendas.py
[2025-05-31T21:13:37.107-0300] {processor.py:840} INFO - DAG(s) 'chamar_api_vendas' retrieved from /home/walterg/Documentos/Data_projects/Data-Warehouse-postgres-DBT-airflow-/airflow/dags/chamar_api_vendas.py
[2025-05-31T21:13:37.118-0300] {logging_mixin.py:188} INFO - [2025-05-31T21:13:37.118-0300] {dag.py:3036} INFO - Sync 1 DAGs
[2025-05-31T21:13:37.133-0300] {logging_mixin.py:188} INFO - [2025-05-31T21:13:37.133-0300] {dag.py:3823} INFO - Setting next_dagrun for chamar_api_vendas to 2025-06-01 00:13:00+00:00, run_after=2025-06-01 00:14:00+00:00
[2025-05-31T21:13:37.149-0300] {processor.py:183} INFO - Processing /home/walterg/Documentos/Data_projects/Data-Warehouse-postgres-DBT-airflow-/airflow/dags/chamar_api_vendas.py took 0.060 seconds
[2025-05-31T21:14:21.098-0300] {processor.py:161} INFO - Started process (PID=36845) to work on /home/walterg/Documentos/Data_projects/Data-Warehouse-postgres-DBT-airflow-/airflow/dags/chamar_api_vendas.py
[2025-05-31T21:14:21.103-0300] {processor.py:830} INFO - Processing file /home/walterg/Documentos/Data_projects/Data-Warehouse-postgres-DBT-airflow-/airflow/dags/chamar_api_vendas.py for tasks to queue
[2025-05-31T21:14:21.104-0300] {logging_mixin.py:188} INFO - [2025-05-31T21:14:21.104-0300] {dagbag.py:538} INFO - Filling up the DagBag from /home/walterg/Documentos/Data_projects/Data-Warehouse-postgres-DBT-airflow-/airflow/dags/chamar_api_vendas.py
[2025-05-31T21:14:21.111-0300] {processor.py:840} INFO - DAG(s) 'chamar_api_vendas' retrieved from /home/walterg/Documentos/Data_projects/Data-Warehouse-postgres-DBT-airflow-/airflow/dags/chamar_api_vendas.py
[2025-05-31T21:14:21.122-0300] {logging_mixin.py:188} INFO - [2025-05-31T21:14:21.122-0300] {dag.py:3036} INFO - Sync 1 DAGs
[2025-05-31T21:14:21.136-0300] {logging_mixin.py:188} INFO - [2025-05-31T21:14:21.136-0300] {dag.py:3823} INFO - Setting next_dagrun for chamar_api_vendas to 2025-06-01 00:14:00+00:00, run_after=2025-06-01 00:15:00+00:00
[2025-05-31T21:14:21.152-0300] {processor.py:183} INFO - Processing /home/walterg/Documentos/Data_projects/Data-Warehouse-postgres-DBT-airflow-/airflow/dags/chamar_api_vendas.py took 0.057 seconds
[2025-05-31T21:14:59.356-0300] {processor.py:161} INFO - Started process (PID=37011) to work on /home/walterg/Documentos/Data_projects/Data-Warehouse-postgres-DBT-airflow-/airflow/dags/chamar_api_vendas.py
[2025-05-31T21:14:59.361-0300] {processor.py:830} INFO - Processing file /home/walterg/Documentos/Data_projects/Data-Warehouse-postgres-DBT-airflow-/airflow/dags/chamar_api_vendas.py for tasks to queue
[2025-05-31T21:14:59.362-0300] {logging_mixin.py:188} INFO - [2025-05-31T21:14:59.362-0300] {dagbag.py:538} INFO - Filling up the DagBag from /home/walterg/Documentos/Data_projects/Data-Warehouse-postgres-DBT-airflow-/airflow/dags/chamar_api_vendas.py
[2025-05-31T21:14:59.370-0300] {processor.py:840} INFO - DAG(s) 'chamar_api_vendas' retrieved from /home/walterg/Documentos/Data_projects/Data-Warehouse-postgres-DBT-airflow-/airflow/dags/chamar_api_vendas.py
[2025-05-31T21:14:59.382-0300] {logging_mixin.py:188} INFO - [2025-05-31T21:14:59.382-0300] {dag.py:3036} INFO - Sync 1 DAGs
[2025-05-31T21:14:59.397-0300] {logging_mixin.py:188} INFO - [2025-05-31T21:14:59.397-0300] {dag.py:3823} INFO - Setting next_dagrun for chamar_api_vendas to 2025-06-01 00:14:00+00:00, run_after=2025-06-01 00:15:00+00:00
[2025-05-31T21:14:59.412-0300] {processor.py:183} INFO - Processing /home/walterg/Documentos/Data_projects/Data-Warehouse-postgres-DBT-airflow-/airflow/dags/chamar_api_vendas.py took 0.059 seconds
[2025-05-31T21:15:41.639-0300] {processor.py:161} INFO - Started process (PID=37286) to work on /home/walterg/Documentos/Data_projects/Data-Warehouse-postgres-DBT-airflow-/airflow/dags/chamar_api_vendas.py
[2025-05-31T21:15:41.644-0300] {processor.py:830} INFO - Processing file /home/walterg/Documentos/Data_projects/Data-Warehouse-postgres-DBT-airflow-/airflow/dags/chamar_api_vendas.py for tasks to queue
[2025-05-31T21:15:41.645-0300] {logging_mixin.py:188} INFO - [2025-05-31T21:15:41.645-0300] {dagbag.py:538} INFO - Filling up the DagBag from /home/walterg/Documentos/Data_projects/Data-Warehouse-postgres-DBT-airflow-/airflow/dags/chamar_api_vendas.py
[2025-05-31T21:15:41.651-0300] {processor.py:840} INFO - DAG(s) 'chamar_api_vendas' retrieved from /home/walterg/Documentos/Data_projects/Data-Warehouse-postgres-DBT-airflow-/airflow/dags/chamar_api_vendas.py
[2025-05-31T21:15:41.663-0300] {logging_mixin.py:188} INFO - [2025-05-31T21:15:41.663-0300] {dag.py:3036} INFO - Sync 1 DAGs
[2025-05-31T21:15:41.678-0300] {logging_mixin.py:188} INFO - [2025-05-31T21:15:41.677-0300] {dag.py:3823} INFO - Setting next_dagrun for chamar_api_vendas to 2025-06-01 00:15:00+00:00, run_after=2025-06-01 00:16:00+00:00
[2025-05-31T21:15:41.695-0300] {processor.py:183} INFO - Processing /home/walterg/Documentos/Data_projects/Data-Warehouse-postgres-DBT-airflow-/airflow/dags/chamar_api_vendas.py took 0.058 seconds
[2025-05-31T21:16:20.127-0300] {processor.py:161} INFO - Started process (PID=37555) to work on /home/walterg/Documentos/Data_projects/Data-Warehouse-postgres-DBT-airflow-/airflow/dags/chamar_api_vendas.py
[2025-05-31T21:16:20.132-0300] {processor.py:830} INFO - Processing file /home/walterg/Documentos/Data_projects/Data-Warehouse-postgres-DBT-airflow-/airflow/dags/chamar_api_vendas.py for tasks to queue
[2025-05-31T21:16:20.133-0300] {logging_mixin.py:188} INFO - [2025-05-31T21:16:20.133-0300] {dagbag.py:538} INFO - Filling up the DagBag from /home/walterg/Documentos/Data_projects/Data-Warehouse-postgres-DBT-airflow-/airflow/dags/chamar_api_vendas.py
[2025-05-31T21:16:20.139-0300] {processor.py:840} INFO - DAG(s) 'chamar_api_vendas' retrieved from /home/walterg/Documentos/Data_projects/Data-Warehouse-postgres-DBT-airflow-/airflow/dags/chamar_api_vendas.py
[2025-05-31T21:16:20.151-0300] {logging_mixin.py:188} INFO - [2025-05-31T21:16:20.150-0300] {dag.py:3036} INFO - Sync 1 DAGs
[2025-05-31T21:16:20.164-0300] {logging_mixin.py:188} INFO - [2025-05-31T21:16:20.164-0300] {dag.py:3823} INFO - Setting next_dagrun for chamar_api_vendas to 2025-06-01 00:16:00+00:00, run_after=2025-06-01 00:17:00+00:00
[2025-05-31T21:16:20.180-0300] {processor.py:183} INFO - Processing /home/walterg/Documentos/Data_projects/Data-Warehouse-postgres-DBT-airflow-/airflow/dags/chamar_api_vendas.py took 0.056 seconds
[2025-05-31T21:17:04.778-0300] {processor.py:161} INFO - Started process (PID=37745) to work on /home/walterg/Documentos/Data_projects/Data-Warehouse-postgres-DBT-airflow-/airflow/dags/chamar_api_vendas.py
[2025-05-31T21:17:04.779-0300] {processor.py:830} INFO - Processing file /home/walterg/Documentos/Data_projects/Data-Warehouse-postgres-DBT-airflow-/airflow/dags/chamar_api_vendas.py for tasks to queue
[2025-05-31T21:17:04.779-0300] {logging_mixin.py:188} INFO - [2025-05-31T21:17:04.779-0300] {dagbag.py:538} INFO - Filling up the DagBag from /home/walterg/Documentos/Data_projects/Data-Warehouse-postgres-DBT-airflow-/airflow/dags/chamar_api_vendas.py
[2025-05-31T21:17:04.786-0300] {processor.py:840} INFO - DAG(s) 'chamar_api_vendas' retrieved from /home/walterg/Documentos/Data_projects/Data-Warehouse-postgres-DBT-airflow-/airflow/dags/chamar_api_vendas.py
[2025-05-31T21:17:04.797-0300] {logging_mixin.py:188} INFO - [2025-05-31T21:17:04.797-0300] {dag.py:3036} INFO - Sync 1 DAGs
[2025-05-31T21:17:04.813-0300] {logging_mixin.py:188} INFO - [2025-05-31T21:17:04.812-0300] {dag.py:3823} INFO - Setting next_dagrun for chamar_api_vendas to 2025-06-01 00:17:00+00:00, run_after=2025-06-01 00:18:00+00:00
[2025-05-31T21:17:04.929-0300] {processor.py:183} INFO - Processing /home/walterg/Documentos/Data_projects/Data-Warehouse-postgres-DBT-airflow-/airflow/dags/chamar_api_vendas.py took 0.154 seconds
[2025-05-31T21:17:50.203-0300] {processor.py:161} INFO - Started process (PID=37905) to work on /home/walterg/Documentos/Data_projects/Data-Warehouse-postgres-DBT-airflow-/airflow/dags/chamar_api_vendas.py
[2025-05-31T21:17:50.209-0300] {processor.py:830} INFO - Processing file /home/walterg/Documentos/Data_projects/Data-Warehouse-postgres-DBT-airflow-/airflow/dags/chamar_api_vendas.py for tasks to queue
[2025-05-31T21:17:50.210-0300] {logging_mixin.py:188} INFO - [2025-05-31T21:17:50.209-0300] {dagbag.py:538} INFO - Filling up the DagBag from /home/walterg/Documentos/Data_projects/Data-Warehouse-postgres-DBT-airflow-/airflow/dags/chamar_api_vendas.py
[2025-05-31T21:17:50.217-0300] {processor.py:840} INFO - DAG(s) 'chamar_api_vendas' retrieved from /home/walterg/Documentos/Data_projects/Data-Warehouse-postgres-DBT-airflow-/airflow/dags/chamar_api_vendas.py
[2025-05-31T21:17:50.230-0300] {logging_mixin.py:188} INFO - [2025-05-31T21:17:50.230-0300] {dag.py:3036} INFO - Sync 1 DAGs
[2025-05-31T21:17:50.248-0300] {logging_mixin.py:188} INFO - [2025-05-31T21:17:50.248-0300] {dag.py:3823} INFO - Setting next_dagrun for chamar_api_vendas to 2025-06-01 00:17:00+00:00, run_after=2025-06-01 00:18:00+00:00
[2025-05-31T21:17:50.270-0300] {processor.py:183} INFO - Processing /home/walterg/Documentos/Data_projects/Data-Warehouse-postgres-DBT-airflow-/airflow/dags/chamar_api_vendas.py took 0.069 seconds
[2025-05-31T21:18:36.292-0300] {processor.py:161} INFO - Started process (PID=38118) to work on /home/walterg/Documentos/Data_projects/Data-Warehouse-postgres-DBT-airflow-/airflow/dags/chamar_api_vendas.py
[2025-05-31T21:18:36.297-0300] {processor.py:830} INFO - Processing file /home/walterg/Documentos/Data_projects/Data-Warehouse-postgres-DBT-airflow-/airflow/dags/chamar_api_vendas.py for tasks to queue
[2025-05-31T21:18:36.298-0300] {logging_mixin.py:188} INFO - [2025-05-31T21:18:36.298-0300] {dagbag.py:538} INFO - Filling up the DagBag from /home/walterg/Documentos/Data_projects/Data-Warehouse-postgres-DBT-airflow-/airflow/dags/chamar_api_vendas.py
[2025-05-31T21:18:36.305-0300] {processor.py:840} INFO - DAG(s) 'chamar_api_vendas' retrieved from /home/walterg/Documentos/Data_projects/Data-Warehouse-postgres-DBT-airflow-/airflow/dags/chamar_api_vendas.py
[2025-05-31T21:18:36.315-0300] {logging_mixin.py:188} INFO - [2025-05-31T21:18:36.315-0300] {dag.py:3036} INFO - Sync 1 DAGs
[2025-05-31T21:18:36.329-0300] {logging_mixin.py:188} INFO - [2025-05-31T21:18:36.329-0300] {dag.py:3823} INFO - Setting next_dagrun for chamar_api_vendas to 2025-06-01 00:18:00+00:00, run_after=2025-06-01 00:19:00+00:00
[2025-05-31T21:18:36.346-0300] {processor.py:183} INFO - Processing /home/walterg/Documentos/Data_projects/Data-Warehouse-postgres-DBT-airflow-/airflow/dags/chamar_api_vendas.py took 0.057 seconds
[2025-05-31T21:19:17.849-0300] {processor.py:161} INFO - Started process (PID=38339) to work on /home/walterg/Documentos/Data_projects/Data-Warehouse-postgres-DBT-airflow-/airflow/dags/chamar_api_vendas.py
[2025-05-31T21:19:17.854-0300] {processor.py:830} INFO - Processing file /home/walterg/Documentos/Data_projects/Data-Warehouse-postgres-DBT-airflow-/airflow/dags/chamar_api_vendas.py for tasks to queue
[2025-05-31T21:19:17.855-0300] {logging_mixin.py:188} INFO - [2025-05-31T21:19:17.855-0300] {dagbag.py:538} INFO - Filling up the DagBag from /home/walterg/Documentos/Data_projects/Data-Warehouse-postgres-DBT-airflow-/airflow/dags/chamar_api_vendas.py
[2025-05-31T21:19:17.863-0300] {processor.py:840} INFO - DAG(s) 'chamar_api_vendas' retrieved from /home/walterg/Documentos/Data_projects/Data-Warehouse-postgres-DBT-airflow-/airflow/dags/chamar_api_vendas.py
[2025-05-31T21:19:17.874-0300] {logging_mixin.py:188} INFO - [2025-05-31T21:19:17.874-0300] {dag.py:3036} INFO - Sync 1 DAGs
[2025-05-31T21:19:17.889-0300] {logging_mixin.py:188} INFO - [2025-05-31T21:19:17.888-0300] {dag.py:3823} INFO - Setting next_dagrun for chamar_api_vendas to 2025-06-01 00:19:00+00:00, run_after=2025-06-01 00:20:00+00:00
[2025-05-31T21:19:17.911-0300] {processor.py:183} INFO - Processing /home/walterg/Documentos/Data_projects/Data-Warehouse-postgres-DBT-airflow-/airflow/dags/chamar_api_vendas.py took 0.065 seconds
[2025-05-31T21:19:57.627-0300] {processor.py:161} INFO - Started process (PID=38449) to work on /home/walterg/Documentos/Data_projects/Data-Warehouse-postgres-DBT-airflow-/airflow/dags/chamar_api_vendas.py
[2025-05-31T21:19:57.632-0300] {processor.py:830} INFO - Processing file /home/walterg/Documentos/Data_projects/Data-Warehouse-postgres-DBT-airflow-/airflow/dags/chamar_api_vendas.py for tasks to queue
[2025-05-31T21:19:57.633-0300] {logging_mixin.py:188} INFO - [2025-05-31T21:19:57.632-0300] {dagbag.py:538} INFO - Filling up the DagBag from /home/walterg/Documentos/Data_projects/Data-Warehouse-postgres-DBT-airflow-/airflow/dags/chamar_api_vendas.py
[2025-05-31T21:19:57.639-0300] {processor.py:840} INFO - DAG(s) 'chamar_api_vendas' retrieved from /home/walterg/Documentos/Data_projects/Data-Warehouse-postgres-DBT-airflow-/airflow/dags/chamar_api_vendas.py
[2025-05-31T21:19:57.650-0300] {logging_mixin.py:188} INFO - [2025-05-31T21:19:57.650-0300] {dag.py:3036} INFO - Sync 1 DAGs
[2025-05-31T21:19:57.764-0300] {logging_mixin.py:188} INFO - [2025-05-31T21:19:57.764-0300] {dag.py:3823} INFO - Setting next_dagrun for chamar_api_vendas to 2025-06-01 00:19:00+00:00, run_after=2025-06-01 00:20:00+00:00
[2025-05-31T21:19:57.783-0300] {processor.py:183} INFO - Processing /home/walterg/Documentos/Data_projects/Data-Warehouse-postgres-DBT-airflow-/airflow/dags/chamar_api_vendas.py took 0.159 seconds
[2025-05-31T21:20:41.365-0300] {processor.py:161} INFO - Started process (PID=38628) to work on /home/walterg/Documentos/Data_projects/Data-Warehouse-postgres-DBT-airflow-/airflow/dags/chamar_api_vendas.py
[2025-05-31T21:20:41.366-0300] {processor.py:830} INFO - Processing file /home/walterg/Documentos/Data_projects/Data-Warehouse-postgres-DBT-airflow-/airflow/dags/chamar_api_vendas.py for tasks to queue
[2025-05-31T21:20:41.366-0300] {logging_mixin.py:188} INFO - [2025-05-31T21:20:41.366-0300] {dagbag.py:538} INFO - Filling up the DagBag from /home/walterg/Documentos/Data_projects/Data-Warehouse-postgres-DBT-airflow-/airflow/dags/chamar_api_vendas.py
[2025-05-31T21:20:41.375-0300] {processor.py:840} INFO - DAG(s) 'chamar_api_vendas' retrieved from /home/walterg/Documentos/Data_projects/Data-Warehouse-postgres-DBT-airflow-/airflow/dags/chamar_api_vendas.py
[2025-05-31T21:20:41.388-0300] {logging_mixin.py:188} INFO - [2025-05-31T21:20:41.388-0300] {dag.py:3036} INFO - Sync 1 DAGs
[2025-05-31T21:20:41.403-0300] {logging_mixin.py:188} INFO - [2025-05-31T21:20:41.403-0300] {dag.py:3823} INFO - Setting next_dagrun for chamar_api_vendas to 2025-06-01 00:20:00+00:00, run_after=2025-06-01 00:21:00+00:00
[2025-05-31T21:20:41.419-0300] {processor.py:183} INFO - Processing /home/walterg/Documentos/Data_projects/Data-Warehouse-postgres-DBT-airflow-/airflow/dags/chamar_api_vendas.py took 0.057 seconds
[2025-05-31T21:21:20.212-0300] {processor.py:161} INFO - Started process (PID=38844) to work on /home/walterg/Documentos/Data_projects/Data-Warehouse-postgres-DBT-airflow-/airflow/dags/chamar_api_vendas.py
[2025-05-31T21:21:20.217-0300] {processor.py:830} INFO - Processing file /home/walterg/Documentos/Data_projects/Data-Warehouse-postgres-DBT-airflow-/airflow/dags/chamar_api_vendas.py for tasks to queue
[2025-05-31T21:21:20.219-0300] {logging_mixin.py:188} INFO - [2025-05-31T21:21:20.218-0300] {dagbag.py:538} INFO - Filling up the DagBag from /home/walterg/Documentos/Data_projects/Data-Warehouse-postgres-DBT-airflow-/airflow/dags/chamar_api_vendas.py
[2025-05-31T21:21:20.225-0300] {processor.py:840} INFO - DAG(s) 'chamar_api_vendas' retrieved from /home/walterg/Documentos/Data_projects/Data-Warehouse-postgres-DBT-airflow-/airflow/dags/chamar_api_vendas.py
[2025-05-31T21:21:20.236-0300] {logging_mixin.py:188} INFO - [2025-05-31T21:21:20.236-0300] {dag.py:3036} INFO - Sync 1 DAGs
[2025-05-31T21:21:20.354-0300] {logging_mixin.py:188} INFO - [2025-05-31T21:21:20.353-0300] {dag.py:3823} INFO - Setting next_dagrun for chamar_api_vendas to 2025-06-01 00:21:00+00:00, run_after=2025-06-01 00:22:00+00:00
[2025-05-31T21:21:20.373-0300] {processor.py:183} INFO - Processing /home/walterg/Documentos/Data_projects/Data-Warehouse-postgres-DBT-airflow-/airflow/dags/chamar_api_vendas.py took 0.163 seconds
[2025-05-31T21:22:01.616-0300] {processor.py:161} INFO - Started process (PID=39057) to work on /home/walterg/Documentos/Data_projects/Data-Warehouse-postgres-DBT-airflow-/airflow/dags/chamar_api_vendas.py
[2025-05-31T21:22:01.623-0300] {processor.py:830} INFO - Processing file /home/walterg/Documentos/Data_projects/Data-Warehouse-postgres-DBT-airflow-/airflow/dags/chamar_api_vendas.py for tasks to queue
[2025-05-31T21:22:01.624-0300] {logging_mixin.py:188} INFO - [2025-05-31T21:22:01.623-0300] {dagbag.py:538} INFO - Filling up the DagBag from /home/walterg/Documentos/Data_projects/Data-Warehouse-postgres-DBT-airflow-/airflow/dags/chamar_api_vendas.py
[2025-05-31T21:22:01.630-0300] {processor.py:840} INFO - DAG(s) 'chamar_api_vendas' retrieved from /home/walterg/Documentos/Data_projects/Data-Warehouse-postgres-DBT-airflow-/airflow/dags/chamar_api_vendas.py
[2025-05-31T21:22:01.642-0300] {logging_mixin.py:188} INFO - [2025-05-31T21:22:01.642-0300] {dag.py:3036} INFO - Sync 1 DAGs
[2025-05-31T21:22:01.656-0300] {logging_mixin.py:188} INFO - [2025-05-31T21:22:01.656-0300] {dag.py:3823} INFO - Setting next_dagrun for chamar_api_vendas to 2025-06-01 00:21:00+00:00, run_after=2025-06-01 00:22:00+00:00
[2025-05-31T21:22:01.673-0300] {processor.py:183} INFO - Processing /home/walterg/Documentos/Data_projects/Data-Warehouse-postgres-DBT-airflow-/airflow/dags/chamar_api_vendas.py took 0.059 seconds
[2025-05-31T21:22:46.102-0300] {processor.py:161} INFO - Started process (PID=39343) to work on /home/walterg/Documentos/Data_projects/Data-Warehouse-postgres-DBT-airflow-/airflow/dags/chamar_api_vendas.py
[2025-05-31T21:22:46.107-0300] {processor.py:830} INFO - Processing file /home/walterg/Documentos/Data_projects/Data-Warehouse-postgres-DBT-airflow-/airflow/dags/chamar_api_vendas.py for tasks to queue
[2025-05-31T21:22:46.108-0300] {logging_mixin.py:188} INFO - [2025-05-31T21:22:46.108-0300] {dagbag.py:538} INFO - Filling up the DagBag from /home/walterg/Documentos/Data_projects/Data-Warehouse-postgres-DBT-airflow-/airflow/dags/chamar_api_vendas.py
[2025-05-31T21:22:46.115-0300] {processor.py:840} INFO - DAG(s) 'chamar_api_vendas' retrieved from /home/walterg/Documentos/Data_projects/Data-Warehouse-postgres-DBT-airflow-/airflow/dags/chamar_api_vendas.py
[2025-05-31T21:22:46.127-0300] {logging_mixin.py:188} INFO - [2025-05-31T21:22:46.127-0300] {dag.py:3036} INFO - Sync 1 DAGs
[2025-05-31T21:22:46.246-0300] {logging_mixin.py:188} INFO - [2025-05-31T21:22:46.246-0300] {dag.py:3823} INFO - Setting next_dagrun for chamar_api_vendas to 2025-06-01 00:22:00+00:00, run_after=2025-06-01 00:23:00+00:00
[2025-05-31T21:22:46.262-0300] {processor.py:183} INFO - Processing /home/walterg/Documentos/Data_projects/Data-Warehouse-postgres-DBT-airflow-/airflow/dags/chamar_api_vendas.py took 0.162 seconds
[2025-05-31T21:23:31.121-0300] {processor.py:161} INFO - Started process (PID=39552) to work on /home/walterg/Documentos/Data_projects/Data-Warehouse-postgres-DBT-airflow-/airflow/dags/chamar_api_vendas.py
[2025-05-31T21:23:31.126-0300] {processor.py:830} INFO - Processing file /home/walterg/Documentos/Data_projects/Data-Warehouse-postgres-DBT-airflow-/airflow/dags/chamar_api_vendas.py for tasks to queue
[2025-05-31T21:23:31.127-0300] {logging_mixin.py:188} INFO - [2025-05-31T21:23:31.127-0300] {dagbag.py:538} INFO - Filling up the DagBag from /home/walterg/Documentos/Data_projects/Data-Warehouse-postgres-DBT-airflow-/airflow/dags/chamar_api_vendas.py
[2025-05-31T21:23:31.135-0300] {processor.py:840} INFO - DAG(s) 'chamar_api_vendas' retrieved from /home/walterg/Documentos/Data_projects/Data-Warehouse-postgres-DBT-airflow-/airflow/dags/chamar_api_vendas.py
[2025-05-31T21:23:31.148-0300] {logging_mixin.py:188} INFO - [2025-05-31T21:23:31.148-0300] {dag.py:3036} INFO - Sync 1 DAGs
[2025-05-31T21:23:31.163-0300] {logging_mixin.py:188} INFO - [2025-05-31T21:23:31.163-0300] {dag.py:3823} INFO - Setting next_dagrun for chamar_api_vendas to 2025-06-01 00:23:00+00:00, run_after=2025-06-01 00:24:00+00:00
[2025-05-31T21:23:31.183-0300] {processor.py:183} INFO - Processing /home/walterg/Documentos/Data_projects/Data-Warehouse-postgres-DBT-airflow-/airflow/dags/chamar_api_vendas.py took 0.066 seconds
[2025-05-31T21:24:17.433-0300] {processor.py:161} INFO - Started process (PID=39730) to work on /home/walterg/Documentos/Data_projects/Data-Warehouse-postgres-DBT-airflow-/airflow/dags/chamar_api_vendas.py
[2025-05-31T21:24:17.434-0300] {processor.py:830} INFO - Processing file /home/walterg/Documentos/Data_projects/Data-Warehouse-postgres-DBT-airflow-/airflow/dags/chamar_api_vendas.py for tasks to queue
[2025-05-31T21:24:17.434-0300] {logging_mixin.py:188} INFO - [2025-05-31T21:24:17.434-0300] {dagbag.py:538} INFO - Filling up the DagBag from /home/walterg/Documentos/Data_projects/Data-Warehouse-postgres-DBT-airflow-/airflow/dags/chamar_api_vendas.py
[2025-05-31T21:24:17.441-0300] {processor.py:840} INFO - DAG(s) 'chamar_api_vendas' retrieved from /home/walterg/Documentos/Data_projects/Data-Warehouse-postgres-DBT-airflow-/airflow/dags/chamar_api_vendas.py
[2025-05-31T21:24:17.452-0300] {logging_mixin.py:188} INFO - [2025-05-31T21:24:17.452-0300] {dag.py:3036} INFO - Sync 1 DAGs
[2025-05-31T21:24:17.578-0300] {logging_mixin.py:188} INFO - [2025-05-31T21:24:17.578-0300] {dag.py:3823} INFO - Setting next_dagrun for chamar_api_vendas to 2025-06-01 00:24:00+00:00, run_after=2025-06-01 00:25:00+00:00
[2025-05-31T21:24:17.603-0300] {processor.py:183} INFO - Processing /home/walterg/Documentos/Data_projects/Data-Warehouse-postgres-DBT-airflow-/airflow/dags/chamar_api_vendas.py took 0.173 seconds
[2025-05-31T21:25:09.214-0300] {processor.py:161} INFO - Started process (PID=39948) to work on /home/walterg/Documentos/Data_projects/Data-Warehouse-postgres-DBT-airflow-/airflow/dags/chamar_api_vendas.py
[2025-05-31T21:25:09.215-0300] {processor.py:830} INFO - Processing file /home/walterg/Documentos/Data_projects/Data-Warehouse-postgres-DBT-airflow-/airflow/dags/chamar_api_vendas.py for tasks to queue
[2025-05-31T21:25:09.216-0300] {logging_mixin.py:188} INFO - [2025-05-31T21:25:09.216-0300] {dagbag.py:538} INFO - Filling up the DagBag from /home/walterg/Documentos/Data_projects/Data-Warehouse-postgres-DBT-airflow-/airflow/dags/chamar_api_vendas.py
[2025-05-31T21:25:09.225-0300] {processor.py:840} INFO - DAG(s) 'chamar_api_vendas' retrieved from /home/walterg/Documentos/Data_projects/Data-Warehouse-postgres-DBT-airflow-/airflow/dags/chamar_api_vendas.py
[2025-05-31T21:25:09.239-0300] {logging_mixin.py:188} INFO - [2025-05-31T21:25:09.239-0300] {dag.py:3036} INFO - Sync 1 DAGs
[2025-05-31T21:25:09.257-0300] {logging_mixin.py:188} INFO - [2025-05-31T21:25:09.257-0300] {dag.py:3823} INFO - Setting next_dagrun for chamar_api_vendas to 2025-06-01 00:25:00+00:00, run_after=2025-06-01 00:26:00+00:00
[2025-05-31T21:25:09.277-0300] {processor.py:183} INFO - Processing /home/walterg/Documentos/Data_projects/Data-Warehouse-postgres-DBT-airflow-/airflow/dags/chamar_api_vendas.py took 0.067 seconds
[2025-05-31T21:25:50.962-0300] {processor.py:161} INFO - Started process (PID=40279) to work on /home/walterg/Documentos/Data_projects/Data-Warehouse-postgres-DBT-airflow-/airflow/dags/chamar_api_vendas.py
[2025-05-31T21:25:50.963-0300] {processor.py:830} INFO - Processing file /home/walterg/Documentos/Data_projects/Data-Warehouse-postgres-DBT-airflow-/airflow/dags/chamar_api_vendas.py for tasks to queue
[2025-05-31T21:25:50.964-0300] {logging_mixin.py:188} INFO - [2025-05-31T21:25:50.964-0300] {dagbag.py:538} INFO - Filling up the DagBag from /home/walterg/Documentos/Data_projects/Data-Warehouse-postgres-DBT-airflow-/airflow/dags/chamar_api_vendas.py
[2025-05-31T21:25:50.971-0300] {processor.py:840} INFO - DAG(s) 'chamar_api_vendas' retrieved from /home/walterg/Documentos/Data_projects/Data-Warehouse-postgres-DBT-airflow-/airflow/dags/chamar_api_vendas.py
[2025-05-31T21:25:50.982-0300] {logging_mixin.py:188} INFO - [2025-05-31T21:25:50.982-0300] {dag.py:3036} INFO - Sync 1 DAGs
[2025-05-31T21:25:50.997-0300] {logging_mixin.py:188} INFO - [2025-05-31T21:25:50.996-0300] {dag.py:3823} INFO - Setting next_dagrun for chamar_api_vendas to 2025-06-01 00:25:00+00:00, run_after=2025-06-01 00:26:00+00:00
[2025-05-31T21:25:51.014-0300] {processor.py:183} INFO - Processing /home/walterg/Documentos/Data_projects/Data-Warehouse-postgres-DBT-airflow-/airflow/dags/chamar_api_vendas.py took 0.054 seconds
[2025-05-31T21:26:29.792-0300] {processor.py:161} INFO - Started process (PID=40561) to work on /home/walterg/Documentos/Data_projects/Data-Warehouse-postgres-DBT-airflow-/airflow/dags/chamar_api_vendas.py
[2025-05-31T21:26:29.797-0300] {processor.py:830} INFO - Processing file /home/walterg/Documentos/Data_projects/Data-Warehouse-postgres-DBT-airflow-/airflow/dags/chamar_api_vendas.py for tasks to queue
[2025-05-31T21:26:29.798-0300] {logging_mixin.py:188} INFO - [2025-05-31T21:26:29.798-0300] {dagbag.py:538} INFO - Filling up the DagBag from /home/walterg/Documentos/Data_projects/Data-Warehouse-postgres-DBT-airflow-/airflow/dags/chamar_api_vendas.py
[2025-05-31T21:26:29.805-0300] {processor.py:840} INFO - DAG(s) 'chamar_api_vendas' retrieved from /home/walterg/Documentos/Data_projects/Data-Warehouse-postgres-DBT-airflow-/airflow/dags/chamar_api_vendas.py
[2025-05-31T21:26:29.816-0300] {logging_mixin.py:188} INFO - [2025-05-31T21:26:29.816-0300] {dag.py:3036} INFO - Sync 1 DAGs
[2025-05-31T21:26:29.830-0300] {logging_mixin.py:188} INFO - [2025-05-31T21:26:29.830-0300] {dag.py:3823} INFO - Setting next_dagrun for chamar_api_vendas to 2025-06-01 00:26:00+00:00, run_after=2025-06-01 00:27:00+00:00
[2025-05-31T21:26:29.847-0300] {processor.py:183} INFO - Processing /home/walterg/Documentos/Data_projects/Data-Warehouse-postgres-DBT-airflow-/airflow/dags/chamar_api_vendas.py took 0.057 seconds
[2025-05-31T21:27:12.462-0300] {processor.py:161} INFO - Started process (PID=40825) to work on /home/walterg/Documentos/Data_projects/Data-Warehouse-postgres-DBT-airflow-/airflow/dags/chamar_api_vendas.py
[2025-05-31T21:27:12.467-0300] {processor.py:830} INFO - Processing file /home/walterg/Documentos/Data_projects/Data-Warehouse-postgres-DBT-airflow-/airflow/dags/chamar_api_vendas.py for tasks to queue
[2025-05-31T21:27:12.468-0300] {logging_mixin.py:188} INFO - [2025-05-31T21:27:12.467-0300] {dagbag.py:538} INFO - Filling up the DagBag from /home/walterg/Documentos/Data_projects/Data-Warehouse-postgres-DBT-airflow-/airflow/dags/chamar_api_vendas.py
[2025-05-31T21:27:12.475-0300] {processor.py:840} INFO - DAG(s) 'chamar_api_vendas' retrieved from /home/walterg/Documentos/Data_projects/Data-Warehouse-postgres-DBT-airflow-/airflow/dags/chamar_api_vendas.py
[2025-05-31T21:27:12.486-0300] {logging_mixin.py:188} INFO - [2025-05-31T21:27:12.486-0300] {dag.py:3036} INFO - Sync 1 DAGs
[2025-05-31T21:27:12.500-0300] {logging_mixin.py:188} INFO - [2025-05-31T21:27:12.500-0300] {dag.py:3823} INFO - Setting next_dagrun for chamar_api_vendas to 2025-06-01 00:27:00+00:00, run_after=2025-06-01 00:28:00+00:00
[2025-05-31T21:27:12.517-0300] {processor.py:183} INFO - Processing /home/walterg/Documentos/Data_projects/Data-Warehouse-postgres-DBT-airflow-/airflow/dags/chamar_api_vendas.py took 0.057 seconds
[2025-05-31T21:27:51.454-0300] {processor.py:161} INFO - Started process (PID=41222) to work on /home/walterg/Documentos/Data_projects/Data-Warehouse-postgres-DBT-airflow-/airflow/dags/chamar_api_vendas.py
[2025-05-31T21:27:51.459-0300] {processor.py:830} INFO - Processing file /home/walterg/Documentos/Data_projects/Data-Warehouse-postgres-DBT-airflow-/airflow/dags/chamar_api_vendas.py for tasks to queue
[2025-05-31T21:27:51.461-0300] {logging_mixin.py:188} INFO - [2025-05-31T21:27:51.460-0300] {dagbag.py:538} INFO - Filling up the DagBag from /home/walterg/Documentos/Data_projects/Data-Warehouse-postgres-DBT-airflow-/airflow/dags/chamar_api_vendas.py
[2025-05-31T21:27:51.467-0300] {processor.py:840} INFO - DAG(s) 'chamar_api_vendas' retrieved from /home/walterg/Documentos/Data_projects/Data-Warehouse-postgres-DBT-airflow-/airflow/dags/chamar_api_vendas.py
[2025-05-31T21:27:51.478-0300] {logging_mixin.py:188} INFO - [2025-05-31T21:27:51.478-0300] {dag.py:3036} INFO - Sync 1 DAGs
[2025-05-31T21:27:51.493-0300] {logging_mixin.py:188} INFO - [2025-05-31T21:27:51.493-0300] {dag.py:3823} INFO - Setting next_dagrun for chamar_api_vendas to 2025-06-01 00:27:00+00:00, run_after=2025-06-01 00:28:00+00:00
[2025-05-31T21:27:51.510-0300] {processor.py:183} INFO - Processing /home/walterg/Documentos/Data_projects/Data-Warehouse-postgres-DBT-airflow-/airflow/dags/chamar_api_vendas.py took 0.058 seconds
[2025-05-31T21:28:34.107-0300] {processor.py:161} INFO - Started process (PID=41405) to work on /home/walterg/Documentos/Data_projects/Data-Warehouse-postgres-DBT-airflow-/airflow/dags/chamar_api_vendas.py
[2025-05-31T21:28:34.112-0300] {processor.py:830} INFO - Processing file /home/walterg/Documentos/Data_projects/Data-Warehouse-postgres-DBT-airflow-/airflow/dags/chamar_api_vendas.py for tasks to queue
[2025-05-31T21:28:34.113-0300] {logging_mixin.py:188} INFO - [2025-05-31T21:28:34.113-0300] {dagbag.py:538} INFO - Filling up the DagBag from /home/walterg/Documentos/Data_projects/Data-Warehouse-postgres-DBT-airflow-/airflow/dags/chamar_api_vendas.py
[2025-05-31T21:28:34.120-0300] {processor.py:840} INFO - DAG(s) 'chamar_api_vendas' retrieved from /home/walterg/Documentos/Data_projects/Data-Warehouse-postgres-DBT-airflow-/airflow/dags/chamar_api_vendas.py
[2025-05-31T21:28:34.132-0300] {logging_mixin.py:188} INFO - [2025-05-31T21:28:34.132-0300] {dag.py:3036} INFO - Sync 1 DAGs
[2025-05-31T21:28:34.146-0300] {logging_mixin.py:188} INFO - [2025-05-31T21:28:34.146-0300] {dag.py:3823} INFO - Setting next_dagrun for chamar_api_vendas to 2025-06-01 00:28:00+00:00, run_after=2025-06-01 00:29:00+00:00
[2025-05-31T21:28:34.162-0300] {processor.py:183} INFO - Processing /home/walterg/Documentos/Data_projects/Data-Warehouse-postgres-DBT-airflow-/airflow/dags/chamar_api_vendas.py took 0.058 seconds
[2025-05-31T21:29:14.189-0300] {processor.py:161} INFO - Started process (PID=41616) to work on /home/walterg/Documentos/Data_projects/Data-Warehouse-postgres-DBT-airflow-/airflow/dags/chamar_api_vendas.py
[2025-05-31T21:29:14.194-0300] {processor.py:830} INFO - Processing file /home/walterg/Documentos/Data_projects/Data-Warehouse-postgres-DBT-airflow-/airflow/dags/chamar_api_vendas.py for tasks to queue
[2025-05-31T21:29:14.194-0300] {logging_mixin.py:188} INFO - [2025-05-31T21:29:14.194-0300] {dagbag.py:538} INFO - Filling up the DagBag from /home/walterg/Documentos/Data_projects/Data-Warehouse-postgres-DBT-airflow-/airflow/dags/chamar_api_vendas.py
[2025-05-31T21:29:14.201-0300] {processor.py:840} INFO - DAG(s) 'chamar_api_vendas' retrieved from /home/walterg/Documentos/Data_projects/Data-Warehouse-postgres-DBT-airflow-/airflow/dags/chamar_api_vendas.py
[2025-05-31T21:29:14.212-0300] {logging_mixin.py:188} INFO - [2025-05-31T21:29:14.212-0300] {dag.py:3036} INFO - Sync 1 DAGs
[2025-05-31T21:29:14.227-0300] {logging_mixin.py:188} INFO - [2025-05-31T21:29:14.227-0300] {dag.py:3823} INFO - Setting next_dagrun for chamar_api_vendas to 2025-06-01 00:29:00+00:00, run_after=2025-06-01 00:30:00+00:00
[2025-05-31T21:29:14.245-0300] {processor.py:183} INFO - Processing /home/walterg/Documentos/Data_projects/Data-Warehouse-postgres-DBT-airflow-/airflow/dags/chamar_api_vendas.py took 0.059 seconds
[2025-05-31T21:29:52.995-0300] {processor.py:161} INFO - Started process (PID=41712) to work on /home/walterg/Documentos/Data_projects/Data-Warehouse-postgres-DBT-airflow-/airflow/dags/chamar_api_vendas.py
[2025-05-31T21:29:53.000-0300] {processor.py:830} INFO - Processing file /home/walterg/Documentos/Data_projects/Data-Warehouse-postgres-DBT-airflow-/airflow/dags/chamar_api_vendas.py for tasks to queue
[2025-05-31T21:29:53.001-0300] {logging_mixin.py:188} INFO - [2025-05-31T21:29:53.000-0300] {dagbag.py:538} INFO - Filling up the DagBag from /home/walterg/Documentos/Data_projects/Data-Warehouse-postgres-DBT-airflow-/airflow/dags/chamar_api_vendas.py
[2025-05-31T21:29:53.007-0300] {processor.py:840} INFO - DAG(s) 'chamar_api_vendas' retrieved from /home/walterg/Documentos/Data_projects/Data-Warehouse-postgres-DBT-airflow-/airflow/dags/chamar_api_vendas.py
[2025-05-31T21:29:53.019-0300] {logging_mixin.py:188} INFO - [2025-05-31T21:29:53.018-0300] {dag.py:3036} INFO - Sync 1 DAGs
[2025-05-31T21:29:53.033-0300] {logging_mixin.py:188} INFO - [2025-05-31T21:29:53.033-0300] {dag.py:3823} INFO - Setting next_dagrun for chamar_api_vendas to 2025-06-01 00:29:00+00:00, run_after=2025-06-01 00:30:00+00:00
[2025-05-31T21:29:53.049-0300] {processor.py:183} INFO - Processing /home/walterg/Documentos/Data_projects/Data-Warehouse-postgres-DBT-airflow-/airflow/dags/chamar_api_vendas.py took 0.057 seconds
[2025-05-31T21:30:33.540-0300] {processor.py:161} INFO - Started process (PID=41880) to work on /home/walterg/Documentos/Data_projects/Data-Warehouse-postgres-DBT-airflow-/airflow/dags/chamar_api_vendas.py
[2025-05-31T21:30:33.545-0300] {processor.py:830} INFO - Processing file /home/walterg/Documentos/Data_projects/Data-Warehouse-postgres-DBT-airflow-/airflow/dags/chamar_api_vendas.py for tasks to queue
[2025-05-31T21:30:33.547-0300] {logging_mixin.py:188} INFO - [2025-05-31T21:30:33.546-0300] {dagbag.py:538} INFO - Filling up the DagBag from /home/walterg/Documentos/Data_projects/Data-Warehouse-postgres-DBT-airflow-/airflow/dags/chamar_api_vendas.py
[2025-05-31T21:30:33.553-0300] {processor.py:840} INFO - DAG(s) 'chamar_api_vendas' retrieved from /home/walterg/Documentos/Data_projects/Data-Warehouse-postgres-DBT-airflow-/airflow/dags/chamar_api_vendas.py
[2025-05-31T21:30:33.566-0300] {logging_mixin.py:188} INFO - [2025-05-31T21:30:33.566-0300] {dag.py:3036} INFO - Sync 1 DAGs
[2025-05-31T21:30:33.582-0300] {logging_mixin.py:188} INFO - [2025-05-31T21:30:33.582-0300] {dag.py:3823} INFO - Setting next_dagrun for chamar_api_vendas to 2025-06-01 00:30:00+00:00, run_after=2025-06-01 00:31:00+00:00
[2025-05-31T21:30:33.600-0300] {processor.py:183} INFO - Processing /home/walterg/Documentos/Data_projects/Data-Warehouse-postgres-DBT-airflow-/airflow/dags/chamar_api_vendas.py took 0.062 seconds
[2025-05-31T21:31:12.951-0300] {processor.py:161} INFO - Started process (PID=42107) to work on /home/walterg/Documentos/Data_projects/Data-Warehouse-postgres-DBT-airflow-/airflow/dags/chamar_api_vendas.py
[2025-05-31T21:31:12.957-0300] {processor.py:830} INFO - Processing file /home/walterg/Documentos/Data_projects/Data-Warehouse-postgres-DBT-airflow-/airflow/dags/chamar_api_vendas.py for tasks to queue
[2025-05-31T21:31:12.958-0300] {logging_mixin.py:188} INFO - [2025-05-31T21:31:12.958-0300] {dagbag.py:538} INFO - Filling up the DagBag from /home/walterg/Documentos/Data_projects/Data-Warehouse-postgres-DBT-airflow-/airflow/dags/chamar_api_vendas.py
[2025-05-31T21:31:12.967-0300] {processor.py:840} INFO - DAG(s) 'chamar_api_vendas' retrieved from /home/walterg/Documentos/Data_projects/Data-Warehouse-postgres-DBT-airflow-/airflow/dags/chamar_api_vendas.py
[2025-05-31T21:31:12.980-0300] {logging_mixin.py:188} INFO - [2025-05-31T21:31:12.979-0300] {dag.py:3036} INFO - Sync 1 DAGs
[2025-05-31T21:31:12.994-0300] {logging_mixin.py:188} INFO - [2025-05-31T21:31:12.994-0300] {dag.py:3823} INFO - Setting next_dagrun for chamar_api_vendas to 2025-06-01 00:31:00+00:00, run_after=2025-06-01 00:32:00+00:00
[2025-05-31T21:31:13.010-0300] {processor.py:183} INFO - Processing /home/walterg/Documentos/Data_projects/Data-Warehouse-postgres-DBT-airflow-/airflow/dags/chamar_api_vendas.py took 0.063 seconds
[2025-05-31T21:31:51.727-0300] {processor.py:161} INFO - Started process (PID=42189) to work on /home/walterg/Documentos/Data_projects/Data-Warehouse-postgres-DBT-airflow-/airflow/dags/chamar_api_vendas.py
[2025-05-31T21:31:51.732-0300] {processor.py:830} INFO - Processing file /home/walterg/Documentos/Data_projects/Data-Warehouse-postgres-DBT-airflow-/airflow/dags/chamar_api_vendas.py for tasks to queue
[2025-05-31T21:31:51.733-0300] {logging_mixin.py:188} INFO - [2025-05-31T21:31:51.733-0300] {dagbag.py:538} INFO - Filling up the DagBag from /home/walterg/Documentos/Data_projects/Data-Warehouse-postgres-DBT-airflow-/airflow/dags/chamar_api_vendas.py
[2025-05-31T21:31:51.740-0300] {processor.py:840} INFO - DAG(s) 'chamar_api_vendas' retrieved from /home/walterg/Documentos/Data_projects/Data-Warehouse-postgres-DBT-airflow-/airflow/dags/chamar_api_vendas.py
[2025-05-31T21:31:51.752-0300] {logging_mixin.py:188} INFO - [2025-05-31T21:31:51.751-0300] {dag.py:3036} INFO - Sync 1 DAGs
[2025-05-31T21:31:51.767-0300] {logging_mixin.py:188} INFO - [2025-05-31T21:31:51.767-0300] {dag.py:3823} INFO - Setting next_dagrun for chamar_api_vendas to 2025-06-01 00:31:00+00:00, run_after=2025-06-01 00:32:00+00:00
[2025-05-31T21:31:51.784-0300] {processor.py:183} INFO - Processing /home/walterg/Documentos/Data_projects/Data-Warehouse-postgres-DBT-airflow-/airflow/dags/chamar_api_vendas.py took 0.060 seconds
[2025-05-31T21:32:32.633-0300] {processor.py:161} INFO - Started process (PID=42476) to work on /home/walterg/Documentos/Data_projects/Data-Warehouse-postgres-DBT-airflow-/airflow/dags/chamar_api_vendas.py
[2025-05-31T21:32:32.638-0300] {processor.py:830} INFO - Processing file /home/walterg/Documentos/Data_projects/Data-Warehouse-postgres-DBT-airflow-/airflow/dags/chamar_api_vendas.py for tasks to queue
[2025-05-31T21:32:32.639-0300] {logging_mixin.py:188} INFO - [2025-05-31T21:32:32.639-0300] {dagbag.py:538} INFO - Filling up the DagBag from /home/walterg/Documentos/Data_projects/Data-Warehouse-postgres-DBT-airflow-/airflow/dags/chamar_api_vendas.py
[2025-05-31T21:32:32.646-0300] {processor.py:840} INFO - DAG(s) 'chamar_api_vendas' retrieved from /home/walterg/Documentos/Data_projects/Data-Warehouse-postgres-DBT-airflow-/airflow/dags/chamar_api_vendas.py
[2025-05-31T21:32:32.657-0300] {logging_mixin.py:188} INFO - [2025-05-31T21:32:32.657-0300] {dag.py:3036} INFO - Sync 1 DAGs
[2025-05-31T21:32:32.671-0300] {logging_mixin.py:188} INFO - [2025-05-31T21:32:32.671-0300] {dag.py:3823} INFO - Setting next_dagrun for chamar_api_vendas to 2025-06-01 00:32:00+00:00, run_after=2025-06-01 00:33:00+00:00
[2025-05-31T21:32:32.687-0300] {processor.py:183} INFO - Processing /home/walterg/Documentos/Data_projects/Data-Warehouse-postgres-DBT-airflow-/airflow/dags/chamar_api_vendas.py took 0.057 seconds
[2025-05-31T21:33:17.733-0300] {processor.py:161} INFO - Started process (PID=42848) to work on /home/walterg/Documentos/Data_projects/Data-Warehouse-postgres-DBT-airflow-/airflow/dags/chamar_api_vendas.py
[2025-05-31T21:33:17.739-0300] {processor.py:830} INFO - Processing file /home/walterg/Documentos/Data_projects/Data-Warehouse-postgres-DBT-airflow-/airflow/dags/chamar_api_vendas.py for tasks to queue
[2025-05-31T21:33:17.740-0300] {logging_mixin.py:188} INFO - [2025-05-31T21:33:17.739-0300] {dagbag.py:538} INFO - Filling up the DagBag from /home/walterg/Documentos/Data_projects/Data-Warehouse-postgres-DBT-airflow-/airflow/dags/chamar_api_vendas.py
[2025-05-31T21:33:17.746-0300] {processor.py:840} INFO - DAG(s) 'chamar_api_vendas' retrieved from /home/walterg/Documentos/Data_projects/Data-Warehouse-postgres-DBT-airflow-/airflow/dags/chamar_api_vendas.py
[2025-05-31T21:33:17.757-0300] {logging_mixin.py:188} INFO - [2025-05-31T21:33:17.757-0300] {dag.py:3036} INFO - Sync 1 DAGs
[2025-05-31T21:33:17.771-0300] {logging_mixin.py:188} INFO - [2025-05-31T21:33:17.771-0300] {dag.py:3823} INFO - Setting next_dagrun for chamar_api_vendas to 2025-06-01 00:33:00+00:00, run_after=2025-06-01 00:34:00+00:00
[2025-05-31T21:33:17.787-0300] {processor.py:183} INFO - Processing /home/walterg/Documentos/Data_projects/Data-Warehouse-postgres-DBT-airflow-/airflow/dags/chamar_api_vendas.py took 0.056 seconds
[2025-05-31T21:33:57.442-0300] {processor.py:161} INFO - Started process (PID=42915) to work on /home/walterg/Documentos/Data_projects/Data-Warehouse-postgres-DBT-airflow-/airflow/dags/chamar_api_vendas.py
[2025-05-31T21:33:57.447-0300] {processor.py:830} INFO - Processing file /home/walterg/Documentos/Data_projects/Data-Warehouse-postgres-DBT-airflow-/airflow/dags/chamar_api_vendas.py for tasks to queue
[2025-05-31T21:33:57.448-0300] {logging_mixin.py:188} INFO - [2025-05-31T21:33:57.448-0300] {dagbag.py:538} INFO - Filling up the DagBag from /home/walterg/Documentos/Data_projects/Data-Warehouse-postgres-DBT-airflow-/airflow/dags/chamar_api_vendas.py
[2025-05-31T21:33:57.455-0300] {processor.py:840} INFO - DAG(s) 'chamar_api_vendas' retrieved from /home/walterg/Documentos/Data_projects/Data-Warehouse-postgres-DBT-airflow-/airflow/dags/chamar_api_vendas.py
[2025-05-31T21:33:57.466-0300] {logging_mixin.py:188} INFO - [2025-05-31T21:33:57.466-0300] {dag.py:3036} INFO - Sync 1 DAGs
[2025-05-31T21:33:57.480-0300] {logging_mixin.py:188} INFO - [2025-05-31T21:33:57.480-0300] {dag.py:3823} INFO - Setting next_dagrun for chamar_api_vendas to 2025-06-01 00:33:00+00:00, run_after=2025-06-01 00:34:00+00:00
[2025-05-31T21:33:57.496-0300] {processor.py:183} INFO - Processing /home/walterg/Documentos/Data_projects/Data-Warehouse-postgres-DBT-airflow-/airflow/dags/chamar_api_vendas.py took 0.056 seconds
[2025-05-31T21:34:33.343-0300] {processor.py:161} INFO - Started process (PID=43029) to work on /home/walterg/Documentos/Data_projects/Data-Warehouse-postgres-DBT-airflow-/airflow/dags/chamar_api_vendas.py
[2025-05-31T21:34:33.348-0300] {processor.py:830} INFO - Processing file /home/walterg/Documentos/Data_projects/Data-Warehouse-postgres-DBT-airflow-/airflow/dags/chamar_api_vendas.py for tasks to queue
[2025-05-31T21:34:33.349-0300] {logging_mixin.py:188} INFO - [2025-05-31T21:34:33.349-0300] {dagbag.py:538} INFO - Filling up the DagBag from /home/walterg/Documentos/Data_projects/Data-Warehouse-postgres-DBT-airflow-/airflow/dags/chamar_api_vendas.py
[2025-05-31T21:34:33.356-0300] {processor.py:840} INFO - DAG(s) 'chamar_api_vendas' retrieved from /home/walterg/Documentos/Data_projects/Data-Warehouse-postgres-DBT-airflow-/airflow/dags/chamar_api_vendas.py
[2025-05-31T21:34:33.367-0300] {logging_mixin.py:188} INFO - [2025-05-31T21:34:33.367-0300] {dag.py:3036} INFO - Sync 1 DAGs
[2025-05-31T21:34:33.382-0300] {logging_mixin.py:188} INFO - [2025-05-31T21:34:33.382-0300] {dag.py:3823} INFO - Setting next_dagrun for chamar_api_vendas to 2025-06-01 00:33:00+00:00, run_after=2025-06-01 00:34:00+00:00
[2025-05-31T21:34:33.400-0300] {processor.py:183} INFO - Processing /home/walterg/Documentos/Data_projects/Data-Warehouse-postgres-DBT-airflow-/airflow/dags/chamar_api_vendas.py took 0.059 seconds
