[2025-05-31T19:30:02.731-0300] {processor.py:161} INFO - Started process (PID=9703) to work on /home/walterg/Documentos/Data_projects/Data-Warehouse-postgres-DBT-airflow-/.venv/lib/python3.11/site-packages/airflow/example_dags/example_xcomargs.py
[2025-05-31T19:30:02.732-0300] {processor.py:830} INFO - Processing file /home/walterg/Documentos/Data_projects/Data-Warehouse-postgres-DBT-airflow-/.venv/lib/python3.11/site-packages/airflow/example_dags/example_xcomargs.py for tasks to queue
[2025-05-31T19:30:02.733-0300] {logging_mixin.py:188} INFO - [2025-05-31T19:30:02.732-0300] {dagbag.py:538} INFO - Filling up the DagBag from /home/walterg/Documentos/Data_projects/Data-Warehouse-postgres-DBT-airflow-/.venv/lib/python3.11/site-packages/airflow/example_dags/example_xcomargs.py
[2025-05-31T19:30:02.741-0300] {processor.py:840} INFO - DAG(s) 'example_xcom_args_with_operators', 'example_xcom_args' retrieved from /home/walterg/Documentos/Data_projects/Data-Warehouse-postgres-DBT-airflow-/.venv/lib/python3.11/site-packages/airflow/example_dags/example_xcomargs.py
[2025-05-31T19:30:02.823-0300] {logging_mixin.py:188} INFO - [2025-05-31T19:30:02.822-0300] {override.py:1769} INFO - Created Permission View: can edit on DAG:example_xcom_args_with_operators
[2025-05-31T19:30:02.833-0300] {logging_mixin.py:188} INFO - [2025-05-31T19:30:02.832-0300] {override.py:1769} INFO - Created Permission View: can read on DAG:example_xcom_args_with_operators
[2025-05-31T19:30:02.841-0300] {logging_mixin.py:188} INFO - [2025-05-31T19:30:02.841-0300] {override.py:1769} INFO - Created Permission View: can delete on DAG:example_xcom_args_with_operators
[2025-05-31T19:30:02.857-0300] {logging_mixin.py:188} INFO - [2025-05-31T19:30:02.857-0300] {override.py:1769} INFO - Created Permission View: can edit on DAG:example_xcom_args
[2025-05-31T19:30:02.865-0300] {logging_mixin.py:188} INFO - [2025-05-31T19:30:02.865-0300] {override.py:1769} INFO - Created Permission View: can read on DAG:example_xcom_args
[2025-05-31T19:30:02.873-0300] {logging_mixin.py:188} INFO - [2025-05-31T19:30:02.872-0300] {override.py:1769} INFO - Created Permission View: can delete on DAG:example_xcom_args
[2025-05-31T19:30:02.873-0300] {logging_mixin.py:188} INFO - [2025-05-31T19:30:02.873-0300] {dag.py:3036} INFO - Sync 2 DAGs
[2025-05-31T19:30:02.879-0300] {logging_mixin.py:188} INFO - [2025-05-31T19:30:02.879-0300] {dag.py:3058} INFO - Creating ORM DAG for example_xcom_args_with_operators
[2025-05-31T19:30:02.880-0300] {logging_mixin.py:188} INFO - [2025-05-31T19:30:02.880-0300] {dag.py:3058} INFO - Creating ORM DAG for example_xcom_args
[2025-05-31T19:30:02.880-0300] {logging_mixin.py:188} INFO - [2025-05-31T19:30:02.880-0300] {dag.py:3823} INFO - Setting next_dagrun for example_xcom_args to None, run_after=None
[2025-05-31T19:30:02.880-0300] {logging_mixin.py:188} INFO - [2025-05-31T19:30:02.880-0300] {dag.py:3823} INFO - Setting next_dagrun for example_xcom_args_with_operators to None, run_after=None
[2025-05-31T19:30:02.898-0300] {processor.py:183} INFO - Processing /home/walterg/Documentos/Data_projects/Data-Warehouse-postgres-DBT-airflow-/.venv/lib/python3.11/site-packages/airflow/example_dags/example_xcomargs.py took 0.169 seconds
[2025-05-31T19:30:51.987-0300] {processor.py:161} INFO - Started process (PID=9895) to work on /home/walterg/Documentos/Data_projects/Data-Warehouse-postgres-DBT-airflow-/.venv/lib/python3.11/site-packages/airflow/example_dags/example_xcomargs.py
[2025-05-31T19:30:51.992-0300] {processor.py:830} INFO - Processing file /home/walterg/Documentos/Data_projects/Data-Warehouse-postgres-DBT-airflow-/.venv/lib/python3.11/site-packages/airflow/example_dags/example_xcomargs.py for tasks to queue
[2025-05-31T19:30:51.994-0300] {logging_mixin.py:188} INFO - [2025-05-31T19:30:51.993-0300] {dagbag.py:538} INFO - Filling up the DagBag from /home/walterg/Documentos/Data_projects/Data-Warehouse-postgres-DBT-airflow-/.venv/lib/python3.11/site-packages/airflow/example_dags/example_xcomargs.py
[2025-05-31T19:30:52.001-0300] {processor.py:840} INFO - DAG(s) 'example_xcom_args_with_operators', 'example_xcom_args' retrieved from /home/walterg/Documentos/Data_projects/Data-Warehouse-postgres-DBT-airflow-/.venv/lib/python3.11/site-packages/airflow/example_dags/example_xcomargs.py
[2025-05-31T19:30:52.015-0300] {logging_mixin.py:188} INFO - [2025-05-31T19:30:52.015-0300] {dag.py:3036} INFO - Sync 2 DAGs
[2025-05-31T19:30:52.023-0300] {logging_mixin.py:188} INFO - [2025-05-31T19:30:52.023-0300] {dag.py:3823} INFO - Setting next_dagrun for example_xcom_args to None, run_after=None
[2025-05-31T19:30:52.025-0300] {logging_mixin.py:188} INFO - [2025-05-31T19:30:52.025-0300] {dag.py:3823} INFO - Setting next_dagrun for example_xcom_args_with_operators to None, run_after=None
[2025-05-31T19:30:52.041-0300] {processor.py:183} INFO - Processing /home/walterg/Documentos/Data_projects/Data-Warehouse-postgres-DBT-airflow-/.venv/lib/python3.11/site-packages/airflow/example_dags/example_xcomargs.py took 0.056 seconds
[2025-05-31T19:31:40.288-0300] {processor.py:161} INFO - Started process (PID=10102) to work on /home/walterg/Documentos/Data_projects/Data-Warehouse-postgres-DBT-airflow-/.venv/lib/python3.11/site-packages/airflow/example_dags/example_xcomargs.py
[2025-05-31T19:31:40.289-0300] {processor.py:830} INFO - Processing file /home/walterg/Documentos/Data_projects/Data-Warehouse-postgres-DBT-airflow-/.venv/lib/python3.11/site-packages/airflow/example_dags/example_xcomargs.py for tasks to queue
[2025-05-31T19:31:40.290-0300] {logging_mixin.py:188} INFO - [2025-05-31T19:31:40.290-0300] {dagbag.py:538} INFO - Filling up the DagBag from /home/walterg/Documentos/Data_projects/Data-Warehouse-postgres-DBT-airflow-/.venv/lib/python3.11/site-packages/airflow/example_dags/example_xcomargs.py
[2025-05-31T19:31:40.297-0300] {processor.py:840} INFO - DAG(s) 'example_xcom_args_with_operators', 'example_xcom_args' retrieved from /home/walterg/Documentos/Data_projects/Data-Warehouse-postgres-DBT-airflow-/.venv/lib/python3.11/site-packages/airflow/example_dags/example_xcomargs.py
[2025-05-31T19:31:40.311-0300] {logging_mixin.py:188} INFO - [2025-05-31T19:31:40.310-0300] {dag.py:3036} INFO - Sync 2 DAGs
[2025-05-31T19:31:40.318-0300] {logging_mixin.py:188} INFO - [2025-05-31T19:31:40.318-0300] {dag.py:3823} INFO - Setting next_dagrun for example_xcom_args to None, run_after=None
[2025-05-31T19:31:40.320-0300] {logging_mixin.py:188} INFO - [2025-05-31T19:31:40.320-0300] {dag.py:3823} INFO - Setting next_dagrun for example_xcom_args_with_operators to None, run_after=None
[2025-05-31T19:31:40.335-0300] {processor.py:183} INFO - Processing /home/walterg/Documentos/Data_projects/Data-Warehouse-postgres-DBT-airflow-/.venv/lib/python3.11/site-packages/airflow/example_dags/example_xcomargs.py took 0.049 seconds
