[2025-05-31T19:30:28.845-0300] {processor.py:161} INFO - Started process (PID=9815) to work on /home/walterg/Documentos/Data_projects/Data-Warehouse-postgres-DBT-airflow-/.venv/lib/python3.11/site-packages/airflow/example_dags/example_latest_only.py
[2025-05-31T19:30:28.846-0300] {processor.py:830} INFO - Processing file /home/walterg/Documentos/Data_projects/Data-Warehouse-postgres-DBT-airflow-/.venv/lib/python3.11/site-packages/airflow/example_dags/example_latest_only.py for tasks to queue
[2025-05-31T19:30:28.847-0300] {logging_mixin.py:188} INFO - [2025-05-31T19:30:28.846-0300] {dagbag.py:538} INFO - Filling up the DagBag from /home/walterg/Documentos/Data_projects/Data-Warehouse-postgres-DBT-airflow-/.venv/lib/python3.11/site-packages/airflow/example_dags/example_latest_only.py
[2025-05-31T19:30:28.851-0300] {processor.py:840} INFO - DAG(s) 'latest_only' retrieved from /home/walterg/Documentos/Data_projects/Data-Warehouse-postgres-DBT-airflow-/.venv/lib/python3.11/site-packages/airflow/example_dags/example_latest_only.py
[2025-05-31T19:30:28.931-0300] {logging_mixin.py:188} INFO - [2025-05-31T19:30:28.930-0300] {override.py:1769} INFO - Created Permission View: can edit on DAG:latest_only
[2025-05-31T19:30:28.940-0300] {logging_mixin.py:188} INFO - [2025-05-31T19:30:28.940-0300] {override.py:1769} INFO - Created Permission View: can read on DAG:latest_only
[2025-05-31T19:30:28.949-0300] {logging_mixin.py:188} INFO - [2025-05-31T19:30:28.948-0300] {override.py:1769} INFO - Created Permission View: can delete on DAG:latest_only
[2025-05-31T19:30:28.949-0300] {logging_mixin.py:188} INFO - [2025-05-31T19:30:28.949-0300] {dag.py:3036} INFO - Sync 1 DAGs
[2025-05-31T19:30:28.955-0300] {logging_mixin.py:188} INFO - [2025-05-31T19:30:28.955-0300] {dag.py:3058} INFO - Creating ORM DAG for latest_only
[2025-05-31T19:30:28.961-0300] {logging_mixin.py:188} INFO - [2025-05-31T19:30:28.961-0300] {dag.py:3823} INFO - Setting next_dagrun for latest_only to 2025-05-31 16:00:00+00:00, run_after=2025-05-31 20:00:00+00:00
[2025-05-31T19:30:28.977-0300] {processor.py:183} INFO - Processing /home/walterg/Documentos/Data_projects/Data-Warehouse-postgres-DBT-airflow-/.venv/lib/python3.11/site-packages/airflow/example_dags/example_latest_only.py took 0.135 seconds
[2025-05-31T19:31:16.977-0300] {processor.py:161} INFO - Started process (PID=10001) to work on /home/walterg/Documentos/Data_projects/Data-Warehouse-postgres-DBT-airflow-/.venv/lib/python3.11/site-packages/airflow/example_dags/example_latest_only.py
[2025-05-31T19:31:16.982-0300] {processor.py:830} INFO - Processing file /home/walterg/Documentos/Data_projects/Data-Warehouse-postgres-DBT-airflow-/.venv/lib/python3.11/site-packages/airflow/example_dags/example_latest_only.py for tasks to queue
[2025-05-31T19:31:16.983-0300] {logging_mixin.py:188} INFO - [2025-05-31T19:31:16.982-0300] {dagbag.py:538} INFO - Filling up the DagBag from /home/walterg/Documentos/Data_projects/Data-Warehouse-postgres-DBT-airflow-/.venv/lib/python3.11/site-packages/airflow/example_dags/example_latest_only.py
[2025-05-31T19:31:16.987-0300] {processor.py:840} INFO - DAG(s) 'latest_only' retrieved from /home/walterg/Documentos/Data_projects/Data-Warehouse-postgres-DBT-airflow-/.venv/lib/python3.11/site-packages/airflow/example_dags/example_latest_only.py
[2025-05-31T19:31:16.999-0300] {logging_mixin.py:188} INFO - [2025-05-31T19:31:16.999-0300] {dag.py:3036} INFO - Sync 1 DAGs
[2025-05-31T19:31:17.013-0300] {logging_mixin.py:188} INFO - [2025-05-31T19:31:17.013-0300] {dag.py:3823} INFO - Setting next_dagrun for latest_only to 2025-05-31 16:00:00+00:00, run_after=2025-05-31 20:00:00+00:00
[2025-05-31T19:31:17.028-0300] {processor.py:183} INFO - Processing /home/walterg/Documentos/Data_projects/Data-Warehouse-postgres-DBT-airflow-/.venv/lib/python3.11/site-packages/airflow/example_dags/example_latest_only.py took 0.054 seconds
[2025-05-31T19:41:36.649-0300] {processor.py:161} INFO - Started process (PID=12393) to work on /home/walterg/Documentos/Data_projects/Data-Warehouse-postgres-DBT-airflow-/.venv/lib/python3.11/site-packages/airflow/example_dags/example_latest_only.py
[2025-05-31T19:41:36.654-0300] {processor.py:830} INFO - Processing file /home/walterg/Documentos/Data_projects/Data-Warehouse-postgres-DBT-airflow-/.venv/lib/python3.11/site-packages/airflow/example_dags/example_latest_only.py for tasks to queue
[2025-05-31T19:41:36.656-0300] {logging_mixin.py:188} INFO - [2025-05-31T19:41:36.655-0300] {dagbag.py:538} INFO - Filling up the DagBag from /home/walterg/Documentos/Data_projects/Data-Warehouse-postgres-DBT-airflow-/.venv/lib/python3.11/site-packages/airflow/example_dags/example_latest_only.py
[2025-05-31T19:41:36.660-0300] {processor.py:840} INFO - DAG(s) 'latest_only' retrieved from /home/walterg/Documentos/Data_projects/Data-Warehouse-postgres-DBT-airflow-/.venv/lib/python3.11/site-packages/airflow/example_dags/example_latest_only.py
[2025-05-31T19:41:36.724-0300] {logging_mixin.py:188} INFO - [2025-05-31T19:41:36.724-0300] {dag.py:3036} INFO - Sync 1 DAGs
[2025-05-31T19:41:36.735-0300] {logging_mixin.py:188} INFO - [2025-05-31T19:41:36.735-0300] {dag.py:3823} INFO - Setting next_dagrun for latest_only to 2025-05-31 16:00:00+00:00, run_after=2025-05-31 20:00:00+00:00
[2025-05-31T19:41:36.751-0300] {processor.py:183} INFO - Processing /home/walterg/Documentos/Data_projects/Data-Warehouse-postgres-DBT-airflow-/.venv/lib/python3.11/site-packages/airflow/example_dags/example_latest_only.py took 0.105 seconds
[2025-05-31T19:42:32.716-0300] {processor.py:161} INFO - Started process (PID=12741) to work on /home/walterg/Documentos/Data_projects/Data-Warehouse-postgres-DBT-airflow-/.venv/lib/python3.11/site-packages/airflow/example_dags/example_latest_only.py
[2025-05-31T19:42:32.721-0300] {processor.py:830} INFO - Processing file /home/walterg/Documentos/Data_projects/Data-Warehouse-postgres-DBT-airflow-/.venv/lib/python3.11/site-packages/airflow/example_dags/example_latest_only.py for tasks to queue
[2025-05-31T19:42:32.721-0300] {logging_mixin.py:188} INFO - [2025-05-31T19:42:32.721-0300] {dagbag.py:538} INFO - Filling up the DagBag from /home/walterg/Documentos/Data_projects/Data-Warehouse-postgres-DBT-airflow-/.venv/lib/python3.11/site-packages/airflow/example_dags/example_latest_only.py
[2025-05-31T19:42:32.727-0300] {processor.py:840} INFO - DAG(s) 'latest_only' retrieved from /home/walterg/Documentos/Data_projects/Data-Warehouse-postgres-DBT-airflow-/.venv/lib/python3.11/site-packages/airflow/example_dags/example_latest_only.py
[2025-05-31T19:42:32.739-0300] {logging_mixin.py:188} INFO - [2025-05-31T19:42:32.739-0300] {dag.py:3036} INFO - Sync 1 DAGs
[2025-05-31T19:42:32.754-0300] {logging_mixin.py:188} INFO - [2025-05-31T19:42:32.754-0300] {dag.py:3823} INFO - Setting next_dagrun for latest_only to 2025-05-31 16:00:00+00:00, run_after=2025-05-31 20:00:00+00:00
[2025-05-31T19:42:32.773-0300] {processor.py:183} INFO - Processing /home/walterg/Documentos/Data_projects/Data-Warehouse-postgres-DBT-airflow-/.venv/lib/python3.11/site-packages/airflow/example_dags/example_latest_only.py took 0.060 seconds
[2025-05-31T19:43:31.957-0300] {processor.py:161} INFO - Started process (PID=13242) to work on /home/walterg/Documentos/Data_projects/Data-Warehouse-postgres-DBT-airflow-/.venv/lib/python3.11/site-packages/airflow/example_dags/example_latest_only.py
[2025-05-31T19:43:31.962-0300] {processor.py:830} INFO - Processing file /home/walterg/Documentos/Data_projects/Data-Warehouse-postgres-DBT-airflow-/.venv/lib/python3.11/site-packages/airflow/example_dags/example_latest_only.py for tasks to queue
[2025-05-31T19:43:31.963-0300] {logging_mixin.py:188} INFO - [2025-05-31T19:43:31.963-0300] {dagbag.py:538} INFO - Filling up the DagBag from /home/walterg/Documentos/Data_projects/Data-Warehouse-postgres-DBT-airflow-/.venv/lib/python3.11/site-packages/airflow/example_dags/example_latest_only.py
[2025-05-31T19:43:31.968-0300] {processor.py:840} INFO - DAG(s) 'latest_only' retrieved from /home/walterg/Documentos/Data_projects/Data-Warehouse-postgres-DBT-airflow-/.venv/lib/python3.11/site-packages/airflow/example_dags/example_latest_only.py
[2025-05-31T19:43:31.980-0300] {logging_mixin.py:188} INFO - [2025-05-31T19:43:31.980-0300] {dag.py:3036} INFO - Sync 1 DAGs
[2025-05-31T19:43:31.993-0300] {logging_mixin.py:188} INFO - [2025-05-31T19:43:31.993-0300] {dag.py:3823} INFO - Setting next_dagrun for latest_only to 2025-05-31 16:00:00+00:00, run_after=2025-05-31 20:00:00+00:00
[2025-05-31T19:43:32.009-0300] {processor.py:183} INFO - Processing /home/walterg/Documentos/Data_projects/Data-Warehouse-postgres-DBT-airflow-/.venv/lib/python3.11/site-packages/airflow/example_dags/example_latest_only.py took 0.054 seconds
[2025-05-31T19:44:37.250-0300] {processor.py:161} INFO - Started process (PID=13591) to work on /home/walterg/Documentos/Data_projects/Data-Warehouse-postgres-DBT-airflow-/.venv/lib/python3.11/site-packages/airflow/example_dags/example_latest_only.py
[2025-05-31T19:44:37.251-0300] {processor.py:830} INFO - Processing file /home/walterg/Documentos/Data_projects/Data-Warehouse-postgres-DBT-airflow-/.venv/lib/python3.11/site-packages/airflow/example_dags/example_latest_only.py for tasks to queue
[2025-05-31T19:44:37.252-0300] {logging_mixin.py:188} INFO - [2025-05-31T19:44:37.252-0300] {dagbag.py:538} INFO - Filling up the DagBag from /home/walterg/Documentos/Data_projects/Data-Warehouse-postgres-DBT-airflow-/.venv/lib/python3.11/site-packages/airflow/example_dags/example_latest_only.py
[2025-05-31T19:44:37.258-0300] {processor.py:840} INFO - DAG(s) 'latest_only' retrieved from /home/walterg/Documentos/Data_projects/Data-Warehouse-postgres-DBT-airflow-/.venv/lib/python3.11/site-packages/airflow/example_dags/example_latest_only.py
[2025-05-31T19:44:37.284-0300] {logging_mixin.py:188} INFO - [2025-05-31T19:44:37.283-0300] {dag.py:3036} INFO - Sync 1 DAGs
[2025-05-31T19:44:37.306-0300] {logging_mixin.py:188} INFO - [2025-05-31T19:44:37.306-0300] {dag.py:3823} INFO - Setting next_dagrun for latest_only to 2025-05-31 16:00:00+00:00, run_after=2025-05-31 20:00:00+00:00
[2025-05-31T19:44:37.392-0300] {processor.py:183} INFO - Processing /home/walterg/Documentos/Data_projects/Data-Warehouse-postgres-DBT-airflow-/.venv/lib/python3.11/site-packages/airflow/example_dags/example_latest_only.py took 0.145 seconds
[2025-05-31T19:45:29.516-0300] {processor.py:161} INFO - Started process (PID=13845) to work on /home/walterg/Documentos/Data_projects/Data-Warehouse-postgres-DBT-airflow-/.venv/lib/python3.11/site-packages/airflow/example_dags/example_latest_only.py
[2025-05-31T19:45:29.521-0300] {processor.py:830} INFO - Processing file /home/walterg/Documentos/Data_projects/Data-Warehouse-postgres-DBT-airflow-/.venv/lib/python3.11/site-packages/airflow/example_dags/example_latest_only.py for tasks to queue
[2025-05-31T19:45:29.523-0300] {logging_mixin.py:188} INFO - [2025-05-31T19:45:29.522-0300] {dagbag.py:538} INFO - Filling up the DagBag from /home/walterg/Documentos/Data_projects/Data-Warehouse-postgres-DBT-airflow-/.venv/lib/python3.11/site-packages/airflow/example_dags/example_latest_only.py
[2025-05-31T19:45:29.527-0300] {processor.py:840} INFO - DAG(s) 'latest_only' retrieved from /home/walterg/Documentos/Data_projects/Data-Warehouse-postgres-DBT-airflow-/.venv/lib/python3.11/site-packages/airflow/example_dags/example_latest_only.py
[2025-05-31T19:45:29.540-0300] {logging_mixin.py:188} INFO - [2025-05-31T19:45:29.539-0300] {dag.py:3036} INFO - Sync 1 DAGs
[2025-05-31T19:45:29.552-0300] {logging_mixin.py:188} INFO - [2025-05-31T19:45:29.552-0300] {dag.py:3823} INFO - Setting next_dagrun for latest_only to 2025-05-31 16:00:00+00:00, run_after=2025-05-31 20:00:00+00:00
[2025-05-31T19:45:29.570-0300] {processor.py:183} INFO - Processing /home/walterg/Documentos/Data_projects/Data-Warehouse-postgres-DBT-airflow-/.venv/lib/python3.11/site-packages/airflow/example_dags/example_latest_only.py took 0.056 seconds
[2025-05-31T19:46:26.418-0300] {processor.py:161} INFO - Started process (PID=14126) to work on /home/walterg/Documentos/Data_projects/Data-Warehouse-postgres-DBT-airflow-/.venv/lib/python3.11/site-packages/airflow/example_dags/example_latest_only.py
[2025-05-31T19:46:26.423-0300] {processor.py:830} INFO - Processing file /home/walterg/Documentos/Data_projects/Data-Warehouse-postgres-DBT-airflow-/.venv/lib/python3.11/site-packages/airflow/example_dags/example_latest_only.py for tasks to queue
[2025-05-31T19:46:26.424-0300] {logging_mixin.py:188} INFO - [2025-05-31T19:46:26.424-0300] {dagbag.py:538} INFO - Filling up the DagBag from /home/walterg/Documentos/Data_projects/Data-Warehouse-postgres-DBT-airflow-/.venv/lib/python3.11/site-packages/airflow/example_dags/example_latest_only.py
[2025-05-31T19:46:26.429-0300] {processor.py:840} INFO - DAG(s) 'latest_only' retrieved from /home/walterg/Documentos/Data_projects/Data-Warehouse-postgres-DBT-airflow-/.venv/lib/python3.11/site-packages/airflow/example_dags/example_latest_only.py
[2025-05-31T19:46:26.441-0300] {logging_mixin.py:188} INFO - [2025-05-31T19:46:26.440-0300] {dag.py:3036} INFO - Sync 1 DAGs
[2025-05-31T19:46:26.454-0300] {logging_mixin.py:188} INFO - [2025-05-31T19:46:26.453-0300] {dag.py:3823} INFO - Setting next_dagrun for latest_only to 2025-05-31 16:00:00+00:00, run_after=2025-05-31 20:00:00+00:00
[2025-05-31T19:46:26.470-0300] {processor.py:183} INFO - Processing /home/walterg/Documentos/Data_projects/Data-Warehouse-postgres-DBT-airflow-/.venv/lib/python3.11/site-packages/airflow/example_dags/example_latest_only.py took 0.054 seconds
[2025-05-31T19:47:26.670-0300] {processor.py:161} INFO - Started process (PID=14351) to work on /home/walterg/Documentos/Data_projects/Data-Warehouse-postgres-DBT-airflow-/.venv/lib/python3.11/site-packages/airflow/example_dags/example_latest_only.py
[2025-05-31T19:47:26.675-0300] {processor.py:830} INFO - Processing file /home/walterg/Documentos/Data_projects/Data-Warehouse-postgres-DBT-airflow-/.venv/lib/python3.11/site-packages/airflow/example_dags/example_latest_only.py for tasks to queue
[2025-05-31T19:47:26.677-0300] {logging_mixin.py:188} INFO - [2025-05-31T19:47:26.676-0300] {dagbag.py:538} INFO - Filling up the DagBag from /home/walterg/Documentos/Data_projects/Data-Warehouse-postgres-DBT-airflow-/.venv/lib/python3.11/site-packages/airflow/example_dags/example_latest_only.py
[2025-05-31T19:47:26.682-0300] {processor.py:840} INFO - DAG(s) 'latest_only' retrieved from /home/walterg/Documentos/Data_projects/Data-Warehouse-postgres-DBT-airflow-/.venv/lib/python3.11/site-packages/airflow/example_dags/example_latest_only.py
[2025-05-31T19:47:26.699-0300] {logging_mixin.py:188} INFO - [2025-05-31T19:47:26.699-0300] {dag.py:3036} INFO - Sync 1 DAGs
[2025-05-31T19:47:26.712-0300] {logging_mixin.py:188} INFO - [2025-05-31T19:47:26.712-0300] {dag.py:3823} INFO - Setting next_dagrun for latest_only to 2025-05-31 16:00:00+00:00, run_after=2025-05-31 20:00:00+00:00
[2025-05-31T19:47:26.728-0300] {processor.py:183} INFO - Processing /home/walterg/Documentos/Data_projects/Data-Warehouse-postgres-DBT-airflow-/.venv/lib/python3.11/site-packages/airflow/example_dags/example_latest_only.py took 0.060 seconds
[2025-05-31T19:48:34.770-0300] {processor.py:161} INFO - Started process (PID=14768) to work on /home/walterg/Documentos/Data_projects/Data-Warehouse-postgres-DBT-airflow-/.venv/lib/python3.11/site-packages/airflow/example_dags/example_latest_only.py
[2025-05-31T19:48:34.775-0300] {processor.py:830} INFO - Processing file /home/walterg/Documentos/Data_projects/Data-Warehouse-postgres-DBT-airflow-/.venv/lib/python3.11/site-packages/airflow/example_dags/example_latest_only.py for tasks to queue
[2025-05-31T19:48:34.776-0300] {logging_mixin.py:188} INFO - [2025-05-31T19:48:34.776-0300] {dagbag.py:538} INFO - Filling up the DagBag from /home/walterg/Documentos/Data_projects/Data-Warehouse-postgres-DBT-airflow-/.venv/lib/python3.11/site-packages/airflow/example_dags/example_latest_only.py
[2025-05-31T19:48:34.781-0300] {processor.py:840} INFO - DAG(s) 'latest_only' retrieved from /home/walterg/Documentos/Data_projects/Data-Warehouse-postgres-DBT-airflow-/.venv/lib/python3.11/site-packages/airflow/example_dags/example_latest_only.py
[2025-05-31T19:48:34.794-0300] {logging_mixin.py:188} INFO - [2025-05-31T19:48:34.793-0300] {dag.py:3036} INFO - Sync 1 DAGs
[2025-05-31T19:48:34.807-0300] {logging_mixin.py:188} INFO - [2025-05-31T19:48:34.806-0300] {dag.py:3823} INFO - Setting next_dagrun for latest_only to 2025-05-31 16:00:00+00:00, run_after=2025-05-31 20:00:00+00:00
[2025-05-31T19:48:34.825-0300] {processor.py:183} INFO - Processing /home/walterg/Documentos/Data_projects/Data-Warehouse-postgres-DBT-airflow-/.venv/lib/python3.11/site-packages/airflow/example_dags/example_latest_only.py took 0.058 seconds
[2025-05-31T19:49:29.202-0300] {processor.py:161} INFO - Started process (PID=15215) to work on /home/walterg/Documentos/Data_projects/Data-Warehouse-postgres-DBT-airflow-/.venv/lib/python3.11/site-packages/airflow/example_dags/example_latest_only.py
[2025-05-31T19:49:29.208-0300] {processor.py:830} INFO - Processing file /home/walterg/Documentos/Data_projects/Data-Warehouse-postgres-DBT-airflow-/.venv/lib/python3.11/site-packages/airflow/example_dags/example_latest_only.py for tasks to queue
[2025-05-31T19:49:29.208-0300] {logging_mixin.py:188} INFO - [2025-05-31T19:49:29.208-0300] {dagbag.py:538} INFO - Filling up the DagBag from /home/walterg/Documentos/Data_projects/Data-Warehouse-postgres-DBT-airflow-/.venv/lib/python3.11/site-packages/airflow/example_dags/example_latest_only.py
[2025-05-31T19:49:29.213-0300] {processor.py:840} INFO - DAG(s) 'latest_only' retrieved from /home/walterg/Documentos/Data_projects/Data-Warehouse-postgres-DBT-airflow-/.venv/lib/python3.11/site-packages/airflow/example_dags/example_latest_only.py
[2025-05-31T19:49:29.225-0300] {logging_mixin.py:188} INFO - [2025-05-31T19:49:29.225-0300] {dag.py:3036} INFO - Sync 1 DAGs
[2025-05-31T19:49:29.238-0300] {logging_mixin.py:188} INFO - [2025-05-31T19:49:29.237-0300] {dag.py:3823} INFO - Setting next_dagrun for latest_only to 2025-05-31 16:00:00+00:00, run_after=2025-05-31 20:00:00+00:00
[2025-05-31T19:49:29.254-0300] {processor.py:183} INFO - Processing /home/walterg/Documentos/Data_projects/Data-Warehouse-postgres-DBT-airflow-/.venv/lib/python3.11/site-packages/airflow/example_dags/example_latest_only.py took 0.054 seconds
[2025-05-31T19:50:38.833-0300] {processor.py:161} INFO - Started process (PID=15444) to work on /home/walterg/Documentos/Data_projects/Data-Warehouse-postgres-DBT-airflow-/.venv/lib/python3.11/site-packages/airflow/example_dags/example_latest_only.py
[2025-05-31T19:50:38.838-0300] {processor.py:830} INFO - Processing file /home/walterg/Documentos/Data_projects/Data-Warehouse-postgres-DBT-airflow-/.venv/lib/python3.11/site-packages/airflow/example_dags/example_latest_only.py for tasks to queue
[2025-05-31T19:50:38.839-0300] {logging_mixin.py:188} INFO - [2025-05-31T19:50:38.838-0300] {dagbag.py:538} INFO - Filling up the DagBag from /home/walterg/Documentos/Data_projects/Data-Warehouse-postgres-DBT-airflow-/.venv/lib/python3.11/site-packages/airflow/example_dags/example_latest_only.py
[2025-05-31T19:50:38.844-0300] {processor.py:840} INFO - DAG(s) 'latest_only' retrieved from /home/walterg/Documentos/Data_projects/Data-Warehouse-postgres-DBT-airflow-/.venv/lib/python3.11/site-packages/airflow/example_dags/example_latest_only.py
[2025-05-31T19:50:38.856-0300] {logging_mixin.py:188} INFO - [2025-05-31T19:50:38.856-0300] {dag.py:3036} INFO - Sync 1 DAGs
[2025-05-31T19:50:38.870-0300] {logging_mixin.py:188} INFO - [2025-05-31T19:50:38.869-0300] {dag.py:3823} INFO - Setting next_dagrun for latest_only to 2025-05-31 16:00:00+00:00, run_after=2025-05-31 20:00:00+00:00
[2025-05-31T19:50:38.887-0300] {processor.py:183} INFO - Processing /home/walterg/Documentos/Data_projects/Data-Warehouse-postgres-DBT-airflow-/.venv/lib/python3.11/site-packages/airflow/example_dags/example_latest_only.py took 0.057 seconds
[2025-05-31T19:51:40.264-0300] {processor.py:161} INFO - Started process (PID=15806) to work on /home/walterg/Documentos/Data_projects/Data-Warehouse-postgres-DBT-airflow-/.venv/lib/python3.11/site-packages/airflow/example_dags/example_latest_only.py
[2025-05-31T19:51:40.271-0300] {processor.py:830} INFO - Processing file /home/walterg/Documentos/Data_projects/Data-Warehouse-postgres-DBT-airflow-/.venv/lib/python3.11/site-packages/airflow/example_dags/example_latest_only.py for tasks to queue
[2025-05-31T19:51:40.272-0300] {logging_mixin.py:188} INFO - [2025-05-31T19:51:40.272-0300] {dagbag.py:538} INFO - Filling up the DagBag from /home/walterg/Documentos/Data_projects/Data-Warehouse-postgres-DBT-airflow-/.venv/lib/python3.11/site-packages/airflow/example_dags/example_latest_only.py
[2025-05-31T19:51:40.277-0300] {processor.py:840} INFO - DAG(s) 'latest_only' retrieved from /home/walterg/Documentos/Data_projects/Data-Warehouse-postgres-DBT-airflow-/.venv/lib/python3.11/site-packages/airflow/example_dags/example_latest_only.py
[2025-05-31T19:51:40.288-0300] {logging_mixin.py:188} INFO - [2025-05-31T19:51:40.288-0300] {dag.py:3036} INFO - Sync 1 DAGs
[2025-05-31T19:51:40.301-0300] {logging_mixin.py:188} INFO - [2025-05-31T19:51:40.301-0300] {dag.py:3823} INFO - Setting next_dagrun for latest_only to 2025-05-31 16:00:00+00:00, run_after=2025-05-31 20:00:00+00:00
[2025-05-31T19:51:40.318-0300] {processor.py:183} INFO - Processing /home/walterg/Documentos/Data_projects/Data-Warehouse-postgres-DBT-airflow-/.venv/lib/python3.11/site-packages/airflow/example_dags/example_latest_only.py took 0.057 seconds
[2025-05-31T19:52:43.761-0300] {processor.py:161} INFO - Started process (PID=16046) to work on /home/walterg/Documentos/Data_projects/Data-Warehouse-postgres-DBT-airflow-/.venv/lib/python3.11/site-packages/airflow/example_dags/example_latest_only.py
[2025-05-31T19:52:43.768-0300] {processor.py:830} INFO - Processing file /home/walterg/Documentos/Data_projects/Data-Warehouse-postgres-DBT-airflow-/.venv/lib/python3.11/site-packages/airflow/example_dags/example_latest_only.py for tasks to queue
[2025-05-31T19:52:43.769-0300] {logging_mixin.py:188} INFO - [2025-05-31T19:52:43.769-0300] {dagbag.py:538} INFO - Filling up the DagBag from /home/walterg/Documentos/Data_projects/Data-Warehouse-postgres-DBT-airflow-/.venv/lib/python3.11/site-packages/airflow/example_dags/example_latest_only.py
[2025-05-31T19:52:43.774-0300] {processor.py:840} INFO - DAG(s) 'latest_only' retrieved from /home/walterg/Documentos/Data_projects/Data-Warehouse-postgres-DBT-airflow-/.venv/lib/python3.11/site-packages/airflow/example_dags/example_latest_only.py
[2025-05-31T19:52:43.786-0300] {logging_mixin.py:188} INFO - [2025-05-31T19:52:43.786-0300] {dag.py:3036} INFO - Sync 1 DAGs
[2025-05-31T19:52:43.799-0300] {logging_mixin.py:188} INFO - [2025-05-31T19:52:43.799-0300] {dag.py:3823} INFO - Setting next_dagrun for latest_only to 2025-05-31 16:00:00+00:00, run_after=2025-05-31 20:00:00+00:00
[2025-05-31T19:52:43.815-0300] {processor.py:183} INFO - Processing /home/walterg/Documentos/Data_projects/Data-Warehouse-postgres-DBT-airflow-/.venv/lib/python3.11/site-packages/airflow/example_dags/example_latest_only.py took 0.057 seconds
[2025-05-31T19:53:48.290-0300] {processor.py:161} INFO - Started process (PID=16242) to work on /home/walterg/Documentos/Data_projects/Data-Warehouse-postgres-DBT-airflow-/.venv/lib/python3.11/site-packages/airflow/example_dags/example_latest_only.py
[2025-05-31T19:53:48.295-0300] {processor.py:830} INFO - Processing file /home/walterg/Documentos/Data_projects/Data-Warehouse-postgres-DBT-airflow-/.venv/lib/python3.11/site-packages/airflow/example_dags/example_latest_only.py for tasks to queue
[2025-05-31T19:53:48.296-0300] {logging_mixin.py:188} INFO - [2025-05-31T19:53:48.295-0300] {dagbag.py:538} INFO - Filling up the DagBag from /home/walterg/Documentos/Data_projects/Data-Warehouse-postgres-DBT-airflow-/.venv/lib/python3.11/site-packages/airflow/example_dags/example_latest_only.py
[2025-05-31T19:53:48.300-0300] {processor.py:840} INFO - DAG(s) 'latest_only' retrieved from /home/walterg/Documentos/Data_projects/Data-Warehouse-postgres-DBT-airflow-/.venv/lib/python3.11/site-packages/airflow/example_dags/example_latest_only.py
[2025-05-31T19:53:48.312-0300] {logging_mixin.py:188} INFO - [2025-05-31T19:53:48.312-0300] {dag.py:3036} INFO - Sync 1 DAGs
[2025-05-31T19:53:48.325-0300] {logging_mixin.py:188} INFO - [2025-05-31T19:53:48.325-0300] {dag.py:3823} INFO - Setting next_dagrun for latest_only to 2025-05-31 16:00:00+00:00, run_after=2025-05-31 20:00:00+00:00
[2025-05-31T19:53:48.341-0300] {processor.py:183} INFO - Processing /home/walterg/Documentos/Data_projects/Data-Warehouse-postgres-DBT-airflow-/.venv/lib/python3.11/site-packages/airflow/example_dags/example_latest_only.py took 0.054 seconds
[2025-05-31T19:54:47.668-0300] {processor.py:161} INFO - Started process (PID=16412) to work on /home/walterg/Documentos/Data_projects/Data-Warehouse-postgres-DBT-airflow-/.venv/lib/python3.11/site-packages/airflow/example_dags/example_latest_only.py
[2025-05-31T19:54:47.674-0300] {processor.py:830} INFO - Processing file /home/walterg/Documentos/Data_projects/Data-Warehouse-postgres-DBT-airflow-/.venv/lib/python3.11/site-packages/airflow/example_dags/example_latest_only.py for tasks to queue
[2025-05-31T19:54:47.675-0300] {logging_mixin.py:188} INFO - [2025-05-31T19:54:47.674-0300] {dagbag.py:538} INFO - Filling up the DagBag from /home/walterg/Documentos/Data_projects/Data-Warehouse-postgres-DBT-airflow-/.venv/lib/python3.11/site-packages/airflow/example_dags/example_latest_only.py
[2025-05-31T19:54:47.679-0300] {processor.py:840} INFO - DAG(s) 'latest_only' retrieved from /home/walterg/Documentos/Data_projects/Data-Warehouse-postgres-DBT-airflow-/.venv/lib/python3.11/site-packages/airflow/example_dags/example_latest_only.py
[2025-05-31T19:54:47.692-0300] {logging_mixin.py:188} INFO - [2025-05-31T19:54:47.691-0300] {dag.py:3036} INFO - Sync 1 DAGs
[2025-05-31T19:54:47.704-0300] {logging_mixin.py:188} INFO - [2025-05-31T19:54:47.704-0300] {dag.py:3823} INFO - Setting next_dagrun for latest_only to 2025-05-31 16:00:00+00:00, run_after=2025-05-31 20:00:00+00:00
[2025-05-31T19:54:47.721-0300] {processor.py:183} INFO - Processing /home/walterg/Documentos/Data_projects/Data-Warehouse-postgres-DBT-airflow-/.venv/lib/python3.11/site-packages/airflow/example_dags/example_latest_only.py took 0.055 seconds
[2025-05-31T19:55:46.879-0300] {processor.py:161} INFO - Started process (PID=16657) to work on /home/walterg/Documentos/Data_projects/Data-Warehouse-postgres-DBT-airflow-/.venv/lib/python3.11/site-packages/airflow/example_dags/example_latest_only.py
[2025-05-31T19:55:46.884-0300] {processor.py:830} INFO - Processing file /home/walterg/Documentos/Data_projects/Data-Warehouse-postgres-DBT-airflow-/.venv/lib/python3.11/site-packages/airflow/example_dags/example_latest_only.py for tasks to queue
[2025-05-31T19:55:46.885-0300] {logging_mixin.py:188} INFO - [2025-05-31T19:55:46.885-0300] {dagbag.py:538} INFO - Filling up the DagBag from /home/walterg/Documentos/Data_projects/Data-Warehouse-postgres-DBT-airflow-/.venv/lib/python3.11/site-packages/airflow/example_dags/example_latest_only.py
[2025-05-31T19:55:46.890-0300] {processor.py:840} INFO - DAG(s) 'latest_only' retrieved from /home/walterg/Documentos/Data_projects/Data-Warehouse-postgres-DBT-airflow-/.venv/lib/python3.11/site-packages/airflow/example_dags/example_latest_only.py
[2025-05-31T19:55:46.902-0300] {logging_mixin.py:188} INFO - [2025-05-31T19:55:46.902-0300] {dag.py:3036} INFO - Sync 1 DAGs
[2025-05-31T19:55:46.915-0300] {logging_mixin.py:188} INFO - [2025-05-31T19:55:46.915-0300] {dag.py:3823} INFO - Setting next_dagrun for latest_only to 2025-05-31 16:00:00+00:00, run_after=2025-05-31 20:00:00+00:00
[2025-05-31T19:55:46.930-0300] {processor.py:183} INFO - Processing /home/walterg/Documentos/Data_projects/Data-Warehouse-postgres-DBT-airflow-/.venv/lib/python3.11/site-packages/airflow/example_dags/example_latest_only.py took 0.056 seconds
[2025-05-31T19:56:44.621-0300] {processor.py:161} INFO - Started process (PID=16879) to work on /home/walterg/Documentos/Data_projects/Data-Warehouse-postgres-DBT-airflow-/.venv/lib/python3.11/site-packages/airflow/example_dags/example_latest_only.py
[2025-05-31T19:56:44.626-0300] {processor.py:830} INFO - Processing file /home/walterg/Documentos/Data_projects/Data-Warehouse-postgres-DBT-airflow-/.venv/lib/python3.11/site-packages/airflow/example_dags/example_latest_only.py for tasks to queue
[2025-05-31T19:56:44.627-0300] {logging_mixin.py:188} INFO - [2025-05-31T19:56:44.626-0300] {dagbag.py:538} INFO - Filling up the DagBag from /home/walterg/Documentos/Data_projects/Data-Warehouse-postgres-DBT-airflow-/.venv/lib/python3.11/site-packages/airflow/example_dags/example_latest_only.py
[2025-05-31T19:56:44.631-0300] {processor.py:840} INFO - DAG(s) 'latest_only' retrieved from /home/walterg/Documentos/Data_projects/Data-Warehouse-postgres-DBT-airflow-/.venv/lib/python3.11/site-packages/airflow/example_dags/example_latest_only.py
[2025-05-31T19:56:44.643-0300] {logging_mixin.py:188} INFO - [2025-05-31T19:56:44.643-0300] {dag.py:3036} INFO - Sync 1 DAGs
[2025-05-31T19:56:44.655-0300] {logging_mixin.py:188} INFO - [2025-05-31T19:56:44.655-0300] {dag.py:3823} INFO - Setting next_dagrun for latest_only to 2025-05-31 16:00:00+00:00, run_after=2025-05-31 20:00:00+00:00
[2025-05-31T19:56:44.672-0300] {processor.py:183} INFO - Processing /home/walterg/Documentos/Data_projects/Data-Warehouse-postgres-DBT-airflow-/.venv/lib/python3.11/site-packages/airflow/example_dags/example_latest_only.py took 0.054 seconds
[2025-05-31T19:57:48.752-0300] {processor.py:161} INFO - Started process (PID=17073) to work on /home/walterg/Documentos/Data_projects/Data-Warehouse-postgres-DBT-airflow-/.venv/lib/python3.11/site-packages/airflow/example_dags/example_latest_only.py
[2025-05-31T19:57:48.757-0300] {processor.py:830} INFO - Processing file /home/walterg/Documentos/Data_projects/Data-Warehouse-postgres-DBT-airflow-/.venv/lib/python3.11/site-packages/airflow/example_dags/example_latest_only.py for tasks to queue
[2025-05-31T19:57:48.758-0300] {logging_mixin.py:188} INFO - [2025-05-31T19:57:48.757-0300] {dagbag.py:538} INFO - Filling up the DagBag from /home/walterg/Documentos/Data_projects/Data-Warehouse-postgres-DBT-airflow-/.venv/lib/python3.11/site-packages/airflow/example_dags/example_latest_only.py
[2025-05-31T19:57:48.762-0300] {processor.py:840} INFO - DAG(s) 'latest_only' retrieved from /home/walterg/Documentos/Data_projects/Data-Warehouse-postgres-DBT-airflow-/.venv/lib/python3.11/site-packages/airflow/example_dags/example_latest_only.py
[2025-05-31T19:57:48.774-0300] {logging_mixin.py:188} INFO - [2025-05-31T19:57:48.774-0300] {dag.py:3036} INFO - Sync 1 DAGs
[2025-05-31T19:57:48.787-0300] {logging_mixin.py:188} INFO - [2025-05-31T19:57:48.787-0300] {dag.py:3823} INFO - Setting next_dagrun for latest_only to 2025-05-31 16:00:00+00:00, run_after=2025-05-31 20:00:00+00:00
[2025-05-31T19:57:48.803-0300] {processor.py:183} INFO - Processing /home/walterg/Documentos/Data_projects/Data-Warehouse-postgres-DBT-airflow-/.venv/lib/python3.11/site-packages/airflow/example_dags/example_latest_only.py took 0.054 seconds
[2025-05-31T19:58:48.639-0300] {processor.py:161} INFO - Started process (PID=17278) to work on /home/walterg/Documentos/Data_projects/Data-Warehouse-postgres-DBT-airflow-/.venv/lib/python3.11/site-packages/airflow/example_dags/example_latest_only.py
[2025-05-31T19:58:48.644-0300] {processor.py:830} INFO - Processing file /home/walterg/Documentos/Data_projects/Data-Warehouse-postgres-DBT-airflow-/.venv/lib/python3.11/site-packages/airflow/example_dags/example_latest_only.py for tasks to queue
[2025-05-31T19:58:48.645-0300] {logging_mixin.py:188} INFO - [2025-05-31T19:58:48.645-0300] {dagbag.py:538} INFO - Filling up the DagBag from /home/walterg/Documentos/Data_projects/Data-Warehouse-postgres-DBT-airflow-/.venv/lib/python3.11/site-packages/airflow/example_dags/example_latest_only.py
[2025-05-31T19:58:48.650-0300] {processor.py:840} INFO - DAG(s) 'latest_only' retrieved from /home/walterg/Documentos/Data_projects/Data-Warehouse-postgres-DBT-airflow-/.venv/lib/python3.11/site-packages/airflow/example_dags/example_latest_only.py
[2025-05-31T19:58:48.663-0300] {logging_mixin.py:188} INFO - [2025-05-31T19:58:48.662-0300] {dag.py:3036} INFO - Sync 1 DAGs
[2025-05-31T19:58:48.677-0300] {logging_mixin.py:188} INFO - [2025-05-31T19:58:48.677-0300] {dag.py:3823} INFO - Setting next_dagrun for latest_only to 2025-05-31 16:00:00+00:00, run_after=2025-05-31 20:00:00+00:00
[2025-05-31T19:58:48.693-0300] {processor.py:183} INFO - Processing /home/walterg/Documentos/Data_projects/Data-Warehouse-postgres-DBT-airflow-/.venv/lib/python3.11/site-packages/airflow/example_dags/example_latest_only.py took 0.057 seconds
[2025-05-31T19:59:38.312-0300] {processor.py:161} INFO - Started process (PID=17549) to work on /home/walterg/Documentos/Data_projects/Data-Warehouse-postgres-DBT-airflow-/.venv/lib/python3.11/site-packages/airflow/example_dags/example_latest_only.py
[2025-05-31T19:59:38.317-0300] {processor.py:830} INFO - Processing file /home/walterg/Documentos/Data_projects/Data-Warehouse-postgres-DBT-airflow-/.venv/lib/python3.11/site-packages/airflow/example_dags/example_latest_only.py for tasks to queue
[2025-05-31T19:59:38.318-0300] {logging_mixin.py:188} INFO - [2025-05-31T19:59:38.317-0300] {dagbag.py:538} INFO - Filling up the DagBag from /home/walterg/Documentos/Data_projects/Data-Warehouse-postgres-DBT-airflow-/.venv/lib/python3.11/site-packages/airflow/example_dags/example_latest_only.py
[2025-05-31T19:59:38.323-0300] {processor.py:840} INFO - DAG(s) 'latest_only' retrieved from /home/walterg/Documentos/Data_projects/Data-Warehouse-postgres-DBT-airflow-/.venv/lib/python3.11/site-packages/airflow/example_dags/example_latest_only.py
[2025-05-31T19:59:38.336-0300] {logging_mixin.py:188} INFO - [2025-05-31T19:59:38.336-0300] {dag.py:3036} INFO - Sync 1 DAGs
[2025-05-31T19:59:38.349-0300] {logging_mixin.py:188} INFO - [2025-05-31T19:59:38.349-0300] {dag.py:3823} INFO - Setting next_dagrun for latest_only to 2025-05-31 16:00:00+00:00, run_after=2025-05-31 20:00:00+00:00
[2025-05-31T19:59:38.367-0300] {processor.py:183} INFO - Processing /home/walterg/Documentos/Data_projects/Data-Warehouse-postgres-DBT-airflow-/.venv/lib/python3.11/site-packages/airflow/example_dags/example_latest_only.py took 0.058 seconds
