[2025-05-31T19:30:13.215-0300] {processor.py:161} INFO - Started process (PID=9748) to work on /home/walterg/Documentos/Data_projects/Data-Warehouse-postgres-DBT-airflow-/.venv/lib/python3.11/site-packages/airflow/example_dags/example_short_circuit_decorator.py
[2025-05-31T19:30:13.216-0300] {processor.py:830} INFO - Processing file /home/walterg/Documentos/Data_projects/Data-Warehouse-postgres-DBT-airflow-/.venv/lib/python3.11/site-packages/airflow/example_dags/example_short_circuit_decorator.py for tasks to queue
[2025-05-31T19:30:13.217-0300] {logging_mixin.py:188} INFO - [2025-05-31T19:30:13.217-0300] {dagbag.py:538} INFO - Filling up the DagBag from /home/walterg/Documentos/Data_projects/Data-Warehouse-postgres-DBT-airflow-/.venv/lib/python3.11/site-packages/airflow/example_dags/example_short_circuit_decorator.py
[2025-05-31T19:30:13.225-0300] {processor.py:840} INFO - DAG(s) 'example_short_circuit_decorator' retrieved from /home/walterg/Documentos/Data_projects/Data-Warehouse-postgres-DBT-airflow-/.venv/lib/python3.11/site-packages/airflow/example_dags/example_short_circuit_decorator.py
[2025-05-31T19:30:13.310-0300] {logging_mixin.py:188} INFO - [2025-05-31T19:30:13.309-0300] {override.py:1769} INFO - Created Permission View: can edit on DAG:example_short_circuit_decorator
[2025-05-31T19:30:13.319-0300] {logging_mixin.py:188} INFO - [2025-05-31T19:30:13.319-0300] {override.py:1769} INFO - Created Permission View: can read on DAG:example_short_circuit_decorator
[2025-05-31T19:30:13.327-0300] {logging_mixin.py:188} INFO - [2025-05-31T19:30:13.327-0300] {override.py:1769} INFO - Created Permission View: can delete on DAG:example_short_circuit_decorator
[2025-05-31T19:30:13.327-0300] {logging_mixin.py:188} INFO - [2025-05-31T19:30:13.327-0300] {dag.py:3036} INFO - Sync 1 DAGs
[2025-05-31T19:30:13.333-0300] {logging_mixin.py:188} INFO - [2025-05-31T19:30:13.333-0300] {dag.py:3058} INFO - Creating ORM DAG for example_short_circuit_decorator
[2025-05-31T19:30:13.339-0300] {logging_mixin.py:188} INFO - [2025-05-31T19:30:13.339-0300] {dag.py:3823} INFO - Setting next_dagrun for example_short_circuit_decorator to 2025-05-30 00:00:00+00:00, run_after=2025-05-31 00:00:00+00:00
[2025-05-31T19:30:13.355-0300] {processor.py:183} INFO - Processing /home/walterg/Documentos/Data_projects/Data-Warehouse-postgres-DBT-airflow-/.venv/lib/python3.11/site-packages/airflow/example_dags/example_short_circuit_decorator.py took 0.142 seconds
[2025-05-31T19:31:01.545-0300] {processor.py:161} INFO - Started process (PID=9931) to work on /home/walterg/Documentos/Data_projects/Data-Warehouse-postgres-DBT-airflow-/.venv/lib/python3.11/site-packages/airflow/example_dags/example_short_circuit_decorator.py
[2025-05-31T19:31:01.550-0300] {processor.py:830} INFO - Processing file /home/walterg/Documentos/Data_projects/Data-Warehouse-postgres-DBT-airflow-/.venv/lib/python3.11/site-packages/airflow/example_dags/example_short_circuit_decorator.py for tasks to queue
[2025-05-31T19:31:01.551-0300] {logging_mixin.py:188} INFO - [2025-05-31T19:31:01.551-0300] {dagbag.py:538} INFO - Filling up the DagBag from /home/walterg/Documentos/Data_projects/Data-Warehouse-postgres-DBT-airflow-/.venv/lib/python3.11/site-packages/airflow/example_dags/example_short_circuit_decorator.py
[2025-05-31T19:31:01.559-0300] {processor.py:840} INFO - DAG(s) 'example_short_circuit_decorator' retrieved from /home/walterg/Documentos/Data_projects/Data-Warehouse-postgres-DBT-airflow-/.venv/lib/python3.11/site-packages/airflow/example_dags/example_short_circuit_decorator.py
[2025-05-31T19:31:01.571-0300] {logging_mixin.py:188} INFO - [2025-05-31T19:31:01.571-0300] {dag.py:3036} INFO - Sync 1 DAGs
[2025-05-31T19:31:01.585-0300] {logging_mixin.py:188} INFO - [2025-05-31T19:31:01.585-0300] {dag.py:3823} INFO - Setting next_dagrun for example_short_circuit_decorator to 2025-05-30 00:00:00+00:00, run_after=2025-05-31 00:00:00+00:00
[2025-05-31T19:31:01.601-0300] {processor.py:183} INFO - Processing /home/walterg/Documentos/Data_projects/Data-Warehouse-postgres-DBT-airflow-/.venv/lib/python3.11/site-packages/airflow/example_dags/example_short_circuit_decorator.py took 0.059 seconds
[2025-05-31T19:41:16.481-0300] {processor.py:161} INFO - Started process (PID=12289) to work on /home/walterg/Documentos/Data_projects/Data-Warehouse-postgres-DBT-airflow-/.venv/lib/python3.11/site-packages/airflow/example_dags/example_short_circuit_decorator.py
[2025-05-31T19:41:16.486-0300] {processor.py:830} INFO - Processing file /home/walterg/Documentos/Data_projects/Data-Warehouse-postgres-DBT-airflow-/.venv/lib/python3.11/site-packages/airflow/example_dags/example_short_circuit_decorator.py for tasks to queue
[2025-05-31T19:41:16.487-0300] {logging_mixin.py:188} INFO - [2025-05-31T19:41:16.487-0300] {dagbag.py:538} INFO - Filling up the DagBag from /home/walterg/Documentos/Data_projects/Data-Warehouse-postgres-DBT-airflow-/.venv/lib/python3.11/site-packages/airflow/example_dags/example_short_circuit_decorator.py
[2025-05-31T19:41:16.494-0300] {processor.py:840} INFO - DAG(s) 'example_short_circuit_decorator' retrieved from /home/walterg/Documentos/Data_projects/Data-Warehouse-postgres-DBT-airflow-/.venv/lib/python3.11/site-packages/airflow/example_dags/example_short_circuit_decorator.py
[2025-05-31T19:41:16.561-0300] {logging_mixin.py:188} INFO - [2025-05-31T19:41:16.561-0300] {dag.py:3036} INFO - Sync 1 DAGs
[2025-05-31T19:41:16.572-0300] {logging_mixin.py:188} INFO - [2025-05-31T19:41:16.572-0300] {dag.py:3823} INFO - Setting next_dagrun for example_short_circuit_decorator to 2025-05-30 00:00:00+00:00, run_after=2025-05-31 00:00:00+00:00
[2025-05-31T19:41:16.588-0300] {processor.py:183} INFO - Processing /home/walterg/Documentos/Data_projects/Data-Warehouse-postgres-DBT-airflow-/.venv/lib/python3.11/site-packages/airflow/example_dags/example_short_circuit_decorator.py took 0.110 seconds
[2025-05-31T19:42:13.408-0300] {processor.py:161} INFO - Started process (PID=12617) to work on /home/walterg/Documentos/Data_projects/Data-Warehouse-postgres-DBT-airflow-/.venv/lib/python3.11/site-packages/airflow/example_dags/example_short_circuit_decorator.py
[2025-05-31T19:42:13.413-0300] {processor.py:830} INFO - Processing file /home/walterg/Documentos/Data_projects/Data-Warehouse-postgres-DBT-airflow-/.venv/lib/python3.11/site-packages/airflow/example_dags/example_short_circuit_decorator.py for tasks to queue
[2025-05-31T19:42:13.414-0300] {logging_mixin.py:188} INFO - [2025-05-31T19:42:13.414-0300] {dagbag.py:538} INFO - Filling up the DagBag from /home/walterg/Documentos/Data_projects/Data-Warehouse-postgres-DBT-airflow-/.venv/lib/python3.11/site-packages/airflow/example_dags/example_short_circuit_decorator.py
[2025-05-31T19:42:13.421-0300] {processor.py:840} INFO - DAG(s) 'example_short_circuit_decorator' retrieved from /home/walterg/Documentos/Data_projects/Data-Warehouse-postgres-DBT-airflow-/.venv/lib/python3.11/site-packages/airflow/example_dags/example_short_circuit_decorator.py
[2025-05-31T19:42:13.434-0300] {logging_mixin.py:188} INFO - [2025-05-31T19:42:13.434-0300] {dag.py:3036} INFO - Sync 1 DAGs
[2025-05-31T19:42:13.448-0300] {logging_mixin.py:188} INFO - [2025-05-31T19:42:13.448-0300] {dag.py:3823} INFO - Setting next_dagrun for example_short_circuit_decorator to 2025-05-30 00:00:00+00:00, run_after=2025-05-31 00:00:00+00:00
[2025-05-31T19:42:13.465-0300] {processor.py:183} INFO - Processing /home/walterg/Documentos/Data_projects/Data-Warehouse-postgres-DBT-airflow-/.venv/lib/python3.11/site-packages/airflow/example_dags/example_short_circuit_decorator.py took 0.059 seconds
[2025-05-31T19:43:05.091-0300] {processor.py:161} INFO - Started process (PID=12935) to work on /home/walterg/Documentos/Data_projects/Data-Warehouse-postgres-DBT-airflow-/.venv/lib/python3.11/site-packages/airflow/example_dags/example_short_circuit_decorator.py
[2025-05-31T19:43:05.096-0300] {processor.py:830} INFO - Processing file /home/walterg/Documentos/Data_projects/Data-Warehouse-postgres-DBT-airflow-/.venv/lib/python3.11/site-packages/airflow/example_dags/example_short_circuit_decorator.py for tasks to queue
[2025-05-31T19:43:05.098-0300] {logging_mixin.py:188} INFO - [2025-05-31T19:43:05.097-0300] {dagbag.py:538} INFO - Filling up the DagBag from /home/walterg/Documentos/Data_projects/Data-Warehouse-postgres-DBT-airflow-/.venv/lib/python3.11/site-packages/airflow/example_dags/example_short_circuit_decorator.py
[2025-05-31T19:43:05.105-0300] {processor.py:840} INFO - DAG(s) 'example_short_circuit_decorator' retrieved from /home/walterg/Documentos/Data_projects/Data-Warehouse-postgres-DBT-airflow-/.venv/lib/python3.11/site-packages/airflow/example_dags/example_short_circuit_decorator.py
[2025-05-31T19:43:05.119-0300] {logging_mixin.py:188} INFO - [2025-05-31T19:43:05.119-0300] {dag.py:3036} INFO - Sync 1 DAGs
[2025-05-31T19:43:05.133-0300] {logging_mixin.py:188} INFO - [2025-05-31T19:43:05.133-0300] {dag.py:3823} INFO - Setting next_dagrun for example_short_circuit_decorator to 2025-05-30 00:00:00+00:00, run_after=2025-05-31 00:00:00+00:00
[2025-05-31T19:43:05.150-0300] {processor.py:183} INFO - Processing /home/walterg/Documentos/Data_projects/Data-Warehouse-postgres-DBT-airflow-/.venv/lib/python3.11/site-packages/airflow/example_dags/example_short_circuit_decorator.py took 0.062 seconds
[2025-05-31T19:43:48.527-0300] {processor.py:161} INFO - Started process (PID=13307) to work on /home/walterg/Documentos/Data_projects/Data-Warehouse-postgres-DBT-airflow-/.venv/lib/python3.11/site-packages/airflow/example_dags/example_short_circuit_decorator.py
[2025-05-31T19:43:48.535-0300] {processor.py:830} INFO - Processing file /home/walterg/Documentos/Data_projects/Data-Warehouse-postgres-DBT-airflow-/.venv/lib/python3.11/site-packages/airflow/example_dags/example_short_circuit_decorator.py for tasks to queue
[2025-05-31T19:43:48.536-0300] {logging_mixin.py:188} INFO - [2025-05-31T19:43:48.536-0300] {dagbag.py:538} INFO - Filling up the DagBag from /home/walterg/Documentos/Data_projects/Data-Warehouse-postgres-DBT-airflow-/.venv/lib/python3.11/site-packages/airflow/example_dags/example_short_circuit_decorator.py
[2025-05-31T19:43:48.544-0300] {processor.py:840} INFO - DAG(s) 'example_short_circuit_decorator' retrieved from /home/walterg/Documentos/Data_projects/Data-Warehouse-postgres-DBT-airflow-/.venv/lib/python3.11/site-packages/airflow/example_dags/example_short_circuit_decorator.py
[2025-05-31T19:43:48.558-0300] {logging_mixin.py:188} INFO - [2025-05-31T19:43:48.557-0300] {dag.py:3036} INFO - Sync 1 DAGs
[2025-05-31T19:43:48.572-0300] {logging_mixin.py:188} INFO - [2025-05-31T19:43:48.571-0300] {dag.py:3823} INFO - Setting next_dagrun for example_short_circuit_decorator to 2025-05-30 00:00:00+00:00, run_after=2025-05-31 00:00:00+00:00
[2025-05-31T19:43:48.589-0300] {processor.py:183} INFO - Processing /home/walterg/Documentos/Data_projects/Data-Warehouse-postgres-DBT-airflow-/.venv/lib/python3.11/site-packages/airflow/example_dags/example_short_circuit_decorator.py took 0.064 seconds
[2025-05-31T19:44:34.372-0300] {processor.py:161} INFO - Started process (PID=13585) to work on /home/walterg/Documentos/Data_projects/Data-Warehouse-postgres-DBT-airflow-/.venv/lib/python3.11/site-packages/airflow/example_dags/example_short_circuit_decorator.py
[2025-05-31T19:44:34.377-0300] {processor.py:830} INFO - Processing file /home/walterg/Documentos/Data_projects/Data-Warehouse-postgres-DBT-airflow-/.venv/lib/python3.11/site-packages/airflow/example_dags/example_short_circuit_decorator.py for tasks to queue
[2025-05-31T19:44:34.378-0300] {logging_mixin.py:188} INFO - [2025-05-31T19:44:34.378-0300] {dagbag.py:538} INFO - Filling up the DagBag from /home/walterg/Documentos/Data_projects/Data-Warehouse-postgres-DBT-airflow-/.venv/lib/python3.11/site-packages/airflow/example_dags/example_short_circuit_decorator.py
[2025-05-31T19:44:34.386-0300] {processor.py:840} INFO - DAG(s) 'example_short_circuit_decorator' retrieved from /home/walterg/Documentos/Data_projects/Data-Warehouse-postgres-DBT-airflow-/.venv/lib/python3.11/site-packages/airflow/example_dags/example_short_circuit_decorator.py
[2025-05-31T19:44:34.399-0300] {logging_mixin.py:188} INFO - [2025-05-31T19:44:34.399-0300] {dag.py:3036} INFO - Sync 1 DAGs
[2025-05-31T19:44:34.412-0300] {logging_mixin.py:188} INFO - [2025-05-31T19:44:34.412-0300] {dag.py:3823} INFO - Setting next_dagrun for example_short_circuit_decorator to 2025-05-30 00:00:00+00:00, run_after=2025-05-31 00:00:00+00:00
[2025-05-31T19:44:34.431-0300] {processor.py:183} INFO - Processing /home/walterg/Documentos/Data_projects/Data-Warehouse-postgres-DBT-airflow-/.venv/lib/python3.11/site-packages/airflow/example_dags/example_short_circuit_decorator.py took 0.061 seconds
[2025-05-31T19:45:24.293-0300] {processor.py:161} INFO - Started process (PID=13815) to work on /home/walterg/Documentos/Data_projects/Data-Warehouse-postgres-DBT-airflow-/.venv/lib/python3.11/site-packages/airflow/example_dags/example_short_circuit_decorator.py
[2025-05-31T19:45:24.298-0300] {processor.py:830} INFO - Processing file /home/walterg/Documentos/Data_projects/Data-Warehouse-postgres-DBT-airflow-/.venv/lib/python3.11/site-packages/airflow/example_dags/example_short_circuit_decorator.py for tasks to queue
[2025-05-31T19:45:24.299-0300] {logging_mixin.py:188} INFO - [2025-05-31T19:45:24.299-0300] {dagbag.py:538} INFO - Filling up the DagBag from /home/walterg/Documentos/Data_projects/Data-Warehouse-postgres-DBT-airflow-/.venv/lib/python3.11/site-packages/airflow/example_dags/example_short_circuit_decorator.py
[2025-05-31T19:45:24.307-0300] {processor.py:840} INFO - DAG(s) 'example_short_circuit_decorator' retrieved from /home/walterg/Documentos/Data_projects/Data-Warehouse-postgres-DBT-airflow-/.venv/lib/python3.11/site-packages/airflow/example_dags/example_short_circuit_decorator.py
[2025-05-31T19:45:24.319-0300] {logging_mixin.py:188} INFO - [2025-05-31T19:45:24.319-0300] {dag.py:3036} INFO - Sync 1 DAGs
[2025-05-31T19:45:24.333-0300] {logging_mixin.py:188} INFO - [2025-05-31T19:45:24.332-0300] {dag.py:3823} INFO - Setting next_dagrun for example_short_circuit_decorator to 2025-05-30 00:00:00+00:00, run_after=2025-05-31 00:00:00+00:00
[2025-05-31T19:45:24.348-0300] {processor.py:183} INFO - Processing /home/walterg/Documentos/Data_projects/Data-Warehouse-postgres-DBT-airflow-/.venv/lib/python3.11/site-packages/airflow/example_dags/example_short_circuit_decorator.py took 0.058 seconds
[2025-05-31T19:46:19.011-0300] {processor.py:161} INFO - Started process (PID=14044) to work on /home/walterg/Documentos/Data_projects/Data-Warehouse-postgres-DBT-airflow-/.venv/lib/python3.11/site-packages/airflow/example_dags/example_short_circuit_decorator.py
[2025-05-31T19:46:19.016-0300] {processor.py:830} INFO - Processing file /home/walterg/Documentos/Data_projects/Data-Warehouse-postgres-DBT-airflow-/.venv/lib/python3.11/site-packages/airflow/example_dags/example_short_circuit_decorator.py for tasks to queue
[2025-05-31T19:46:19.017-0300] {logging_mixin.py:188} INFO - [2025-05-31T19:46:19.017-0300] {dagbag.py:538} INFO - Filling up the DagBag from /home/walterg/Documentos/Data_projects/Data-Warehouse-postgres-DBT-airflow-/.venv/lib/python3.11/site-packages/airflow/example_dags/example_short_circuit_decorator.py
[2025-05-31T19:46:19.025-0300] {processor.py:840} INFO - DAG(s) 'example_short_circuit_decorator' retrieved from /home/walterg/Documentos/Data_projects/Data-Warehouse-postgres-DBT-airflow-/.venv/lib/python3.11/site-packages/airflow/example_dags/example_short_circuit_decorator.py
[2025-05-31T19:46:19.038-0300] {logging_mixin.py:188} INFO - [2025-05-31T19:46:19.038-0300] {dag.py:3036} INFO - Sync 1 DAGs
[2025-05-31T19:46:19.051-0300] {logging_mixin.py:188} INFO - [2025-05-31T19:46:19.051-0300] {dag.py:3823} INFO - Setting next_dagrun for example_short_circuit_decorator to 2025-05-30 00:00:00+00:00, run_after=2025-05-31 00:00:00+00:00
[2025-05-31T19:46:19.068-0300] {processor.py:183} INFO - Processing /home/walterg/Documentos/Data_projects/Data-Warehouse-postgres-DBT-airflow-/.venv/lib/python3.11/site-packages/airflow/example_dags/example_short_circuit_decorator.py took 0.059 seconds
[2025-05-31T19:47:00.714-0300] {processor.py:161} INFO - Started process (PID=14204) to work on /home/walterg/Documentos/Data_projects/Data-Warehouse-postgres-DBT-airflow-/.venv/lib/python3.11/site-packages/airflow/example_dags/example_short_circuit_decorator.py
[2025-05-31T19:47:00.719-0300] {processor.py:830} INFO - Processing file /home/walterg/Documentos/Data_projects/Data-Warehouse-postgres-DBT-airflow-/.venv/lib/python3.11/site-packages/airflow/example_dags/example_short_circuit_decorator.py for tasks to queue
[2025-05-31T19:47:00.720-0300] {logging_mixin.py:188} INFO - [2025-05-31T19:47:00.719-0300] {dagbag.py:538} INFO - Filling up the DagBag from /home/walterg/Documentos/Data_projects/Data-Warehouse-postgres-DBT-airflow-/.venv/lib/python3.11/site-packages/airflow/example_dags/example_short_circuit_decorator.py
[2025-05-31T19:47:00.728-0300] {processor.py:840} INFO - DAG(s) 'example_short_circuit_decorator' retrieved from /home/walterg/Documentos/Data_projects/Data-Warehouse-postgres-DBT-airflow-/.venv/lib/python3.11/site-packages/airflow/example_dags/example_short_circuit_decorator.py
[2025-05-31T19:47:00.741-0300] {logging_mixin.py:188} INFO - [2025-05-31T19:47:00.741-0300] {dag.py:3036} INFO - Sync 1 DAGs
[2025-05-31T19:47:00.754-0300] {logging_mixin.py:188} INFO - [2025-05-31T19:47:00.754-0300] {dag.py:3823} INFO - Setting next_dagrun for example_short_circuit_decorator to 2025-05-30 00:00:00+00:00, run_after=2025-05-31 00:00:00+00:00
[2025-05-31T19:47:00.772-0300] {processor.py:183} INFO - Processing /home/walterg/Documentos/Data_projects/Data-Warehouse-postgres-DBT-airflow-/.venv/lib/python3.11/site-packages/airflow/example_dags/example_short_circuit_decorator.py took 0.061 seconds
[2025-05-31T19:47:58.994-0300] {processor.py:161} INFO - Started process (PID=14419) to work on /home/walterg/Documentos/Data_projects/Data-Warehouse-postgres-DBT-airflow-/.venv/lib/python3.11/site-packages/airflow/example_dags/example_short_circuit_decorator.py
[2025-05-31T19:47:58.995-0300] {processor.py:830} INFO - Processing file /home/walterg/Documentos/Data_projects/Data-Warehouse-postgres-DBT-airflow-/.venv/lib/python3.11/site-packages/airflow/example_dags/example_short_circuit_decorator.py for tasks to queue
[2025-05-31T19:47:58.996-0300] {logging_mixin.py:188} INFO - [2025-05-31T19:47:58.995-0300] {dagbag.py:538} INFO - Filling up the DagBag from /home/walterg/Documentos/Data_projects/Data-Warehouse-postgres-DBT-airflow-/.venv/lib/python3.11/site-packages/airflow/example_dags/example_short_circuit_decorator.py
[2025-05-31T19:47:59.003-0300] {processor.py:840} INFO - DAG(s) 'example_short_circuit_decorator' retrieved from /home/walterg/Documentos/Data_projects/Data-Warehouse-postgres-DBT-airflow-/.venv/lib/python3.11/site-packages/airflow/example_dags/example_short_circuit_decorator.py
[2025-05-31T19:47:59.017-0300] {logging_mixin.py:188} INFO - [2025-05-31T19:47:59.017-0300] {dag.py:3036} INFO - Sync 1 DAGs
[2025-05-31T19:47:59.031-0300] {logging_mixin.py:188} INFO - [2025-05-31T19:47:59.030-0300] {dag.py:3823} INFO - Setting next_dagrun for example_short_circuit_decorator to 2025-05-30 00:00:00+00:00, run_after=2025-05-31 00:00:00+00:00
[2025-05-31T19:47:59.047-0300] {processor.py:183} INFO - Processing /home/walterg/Documentos/Data_projects/Data-Warehouse-postgres-DBT-airflow-/.venv/lib/python3.11/site-packages/airflow/example_dags/example_short_circuit_decorator.py took 0.055 seconds
