[2025-05-31T19:30:30.083-0300] {processor.py:161} INFO - Started process (PID=9816) to work on /home/walterg/Documentos/Data_projects/Data-Warehouse-postgres-DBT-airflow-/.venv/lib/python3.11/site-packages/airflow/example_dags/example_complex.py
[2025-05-31T19:30:30.084-0300] {processor.py:830} INFO - Processing file /home/walterg/Documentos/Data_projects/Data-Warehouse-postgres-DBT-airflow-/.venv/lib/python3.11/site-packages/airflow/example_dags/example_complex.py for tasks to queue
[2025-05-31T19:30:30.085-0300] {logging_mixin.py:188} INFO - [2025-05-31T19:30:30.085-0300] {dagbag.py:538} INFO - Filling up the DagBag from /home/walterg/Documentos/Data_projects/Data-Warehouse-postgres-DBT-airflow-/.venv/lib/python3.11/site-packages/airflow/example_dags/example_complex.py
[2025-05-31T19:30:30.095-0300] {processor.py:840} INFO - DAG(s) 'example_complex' retrieved from /home/walterg/Documentos/Data_projects/Data-Warehouse-postgres-DBT-airflow-/.venv/lib/python3.11/site-packages/airflow/example_dags/example_complex.py
[2025-05-31T19:30:30.181-0300] {logging_mixin.py:188} INFO - [2025-05-31T19:30:30.180-0300] {override.py:1769} INFO - Created Permission View: can edit on DAG:example_complex
[2025-05-31T19:30:30.191-0300] {logging_mixin.py:188} INFO - [2025-05-31T19:30:30.191-0300] {override.py:1769} INFO - Created Permission View: can read on DAG:example_complex
[2025-05-31T19:30:30.199-0300] {logging_mixin.py:188} INFO - [2025-05-31T19:30:30.198-0300] {override.py:1769} INFO - Created Permission View: can delete on DAG:example_complex
[2025-05-31T19:30:30.199-0300] {logging_mixin.py:188} INFO - [2025-05-31T19:30:30.199-0300] {dag.py:3036} INFO - Sync 1 DAGs
[2025-05-31T19:30:30.205-0300] {logging_mixin.py:188} INFO - [2025-05-31T19:30:30.205-0300] {dag.py:3058} INFO - Creating ORM DAG for example_complex
[2025-05-31T19:30:30.206-0300] {logging_mixin.py:188} INFO - [2025-05-31T19:30:30.205-0300] {dag.py:3823} INFO - Setting next_dagrun for example_complex to None, run_after=None
[2025-05-31T19:30:30.221-0300] {processor.py:183} INFO - Processing /home/walterg/Documentos/Data_projects/Data-Warehouse-postgres-DBT-airflow-/.venv/lib/python3.11/site-packages/airflow/example_dags/example_complex.py took 0.141 seconds
[2025-05-31T19:31:18.110-0300] {processor.py:161} INFO - Started process (PID=10008) to work on /home/walterg/Documentos/Data_projects/Data-Warehouse-postgres-DBT-airflow-/.venv/lib/python3.11/site-packages/airflow/example_dags/example_complex.py
[2025-05-31T19:31:18.115-0300] {processor.py:830} INFO - Processing file /home/walterg/Documentos/Data_projects/Data-Warehouse-postgres-DBT-airflow-/.venv/lib/python3.11/site-packages/airflow/example_dags/example_complex.py for tasks to queue
[2025-05-31T19:31:18.117-0300] {logging_mixin.py:188} INFO - [2025-05-31T19:31:18.116-0300] {dagbag.py:538} INFO - Filling up the DagBag from /home/walterg/Documentos/Data_projects/Data-Warehouse-postgres-DBT-airflow-/.venv/lib/python3.11/site-packages/airflow/example_dags/example_complex.py
[2025-05-31T19:31:18.124-0300] {processor.py:840} INFO - DAG(s) 'example_complex' retrieved from /home/walterg/Documentos/Data_projects/Data-Warehouse-postgres-DBT-airflow-/.venv/lib/python3.11/site-packages/airflow/example_dags/example_complex.py
[2025-05-31T19:31:18.141-0300] {logging_mixin.py:188} INFO - [2025-05-31T19:31:18.141-0300] {dag.py:3036} INFO - Sync 1 DAGs
[2025-05-31T19:31:18.149-0300] {logging_mixin.py:188} INFO - [2025-05-31T19:31:18.149-0300] {dag.py:3823} INFO - Setting next_dagrun for example_complex to None, run_after=None
[2025-05-31T19:31:18.167-0300] {processor.py:183} INFO - Processing /home/walterg/Documentos/Data_projects/Data-Warehouse-postgres-DBT-airflow-/.venv/lib/python3.11/site-packages/airflow/example_dags/example_complex.py took 0.059 seconds
[2025-05-31T19:41:36.997-0300] {processor.py:161} INFO - Started process (PID=12394) to work on /home/walterg/Documentos/Data_projects/Data-Warehouse-postgres-DBT-airflow-/.venv/lib/python3.11/site-packages/airflow/example_dags/example_complex.py
[2025-05-31T19:41:37.002-0300] {processor.py:830} INFO - Processing file /home/walterg/Documentos/Data_projects/Data-Warehouse-postgres-DBT-airflow-/.venv/lib/python3.11/site-packages/airflow/example_dags/example_complex.py for tasks to queue
[2025-05-31T19:41:37.003-0300] {logging_mixin.py:188} INFO - [2025-05-31T19:41:37.003-0300] {dagbag.py:538} INFO - Filling up the DagBag from /home/walterg/Documentos/Data_projects/Data-Warehouse-postgres-DBT-airflow-/.venv/lib/python3.11/site-packages/airflow/example_dags/example_complex.py
[2025-05-31T19:41:37.011-0300] {processor.py:840} INFO - DAG(s) 'example_complex' retrieved from /home/walterg/Documentos/Data_projects/Data-Warehouse-postgres-DBT-airflow-/.venv/lib/python3.11/site-packages/airflow/example_dags/example_complex.py
[2025-05-31T19:41:37.080-0300] {logging_mixin.py:188} INFO - [2025-05-31T19:41:37.080-0300] {dag.py:3036} INFO - Sync 1 DAGs
[2025-05-31T19:41:37.086-0300] {logging_mixin.py:188} INFO - [2025-05-31T19:41:37.086-0300] {dag.py:3823} INFO - Setting next_dagrun for example_complex to None, run_after=None
[2025-05-31T19:41:37.103-0300] {processor.py:183} INFO - Processing /home/walterg/Documentos/Data_projects/Data-Warehouse-postgres-DBT-airflow-/.venv/lib/python3.11/site-packages/airflow/example_dags/example_complex.py took 0.108 seconds
[2025-05-31T19:42:33.850-0300] {processor.py:161} INFO - Started process (PID=12742) to work on /home/walterg/Documentos/Data_projects/Data-Warehouse-postgres-DBT-airflow-/.venv/lib/python3.11/site-packages/airflow/example_dags/example_complex.py
[2025-05-31T19:42:33.851-0300] {processor.py:830} INFO - Processing file /home/walterg/Documentos/Data_projects/Data-Warehouse-postgres-DBT-airflow-/.venv/lib/python3.11/site-packages/airflow/example_dags/example_complex.py for tasks to queue
[2025-05-31T19:42:33.852-0300] {logging_mixin.py:188} INFO - [2025-05-31T19:42:33.851-0300] {dagbag.py:538} INFO - Filling up the DagBag from /home/walterg/Documentos/Data_projects/Data-Warehouse-postgres-DBT-airflow-/.venv/lib/python3.11/site-packages/airflow/example_dags/example_complex.py
[2025-05-31T19:42:33.859-0300] {processor.py:840} INFO - DAG(s) 'example_complex' retrieved from /home/walterg/Documentos/Data_projects/Data-Warehouse-postgres-DBT-airflow-/.venv/lib/python3.11/site-packages/airflow/example_dags/example_complex.py
[2025-05-31T19:42:33.876-0300] {logging_mixin.py:188} INFO - [2025-05-31T19:42:33.876-0300] {dag.py:3036} INFO - Sync 1 DAGs
[2025-05-31T19:42:33.885-0300] {logging_mixin.py:188} INFO - [2025-05-31T19:42:33.885-0300] {dag.py:3823} INFO - Setting next_dagrun for example_complex to None, run_after=None
[2025-05-31T19:42:33.902-0300] {processor.py:183} INFO - Processing /home/walterg/Documentos/Data_projects/Data-Warehouse-postgres-DBT-airflow-/.venv/lib/python3.11/site-packages/airflow/example_dags/example_complex.py took 0.054 seconds
[2025-05-31T19:43:33.092-0300] {processor.py:161} INFO - Started process (PID=13243) to work on /home/walterg/Documentos/Data_projects/Data-Warehouse-postgres-DBT-airflow-/.venv/lib/python3.11/site-packages/airflow/example_dags/example_complex.py
[2025-05-31T19:43:33.097-0300] {processor.py:830} INFO - Processing file /home/walterg/Documentos/Data_projects/Data-Warehouse-postgres-DBT-airflow-/.venv/lib/python3.11/site-packages/airflow/example_dags/example_complex.py for tasks to queue
[2025-05-31T19:43:33.098-0300] {logging_mixin.py:188} INFO - [2025-05-31T19:43:33.098-0300] {dagbag.py:538} INFO - Filling up the DagBag from /home/walterg/Documentos/Data_projects/Data-Warehouse-postgres-DBT-airflow-/.venv/lib/python3.11/site-packages/airflow/example_dags/example_complex.py
[2025-05-31T19:43:33.105-0300] {processor.py:840} INFO - DAG(s) 'example_complex' retrieved from /home/walterg/Documentos/Data_projects/Data-Warehouse-postgres-DBT-airflow-/.venv/lib/python3.11/site-packages/airflow/example_dags/example_complex.py
[2025-05-31T19:43:33.124-0300] {logging_mixin.py:188} INFO - [2025-05-31T19:43:33.123-0300] {dag.py:3036} INFO - Sync 1 DAGs
[2025-05-31T19:43:33.133-0300] {logging_mixin.py:188} INFO - [2025-05-31T19:43:33.132-0300] {dag.py:3823} INFO - Setting next_dagrun for example_complex to None, run_after=None
[2025-05-31T19:43:33.151-0300] {processor.py:183} INFO - Processing /home/walterg/Documentos/Data_projects/Data-Warehouse-postgres-DBT-airflow-/.venv/lib/python3.11/site-packages/airflow/example_dags/example_complex.py took 0.062 seconds
[2025-05-31T19:44:38.497-0300] {processor.py:161} INFO - Started process (PID=13592) to work on /home/walterg/Documentos/Data_projects/Data-Warehouse-postgres-DBT-airflow-/.venv/lib/python3.11/site-packages/airflow/example_dags/example_complex.py
[2025-05-31T19:44:38.502-0300] {processor.py:830} INFO - Processing file /home/walterg/Documentos/Data_projects/Data-Warehouse-postgres-DBT-airflow-/.venv/lib/python3.11/site-packages/airflow/example_dags/example_complex.py for tasks to queue
[2025-05-31T19:44:38.504-0300] {logging_mixin.py:188} INFO - [2025-05-31T19:44:38.503-0300] {dagbag.py:538} INFO - Filling up the DagBag from /home/walterg/Documentos/Data_projects/Data-Warehouse-postgres-DBT-airflow-/.venv/lib/python3.11/site-packages/airflow/example_dags/example_complex.py
[2025-05-31T19:44:38.512-0300] {processor.py:840} INFO - DAG(s) 'example_complex' retrieved from /home/walterg/Documentos/Data_projects/Data-Warehouse-postgres-DBT-airflow-/.venv/lib/python3.11/site-packages/airflow/example_dags/example_complex.py
[2025-05-31T19:44:38.529-0300] {logging_mixin.py:188} INFO - [2025-05-31T19:44:38.529-0300] {dag.py:3036} INFO - Sync 1 DAGs
[2025-05-31T19:44:38.537-0300] {logging_mixin.py:188} INFO - [2025-05-31T19:44:38.536-0300] {dag.py:3823} INFO - Setting next_dagrun for example_complex to None, run_after=None
[2025-05-31T19:44:38.554-0300] {processor.py:183} INFO - Processing /home/walterg/Documentos/Data_projects/Data-Warehouse-postgres-DBT-airflow-/.venv/lib/python3.11/site-packages/airflow/example_dags/example_complex.py took 0.059 seconds
[2025-05-31T19:45:30.649-0300] {processor.py:161} INFO - Started process (PID=13846) to work on /home/walterg/Documentos/Data_projects/Data-Warehouse-postgres-DBT-airflow-/.venv/lib/python3.11/site-packages/airflow/example_dags/example_complex.py
[2025-05-31T19:45:30.655-0300] {processor.py:830} INFO - Processing file /home/walterg/Documentos/Data_projects/Data-Warehouse-postgres-DBT-airflow-/.venv/lib/python3.11/site-packages/airflow/example_dags/example_complex.py for tasks to queue
[2025-05-31T19:45:30.655-0300] {logging_mixin.py:188} INFO - [2025-05-31T19:45:30.655-0300] {dagbag.py:538} INFO - Filling up the DagBag from /home/walterg/Documentos/Data_projects/Data-Warehouse-postgres-DBT-airflow-/.venv/lib/python3.11/site-packages/airflow/example_dags/example_complex.py
[2025-05-31T19:45:30.663-0300] {processor.py:840} INFO - DAG(s) 'example_complex' retrieved from /home/walterg/Documentos/Data_projects/Data-Warehouse-postgres-DBT-airflow-/.venv/lib/python3.11/site-packages/airflow/example_dags/example_complex.py
[2025-05-31T19:45:30.680-0300] {logging_mixin.py:188} INFO - [2025-05-31T19:45:30.680-0300] {dag.py:3036} INFO - Sync 1 DAGs
[2025-05-31T19:45:30.687-0300] {logging_mixin.py:188} INFO - [2025-05-31T19:45:30.687-0300] {dag.py:3823} INFO - Setting next_dagrun for example_complex to None, run_after=None
[2025-05-31T19:45:30.704-0300] {processor.py:183} INFO - Processing /home/walterg/Documentos/Data_projects/Data-Warehouse-postgres-DBT-airflow-/.venv/lib/python3.11/site-packages/airflow/example_dags/example_complex.py took 0.057 seconds
[2025-05-31T19:46:26.866-0300] {processor.py:161} INFO - Started process (PID=14129) to work on /home/walterg/Documentos/Data_projects/Data-Warehouse-postgres-DBT-airflow-/.venv/lib/python3.11/site-packages/airflow/example_dags/example_complex.py
[2025-05-31T19:46:26.867-0300] {processor.py:830} INFO - Processing file /home/walterg/Documentos/Data_projects/Data-Warehouse-postgres-DBT-airflow-/.venv/lib/python3.11/site-packages/airflow/example_dags/example_complex.py for tasks to queue
[2025-05-31T19:46:26.868-0300] {logging_mixin.py:188} INFO - [2025-05-31T19:46:26.868-0300] {dagbag.py:538} INFO - Filling up the DagBag from /home/walterg/Documentos/Data_projects/Data-Warehouse-postgres-DBT-airflow-/.venv/lib/python3.11/site-packages/airflow/example_dags/example_complex.py
[2025-05-31T19:46:26.876-0300] {processor.py:840} INFO - DAG(s) 'example_complex' retrieved from /home/walterg/Documentos/Data_projects/Data-Warehouse-postgres-DBT-airflow-/.venv/lib/python3.11/site-packages/airflow/example_dags/example_complex.py
[2025-05-31T19:46:26.893-0300] {logging_mixin.py:188} INFO - [2025-05-31T19:46:26.893-0300] {dag.py:3036} INFO - Sync 1 DAGs
[2025-05-31T19:46:26.901-0300] {logging_mixin.py:188} INFO - [2025-05-31T19:46:26.901-0300] {dag.py:3823} INFO - Setting next_dagrun for example_complex to None, run_after=None
[2025-05-31T19:46:26.917-0300] {processor.py:183} INFO - Processing /home/walterg/Documentos/Data_projects/Data-Warehouse-postgres-DBT-airflow-/.venv/lib/python3.11/site-packages/airflow/example_dags/example_complex.py took 0.054 seconds
[2025-05-31T19:47:26.961-0300] {processor.py:161} INFO - Started process (PID=14361) to work on /home/walterg/Documentos/Data_projects/Data-Warehouse-postgres-DBT-airflow-/.venv/lib/python3.11/site-packages/airflow/example_dags/example_complex.py
[2025-05-31T19:47:26.966-0300] {processor.py:830} INFO - Processing file /home/walterg/Documentos/Data_projects/Data-Warehouse-postgres-DBT-airflow-/.venv/lib/python3.11/site-packages/airflow/example_dags/example_complex.py for tasks to queue
[2025-05-31T19:47:26.968-0300] {logging_mixin.py:188} INFO - [2025-05-31T19:47:26.967-0300] {dagbag.py:538} INFO - Filling up the DagBag from /home/walterg/Documentos/Data_projects/Data-Warehouse-postgres-DBT-airflow-/.venv/lib/python3.11/site-packages/airflow/example_dags/example_complex.py
[2025-05-31T19:47:26.976-0300] {processor.py:840} INFO - DAG(s) 'example_complex' retrieved from /home/walterg/Documentos/Data_projects/Data-Warehouse-postgres-DBT-airflow-/.venv/lib/python3.11/site-packages/airflow/example_dags/example_complex.py
[2025-05-31T19:47:26.994-0300] {logging_mixin.py:188} INFO - [2025-05-31T19:47:26.994-0300] {dag.py:3036} INFO - Sync 1 DAGs
[2025-05-31T19:47:27.002-0300] {logging_mixin.py:188} INFO - [2025-05-31T19:47:27.002-0300] {dag.py:3823} INFO - Setting next_dagrun for example_complex to None, run_after=None
[2025-05-31T19:47:27.018-0300] {processor.py:183} INFO - Processing /home/walterg/Documentos/Data_projects/Data-Warehouse-postgres-DBT-airflow-/.venv/lib/python3.11/site-packages/airflow/example_dags/example_complex.py took 0.060 seconds
[2025-05-31T19:48:35.907-0300] {processor.py:161} INFO - Started process (PID=14787) to work on /home/walterg/Documentos/Data_projects/Data-Warehouse-postgres-DBT-airflow-/.venv/lib/python3.11/site-packages/airflow/example_dags/example_complex.py
[2025-05-31T19:48:35.912-0300] {processor.py:830} INFO - Processing file /home/walterg/Documentos/Data_projects/Data-Warehouse-postgres-DBT-airflow-/.venv/lib/python3.11/site-packages/airflow/example_dags/example_complex.py for tasks to queue
[2025-05-31T19:48:35.913-0300] {logging_mixin.py:188} INFO - [2025-05-31T19:48:35.912-0300] {dagbag.py:538} INFO - Filling up the DagBag from /home/walterg/Documentos/Data_projects/Data-Warehouse-postgres-DBT-airflow-/.venv/lib/python3.11/site-packages/airflow/example_dags/example_complex.py
[2025-05-31T19:48:35.920-0300] {processor.py:840} INFO - DAG(s) 'example_complex' retrieved from /home/walterg/Documentos/Data_projects/Data-Warehouse-postgres-DBT-airflow-/.venv/lib/python3.11/site-packages/airflow/example_dags/example_complex.py
[2025-05-31T19:48:35.939-0300] {logging_mixin.py:188} INFO - [2025-05-31T19:48:35.939-0300] {dag.py:3036} INFO - Sync 1 DAGs
[2025-05-31T19:48:35.948-0300] {logging_mixin.py:188} INFO - [2025-05-31T19:48:35.948-0300] {dag.py:3823} INFO - Setting next_dagrun for example_complex to None, run_after=None
[2025-05-31T19:48:35.965-0300] {processor.py:183} INFO - Processing /home/walterg/Documentos/Data_projects/Data-Warehouse-postgres-DBT-airflow-/.venv/lib/python3.11/site-packages/airflow/example_dags/example_complex.py took 0.061 seconds
[2025-05-31T19:49:30.335-0300] {processor.py:161} INFO - Started process (PID=15216) to work on /home/walterg/Documentos/Data_projects/Data-Warehouse-postgres-DBT-airflow-/.venv/lib/python3.11/site-packages/airflow/example_dags/example_complex.py
[2025-05-31T19:49:30.340-0300] {processor.py:830} INFO - Processing file /home/walterg/Documentos/Data_projects/Data-Warehouse-postgres-DBT-airflow-/.venv/lib/python3.11/site-packages/airflow/example_dags/example_complex.py for tasks to queue
[2025-05-31T19:49:30.341-0300] {logging_mixin.py:188} INFO - [2025-05-31T19:49:30.341-0300] {dagbag.py:538} INFO - Filling up the DagBag from /home/walterg/Documentos/Data_projects/Data-Warehouse-postgres-DBT-airflow-/.venv/lib/python3.11/site-packages/airflow/example_dags/example_complex.py
[2025-05-31T19:49:30.349-0300] {processor.py:840} INFO - DAG(s) 'example_complex' retrieved from /home/walterg/Documentos/Data_projects/Data-Warehouse-postgres-DBT-airflow-/.venv/lib/python3.11/site-packages/airflow/example_dags/example_complex.py
[2025-05-31T19:49:30.366-0300] {logging_mixin.py:188} INFO - [2025-05-31T19:49:30.366-0300] {dag.py:3036} INFO - Sync 1 DAGs
[2025-05-31T19:49:30.374-0300] {logging_mixin.py:188} INFO - [2025-05-31T19:49:30.373-0300] {dag.py:3823} INFO - Setting next_dagrun for example_complex to None, run_after=None
[2025-05-31T19:49:30.389-0300] {processor.py:183} INFO - Processing /home/walterg/Documentos/Data_projects/Data-Warehouse-postgres-DBT-airflow-/.venv/lib/python3.11/site-packages/airflow/example_dags/example_complex.py took 0.056 seconds
[2025-05-31T19:50:39.969-0300] {processor.py:161} INFO - Started process (PID=15445) to work on /home/walterg/Documentos/Data_projects/Data-Warehouse-postgres-DBT-airflow-/.venv/lib/python3.11/site-packages/airflow/example_dags/example_complex.py
[2025-05-31T19:50:39.974-0300] {processor.py:830} INFO - Processing file /home/walterg/Documentos/Data_projects/Data-Warehouse-postgres-DBT-airflow-/.venv/lib/python3.11/site-packages/airflow/example_dags/example_complex.py for tasks to queue
[2025-05-31T19:50:39.975-0300] {logging_mixin.py:188} INFO - [2025-05-31T19:50:39.975-0300] {dagbag.py:538} INFO - Filling up the DagBag from /home/walterg/Documentos/Data_projects/Data-Warehouse-postgres-DBT-airflow-/.venv/lib/python3.11/site-packages/airflow/example_dags/example_complex.py
[2025-05-31T19:50:39.983-0300] {processor.py:840} INFO - DAG(s) 'example_complex' retrieved from /home/walterg/Documentos/Data_projects/Data-Warehouse-postgres-DBT-airflow-/.venv/lib/python3.11/site-packages/airflow/example_dags/example_complex.py
[2025-05-31T19:50:40.000-0300] {logging_mixin.py:188} INFO - [2025-05-31T19:50:39.999-0300] {dag.py:3036} INFO - Sync 1 DAGs
[2025-05-31T19:50:40.008-0300] {logging_mixin.py:188} INFO - [2025-05-31T19:50:40.007-0300] {dag.py:3823} INFO - Setting next_dagrun for example_complex to None, run_after=None
[2025-05-31T19:50:40.025-0300] {processor.py:183} INFO - Processing /home/walterg/Documentos/Data_projects/Data-Warehouse-postgres-DBT-airflow-/.venv/lib/python3.11/site-packages/airflow/example_dags/example_complex.py took 0.059 seconds
[2025-05-31T19:51:41.398-0300] {processor.py:161} INFO - Started process (PID=15811) to work on /home/walterg/Documentos/Data_projects/Data-Warehouse-postgres-DBT-airflow-/.venv/lib/python3.11/site-packages/airflow/example_dags/example_complex.py
[2025-05-31T19:51:41.403-0300] {processor.py:830} INFO - Processing file /home/walterg/Documentos/Data_projects/Data-Warehouse-postgres-DBT-airflow-/.venv/lib/python3.11/site-packages/airflow/example_dags/example_complex.py for tasks to queue
[2025-05-31T19:51:41.404-0300] {logging_mixin.py:188} INFO - [2025-05-31T19:51:41.404-0300] {dagbag.py:538} INFO - Filling up the DagBag from /home/walterg/Documentos/Data_projects/Data-Warehouse-postgres-DBT-airflow-/.venv/lib/python3.11/site-packages/airflow/example_dags/example_complex.py
[2025-05-31T19:51:41.411-0300] {processor.py:840} INFO - DAG(s) 'example_complex' retrieved from /home/walterg/Documentos/Data_projects/Data-Warehouse-postgres-DBT-airflow-/.venv/lib/python3.11/site-packages/airflow/example_dags/example_complex.py
[2025-05-31T19:51:41.428-0300] {logging_mixin.py:188} INFO - [2025-05-31T19:51:41.428-0300] {dag.py:3036} INFO - Sync 1 DAGs
[2025-05-31T19:51:41.436-0300] {logging_mixin.py:188} INFO - [2025-05-31T19:51:41.436-0300] {dag.py:3823} INFO - Setting next_dagrun for example_complex to None, run_after=None
[2025-05-31T19:51:41.452-0300] {processor.py:183} INFO - Processing /home/walterg/Documentos/Data_projects/Data-Warehouse-postgres-DBT-airflow-/.venv/lib/python3.11/site-packages/airflow/example_dags/example_complex.py took 0.057 seconds
[2025-05-31T19:52:44.894-0300] {processor.py:161} INFO - Started process (PID=16047) to work on /home/walterg/Documentos/Data_projects/Data-Warehouse-postgres-DBT-airflow-/.venv/lib/python3.11/site-packages/airflow/example_dags/example_complex.py
[2025-05-31T19:52:44.899-0300] {processor.py:830} INFO - Processing file /home/walterg/Documentos/Data_projects/Data-Warehouse-postgres-DBT-airflow-/.venv/lib/python3.11/site-packages/airflow/example_dags/example_complex.py for tasks to queue
[2025-05-31T19:52:44.900-0300] {logging_mixin.py:188} INFO - [2025-05-31T19:52:44.899-0300] {dagbag.py:538} INFO - Filling up the DagBag from /home/walterg/Documentos/Data_projects/Data-Warehouse-postgres-DBT-airflow-/.venv/lib/python3.11/site-packages/airflow/example_dags/example_complex.py
[2025-05-31T19:52:44.907-0300] {processor.py:840} INFO - DAG(s) 'example_complex' retrieved from /home/walterg/Documentos/Data_projects/Data-Warehouse-postgres-DBT-airflow-/.venv/lib/python3.11/site-packages/airflow/example_dags/example_complex.py
[2025-05-31T19:52:44.924-0300] {logging_mixin.py:188} INFO - [2025-05-31T19:52:44.924-0300] {dag.py:3036} INFO - Sync 1 DAGs
[2025-05-31T19:52:44.932-0300] {logging_mixin.py:188} INFO - [2025-05-31T19:52:44.932-0300] {dag.py:3823} INFO - Setting next_dagrun for example_complex to None, run_after=None
[2025-05-31T19:52:44.949-0300] {processor.py:183} INFO - Processing /home/walterg/Documentos/Data_projects/Data-Warehouse-postgres-DBT-airflow-/.venv/lib/python3.11/site-packages/airflow/example_dags/example_complex.py took 0.057 seconds
[2025-05-31T19:53:49.424-0300] {processor.py:161} INFO - Started process (PID=16243) to work on /home/walterg/Documentos/Data_projects/Data-Warehouse-postgres-DBT-airflow-/.venv/lib/python3.11/site-packages/airflow/example_dags/example_complex.py
[2025-05-31T19:53:49.429-0300] {processor.py:830} INFO - Processing file /home/walterg/Documentos/Data_projects/Data-Warehouse-postgres-DBT-airflow-/.venv/lib/python3.11/site-packages/airflow/example_dags/example_complex.py for tasks to queue
[2025-05-31T19:53:49.431-0300] {logging_mixin.py:188} INFO - [2025-05-31T19:53:49.430-0300] {dagbag.py:538} INFO - Filling up the DagBag from /home/walterg/Documentos/Data_projects/Data-Warehouse-postgres-DBT-airflow-/.venv/lib/python3.11/site-packages/airflow/example_dags/example_complex.py
[2025-05-31T19:53:49.438-0300] {processor.py:840} INFO - DAG(s) 'example_complex' retrieved from /home/walterg/Documentos/Data_projects/Data-Warehouse-postgres-DBT-airflow-/.venv/lib/python3.11/site-packages/airflow/example_dags/example_complex.py
[2025-05-31T19:53:49.455-0300] {logging_mixin.py:188} INFO - [2025-05-31T19:53:49.455-0300] {dag.py:3036} INFO - Sync 1 DAGs
[2025-05-31T19:53:49.463-0300] {logging_mixin.py:188} INFO - [2025-05-31T19:53:49.463-0300] {dag.py:3823} INFO - Setting next_dagrun for example_complex to None, run_after=None
[2025-05-31T19:53:49.480-0300] {processor.py:183} INFO - Processing /home/walterg/Documentos/Data_projects/Data-Warehouse-postgres-DBT-airflow-/.venv/lib/python3.11/site-packages/airflow/example_dags/example_complex.py took 0.058 seconds
[2025-05-31T19:54:48.815-0300] {processor.py:161} INFO - Started process (PID=16413) to work on /home/walterg/Documentos/Data_projects/Data-Warehouse-postgres-DBT-airflow-/.venv/lib/python3.11/site-packages/airflow/example_dags/example_complex.py
[2025-05-31T19:54:48.820-0300] {processor.py:830} INFO - Processing file /home/walterg/Documentos/Data_projects/Data-Warehouse-postgres-DBT-airflow-/.venv/lib/python3.11/site-packages/airflow/example_dags/example_complex.py for tasks to queue
[2025-05-31T19:54:48.821-0300] {logging_mixin.py:188} INFO - [2025-05-31T19:54:48.821-0300] {dagbag.py:538} INFO - Filling up the DagBag from /home/walterg/Documentos/Data_projects/Data-Warehouse-postgres-DBT-airflow-/.venv/lib/python3.11/site-packages/airflow/example_dags/example_complex.py
[2025-05-31T19:54:48.829-0300] {processor.py:840} INFO - DAG(s) 'example_complex' retrieved from /home/walterg/Documentos/Data_projects/Data-Warehouse-postgres-DBT-airflow-/.venv/lib/python3.11/site-packages/airflow/example_dags/example_complex.py
[2025-05-31T19:54:48.846-0300] {logging_mixin.py:188} INFO - [2025-05-31T19:54:48.846-0300] {dag.py:3036} INFO - Sync 1 DAGs
[2025-05-31T19:54:48.853-0300] {logging_mixin.py:188} INFO - [2025-05-31T19:54:48.853-0300] {dag.py:3823} INFO - Setting next_dagrun for example_complex to None, run_after=None
[2025-05-31T19:54:48.869-0300] {processor.py:183} INFO - Processing /home/walterg/Documentos/Data_projects/Data-Warehouse-postgres-DBT-airflow-/.venv/lib/python3.11/site-packages/airflow/example_dags/example_complex.py took 0.056 seconds
[2025-05-31T19:55:47.102-0300] {processor.py:161} INFO - Started process (PID=16667) to work on /home/walterg/Documentos/Data_projects/Data-Warehouse-postgres-DBT-airflow-/.venv/lib/python3.11/site-packages/airflow/example_dags/example_complex.py
[2025-05-31T19:55:47.107-0300] {processor.py:830} INFO - Processing file /home/walterg/Documentos/Data_projects/Data-Warehouse-postgres-DBT-airflow-/.venv/lib/python3.11/site-packages/airflow/example_dags/example_complex.py for tasks to queue
[2025-05-31T19:55:47.108-0300] {logging_mixin.py:188} INFO - [2025-05-31T19:55:47.107-0300] {dagbag.py:538} INFO - Filling up the DagBag from /home/walterg/Documentos/Data_projects/Data-Warehouse-postgres-DBT-airflow-/.venv/lib/python3.11/site-packages/airflow/example_dags/example_complex.py
[2025-05-31T19:55:47.115-0300] {processor.py:840} INFO - DAG(s) 'example_complex' retrieved from /home/walterg/Documentos/Data_projects/Data-Warehouse-postgres-DBT-airflow-/.venv/lib/python3.11/site-packages/airflow/example_dags/example_complex.py
[2025-05-31T19:55:47.133-0300] {logging_mixin.py:188} INFO - [2025-05-31T19:55:47.132-0300] {dag.py:3036} INFO - Sync 1 DAGs
[2025-05-31T19:55:47.140-0300] {logging_mixin.py:188} INFO - [2025-05-31T19:55:47.140-0300] {dag.py:3823} INFO - Setting next_dagrun for example_complex to None, run_after=None
[2025-05-31T19:55:47.157-0300] {processor.py:183} INFO - Processing /home/walterg/Documentos/Data_projects/Data-Warehouse-postgres-DBT-airflow-/.venv/lib/python3.11/site-packages/airflow/example_dags/example_complex.py took 0.058 seconds
[2025-05-31T19:56:45.755-0300] {processor.py:161} INFO - Started process (PID=16880) to work on /home/walterg/Documentos/Data_projects/Data-Warehouse-postgres-DBT-airflow-/.venv/lib/python3.11/site-packages/airflow/example_dags/example_complex.py
[2025-05-31T19:56:45.761-0300] {processor.py:830} INFO - Processing file /home/walterg/Documentos/Data_projects/Data-Warehouse-postgres-DBT-airflow-/.venv/lib/python3.11/site-packages/airflow/example_dags/example_complex.py for tasks to queue
[2025-05-31T19:56:45.762-0300] {logging_mixin.py:188} INFO - [2025-05-31T19:56:45.761-0300] {dagbag.py:538} INFO - Filling up the DagBag from /home/walterg/Documentos/Data_projects/Data-Warehouse-postgres-DBT-airflow-/.venv/lib/python3.11/site-packages/airflow/example_dags/example_complex.py
[2025-05-31T19:56:45.769-0300] {processor.py:840} INFO - DAG(s) 'example_complex' retrieved from /home/walterg/Documentos/Data_projects/Data-Warehouse-postgres-DBT-airflow-/.venv/lib/python3.11/site-packages/airflow/example_dags/example_complex.py
[2025-05-31T19:56:45.786-0300] {logging_mixin.py:188} INFO - [2025-05-31T19:56:45.786-0300] {dag.py:3036} INFO - Sync 1 DAGs
[2025-05-31T19:56:45.794-0300] {logging_mixin.py:188} INFO - [2025-05-31T19:56:45.794-0300] {dag.py:3823} INFO - Setting next_dagrun for example_complex to None, run_after=None
[2025-05-31T19:56:45.811-0300] {processor.py:183} INFO - Processing /home/walterg/Documentos/Data_projects/Data-Warehouse-postgres-DBT-airflow-/.venv/lib/python3.11/site-packages/airflow/example_dags/example_complex.py took 0.058 seconds
[2025-05-31T19:57:49.884-0300] {processor.py:161} INFO - Started process (PID=17074) to work on /home/walterg/Documentos/Data_projects/Data-Warehouse-postgres-DBT-airflow-/.venv/lib/python3.11/site-packages/airflow/example_dags/example_complex.py
[2025-05-31T19:57:49.888-0300] {processor.py:830} INFO - Processing file /home/walterg/Documentos/Data_projects/Data-Warehouse-postgres-DBT-airflow-/.venv/lib/python3.11/site-packages/airflow/example_dags/example_complex.py for tasks to queue
[2025-05-31T19:57:49.889-0300] {logging_mixin.py:188} INFO - [2025-05-31T19:57:49.889-0300] {dagbag.py:538} INFO - Filling up the DagBag from /home/walterg/Documentos/Data_projects/Data-Warehouse-postgres-DBT-airflow-/.venv/lib/python3.11/site-packages/airflow/example_dags/example_complex.py
[2025-05-31T19:57:49.897-0300] {processor.py:840} INFO - DAG(s) 'example_complex' retrieved from /home/walterg/Documentos/Data_projects/Data-Warehouse-postgres-DBT-airflow-/.venv/lib/python3.11/site-packages/airflow/example_dags/example_complex.py
[2025-05-31T19:57:49.916-0300] {logging_mixin.py:188} INFO - [2025-05-31T19:57:49.915-0300] {dag.py:3036} INFO - Sync 1 DAGs
[2025-05-31T19:57:49.923-0300] {logging_mixin.py:188} INFO - [2025-05-31T19:57:49.923-0300] {dag.py:3823} INFO - Setting next_dagrun for example_complex to None, run_after=None
[2025-05-31T19:57:49.940-0300] {processor.py:183} INFO - Processing /home/walterg/Documentos/Data_projects/Data-Warehouse-postgres-DBT-airflow-/.venv/lib/python3.11/site-packages/airflow/example_dags/example_complex.py took 0.059 seconds
[2025-05-31T19:58:49.774-0300] {processor.py:161} INFO - Started process (PID=17279) to work on /home/walterg/Documentos/Data_projects/Data-Warehouse-postgres-DBT-airflow-/.venv/lib/python3.11/site-packages/airflow/example_dags/example_complex.py
[2025-05-31T19:58:49.779-0300] {processor.py:830} INFO - Processing file /home/walterg/Documentos/Data_projects/Data-Warehouse-postgres-DBT-airflow-/.venv/lib/python3.11/site-packages/airflow/example_dags/example_complex.py for tasks to queue
[2025-05-31T19:58:49.780-0300] {logging_mixin.py:188} INFO - [2025-05-31T19:58:49.780-0300] {dagbag.py:538} INFO - Filling up the DagBag from /home/walterg/Documentos/Data_projects/Data-Warehouse-postgres-DBT-airflow-/.venv/lib/python3.11/site-packages/airflow/example_dags/example_complex.py
[2025-05-31T19:58:49.788-0300] {processor.py:840} INFO - DAG(s) 'example_complex' retrieved from /home/walterg/Documentos/Data_projects/Data-Warehouse-postgres-DBT-airflow-/.venv/lib/python3.11/site-packages/airflow/example_dags/example_complex.py
[2025-05-31T19:58:49.806-0300] {logging_mixin.py:188} INFO - [2025-05-31T19:58:49.806-0300] {dag.py:3036} INFO - Sync 1 DAGs
[2025-05-31T19:58:49.814-0300] {logging_mixin.py:188} INFO - [2025-05-31T19:58:49.814-0300] {dag.py:3823} INFO - Setting next_dagrun for example_complex to None, run_after=None
[2025-05-31T19:58:49.830-0300] {processor.py:183} INFO - Processing /home/walterg/Documentos/Data_projects/Data-Warehouse-postgres-DBT-airflow-/.venv/lib/python3.11/site-packages/airflow/example_dags/example_complex.py took 0.058 seconds
[2025-05-31T19:59:54.468-0300] {processor.py:161} INFO - Started process (PID=17607) to work on /home/walterg/Documentos/Data_projects/Data-Warehouse-postgres-DBT-airflow-/.venv/lib/python3.11/site-packages/airflow/example_dags/example_complex.py
[2025-05-31T19:59:54.473-0300] {processor.py:830} INFO - Processing file /home/walterg/Documentos/Data_projects/Data-Warehouse-postgres-DBT-airflow-/.venv/lib/python3.11/site-packages/airflow/example_dags/example_complex.py for tasks to queue
[2025-05-31T19:59:54.475-0300] {logging_mixin.py:188} INFO - [2025-05-31T19:59:54.474-0300] {dagbag.py:538} INFO - Filling up the DagBag from /home/walterg/Documentos/Data_projects/Data-Warehouse-postgres-DBT-airflow-/.venv/lib/python3.11/site-packages/airflow/example_dags/example_complex.py
[2025-05-31T19:59:54.483-0300] {processor.py:840} INFO - DAG(s) 'example_complex' retrieved from /home/walterg/Documentos/Data_projects/Data-Warehouse-postgres-DBT-airflow-/.venv/lib/python3.11/site-packages/airflow/example_dags/example_complex.py
[2025-05-31T19:59:54.502-0300] {logging_mixin.py:188} INFO - [2025-05-31T19:59:54.501-0300] {dag.py:3036} INFO - Sync 1 DAGs
[2025-05-31T19:59:54.510-0300] {logging_mixin.py:188} INFO - [2025-05-31T19:59:54.510-0300] {dag.py:3823} INFO - Setting next_dagrun for example_complex to None, run_after=None
[2025-05-31T19:59:54.533-0300] {processor.py:183} INFO - Processing /home/walterg/Documentos/Data_projects/Data-Warehouse-postgres-DBT-airflow-/.venv/lib/python3.11/site-packages/airflow/example_dags/example_complex.py took 0.067 seconds
