[2025-05-31T19:30:32.844-0300] {processor.py:161} INFO - Started process (PID=9819) to work on /home/walterg/Documentos/Data_projects/Data-Warehouse-postgres-DBT-airflow-/.venv/lib/python3.11/site-packages/airflow/example_dags/example_datasets.py
[2025-05-31T19:30:32.845-0300] {processor.py:830} INFO - Processing file /home/walterg/Documentos/Data_projects/Data-Warehouse-postgres-DBT-airflow-/.venv/lib/python3.11/site-packages/airflow/example_dags/example_datasets.py for tasks to queue
[2025-05-31T19:30:32.846-0300] {logging_mixin.py:188} INFO - [2025-05-31T19:30:32.846-0300] {dagbag.py:538} INFO - Filling up the DagBag from /home/walterg/Documentos/Data_projects/Data-Warehouse-postgres-DBT-airflow-/.venv/lib/python3.11/site-packages/airflow/example_dags/example_datasets.py
[2025-05-31T19:30:32.854-0300] {processor.py:840} INFO - DAG(s) 'dataset_produces_2', 'dataset_consumes_1_and_2', 'dataset_consumes_1_never_scheduled', 'dataset_consumes_1', 'dataset_produces_1', 'dataset_consumes_unknown_never_scheduled' retrieved from /home/walterg/Documentos/Data_projects/Data-Warehouse-postgres-DBT-airflow-/.venv/lib/python3.11/site-packages/airflow/example_dags/example_datasets.py
[2025-05-31T19:30:32.933-0300] {logging_mixin.py:188} INFO - [2025-05-31T19:30:32.933-0300] {override.py:1769} INFO - Created Permission View: can edit on DAG:dataset_produces_2
[2025-05-31T19:30:32.943-0300] {logging_mixin.py:188} INFO - [2025-05-31T19:30:32.943-0300] {override.py:1769} INFO - Created Permission View: can read on DAG:dataset_produces_2
[2025-05-31T19:30:32.951-0300] {logging_mixin.py:188} INFO - [2025-05-31T19:30:32.950-0300] {override.py:1769} INFO - Created Permission View: can delete on DAG:dataset_produces_2
[2025-05-31T19:30:32.967-0300] {logging_mixin.py:188} INFO - [2025-05-31T19:30:32.967-0300] {override.py:1769} INFO - Created Permission View: can edit on DAG:dataset_consumes_1_and_2
[2025-05-31T19:30:32.974-0300] {logging_mixin.py:188} INFO - [2025-05-31T19:30:32.974-0300] {override.py:1769} INFO - Created Permission View: can read on DAG:dataset_consumes_1_and_2
[2025-05-31T19:30:32.982-0300] {logging_mixin.py:188} INFO - [2025-05-31T19:30:32.982-0300] {override.py:1769} INFO - Created Permission View: can delete on DAG:dataset_consumes_1_and_2
[2025-05-31T19:30:32.998-0300] {logging_mixin.py:188} INFO - [2025-05-31T19:30:32.997-0300] {override.py:1769} INFO - Created Permission View: can edit on DAG:dataset_consumes_1_never_scheduled
[2025-05-31T19:30:33.005-0300] {logging_mixin.py:188} INFO - [2025-05-31T19:30:33.005-0300] {override.py:1769} INFO - Created Permission View: can read on DAG:dataset_consumes_1_never_scheduled
[2025-05-31T19:30:33.012-0300] {logging_mixin.py:188} INFO - [2025-05-31T19:30:33.012-0300] {override.py:1769} INFO - Created Permission View: can delete on DAG:dataset_consumes_1_never_scheduled
[2025-05-31T19:30:33.028-0300] {logging_mixin.py:188} INFO - [2025-05-31T19:30:33.028-0300] {override.py:1769} INFO - Created Permission View: can edit on DAG:dataset_consumes_1
[2025-05-31T19:30:33.036-0300] {logging_mixin.py:188} INFO - [2025-05-31T19:30:33.035-0300] {override.py:1769} INFO - Created Permission View: can read on DAG:dataset_consumes_1
[2025-05-31T19:30:33.043-0300] {logging_mixin.py:188} INFO - [2025-05-31T19:30:33.043-0300] {override.py:1769} INFO - Created Permission View: can delete on DAG:dataset_consumes_1
[2025-05-31T19:30:33.058-0300] {logging_mixin.py:188} INFO - [2025-05-31T19:30:33.058-0300] {override.py:1769} INFO - Created Permission View: can edit on DAG:dataset_produces_1
[2025-05-31T19:30:33.066-0300] {logging_mixin.py:188} INFO - [2025-05-31T19:30:33.066-0300] {override.py:1769} INFO - Created Permission View: can read on DAG:dataset_produces_1
[2025-05-31T19:30:33.074-0300] {logging_mixin.py:188} INFO - [2025-05-31T19:30:33.073-0300] {override.py:1769} INFO - Created Permission View: can delete on DAG:dataset_produces_1
[2025-05-31T19:30:33.089-0300] {logging_mixin.py:188} INFO - [2025-05-31T19:30:33.089-0300] {override.py:1769} INFO - Created Permission View: can edit on DAG:dataset_consumes_unknown_never_scheduled
[2025-05-31T19:30:33.097-0300] {logging_mixin.py:188} INFO - [2025-05-31T19:30:33.096-0300] {override.py:1769} INFO - Created Permission View: can read on DAG:dataset_consumes_unknown_never_scheduled
[2025-05-31T19:30:33.104-0300] {logging_mixin.py:188} INFO - [2025-05-31T19:30:33.104-0300] {override.py:1769} INFO - Created Permission View: can delete on DAG:dataset_consumes_unknown_never_scheduled
[2025-05-31T19:30:33.105-0300] {logging_mixin.py:188} INFO - [2025-05-31T19:30:33.105-0300] {dag.py:3036} INFO - Sync 6 DAGs
[2025-05-31T19:30:33.112-0300] {logging_mixin.py:188} INFO - [2025-05-31T19:30:33.112-0300] {dag.py:3058} INFO - Creating ORM DAG for dataset_consumes_1_and_2
[2025-05-31T19:30:33.112-0300] {logging_mixin.py:188} INFO - [2025-05-31T19:30:33.112-0300] {dag.py:3058} INFO - Creating ORM DAG for dataset_consumes_1_never_scheduled
[2025-05-31T19:30:33.112-0300] {logging_mixin.py:188} INFO - [2025-05-31T19:30:33.112-0300] {dag.py:3058} INFO - Creating ORM DAG for dataset_produces_1
[2025-05-31T19:30:33.113-0300] {logging_mixin.py:188} INFO - [2025-05-31T19:30:33.113-0300] {dag.py:3058} INFO - Creating ORM DAG for dataset_consumes_1
[2025-05-31T19:30:33.113-0300] {logging_mixin.py:188} INFO - [2025-05-31T19:30:33.113-0300] {dag.py:3058} INFO - Creating ORM DAG for dataset_consumes_unknown_never_scheduled
[2025-05-31T19:30:33.113-0300] {logging_mixin.py:188} INFO - [2025-05-31T19:30:33.113-0300] {dag.py:3058} INFO - Creating ORM DAG for dataset_produces_2
[2025-05-31T19:30:33.120-0300] {logging_mixin.py:188} INFO - [2025-05-31T19:30:33.119-0300] {dag.py:3823} INFO - Setting next_dagrun for dataset_consumes_1 to None, run_after=None
[2025-05-31T19:30:33.120-0300] {logging_mixin.py:188} INFO - [2025-05-31T19:30:33.120-0300] {dag.py:3823} INFO - Setting next_dagrun for dataset_consumes_1_and_2 to None, run_after=None
[2025-05-31T19:30:33.120-0300] {logging_mixin.py:188} INFO - [2025-05-31T19:30:33.120-0300] {dag.py:3823} INFO - Setting next_dagrun for dataset_consumes_1_never_scheduled to None, run_after=None
[2025-05-31T19:30:33.121-0300] {logging_mixin.py:188} INFO - [2025-05-31T19:30:33.121-0300] {dag.py:3823} INFO - Setting next_dagrun for dataset_consumes_unknown_never_scheduled to None, run_after=None
[2025-05-31T19:30:33.122-0300] {logging_mixin.py:188} INFO - [2025-05-31T19:30:33.122-0300] {dag.py:3823} INFO - Setting next_dagrun for dataset_produces_1 to 2025-05-30 00:00:00+00:00, run_after=2025-05-31 00:00:00+00:00
[2025-05-31T19:30:33.122-0300] {logging_mixin.py:188} INFO - [2025-05-31T19:30:33.122-0300] {dag.py:3823} INFO - Setting next_dagrun for dataset_produces_2 to None, run_after=None
[2025-05-31T19:30:33.145-0300] {processor.py:183} INFO - Processing /home/walterg/Documentos/Data_projects/Data-Warehouse-postgres-DBT-airflow-/.venv/lib/python3.11/site-packages/airflow/example_dags/example_datasets.py took 0.303 seconds
[2025-05-31T19:31:28.405-0300] {processor.py:161} INFO - Started process (PID=10037) to work on /home/walterg/Documentos/Data_projects/Data-Warehouse-postgres-DBT-airflow-/.venv/lib/python3.11/site-packages/airflow/example_dags/example_datasets.py
[2025-05-31T19:31:28.410-0300] {processor.py:830} INFO - Processing file /home/walterg/Documentos/Data_projects/Data-Warehouse-postgres-DBT-airflow-/.venv/lib/python3.11/site-packages/airflow/example_dags/example_datasets.py for tasks to queue
[2025-05-31T19:31:28.411-0300] {logging_mixin.py:188} INFO - [2025-05-31T19:31:28.411-0300] {dagbag.py:538} INFO - Filling up the DagBag from /home/walterg/Documentos/Data_projects/Data-Warehouse-postgres-DBT-airflow-/.venv/lib/python3.11/site-packages/airflow/example_dags/example_datasets.py
[2025-05-31T19:31:28.419-0300] {processor.py:840} INFO - DAG(s) 'dataset_produces_2', 'dataset_consumes_1_and_2', 'dataset_consumes_unknown_never_scheduled', 'dataset_produces_1', 'dataset_consumes_1_never_scheduled', 'dataset_consumes_1' retrieved from /home/walterg/Documentos/Data_projects/Data-Warehouse-postgres-DBT-airflow-/.venv/lib/python3.11/site-packages/airflow/example_dags/example_datasets.py
[2025-05-31T19:31:28.437-0300] {logging_mixin.py:188} INFO - [2025-05-31T19:31:28.437-0300] {dag.py:3036} INFO - Sync 6 DAGs
[2025-05-31T19:31:28.451-0300] {logging_mixin.py:188} INFO - [2025-05-31T19:31:28.451-0300] {dag.py:3823} INFO - Setting next_dagrun for dataset_consumes_1 to None, run_after=None
[2025-05-31T19:31:28.453-0300] {logging_mixin.py:188} INFO - [2025-05-31T19:31:28.453-0300] {dag.py:3823} INFO - Setting next_dagrun for dataset_consumes_1_and_2 to None, run_after=None
[2025-05-31T19:31:28.454-0300] {logging_mixin.py:188} INFO - [2025-05-31T19:31:28.454-0300] {dag.py:3823} INFO - Setting next_dagrun for dataset_consumes_1_never_scheduled to None, run_after=None
[2025-05-31T19:31:28.455-0300] {logging_mixin.py:188} INFO - [2025-05-31T19:31:28.455-0300] {dag.py:3823} INFO - Setting next_dagrun for dataset_consumes_unknown_never_scheduled to None, run_after=None
[2025-05-31T19:31:28.456-0300] {logging_mixin.py:188} INFO - [2025-05-31T19:31:28.456-0300] {dag.py:3823} INFO - Setting next_dagrun for dataset_produces_1 to 2025-05-30 00:00:00+00:00, run_after=2025-05-31 00:00:00+00:00
[2025-05-31T19:31:28.457-0300] {logging_mixin.py:188} INFO - [2025-05-31T19:31:28.457-0300] {dag.py:3823} INFO - Setting next_dagrun for dataset_produces_2 to None, run_after=None
[2025-05-31T19:31:28.477-0300] {processor.py:183} INFO - Processing /home/walterg/Documentos/Data_projects/Data-Warehouse-postgres-DBT-airflow-/.venv/lib/python3.11/site-packages/airflow/example_dags/example_datasets.py took 0.075 seconds
