[2025-05-31T19:30:39.627-0300] {processor.py:161} INFO - Started process (PID=9854) to work on /home/walterg/Documentos/Data_projects/Data-Warehouse-postgres-DBT-airflow-/.venv/lib/python3.11/site-packages/airflow/example_dags/example_bash_operator.py
[2025-05-31T19:30:39.628-0300] {processor.py:830} INFO - Processing file /home/walterg/Documentos/Data_projects/Data-Warehouse-postgres-DBT-airflow-/.venv/lib/python3.11/site-packages/airflow/example_dags/example_bash_operator.py for tasks to queue
[2025-05-31T19:30:39.629-0300] {logging_mixin.py:188} INFO - [2025-05-31T19:30:39.629-0300] {dagbag.py:538} INFO - Filling up the DagBag from /home/walterg/Documentos/Data_projects/Data-Warehouse-postgres-DBT-airflow-/.venv/lib/python3.11/site-packages/airflow/example_dags/example_bash_operator.py
[2025-05-31T19:30:39.638-0300] {processor.py:840} INFO - DAG(s) 'example_bash_operator' retrieved from /home/walterg/Documentos/Data_projects/Data-Warehouse-postgres-DBT-airflow-/.venv/lib/python3.11/site-packages/airflow/example_dags/example_bash_operator.py
[2025-05-31T19:30:39.721-0300] {logging_mixin.py:188} INFO - [2025-05-31T19:30:39.720-0300] {override.py:1769} INFO - Created Permission View: can edit on DAG:example_bash_operator
[2025-05-31T19:30:39.731-0300] {logging_mixin.py:188} INFO - [2025-05-31T19:30:39.730-0300] {override.py:1769} INFO - Created Permission View: can read on DAG:example_bash_operator
[2025-05-31T19:30:39.739-0300] {logging_mixin.py:188} INFO - [2025-05-31T19:30:39.738-0300] {override.py:1769} INFO - Created Permission View: can delete on DAG:example_bash_operator
[2025-05-31T19:30:39.739-0300] {logging_mixin.py:188} INFO - [2025-05-31T19:30:39.739-0300] {dag.py:3036} INFO - Sync 1 DAGs
[2025-05-31T19:30:39.745-0300] {logging_mixin.py:188} INFO - [2025-05-31T19:30:39.745-0300] {dag.py:3058} INFO - Creating ORM DAG for example_bash_operator
[2025-05-31T19:30:39.753-0300] {logging_mixin.py:188} INFO - [2025-05-31T19:30:39.753-0300] {dag.py:3823} INFO - Setting next_dagrun for example_bash_operator to 2025-05-30 00:00:00+00:00, run_after=2025-05-31 00:00:00+00:00
[2025-05-31T19:30:39.769-0300] {processor.py:183} INFO - Processing /home/walterg/Documentos/Data_projects/Data-Warehouse-postgres-DBT-airflow-/.venv/lib/python3.11/site-packages/airflow/example_dags/example_bash_operator.py took 0.144 seconds
[2025-05-31T19:31:34.011-0300] {processor.py:161} INFO - Started process (PID=10043) to work on /home/walterg/Documentos/Data_projects/Data-Warehouse-postgres-DBT-airflow-/.venv/lib/python3.11/site-packages/airflow/example_dags/example_bash_operator.py
[2025-05-31T19:31:34.012-0300] {processor.py:830} INFO - Processing file /home/walterg/Documentos/Data_projects/Data-Warehouse-postgres-DBT-airflow-/.venv/lib/python3.11/site-packages/airflow/example_dags/example_bash_operator.py for tasks to queue
[2025-05-31T19:31:34.013-0300] {logging_mixin.py:188} INFO - [2025-05-31T19:31:34.013-0300] {dagbag.py:538} INFO - Filling up the DagBag from /home/walterg/Documentos/Data_projects/Data-Warehouse-postgres-DBT-airflow-/.venv/lib/python3.11/site-packages/airflow/example_dags/example_bash_operator.py
[2025-05-31T19:31:34.023-0300] {processor.py:840} INFO - DAG(s) 'example_bash_operator' retrieved from /home/walterg/Documentos/Data_projects/Data-Warehouse-postgres-DBT-airflow-/.venv/lib/python3.11/site-packages/airflow/example_dags/example_bash_operator.py
[2025-05-31T19:31:34.038-0300] {logging_mixin.py:188} INFO - [2025-05-31T19:31:34.038-0300] {dag.py:3036} INFO - Sync 1 DAGs
[2025-05-31T19:31:34.053-0300] {logging_mixin.py:188} INFO - [2025-05-31T19:31:34.053-0300] {dag.py:3823} INFO - Setting next_dagrun for example_bash_operator to 2025-05-30 00:00:00+00:00, run_after=2025-05-31 00:00:00+00:00
[2025-05-31T19:31:34.071-0300] {processor.py:183} INFO - Processing /home/walterg/Documentos/Data_projects/Data-Warehouse-postgres-DBT-airflow-/.venv/lib/python3.11/site-packages/airflow/example_dags/example_bash_operator.py took 0.062 seconds
[2025-05-31T19:41:46.146-0300] {processor.py:161} INFO - Started process (PID=12411) to work on /home/walterg/Documentos/Data_projects/Data-Warehouse-postgres-DBT-airflow-/.venv/lib/python3.11/site-packages/airflow/example_dags/example_bash_operator.py
[2025-05-31T19:41:46.148-0300] {processor.py:830} INFO - Processing file /home/walterg/Documentos/Data_projects/Data-Warehouse-postgres-DBT-airflow-/.venv/lib/python3.11/site-packages/airflow/example_dags/example_bash_operator.py for tasks to queue
[2025-05-31T19:41:46.148-0300] {logging_mixin.py:188} INFO - [2025-05-31T19:41:46.148-0300] {dagbag.py:538} INFO - Filling up the DagBag from /home/walterg/Documentos/Data_projects/Data-Warehouse-postgres-DBT-airflow-/.venv/lib/python3.11/site-packages/airflow/example_dags/example_bash_operator.py
[2025-05-31T19:41:46.157-0300] {processor.py:840} INFO - DAG(s) 'example_bash_operator' retrieved from /home/walterg/Documentos/Data_projects/Data-Warehouse-postgres-DBT-airflow-/.venv/lib/python3.11/site-packages/airflow/example_dags/example_bash_operator.py
[2025-05-31T19:41:46.227-0300] {logging_mixin.py:188} INFO - [2025-05-31T19:41:46.227-0300] {dag.py:3036} INFO - Sync 1 DAGs
[2025-05-31T19:41:46.243-0300] {logging_mixin.py:188} INFO - [2025-05-31T19:41:46.243-0300] {dag.py:3823} INFO - Setting next_dagrun for example_bash_operator to 2025-05-30 00:00:00+00:00, run_after=2025-05-31 00:00:00+00:00
[2025-05-31T19:41:46.259-0300] {processor.py:183} INFO - Processing /home/walterg/Documentos/Data_projects/Data-Warehouse-postgres-DBT-airflow-/.venv/lib/python3.11/site-packages/airflow/example_dags/example_bash_operator.py took 0.115 seconds
[2025-05-31T19:42:57.982-0300] {processor.py:161} INFO - Started process (PID=12868) to work on /home/walterg/Documentos/Data_projects/Data-Warehouse-postgres-DBT-airflow-/.venv/lib/python3.11/site-packages/airflow/example_dags/example_bash_operator.py
[2025-05-31T19:42:57.983-0300] {processor.py:830} INFO - Processing file /home/walterg/Documentos/Data_projects/Data-Warehouse-postgres-DBT-airflow-/.venv/lib/python3.11/site-packages/airflow/example_dags/example_bash_operator.py for tasks to queue
[2025-05-31T19:42:57.984-0300] {logging_mixin.py:188} INFO - [2025-05-31T19:42:57.983-0300] {dagbag.py:538} INFO - Filling up the DagBag from /home/walterg/Documentos/Data_projects/Data-Warehouse-postgres-DBT-airflow-/.venv/lib/python3.11/site-packages/airflow/example_dags/example_bash_operator.py
[2025-05-31T19:42:57.992-0300] {processor.py:840} INFO - DAG(s) 'example_bash_operator' retrieved from /home/walterg/Documentos/Data_projects/Data-Warehouse-postgres-DBT-airflow-/.venv/lib/python3.11/site-packages/airflow/example_dags/example_bash_operator.py
[2025-05-31T19:42:58.008-0300] {logging_mixin.py:188} INFO - [2025-05-31T19:42:58.008-0300] {dag.py:3036} INFO - Sync 1 DAGs
[2025-05-31T19:42:58.027-0300] {logging_mixin.py:188} INFO - [2025-05-31T19:42:58.027-0300] {dag.py:3823} INFO - Setting next_dagrun for example_bash_operator to 2025-05-30 00:00:00+00:00, run_after=2025-05-31 00:00:00+00:00
[2025-05-31T19:42:58.050-0300] {processor.py:183} INFO - Processing /home/walterg/Documentos/Data_projects/Data-Warehouse-postgres-DBT-airflow-/.venv/lib/python3.11/site-packages/airflow/example_dags/example_bash_operator.py took 0.071 seconds
[2025-05-31T19:43:55.632-0300] {processor.py:161} INFO - Started process (PID=13315) to work on /home/walterg/Documentos/Data_projects/Data-Warehouse-postgres-DBT-airflow-/.venv/lib/python3.11/site-packages/airflow/example_dags/example_bash_operator.py
[2025-05-31T19:43:55.637-0300] {processor.py:830} INFO - Processing file /home/walterg/Documentos/Data_projects/Data-Warehouse-postgres-DBT-airflow-/.venv/lib/python3.11/site-packages/airflow/example_dags/example_bash_operator.py for tasks to queue
[2025-05-31T19:43:55.638-0300] {logging_mixin.py:188} INFO - [2025-05-31T19:43:55.638-0300] {dagbag.py:538} INFO - Filling up the DagBag from /home/walterg/Documentos/Data_projects/Data-Warehouse-postgres-DBT-airflow-/.venv/lib/python3.11/site-packages/airflow/example_dags/example_bash_operator.py
[2025-05-31T19:43:55.647-0300] {processor.py:840} INFO - DAG(s) 'example_bash_operator' retrieved from /home/walterg/Documentos/Data_projects/Data-Warehouse-postgres-DBT-airflow-/.venv/lib/python3.11/site-packages/airflow/example_dags/example_bash_operator.py
[2025-05-31T19:43:55.664-0300] {logging_mixin.py:188} INFO - [2025-05-31T19:43:55.664-0300] {dag.py:3036} INFO - Sync 1 DAGs
[2025-05-31T19:43:55.680-0300] {logging_mixin.py:188} INFO - [2025-05-31T19:43:55.679-0300] {dag.py:3823} INFO - Setting next_dagrun for example_bash_operator to 2025-05-30 00:00:00+00:00, run_after=2025-05-31 00:00:00+00:00
[2025-05-31T19:43:55.698-0300] {processor.py:183} INFO - Processing /home/walterg/Documentos/Data_projects/Data-Warehouse-postgres-DBT-airflow-/.venv/lib/python3.11/site-packages/airflow/example_dags/example_bash_operator.py took 0.068 seconds
[2025-05-31T19:45:06.964-0300] {processor.py:161} INFO - Started process (PID=13706) to work on /home/walterg/Documentos/Data_projects/Data-Warehouse-postgres-DBT-airflow-/.venv/lib/python3.11/site-packages/airflow/example_dags/example_bash_operator.py
[2025-05-31T19:45:06.969-0300] {processor.py:830} INFO - Processing file /home/walterg/Documentos/Data_projects/Data-Warehouse-postgres-DBT-airflow-/.venv/lib/python3.11/site-packages/airflow/example_dags/example_bash_operator.py for tasks to queue
[2025-05-31T19:45:06.969-0300] {logging_mixin.py:188} INFO - [2025-05-31T19:45:06.969-0300] {dagbag.py:538} INFO - Filling up the DagBag from /home/walterg/Documentos/Data_projects/Data-Warehouse-postgres-DBT-airflow-/.venv/lib/python3.11/site-packages/airflow/example_dags/example_bash_operator.py
[2025-05-31T19:45:06.979-0300] {processor.py:840} INFO - DAG(s) 'example_bash_operator' retrieved from /home/walterg/Documentos/Data_projects/Data-Warehouse-postgres-DBT-airflow-/.venv/lib/python3.11/site-packages/airflow/example_dags/example_bash_operator.py
[2025-05-31T19:45:06.995-0300] {logging_mixin.py:188} INFO - [2025-05-31T19:45:06.995-0300] {dag.py:3036} INFO - Sync 1 DAGs
[2025-05-31T19:45:07.009-0300] {logging_mixin.py:188} INFO - [2025-05-31T19:45:07.009-0300] {dag.py:3823} INFO - Setting next_dagrun for example_bash_operator to 2025-05-30 00:00:00+00:00, run_after=2025-05-31 00:00:00+00:00
[2025-05-31T19:45:07.026-0300] {processor.py:183} INFO - Processing /home/walterg/Documentos/Data_projects/Data-Warehouse-postgres-DBT-airflow-/.venv/lib/python3.11/site-packages/airflow/example_dags/example_bash_operator.py took 0.065 seconds
[2025-05-31T19:46:06.577-0300] {processor.py:161} INFO - Started process (PID=13989) to work on /home/walterg/Documentos/Data_projects/Data-Warehouse-postgres-DBT-airflow-/.venv/lib/python3.11/site-packages/airflow/example_dags/example_bash_operator.py
[2025-05-31T19:46:06.582-0300] {processor.py:830} INFO - Processing file /home/walterg/Documentos/Data_projects/Data-Warehouse-postgres-DBT-airflow-/.venv/lib/python3.11/site-packages/airflow/example_dags/example_bash_operator.py for tasks to queue
[2025-05-31T19:46:06.583-0300] {logging_mixin.py:188} INFO - [2025-05-31T19:46:06.582-0300] {dagbag.py:538} INFO - Filling up the DagBag from /home/walterg/Documentos/Data_projects/Data-Warehouse-postgres-DBT-airflow-/.venv/lib/python3.11/site-packages/airflow/example_dags/example_bash_operator.py
[2025-05-31T19:46:06.592-0300] {processor.py:840} INFO - DAG(s) 'example_bash_operator' retrieved from /home/walterg/Documentos/Data_projects/Data-Warehouse-postgres-DBT-airflow-/.venv/lib/python3.11/site-packages/airflow/example_dags/example_bash_operator.py
[2025-05-31T19:46:06.608-0300] {logging_mixin.py:188} INFO - [2025-05-31T19:46:06.608-0300] {dag.py:3036} INFO - Sync 1 DAGs
[2025-05-31T19:46:06.622-0300] {logging_mixin.py:188} INFO - [2025-05-31T19:46:06.622-0300] {dag.py:3823} INFO - Setting next_dagrun for example_bash_operator to 2025-05-30 00:00:00+00:00, run_after=2025-05-31 00:00:00+00:00
[2025-05-31T19:46:06.639-0300] {processor.py:183} INFO - Processing /home/walterg/Documentos/Data_projects/Data-Warehouse-postgres-DBT-airflow-/.venv/lib/python3.11/site-packages/airflow/example_dags/example_bash_operator.py took 0.065 seconds
[2025-05-31T19:47:06.616-0300] {processor.py:161} INFO - Started process (PID=14251) to work on /home/walterg/Documentos/Data_projects/Data-Warehouse-postgres-DBT-airflow-/.venv/lib/python3.11/site-packages/airflow/example_dags/example_bash_operator.py
[2025-05-31T19:47:06.621-0300] {processor.py:830} INFO - Processing file /home/walterg/Documentos/Data_projects/Data-Warehouse-postgres-DBT-airflow-/.venv/lib/python3.11/site-packages/airflow/example_dags/example_bash_operator.py for tasks to queue
[2025-05-31T19:47:06.622-0300] {logging_mixin.py:188} INFO - [2025-05-31T19:47:06.622-0300] {dagbag.py:538} INFO - Filling up the DagBag from /home/walterg/Documentos/Data_projects/Data-Warehouse-postgres-DBT-airflow-/.venv/lib/python3.11/site-packages/airflow/example_dags/example_bash_operator.py
[2025-05-31T19:47:06.632-0300] {processor.py:840} INFO - DAG(s) 'example_bash_operator' retrieved from /home/walterg/Documentos/Data_projects/Data-Warehouse-postgres-DBT-airflow-/.venv/lib/python3.11/site-packages/airflow/example_dags/example_bash_operator.py
[2025-05-31T19:47:06.647-0300] {logging_mixin.py:188} INFO - [2025-05-31T19:47:06.647-0300] {dag.py:3036} INFO - Sync 1 DAGs
[2025-05-31T19:47:06.661-0300] {logging_mixin.py:188} INFO - [2025-05-31T19:47:06.660-0300] {dag.py:3823} INFO - Setting next_dagrun for example_bash_operator to 2025-05-30 00:00:00+00:00, run_after=2025-05-31 00:00:00+00:00
[2025-05-31T19:47:06.678-0300] {processor.py:183} INFO - Processing /home/walterg/Documentos/Data_projects/Data-Warehouse-postgres-DBT-airflow-/.venv/lib/python3.11/site-packages/airflow/example_dags/example_bash_operator.py took 0.064 seconds
[2025-05-31T19:48:06.081-0300] {processor.py:161} INFO - Started process (PID=14471) to work on /home/walterg/Documentos/Data_projects/Data-Warehouse-postgres-DBT-airflow-/.venv/lib/python3.11/site-packages/airflow/example_dags/example_bash_operator.py
[2025-05-31T19:48:06.086-0300] {processor.py:830} INFO - Processing file /home/walterg/Documentos/Data_projects/Data-Warehouse-postgres-DBT-airflow-/.venv/lib/python3.11/site-packages/airflow/example_dags/example_bash_operator.py for tasks to queue
[2025-05-31T19:48:06.088-0300] {logging_mixin.py:188} INFO - [2025-05-31T19:48:06.087-0300] {dagbag.py:538} INFO - Filling up the DagBag from /home/walterg/Documentos/Data_projects/Data-Warehouse-postgres-DBT-airflow-/.venv/lib/python3.11/site-packages/airflow/example_dags/example_bash_operator.py
[2025-05-31T19:48:06.097-0300] {processor.py:840} INFO - DAG(s) 'example_bash_operator' retrieved from /home/walterg/Documentos/Data_projects/Data-Warehouse-postgres-DBT-airflow-/.venv/lib/python3.11/site-packages/airflow/example_dags/example_bash_operator.py
[2025-05-31T19:48:06.112-0300] {logging_mixin.py:188} INFO - [2025-05-31T19:48:06.112-0300] {dag.py:3036} INFO - Sync 1 DAGs
[2025-05-31T19:48:06.125-0300] {logging_mixin.py:188} INFO - [2025-05-31T19:48:06.125-0300] {dag.py:3823} INFO - Setting next_dagrun for example_bash_operator to 2025-05-30 00:00:00+00:00, run_after=2025-05-31 00:00:00+00:00
[2025-05-31T19:48:06.142-0300] {processor.py:183} INFO - Processing /home/walterg/Documentos/Data_projects/Data-Warehouse-postgres-DBT-airflow-/.venv/lib/python3.11/site-packages/airflow/example_dags/example_bash_operator.py took 0.064 seconds
