[2025-05-31T19:30:10.439-0300] {processor.py:161} INFO - Started process (PID=9745) to work on /home/walterg/Documentos/Data_projects/Data-Warehouse-postgres-DBT-airflow-/.venv/lib/python3.11/site-packages/airflow/example_dags/example_setup_teardown.py
[2025-05-31T19:30:10.439-0300] {processor.py:830} INFO - Processing file /home/walterg/Documentos/Data_projects/Data-Warehouse-postgres-DBT-airflow-/.venv/lib/python3.11/site-packages/airflow/example_dags/example_setup_teardown.py for tasks to queue
[2025-05-31T19:30:10.440-0300] {logging_mixin.py:188} INFO - [2025-05-31T19:30:10.440-0300] {dagbag.py:538} INFO - Filling up the DagBag from /home/walterg/Documentos/Data_projects/Data-Warehouse-postgres-DBT-airflow-/.venv/lib/python3.11/site-packages/airflow/example_dags/example_setup_teardown.py
[2025-05-31T19:30:10.446-0300] {processor.py:840} INFO - DAG(s) 'example_setup_teardown' retrieved from /home/walterg/Documentos/Data_projects/Data-Warehouse-postgres-DBT-airflow-/.venv/lib/python3.11/site-packages/airflow/example_dags/example_setup_teardown.py
[2025-05-31T19:30:10.524-0300] {logging_mixin.py:188} INFO - [2025-05-31T19:30:10.523-0300] {override.py:1769} INFO - Created Permission View: can edit on DAG:example_setup_teardown
[2025-05-31T19:30:10.533-0300] {logging_mixin.py:188} INFO - [2025-05-31T19:30:10.533-0300] {override.py:1769} INFO - Created Permission View: can read on DAG:example_setup_teardown
[2025-05-31T19:30:10.542-0300] {logging_mixin.py:188} INFO - [2025-05-31T19:30:10.541-0300] {override.py:1769} INFO - Created Permission View: can delete on DAG:example_setup_teardown
[2025-05-31T19:30:10.542-0300] {logging_mixin.py:188} INFO - [2025-05-31T19:30:10.542-0300] {dag.py:3036} INFO - Sync 1 DAGs
[2025-05-31T19:30:10.548-0300] {logging_mixin.py:188} INFO - [2025-05-31T19:30:10.548-0300] {dag.py:3058} INFO - Creating ORM DAG for example_setup_teardown
[2025-05-31T19:30:10.554-0300] {logging_mixin.py:188} INFO - [2025-05-31T19:30:10.554-0300] {dag.py:3823} INFO - Setting next_dagrun for example_setup_teardown to 2025-05-30 00:00:00+00:00, run_after=2025-05-31 00:00:00+00:00
[2025-05-31T19:30:10.569-0300] {processor.py:183} INFO - Processing /home/walterg/Documentos/Data_projects/Data-Warehouse-postgres-DBT-airflow-/.venv/lib/python3.11/site-packages/airflow/example_dags/example_setup_teardown.py took 0.133 seconds
[2025-05-31T19:30:58.662-0300] {processor.py:161} INFO - Started process (PID=9916) to work on /home/walterg/Documentos/Data_projects/Data-Warehouse-postgres-DBT-airflow-/.venv/lib/python3.11/site-packages/airflow/example_dags/example_setup_teardown.py
[2025-05-31T19:30:58.663-0300] {processor.py:830} INFO - Processing file /home/walterg/Documentos/Data_projects/Data-Warehouse-postgres-DBT-airflow-/.venv/lib/python3.11/site-packages/airflow/example_dags/example_setup_teardown.py for tasks to queue
[2025-05-31T19:30:58.664-0300] {logging_mixin.py:188} INFO - [2025-05-31T19:30:58.663-0300] {dagbag.py:538} INFO - Filling up the DagBag from /home/walterg/Documentos/Data_projects/Data-Warehouse-postgres-DBT-airflow-/.venv/lib/python3.11/site-packages/airflow/example_dags/example_setup_teardown.py
[2025-05-31T19:30:58.671-0300] {processor.py:840} INFO - DAG(s) 'example_setup_teardown' retrieved from /home/walterg/Documentos/Data_projects/Data-Warehouse-postgres-DBT-airflow-/.venv/lib/python3.11/site-packages/airflow/example_dags/example_setup_teardown.py
[2025-05-31T19:30:58.689-0300] {logging_mixin.py:188} INFO - [2025-05-31T19:30:58.689-0300] {dag.py:3036} INFO - Sync 1 DAGs
[2025-05-31T19:30:58.705-0300] {logging_mixin.py:188} INFO - [2025-05-31T19:30:58.704-0300] {dag.py:3823} INFO - Setting next_dagrun for example_setup_teardown to 2025-05-30 00:00:00+00:00, run_after=2025-05-31 00:00:00+00:00
[2025-05-31T19:30:58.720-0300] {processor.py:183} INFO - Processing /home/walterg/Documentos/Data_projects/Data-Warehouse-postgres-DBT-airflow-/.venv/lib/python3.11/site-packages/airflow/example_dags/example_setup_teardown.py took 0.061 seconds
[2025-05-31T19:41:13.356-0300] {processor.py:161} INFO - Started process (PID=12284) to work on /home/walterg/Documentos/Data_projects/Data-Warehouse-postgres-DBT-airflow-/.venv/lib/python3.11/site-packages/airflow/example_dags/example_setup_teardown.py
[2025-05-31T19:41:13.361-0300] {processor.py:830} INFO - Processing file /home/walterg/Documentos/Data_projects/Data-Warehouse-postgres-DBT-airflow-/.venv/lib/python3.11/site-packages/airflow/example_dags/example_setup_teardown.py for tasks to queue
[2025-05-31T19:41:13.362-0300] {logging_mixin.py:188} INFO - [2025-05-31T19:41:13.362-0300] {dagbag.py:538} INFO - Filling up the DagBag from /home/walterg/Documentos/Data_projects/Data-Warehouse-postgres-DBT-airflow-/.venv/lib/python3.11/site-packages/airflow/example_dags/example_setup_teardown.py
[2025-05-31T19:41:13.369-0300] {processor.py:840} INFO - DAG(s) 'example_setup_teardown' retrieved from /home/walterg/Documentos/Data_projects/Data-Warehouse-postgres-DBT-airflow-/.venv/lib/python3.11/site-packages/airflow/example_dags/example_setup_teardown.py
[2025-05-31T19:41:13.438-0300] {logging_mixin.py:188} INFO - [2025-05-31T19:41:13.438-0300] {dag.py:3036} INFO - Sync 1 DAGs
[2025-05-31T19:41:13.449-0300] {logging_mixin.py:188} INFO - [2025-05-31T19:41:13.449-0300] {dag.py:3823} INFO - Setting next_dagrun for example_setup_teardown to 2025-05-30 00:00:00+00:00, run_after=2025-05-31 00:00:00+00:00
[2025-05-31T19:41:13.467-0300] {processor.py:183} INFO - Processing /home/walterg/Documentos/Data_projects/Data-Warehouse-postgres-DBT-airflow-/.venv/lib/python3.11/site-packages/airflow/example_dags/example_setup_teardown.py took 0.113 seconds
[2025-05-31T19:42:09.958-0300] {processor.py:161} INFO - Started process (PID=12593) to work on /home/walterg/Documentos/Data_projects/Data-Warehouse-postgres-DBT-airflow-/.venv/lib/python3.11/site-packages/airflow/example_dags/example_setup_teardown.py
[2025-05-31T19:42:09.963-0300] {processor.py:830} INFO - Processing file /home/walterg/Documentos/Data_projects/Data-Warehouse-postgres-DBT-airflow-/.venv/lib/python3.11/site-packages/airflow/example_dags/example_setup_teardown.py for tasks to queue
[2025-05-31T19:42:09.964-0300] {logging_mixin.py:188} INFO - [2025-05-31T19:42:09.964-0300] {dagbag.py:538} INFO - Filling up the DagBag from /home/walterg/Documentos/Data_projects/Data-Warehouse-postgres-DBT-airflow-/.venv/lib/python3.11/site-packages/airflow/example_dags/example_setup_teardown.py
[2025-05-31T19:42:09.971-0300] {processor.py:840} INFO - DAG(s) 'example_setup_teardown' retrieved from /home/walterg/Documentos/Data_projects/Data-Warehouse-postgres-DBT-airflow-/.venv/lib/python3.11/site-packages/airflow/example_dags/example_setup_teardown.py
[2025-05-31T19:42:09.982-0300] {logging_mixin.py:188} INFO - [2025-05-31T19:42:09.982-0300] {dag.py:3036} INFO - Sync 1 DAGs
[2025-05-31T19:42:09.996-0300] {logging_mixin.py:188} INFO - [2025-05-31T19:42:09.996-0300] {dag.py:3823} INFO - Setting next_dagrun for example_setup_teardown to 2025-05-30 00:00:00+00:00, run_after=2025-05-31 00:00:00+00:00
[2025-05-31T19:42:10.013-0300] {processor.py:183} INFO - Processing /home/walterg/Documentos/Data_projects/Data-Warehouse-postgres-DBT-airflow-/.venv/lib/python3.11/site-packages/airflow/example_dags/example_setup_teardown.py took 0.057 seconds
[2025-05-31T19:42:56.905-0300] {processor.py:161} INFO - Started process (PID=12866) to work on /home/walterg/Documentos/Data_projects/Data-Warehouse-postgres-DBT-airflow-/.venv/lib/python3.11/site-packages/airflow/example_dags/example_setup_teardown.py
[2025-05-31T19:42:56.907-0300] {processor.py:830} INFO - Processing file /home/walterg/Documentos/Data_projects/Data-Warehouse-postgres-DBT-airflow-/.venv/lib/python3.11/site-packages/airflow/example_dags/example_setup_teardown.py for tasks to queue
[2025-05-31T19:42:56.907-0300] {logging_mixin.py:188} INFO - [2025-05-31T19:42:56.907-0300] {dagbag.py:538} INFO - Filling up the DagBag from /home/walterg/Documentos/Data_projects/Data-Warehouse-postgres-DBT-airflow-/.venv/lib/python3.11/site-packages/airflow/example_dags/example_setup_teardown.py
[2025-05-31T19:42:56.915-0300] {processor.py:840} INFO - DAG(s) 'example_setup_teardown' retrieved from /home/walterg/Documentos/Data_projects/Data-Warehouse-postgres-DBT-airflow-/.venv/lib/python3.11/site-packages/airflow/example_dags/example_setup_teardown.py
[2025-05-31T19:42:56.928-0300] {logging_mixin.py:188} INFO - [2025-05-31T19:42:56.928-0300] {dag.py:3036} INFO - Sync 1 DAGs
[2025-05-31T19:42:56.943-0300] {logging_mixin.py:188} INFO - [2025-05-31T19:42:56.942-0300] {dag.py:3823} INFO - Setting next_dagrun for example_setup_teardown to 2025-05-30 00:00:00+00:00, run_after=2025-05-31 00:00:00+00:00
[2025-05-31T19:42:56.961-0300] {processor.py:183} INFO - Processing /home/walterg/Documentos/Data_projects/Data-Warehouse-postgres-DBT-airflow-/.venv/lib/python3.11/site-packages/airflow/example_dags/example_setup_teardown.py took 0.058 seconds
[2025-05-31T19:43:45.780-0300] {processor.py:161} INFO - Started process (PID=13304) to work on /home/walterg/Documentos/Data_projects/Data-Warehouse-postgres-DBT-airflow-/.venv/lib/python3.11/site-packages/airflow/example_dags/example_setup_teardown.py
[2025-05-31T19:43:45.785-0300] {processor.py:830} INFO - Processing file /home/walterg/Documentos/Data_projects/Data-Warehouse-postgres-DBT-airflow-/.venv/lib/python3.11/site-packages/airflow/example_dags/example_setup_teardown.py for tasks to queue
[2025-05-31T19:43:45.786-0300] {logging_mixin.py:188} INFO - [2025-05-31T19:43:45.786-0300] {dagbag.py:538} INFO - Filling up the DagBag from /home/walterg/Documentos/Data_projects/Data-Warehouse-postgres-DBT-airflow-/.venv/lib/python3.11/site-packages/airflow/example_dags/example_setup_teardown.py
[2025-05-31T19:43:45.792-0300] {processor.py:840} INFO - DAG(s) 'example_setup_teardown' retrieved from /home/walterg/Documentos/Data_projects/Data-Warehouse-postgres-DBT-airflow-/.venv/lib/python3.11/site-packages/airflow/example_dags/example_setup_teardown.py
[2025-05-31T19:43:45.804-0300] {logging_mixin.py:188} INFO - [2025-05-31T19:43:45.804-0300] {dag.py:3036} INFO - Sync 1 DAGs
[2025-05-31T19:43:45.818-0300] {logging_mixin.py:188} INFO - [2025-05-31T19:43:45.818-0300] {dag.py:3823} INFO - Setting next_dagrun for example_setup_teardown to 2025-05-30 00:00:00+00:00, run_after=2025-05-31 00:00:00+00:00
[2025-05-31T19:43:45.835-0300] {processor.py:183} INFO - Processing /home/walterg/Documentos/Data_projects/Data-Warehouse-postgres-DBT-airflow-/.venv/lib/python3.11/site-packages/airflow/example_dags/example_setup_teardown.py took 0.057 seconds
[2025-05-31T19:44:30.954-0300] {processor.py:161} INFO - Started process (PID=13582) to work on /home/walterg/Documentos/Data_projects/Data-Warehouse-postgres-DBT-airflow-/.venv/lib/python3.11/site-packages/airflow/example_dags/example_setup_teardown.py
[2025-05-31T19:44:30.960-0300] {processor.py:830} INFO - Processing file /home/walterg/Documentos/Data_projects/Data-Warehouse-postgres-DBT-airflow-/.venv/lib/python3.11/site-packages/airflow/example_dags/example_setup_teardown.py for tasks to queue
[2025-05-31T19:44:30.961-0300] {logging_mixin.py:188} INFO - [2025-05-31T19:44:30.960-0300] {dagbag.py:538} INFO - Filling up the DagBag from /home/walterg/Documentos/Data_projects/Data-Warehouse-postgres-DBT-airflow-/.venv/lib/python3.11/site-packages/airflow/example_dags/example_setup_teardown.py
[2025-05-31T19:44:30.967-0300] {processor.py:840} INFO - DAG(s) 'example_setup_teardown' retrieved from /home/walterg/Documentos/Data_projects/Data-Warehouse-postgres-DBT-airflow-/.venv/lib/python3.11/site-packages/airflow/example_dags/example_setup_teardown.py
[2025-05-31T19:44:30.979-0300] {logging_mixin.py:188} INFO - [2025-05-31T19:44:30.979-0300] {dag.py:3036} INFO - Sync 1 DAGs
[2025-05-31T19:44:30.992-0300] {logging_mixin.py:188} INFO - [2025-05-31T19:44:30.991-0300] {dag.py:3823} INFO - Setting next_dagrun for example_setup_teardown to 2025-05-30 00:00:00+00:00, run_after=2025-05-31 00:00:00+00:00
[2025-05-31T19:44:31.008-0300] {processor.py:183} INFO - Processing /home/walterg/Documentos/Data_projects/Data-Warehouse-postgres-DBT-airflow-/.venv/lib/python3.11/site-packages/airflow/example_dags/example_setup_teardown.py took 0.056 seconds
[2025-05-31T19:45:20.864-0300] {processor.py:161} INFO - Started process (PID=13812) to work on /home/walterg/Documentos/Data_projects/Data-Warehouse-postgres-DBT-airflow-/.venv/lib/python3.11/site-packages/airflow/example_dags/example_setup_teardown.py
[2025-05-31T19:45:20.865-0300] {processor.py:830} INFO - Processing file /home/walterg/Documentos/Data_projects/Data-Warehouse-postgres-DBT-airflow-/.venv/lib/python3.11/site-packages/airflow/example_dags/example_setup_teardown.py for tasks to queue
[2025-05-31T19:45:20.866-0300] {logging_mixin.py:188} INFO - [2025-05-31T19:45:20.866-0300] {dagbag.py:538} INFO - Filling up the DagBag from /home/walterg/Documentos/Data_projects/Data-Warehouse-postgres-DBT-airflow-/.venv/lib/python3.11/site-packages/airflow/example_dags/example_setup_teardown.py
[2025-05-31T19:45:20.873-0300] {processor.py:840} INFO - DAG(s) 'example_setup_teardown' retrieved from /home/walterg/Documentos/Data_projects/Data-Warehouse-postgres-DBT-airflow-/.venv/lib/python3.11/site-packages/airflow/example_dags/example_setup_teardown.py
[2025-05-31T19:45:20.885-0300] {logging_mixin.py:188} INFO - [2025-05-31T19:45:20.885-0300] {dag.py:3036} INFO - Sync 1 DAGs
[2025-05-31T19:45:20.899-0300] {logging_mixin.py:188} INFO - [2025-05-31T19:45:20.899-0300] {dag.py:3823} INFO - Setting next_dagrun for example_setup_teardown to 2025-05-30 00:00:00+00:00, run_after=2025-05-31 00:00:00+00:00
[2025-05-31T19:45:20.916-0300] {processor.py:183} INFO - Processing /home/walterg/Documentos/Data_projects/Data-Warehouse-postgres-DBT-airflow-/.venv/lib/python3.11/site-packages/airflow/example_dags/example_setup_teardown.py took 0.054 seconds
[2025-05-31T19:46:00.008-0300] {processor.py:161} INFO - Started process (PID=13944) to work on /home/walterg/Documentos/Data_projects/Data-Warehouse-postgres-DBT-airflow-/.venv/lib/python3.11/site-packages/airflow/example_dags/example_setup_teardown.py
[2025-05-31T19:46:00.013-0300] {processor.py:830} INFO - Processing file /home/walterg/Documentos/Data_projects/Data-Warehouse-postgres-DBT-airflow-/.venv/lib/python3.11/site-packages/airflow/example_dags/example_setup_teardown.py for tasks to queue
[2025-05-31T19:46:00.014-0300] {logging_mixin.py:188} INFO - [2025-05-31T19:46:00.014-0300] {dagbag.py:538} INFO - Filling up the DagBag from /home/walterg/Documentos/Data_projects/Data-Warehouse-postgres-DBT-airflow-/.venv/lib/python3.11/site-packages/airflow/example_dags/example_setup_teardown.py
[2025-05-31T19:46:00.020-0300] {processor.py:840} INFO - DAG(s) 'example_setup_teardown' retrieved from /home/walterg/Documentos/Data_projects/Data-Warehouse-postgres-DBT-airflow-/.venv/lib/python3.11/site-packages/airflow/example_dags/example_setup_teardown.py
[2025-05-31T19:46:00.032-0300] {logging_mixin.py:188} INFO - [2025-05-31T19:46:00.032-0300] {dag.py:3036} INFO - Sync 1 DAGs
[2025-05-31T19:46:00.045-0300] {logging_mixin.py:188} INFO - [2025-05-31T19:46:00.045-0300] {dag.py:3823} INFO - Setting next_dagrun for example_setup_teardown to 2025-05-30 00:00:00+00:00, run_after=2025-05-31 00:00:00+00:00
[2025-05-31T19:46:00.061-0300] {processor.py:183} INFO - Processing /home/walterg/Documentos/Data_projects/Data-Warehouse-postgres-DBT-airflow-/.venv/lib/python3.11/site-packages/airflow/example_dags/example_setup_teardown.py took 0.057 seconds
[2025-05-31T19:46:57.304-0300] {processor.py:161} INFO - Started process (PID=14201) to work on /home/walterg/Documentos/Data_projects/Data-Warehouse-postgres-DBT-airflow-/.venv/lib/python3.11/site-packages/airflow/example_dags/example_setup_teardown.py
[2025-05-31T19:46:57.309-0300] {processor.py:830} INFO - Processing file /home/walterg/Documentos/Data_projects/Data-Warehouse-postgres-DBT-airflow-/.venv/lib/python3.11/site-packages/airflow/example_dags/example_setup_teardown.py for tasks to queue
[2025-05-31T19:46:57.310-0300] {logging_mixin.py:188} INFO - [2025-05-31T19:46:57.309-0300] {dagbag.py:538} INFO - Filling up the DagBag from /home/walterg/Documentos/Data_projects/Data-Warehouse-postgres-DBT-airflow-/.venv/lib/python3.11/site-packages/airflow/example_dags/example_setup_teardown.py
[2025-05-31T19:46:57.316-0300] {processor.py:840} INFO - DAG(s) 'example_setup_teardown' retrieved from /home/walterg/Documentos/Data_projects/Data-Warehouse-postgres-DBT-airflow-/.venv/lib/python3.11/site-packages/airflow/example_dags/example_setup_teardown.py
[2025-05-31T19:46:57.328-0300] {logging_mixin.py:188} INFO - [2025-05-31T19:46:57.328-0300] {dag.py:3036} INFO - Sync 1 DAGs
[2025-05-31T19:46:57.341-0300] {logging_mixin.py:188} INFO - [2025-05-31T19:46:57.341-0300] {dag.py:3823} INFO - Setting next_dagrun for example_setup_teardown to 2025-05-30 00:00:00+00:00, run_after=2025-05-31 00:00:00+00:00
[2025-05-31T19:46:57.359-0300] {processor.py:183} INFO - Processing /home/walterg/Documentos/Data_projects/Data-Warehouse-postgres-DBT-airflow-/.venv/lib/python3.11/site-packages/airflow/example_dags/example_setup_teardown.py took 0.058 seconds
[2025-05-31T19:47:36.801-0300] {processor.py:161} INFO - Started process (PID=14387) to work on /home/walterg/Documentos/Data_projects/Data-Warehouse-postgres-DBT-airflow-/.venv/lib/python3.11/site-packages/airflow/example_dags/example_setup_teardown.py
[2025-05-31T19:47:36.806-0300] {processor.py:830} INFO - Processing file /home/walterg/Documentos/Data_projects/Data-Warehouse-postgres-DBT-airflow-/.venv/lib/python3.11/site-packages/airflow/example_dags/example_setup_teardown.py for tasks to queue
[2025-05-31T19:47:36.807-0300] {logging_mixin.py:188} INFO - [2025-05-31T19:47:36.807-0300] {dagbag.py:538} INFO - Filling up the DagBag from /home/walterg/Documentos/Data_projects/Data-Warehouse-postgres-DBT-airflow-/.venv/lib/python3.11/site-packages/airflow/example_dags/example_setup_teardown.py
[2025-05-31T19:47:36.813-0300] {processor.py:840} INFO - DAG(s) 'example_setup_teardown' retrieved from /home/walterg/Documentos/Data_projects/Data-Warehouse-postgres-DBT-airflow-/.venv/lib/python3.11/site-packages/airflow/example_dags/example_setup_teardown.py
[2025-05-31T19:47:36.825-0300] {logging_mixin.py:188} INFO - [2025-05-31T19:47:36.825-0300] {dag.py:3036} INFO - Sync 1 DAGs
[2025-05-31T19:47:36.838-0300] {logging_mixin.py:188} INFO - [2025-05-31T19:47:36.838-0300] {dag.py:3823} INFO - Setting next_dagrun for example_setup_teardown to 2025-05-30 00:00:00+00:00, run_after=2025-05-31 00:00:00+00:00
[2025-05-31T19:47:36.853-0300] {processor.py:183} INFO - Processing /home/walterg/Documentos/Data_projects/Data-Warehouse-postgres-DBT-airflow-/.venv/lib/python3.11/site-packages/airflow/example_dags/example_setup_teardown.py took 0.055 seconds
[2025-05-31T19:48:17.372-0300] {processor.py:161} INFO - Started process (PID=14601) to work on /home/walterg/Documentos/Data_projects/Data-Warehouse-postgres-DBT-airflow-/.venv/lib/python3.11/site-packages/airflow/example_dags/example_setup_teardown.py
[2025-05-31T19:48:17.377-0300] {processor.py:830} INFO - Processing file /home/walterg/Documentos/Data_projects/Data-Warehouse-postgres-DBT-airflow-/.venv/lib/python3.11/site-packages/airflow/example_dags/example_setup_teardown.py for tasks to queue
[2025-05-31T19:48:17.378-0300] {logging_mixin.py:188} INFO - [2025-05-31T19:48:17.377-0300] {dagbag.py:538} INFO - Filling up the DagBag from /home/walterg/Documentos/Data_projects/Data-Warehouse-postgres-DBT-airflow-/.venv/lib/python3.11/site-packages/airflow/example_dags/example_setup_teardown.py
[2025-05-31T19:48:17.384-0300] {processor.py:840} INFO - DAG(s) 'example_setup_teardown' retrieved from /home/walterg/Documentos/Data_projects/Data-Warehouse-postgres-DBT-airflow-/.venv/lib/python3.11/site-packages/airflow/example_dags/example_setup_teardown.py
[2025-05-31T19:48:17.398-0300] {logging_mixin.py:188} INFO - [2025-05-31T19:48:17.398-0300] {dag.py:3036} INFO - Sync 1 DAGs
[2025-05-31T19:48:17.413-0300] {logging_mixin.py:188} INFO - [2025-05-31T19:48:17.412-0300] {dag.py:3823} INFO - Setting next_dagrun for example_setup_teardown to 2025-05-30 00:00:00+00:00, run_after=2025-05-31 00:00:00+00:00
[2025-05-31T19:48:17.431-0300] {processor.py:183} INFO - Processing /home/walterg/Documentos/Data_projects/Data-Warehouse-postgres-DBT-airflow-/.venv/lib/python3.11/site-packages/airflow/example_dags/example_setup_teardown.py took 0.061 seconds
[2025-05-31T19:49:20.069-0300] {processor.py:161} INFO - Started process (PID=15204) to work on /home/walterg/Documentos/Data_projects/Data-Warehouse-postgres-DBT-airflow-/.venv/lib/python3.11/site-packages/airflow/example_dags/example_setup_teardown.py
[2025-05-31T19:49:20.070-0300] {processor.py:830} INFO - Processing file /home/walterg/Documentos/Data_projects/Data-Warehouse-postgres-DBT-airflow-/.venv/lib/python3.11/site-packages/airflow/example_dags/example_setup_teardown.py for tasks to queue
[2025-05-31T19:49:20.071-0300] {logging_mixin.py:188} INFO - [2025-05-31T19:49:20.070-0300] {dagbag.py:538} INFO - Filling up the DagBag from /home/walterg/Documentos/Data_projects/Data-Warehouse-postgres-DBT-airflow-/.venv/lib/python3.11/site-packages/airflow/example_dags/example_setup_teardown.py
[2025-05-31T19:49:20.077-0300] {processor.py:840} INFO - DAG(s) 'example_setup_teardown' retrieved from /home/walterg/Documentos/Data_projects/Data-Warehouse-postgres-DBT-airflow-/.venv/lib/python3.11/site-packages/airflow/example_dags/example_setup_teardown.py
[2025-05-31T19:49:20.089-0300] {logging_mixin.py:188} INFO - [2025-05-31T19:49:20.089-0300] {dag.py:3036} INFO - Sync 1 DAGs
[2025-05-31T19:49:20.102-0300] {logging_mixin.py:188} INFO - [2025-05-31T19:49:20.102-0300] {dag.py:3823} INFO - Setting next_dagrun for example_setup_teardown to 2025-05-30 00:00:00+00:00, run_after=2025-05-31 00:00:00+00:00
[2025-05-31T19:49:20.119-0300] {processor.py:183} INFO - Processing /home/walterg/Documentos/Data_projects/Data-Warehouse-postgres-DBT-airflow-/.venv/lib/python3.11/site-packages/airflow/example_dags/example_setup_teardown.py took 0.052 seconds
[2025-05-31T19:50:11.504-0300] {processor.py:161} INFO - Started process (PID=15381) to work on /home/walterg/Documentos/Data_projects/Data-Warehouse-postgres-DBT-airflow-/.venv/lib/python3.11/site-packages/airflow/example_dags/example_setup_teardown.py
[2025-05-31T19:50:11.509-0300] {processor.py:830} INFO - Processing file /home/walterg/Documentos/Data_projects/Data-Warehouse-postgres-DBT-airflow-/.venv/lib/python3.11/site-packages/airflow/example_dags/example_setup_teardown.py for tasks to queue
[2025-05-31T19:50:11.511-0300] {logging_mixin.py:188} INFO - [2025-05-31T19:50:11.510-0300] {dagbag.py:538} INFO - Filling up the DagBag from /home/walterg/Documentos/Data_projects/Data-Warehouse-postgres-DBT-airflow-/.venv/lib/python3.11/site-packages/airflow/example_dags/example_setup_teardown.py
[2025-05-31T19:50:11.517-0300] {processor.py:840} INFO - DAG(s) 'example_setup_teardown' retrieved from /home/walterg/Documentos/Data_projects/Data-Warehouse-postgres-DBT-airflow-/.venv/lib/python3.11/site-packages/airflow/example_dags/example_setup_teardown.py
[2025-05-31T19:50:11.529-0300] {logging_mixin.py:188} INFO - [2025-05-31T19:50:11.528-0300] {dag.py:3036} INFO - Sync 1 DAGs
[2025-05-31T19:50:11.541-0300] {logging_mixin.py:188} INFO - [2025-05-31T19:50:11.541-0300] {dag.py:3823} INFO - Setting next_dagrun for example_setup_teardown to 2025-05-30 00:00:00+00:00, run_after=2025-05-31 00:00:00+00:00
[2025-05-31T19:50:11.557-0300] {processor.py:183} INFO - Processing /home/walterg/Documentos/Data_projects/Data-Warehouse-postgres-DBT-airflow-/.venv/lib/python3.11/site-packages/airflow/example_dags/example_setup_teardown.py took 0.055 seconds
[2025-05-31T19:50:51.389-0300] {processor.py:161} INFO - Started process (PID=15495) to work on /home/walterg/Documentos/Data_projects/Data-Warehouse-postgres-DBT-airflow-/.venv/lib/python3.11/site-packages/airflow/example_dags/example_setup_teardown.py
[2025-05-31T19:50:51.394-0300] {processor.py:830} INFO - Processing file /home/walterg/Documentos/Data_projects/Data-Warehouse-postgres-DBT-airflow-/.venv/lib/python3.11/site-packages/airflow/example_dags/example_setup_teardown.py for tasks to queue
[2025-05-31T19:50:51.396-0300] {logging_mixin.py:188} INFO - [2025-05-31T19:50:51.395-0300] {dagbag.py:538} INFO - Filling up the DagBag from /home/walterg/Documentos/Data_projects/Data-Warehouse-postgres-DBT-airflow-/.venv/lib/python3.11/site-packages/airflow/example_dags/example_setup_teardown.py
[2025-05-31T19:50:51.402-0300] {processor.py:840} INFO - DAG(s) 'example_setup_teardown' retrieved from /home/walterg/Documentos/Data_projects/Data-Warehouse-postgres-DBT-airflow-/.venv/lib/python3.11/site-packages/airflow/example_dags/example_setup_teardown.py
[2025-05-31T19:50:51.415-0300] {logging_mixin.py:188} INFO - [2025-05-31T19:50:51.415-0300] {dag.py:3036} INFO - Sync 1 DAGs
[2025-05-31T19:50:51.429-0300] {logging_mixin.py:188} INFO - [2025-05-31T19:50:51.429-0300] {dag.py:3823} INFO - Setting next_dagrun for example_setup_teardown to 2025-05-30 00:00:00+00:00, run_after=2025-05-31 00:00:00+00:00
[2025-05-31T19:50:51.445-0300] {processor.py:183} INFO - Processing /home/walterg/Documentos/Data_projects/Data-Warehouse-postgres-DBT-airflow-/.venv/lib/python3.11/site-packages/airflow/example_dags/example_setup_teardown.py took 0.058 seconds
[2025-05-31T19:51:49.265-0300] {processor.py:161} INFO - Started process (PID=15824) to work on /home/walterg/Documentos/Data_projects/Data-Warehouse-postgres-DBT-airflow-/.venv/lib/python3.11/site-packages/airflow/example_dags/example_setup_teardown.py
[2025-05-31T19:51:49.270-0300] {processor.py:830} INFO - Processing file /home/walterg/Documentos/Data_projects/Data-Warehouse-postgres-DBT-airflow-/.venv/lib/python3.11/site-packages/airflow/example_dags/example_setup_teardown.py for tasks to queue
[2025-05-31T19:51:49.271-0300] {logging_mixin.py:188} INFO - [2025-05-31T19:51:49.270-0300] {dagbag.py:538} INFO - Filling up the DagBag from /home/walterg/Documentos/Data_projects/Data-Warehouse-postgres-DBT-airflow-/.venv/lib/python3.11/site-packages/airflow/example_dags/example_setup_teardown.py
[2025-05-31T19:51:49.277-0300] {processor.py:840} INFO - DAG(s) 'example_setup_teardown' retrieved from /home/walterg/Documentos/Data_projects/Data-Warehouse-postgres-DBT-airflow-/.venv/lib/python3.11/site-packages/airflow/example_dags/example_setup_teardown.py
[2025-05-31T19:51:49.289-0300] {logging_mixin.py:188} INFO - [2025-05-31T19:51:49.289-0300] {dag.py:3036} INFO - Sync 1 DAGs
[2025-05-31T19:51:49.302-0300] {logging_mixin.py:188} INFO - [2025-05-31T19:51:49.301-0300] {dag.py:3823} INFO - Setting next_dagrun for example_setup_teardown to 2025-05-30 00:00:00+00:00, run_after=2025-05-31 00:00:00+00:00
[2025-05-31T19:51:49.318-0300] {processor.py:183} INFO - Processing /home/walterg/Documentos/Data_projects/Data-Warehouse-postgres-DBT-airflow-/.venv/lib/python3.11/site-packages/airflow/example_dags/example_setup_teardown.py took 0.056 seconds
[2025-05-31T19:52:30.914-0300] {processor.py:161} INFO - Started process (PID=16020) to work on /home/walterg/Documentos/Data_projects/Data-Warehouse-postgres-DBT-airflow-/.venv/lib/python3.11/site-packages/airflow/example_dags/example_setup_teardown.py
[2025-05-31T19:52:30.918-0300] {processor.py:830} INFO - Processing file /home/walterg/Documentos/Data_projects/Data-Warehouse-postgres-DBT-airflow-/.venv/lib/python3.11/site-packages/airflow/example_dags/example_setup_teardown.py for tasks to queue
[2025-05-31T19:52:30.920-0300] {logging_mixin.py:188} INFO - [2025-05-31T19:52:30.919-0300] {dagbag.py:538} INFO - Filling up the DagBag from /home/walterg/Documentos/Data_projects/Data-Warehouse-postgres-DBT-airflow-/.venv/lib/python3.11/site-packages/airflow/example_dags/example_setup_teardown.py
[2025-05-31T19:52:30.926-0300] {processor.py:840} INFO - DAG(s) 'example_setup_teardown' retrieved from /home/walterg/Documentos/Data_projects/Data-Warehouse-postgres-DBT-airflow-/.venv/lib/python3.11/site-packages/airflow/example_dags/example_setup_teardown.py
[2025-05-31T19:52:30.938-0300] {logging_mixin.py:188} INFO - [2025-05-31T19:52:30.938-0300] {dag.py:3036} INFO - Sync 1 DAGs
[2025-05-31T19:52:30.951-0300] {logging_mixin.py:188} INFO - [2025-05-31T19:52:30.951-0300] {dag.py:3823} INFO - Setting next_dagrun for example_setup_teardown to 2025-05-30 00:00:00+00:00, run_after=2025-05-31 00:00:00+00:00
[2025-05-31T19:52:30.967-0300] {processor.py:183} INFO - Processing /home/walterg/Documentos/Data_projects/Data-Warehouse-postgres-DBT-airflow-/.venv/lib/python3.11/site-packages/airflow/example_dags/example_setup_teardown.py took 0.055 seconds
[2025-05-31T19:53:16.098-0300] {processor.py:161} INFO - Started process (PID=16194) to work on /home/walterg/Documentos/Data_projects/Data-Warehouse-postgres-DBT-airflow-/.venv/lib/python3.11/site-packages/airflow/example_dags/example_setup_teardown.py
[2025-05-31T19:53:16.099-0300] {processor.py:830} INFO - Processing file /home/walterg/Documentos/Data_projects/Data-Warehouse-postgres-DBT-airflow-/.venv/lib/python3.11/site-packages/airflow/example_dags/example_setup_teardown.py for tasks to queue
[2025-05-31T19:53:16.099-0300] {logging_mixin.py:188} INFO - [2025-05-31T19:53:16.099-0300] {dagbag.py:538} INFO - Filling up the DagBag from /home/walterg/Documentos/Data_projects/Data-Warehouse-postgres-DBT-airflow-/.venv/lib/python3.11/site-packages/airflow/example_dags/example_setup_teardown.py
[2025-05-31T19:53:16.105-0300] {processor.py:840} INFO - DAG(s) 'example_setup_teardown' retrieved from /home/walterg/Documentos/Data_projects/Data-Warehouse-postgres-DBT-airflow-/.venv/lib/python3.11/site-packages/airflow/example_dags/example_setup_teardown.py
[2025-05-31T19:53:16.117-0300] {logging_mixin.py:188} INFO - [2025-05-31T19:53:16.117-0300] {dag.py:3036} INFO - Sync 1 DAGs
[2025-05-31T19:53:16.130-0300] {logging_mixin.py:188} INFO - [2025-05-31T19:53:16.130-0300] {dag.py:3823} INFO - Setting next_dagrun for example_setup_teardown to 2025-05-30 00:00:00+00:00, run_after=2025-05-31 00:00:00+00:00
[2025-05-31T19:53:16.145-0300] {processor.py:183} INFO - Processing /home/walterg/Documentos/Data_projects/Data-Warehouse-postgres-DBT-airflow-/.venv/lib/python3.11/site-packages/airflow/example_dags/example_setup_teardown.py took 0.050 seconds
[2025-05-31T19:54:00.578-0300] {processor.py:161} INFO - Started process (PID=16255) to work on /home/walterg/Documentos/Data_projects/Data-Warehouse-postgres-DBT-airflow-/.venv/lib/python3.11/site-packages/airflow/example_dags/example_setup_teardown.py
[2025-05-31T19:54:00.583-0300] {processor.py:830} INFO - Processing file /home/walterg/Documentos/Data_projects/Data-Warehouse-postgres-DBT-airflow-/.venv/lib/python3.11/site-packages/airflow/example_dags/example_setup_teardown.py for tasks to queue
[2025-05-31T19:54:00.585-0300] {logging_mixin.py:188} INFO - [2025-05-31T19:54:00.584-0300] {dagbag.py:538} INFO - Filling up the DagBag from /home/walterg/Documentos/Data_projects/Data-Warehouse-postgres-DBT-airflow-/.venv/lib/python3.11/site-packages/airflow/example_dags/example_setup_teardown.py
[2025-05-31T19:54:00.591-0300] {processor.py:840} INFO - DAG(s) 'example_setup_teardown' retrieved from /home/walterg/Documentos/Data_projects/Data-Warehouse-postgres-DBT-airflow-/.venv/lib/python3.11/site-packages/airflow/example_dags/example_setup_teardown.py
[2025-05-31T19:54:00.603-0300] {logging_mixin.py:188} INFO - [2025-05-31T19:54:00.602-0300] {dag.py:3036} INFO - Sync 1 DAGs
[2025-05-31T19:54:00.616-0300] {logging_mixin.py:188} INFO - [2025-05-31T19:54:00.616-0300] {dag.py:3823} INFO - Setting next_dagrun for example_setup_teardown to 2025-05-30 00:00:00+00:00, run_after=2025-05-31 00:00:00+00:00
[2025-05-31T19:54:00.632-0300] {processor.py:183} INFO - Processing /home/walterg/Documentos/Data_projects/Data-Warehouse-postgres-DBT-airflow-/.venv/lib/python3.11/site-packages/airflow/example_dags/example_setup_teardown.py took 0.057 seconds
[2025-05-31T19:54:41.618-0300] {processor.py:161} INFO - Started process (PID=16391) to work on /home/walterg/Documentos/Data_projects/Data-Warehouse-postgres-DBT-airflow-/.venv/lib/python3.11/site-packages/airflow/example_dags/example_setup_teardown.py
[2025-05-31T19:54:41.623-0300] {processor.py:830} INFO - Processing file /home/walterg/Documentos/Data_projects/Data-Warehouse-postgres-DBT-airflow-/.venv/lib/python3.11/site-packages/airflow/example_dags/example_setup_teardown.py for tasks to queue
[2025-05-31T19:54:41.624-0300] {logging_mixin.py:188} INFO - [2025-05-31T19:54:41.624-0300] {dagbag.py:538} INFO - Filling up the DagBag from /home/walterg/Documentos/Data_projects/Data-Warehouse-postgres-DBT-airflow-/.venv/lib/python3.11/site-packages/airflow/example_dags/example_setup_teardown.py
[2025-05-31T19:54:41.630-0300] {processor.py:840} INFO - DAG(s) 'example_setup_teardown' retrieved from /home/walterg/Documentos/Data_projects/Data-Warehouse-postgres-DBT-airflow-/.venv/lib/python3.11/site-packages/airflow/example_dags/example_setup_teardown.py
[2025-05-31T19:54:41.642-0300] {logging_mixin.py:188} INFO - [2025-05-31T19:54:41.642-0300] {dag.py:3036} INFO - Sync 1 DAGs
[2025-05-31T19:54:41.654-0300] {logging_mixin.py:188} INFO - [2025-05-31T19:54:41.654-0300] {dag.py:3823} INFO - Setting next_dagrun for example_setup_teardown to 2025-05-30 00:00:00+00:00, run_after=2025-05-31 00:00:00+00:00
[2025-05-31T19:54:41.671-0300] {processor.py:183} INFO - Processing /home/walterg/Documentos/Data_projects/Data-Warehouse-postgres-DBT-airflow-/.venv/lib/python3.11/site-packages/airflow/example_dags/example_setup_teardown.py took 0.056 seconds
[2025-05-31T19:55:22.329-0300] {processor.py:161} INFO - Started process (PID=16577) to work on /home/walterg/Documentos/Data_projects/Data-Warehouse-postgres-DBT-airflow-/.venv/lib/python3.11/site-packages/airflow/example_dags/example_setup_teardown.py
[2025-05-31T19:55:22.335-0300] {processor.py:830} INFO - Processing file /home/walterg/Documentos/Data_projects/Data-Warehouse-postgres-DBT-airflow-/.venv/lib/python3.11/site-packages/airflow/example_dags/example_setup_teardown.py for tasks to queue
[2025-05-31T19:55:22.336-0300] {logging_mixin.py:188} INFO - [2025-05-31T19:55:22.336-0300] {dagbag.py:538} INFO - Filling up the DagBag from /home/walterg/Documentos/Data_projects/Data-Warehouse-postgres-DBT-airflow-/.venv/lib/python3.11/site-packages/airflow/example_dags/example_setup_teardown.py
[2025-05-31T19:55:22.342-0300] {processor.py:840} INFO - DAG(s) 'example_setup_teardown' retrieved from /home/walterg/Documentos/Data_projects/Data-Warehouse-postgres-DBT-airflow-/.venv/lib/python3.11/site-packages/airflow/example_dags/example_setup_teardown.py
[2025-05-31T19:55:22.354-0300] {logging_mixin.py:188} INFO - [2025-05-31T19:55:22.354-0300] {dag.py:3036} INFO - Sync 1 DAGs
[2025-05-31T19:55:22.370-0300] {logging_mixin.py:188} INFO - [2025-05-31T19:55:22.370-0300] {dag.py:3823} INFO - Setting next_dagrun for example_setup_teardown to 2025-05-30 00:00:00+00:00, run_after=2025-05-31 00:00:00+00:00
[2025-05-31T19:55:22.386-0300] {processor.py:183} INFO - Processing /home/walterg/Documentos/Data_projects/Data-Warehouse-postgres-DBT-airflow-/.venv/lib/python3.11/site-packages/airflow/example_dags/example_setup_teardown.py took 0.059 seconds
[2025-05-31T19:56:18.894-0300] {processor.py:161} INFO - Started process (PID=16846) to work on /home/walterg/Documentos/Data_projects/Data-Warehouse-postgres-DBT-airflow-/.venv/lib/python3.11/site-packages/airflow/example_dags/example_setup_teardown.py
[2025-05-31T19:56:18.899-0300] {processor.py:830} INFO - Processing file /home/walterg/Documentos/Data_projects/Data-Warehouse-postgres-DBT-airflow-/.venv/lib/python3.11/site-packages/airflow/example_dags/example_setup_teardown.py for tasks to queue
[2025-05-31T19:56:18.900-0300] {logging_mixin.py:188} INFO - [2025-05-31T19:56:18.899-0300] {dagbag.py:538} INFO - Filling up the DagBag from /home/walterg/Documentos/Data_projects/Data-Warehouse-postgres-DBT-airflow-/.venv/lib/python3.11/site-packages/airflow/example_dags/example_setup_teardown.py
[2025-05-31T19:56:18.906-0300] {processor.py:840} INFO - DAG(s) 'example_setup_teardown' retrieved from /home/walterg/Documentos/Data_projects/Data-Warehouse-postgres-DBT-airflow-/.venv/lib/python3.11/site-packages/airflow/example_dags/example_setup_teardown.py
[2025-05-31T19:56:18.917-0300] {logging_mixin.py:188} INFO - [2025-05-31T19:56:18.917-0300] {dag.py:3036} INFO - Sync 1 DAGs
[2025-05-31T19:56:18.931-0300] {logging_mixin.py:188} INFO - [2025-05-31T19:56:18.931-0300] {dag.py:3823} INFO - Setting next_dagrun for example_setup_teardown to 2025-05-30 00:00:00+00:00, run_after=2025-05-31 00:00:00+00:00
[2025-05-31T19:56:18.948-0300] {processor.py:183} INFO - Processing /home/walterg/Documentos/Data_projects/Data-Warehouse-postgres-DBT-airflow-/.venv/lib/python3.11/site-packages/airflow/example_dags/example_setup_teardown.py took 0.056 seconds
[2025-05-31T19:56:57.775-0300] {processor.py:161} INFO - Started process (PID=16908) to work on /home/walterg/Documentos/Data_projects/Data-Warehouse-postgres-DBT-airflow-/.venv/lib/python3.11/site-packages/airflow/example_dags/example_setup_teardown.py
[2025-05-31T19:56:57.780-0300] {processor.py:830} INFO - Processing file /home/walterg/Documentos/Data_projects/Data-Warehouse-postgres-DBT-airflow-/.venv/lib/python3.11/site-packages/airflow/example_dags/example_setup_teardown.py for tasks to queue
[2025-05-31T19:56:57.781-0300] {logging_mixin.py:188} INFO - [2025-05-31T19:56:57.781-0300] {dagbag.py:538} INFO - Filling up the DagBag from /home/walterg/Documentos/Data_projects/Data-Warehouse-postgres-DBT-airflow-/.venv/lib/python3.11/site-packages/airflow/example_dags/example_setup_teardown.py
[2025-05-31T19:56:57.787-0300] {processor.py:840} INFO - DAG(s) 'example_setup_teardown' retrieved from /home/walterg/Documentos/Data_projects/Data-Warehouse-postgres-DBT-airflow-/.venv/lib/python3.11/site-packages/airflow/example_dags/example_setup_teardown.py
[2025-05-31T19:56:57.800-0300] {logging_mixin.py:188} INFO - [2025-05-31T19:56:57.799-0300] {dag.py:3036} INFO - Sync 1 DAGs
[2025-05-31T19:56:57.813-0300] {logging_mixin.py:188} INFO - [2025-05-31T19:56:57.812-0300] {dag.py:3823} INFO - Setting next_dagrun for example_setup_teardown to 2025-05-30 00:00:00+00:00, run_after=2025-05-31 00:00:00+00:00
[2025-05-31T19:56:57.829-0300] {processor.py:183} INFO - Processing /home/walterg/Documentos/Data_projects/Data-Warehouse-postgres-DBT-airflow-/.venv/lib/python3.11/site-packages/airflow/example_dags/example_setup_teardown.py took 0.057 seconds
[2025-05-31T19:57:40.879-0300] {processor.py:161} INFO - Started process (PID=17065) to work on /home/walterg/Documentos/Data_projects/Data-Warehouse-postgres-DBT-airflow-/.venv/lib/python3.11/site-packages/airflow/example_dags/example_setup_teardown.py
[2025-05-31T19:57:40.884-0300] {processor.py:830} INFO - Processing file /home/walterg/Documentos/Data_projects/Data-Warehouse-postgres-DBT-airflow-/.venv/lib/python3.11/site-packages/airflow/example_dags/example_setup_teardown.py for tasks to queue
[2025-05-31T19:57:40.886-0300] {logging_mixin.py:188} INFO - [2025-05-31T19:57:40.885-0300] {dagbag.py:538} INFO - Filling up the DagBag from /home/walterg/Documentos/Data_projects/Data-Warehouse-postgres-DBT-airflow-/.venv/lib/python3.11/site-packages/airflow/example_dags/example_setup_teardown.py
[2025-05-31T19:57:40.892-0300] {processor.py:840} INFO - DAG(s) 'example_setup_teardown' retrieved from /home/walterg/Documentos/Data_projects/Data-Warehouse-postgres-DBT-airflow-/.venv/lib/python3.11/site-packages/airflow/example_dags/example_setup_teardown.py
[2025-05-31T19:57:40.903-0300] {logging_mixin.py:188} INFO - [2025-05-31T19:57:40.903-0300] {dag.py:3036} INFO - Sync 1 DAGs
[2025-05-31T19:57:40.916-0300] {logging_mixin.py:188} INFO - [2025-05-31T19:57:40.916-0300] {dag.py:3823} INFO - Setting next_dagrun for example_setup_teardown to 2025-05-30 00:00:00+00:00, run_after=2025-05-31 00:00:00+00:00
[2025-05-31T19:57:40.932-0300] {processor.py:183} INFO - Processing /home/walterg/Documentos/Data_projects/Data-Warehouse-postgres-DBT-airflow-/.venv/lib/python3.11/site-packages/airflow/example_dags/example_setup_teardown.py took 0.055 seconds
[2025-05-31T19:58:23.882-0300] {processor.py:161} INFO - Started process (PID=17224) to work on /home/walterg/Documentos/Data_projects/Data-Warehouse-postgres-DBT-airflow-/.venv/lib/python3.11/site-packages/airflow/example_dags/example_setup_teardown.py
[2025-05-31T19:58:23.887-0300] {processor.py:830} INFO - Processing file /home/walterg/Documentos/Data_projects/Data-Warehouse-postgres-DBT-airflow-/.venv/lib/python3.11/site-packages/airflow/example_dags/example_setup_teardown.py for tasks to queue
[2025-05-31T19:58:23.888-0300] {logging_mixin.py:188} INFO - [2025-05-31T19:58:23.887-0300] {dagbag.py:538} INFO - Filling up the DagBag from /home/walterg/Documentos/Data_projects/Data-Warehouse-postgres-DBT-airflow-/.venv/lib/python3.11/site-packages/airflow/example_dags/example_setup_teardown.py
[2025-05-31T19:58:23.894-0300] {processor.py:840} INFO - DAG(s) 'example_setup_teardown' retrieved from /home/walterg/Documentos/Data_projects/Data-Warehouse-postgres-DBT-airflow-/.venv/lib/python3.11/site-packages/airflow/example_dags/example_setup_teardown.py
[2025-05-31T19:58:23.906-0300] {logging_mixin.py:188} INFO - [2025-05-31T19:58:23.906-0300] {dag.py:3036} INFO - Sync 1 DAGs
[2025-05-31T19:58:23.921-0300] {logging_mixin.py:188} INFO - [2025-05-31T19:58:23.921-0300] {dag.py:3823} INFO - Setting next_dagrun for example_setup_teardown to 2025-05-30 00:00:00+00:00, run_after=2025-05-31 00:00:00+00:00
[2025-05-31T19:58:23.939-0300] {processor.py:183} INFO - Processing /home/walterg/Documentos/Data_projects/Data-Warehouse-postgres-DBT-airflow-/.venv/lib/python3.11/site-packages/airflow/example_dags/example_setup_teardown.py took 0.060 seconds
[2025-05-31T19:59:08.035-0300] {processor.py:161} INFO - Started process (PID=17414) to work on /home/walterg/Documentos/Data_projects/Data-Warehouse-postgres-DBT-airflow-/.venv/lib/python3.11/site-packages/airflow/example_dags/example_setup_teardown.py
[2025-05-31T19:59:08.040-0300] {processor.py:830} INFO - Processing file /home/walterg/Documentos/Data_projects/Data-Warehouse-postgres-DBT-airflow-/.venv/lib/python3.11/site-packages/airflow/example_dags/example_setup_teardown.py for tasks to queue
[2025-05-31T19:59:08.041-0300] {logging_mixin.py:188} INFO - [2025-05-31T19:59:08.041-0300] {dagbag.py:538} INFO - Filling up the DagBag from /home/walterg/Documentos/Data_projects/Data-Warehouse-postgres-DBT-airflow-/.venv/lib/python3.11/site-packages/airflow/example_dags/example_setup_teardown.py
[2025-05-31T19:59:08.048-0300] {processor.py:840} INFO - DAG(s) 'example_setup_teardown' retrieved from /home/walterg/Documentos/Data_projects/Data-Warehouse-postgres-DBT-airflow-/.venv/lib/python3.11/site-packages/airflow/example_dags/example_setup_teardown.py
[2025-05-31T19:59:08.060-0300] {logging_mixin.py:188} INFO - [2025-05-31T19:59:08.060-0300] {dag.py:3036} INFO - Sync 1 DAGs
[2025-05-31T19:59:08.074-0300] {logging_mixin.py:188} INFO - [2025-05-31T19:59:08.074-0300] {dag.py:3823} INFO - Setting next_dagrun for example_setup_teardown to 2025-05-30 00:00:00+00:00, run_after=2025-05-31 00:00:00+00:00
[2025-05-31T19:59:08.090-0300] {processor.py:183} INFO - Processing /home/walterg/Documentos/Data_projects/Data-Warehouse-postgres-DBT-airflow-/.venv/lib/python3.11/site-packages/airflow/example_dags/example_setup_teardown.py took 0.058 seconds
[2025-05-31T19:59:50.604-0300] {processor.py:161} INFO - Started process (PID=17599) to work on /home/walterg/Documentos/Data_projects/Data-Warehouse-postgres-DBT-airflow-/.venv/lib/python3.11/site-packages/airflow/example_dags/example_setup_teardown.py
[2025-05-31T19:59:50.610-0300] {processor.py:830} INFO - Processing file /home/walterg/Documentos/Data_projects/Data-Warehouse-postgres-DBT-airflow-/.venv/lib/python3.11/site-packages/airflow/example_dags/example_setup_teardown.py for tasks to queue
[2025-05-31T19:59:50.611-0300] {logging_mixin.py:188} INFO - [2025-05-31T19:59:50.610-0300] {dagbag.py:538} INFO - Filling up the DagBag from /home/walterg/Documentos/Data_projects/Data-Warehouse-postgres-DBT-airflow-/.venv/lib/python3.11/site-packages/airflow/example_dags/example_setup_teardown.py
[2025-05-31T19:59:50.618-0300] {processor.py:840} INFO - DAG(s) 'example_setup_teardown' retrieved from /home/walterg/Documentos/Data_projects/Data-Warehouse-postgres-DBT-airflow-/.venv/lib/python3.11/site-packages/airflow/example_dags/example_setup_teardown.py
[2025-05-31T19:59:50.632-0300] {logging_mixin.py:188} INFO - [2025-05-31T19:59:50.632-0300] {dag.py:3036} INFO - Sync 1 DAGs
[2025-05-31T19:59:50.648-0300] {logging_mixin.py:188} INFO - [2025-05-31T19:59:50.648-0300] {dag.py:3823} INFO - Setting next_dagrun for example_setup_teardown to 2025-05-30 00:00:00+00:00, run_after=2025-05-31 00:00:00+00:00
[2025-05-31T19:59:50.668-0300] {processor.py:183} INFO - Processing /home/walterg/Documentos/Data_projects/Data-Warehouse-postgres-DBT-airflow-/.venv/lib/python3.11/site-packages/airflow/example_dags/example_setup_teardown.py took 0.066 seconds
[2025-05-31T20:00:29.878-0300] {processor.py:161} INFO - Started process (PID=17843) to work on /home/walterg/Documentos/Data_projects/Data-Warehouse-postgres-DBT-airflow-/.venv/lib/python3.11/site-packages/airflow/example_dags/example_setup_teardown.py
[2025-05-31T20:00:29.884-0300] {processor.py:830} INFO - Processing file /home/walterg/Documentos/Data_projects/Data-Warehouse-postgres-DBT-airflow-/.venv/lib/python3.11/site-packages/airflow/example_dags/example_setup_teardown.py for tasks to queue
[2025-05-31T20:00:29.885-0300] {logging_mixin.py:188} INFO - [2025-05-31T20:00:29.884-0300] {dagbag.py:538} INFO - Filling up the DagBag from /home/walterg/Documentos/Data_projects/Data-Warehouse-postgres-DBT-airflow-/.venv/lib/python3.11/site-packages/airflow/example_dags/example_setup_teardown.py
[2025-05-31T20:00:29.892-0300] {processor.py:840} INFO - DAG(s) 'example_setup_teardown' retrieved from /home/walterg/Documentos/Data_projects/Data-Warehouse-postgres-DBT-airflow-/.venv/lib/python3.11/site-packages/airflow/example_dags/example_setup_teardown.py
[2025-05-31T20:00:29.905-0300] {logging_mixin.py:188} INFO - [2025-05-31T20:00:29.904-0300] {dag.py:3036} INFO - Sync 1 DAGs
[2025-05-31T20:00:29.917-0300] {logging_mixin.py:188} INFO - [2025-05-31T20:00:29.917-0300] {dag.py:3823} INFO - Setting next_dagrun for example_setup_teardown to 2025-05-30 00:00:00+00:00, run_after=2025-05-31 00:00:00+00:00
[2025-05-31T20:00:29.935-0300] {processor.py:183} INFO - Processing /home/walterg/Documentos/Data_projects/Data-Warehouse-postgres-DBT-airflow-/.venv/lib/python3.11/site-packages/airflow/example_dags/example_setup_teardown.py took 0.059 seconds
