[2025-05-31T19:29:59.909-0300] {processor.py:161} INFO - Started process (PID=9700) to work on /home/walterg/Documentos/Data_projects/Data-Warehouse-postgres-DBT-airflow-/.venv/lib/python3.11/site-packages/airflow/example_dags/example_time_delta_sensor_async.py
[2025-05-31T19:29:59.909-0300] {processor.py:830} INFO - Processing file /home/walterg/Documentos/Data_projects/Data-Warehouse-postgres-DBT-airflow-/.venv/lib/python3.11/site-packages/airflow/example_dags/example_time_delta_sensor_async.py for tasks to queue
[2025-05-31T19:29:59.910-0300] {logging_mixin.py:188} INFO - [2025-05-31T19:29:59.910-0300] {dagbag.py:538} INFO - Filling up the DagBag from /home/walterg/Documentos/Data_projects/Data-Warehouse-postgres-DBT-airflow-/.venv/lib/python3.11/site-packages/airflow/example_dags/example_time_delta_sensor_async.py
[2025-05-31T19:29:59.916-0300] {processor.py:840} INFO - DAG(s) 'example_time_delta_sensor_async' retrieved from /home/walterg/Documentos/Data_projects/Data-Warehouse-postgres-DBT-airflow-/.venv/lib/python3.11/site-packages/airflow/example_dags/example_time_delta_sensor_async.py
[2025-05-31T19:29:59.996-0300] {logging_mixin.py:188} INFO - [2025-05-31T19:29:59.996-0300] {override.py:1769} INFO - Created Permission View: can edit on DAG:example_time_delta_sensor_async
[2025-05-31T19:30:00.007-0300] {logging_mixin.py:188} INFO - [2025-05-31T19:30:00.007-0300] {override.py:1769} INFO - Created Permission View: can read on DAG:example_time_delta_sensor_async
[2025-05-31T19:30:00.015-0300] {logging_mixin.py:188} INFO - [2025-05-31T19:30:00.014-0300] {override.py:1769} INFO - Created Permission View: can delete on DAG:example_time_delta_sensor_async
[2025-05-31T19:30:00.015-0300] {logging_mixin.py:188} INFO - [2025-05-31T19:30:00.015-0300] {dag.py:3036} INFO - Sync 1 DAGs
[2025-05-31T19:30:00.021-0300] {logging_mixin.py:188} INFO - [2025-05-31T19:30:00.021-0300] {dag.py:3058} INFO - Creating ORM DAG for example_time_delta_sensor_async
[2025-05-31T19:30:00.022-0300] {logging_mixin.py:188} INFO - [2025-05-31T19:30:00.022-0300] {dag.py:3823} INFO - Setting next_dagrun for example_time_delta_sensor_async to None, run_after=None
[2025-05-31T19:30:00.038-0300] {processor.py:183} INFO - Processing /home/walterg/Documentos/Data_projects/Data-Warehouse-postgres-DBT-airflow-/.venv/lib/python3.11/site-packages/airflow/example_dags/example_time_delta_sensor_async.py took 0.132 seconds
[2025-05-31T19:30:50.117-0300] {processor.py:161} INFO - Started process (PID=9892) to work on /home/walterg/Documentos/Data_projects/Data-Warehouse-postgres-DBT-airflow-/.venv/lib/python3.11/site-packages/airflow/example_dags/example_time_delta_sensor_async.py
[2025-05-31T19:30:50.122-0300] {processor.py:830} INFO - Processing file /home/walterg/Documentos/Data_projects/Data-Warehouse-postgres-DBT-airflow-/.venv/lib/python3.11/site-packages/airflow/example_dags/example_time_delta_sensor_async.py for tasks to queue
[2025-05-31T19:30:50.123-0300] {logging_mixin.py:188} INFO - [2025-05-31T19:30:50.122-0300] {dagbag.py:538} INFO - Filling up the DagBag from /home/walterg/Documentos/Data_projects/Data-Warehouse-postgres-DBT-airflow-/.venv/lib/python3.11/site-packages/airflow/example_dags/example_time_delta_sensor_async.py
[2025-05-31T19:30:50.127-0300] {processor.py:840} INFO - DAG(s) 'example_time_delta_sensor_async' retrieved from /home/walterg/Documentos/Data_projects/Data-Warehouse-postgres-DBT-airflow-/.venv/lib/python3.11/site-packages/airflow/example_dags/example_time_delta_sensor_async.py
[2025-05-31T19:30:50.140-0300] {logging_mixin.py:188} INFO - [2025-05-31T19:30:50.140-0300] {dag.py:3036} INFO - Sync 1 DAGs
[2025-05-31T19:30:50.148-0300] {logging_mixin.py:188} INFO - [2025-05-31T19:30:50.148-0300] {dag.py:3823} INFO - Setting next_dagrun for example_time_delta_sensor_async to None, run_after=None
[2025-05-31T19:30:50.166-0300] {processor.py:183} INFO - Processing /home/walterg/Documentos/Data_projects/Data-Warehouse-postgres-DBT-airflow-/.venv/lib/python3.11/site-packages/airflow/example_dags/example_time_delta_sensor_async.py took 0.052 seconds
[2025-05-31T19:31:37.401-0300] {processor.py:161} INFO - Started process (PID=10050) to work on /home/walterg/Documentos/Data_projects/Data-Warehouse-postgres-DBT-airflow-/.venv/lib/python3.11/site-packages/airflow/example_dags/example_time_delta_sensor_async.py
[2025-05-31T19:31:37.406-0300] {processor.py:830} INFO - Processing file /home/walterg/Documentos/Data_projects/Data-Warehouse-postgres-DBT-airflow-/.venv/lib/python3.11/site-packages/airflow/example_dags/example_time_delta_sensor_async.py for tasks to queue
[2025-05-31T19:31:37.406-0300] {logging_mixin.py:188} INFO - [2025-05-31T19:31:37.406-0300] {dagbag.py:538} INFO - Filling up the DagBag from /home/walterg/Documentos/Data_projects/Data-Warehouse-postgres-DBT-airflow-/.venv/lib/python3.11/site-packages/airflow/example_dags/example_time_delta_sensor_async.py
[2025-05-31T19:31:37.411-0300] {processor.py:840} INFO - DAG(s) 'example_time_delta_sensor_async' retrieved from /home/walterg/Documentos/Data_projects/Data-Warehouse-postgres-DBT-airflow-/.venv/lib/python3.11/site-packages/airflow/example_dags/example_time_delta_sensor_async.py
[2025-05-31T19:31:37.426-0300] {logging_mixin.py:188} INFO - [2025-05-31T19:31:37.425-0300] {dag.py:3036} INFO - Sync 1 DAGs
[2025-05-31T19:31:37.434-0300] {logging_mixin.py:188} INFO - [2025-05-31T19:31:37.434-0300] {dag.py:3823} INFO - Setting next_dagrun for example_time_delta_sensor_async to None, run_after=None
[2025-05-31T19:31:37.452-0300] {processor.py:183} INFO - Processing /home/walterg/Documentos/Data_projects/Data-Warehouse-postgres-DBT-airflow-/.venv/lib/python3.11/site-packages/airflow/example_dags/example_time_delta_sensor_async.py took 0.055 seconds
