[2025-05-31T19:30:01.145-0300] {processor.py:161} INFO - Started process (PID=9701) to work on /home/walterg/Documentos/Data_projects/Data-Warehouse-postgres-DBT-airflow-/.venv/lib/python3.11/site-packages/airflow/example_dags/example_trigger_controller_dag.py
[2025-05-31T19:30:01.146-0300] {processor.py:830} INFO - Processing file /home/walterg/Documentos/Data_projects/Data-Warehouse-postgres-DBT-airflow-/.venv/lib/python3.11/site-packages/airflow/example_dags/example_trigger_controller_dag.py for tasks to queue
[2025-05-31T19:30:01.146-0300] {logging_mixin.py:188} INFO - [2025-05-31T19:30:01.146-0300] {dagbag.py:538} INFO - Filling up the DagBag from /home/walterg/Documentos/Data_projects/Data-Warehouse-postgres-DBT-airflow-/.venv/lib/python3.11/site-packages/airflow/example_dags/example_trigger_controller_dag.py
[2025-05-31T19:30:01.152-0300] {processor.py:840} INFO - DAG(s) 'example_trigger_controller_dag' retrieved from /home/walterg/Documentos/Data_projects/Data-Warehouse-postgres-DBT-airflow-/.venv/lib/python3.11/site-packages/airflow/example_dags/example_trigger_controller_dag.py
[2025-05-31T19:30:01.231-0300] {logging_mixin.py:188} INFO - [2025-05-31T19:30:01.230-0300] {override.py:1769} INFO - Created Permission View: can edit on DAG:example_trigger_controller_dag
[2025-05-31T19:30:01.242-0300] {logging_mixin.py:188} INFO - [2025-05-31T19:30:01.242-0300] {override.py:1769} INFO - Created Permission View: can read on DAG:example_trigger_controller_dag
[2025-05-31T19:30:01.250-0300] {logging_mixin.py:188} INFO - [2025-05-31T19:30:01.249-0300] {override.py:1769} INFO - Created Permission View: can delete on DAG:example_trigger_controller_dag
[2025-05-31T19:30:01.250-0300] {logging_mixin.py:188} INFO - [2025-05-31T19:30:01.250-0300] {dag.py:3036} INFO - Sync 1 DAGs
[2025-05-31T19:30:01.256-0300] {logging_mixin.py:188} INFO - [2025-05-31T19:30:01.256-0300] {dag.py:3058} INFO - Creating ORM DAG for example_trigger_controller_dag
[2025-05-31T19:30:01.262-0300] {logging_mixin.py:188} INFO - [2025-05-31T19:30:01.262-0300] {dag.py:3823} INFO - Setting next_dagrun for example_trigger_controller_dag to 2021-01-01 00:00:00+00:00, run_after=2021-01-01 00:00:00+00:00
[2025-05-31T19:30:01.277-0300] {processor.py:183} INFO - Processing /home/walterg/Documentos/Data_projects/Data-Warehouse-postgres-DBT-airflow-/.venv/lib/python3.11/site-packages/airflow/example_dags/example_trigger_controller_dag.py took 0.135 seconds
[2025-05-31T19:30:51.249-0300] {processor.py:161} INFO - Started process (PID=9893) to work on /home/walterg/Documentos/Data_projects/Data-Warehouse-postgres-DBT-airflow-/.venv/lib/python3.11/site-packages/airflow/example_dags/example_trigger_controller_dag.py
[2025-05-31T19:30:51.254-0300] {processor.py:830} INFO - Processing file /home/walterg/Documentos/Data_projects/Data-Warehouse-postgres-DBT-airflow-/.venv/lib/python3.11/site-packages/airflow/example_dags/example_trigger_controller_dag.py for tasks to queue
[2025-05-31T19:30:51.255-0300] {logging_mixin.py:188} INFO - [2025-05-31T19:30:51.254-0300] {dagbag.py:538} INFO - Filling up the DagBag from /home/walterg/Documentos/Data_projects/Data-Warehouse-postgres-DBT-airflow-/.venv/lib/python3.11/site-packages/airflow/example_dags/example_trigger_controller_dag.py
[2025-05-31T19:30:51.259-0300] {processor.py:840} INFO - DAG(s) 'example_trigger_controller_dag' retrieved from /home/walterg/Documentos/Data_projects/Data-Warehouse-postgres-DBT-airflow-/.venv/lib/python3.11/site-packages/airflow/example_dags/example_trigger_controller_dag.py
[2025-05-31T19:30:51.271-0300] {logging_mixin.py:188} INFO - [2025-05-31T19:30:51.271-0300] {dag.py:3036} INFO - Sync 1 DAGs
[2025-05-31T19:30:51.285-0300] {logging_mixin.py:188} INFO - [2025-05-31T19:30:51.285-0300] {dag.py:3823} INFO - Setting next_dagrun for example_trigger_controller_dag to 2021-01-01 00:00:00+00:00, run_after=2021-01-01 00:00:00+00:00
[2025-05-31T19:30:51.304-0300] {processor.py:183} INFO - Processing /home/walterg/Documentos/Data_projects/Data-Warehouse-postgres-DBT-airflow-/.venv/lib/python3.11/site-packages/airflow/example_dags/example_trigger_controller_dag.py took 0.058 seconds
[2025-05-31T19:31:38.535-0300] {processor.py:161} INFO - Started process (PID=10051) to work on /home/walterg/Documentos/Data_projects/Data-Warehouse-postgres-DBT-airflow-/.venv/lib/python3.11/site-packages/airflow/example_dags/example_trigger_controller_dag.py
[2025-05-31T19:31:38.540-0300] {processor.py:830} INFO - Processing file /home/walterg/Documentos/Data_projects/Data-Warehouse-postgres-DBT-airflow-/.venv/lib/python3.11/site-packages/airflow/example_dags/example_trigger_controller_dag.py for tasks to queue
[2025-05-31T19:31:38.541-0300] {logging_mixin.py:188} INFO - [2025-05-31T19:31:38.540-0300] {dagbag.py:538} INFO - Filling up the DagBag from /home/walterg/Documentos/Data_projects/Data-Warehouse-postgres-DBT-airflow-/.venv/lib/python3.11/site-packages/airflow/example_dags/example_trigger_controller_dag.py
[2025-05-31T19:31:38.545-0300] {processor.py:840} INFO - DAG(s) 'example_trigger_controller_dag' retrieved from /home/walterg/Documentos/Data_projects/Data-Warehouse-postgres-DBT-airflow-/.venv/lib/python3.11/site-packages/airflow/example_dags/example_trigger_controller_dag.py
[2025-05-31T19:31:38.558-0300] {logging_mixin.py:188} INFO - [2025-05-31T19:31:38.558-0300] {dag.py:3036} INFO - Sync 1 DAGs
[2025-05-31T19:31:38.571-0300] {logging_mixin.py:188} INFO - [2025-05-31T19:31:38.571-0300] {dag.py:3823} INFO - Setting next_dagrun for example_trigger_controller_dag to 2021-01-01 00:00:00+00:00, run_after=2021-01-01 00:00:00+00:00
[2025-05-31T19:31:38.587-0300] {processor.py:183} INFO - Processing /home/walterg/Documentos/Data_projects/Data-Warehouse-postgres-DBT-airflow-/.venv/lib/python3.11/site-packages/airflow/example_dags/example_trigger_controller_dag.py took 0.055 seconds
[2025-05-31T19:40:58.273-0300] {processor.py:161} INFO - Started process (PID=12041) to work on /home/walterg/Documentos/Data_projects/Data-Warehouse-postgres-DBT-airflow-/.venv/lib/python3.11/site-packages/airflow/example_dags/example_trigger_controller_dag.py
[2025-05-31T19:40:58.279-0300] {processor.py:830} INFO - Processing file /home/walterg/Documentos/Data_projects/Data-Warehouse-postgres-DBT-airflow-/.venv/lib/python3.11/site-packages/airflow/example_dags/example_trigger_controller_dag.py for tasks to queue
[2025-05-31T19:40:58.280-0300] {logging_mixin.py:188} INFO - [2025-05-31T19:40:58.279-0300] {dagbag.py:538} INFO - Filling up the DagBag from /home/walterg/Documentos/Data_projects/Data-Warehouse-postgres-DBT-airflow-/.venv/lib/python3.11/site-packages/airflow/example_dags/example_trigger_controller_dag.py
[2025-05-31T19:40:58.287-0300] {processor.py:840} INFO - DAG(s) 'example_trigger_controller_dag' retrieved from /home/walterg/Documentos/Data_projects/Data-Warehouse-postgres-DBT-airflow-/.venv/lib/python3.11/site-packages/airflow/example_dags/example_trigger_controller_dag.py
[2025-05-31T19:40:58.360-0300] {logging_mixin.py:188} INFO - [2025-05-31T19:40:58.360-0300] {dag.py:3036} INFO - Sync 1 DAGs
[2025-05-31T19:40:58.372-0300] {logging_mixin.py:188} INFO - [2025-05-31T19:40:58.372-0300] {dag.py:3823} INFO - Setting next_dagrun for example_trigger_controller_dag to 2021-01-01 00:00:00+00:00, run_after=2021-01-01 00:00:00+00:00
[2025-05-31T19:40:58.389-0300] {processor.py:183} INFO - Processing /home/walterg/Documentos/Data_projects/Data-Warehouse-postgres-DBT-airflow-/.venv/lib/python3.11/site-packages/airflow/example_dags/example_trigger_controller_dag.py took 0.119 seconds
[2025-05-31T19:41:57.773-0300] {processor.py:161} INFO - Started process (PID=12481) to work on /home/walterg/Documentos/Data_projects/Data-Warehouse-postgres-DBT-airflow-/.venv/lib/python3.11/site-packages/airflow/example_dags/example_trigger_controller_dag.py
[2025-05-31T19:41:57.779-0300] {processor.py:830} INFO - Processing file /home/walterg/Documentos/Data_projects/Data-Warehouse-postgres-DBT-airflow-/.venv/lib/python3.11/site-packages/airflow/example_dags/example_trigger_controller_dag.py for tasks to queue
[2025-05-31T19:41:57.780-0300] {logging_mixin.py:188} INFO - [2025-05-31T19:41:57.779-0300] {dagbag.py:538} INFO - Filling up the DagBag from /home/walterg/Documentos/Data_projects/Data-Warehouse-postgres-DBT-airflow-/.venv/lib/python3.11/site-packages/airflow/example_dags/example_trigger_controller_dag.py
[2025-05-31T19:41:57.783-0300] {processor.py:840} INFO - DAG(s) 'example_trigger_controller_dag' retrieved from /home/walterg/Documentos/Data_projects/Data-Warehouse-postgres-DBT-airflow-/.venv/lib/python3.11/site-packages/airflow/example_dags/example_trigger_controller_dag.py
[2025-05-31T19:41:57.797-0300] {logging_mixin.py:188} INFO - [2025-05-31T19:41:57.797-0300] {dag.py:3036} INFO - Sync 1 DAGs
[2025-05-31T19:41:57.812-0300] {logging_mixin.py:188} INFO - [2025-05-31T19:41:57.812-0300] {dag.py:3823} INFO - Setting next_dagrun for example_trigger_controller_dag to 2021-01-01 00:00:00+00:00, run_after=2021-01-01 00:00:00+00:00
[2025-05-31T19:41:57.830-0300] {processor.py:183} INFO - Processing /home/walterg/Documentos/Data_projects/Data-Warehouse-postgres-DBT-airflow-/.venv/lib/python3.11/site-packages/airflow/example_dags/example_trigger_controller_dag.py took 0.059 seconds
[2025-05-31T19:42:47.844-0300] {processor.py:161} INFO - Started process (PID=12795) to work on /home/walterg/Documentos/Data_projects/Data-Warehouse-postgres-DBT-airflow-/.venv/lib/python3.11/site-packages/airflow/example_dags/example_trigger_controller_dag.py
[2025-05-31T19:42:47.850-0300] {processor.py:830} INFO - Processing file /home/walterg/Documentos/Data_projects/Data-Warehouse-postgres-DBT-airflow-/.venv/lib/python3.11/site-packages/airflow/example_dags/example_trigger_controller_dag.py for tasks to queue
[2025-05-31T19:42:47.851-0300] {logging_mixin.py:188} INFO - [2025-05-31T19:42:47.850-0300] {dagbag.py:538} INFO - Filling up the DagBag from /home/walterg/Documentos/Data_projects/Data-Warehouse-postgres-DBT-airflow-/.venv/lib/python3.11/site-packages/airflow/example_dags/example_trigger_controller_dag.py
[2025-05-31T19:42:47.855-0300] {processor.py:840} INFO - DAG(s) 'example_trigger_controller_dag' retrieved from /home/walterg/Documentos/Data_projects/Data-Warehouse-postgres-DBT-airflow-/.venv/lib/python3.11/site-packages/airflow/example_dags/example_trigger_controller_dag.py
[2025-05-31T19:42:47.868-0300] {logging_mixin.py:188} INFO - [2025-05-31T19:42:47.867-0300] {dag.py:3036} INFO - Sync 1 DAGs
[2025-05-31T19:42:47.894-0300] {logging_mixin.py:188} INFO - [2025-05-31T19:42:47.894-0300] {dag.py:3823} INFO - Setting next_dagrun for example_trigger_controller_dag to 2021-01-01 00:00:00+00:00, run_after=2021-01-01 00:00:00+00:00
[2025-05-31T19:42:47.920-0300] {processor.py:183} INFO - Processing /home/walterg/Documentos/Data_projects/Data-Warehouse-postgres-DBT-airflow-/.venv/lib/python3.11/site-packages/airflow/example_dags/example_trigger_controller_dag.py took 0.078 seconds
[2025-05-31T19:43:29.080-0300] {processor.py:161} INFO - Started process (PID=13212) to work on /home/walterg/Documentos/Data_projects/Data-Warehouse-postgres-DBT-airflow-/.venv/lib/python3.11/site-packages/airflow/example_dags/example_trigger_controller_dag.py
[2025-05-31T19:43:29.086-0300] {processor.py:830} INFO - Processing file /home/walterg/Documentos/Data_projects/Data-Warehouse-postgres-DBT-airflow-/.venv/lib/python3.11/site-packages/airflow/example_dags/example_trigger_controller_dag.py for tasks to queue
[2025-05-31T19:43:29.086-0300] {logging_mixin.py:188} INFO - [2025-05-31T19:43:29.086-0300] {dagbag.py:538} INFO - Filling up the DagBag from /home/walterg/Documentos/Data_projects/Data-Warehouse-postgres-DBT-airflow-/.venv/lib/python3.11/site-packages/airflow/example_dags/example_trigger_controller_dag.py
[2025-05-31T19:43:29.090-0300] {processor.py:840} INFO - DAG(s) 'example_trigger_controller_dag' retrieved from /home/walterg/Documentos/Data_projects/Data-Warehouse-postgres-DBT-airflow-/.venv/lib/python3.11/site-packages/airflow/example_dags/example_trigger_controller_dag.py
[2025-05-31T19:43:29.102-0300] {logging_mixin.py:188} INFO - [2025-05-31T19:43:29.102-0300] {dag.py:3036} INFO - Sync 1 DAGs
[2025-05-31T19:43:29.115-0300] {logging_mixin.py:188} INFO - [2025-05-31T19:43:29.115-0300] {dag.py:3823} INFO - Setting next_dagrun for example_trigger_controller_dag to 2021-01-01 00:00:00+00:00, run_after=2021-01-01 00:00:00+00:00
[2025-05-31T19:43:29.132-0300] {processor.py:183} INFO - Processing /home/walterg/Documentos/Data_projects/Data-Warehouse-postgres-DBT-airflow-/.venv/lib/python3.11/site-packages/airflow/example_dags/example_trigger_controller_dag.py took 0.054 seconds
[2025-05-31T19:44:20.809-0300] {processor.py:161} INFO - Started process (PID=13508) to work on /home/walterg/Documentos/Data_projects/Data-Warehouse-postgres-DBT-airflow-/.venv/lib/python3.11/site-packages/airflow/example_dags/example_trigger_controller_dag.py
[2025-05-31T19:44:20.810-0300] {processor.py:830} INFO - Processing file /home/walterg/Documentos/Data_projects/Data-Warehouse-postgres-DBT-airflow-/.venv/lib/python3.11/site-packages/airflow/example_dags/example_trigger_controller_dag.py for tasks to queue
[2025-05-31T19:44:20.811-0300] {logging_mixin.py:188} INFO - [2025-05-31T19:44:20.811-0300] {dagbag.py:538} INFO - Filling up the DagBag from /home/walterg/Documentos/Data_projects/Data-Warehouse-postgres-DBT-airflow-/.venv/lib/python3.11/site-packages/airflow/example_dags/example_trigger_controller_dag.py
[2025-05-31T19:44:20.815-0300] {processor.py:840} INFO - DAG(s) 'example_trigger_controller_dag' retrieved from /home/walterg/Documentos/Data_projects/Data-Warehouse-postgres-DBT-airflow-/.venv/lib/python3.11/site-packages/airflow/example_dags/example_trigger_controller_dag.py
[2025-05-31T19:44:20.828-0300] {logging_mixin.py:188} INFO - [2025-05-31T19:44:20.828-0300] {dag.py:3036} INFO - Sync 1 DAGs
[2025-05-31T19:44:20.841-0300] {logging_mixin.py:188} INFO - [2025-05-31T19:44:20.841-0300] {dag.py:3823} INFO - Setting next_dagrun for example_trigger_controller_dag to 2021-01-01 00:00:00+00:00, run_after=2021-01-01 00:00:00+00:00
[2025-05-31T19:44:20.857-0300] {processor.py:183} INFO - Processing /home/walterg/Documentos/Data_projects/Data-Warehouse-postgres-DBT-airflow-/.venv/lib/python3.11/site-packages/airflow/example_dags/example_trigger_controller_dag.py took 0.051 seconds
[2025-05-31T19:45:10.018-0300] {processor.py:161} INFO - Started process (PID=13739) to work on /home/walterg/Documentos/Data_projects/Data-Warehouse-postgres-DBT-airflow-/.venv/lib/python3.11/site-packages/airflow/example_dags/example_trigger_controller_dag.py
[2025-05-31T19:45:10.019-0300] {processor.py:830} INFO - Processing file /home/walterg/Documentos/Data_projects/Data-Warehouse-postgres-DBT-airflow-/.venv/lib/python3.11/site-packages/airflow/example_dags/example_trigger_controller_dag.py for tasks to queue
[2025-05-31T19:45:10.020-0300] {logging_mixin.py:188} INFO - [2025-05-31T19:45:10.020-0300] {dagbag.py:538} INFO - Filling up the DagBag from /home/walterg/Documentos/Data_projects/Data-Warehouse-postgres-DBT-airflow-/.venv/lib/python3.11/site-packages/airflow/example_dags/example_trigger_controller_dag.py
[2025-05-31T19:45:10.024-0300] {processor.py:840} INFO - DAG(s) 'example_trigger_controller_dag' retrieved from /home/walterg/Documentos/Data_projects/Data-Warehouse-postgres-DBT-airflow-/.venv/lib/python3.11/site-packages/airflow/example_dags/example_trigger_controller_dag.py
[2025-05-31T19:45:10.036-0300] {logging_mixin.py:188} INFO - [2025-05-31T19:45:10.035-0300] {dag.py:3036} INFO - Sync 1 DAGs
[2025-05-31T19:45:10.048-0300] {logging_mixin.py:188} INFO - [2025-05-31T19:45:10.048-0300] {dag.py:3823} INFO - Setting next_dagrun for example_trigger_controller_dag to 2021-01-01 00:00:00+00:00, run_after=2021-01-01 00:00:00+00:00
[2025-05-31T19:45:10.064-0300] {processor.py:183} INFO - Processing /home/walterg/Documentos/Data_projects/Data-Warehouse-postgres-DBT-airflow-/.venv/lib/python3.11/site-packages/airflow/example_dags/example_trigger_controller_dag.py took 0.048 seconds
[2025-05-31T19:45:52.590-0300] {processor.py:161} INFO - Started process (PID=13922) to work on /home/walterg/Documentos/Data_projects/Data-Warehouse-postgres-DBT-airflow-/.venv/lib/python3.11/site-packages/airflow/example_dags/example_trigger_controller_dag.py
[2025-05-31T19:45:52.595-0300] {processor.py:830} INFO - Processing file /home/walterg/Documentos/Data_projects/Data-Warehouse-postgres-DBT-airflow-/.venv/lib/python3.11/site-packages/airflow/example_dags/example_trigger_controller_dag.py for tasks to queue
[2025-05-31T19:45:52.596-0300] {logging_mixin.py:188} INFO - [2025-05-31T19:45:52.595-0300] {dagbag.py:538} INFO - Filling up the DagBag from /home/walterg/Documentos/Data_projects/Data-Warehouse-postgres-DBT-airflow-/.venv/lib/python3.11/site-packages/airflow/example_dags/example_trigger_controller_dag.py
[2025-05-31T19:45:52.600-0300] {processor.py:840} INFO - DAG(s) 'example_trigger_controller_dag' retrieved from /home/walterg/Documentos/Data_projects/Data-Warehouse-postgres-DBT-airflow-/.venv/lib/python3.11/site-packages/airflow/example_dags/example_trigger_controller_dag.py
[2025-05-31T19:45:52.612-0300] {logging_mixin.py:188} INFO - [2025-05-31T19:45:52.612-0300] {dag.py:3036} INFO - Sync 1 DAGs
[2025-05-31T19:45:52.625-0300] {logging_mixin.py:188} INFO - [2025-05-31T19:45:52.625-0300] {dag.py:3823} INFO - Setting next_dagrun for example_trigger_controller_dag to 2021-01-01 00:00:00+00:00, run_after=2021-01-01 00:00:00+00:00
[2025-05-31T19:45:52.641-0300] {processor.py:183} INFO - Processing /home/walterg/Documentos/Data_projects/Data-Warehouse-postgres-DBT-airflow-/.venv/lib/python3.11/site-packages/airflow/example_dags/example_trigger_controller_dag.py took 0.053 seconds
[2025-05-31T19:46:29.134-0300] {processor.py:161} INFO - Started process (PID=14131) to work on /home/walterg/Documentos/Data_projects/Data-Warehouse-postgres-DBT-airflow-/.venv/lib/python3.11/site-packages/airflow/example_dags/example_trigger_controller_dag.py
[2025-05-31T19:46:29.140-0300] {processor.py:830} INFO - Processing file /home/walterg/Documentos/Data_projects/Data-Warehouse-postgres-DBT-airflow-/.venv/lib/python3.11/site-packages/airflow/example_dags/example_trigger_controller_dag.py for tasks to queue
[2025-05-31T19:46:29.141-0300] {logging_mixin.py:188} INFO - [2025-05-31T19:46:29.140-0300] {dagbag.py:538} INFO - Filling up the DagBag from /home/walterg/Documentos/Data_projects/Data-Warehouse-postgres-DBT-airflow-/.venv/lib/python3.11/site-packages/airflow/example_dags/example_trigger_controller_dag.py
[2025-05-31T19:46:29.144-0300] {processor.py:840} INFO - DAG(s) 'example_trigger_controller_dag' retrieved from /home/walterg/Documentos/Data_projects/Data-Warehouse-postgres-DBT-airflow-/.venv/lib/python3.11/site-packages/airflow/example_dags/example_trigger_controller_dag.py
[2025-05-31T19:46:29.157-0300] {logging_mixin.py:188} INFO - [2025-05-31T19:46:29.157-0300] {dag.py:3036} INFO - Sync 1 DAGs
[2025-05-31T19:46:29.170-0300] {logging_mixin.py:188} INFO - [2025-05-31T19:46:29.170-0300] {dag.py:3823} INFO - Setting next_dagrun for example_trigger_controller_dag to 2021-01-01 00:00:00+00:00, run_after=2021-01-01 00:00:00+00:00
[2025-05-31T19:46:29.186-0300] {processor.py:183} INFO - Processing /home/walterg/Documentos/Data_projects/Data-Warehouse-postgres-DBT-airflow-/.venv/lib/python3.11/site-packages/airflow/example_dags/example_trigger_controller_dag.py took 0.054 seconds
[2025-05-31T19:47:09.332-0300] {processor.py:161} INFO - Started process (PID=14275) to work on /home/walterg/Documentos/Data_projects/Data-Warehouse-postgres-DBT-airflow-/.venv/lib/python3.11/site-packages/airflow/example_dags/example_trigger_controller_dag.py
[2025-05-31T19:47:09.337-0300] {processor.py:830} INFO - Processing file /home/walterg/Documentos/Data_projects/Data-Warehouse-postgres-DBT-airflow-/.venv/lib/python3.11/site-packages/airflow/example_dags/example_trigger_controller_dag.py for tasks to queue
[2025-05-31T19:47:09.338-0300] {logging_mixin.py:188} INFO - [2025-05-31T19:47:09.338-0300] {dagbag.py:538} INFO - Filling up the DagBag from /home/walterg/Documentos/Data_projects/Data-Warehouse-postgres-DBT-airflow-/.venv/lib/python3.11/site-packages/airflow/example_dags/example_trigger_controller_dag.py
[2025-05-31T19:47:09.343-0300] {processor.py:840} INFO - DAG(s) 'example_trigger_controller_dag' retrieved from /home/walterg/Documentos/Data_projects/Data-Warehouse-postgres-DBT-airflow-/.venv/lib/python3.11/site-packages/airflow/example_dags/example_trigger_controller_dag.py
[2025-05-31T19:47:09.355-0300] {logging_mixin.py:188} INFO - [2025-05-31T19:47:09.355-0300] {dag.py:3036} INFO - Sync 1 DAGs
[2025-05-31T19:47:09.368-0300] {logging_mixin.py:188} INFO - [2025-05-31T19:47:09.368-0300] {dag.py:3823} INFO - Setting next_dagrun for example_trigger_controller_dag to 2021-01-01 00:00:00+00:00, run_after=2021-01-01 00:00:00+00:00
[2025-05-31T19:47:09.384-0300] {processor.py:183} INFO - Processing /home/walterg/Documentos/Data_projects/Data-Warehouse-postgres-DBT-airflow-/.venv/lib/python3.11/site-packages/airflow/example_dags/example_trigger_controller_dag.py took 0.054 seconds
[2025-05-31T19:47:47.855-0300] {processor.py:161} INFO - Started process (PID=14408) to work on /home/walterg/Documentos/Data_projects/Data-Warehouse-postgres-DBT-airflow-/.venv/lib/python3.11/site-packages/airflow/example_dags/example_trigger_controller_dag.py
[2025-05-31T19:47:47.860-0300] {processor.py:830} INFO - Processing file /home/walterg/Documentos/Data_projects/Data-Warehouse-postgres-DBT-airflow-/.venv/lib/python3.11/site-packages/airflow/example_dags/example_trigger_controller_dag.py for tasks to queue
[2025-05-31T19:47:47.861-0300] {logging_mixin.py:188} INFO - [2025-05-31T19:47:47.861-0300] {dagbag.py:538} INFO - Filling up the DagBag from /home/walterg/Documentos/Data_projects/Data-Warehouse-postgres-DBT-airflow-/.venv/lib/python3.11/site-packages/airflow/example_dags/example_trigger_controller_dag.py
[2025-05-31T19:47:47.865-0300] {processor.py:840} INFO - DAG(s) 'example_trigger_controller_dag' retrieved from /home/walterg/Documentos/Data_projects/Data-Warehouse-postgres-DBT-airflow-/.venv/lib/python3.11/site-packages/airflow/example_dags/example_trigger_controller_dag.py
[2025-05-31T19:47:47.878-0300] {logging_mixin.py:188} INFO - [2025-05-31T19:47:47.877-0300] {dag.py:3036} INFO - Sync 1 DAGs
[2025-05-31T19:47:47.890-0300] {logging_mixin.py:188} INFO - [2025-05-31T19:47:47.890-0300] {dag.py:3823} INFO - Setting next_dagrun for example_trigger_controller_dag to 2021-01-01 00:00:00+00:00, run_after=2021-01-01 00:00:00+00:00
[2025-05-31T19:47:47.907-0300] {processor.py:183} INFO - Processing /home/walterg/Documentos/Data_projects/Data-Warehouse-postgres-DBT-airflow-/.venv/lib/python3.11/site-packages/airflow/example_dags/example_trigger_controller_dag.py took 0.054 seconds
[2025-05-31T19:48:38.177-0300] {processor.py:161} INFO - Started process (PID=14838) to work on /home/walterg/Documentos/Data_projects/Data-Warehouse-postgres-DBT-airflow-/.venv/lib/python3.11/site-packages/airflow/example_dags/example_trigger_controller_dag.py
[2025-05-31T19:48:38.178-0300] {processor.py:830} INFO - Processing file /home/walterg/Documentos/Data_projects/Data-Warehouse-postgres-DBT-airflow-/.venv/lib/python3.11/site-packages/airflow/example_dags/example_trigger_controller_dag.py for tasks to queue
[2025-05-31T19:48:38.179-0300] {logging_mixin.py:188} INFO - [2025-05-31T19:48:38.178-0300] {dagbag.py:538} INFO - Filling up the DagBag from /home/walterg/Documentos/Data_projects/Data-Warehouse-postgres-DBT-airflow-/.venv/lib/python3.11/site-packages/airflow/example_dags/example_trigger_controller_dag.py
[2025-05-31T19:48:38.182-0300] {processor.py:840} INFO - DAG(s) 'example_trigger_controller_dag' retrieved from /home/walterg/Documentos/Data_projects/Data-Warehouse-postgres-DBT-airflow-/.venv/lib/python3.11/site-packages/airflow/example_dags/example_trigger_controller_dag.py
[2025-05-31T19:48:38.197-0300] {logging_mixin.py:188} INFO - [2025-05-31T19:48:38.196-0300] {dag.py:3036} INFO - Sync 1 DAGs
[2025-05-31T19:48:38.211-0300] {logging_mixin.py:188} INFO - [2025-05-31T19:48:38.211-0300] {dag.py:3823} INFO - Setting next_dagrun for example_trigger_controller_dag to 2021-01-01 00:00:00+00:00, run_after=2021-01-01 00:00:00+00:00
[2025-05-31T19:48:38.230-0300] {processor.py:183} INFO - Processing /home/walterg/Documentos/Data_projects/Data-Warehouse-postgres-DBT-airflow-/.venv/lib/python3.11/site-packages/airflow/example_dags/example_trigger_controller_dag.py took 0.057 seconds
[2025-05-31T19:49:17.803-0300] {processor.py:161} INFO - Started process (PID=15202) to work on /home/walterg/Documentos/Data_projects/Data-Warehouse-postgres-DBT-airflow-/.venv/lib/python3.11/site-packages/airflow/example_dags/example_trigger_controller_dag.py
[2025-05-31T19:49:17.808-0300] {processor.py:830} INFO - Processing file /home/walterg/Documentos/Data_projects/Data-Warehouse-postgres-DBT-airflow-/.venv/lib/python3.11/site-packages/airflow/example_dags/example_trigger_controller_dag.py for tasks to queue
[2025-05-31T19:49:17.809-0300] {logging_mixin.py:188} INFO - [2025-05-31T19:49:17.808-0300] {dagbag.py:538} INFO - Filling up the DagBag from /home/walterg/Documentos/Data_projects/Data-Warehouse-postgres-DBT-airflow-/.venv/lib/python3.11/site-packages/airflow/example_dags/example_trigger_controller_dag.py
[2025-05-31T19:49:17.812-0300] {processor.py:840} INFO - DAG(s) 'example_trigger_controller_dag' retrieved from /home/walterg/Documentos/Data_projects/Data-Warehouse-postgres-DBT-airflow-/.venv/lib/python3.11/site-packages/airflow/example_dags/example_trigger_controller_dag.py
[2025-05-31T19:49:17.825-0300] {logging_mixin.py:188} INFO - [2025-05-31T19:49:17.825-0300] {dag.py:3036} INFO - Sync 1 DAGs
[2025-05-31T19:49:17.838-0300] {logging_mixin.py:188} INFO - [2025-05-31T19:49:17.838-0300] {dag.py:3823} INFO - Setting next_dagrun for example_trigger_controller_dag to 2021-01-01 00:00:00+00:00, run_after=2021-01-01 00:00:00+00:00
[2025-05-31T19:49:17.855-0300] {processor.py:183} INFO - Processing /home/walterg/Documentos/Data_projects/Data-Warehouse-postgres-DBT-airflow-/.venv/lib/python3.11/site-packages/airflow/example_dags/example_trigger_controller_dag.py took 0.054 seconds
[2025-05-31T19:50:09.225-0300] {processor.py:161} INFO - Started process (PID=15371) to work on /home/walterg/Documentos/Data_projects/Data-Warehouse-postgres-DBT-airflow-/.venv/lib/python3.11/site-packages/airflow/example_dags/example_trigger_controller_dag.py
[2025-05-31T19:50:09.230-0300] {processor.py:830} INFO - Processing file /home/walterg/Documentos/Data_projects/Data-Warehouse-postgres-DBT-airflow-/.venv/lib/python3.11/site-packages/airflow/example_dags/example_trigger_controller_dag.py for tasks to queue
[2025-05-31T19:50:09.231-0300] {logging_mixin.py:188} INFO - [2025-05-31T19:50:09.230-0300] {dagbag.py:538} INFO - Filling up the DagBag from /home/walterg/Documentos/Data_projects/Data-Warehouse-postgres-DBT-airflow-/.venv/lib/python3.11/site-packages/airflow/example_dags/example_trigger_controller_dag.py
[2025-05-31T19:50:09.235-0300] {processor.py:840} INFO - DAG(s) 'example_trigger_controller_dag' retrieved from /home/walterg/Documentos/Data_projects/Data-Warehouse-postgres-DBT-airflow-/.venv/lib/python3.11/site-packages/airflow/example_dags/example_trigger_controller_dag.py
[2025-05-31T19:50:09.247-0300] {logging_mixin.py:188} INFO - [2025-05-31T19:50:09.247-0300] {dag.py:3036} INFO - Sync 1 DAGs
[2025-05-31T19:50:09.260-0300] {logging_mixin.py:188} INFO - [2025-05-31T19:50:09.260-0300] {dag.py:3823} INFO - Setting next_dagrun for example_trigger_controller_dag to 2021-01-01 00:00:00+00:00, run_after=2021-01-01 00:00:00+00:00
[2025-05-31T19:50:09.277-0300] {processor.py:183} INFO - Processing /home/walterg/Documentos/Data_projects/Data-Warehouse-postgres-DBT-airflow-/.venv/lib/python3.11/site-packages/airflow/example_dags/example_trigger_controller_dag.py took 0.055 seconds
[2025-05-31T19:50:49.121-0300] {processor.py:161} INFO - Started process (PID=15493) to work on /home/walterg/Documentos/Data_projects/Data-Warehouse-postgres-DBT-airflow-/.venv/lib/python3.11/site-packages/airflow/example_dags/example_trigger_controller_dag.py
[2025-05-31T19:50:49.126-0300] {processor.py:830} INFO - Processing file /home/walterg/Documentos/Data_projects/Data-Warehouse-postgres-DBT-airflow-/.venv/lib/python3.11/site-packages/airflow/example_dags/example_trigger_controller_dag.py for tasks to queue
[2025-05-31T19:50:49.127-0300] {logging_mixin.py:188} INFO - [2025-05-31T19:50:49.127-0300] {dagbag.py:538} INFO - Filling up the DagBag from /home/walterg/Documentos/Data_projects/Data-Warehouse-postgres-DBT-airflow-/.venv/lib/python3.11/site-packages/airflow/example_dags/example_trigger_controller_dag.py
[2025-05-31T19:50:49.131-0300] {processor.py:840} INFO - DAG(s) 'example_trigger_controller_dag' retrieved from /home/walterg/Documentos/Data_projects/Data-Warehouse-postgres-DBT-airflow-/.venv/lib/python3.11/site-packages/airflow/example_dags/example_trigger_controller_dag.py
[2025-05-31T19:50:49.144-0300] {logging_mixin.py:188} INFO - [2025-05-31T19:50:49.144-0300] {dag.py:3036} INFO - Sync 1 DAGs
[2025-05-31T19:50:49.157-0300] {logging_mixin.py:188} INFO - [2025-05-31T19:50:49.157-0300] {dag.py:3823} INFO - Setting next_dagrun for example_trigger_controller_dag to 2021-01-01 00:00:00+00:00, run_after=2021-01-01 00:00:00+00:00
[2025-05-31T19:50:49.174-0300] {processor.py:183} INFO - Processing /home/walterg/Documentos/Data_projects/Data-Warehouse-postgres-DBT-airflow-/.venv/lib/python3.11/site-packages/airflow/example_dags/example_trigger_controller_dag.py took 0.055 seconds
[2025-05-31T19:51:29.277-0300] {processor.py:161} INFO - Started process (PID=15787) to work on /home/walterg/Documentos/Data_projects/Data-Warehouse-postgres-DBT-airflow-/.venv/lib/python3.11/site-packages/airflow/example_dags/example_trigger_controller_dag.py
[2025-05-31T19:51:29.282-0300] {processor.py:830} INFO - Processing file /home/walterg/Documentos/Data_projects/Data-Warehouse-postgres-DBT-airflow-/.venv/lib/python3.11/site-packages/airflow/example_dags/example_trigger_controller_dag.py for tasks to queue
[2025-05-31T19:51:29.283-0300] {logging_mixin.py:188} INFO - [2025-05-31T19:51:29.283-0300] {dagbag.py:538} INFO - Filling up the DagBag from /home/walterg/Documentos/Data_projects/Data-Warehouse-postgres-DBT-airflow-/.venv/lib/python3.11/site-packages/airflow/example_dags/example_trigger_controller_dag.py
[2025-05-31T19:51:29.287-0300] {processor.py:840} INFO - DAG(s) 'example_trigger_controller_dag' retrieved from /home/walterg/Documentos/Data_projects/Data-Warehouse-postgres-DBT-airflow-/.venv/lib/python3.11/site-packages/airflow/example_dags/example_trigger_controller_dag.py
[2025-05-31T19:51:29.299-0300] {logging_mixin.py:188} INFO - [2025-05-31T19:51:29.299-0300] {dag.py:3036} INFO - Sync 1 DAGs
[2025-05-31T19:51:29.311-0300] {logging_mixin.py:188} INFO - [2025-05-31T19:51:29.311-0300] {dag.py:3823} INFO - Setting next_dagrun for example_trigger_controller_dag to 2021-01-01 00:00:00+00:00, run_after=2021-01-01 00:00:00+00:00
[2025-05-31T19:51:29.328-0300] {processor.py:183} INFO - Processing /home/walterg/Documentos/Data_projects/Data-Warehouse-postgres-DBT-airflow-/.venv/lib/python3.11/site-packages/airflow/example_dags/example_trigger_controller_dag.py took 0.053 seconds
[2025-05-31T19:52:14.177-0300] {processor.py:161} INFO - Started process (PID=15982) to work on /home/walterg/Documentos/Data_projects/Data-Warehouse-postgres-DBT-airflow-/.venv/lib/python3.11/site-packages/airflow/example_dags/example_trigger_controller_dag.py
[2025-05-31T19:52:14.178-0300] {processor.py:830} INFO - Processing file /home/walterg/Documentos/Data_projects/Data-Warehouse-postgres-DBT-airflow-/.venv/lib/python3.11/site-packages/airflow/example_dags/example_trigger_controller_dag.py for tasks to queue
[2025-05-31T19:52:14.178-0300] {logging_mixin.py:188} INFO - [2025-05-31T19:52:14.178-0300] {dagbag.py:538} INFO - Filling up the DagBag from /home/walterg/Documentos/Data_projects/Data-Warehouse-postgres-DBT-airflow-/.venv/lib/python3.11/site-packages/airflow/example_dags/example_trigger_controller_dag.py
[2025-05-31T19:52:14.182-0300] {processor.py:840} INFO - DAG(s) 'example_trigger_controller_dag' retrieved from /home/walterg/Documentos/Data_projects/Data-Warehouse-postgres-DBT-airflow-/.venv/lib/python3.11/site-packages/airflow/example_dags/example_trigger_controller_dag.py
[2025-05-31T19:52:14.195-0300] {logging_mixin.py:188} INFO - [2025-05-31T19:52:14.195-0300] {dag.py:3036} INFO - Sync 1 DAGs
[2025-05-31T19:52:14.208-0300] {logging_mixin.py:188} INFO - [2025-05-31T19:52:14.208-0300] {dag.py:3823} INFO - Setting next_dagrun for example_trigger_controller_dag to 2021-01-01 00:00:00+00:00, run_after=2021-01-01 00:00:00+00:00
[2025-05-31T19:52:14.224-0300] {processor.py:183} INFO - Processing /home/walterg/Documentos/Data_projects/Data-Warehouse-postgres-DBT-airflow-/.venv/lib/python3.11/site-packages/airflow/example_dags/example_trigger_controller_dag.py took 0.050 seconds
[2025-05-31T19:52:56.318-0300] {processor.py:161} INFO - Started process (PID=16089) to work on /home/walterg/Documentos/Data_projects/Data-Warehouse-postgres-DBT-airflow-/.venv/lib/python3.11/site-packages/airflow/example_dags/example_trigger_controller_dag.py
[2025-05-31T19:52:56.323-0300] {processor.py:830} INFO - Processing file /home/walterg/Documentos/Data_projects/Data-Warehouse-postgres-DBT-airflow-/.venv/lib/python3.11/site-packages/airflow/example_dags/example_trigger_controller_dag.py for tasks to queue
[2025-05-31T19:52:56.324-0300] {logging_mixin.py:188} INFO - [2025-05-31T19:52:56.324-0300] {dagbag.py:538} INFO - Filling up the DagBag from /home/walterg/Documentos/Data_projects/Data-Warehouse-postgres-DBT-airflow-/.venv/lib/python3.11/site-packages/airflow/example_dags/example_trigger_controller_dag.py
[2025-05-31T19:52:56.328-0300] {processor.py:840} INFO - DAG(s) 'example_trigger_controller_dag' retrieved from /home/walterg/Documentos/Data_projects/Data-Warehouse-postgres-DBT-airflow-/.venv/lib/python3.11/site-packages/airflow/example_dags/example_trigger_controller_dag.py
[2025-05-31T19:52:56.340-0300] {logging_mixin.py:188} INFO - [2025-05-31T19:52:56.340-0300] {dag.py:3036} INFO - Sync 1 DAGs
[2025-05-31T19:52:56.353-0300] {logging_mixin.py:188} INFO - [2025-05-31T19:52:56.352-0300] {dag.py:3823} INFO - Setting next_dagrun for example_trigger_controller_dag to 2021-01-01 00:00:00+00:00, run_after=2021-01-01 00:00:00+00:00
[2025-05-31T19:52:56.369-0300] {processor.py:183} INFO - Processing /home/walterg/Documentos/Data_projects/Data-Warehouse-postgres-DBT-airflow-/.venv/lib/python3.11/site-packages/airflow/example_dags/example_trigger_controller_dag.py took 0.053 seconds
[2025-05-31T19:53:42.882-0300] {processor.py:161} INFO - Started process (PID=16235) to work on /home/walterg/Documentos/Data_projects/Data-Warehouse-postgres-DBT-airflow-/.venv/lib/python3.11/site-packages/airflow/example_dags/example_trigger_controller_dag.py
[2025-05-31T19:53:42.887-0300] {processor.py:830} INFO - Processing file /home/walterg/Documentos/Data_projects/Data-Warehouse-postgres-DBT-airflow-/.venv/lib/python3.11/site-packages/airflow/example_dags/example_trigger_controller_dag.py for tasks to queue
[2025-05-31T19:53:42.888-0300] {logging_mixin.py:188} INFO - [2025-05-31T19:53:42.888-0300] {dagbag.py:538} INFO - Filling up the DagBag from /home/walterg/Documentos/Data_projects/Data-Warehouse-postgres-DBT-airflow-/.venv/lib/python3.11/site-packages/airflow/example_dags/example_trigger_controller_dag.py
[2025-05-31T19:53:42.892-0300] {processor.py:840} INFO - DAG(s) 'example_trigger_controller_dag' retrieved from /home/walterg/Documentos/Data_projects/Data-Warehouse-postgres-DBT-airflow-/.venv/lib/python3.11/site-packages/airflow/example_dags/example_trigger_controller_dag.py
[2025-05-31T19:53:42.905-0300] {logging_mixin.py:188} INFO - [2025-05-31T19:53:42.904-0300] {dag.py:3036} INFO - Sync 1 DAGs
[2025-05-31T19:53:42.917-0300] {logging_mixin.py:188} INFO - [2025-05-31T19:53:42.917-0300] {dag.py:3823} INFO - Setting next_dagrun for example_trigger_controller_dag to 2021-01-01 00:00:00+00:00, run_after=2021-01-01 00:00:00+00:00
[2025-05-31T19:53:42.934-0300] {processor.py:183} INFO - Processing /home/walterg/Documentos/Data_projects/Data-Warehouse-postgres-DBT-airflow-/.venv/lib/python3.11/site-packages/airflow/example_dags/example_trigger_controller_dag.py took 0.055 seconds
[2025-05-31T19:54:24.221-0300] {processor.py:161} INFO - Started process (PID=16373) to work on /home/walterg/Documentos/Data_projects/Data-Warehouse-postgres-DBT-airflow-/.venv/lib/python3.11/site-packages/airflow/example_dags/example_trigger_controller_dag.py
[2025-05-31T19:54:24.226-0300] {processor.py:830} INFO - Processing file /home/walterg/Documentos/Data_projects/Data-Warehouse-postgres-DBT-airflow-/.venv/lib/python3.11/site-packages/airflow/example_dags/example_trigger_controller_dag.py for tasks to queue
[2025-05-31T19:54:24.227-0300] {logging_mixin.py:188} INFO - [2025-05-31T19:54:24.226-0300] {dagbag.py:538} INFO - Filling up the DagBag from /home/walterg/Documentos/Data_projects/Data-Warehouse-postgres-DBT-airflow-/.venv/lib/python3.11/site-packages/airflow/example_dags/example_trigger_controller_dag.py
[2025-05-31T19:54:24.231-0300] {processor.py:840} INFO - DAG(s) 'example_trigger_controller_dag' retrieved from /home/walterg/Documentos/Data_projects/Data-Warehouse-postgres-DBT-airflow-/.venv/lib/python3.11/site-packages/airflow/example_dags/example_trigger_controller_dag.py
[2025-05-31T19:54:24.243-0300] {logging_mixin.py:188} INFO - [2025-05-31T19:54:24.243-0300] {dag.py:3036} INFO - Sync 1 DAGs
[2025-05-31T19:54:24.256-0300] {logging_mixin.py:188} INFO - [2025-05-31T19:54:24.256-0300] {dag.py:3823} INFO - Setting next_dagrun for example_trigger_controller_dag to 2021-01-01 00:00:00+00:00, run_after=2021-01-01 00:00:00+00:00
[2025-05-31T19:54:24.272-0300] {processor.py:183} INFO - Processing /home/walterg/Documentos/Data_projects/Data-Warehouse-postgres-DBT-airflow-/.venv/lib/python3.11/site-packages/airflow/example_dags/example_trigger_controller_dag.py took 0.054 seconds
[2025-05-31T19:55:15.537-0300] {processor.py:161} INFO - Started process (PID=16563) to work on /home/walterg/Documentos/Data_projects/Data-Warehouse-postgres-DBT-airflow-/.venv/lib/python3.11/site-packages/airflow/example_dags/example_trigger_controller_dag.py
[2025-05-31T19:55:15.538-0300] {processor.py:830} INFO - Processing file /home/walterg/Documentos/Data_projects/Data-Warehouse-postgres-DBT-airflow-/.venv/lib/python3.11/site-packages/airflow/example_dags/example_trigger_controller_dag.py for tasks to queue
[2025-05-31T19:55:15.539-0300] {logging_mixin.py:188} INFO - [2025-05-31T19:55:15.538-0300] {dagbag.py:538} INFO - Filling up the DagBag from /home/walterg/Documentos/Data_projects/Data-Warehouse-postgres-DBT-airflow-/.venv/lib/python3.11/site-packages/airflow/example_dags/example_trigger_controller_dag.py
[2025-05-31T19:55:15.543-0300] {processor.py:840} INFO - DAG(s) 'example_trigger_controller_dag' retrieved from /home/walterg/Documentos/Data_projects/Data-Warehouse-postgres-DBT-airflow-/.venv/lib/python3.11/site-packages/airflow/example_dags/example_trigger_controller_dag.py
[2025-05-31T19:55:15.555-0300] {logging_mixin.py:188} INFO - [2025-05-31T19:55:15.555-0300] {dag.py:3036} INFO - Sync 1 DAGs
[2025-05-31T19:55:15.567-0300] {logging_mixin.py:188} INFO - [2025-05-31T19:55:15.567-0300] {dag.py:3823} INFO - Setting next_dagrun for example_trigger_controller_dag to 2021-01-01 00:00:00+00:00, run_after=2021-01-01 00:00:00+00:00
[2025-05-31T19:55:15.584-0300] {processor.py:183} INFO - Processing /home/walterg/Documentos/Data_projects/Data-Warehouse-postgres-DBT-airflow-/.venv/lib/python3.11/site-packages/airflow/example_dags/example_trigger_controller_dag.py took 0.049 seconds
[2025-05-31T19:55:51.146-0300] {processor.py:161} INFO - Started process (PID=16681) to work on /home/walterg/Documentos/Data_projects/Data-Warehouse-postgres-DBT-airflow-/.venv/lib/python3.11/site-packages/airflow/example_dags/example_trigger_controller_dag.py
[2025-05-31T19:55:51.151-0300] {processor.py:830} INFO - Processing file /home/walterg/Documentos/Data_projects/Data-Warehouse-postgres-DBT-airflow-/.venv/lib/python3.11/site-packages/airflow/example_dags/example_trigger_controller_dag.py for tasks to queue
[2025-05-31T19:55:51.152-0300] {logging_mixin.py:188} INFO - [2025-05-31T19:55:51.152-0300] {dagbag.py:538} INFO - Filling up the DagBag from /home/walterg/Documentos/Data_projects/Data-Warehouse-postgres-DBT-airflow-/.venv/lib/python3.11/site-packages/airflow/example_dags/example_trigger_controller_dag.py
[2025-05-31T19:55:51.156-0300] {processor.py:840} INFO - DAG(s) 'example_trigger_controller_dag' retrieved from /home/walterg/Documentos/Data_projects/Data-Warehouse-postgres-DBT-airflow-/.venv/lib/python3.11/site-packages/airflow/example_dags/example_trigger_controller_dag.py
[2025-05-31T19:55:51.168-0300] {logging_mixin.py:188} INFO - [2025-05-31T19:55:51.168-0300] {dag.py:3036} INFO - Sync 1 DAGs
[2025-05-31T19:55:51.181-0300] {logging_mixin.py:188} INFO - [2025-05-31T19:55:51.181-0300] {dag.py:3823} INFO - Setting next_dagrun for example_trigger_controller_dag to 2021-01-01 00:00:00+00:00, run_after=2021-01-01 00:00:00+00:00
[2025-05-31T19:55:51.198-0300] {processor.py:183} INFO - Processing /home/walterg/Documentos/Data_projects/Data-Warehouse-postgres-DBT-airflow-/.venv/lib/python3.11/site-packages/airflow/example_dags/example_trigger_controller_dag.py took 0.054 seconds
[2025-05-31T19:56:32.051-0300] {processor.py:161} INFO - Started process (PID=16863) to work on /home/walterg/Documentos/Data_projects/Data-Warehouse-postgres-DBT-airflow-/.venv/lib/python3.11/site-packages/airflow/example_dags/example_trigger_controller_dag.py
[2025-05-31T19:56:32.052-0300] {processor.py:830} INFO - Processing file /home/walterg/Documentos/Data_projects/Data-Warehouse-postgres-DBT-airflow-/.venv/lib/python3.11/site-packages/airflow/example_dags/example_trigger_controller_dag.py for tasks to queue
[2025-05-31T19:56:32.053-0300] {logging_mixin.py:188} INFO - [2025-05-31T19:56:32.053-0300] {dagbag.py:538} INFO - Filling up the DagBag from /home/walterg/Documentos/Data_projects/Data-Warehouse-postgres-DBT-airflow-/.venv/lib/python3.11/site-packages/airflow/example_dags/example_trigger_controller_dag.py
[2025-05-31T19:56:32.057-0300] {processor.py:840} INFO - DAG(s) 'example_trigger_controller_dag' retrieved from /home/walterg/Documentos/Data_projects/Data-Warehouse-postgres-DBT-airflow-/.venv/lib/python3.11/site-packages/airflow/example_dags/example_trigger_controller_dag.py
[2025-05-31T19:56:32.069-0300] {logging_mixin.py:188} INFO - [2025-05-31T19:56:32.068-0300] {dag.py:3036} INFO - Sync 1 DAGs
[2025-05-31T19:56:32.081-0300] {logging_mixin.py:188} INFO - [2025-05-31T19:56:32.081-0300] {dag.py:3823} INFO - Setting next_dagrun for example_trigger_controller_dag to 2021-01-01 00:00:00+00:00, run_after=2021-01-01 00:00:00+00:00
[2025-05-31T19:56:32.098-0300] {processor.py:183} INFO - Processing /home/walterg/Documentos/Data_projects/Data-Warehouse-postgres-DBT-airflow-/.venv/lib/python3.11/site-packages/airflow/example_dags/example_trigger_controller_dag.py took 0.049 seconds
[2025-05-31T19:57:12.179-0300] {processor.py:161} INFO - Started process (PID=17015) to work on /home/walterg/Documentos/Data_projects/Data-Warehouse-postgres-DBT-airflow-/.venv/lib/python3.11/site-packages/airflow/example_dags/example_trigger_controller_dag.py
[2025-05-31T19:57:12.184-0300] {processor.py:830} INFO - Processing file /home/walterg/Documentos/Data_projects/Data-Warehouse-postgres-DBT-airflow-/.venv/lib/python3.11/site-packages/airflow/example_dags/example_trigger_controller_dag.py for tasks to queue
[2025-05-31T19:57:12.185-0300] {logging_mixin.py:188} INFO - [2025-05-31T19:57:12.184-0300] {dagbag.py:538} INFO - Filling up the DagBag from /home/walterg/Documentos/Data_projects/Data-Warehouse-postgres-DBT-airflow-/.venv/lib/python3.11/site-packages/airflow/example_dags/example_trigger_controller_dag.py
[2025-05-31T19:57:12.189-0300] {processor.py:840} INFO - DAG(s) 'example_trigger_controller_dag' retrieved from /home/walterg/Documentos/Data_projects/Data-Warehouse-postgres-DBT-airflow-/.venv/lib/python3.11/site-packages/airflow/example_dags/example_trigger_controller_dag.py
[2025-05-31T19:57:12.202-0300] {logging_mixin.py:188} INFO - [2025-05-31T19:57:12.202-0300] {dag.py:3036} INFO - Sync 1 DAGs
[2025-05-31T19:57:12.216-0300] {logging_mixin.py:188} INFO - [2025-05-31T19:57:12.215-0300] {dag.py:3823} INFO - Setting next_dagrun for example_trigger_controller_dag to 2021-01-01 00:00:00+00:00, run_after=2021-01-01 00:00:00+00:00
[2025-05-31T19:57:12.233-0300] {processor.py:183} INFO - Processing /home/walterg/Documentos/Data_projects/Data-Warehouse-postgres-DBT-airflow-/.venv/lib/python3.11/site-packages/airflow/example_dags/example_trigger_controller_dag.py took 0.056 seconds
[2025-05-31T19:57:57.012-0300] {processor.py:161} INFO - Started process (PID=17098) to work on /home/walterg/Documentos/Data_projects/Data-Warehouse-postgres-DBT-airflow-/.venv/lib/python3.11/site-packages/airflow/example_dags/example_trigger_controller_dag.py
[2025-05-31T19:57:57.018-0300] {processor.py:830} INFO - Processing file /home/walterg/Documentos/Data_projects/Data-Warehouse-postgres-DBT-airflow-/.venv/lib/python3.11/site-packages/airflow/example_dags/example_trigger_controller_dag.py for tasks to queue
[2025-05-31T19:57:57.018-0300] {logging_mixin.py:188} INFO - [2025-05-31T19:57:57.018-0300] {dagbag.py:538} INFO - Filling up the DagBag from /home/walterg/Documentos/Data_projects/Data-Warehouse-postgres-DBT-airflow-/.venv/lib/python3.11/site-packages/airflow/example_dags/example_trigger_controller_dag.py
[2025-05-31T19:57:57.022-0300] {processor.py:840} INFO - DAG(s) 'example_trigger_controller_dag' retrieved from /home/walterg/Documentos/Data_projects/Data-Warehouse-postgres-DBT-airflow-/.venv/lib/python3.11/site-packages/airflow/example_dags/example_trigger_controller_dag.py
[2025-05-31T19:57:57.034-0300] {logging_mixin.py:188} INFO - [2025-05-31T19:57:57.034-0300] {dag.py:3036} INFO - Sync 1 DAGs
[2025-05-31T19:57:57.047-0300] {logging_mixin.py:188} INFO - [2025-05-31T19:57:57.046-0300] {dag.py:3823} INFO - Setting next_dagrun for example_trigger_controller_dag to 2021-01-01 00:00:00+00:00, run_after=2021-01-01 00:00:00+00:00
[2025-05-31T19:57:57.062-0300] {processor.py:183} INFO - Processing /home/walterg/Documentos/Data_projects/Data-Warehouse-postgres-DBT-airflow-/.venv/lib/python3.11/site-packages/airflow/example_dags/example_trigger_controller_dag.py took 0.053 seconds
[2025-05-31T19:58:38.501-0300] {processor.py:161} INFO - Started process (PID=17256) to work on /home/walterg/Documentos/Data_projects/Data-Warehouse-postgres-DBT-airflow-/.venv/lib/python3.11/site-packages/airflow/example_dags/example_trigger_controller_dag.py
[2025-05-31T19:58:38.502-0300] {processor.py:830} INFO - Processing file /home/walterg/Documentos/Data_projects/Data-Warehouse-postgres-DBT-airflow-/.venv/lib/python3.11/site-packages/airflow/example_dags/example_trigger_controller_dag.py for tasks to queue
[2025-05-31T19:58:38.503-0300] {logging_mixin.py:188} INFO - [2025-05-31T19:58:38.503-0300] {dagbag.py:538} INFO - Filling up the DagBag from /home/walterg/Documentos/Data_projects/Data-Warehouse-postgres-DBT-airflow-/.venv/lib/python3.11/site-packages/airflow/example_dags/example_trigger_controller_dag.py
[2025-05-31T19:58:38.507-0300] {processor.py:840} INFO - DAG(s) 'example_trigger_controller_dag' retrieved from /home/walterg/Documentos/Data_projects/Data-Warehouse-postgres-DBT-airflow-/.venv/lib/python3.11/site-packages/airflow/example_dags/example_trigger_controller_dag.py
[2025-05-31T19:58:38.520-0300] {logging_mixin.py:188} INFO - [2025-05-31T19:58:38.519-0300] {dag.py:3036} INFO - Sync 1 DAGs
[2025-05-31T19:58:38.532-0300] {logging_mixin.py:188} INFO - [2025-05-31T19:58:38.532-0300] {dag.py:3823} INFO - Setting next_dagrun for example_trigger_controller_dag to 2021-01-01 00:00:00+00:00, run_after=2021-01-01 00:00:00+00:00
[2025-05-31T19:58:38.549-0300] {processor.py:183} INFO - Processing /home/walterg/Documentos/Data_projects/Data-Warehouse-postgres-DBT-airflow-/.venv/lib/python3.11/site-packages/airflow/example_dags/example_trigger_controller_dag.py took 0.050 seconds
[2025-05-31T19:59:21.319-0300] {processor.py:161} INFO - Started process (PID=17522) to work on /home/walterg/Documentos/Data_projects/Data-Warehouse-postgres-DBT-airflow-/.venv/lib/python3.11/site-packages/airflow/example_dags/example_trigger_controller_dag.py
[2025-05-31T19:59:21.324-0300] {processor.py:830} INFO - Processing file /home/walterg/Documentos/Data_projects/Data-Warehouse-postgres-DBT-airflow-/.venv/lib/python3.11/site-packages/airflow/example_dags/example_trigger_controller_dag.py for tasks to queue
[2025-05-31T19:59:21.325-0300] {logging_mixin.py:188} INFO - [2025-05-31T19:59:21.324-0300] {dagbag.py:538} INFO - Filling up the DagBag from /home/walterg/Documentos/Data_projects/Data-Warehouse-postgres-DBT-airflow-/.venv/lib/python3.11/site-packages/airflow/example_dags/example_trigger_controller_dag.py
[2025-05-31T19:59:21.329-0300] {processor.py:840} INFO - DAG(s) 'example_trigger_controller_dag' retrieved from /home/walterg/Documentos/Data_projects/Data-Warehouse-postgres-DBT-airflow-/.venv/lib/python3.11/site-packages/airflow/example_dags/example_trigger_controller_dag.py
[2025-05-31T19:59:21.342-0300] {logging_mixin.py:188} INFO - [2025-05-31T19:59:21.342-0300] {dag.py:3036} INFO - Sync 1 DAGs
[2025-05-31T19:59:21.355-0300] {logging_mixin.py:188} INFO - [2025-05-31T19:59:21.355-0300] {dag.py:3823} INFO - Setting next_dagrun for example_trigger_controller_dag to 2021-01-01 00:00:00+00:00, run_after=2021-01-01 00:00:00+00:00
[2025-05-31T19:59:21.372-0300] {processor.py:183} INFO - Processing /home/walterg/Documentos/Data_projects/Data-Warehouse-postgres-DBT-airflow-/.venv/lib/python3.11/site-packages/airflow/example_dags/example_trigger_controller_dag.py took 0.056 seconds
[2025-05-31T20:00:01.871-0300] {processor.py:161} INFO - Started process (PID=17618) to work on /home/walterg/Documentos/Data_projects/Data-Warehouse-postgres-DBT-airflow-/.venv/lib/python3.11/site-packages/airflow/example_dags/example_trigger_controller_dag.py
[2025-05-31T20:00:01.872-0300] {processor.py:830} INFO - Processing file /home/walterg/Documentos/Data_projects/Data-Warehouse-postgres-DBT-airflow-/.venv/lib/python3.11/site-packages/airflow/example_dags/example_trigger_controller_dag.py for tasks to queue
[2025-05-31T20:00:01.873-0300] {logging_mixin.py:188} INFO - [2025-05-31T20:00:01.872-0300] {dagbag.py:538} INFO - Filling up the DagBag from /home/walterg/Documentos/Data_projects/Data-Warehouse-postgres-DBT-airflow-/.venv/lib/python3.11/site-packages/airflow/example_dags/example_trigger_controller_dag.py
[2025-05-31T20:00:01.877-0300] {processor.py:840} INFO - DAG(s) 'example_trigger_controller_dag' retrieved from /home/walterg/Documentos/Data_projects/Data-Warehouse-postgres-DBT-airflow-/.venv/lib/python3.11/site-packages/airflow/example_dags/example_trigger_controller_dag.py
[2025-05-31T20:00:01.890-0300] {logging_mixin.py:188} INFO - [2025-05-31T20:00:01.889-0300] {dag.py:3036} INFO - Sync 1 DAGs
[2025-05-31T20:00:01.902-0300] {logging_mixin.py:188} INFO - [2025-05-31T20:00:01.902-0300] {dag.py:3823} INFO - Setting next_dagrun for example_trigger_controller_dag to 2021-01-01 00:00:00+00:00, run_after=2021-01-01 00:00:00+00:00
[2025-05-31T20:00:01.919-0300] {processor.py:183} INFO - Processing /home/walterg/Documentos/Data_projects/Data-Warehouse-postgres-DBT-airflow-/.venv/lib/python3.11/site-packages/airflow/example_dags/example_trigger_controller_dag.py took 0.050 seconds
