[2025-05-31T19:30:14.447-0300] {processor.py:161} INFO - Started process (PID=9764) to work on /home/walterg/Documentos/Data_projects/Data-Warehouse-postgres-DBT-airflow-/.venv/lib/python3.11/site-packages/airflow/example_dags/example_sla_dag.py
[2025-05-31T19:30:14.448-0300] {processor.py:830} INFO - Processing file /home/walterg/Documentos/Data_projects/Data-Warehouse-postgres-DBT-airflow-/.venv/lib/python3.11/site-packages/airflow/example_dags/example_sla_dag.py for tasks to queue
[2025-05-31T19:30:14.449-0300] {logging_mixin.py:188} INFO - [2025-05-31T19:30:14.449-0300] {dagbag.py:538} INFO - Filling up the DagBag from /home/walterg/Documentos/Data_projects/Data-Warehouse-postgres-DBT-airflow-/.venv/lib/python3.11/site-packages/airflow/example_dags/example_sla_dag.py
[2025-05-31T19:30:14.456-0300] {processor.py:840} INFO - DAG(s) 'example_sla_dag' retrieved from /home/walterg/Documentos/Data_projects/Data-Warehouse-postgres-DBT-airflow-/.venv/lib/python3.11/site-packages/airflow/example_dags/example_sla_dag.py
[2025-05-31T19:30:14.559-0300] {logging_mixin.py:188} INFO - [2025-05-31T19:30:14.558-0300] {override.py:1769} INFO - Created Permission View: can edit on DAG:example_sla_dag
[2025-05-31T19:30:14.569-0300] {logging_mixin.py:188} INFO - [2025-05-31T19:30:14.569-0300] {override.py:1769} INFO - Created Permission View: can read on DAG:example_sla_dag
[2025-05-31T19:30:14.577-0300] {logging_mixin.py:188} INFO - [2025-05-31T19:30:14.577-0300] {override.py:1769} INFO - Created Permission View: can delete on DAG:example_sla_dag
[2025-05-31T19:30:14.578-0300] {logging_mixin.py:188} INFO - [2025-05-31T19:30:14.578-0300] {dag.py:3036} INFO - Sync 1 DAGs
[2025-05-31T19:30:14.585-0300] {logging_mixin.py:188} INFO - [2025-05-31T19:30:14.584-0300] {dag.py:3058} INFO - Creating ORM DAG for example_sla_dag
[2025-05-31T19:30:14.592-0300] {logging_mixin.py:188} INFO - [2025-05-31T19:30:14.592-0300] {dag.py:3823} INFO - Setting next_dagrun for example_sla_dag to 2025-05-31 22:28:00+00:00, run_after=2025-05-31 22:30:00+00:00
[2025-05-31T19:30:14.607-0300] {processor.py:183} INFO - Processing /home/walterg/Documentos/Data_projects/Data-Warehouse-postgres-DBT-airflow-/.venv/lib/python3.11/site-packages/airflow/example_dags/example_sla_dag.py took 0.163 seconds
[2025-05-31T19:31:02.463-0300] {processor.py:161} INFO - Started process (PID=9932) to work on /home/walterg/Documentos/Data_projects/Data-Warehouse-postgres-DBT-airflow-/.venv/lib/python3.11/site-packages/airflow/example_dags/example_sla_dag.py
[2025-05-31T19:31:02.468-0300] {processor.py:830} INFO - Processing file /home/walterg/Documentos/Data_projects/Data-Warehouse-postgres-DBT-airflow-/.venv/lib/python3.11/site-packages/airflow/example_dags/example_sla_dag.py for tasks to queue
[2025-05-31T19:31:02.469-0300] {logging_mixin.py:188} INFO - [2025-05-31T19:31:02.468-0300] {dagbag.py:538} INFO - Filling up the DagBag from /home/walterg/Documentos/Data_projects/Data-Warehouse-postgres-DBT-airflow-/.venv/lib/python3.11/site-packages/airflow/example_dags/example_sla_dag.py
[2025-05-31T19:31:02.477-0300] {processor.py:840} INFO - DAG(s) 'example_sla_dag' retrieved from /home/walterg/Documentos/Data_projects/Data-Warehouse-postgres-DBT-airflow-/.venv/lib/python3.11/site-packages/airflow/example_dags/example_sla_dag.py
[2025-05-31T19:31:02.496-0300] {logging_mixin.py:188} INFO - [2025-05-31T19:31:02.496-0300] {dag.py:3036} INFO - Sync 1 DAGs
[2025-05-31T19:31:02.529-0300] {logging_mixin.py:188} INFO - [2025-05-31T19:31:02.529-0300] {dag.py:3823} INFO - Setting next_dagrun for example_sla_dag to 2025-05-31 22:28:00+00:00, run_after=2025-05-31 22:30:00+00:00
[2025-05-31T19:31:02.554-0300] {processor.py:183} INFO - Processing /home/walterg/Documentos/Data_projects/Data-Warehouse-postgres-DBT-airflow-/.venv/lib/python3.11/site-packages/airflow/example_dags/example_sla_dag.py took 0.094 seconds
[2025-05-31T19:41:17.729-0300] {processor.py:161} INFO - Started process (PID=12294) to work on /home/walterg/Documentos/Data_projects/Data-Warehouse-postgres-DBT-airflow-/.venv/lib/python3.11/site-packages/airflow/example_dags/example_sla_dag.py
[2025-05-31T19:41:17.734-0300] {processor.py:830} INFO - Processing file /home/walterg/Documentos/Data_projects/Data-Warehouse-postgres-DBT-airflow-/.venv/lib/python3.11/site-packages/airflow/example_dags/example_sla_dag.py for tasks to queue
[2025-05-31T19:41:17.736-0300] {logging_mixin.py:188} INFO - [2025-05-31T19:41:17.735-0300] {dagbag.py:538} INFO - Filling up the DagBag from /home/walterg/Documentos/Data_projects/Data-Warehouse-postgres-DBT-airflow-/.venv/lib/python3.11/site-packages/airflow/example_dags/example_sla_dag.py
[2025-05-31T19:41:17.743-0300] {processor.py:840} INFO - DAG(s) 'example_sla_dag' retrieved from /home/walterg/Documentos/Data_projects/Data-Warehouse-postgres-DBT-airflow-/.venv/lib/python3.11/site-packages/airflow/example_dags/example_sla_dag.py
[2025-05-31T19:41:17.810-0300] {logging_mixin.py:188} INFO - [2025-05-31T19:41:17.810-0300] {dag.py:3036} INFO - Sync 1 DAGs
[2025-05-31T19:41:17.823-0300] {logging_mixin.py:188} INFO - [2025-05-31T19:41:17.823-0300] {dag.py:3823} INFO - Setting next_dagrun for example_sla_dag to 2025-05-31 22:38:00+00:00, run_after=2025-05-31 22:40:00+00:00
[2025-05-31T19:41:17.838-0300] {processor.py:183} INFO - Processing /home/walterg/Documentos/Data_projects/Data-Warehouse-postgres-DBT-airflow-/.venv/lib/python3.11/site-packages/airflow/example_dags/example_sla_dag.py took 0.112 seconds
[2025-05-31T19:42:13.960-0300] {processor.py:161} INFO - Started process (PID=12618) to work on /home/walterg/Documentos/Data_projects/Data-Warehouse-postgres-DBT-airflow-/.venv/lib/python3.11/site-packages/airflow/example_dags/example_sla_dag.py
[2025-05-31T19:42:13.962-0300] {processor.py:830} INFO - Processing file /home/walterg/Documentos/Data_projects/Data-Warehouse-postgres-DBT-airflow-/.venv/lib/python3.11/site-packages/airflow/example_dags/example_sla_dag.py for tasks to queue
[2025-05-31T19:42:13.962-0300] {logging_mixin.py:188} INFO - [2025-05-31T19:42:13.962-0300] {dagbag.py:538} INFO - Filling up the DagBag from /home/walterg/Documentos/Data_projects/Data-Warehouse-postgres-DBT-airflow-/.venv/lib/python3.11/site-packages/airflow/example_dags/example_sla_dag.py
[2025-05-31T19:42:13.970-0300] {processor.py:840} INFO - DAG(s) 'example_sla_dag' retrieved from /home/walterg/Documentos/Data_projects/Data-Warehouse-postgres-DBT-airflow-/.venv/lib/python3.11/site-packages/airflow/example_dags/example_sla_dag.py
[2025-05-31T19:42:13.991-0300] {logging_mixin.py:188} INFO - [2025-05-31T19:42:13.991-0300] {dag.py:3036} INFO - Sync 1 DAGs
[2025-05-31T19:42:14.089-0300] {logging_mixin.py:188} INFO - [2025-05-31T19:42:14.089-0300] {dag.py:3823} INFO - Setting next_dagrun for example_sla_dag to 2025-05-31 22:40:00+00:00, run_after=2025-05-31 22:42:00+00:00
[2025-05-31T19:42:14.108-0300] {processor.py:183} INFO - Processing /home/walterg/Documentos/Data_projects/Data-Warehouse-postgres-DBT-airflow-/.venv/lib/python3.11/site-packages/airflow/example_dags/example_sla_dag.py took 0.152 seconds
[2025-05-31T19:43:06.235-0300] {processor.py:161} INFO - Started process (PID=12948) to work on /home/walterg/Documentos/Data_projects/Data-Warehouse-postgres-DBT-airflow-/.venv/lib/python3.11/site-packages/airflow/example_dags/example_sla_dag.py
[2025-05-31T19:43:06.240-0300] {processor.py:830} INFO - Processing file /home/walterg/Documentos/Data_projects/Data-Warehouse-postgres-DBT-airflow-/.venv/lib/python3.11/site-packages/airflow/example_dags/example_sla_dag.py for tasks to queue
[2025-05-31T19:43:06.241-0300] {logging_mixin.py:188} INFO - [2025-05-31T19:43:06.240-0300] {dagbag.py:538} INFO - Filling up the DagBag from /home/walterg/Documentos/Data_projects/Data-Warehouse-postgres-DBT-airflow-/.venv/lib/python3.11/site-packages/airflow/example_dags/example_sla_dag.py
[2025-05-31T19:43:06.249-0300] {processor.py:840} INFO - DAG(s) 'example_sla_dag' retrieved from /home/walterg/Documentos/Data_projects/Data-Warehouse-postgres-DBT-airflow-/.venv/lib/python3.11/site-packages/airflow/example_dags/example_sla_dag.py
[2025-05-31T19:43:06.262-0300] {logging_mixin.py:188} INFO - [2025-05-31T19:43:06.261-0300] {dag.py:3036} INFO - Sync 1 DAGs
[2025-05-31T19:43:06.278-0300] {logging_mixin.py:188} INFO - [2025-05-31T19:43:06.278-0300] {dag.py:3823} INFO - Setting next_dagrun for example_sla_dag to 2025-05-31 22:40:00+00:00, run_after=2025-05-31 22:42:00+00:00
[2025-05-31T19:43:06.295-0300] {processor.py:183} INFO - Processing /home/walterg/Documentos/Data_projects/Data-Warehouse-postgres-DBT-airflow-/.venv/lib/python3.11/site-packages/airflow/example_dags/example_sla_dag.py took 0.063 seconds
[2025-05-31T19:43:49.664-0300] {processor.py:161} INFO - Started process (PID=13308) to work on /home/walterg/Documentos/Data_projects/Data-Warehouse-postgres-DBT-airflow-/.venv/lib/python3.11/site-packages/airflow/example_dags/example_sla_dag.py
[2025-05-31T19:43:49.665-0300] {processor.py:830} INFO - Processing file /home/walterg/Documentos/Data_projects/Data-Warehouse-postgres-DBT-airflow-/.venv/lib/python3.11/site-packages/airflow/example_dags/example_sla_dag.py for tasks to queue
[2025-05-31T19:43:49.666-0300] {logging_mixin.py:188} INFO - [2025-05-31T19:43:49.666-0300] {dagbag.py:538} INFO - Filling up the DagBag from /home/walterg/Documentos/Data_projects/Data-Warehouse-postgres-DBT-airflow-/.venv/lib/python3.11/site-packages/airflow/example_dags/example_sla_dag.py
[2025-05-31T19:43:49.673-0300] {processor.py:840} INFO - DAG(s) 'example_sla_dag' retrieved from /home/walterg/Documentos/Data_projects/Data-Warehouse-postgres-DBT-airflow-/.venv/lib/python3.11/site-packages/airflow/example_dags/example_sla_dag.py
[2025-05-31T19:43:49.685-0300] {logging_mixin.py:188} INFO - [2025-05-31T19:43:49.685-0300] {dag.py:3036} INFO - Sync 1 DAGs
[2025-05-31T19:43:49.700-0300] {logging_mixin.py:188} INFO - [2025-05-31T19:43:49.700-0300] {dag.py:3823} INFO - Setting next_dagrun for example_sla_dag to 2025-05-31 22:40:00+00:00, run_after=2025-05-31 22:42:00+00:00
[2025-05-31T19:43:49.716-0300] {processor.py:183} INFO - Processing /home/walterg/Documentos/Data_projects/Data-Warehouse-postgres-DBT-airflow-/.venv/lib/python3.11/site-packages/airflow/example_dags/example_sla_dag.py took 0.054 seconds
[2025-05-31T19:44:35.507-0300] {processor.py:161} INFO - Started process (PID=13586) to work on /home/walterg/Documentos/Data_projects/Data-Warehouse-postgres-DBT-airflow-/.venv/lib/python3.11/site-packages/airflow/example_dags/example_sla_dag.py
[2025-05-31T19:44:35.512-0300] {processor.py:830} INFO - Processing file /home/walterg/Documentos/Data_projects/Data-Warehouse-postgres-DBT-airflow-/.venv/lib/python3.11/site-packages/airflow/example_dags/example_sla_dag.py for tasks to queue
[2025-05-31T19:44:35.514-0300] {logging_mixin.py:188} INFO - [2025-05-31T19:44:35.513-0300] {dagbag.py:538} INFO - Filling up the DagBag from /home/walterg/Documentos/Data_projects/Data-Warehouse-postgres-DBT-airflow-/.venv/lib/python3.11/site-packages/airflow/example_dags/example_sla_dag.py
[2025-05-31T19:44:35.521-0300] {processor.py:840} INFO - DAG(s) 'example_sla_dag' retrieved from /home/walterg/Documentos/Data_projects/Data-Warehouse-postgres-DBT-airflow-/.venv/lib/python3.11/site-packages/airflow/example_dags/example_sla_dag.py
[2025-05-31T19:44:35.533-0300] {logging_mixin.py:188} INFO - [2025-05-31T19:44:35.533-0300] {dag.py:3036} INFO - Sync 1 DAGs
[2025-05-31T19:44:35.548-0300] {logging_mixin.py:188} INFO - [2025-05-31T19:44:35.547-0300] {dag.py:3823} INFO - Setting next_dagrun for example_sla_dag to 2025-05-31 22:42:00+00:00, run_after=2025-05-31 22:44:00+00:00
[2025-05-31T19:44:35.564-0300] {processor.py:183} INFO - Processing /home/walterg/Documentos/Data_projects/Data-Warehouse-postgres-DBT-airflow-/.venv/lib/python3.11/site-packages/airflow/example_dags/example_sla_dag.py took 0.059 seconds
[2025-05-31T19:45:25.429-0300] {processor.py:161} INFO - Started process (PID=13828) to work on /home/walterg/Documentos/Data_projects/Data-Warehouse-postgres-DBT-airflow-/.venv/lib/python3.11/site-packages/airflow/example_dags/example_sla_dag.py
[2025-05-31T19:45:25.430-0300] {processor.py:830} INFO - Processing file /home/walterg/Documentos/Data_projects/Data-Warehouse-postgres-DBT-airflow-/.venv/lib/python3.11/site-packages/airflow/example_dags/example_sla_dag.py for tasks to queue
[2025-05-31T19:45:25.431-0300] {logging_mixin.py:188} INFO - [2025-05-31T19:45:25.430-0300] {dagbag.py:538} INFO - Filling up the DagBag from /home/walterg/Documentos/Data_projects/Data-Warehouse-postgres-DBT-airflow-/.venv/lib/python3.11/site-packages/airflow/example_dags/example_sla_dag.py
[2025-05-31T19:45:25.438-0300] {processor.py:840} INFO - DAG(s) 'example_sla_dag' retrieved from /home/walterg/Documentos/Data_projects/Data-Warehouse-postgres-DBT-airflow-/.venv/lib/python3.11/site-packages/airflow/example_dags/example_sla_dag.py
[2025-05-31T19:45:25.450-0300] {logging_mixin.py:188} INFO - [2025-05-31T19:45:25.450-0300] {dag.py:3036} INFO - Sync 1 DAGs
[2025-05-31T19:45:25.465-0300] {logging_mixin.py:188} INFO - [2025-05-31T19:45:25.465-0300] {dag.py:3823} INFO - Setting next_dagrun for example_sla_dag to 2025-05-31 22:42:00+00:00, run_after=2025-05-31 22:44:00+00:00
[2025-05-31T19:45:25.482-0300] {processor.py:183} INFO - Processing /home/walterg/Documentos/Data_projects/Data-Warehouse-postgres-DBT-airflow-/.venv/lib/python3.11/site-packages/airflow/example_dags/example_sla_dag.py took 0.056 seconds
[2025-05-31T19:46:21.423-0300] {processor.py:161} INFO - Started process (PID=14088) to work on /home/walterg/Documentos/Data_projects/Data-Warehouse-postgres-DBT-airflow-/.venv/lib/python3.11/site-packages/airflow/example_dags/example_sla_dag.py
[2025-05-31T19:46:21.424-0300] {processor.py:830} INFO - Processing file /home/walterg/Documentos/Data_projects/Data-Warehouse-postgres-DBT-airflow-/.venv/lib/python3.11/site-packages/airflow/example_dags/example_sla_dag.py for tasks to queue
[2025-05-31T19:46:21.425-0300] {logging_mixin.py:188} INFO - [2025-05-31T19:46:21.425-0300] {dagbag.py:538} INFO - Filling up the DagBag from /home/walterg/Documentos/Data_projects/Data-Warehouse-postgres-DBT-airflow-/.venv/lib/python3.11/site-packages/airflow/example_dags/example_sla_dag.py
[2025-05-31T19:46:21.435-0300] {processor.py:840} INFO - DAG(s) 'example_sla_dag' retrieved from /home/walterg/Documentos/Data_projects/Data-Warehouse-postgres-DBT-airflow-/.venv/lib/python3.11/site-packages/airflow/example_dags/example_sla_dag.py
[2025-05-31T19:46:21.452-0300] {logging_mixin.py:188} INFO - [2025-05-31T19:46:21.452-0300] {dag.py:3036} INFO - Sync 1 DAGs
[2025-05-31T19:46:21.468-0300] {logging_mixin.py:188} INFO - [2025-05-31T19:46:21.468-0300] {dag.py:3823} INFO - Setting next_dagrun for example_sla_dag to 2025-05-31 22:44:00+00:00, run_after=2025-05-31 22:46:00+00:00
[2025-05-31T19:46:21.484-0300] {processor.py:183} INFO - Processing /home/walterg/Documentos/Data_projects/Data-Warehouse-postgres-DBT-airflow-/.venv/lib/python3.11/site-packages/airflow/example_dags/example_sla_dag.py took 0.064 seconds
[2025-05-31T19:47:17.438-0300] {processor.py:161} INFO - Started process (PID=14292) to work on /home/walterg/Documentos/Data_projects/Data-Warehouse-postgres-DBT-airflow-/.venv/lib/python3.11/site-packages/airflow/example_dags/example_sla_dag.py
[2025-05-31T19:47:17.444-0300] {processor.py:830} INFO - Processing file /home/walterg/Documentos/Data_projects/Data-Warehouse-postgres-DBT-airflow-/.venv/lib/python3.11/site-packages/airflow/example_dags/example_sla_dag.py for tasks to queue
[2025-05-31T19:47:17.445-0300] {logging_mixin.py:188} INFO - [2025-05-31T19:47:17.444-0300] {dagbag.py:538} INFO - Filling up the DagBag from /home/walterg/Documentos/Data_projects/Data-Warehouse-postgres-DBT-airflow-/.venv/lib/python3.11/site-packages/airflow/example_dags/example_sla_dag.py
[2025-05-31T19:47:17.451-0300] {processor.py:840} INFO - DAG(s) 'example_sla_dag' retrieved from /home/walterg/Documentos/Data_projects/Data-Warehouse-postgres-DBT-airflow-/.venv/lib/python3.11/site-packages/airflow/example_dags/example_sla_dag.py
[2025-05-31T19:47:17.465-0300] {logging_mixin.py:188} INFO - [2025-05-31T19:47:17.465-0300] {dag.py:3036} INFO - Sync 1 DAGs
[2025-05-31T19:47:17.482-0300] {logging_mixin.py:188} INFO - [2025-05-31T19:47:17.482-0300] {dag.py:3823} INFO - Setting next_dagrun for example_sla_dag to 2025-05-31 22:44:00+00:00, run_after=2025-05-31 22:46:00+00:00
[2025-05-31T19:47:17.499-0300] {processor.py:183} INFO - Processing /home/walterg/Documentos/Data_projects/Data-Warehouse-postgres-DBT-airflow-/.venv/lib/python3.11/site-packages/airflow/example_dags/example_sla_dag.py took 0.063 seconds
[2025-05-31T19:48:00.127-0300] {processor.py:161} INFO - Started process (PID=14420) to work on /home/walterg/Documentos/Data_projects/Data-Warehouse-postgres-DBT-airflow-/.venv/lib/python3.11/site-packages/airflow/example_dags/example_sla_dag.py
[2025-05-31T19:48:00.132-0300] {processor.py:830} INFO - Processing file /home/walterg/Documentos/Data_projects/Data-Warehouse-postgres-DBT-airflow-/.venv/lib/python3.11/site-packages/airflow/example_dags/example_sla_dag.py for tasks to queue
[2025-05-31T19:48:00.134-0300] {logging_mixin.py:188} INFO - [2025-05-31T19:48:00.133-0300] {dagbag.py:538} INFO - Filling up the DagBag from /home/walterg/Documentos/Data_projects/Data-Warehouse-postgres-DBT-airflow-/.venv/lib/python3.11/site-packages/airflow/example_dags/example_sla_dag.py
[2025-05-31T19:48:00.140-0300] {processor.py:840} INFO - DAG(s) 'example_sla_dag' retrieved from /home/walterg/Documentos/Data_projects/Data-Warehouse-postgres-DBT-airflow-/.venv/lib/python3.11/site-packages/airflow/example_dags/example_sla_dag.py
[2025-05-31T19:48:00.153-0300] {logging_mixin.py:188} INFO - [2025-05-31T19:48:00.152-0300] {dag.py:3036} INFO - Sync 1 DAGs
[2025-05-31T19:48:00.167-0300] {logging_mixin.py:188} INFO - [2025-05-31T19:48:00.166-0300] {dag.py:3823} INFO - Setting next_dagrun for example_sla_dag to 2025-05-31 22:46:00+00:00, run_after=2025-05-31 22:48:00+00:00
[2025-05-31T19:48:00.184-0300] {processor.py:183} INFO - Processing /home/walterg/Documentos/Data_projects/Data-Warehouse-postgres-DBT-airflow-/.venv/lib/python3.11/site-packages/airflow/example_dags/example_sla_dag.py took 0.059 seconds
[2025-05-31T19:48:49.925-0300] {processor.py:161} INFO - Started process (PID=14927) to work on /home/walterg/Documentos/Data_projects/Data-Warehouse-postgres-DBT-airflow-/.venv/lib/python3.11/site-packages/airflow/example_dags/example_sla_dag.py
[2025-05-31T19:48:49.930-0300] {processor.py:830} INFO - Processing file /home/walterg/Documentos/Data_projects/Data-Warehouse-postgres-DBT-airflow-/.venv/lib/python3.11/site-packages/airflow/example_dags/example_sla_dag.py for tasks to queue
[2025-05-31T19:48:49.932-0300] {logging_mixin.py:188} INFO - [2025-05-31T19:48:49.931-0300] {dagbag.py:538} INFO - Filling up the DagBag from /home/walterg/Documentos/Data_projects/Data-Warehouse-postgres-DBT-airflow-/.venv/lib/python3.11/site-packages/airflow/example_dags/example_sla_dag.py
[2025-05-31T19:48:49.939-0300] {processor.py:840} INFO - DAG(s) 'example_sla_dag' retrieved from /home/walterg/Documentos/Data_projects/Data-Warehouse-postgres-DBT-airflow-/.venv/lib/python3.11/site-packages/airflow/example_dags/example_sla_dag.py
[2025-05-31T19:48:49.951-0300] {logging_mixin.py:188} INFO - [2025-05-31T19:48:49.951-0300] {dag.py:3036} INFO - Sync 1 DAGs
[2025-05-31T19:48:49.966-0300] {logging_mixin.py:188} INFO - [2025-05-31T19:48:49.966-0300] {dag.py:3823} INFO - Setting next_dagrun for example_sla_dag to 2025-05-31 22:46:00+00:00, run_after=2025-05-31 22:48:00+00:00
[2025-05-31T19:48:49.985-0300] {processor.py:183} INFO - Processing /home/walterg/Documentos/Data_projects/Data-Warehouse-postgres-DBT-airflow-/.venv/lib/python3.11/site-packages/airflow/example_dags/example_sla_dag.py took 0.063 seconds
[2025-05-31T19:49:42.388-0300] {processor.py:161} INFO - Started process (PID=15241) to work on /home/walterg/Documentos/Data_projects/Data-Warehouse-postgres-DBT-airflow-/.venv/lib/python3.11/site-packages/airflow/example_dags/example_sla_dag.py
[2025-05-31T19:49:42.390-0300] {processor.py:830} INFO - Processing file /home/walterg/Documentos/Data_projects/Data-Warehouse-postgres-DBT-airflow-/.venv/lib/python3.11/site-packages/airflow/example_dags/example_sla_dag.py for tasks to queue
[2025-05-31T19:49:42.390-0300] {logging_mixin.py:188} INFO - [2025-05-31T19:49:42.390-0300] {dagbag.py:538} INFO - Filling up the DagBag from /home/walterg/Documentos/Data_projects/Data-Warehouse-postgres-DBT-airflow-/.venv/lib/python3.11/site-packages/airflow/example_dags/example_sla_dag.py
[2025-05-31T19:49:42.397-0300] {processor.py:840} INFO - DAG(s) 'example_sla_dag' retrieved from /home/walterg/Documentos/Data_projects/Data-Warehouse-postgres-DBT-airflow-/.venv/lib/python3.11/site-packages/airflow/example_dags/example_sla_dag.py
[2025-05-31T19:49:42.409-0300] {logging_mixin.py:188} INFO - [2025-05-31T19:49:42.409-0300] {dag.py:3036} INFO - Sync 1 DAGs
[2025-05-31T19:49:42.424-0300] {logging_mixin.py:188} INFO - [2025-05-31T19:49:42.424-0300] {dag.py:3823} INFO - Setting next_dagrun for example_sla_dag to 2025-05-31 22:46:00+00:00, run_after=2025-05-31 22:48:00+00:00
[2025-05-31T19:49:42.440-0300] {processor.py:183} INFO - Processing /home/walterg/Documentos/Data_projects/Data-Warehouse-postgres-DBT-airflow-/.venv/lib/python3.11/site-packages/airflow/example_dags/example_sla_dag.py took 0.054 seconds
[2025-05-31T19:50:28.529-0300] {processor.py:161} INFO - Started process (PID=15421) to work on /home/walterg/Documentos/Data_projects/Data-Warehouse-postgres-DBT-airflow-/.venv/lib/python3.11/site-packages/airflow/example_dags/example_sla_dag.py
[2025-05-31T19:50:28.534-0300] {processor.py:830} INFO - Processing file /home/walterg/Documentos/Data_projects/Data-Warehouse-postgres-DBT-airflow-/.venv/lib/python3.11/site-packages/airflow/example_dags/example_sla_dag.py for tasks to queue
[2025-05-31T19:50:28.535-0300] {logging_mixin.py:188} INFO - [2025-05-31T19:50:28.534-0300] {dagbag.py:538} INFO - Filling up the DagBag from /home/walterg/Documentos/Data_projects/Data-Warehouse-postgres-DBT-airflow-/.venv/lib/python3.11/site-packages/airflow/example_dags/example_sla_dag.py
[2025-05-31T19:50:28.543-0300] {processor.py:840} INFO - DAG(s) 'example_sla_dag' retrieved from /home/walterg/Documentos/Data_projects/Data-Warehouse-postgres-DBT-airflow-/.venv/lib/python3.11/site-packages/airflow/example_dags/example_sla_dag.py
[2025-05-31T19:50:28.555-0300] {logging_mixin.py:188} INFO - [2025-05-31T19:50:28.555-0300] {dag.py:3036} INFO - Sync 1 DAGs
[2025-05-31T19:50:28.570-0300] {logging_mixin.py:188} INFO - [2025-05-31T19:50:28.570-0300] {dag.py:3823} INFO - Setting next_dagrun for example_sla_dag to 2025-05-31 22:48:00+00:00, run_after=2025-05-31 22:50:00+00:00
[2025-05-31T19:50:28.586-0300] {processor.py:183} INFO - Processing /home/walterg/Documentos/Data_projects/Data-Warehouse-postgres-DBT-airflow-/.venv/lib/python3.11/site-packages/airflow/example_dags/example_sla_dag.py took 0.060 seconds
[2025-05-31T19:51:13.743-0300] {processor.py:161} INFO - Started process (PID=15668) to work on /home/walterg/Documentos/Data_projects/Data-Warehouse-postgres-DBT-airflow-/.venv/lib/python3.11/site-packages/airflow/example_dags/example_sla_dag.py
[2025-05-31T19:51:13.748-0300] {processor.py:830} INFO - Processing file /home/walterg/Documentos/Data_projects/Data-Warehouse-postgres-DBT-airflow-/.venv/lib/python3.11/site-packages/airflow/example_dags/example_sla_dag.py for tasks to queue
[2025-05-31T19:51:13.749-0300] {logging_mixin.py:188} INFO - [2025-05-31T19:51:13.749-0300] {dagbag.py:538} INFO - Filling up the DagBag from /home/walterg/Documentos/Data_projects/Data-Warehouse-postgres-DBT-airflow-/.venv/lib/python3.11/site-packages/airflow/example_dags/example_sla_dag.py
[2025-05-31T19:51:13.757-0300] {processor.py:840} INFO - DAG(s) 'example_sla_dag' retrieved from /home/walterg/Documentos/Data_projects/Data-Warehouse-postgres-DBT-airflow-/.venv/lib/python3.11/site-packages/airflow/example_dags/example_sla_dag.py
[2025-05-31T19:51:13.769-0300] {logging_mixin.py:188} INFO - [2025-05-31T19:51:13.769-0300] {dag.py:3036} INFO - Sync 1 DAGs
[2025-05-31T19:51:13.784-0300] {logging_mixin.py:188} INFO - [2025-05-31T19:51:13.784-0300] {dag.py:3823} INFO - Setting next_dagrun for example_sla_dag to 2025-05-31 22:48:00+00:00, run_after=2025-05-31 22:50:00+00:00
[2025-05-31T19:51:13.801-0300] {processor.py:183} INFO - Processing /home/walterg/Documentos/Data_projects/Data-Warehouse-postgres-DBT-airflow-/.venv/lib/python3.11/site-packages/airflow/example_dags/example_sla_dag.py took 0.061 seconds
[2025-05-31T19:52:15.775-0300] {processor.py:161} INFO - Started process (PID=15990) to work on /home/walterg/Documentos/Data_projects/Data-Warehouse-postgres-DBT-airflow-/.venv/lib/python3.11/site-packages/airflow/example_dags/example_sla_dag.py
[2025-05-31T19:52:15.780-0300] {processor.py:830} INFO - Processing file /home/walterg/Documentos/Data_projects/Data-Warehouse-postgres-DBT-airflow-/.venv/lib/python3.11/site-packages/airflow/example_dags/example_sla_dag.py for tasks to queue
[2025-05-31T19:52:15.781-0300] {logging_mixin.py:188} INFO - [2025-05-31T19:52:15.781-0300] {dagbag.py:538} INFO - Filling up the DagBag from /home/walterg/Documentos/Data_projects/Data-Warehouse-postgres-DBT-airflow-/.venv/lib/python3.11/site-packages/airflow/example_dags/example_sla_dag.py
[2025-05-31T19:52:15.788-0300] {processor.py:840} INFO - DAG(s) 'example_sla_dag' retrieved from /home/walterg/Documentos/Data_projects/Data-Warehouse-postgres-DBT-airflow-/.venv/lib/python3.11/site-packages/airflow/example_dags/example_sla_dag.py
[2025-05-31T19:52:15.800-0300] {logging_mixin.py:188} INFO - [2025-05-31T19:52:15.800-0300] {dag.py:3036} INFO - Sync 1 DAGs
[2025-05-31T19:52:15.815-0300] {logging_mixin.py:188} INFO - [2025-05-31T19:52:15.815-0300] {dag.py:3823} INFO - Setting next_dagrun for example_sla_dag to 2025-05-31 22:50:00+00:00, run_after=2025-05-31 22:52:00+00:00
[2025-05-31T19:52:15.832-0300] {processor.py:183} INFO - Processing /home/walterg/Documentos/Data_projects/Data-Warehouse-postgres-DBT-airflow-/.venv/lib/python3.11/site-packages/airflow/example_dags/example_sla_dag.py took 0.059 seconds
[2025-05-31T19:52:58.049-0300] {processor.py:161} INFO - Started process (PID=16099) to work on /home/walterg/Documentos/Data_projects/Data-Warehouse-postgres-DBT-airflow-/.venv/lib/python3.11/site-packages/airflow/example_dags/example_sla_dag.py
[2025-05-31T19:52:58.050-0300] {processor.py:830} INFO - Processing file /home/walterg/Documentos/Data_projects/Data-Warehouse-postgres-DBT-airflow-/.venv/lib/python3.11/site-packages/airflow/example_dags/example_sla_dag.py for tasks to queue
[2025-05-31T19:52:58.051-0300] {logging_mixin.py:188} INFO - [2025-05-31T19:52:58.051-0300] {dagbag.py:538} INFO - Filling up the DagBag from /home/walterg/Documentos/Data_projects/Data-Warehouse-postgres-DBT-airflow-/.venv/lib/python3.11/site-packages/airflow/example_dags/example_sla_dag.py
[2025-05-31T19:52:58.058-0300] {processor.py:840} INFO - DAG(s) 'example_sla_dag' retrieved from /home/walterg/Documentos/Data_projects/Data-Warehouse-postgres-DBT-airflow-/.venv/lib/python3.11/site-packages/airflow/example_dags/example_sla_dag.py
[2025-05-31T19:52:58.070-0300] {logging_mixin.py:188} INFO - [2025-05-31T19:52:58.070-0300] {dag.py:3036} INFO - Sync 1 DAGs
[2025-05-31T19:52:58.084-0300] {logging_mixin.py:188} INFO - [2025-05-31T19:52:58.084-0300] {dag.py:3823} INFO - Setting next_dagrun for example_sla_dag to 2025-05-31 22:50:00+00:00, run_after=2025-05-31 22:52:00+00:00
[2025-05-31T19:52:58.100-0300] {processor.py:183} INFO - Processing /home/walterg/Documentos/Data_projects/Data-Warehouse-postgres-DBT-airflow-/.venv/lib/python3.11/site-packages/airflow/example_dags/example_sla_dag.py took 0.053 seconds
[2025-05-31T19:53:45.147-0300] {processor.py:161} INFO - Started process (PID=16237) to work on /home/walterg/Documentos/Data_projects/Data-Warehouse-postgres-DBT-airflow-/.venv/lib/python3.11/site-packages/airflow/example_dags/example_sla_dag.py
[2025-05-31T19:53:45.152-0300] {processor.py:830} INFO - Processing file /home/walterg/Documentos/Data_projects/Data-Warehouse-postgres-DBT-airflow-/.venv/lib/python3.11/site-packages/airflow/example_dags/example_sla_dag.py for tasks to queue
[2025-05-31T19:53:45.154-0300] {logging_mixin.py:188} INFO - [2025-05-31T19:53:45.153-0300] {dagbag.py:538} INFO - Filling up the DagBag from /home/walterg/Documentos/Data_projects/Data-Warehouse-postgres-DBT-airflow-/.venv/lib/python3.11/site-packages/airflow/example_dags/example_sla_dag.py
[2025-05-31T19:53:45.160-0300] {processor.py:840} INFO - DAG(s) 'example_sla_dag' retrieved from /home/walterg/Documentos/Data_projects/Data-Warehouse-postgres-DBT-airflow-/.venv/lib/python3.11/site-packages/airflow/example_dags/example_sla_dag.py
[2025-05-31T19:53:45.172-0300] {logging_mixin.py:188} INFO - [2025-05-31T19:53:45.172-0300] {dag.py:3036} INFO - Sync 1 DAGs
[2025-05-31T19:53:45.186-0300] {logging_mixin.py:188} INFO - [2025-05-31T19:53:45.186-0300] {dag.py:3823} INFO - Setting next_dagrun for example_sla_dag to 2025-05-31 22:50:00+00:00, run_after=2025-05-31 22:52:00+00:00
[2025-05-31T19:53:45.203-0300] {processor.py:183} INFO - Processing /home/walterg/Documentos/Data_projects/Data-Warehouse-postgres-DBT-airflow-/.venv/lib/python3.11/site-packages/airflow/example_dags/example_sla_dag.py took 0.058 seconds
[2025-05-31T19:54:43.668-0300] {processor.py:161} INFO - Started process (PID=16407) to work on /home/walterg/Documentos/Data_projects/Data-Warehouse-postgres-DBT-airflow-/.venv/lib/python3.11/site-packages/airflow/example_dags/example_sla_dag.py
[2025-05-31T19:54:43.673-0300] {processor.py:830} INFO - Processing file /home/walterg/Documentos/Data_projects/Data-Warehouse-postgres-DBT-airflow-/.venv/lib/python3.11/site-packages/airflow/example_dags/example_sla_dag.py for tasks to queue
[2025-05-31T19:54:43.674-0300] {logging_mixin.py:188} INFO - [2025-05-31T19:54:43.673-0300] {dagbag.py:538} INFO - Filling up the DagBag from /home/walterg/Documentos/Data_projects/Data-Warehouse-postgres-DBT-airflow-/.venv/lib/python3.11/site-packages/airflow/example_dags/example_sla_dag.py
[2025-05-31T19:54:43.680-0300] {processor.py:840} INFO - DAG(s) 'example_sla_dag' retrieved from /home/walterg/Documentos/Data_projects/Data-Warehouse-postgres-DBT-airflow-/.venv/lib/python3.11/site-packages/airflow/example_dags/example_sla_dag.py
[2025-05-31T19:54:43.692-0300] {logging_mixin.py:188} INFO - [2025-05-31T19:54:43.692-0300] {dag.py:3036} INFO - Sync 1 DAGs
[2025-05-31T19:54:43.707-0300] {logging_mixin.py:188} INFO - [2025-05-31T19:54:43.707-0300] {dag.py:3823} INFO - Setting next_dagrun for example_sla_dag to 2025-05-31 22:52:00+00:00, run_after=2025-05-31 22:54:00+00:00
[2025-05-31T19:54:43.723-0300] {processor.py:183} INFO - Processing /home/walterg/Documentos/Data_projects/Data-Warehouse-postgres-DBT-airflow-/.venv/lib/python3.11/site-packages/airflow/example_dags/example_sla_dag.py took 0.057 seconds
[2025-05-31T19:55:24.596-0300] {processor.py:161} INFO - Started process (PID=16579) to work on /home/walterg/Documentos/Data_projects/Data-Warehouse-postgres-DBT-airflow-/.venv/lib/python3.11/site-packages/airflow/example_dags/example_sla_dag.py
[2025-05-31T19:55:24.601-0300] {processor.py:830} INFO - Processing file /home/walterg/Documentos/Data_projects/Data-Warehouse-postgres-DBT-airflow-/.venv/lib/python3.11/site-packages/airflow/example_dags/example_sla_dag.py for tasks to queue
[2025-05-31T19:55:24.601-0300] {logging_mixin.py:188} INFO - [2025-05-31T19:55:24.601-0300] {dagbag.py:538} INFO - Filling up the DagBag from /home/walterg/Documentos/Data_projects/Data-Warehouse-postgres-DBT-airflow-/.venv/lib/python3.11/site-packages/airflow/example_dags/example_sla_dag.py
[2025-05-31T19:55:24.609-0300] {processor.py:840} INFO - DAG(s) 'example_sla_dag' retrieved from /home/walterg/Documentos/Data_projects/Data-Warehouse-postgres-DBT-airflow-/.venv/lib/python3.11/site-packages/airflow/example_dags/example_sla_dag.py
[2025-05-31T19:55:24.621-0300] {logging_mixin.py:188} INFO - [2025-05-31T19:55:24.621-0300] {dag.py:3036} INFO - Sync 1 DAGs
[2025-05-31T19:55:24.637-0300] {logging_mixin.py:188} INFO - [2025-05-31T19:55:24.636-0300] {dag.py:3823} INFO - Setting next_dagrun for example_sla_dag to 2025-05-31 22:52:00+00:00, run_after=2025-05-31 22:54:00+00:00
[2025-05-31T19:55:24.655-0300] {processor.py:183} INFO - Processing /home/walterg/Documentos/Data_projects/Data-Warehouse-postgres-DBT-airflow-/.venv/lib/python3.11/site-packages/airflow/example_dags/example_sla_dag.py took 0.062 seconds
[2025-05-31T19:56:21.161-0300] {processor.py:161} INFO - Started process (PID=16848) to work on /home/walterg/Documentos/Data_projects/Data-Warehouse-postgres-DBT-airflow-/.venv/lib/python3.11/site-packages/airflow/example_dags/example_sla_dag.py
[2025-05-31T19:56:21.166-0300] {processor.py:830} INFO - Processing file /home/walterg/Documentos/Data_projects/Data-Warehouse-postgres-DBT-airflow-/.venv/lib/python3.11/site-packages/airflow/example_dags/example_sla_dag.py for tasks to queue
[2025-05-31T19:56:21.167-0300] {logging_mixin.py:188} INFO - [2025-05-31T19:56:21.167-0300] {dagbag.py:538} INFO - Filling up the DagBag from /home/walterg/Documentos/Data_projects/Data-Warehouse-postgres-DBT-airflow-/.venv/lib/python3.11/site-packages/airflow/example_dags/example_sla_dag.py
[2025-05-31T19:56:21.174-0300] {processor.py:840} INFO - DAG(s) 'example_sla_dag' retrieved from /home/walterg/Documentos/Data_projects/Data-Warehouse-postgres-DBT-airflow-/.venv/lib/python3.11/site-packages/airflow/example_dags/example_sla_dag.py
[2025-05-31T19:56:21.186-0300] {logging_mixin.py:188} INFO - [2025-05-31T19:56:21.186-0300] {dag.py:3036} INFO - Sync 1 DAGs
[2025-05-31T19:56:21.201-0300] {logging_mixin.py:188} INFO - [2025-05-31T19:56:21.201-0300] {dag.py:3823} INFO - Setting next_dagrun for example_sla_dag to 2025-05-31 22:54:00+00:00, run_after=2025-05-31 22:56:00+00:00
[2025-05-31T19:56:21.217-0300] {processor.py:183} INFO - Processing /home/walterg/Documentos/Data_projects/Data-Warehouse-postgres-DBT-airflow-/.venv/lib/python3.11/site-packages/airflow/example_dags/example_sla_dag.py took 0.058 seconds
[2025-05-31T19:57:22.207-0300] {processor.py:161} INFO - Started process (PID=17031) to work on /home/walterg/Documentos/Data_projects/Data-Warehouse-postgres-DBT-airflow-/.venv/lib/python3.11/site-packages/airflow/example_dags/example_sla_dag.py
[2025-05-31T19:57:22.208-0300] {processor.py:830} INFO - Processing file /home/walterg/Documentos/Data_projects/Data-Warehouse-postgres-DBT-airflow-/.venv/lib/python3.11/site-packages/airflow/example_dags/example_sla_dag.py for tasks to queue
[2025-05-31T19:57:22.208-0300] {logging_mixin.py:188} INFO - [2025-05-31T19:57:22.208-0300] {dagbag.py:538} INFO - Filling up the DagBag from /home/walterg/Documentos/Data_projects/Data-Warehouse-postgres-DBT-airflow-/.venv/lib/python3.11/site-packages/airflow/example_dags/example_sla_dag.py
[2025-05-31T19:57:22.215-0300] {processor.py:840} INFO - DAG(s) 'example_sla_dag' retrieved from /home/walterg/Documentos/Data_projects/Data-Warehouse-postgres-DBT-airflow-/.venv/lib/python3.11/site-packages/airflow/example_dags/example_sla_dag.py
[2025-05-31T19:57:22.228-0300] {logging_mixin.py:188} INFO - [2025-05-31T19:57:22.227-0300] {dag.py:3036} INFO - Sync 1 DAGs
[2025-05-31T19:57:22.242-0300] {logging_mixin.py:188} INFO - [2025-05-31T19:57:22.242-0300] {dag.py:3823} INFO - Setting next_dagrun for example_sla_dag to 2025-05-31 22:54:00+00:00, run_after=2025-05-31 22:56:00+00:00
[2025-05-31T19:57:22.259-0300] {processor.py:183} INFO - Processing /home/walterg/Documentos/Data_projects/Data-Warehouse-postgres-DBT-airflow-/.venv/lib/python3.11/site-packages/airflow/example_dags/example_sla_dag.py took 0.054 seconds
[2025-05-31T19:58:09.021-0300] {processor.py:161} INFO - Started process (PID=17194) to work on /home/walterg/Documentos/Data_projects/Data-Warehouse-postgres-DBT-airflow-/.venv/lib/python3.11/site-packages/airflow/example_dags/example_sla_dag.py
[2025-05-31T19:58:09.026-0300] {processor.py:830} INFO - Processing file /home/walterg/Documentos/Data_projects/Data-Warehouse-postgres-DBT-airflow-/.venv/lib/python3.11/site-packages/airflow/example_dags/example_sla_dag.py for tasks to queue
[2025-05-31T19:58:09.027-0300] {logging_mixin.py:188} INFO - [2025-05-31T19:58:09.027-0300] {dagbag.py:538} INFO - Filling up the DagBag from /home/walterg/Documentos/Data_projects/Data-Warehouse-postgres-DBT-airflow-/.venv/lib/python3.11/site-packages/airflow/example_dags/example_sla_dag.py
[2025-05-31T19:58:09.034-0300] {processor.py:840} INFO - DAG(s) 'example_sla_dag' retrieved from /home/walterg/Documentos/Data_projects/Data-Warehouse-postgres-DBT-airflow-/.venv/lib/python3.11/site-packages/airflow/example_dags/example_sla_dag.py
[2025-05-31T19:58:09.049-0300] {logging_mixin.py:188} INFO - [2025-05-31T19:58:09.048-0300] {dag.py:3036} INFO - Sync 1 DAGs
[2025-05-31T19:58:09.069-0300] {logging_mixin.py:188} INFO - [2025-05-31T19:58:09.069-0300] {dag.py:3823} INFO - Setting next_dagrun for example_sla_dag to 2025-05-31 22:56:00+00:00, run_after=2025-05-31 22:58:00+00:00
[2025-05-31T19:58:09.086-0300] {processor.py:183} INFO - Processing /home/walterg/Documentos/Data_projects/Data-Warehouse-postgres-DBT-airflow-/.venv/lib/python3.11/site-packages/airflow/example_dags/example_sla_dag.py took 0.068 seconds
[2025-05-31T19:59:12.291-0300] {processor.py:161} INFO - Started process (PID=17480) to work on /home/walterg/Documentos/Data_projects/Data-Warehouse-postgres-DBT-airflow-/.venv/lib/python3.11/site-packages/airflow/example_dags/example_sla_dag.py
[2025-05-31T19:59:12.296-0300] {processor.py:830} INFO - Processing file /home/walterg/Documentos/Data_projects/Data-Warehouse-postgres-DBT-airflow-/.venv/lib/python3.11/site-packages/airflow/example_dags/example_sla_dag.py for tasks to queue
[2025-05-31T19:59:12.297-0300] {logging_mixin.py:188} INFO - [2025-05-31T19:59:12.297-0300] {dagbag.py:538} INFO - Filling up the DagBag from /home/walterg/Documentos/Data_projects/Data-Warehouse-postgres-DBT-airflow-/.venv/lib/python3.11/site-packages/airflow/example_dags/example_sla_dag.py
[2025-05-31T19:59:12.304-0300] {processor.py:840} INFO - DAG(s) 'example_sla_dag' retrieved from /home/walterg/Documentos/Data_projects/Data-Warehouse-postgres-DBT-airflow-/.venv/lib/python3.11/site-packages/airflow/example_dags/example_sla_dag.py
[2025-05-31T19:59:12.318-0300] {logging_mixin.py:188} INFO - [2025-05-31T19:59:12.318-0300] {dag.py:3036} INFO - Sync 1 DAGs
[2025-05-31T19:59:12.334-0300] {logging_mixin.py:188} INFO - [2025-05-31T19:59:12.334-0300] {dag.py:3823} INFO - Setting next_dagrun for example_sla_dag to 2025-05-31 22:56:00+00:00, run_after=2025-05-31 22:58:00+00:00
[2025-05-31T19:59:12.351-0300] {processor.py:183} INFO - Processing /home/walterg/Documentos/Data_projects/Data-Warehouse-postgres-DBT-airflow-/.venv/lib/python3.11/site-packages/airflow/example_dags/example_sla_dag.py took 0.062 seconds
[2025-05-31T20:00:12.038-0300] {processor.py:161} INFO - Started process (PID=17779) to work on /home/walterg/Documentos/Data_projects/Data-Warehouse-postgres-DBT-airflow-/.venv/lib/python3.11/site-packages/airflow/example_dags/example_sla_dag.py
[2025-05-31T20:00:12.043-0300] {processor.py:830} INFO - Processing file /home/walterg/Documentos/Data_projects/Data-Warehouse-postgres-DBT-airflow-/.venv/lib/python3.11/site-packages/airflow/example_dags/example_sla_dag.py for tasks to queue
[2025-05-31T20:00:12.045-0300] {logging_mixin.py:188} INFO - [2025-05-31T20:00:12.044-0300] {dagbag.py:538} INFO - Filling up the DagBag from /home/walterg/Documentos/Data_projects/Data-Warehouse-postgres-DBT-airflow-/.venv/lib/python3.11/site-packages/airflow/example_dags/example_sla_dag.py
[2025-05-31T20:00:12.052-0300] {processor.py:840} INFO - DAG(s) 'example_sla_dag' retrieved from /home/walterg/Documentos/Data_projects/Data-Warehouse-postgres-DBT-airflow-/.venv/lib/python3.11/site-packages/airflow/example_dags/example_sla_dag.py
[2025-05-31T20:00:12.064-0300] {logging_mixin.py:188} INFO - [2025-05-31T20:00:12.063-0300] {dag.py:3036} INFO - Sync 1 DAGs
[2025-05-31T20:00:12.079-0300] {logging_mixin.py:188} INFO - [2025-05-31T20:00:12.078-0300] {dag.py:3823} INFO - Setting next_dagrun for example_sla_dag to 2025-05-31 22:58:00+00:00, run_after=2025-05-31 23:00:00+00:00
[2025-05-31T20:00:12.095-0300] {processor.py:183} INFO - Processing /home/walterg/Documentos/Data_projects/Data-Warehouse-postgres-DBT-airflow-/.venv/lib/python3.11/site-packages/airflow/example_dags/example_sla_dag.py took 0.059 seconds
