[2025-05-31T19:30:21.666-0300] {processor.py:161} INFO - Started process (PID=9803) to work on /home/walterg/Documentos/Data_projects/Data-Warehouse-postgres-DBT-airflow-/.venv/lib/python3.11/site-packages/airflow/example_dags/example_python_operator.py
[2025-05-31T19:30:21.666-0300] {processor.py:830} INFO - Processing file /home/walterg/Documentos/Data_projects/Data-Warehouse-postgres-DBT-airflow-/.venv/lib/python3.11/site-packages/airflow/example_dags/example_python_operator.py for tasks to queue
[2025-05-31T19:30:21.667-0300] {logging_mixin.py:188} INFO - [2025-05-31T19:30:21.667-0300] {dagbag.py:538} INFO - Filling up the DagBag from /home/walterg/Documentos/Data_projects/Data-Warehouse-postgres-DBT-airflow-/.venv/lib/python3.11/site-packages/airflow/example_dags/example_python_operator.py
[2025-05-31T19:30:21.672-0300] {logging_mixin.py:188} INFO - [2025-05-31T19:30:21.672-0300] {example_python_operator.py:88} WARNING - The virtalenv_python example task requires virtualenv, please install it.
[2025-05-31T19:30:21.673-0300] {processor.py:840} INFO - DAG(s) 'example_python_operator' retrieved from /home/walterg/Documentos/Data_projects/Data-Warehouse-postgres-DBT-airflow-/.venv/lib/python3.11/site-packages/airflow/example_dags/example_python_operator.py
[2025-05-31T19:30:21.754-0300] {logging_mixin.py:188} INFO - [2025-05-31T19:30:21.754-0300] {override.py:1769} INFO - Created Permission View: can edit on DAG:example_python_operator
[2025-05-31T19:30:21.763-0300] {logging_mixin.py:188} INFO - [2025-05-31T19:30:21.763-0300] {override.py:1769} INFO - Created Permission View: can read on DAG:example_python_operator
[2025-05-31T19:30:21.771-0300] {logging_mixin.py:188} INFO - [2025-05-31T19:30:21.771-0300] {override.py:1769} INFO - Created Permission View: can delete on DAG:example_python_operator
[2025-05-31T19:30:21.772-0300] {logging_mixin.py:188} INFO - [2025-05-31T19:30:21.772-0300] {dag.py:3036} INFO - Sync 1 DAGs
[2025-05-31T19:30:21.778-0300] {logging_mixin.py:188} INFO - [2025-05-31T19:30:21.778-0300] {dag.py:3058} INFO - Creating ORM DAG for example_python_operator
[2025-05-31T19:30:21.779-0300] {logging_mixin.py:188} INFO - [2025-05-31T19:30:21.778-0300] {dag.py:3823} INFO - Setting next_dagrun for example_python_operator to None, run_after=None
[2025-05-31T19:30:21.795-0300] {processor.py:183} INFO - Processing /home/walterg/Documentos/Data_projects/Data-Warehouse-postgres-DBT-airflow-/.venv/lib/python3.11/site-packages/airflow/example_dags/example_python_operator.py took 0.131 seconds
[2025-05-31T19:31:09.399-0300] {processor.py:161} INFO - Started process (PID=9982) to work on /home/walterg/Documentos/Data_projects/Data-Warehouse-postgres-DBT-airflow-/.venv/lib/python3.11/site-packages/airflow/example_dags/example_python_operator.py
[2025-05-31T19:31:09.404-0300] {processor.py:830} INFO - Processing file /home/walterg/Documentos/Data_projects/Data-Warehouse-postgres-DBT-airflow-/.venv/lib/python3.11/site-packages/airflow/example_dags/example_python_operator.py for tasks to queue
[2025-05-31T19:31:09.405-0300] {logging_mixin.py:188} INFO - [2025-05-31T19:31:09.404-0300] {dagbag.py:538} INFO - Filling up the DagBag from /home/walterg/Documentos/Data_projects/Data-Warehouse-postgres-DBT-airflow-/.venv/lib/python3.11/site-packages/airflow/example_dags/example_python_operator.py
[2025-05-31T19:31:09.411-0300] {logging_mixin.py:188} INFO - [2025-05-31T19:31:09.411-0300] {example_python_operator.py:88} WARNING - The virtalenv_python example task requires virtualenv, please install it.
[2025-05-31T19:31:09.412-0300] {processor.py:840} INFO - DAG(s) 'example_python_operator' retrieved from /home/walterg/Documentos/Data_projects/Data-Warehouse-postgres-DBT-airflow-/.venv/lib/python3.11/site-packages/airflow/example_dags/example_python_operator.py
[2025-05-31T19:31:09.426-0300] {logging_mixin.py:188} INFO - [2025-05-31T19:31:09.426-0300] {dag.py:3036} INFO - Sync 1 DAGs
[2025-05-31T19:31:09.435-0300] {logging_mixin.py:188} INFO - [2025-05-31T19:31:09.435-0300] {dag.py:3823} INFO - Setting next_dagrun for example_python_operator to None, run_after=None
[2025-05-31T19:31:09.452-0300] {processor.py:183} INFO - Processing /home/walterg/Documentos/Data_projects/Data-Warehouse-postgres-DBT-airflow-/.venv/lib/python3.11/site-packages/airflow/example_dags/example_python_operator.py took 0.056 seconds
