[2025-05-31T19:30:34.286-0300] {processor.py:161} INFO - Started process (PID=9834) to work on /home/walterg/Documentos/Data_projects/Data-Warehouse-postgres-DBT-airflow-/.venv/lib/python3.11/site-packages/airflow/example_dags/example_branch_python_dop_operator_3.py
[2025-05-31T19:30:34.287-0300] {processor.py:830} INFO - Processing file /home/walterg/Documentos/Data_projects/Data-Warehouse-postgres-DBT-airflow-/.venv/lib/python3.11/site-packages/airflow/example_dags/example_branch_python_dop_operator_3.py for tasks to queue
[2025-05-31T19:30:34.288-0300] {logging_mixin.py:188} INFO - [2025-05-31T19:30:34.288-0300] {dagbag.py:538} INFO - Filling up the DagBag from /home/walterg/Documentos/Data_projects/Data-Warehouse-postgres-DBT-airflow-/.venv/lib/python3.11/site-packages/airflow/example_dags/example_branch_python_dop_operator_3.py
[2025-05-31T19:30:34.295-0300] {processor.py:840} INFO - DAG(s) 'example_branch_dop_operator_v3' retrieved from /home/walterg/Documentos/Data_projects/Data-Warehouse-postgres-DBT-airflow-/.venv/lib/python3.11/site-packages/airflow/example_dags/example_branch_python_dop_operator_3.py
[2025-05-31T19:30:34.370-0300] {logging_mixin.py:188} INFO - [2025-05-31T19:30:34.370-0300] {override.py:1769} INFO - Created Permission View: can edit on DAG:example_branch_dop_operator_v3
[2025-05-31T19:30:34.380-0300] {logging_mixin.py:188} INFO - [2025-05-31T19:30:34.380-0300] {override.py:1769} INFO - Created Permission View: can read on DAG:example_branch_dop_operator_v3
[2025-05-31T19:30:34.388-0300] {logging_mixin.py:188} INFO - [2025-05-31T19:30:34.388-0300] {override.py:1769} INFO - Created Permission View: can delete on DAG:example_branch_dop_operator_v3
[2025-05-31T19:30:34.388-0300] {logging_mixin.py:188} INFO - [2025-05-31T19:30:34.388-0300] {dag.py:3036} INFO - Sync 1 DAGs
[2025-05-31T19:30:34.395-0300] {logging_mixin.py:188} INFO - [2025-05-31T19:30:34.394-0300] {dag.py:3058} INFO - Creating ORM DAG for example_branch_dop_operator_v3
[2025-05-31T19:30:34.403-0300] {logging_mixin.py:188} INFO - [2025-05-31T19:30:34.403-0300] {dag.py:3823} INFO - Setting next_dagrun for example_branch_dop_operator_v3 to 2025-05-31 22:29:00+00:00, run_after=2025-05-31 22:30:00+00:00
[2025-05-31T19:30:34.420-0300] {processor.py:183} INFO - Processing /home/walterg/Documentos/Data_projects/Data-Warehouse-postgres-DBT-airflow-/.venv/lib/python3.11/site-packages/airflow/example_dags/example_branch_python_dop_operator_3.py took 0.137 seconds
[2025-05-31T19:31:29.537-0300] {processor.py:161} INFO - Started process (PID=10038) to work on /home/walterg/Documentos/Data_projects/Data-Warehouse-postgres-DBT-airflow-/.venv/lib/python3.11/site-packages/airflow/example_dags/example_branch_python_dop_operator_3.py
[2025-05-31T19:31:29.542-0300] {processor.py:830} INFO - Processing file /home/walterg/Documentos/Data_projects/Data-Warehouse-postgres-DBT-airflow-/.venv/lib/python3.11/site-packages/airflow/example_dags/example_branch_python_dop_operator_3.py for tasks to queue
[2025-05-31T19:31:29.543-0300] {logging_mixin.py:188} INFO - [2025-05-31T19:31:29.543-0300] {dagbag.py:538} INFO - Filling up the DagBag from /home/walterg/Documentos/Data_projects/Data-Warehouse-postgres-DBT-airflow-/.venv/lib/python3.11/site-packages/airflow/example_dags/example_branch_python_dop_operator_3.py
[2025-05-31T19:31:29.550-0300] {processor.py:840} INFO - DAG(s) 'example_branch_dop_operator_v3' retrieved from /home/walterg/Documentos/Data_projects/Data-Warehouse-postgres-DBT-airflow-/.venv/lib/python3.11/site-packages/airflow/example_dags/example_branch_python_dop_operator_3.py
[2025-05-31T19:31:29.562-0300] {logging_mixin.py:188} INFO - [2025-05-31T19:31:29.562-0300] {dag.py:3036} INFO - Sync 1 DAGs
[2025-05-31T19:31:29.578-0300] {logging_mixin.py:188} INFO - [2025-05-31T19:31:29.578-0300] {dag.py:3823} INFO - Setting next_dagrun for example_branch_dop_operator_v3 to 2025-05-31 22:30:00+00:00, run_after=2025-05-31 22:31:00+00:00
[2025-05-31T19:31:29.593-0300] {processor.py:183} INFO - Processing /home/walterg/Documentos/Data_projects/Data-Warehouse-postgres-DBT-airflow-/.venv/lib/python3.11/site-packages/airflow/example_dags/example_branch_python_dop_operator_3.py took 0.059 seconds
[2025-05-31T19:41:41.941-0300] {processor.py:161} INFO - Started process (PID=12406) to work on /home/walterg/Documentos/Data_projects/Data-Warehouse-postgres-DBT-airflow-/.venv/lib/python3.11/site-packages/airflow/example_dags/example_branch_python_dop_operator_3.py
[2025-05-31T19:41:41.947-0300] {processor.py:830} INFO - Processing file /home/walterg/Documentos/Data_projects/Data-Warehouse-postgres-DBT-airflow-/.venv/lib/python3.11/site-packages/airflow/example_dags/example_branch_python_dop_operator_3.py for tasks to queue
[2025-05-31T19:41:41.949-0300] {logging_mixin.py:188} INFO - [2025-05-31T19:41:41.948-0300] {dagbag.py:538} INFO - Filling up the DagBag from /home/walterg/Documentos/Data_projects/Data-Warehouse-postgres-DBT-airflow-/.venv/lib/python3.11/site-packages/airflow/example_dags/example_branch_python_dop_operator_3.py
[2025-05-31T19:41:41.957-0300] {processor.py:840} INFO - DAG(s) 'example_branch_dop_operator_v3' retrieved from /home/walterg/Documentos/Data_projects/Data-Warehouse-postgres-DBT-airflow-/.venv/lib/python3.11/site-packages/airflow/example_dags/example_branch_python_dop_operator_3.py
[2025-05-31T19:41:42.024-0300] {logging_mixin.py:188} INFO - [2025-05-31T19:41:42.024-0300] {dag.py:3036} INFO - Sync 1 DAGs
[2025-05-31T19:41:42.037-0300] {logging_mixin.py:188} INFO - [2025-05-31T19:41:42.037-0300] {dag.py:3823} INFO - Setting next_dagrun for example_branch_dop_operator_v3 to 2025-05-31 22:40:00+00:00, run_after=2025-05-31 22:41:00+00:00
[2025-05-31T19:41:42.057-0300] {processor.py:183} INFO - Processing /home/walterg/Documentos/Data_projects/Data-Warehouse-postgres-DBT-airflow-/.venv/lib/python3.11/site-packages/airflow/example_dags/example_branch_python_dop_operator_3.py took 0.118 seconds
[2025-05-31T19:42:36.718-0300] {processor.py:161} INFO - Started process (PID=12757) to work on /home/walterg/Documentos/Data_projects/Data-Warehouse-postgres-DBT-airflow-/.venv/lib/python3.11/site-packages/airflow/example_dags/example_branch_python_dop_operator_3.py
[2025-05-31T19:42:36.723-0300] {processor.py:830} INFO - Processing file /home/walterg/Documentos/Data_projects/Data-Warehouse-postgres-DBT-airflow-/.venv/lib/python3.11/site-packages/airflow/example_dags/example_branch_python_dop_operator_3.py for tasks to queue
[2025-05-31T19:42:36.724-0300] {logging_mixin.py:188} INFO - [2025-05-31T19:42:36.723-0300] {dagbag.py:538} INFO - Filling up the DagBag from /home/walterg/Documentos/Data_projects/Data-Warehouse-postgres-DBT-airflow-/.venv/lib/python3.11/site-packages/airflow/example_dags/example_branch_python_dop_operator_3.py
[2025-05-31T19:42:36.732-0300] {processor.py:840} INFO - DAG(s) 'example_branch_dop_operator_v3' retrieved from /home/walterg/Documentos/Data_projects/Data-Warehouse-postgres-DBT-airflow-/.venv/lib/python3.11/site-packages/airflow/example_dags/example_branch_python_dop_operator_3.py
[2025-05-31T19:42:36.746-0300] {logging_mixin.py:188} INFO - [2025-05-31T19:42:36.745-0300] {dag.py:3036} INFO - Sync 1 DAGs
[2025-05-31T19:42:36.762-0300] {logging_mixin.py:188} INFO - [2025-05-31T19:42:36.762-0300] {dag.py:3823} INFO - Setting next_dagrun for example_branch_dop_operator_v3 to 2025-05-31 22:41:00+00:00, run_after=2025-05-31 22:42:00+00:00
[2025-05-31T19:42:36.780-0300] {processor.py:183} INFO - Processing /home/walterg/Documentos/Data_projects/Data-Warehouse-postgres-DBT-airflow-/.venv/lib/python3.11/site-packages/airflow/example_dags/example_branch_python_dop_operator_3.py took 0.064 seconds
[2025-05-31T19:43:37.099-0300] {processor.py:161} INFO - Started process (PID=13268) to work on /home/walterg/Documentos/Data_projects/Data-Warehouse-postgres-DBT-airflow-/.venv/lib/python3.11/site-packages/airflow/example_dags/example_branch_python_dop_operator_3.py
[2025-05-31T19:43:37.104-0300] {processor.py:830} INFO - Processing file /home/walterg/Documentos/Data_projects/Data-Warehouse-postgres-DBT-airflow-/.venv/lib/python3.11/site-packages/airflow/example_dags/example_branch_python_dop_operator_3.py for tasks to queue
[2025-05-31T19:43:37.105-0300] {logging_mixin.py:188} INFO - [2025-05-31T19:43:37.105-0300] {dagbag.py:538} INFO - Filling up the DagBag from /home/walterg/Documentos/Data_projects/Data-Warehouse-postgres-DBT-airflow-/.venv/lib/python3.11/site-packages/airflow/example_dags/example_branch_python_dop_operator_3.py
[2025-05-31T19:43:37.112-0300] {processor.py:840} INFO - DAG(s) 'example_branch_dop_operator_v3' retrieved from /home/walterg/Documentos/Data_projects/Data-Warehouse-postgres-DBT-airflow-/.venv/lib/python3.11/site-packages/airflow/example_dags/example_branch_python_dop_operator_3.py
[2025-05-31T19:43:37.125-0300] {logging_mixin.py:188} INFO - [2025-05-31T19:43:37.124-0300] {dag.py:3036} INFO - Sync 1 DAGs
[2025-05-31T19:43:37.139-0300] {logging_mixin.py:188} INFO - [2025-05-31T19:43:37.139-0300] {dag.py:3823} INFO - Setting next_dagrun for example_branch_dop_operator_v3 to 2025-05-31 22:42:00+00:00, run_after=2025-05-31 22:43:00+00:00
[2025-05-31T19:43:37.156-0300] {processor.py:183} INFO - Processing /home/walterg/Documentos/Data_projects/Data-Warehouse-postgres-DBT-airflow-/.venv/lib/python3.11/site-packages/airflow/example_dags/example_branch_python_dop_operator_3.py took 0.060 seconds
[2025-05-31T19:44:42.383-0300] {processor.py:161} INFO - Started process (PID=13610) to work on /home/walterg/Documentos/Data_projects/Data-Warehouse-postgres-DBT-airflow-/.venv/lib/python3.11/site-packages/airflow/example_dags/example_branch_python_dop_operator_3.py
[2025-05-31T19:44:42.384-0300] {processor.py:830} INFO - Processing file /home/walterg/Documentos/Data_projects/Data-Warehouse-postgres-DBT-airflow-/.venv/lib/python3.11/site-packages/airflow/example_dags/example_branch_python_dop_operator_3.py for tasks to queue
[2025-05-31T19:44:42.384-0300] {logging_mixin.py:188} INFO - [2025-05-31T19:44:42.384-0300] {dagbag.py:538} INFO - Filling up the DagBag from /home/walterg/Documentos/Data_projects/Data-Warehouse-postgres-DBT-airflow-/.venv/lib/python3.11/site-packages/airflow/example_dags/example_branch_python_dop_operator_3.py
[2025-05-31T19:44:42.392-0300] {processor.py:840} INFO - DAG(s) 'example_branch_dop_operator_v3' retrieved from /home/walterg/Documentos/Data_projects/Data-Warehouse-postgres-DBT-airflow-/.venv/lib/python3.11/site-packages/airflow/example_dags/example_branch_python_dop_operator_3.py
[2025-05-31T19:44:42.404-0300] {logging_mixin.py:188} INFO - [2025-05-31T19:44:42.404-0300] {dag.py:3036} INFO - Sync 1 DAGs
[2025-05-31T19:44:42.419-0300] {logging_mixin.py:188} INFO - [2025-05-31T19:44:42.419-0300] {dag.py:3823} INFO - Setting next_dagrun for example_branch_dop_operator_v3 to 2025-05-31 22:43:00+00:00, run_after=2025-05-31 22:44:00+00:00
[2025-05-31T19:44:42.434-0300] {processor.py:183} INFO - Processing /home/walterg/Documentos/Data_projects/Data-Warehouse-postgres-DBT-airflow-/.venv/lib/python3.11/site-packages/airflow/example_dags/example_branch_python_dop_operator_3.py took 0.054 seconds
[2025-05-31T19:45:48.580-0300] {processor.py:161} INFO - Started process (PID=13910) to work on /home/walterg/Documentos/Data_projects/Data-Warehouse-postgres-DBT-airflow-/.venv/lib/python3.11/site-packages/airflow/example_dags/example_branch_python_dop_operator_3.py
[2025-05-31T19:45:48.585-0300] {processor.py:830} INFO - Processing file /home/walterg/Documentos/Data_projects/Data-Warehouse-postgres-DBT-airflow-/.venv/lib/python3.11/site-packages/airflow/example_dags/example_branch_python_dop_operator_3.py for tasks to queue
[2025-05-31T19:45:48.586-0300] {logging_mixin.py:188} INFO - [2025-05-31T19:45:48.586-0300] {dagbag.py:538} INFO - Filling up the DagBag from /home/walterg/Documentos/Data_projects/Data-Warehouse-postgres-DBT-airflow-/.venv/lib/python3.11/site-packages/airflow/example_dags/example_branch_python_dop_operator_3.py
[2025-05-31T19:45:48.593-0300] {processor.py:840} INFO - DAG(s) 'example_branch_dop_operator_v3' retrieved from /home/walterg/Documentos/Data_projects/Data-Warehouse-postgres-DBT-airflow-/.venv/lib/python3.11/site-packages/airflow/example_dags/example_branch_python_dop_operator_3.py
[2025-05-31T19:45:48.605-0300] {logging_mixin.py:188} INFO - [2025-05-31T19:45:48.605-0300] {dag.py:3036} INFO - Sync 1 DAGs
[2025-05-31T19:45:48.620-0300] {logging_mixin.py:188} INFO - [2025-05-31T19:45:48.620-0300] {dag.py:3823} INFO - Setting next_dagrun for example_branch_dop_operator_v3 to 2025-05-31 22:44:00+00:00, run_after=2025-05-31 22:45:00+00:00
[2025-05-31T19:45:48.637-0300] {processor.py:183} INFO - Processing /home/walterg/Documentos/Data_projects/Data-Warehouse-postgres-DBT-airflow-/.venv/lib/python3.11/site-packages/airflow/example_dags/example_branch_python_dop_operator_3.py took 0.060 seconds
[2025-05-31T19:46:46.189-0300] {processor.py:161} INFO - Started process (PID=14173) to work on /home/walterg/Documentos/Data_projects/Data-Warehouse-postgres-DBT-airflow-/.venv/lib/python3.11/site-packages/airflow/example_dags/example_branch_python_dop_operator_3.py
[2025-05-31T19:46:46.190-0300] {processor.py:830} INFO - Processing file /home/walterg/Documentos/Data_projects/Data-Warehouse-postgres-DBT-airflow-/.venv/lib/python3.11/site-packages/airflow/example_dags/example_branch_python_dop_operator_3.py for tasks to queue
[2025-05-31T19:46:46.191-0300] {logging_mixin.py:188} INFO - [2025-05-31T19:46:46.191-0300] {dagbag.py:538} INFO - Filling up the DagBag from /home/walterg/Documentos/Data_projects/Data-Warehouse-postgres-DBT-airflow-/.venv/lib/python3.11/site-packages/airflow/example_dags/example_branch_python_dop_operator_3.py
[2025-05-31T19:46:46.199-0300] {processor.py:840} INFO - DAG(s) 'example_branch_dop_operator_v3' retrieved from /home/walterg/Documentos/Data_projects/Data-Warehouse-postgres-DBT-airflow-/.venv/lib/python3.11/site-packages/airflow/example_dags/example_branch_python_dop_operator_3.py
[2025-05-31T19:46:46.212-0300] {logging_mixin.py:188} INFO - [2025-05-31T19:46:46.212-0300] {dag.py:3036} INFO - Sync 1 DAGs
[2025-05-31T19:46:46.232-0300] {logging_mixin.py:188} INFO - [2025-05-31T19:46:46.232-0300] {dag.py:3823} INFO - Setting next_dagrun for example_branch_dop_operator_v3 to 2025-05-31 22:45:00+00:00, run_after=2025-05-31 22:46:00+00:00
[2025-05-31T19:46:46.254-0300] {processor.py:183} INFO - Processing /home/walterg/Documentos/Data_projects/Data-Warehouse-postgres-DBT-airflow-/.venv/lib/python3.11/site-packages/airflow/example_dags/example_branch_python_dop_operator_3.py took 0.067 seconds
[2025-05-31T19:47:44.824-0300] {processor.py:161} INFO - Started process (PID=14404) to work on /home/walterg/Documentos/Data_projects/Data-Warehouse-postgres-DBT-airflow-/.venv/lib/python3.11/site-packages/airflow/example_dags/example_branch_python_dop_operator_3.py
[2025-05-31T19:47:44.829-0300] {processor.py:830} INFO - Processing file /home/walterg/Documentos/Data_projects/Data-Warehouse-postgres-DBT-airflow-/.venv/lib/python3.11/site-packages/airflow/example_dags/example_branch_python_dop_operator_3.py for tasks to queue
[2025-05-31T19:47:44.831-0300] {logging_mixin.py:188} INFO - [2025-05-31T19:47:44.830-0300] {dagbag.py:538} INFO - Filling up the DagBag from /home/walterg/Documentos/Data_projects/Data-Warehouse-postgres-DBT-airflow-/.venv/lib/python3.11/site-packages/airflow/example_dags/example_branch_python_dop_operator_3.py
[2025-05-31T19:47:44.837-0300] {processor.py:840} INFO - DAG(s) 'example_branch_dop_operator_v3' retrieved from /home/walterg/Documentos/Data_projects/Data-Warehouse-postgres-DBT-airflow-/.venv/lib/python3.11/site-packages/airflow/example_dags/example_branch_python_dop_operator_3.py
[2025-05-31T19:47:44.850-0300] {logging_mixin.py:188} INFO - [2025-05-31T19:47:44.850-0300] {dag.py:3036} INFO - Sync 1 DAGs
[2025-05-31T19:47:44.865-0300] {logging_mixin.py:188} INFO - [2025-05-31T19:47:44.865-0300] {dag.py:3823} INFO - Setting next_dagrun for example_branch_dop_operator_v3 to 2025-05-31 22:46:00+00:00, run_after=2025-05-31 22:47:00+00:00
[2025-05-31T19:47:44.883-0300] {processor.py:183} INFO - Processing /home/walterg/Documentos/Data_projects/Data-Warehouse-postgres-DBT-airflow-/.venv/lib/python3.11/site-packages/airflow/example_dags/example_branch_python_dop_operator_3.py took 0.061 seconds
