[2025-05-31T19:30:40.862-0300] {processor.py:161} INFO - Started process (PID=9862) to work on /home/walterg/Documentos/Data_projects/Data-Warehouse-postgres-DBT-airflow-/.venv/lib/python3.11/site-packages/airflow/example_dags/example_branch_day_of_week_operator.py
[2025-05-31T19:30:40.863-0300] {processor.py:830} INFO - Processing file /home/walterg/Documentos/Data_projects/Data-Warehouse-postgres-DBT-airflow-/.venv/lib/python3.11/site-packages/airflow/example_dags/example_branch_day_of_week_operator.py for tasks to queue
[2025-05-31T19:30:40.864-0300] {logging_mixin.py:188} INFO - [2025-05-31T19:30:40.864-0300] {dagbag.py:538} INFO - Filling up the DagBag from /home/walterg/Documentos/Data_projects/Data-Warehouse-postgres-DBT-airflow-/.venv/lib/python3.11/site-packages/airflow/example_dags/example_branch_day_of_week_operator.py
[2025-05-31T19:30:40.872-0300] {processor.py:840} INFO - DAG(s) 'example_weekday_branch_operator' retrieved from /home/walterg/Documentos/Data_projects/Data-Warehouse-postgres-DBT-airflow-/.venv/lib/python3.11/site-packages/airflow/example_dags/example_branch_day_of_week_operator.py
[2025-05-31T19:30:40.955-0300] {logging_mixin.py:188} INFO - [2025-05-31T19:30:40.954-0300] {override.py:1769} INFO - Created Permission View: can edit on DAG:example_weekday_branch_operator
[2025-05-31T19:30:40.986-0300] {logging_mixin.py:188} INFO - [2025-05-31T19:30:40.986-0300] {override.py:1769} INFO - Created Permission View: can read on DAG:example_weekday_branch_operator
[2025-05-31T19:30:40.995-0300] {logging_mixin.py:188} INFO - [2025-05-31T19:30:40.994-0300] {override.py:1769} INFO - Created Permission View: can delete on DAG:example_weekday_branch_operator
[2025-05-31T19:30:40.995-0300] {logging_mixin.py:188} INFO - [2025-05-31T19:30:40.995-0300] {dag.py:3036} INFO - Sync 1 DAGs
[2025-05-31T19:30:41.001-0300] {logging_mixin.py:188} INFO - [2025-05-31T19:30:41.001-0300] {dag.py:3058} INFO - Creating ORM DAG for example_weekday_branch_operator
[2025-05-31T19:30:41.008-0300] {logging_mixin.py:188} INFO - [2025-05-31T19:30:41.007-0300] {dag.py:3823} INFO - Setting next_dagrun for example_weekday_branch_operator to 2025-05-30 00:00:00+00:00, run_after=2025-05-31 00:00:00+00:00
[2025-05-31T19:30:41.025-0300] {processor.py:183} INFO - Processing /home/walterg/Documentos/Data_projects/Data-Warehouse-postgres-DBT-airflow-/.venv/lib/python3.11/site-packages/airflow/example_dags/example_branch_day_of_week_operator.py took 0.165 seconds
[2025-05-31T19:31:35.144-0300] {processor.py:161} INFO - Started process (PID=10044) to work on /home/walterg/Documentos/Data_projects/Data-Warehouse-postgres-DBT-airflow-/.venv/lib/python3.11/site-packages/airflow/example_dags/example_branch_day_of_week_operator.py
[2025-05-31T19:31:35.149-0300] {processor.py:830} INFO - Processing file /home/walterg/Documentos/Data_projects/Data-Warehouse-postgres-DBT-airflow-/.venv/lib/python3.11/site-packages/airflow/example_dags/example_branch_day_of_week_operator.py for tasks to queue
[2025-05-31T19:31:35.150-0300] {logging_mixin.py:188} INFO - [2025-05-31T19:31:35.150-0300] {dagbag.py:538} INFO - Filling up the DagBag from /home/walterg/Documentos/Data_projects/Data-Warehouse-postgres-DBT-airflow-/.venv/lib/python3.11/site-packages/airflow/example_dags/example_branch_day_of_week_operator.py
[2025-05-31T19:31:35.157-0300] {processor.py:840} INFO - DAG(s) 'example_weekday_branch_operator' retrieved from /home/walterg/Documentos/Data_projects/Data-Warehouse-postgres-DBT-airflow-/.venv/lib/python3.11/site-packages/airflow/example_dags/example_branch_day_of_week_operator.py
[2025-05-31T19:31:35.171-0300] {logging_mixin.py:188} INFO - [2025-05-31T19:31:35.171-0300] {dag.py:3036} INFO - Sync 1 DAGs
[2025-05-31T19:31:35.188-0300] {logging_mixin.py:188} INFO - [2025-05-31T19:31:35.188-0300] {dag.py:3823} INFO - Setting next_dagrun for example_weekday_branch_operator to 2025-05-30 00:00:00+00:00, run_after=2025-05-31 00:00:00+00:00
[2025-05-31T19:31:35.209-0300] {processor.py:183} INFO - Processing /home/walterg/Documentos/Data_projects/Data-Warehouse-postgres-DBT-airflow-/.venv/lib/python3.11/site-packages/airflow/example_dags/example_branch_day_of_week_operator.py took 0.068 seconds
[2025-05-31T19:41:46.883-0300] {processor.py:161} INFO - Started process (PID=12412) to work on /home/walterg/Documentos/Data_projects/Data-Warehouse-postgres-DBT-airflow-/.venv/lib/python3.11/site-packages/airflow/example_dags/example_branch_day_of_week_operator.py
[2025-05-31T19:41:46.888-0300] {processor.py:830} INFO - Processing file /home/walterg/Documentos/Data_projects/Data-Warehouse-postgres-DBT-airflow-/.venv/lib/python3.11/site-packages/airflow/example_dags/example_branch_day_of_week_operator.py for tasks to queue
[2025-05-31T19:41:46.889-0300] {logging_mixin.py:188} INFO - [2025-05-31T19:41:46.889-0300] {dagbag.py:538} INFO - Filling up the DagBag from /home/walterg/Documentos/Data_projects/Data-Warehouse-postgres-DBT-airflow-/.venv/lib/python3.11/site-packages/airflow/example_dags/example_branch_day_of_week_operator.py
[2025-05-31T19:41:46.896-0300] {processor.py:840} INFO - DAG(s) 'example_weekday_branch_operator' retrieved from /home/walterg/Documentos/Data_projects/Data-Warehouse-postgres-DBT-airflow-/.venv/lib/python3.11/site-packages/airflow/example_dags/example_branch_day_of_week_operator.py
[2025-05-31T19:41:46.963-0300] {logging_mixin.py:188} INFO - [2025-05-31T19:41:46.962-0300] {dag.py:3036} INFO - Sync 1 DAGs
[2025-05-31T19:41:46.974-0300] {logging_mixin.py:188} INFO - [2025-05-31T19:41:46.974-0300] {dag.py:3823} INFO - Setting next_dagrun for example_weekday_branch_operator to 2025-05-30 00:00:00+00:00, run_after=2025-05-31 00:00:00+00:00
[2025-05-31T19:41:46.994-0300] {processor.py:183} INFO - Processing /home/walterg/Documentos/Data_projects/Data-Warehouse-postgres-DBT-airflow-/.venv/lib/python3.11/site-packages/airflow/example_dags/example_branch_day_of_week_operator.py took 0.114 seconds
[2025-05-31T19:42:59.116-0300] {processor.py:161} INFO - Started process (PID=12869) to work on /home/walterg/Documentos/Data_projects/Data-Warehouse-postgres-DBT-airflow-/.venv/lib/python3.11/site-packages/airflow/example_dags/example_branch_day_of_week_operator.py
[2025-05-31T19:42:59.121-0300] {processor.py:830} INFO - Processing file /home/walterg/Documentos/Data_projects/Data-Warehouse-postgres-DBT-airflow-/.venv/lib/python3.11/site-packages/airflow/example_dags/example_branch_day_of_week_operator.py for tasks to queue
[2025-05-31T19:42:59.122-0300] {logging_mixin.py:188} INFO - [2025-05-31T19:42:59.122-0300] {dagbag.py:538} INFO - Filling up the DagBag from /home/walterg/Documentos/Data_projects/Data-Warehouse-postgres-DBT-airflow-/.venv/lib/python3.11/site-packages/airflow/example_dags/example_branch_day_of_week_operator.py
[2025-05-31T19:42:59.128-0300] {processor.py:840} INFO - DAG(s) 'example_weekday_branch_operator' retrieved from /home/walterg/Documentos/Data_projects/Data-Warehouse-postgres-DBT-airflow-/.venv/lib/python3.11/site-packages/airflow/example_dags/example_branch_day_of_week_operator.py
[2025-05-31T19:42:59.141-0300] {logging_mixin.py:188} INFO - [2025-05-31T19:42:59.141-0300] {dag.py:3036} INFO - Sync 1 DAGs
[2025-05-31T19:42:59.155-0300] {logging_mixin.py:188} INFO - [2025-05-31T19:42:59.155-0300] {dag.py:3823} INFO - Setting next_dagrun for example_weekday_branch_operator to 2025-05-30 00:00:00+00:00, run_after=2025-05-31 00:00:00+00:00
[2025-05-31T19:42:59.170-0300] {processor.py:183} INFO - Processing /home/walterg/Documentos/Data_projects/Data-Warehouse-postgres-DBT-airflow-/.venv/lib/python3.11/site-packages/airflow/example_dags/example_branch_day_of_week_operator.py took 0.056 seconds
[2025-05-31T19:43:56.534-0300] {processor.py:161} INFO - Started process (PID=13316) to work on /home/walterg/Documentos/Data_projects/Data-Warehouse-postgres-DBT-airflow-/.venv/lib/python3.11/site-packages/airflow/example_dags/example_branch_day_of_week_operator.py
[2025-05-31T19:43:56.540-0300] {processor.py:830} INFO - Processing file /home/walterg/Documentos/Data_projects/Data-Warehouse-postgres-DBT-airflow-/.venv/lib/python3.11/site-packages/airflow/example_dags/example_branch_day_of_week_operator.py for tasks to queue
[2025-05-31T19:43:56.541-0300] {logging_mixin.py:188} INFO - [2025-05-31T19:43:56.540-0300] {dagbag.py:538} INFO - Filling up the DagBag from /home/walterg/Documentos/Data_projects/Data-Warehouse-postgres-DBT-airflow-/.venv/lib/python3.11/site-packages/airflow/example_dags/example_branch_day_of_week_operator.py
[2025-05-31T19:43:56.547-0300] {processor.py:840} INFO - DAG(s) 'example_weekday_branch_operator' retrieved from /home/walterg/Documentos/Data_projects/Data-Warehouse-postgres-DBT-airflow-/.venv/lib/python3.11/site-packages/airflow/example_dags/example_branch_day_of_week_operator.py
[2025-05-31T19:43:56.562-0300] {logging_mixin.py:188} INFO - [2025-05-31T19:43:56.562-0300] {dag.py:3036} INFO - Sync 1 DAGs
[2025-05-31T19:43:56.577-0300] {logging_mixin.py:188} INFO - [2025-05-31T19:43:56.577-0300] {dag.py:3823} INFO - Setting next_dagrun for example_weekday_branch_operator to 2025-05-30 00:00:00+00:00, run_after=2025-05-31 00:00:00+00:00
[2025-05-31T19:43:56.599-0300] {processor.py:183} INFO - Processing /home/walterg/Documentos/Data_projects/Data-Warehouse-postgres-DBT-airflow-/.venv/lib/python3.11/site-packages/airflow/example_dags/example_branch_day_of_week_operator.py took 0.067 seconds
[2025-05-31T19:45:08.104-0300] {processor.py:161} INFO - Started process (PID=13728) to work on /home/walterg/Documentos/Data_projects/Data-Warehouse-postgres-DBT-airflow-/.venv/lib/python3.11/site-packages/airflow/example_dags/example_branch_day_of_week_operator.py
[2025-05-31T19:45:08.109-0300] {processor.py:830} INFO - Processing file /home/walterg/Documentos/Data_projects/Data-Warehouse-postgres-DBT-airflow-/.venv/lib/python3.11/site-packages/airflow/example_dags/example_branch_day_of_week_operator.py for tasks to queue
[2025-05-31T19:45:08.110-0300] {logging_mixin.py:188} INFO - [2025-05-31T19:45:08.110-0300] {dagbag.py:538} INFO - Filling up the DagBag from /home/walterg/Documentos/Data_projects/Data-Warehouse-postgres-DBT-airflow-/.venv/lib/python3.11/site-packages/airflow/example_dags/example_branch_day_of_week_operator.py
[2025-05-31T19:45:08.116-0300] {processor.py:840} INFO - DAG(s) 'example_weekday_branch_operator' retrieved from /home/walterg/Documentos/Data_projects/Data-Warehouse-postgres-DBT-airflow-/.venv/lib/python3.11/site-packages/airflow/example_dags/example_branch_day_of_week_operator.py
[2025-05-31T19:45:08.129-0300] {logging_mixin.py:188} INFO - [2025-05-31T19:45:08.129-0300] {dag.py:3036} INFO - Sync 1 DAGs
[2025-05-31T19:45:08.143-0300] {logging_mixin.py:188} INFO - [2025-05-31T19:45:08.143-0300] {dag.py:3823} INFO - Setting next_dagrun for example_weekday_branch_operator to 2025-05-30 00:00:00+00:00, run_after=2025-05-31 00:00:00+00:00
[2025-05-31T19:45:08.159-0300] {processor.py:183} INFO - Processing /home/walterg/Documentos/Data_projects/Data-Warehouse-postgres-DBT-airflow-/.venv/lib/python3.11/site-packages/airflow/example_dags/example_branch_day_of_week_operator.py took 0.057 seconds
[2025-05-31T19:46:07.724-0300] {processor.py:161} INFO - Started process (PID=14003) to work on /home/walterg/Documentos/Data_projects/Data-Warehouse-postgres-DBT-airflow-/.venv/lib/python3.11/site-packages/airflow/example_dags/example_branch_day_of_week_operator.py
[2025-05-31T19:46:07.729-0300] {processor.py:830} INFO - Processing file /home/walterg/Documentos/Data_projects/Data-Warehouse-postgres-DBT-airflow-/.venv/lib/python3.11/site-packages/airflow/example_dags/example_branch_day_of_week_operator.py for tasks to queue
[2025-05-31T19:46:07.730-0300] {logging_mixin.py:188} INFO - [2025-05-31T19:46:07.730-0300] {dagbag.py:538} INFO - Filling up the DagBag from /home/walterg/Documentos/Data_projects/Data-Warehouse-postgres-DBT-airflow-/.venv/lib/python3.11/site-packages/airflow/example_dags/example_branch_day_of_week_operator.py
[2025-05-31T19:46:07.736-0300] {processor.py:840} INFO - DAG(s) 'example_weekday_branch_operator' retrieved from /home/walterg/Documentos/Data_projects/Data-Warehouse-postgres-DBT-airflow-/.venv/lib/python3.11/site-packages/airflow/example_dags/example_branch_day_of_week_operator.py
[2025-05-31T19:46:07.750-0300] {logging_mixin.py:188} INFO - [2025-05-31T19:46:07.750-0300] {dag.py:3036} INFO - Sync 1 DAGs
[2025-05-31T19:46:07.764-0300] {logging_mixin.py:188} INFO - [2025-05-31T19:46:07.764-0300] {dag.py:3823} INFO - Setting next_dagrun for example_weekday_branch_operator to 2025-05-30 00:00:00+00:00, run_after=2025-05-31 00:00:00+00:00
[2025-05-31T19:46:07.781-0300] {processor.py:183} INFO - Processing /home/walterg/Documentos/Data_projects/Data-Warehouse-postgres-DBT-airflow-/.venv/lib/python3.11/site-packages/airflow/example_dags/example_branch_day_of_week_operator.py took 0.060 seconds
[2025-05-31T19:47:07.293-0300] {processor.py:161} INFO - Started process (PID=14252) to work on /home/walterg/Documentos/Data_projects/Data-Warehouse-postgres-DBT-airflow-/.venv/lib/python3.11/site-packages/airflow/example_dags/example_branch_day_of_week_operator.py
[2025-05-31T19:47:07.298-0300] {processor.py:830} INFO - Processing file /home/walterg/Documentos/Data_projects/Data-Warehouse-postgres-DBT-airflow-/.venv/lib/python3.11/site-packages/airflow/example_dags/example_branch_day_of_week_operator.py for tasks to queue
[2025-05-31T19:47:07.299-0300] {logging_mixin.py:188} INFO - [2025-05-31T19:47:07.299-0300] {dagbag.py:538} INFO - Filling up the DagBag from /home/walterg/Documentos/Data_projects/Data-Warehouse-postgres-DBT-airflow-/.venv/lib/python3.11/site-packages/airflow/example_dags/example_branch_day_of_week_operator.py
[2025-05-31T19:47:07.306-0300] {processor.py:840} INFO - DAG(s) 'example_weekday_branch_operator' retrieved from /home/walterg/Documentos/Data_projects/Data-Warehouse-postgres-DBT-airflow-/.venv/lib/python3.11/site-packages/airflow/example_dags/example_branch_day_of_week_operator.py
[2025-05-31T19:47:07.319-0300] {logging_mixin.py:188} INFO - [2025-05-31T19:47:07.319-0300] {dag.py:3036} INFO - Sync 1 DAGs
[2025-05-31T19:47:07.333-0300] {logging_mixin.py:188} INFO - [2025-05-31T19:47:07.333-0300] {dag.py:3823} INFO - Setting next_dagrun for example_weekday_branch_operator to 2025-05-30 00:00:00+00:00, run_after=2025-05-31 00:00:00+00:00
[2025-05-31T19:47:07.351-0300] {processor.py:183} INFO - Processing /home/walterg/Documentos/Data_projects/Data-Warehouse-postgres-DBT-airflow-/.venv/lib/python3.11/site-packages/airflow/example_dags/example_branch_day_of_week_operator.py took 0.061 seconds
[2025-05-31T19:48:07.250-0300] {processor.py:161} INFO - Started process (PID=14489) to work on /home/walterg/Documentos/Data_projects/Data-Warehouse-postgres-DBT-airflow-/.venv/lib/python3.11/site-packages/airflow/example_dags/example_branch_day_of_week_operator.py
[2025-05-31T19:48:07.259-0300] {processor.py:830} INFO - Processing file /home/walterg/Documentos/Data_projects/Data-Warehouse-postgres-DBT-airflow-/.venv/lib/python3.11/site-packages/airflow/example_dags/example_branch_day_of_week_operator.py for tasks to queue
[2025-05-31T19:48:07.260-0300] {logging_mixin.py:188} INFO - [2025-05-31T19:48:07.259-0300] {dagbag.py:538} INFO - Filling up the DagBag from /home/walterg/Documentos/Data_projects/Data-Warehouse-postgres-DBT-airflow-/.venv/lib/python3.11/site-packages/airflow/example_dags/example_branch_day_of_week_operator.py
[2025-05-31T19:48:07.283-0300] {processor.py:840} INFO - DAG(s) 'example_weekday_branch_operator' retrieved from /home/walterg/Documentos/Data_projects/Data-Warehouse-postgres-DBT-airflow-/.venv/lib/python3.11/site-packages/airflow/example_dags/example_branch_day_of_week_operator.py
[2025-05-31T19:48:07.326-0300] {logging_mixin.py:188} INFO - [2025-05-31T19:48:07.325-0300] {dag.py:3036} INFO - Sync 1 DAGs
[2025-05-31T19:48:07.351-0300] {logging_mixin.py:188} INFO - [2025-05-31T19:48:07.351-0300] {dag.py:3823} INFO - Setting next_dagrun for example_weekday_branch_operator to 2025-05-30 00:00:00+00:00, run_after=2025-05-31 00:00:00+00:00
[2025-05-31T19:48:07.369-0300] {processor.py:183} INFO - Processing /home/walterg/Documentos/Data_projects/Data-Warehouse-postgres-DBT-airflow-/.venv/lib/python3.11/site-packages/airflow/example_dags/example_branch_day_of_week_operator.py took 0.126 seconds
[2025-05-31T19:49:08.585-0300] {processor.py:161} INFO - Started process (PID=15138) to work on /home/walterg/Documentos/Data_projects/Data-Warehouse-postgres-DBT-airflow-/.venv/lib/python3.11/site-packages/airflow/example_dags/example_branch_day_of_week_operator.py
[2025-05-31T19:49:08.590-0300] {processor.py:830} INFO - Processing file /home/walterg/Documentos/Data_projects/Data-Warehouse-postgres-DBT-airflow-/.venv/lib/python3.11/site-packages/airflow/example_dags/example_branch_day_of_week_operator.py for tasks to queue
[2025-05-31T19:49:08.592-0300] {logging_mixin.py:188} INFO - [2025-05-31T19:49:08.591-0300] {dagbag.py:538} INFO - Filling up the DagBag from /home/walterg/Documentos/Data_projects/Data-Warehouse-postgres-DBT-airflow-/.venv/lib/python3.11/site-packages/airflow/example_dags/example_branch_day_of_week_operator.py
[2025-05-31T19:49:08.597-0300] {processor.py:840} INFO - DAG(s) 'example_weekday_branch_operator' retrieved from /home/walterg/Documentos/Data_projects/Data-Warehouse-postgres-DBT-airflow-/.venv/lib/python3.11/site-packages/airflow/example_dags/example_branch_day_of_week_operator.py
[2025-05-31T19:49:08.610-0300] {logging_mixin.py:188} INFO - [2025-05-31T19:49:08.610-0300] {dag.py:3036} INFO - Sync 1 DAGs
[2025-05-31T19:49:08.624-0300] {logging_mixin.py:188} INFO - [2025-05-31T19:49:08.624-0300] {dag.py:3823} INFO - Setting next_dagrun for example_weekday_branch_operator to 2025-05-30 00:00:00+00:00, run_after=2025-05-31 00:00:00+00:00
[2025-05-31T19:49:08.641-0300] {processor.py:183} INFO - Processing /home/walterg/Documentos/Data_projects/Data-Warehouse-postgres-DBT-airflow-/.venv/lib/python3.11/site-packages/airflow/example_dags/example_branch_day_of_week_operator.py took 0.058 seconds
[2025-05-31T19:50:18.238-0300] {processor.py:161} INFO - Started process (PID=15410) to work on /home/walterg/Documentos/Data_projects/Data-Warehouse-postgres-DBT-airflow-/.venv/lib/python3.11/site-packages/airflow/example_dags/example_branch_day_of_week_operator.py
[2025-05-31T19:50:18.243-0300] {processor.py:830} INFO - Processing file /home/walterg/Documentos/Data_projects/Data-Warehouse-postgres-DBT-airflow-/.venv/lib/python3.11/site-packages/airflow/example_dags/example_branch_day_of_week_operator.py for tasks to queue
[2025-05-31T19:50:18.244-0300] {logging_mixin.py:188} INFO - [2025-05-31T19:50:18.244-0300] {dagbag.py:538} INFO - Filling up the DagBag from /home/walterg/Documentos/Data_projects/Data-Warehouse-postgres-DBT-airflow-/.venv/lib/python3.11/site-packages/airflow/example_dags/example_branch_day_of_week_operator.py
[2025-05-31T19:50:18.251-0300] {processor.py:840} INFO - DAG(s) 'example_weekday_branch_operator' retrieved from /home/walterg/Documentos/Data_projects/Data-Warehouse-postgres-DBT-airflow-/.venv/lib/python3.11/site-packages/airflow/example_dags/example_branch_day_of_week_operator.py
[2025-05-31T19:50:18.264-0300] {logging_mixin.py:188} INFO - [2025-05-31T19:50:18.264-0300] {dag.py:3036} INFO - Sync 1 DAGs
[2025-05-31T19:50:18.278-0300] {logging_mixin.py:188} INFO - [2025-05-31T19:50:18.278-0300] {dag.py:3823} INFO - Setting next_dagrun for example_weekday_branch_operator to 2025-05-30 00:00:00+00:00, run_after=2025-05-31 00:00:00+00:00
[2025-05-31T19:50:18.295-0300] {processor.py:183} INFO - Processing /home/walterg/Documentos/Data_projects/Data-Warehouse-postgres-DBT-airflow-/.venv/lib/python3.11/site-packages/airflow/example_dags/example_branch_day_of_week_operator.py took 0.059 seconds
[2025-05-31T19:51:19.990-0300] {processor.py:161} INFO - Started process (PID=15737) to work on /home/walterg/Documentos/Data_projects/Data-Warehouse-postgres-DBT-airflow-/.venv/lib/python3.11/site-packages/airflow/example_dags/example_branch_day_of_week_operator.py
[2025-05-31T19:51:19.995-0300] {processor.py:830} INFO - Processing file /home/walterg/Documentos/Data_projects/Data-Warehouse-postgres-DBT-airflow-/.venv/lib/python3.11/site-packages/airflow/example_dags/example_branch_day_of_week_operator.py for tasks to queue
[2025-05-31T19:51:19.995-0300] {logging_mixin.py:188} INFO - [2025-05-31T19:51:19.995-0300] {dagbag.py:538} INFO - Filling up the DagBag from /home/walterg/Documentos/Data_projects/Data-Warehouse-postgres-DBT-airflow-/.venv/lib/python3.11/site-packages/airflow/example_dags/example_branch_day_of_week_operator.py
[2025-05-31T19:51:20.002-0300] {processor.py:840} INFO - DAG(s) 'example_weekday_branch_operator' retrieved from /home/walterg/Documentos/Data_projects/Data-Warehouse-postgres-DBT-airflow-/.venv/lib/python3.11/site-packages/airflow/example_dags/example_branch_day_of_week_operator.py
[2025-05-31T19:51:20.015-0300] {logging_mixin.py:188} INFO - [2025-05-31T19:51:20.015-0300] {dag.py:3036} INFO - Sync 1 DAGs
[2025-05-31T19:51:20.029-0300] {logging_mixin.py:188} INFO - [2025-05-31T19:51:20.029-0300] {dag.py:3823} INFO - Setting next_dagrun for example_weekday_branch_operator to 2025-05-30 00:00:00+00:00, run_after=2025-05-31 00:00:00+00:00
[2025-05-31T19:51:20.046-0300] {processor.py:183} INFO - Processing /home/walterg/Documentos/Data_projects/Data-Warehouse-postgres-DBT-airflow-/.venv/lib/python3.11/site-packages/airflow/example_dags/example_branch_day_of_week_operator.py took 0.059 seconds
[2025-05-31T19:52:23.182-0300] {processor.py:161} INFO - Started process (PID=16008) to work on /home/walterg/Documentos/Data_projects/Data-Warehouse-postgres-DBT-airflow-/.venv/lib/python3.11/site-packages/airflow/example_dags/example_branch_day_of_week_operator.py
[2025-05-31T19:52:23.187-0300] {processor.py:830} INFO - Processing file /home/walterg/Documentos/Data_projects/Data-Warehouse-postgres-DBT-airflow-/.venv/lib/python3.11/site-packages/airflow/example_dags/example_branch_day_of_week_operator.py for tasks to queue
[2025-05-31T19:52:23.189-0300] {logging_mixin.py:188} INFO - [2025-05-31T19:52:23.188-0300] {dagbag.py:538} INFO - Filling up the DagBag from /home/walterg/Documentos/Data_projects/Data-Warehouse-postgres-DBT-airflow-/.venv/lib/python3.11/site-packages/airflow/example_dags/example_branch_day_of_week_operator.py
[2025-05-31T19:52:23.195-0300] {processor.py:840} INFO - DAG(s) 'example_weekday_branch_operator' retrieved from /home/walterg/Documentos/Data_projects/Data-Warehouse-postgres-DBT-airflow-/.venv/lib/python3.11/site-packages/airflow/example_dags/example_branch_day_of_week_operator.py
[2025-05-31T19:52:23.208-0300] {logging_mixin.py:188} INFO - [2025-05-31T19:52:23.208-0300] {dag.py:3036} INFO - Sync 1 DAGs
[2025-05-31T19:52:23.222-0300] {logging_mixin.py:188} INFO - [2025-05-31T19:52:23.221-0300] {dag.py:3823} INFO - Setting next_dagrun for example_weekday_branch_operator to 2025-05-30 00:00:00+00:00, run_after=2025-05-31 00:00:00+00:00
[2025-05-31T19:52:23.238-0300] {processor.py:183} INFO - Processing /home/walterg/Documentos/Data_projects/Data-Warehouse-postgres-DBT-airflow-/.venv/lib/python3.11/site-packages/airflow/example_dags/example_branch_day_of_week_operator.py took 0.058 seconds
[2025-05-31T19:53:32.587-0300] {processor.py:161} INFO - Started process (PID=16210) to work on /home/walterg/Documentos/Data_projects/Data-Warehouse-postgres-DBT-airflow-/.venv/lib/python3.11/site-packages/airflow/example_dags/example_branch_day_of_week_operator.py
[2025-05-31T19:53:32.592-0300] {processor.py:830} INFO - Processing file /home/walterg/Documentos/Data_projects/Data-Warehouse-postgres-DBT-airflow-/.venv/lib/python3.11/site-packages/airflow/example_dags/example_branch_day_of_week_operator.py for tasks to queue
[2025-05-31T19:53:32.594-0300] {logging_mixin.py:188} INFO - [2025-05-31T19:53:32.593-0300] {dagbag.py:538} INFO - Filling up the DagBag from /home/walterg/Documentos/Data_projects/Data-Warehouse-postgres-DBT-airflow-/.venv/lib/python3.11/site-packages/airflow/example_dags/example_branch_day_of_week_operator.py
[2025-05-31T19:53:32.599-0300] {processor.py:840} INFO - DAG(s) 'example_weekday_branch_operator' retrieved from /home/walterg/Documentos/Data_projects/Data-Warehouse-postgres-DBT-airflow-/.venv/lib/python3.11/site-packages/airflow/example_dags/example_branch_day_of_week_operator.py
[2025-05-31T19:53:32.612-0300] {logging_mixin.py:188} INFO - [2025-05-31T19:53:32.612-0300] {dag.py:3036} INFO - Sync 1 DAGs
[2025-05-31T19:53:32.625-0300] {logging_mixin.py:188} INFO - [2025-05-31T19:53:32.625-0300] {dag.py:3823} INFO - Setting next_dagrun for example_weekday_branch_operator to 2025-05-30 00:00:00+00:00, run_after=2025-05-31 00:00:00+00:00
[2025-05-31T19:53:32.643-0300] {processor.py:183} INFO - Processing /home/walterg/Documentos/Data_projects/Data-Warehouse-postgres-DBT-airflow-/.venv/lib/python3.11/site-packages/airflow/example_dags/example_branch_day_of_week_operator.py took 0.058 seconds
[2025-05-31T19:54:33.378-0300] {processor.py:161} INFO - Started process (PID=16383) to work on /home/walterg/Documentos/Data_projects/Data-Warehouse-postgres-DBT-airflow-/.venv/lib/python3.11/site-packages/airflow/example_dags/example_branch_day_of_week_operator.py
[2025-05-31T19:54:33.383-0300] {processor.py:830} INFO - Processing file /home/walterg/Documentos/Data_projects/Data-Warehouse-postgres-DBT-airflow-/.venv/lib/python3.11/site-packages/airflow/example_dags/example_branch_day_of_week_operator.py for tasks to queue
[2025-05-31T19:54:33.385-0300] {logging_mixin.py:188} INFO - [2025-05-31T19:54:33.384-0300] {dagbag.py:538} INFO - Filling up the DagBag from /home/walterg/Documentos/Data_projects/Data-Warehouse-postgres-DBT-airflow-/.venv/lib/python3.11/site-packages/airflow/example_dags/example_branch_day_of_week_operator.py
[2025-05-31T19:54:33.391-0300] {processor.py:840} INFO - DAG(s) 'example_weekday_branch_operator' retrieved from /home/walterg/Documentos/Data_projects/Data-Warehouse-postgres-DBT-airflow-/.venv/lib/python3.11/site-packages/airflow/example_dags/example_branch_day_of_week_operator.py
[2025-05-31T19:54:33.403-0300] {logging_mixin.py:188} INFO - [2025-05-31T19:54:33.403-0300] {dag.py:3036} INFO - Sync 1 DAGs
[2025-05-31T19:54:33.417-0300] {logging_mixin.py:188} INFO - [2025-05-31T19:54:33.416-0300] {dag.py:3823} INFO - Setting next_dagrun for example_weekday_branch_operator to 2025-05-30 00:00:00+00:00, run_after=2025-05-31 00:00:00+00:00
[2025-05-31T19:54:33.433-0300] {processor.py:183} INFO - Processing /home/walterg/Documentos/Data_projects/Data-Warehouse-postgres-DBT-airflow-/.venv/lib/python3.11/site-packages/airflow/example_dags/example_branch_day_of_week_operator.py took 0.057 seconds
[2025-05-31T19:55:33.744-0300] {processor.py:161} INFO - Started process (PID=16609) to work on /home/walterg/Documentos/Data_projects/Data-Warehouse-postgres-DBT-airflow-/.venv/lib/python3.11/site-packages/airflow/example_dags/example_branch_day_of_week_operator.py
[2025-05-31T19:55:33.749-0300] {processor.py:830} INFO - Processing file /home/walterg/Documentos/Data_projects/Data-Warehouse-postgres-DBT-airflow-/.venv/lib/python3.11/site-packages/airflow/example_dags/example_branch_day_of_week_operator.py for tasks to queue
[2025-05-31T19:55:33.750-0300] {logging_mixin.py:188} INFO - [2025-05-31T19:55:33.750-0300] {dagbag.py:538} INFO - Filling up the DagBag from /home/walterg/Documentos/Data_projects/Data-Warehouse-postgres-DBT-airflow-/.venv/lib/python3.11/site-packages/airflow/example_dags/example_branch_day_of_week_operator.py
[2025-05-31T19:55:33.756-0300] {processor.py:840} INFO - DAG(s) 'example_weekday_branch_operator' retrieved from /home/walterg/Documentos/Data_projects/Data-Warehouse-postgres-DBT-airflow-/.venv/lib/python3.11/site-packages/airflow/example_dags/example_branch_day_of_week_operator.py
[2025-05-31T19:55:33.769-0300] {logging_mixin.py:188} INFO - [2025-05-31T19:55:33.769-0300] {dag.py:3036} INFO - Sync 1 DAGs
[2025-05-31T19:55:33.782-0300] {logging_mixin.py:188} INFO - [2025-05-31T19:55:33.782-0300] {dag.py:3823} INFO - Setting next_dagrun for example_weekday_branch_operator to 2025-05-30 00:00:00+00:00, run_after=2025-05-31 00:00:00+00:00
[2025-05-31T19:55:33.799-0300] {processor.py:183} INFO - Processing /home/walterg/Documentos/Data_projects/Data-Warehouse-postgres-DBT-airflow-/.venv/lib/python3.11/site-packages/airflow/example_dags/example_branch_day_of_week_operator.py took 0.057 seconds
[2025-05-31T19:56:29.183-0300] {processor.py:161} INFO - Started process (PID=16858) to work on /home/walterg/Documentos/Data_projects/Data-Warehouse-postgres-DBT-airflow-/.venv/lib/python3.11/site-packages/airflow/example_dags/example_branch_day_of_week_operator.py
[2025-05-31T19:56:29.188-0300] {processor.py:830} INFO - Processing file /home/walterg/Documentos/Data_projects/Data-Warehouse-postgres-DBT-airflow-/.venv/lib/python3.11/site-packages/airflow/example_dags/example_branch_day_of_week_operator.py for tasks to queue
[2025-05-31T19:56:29.189-0300] {logging_mixin.py:188} INFO - [2025-05-31T19:56:29.189-0300] {dagbag.py:538} INFO - Filling up the DagBag from /home/walterg/Documentos/Data_projects/Data-Warehouse-postgres-DBT-airflow-/.venv/lib/python3.11/site-packages/airflow/example_dags/example_branch_day_of_week_operator.py
[2025-05-31T19:56:29.196-0300] {processor.py:840} INFO - DAG(s) 'example_weekday_branch_operator' retrieved from /home/walterg/Documentos/Data_projects/Data-Warehouse-postgres-DBT-airflow-/.venv/lib/python3.11/site-packages/airflow/example_dags/example_branch_day_of_week_operator.py
[2025-05-31T19:56:29.209-0300] {logging_mixin.py:188} INFO - [2025-05-31T19:56:29.209-0300] {dag.py:3036} INFO - Sync 1 DAGs
[2025-05-31T19:56:29.222-0300] {logging_mixin.py:188} INFO - [2025-05-31T19:56:29.222-0300] {dag.py:3823} INFO - Setting next_dagrun for example_weekday_branch_operator to 2025-05-30 00:00:00+00:00, run_after=2025-05-31 00:00:00+00:00
[2025-05-31T19:56:29.239-0300] {processor.py:183} INFO - Processing /home/walterg/Documentos/Data_projects/Data-Warehouse-postgres-DBT-airflow-/.venv/lib/python3.11/site-packages/airflow/example_dags/example_branch_day_of_week_operator.py took 0.058 seconds
[2025-05-31T19:57:32.759-0300] {processor.py:161} INFO - Started process (PID=17041) to work on /home/walterg/Documentos/Data_projects/Data-Warehouse-postgres-DBT-airflow-/.venv/lib/python3.11/site-packages/airflow/example_dags/example_branch_day_of_week_operator.py
[2025-05-31T19:57:32.764-0300] {processor.py:830} INFO - Processing file /home/walterg/Documentos/Data_projects/Data-Warehouse-postgres-DBT-airflow-/.venv/lib/python3.11/site-packages/airflow/example_dags/example_branch_day_of_week_operator.py for tasks to queue
[2025-05-31T19:57:32.765-0300] {logging_mixin.py:188} INFO - [2025-05-31T19:57:32.765-0300] {dagbag.py:538} INFO - Filling up the DagBag from /home/walterg/Documentos/Data_projects/Data-Warehouse-postgres-DBT-airflow-/.venv/lib/python3.11/site-packages/airflow/example_dags/example_branch_day_of_week_operator.py
[2025-05-31T19:57:32.771-0300] {processor.py:840} INFO - DAG(s) 'example_weekday_branch_operator' retrieved from /home/walterg/Documentos/Data_projects/Data-Warehouse-postgres-DBT-airflow-/.venv/lib/python3.11/site-packages/airflow/example_dags/example_branch_day_of_week_operator.py
[2025-05-31T19:57:32.785-0300] {logging_mixin.py:188} INFO - [2025-05-31T19:57:32.784-0300] {dag.py:3036} INFO - Sync 1 DAGs
[2025-05-31T19:57:32.798-0300] {logging_mixin.py:188} INFO - [2025-05-31T19:57:32.798-0300] {dag.py:3823} INFO - Setting next_dagrun for example_weekday_branch_operator to 2025-05-30 00:00:00+00:00, run_after=2025-05-31 00:00:00+00:00
[2025-05-31T19:57:32.815-0300] {processor.py:183} INFO - Processing /home/walterg/Documentos/Data_projects/Data-Warehouse-postgres-DBT-airflow-/.venv/lib/python3.11/site-packages/airflow/example_dags/example_branch_day_of_week_operator.py took 0.059 seconds
[2025-05-31T19:58:36.015-0300] {processor.py:161} INFO - Started process (PID=17253) to work on /home/walterg/Documentos/Data_projects/Data-Warehouse-postgres-DBT-airflow-/.venv/lib/python3.11/site-packages/airflow/example_dags/example_branch_day_of_week_operator.py
[2025-05-31T19:58:36.020-0300] {processor.py:830} INFO - Processing file /home/walterg/Documentos/Data_projects/Data-Warehouse-postgres-DBT-airflow-/.venv/lib/python3.11/site-packages/airflow/example_dags/example_branch_day_of_week_operator.py for tasks to queue
[2025-05-31T19:58:36.021-0300] {logging_mixin.py:188} INFO - [2025-05-31T19:58:36.021-0300] {dagbag.py:538} INFO - Filling up the DagBag from /home/walterg/Documentos/Data_projects/Data-Warehouse-postgres-DBT-airflow-/.venv/lib/python3.11/site-packages/airflow/example_dags/example_branch_day_of_week_operator.py
[2025-05-31T19:58:36.027-0300] {processor.py:840} INFO - DAG(s) 'example_weekday_branch_operator' retrieved from /home/walterg/Documentos/Data_projects/Data-Warehouse-postgres-DBT-airflow-/.venv/lib/python3.11/site-packages/airflow/example_dags/example_branch_day_of_week_operator.py
[2025-05-31T19:58:36.041-0300] {logging_mixin.py:188} INFO - [2025-05-31T19:58:36.041-0300] {dag.py:3036} INFO - Sync 1 DAGs
[2025-05-31T19:58:36.054-0300] {logging_mixin.py:188} INFO - [2025-05-31T19:58:36.054-0300] {dag.py:3823} INFO - Setting next_dagrun for example_weekday_branch_operator to 2025-05-30 00:00:00+00:00, run_after=2025-05-31 00:00:00+00:00
[2025-05-31T19:58:36.071-0300] {processor.py:183} INFO - Processing /home/walterg/Documentos/Data_projects/Data-Warehouse-postgres-DBT-airflow-/.venv/lib/python3.11/site-packages/airflow/example_dags/example_branch_day_of_week_operator.py took 0.058 seconds
[2025-05-31T19:59:41.601-0300] {processor.py:161} INFO - Started process (PID=17552) to work on /home/walterg/Documentos/Data_projects/Data-Warehouse-postgres-DBT-airflow-/.venv/lib/python3.11/site-packages/airflow/example_dags/example_branch_day_of_week_operator.py
[2025-05-31T19:59:41.606-0300] {processor.py:830} INFO - Processing file /home/walterg/Documentos/Data_projects/Data-Warehouse-postgres-DBT-airflow-/.venv/lib/python3.11/site-packages/airflow/example_dags/example_branch_day_of_week_operator.py for tasks to queue
[2025-05-31T19:59:41.606-0300] {logging_mixin.py:188} INFO - [2025-05-31T19:59:41.606-0300] {dagbag.py:538} INFO - Filling up the DagBag from /home/walterg/Documentos/Data_projects/Data-Warehouse-postgres-DBT-airflow-/.venv/lib/python3.11/site-packages/airflow/example_dags/example_branch_day_of_week_operator.py
[2025-05-31T19:59:41.612-0300] {processor.py:840} INFO - DAG(s) 'example_weekday_branch_operator' retrieved from /home/walterg/Documentos/Data_projects/Data-Warehouse-postgres-DBT-airflow-/.venv/lib/python3.11/site-packages/airflow/example_dags/example_branch_day_of_week_operator.py
[2025-05-31T19:59:41.625-0300] {logging_mixin.py:188} INFO - [2025-05-31T19:59:41.625-0300] {dag.py:3036} INFO - Sync 1 DAGs
[2025-05-31T19:59:41.638-0300] {logging_mixin.py:188} INFO - [2025-05-31T19:59:41.638-0300] {dag.py:3823} INFO - Setting next_dagrun for example_weekday_branch_operator to 2025-05-30 00:00:00+00:00, run_after=2025-05-31 00:00:00+00:00
[2025-05-31T19:59:41.654-0300] {processor.py:183} INFO - Processing /home/walterg/Documentos/Data_projects/Data-Warehouse-postgres-DBT-airflow-/.venv/lib/python3.11/site-packages/airflow/example_dags/example_branch_day_of_week_operator.py took 0.056 seconds
