[2025-05-31T19:30:37.987-0300] {processor.py:161} INFO - Started process (PID=9852) to work on /home/walterg/Documentos/Data_projects/Data-Warehouse-postgres-DBT-airflow-/.venv/lib/python3.11/site-packages/airflow/example_dags/example_branch_labels.py
[2025-05-31T19:30:37.988-0300] {processor.py:830} INFO - Processing file /home/walterg/Documentos/Data_projects/Data-Warehouse-postgres-DBT-airflow-/.venv/lib/python3.11/site-packages/airflow/example_dags/example_branch_labels.py for tasks to queue
[2025-05-31T19:30:37.988-0300] {logging_mixin.py:188} INFO - [2025-05-31T19:30:37.988-0300] {dagbag.py:538} INFO - Filling up the DagBag from /home/walterg/Documentos/Data_projects/Data-Warehouse-postgres-DBT-airflow-/.venv/lib/python3.11/site-packages/airflow/example_dags/example_branch_labels.py
[2025-05-31T19:30:37.995-0300] {processor.py:840} INFO - DAG(s) 'example_branch_labels' retrieved from /home/walterg/Documentos/Data_projects/Data-Warehouse-postgres-DBT-airflow-/.venv/lib/python3.11/site-packages/airflow/example_dags/example_branch_labels.py
[2025-05-31T19:30:38.073-0300] {logging_mixin.py:188} INFO - [2025-05-31T19:30:38.072-0300] {override.py:1769} INFO - Created Permission View: can edit on DAG:example_branch_labels
[2025-05-31T19:30:38.082-0300] {logging_mixin.py:188} INFO - [2025-05-31T19:30:38.082-0300] {override.py:1769} INFO - Created Permission View: can read on DAG:example_branch_labels
[2025-05-31T19:30:38.091-0300] {logging_mixin.py:188} INFO - [2025-05-31T19:30:38.090-0300] {override.py:1769} INFO - Created Permission View: can delete on DAG:example_branch_labels
[2025-05-31T19:30:38.091-0300] {logging_mixin.py:188} INFO - [2025-05-31T19:30:38.091-0300] {dag.py:3036} INFO - Sync 1 DAGs
[2025-05-31T19:30:38.098-0300] {logging_mixin.py:188} INFO - [2025-05-31T19:30:38.098-0300] {dag.py:3058} INFO - Creating ORM DAG for example_branch_labels
[2025-05-31T19:30:38.105-0300] {logging_mixin.py:188} INFO - [2025-05-31T19:30:38.104-0300] {dag.py:3823} INFO - Setting next_dagrun for example_branch_labels to 2025-05-30 00:00:00+00:00, run_after=2025-05-31 00:00:00+00:00
[2025-05-31T19:30:38.121-0300] {processor.py:183} INFO - Processing /home/walterg/Documentos/Data_projects/Data-Warehouse-postgres-DBT-airflow-/.venv/lib/python3.11/site-packages/airflow/example_dags/example_branch_labels.py took 0.138 seconds
[2025-05-31T19:31:32.512-0300] {processor.py:161} INFO - Started process (PID=10041) to work on /home/walterg/Documentos/Data_projects/Data-Warehouse-postgres-DBT-airflow-/.venv/lib/python3.11/site-packages/airflow/example_dags/example_branch_labels.py
[2025-05-31T19:31:32.517-0300] {processor.py:830} INFO - Processing file /home/walterg/Documentos/Data_projects/Data-Warehouse-postgres-DBT-airflow-/.venv/lib/python3.11/site-packages/airflow/example_dags/example_branch_labels.py for tasks to queue
[2025-05-31T19:31:32.518-0300] {logging_mixin.py:188} INFO - [2025-05-31T19:31:32.517-0300] {dagbag.py:538} INFO - Filling up the DagBag from /home/walterg/Documentos/Data_projects/Data-Warehouse-postgres-DBT-airflow-/.venv/lib/python3.11/site-packages/airflow/example_dags/example_branch_labels.py
[2025-05-31T19:31:32.524-0300] {processor.py:840} INFO - DAG(s) 'example_branch_labels' retrieved from /home/walterg/Documentos/Data_projects/Data-Warehouse-postgres-DBT-airflow-/.venv/lib/python3.11/site-packages/airflow/example_dags/example_branch_labels.py
[2025-05-31T19:31:32.537-0300] {logging_mixin.py:188} INFO - [2025-05-31T19:31:32.537-0300] {dag.py:3036} INFO - Sync 1 DAGs
[2025-05-31T19:31:32.551-0300] {logging_mixin.py:188} INFO - [2025-05-31T19:31:32.551-0300] {dag.py:3823} INFO - Setting next_dagrun for example_branch_labels to 2025-05-30 00:00:00+00:00, run_after=2025-05-31 00:00:00+00:00
[2025-05-31T19:31:32.568-0300] {processor.py:183} INFO - Processing /home/walterg/Documentos/Data_projects/Data-Warehouse-postgres-DBT-airflow-/.venv/lib/python3.11/site-packages/airflow/example_dags/example_branch_labels.py took 0.059 seconds
[2025-05-31T19:41:44.715-0300] {processor.py:161} INFO - Started process (PID=12409) to work on /home/walterg/Documentos/Data_projects/Data-Warehouse-postgres-DBT-airflow-/.venv/lib/python3.11/site-packages/airflow/example_dags/example_branch_labels.py
[2025-05-31T19:41:44.720-0300] {processor.py:830} INFO - Processing file /home/walterg/Documentos/Data_projects/Data-Warehouse-postgres-DBT-airflow-/.venv/lib/python3.11/site-packages/airflow/example_dags/example_branch_labels.py for tasks to queue
[2025-05-31T19:41:44.722-0300] {logging_mixin.py:188} INFO - [2025-05-31T19:41:44.721-0300] {dagbag.py:538} INFO - Filling up the DagBag from /home/walterg/Documentos/Data_projects/Data-Warehouse-postgres-DBT-airflow-/.venv/lib/python3.11/site-packages/airflow/example_dags/example_branch_labels.py
[2025-05-31T19:41:44.728-0300] {processor.py:840} INFO - DAG(s) 'example_branch_labels' retrieved from /home/walterg/Documentos/Data_projects/Data-Warehouse-postgres-DBT-airflow-/.venv/lib/python3.11/site-packages/airflow/example_dags/example_branch_labels.py
[2025-05-31T19:41:44.793-0300] {logging_mixin.py:188} INFO - [2025-05-31T19:41:44.793-0300] {dag.py:3036} INFO - Sync 1 DAGs
[2025-05-31T19:41:44.804-0300] {logging_mixin.py:188} INFO - [2025-05-31T19:41:44.804-0300] {dag.py:3823} INFO - Setting next_dagrun for example_branch_labels to 2025-05-30 00:00:00+00:00, run_after=2025-05-31 00:00:00+00:00
[2025-05-31T19:41:44.821-0300] {processor.py:183} INFO - Processing /home/walterg/Documentos/Data_projects/Data-Warehouse-postgres-DBT-airflow-/.venv/lib/python3.11/site-packages/airflow/example_dags/example_branch_labels.py took 0.108 seconds
[2025-05-31T19:42:40.078-0300] {processor.py:161} INFO - Started process (PID=12760) to work on /home/walterg/Documentos/Data_projects/Data-Warehouse-postgres-DBT-airflow-/.venv/lib/python3.11/site-packages/airflow/example_dags/example_branch_labels.py
[2025-05-31T19:42:40.083-0300] {processor.py:830} INFO - Processing file /home/walterg/Documentos/Data_projects/Data-Warehouse-postgres-DBT-airflow-/.venv/lib/python3.11/site-packages/airflow/example_dags/example_branch_labels.py for tasks to queue
[2025-05-31T19:42:40.085-0300] {logging_mixin.py:188} INFO - [2025-05-31T19:42:40.084-0300] {dagbag.py:538} INFO - Filling up the DagBag from /home/walterg/Documentos/Data_projects/Data-Warehouse-postgres-DBT-airflow-/.venv/lib/python3.11/site-packages/airflow/example_dags/example_branch_labels.py
[2025-05-31T19:42:40.091-0300] {processor.py:840} INFO - DAG(s) 'example_branch_labels' retrieved from /home/walterg/Documentos/Data_projects/Data-Warehouse-postgres-DBT-airflow-/.venv/lib/python3.11/site-packages/airflow/example_dags/example_branch_labels.py
[2025-05-31T19:42:40.106-0300] {logging_mixin.py:188} INFO - [2025-05-31T19:42:40.105-0300] {dag.py:3036} INFO - Sync 1 DAGs
[2025-05-31T19:42:40.120-0300] {logging_mixin.py:188} INFO - [2025-05-31T19:42:40.120-0300] {dag.py:3823} INFO - Setting next_dagrun for example_branch_labels to 2025-05-30 00:00:00+00:00, run_after=2025-05-31 00:00:00+00:00
[2025-05-31T19:42:40.137-0300] {processor.py:183} INFO - Processing /home/walterg/Documentos/Data_projects/Data-Warehouse-postgres-DBT-airflow-/.venv/lib/python3.11/site-packages/airflow/example_dags/example_branch_labels.py took 0.062 seconds
[2025-05-31T19:43:40.599-0300] {processor.py:161} INFO - Started process (PID=13273) to work on /home/walterg/Documentos/Data_projects/Data-Warehouse-postgres-DBT-airflow-/.venv/lib/python3.11/site-packages/airflow/example_dags/example_branch_labels.py
[2025-05-31T19:43:40.604-0300] {processor.py:830} INFO - Processing file /home/walterg/Documentos/Data_projects/Data-Warehouse-postgres-DBT-airflow-/.venv/lib/python3.11/site-packages/airflow/example_dags/example_branch_labels.py for tasks to queue
[2025-05-31T19:43:40.605-0300] {logging_mixin.py:188} INFO - [2025-05-31T19:43:40.605-0300] {dagbag.py:538} INFO - Filling up the DagBag from /home/walterg/Documentos/Data_projects/Data-Warehouse-postgres-DBT-airflow-/.venv/lib/python3.11/site-packages/airflow/example_dags/example_branch_labels.py
[2025-05-31T19:43:40.612-0300] {processor.py:840} INFO - DAG(s) 'example_branch_labels' retrieved from /home/walterg/Documentos/Data_projects/Data-Warehouse-postgres-DBT-airflow-/.venv/lib/python3.11/site-packages/airflow/example_dags/example_branch_labels.py
[2025-05-31T19:43:40.625-0300] {logging_mixin.py:188} INFO - [2025-05-31T19:43:40.625-0300] {dag.py:3036} INFO - Sync 1 DAGs
[2025-05-31T19:43:40.639-0300] {logging_mixin.py:188} INFO - [2025-05-31T19:43:40.639-0300] {dag.py:3823} INFO - Setting next_dagrun for example_branch_labels to 2025-05-30 00:00:00+00:00, run_after=2025-05-31 00:00:00+00:00
[2025-05-31T19:43:40.656-0300] {processor.py:183} INFO - Processing /home/walterg/Documentos/Data_projects/Data-Warehouse-postgres-DBT-airflow-/.venv/lib/python3.11/site-packages/airflow/example_dags/example_branch_labels.py took 0.060 seconds
[2025-05-31T19:44:45.545-0300] {processor.py:161} INFO - Started process (PID=13613) to work on /home/walterg/Documentos/Data_projects/Data-Warehouse-postgres-DBT-airflow-/.venv/lib/python3.11/site-packages/airflow/example_dags/example_branch_labels.py
[2025-05-31T19:44:45.550-0300] {processor.py:830} INFO - Processing file /home/walterg/Documentos/Data_projects/Data-Warehouse-postgres-DBT-airflow-/.venv/lib/python3.11/site-packages/airflow/example_dags/example_branch_labels.py for tasks to queue
[2025-05-31T19:44:45.550-0300] {logging_mixin.py:188} INFO - [2025-05-31T19:44:45.550-0300] {dagbag.py:538} INFO - Filling up the DagBag from /home/walterg/Documentos/Data_projects/Data-Warehouse-postgres-DBT-airflow-/.venv/lib/python3.11/site-packages/airflow/example_dags/example_branch_labels.py
[2025-05-31T19:44:45.557-0300] {processor.py:840} INFO - DAG(s) 'example_branch_labels' retrieved from /home/walterg/Documentos/Data_projects/Data-Warehouse-postgres-DBT-airflow-/.venv/lib/python3.11/site-packages/airflow/example_dags/example_branch_labels.py
[2025-05-31T19:44:45.570-0300] {logging_mixin.py:188} INFO - [2025-05-31T19:44:45.570-0300] {dag.py:3036} INFO - Sync 1 DAGs
[2025-05-31T19:44:45.584-0300] {logging_mixin.py:188} INFO - [2025-05-31T19:44:45.584-0300] {dag.py:3823} INFO - Setting next_dagrun for example_branch_labels to 2025-05-30 00:00:00+00:00, run_after=2025-05-31 00:00:00+00:00
[2025-05-31T19:44:45.600-0300] {processor.py:183} INFO - Processing /home/walterg/Documentos/Data_projects/Data-Warehouse-postgres-DBT-airflow-/.venv/lib/python3.11/site-packages/airflow/example_dags/example_branch_labels.py took 0.057 seconds
[2025-05-31T19:45:51.444-0300] {processor.py:161} INFO - Started process (PID=13921) to work on /home/walterg/Documentos/Data_projects/Data-Warehouse-postgres-DBT-airflow-/.venv/lib/python3.11/site-packages/airflow/example_dags/example_branch_labels.py
[2025-05-31T19:45:51.450-0300] {processor.py:830} INFO - Processing file /home/walterg/Documentos/Data_projects/Data-Warehouse-postgres-DBT-airflow-/.venv/lib/python3.11/site-packages/airflow/example_dags/example_branch_labels.py for tasks to queue
[2025-05-31T19:45:51.451-0300] {logging_mixin.py:188} INFO - [2025-05-31T19:45:51.451-0300] {dagbag.py:538} INFO - Filling up the DagBag from /home/walterg/Documentos/Data_projects/Data-Warehouse-postgres-DBT-airflow-/.venv/lib/python3.11/site-packages/airflow/example_dags/example_branch_labels.py
[2025-05-31T19:45:51.457-0300] {processor.py:840} INFO - DAG(s) 'example_branch_labels' retrieved from /home/walterg/Documentos/Data_projects/Data-Warehouse-postgres-DBT-airflow-/.venv/lib/python3.11/site-packages/airflow/example_dags/example_branch_labels.py
[2025-05-31T19:45:51.471-0300] {logging_mixin.py:188} INFO - [2025-05-31T19:45:51.471-0300] {dag.py:3036} INFO - Sync 1 DAGs
[2025-05-31T19:45:51.485-0300] {logging_mixin.py:188} INFO - [2025-05-31T19:45:51.484-0300] {dag.py:3823} INFO - Setting next_dagrun for example_branch_labels to 2025-05-30 00:00:00+00:00, run_after=2025-05-31 00:00:00+00:00
[2025-05-31T19:45:51.501-0300] {processor.py:183} INFO - Processing /home/walterg/Documentos/Data_projects/Data-Warehouse-postgres-DBT-airflow-/.venv/lib/python3.11/site-packages/airflow/example_dags/example_branch_labels.py took 0.059 seconds
[2025-05-31T19:46:49.391-0300] {processor.py:161} INFO - Started process (PID=14176) to work on /home/walterg/Documentos/Data_projects/Data-Warehouse-postgres-DBT-airflow-/.venv/lib/python3.11/site-packages/airflow/example_dags/example_branch_labels.py
[2025-05-31T19:46:49.396-0300] {processor.py:830} INFO - Processing file /home/walterg/Documentos/Data_projects/Data-Warehouse-postgres-DBT-airflow-/.venv/lib/python3.11/site-packages/airflow/example_dags/example_branch_labels.py for tasks to queue
[2025-05-31T19:46:49.397-0300] {logging_mixin.py:188} INFO - [2025-05-31T19:46:49.396-0300] {dagbag.py:538} INFO - Filling up the DagBag from /home/walterg/Documentos/Data_projects/Data-Warehouse-postgres-DBT-airflow-/.venv/lib/python3.11/site-packages/airflow/example_dags/example_branch_labels.py
[2025-05-31T19:46:49.403-0300] {processor.py:840} INFO - DAG(s) 'example_branch_labels' retrieved from /home/walterg/Documentos/Data_projects/Data-Warehouse-postgres-DBT-airflow-/.venv/lib/python3.11/site-packages/airflow/example_dags/example_branch_labels.py
[2025-05-31T19:46:49.420-0300] {logging_mixin.py:188} INFO - [2025-05-31T19:46:49.420-0300] {dag.py:3036} INFO - Sync 1 DAGs
[2025-05-31T19:46:49.435-0300] {logging_mixin.py:188} INFO - [2025-05-31T19:46:49.435-0300] {dag.py:3823} INFO - Setting next_dagrun for example_branch_labels to 2025-05-30 00:00:00+00:00, run_after=2025-05-31 00:00:00+00:00
[2025-05-31T19:46:49.451-0300] {processor.py:183} INFO - Processing /home/walterg/Documentos/Data_projects/Data-Warehouse-postgres-DBT-airflow-/.venv/lib/python3.11/site-packages/airflow/example_dags/example_branch_labels.py took 0.062 seconds
[2025-05-31T19:47:47.560-0300] {processor.py:161} INFO - Started process (PID=14407) to work on /home/walterg/Documentos/Data_projects/Data-Warehouse-postgres-DBT-airflow-/.venv/lib/python3.11/site-packages/airflow/example_dags/example_branch_labels.py
[2025-05-31T19:47:47.565-0300] {processor.py:830} INFO - Processing file /home/walterg/Documentos/Data_projects/Data-Warehouse-postgres-DBT-airflow-/.venv/lib/python3.11/site-packages/airflow/example_dags/example_branch_labels.py for tasks to queue
[2025-05-31T19:47:47.566-0300] {logging_mixin.py:188} INFO - [2025-05-31T19:47:47.566-0300] {dagbag.py:538} INFO - Filling up the DagBag from /home/walterg/Documentos/Data_projects/Data-Warehouse-postgres-DBT-airflow-/.venv/lib/python3.11/site-packages/airflow/example_dags/example_branch_labels.py
[2025-05-31T19:47:47.573-0300] {processor.py:840} INFO - DAG(s) 'example_branch_labels' retrieved from /home/walterg/Documentos/Data_projects/Data-Warehouse-postgres-DBT-airflow-/.venv/lib/python3.11/site-packages/airflow/example_dags/example_branch_labels.py
[2025-05-31T19:47:47.586-0300] {logging_mixin.py:188} INFO - [2025-05-31T19:47:47.586-0300] {dag.py:3036} INFO - Sync 1 DAGs
[2025-05-31T19:47:47.601-0300] {logging_mixin.py:188} INFO - [2025-05-31T19:47:47.601-0300] {dag.py:3823} INFO - Setting next_dagrun for example_branch_labels to 2025-05-30 00:00:00+00:00, run_after=2025-05-31 00:00:00+00:00
[2025-05-31T19:47:47.617-0300] {processor.py:183} INFO - Processing /home/walterg/Documentos/Data_projects/Data-Warehouse-postgres-DBT-airflow-/.venv/lib/python3.11/site-packages/airflow/example_dags/example_branch_labels.py took 0.060 seconds
