[2025-05-31T19:30:20.925-0300] {processor.py:161} INFO - Started process (PID=9802) to work on /home/walterg/Documentos/Data_projects/Data-Warehouse-postgres-DBT-airflow-/.venv/lib/python3.11/site-packages/airflow/example_dags/example_params_ui_tutorial.py
[2025-05-31T19:30:20.925-0300] {processor.py:830} INFO - Processing file /home/walterg/Documentos/Data_projects/Data-Warehouse-postgres-DBT-airflow-/.venv/lib/python3.11/site-packages/airflow/example_dags/example_params_ui_tutorial.py for tasks to queue
[2025-05-31T19:30:20.926-0300] {logging_mixin.py:188} INFO - [2025-05-31T19:30:20.926-0300] {dagbag.py:538} INFO - Filling up the DagBag from /home/walterg/Documentos/Data_projects/Data-Warehouse-postgres-DBT-airflow-/.venv/lib/python3.11/site-packages/airflow/example_dags/example_params_ui_tutorial.py
[2025-05-31T19:30:20.935-0300] {processor.py:840} INFO - DAG(s) 'example_params_ui_tutorial' retrieved from /home/walterg/Documentos/Data_projects/Data-Warehouse-postgres-DBT-airflow-/.venv/lib/python3.11/site-packages/airflow/example_dags/example_params_ui_tutorial.py
[2025-05-31T19:30:21.040-0300] {logging_mixin.py:188} INFO - [2025-05-31T19:30:21.039-0300] {override.py:1769} INFO - Created Permission View: can edit on DAG:example_params_ui_tutorial
[2025-05-31T19:30:21.050-0300] {logging_mixin.py:188} INFO - [2025-05-31T19:30:21.050-0300] {override.py:1769} INFO - Created Permission View: can read on DAG:example_params_ui_tutorial
[2025-05-31T19:30:21.057-0300] {logging_mixin.py:188} INFO - [2025-05-31T19:30:21.057-0300] {override.py:1769} INFO - Created Permission View: can delete on DAG:example_params_ui_tutorial
[2025-05-31T19:30:21.058-0300] {logging_mixin.py:188} INFO - [2025-05-31T19:30:21.058-0300] {dag.py:3036} INFO - Sync 1 DAGs
[2025-05-31T19:30:21.064-0300] {logging_mixin.py:188} INFO - [2025-05-31T19:30:21.064-0300] {dag.py:3058} INFO - Creating ORM DAG for example_params_ui_tutorial
[2025-05-31T19:30:21.065-0300] {logging_mixin.py:188} INFO - [2025-05-31T19:30:21.064-0300] {dag.py:3823} INFO - Setting next_dagrun for example_params_ui_tutorial to None, run_after=None
[2025-05-31T19:30:21.080-0300] {processor.py:183} INFO - Processing /home/walterg/Documentos/Data_projects/Data-Warehouse-postgres-DBT-airflow-/.venv/lib/python3.11/site-packages/airflow/example_dags/example_params_ui_tutorial.py took 0.157 seconds
[2025-05-31T19:31:08.265-0300] {processor.py:161} INFO - Started process (PID=9972) to work on /home/walterg/Documentos/Data_projects/Data-Warehouse-postgres-DBT-airflow-/.venv/lib/python3.11/site-packages/airflow/example_dags/example_params_ui_tutorial.py
[2025-05-31T19:31:08.270-0300] {processor.py:830} INFO - Processing file /home/walterg/Documentos/Data_projects/Data-Warehouse-postgres-DBT-airflow-/.venv/lib/python3.11/site-packages/airflow/example_dags/example_params_ui_tutorial.py for tasks to queue
[2025-05-31T19:31:08.272-0300] {logging_mixin.py:188} INFO - [2025-05-31T19:31:08.271-0300] {dagbag.py:538} INFO - Filling up the DagBag from /home/walterg/Documentos/Data_projects/Data-Warehouse-postgres-DBT-airflow-/.venv/lib/python3.11/site-packages/airflow/example_dags/example_params_ui_tutorial.py
[2025-05-31T19:31:08.282-0300] {processor.py:840} INFO - DAG(s) 'example_params_ui_tutorial' retrieved from /home/walterg/Documentos/Data_projects/Data-Warehouse-postgres-DBT-airflow-/.venv/lib/python3.11/site-packages/airflow/example_dags/example_params_ui_tutorial.py
[2025-05-31T19:31:08.310-0300] {logging_mixin.py:188} INFO - [2025-05-31T19:31:08.310-0300] {dag.py:3036} INFO - Sync 1 DAGs
[2025-05-31T19:31:08.319-0300] {logging_mixin.py:188} INFO - [2025-05-31T19:31:08.319-0300] {dag.py:3823} INFO - Setting next_dagrun for example_params_ui_tutorial to None, run_after=None
[2025-05-31T19:31:08.337-0300] {processor.py:183} INFO - Processing /home/walterg/Documentos/Data_projects/Data-Warehouse-postgres-DBT-airflow-/.venv/lib/python3.11/site-packages/airflow/example_dags/example_params_ui_tutorial.py took 0.075 seconds
[2025-05-31T19:41:26.505-0300] {processor.py:161} INFO - Started process (PID=12371) to work on /home/walterg/Documentos/Data_projects/Data-Warehouse-postgres-DBT-airflow-/.venv/lib/python3.11/site-packages/airflow/example_dags/example_params_ui_tutorial.py
[2025-05-31T19:41:26.510-0300] {processor.py:830} INFO - Processing file /home/walterg/Documentos/Data_projects/Data-Warehouse-postgres-DBT-airflow-/.venv/lib/python3.11/site-packages/airflow/example_dags/example_params_ui_tutorial.py for tasks to queue
[2025-05-31T19:41:26.511-0300] {logging_mixin.py:188} INFO - [2025-05-31T19:41:26.511-0300] {dagbag.py:538} INFO - Filling up the DagBag from /home/walterg/Documentos/Data_projects/Data-Warehouse-postgres-DBT-airflow-/.venv/lib/python3.11/site-packages/airflow/example_dags/example_params_ui_tutorial.py
[2025-05-31T19:41:26.520-0300] {processor.py:840} INFO - DAG(s) 'example_params_ui_tutorial' retrieved from /home/walterg/Documentos/Data_projects/Data-Warehouse-postgres-DBT-airflow-/.venv/lib/python3.11/site-packages/airflow/example_dags/example_params_ui_tutorial.py
[2025-05-31T19:41:26.598-0300] {logging_mixin.py:188} INFO - [2025-05-31T19:41:26.598-0300] {dag.py:3036} INFO - Sync 1 DAGs
[2025-05-31T19:41:26.603-0300] {logging_mixin.py:188} INFO - [2025-05-31T19:41:26.603-0300] {dag.py:3823} INFO - Setting next_dagrun for example_params_ui_tutorial to None, run_after=None
[2025-05-31T19:41:26.621-0300] {processor.py:183} INFO - Processing /home/walterg/Documentos/Data_projects/Data-Warehouse-postgres-DBT-airflow-/.venv/lib/python3.11/site-packages/airflow/example_dags/example_params_ui_tutorial.py took 0.118 seconds
[2025-05-31T19:42:23.884-0300] {processor.py:161} INFO - Started process (PID=12690) to work on /home/walterg/Documentos/Data_projects/Data-Warehouse-postgres-DBT-airflow-/.venv/lib/python3.11/site-packages/airflow/example_dags/example_params_ui_tutorial.py
[2025-05-31T19:42:23.889-0300] {processor.py:830} INFO - Processing file /home/walterg/Documentos/Data_projects/Data-Warehouse-postgres-DBT-airflow-/.venv/lib/python3.11/site-packages/airflow/example_dags/example_params_ui_tutorial.py for tasks to queue
[2025-05-31T19:42:23.890-0300] {logging_mixin.py:188} INFO - [2025-05-31T19:42:23.890-0300] {dagbag.py:538} INFO - Filling up the DagBag from /home/walterg/Documentos/Data_projects/Data-Warehouse-postgres-DBT-airflow-/.venv/lib/python3.11/site-packages/airflow/example_dags/example_params_ui_tutorial.py
[2025-05-31T19:42:23.900-0300] {processor.py:840} INFO - DAG(s) 'example_params_ui_tutorial' retrieved from /home/walterg/Documentos/Data_projects/Data-Warehouse-postgres-DBT-airflow-/.venv/lib/python3.11/site-packages/airflow/example_dags/example_params_ui_tutorial.py
[2025-05-31T19:42:23.929-0300] {logging_mixin.py:188} INFO - [2025-05-31T19:42:23.929-0300] {dag.py:3036} INFO - Sync 1 DAGs
[2025-05-31T19:42:23.936-0300] {logging_mixin.py:188} INFO - [2025-05-31T19:42:23.936-0300] {dag.py:3823} INFO - Setting next_dagrun for example_params_ui_tutorial to None, run_after=None
[2025-05-31T19:42:23.953-0300] {processor.py:183} INFO - Processing /home/walterg/Documentos/Data_projects/Data-Warehouse-postgres-DBT-airflow-/.venv/lib/python3.11/site-packages/airflow/example_dags/example_params_ui_tutorial.py took 0.072 seconds
[2025-05-31T19:43:11.245-0300] {processor.py:161} INFO - Started process (PID=12991) to work on /home/walterg/Documentos/Data_projects/Data-Warehouse-postgres-DBT-airflow-/.venv/lib/python3.11/site-packages/airflow/example_dags/example_params_ui_tutorial.py
[2025-05-31T19:43:11.250-0300] {processor.py:830} INFO - Processing file /home/walterg/Documentos/Data_projects/Data-Warehouse-postgres-DBT-airflow-/.venv/lib/python3.11/site-packages/airflow/example_dags/example_params_ui_tutorial.py for tasks to queue
[2025-05-31T19:43:11.251-0300] {logging_mixin.py:188} INFO - [2025-05-31T19:43:11.251-0300] {dagbag.py:538} INFO - Filling up the DagBag from /home/walterg/Documentos/Data_projects/Data-Warehouse-postgres-DBT-airflow-/.venv/lib/python3.11/site-packages/airflow/example_dags/example_params_ui_tutorial.py
[2025-05-31T19:43:11.261-0300] {processor.py:840} INFO - DAG(s) 'example_params_ui_tutorial' retrieved from /home/walterg/Documentos/Data_projects/Data-Warehouse-postgres-DBT-airflow-/.venv/lib/python3.11/site-packages/airflow/example_dags/example_params_ui_tutorial.py
[2025-05-31T19:43:11.288-0300] {logging_mixin.py:188} INFO - [2025-05-31T19:43:11.288-0300] {dag.py:3036} INFO - Sync 1 DAGs
[2025-05-31T19:43:11.295-0300] {logging_mixin.py:188} INFO - [2025-05-31T19:43:11.295-0300] {dag.py:3823} INFO - Setting next_dagrun for example_params_ui_tutorial to None, run_after=None
[2025-05-31T19:43:11.311-0300] {processor.py:183} INFO - Processing /home/walterg/Documentos/Data_projects/Data-Warehouse-postgres-DBT-airflow-/.venv/lib/python3.11/site-packages/airflow/example_dags/example_params_ui_tutorial.py took 0.068 seconds
[2025-05-31T19:44:10.907-0300] {processor.py:161} INFO - Started process (PID=13426) to work on /home/walterg/Documentos/Data_projects/Data-Warehouse-postgres-DBT-airflow-/.venv/lib/python3.11/site-packages/airflow/example_dags/example_params_ui_tutorial.py
[2025-05-31T19:44:10.912-0300] {processor.py:830} INFO - Processing file /home/walterg/Documentos/Data_projects/Data-Warehouse-postgres-DBT-airflow-/.venv/lib/python3.11/site-packages/airflow/example_dags/example_params_ui_tutorial.py for tasks to queue
[2025-05-31T19:44:10.913-0300] {logging_mixin.py:188} INFO - [2025-05-31T19:44:10.913-0300] {dagbag.py:538} INFO - Filling up the DagBag from /home/walterg/Documentos/Data_projects/Data-Warehouse-postgres-DBT-airflow-/.venv/lib/python3.11/site-packages/airflow/example_dags/example_params_ui_tutorial.py
[2025-05-31T19:44:10.922-0300] {processor.py:840} INFO - DAG(s) 'example_params_ui_tutorial' retrieved from /home/walterg/Documentos/Data_projects/Data-Warehouse-postgres-DBT-airflow-/.venv/lib/python3.11/site-packages/airflow/example_dags/example_params_ui_tutorial.py
[2025-05-31T19:44:10.950-0300] {logging_mixin.py:188} INFO - [2025-05-31T19:44:10.949-0300] {dag.py:3036} INFO - Sync 1 DAGs
[2025-05-31T19:44:10.957-0300] {logging_mixin.py:188} INFO - [2025-05-31T19:44:10.957-0300] {dag.py:3823} INFO - Setting next_dagrun for example_params_ui_tutorial to None, run_after=None
[2025-05-31T19:44:10.976-0300] {processor.py:183} INFO - Processing /home/walterg/Documentos/Data_projects/Data-Warehouse-postgres-DBT-airflow-/.venv/lib/python3.11/site-packages/airflow/example_dags/example_params_ui_tutorial.py took 0.071 seconds
[2025-05-31T19:44:59.103-0300] {processor.py:161} INFO - Started process (PID=13643) to work on /home/walterg/Documentos/Data_projects/Data-Warehouse-postgres-DBT-airflow-/.venv/lib/python3.11/site-packages/airflow/example_dags/example_params_ui_tutorial.py
[2025-05-31T19:44:59.108-0300] {processor.py:830} INFO - Processing file /home/walterg/Documentos/Data_projects/Data-Warehouse-postgres-DBT-airflow-/.venv/lib/python3.11/site-packages/airflow/example_dags/example_params_ui_tutorial.py for tasks to queue
[2025-05-31T19:44:59.110-0300] {logging_mixin.py:188} INFO - [2025-05-31T19:44:59.109-0300] {dagbag.py:538} INFO - Filling up the DagBag from /home/walterg/Documentos/Data_projects/Data-Warehouse-postgres-DBT-airflow-/.venv/lib/python3.11/site-packages/airflow/example_dags/example_params_ui_tutorial.py
[2025-05-31T19:44:59.119-0300] {processor.py:840} INFO - DAG(s) 'example_params_ui_tutorial' retrieved from /home/walterg/Documentos/Data_projects/Data-Warehouse-postgres-DBT-airflow-/.venv/lib/python3.11/site-packages/airflow/example_dags/example_params_ui_tutorial.py
[2025-05-31T19:44:59.145-0300] {logging_mixin.py:188} INFO - [2025-05-31T19:44:59.145-0300] {dag.py:3036} INFO - Sync 1 DAGs
[2025-05-31T19:44:59.152-0300] {logging_mixin.py:188} INFO - [2025-05-31T19:44:59.152-0300] {dag.py:3823} INFO - Setting next_dagrun for example_params_ui_tutorial to None, run_after=None
[2025-05-31T19:44:59.169-0300] {processor.py:183} INFO - Processing /home/walterg/Documentos/Data_projects/Data-Warehouse-postgres-DBT-airflow-/.venv/lib/python3.11/site-packages/airflow/example_dags/example_params_ui_tutorial.py took 0.068 seconds
[2025-05-31T19:45:44.701-0300] {processor.py:161} INFO - Started process (PID=13884) to work on /home/walterg/Documentos/Data_projects/Data-Warehouse-postgres-DBT-airflow-/.venv/lib/python3.11/site-packages/airflow/example_dags/example_params_ui_tutorial.py
[2025-05-31T19:45:44.706-0300] {processor.py:830} INFO - Processing file /home/walterg/Documentos/Data_projects/Data-Warehouse-postgres-DBT-airflow-/.venv/lib/python3.11/site-packages/airflow/example_dags/example_params_ui_tutorial.py for tasks to queue
[2025-05-31T19:45:44.707-0300] {logging_mixin.py:188} INFO - [2025-05-31T19:45:44.707-0300] {dagbag.py:538} INFO - Filling up the DagBag from /home/walterg/Documentos/Data_projects/Data-Warehouse-postgres-DBT-airflow-/.venv/lib/python3.11/site-packages/airflow/example_dags/example_params_ui_tutorial.py
[2025-05-31T19:45:44.716-0300] {processor.py:840} INFO - DAG(s) 'example_params_ui_tutorial' retrieved from /home/walterg/Documentos/Data_projects/Data-Warehouse-postgres-DBT-airflow-/.venv/lib/python3.11/site-packages/airflow/example_dags/example_params_ui_tutorial.py
[2025-05-31T19:45:44.743-0300] {logging_mixin.py:188} INFO - [2025-05-31T19:45:44.743-0300] {dag.py:3036} INFO - Sync 1 DAGs
[2025-05-31T19:45:44.751-0300] {logging_mixin.py:188} INFO - [2025-05-31T19:45:44.751-0300] {dag.py:3823} INFO - Setting next_dagrun for example_params_ui_tutorial to None, run_after=None
[2025-05-31T19:45:44.767-0300] {processor.py:183} INFO - Processing /home/walterg/Documentos/Data_projects/Data-Warehouse-postgres-DBT-airflow-/.venv/lib/python3.11/site-packages/airflow/example_dags/example_params_ui_tutorial.py took 0.069 seconds
[2025-05-31T19:46:41.867-0300] {processor.py:161} INFO - Started process (PID=14162) to work on /home/walterg/Documentos/Data_projects/Data-Warehouse-postgres-DBT-airflow-/.venv/lib/python3.11/site-packages/airflow/example_dags/example_params_ui_tutorial.py
[2025-05-31T19:46:41.872-0300] {processor.py:830} INFO - Processing file /home/walterg/Documentos/Data_projects/Data-Warehouse-postgres-DBT-airflow-/.venv/lib/python3.11/site-packages/airflow/example_dags/example_params_ui_tutorial.py for tasks to queue
[2025-05-31T19:46:41.874-0300] {logging_mixin.py:188} INFO - [2025-05-31T19:46:41.873-0300] {dagbag.py:538} INFO - Filling up the DagBag from /home/walterg/Documentos/Data_projects/Data-Warehouse-postgres-DBT-airflow-/.venv/lib/python3.11/site-packages/airflow/example_dags/example_params_ui_tutorial.py
[2025-05-31T19:46:41.883-0300] {processor.py:840} INFO - DAG(s) 'example_params_ui_tutorial' retrieved from /home/walterg/Documentos/Data_projects/Data-Warehouse-postgres-DBT-airflow-/.venv/lib/python3.11/site-packages/airflow/example_dags/example_params_ui_tutorial.py
[2025-05-31T19:46:41.910-0300] {logging_mixin.py:188} INFO - [2025-05-31T19:46:41.909-0300] {dag.py:3036} INFO - Sync 1 DAGs
[2025-05-31T19:46:41.917-0300] {logging_mixin.py:188} INFO - [2025-05-31T19:46:41.917-0300] {dag.py:3823} INFO - Setting next_dagrun for example_params_ui_tutorial to None, run_after=None
[2025-05-31T19:46:41.933-0300] {processor.py:183} INFO - Processing /home/walterg/Documentos/Data_projects/Data-Warehouse-postgres-DBT-airflow-/.venv/lib/python3.11/site-packages/airflow/example_dags/example_params_ui_tutorial.py took 0.068 seconds
[2025-05-31T19:47:39.988-0300] {processor.py:161} INFO - Started process (PID=14391) to work on /home/walterg/Documentos/Data_projects/Data-Warehouse-postgres-DBT-airflow-/.venv/lib/python3.11/site-packages/airflow/example_dags/example_params_ui_tutorial.py
[2025-05-31T19:47:39.993-0300] {processor.py:830} INFO - Processing file /home/walterg/Documentos/Data_projects/Data-Warehouse-postgres-DBT-airflow-/.venv/lib/python3.11/site-packages/airflow/example_dags/example_params_ui_tutorial.py for tasks to queue
[2025-05-31T19:47:39.994-0300] {logging_mixin.py:188} INFO - [2025-05-31T19:47:39.993-0300] {dagbag.py:538} INFO - Filling up the DagBag from /home/walterg/Documentos/Data_projects/Data-Warehouse-postgres-DBT-airflow-/.venv/lib/python3.11/site-packages/airflow/example_dags/example_params_ui_tutorial.py
[2025-05-31T19:47:40.003-0300] {processor.py:840} INFO - DAG(s) 'example_params_ui_tutorial' retrieved from /home/walterg/Documentos/Data_projects/Data-Warehouse-postgres-DBT-airflow-/.venv/lib/python3.11/site-packages/airflow/example_dags/example_params_ui_tutorial.py
[2025-05-31T19:47:40.030-0300] {logging_mixin.py:188} INFO - [2025-05-31T19:47:40.030-0300] {dag.py:3036} INFO - Sync 1 DAGs
[2025-05-31T19:47:40.038-0300] {logging_mixin.py:188} INFO - [2025-05-31T19:47:40.037-0300] {dag.py:3823} INFO - Setting next_dagrun for example_params_ui_tutorial to None, run_after=None
[2025-05-31T19:47:40.054-0300] {processor.py:183} INFO - Processing /home/walterg/Documentos/Data_projects/Data-Warehouse-postgres-DBT-airflow-/.venv/lib/python3.11/site-packages/airflow/example_dags/example_params_ui_tutorial.py took 0.069 seconds
