[2025-05-31T19:30:18.459-0300] {processor.py:161} INFO - Started process (PID=9800) to work on /home/walterg/Documentos/Data_projects/Data-Warehouse-postgres-DBT-airflow-/.venv/lib/python3.11/site-packages/airflow/example_dags/example_sensors.py
[2025-05-31T19:30:18.459-0300] {processor.py:830} INFO - Processing file /home/walterg/Documentos/Data_projects/Data-Warehouse-postgres-DBT-airflow-/.venv/lib/python3.11/site-packages/airflow/example_dags/example_sensors.py for tasks to queue
[2025-05-31T19:30:18.460-0300] {logging_mixin.py:188} INFO - [2025-05-31T19:30:18.460-0300] {dagbag.py:538} INFO - Filling up the DagBag from /home/walterg/Documentos/Data_projects/Data-Warehouse-postgres-DBT-airflow-/.venv/lib/python3.11/site-packages/airflow/example_dags/example_sensors.py
[2025-05-31T19:30:18.469-0300] {processor.py:840} INFO - DAG(s) 'example_sensors' retrieved from /home/walterg/Documentos/Data_projects/Data-Warehouse-postgres-DBT-airflow-/.venv/lib/python3.11/site-packages/airflow/example_dags/example_sensors.py
[2025-05-31T19:30:18.549-0300] {logging_mixin.py:188} INFO - [2025-05-31T19:30:18.549-0300] {override.py:1769} INFO - Created Permission View: can edit on DAG:example_sensors
[2025-05-31T19:30:18.559-0300] {logging_mixin.py:188} INFO - [2025-05-31T19:30:18.558-0300] {override.py:1769} INFO - Created Permission View: can read on DAG:example_sensors
[2025-05-31T19:30:18.566-0300] {logging_mixin.py:188} INFO - [2025-05-31T19:30:18.566-0300] {override.py:1769} INFO - Created Permission View: can delete on DAG:example_sensors
[2025-05-31T19:30:18.566-0300] {logging_mixin.py:188} INFO - [2025-05-31T19:30:18.566-0300] {dag.py:3036} INFO - Sync 1 DAGs
[2025-05-31T19:30:18.572-0300] {logging_mixin.py:188} INFO - [2025-05-31T19:30:18.572-0300] {dag.py:3058} INFO - Creating ORM DAG for example_sensors
[2025-05-31T19:30:18.573-0300] {logging_mixin.py:188} INFO - [2025-05-31T19:30:18.573-0300] {dag.py:3823} INFO - Setting next_dagrun for example_sensors to None, run_after=None
[2025-05-31T19:30:18.590-0300] {processor.py:183} INFO - Processing /home/walterg/Documentos/Data_projects/Data-Warehouse-postgres-DBT-airflow-/.venv/lib/python3.11/site-packages/airflow/example_dags/example_sensors.py took 0.134 seconds
[2025-05-31T19:31:06.691-0300] {processor.py:161} INFO - Started process (PID=9967) to work on /home/walterg/Documentos/Data_projects/Data-Warehouse-postgres-DBT-airflow-/.venv/lib/python3.11/site-packages/airflow/example_dags/example_sensors.py
[2025-05-31T19:31:06.696-0300] {processor.py:830} INFO - Processing file /home/walterg/Documentos/Data_projects/Data-Warehouse-postgres-DBT-airflow-/.venv/lib/python3.11/site-packages/airflow/example_dags/example_sensors.py for tasks to queue
[2025-05-31T19:31:06.697-0300] {logging_mixin.py:188} INFO - [2025-05-31T19:31:06.697-0300] {dagbag.py:538} INFO - Filling up the DagBag from /home/walterg/Documentos/Data_projects/Data-Warehouse-postgres-DBT-airflow-/.venv/lib/python3.11/site-packages/airflow/example_dags/example_sensors.py
[2025-05-31T19:31:06.705-0300] {processor.py:840} INFO - DAG(s) 'example_sensors' retrieved from /home/walterg/Documentos/Data_projects/Data-Warehouse-postgres-DBT-airflow-/.venv/lib/python3.11/site-packages/airflow/example_dags/example_sensors.py
[2025-05-31T19:31:06.719-0300] {logging_mixin.py:188} INFO - [2025-05-31T19:31:06.719-0300] {dag.py:3036} INFO - Sync 1 DAGs
[2025-05-31T19:31:06.727-0300] {logging_mixin.py:188} INFO - [2025-05-31T19:31:06.727-0300] {dag.py:3823} INFO - Setting next_dagrun for example_sensors to None, run_after=None
[2025-05-31T19:31:06.744-0300] {processor.py:183} INFO - Processing /home/walterg/Documentos/Data_projects/Data-Warehouse-postgres-DBT-airflow-/.venv/lib/python3.11/site-packages/airflow/example_dags/example_sensors.py took 0.055 seconds
[2025-05-31T19:41:24.039-0300] {processor.py:161} INFO - Started process (PID=12344) to work on /home/walterg/Documentos/Data_projects/Data-Warehouse-postgres-DBT-airflow-/.venv/lib/python3.11/site-packages/airflow/example_dags/example_sensors.py
[2025-05-31T19:41:24.045-0300] {processor.py:830} INFO - Processing file /home/walterg/Documentos/Data_projects/Data-Warehouse-postgres-DBT-airflow-/.venv/lib/python3.11/site-packages/airflow/example_dags/example_sensors.py for tasks to queue
[2025-05-31T19:41:24.047-0300] {logging_mixin.py:188} INFO - [2025-05-31T19:41:24.046-0300] {dagbag.py:538} INFO - Filling up the DagBag from /home/walterg/Documentos/Data_projects/Data-Warehouse-postgres-DBT-airflow-/.venv/lib/python3.11/site-packages/airflow/example_dags/example_sensors.py
[2025-05-31T19:41:24.056-0300] {processor.py:840} INFO - DAG(s) 'example_sensors' retrieved from /home/walterg/Documentos/Data_projects/Data-Warehouse-postgres-DBT-airflow-/.venv/lib/python3.11/site-packages/airflow/example_dags/example_sensors.py
[2025-05-31T19:41:24.127-0300] {logging_mixin.py:188} INFO - [2025-05-31T19:41:24.127-0300] {dag.py:3036} INFO - Sync 1 DAGs
[2025-05-31T19:41:24.133-0300] {logging_mixin.py:188} INFO - [2025-05-31T19:41:24.133-0300] {dag.py:3823} INFO - Setting next_dagrun for example_sensors to None, run_after=None
[2025-05-31T19:41:24.150-0300] {processor.py:183} INFO - Processing /home/walterg/Documentos/Data_projects/Data-Warehouse-postgres-DBT-airflow-/.venv/lib/python3.11/site-packages/airflow/example_dags/example_sensors.py took 0.114 seconds
[2025-05-31T19:42:18.566-0300] {processor.py:161} INFO - Started process (PID=12629) to work on /home/walterg/Documentos/Data_projects/Data-Warehouse-postgres-DBT-airflow-/.venv/lib/python3.11/site-packages/airflow/example_dags/example_sensors.py
[2025-05-31T19:42:18.567-0300] {processor.py:830} INFO - Processing file /home/walterg/Documentos/Data_projects/Data-Warehouse-postgres-DBT-airflow-/.venv/lib/python3.11/site-packages/airflow/example_dags/example_sensors.py for tasks to queue
[2025-05-31T19:42:18.568-0300] {logging_mixin.py:188} INFO - [2025-05-31T19:42:18.567-0300] {dagbag.py:538} INFO - Filling up the DagBag from /home/walterg/Documentos/Data_projects/Data-Warehouse-postgres-DBT-airflow-/.venv/lib/python3.11/site-packages/airflow/example_dags/example_sensors.py
[2025-05-31T19:42:18.575-0300] {processor.py:840} INFO - DAG(s) 'example_sensors' retrieved from /home/walterg/Documentos/Data_projects/Data-Warehouse-postgres-DBT-airflow-/.venv/lib/python3.11/site-packages/airflow/example_dags/example_sensors.py
[2025-05-31T19:42:18.590-0300] {logging_mixin.py:188} INFO - [2025-05-31T19:42:18.590-0300] {dag.py:3036} INFO - Sync 1 DAGs
[2025-05-31T19:42:18.599-0300] {logging_mixin.py:188} INFO - [2025-05-31T19:42:18.599-0300] {dag.py:3823} INFO - Setting next_dagrun for example_sensors to None, run_after=None
[2025-05-31T19:42:18.617-0300] {processor.py:183} INFO - Processing /home/walterg/Documentos/Data_projects/Data-Warehouse-postgres-DBT-airflow-/.venv/lib/python3.11/site-packages/airflow/example_dags/example_sensors.py took 0.054 seconds
[2025-05-31T19:43:08.947-0300] {processor.py:161} INFO - Started process (PID=12980) to work on /home/walterg/Documentos/Data_projects/Data-Warehouse-postgres-DBT-airflow-/.venv/lib/python3.11/site-packages/airflow/example_dags/example_sensors.py
[2025-05-31T19:43:08.952-0300] {processor.py:830} INFO - Processing file /home/walterg/Documentos/Data_projects/Data-Warehouse-postgres-DBT-airflow-/.venv/lib/python3.11/site-packages/airflow/example_dags/example_sensors.py for tasks to queue
[2025-05-31T19:43:08.953-0300] {logging_mixin.py:188} INFO - [2025-05-31T19:43:08.953-0300] {dagbag.py:538} INFO - Filling up the DagBag from /home/walterg/Documentos/Data_projects/Data-Warehouse-postgres-DBT-airflow-/.venv/lib/python3.11/site-packages/airflow/example_dags/example_sensors.py
[2025-05-31T19:43:08.961-0300] {processor.py:840} INFO - DAG(s) 'example_sensors' retrieved from /home/walterg/Documentos/Data_projects/Data-Warehouse-postgres-DBT-airflow-/.venv/lib/python3.11/site-packages/airflow/example_dags/example_sensors.py
[2025-05-31T19:43:08.975-0300] {logging_mixin.py:188} INFO - [2025-05-31T19:43:08.975-0300] {dag.py:3036} INFO - Sync 1 DAGs
[2025-05-31T19:43:08.982-0300] {logging_mixin.py:188} INFO - [2025-05-31T19:43:08.982-0300] {dag.py:3823} INFO - Setting next_dagrun for example_sensors to None, run_after=None
[2025-05-31T19:43:08.997-0300] {processor.py:183} INFO - Processing /home/walterg/Documentos/Data_projects/Data-Warehouse-postgres-DBT-airflow-/.venv/lib/python3.11/site-packages/airflow/example_dags/example_sensors.py took 0.053 seconds
[2025-05-31T19:43:52.234-0300] {processor.py:161} INFO - Started process (PID=13312) to work on /home/walterg/Documentos/Data_projects/Data-Warehouse-postgres-DBT-airflow-/.venv/lib/python3.11/site-packages/airflow/example_dags/example_sensors.py
[2025-05-31T19:43:52.235-0300] {processor.py:830} INFO - Processing file /home/walterg/Documentos/Data_projects/Data-Warehouse-postgres-DBT-airflow-/.venv/lib/python3.11/site-packages/airflow/example_dags/example_sensors.py for tasks to queue
[2025-05-31T19:43:52.236-0300] {logging_mixin.py:188} INFO - [2025-05-31T19:43:52.236-0300] {dagbag.py:538} INFO - Filling up the DagBag from /home/walterg/Documentos/Data_projects/Data-Warehouse-postgres-DBT-airflow-/.venv/lib/python3.11/site-packages/airflow/example_dags/example_sensors.py
[2025-05-31T19:43:52.244-0300] {processor.py:840} INFO - DAG(s) 'example_sensors' retrieved from /home/walterg/Documentos/Data_projects/Data-Warehouse-postgres-DBT-airflow-/.venv/lib/python3.11/site-packages/airflow/example_dags/example_sensors.py
[2025-05-31T19:43:52.259-0300] {logging_mixin.py:188} INFO - [2025-05-31T19:43:52.259-0300] {dag.py:3036} INFO - Sync 1 DAGs
[2025-05-31T19:43:52.268-0300] {logging_mixin.py:188} INFO - [2025-05-31T19:43:52.267-0300] {dag.py:3823} INFO - Setting next_dagrun for example_sensors to None, run_after=None
[2025-05-31T19:43:52.285-0300] {processor.py:183} INFO - Processing /home/walterg/Documentos/Data_projects/Data-Warehouse-postgres-DBT-airflow-/.venv/lib/python3.11/site-packages/airflow/example_dags/example_sensors.py took 0.053 seconds
[2025-05-31T19:44:56.821-0300] {processor.py:161} INFO - Started process (PID=13641) to work on /home/walterg/Documentos/Data_projects/Data-Warehouse-postgres-DBT-airflow-/.venv/lib/python3.11/site-packages/airflow/example_dags/example_sensors.py
[2025-05-31T19:44:56.826-0300] {processor.py:830} INFO - Processing file /home/walterg/Documentos/Data_projects/Data-Warehouse-postgres-DBT-airflow-/.venv/lib/python3.11/site-packages/airflow/example_dags/example_sensors.py for tasks to queue
[2025-05-31T19:44:56.827-0300] {logging_mixin.py:188} INFO - [2025-05-31T19:44:56.827-0300] {dagbag.py:538} INFO - Filling up the DagBag from /home/walterg/Documentos/Data_projects/Data-Warehouse-postgres-DBT-airflow-/.venv/lib/python3.11/site-packages/airflow/example_dags/example_sensors.py
[2025-05-31T19:44:56.835-0300] {processor.py:840} INFO - DAG(s) 'example_sensors' retrieved from /home/walterg/Documentos/Data_projects/Data-Warehouse-postgres-DBT-airflow-/.venv/lib/python3.11/site-packages/airflow/example_dags/example_sensors.py
[2025-05-31T19:44:56.849-0300] {logging_mixin.py:188} INFO - [2025-05-31T19:44:56.849-0300] {dag.py:3036} INFO - Sync 1 DAGs
[2025-05-31T19:44:56.857-0300] {logging_mixin.py:188} INFO - [2025-05-31T19:44:56.856-0300] {dag.py:3823} INFO - Setting next_dagrun for example_sensors to None, run_after=None
[2025-05-31T19:44:56.873-0300] {processor.py:183} INFO - Processing /home/walterg/Documentos/Data_projects/Data-Warehouse-postgres-DBT-airflow-/.venv/lib/python3.11/site-packages/airflow/example_dags/example_sensors.py took 0.054 seconds
[2025-05-31T19:45:42.436-0300] {processor.py:161} INFO - Started process (PID=13882) to work on /home/walterg/Documentos/Data_projects/Data-Warehouse-postgres-DBT-airflow-/.venv/lib/python3.11/site-packages/airflow/example_dags/example_sensors.py
[2025-05-31T19:45:42.441-0300] {processor.py:830} INFO - Processing file /home/walterg/Documentos/Data_projects/Data-Warehouse-postgres-DBT-airflow-/.venv/lib/python3.11/site-packages/airflow/example_dags/example_sensors.py for tasks to queue
[2025-05-31T19:45:42.442-0300] {logging_mixin.py:188} INFO - [2025-05-31T19:45:42.441-0300] {dagbag.py:538} INFO - Filling up the DagBag from /home/walterg/Documentos/Data_projects/Data-Warehouse-postgres-DBT-airflow-/.venv/lib/python3.11/site-packages/airflow/example_dags/example_sensors.py
[2025-05-31T19:45:42.449-0300] {processor.py:840} INFO - DAG(s) 'example_sensors' retrieved from /home/walterg/Documentos/Data_projects/Data-Warehouse-postgres-DBT-airflow-/.venv/lib/python3.11/site-packages/airflow/example_dags/example_sensors.py
[2025-05-31T19:45:42.464-0300] {logging_mixin.py:188} INFO - [2025-05-31T19:45:42.463-0300] {dag.py:3036} INFO - Sync 1 DAGs
[2025-05-31T19:45:42.471-0300] {logging_mixin.py:188} INFO - [2025-05-31T19:45:42.471-0300] {dag.py:3823} INFO - Setting next_dagrun for example_sensors to None, run_after=None
[2025-05-31T19:45:42.488-0300] {processor.py:183} INFO - Processing /home/walterg/Documentos/Data_projects/Data-Warehouse-postgres-DBT-airflow-/.venv/lib/python3.11/site-packages/airflow/example_dags/example_sensors.py took 0.054 seconds
[2025-05-31T19:46:40.410-0300] {processor.py:161} INFO - Started process (PID=14160) to work on /home/walterg/Documentos/Data_projects/Data-Warehouse-postgres-DBT-airflow-/.venv/lib/python3.11/site-packages/airflow/example_dags/example_sensors.py
[2025-05-31T19:46:40.415-0300] {processor.py:830} INFO - Processing file /home/walterg/Documentos/Data_projects/Data-Warehouse-postgres-DBT-airflow-/.venv/lib/python3.11/site-packages/airflow/example_dags/example_sensors.py for tasks to queue
[2025-05-31T19:46:40.416-0300] {logging_mixin.py:188} INFO - [2025-05-31T19:46:40.416-0300] {dagbag.py:538} INFO - Filling up the DagBag from /home/walterg/Documentos/Data_projects/Data-Warehouse-postgres-DBT-airflow-/.venv/lib/python3.11/site-packages/airflow/example_dags/example_sensors.py
[2025-05-31T19:46:40.424-0300] {processor.py:840} INFO - DAG(s) 'example_sensors' retrieved from /home/walterg/Documentos/Data_projects/Data-Warehouse-postgres-DBT-airflow-/.venv/lib/python3.11/site-packages/airflow/example_dags/example_sensors.py
[2025-05-31T19:46:40.438-0300] {logging_mixin.py:188} INFO - [2025-05-31T19:46:40.438-0300] {dag.py:3036} INFO - Sync 1 DAGs
[2025-05-31T19:46:40.445-0300] {logging_mixin.py:188} INFO - [2025-05-31T19:46:40.445-0300] {dag.py:3823} INFO - Setting next_dagrun for example_sensors to None, run_after=None
[2025-05-31T19:46:40.463-0300] {processor.py:183} INFO - Processing /home/walterg/Documentos/Data_projects/Data-Warehouse-postgres-DBT-airflow-/.venv/lib/python3.11/site-packages/airflow/example_dags/example_sensors.py took 0.056 seconds
[2025-05-31T19:47:37.720-0300] {processor.py:161} INFO - Started process (PID=14389) to work on /home/walterg/Documentos/Data_projects/Data-Warehouse-postgres-DBT-airflow-/.venv/lib/python3.11/site-packages/airflow/example_dags/example_sensors.py
[2025-05-31T19:47:37.725-0300] {processor.py:830} INFO - Processing file /home/walterg/Documentos/Data_projects/Data-Warehouse-postgres-DBT-airflow-/.venv/lib/python3.11/site-packages/airflow/example_dags/example_sensors.py for tasks to queue
[2025-05-31T19:47:37.727-0300] {logging_mixin.py:188} INFO - [2025-05-31T19:47:37.726-0300] {dagbag.py:538} INFO - Filling up the DagBag from /home/walterg/Documentos/Data_projects/Data-Warehouse-postgres-DBT-airflow-/.venv/lib/python3.11/site-packages/airflow/example_dags/example_sensors.py
[2025-05-31T19:47:37.734-0300] {processor.py:840} INFO - DAG(s) 'example_sensors' retrieved from /home/walterg/Documentos/Data_projects/Data-Warehouse-postgres-DBT-airflow-/.venv/lib/python3.11/site-packages/airflow/example_dags/example_sensors.py
[2025-05-31T19:47:37.748-0300] {logging_mixin.py:188} INFO - [2025-05-31T19:47:37.748-0300] {dag.py:3036} INFO - Sync 1 DAGs
[2025-05-31T19:47:37.756-0300] {logging_mixin.py:188} INFO - [2025-05-31T19:47:37.756-0300] {dag.py:3823} INFO - Setting next_dagrun for example_sensors to None, run_after=None
[2025-05-31T19:47:37.772-0300] {processor.py:183} INFO - Processing /home/walterg/Documentos/Data_projects/Data-Warehouse-postgres-DBT-airflow-/.venv/lib/python3.11/site-packages/airflow/example_dags/example_sensors.py took 0.055 seconds
[2025-05-31T19:48:25.744-0300] {processor.py:161} INFO - Started process (PID=14696) to work on /home/walterg/Documentos/Data_projects/Data-Warehouse-postgres-DBT-airflow-/.venv/lib/python3.11/site-packages/airflow/example_dags/example_sensors.py
[2025-05-31T19:48:25.749-0300] {processor.py:830} INFO - Processing file /home/walterg/Documentos/Data_projects/Data-Warehouse-postgres-DBT-airflow-/.venv/lib/python3.11/site-packages/airflow/example_dags/example_sensors.py for tasks to queue
[2025-05-31T19:48:25.750-0300] {logging_mixin.py:188} INFO - [2025-05-31T19:48:25.750-0300] {dagbag.py:538} INFO - Filling up the DagBag from /home/walterg/Documentos/Data_projects/Data-Warehouse-postgres-DBT-airflow-/.venv/lib/python3.11/site-packages/airflow/example_dags/example_sensors.py
[2025-05-31T19:48:25.758-0300] {processor.py:840} INFO - DAG(s) 'example_sensors' retrieved from /home/walterg/Documentos/Data_projects/Data-Warehouse-postgres-DBT-airflow-/.venv/lib/python3.11/site-packages/airflow/example_dags/example_sensors.py
[2025-05-31T19:48:25.772-0300] {logging_mixin.py:188} INFO - [2025-05-31T19:48:25.772-0300] {dag.py:3036} INFO - Sync 1 DAGs
[2025-05-31T19:48:25.780-0300] {logging_mixin.py:188} INFO - [2025-05-31T19:48:25.780-0300] {dag.py:3823} INFO - Setting next_dagrun for example_sensors to None, run_after=None
[2025-05-31T19:48:25.798-0300] {processor.py:183} INFO - Processing /home/walterg/Documentos/Data_projects/Data-Warehouse-postgres-DBT-airflow-/.venv/lib/python3.11/site-packages/airflow/example_dags/example_sensors.py took 0.057 seconds
