[2025-05-31T19:30:11.972-0300] {processor.py:161} INFO - Started process (PID=9747) to work on /home/walterg/Documentos/Data_projects/Data-Warehouse-postgres-DBT-airflow-/.venv/lib/python3.11/site-packages/airflow/example_dags/example_task_group.py
[2025-05-31T19:30:11.973-0300] {processor.py:830} INFO - Processing file /home/walterg/Documentos/Data_projects/Data-Warehouse-postgres-DBT-airflow-/.venv/lib/python3.11/site-packages/airflow/example_dags/example_task_group.py for tasks to queue
[2025-05-31T19:30:11.974-0300] {logging_mixin.py:188} INFO - [2025-05-31T19:30:11.973-0300] {dagbag.py:538} INFO - Filling up the DagBag from /home/walterg/Documentos/Data_projects/Data-Warehouse-postgres-DBT-airflow-/.venv/lib/python3.11/site-packages/airflow/example_dags/example_task_group.py
[2025-05-31T19:30:11.981-0300] {processor.py:840} INFO - DAG(s) 'example_task_group' retrieved from /home/walterg/Documentos/Data_projects/Data-Warehouse-postgres-DBT-airflow-/.venv/lib/python3.11/site-packages/airflow/example_dags/example_task_group.py
[2025-05-31T19:30:12.062-0300] {logging_mixin.py:188} INFO - [2025-05-31T19:30:12.061-0300] {override.py:1769} INFO - Created Permission View: can edit on DAG:example_task_group
[2025-05-31T19:30:12.072-0300] {logging_mixin.py:188} INFO - [2025-05-31T19:30:12.071-0300] {override.py:1769} INFO - Created Permission View: can read on DAG:example_task_group
[2025-05-31T19:30:12.079-0300] {logging_mixin.py:188} INFO - [2025-05-31T19:30:12.079-0300] {override.py:1769} INFO - Created Permission View: can delete on DAG:example_task_group
[2025-05-31T19:30:12.079-0300] {logging_mixin.py:188} INFO - [2025-05-31T19:30:12.079-0300] {dag.py:3036} INFO - Sync 1 DAGs
[2025-05-31T19:30:12.085-0300] {logging_mixin.py:188} INFO - [2025-05-31T19:30:12.085-0300] {dag.py:3058} INFO - Creating ORM DAG for example_task_group
[2025-05-31T19:30:12.091-0300] {logging_mixin.py:188} INFO - [2025-05-31T19:30:12.091-0300] {dag.py:3823} INFO - Setting next_dagrun for example_task_group to 2025-05-30 00:00:00+00:00, run_after=2025-05-31 00:00:00+00:00
[2025-05-31T19:30:12.107-0300] {processor.py:183} INFO - Processing /home/walterg/Documentos/Data_projects/Data-Warehouse-postgres-DBT-airflow-/.venv/lib/python3.11/site-packages/airflow/example_dags/example_task_group.py took 0.137 seconds
[2025-05-31T19:31:00.410-0300] {processor.py:161} INFO - Started process (PID=9926) to work on /home/walterg/Documentos/Data_projects/Data-Warehouse-postgres-DBT-airflow-/.venv/lib/python3.11/site-packages/airflow/example_dags/example_task_group.py
[2025-05-31T19:31:00.415-0300] {processor.py:830} INFO - Processing file /home/walterg/Documentos/Data_projects/Data-Warehouse-postgres-DBT-airflow-/.venv/lib/python3.11/site-packages/airflow/example_dags/example_task_group.py for tasks to queue
[2025-05-31T19:31:00.416-0300] {logging_mixin.py:188} INFO - [2025-05-31T19:31:00.416-0300] {dagbag.py:538} INFO - Filling up the DagBag from /home/walterg/Documentos/Data_projects/Data-Warehouse-postgres-DBT-airflow-/.venv/lib/python3.11/site-packages/airflow/example_dags/example_task_group.py
[2025-05-31T19:31:00.423-0300] {processor.py:840} INFO - DAG(s) 'example_task_group' retrieved from /home/walterg/Documentos/Data_projects/Data-Warehouse-postgres-DBT-airflow-/.venv/lib/python3.11/site-packages/airflow/example_dags/example_task_group.py
[2025-05-31T19:31:00.435-0300] {logging_mixin.py:188} INFO - [2025-05-31T19:31:00.435-0300] {dag.py:3036} INFO - Sync 1 DAGs
[2025-05-31T19:31:00.449-0300] {logging_mixin.py:188} INFO - [2025-05-31T19:31:00.449-0300] {dag.py:3823} INFO - Setting next_dagrun for example_task_group to 2025-05-30 00:00:00+00:00, run_after=2025-05-31 00:00:00+00:00
[2025-05-31T19:31:00.465-0300] {processor.py:183} INFO - Processing /home/walterg/Documentos/Data_projects/Data-Warehouse-postgres-DBT-airflow-/.venv/lib/python3.11/site-packages/airflow/example_dags/example_task_group.py took 0.057 seconds
[2025-05-31T19:41:15.662-0300] {processor.py:161} INFO - Started process (PID=12286) to work on /home/walterg/Documentos/Data_projects/Data-Warehouse-postgres-DBT-airflow-/.venv/lib/python3.11/site-packages/airflow/example_dags/example_task_group.py
[2025-05-31T19:41:15.667-0300] {processor.py:830} INFO - Processing file /home/walterg/Documentos/Data_projects/Data-Warehouse-postgres-DBT-airflow-/.venv/lib/python3.11/site-packages/airflow/example_dags/example_task_group.py for tasks to queue
[2025-05-31T19:41:15.669-0300] {logging_mixin.py:188} INFO - [2025-05-31T19:41:15.668-0300] {dagbag.py:538} INFO - Filling up the DagBag from /home/walterg/Documentos/Data_projects/Data-Warehouse-postgres-DBT-airflow-/.venv/lib/python3.11/site-packages/airflow/example_dags/example_task_group.py
[2025-05-31T19:41:15.676-0300] {processor.py:840} INFO - DAG(s) 'example_task_group' retrieved from /home/walterg/Documentos/Data_projects/Data-Warehouse-postgres-DBT-airflow-/.venv/lib/python3.11/site-packages/airflow/example_dags/example_task_group.py
[2025-05-31T19:41:15.742-0300] {logging_mixin.py:188} INFO - [2025-05-31T19:41:15.742-0300] {dag.py:3036} INFO - Sync 1 DAGs
[2025-05-31T19:41:15.753-0300] {logging_mixin.py:188} INFO - [2025-05-31T19:41:15.753-0300] {dag.py:3823} INFO - Setting next_dagrun for example_task_group to 2025-05-30 00:00:00+00:00, run_after=2025-05-31 00:00:00+00:00
[2025-05-31T19:41:15.771-0300] {processor.py:183} INFO - Processing /home/walterg/Documentos/Data_projects/Data-Warehouse-postgres-DBT-airflow-/.venv/lib/python3.11/site-packages/airflow/example_dags/example_task_group.py took 0.112 seconds
[2025-05-31T19:42:12.256-0300] {processor.py:161} INFO - Started process (PID=12595) to work on /home/walterg/Documentos/Data_projects/Data-Warehouse-postgres-DBT-airflow-/.venv/lib/python3.11/site-packages/airflow/example_dags/example_task_group.py
[2025-05-31T19:42:12.261-0300] {processor.py:830} INFO - Processing file /home/walterg/Documentos/Data_projects/Data-Warehouse-postgres-DBT-airflow-/.venv/lib/python3.11/site-packages/airflow/example_dags/example_task_group.py for tasks to queue
[2025-05-31T19:42:12.262-0300] {logging_mixin.py:188} INFO - [2025-05-31T19:42:12.262-0300] {dagbag.py:538} INFO - Filling up the DagBag from /home/walterg/Documentos/Data_projects/Data-Warehouse-postgres-DBT-airflow-/.venv/lib/python3.11/site-packages/airflow/example_dags/example_task_group.py
[2025-05-31T19:42:12.269-0300] {processor.py:840} INFO - DAG(s) 'example_task_group' retrieved from /home/walterg/Documentos/Data_projects/Data-Warehouse-postgres-DBT-airflow-/.venv/lib/python3.11/site-packages/airflow/example_dags/example_task_group.py
[2025-05-31T19:42:12.282-0300] {logging_mixin.py:188} INFO - [2025-05-31T19:42:12.282-0300] {dag.py:3036} INFO - Sync 1 DAGs
[2025-05-31T19:42:12.297-0300] {logging_mixin.py:188} INFO - [2025-05-31T19:42:12.296-0300] {dag.py:3823} INFO - Setting next_dagrun for example_task_group to 2025-05-30 00:00:00+00:00, run_after=2025-05-31 00:00:00+00:00
[2025-05-31T19:42:12.316-0300] {processor.py:183} INFO - Processing /home/walterg/Documentos/Data_projects/Data-Warehouse-postgres-DBT-airflow-/.venv/lib/python3.11/site-packages/airflow/example_dags/example_task_group.py took 0.062 seconds
[2025-05-31T19:43:03.948-0300] {processor.py:161} INFO - Started process (PID=12920) to work on /home/walterg/Documentos/Data_projects/Data-Warehouse-postgres-DBT-airflow-/.venv/lib/python3.11/site-packages/airflow/example_dags/example_task_group.py
[2025-05-31T19:43:03.949-0300] {processor.py:830} INFO - Processing file /home/walterg/Documentos/Data_projects/Data-Warehouse-postgres-DBT-airflow-/.venv/lib/python3.11/site-packages/airflow/example_dags/example_task_group.py for tasks to queue
[2025-05-31T19:43:03.950-0300] {logging_mixin.py:188} INFO - [2025-05-31T19:43:03.950-0300] {dagbag.py:538} INFO - Filling up the DagBag from /home/walterg/Documentos/Data_projects/Data-Warehouse-postgres-DBT-airflow-/.venv/lib/python3.11/site-packages/airflow/example_dags/example_task_group.py
[2025-05-31T19:43:03.956-0300] {processor.py:840} INFO - DAG(s) 'example_task_group' retrieved from /home/walterg/Documentos/Data_projects/Data-Warehouse-postgres-DBT-airflow-/.venv/lib/python3.11/site-packages/airflow/example_dags/example_task_group.py
[2025-05-31T19:43:03.969-0300] {logging_mixin.py:188} INFO - [2025-05-31T19:43:03.969-0300] {dag.py:3036} INFO - Sync 1 DAGs
[2025-05-31T19:43:03.982-0300] {logging_mixin.py:188} INFO - [2025-05-31T19:43:03.982-0300] {dag.py:3823} INFO - Setting next_dagrun for example_task_group to 2025-05-30 00:00:00+00:00, run_after=2025-05-31 00:00:00+00:00
[2025-05-31T19:43:03.999-0300] {processor.py:183} INFO - Processing /home/walterg/Documentos/Data_projects/Data-Warehouse-postgres-DBT-airflow-/.venv/lib/python3.11/site-packages/airflow/example_dags/example_task_group.py took 0.053 seconds
[2025-05-31T19:43:47.394-0300] {processor.py:161} INFO - Started process (PID=13306) to work on /home/walterg/Documentos/Data_projects/Data-Warehouse-postgres-DBT-airflow-/.venv/lib/python3.11/site-packages/airflow/example_dags/example_task_group.py
[2025-05-31T19:43:47.399-0300] {processor.py:830} INFO - Processing file /home/walterg/Documentos/Data_projects/Data-Warehouse-postgres-DBT-airflow-/.venv/lib/python3.11/site-packages/airflow/example_dags/example_task_group.py for tasks to queue
[2025-05-31T19:43:47.400-0300] {logging_mixin.py:188} INFO - [2025-05-31T19:43:47.400-0300] {dagbag.py:538} INFO - Filling up the DagBag from /home/walterg/Documentos/Data_projects/Data-Warehouse-postgres-DBT-airflow-/.venv/lib/python3.11/site-packages/airflow/example_dags/example_task_group.py
[2025-05-31T19:43:47.408-0300] {processor.py:840} INFO - DAG(s) 'example_task_group' retrieved from /home/walterg/Documentos/Data_projects/Data-Warehouse-postgres-DBT-airflow-/.venv/lib/python3.11/site-packages/airflow/example_dags/example_task_group.py
[2025-05-31T19:43:47.424-0300] {logging_mixin.py:188} INFO - [2025-05-31T19:43:47.424-0300] {dag.py:3036} INFO - Sync 1 DAGs
[2025-05-31T19:43:47.442-0300] {logging_mixin.py:188} INFO - [2025-05-31T19:43:47.441-0300] {dag.py:3823} INFO - Setting next_dagrun for example_task_group to 2025-05-30 00:00:00+00:00, run_after=2025-05-31 00:00:00+00:00
[2025-05-31T19:43:47.466-0300] {processor.py:183} INFO - Processing /home/walterg/Documentos/Data_projects/Data-Warehouse-postgres-DBT-airflow-/.venv/lib/python3.11/site-packages/airflow/example_dags/example_task_group.py took 0.075 seconds
[2025-05-31T19:44:33.235-0300] {processor.py:161} INFO - Started process (PID=13584) to work on /home/walterg/Documentos/Data_projects/Data-Warehouse-postgres-DBT-airflow-/.venv/lib/python3.11/site-packages/airflow/example_dags/example_task_group.py
[2025-05-31T19:44:33.236-0300] {processor.py:830} INFO - Processing file /home/walterg/Documentos/Data_projects/Data-Warehouse-postgres-DBT-airflow-/.venv/lib/python3.11/site-packages/airflow/example_dags/example_task_group.py for tasks to queue
[2025-05-31T19:44:33.237-0300] {logging_mixin.py:188} INFO - [2025-05-31T19:44:33.237-0300] {dagbag.py:538} INFO - Filling up the DagBag from /home/walterg/Documentos/Data_projects/Data-Warehouse-postgres-DBT-airflow-/.venv/lib/python3.11/site-packages/airflow/example_dags/example_task_group.py
[2025-05-31T19:44:33.243-0300] {processor.py:840} INFO - DAG(s) 'example_task_group' retrieved from /home/walterg/Documentos/Data_projects/Data-Warehouse-postgres-DBT-airflow-/.venv/lib/python3.11/site-packages/airflow/example_dags/example_task_group.py
[2025-05-31T19:44:33.256-0300] {logging_mixin.py:188} INFO - [2025-05-31T19:44:33.256-0300] {dag.py:3036} INFO - Sync 1 DAGs
[2025-05-31T19:44:33.279-0300] {logging_mixin.py:188} INFO - [2025-05-31T19:44:33.278-0300] {dag.py:3823} INFO - Setting next_dagrun for example_task_group to 2025-05-30 00:00:00+00:00, run_after=2025-05-31 00:00:00+00:00
[2025-05-31T19:44:33.304-0300] {processor.py:183} INFO - Processing /home/walterg/Documentos/Data_projects/Data-Warehouse-postgres-DBT-airflow-/.venv/lib/python3.11/site-packages/airflow/example_dags/example_task_group.py took 0.071 seconds
[2025-05-31T19:45:23.158-0300] {processor.py:161} INFO - Started process (PID=13814) to work on /home/walterg/Documentos/Data_projects/Data-Warehouse-postgres-DBT-airflow-/.venv/lib/python3.11/site-packages/airflow/example_dags/example_task_group.py
[2025-05-31T19:45:23.165-0300] {processor.py:830} INFO - Processing file /home/walterg/Documentos/Data_projects/Data-Warehouse-postgres-DBT-airflow-/.venv/lib/python3.11/site-packages/airflow/example_dags/example_task_group.py for tasks to queue
[2025-05-31T19:45:23.167-0300] {logging_mixin.py:188} INFO - [2025-05-31T19:45:23.166-0300] {dagbag.py:538} INFO - Filling up the DagBag from /home/walterg/Documentos/Data_projects/Data-Warehouse-postgres-DBT-airflow-/.venv/lib/python3.11/site-packages/airflow/example_dags/example_task_group.py
[2025-05-31T19:45:23.173-0300] {processor.py:840} INFO - DAG(s) 'example_task_group' retrieved from /home/walterg/Documentos/Data_projects/Data-Warehouse-postgres-DBT-airflow-/.venv/lib/python3.11/site-packages/airflow/example_dags/example_task_group.py
[2025-05-31T19:45:23.185-0300] {logging_mixin.py:188} INFO - [2025-05-31T19:45:23.185-0300] {dag.py:3036} INFO - Sync 1 DAGs
[2025-05-31T19:45:23.201-0300] {logging_mixin.py:188} INFO - [2025-05-31T19:45:23.201-0300] {dag.py:3823} INFO - Setting next_dagrun for example_task_group to 2025-05-30 00:00:00+00:00, run_after=2025-05-31 00:00:00+00:00
[2025-05-31T19:45:23.216-0300] {processor.py:183} INFO - Processing /home/walterg/Documentos/Data_projects/Data-Warehouse-postgres-DBT-airflow-/.venv/lib/python3.11/site-packages/airflow/example_dags/example_task_group.py took 0.061 seconds
[2025-05-31T19:46:17.866-0300] {processor.py:161} INFO - Started process (PID=14043) to work on /home/walterg/Documentos/Data_projects/Data-Warehouse-postgres-DBT-airflow-/.venv/lib/python3.11/site-packages/airflow/example_dags/example_task_group.py
[2025-05-31T19:46:17.872-0300] {processor.py:830} INFO - Processing file /home/walterg/Documentos/Data_projects/Data-Warehouse-postgres-DBT-airflow-/.venv/lib/python3.11/site-packages/airflow/example_dags/example_task_group.py for tasks to queue
[2025-05-31T19:46:17.873-0300] {logging_mixin.py:188} INFO - [2025-05-31T19:46:17.873-0300] {dagbag.py:538} INFO - Filling up the DagBag from /home/walterg/Documentos/Data_projects/Data-Warehouse-postgres-DBT-airflow-/.venv/lib/python3.11/site-packages/airflow/example_dags/example_task_group.py
[2025-05-31T19:46:17.879-0300] {processor.py:840} INFO - DAG(s) 'example_task_group' retrieved from /home/walterg/Documentos/Data_projects/Data-Warehouse-postgres-DBT-airflow-/.venv/lib/python3.11/site-packages/airflow/example_dags/example_task_group.py
[2025-05-31T19:46:17.892-0300] {logging_mixin.py:188} INFO - [2025-05-31T19:46:17.892-0300] {dag.py:3036} INFO - Sync 1 DAGs
[2025-05-31T19:46:17.904-0300] {logging_mixin.py:188} INFO - [2025-05-31T19:46:17.904-0300] {dag.py:3823} INFO - Setting next_dagrun for example_task_group to 2025-05-30 00:00:00+00:00, run_after=2025-05-31 00:00:00+00:00
[2025-05-31T19:46:17.921-0300] {processor.py:183} INFO - Processing /home/walterg/Documentos/Data_projects/Data-Warehouse-postgres-DBT-airflow-/.venv/lib/python3.11/site-packages/airflow/example_dags/example_task_group.py took 0.057 seconds
[2025-05-31T19:46:59.581-0300] {processor.py:161} INFO - Started process (PID=14203) to work on /home/walterg/Documentos/Data_projects/Data-Warehouse-postgres-DBT-airflow-/.venv/lib/python3.11/site-packages/airflow/example_dags/example_task_group.py
[2025-05-31T19:46:59.587-0300] {processor.py:830} INFO - Processing file /home/walterg/Documentos/Data_projects/Data-Warehouse-postgres-DBT-airflow-/.venv/lib/python3.11/site-packages/airflow/example_dags/example_task_group.py for tasks to queue
[2025-05-31T19:46:59.588-0300] {logging_mixin.py:188} INFO - [2025-05-31T19:46:59.587-0300] {dagbag.py:538} INFO - Filling up the DagBag from /home/walterg/Documentos/Data_projects/Data-Warehouse-postgres-DBT-airflow-/.venv/lib/python3.11/site-packages/airflow/example_dags/example_task_group.py
[2025-05-31T19:46:59.594-0300] {processor.py:840} INFO - DAG(s) 'example_task_group' retrieved from /home/walterg/Documentos/Data_projects/Data-Warehouse-postgres-DBT-airflow-/.venv/lib/python3.11/site-packages/airflow/example_dags/example_task_group.py
[2025-05-31T19:46:59.607-0300] {logging_mixin.py:188} INFO - [2025-05-31T19:46:59.607-0300] {dag.py:3036} INFO - Sync 1 DAGs
[2025-05-31T19:46:59.620-0300] {logging_mixin.py:188} INFO - [2025-05-31T19:46:59.620-0300] {dag.py:3823} INFO - Setting next_dagrun for example_task_group to 2025-05-30 00:00:00+00:00, run_after=2025-05-31 00:00:00+00:00
[2025-05-31T19:46:59.637-0300] {processor.py:183} INFO - Processing /home/walterg/Documentos/Data_projects/Data-Warehouse-postgres-DBT-airflow-/.venv/lib/python3.11/site-packages/airflow/example_dags/example_task_group.py took 0.058 seconds
[2025-05-31T19:47:57.848-0300] {processor.py:161} INFO - Started process (PID=14418) to work on /home/walterg/Documentos/Data_projects/Data-Warehouse-postgres-DBT-airflow-/.venv/lib/python3.11/site-packages/airflow/example_dags/example_task_group.py
[2025-05-31T19:47:57.854-0300] {processor.py:830} INFO - Processing file /home/walterg/Documentos/Data_projects/Data-Warehouse-postgres-DBT-airflow-/.venv/lib/python3.11/site-packages/airflow/example_dags/example_task_group.py for tasks to queue
[2025-05-31T19:47:57.855-0300] {logging_mixin.py:188} INFO - [2025-05-31T19:47:57.855-0300] {dagbag.py:538} INFO - Filling up the DagBag from /home/walterg/Documentos/Data_projects/Data-Warehouse-postgres-DBT-airflow-/.venv/lib/python3.11/site-packages/airflow/example_dags/example_task_group.py
[2025-05-31T19:47:57.862-0300] {processor.py:840} INFO - DAG(s) 'example_task_group' retrieved from /home/walterg/Documentos/Data_projects/Data-Warehouse-postgres-DBT-airflow-/.venv/lib/python3.11/site-packages/airflow/example_dags/example_task_group.py
[2025-05-31T19:47:57.874-0300] {logging_mixin.py:188} INFO - [2025-05-31T19:47:57.874-0300] {dag.py:3036} INFO - Sync 1 DAGs
[2025-05-31T19:47:57.887-0300] {logging_mixin.py:188} INFO - [2025-05-31T19:47:57.887-0300] {dag.py:3823} INFO - Setting next_dagrun for example_task_group to 2025-05-30 00:00:00+00:00, run_after=2025-05-31 00:00:00+00:00
[2025-05-31T19:47:57.903-0300] {processor.py:183} INFO - Processing /home/walterg/Documentos/Data_projects/Data-Warehouse-postgres-DBT-airflow-/.venv/lib/python3.11/site-packages/airflow/example_dags/example_task_group.py took 0.057 seconds
