[2025-05-31T19:30:21.907-0300] {processor.py:161} INFO - Started process (PID=9804) to work on /home/walterg/Documentos/Data_projects/Data-Warehouse-postgres-DBT-airflow-/.venv/lib/python3.11/site-packages/airflow/example_dags/example_latest_only_with_trigger.py
[2025-05-31T19:30:21.908-0300] {processor.py:830} INFO - Processing file /home/walterg/Documentos/Data_projects/Data-Warehouse-postgres-DBT-airflow-/.venv/lib/python3.11/site-packages/airflow/example_dags/example_latest_only_with_trigger.py for tasks to queue
[2025-05-31T19:30:21.909-0300] {logging_mixin.py:188} INFO - [2025-05-31T19:30:21.908-0300] {dagbag.py:538} INFO - Filling up the DagBag from /home/walterg/Documentos/Data_projects/Data-Warehouse-postgres-DBT-airflow-/.venv/lib/python3.11/site-packages/airflow/example_dags/example_latest_only_with_trigger.py
[2025-05-31T19:30:21.914-0300] {processor.py:840} INFO - DAG(s) 'latest_only_with_trigger' retrieved from /home/walterg/Documentos/Data_projects/Data-Warehouse-postgres-DBT-airflow-/.venv/lib/python3.11/site-packages/airflow/example_dags/example_latest_only_with_trigger.py
[2025-05-31T19:30:22.001-0300] {logging_mixin.py:188} INFO - [2025-05-31T19:30:22.000-0300] {override.py:1769} INFO - Created Permission View: can edit on DAG:latest_only_with_trigger
[2025-05-31T19:30:22.011-0300] {logging_mixin.py:188} INFO - [2025-05-31T19:30:22.011-0300] {override.py:1769} INFO - Created Permission View: can read on DAG:latest_only_with_trigger
[2025-05-31T19:30:22.019-0300] {logging_mixin.py:188} INFO - [2025-05-31T19:30:22.019-0300] {override.py:1769} INFO - Created Permission View: can delete on DAG:latest_only_with_trigger
[2025-05-31T19:30:22.020-0300] {logging_mixin.py:188} INFO - [2025-05-31T19:30:22.019-0300] {dag.py:3036} INFO - Sync 1 DAGs
[2025-05-31T19:30:22.027-0300] {logging_mixin.py:188} INFO - [2025-05-31T19:30:22.026-0300] {dag.py:3058} INFO - Creating ORM DAG for latest_only_with_trigger
[2025-05-31T19:30:22.033-0300] {logging_mixin.py:188} INFO - [2025-05-31T19:30:22.033-0300] {dag.py:3823} INFO - Setting next_dagrun for latest_only_with_trigger to 2025-05-31 16:00:00+00:00, run_after=2025-05-31 20:00:00+00:00
[2025-05-31T19:30:22.049-0300] {processor.py:183} INFO - Processing /home/walterg/Documentos/Data_projects/Data-Warehouse-postgres-DBT-airflow-/.venv/lib/python3.11/site-packages/airflow/example_dags/example_latest_only_with_trigger.py took 0.145 seconds
[2025-05-31T19:31:09.557-0300] {processor.py:161} INFO - Started process (PID=9986) to work on /home/walterg/Documentos/Data_projects/Data-Warehouse-postgres-DBT-airflow-/.venv/lib/python3.11/site-packages/airflow/example_dags/example_latest_only_with_trigger.py
[2025-05-31T19:31:09.558-0300] {processor.py:830} INFO - Processing file /home/walterg/Documentos/Data_projects/Data-Warehouse-postgres-DBT-airflow-/.venv/lib/python3.11/site-packages/airflow/example_dags/example_latest_only_with_trigger.py for tasks to queue
[2025-05-31T19:31:09.559-0300] {logging_mixin.py:188} INFO - [2025-05-31T19:31:09.559-0300] {dagbag.py:538} INFO - Filling up the DagBag from /home/walterg/Documentos/Data_projects/Data-Warehouse-postgres-DBT-airflow-/.venv/lib/python3.11/site-packages/airflow/example_dags/example_latest_only_with_trigger.py
[2025-05-31T19:31:09.564-0300] {processor.py:840} INFO - DAG(s) 'latest_only_with_trigger' retrieved from /home/walterg/Documentos/Data_projects/Data-Warehouse-postgres-DBT-airflow-/.venv/lib/python3.11/site-packages/airflow/example_dags/example_latest_only_with_trigger.py
[2025-05-31T19:31:09.578-0300] {logging_mixin.py:188} INFO - [2025-05-31T19:31:09.577-0300] {dag.py:3036} INFO - Sync 1 DAGs
[2025-05-31T19:31:09.592-0300] {logging_mixin.py:188} INFO - [2025-05-31T19:31:09.592-0300] {dag.py:3823} INFO - Setting next_dagrun for latest_only_with_trigger to 2025-05-31 16:00:00+00:00, run_after=2025-05-31 20:00:00+00:00
[2025-05-31T19:31:09.609-0300] {processor.py:183} INFO - Processing /home/walterg/Documentos/Data_projects/Data-Warehouse-postgres-DBT-airflow-/.venv/lib/python3.11/site-packages/airflow/example_dags/example_latest_only_with_trigger.py took 0.054 seconds
[2025-05-31T19:41:28.983-0300] {processor.py:161} INFO - Started process (PID=12373) to work on /home/walterg/Documentos/Data_projects/Data-Warehouse-postgres-DBT-airflow-/.venv/lib/python3.11/site-packages/airflow/example_dags/example_latest_only_with_trigger.py
[2025-05-31T19:41:28.988-0300] {processor.py:830} INFO - Processing file /home/walterg/Documentos/Data_projects/Data-Warehouse-postgres-DBT-airflow-/.venv/lib/python3.11/site-packages/airflow/example_dags/example_latest_only_with_trigger.py for tasks to queue
[2025-05-31T19:41:28.990-0300] {logging_mixin.py:188} INFO - [2025-05-31T19:41:28.989-0300] {dagbag.py:538} INFO - Filling up the DagBag from /home/walterg/Documentos/Data_projects/Data-Warehouse-postgres-DBT-airflow-/.venv/lib/python3.11/site-packages/airflow/example_dags/example_latest_only_with_trigger.py
[2025-05-31T19:41:28.995-0300] {processor.py:840} INFO - DAG(s) 'latest_only_with_trigger' retrieved from /home/walterg/Documentos/Data_projects/Data-Warehouse-postgres-DBT-airflow-/.venv/lib/python3.11/site-packages/airflow/example_dags/example_latest_only_with_trigger.py
[2025-05-31T19:41:29.064-0300] {logging_mixin.py:188} INFO - [2025-05-31T19:41:29.063-0300] {dag.py:3036} INFO - Sync 1 DAGs
[2025-05-31T19:41:29.075-0300] {logging_mixin.py:188} INFO - [2025-05-31T19:41:29.075-0300] {dag.py:3823} INFO - Setting next_dagrun for latest_only_with_trigger to 2025-05-31 16:00:00+00:00, run_after=2025-05-31 20:00:00+00:00
[2025-05-31T19:41:29.095-0300] {processor.py:183} INFO - Processing /home/walterg/Documentos/Data_projects/Data-Warehouse-postgres-DBT-airflow-/.venv/lib/python3.11/site-packages/airflow/example_dags/example_latest_only_with_trigger.py took 0.114 seconds
[2025-05-31T19:42:26.159-0300] {processor.py:161} INFO - Started process (PID=12713) to work on /home/walterg/Documentos/Data_projects/Data-Warehouse-postgres-DBT-airflow-/.venv/lib/python3.11/site-packages/airflow/example_dags/example_latest_only_with_trigger.py
[2025-05-31T19:42:26.164-0300] {processor.py:830} INFO - Processing file /home/walterg/Documentos/Data_projects/Data-Warehouse-postgres-DBT-airflow-/.venv/lib/python3.11/site-packages/airflow/example_dags/example_latest_only_with_trigger.py for tasks to queue
[2025-05-31T19:42:26.166-0300] {logging_mixin.py:188} INFO - [2025-05-31T19:42:26.165-0300] {dagbag.py:538} INFO - Filling up the DagBag from /home/walterg/Documentos/Data_projects/Data-Warehouse-postgres-DBT-airflow-/.venv/lib/python3.11/site-packages/airflow/example_dags/example_latest_only_with_trigger.py
[2025-05-31T19:42:26.171-0300] {processor.py:840} INFO - DAG(s) 'latest_only_with_trigger' retrieved from /home/walterg/Documentos/Data_projects/Data-Warehouse-postgres-DBT-airflow-/.venv/lib/python3.11/site-packages/airflow/example_dags/example_latest_only_with_trigger.py
[2025-05-31T19:42:26.184-0300] {logging_mixin.py:188} INFO - [2025-05-31T19:42:26.183-0300] {dag.py:3036} INFO - Sync 1 DAGs
[2025-05-31T19:42:26.198-0300] {logging_mixin.py:188} INFO - [2025-05-31T19:42:26.197-0300] {dag.py:3823} INFO - Setting next_dagrun for latest_only_with_trigger to 2025-05-31 16:00:00+00:00, run_after=2025-05-31 20:00:00+00:00
[2025-05-31T19:42:26.214-0300] {processor.py:183} INFO - Processing /home/walterg/Documentos/Data_projects/Data-Warehouse-postgres-DBT-airflow-/.venv/lib/python3.11/site-packages/airflow/example_dags/example_latest_only_with_trigger.py took 0.058 seconds
[2025-05-31T19:43:13.541-0300] {processor.py:161} INFO - Started process (PID=13000) to work on /home/walterg/Documentos/Data_projects/Data-Warehouse-postgres-DBT-airflow-/.venv/lib/python3.11/site-packages/airflow/example_dags/example_latest_only_with_trigger.py
[2025-05-31T19:43:13.546-0300] {processor.py:830} INFO - Processing file /home/walterg/Documentos/Data_projects/Data-Warehouse-postgres-DBT-airflow-/.venv/lib/python3.11/site-packages/airflow/example_dags/example_latest_only_with_trigger.py for tasks to queue
[2025-05-31T19:43:13.547-0300] {logging_mixin.py:188} INFO - [2025-05-31T19:43:13.547-0300] {dagbag.py:538} INFO - Filling up the DagBag from /home/walterg/Documentos/Data_projects/Data-Warehouse-postgres-DBT-airflow-/.venv/lib/python3.11/site-packages/airflow/example_dags/example_latest_only_with_trigger.py
[2025-05-31T19:43:13.552-0300] {processor.py:840} INFO - DAG(s) 'latest_only_with_trigger' retrieved from /home/walterg/Documentos/Data_projects/Data-Warehouse-postgres-DBT-airflow-/.venv/lib/python3.11/site-packages/airflow/example_dags/example_latest_only_with_trigger.py
[2025-05-31T19:43:13.566-0300] {logging_mixin.py:188} INFO - [2025-05-31T19:43:13.566-0300] {dag.py:3036} INFO - Sync 1 DAGs
[2025-05-31T19:43:13.580-0300] {logging_mixin.py:188} INFO - [2025-05-31T19:43:13.580-0300] {dag.py:3823} INFO - Setting next_dagrun for latest_only_with_trigger to 2025-05-31 16:00:00+00:00, run_after=2025-05-31 20:00:00+00:00
[2025-05-31T19:43:13.598-0300] {processor.py:183} INFO - Processing /home/walterg/Documentos/Data_projects/Data-Warehouse-postgres-DBT-airflow-/.venv/lib/python3.11/site-packages/airflow/example_dags/example_latest_only_with_trigger.py took 0.059 seconds
[2025-05-31T19:44:13.352-0300] {processor.py:161} INFO - Started process (PID=13451) to work on /home/walterg/Documentos/Data_projects/Data-Warehouse-postgres-DBT-airflow-/.venv/lib/python3.11/site-packages/airflow/example_dags/example_latest_only_with_trigger.py
[2025-05-31T19:44:13.357-0300] {processor.py:830} INFO - Processing file /home/walterg/Documentos/Data_projects/Data-Warehouse-postgres-DBT-airflow-/.venv/lib/python3.11/site-packages/airflow/example_dags/example_latest_only_with_trigger.py for tasks to queue
[2025-05-31T19:44:13.358-0300] {logging_mixin.py:188} INFO - [2025-05-31T19:44:13.358-0300] {dagbag.py:538} INFO - Filling up the DagBag from /home/walterg/Documentos/Data_projects/Data-Warehouse-postgres-DBT-airflow-/.venv/lib/python3.11/site-packages/airflow/example_dags/example_latest_only_with_trigger.py
[2025-05-31T19:44:13.363-0300] {processor.py:840} INFO - DAG(s) 'latest_only_with_trigger' retrieved from /home/walterg/Documentos/Data_projects/Data-Warehouse-postgres-DBT-airflow-/.venv/lib/python3.11/site-packages/airflow/example_dags/example_latest_only_with_trigger.py
[2025-05-31T19:44:13.376-0300] {logging_mixin.py:188} INFO - [2025-05-31T19:44:13.376-0300] {dag.py:3036} INFO - Sync 1 DAGs
[2025-05-31T19:44:13.389-0300] {logging_mixin.py:188} INFO - [2025-05-31T19:44:13.388-0300] {dag.py:3823} INFO - Setting next_dagrun for latest_only_with_trigger to 2025-05-31 16:00:00+00:00, run_after=2025-05-31 20:00:00+00:00
[2025-05-31T19:44:13.405-0300] {processor.py:183} INFO - Processing /home/walterg/Documentos/Data_projects/Data-Warehouse-postgres-DBT-airflow-/.venv/lib/python3.11/site-packages/airflow/example_dags/example_latest_only_with_trigger.py took 0.056 seconds
[2025-05-31T19:45:01.369-0300] {processor.py:161} INFO - Started process (PID=13645) to work on /home/walterg/Documentos/Data_projects/Data-Warehouse-postgres-DBT-airflow-/.venv/lib/python3.11/site-packages/airflow/example_dags/example_latest_only_with_trigger.py
[2025-05-31T19:45:01.371-0300] {processor.py:830} INFO - Processing file /home/walterg/Documentos/Data_projects/Data-Warehouse-postgres-DBT-airflow-/.venv/lib/python3.11/site-packages/airflow/example_dags/example_latest_only_with_trigger.py for tasks to queue
[2025-05-31T19:45:01.371-0300] {logging_mixin.py:188} INFO - [2025-05-31T19:45:01.371-0300] {dagbag.py:538} INFO - Filling up the DagBag from /home/walterg/Documentos/Data_projects/Data-Warehouse-postgres-DBT-airflow-/.venv/lib/python3.11/site-packages/airflow/example_dags/example_latest_only_with_trigger.py
[2025-05-31T19:45:01.376-0300] {processor.py:840} INFO - DAG(s) 'latest_only_with_trigger' retrieved from /home/walterg/Documentos/Data_projects/Data-Warehouse-postgres-DBT-airflow-/.venv/lib/python3.11/site-packages/airflow/example_dags/example_latest_only_with_trigger.py
[2025-05-31T19:45:01.389-0300] {logging_mixin.py:188} INFO - [2025-05-31T19:45:01.389-0300] {dag.py:3036} INFO - Sync 1 DAGs
[2025-05-31T19:45:01.403-0300] {logging_mixin.py:188} INFO - [2025-05-31T19:45:01.403-0300] {dag.py:3823} INFO - Setting next_dagrun for latest_only_with_trigger to 2025-05-31 16:00:00+00:00, run_after=2025-05-31 20:00:00+00:00
[2025-05-31T19:45:01.420-0300] {processor.py:183} INFO - Processing /home/walterg/Documentos/Data_projects/Data-Warehouse-postgres-DBT-airflow-/.venv/lib/python3.11/site-packages/airflow/example_dags/example_latest_only_with_trigger.py took 0.053 seconds
[2025-05-31T19:45:46.053-0300] {processor.py:161} INFO - Started process (PID=13886) to work on /home/walterg/Documentos/Data_projects/Data-Warehouse-postgres-DBT-airflow-/.venv/lib/python3.11/site-packages/airflow/example_dags/example_latest_only_with_trigger.py
[2025-05-31T19:45:46.058-0300] {processor.py:830} INFO - Processing file /home/walterg/Documentos/Data_projects/Data-Warehouse-postgres-DBT-airflow-/.venv/lib/python3.11/site-packages/airflow/example_dags/example_latest_only_with_trigger.py for tasks to queue
[2025-05-31T19:45:46.059-0300] {logging_mixin.py:188} INFO - [2025-05-31T19:45:46.059-0300] {dagbag.py:538} INFO - Filling up the DagBag from /home/walterg/Documentos/Data_projects/Data-Warehouse-postgres-DBT-airflow-/.venv/lib/python3.11/site-packages/airflow/example_dags/example_latest_only_with_trigger.py
[2025-05-31T19:45:46.065-0300] {processor.py:840} INFO - DAG(s) 'latest_only_with_trigger' retrieved from /home/walterg/Documentos/Data_projects/Data-Warehouse-postgres-DBT-airflow-/.venv/lib/python3.11/site-packages/airflow/example_dags/example_latest_only_with_trigger.py
[2025-05-31T19:45:46.078-0300] {logging_mixin.py:188} INFO - [2025-05-31T19:45:46.078-0300] {dag.py:3036} INFO - Sync 1 DAGs
[2025-05-31T19:45:46.092-0300] {logging_mixin.py:188} INFO - [2025-05-31T19:45:46.091-0300] {dag.py:3823} INFO - Setting next_dagrun for latest_only_with_trigger to 2025-05-31 16:00:00+00:00, run_after=2025-05-31 20:00:00+00:00
[2025-05-31T19:45:46.107-0300] {processor.py:183} INFO - Processing /home/walterg/Documentos/Data_projects/Data-Warehouse-postgres-DBT-airflow-/.venv/lib/python3.11/site-packages/airflow/example_dags/example_latest_only_with_trigger.py took 0.056 seconds
[2025-05-31T19:46:44.142-0300] {processor.py:161} INFO - Started process (PID=14170) to work on /home/walterg/Documentos/Data_projects/Data-Warehouse-postgres-DBT-airflow-/.venv/lib/python3.11/site-packages/airflow/example_dags/example_latest_only_with_trigger.py
[2025-05-31T19:46:44.147-0300] {processor.py:830} INFO - Processing file /home/walterg/Documentos/Data_projects/Data-Warehouse-postgres-DBT-airflow-/.venv/lib/python3.11/site-packages/airflow/example_dags/example_latest_only_with_trigger.py for tasks to queue
[2025-05-31T19:46:44.148-0300] {logging_mixin.py:188} INFO - [2025-05-31T19:46:44.148-0300] {dagbag.py:538} INFO - Filling up the DagBag from /home/walterg/Documentos/Data_projects/Data-Warehouse-postgres-DBT-airflow-/.venv/lib/python3.11/site-packages/airflow/example_dags/example_latest_only_with_trigger.py
[2025-05-31T19:46:44.154-0300] {processor.py:840} INFO - DAG(s) 'latest_only_with_trigger' retrieved from /home/walterg/Documentos/Data_projects/Data-Warehouse-postgres-DBT-airflow-/.venv/lib/python3.11/site-packages/airflow/example_dags/example_latest_only_with_trigger.py
[2025-05-31T19:46:44.167-0300] {logging_mixin.py:188} INFO - [2025-05-31T19:46:44.166-0300] {dag.py:3036} INFO - Sync 1 DAGs
[2025-05-31T19:46:44.179-0300] {logging_mixin.py:188} INFO - [2025-05-31T19:46:44.179-0300] {dag.py:3823} INFO - Setting next_dagrun for latest_only_with_trigger to 2025-05-31 16:00:00+00:00, run_after=2025-05-31 20:00:00+00:00
[2025-05-31T19:46:44.197-0300] {processor.py:183} INFO - Processing /home/walterg/Documentos/Data_projects/Data-Warehouse-postgres-DBT-airflow-/.venv/lib/python3.11/site-packages/airflow/example_dags/example_latest_only_with_trigger.py took 0.057 seconds
[2025-05-31T19:47:42.097-0300] {processor.py:161} INFO - Started process (PID=14393) to work on /home/walterg/Documentos/Data_projects/Data-Warehouse-postgres-DBT-airflow-/.venv/lib/python3.11/site-packages/airflow/example_dags/example_latest_only_with_trigger.py
[2025-05-31T19:47:42.098-0300] {processor.py:830} INFO - Processing file /home/walterg/Documentos/Data_projects/Data-Warehouse-postgres-DBT-airflow-/.venv/lib/python3.11/site-packages/airflow/example_dags/example_latest_only_with_trigger.py for tasks to queue
[2025-05-31T19:47:42.099-0300] {logging_mixin.py:188} INFO - [2025-05-31T19:47:42.099-0300] {dagbag.py:538} INFO - Filling up the DagBag from /home/walterg/Documentos/Data_projects/Data-Warehouse-postgres-DBT-airflow-/.venv/lib/python3.11/site-packages/airflow/example_dags/example_latest_only_with_trigger.py
[2025-05-31T19:47:42.104-0300] {processor.py:840} INFO - DAG(s) 'latest_only_with_trigger' retrieved from /home/walterg/Documentos/Data_projects/Data-Warehouse-postgres-DBT-airflow-/.venv/lib/python3.11/site-packages/airflow/example_dags/example_latest_only_with_trigger.py
[2025-05-31T19:47:42.117-0300] {logging_mixin.py:188} INFO - [2025-05-31T19:47:42.117-0300] {dag.py:3036} INFO - Sync 1 DAGs
[2025-05-31T19:47:42.130-0300] {logging_mixin.py:188} INFO - [2025-05-31T19:47:42.130-0300] {dag.py:3823} INFO - Setting next_dagrun for latest_only_with_trigger to 2025-05-31 16:00:00+00:00, run_after=2025-05-31 20:00:00+00:00
[2025-05-31T19:47:42.147-0300] {processor.py:183} INFO - Processing /home/walterg/Documentos/Data_projects/Data-Warehouse-postgres-DBT-airflow-/.venv/lib/python3.11/site-packages/airflow/example_dags/example_latest_only_with_trigger.py took 0.052 seconds
