[2025-05-31T19:30:35.517-0300] {processor.py:161} INFO - Started process (PID=9835) to work on /home/walterg/Documentos/Data_projects/Data-Warehouse-postgres-DBT-airflow-/.venv/lib/python3.11/site-packages/airflow/example_dags/example_dynamic_task_mapping.py
[2025-05-31T19:30:35.518-0300] {processor.py:830} INFO - Processing file /home/walterg/Documentos/Data_projects/Data-Warehouse-postgres-DBT-airflow-/.venv/lib/python3.11/site-packages/airflow/example_dags/example_dynamic_task_mapping.py for tasks to queue
[2025-05-31T19:30:35.518-0300] {logging_mixin.py:188} INFO - [2025-05-31T19:30:35.518-0300] {dagbag.py:538} INFO - Filling up the DagBag from /home/walterg/Documentos/Data_projects/Data-Warehouse-postgres-DBT-airflow-/.venv/lib/python3.11/site-packages/airflow/example_dags/example_dynamic_task_mapping.py
[2025-05-31T19:30:35.525-0300] {processor.py:840} INFO - DAG(s) 'example_dynamic_task_mapping' retrieved from /home/walterg/Documentos/Data_projects/Data-Warehouse-postgres-DBT-airflow-/.venv/lib/python3.11/site-packages/airflow/example_dags/example_dynamic_task_mapping.py
[2025-05-31T19:30:35.603-0300] {logging_mixin.py:188} INFO - [2025-05-31T19:30:35.602-0300] {override.py:1769} INFO - Created Permission View: can edit on DAG:example_dynamic_task_mapping
[2025-05-31T19:30:35.612-0300] {logging_mixin.py:188} INFO - [2025-05-31T19:30:35.612-0300] {override.py:1769} INFO - Created Permission View: can read on DAG:example_dynamic_task_mapping
[2025-05-31T19:30:35.620-0300] {logging_mixin.py:188} INFO - [2025-05-31T19:30:35.620-0300] {override.py:1769} INFO - Created Permission View: can delete on DAG:example_dynamic_task_mapping
[2025-05-31T19:30:35.620-0300] {logging_mixin.py:188} INFO - [2025-05-31T19:30:35.620-0300] {dag.py:3036} INFO - Sync 1 DAGs
[2025-05-31T19:30:35.628-0300] {logging_mixin.py:188} INFO - [2025-05-31T19:30:35.628-0300] {dag.py:3058} INFO - Creating ORM DAG for example_dynamic_task_mapping
[2025-05-31T19:30:35.634-0300] {logging_mixin.py:188} INFO - [2025-05-31T19:30:35.634-0300] {dag.py:3823} INFO - Setting next_dagrun for example_dynamic_task_mapping to 2022-03-04 00:00:00+00:00, run_after=2022-03-05 00:00:00+00:00
[2025-05-31T19:30:35.651-0300] {processor.py:183} INFO - Processing /home/walterg/Documentos/Data_projects/Data-Warehouse-postgres-DBT-airflow-/.venv/lib/python3.11/site-packages/airflow/example_dags/example_dynamic_task_mapping.py took 0.137 seconds
[2025-05-31T19:31:30.136-0300] {processor.py:161} INFO - Started process (PID=10039) to work on /home/walterg/Documentos/Data_projects/Data-Warehouse-postgres-DBT-airflow-/.venv/lib/python3.11/site-packages/airflow/example_dags/example_dynamic_task_mapping.py
[2025-05-31T19:31:30.141-0300] {processor.py:830} INFO - Processing file /home/walterg/Documentos/Data_projects/Data-Warehouse-postgres-DBT-airflow-/.venv/lib/python3.11/site-packages/airflow/example_dags/example_dynamic_task_mapping.py for tasks to queue
[2025-05-31T19:31:30.142-0300] {logging_mixin.py:188} INFO - [2025-05-31T19:31:30.142-0300] {dagbag.py:538} INFO - Filling up the DagBag from /home/walterg/Documentos/Data_projects/Data-Warehouse-postgres-DBT-airflow-/.venv/lib/python3.11/site-packages/airflow/example_dags/example_dynamic_task_mapping.py
[2025-05-31T19:31:30.150-0300] {processor.py:840} INFO - DAG(s) 'example_dynamic_task_mapping' retrieved from /home/walterg/Documentos/Data_projects/Data-Warehouse-postgres-DBT-airflow-/.venv/lib/python3.11/site-packages/airflow/example_dags/example_dynamic_task_mapping.py
[2025-05-31T19:31:30.161-0300] {logging_mixin.py:188} INFO - [2025-05-31T19:31:30.161-0300] {dag.py:3036} INFO - Sync 1 DAGs
[2025-05-31T19:31:30.174-0300] {logging_mixin.py:188} INFO - [2025-05-31T19:31:30.174-0300] {dag.py:3823} INFO - Setting next_dagrun for example_dynamic_task_mapping to 2022-03-04 00:00:00+00:00, run_after=2022-03-05 00:00:00+00:00
[2025-05-31T19:31:30.190-0300] {processor.py:183} INFO - Processing /home/walterg/Documentos/Data_projects/Data-Warehouse-postgres-DBT-airflow-/.venv/lib/python3.11/site-packages/airflow/example_dags/example_dynamic_task_mapping.py took 0.056 seconds
[2025-05-31T19:41:42.237-0300] {processor.py:161} INFO - Started process (PID=12407) to work on /home/walterg/Documentos/Data_projects/Data-Warehouse-postgres-DBT-airflow-/.venv/lib/python3.11/site-packages/airflow/example_dags/example_dynamic_task_mapping.py
[2025-05-31T19:41:42.242-0300] {processor.py:830} INFO - Processing file /home/walterg/Documentos/Data_projects/Data-Warehouse-postgres-DBT-airflow-/.venv/lib/python3.11/site-packages/airflow/example_dags/example_dynamic_task_mapping.py for tasks to queue
[2025-05-31T19:41:42.243-0300] {logging_mixin.py:188} INFO - [2025-05-31T19:41:42.243-0300] {dagbag.py:538} INFO - Filling up the DagBag from /home/walterg/Documentos/Data_projects/Data-Warehouse-postgres-DBT-airflow-/.venv/lib/python3.11/site-packages/airflow/example_dags/example_dynamic_task_mapping.py
[2025-05-31T19:41:42.250-0300] {processor.py:840} INFO - DAG(s) 'example_dynamic_task_mapping' retrieved from /home/walterg/Documentos/Data_projects/Data-Warehouse-postgres-DBT-airflow-/.venv/lib/python3.11/site-packages/airflow/example_dags/example_dynamic_task_mapping.py
[2025-05-31T19:41:42.316-0300] {logging_mixin.py:188} INFO - [2025-05-31T19:41:42.316-0300] {dag.py:3036} INFO - Sync 1 DAGs
[2025-05-31T19:41:42.327-0300] {logging_mixin.py:188} INFO - [2025-05-31T19:41:42.327-0300] {dag.py:3823} INFO - Setting next_dagrun for example_dynamic_task_mapping to 2022-03-04 00:00:00+00:00, run_after=2022-03-05 00:00:00+00:00
[2025-05-31T19:41:42.345-0300] {processor.py:183} INFO - Processing /home/walterg/Documentos/Data_projects/Data-Warehouse-postgres-DBT-airflow-/.venv/lib/python3.11/site-packages/airflow/example_dags/example_dynamic_task_mapping.py took 0.110 seconds
[2025-05-31T19:42:37.707-0300] {processor.py:161} INFO - Started process (PID=12758) to work on /home/walterg/Documentos/Data_projects/Data-Warehouse-postgres-DBT-airflow-/.venv/lib/python3.11/site-packages/airflow/example_dags/example_dynamic_task_mapping.py
[2025-05-31T19:42:37.712-0300] {processor.py:830} INFO - Processing file /home/walterg/Documentos/Data_projects/Data-Warehouse-postgres-DBT-airflow-/.venv/lib/python3.11/site-packages/airflow/example_dags/example_dynamic_task_mapping.py for tasks to queue
[2025-05-31T19:42:37.713-0300] {logging_mixin.py:188} INFO - [2025-05-31T19:42:37.713-0300] {dagbag.py:538} INFO - Filling up the DagBag from /home/walterg/Documentos/Data_projects/Data-Warehouse-postgres-DBT-airflow-/.venv/lib/python3.11/site-packages/airflow/example_dags/example_dynamic_task_mapping.py
[2025-05-31T19:42:37.719-0300] {processor.py:840} INFO - DAG(s) 'example_dynamic_task_mapping' retrieved from /home/walterg/Documentos/Data_projects/Data-Warehouse-postgres-DBT-airflow-/.venv/lib/python3.11/site-packages/airflow/example_dags/example_dynamic_task_mapping.py
[2025-05-31T19:42:37.733-0300] {logging_mixin.py:188} INFO - [2025-05-31T19:42:37.733-0300] {dag.py:3036} INFO - Sync 1 DAGs
[2025-05-31T19:42:37.747-0300] {logging_mixin.py:188} INFO - [2025-05-31T19:42:37.747-0300] {dag.py:3823} INFO - Setting next_dagrun for example_dynamic_task_mapping to 2022-03-04 00:00:00+00:00, run_after=2022-03-05 00:00:00+00:00
[2025-05-31T19:42:37.765-0300] {processor.py:183} INFO - Processing /home/walterg/Documentos/Data_projects/Data-Warehouse-postgres-DBT-airflow-/.venv/lib/python3.11/site-packages/airflow/example_dags/example_dynamic_task_mapping.py took 0.060 seconds
[2025-05-31T19:43:38.233-0300] {processor.py:161} INFO - Started process (PID=13269) to work on /home/walterg/Documentos/Data_projects/Data-Warehouse-postgres-DBT-airflow-/.venv/lib/python3.11/site-packages/airflow/example_dags/example_dynamic_task_mapping.py
[2025-05-31T19:43:38.238-0300] {processor.py:830} INFO - Processing file /home/walterg/Documentos/Data_projects/Data-Warehouse-postgres-DBT-airflow-/.venv/lib/python3.11/site-packages/airflow/example_dags/example_dynamic_task_mapping.py for tasks to queue
[2025-05-31T19:43:38.240-0300] {logging_mixin.py:188} INFO - [2025-05-31T19:43:38.239-0300] {dagbag.py:538} INFO - Filling up the DagBag from /home/walterg/Documentos/Data_projects/Data-Warehouse-postgres-DBT-airflow-/.venv/lib/python3.11/site-packages/airflow/example_dags/example_dynamic_task_mapping.py
[2025-05-31T19:43:38.247-0300] {processor.py:840} INFO - DAG(s) 'example_dynamic_task_mapping' retrieved from /home/walterg/Documentos/Data_projects/Data-Warehouse-postgres-DBT-airflow-/.venv/lib/python3.11/site-packages/airflow/example_dags/example_dynamic_task_mapping.py
[2025-05-31T19:43:38.258-0300] {logging_mixin.py:188} INFO - [2025-05-31T19:43:38.258-0300] {dag.py:3036} INFO - Sync 1 DAGs
[2025-05-31T19:43:38.271-0300] {logging_mixin.py:188} INFO - [2025-05-31T19:43:38.271-0300] {dag.py:3823} INFO - Setting next_dagrun for example_dynamic_task_mapping to 2022-03-04 00:00:00+00:00, run_after=2022-03-05 00:00:00+00:00
[2025-05-31T19:43:38.286-0300] {processor.py:183} INFO - Processing /home/walterg/Documentos/Data_projects/Data-Warehouse-postgres-DBT-airflow-/.venv/lib/python3.11/site-packages/airflow/example_dags/example_dynamic_task_mapping.py took 0.056 seconds
[2025-05-31T19:44:43.516-0300] {processor.py:161} INFO - Started process (PID=13611) to work on /home/walterg/Documentos/Data_projects/Data-Warehouse-postgres-DBT-airflow-/.venv/lib/python3.11/site-packages/airflow/example_dags/example_dynamic_task_mapping.py
[2025-05-31T19:44:43.521-0300] {processor.py:830} INFO - Processing file /home/walterg/Documentos/Data_projects/Data-Warehouse-postgres-DBT-airflow-/.venv/lib/python3.11/site-packages/airflow/example_dags/example_dynamic_task_mapping.py for tasks to queue
[2025-05-31T19:44:43.522-0300] {logging_mixin.py:188} INFO - [2025-05-31T19:44:43.522-0300] {dagbag.py:538} INFO - Filling up the DagBag from /home/walterg/Documentos/Data_projects/Data-Warehouse-postgres-DBT-airflow-/.venv/lib/python3.11/site-packages/airflow/example_dags/example_dynamic_task_mapping.py
[2025-05-31T19:44:43.528-0300] {processor.py:840} INFO - DAG(s) 'example_dynamic_task_mapping' retrieved from /home/walterg/Documentos/Data_projects/Data-Warehouse-postgres-DBT-airflow-/.venv/lib/python3.11/site-packages/airflow/example_dags/example_dynamic_task_mapping.py
[2025-05-31T19:44:43.540-0300] {logging_mixin.py:188} INFO - [2025-05-31T19:44:43.540-0300] {dag.py:3036} INFO - Sync 1 DAGs
[2025-05-31T19:44:43.553-0300] {logging_mixin.py:188} INFO - [2025-05-31T19:44:43.553-0300] {dag.py:3823} INFO - Setting next_dagrun for example_dynamic_task_mapping to 2022-03-04 00:00:00+00:00, run_after=2022-03-05 00:00:00+00:00
[2025-05-31T19:44:43.570-0300] {processor.py:183} INFO - Processing /home/walterg/Documentos/Data_projects/Data-Warehouse-postgres-DBT-airflow-/.venv/lib/python3.11/site-packages/airflow/example_dags/example_dynamic_task_mapping.py took 0.057 seconds
[2025-05-31T19:45:49.711-0300] {processor.py:161} INFO - Started process (PID=13919) to work on /home/walterg/Documentos/Data_projects/Data-Warehouse-postgres-DBT-airflow-/.venv/lib/python3.11/site-packages/airflow/example_dags/example_dynamic_task_mapping.py
[2025-05-31T19:45:49.716-0300] {processor.py:830} INFO - Processing file /home/walterg/Documentos/Data_projects/Data-Warehouse-postgres-DBT-airflow-/.venv/lib/python3.11/site-packages/airflow/example_dags/example_dynamic_task_mapping.py for tasks to queue
[2025-05-31T19:45:49.718-0300] {logging_mixin.py:188} INFO - [2025-05-31T19:45:49.717-0300] {dagbag.py:538} INFO - Filling up the DagBag from /home/walterg/Documentos/Data_projects/Data-Warehouse-postgres-DBT-airflow-/.venv/lib/python3.11/site-packages/airflow/example_dags/example_dynamic_task_mapping.py
[2025-05-31T19:45:49.724-0300] {processor.py:840} INFO - DAG(s) 'example_dynamic_task_mapping' retrieved from /home/walterg/Documentos/Data_projects/Data-Warehouse-postgres-DBT-airflow-/.venv/lib/python3.11/site-packages/airflow/example_dags/example_dynamic_task_mapping.py
[2025-05-31T19:45:49.736-0300] {logging_mixin.py:188} INFO - [2025-05-31T19:45:49.735-0300] {dag.py:3036} INFO - Sync 1 DAGs
[2025-05-31T19:45:49.749-0300] {logging_mixin.py:188} INFO - [2025-05-31T19:45:49.749-0300] {dag.py:3823} INFO - Setting next_dagrun for example_dynamic_task_mapping to 2022-03-04 00:00:00+00:00, run_after=2022-03-05 00:00:00+00:00
[2025-05-31T19:45:49.767-0300] {processor.py:183} INFO - Processing /home/walterg/Documentos/Data_projects/Data-Warehouse-postgres-DBT-airflow-/.venv/lib/python3.11/site-packages/airflow/example_dags/example_dynamic_task_mapping.py took 0.058 seconds
[2025-05-31T19:46:47.009-0300] {processor.py:161} INFO - Started process (PID=14174) to work on /home/walterg/Documentos/Data_projects/Data-Warehouse-postgres-DBT-airflow-/.venv/lib/python3.11/site-packages/airflow/example_dags/example_dynamic_task_mapping.py
[2025-05-31T19:46:47.014-0300] {processor.py:830} INFO - Processing file /home/walterg/Documentos/Data_projects/Data-Warehouse-postgres-DBT-airflow-/.venv/lib/python3.11/site-packages/airflow/example_dags/example_dynamic_task_mapping.py for tasks to queue
[2025-05-31T19:46:47.015-0300] {logging_mixin.py:188} INFO - [2025-05-31T19:46:47.015-0300] {dagbag.py:538} INFO - Filling up the DagBag from /home/walterg/Documentos/Data_projects/Data-Warehouse-postgres-DBT-airflow-/.venv/lib/python3.11/site-packages/airflow/example_dags/example_dynamic_task_mapping.py
[2025-05-31T19:46:47.021-0300] {processor.py:840} INFO - DAG(s) 'example_dynamic_task_mapping' retrieved from /home/walterg/Documentos/Data_projects/Data-Warehouse-postgres-DBT-airflow-/.venv/lib/python3.11/site-packages/airflow/example_dags/example_dynamic_task_mapping.py
[2025-05-31T19:46:47.033-0300] {logging_mixin.py:188} INFO - [2025-05-31T19:46:47.033-0300] {dag.py:3036} INFO - Sync 1 DAGs
[2025-05-31T19:46:47.045-0300] {logging_mixin.py:188} INFO - [2025-05-31T19:46:47.045-0300] {dag.py:3823} INFO - Setting next_dagrun for example_dynamic_task_mapping to 2022-03-04 00:00:00+00:00, run_after=2022-03-05 00:00:00+00:00
[2025-05-31T19:46:47.062-0300] {processor.py:183} INFO - Processing /home/walterg/Documentos/Data_projects/Data-Warehouse-postgres-DBT-airflow-/.venv/lib/python3.11/site-packages/airflow/example_dags/example_dynamic_task_mapping.py took 0.056 seconds
[2025-05-31T19:47:45.956-0300] {processor.py:161} INFO - Started process (PID=14405) to work on /home/walterg/Documentos/Data_projects/Data-Warehouse-postgres-DBT-airflow-/.venv/lib/python3.11/site-packages/airflow/example_dags/example_dynamic_task_mapping.py
[2025-05-31T19:47:45.960-0300] {processor.py:830} INFO - Processing file /home/walterg/Documentos/Data_projects/Data-Warehouse-postgres-DBT-airflow-/.venv/lib/python3.11/site-packages/airflow/example_dags/example_dynamic_task_mapping.py for tasks to queue
[2025-05-31T19:47:45.961-0300] {logging_mixin.py:188} INFO - [2025-05-31T19:47:45.961-0300] {dagbag.py:538} INFO - Filling up the DagBag from /home/walterg/Documentos/Data_projects/Data-Warehouse-postgres-DBT-airflow-/.venv/lib/python3.11/site-packages/airflow/example_dags/example_dynamic_task_mapping.py
[2025-05-31T19:47:45.968-0300] {processor.py:840} INFO - DAG(s) 'example_dynamic_task_mapping' retrieved from /home/walterg/Documentos/Data_projects/Data-Warehouse-postgres-DBT-airflow-/.venv/lib/python3.11/site-packages/airflow/example_dags/example_dynamic_task_mapping.py
[2025-05-31T19:47:45.980-0300] {logging_mixin.py:188} INFO - [2025-05-31T19:47:45.979-0300] {dag.py:3036} INFO - Sync 1 DAGs
[2025-05-31T19:47:45.992-0300] {logging_mixin.py:188} INFO - [2025-05-31T19:47:45.992-0300] {dag.py:3823} INFO - Setting next_dagrun for example_dynamic_task_mapping to 2022-03-04 00:00:00+00:00, run_after=2022-03-05 00:00:00+00:00
[2025-05-31T19:47:46.008-0300] {processor.py:183} INFO - Processing /home/walterg/Documentos/Data_projects/Data-Warehouse-postgres-DBT-airflow-/.venv/lib/python3.11/site-packages/airflow/example_dags/example_dynamic_task_mapping.py took 0.055 seconds
