[2025-05-31T19:30:36.751-0300] {processor.py:161} INFO - Started process (PID=9845) to work on /home/walterg/Documentos/Data_projects/Data-Warehouse-postgres-DBT-airflow-/.venv/lib/python3.11/site-packages/airflow/example_dags/example_dag_decorator.py
[2025-05-31T19:30:36.752-0300] {processor.py:830} INFO - Processing file /home/walterg/Documentos/Data_projects/Data-Warehouse-postgres-DBT-airflow-/.venv/lib/python3.11/site-packages/airflow/example_dags/example_dag_decorator.py for tasks to queue
[2025-05-31T19:30:36.753-0300] {logging_mixin.py:188} INFO - [2025-05-31T19:30:36.752-0300] {dagbag.py:538} INFO - Filling up the DagBag from /home/walterg/Documentos/Data_projects/Data-Warehouse-postgres-DBT-airflow-/.venv/lib/python3.11/site-packages/airflow/example_dags/example_dag_decorator.py
[2025-05-31T19:30:36.808-0300] {processor.py:840} INFO - DAG(s) 'example_dag_decorator' retrieved from /home/walterg/Documentos/Data_projects/Data-Warehouse-postgres-DBT-airflow-/.venv/lib/python3.11/site-packages/airflow/example_dags/example_dag_decorator.py
[2025-05-31T19:30:36.884-0300] {logging_mixin.py:188} INFO - [2025-05-31T19:30:36.883-0300] {override.py:1769} INFO - Created Permission View: can edit on DAG:example_dag_decorator
[2025-05-31T19:30:36.893-0300] {logging_mixin.py:188} INFO - [2025-05-31T19:30:36.893-0300] {override.py:1769} INFO - Created Permission View: can read on DAG:example_dag_decorator
[2025-05-31T19:30:36.901-0300] {logging_mixin.py:188} INFO - [2025-05-31T19:30:36.901-0300] {override.py:1769} INFO - Created Permission View: can delete on DAG:example_dag_decorator
[2025-05-31T19:30:36.902-0300] {logging_mixin.py:188} INFO - [2025-05-31T19:30:36.902-0300] {dag.py:3036} INFO - Sync 1 DAGs
[2025-05-31T19:30:36.909-0300] {logging_mixin.py:188} INFO - [2025-05-31T19:30:36.909-0300] {dag.py:3058} INFO - Creating ORM DAG for example_dag_decorator
[2025-05-31T19:30:36.910-0300] {logging_mixin.py:188} INFO - [2025-05-31T19:30:36.910-0300] {dag.py:3823} INFO - Setting next_dagrun for example_dag_decorator to None, run_after=None
[2025-05-31T19:30:36.925-0300] {processor.py:183} INFO - Processing /home/walterg/Documentos/Data_projects/Data-Warehouse-postgres-DBT-airflow-/.venv/lib/python3.11/site-packages/airflow/example_dags/example_dag_decorator.py took 0.176 seconds
[2025-05-31T19:31:31.280-0300] {processor.py:161} INFO - Started process (PID=10040) to work on /home/walterg/Documentos/Data_projects/Data-Warehouse-postgres-DBT-airflow-/.venv/lib/python3.11/site-packages/airflow/example_dags/example_dag_decorator.py
[2025-05-31T19:31:31.285-0300] {processor.py:830} INFO - Processing file /home/walterg/Documentos/Data_projects/Data-Warehouse-postgres-DBT-airflow-/.venv/lib/python3.11/site-packages/airflow/example_dags/example_dag_decorator.py for tasks to queue
[2025-05-31T19:31:31.286-0300] {logging_mixin.py:188} INFO - [2025-05-31T19:31:31.285-0300] {dagbag.py:538} INFO - Filling up the DagBag from /home/walterg/Documentos/Data_projects/Data-Warehouse-postgres-DBT-airflow-/.venv/lib/python3.11/site-packages/airflow/example_dags/example_dag_decorator.py
[2025-05-31T19:31:31.344-0300] {processor.py:840} INFO - DAG(s) 'example_dag_decorator' retrieved from /home/walterg/Documentos/Data_projects/Data-Warehouse-postgres-DBT-airflow-/.venv/lib/python3.11/site-packages/airflow/example_dags/example_dag_decorator.py
[2025-05-31T19:31:31.410-0300] {logging_mixin.py:188} INFO - [2025-05-31T19:31:31.409-0300] {dag.py:3036} INFO - Sync 1 DAGs
[2025-05-31T19:31:31.416-0300] {logging_mixin.py:188} INFO - [2025-05-31T19:31:31.415-0300] {dag.py:3823} INFO - Setting next_dagrun for example_dag_decorator to None, run_after=None
[2025-05-31T19:31:31.435-0300] {processor.py:183} INFO - Processing /home/walterg/Documentos/Data_projects/Data-Warehouse-postgres-DBT-airflow-/.venv/lib/python3.11/site-packages/airflow/example_dags/example_dag_decorator.py took 0.158 seconds
[2025-05-31T19:41:43.482-0300] {processor.py:161} INFO - Started process (PID=12408) to work on /home/walterg/Documentos/Data_projects/Data-Warehouse-postgres-DBT-airflow-/.venv/lib/python3.11/site-packages/airflow/example_dags/example_dag_decorator.py
[2025-05-31T19:41:43.487-0300] {processor.py:830} INFO - Processing file /home/walterg/Documentos/Data_projects/Data-Warehouse-postgres-DBT-airflow-/.venv/lib/python3.11/site-packages/airflow/example_dags/example_dag_decorator.py for tasks to queue
[2025-05-31T19:41:43.488-0300] {logging_mixin.py:188} INFO - [2025-05-31T19:41:43.488-0300] {dagbag.py:538} INFO - Filling up the DagBag from /home/walterg/Documentos/Data_projects/Data-Warehouse-postgres-DBT-airflow-/.venv/lib/python3.11/site-packages/airflow/example_dags/example_dag_decorator.py
[2025-05-31T19:41:43.545-0300] {processor.py:840} INFO - DAG(s) 'example_dag_decorator' retrieved from /home/walterg/Documentos/Data_projects/Data-Warehouse-postgres-DBT-airflow-/.venv/lib/python3.11/site-packages/airflow/example_dags/example_dag_decorator.py
[2025-05-31T19:41:43.609-0300] {logging_mixin.py:188} INFO - [2025-05-31T19:41:43.609-0300] {dag.py:3036} INFO - Sync 1 DAGs
[2025-05-31T19:41:43.615-0300] {logging_mixin.py:188} INFO - [2025-05-31T19:41:43.615-0300] {dag.py:3823} INFO - Setting next_dagrun for example_dag_decorator to None, run_after=None
[2025-05-31T19:41:43.635-0300] {processor.py:183} INFO - Processing /home/walterg/Documentos/Data_projects/Data-Warehouse-postgres-DBT-airflow-/.venv/lib/python3.11/site-packages/airflow/example_dags/example_dag_decorator.py took 0.156 seconds
[2025-05-31T19:42:38.845-0300] {processor.py:161} INFO - Started process (PID=12759) to work on /home/walterg/Documentos/Data_projects/Data-Warehouse-postgres-DBT-airflow-/.venv/lib/python3.11/site-packages/airflow/example_dags/example_dag_decorator.py
[2025-05-31T19:42:38.850-0300] {processor.py:830} INFO - Processing file /home/walterg/Documentos/Data_projects/Data-Warehouse-postgres-DBT-airflow-/.venv/lib/python3.11/site-packages/airflow/example_dags/example_dag_decorator.py for tasks to queue
[2025-05-31T19:42:38.851-0300] {logging_mixin.py:188} INFO - [2025-05-31T19:42:38.850-0300] {dagbag.py:538} INFO - Filling up the DagBag from /home/walterg/Documentos/Data_projects/Data-Warehouse-postgres-DBT-airflow-/.venv/lib/python3.11/site-packages/airflow/example_dags/example_dag_decorator.py
[2025-05-31T19:42:38.912-0300] {processor.py:840} INFO - DAG(s) 'example_dag_decorator' retrieved from /home/walterg/Documentos/Data_projects/Data-Warehouse-postgres-DBT-airflow-/.venv/lib/python3.11/site-packages/airflow/example_dags/example_dag_decorator.py
[2025-05-31T19:42:38.981-0300] {logging_mixin.py:188} INFO - [2025-05-31T19:42:38.981-0300] {dag.py:3036} INFO - Sync 1 DAGs
[2025-05-31T19:42:38.987-0300] {logging_mixin.py:188} INFO - [2025-05-31T19:42:38.987-0300] {dag.py:3823} INFO - Setting next_dagrun for example_dag_decorator to None, run_after=None
[2025-05-31T19:42:39.004-0300] {processor.py:183} INFO - Processing /home/walterg/Documentos/Data_projects/Data-Warehouse-postgres-DBT-airflow-/.venv/lib/python3.11/site-packages/airflow/example_dags/example_dag_decorator.py took 0.162 seconds
[2025-05-31T19:43:39.367-0300] {processor.py:161} INFO - Started process (PID=13270) to work on /home/walterg/Documentos/Data_projects/Data-Warehouse-postgres-DBT-airflow-/.venv/lib/python3.11/site-packages/airflow/example_dags/example_dag_decorator.py
[2025-05-31T19:43:39.368-0300] {processor.py:830} INFO - Processing file /home/walterg/Documentos/Data_projects/Data-Warehouse-postgres-DBT-airflow-/.venv/lib/python3.11/site-packages/airflow/example_dags/example_dag_decorator.py for tasks to queue
[2025-05-31T19:43:39.368-0300] {logging_mixin.py:188} INFO - [2025-05-31T19:43:39.368-0300] {dagbag.py:538} INFO - Filling up the DagBag from /home/walterg/Documentos/Data_projects/Data-Warehouse-postgres-DBT-airflow-/.venv/lib/python3.11/site-packages/airflow/example_dags/example_dag_decorator.py
[2025-05-31T19:43:39.426-0300] {processor.py:840} INFO - DAG(s) 'example_dag_decorator' retrieved from /home/walterg/Documentos/Data_projects/Data-Warehouse-postgres-DBT-airflow-/.venv/lib/python3.11/site-packages/airflow/example_dags/example_dag_decorator.py
[2025-05-31T19:43:39.490-0300] {logging_mixin.py:188} INFO - [2025-05-31T19:43:39.490-0300] {dag.py:3036} INFO - Sync 1 DAGs
[2025-05-31T19:43:39.497-0300] {logging_mixin.py:188} INFO - [2025-05-31T19:43:39.497-0300] {dag.py:3823} INFO - Setting next_dagrun for example_dag_decorator to None, run_after=None
[2025-05-31T19:43:39.514-0300] {processor.py:183} INFO - Processing /home/walterg/Documentos/Data_projects/Data-Warehouse-postgres-DBT-airflow-/.venv/lib/python3.11/site-packages/airflow/example_dags/example_dag_decorator.py took 0.149 seconds
[2025-05-31T19:44:44.649-0300] {processor.py:161} INFO - Started process (PID=13612) to work on /home/walterg/Documentos/Data_projects/Data-Warehouse-postgres-DBT-airflow-/.venv/lib/python3.11/site-packages/airflow/example_dags/example_dag_decorator.py
[2025-05-31T19:44:44.653-0300] {processor.py:830} INFO - Processing file /home/walterg/Documentos/Data_projects/Data-Warehouse-postgres-DBT-airflow-/.venv/lib/python3.11/site-packages/airflow/example_dags/example_dag_decorator.py for tasks to queue
[2025-05-31T19:44:44.654-0300] {logging_mixin.py:188} INFO - [2025-05-31T19:44:44.654-0300] {dagbag.py:538} INFO - Filling up the DagBag from /home/walterg/Documentos/Data_projects/Data-Warehouse-postgres-DBT-airflow-/.venv/lib/python3.11/site-packages/airflow/example_dags/example_dag_decorator.py
[2025-05-31T19:44:44.712-0300] {processor.py:840} INFO - DAG(s) 'example_dag_decorator' retrieved from /home/walterg/Documentos/Data_projects/Data-Warehouse-postgres-DBT-airflow-/.venv/lib/python3.11/site-packages/airflow/example_dags/example_dag_decorator.py
[2025-05-31T19:44:44.779-0300] {logging_mixin.py:188} INFO - [2025-05-31T19:44:44.779-0300] {dag.py:3036} INFO - Sync 1 DAGs
[2025-05-31T19:44:44.786-0300] {logging_mixin.py:188} INFO - [2025-05-31T19:44:44.785-0300] {dag.py:3823} INFO - Setting next_dagrun for example_dag_decorator to None, run_after=None
[2025-05-31T19:44:44.808-0300] {processor.py:183} INFO - Processing /home/walterg/Documentos/Data_projects/Data-Warehouse-postgres-DBT-airflow-/.venv/lib/python3.11/site-packages/airflow/example_dags/example_dag_decorator.py took 0.162 seconds
[2025-05-31T19:45:50.845-0300] {processor.py:161} INFO - Started process (PID=13920) to work on /home/walterg/Documentos/Data_projects/Data-Warehouse-postgres-DBT-airflow-/.venv/lib/python3.11/site-packages/airflow/example_dags/example_dag_decorator.py
[2025-05-31T19:45:50.846-0300] {processor.py:830} INFO - Processing file /home/walterg/Documentos/Data_projects/Data-Warehouse-postgres-DBT-airflow-/.venv/lib/python3.11/site-packages/airflow/example_dags/example_dag_decorator.py for tasks to queue
[2025-05-31T19:45:50.847-0300] {logging_mixin.py:188} INFO - [2025-05-31T19:45:50.847-0300] {dagbag.py:538} INFO - Filling up the DagBag from /home/walterg/Documentos/Data_projects/Data-Warehouse-postgres-DBT-airflow-/.venv/lib/python3.11/site-packages/airflow/example_dags/example_dag_decorator.py
[2025-05-31T19:45:50.902-0300] {processor.py:840} INFO - DAG(s) 'example_dag_decorator' retrieved from /home/walterg/Documentos/Data_projects/Data-Warehouse-postgres-DBT-airflow-/.venv/lib/python3.11/site-packages/airflow/example_dags/example_dag_decorator.py
[2025-05-31T19:45:50.967-0300] {logging_mixin.py:188} INFO - [2025-05-31T19:45:50.966-0300] {dag.py:3036} INFO - Sync 1 DAGs
[2025-05-31T19:45:50.972-0300] {logging_mixin.py:188} INFO - [2025-05-31T19:45:50.972-0300] {dag.py:3823} INFO - Setting next_dagrun for example_dag_decorator to None, run_after=None
[2025-05-31T19:45:50.992-0300] {processor.py:183} INFO - Processing /home/walterg/Documentos/Data_projects/Data-Warehouse-postgres-DBT-airflow-/.venv/lib/python3.11/site-packages/airflow/example_dags/example_dag_decorator.py took 0.150 seconds
[2025-05-31T19:46:48.157-0300] {processor.py:161} INFO - Started process (PID=14175) to work on /home/walterg/Documentos/Data_projects/Data-Warehouse-postgres-DBT-airflow-/.venv/lib/python3.11/site-packages/airflow/example_dags/example_dag_decorator.py
[2025-05-31T19:46:48.162-0300] {processor.py:830} INFO - Processing file /home/walterg/Documentos/Data_projects/Data-Warehouse-postgres-DBT-airflow-/.venv/lib/python3.11/site-packages/airflow/example_dags/example_dag_decorator.py for tasks to queue
[2025-05-31T19:46:48.163-0300] {logging_mixin.py:188} INFO - [2025-05-31T19:46:48.163-0300] {dagbag.py:538} INFO - Filling up the DagBag from /home/walterg/Documentos/Data_projects/Data-Warehouse-postgres-DBT-airflow-/.venv/lib/python3.11/site-packages/airflow/example_dags/example_dag_decorator.py
[2025-05-31T19:46:48.223-0300] {processor.py:840} INFO - DAG(s) 'example_dag_decorator' retrieved from /home/walterg/Documentos/Data_projects/Data-Warehouse-postgres-DBT-airflow-/.venv/lib/python3.11/site-packages/airflow/example_dags/example_dag_decorator.py
[2025-05-31T19:46:48.295-0300] {logging_mixin.py:188} INFO - [2025-05-31T19:46:48.295-0300] {dag.py:3036} INFO - Sync 1 DAGs
[2025-05-31T19:46:48.301-0300] {logging_mixin.py:188} INFO - [2025-05-31T19:46:48.301-0300] {dag.py:3823} INFO - Setting next_dagrun for example_dag_decorator to None, run_after=None
[2025-05-31T19:46:48.324-0300] {processor.py:183} INFO - Processing /home/walterg/Documentos/Data_projects/Data-Warehouse-postgres-DBT-airflow-/.venv/lib/python3.11/site-packages/airflow/example_dags/example_dag_decorator.py took 0.169 seconds
[2025-05-31T19:47:46.324-0300] {processor.py:161} INFO - Started process (PID=14406) to work on /home/walterg/Documentos/Data_projects/Data-Warehouse-postgres-DBT-airflow-/.venv/lib/python3.11/site-packages/airflow/example_dags/example_dag_decorator.py
[2025-05-31T19:47:46.329-0300] {processor.py:830} INFO - Processing file /home/walterg/Documentos/Data_projects/Data-Warehouse-postgres-DBT-airflow-/.venv/lib/python3.11/site-packages/airflow/example_dags/example_dag_decorator.py for tasks to queue
[2025-05-31T19:47:46.330-0300] {logging_mixin.py:188} INFO - [2025-05-31T19:47:46.329-0300] {dagbag.py:538} INFO - Filling up the DagBag from /home/walterg/Documentos/Data_projects/Data-Warehouse-postgres-DBT-airflow-/.venv/lib/python3.11/site-packages/airflow/example_dags/example_dag_decorator.py
[2025-05-31T19:47:46.388-0300] {processor.py:840} INFO - DAG(s) 'example_dag_decorator' retrieved from /home/walterg/Documentos/Data_projects/Data-Warehouse-postgres-DBT-airflow-/.venv/lib/python3.11/site-packages/airflow/example_dags/example_dag_decorator.py
[2025-05-31T19:47:46.452-0300] {logging_mixin.py:188} INFO - [2025-05-31T19:47:46.452-0300] {dag.py:3036} INFO - Sync 1 DAGs
[2025-05-31T19:47:46.458-0300] {logging_mixin.py:188} INFO - [2025-05-31T19:47:46.458-0300] {dag.py:3823} INFO - Setting next_dagrun for example_dag_decorator to None, run_after=None
[2025-05-31T19:47:46.478-0300] {processor.py:183} INFO - Processing /home/walterg/Documentos/Data_projects/Data-Warehouse-postgres-DBT-airflow-/.venv/lib/python3.11/site-packages/airflow/example_dags/example_dag_decorator.py took 0.157 seconds
