[2025-05-31T19:30:38.286-0300] {processor.py:161} INFO - Started process (PID=9853) to work on /home/walterg/Documentos/Data_projects/Data-Warehouse-postgres-DBT-airflow-/.venv/lib/python3.11/site-packages/airflow/example_dags/example_branch_datetime_operator.py
[2025-05-31T19:30:38.287-0300] {processor.py:830} INFO - Processing file /home/walterg/Documentos/Data_projects/Data-Warehouse-postgres-DBT-airflow-/.venv/lib/python3.11/site-packages/airflow/example_dags/example_branch_datetime_operator.py for tasks to queue
[2025-05-31T19:30:38.287-0300] {logging_mixin.py:188} INFO - [2025-05-31T19:30:38.287-0300] {dagbag.py:538} INFO - Filling up the DagBag from /home/walterg/Documentos/Data_projects/Data-Warehouse-postgres-DBT-airflow-/.venv/lib/python3.11/site-packages/airflow/example_dags/example_branch_datetime_operator.py
[2025-05-31T19:30:38.295-0300] {processor.py:840} INFO - DAG(s) 'example_branch_datetime_operator_2', 'example_branch_datetime_operator', 'example_branch_datetime_operator_3' retrieved from /home/walterg/Documentos/Data_projects/Data-Warehouse-postgres-DBT-airflow-/.venv/lib/python3.11/site-packages/airflow/example_dags/example_branch_datetime_operator.py
[2025-05-31T19:30:38.374-0300] {logging_mixin.py:188} INFO - [2025-05-31T19:30:38.373-0300] {override.py:1769} INFO - Created Permission View: can edit on DAG:example_branch_datetime_operator_2
[2025-05-31T19:30:38.383-0300] {logging_mixin.py:188} INFO - [2025-05-31T19:30:38.383-0300] {override.py:1769} INFO - Created Permission View: can read on DAG:example_branch_datetime_operator_2
[2025-05-31T19:30:38.392-0300] {logging_mixin.py:188} INFO - [2025-05-31T19:30:38.391-0300] {override.py:1769} INFO - Created Permission View: can delete on DAG:example_branch_datetime_operator_2
[2025-05-31T19:30:38.408-0300] {logging_mixin.py:188} INFO - [2025-05-31T19:30:38.407-0300] {override.py:1769} INFO - Created Permission View: can edit on DAG:example_branch_datetime_operator
[2025-05-31T19:30:38.416-0300] {logging_mixin.py:188} INFO - [2025-05-31T19:30:38.415-0300] {override.py:1769} INFO - Created Permission View: can read on DAG:example_branch_datetime_operator
[2025-05-31T19:30:38.423-0300] {logging_mixin.py:188} INFO - [2025-05-31T19:30:38.423-0300] {override.py:1769} INFO - Created Permission View: can delete on DAG:example_branch_datetime_operator
[2025-05-31T19:30:38.440-0300] {logging_mixin.py:188} INFO - [2025-05-31T19:30:38.440-0300] {override.py:1769} INFO - Created Permission View: can edit on DAG:example_branch_datetime_operator_3
[2025-05-31T19:30:38.448-0300] {logging_mixin.py:188} INFO - [2025-05-31T19:30:38.448-0300] {override.py:1769} INFO - Created Permission View: can read on DAG:example_branch_datetime_operator_3
[2025-05-31T19:30:38.456-0300] {logging_mixin.py:188} INFO - [2025-05-31T19:30:38.455-0300] {override.py:1769} INFO - Created Permission View: can delete on DAG:example_branch_datetime_operator_3
[2025-05-31T19:30:38.456-0300] {logging_mixin.py:188} INFO - [2025-05-31T19:30:38.456-0300] {dag.py:3036} INFO - Sync 3 DAGs
[2025-05-31T19:30:38.462-0300] {logging_mixin.py:188} INFO - [2025-05-31T19:30:38.462-0300] {dag.py:3058} INFO - Creating ORM DAG for example_branch_datetime_operator_2
[2025-05-31T19:30:38.463-0300] {logging_mixin.py:188} INFO - [2025-05-31T19:30:38.463-0300] {dag.py:3058} INFO - Creating ORM DAG for example_branch_datetime_operator
[2025-05-31T19:30:38.463-0300] {logging_mixin.py:188} INFO - [2025-05-31T19:30:38.463-0300] {dag.py:3058} INFO - Creating ORM DAG for example_branch_datetime_operator_3
[2025-05-31T19:30:38.470-0300] {logging_mixin.py:188} INFO - [2025-05-31T19:30:38.470-0300] {dag.py:3823} INFO - Setting next_dagrun for example_branch_datetime_operator to 2025-05-30 00:00:00+00:00, run_after=2025-05-31 00:00:00+00:00
[2025-05-31T19:30:38.471-0300] {logging_mixin.py:188} INFO - [2025-05-31T19:30:38.471-0300] {dag.py:3823} INFO - Setting next_dagrun for example_branch_datetime_operator_2 to 2025-05-30 00:00:00+00:00, run_after=2025-05-31 00:00:00+00:00
[2025-05-31T19:30:38.472-0300] {logging_mixin.py:188} INFO - [2025-05-31T19:30:38.472-0300] {dag.py:3823} INFO - Setting next_dagrun for example_branch_datetime_operator_3 to 2025-05-30 00:00:00+00:00, run_after=2025-05-31 00:00:00+00:00
[2025-05-31T19:30:38.488-0300] {processor.py:183} INFO - Processing /home/walterg/Documentos/Data_projects/Data-Warehouse-postgres-DBT-airflow-/.venv/lib/python3.11/site-packages/airflow/example_dags/example_branch_datetime_operator.py took 0.205 seconds
[2025-05-31T19:31:32.876-0300] {processor.py:161} INFO - Started process (PID=10042) to work on /home/walterg/Documentos/Data_projects/Data-Warehouse-postgres-DBT-airflow-/.venv/lib/python3.11/site-packages/airflow/example_dags/example_branch_datetime_operator.py
[2025-05-31T19:31:32.881-0300] {processor.py:830} INFO - Processing file /home/walterg/Documentos/Data_projects/Data-Warehouse-postgres-DBT-airflow-/.venv/lib/python3.11/site-packages/airflow/example_dags/example_branch_datetime_operator.py for tasks to queue
[2025-05-31T19:31:32.882-0300] {logging_mixin.py:188} INFO - [2025-05-31T19:31:32.882-0300] {dagbag.py:538} INFO - Filling up the DagBag from /home/walterg/Documentos/Data_projects/Data-Warehouse-postgres-DBT-airflow-/.venv/lib/python3.11/site-packages/airflow/example_dags/example_branch_datetime_operator.py
[2025-05-31T19:31:32.890-0300] {processor.py:840} INFO - DAG(s) 'example_branch_datetime_operator_3', 'example_branch_datetime_operator', 'example_branch_datetime_operator_2' retrieved from /home/walterg/Documentos/Data_projects/Data-Warehouse-postgres-DBT-airflow-/.venv/lib/python3.11/site-packages/airflow/example_dags/example_branch_datetime_operator.py
[2025-05-31T19:31:32.908-0300] {logging_mixin.py:188} INFO - [2025-05-31T19:31:32.908-0300] {dag.py:3036} INFO - Sync 3 DAGs
[2025-05-31T19:31:32.922-0300] {logging_mixin.py:188} INFO - [2025-05-31T19:31:32.922-0300] {dag.py:3823} INFO - Setting next_dagrun for example_branch_datetime_operator to 2025-05-30 00:00:00+00:00, run_after=2025-05-31 00:00:00+00:00
[2025-05-31T19:31:32.925-0300] {logging_mixin.py:188} INFO - [2025-05-31T19:31:32.925-0300] {dag.py:3823} INFO - Setting next_dagrun for example_branch_datetime_operator_2 to 2025-05-30 00:00:00+00:00, run_after=2025-05-31 00:00:00+00:00
[2025-05-31T19:31:32.926-0300] {logging_mixin.py:188} INFO - [2025-05-31T19:31:32.926-0300] {dag.py:3823} INFO - Setting next_dagrun for example_branch_datetime_operator_3 to 2025-05-30 00:00:00+00:00, run_after=2025-05-31 00:00:00+00:00
[2025-05-31T19:31:32.942-0300] {processor.py:183} INFO - Processing /home/walterg/Documentos/Data_projects/Data-Warehouse-postgres-DBT-airflow-/.venv/lib/python3.11/site-packages/airflow/example_dags/example_branch_datetime_operator.py took 0.069 seconds
