[2025-05-31T19:30:06.429-0300] {processor.py:161} INFO - Started process (PID=9710) to work on /home/walterg/Documentos/Data_projects/Data-Warehouse-postgres-DBT-airflow-/.venv/lib/python3.11/site-packages/airflow/example_dags/example_task_group_decorator.py
[2025-05-31T19:30:06.430-0300] {processor.py:830} INFO - Processing file /home/walterg/Documentos/Data_projects/Data-Warehouse-postgres-DBT-airflow-/.venv/lib/python3.11/site-packages/airflow/example_dags/example_task_group_decorator.py for tasks to queue
[2025-05-31T19:30:06.430-0300] {logging_mixin.py:188} INFO - [2025-05-31T19:30:06.430-0300] {dagbag.py:538} INFO - Filling up the DagBag from /home/walterg/Documentos/Data_projects/Data-Warehouse-postgres-DBT-airflow-/.venv/lib/python3.11/site-packages/airflow/example_dags/example_task_group_decorator.py
[2025-05-31T19:30:06.442-0300] {processor.py:840} INFO - DAG(s) 'example_task_group_decorator' retrieved from /home/walterg/Documentos/Data_projects/Data-Warehouse-postgres-DBT-airflow-/.venv/lib/python3.11/site-packages/airflow/example_dags/example_task_group_decorator.py
[2025-05-31T19:30:06.525-0300] {logging_mixin.py:188} INFO - [2025-05-31T19:30:06.524-0300] {override.py:1769} INFO - Created Permission View: can edit on DAG:example_task_group_decorator
[2025-05-31T19:30:06.534-0300] {logging_mixin.py:188} INFO - [2025-05-31T19:30:06.534-0300] {override.py:1769} INFO - Created Permission View: can read on DAG:example_task_group_decorator
[2025-05-31T19:30:06.542-0300] {logging_mixin.py:188} INFO - [2025-05-31T19:30:06.542-0300] {override.py:1769} INFO - Created Permission View: can delete on DAG:example_task_group_decorator
[2025-05-31T19:30:06.542-0300] {logging_mixin.py:188} INFO - [2025-05-31T19:30:06.542-0300] {dag.py:3036} INFO - Sync 1 DAGs
[2025-05-31T19:30:06.549-0300] {logging_mixin.py:188} INFO - [2025-05-31T19:30:06.549-0300] {dag.py:3058} INFO - Creating ORM DAG for example_task_group_decorator
[2025-05-31T19:30:06.555-0300] {logging_mixin.py:188} INFO - [2025-05-31T19:30:06.554-0300] {dag.py:3823} INFO - Setting next_dagrun for example_task_group_decorator to 2025-05-30 00:00:00+00:00, run_after=2025-05-31 00:00:00+00:00
[2025-05-31T19:30:06.570-0300] {processor.py:183} INFO - Processing /home/walterg/Documentos/Data_projects/Data-Warehouse-postgres-DBT-airflow-/.venv/lib/python3.11/site-packages/airflow/example_dags/example_task_group_decorator.py took 0.144 seconds
[2025-05-31T19:30:54.115-0300] {processor.py:161} INFO - Started process (PID=9912) to work on /home/walterg/Documentos/Data_projects/Data-Warehouse-postgres-DBT-airflow-/.venv/lib/python3.11/site-packages/airflow/example_dags/example_task_group_decorator.py
[2025-05-31T19:30:54.120-0300] {processor.py:830} INFO - Processing file /home/walterg/Documentos/Data_projects/Data-Warehouse-postgres-DBT-airflow-/.venv/lib/python3.11/site-packages/airflow/example_dags/example_task_group_decorator.py for tasks to queue
[2025-05-31T19:30:54.121-0300] {logging_mixin.py:188} INFO - [2025-05-31T19:30:54.120-0300] {dagbag.py:538} INFO - Filling up the DagBag from /home/walterg/Documentos/Data_projects/Data-Warehouse-postgres-DBT-airflow-/.venv/lib/python3.11/site-packages/airflow/example_dags/example_task_group_decorator.py
[2025-05-31T19:30:54.132-0300] {processor.py:840} INFO - DAG(s) 'example_task_group_decorator' retrieved from /home/walterg/Documentos/Data_projects/Data-Warehouse-postgres-DBT-airflow-/.venv/lib/python3.11/site-packages/airflow/example_dags/example_task_group_decorator.py
[2025-05-31T19:30:54.145-0300] {logging_mixin.py:188} INFO - [2025-05-31T19:30:54.145-0300] {dag.py:3036} INFO - Sync 1 DAGs
[2025-05-31T19:30:54.158-0300] {logging_mixin.py:188} INFO - [2025-05-31T19:30:54.158-0300] {dag.py:3823} INFO - Setting next_dagrun for example_task_group_decorator to 2025-05-30 00:00:00+00:00, run_after=2025-05-31 00:00:00+00:00
[2025-05-31T19:30:54.174-0300] {processor.py:183} INFO - Processing /home/walterg/Documentos/Data_projects/Data-Warehouse-postgres-DBT-airflow-/.venv/lib/python3.11/site-packages/airflow/example_dags/example_task_group_decorator.py took 0.062 seconds
[2025-05-31T19:41:06.483-0300] {processor.py:161} INFO - Started process (PID=12136) to work on /home/walterg/Documentos/Data_projects/Data-Warehouse-postgres-DBT-airflow-/.venv/lib/python3.11/site-packages/airflow/example_dags/example_task_group_decorator.py
[2025-05-31T19:41:06.488-0300] {processor.py:830} INFO - Processing file /home/walterg/Documentos/Data_projects/Data-Warehouse-postgres-DBT-airflow-/.venv/lib/python3.11/site-packages/airflow/example_dags/example_task_group_decorator.py for tasks to queue
[2025-05-31T19:41:06.489-0300] {logging_mixin.py:188} INFO - [2025-05-31T19:41:06.489-0300] {dagbag.py:538} INFO - Filling up the DagBag from /home/walterg/Documentos/Data_projects/Data-Warehouse-postgres-DBT-airflow-/.venv/lib/python3.11/site-packages/airflow/example_dags/example_task_group_decorator.py
[2025-05-31T19:41:06.503-0300] {processor.py:840} INFO - DAG(s) 'example_task_group_decorator' retrieved from /home/walterg/Documentos/Data_projects/Data-Warehouse-postgres-DBT-airflow-/.venv/lib/python3.11/site-packages/airflow/example_dags/example_task_group_decorator.py
[2025-05-31T19:41:06.577-0300] {logging_mixin.py:188} INFO - [2025-05-31T19:41:06.577-0300] {dag.py:3036} INFO - Sync 1 DAGs
[2025-05-31T19:41:06.589-0300] {logging_mixin.py:188} INFO - [2025-05-31T19:41:06.589-0300] {dag.py:3823} INFO - Setting next_dagrun for example_task_group_decorator to 2025-05-30 00:00:00+00:00, run_after=2025-05-31 00:00:00+00:00
[2025-05-31T19:41:06.606-0300] {processor.py:183} INFO - Processing /home/walterg/Documentos/Data_projects/Data-Warehouse-postgres-DBT-airflow-/.venv/lib/python3.11/site-packages/airflow/example_dags/example_task_group_decorator.py took 0.127 seconds
[2025-05-31T19:42:06.574-0300] {processor.py:161} INFO - Started process (PID=12560) to work on /home/walterg/Documentos/Data_projects/Data-Warehouse-postgres-DBT-airflow-/.venv/lib/python3.11/site-packages/airflow/example_dags/example_task_group_decorator.py
[2025-05-31T19:42:06.579-0300] {processor.py:830} INFO - Processing file /home/walterg/Documentos/Data_projects/Data-Warehouse-postgres-DBT-airflow-/.venv/lib/python3.11/site-packages/airflow/example_dags/example_task_group_decorator.py for tasks to queue
[2025-05-31T19:42:06.580-0300] {logging_mixin.py:188} INFO - [2025-05-31T19:42:06.580-0300] {dagbag.py:538} INFO - Filling up the DagBag from /home/walterg/Documentos/Data_projects/Data-Warehouse-postgres-DBT-airflow-/.venv/lib/python3.11/site-packages/airflow/example_dags/example_task_group_decorator.py
[2025-05-31T19:42:06.591-0300] {processor.py:840} INFO - DAG(s) 'example_task_group_decorator' retrieved from /home/walterg/Documentos/Data_projects/Data-Warehouse-postgres-DBT-airflow-/.venv/lib/python3.11/site-packages/airflow/example_dags/example_task_group_decorator.py
[2025-05-31T19:42:06.604-0300] {logging_mixin.py:188} INFO - [2025-05-31T19:42:06.604-0300] {dag.py:3036} INFO - Sync 1 DAGs
[2025-05-31T19:42:06.618-0300] {logging_mixin.py:188} INFO - [2025-05-31T19:42:06.617-0300] {dag.py:3823} INFO - Setting next_dagrun for example_task_group_decorator to 2025-05-30 00:00:00+00:00, run_after=2025-05-31 00:00:00+00:00
[2025-05-31T19:42:06.634-0300] {processor.py:183} INFO - Processing /home/walterg/Documentos/Data_projects/Data-Warehouse-postgres-DBT-airflow-/.venv/lib/python3.11/site-packages/airflow/example_dags/example_task_group_decorator.py took 0.062 seconds
[2025-05-31T19:42:52.356-0300] {processor.py:161} INFO - Started process (PID=12823) to work on /home/walterg/Documentos/Data_projects/Data-Warehouse-postgres-DBT-airflow-/.venv/lib/python3.11/site-packages/airflow/example_dags/example_task_group_decorator.py
[2025-05-31T19:42:52.357-0300] {processor.py:830} INFO - Processing file /home/walterg/Documentos/Data_projects/Data-Warehouse-postgres-DBT-airflow-/.venv/lib/python3.11/site-packages/airflow/example_dags/example_task_group_decorator.py for tasks to queue
[2025-05-31T19:42:52.358-0300] {logging_mixin.py:188} INFO - [2025-05-31T19:42:52.357-0300] {dagbag.py:538} INFO - Filling up the DagBag from /home/walterg/Documentos/Data_projects/Data-Warehouse-postgres-DBT-airflow-/.venv/lib/python3.11/site-packages/airflow/example_dags/example_task_group_decorator.py
[2025-05-31T19:42:52.369-0300] {processor.py:840} INFO - DAG(s) 'example_task_group_decorator' retrieved from /home/walterg/Documentos/Data_projects/Data-Warehouse-postgres-DBT-airflow-/.venv/lib/python3.11/site-packages/airflow/example_dags/example_task_group_decorator.py
[2025-05-31T19:42:52.383-0300] {logging_mixin.py:188} INFO - [2025-05-31T19:42:52.383-0300] {dag.py:3036} INFO - Sync 1 DAGs
[2025-05-31T19:42:52.397-0300] {logging_mixin.py:188} INFO - [2025-05-31T19:42:52.397-0300] {dag.py:3823} INFO - Setting next_dagrun for example_task_group_decorator to 2025-05-30 00:00:00+00:00, run_after=2025-05-31 00:00:00+00:00
[2025-05-31T19:42:52.425-0300] {processor.py:183} INFO - Processing /home/walterg/Documentos/Data_projects/Data-Warehouse-postgres-DBT-airflow-/.venv/lib/python3.11/site-packages/airflow/example_dags/example_task_group_decorator.py took 0.072 seconds
[2025-05-31T19:43:42.245-0300] {processor.py:161} INFO - Started process (PID=13276) to work on /home/walterg/Documentos/Data_projects/Data-Warehouse-postgres-DBT-airflow-/.venv/lib/python3.11/site-packages/airflow/example_dags/example_task_group_decorator.py
[2025-05-31T19:43:42.250-0300] {processor.py:830} INFO - Processing file /home/walterg/Documentos/Data_projects/Data-Warehouse-postgres-DBT-airflow-/.venv/lib/python3.11/site-packages/airflow/example_dags/example_task_group_decorator.py for tasks to queue
[2025-05-31T19:43:42.252-0300] {logging_mixin.py:188} INFO - [2025-05-31T19:43:42.251-0300] {dagbag.py:538} INFO - Filling up the DagBag from /home/walterg/Documentos/Data_projects/Data-Warehouse-postgres-DBT-airflow-/.venv/lib/python3.11/site-packages/airflow/example_dags/example_task_group_decorator.py
[2025-05-31T19:43:42.265-0300] {processor.py:840} INFO - DAG(s) 'example_task_group_decorator' retrieved from /home/walterg/Documentos/Data_projects/Data-Warehouse-postgres-DBT-airflow-/.venv/lib/python3.11/site-packages/airflow/example_dags/example_task_group_decorator.py
[2025-05-31T19:43:42.279-0300] {logging_mixin.py:188} INFO - [2025-05-31T19:43:42.279-0300] {dag.py:3036} INFO - Sync 1 DAGs
[2025-05-31T19:43:42.293-0300] {logging_mixin.py:188} INFO - [2025-05-31T19:43:42.293-0300] {dag.py:3823} INFO - Setting next_dagrun for example_task_group_decorator to 2025-05-30 00:00:00+00:00, run_after=2025-05-31 00:00:00+00:00
[2025-05-31T19:43:42.310-0300] {processor.py:183} INFO - Processing /home/walterg/Documentos/Data_projects/Data-Warehouse-postgres-DBT-airflow-/.venv/lib/python3.11/site-packages/airflow/example_dags/example_task_group_decorator.py took 0.067 seconds
[2025-05-31T19:44:26.956-0300] {processor.py:161} INFO - Started process (PID=13556) to work on /home/walterg/Documentos/Data_projects/Data-Warehouse-postgres-DBT-airflow-/.venv/lib/python3.11/site-packages/airflow/example_dags/example_task_group_decorator.py
[2025-05-31T19:44:26.957-0300] {processor.py:830} INFO - Processing file /home/walterg/Documentos/Data_projects/Data-Warehouse-postgres-DBT-airflow-/.venv/lib/python3.11/site-packages/airflow/example_dags/example_task_group_decorator.py for tasks to queue
[2025-05-31T19:44:26.958-0300] {logging_mixin.py:188} INFO - [2025-05-31T19:44:26.957-0300] {dagbag.py:538} INFO - Filling up the DagBag from /home/walterg/Documentos/Data_projects/Data-Warehouse-postgres-DBT-airflow-/.venv/lib/python3.11/site-packages/airflow/example_dags/example_task_group_decorator.py
[2025-05-31T19:44:26.969-0300] {processor.py:840} INFO - DAG(s) 'example_task_group_decorator' retrieved from /home/walterg/Documentos/Data_projects/Data-Warehouse-postgres-DBT-airflow-/.venv/lib/python3.11/site-packages/airflow/example_dags/example_task_group_decorator.py
[2025-05-31T19:44:26.982-0300] {logging_mixin.py:188} INFO - [2025-05-31T19:44:26.982-0300] {dag.py:3036} INFO - Sync 1 DAGs
[2025-05-31T19:44:26.995-0300] {logging_mixin.py:188} INFO - [2025-05-31T19:44:26.994-0300] {dag.py:3823} INFO - Setting next_dagrun for example_task_group_decorator to 2025-05-30 00:00:00+00:00, run_after=2025-05-31 00:00:00+00:00
[2025-05-31T19:44:27.010-0300] {processor.py:183} INFO - Processing /home/walterg/Documentos/Data_projects/Data-Warehouse-postgres-DBT-airflow-/.venv/lib/python3.11/site-packages/airflow/example_dags/example_task_group_decorator.py took 0.057 seconds
[2025-05-31T19:45:15.170-0300] {processor.py:161} INFO - Started process (PID=13761) to work on /home/walterg/Documentos/Data_projects/Data-Warehouse-postgres-DBT-airflow-/.venv/lib/python3.11/site-packages/airflow/example_dags/example_task_group_decorator.py
[2025-05-31T19:45:15.175-0300] {processor.py:830} INFO - Processing file /home/walterg/Documentos/Data_projects/Data-Warehouse-postgres-DBT-airflow-/.venv/lib/python3.11/site-packages/airflow/example_dags/example_task_group_decorator.py for tasks to queue
[2025-05-31T19:45:15.176-0300] {logging_mixin.py:188} INFO - [2025-05-31T19:45:15.176-0300] {dagbag.py:538} INFO - Filling up the DagBag from /home/walterg/Documentos/Data_projects/Data-Warehouse-postgres-DBT-airflow-/.venv/lib/python3.11/site-packages/airflow/example_dags/example_task_group_decorator.py
[2025-05-31T19:45:15.187-0300] {processor.py:840} INFO - DAG(s) 'example_task_group_decorator' retrieved from /home/walterg/Documentos/Data_projects/Data-Warehouse-postgres-DBT-airflow-/.venv/lib/python3.11/site-packages/airflow/example_dags/example_task_group_decorator.py
[2025-05-31T19:45:15.200-0300] {logging_mixin.py:188} INFO - [2025-05-31T19:45:15.200-0300] {dag.py:3036} INFO - Sync 1 DAGs
[2025-05-31T19:45:15.213-0300] {logging_mixin.py:188} INFO - [2025-05-31T19:45:15.213-0300] {dag.py:3823} INFO - Setting next_dagrun for example_task_group_decorator to 2025-05-30 00:00:00+00:00, run_after=2025-05-31 00:00:00+00:00
[2025-05-31T19:45:15.230-0300] {processor.py:183} INFO - Processing /home/walterg/Documentos/Data_projects/Data-Warehouse-postgres-DBT-airflow-/.venv/lib/python3.11/site-packages/airflow/example_dags/example_task_group_decorator.py took 0.062 seconds
[2025-05-31T19:45:56.442-0300] {processor.py:161} INFO - Started process (PID=13940) to work on /home/walterg/Documentos/Data_projects/Data-Warehouse-postgres-DBT-airflow-/.venv/lib/python3.11/site-packages/airflow/example_dags/example_task_group_decorator.py
[2025-05-31T19:45:56.447-0300] {processor.py:830} INFO - Processing file /home/walterg/Documentos/Data_projects/Data-Warehouse-postgres-DBT-airflow-/.venv/lib/python3.11/site-packages/airflow/example_dags/example_task_group_decorator.py for tasks to queue
[2025-05-31T19:45:56.448-0300] {logging_mixin.py:188} INFO - [2025-05-31T19:45:56.448-0300] {dagbag.py:538} INFO - Filling up the DagBag from /home/walterg/Documentos/Data_projects/Data-Warehouse-postgres-DBT-airflow-/.venv/lib/python3.11/site-packages/airflow/example_dags/example_task_group_decorator.py
[2025-05-31T19:45:56.459-0300] {processor.py:840} INFO - DAG(s) 'example_task_group_decorator' retrieved from /home/walterg/Documentos/Data_projects/Data-Warehouse-postgres-DBT-airflow-/.venv/lib/python3.11/site-packages/airflow/example_dags/example_task_group_decorator.py
[2025-05-31T19:45:56.473-0300] {logging_mixin.py:188} INFO - [2025-05-31T19:45:56.472-0300] {dag.py:3036} INFO - Sync 1 DAGs
[2025-05-31T19:45:56.485-0300] {logging_mixin.py:188} INFO - [2025-05-31T19:45:56.485-0300] {dag.py:3823} INFO - Setting next_dagrun for example_task_group_decorator to 2025-05-30 00:00:00+00:00, run_after=2025-05-31 00:00:00+00:00
[2025-05-31T19:45:56.503-0300] {processor.py:183} INFO - Processing /home/walterg/Documentos/Data_projects/Data-Warehouse-postgres-DBT-airflow-/.venv/lib/python3.11/site-packages/airflow/example_dags/example_task_group_decorator.py took 0.063 seconds
[2025-05-31T19:46:33.845-0300] {processor.py:161} INFO - Started process (PID=14153) to work on /home/walterg/Documentos/Data_projects/Data-Warehouse-postgres-DBT-airflow-/.venv/lib/python3.11/site-packages/airflow/example_dags/example_task_group_decorator.py
[2025-05-31T19:46:33.850-0300] {processor.py:830} INFO - Processing file /home/walterg/Documentos/Data_projects/Data-Warehouse-postgres-DBT-airflow-/.venv/lib/python3.11/site-packages/airflow/example_dags/example_task_group_decorator.py for tasks to queue
[2025-05-31T19:46:33.851-0300] {logging_mixin.py:188} INFO - [2025-05-31T19:46:33.850-0300] {dagbag.py:538} INFO - Filling up the DagBag from /home/walterg/Documentos/Data_projects/Data-Warehouse-postgres-DBT-airflow-/.venv/lib/python3.11/site-packages/airflow/example_dags/example_task_group_decorator.py
[2025-05-31T19:46:33.862-0300] {processor.py:840} INFO - DAG(s) 'example_task_group_decorator' retrieved from /home/walterg/Documentos/Data_projects/Data-Warehouse-postgres-DBT-airflow-/.venv/lib/python3.11/site-packages/airflow/example_dags/example_task_group_decorator.py
[2025-05-31T19:46:33.876-0300] {logging_mixin.py:188} INFO - [2025-05-31T19:46:33.875-0300] {dag.py:3036} INFO - Sync 1 DAGs
[2025-05-31T19:46:33.889-0300] {logging_mixin.py:188} INFO - [2025-05-31T19:46:33.889-0300] {dag.py:3823} INFO - Setting next_dagrun for example_task_group_decorator to 2025-05-30 00:00:00+00:00, run_after=2025-05-31 00:00:00+00:00
[2025-05-31T19:46:33.905-0300] {processor.py:183} INFO - Processing /home/walterg/Documentos/Data_projects/Data-Warehouse-postgres-DBT-airflow-/.venv/lib/python3.11/site-packages/airflow/example_dags/example_task_group_decorator.py took 0.063 seconds
[2025-05-31T19:47:14.102-0300] {processor.py:161} INFO - Started process (PID=14288) to work on /home/walterg/Documentos/Data_projects/Data-Warehouse-postgres-DBT-airflow-/.venv/lib/python3.11/site-packages/airflow/example_dags/example_task_group_decorator.py
[2025-05-31T19:47:14.107-0300] {processor.py:830} INFO - Processing file /home/walterg/Documentos/Data_projects/Data-Warehouse-postgres-DBT-airflow-/.venv/lib/python3.11/site-packages/airflow/example_dags/example_task_group_decorator.py for tasks to queue
[2025-05-31T19:47:14.108-0300] {logging_mixin.py:188} INFO - [2025-05-31T19:47:14.108-0300] {dagbag.py:538} INFO - Filling up the DagBag from /home/walterg/Documentos/Data_projects/Data-Warehouse-postgres-DBT-airflow-/.venv/lib/python3.11/site-packages/airflow/example_dags/example_task_group_decorator.py
[2025-05-31T19:47:14.119-0300] {processor.py:840} INFO - DAG(s) 'example_task_group_decorator' retrieved from /home/walterg/Documentos/Data_projects/Data-Warehouse-postgres-DBT-airflow-/.venv/lib/python3.11/site-packages/airflow/example_dags/example_task_group_decorator.py
[2025-05-31T19:47:14.133-0300] {logging_mixin.py:188} INFO - [2025-05-31T19:47:14.133-0300] {dag.py:3036} INFO - Sync 1 DAGs
[2025-05-31T19:47:14.146-0300] {logging_mixin.py:188} INFO - [2025-05-31T19:47:14.146-0300] {dag.py:3823} INFO - Setting next_dagrun for example_task_group_decorator to 2025-05-30 00:00:00+00:00, run_after=2025-05-31 00:00:00+00:00
[2025-05-31T19:47:14.162-0300] {processor.py:183} INFO - Processing /home/walterg/Documentos/Data_projects/Data-Warehouse-postgres-DBT-airflow-/.venv/lib/python3.11/site-packages/airflow/example_dags/example_task_group_decorator.py took 0.063 seconds
[2025-05-31T19:47:52.706-0300] {processor.py:161} INFO - Started process (PID=14413) to work on /home/walterg/Documentos/Data_projects/Data-Warehouse-postgres-DBT-airflow-/.venv/lib/python3.11/site-packages/airflow/example_dags/example_task_group_decorator.py
[2025-05-31T19:47:52.711-0300] {processor.py:830} INFO - Processing file /home/walterg/Documentos/Data_projects/Data-Warehouse-postgres-DBT-airflow-/.venv/lib/python3.11/site-packages/airflow/example_dags/example_task_group_decorator.py for tasks to queue
[2025-05-31T19:47:52.712-0300] {logging_mixin.py:188} INFO - [2025-05-31T19:47:52.712-0300] {dagbag.py:538} INFO - Filling up the DagBag from /home/walterg/Documentos/Data_projects/Data-Warehouse-postgres-DBT-airflow-/.venv/lib/python3.11/site-packages/airflow/example_dags/example_task_group_decorator.py
[2025-05-31T19:47:52.723-0300] {processor.py:840} INFO - DAG(s) 'example_task_group_decorator' retrieved from /home/walterg/Documentos/Data_projects/Data-Warehouse-postgres-DBT-airflow-/.venv/lib/python3.11/site-packages/airflow/example_dags/example_task_group_decorator.py
[2025-05-31T19:47:52.736-0300] {logging_mixin.py:188} INFO - [2025-05-31T19:47:52.736-0300] {dag.py:3036} INFO - Sync 1 DAGs
[2025-05-31T19:47:52.751-0300] {logging_mixin.py:188} INFO - [2025-05-31T19:47:52.751-0300] {dag.py:3823} INFO - Setting next_dagrun for example_task_group_decorator to 2025-05-30 00:00:00+00:00, run_after=2025-05-31 00:00:00+00:00
[2025-05-31T19:47:52.770-0300] {processor.py:183} INFO - Processing /home/walterg/Documentos/Data_projects/Data-Warehouse-postgres-DBT-airflow-/.venv/lib/python3.11/site-packages/airflow/example_dags/example_task_group_decorator.py took 0.066 seconds
[2025-05-31T19:48:42.657-0300] {processor.py:161} INFO - Started process (PID=14900) to work on /home/walterg/Documentos/Data_projects/Data-Warehouse-postgres-DBT-airflow-/.venv/lib/python3.11/site-packages/airflow/example_dags/example_task_group_decorator.py
[2025-05-31T19:48:42.662-0300] {processor.py:830} INFO - Processing file /home/walterg/Documentos/Data_projects/Data-Warehouse-postgres-DBT-airflow-/.venv/lib/python3.11/site-packages/airflow/example_dags/example_task_group_decorator.py for tasks to queue
[2025-05-31T19:48:42.663-0300] {logging_mixin.py:188} INFO - [2025-05-31T19:48:42.663-0300] {dagbag.py:538} INFO - Filling up the DagBag from /home/walterg/Documentos/Data_projects/Data-Warehouse-postgres-DBT-airflow-/.venv/lib/python3.11/site-packages/airflow/example_dags/example_task_group_decorator.py
[2025-05-31T19:48:42.674-0300] {processor.py:840} INFO - DAG(s) 'example_task_group_decorator' retrieved from /home/walterg/Documentos/Data_projects/Data-Warehouse-postgres-DBT-airflow-/.venv/lib/python3.11/site-packages/airflow/example_dags/example_task_group_decorator.py
[2025-05-31T19:48:42.688-0300] {logging_mixin.py:188} INFO - [2025-05-31T19:48:42.688-0300] {dag.py:3036} INFO - Sync 1 DAGs
[2025-05-31T19:48:42.700-0300] {logging_mixin.py:188} INFO - [2025-05-31T19:48:42.700-0300] {dag.py:3823} INFO - Setting next_dagrun for example_task_group_decorator to 2025-05-30 00:00:00+00:00, run_after=2025-05-31 00:00:00+00:00
[2025-05-31T19:48:42.717-0300] {processor.py:183} INFO - Processing /home/walterg/Documentos/Data_projects/Data-Warehouse-postgres-DBT-airflow-/.venv/lib/python3.11/site-packages/airflow/example_dags/example_task_group_decorator.py took 0.062 seconds
[2025-05-31T19:49:35.508-0300] {processor.py:161} INFO - Started process (PID=15221) to work on /home/walterg/Documentos/Data_projects/Data-Warehouse-postgres-DBT-airflow-/.venv/lib/python3.11/site-packages/airflow/example_dags/example_task_group_decorator.py
[2025-05-31T19:49:35.518-0300] {processor.py:830} INFO - Processing file /home/walterg/Documentos/Data_projects/Data-Warehouse-postgres-DBT-airflow-/.venv/lib/python3.11/site-packages/airflow/example_dags/example_task_group_decorator.py for tasks to queue
[2025-05-31T19:49:35.519-0300] {logging_mixin.py:188} INFO - [2025-05-31T19:49:35.518-0300] {dagbag.py:538} INFO - Filling up the DagBag from /home/walterg/Documentos/Data_projects/Data-Warehouse-postgres-DBT-airflow-/.venv/lib/python3.11/site-packages/airflow/example_dags/example_task_group_decorator.py
[2025-05-31T19:49:35.530-0300] {processor.py:840} INFO - DAG(s) 'example_task_group_decorator' retrieved from /home/walterg/Documentos/Data_projects/Data-Warehouse-postgres-DBT-airflow-/.venv/lib/python3.11/site-packages/airflow/example_dags/example_task_group_decorator.py
[2025-05-31T19:49:35.543-0300] {logging_mixin.py:188} INFO - [2025-05-31T19:49:35.543-0300] {dag.py:3036} INFO - Sync 1 DAGs
[2025-05-31T19:49:35.556-0300] {logging_mixin.py:188} INFO - [2025-05-31T19:49:35.556-0300] {dag.py:3823} INFO - Setting next_dagrun for example_task_group_decorator to 2025-05-30 00:00:00+00:00, run_after=2025-05-31 00:00:00+00:00
[2025-05-31T19:49:35.573-0300] {processor.py:183} INFO - Processing /home/walterg/Documentos/Data_projects/Data-Warehouse-postgres-DBT-airflow-/.venv/lib/python3.11/site-packages/airflow/example_dags/example_task_group_decorator.py took 0.067 seconds
[2025-05-31T19:50:22.237-0300] {processor.py:161} INFO - Started process (PID=15414) to work on /home/walterg/Documentos/Data_projects/Data-Warehouse-postgres-DBT-airflow-/.venv/lib/python3.11/site-packages/airflow/example_dags/example_task_group_decorator.py
[2025-05-31T19:50:22.242-0300] {processor.py:830} INFO - Processing file /home/walterg/Documentos/Data_projects/Data-Warehouse-postgres-DBT-airflow-/.venv/lib/python3.11/site-packages/airflow/example_dags/example_task_group_decorator.py for tasks to queue
[2025-05-31T19:50:22.243-0300] {logging_mixin.py:188} INFO - [2025-05-31T19:50:22.243-0300] {dagbag.py:538} INFO - Filling up the DagBag from /home/walterg/Documentos/Data_projects/Data-Warehouse-postgres-DBT-airflow-/.venv/lib/python3.11/site-packages/airflow/example_dags/example_task_group_decorator.py
[2025-05-31T19:50:22.254-0300] {processor.py:840} INFO - DAG(s) 'example_task_group_decorator' retrieved from /home/walterg/Documentos/Data_projects/Data-Warehouse-postgres-DBT-airflow-/.venv/lib/python3.11/site-packages/airflow/example_dags/example_task_group_decorator.py
[2025-05-31T19:50:22.268-0300] {logging_mixin.py:188} INFO - [2025-05-31T19:50:22.268-0300] {dag.py:3036} INFO - Sync 1 DAGs
[2025-05-31T19:50:22.282-0300] {logging_mixin.py:188} INFO - [2025-05-31T19:50:22.282-0300] {dag.py:3823} INFO - Setting next_dagrun for example_task_group_decorator to 2025-05-30 00:00:00+00:00, run_after=2025-05-31 00:00:00+00:00
[2025-05-31T19:50:22.300-0300] {processor.py:183} INFO - Processing /home/walterg/Documentos/Data_projects/Data-Warehouse-postgres-DBT-airflow-/.venv/lib/python3.11/site-packages/airflow/example_dags/example_task_group_decorator.py took 0.066 seconds
[2025-05-31T19:51:06.463-0300] {processor.py:161} INFO - Started process (PID=15593) to work on /home/walterg/Documentos/Data_projects/Data-Warehouse-postgres-DBT-airflow-/.venv/lib/python3.11/site-packages/airflow/example_dags/example_task_group_decorator.py
[2025-05-31T19:51:06.464-0300] {processor.py:830} INFO - Processing file /home/walterg/Documentos/Data_projects/Data-Warehouse-postgres-DBT-airflow-/.venv/lib/python3.11/site-packages/airflow/example_dags/example_task_group_decorator.py for tasks to queue
[2025-05-31T19:51:06.465-0300] {logging_mixin.py:188} INFO - [2025-05-31T19:51:06.465-0300] {dagbag.py:538} INFO - Filling up the DagBag from /home/walterg/Documentos/Data_projects/Data-Warehouse-postgres-DBT-airflow-/.venv/lib/python3.11/site-packages/airflow/example_dags/example_task_group_decorator.py
[2025-05-31T19:51:06.477-0300] {processor.py:840} INFO - DAG(s) 'example_task_group_decorator' retrieved from /home/walterg/Documentos/Data_projects/Data-Warehouse-postgres-DBT-airflow-/.venv/lib/python3.11/site-packages/airflow/example_dags/example_task_group_decorator.py
[2025-05-31T19:51:06.491-0300] {logging_mixin.py:188} INFO - [2025-05-31T19:51:06.490-0300] {dag.py:3036} INFO - Sync 1 DAGs
[2025-05-31T19:51:06.504-0300] {logging_mixin.py:188} INFO - [2025-05-31T19:51:06.504-0300] {dag.py:3823} INFO - Setting next_dagrun for example_task_group_decorator to 2025-05-30 00:00:00+00:00, run_after=2025-05-31 00:00:00+00:00
[2025-05-31T19:51:06.520-0300] {processor.py:183} INFO - Processing /home/walterg/Documentos/Data_projects/Data-Warehouse-postgres-DBT-airflow-/.venv/lib/python3.11/site-packages/airflow/example_dags/example_task_group_decorator.py took 0.059 seconds
[2025-05-31T19:51:46.684-0300] {processor.py:161} INFO - Started process (PID=15820) to work on /home/walterg/Documentos/Data_projects/Data-Warehouse-postgres-DBT-airflow-/.venv/lib/python3.11/site-packages/airflow/example_dags/example_task_group_decorator.py
[2025-05-31T19:51:46.689-0300] {processor.py:830} INFO - Processing file /home/walterg/Documentos/Data_projects/Data-Warehouse-postgres-DBT-airflow-/.venv/lib/python3.11/site-packages/airflow/example_dags/example_task_group_decorator.py for tasks to queue
[2025-05-31T19:51:46.690-0300] {logging_mixin.py:188} INFO - [2025-05-31T19:51:46.690-0300] {dagbag.py:538} INFO - Filling up the DagBag from /home/walterg/Documentos/Data_projects/Data-Warehouse-postgres-DBT-airflow-/.venv/lib/python3.11/site-packages/airflow/example_dags/example_task_group_decorator.py
[2025-05-31T19:51:46.701-0300] {processor.py:840} INFO - DAG(s) 'example_task_group_decorator' retrieved from /home/walterg/Documentos/Data_projects/Data-Warehouse-postgres-DBT-airflow-/.venv/lib/python3.11/site-packages/airflow/example_dags/example_task_group_decorator.py
[2025-05-31T19:51:46.714-0300] {logging_mixin.py:188} INFO - [2025-05-31T19:51:46.714-0300] {dag.py:3036} INFO - Sync 1 DAGs
[2025-05-31T19:51:46.727-0300] {logging_mixin.py:188} INFO - [2025-05-31T19:51:46.727-0300] {dag.py:3823} INFO - Setting next_dagrun for example_task_group_decorator to 2025-05-30 00:00:00+00:00, run_after=2025-05-31 00:00:00+00:00
[2025-05-31T19:51:46.744-0300] {processor.py:183} INFO - Processing /home/walterg/Documentos/Data_projects/Data-Warehouse-postgres-DBT-airflow-/.venv/lib/python3.11/site-packages/airflow/example_dags/example_task_group_decorator.py took 0.063 seconds
[2025-05-31T19:52:27.183-0300] {processor.py:161} INFO - Started process (PID=16016) to work on /home/walterg/Documentos/Data_projects/Data-Warehouse-postgres-DBT-airflow-/.venv/lib/python3.11/site-packages/airflow/example_dags/example_task_group_decorator.py
[2025-05-31T19:52:27.188-0300] {processor.py:830} INFO - Processing file /home/walterg/Documentos/Data_projects/Data-Warehouse-postgres-DBT-airflow-/.venv/lib/python3.11/site-packages/airflow/example_dags/example_task_group_decorator.py for tasks to queue
[2025-05-31T19:52:27.190-0300] {logging_mixin.py:188} INFO - [2025-05-31T19:52:27.189-0300] {dagbag.py:538} INFO - Filling up the DagBag from /home/walterg/Documentos/Data_projects/Data-Warehouse-postgres-DBT-airflow-/.venv/lib/python3.11/site-packages/airflow/example_dags/example_task_group_decorator.py
[2025-05-31T19:52:27.201-0300] {processor.py:840} INFO - DAG(s) 'example_task_group_decorator' retrieved from /home/walterg/Documentos/Data_projects/Data-Warehouse-postgres-DBT-airflow-/.venv/lib/python3.11/site-packages/airflow/example_dags/example_task_group_decorator.py
[2025-05-31T19:52:27.214-0300] {logging_mixin.py:188} INFO - [2025-05-31T19:52:27.214-0300] {dag.py:3036} INFO - Sync 1 DAGs
[2025-05-31T19:52:27.227-0300] {logging_mixin.py:188} INFO - [2025-05-31T19:52:27.227-0300] {dag.py:3823} INFO - Setting next_dagrun for example_task_group_decorator to 2025-05-30 00:00:00+00:00, run_after=2025-05-31 00:00:00+00:00
[2025-05-31T19:52:27.243-0300] {processor.py:183} INFO - Processing /home/walterg/Documentos/Data_projects/Data-Warehouse-postgres-DBT-airflow-/.venv/lib/python3.11/site-packages/airflow/example_dags/example_task_group_decorator.py took 0.063 seconds
[2025-05-31T19:53:12.098-0300] {processor.py:161} INFO - Started process (PID=16190) to work on /home/walterg/Documentos/Data_projects/Data-Warehouse-postgres-DBT-airflow-/.venv/lib/python3.11/site-packages/airflow/example_dags/example_task_group_decorator.py
[2025-05-31T19:53:12.103-0300] {processor.py:830} INFO - Processing file /home/walterg/Documentos/Data_projects/Data-Warehouse-postgres-DBT-airflow-/.venv/lib/python3.11/site-packages/airflow/example_dags/example_task_group_decorator.py for tasks to queue
[2025-05-31T19:53:12.104-0300] {logging_mixin.py:188} INFO - [2025-05-31T19:53:12.104-0300] {dagbag.py:538} INFO - Filling up the DagBag from /home/walterg/Documentos/Data_projects/Data-Warehouse-postgres-DBT-airflow-/.venv/lib/python3.11/site-packages/airflow/example_dags/example_task_group_decorator.py
[2025-05-31T19:53:12.116-0300] {processor.py:840} INFO - DAG(s) 'example_task_group_decorator' retrieved from /home/walterg/Documentos/Data_projects/Data-Warehouse-postgres-DBT-airflow-/.venv/lib/python3.11/site-packages/airflow/example_dags/example_task_group_decorator.py
[2025-05-31T19:53:12.129-0300] {logging_mixin.py:188} INFO - [2025-05-31T19:53:12.129-0300] {dag.py:3036} INFO - Sync 1 DAGs
[2025-05-31T19:53:12.142-0300] {logging_mixin.py:188} INFO - [2025-05-31T19:53:12.141-0300] {dag.py:3823} INFO - Setting next_dagrun for example_task_group_decorator to 2025-05-30 00:00:00+00:00, run_after=2025-05-31 00:00:00+00:00
[2025-05-31T19:53:12.158-0300] {processor.py:183} INFO - Processing /home/walterg/Documentos/Data_projects/Data-Warehouse-postgres-DBT-airflow-/.venv/lib/python3.11/site-packages/airflow/example_dags/example_task_group_decorator.py took 0.063 seconds
[2025-05-31T19:53:57.171-0300] {processor.py:161} INFO - Started process (PID=16251) to work on /home/walterg/Documentos/Data_projects/Data-Warehouse-postgres-DBT-airflow-/.venv/lib/python3.11/site-packages/airflow/example_dags/example_task_group_decorator.py
[2025-05-31T19:53:57.176-0300] {processor.py:830} INFO - Processing file /home/walterg/Documentos/Data_projects/Data-Warehouse-postgres-DBT-airflow-/.venv/lib/python3.11/site-packages/airflow/example_dags/example_task_group_decorator.py for tasks to queue
[2025-05-31T19:53:57.177-0300] {logging_mixin.py:188} INFO - [2025-05-31T19:53:57.177-0300] {dagbag.py:538} INFO - Filling up the DagBag from /home/walterg/Documentos/Data_projects/Data-Warehouse-postgres-DBT-airflow-/.venv/lib/python3.11/site-packages/airflow/example_dags/example_task_group_decorator.py
[2025-05-31T19:53:57.188-0300] {processor.py:840} INFO - DAG(s) 'example_task_group_decorator' retrieved from /home/walterg/Documentos/Data_projects/Data-Warehouse-postgres-DBT-airflow-/.venv/lib/python3.11/site-packages/airflow/example_dags/example_task_group_decorator.py
[2025-05-31T19:53:57.202-0300] {logging_mixin.py:188} INFO - [2025-05-31T19:53:57.201-0300] {dag.py:3036} INFO - Sync 1 DAGs
[2025-05-31T19:53:57.214-0300] {logging_mixin.py:188} INFO - [2025-05-31T19:53:57.214-0300] {dag.py:3823} INFO - Setting next_dagrun for example_task_group_decorator to 2025-05-30 00:00:00+00:00, run_after=2025-05-31 00:00:00+00:00
[2025-05-31T19:53:57.232-0300] {processor.py:183} INFO - Processing /home/walterg/Documentos/Data_projects/Data-Warehouse-postgres-DBT-airflow-/.venv/lib/python3.11/site-packages/airflow/example_dags/example_task_group_decorator.py took 0.063 seconds
[2025-05-31T19:54:37.378-0300] {processor.py:161} INFO - Started process (PID=16387) to work on /home/walterg/Documentos/Data_projects/Data-Warehouse-postgres-DBT-airflow-/.venv/lib/python3.11/site-packages/airflow/example_dags/example_task_group_decorator.py
[2025-05-31T19:54:37.379-0300] {processor.py:830} INFO - Processing file /home/walterg/Documentos/Data_projects/Data-Warehouse-postgres-DBT-airflow-/.venv/lib/python3.11/site-packages/airflow/example_dags/example_task_group_decorator.py for tasks to queue
[2025-05-31T19:54:37.380-0300] {logging_mixin.py:188} INFO - [2025-05-31T19:54:37.379-0300] {dagbag.py:538} INFO - Filling up the DagBag from /home/walterg/Documentos/Data_projects/Data-Warehouse-postgres-DBT-airflow-/.venv/lib/python3.11/site-packages/airflow/example_dags/example_task_group_decorator.py
[2025-05-31T19:54:37.390-0300] {processor.py:840} INFO - DAG(s) 'example_task_group_decorator' retrieved from /home/walterg/Documentos/Data_projects/Data-Warehouse-postgres-DBT-airflow-/.venv/lib/python3.11/site-packages/airflow/example_dags/example_task_group_decorator.py
[2025-05-31T19:54:37.404-0300] {logging_mixin.py:188} INFO - [2025-05-31T19:54:37.404-0300] {dag.py:3036} INFO - Sync 1 DAGs
[2025-05-31T19:54:37.417-0300] {logging_mixin.py:188} INFO - [2025-05-31T19:54:37.417-0300] {dag.py:3823} INFO - Setting next_dagrun for example_task_group_decorator to 2025-05-30 00:00:00+00:00, run_after=2025-05-31 00:00:00+00:00
[2025-05-31T19:54:37.434-0300] {processor.py:183} INFO - Processing /home/walterg/Documentos/Data_projects/Data-Warehouse-postgres-DBT-airflow-/.venv/lib/python3.11/site-packages/airflow/example_dags/example_task_group_decorator.py took 0.059 seconds
[2025-05-31T19:55:20.585-0300] {processor.py:161} INFO - Started process (PID=16568) to work on /home/walterg/Documentos/Data_projects/Data-Warehouse-postgres-DBT-airflow-/.venv/lib/python3.11/site-packages/airflow/example_dags/example_task_group_decorator.py
[2025-05-31T19:55:20.590-0300] {processor.py:830} INFO - Processing file /home/walterg/Documentos/Data_projects/Data-Warehouse-postgres-DBT-airflow-/.venv/lib/python3.11/site-packages/airflow/example_dags/example_task_group_decorator.py for tasks to queue
[2025-05-31T19:55:20.591-0300] {logging_mixin.py:188} INFO - [2025-05-31T19:55:20.590-0300] {dagbag.py:538} INFO - Filling up the DagBag from /home/walterg/Documentos/Data_projects/Data-Warehouse-postgres-DBT-airflow-/.venv/lib/python3.11/site-packages/airflow/example_dags/example_task_group_decorator.py
[2025-05-31T19:55:20.602-0300] {processor.py:840} INFO - DAG(s) 'example_task_group_decorator' retrieved from /home/walterg/Documentos/Data_projects/Data-Warehouse-postgres-DBT-airflow-/.venv/lib/python3.11/site-packages/airflow/example_dags/example_task_group_decorator.py
[2025-05-31T19:55:20.615-0300] {logging_mixin.py:188} INFO - [2025-05-31T19:55:20.615-0300] {dag.py:3036} INFO - Sync 1 DAGs
[2025-05-31T19:55:20.628-0300] {logging_mixin.py:188} INFO - [2025-05-31T19:55:20.628-0300] {dag.py:3823} INFO - Setting next_dagrun for example_task_group_decorator to 2025-05-30 00:00:00+00:00, run_after=2025-05-31 00:00:00+00:00
[2025-05-31T19:55:20.646-0300] {processor.py:183} INFO - Processing /home/walterg/Documentos/Data_projects/Data-Warehouse-postgres-DBT-airflow-/.venv/lib/python3.11/site-packages/airflow/example_dags/example_task_group_decorator.py took 0.063 seconds
[2025-05-31T19:55:55.659-0300] {processor.py:161} INFO - Started process (PID=16710) to work on /home/walterg/Documentos/Data_projects/Data-Warehouse-postgres-DBT-airflow-/.venv/lib/python3.11/site-packages/airflow/example_dags/example_task_group_decorator.py
[2025-05-31T19:55:55.664-0300] {processor.py:830} INFO - Processing file /home/walterg/Documentos/Data_projects/Data-Warehouse-postgres-DBT-airflow-/.venv/lib/python3.11/site-packages/airflow/example_dags/example_task_group_decorator.py for tasks to queue
[2025-05-31T19:55:55.665-0300] {logging_mixin.py:188} INFO - [2025-05-31T19:55:55.665-0300] {dagbag.py:538} INFO - Filling up the DagBag from /home/walterg/Documentos/Data_projects/Data-Warehouse-postgres-DBT-airflow-/.venv/lib/python3.11/site-packages/airflow/example_dags/example_task_group_decorator.py
[2025-05-31T19:55:55.676-0300] {processor.py:840} INFO - DAG(s) 'example_task_group_decorator' retrieved from /home/walterg/Documentos/Data_projects/Data-Warehouse-postgres-DBT-airflow-/.venv/lib/python3.11/site-packages/airflow/example_dags/example_task_group_decorator.py
[2025-05-31T19:55:55.689-0300] {logging_mixin.py:188} INFO - [2025-05-31T19:55:55.689-0300] {dag.py:3036} INFO - Sync 1 DAGs
[2025-05-31T19:55:55.702-0300] {logging_mixin.py:188} INFO - [2025-05-31T19:55:55.702-0300] {dag.py:3823} INFO - Setting next_dagrun for example_task_group_decorator to 2025-05-30 00:00:00+00:00, run_after=2025-05-31 00:00:00+00:00
[2025-05-31T19:55:55.719-0300] {processor.py:183} INFO - Processing /home/walterg/Documentos/Data_projects/Data-Warehouse-postgres-DBT-airflow-/.venv/lib/python3.11/site-packages/airflow/example_dags/example_task_group_decorator.py took 0.063 seconds
[2025-05-31T19:56:36.742-0300] {processor.py:161} INFO - Started process (PID=16868) to work on /home/walterg/Documentos/Data_projects/Data-Warehouse-postgres-DBT-airflow-/.venv/lib/python3.11/site-packages/airflow/example_dags/example_task_group_decorator.py
[2025-05-31T19:56:36.747-0300] {processor.py:830} INFO - Processing file /home/walterg/Documentos/Data_projects/Data-Warehouse-postgres-DBT-airflow-/.venv/lib/python3.11/site-packages/airflow/example_dags/example_task_group_decorator.py for tasks to queue
[2025-05-31T19:56:36.748-0300] {logging_mixin.py:188} INFO - [2025-05-31T19:56:36.748-0300] {dagbag.py:538} INFO - Filling up the DagBag from /home/walterg/Documentos/Data_projects/Data-Warehouse-postgres-DBT-airflow-/.venv/lib/python3.11/site-packages/airflow/example_dags/example_task_group_decorator.py
[2025-05-31T19:56:36.759-0300] {processor.py:840} INFO - DAG(s) 'example_task_group_decorator' retrieved from /home/walterg/Documentos/Data_projects/Data-Warehouse-postgres-DBT-airflow-/.venv/lib/python3.11/site-packages/airflow/example_dags/example_task_group_decorator.py
[2025-05-31T19:56:36.773-0300] {logging_mixin.py:188} INFO - [2025-05-31T19:56:36.772-0300] {dag.py:3036} INFO - Sync 1 DAGs
[2025-05-31T19:56:36.785-0300] {logging_mixin.py:188} INFO - [2025-05-31T19:56:36.785-0300] {dag.py:3823} INFO - Setting next_dagrun for example_task_group_decorator to 2025-05-30 00:00:00+00:00, run_after=2025-05-31 00:00:00+00:00
[2025-05-31T19:56:36.803-0300] {processor.py:183} INFO - Processing /home/walterg/Documentos/Data_projects/Data-Warehouse-postgres-DBT-airflow-/.venv/lib/python3.11/site-packages/airflow/example_dags/example_task_group_decorator.py took 0.064 seconds
[2025-05-31T19:57:17.208-0300] {processor.py:161} INFO - Started process (PID=17026) to work on /home/walterg/Documentos/Data_projects/Data-Warehouse-postgres-DBT-airflow-/.venv/lib/python3.11/site-packages/airflow/example_dags/example_task_group_decorator.py
[2025-05-31T19:57:17.213-0300] {processor.py:830} INFO - Processing file /home/walterg/Documentos/Data_projects/Data-Warehouse-postgres-DBT-airflow-/.venv/lib/python3.11/site-packages/airflow/example_dags/example_task_group_decorator.py for tasks to queue
[2025-05-31T19:57:17.214-0300] {logging_mixin.py:188} INFO - [2025-05-31T19:57:17.214-0300] {dagbag.py:538} INFO - Filling up the DagBag from /home/walterg/Documentos/Data_projects/Data-Warehouse-postgres-DBT-airflow-/.venv/lib/python3.11/site-packages/airflow/example_dags/example_task_group_decorator.py
[2025-05-31T19:57:17.226-0300] {processor.py:840} INFO - DAG(s) 'example_task_group_decorator' retrieved from /home/walterg/Documentos/Data_projects/Data-Warehouse-postgres-DBT-airflow-/.venv/lib/python3.11/site-packages/airflow/example_dags/example_task_group_decorator.py
[2025-05-31T19:57:17.240-0300] {logging_mixin.py:188} INFO - [2025-05-31T19:57:17.240-0300] {dag.py:3036} INFO - Sync 1 DAGs
[2025-05-31T19:57:17.254-0300] {logging_mixin.py:188} INFO - [2025-05-31T19:57:17.254-0300] {dag.py:3823} INFO - Setting next_dagrun for example_task_group_decorator to 2025-05-30 00:00:00+00:00, run_after=2025-05-31 00:00:00+00:00
[2025-05-31T19:57:17.272-0300] {processor.py:183} INFO - Processing /home/walterg/Documentos/Data_projects/Data-Warehouse-postgres-DBT-airflow-/.venv/lib/python3.11/site-packages/airflow/example_dags/example_task_group_decorator.py took 0.067 seconds
[2025-05-31T19:58:01.149-0300] {processor.py:161} INFO - Started process (PID=17103) to work on /home/walterg/Documentos/Data_projects/Data-Warehouse-postgres-DBT-airflow-/.venv/lib/python3.11/site-packages/airflow/example_dags/example_task_group_decorator.py
[2025-05-31T19:58:01.150-0300] {processor.py:830} INFO - Processing file /home/walterg/Documentos/Data_projects/Data-Warehouse-postgres-DBT-airflow-/.venv/lib/python3.11/site-packages/airflow/example_dags/example_task_group_decorator.py for tasks to queue
[2025-05-31T19:58:01.151-0300] {logging_mixin.py:188} INFO - [2025-05-31T19:58:01.150-0300] {dagbag.py:538} INFO - Filling up the DagBag from /home/walterg/Documentos/Data_projects/Data-Warehouse-postgres-DBT-airflow-/.venv/lib/python3.11/site-packages/airflow/example_dags/example_task_group_decorator.py
[2025-05-31T19:58:01.162-0300] {processor.py:840} INFO - DAG(s) 'example_task_group_decorator' retrieved from /home/walterg/Documentos/Data_projects/Data-Warehouse-postgres-DBT-airflow-/.venv/lib/python3.11/site-packages/airflow/example_dags/example_task_group_decorator.py
[2025-05-31T19:58:01.175-0300] {logging_mixin.py:188} INFO - [2025-05-31T19:58:01.175-0300] {dag.py:3036} INFO - Sync 1 DAGs
[2025-05-31T19:58:01.187-0300] {logging_mixin.py:188} INFO - [2025-05-31T19:58:01.187-0300] {dag.py:3823} INFO - Setting next_dagrun for example_task_group_decorator to 2025-05-30 00:00:00+00:00, run_after=2025-05-31 00:00:00+00:00
[2025-05-31T19:58:01.205-0300] {processor.py:183} INFO - Processing /home/walterg/Documentos/Data_projects/Data-Warehouse-postgres-DBT-airflow-/.venv/lib/python3.11/site-packages/airflow/example_dags/example_task_group_decorator.py took 0.058 seconds
[2025-05-31T19:58:44.039-0300] {processor.py:161} INFO - Started process (PID=17269) to work on /home/walterg/Documentos/Data_projects/Data-Warehouse-postgres-DBT-airflow-/.venv/lib/python3.11/site-packages/airflow/example_dags/example_task_group_decorator.py
[2025-05-31T19:58:44.044-0300] {processor.py:830} INFO - Processing file /home/walterg/Documentos/Data_projects/Data-Warehouse-postgres-DBT-airflow-/.venv/lib/python3.11/site-packages/airflow/example_dags/example_task_group_decorator.py for tasks to queue
[2025-05-31T19:58:44.045-0300] {logging_mixin.py:188} INFO - [2025-05-31T19:58:44.045-0300] {dagbag.py:538} INFO - Filling up the DagBag from /home/walterg/Documentos/Data_projects/Data-Warehouse-postgres-DBT-airflow-/.venv/lib/python3.11/site-packages/airflow/example_dags/example_task_group_decorator.py
[2025-05-31T19:58:44.056-0300] {processor.py:840} INFO - DAG(s) 'example_task_group_decorator' retrieved from /home/walterg/Documentos/Data_projects/Data-Warehouse-postgres-DBT-airflow-/.venv/lib/python3.11/site-packages/airflow/example_dags/example_task_group_decorator.py
[2025-05-31T19:58:44.069-0300] {logging_mixin.py:188} INFO - [2025-05-31T19:58:44.069-0300] {dag.py:3036} INFO - Sync 1 DAGs
[2025-05-31T19:58:44.084-0300] {logging_mixin.py:188} INFO - [2025-05-31T19:58:44.083-0300] {dag.py:3823} INFO - Setting next_dagrun for example_task_group_decorator to 2025-05-30 00:00:00+00:00, run_after=2025-05-31 00:00:00+00:00
[2025-05-31T19:58:44.100-0300] {processor.py:183} INFO - Processing /home/walterg/Documentos/Data_projects/Data-Warehouse-postgres-DBT-airflow-/.venv/lib/python3.11/site-packages/airflow/example_dags/example_task_group_decorator.py took 0.064 seconds
[2025-05-31T19:59:26.465-0300] {processor.py:161} INFO - Started process (PID=17531) to work on /home/walterg/Documentos/Data_projects/Data-Warehouse-postgres-DBT-airflow-/.venv/lib/python3.11/site-packages/airflow/example_dags/example_task_group_decorator.py
[2025-05-31T19:59:26.470-0300] {processor.py:830} INFO - Processing file /home/walterg/Documentos/Data_projects/Data-Warehouse-postgres-DBT-airflow-/.venv/lib/python3.11/site-packages/airflow/example_dags/example_task_group_decorator.py for tasks to queue
[2025-05-31T19:59:26.471-0300] {logging_mixin.py:188} INFO - [2025-05-31T19:59:26.471-0300] {dagbag.py:538} INFO - Filling up the DagBag from /home/walterg/Documentos/Data_projects/Data-Warehouse-postgres-DBT-airflow-/.venv/lib/python3.11/site-packages/airflow/example_dags/example_task_group_decorator.py
[2025-05-31T19:59:26.482-0300] {processor.py:840} INFO - DAG(s) 'example_task_group_decorator' retrieved from /home/walterg/Documentos/Data_projects/Data-Warehouse-postgres-DBT-airflow-/.venv/lib/python3.11/site-packages/airflow/example_dags/example_task_group_decorator.py
[2025-05-31T19:59:26.495-0300] {logging_mixin.py:188} INFO - [2025-05-31T19:59:26.495-0300] {dag.py:3036} INFO - Sync 1 DAGs
[2025-05-31T19:59:26.508-0300] {logging_mixin.py:188} INFO - [2025-05-31T19:59:26.508-0300] {dag.py:3823} INFO - Setting next_dagrun for example_task_group_decorator to 2025-05-30 00:00:00+00:00, run_after=2025-05-31 00:00:00+00:00
[2025-05-31T19:59:26.524-0300] {processor.py:183} INFO - Processing /home/walterg/Documentos/Data_projects/Data-Warehouse-postgres-DBT-airflow-/.venv/lib/python3.11/site-packages/airflow/example_dags/example_task_group_decorator.py took 0.062 seconds
[2025-05-31T20:00:10.744-0300] {processor.py:161} INFO - Started process (PID=17777) to work on /home/walterg/Documentos/Data_projects/Data-Warehouse-postgres-DBT-airflow-/.venv/lib/python3.11/site-packages/airflow/example_dags/example_task_group_decorator.py
[2025-05-31T20:00:10.746-0300] {processor.py:830} INFO - Processing file /home/walterg/Documentos/Data_projects/Data-Warehouse-postgres-DBT-airflow-/.venv/lib/python3.11/site-packages/airflow/example_dags/example_task_group_decorator.py for tasks to queue
[2025-05-31T20:00:10.747-0300] {logging_mixin.py:188} INFO - [2025-05-31T20:00:10.746-0300] {dagbag.py:538} INFO - Filling up the DagBag from /home/walterg/Documentos/Data_projects/Data-Warehouse-postgres-DBT-airflow-/.venv/lib/python3.11/site-packages/airflow/example_dags/example_task_group_decorator.py
[2025-05-31T20:00:10.760-0300] {processor.py:840} INFO - DAG(s) 'example_task_group_decorator' retrieved from /home/walterg/Documentos/Data_projects/Data-Warehouse-postgres-DBT-airflow-/.venv/lib/python3.11/site-packages/airflow/example_dags/example_task_group_decorator.py
[2025-05-31T20:00:10.774-0300] {logging_mixin.py:188} INFO - [2025-05-31T20:00:10.773-0300] {dag.py:3036} INFO - Sync 1 DAGs
[2025-05-31T20:00:10.787-0300] {logging_mixin.py:188} INFO - [2025-05-31T20:00:10.787-0300] {dag.py:3823} INFO - Setting next_dagrun for example_task_group_decorator to 2025-05-30 00:00:00+00:00, run_after=2025-05-31 00:00:00+00:00
[2025-05-31T20:00:10.803-0300] {processor.py:183} INFO - Processing /home/walterg/Documentos/Data_projects/Data-Warehouse-postgres-DBT-airflow-/.venv/lib/python3.11/site-packages/airflow/example_dags/example_task_group_decorator.py took 0.062 seconds
