[2025-05-31T19:30:06.732-0300] {processor.py:161} INFO - Started process (PID=9711) to work on /home/walterg/Documentos/Data_projects/Data-Warehouse-postgres-DBT-airflow-/.venv/lib/python3.11/site-packages/airflow/example_dags/example_xcom.py
[2025-05-31T19:30:06.732-0300] {processor.py:830} INFO - Processing file /home/walterg/Documentos/Data_projects/Data-Warehouse-postgres-DBT-airflow-/.venv/lib/python3.11/site-packages/airflow/example_dags/example_xcom.py for tasks to queue
[2025-05-31T19:30:06.733-0300] {logging_mixin.py:188} INFO - [2025-05-31T19:30:06.733-0300] {dagbag.py:538} INFO - Filling up the DagBag from /home/walterg/Documentos/Data_projects/Data-Warehouse-postgres-DBT-airflow-/.venv/lib/python3.11/site-packages/airflow/example_dags/example_xcom.py
[2025-05-31T19:30:06.741-0300] {processor.py:840} INFO - DAG(s) 'example_xcom' retrieved from /home/walterg/Documentos/Data_projects/Data-Warehouse-postgres-DBT-airflow-/.venv/lib/python3.11/site-packages/airflow/example_dags/example_xcom.py
[2025-05-31T19:30:06.822-0300] {logging_mixin.py:188} INFO - [2025-05-31T19:30:06.822-0300] {override.py:1769} INFO - Created Permission View: can edit on DAG:example_xcom
[2025-05-31T19:30:06.832-0300] {logging_mixin.py:188} INFO - [2025-05-31T19:30:06.831-0300] {override.py:1769} INFO - Created Permission View: can read on DAG:example_xcom
[2025-05-31T19:30:06.840-0300] {logging_mixin.py:188} INFO - [2025-05-31T19:30:06.839-0300] {override.py:1769} INFO - Created Permission View: can delete on DAG:example_xcom
[2025-05-31T19:30:06.840-0300] {logging_mixin.py:188} INFO - [2025-05-31T19:30:06.840-0300] {dag.py:3036} INFO - Sync 1 DAGs
[2025-05-31T19:30:06.846-0300] {logging_mixin.py:188} INFO - [2025-05-31T19:30:06.846-0300] {dag.py:3058} INFO - Creating ORM DAG for example_xcom
[2025-05-31T19:30:06.852-0300] {logging_mixin.py:188} INFO - [2025-05-31T19:30:06.852-0300] {dag.py:3823} INFO - Setting next_dagrun for example_xcom to 2021-01-01 00:00:00+00:00, run_after=2021-01-01 00:00:00+00:00
[2025-05-31T19:30:06.868-0300] {processor.py:183} INFO - Processing /home/walterg/Documentos/Data_projects/Data-Warehouse-postgres-DBT-airflow-/.venv/lib/python3.11/site-packages/airflow/example_dags/example_xcom.py took 0.139 seconds
[2025-05-31T19:30:55.262-0300] {processor.py:161} INFO - Started process (PID=9913) to work on /home/walterg/Documentos/Data_projects/Data-Warehouse-postgres-DBT-airflow-/.venv/lib/python3.11/site-packages/airflow/example_dags/example_xcom.py
[2025-05-31T19:30:55.268-0300] {processor.py:830} INFO - Processing file /home/walterg/Documentos/Data_projects/Data-Warehouse-postgres-DBT-airflow-/.venv/lib/python3.11/site-packages/airflow/example_dags/example_xcom.py for tasks to queue
[2025-05-31T19:30:55.269-0300] {logging_mixin.py:188} INFO - [2025-05-31T19:30:55.268-0300] {dagbag.py:538} INFO - Filling up the DagBag from /home/walterg/Documentos/Data_projects/Data-Warehouse-postgres-DBT-airflow-/.venv/lib/python3.11/site-packages/airflow/example_dags/example_xcom.py
[2025-05-31T19:30:55.275-0300] {processor.py:840} INFO - DAG(s) 'example_xcom' retrieved from /home/walterg/Documentos/Data_projects/Data-Warehouse-postgres-DBT-airflow-/.venv/lib/python3.11/site-packages/airflow/example_dags/example_xcom.py
[2025-05-31T19:30:55.291-0300] {logging_mixin.py:188} INFO - [2025-05-31T19:30:55.291-0300] {dag.py:3036} INFO - Sync 1 DAGs
[2025-05-31T19:30:55.305-0300] {logging_mixin.py:188} INFO - [2025-05-31T19:30:55.305-0300] {dag.py:3823} INFO - Setting next_dagrun for example_xcom to 2021-01-01 00:00:00+00:00, run_after=2021-01-01 00:00:00+00:00
[2025-05-31T19:30:55.321-0300] {processor.py:183} INFO - Processing /home/walterg/Documentos/Data_projects/Data-Warehouse-postgres-DBT-airflow-/.venv/lib/python3.11/site-packages/airflow/example_dags/example_xcom.py took 0.061 seconds
[2025-05-31T19:41:09.609-0300] {processor.py:161} INFO - Started process (PID=12246) to work on /home/walterg/Documentos/Data_projects/Data-Warehouse-postgres-DBT-airflow-/.venv/lib/python3.11/site-packages/airflow/example_dags/example_xcom.py
[2025-05-31T19:41:09.610-0300] {processor.py:830} INFO - Processing file /home/walterg/Documentos/Data_projects/Data-Warehouse-postgres-DBT-airflow-/.venv/lib/python3.11/site-packages/airflow/example_dags/example_xcom.py for tasks to queue
[2025-05-31T19:41:09.611-0300] {logging_mixin.py:188} INFO - [2025-05-31T19:41:09.610-0300] {dagbag.py:538} INFO - Filling up the DagBag from /home/walterg/Documentos/Data_projects/Data-Warehouse-postgres-DBT-airflow-/.venv/lib/python3.11/site-packages/airflow/example_dags/example_xcom.py
[2025-05-31T19:41:09.620-0300] {processor.py:840} INFO - DAG(s) 'example_xcom' retrieved from /home/walterg/Documentos/Data_projects/Data-Warehouse-postgres-DBT-airflow-/.venv/lib/python3.11/site-packages/airflow/example_dags/example_xcom.py
[2025-05-31T19:41:09.706-0300] {logging_mixin.py:188} INFO - [2025-05-31T19:41:09.706-0300] {dag.py:3036} INFO - Sync 1 DAGs
[2025-05-31T19:41:09.719-0300] {logging_mixin.py:188} INFO - [2025-05-31T19:41:09.718-0300] {dag.py:3823} INFO - Setting next_dagrun for example_xcom to 2021-01-01 00:00:00+00:00, run_after=2021-01-01 00:00:00+00:00
[2025-05-31T19:41:09.737-0300] {processor.py:183} INFO - Processing /home/walterg/Documentos/Data_projects/Data-Warehouse-postgres-DBT-airflow-/.venv/lib/python3.11/site-packages/airflow/example_dags/example_xcom.py took 0.131 seconds
[2025-05-31T19:42:07.258-0300] {processor.py:161} INFO - Started process (PID=12569) to work on /home/walterg/Documentos/Data_projects/Data-Warehouse-postgres-DBT-airflow-/.venv/lib/python3.11/site-packages/airflow/example_dags/example_xcom.py
[2025-05-31T19:42:07.263-0300] {processor.py:830} INFO - Processing file /home/walterg/Documentos/Data_projects/Data-Warehouse-postgres-DBT-airflow-/.venv/lib/python3.11/site-packages/airflow/example_dags/example_xcom.py for tasks to queue
[2025-05-31T19:42:07.263-0300] {logging_mixin.py:188} INFO - [2025-05-31T19:42:07.263-0300] {dagbag.py:538} INFO - Filling up the DagBag from /home/walterg/Documentos/Data_projects/Data-Warehouse-postgres-DBT-airflow-/.venv/lib/python3.11/site-packages/airflow/example_dags/example_xcom.py
[2025-05-31T19:42:07.270-0300] {processor.py:840} INFO - DAG(s) 'example_xcom' retrieved from /home/walterg/Documentos/Data_projects/Data-Warehouse-postgres-DBT-airflow-/.venv/lib/python3.11/site-packages/airflow/example_dags/example_xcom.py
[2025-05-31T19:42:07.283-0300] {logging_mixin.py:188} INFO - [2025-05-31T19:42:07.283-0300] {dag.py:3036} INFO - Sync 1 DAGs
[2025-05-31T19:42:07.296-0300] {logging_mixin.py:188} INFO - [2025-05-31T19:42:07.296-0300] {dag.py:3823} INFO - Setting next_dagrun for example_xcom to 2021-01-01 00:00:00+00:00, run_after=2021-01-01 00:00:00+00:00
[2025-05-31T19:42:07.314-0300] {processor.py:183} INFO - Processing /home/walterg/Documentos/Data_projects/Data-Warehouse-postgres-DBT-airflow-/.venv/lib/python3.11/site-packages/airflow/example_dags/example_xcom.py took 0.058 seconds
[2025-05-31T19:42:53.502-0300] {processor.py:161} INFO - Started process (PID=12847) to work on /home/walterg/Documentos/Data_projects/Data-Warehouse-postgres-DBT-airflow-/.venv/lib/python3.11/site-packages/airflow/example_dags/example_xcom.py
[2025-05-31T19:42:53.507-0300] {processor.py:830} INFO - Processing file /home/walterg/Documentos/Data_projects/Data-Warehouse-postgres-DBT-airflow-/.venv/lib/python3.11/site-packages/airflow/example_dags/example_xcom.py for tasks to queue
[2025-05-31T19:42:53.508-0300] {logging_mixin.py:188} INFO - [2025-05-31T19:42:53.508-0300] {dagbag.py:538} INFO - Filling up the DagBag from /home/walterg/Documentos/Data_projects/Data-Warehouse-postgres-DBT-airflow-/.venv/lib/python3.11/site-packages/airflow/example_dags/example_xcom.py
[2025-05-31T19:42:53.516-0300] {processor.py:840} INFO - DAG(s) 'example_xcom' retrieved from /home/walterg/Documentos/Data_projects/Data-Warehouse-postgres-DBT-airflow-/.venv/lib/python3.11/site-packages/airflow/example_dags/example_xcom.py
[2025-05-31T19:42:53.530-0300] {logging_mixin.py:188} INFO - [2025-05-31T19:42:53.530-0300] {dag.py:3036} INFO - Sync 1 DAGs
[2025-05-31T19:42:53.545-0300] {logging_mixin.py:188} INFO - [2025-05-31T19:42:53.545-0300] {dag.py:3823} INFO - Setting next_dagrun for example_xcom to 2021-01-01 00:00:00+00:00, run_after=2021-01-01 00:00:00+00:00
[2025-05-31T19:42:53.565-0300] {processor.py:183} INFO - Processing /home/walterg/Documentos/Data_projects/Data-Warehouse-postgres-DBT-airflow-/.venv/lib/python3.11/site-packages/airflow/example_dags/example_xcom.py took 0.066 seconds
[2025-05-31T19:43:43.377-0300] {processor.py:161} INFO - Started process (PID=13292) to work on /home/walterg/Documentos/Data_projects/Data-Warehouse-postgres-DBT-airflow-/.venv/lib/python3.11/site-packages/airflow/example_dags/example_xcom.py
[2025-05-31T19:43:43.382-0300] {processor.py:830} INFO - Processing file /home/walterg/Documentos/Data_projects/Data-Warehouse-postgres-DBT-airflow-/.venv/lib/python3.11/site-packages/airflow/example_dags/example_xcom.py for tasks to queue
[2025-05-31T19:43:43.383-0300] {logging_mixin.py:188} INFO - [2025-05-31T19:43:43.383-0300] {dagbag.py:538} INFO - Filling up the DagBag from /home/walterg/Documentos/Data_projects/Data-Warehouse-postgres-DBT-airflow-/.venv/lib/python3.11/site-packages/airflow/example_dags/example_xcom.py
[2025-05-31T19:43:43.389-0300] {processor.py:840} INFO - DAG(s) 'example_xcom' retrieved from /home/walterg/Documentos/Data_projects/Data-Warehouse-postgres-DBT-airflow-/.venv/lib/python3.11/site-packages/airflow/example_dags/example_xcom.py
[2025-05-31T19:43:43.403-0300] {logging_mixin.py:188} INFO - [2025-05-31T19:43:43.403-0300] {dag.py:3036} INFO - Sync 1 DAGs
[2025-05-31T19:43:43.418-0300] {logging_mixin.py:188} INFO - [2025-05-31T19:43:43.417-0300] {dag.py:3823} INFO - Setting next_dagrun for example_xcom to 2021-01-01 00:00:00+00:00, run_after=2021-01-01 00:00:00+00:00
[2025-05-31T19:43:43.435-0300] {processor.py:183} INFO - Processing /home/walterg/Documentos/Data_projects/Data-Warehouse-postgres-DBT-airflow-/.venv/lib/python3.11/site-packages/airflow/example_dags/example_xcom.py took 0.061 seconds
[2025-05-31T19:44:28.088-0300] {processor.py:161} INFO - Started process (PID=13557) to work on /home/walterg/Documentos/Data_projects/Data-Warehouse-postgres-DBT-airflow-/.venv/lib/python3.11/site-packages/airflow/example_dags/example_xcom.py
[2025-05-31T19:44:28.089-0300] {processor.py:830} INFO - Processing file /home/walterg/Documentos/Data_projects/Data-Warehouse-postgres-DBT-airflow-/.venv/lib/python3.11/site-packages/airflow/example_dags/example_xcom.py for tasks to queue
[2025-05-31T19:44:28.090-0300] {logging_mixin.py:188} INFO - [2025-05-31T19:44:28.089-0300] {dagbag.py:538} INFO - Filling up the DagBag from /home/walterg/Documentos/Data_projects/Data-Warehouse-postgres-DBT-airflow-/.venv/lib/python3.11/site-packages/airflow/example_dags/example_xcom.py
[2025-05-31T19:44:28.097-0300] {processor.py:840} INFO - DAG(s) 'example_xcom' retrieved from /home/walterg/Documentos/Data_projects/Data-Warehouse-postgres-DBT-airflow-/.venv/lib/python3.11/site-packages/airflow/example_dags/example_xcom.py
[2025-05-31T19:44:28.109-0300] {logging_mixin.py:188} INFO - [2025-05-31T19:44:28.109-0300] {dag.py:3036} INFO - Sync 1 DAGs
[2025-05-31T19:44:28.122-0300] {logging_mixin.py:188} INFO - [2025-05-31T19:44:28.122-0300] {dag.py:3823} INFO - Setting next_dagrun for example_xcom to 2021-01-01 00:00:00+00:00, run_after=2021-01-01 00:00:00+00:00
[2025-05-31T19:44:28.139-0300] {processor.py:183} INFO - Processing /home/walterg/Documentos/Data_projects/Data-Warehouse-postgres-DBT-airflow-/.venv/lib/python3.11/site-packages/airflow/example_dags/example_xcom.py took 0.054 seconds
[2025-05-31T19:45:15.963-0300] {processor.py:161} INFO - Started process (PID=13766) to work on /home/walterg/Documentos/Data_projects/Data-Warehouse-postgres-DBT-airflow-/.venv/lib/python3.11/site-packages/airflow/example_dags/example_xcom.py
[2025-05-31T19:45:15.968-0300] {processor.py:830} INFO - Processing file /home/walterg/Documentos/Data_projects/Data-Warehouse-postgres-DBT-airflow-/.venv/lib/python3.11/site-packages/airflow/example_dags/example_xcom.py for tasks to queue
[2025-05-31T19:45:15.969-0300] {logging_mixin.py:188} INFO - [2025-05-31T19:45:15.969-0300] {dagbag.py:538} INFO - Filling up the DagBag from /home/walterg/Documentos/Data_projects/Data-Warehouse-postgres-DBT-airflow-/.venv/lib/python3.11/site-packages/airflow/example_dags/example_xcom.py
[2025-05-31T19:45:15.975-0300] {processor.py:840} INFO - DAG(s) 'example_xcom' retrieved from /home/walterg/Documentos/Data_projects/Data-Warehouse-postgres-DBT-airflow-/.venv/lib/python3.11/site-packages/airflow/example_dags/example_xcom.py
[2025-05-31T19:45:15.988-0300] {logging_mixin.py:188} INFO - [2025-05-31T19:45:15.988-0300] {dag.py:3036} INFO - Sync 1 DAGs
[2025-05-31T19:45:16.001-0300] {logging_mixin.py:188} INFO - [2025-05-31T19:45:16.001-0300] {dag.py:3823} INFO - Setting next_dagrun for example_xcom to 2021-01-01 00:00:00+00:00, run_after=2021-01-01 00:00:00+00:00
[2025-05-31T19:45:16.018-0300] {processor.py:183} INFO - Processing /home/walterg/Documentos/Data_projects/Data-Warehouse-postgres-DBT-airflow-/.venv/lib/python3.11/site-packages/airflow/example_dags/example_xcom.py took 0.058 seconds
[2025-05-31T19:45:56.590-0300] {processor.py:161} INFO - Started process (PID=13941) to work on /home/walterg/Documentos/Data_projects/Data-Warehouse-postgres-DBT-airflow-/.venv/lib/python3.11/site-packages/airflow/example_dags/example_xcom.py
[2025-05-31T19:45:56.591-0300] {processor.py:830} INFO - Processing file /home/walterg/Documentos/Data_projects/Data-Warehouse-postgres-DBT-airflow-/.venv/lib/python3.11/site-packages/airflow/example_dags/example_xcom.py for tasks to queue
[2025-05-31T19:45:56.592-0300] {logging_mixin.py:188} INFO - [2025-05-31T19:45:56.592-0300] {dagbag.py:538} INFO - Filling up the DagBag from /home/walterg/Documentos/Data_projects/Data-Warehouse-postgres-DBT-airflow-/.venv/lib/python3.11/site-packages/airflow/example_dags/example_xcom.py
[2025-05-31T19:45:56.598-0300] {processor.py:840} INFO - DAG(s) 'example_xcom' retrieved from /home/walterg/Documentos/Data_projects/Data-Warehouse-postgres-DBT-airflow-/.venv/lib/python3.11/site-packages/airflow/example_dags/example_xcom.py
[2025-05-31T19:45:56.611-0300] {logging_mixin.py:188} INFO - [2025-05-31T19:45:56.611-0300] {dag.py:3036} INFO - Sync 1 DAGs
[2025-05-31T19:45:56.623-0300] {logging_mixin.py:188} INFO - [2025-05-31T19:45:56.623-0300] {dag.py:3823} INFO - Setting next_dagrun for example_xcom to 2021-01-01 00:00:00+00:00, run_after=2021-01-01 00:00:00+00:00
[2025-05-31T19:45:56.639-0300] {processor.py:183} INFO - Processing /home/walterg/Documentos/Data_projects/Data-Warehouse-postgres-DBT-airflow-/.venv/lib/python3.11/site-packages/airflow/example_dags/example_xcom.py took 0.051 seconds
[2025-05-31T19:46:34.977-0300] {processor.py:161} INFO - Started process (PID=14154) to work on /home/walterg/Documentos/Data_projects/Data-Warehouse-postgres-DBT-airflow-/.venv/lib/python3.11/site-packages/airflow/example_dags/example_xcom.py
[2025-05-31T19:46:34.983-0300] {processor.py:830} INFO - Processing file /home/walterg/Documentos/Data_projects/Data-Warehouse-postgres-DBT-airflow-/.venv/lib/python3.11/site-packages/airflow/example_dags/example_xcom.py for tasks to queue
[2025-05-31T19:46:34.984-0300] {logging_mixin.py:188} INFO - [2025-05-31T19:46:34.983-0300] {dagbag.py:538} INFO - Filling up the DagBag from /home/walterg/Documentos/Data_projects/Data-Warehouse-postgres-DBT-airflow-/.venv/lib/python3.11/site-packages/airflow/example_dags/example_xcom.py
[2025-05-31T19:46:34.990-0300] {processor.py:840} INFO - DAG(s) 'example_xcom' retrieved from /home/walterg/Documentos/Data_projects/Data-Warehouse-postgres-DBT-airflow-/.venv/lib/python3.11/site-packages/airflow/example_dags/example_xcom.py
[2025-05-31T19:46:35.003-0300] {logging_mixin.py:188} INFO - [2025-05-31T19:46:35.003-0300] {dag.py:3036} INFO - Sync 1 DAGs
[2025-05-31T19:46:35.016-0300] {logging_mixin.py:188} INFO - [2025-05-31T19:46:35.016-0300] {dag.py:3823} INFO - Setting next_dagrun for example_xcom to 2021-01-01 00:00:00+00:00, run_after=2021-01-01 00:00:00+00:00
[2025-05-31T19:46:35.032-0300] {processor.py:183} INFO - Processing /home/walterg/Documentos/Data_projects/Data-Warehouse-postgres-DBT-airflow-/.venv/lib/python3.11/site-packages/airflow/example_dags/example_xcom.py took 0.057 seconds
[2025-05-31T19:47:14.485-0300] {processor.py:161} INFO - Started process (PID=14289) to work on /home/walterg/Documentos/Data_projects/Data-Warehouse-postgres-DBT-airflow-/.venv/lib/python3.11/site-packages/airflow/example_dags/example_xcom.py
[2025-05-31T19:47:14.490-0300] {processor.py:830} INFO - Processing file /home/walterg/Documentos/Data_projects/Data-Warehouse-postgres-DBT-airflow-/.venv/lib/python3.11/site-packages/airflow/example_dags/example_xcom.py for tasks to queue
[2025-05-31T19:47:14.492-0300] {logging_mixin.py:188} INFO - [2025-05-31T19:47:14.491-0300] {dagbag.py:538} INFO - Filling up the DagBag from /home/walterg/Documentos/Data_projects/Data-Warehouse-postgres-DBT-airflow-/.venv/lib/python3.11/site-packages/airflow/example_dags/example_xcom.py
[2025-05-31T19:47:14.498-0300] {processor.py:840} INFO - DAG(s) 'example_xcom' retrieved from /home/walterg/Documentos/Data_projects/Data-Warehouse-postgres-DBT-airflow-/.venv/lib/python3.11/site-packages/airflow/example_dags/example_xcom.py
[2025-05-31T19:47:14.510-0300] {logging_mixin.py:188} INFO - [2025-05-31T19:47:14.510-0300] {dag.py:3036} INFO - Sync 1 DAGs
[2025-05-31T19:47:14.524-0300] {logging_mixin.py:188} INFO - [2025-05-31T19:47:14.524-0300] {dag.py:3823} INFO - Setting next_dagrun for example_xcom to 2021-01-01 00:00:00+00:00, run_after=2021-01-01 00:00:00+00:00
[2025-05-31T19:47:14.541-0300] {processor.py:183} INFO - Processing /home/walterg/Documentos/Data_projects/Data-Warehouse-postgres-DBT-airflow-/.venv/lib/python3.11/site-packages/airflow/example_dags/example_xcom.py took 0.058 seconds
[2025-05-31T19:47:53.849-0300] {processor.py:161} INFO - Started process (PID=14414) to work on /home/walterg/Documentos/Data_projects/Data-Warehouse-postgres-DBT-airflow-/.venv/lib/python3.11/site-packages/airflow/example_dags/example_xcom.py
[2025-05-31T19:47:53.854-0300] {processor.py:830} INFO - Processing file /home/walterg/Documentos/Data_projects/Data-Warehouse-postgres-DBT-airflow-/.venv/lib/python3.11/site-packages/airflow/example_dags/example_xcom.py for tasks to queue
[2025-05-31T19:47:53.856-0300] {logging_mixin.py:188} INFO - [2025-05-31T19:47:53.855-0300] {dagbag.py:538} INFO - Filling up the DagBag from /home/walterg/Documentos/Data_projects/Data-Warehouse-postgres-DBT-airflow-/.venv/lib/python3.11/site-packages/airflow/example_dags/example_xcom.py
[2025-05-31T19:47:53.862-0300] {processor.py:840} INFO - DAG(s) 'example_xcom' retrieved from /home/walterg/Documentos/Data_projects/Data-Warehouse-postgres-DBT-airflow-/.venv/lib/python3.11/site-packages/airflow/example_dags/example_xcom.py
[2025-05-31T19:47:53.880-0300] {logging_mixin.py:188} INFO - [2025-05-31T19:47:53.880-0300] {dag.py:3036} INFO - Sync 1 DAGs
[2025-05-31T19:47:53.893-0300] {logging_mixin.py:188} INFO - [2025-05-31T19:47:53.893-0300] {dag.py:3823} INFO - Setting next_dagrun for example_xcom to 2021-01-01 00:00:00+00:00, run_after=2021-01-01 00:00:00+00:00
[2025-05-31T19:47:53.910-0300] {processor.py:183} INFO - Processing /home/walterg/Documentos/Data_projects/Data-Warehouse-postgres-DBT-airflow-/.venv/lib/python3.11/site-packages/airflow/example_dags/example_xcom.py took 0.064 seconds
