[2025-05-31T19:30:11.671-0300] {processor.py:161} INFO - Started process (PID=9746) to work on /home/walterg/Documentos/Data_projects/Data-Warehouse-postgres-DBT-airflow-/.venv/lib/python3.11/site-packages/airflow/example_dags/example_skip_dag.py
[2025-05-31T19:30:11.671-0300] {processor.py:830} INFO - Processing file /home/walterg/Documentos/Data_projects/Data-Warehouse-postgres-DBT-airflow-/.venv/lib/python3.11/site-packages/airflow/example_dags/example_skip_dag.py for tasks to queue
[2025-05-31T19:30:11.672-0300] {logging_mixin.py:188} INFO - [2025-05-31T19:30:11.672-0300] {dagbag.py:538} INFO - Filling up the DagBag from /home/walterg/Documentos/Data_projects/Data-Warehouse-postgres-DBT-airflow-/.venv/lib/python3.11/site-packages/airflow/example_dags/example_skip_dag.py
[2025-05-31T19:30:11.678-0300] {processor.py:840} INFO - DAG(s) 'example_skip_dag' retrieved from /home/walterg/Documentos/Data_projects/Data-Warehouse-postgres-DBT-airflow-/.venv/lib/python3.11/site-packages/airflow/example_dags/example_skip_dag.py
[2025-05-31T19:30:11.758-0300] {logging_mixin.py:188} INFO - [2025-05-31T19:30:11.757-0300] {override.py:1769} INFO - Created Permission View: can edit on DAG:example_skip_dag
[2025-05-31T19:30:11.768-0300] {logging_mixin.py:188} INFO - [2025-05-31T19:30:11.768-0300] {override.py:1769} INFO - Created Permission View: can read on DAG:example_skip_dag
[2025-05-31T19:30:11.776-0300] {logging_mixin.py:188} INFO - [2025-05-31T19:30:11.775-0300] {override.py:1769} INFO - Created Permission View: can delete on DAG:example_skip_dag
[2025-05-31T19:30:11.776-0300] {logging_mixin.py:188} INFO - [2025-05-31T19:30:11.776-0300] {dag.py:3036} INFO - Sync 1 DAGs
[2025-05-31T19:30:11.782-0300] {logging_mixin.py:188} INFO - [2025-05-31T19:30:11.782-0300] {dag.py:3058} INFO - Creating ORM DAG for example_skip_dag
[2025-05-31T19:30:11.788-0300] {logging_mixin.py:188} INFO - [2025-05-31T19:30:11.787-0300] {dag.py:3823} INFO - Setting next_dagrun for example_skip_dag to 2025-05-30 00:00:00+00:00, run_after=2025-05-31 00:00:00+00:00
[2025-05-31T19:30:11.803-0300] {processor.py:183} INFO - Processing /home/walterg/Documentos/Data_projects/Data-Warehouse-postgres-DBT-airflow-/.venv/lib/python3.11/site-packages/airflow/example_dags/example_skip_dag.py took 0.135 seconds
[2025-05-31T19:30:59.263-0300] {processor.py:161} INFO - Started process (PID=9925) to work on /home/walterg/Documentos/Data_projects/Data-Warehouse-postgres-DBT-airflow-/.venv/lib/python3.11/site-packages/airflow/example_dags/example_skip_dag.py
[2025-05-31T19:30:59.264-0300] {processor.py:830} INFO - Processing file /home/walterg/Documentos/Data_projects/Data-Warehouse-postgres-DBT-airflow-/.venv/lib/python3.11/site-packages/airflow/example_dags/example_skip_dag.py for tasks to queue
[2025-05-31T19:30:59.265-0300] {logging_mixin.py:188} INFO - [2025-05-31T19:30:59.265-0300] {dagbag.py:538} INFO - Filling up the DagBag from /home/walterg/Documentos/Data_projects/Data-Warehouse-postgres-DBT-airflow-/.venv/lib/python3.11/site-packages/airflow/example_dags/example_skip_dag.py
[2025-05-31T19:30:59.271-0300] {processor.py:840} INFO - DAG(s) 'example_skip_dag' retrieved from /home/walterg/Documentos/Data_projects/Data-Warehouse-postgres-DBT-airflow-/.venv/lib/python3.11/site-packages/airflow/example_dags/example_skip_dag.py
[2025-05-31T19:30:59.283-0300] {logging_mixin.py:188} INFO - [2025-05-31T19:30:59.283-0300] {dag.py:3036} INFO - Sync 1 DAGs
[2025-05-31T19:30:59.297-0300] {logging_mixin.py:188} INFO - [2025-05-31T19:30:59.297-0300] {dag.py:3823} INFO - Setting next_dagrun for example_skip_dag to 2025-05-30 00:00:00+00:00, run_after=2025-05-31 00:00:00+00:00
[2025-05-31T19:30:59.313-0300] {processor.py:183} INFO - Processing /home/walterg/Documentos/Data_projects/Data-Warehouse-postgres-DBT-airflow-/.venv/lib/python3.11/site-packages/airflow/example_dags/example_skip_dag.py took 0.053 seconds
[2025-05-31T19:41:14.600-0300] {processor.py:161} INFO - Started process (PID=12285) to work on /home/walterg/Documentos/Data_projects/Data-Warehouse-postgres-DBT-airflow-/.venv/lib/python3.11/site-packages/airflow/example_dags/example_skip_dag.py
[2025-05-31T19:41:14.605-0300] {processor.py:830} INFO - Processing file /home/walterg/Documentos/Data_projects/Data-Warehouse-postgres-DBT-airflow-/.venv/lib/python3.11/site-packages/airflow/example_dags/example_skip_dag.py for tasks to queue
[2025-05-31T19:41:14.606-0300] {logging_mixin.py:188} INFO - [2025-05-31T19:41:14.606-0300] {dagbag.py:538} INFO - Filling up the DagBag from /home/walterg/Documentos/Data_projects/Data-Warehouse-postgres-DBT-airflow-/.venv/lib/python3.11/site-packages/airflow/example_dags/example_skip_dag.py
[2025-05-31T19:41:14.613-0300] {processor.py:840} INFO - DAG(s) 'example_skip_dag' retrieved from /home/walterg/Documentos/Data_projects/Data-Warehouse-postgres-DBT-airflow-/.venv/lib/python3.11/site-packages/airflow/example_dags/example_skip_dag.py
[2025-05-31T19:41:14.679-0300] {logging_mixin.py:188} INFO - [2025-05-31T19:41:14.679-0300] {dag.py:3036} INFO - Sync 1 DAGs
[2025-05-31T19:41:14.690-0300] {logging_mixin.py:188} INFO - [2025-05-31T19:41:14.690-0300] {dag.py:3823} INFO - Setting next_dagrun for example_skip_dag to 2025-05-30 00:00:00+00:00, run_after=2025-05-31 00:00:00+00:00
[2025-05-31T19:41:14.706-0300] {processor.py:183} INFO - Processing /home/walterg/Documentos/Data_projects/Data-Warehouse-postgres-DBT-airflow-/.venv/lib/python3.11/site-packages/airflow/example_dags/example_skip_dag.py took 0.108 seconds
[2025-05-31T19:42:11.106-0300] {processor.py:161} INFO - Started process (PID=12594) to work on /home/walterg/Documentos/Data_projects/Data-Warehouse-postgres-DBT-airflow-/.venv/lib/python3.11/site-packages/airflow/example_dags/example_skip_dag.py
[2025-05-31T19:42:11.111-0300] {processor.py:830} INFO - Processing file /home/walterg/Documentos/Data_projects/Data-Warehouse-postgres-DBT-airflow-/.venv/lib/python3.11/site-packages/airflow/example_dags/example_skip_dag.py for tasks to queue
[2025-05-31T19:42:11.112-0300] {logging_mixin.py:188} INFO - [2025-05-31T19:42:11.112-0300] {dagbag.py:538} INFO - Filling up the DagBag from /home/walterg/Documentos/Data_projects/Data-Warehouse-postgres-DBT-airflow-/.venv/lib/python3.11/site-packages/airflow/example_dags/example_skip_dag.py
[2025-05-31T19:42:11.118-0300] {processor.py:840} INFO - DAG(s) 'example_skip_dag' retrieved from /home/walterg/Documentos/Data_projects/Data-Warehouse-postgres-DBT-airflow-/.venv/lib/python3.11/site-packages/airflow/example_dags/example_skip_dag.py
[2025-05-31T19:42:11.130-0300] {logging_mixin.py:188} INFO - [2025-05-31T19:42:11.130-0300] {dag.py:3036} INFO - Sync 1 DAGs
[2025-05-31T19:42:11.144-0300] {logging_mixin.py:188} INFO - [2025-05-31T19:42:11.143-0300] {dag.py:3823} INFO - Setting next_dagrun for example_skip_dag to 2025-05-30 00:00:00+00:00, run_after=2025-05-31 00:00:00+00:00
[2025-05-31T19:42:11.159-0300] {processor.py:183} INFO - Processing /home/walterg/Documentos/Data_projects/Data-Warehouse-postgres-DBT-airflow-/.venv/lib/python3.11/site-packages/airflow/example_dags/example_skip_dag.py took 0.055 seconds
[2025-05-31T19:43:01.381-0300] {processor.py:161} INFO - Started process (PID=12872) to work on /home/walterg/Documentos/Data_projects/Data-Warehouse-postgres-DBT-airflow-/.venv/lib/python3.11/site-packages/airflow/example_dags/example_skip_dag.py
[2025-05-31T19:43:01.386-0300] {processor.py:830} INFO - Processing file /home/walterg/Documentos/Data_projects/Data-Warehouse-postgres-DBT-airflow-/.venv/lib/python3.11/site-packages/airflow/example_dags/example_skip_dag.py for tasks to queue
[2025-05-31T19:43:01.387-0300] {logging_mixin.py:188} INFO - [2025-05-31T19:43:01.387-0300] {dagbag.py:538} INFO - Filling up the DagBag from /home/walterg/Documentos/Data_projects/Data-Warehouse-postgres-DBT-airflow-/.venv/lib/python3.11/site-packages/airflow/example_dags/example_skip_dag.py
[2025-05-31T19:43:01.393-0300] {processor.py:840} INFO - DAG(s) 'example_skip_dag' retrieved from /home/walterg/Documentos/Data_projects/Data-Warehouse-postgres-DBT-airflow-/.venv/lib/python3.11/site-packages/airflow/example_dags/example_skip_dag.py
[2025-05-31T19:43:01.406-0300] {logging_mixin.py:188} INFO - [2025-05-31T19:43:01.405-0300] {dag.py:3036} INFO - Sync 1 DAGs
[2025-05-31T19:43:01.420-0300] {logging_mixin.py:188} INFO - [2025-05-31T19:43:01.420-0300] {dag.py:3823} INFO - Setting next_dagrun for example_skip_dag to 2025-05-30 00:00:00+00:00, run_after=2025-05-31 00:00:00+00:00
[2025-05-31T19:43:01.437-0300] {processor.py:183} INFO - Processing /home/walterg/Documentos/Data_projects/Data-Warehouse-postgres-DBT-airflow-/.venv/lib/python3.11/site-packages/airflow/example_dags/example_skip_dag.py took 0.058 seconds
[2025-05-31T19:43:46.243-0300] {processor.py:161} INFO - Started process (PID=13305) to work on /home/walterg/Documentos/Data_projects/Data-Warehouse-postgres-DBT-airflow-/.venv/lib/python3.11/site-packages/airflow/example_dags/example_skip_dag.py
[2025-05-31T19:43:46.248-0300] {processor.py:830} INFO - Processing file /home/walterg/Documentos/Data_projects/Data-Warehouse-postgres-DBT-airflow-/.venv/lib/python3.11/site-packages/airflow/example_dags/example_skip_dag.py for tasks to queue
[2025-05-31T19:43:46.249-0300] {logging_mixin.py:188} INFO - [2025-05-31T19:43:46.248-0300] {dagbag.py:538} INFO - Filling up the DagBag from /home/walterg/Documentos/Data_projects/Data-Warehouse-postgres-DBT-airflow-/.venv/lib/python3.11/site-packages/airflow/example_dags/example_skip_dag.py
[2025-05-31T19:43:46.255-0300] {processor.py:840} INFO - DAG(s) 'example_skip_dag' retrieved from /home/walterg/Documentos/Data_projects/Data-Warehouse-postgres-DBT-airflow-/.venv/lib/python3.11/site-packages/airflow/example_dags/example_skip_dag.py
[2025-05-31T19:43:46.267-0300] {logging_mixin.py:188} INFO - [2025-05-31T19:43:46.267-0300] {dag.py:3036} INFO - Sync 1 DAGs
[2025-05-31T19:43:46.280-0300] {logging_mixin.py:188} INFO - [2025-05-31T19:43:46.280-0300] {dag.py:3823} INFO - Setting next_dagrun for example_skip_dag to 2025-05-30 00:00:00+00:00, run_after=2025-05-31 00:00:00+00:00
[2025-05-31T19:43:46.295-0300] {processor.py:183} INFO - Processing /home/walterg/Documentos/Data_projects/Data-Warehouse-postgres-DBT-airflow-/.venv/lib/python3.11/site-packages/airflow/example_dags/example_skip_dag.py took 0.055 seconds
[2025-05-31T19:44:32.099-0300] {processor.py:161} INFO - Started process (PID=13583) to work on /home/walterg/Documentos/Data_projects/Data-Warehouse-postgres-DBT-airflow-/.venv/lib/python3.11/site-packages/airflow/example_dags/example_skip_dag.py
[2025-05-31T19:44:32.101-0300] {processor.py:830} INFO - Processing file /home/walterg/Documentos/Data_projects/Data-Warehouse-postgres-DBT-airflow-/.venv/lib/python3.11/site-packages/airflow/example_dags/example_skip_dag.py for tasks to queue
[2025-05-31T19:44:32.101-0300] {logging_mixin.py:188} INFO - [2025-05-31T19:44:32.101-0300] {dagbag.py:538} INFO - Filling up the DagBag from /home/walterg/Documentos/Data_projects/Data-Warehouse-postgres-DBT-airflow-/.venv/lib/python3.11/site-packages/airflow/example_dags/example_skip_dag.py
[2025-05-31T19:44:32.108-0300] {processor.py:840} INFO - DAG(s) 'example_skip_dag' retrieved from /home/walterg/Documentos/Data_projects/Data-Warehouse-postgres-DBT-airflow-/.venv/lib/python3.11/site-packages/airflow/example_dags/example_skip_dag.py
[2025-05-31T19:44:32.120-0300] {logging_mixin.py:188} INFO - [2025-05-31T19:44:32.120-0300] {dag.py:3036} INFO - Sync 1 DAGs
[2025-05-31T19:44:32.133-0300] {logging_mixin.py:188} INFO - [2025-05-31T19:44:32.133-0300] {dag.py:3823} INFO - Setting next_dagrun for example_skip_dag to 2025-05-30 00:00:00+00:00, run_after=2025-05-31 00:00:00+00:00
[2025-05-31T19:44:32.153-0300] {processor.py:183} INFO - Processing /home/walterg/Documentos/Data_projects/Data-Warehouse-postgres-DBT-airflow-/.venv/lib/python3.11/site-packages/airflow/example_dags/example_skip_dag.py took 0.057 seconds
[2025-05-31T19:45:22.022-0300] {processor.py:161} INFO - Started process (PID=13813) to work on /home/walterg/Documentos/Data_projects/Data-Warehouse-postgres-DBT-airflow-/.venv/lib/python3.11/site-packages/airflow/example_dags/example_skip_dag.py
[2025-05-31T19:45:22.027-0300] {processor.py:830} INFO - Processing file /home/walterg/Documentos/Data_projects/Data-Warehouse-postgres-DBT-airflow-/.venv/lib/python3.11/site-packages/airflow/example_dags/example_skip_dag.py for tasks to queue
[2025-05-31T19:45:22.028-0300] {logging_mixin.py:188} INFO - [2025-05-31T19:45:22.027-0300] {dagbag.py:538} INFO - Filling up the DagBag from /home/walterg/Documentos/Data_projects/Data-Warehouse-postgres-DBT-airflow-/.venv/lib/python3.11/site-packages/airflow/example_dags/example_skip_dag.py
[2025-05-31T19:45:22.033-0300] {processor.py:840} INFO - DAG(s) 'example_skip_dag' retrieved from /home/walterg/Documentos/Data_projects/Data-Warehouse-postgres-DBT-airflow-/.venv/lib/python3.11/site-packages/airflow/example_dags/example_skip_dag.py
[2025-05-31T19:45:22.046-0300] {logging_mixin.py:188} INFO - [2025-05-31T19:45:22.046-0300] {dag.py:3036} INFO - Sync 1 DAGs
[2025-05-31T19:45:22.064-0300] {logging_mixin.py:188} INFO - [2025-05-31T19:45:22.064-0300] {dag.py:3823} INFO - Setting next_dagrun for example_skip_dag to 2025-05-30 00:00:00+00:00, run_after=2025-05-31 00:00:00+00:00
[2025-05-31T19:45:22.082-0300] {processor.py:183} INFO - Processing /home/walterg/Documentos/Data_projects/Data-Warehouse-postgres-DBT-airflow-/.venv/lib/python3.11/site-packages/airflow/example_dags/example_skip_dag.py took 0.063 seconds
[2025-05-31T19:46:01.138-0300] {processor.py:161} INFO - Started process (PID=13945) to work on /home/walterg/Documentos/Data_projects/Data-Warehouse-postgres-DBT-airflow-/.venv/lib/python3.11/site-packages/airflow/example_dags/example_skip_dag.py
[2025-05-31T19:46:01.143-0300] {processor.py:830} INFO - Processing file /home/walterg/Documentos/Data_projects/Data-Warehouse-postgres-DBT-airflow-/.venv/lib/python3.11/site-packages/airflow/example_dags/example_skip_dag.py for tasks to queue
[2025-05-31T19:46:01.144-0300] {logging_mixin.py:188} INFO - [2025-05-31T19:46:01.144-0300] {dagbag.py:538} INFO - Filling up the DagBag from /home/walterg/Documentos/Data_projects/Data-Warehouse-postgres-DBT-airflow-/.venv/lib/python3.11/site-packages/airflow/example_dags/example_skip_dag.py
[2025-05-31T19:46:01.149-0300] {processor.py:840} INFO - DAG(s) 'example_skip_dag' retrieved from /home/walterg/Documentos/Data_projects/Data-Warehouse-postgres-DBT-airflow-/.venv/lib/python3.11/site-packages/airflow/example_dags/example_skip_dag.py
[2025-05-31T19:46:01.162-0300] {logging_mixin.py:188} INFO - [2025-05-31T19:46:01.162-0300] {dag.py:3036} INFO - Sync 1 DAGs
[2025-05-31T19:46:01.174-0300] {logging_mixin.py:188} INFO - [2025-05-31T19:46:01.174-0300] {dag.py:3823} INFO - Setting next_dagrun for example_skip_dag to 2025-05-30 00:00:00+00:00, run_after=2025-05-31 00:00:00+00:00
[2025-05-31T19:46:01.190-0300] {processor.py:183} INFO - Processing /home/walterg/Documentos/Data_projects/Data-Warehouse-postgres-DBT-airflow-/.venv/lib/python3.11/site-packages/airflow/example_dags/example_skip_dag.py took 0.054 seconds
[2025-05-31T19:46:58.448-0300] {processor.py:161} INFO - Started process (PID=14202) to work on /home/walterg/Documentos/Data_projects/Data-Warehouse-postgres-DBT-airflow-/.venv/lib/python3.11/site-packages/airflow/example_dags/example_skip_dag.py
[2025-05-31T19:46:58.455-0300] {processor.py:830} INFO - Processing file /home/walterg/Documentos/Data_projects/Data-Warehouse-postgres-DBT-airflow-/.venv/lib/python3.11/site-packages/airflow/example_dags/example_skip_dag.py for tasks to queue
[2025-05-31T19:46:58.456-0300] {logging_mixin.py:188} INFO - [2025-05-31T19:46:58.455-0300] {dagbag.py:538} INFO - Filling up the DagBag from /home/walterg/Documentos/Data_projects/Data-Warehouse-postgres-DBT-airflow-/.venv/lib/python3.11/site-packages/airflow/example_dags/example_skip_dag.py
[2025-05-31T19:46:58.462-0300] {processor.py:840} INFO - DAG(s) 'example_skip_dag' retrieved from /home/walterg/Documentos/Data_projects/Data-Warehouse-postgres-DBT-airflow-/.venv/lib/python3.11/site-packages/airflow/example_dags/example_skip_dag.py
[2025-05-31T19:46:58.475-0300] {logging_mixin.py:188} INFO - [2025-05-31T19:46:58.474-0300] {dag.py:3036} INFO - Sync 1 DAGs
[2025-05-31T19:46:58.488-0300] {logging_mixin.py:188} INFO - [2025-05-31T19:46:58.488-0300] {dag.py:3823} INFO - Setting next_dagrun for example_skip_dag to 2025-05-30 00:00:00+00:00, run_after=2025-05-31 00:00:00+00:00
[2025-05-31T19:46:58.506-0300] {processor.py:183} INFO - Processing /home/walterg/Documentos/Data_projects/Data-Warehouse-postgres-DBT-airflow-/.venv/lib/python3.11/site-packages/airflow/example_dags/example_skip_dag.py took 0.061 seconds
[2025-05-31T19:47:57.234-0300] {processor.py:161} INFO - Started process (PID=14417) to work on /home/walterg/Documentos/Data_projects/Data-Warehouse-postgres-DBT-airflow-/.venv/lib/python3.11/site-packages/airflow/example_dags/example_skip_dag.py
[2025-05-31T19:47:57.239-0300] {processor.py:830} INFO - Processing file /home/walterg/Documentos/Data_projects/Data-Warehouse-postgres-DBT-airflow-/.venv/lib/python3.11/site-packages/airflow/example_dags/example_skip_dag.py for tasks to queue
[2025-05-31T19:47:57.241-0300] {logging_mixin.py:188} INFO - [2025-05-31T19:47:57.240-0300] {dagbag.py:538} INFO - Filling up the DagBag from /home/walterg/Documentos/Data_projects/Data-Warehouse-postgres-DBT-airflow-/.venv/lib/python3.11/site-packages/airflow/example_dags/example_skip_dag.py
[2025-05-31T19:47:57.247-0300] {processor.py:840} INFO - DAG(s) 'example_skip_dag' retrieved from /home/walterg/Documentos/Data_projects/Data-Warehouse-postgres-DBT-airflow-/.venv/lib/python3.11/site-packages/airflow/example_dags/example_skip_dag.py
[2025-05-31T19:47:57.259-0300] {logging_mixin.py:188} INFO - [2025-05-31T19:47:57.259-0300] {dag.py:3036} INFO - Sync 1 DAGs
[2025-05-31T19:47:57.272-0300] {logging_mixin.py:188} INFO - [2025-05-31T19:47:57.272-0300] {dag.py:3823} INFO - Setting next_dagrun for example_skip_dag to 2025-05-30 00:00:00+00:00, run_after=2025-05-31 00:00:00+00:00
[2025-05-31T19:47:57.289-0300] {processor.py:183} INFO - Processing /home/walterg/Documentos/Data_projects/Data-Warehouse-postgres-DBT-airflow-/.venv/lib/python3.11/site-packages/airflow/example_dags/example_skip_dag.py took 0.057 seconds
[2025-05-31T19:48:46.559-0300] {processor.py:161} INFO - Started process (PID=14920) to work on /home/walterg/Documentos/Data_projects/Data-Warehouse-postgres-DBT-airflow-/.venv/lib/python3.11/site-packages/airflow/example_dags/example_skip_dag.py
[2025-05-31T19:48:46.564-0300] {processor.py:830} INFO - Processing file /home/walterg/Documentos/Data_projects/Data-Warehouse-postgres-DBT-airflow-/.venv/lib/python3.11/site-packages/airflow/example_dags/example_skip_dag.py for tasks to queue
[2025-05-31T19:48:46.566-0300] {logging_mixin.py:188} INFO - [2025-05-31T19:48:46.565-0300] {dagbag.py:538} INFO - Filling up the DagBag from /home/walterg/Documentos/Data_projects/Data-Warehouse-postgres-DBT-airflow-/.venv/lib/python3.11/site-packages/airflow/example_dags/example_skip_dag.py
[2025-05-31T19:48:46.572-0300] {processor.py:840} INFO - DAG(s) 'example_skip_dag' retrieved from /home/walterg/Documentos/Data_projects/Data-Warehouse-postgres-DBT-airflow-/.venv/lib/python3.11/site-packages/airflow/example_dags/example_skip_dag.py
[2025-05-31T19:48:46.584-0300] {logging_mixin.py:188} INFO - [2025-05-31T19:48:46.584-0300] {dag.py:3036} INFO - Sync 1 DAGs
[2025-05-31T19:48:46.598-0300] {logging_mixin.py:188} INFO - [2025-05-31T19:48:46.597-0300] {dag.py:3823} INFO - Setting next_dagrun for example_skip_dag to 2025-05-30 00:00:00+00:00, run_after=2025-05-31 00:00:00+00:00
[2025-05-31T19:48:46.614-0300] {processor.py:183} INFO - Processing /home/walterg/Documentos/Data_projects/Data-Warehouse-postgres-DBT-airflow-/.venv/lib/python3.11/site-packages/airflow/example_dags/example_skip_dag.py took 0.057 seconds
[2025-05-31T19:49:39.522-0300] {processor.py:161} INFO - Started process (PID=15225) to work on /home/walterg/Documentos/Data_projects/Data-Warehouse-postgres-DBT-airflow-/.venv/lib/python3.11/site-packages/airflow/example_dags/example_skip_dag.py
[2025-05-31T19:49:39.528-0300] {processor.py:830} INFO - Processing file /home/walterg/Documentos/Data_projects/Data-Warehouse-postgres-DBT-airflow-/.venv/lib/python3.11/site-packages/airflow/example_dags/example_skip_dag.py for tasks to queue
[2025-05-31T19:49:39.529-0300] {logging_mixin.py:188} INFO - [2025-05-31T19:49:39.528-0300] {dagbag.py:538} INFO - Filling up the DagBag from /home/walterg/Documentos/Data_projects/Data-Warehouse-postgres-DBT-airflow-/.venv/lib/python3.11/site-packages/airflow/example_dags/example_skip_dag.py
[2025-05-31T19:49:39.536-0300] {processor.py:840} INFO - DAG(s) 'example_skip_dag' retrieved from /home/walterg/Documentos/Data_projects/Data-Warehouse-postgres-DBT-airflow-/.venv/lib/python3.11/site-packages/airflow/example_dags/example_skip_dag.py
[2025-05-31T19:49:39.548-0300] {logging_mixin.py:188} INFO - [2025-05-31T19:49:39.548-0300] {dag.py:3036} INFO - Sync 1 DAGs
[2025-05-31T19:49:39.561-0300] {logging_mixin.py:188} INFO - [2025-05-31T19:49:39.561-0300] {dag.py:3823} INFO - Setting next_dagrun for example_skip_dag to 2025-05-30 00:00:00+00:00, run_after=2025-05-31 00:00:00+00:00
[2025-05-31T19:49:39.577-0300] {processor.py:183} INFO - Processing /home/walterg/Documentos/Data_projects/Data-Warehouse-postgres-DBT-airflow-/.venv/lib/python3.11/site-packages/airflow/example_dags/example_skip_dag.py took 0.057 seconds
[2025-05-31T19:50:26.782-0300] {processor.py:161} INFO - Started process (PID=15418) to work on /home/walterg/Documentos/Data_projects/Data-Warehouse-postgres-DBT-airflow-/.venv/lib/python3.11/site-packages/airflow/example_dags/example_skip_dag.py
[2025-05-31T19:50:26.787-0300] {processor.py:830} INFO - Processing file /home/walterg/Documentos/Data_projects/Data-Warehouse-postgres-DBT-airflow-/.venv/lib/python3.11/site-packages/airflow/example_dags/example_skip_dag.py for tasks to queue
[2025-05-31T19:50:26.789-0300] {logging_mixin.py:188} INFO - [2025-05-31T19:50:26.788-0300] {dagbag.py:538} INFO - Filling up the DagBag from /home/walterg/Documentos/Data_projects/Data-Warehouse-postgres-DBT-airflow-/.venv/lib/python3.11/site-packages/airflow/example_dags/example_skip_dag.py
[2025-05-31T19:50:26.795-0300] {processor.py:840} INFO - DAG(s) 'example_skip_dag' retrieved from /home/walterg/Documentos/Data_projects/Data-Warehouse-postgres-DBT-airflow-/.venv/lib/python3.11/site-packages/airflow/example_dags/example_skip_dag.py
[2025-05-31T19:50:26.807-0300] {logging_mixin.py:188} INFO - [2025-05-31T19:50:26.807-0300] {dag.py:3036} INFO - Sync 1 DAGs
[2025-05-31T19:50:26.820-0300] {logging_mixin.py:188} INFO - [2025-05-31T19:50:26.820-0300] {dag.py:3823} INFO - Setting next_dagrun for example_skip_dag to 2025-05-30 00:00:00+00:00, run_after=2025-05-31 00:00:00+00:00
[2025-05-31T19:50:26.836-0300] {processor.py:183} INFO - Processing /home/walterg/Documentos/Data_projects/Data-Warehouse-postgres-DBT-airflow-/.venv/lib/python3.11/site-packages/airflow/example_dags/example_skip_dag.py took 0.056 seconds
[2025-05-31T19:51:10.990-0300] {processor.py:161} INFO - Started process (PID=15643) to work on /home/walterg/Documentos/Data_projects/Data-Warehouse-postgres-DBT-airflow-/.venv/lib/python3.11/site-packages/airflow/example_dags/example_skip_dag.py
[2025-05-31T19:51:10.991-0300] {processor.py:830} INFO - Processing file /home/walterg/Documentos/Data_projects/Data-Warehouse-postgres-DBT-airflow-/.venv/lib/python3.11/site-packages/airflow/example_dags/example_skip_dag.py for tasks to queue
[2025-05-31T19:51:10.992-0300] {logging_mixin.py:188} INFO - [2025-05-31T19:51:10.991-0300] {dagbag.py:538} INFO - Filling up the DagBag from /home/walterg/Documentos/Data_projects/Data-Warehouse-postgres-DBT-airflow-/.venv/lib/python3.11/site-packages/airflow/example_dags/example_skip_dag.py
[2025-05-31T19:51:10.997-0300] {processor.py:840} INFO - DAG(s) 'example_skip_dag' retrieved from /home/walterg/Documentos/Data_projects/Data-Warehouse-postgres-DBT-airflow-/.venv/lib/python3.11/site-packages/airflow/example_dags/example_skip_dag.py
[2025-05-31T19:51:11.010-0300] {logging_mixin.py:188} INFO - [2025-05-31T19:51:11.010-0300] {dag.py:3036} INFO - Sync 1 DAGs
[2025-05-31T19:51:11.023-0300] {logging_mixin.py:188} INFO - [2025-05-31T19:51:11.023-0300] {dag.py:3823} INFO - Setting next_dagrun for example_skip_dag to 2025-05-30 00:00:00+00:00, run_after=2025-05-31 00:00:00+00:00
[2025-05-31T19:51:11.039-0300] {processor.py:183} INFO - Processing /home/walterg/Documentos/Data_projects/Data-Warehouse-postgres-DBT-airflow-/.venv/lib/python3.11/site-packages/airflow/example_dags/example_skip_dag.py took 0.052 seconds
[2025-05-31T19:51:50.397-0300] {processor.py:161} INFO - Started process (PID=15825) to work on /home/walterg/Documentos/Data_projects/Data-Warehouse-postgres-DBT-airflow-/.venv/lib/python3.11/site-packages/airflow/example_dags/example_skip_dag.py
[2025-05-31T19:51:50.402-0300] {processor.py:830} INFO - Processing file /home/walterg/Documentos/Data_projects/Data-Warehouse-postgres-DBT-airflow-/.venv/lib/python3.11/site-packages/airflow/example_dags/example_skip_dag.py for tasks to queue
[2025-05-31T19:51:50.404-0300] {logging_mixin.py:188} INFO - [2025-05-31T19:51:50.403-0300] {dagbag.py:538} INFO - Filling up the DagBag from /home/walterg/Documentos/Data_projects/Data-Warehouse-postgres-DBT-airflow-/.venv/lib/python3.11/site-packages/airflow/example_dags/example_skip_dag.py
[2025-05-31T19:51:50.409-0300] {processor.py:840} INFO - DAG(s) 'example_skip_dag' retrieved from /home/walterg/Documentos/Data_projects/Data-Warehouse-postgres-DBT-airflow-/.venv/lib/python3.11/site-packages/airflow/example_dags/example_skip_dag.py
[2025-05-31T19:51:50.422-0300] {logging_mixin.py:188} INFO - [2025-05-31T19:51:50.422-0300] {dag.py:3036} INFO - Sync 1 DAGs
[2025-05-31T19:51:50.435-0300] {logging_mixin.py:188} INFO - [2025-05-31T19:51:50.435-0300] {dag.py:3823} INFO - Setting next_dagrun for example_skip_dag to 2025-05-30 00:00:00+00:00, run_after=2025-05-31 00:00:00+00:00
[2025-05-31T19:51:50.451-0300] {processor.py:183} INFO - Processing /home/walterg/Documentos/Data_projects/Data-Warehouse-postgres-DBT-airflow-/.venv/lib/python3.11/site-packages/airflow/example_dags/example_skip_dag.py took 0.056 seconds
[2025-05-31T19:52:32.047-0300] {processor.py:161} INFO - Started process (PID=16025) to work on /home/walterg/Documentos/Data_projects/Data-Warehouse-postgres-DBT-airflow-/.venv/lib/python3.11/site-packages/airflow/example_dags/example_skip_dag.py
[2025-05-31T19:52:32.052-0300] {processor.py:830} INFO - Processing file /home/walterg/Documentos/Data_projects/Data-Warehouse-postgres-DBT-airflow-/.venv/lib/python3.11/site-packages/airflow/example_dags/example_skip_dag.py for tasks to queue
[2025-05-31T19:52:32.052-0300] {logging_mixin.py:188} INFO - [2025-05-31T19:52:32.052-0300] {dagbag.py:538} INFO - Filling up the DagBag from /home/walterg/Documentos/Data_projects/Data-Warehouse-postgres-DBT-airflow-/.venv/lib/python3.11/site-packages/airflow/example_dags/example_skip_dag.py
[2025-05-31T19:52:32.059-0300] {processor.py:840} INFO - DAG(s) 'example_skip_dag' retrieved from /home/walterg/Documentos/Data_projects/Data-Warehouse-postgres-DBT-airflow-/.venv/lib/python3.11/site-packages/airflow/example_dags/example_skip_dag.py
[2025-05-31T19:52:32.071-0300] {logging_mixin.py:188} INFO - [2025-05-31T19:52:32.071-0300] {dag.py:3036} INFO - Sync 1 DAGs
[2025-05-31T19:52:32.084-0300] {logging_mixin.py:188} INFO - [2025-05-31T19:52:32.084-0300] {dag.py:3823} INFO - Setting next_dagrun for example_skip_dag to 2025-05-30 00:00:00+00:00, run_after=2025-05-31 00:00:00+00:00
[2025-05-31T19:52:32.101-0300] {processor.py:183} INFO - Processing /home/walterg/Documentos/Data_projects/Data-Warehouse-postgres-DBT-airflow-/.venv/lib/python3.11/site-packages/airflow/example_dags/example_skip_dag.py took 0.056 seconds
[2025-05-31T19:53:17.244-0300] {processor.py:161} INFO - Started process (PID=16195) to work on /home/walterg/Documentos/Data_projects/Data-Warehouse-postgres-DBT-airflow-/.venv/lib/python3.11/site-packages/airflow/example_dags/example_skip_dag.py
[2025-05-31T19:53:17.249-0300] {processor.py:830} INFO - Processing file /home/walterg/Documentos/Data_projects/Data-Warehouse-postgres-DBT-airflow-/.venv/lib/python3.11/site-packages/airflow/example_dags/example_skip_dag.py for tasks to queue
[2025-05-31T19:53:17.250-0300] {logging_mixin.py:188} INFO - [2025-05-31T19:53:17.249-0300] {dagbag.py:538} INFO - Filling up the DagBag from /home/walterg/Documentos/Data_projects/Data-Warehouse-postgres-DBT-airflow-/.venv/lib/python3.11/site-packages/airflow/example_dags/example_skip_dag.py
[2025-05-31T19:53:17.256-0300] {processor.py:840} INFO - DAG(s) 'example_skip_dag' retrieved from /home/walterg/Documentos/Data_projects/Data-Warehouse-postgres-DBT-airflow-/.venv/lib/python3.11/site-packages/airflow/example_dags/example_skip_dag.py
[2025-05-31T19:53:17.268-0300] {logging_mixin.py:188} INFO - [2025-05-31T19:53:17.268-0300] {dag.py:3036} INFO - Sync 1 DAGs
[2025-05-31T19:53:17.281-0300] {logging_mixin.py:188} INFO - [2025-05-31T19:53:17.281-0300] {dag.py:3823} INFO - Setting next_dagrun for example_skip_dag to 2025-05-30 00:00:00+00:00, run_after=2025-05-31 00:00:00+00:00
[2025-05-31T19:53:17.297-0300] {processor.py:183} INFO - Processing /home/walterg/Documentos/Data_projects/Data-Warehouse-postgres-DBT-airflow-/.venv/lib/python3.11/site-packages/airflow/example_dags/example_skip_dag.py took 0.056 seconds
[2025-05-31T19:54:01.714-0300] {processor.py:161} INFO - Started process (PID=16256) to work on /home/walterg/Documentos/Data_projects/Data-Warehouse-postgres-DBT-airflow-/.venv/lib/python3.11/site-packages/airflow/example_dags/example_skip_dag.py
[2025-05-31T19:54:01.719-0300] {processor.py:830} INFO - Processing file /home/walterg/Documentos/Data_projects/Data-Warehouse-postgres-DBT-airflow-/.venv/lib/python3.11/site-packages/airflow/example_dags/example_skip_dag.py for tasks to queue
[2025-05-31T19:54:01.720-0300] {logging_mixin.py:188} INFO - [2025-05-31T19:54:01.720-0300] {dagbag.py:538} INFO - Filling up the DagBag from /home/walterg/Documentos/Data_projects/Data-Warehouse-postgres-DBT-airflow-/.venv/lib/python3.11/site-packages/airflow/example_dags/example_skip_dag.py
[2025-05-31T19:54:01.726-0300] {processor.py:840} INFO - DAG(s) 'example_skip_dag' retrieved from /home/walterg/Documentos/Data_projects/Data-Warehouse-postgres-DBT-airflow-/.venv/lib/python3.11/site-packages/airflow/example_dags/example_skip_dag.py
[2025-05-31T19:54:01.738-0300] {logging_mixin.py:188} INFO - [2025-05-31T19:54:01.738-0300] {dag.py:3036} INFO - Sync 1 DAGs
[2025-05-31T19:54:01.751-0300] {logging_mixin.py:188} INFO - [2025-05-31T19:54:01.751-0300] {dag.py:3823} INFO - Setting next_dagrun for example_skip_dag to 2025-05-30 00:00:00+00:00, run_after=2025-05-31 00:00:00+00:00
[2025-05-31T19:54:01.767-0300] {processor.py:183} INFO - Processing /home/walterg/Documentos/Data_projects/Data-Warehouse-postgres-DBT-airflow-/.venv/lib/python3.11/site-packages/airflow/example_dags/example_skip_dag.py took 0.055 seconds
[2025-05-31T19:54:42.522-0300] {processor.py:161} INFO - Started process (PID=16406) to work on /home/walterg/Documentos/Data_projects/Data-Warehouse-postgres-DBT-airflow-/.venv/lib/python3.11/site-packages/airflow/example_dags/example_skip_dag.py
[2025-05-31T19:54:42.523-0300] {processor.py:830} INFO - Processing file /home/walterg/Documentos/Data_projects/Data-Warehouse-postgres-DBT-airflow-/.venv/lib/python3.11/site-packages/airflow/example_dags/example_skip_dag.py for tasks to queue
[2025-05-31T19:54:42.524-0300] {logging_mixin.py:188} INFO - [2025-05-31T19:54:42.524-0300] {dagbag.py:538} INFO - Filling up the DagBag from /home/walterg/Documentos/Data_projects/Data-Warehouse-postgres-DBT-airflow-/.venv/lib/python3.11/site-packages/airflow/example_dags/example_skip_dag.py
[2025-05-31T19:54:42.530-0300] {processor.py:840} INFO - DAG(s) 'example_skip_dag' retrieved from /home/walterg/Documentos/Data_projects/Data-Warehouse-postgres-DBT-airflow-/.venv/lib/python3.11/site-packages/airflow/example_dags/example_skip_dag.py
[2025-05-31T19:54:42.543-0300] {logging_mixin.py:188} INFO - [2025-05-31T19:54:42.543-0300] {dag.py:3036} INFO - Sync 1 DAGs
[2025-05-31T19:54:42.555-0300] {logging_mixin.py:188} INFO - [2025-05-31T19:54:42.555-0300] {dag.py:3823} INFO - Setting next_dagrun for example_skip_dag to 2025-05-30 00:00:00+00:00, run_after=2025-05-31 00:00:00+00:00
[2025-05-31T19:54:42.573-0300] {processor.py:183} INFO - Processing /home/walterg/Documentos/Data_projects/Data-Warehouse-postgres-DBT-airflow-/.venv/lib/python3.11/site-packages/airflow/example_dags/example_skip_dag.py took 0.053 seconds
[2025-05-31T19:55:23.463-0300] {processor.py:161} INFO - Started process (PID=16578) to work on /home/walterg/Documentos/Data_projects/Data-Warehouse-postgres-DBT-airflow-/.venv/lib/python3.11/site-packages/airflow/example_dags/example_skip_dag.py
[2025-05-31T19:55:23.468-0300] {processor.py:830} INFO - Processing file /home/walterg/Documentos/Data_projects/Data-Warehouse-postgres-DBT-airflow-/.venv/lib/python3.11/site-packages/airflow/example_dags/example_skip_dag.py for tasks to queue
[2025-05-31T19:55:23.469-0300] {logging_mixin.py:188} INFO - [2025-05-31T19:55:23.469-0300] {dagbag.py:538} INFO - Filling up the DagBag from /home/walterg/Documentos/Data_projects/Data-Warehouse-postgres-DBT-airflow-/.venv/lib/python3.11/site-packages/airflow/example_dags/example_skip_dag.py
[2025-05-31T19:55:23.475-0300] {processor.py:840} INFO - DAG(s) 'example_skip_dag' retrieved from /home/walterg/Documentos/Data_projects/Data-Warehouse-postgres-DBT-airflow-/.venv/lib/python3.11/site-packages/airflow/example_dags/example_skip_dag.py
[2025-05-31T19:55:23.487-0300] {logging_mixin.py:188} INFO - [2025-05-31T19:55:23.487-0300] {dag.py:3036} INFO - Sync 1 DAGs
[2025-05-31T19:55:23.501-0300] {logging_mixin.py:188} INFO - [2025-05-31T19:55:23.501-0300] {dag.py:3823} INFO - Setting next_dagrun for example_skip_dag to 2025-05-30 00:00:00+00:00, run_after=2025-05-31 00:00:00+00:00
[2025-05-31T19:55:23.518-0300] {processor.py:183} INFO - Processing /home/walterg/Documentos/Data_projects/Data-Warehouse-postgres-DBT-airflow-/.venv/lib/python3.11/site-packages/airflow/example_dags/example_skip_dag.py took 0.057 seconds
[2025-05-31T19:56:20.028-0300] {processor.py:161} INFO - Started process (PID=16847) to work on /home/walterg/Documentos/Data_projects/Data-Warehouse-postgres-DBT-airflow-/.venv/lib/python3.11/site-packages/airflow/example_dags/example_skip_dag.py
[2025-05-31T19:56:20.033-0300] {processor.py:830} INFO - Processing file /home/walterg/Documentos/Data_projects/Data-Warehouse-postgres-DBT-airflow-/.venv/lib/python3.11/site-packages/airflow/example_dags/example_skip_dag.py for tasks to queue
[2025-05-31T19:56:20.034-0300] {logging_mixin.py:188} INFO - [2025-05-31T19:56:20.034-0300] {dagbag.py:538} INFO - Filling up the DagBag from /home/walterg/Documentos/Data_projects/Data-Warehouse-postgres-DBT-airflow-/.venv/lib/python3.11/site-packages/airflow/example_dags/example_skip_dag.py
[2025-05-31T19:56:20.040-0300] {processor.py:840} INFO - DAG(s) 'example_skip_dag' retrieved from /home/walterg/Documentos/Data_projects/Data-Warehouse-postgres-DBT-airflow-/.venv/lib/python3.11/site-packages/airflow/example_dags/example_skip_dag.py
[2025-05-31T19:56:20.053-0300] {logging_mixin.py:188} INFO - [2025-05-31T19:56:20.052-0300] {dag.py:3036} INFO - Sync 1 DAGs
[2025-05-31T19:56:20.066-0300] {logging_mixin.py:188} INFO - [2025-05-31T19:56:20.065-0300] {dag.py:3823} INFO - Setting next_dagrun for example_skip_dag to 2025-05-30 00:00:00+00:00, run_after=2025-05-31 00:00:00+00:00
[2025-05-31T19:56:20.083-0300] {processor.py:183} INFO - Processing /home/walterg/Documentos/Data_projects/Data-Warehouse-postgres-DBT-airflow-/.venv/lib/python3.11/site-packages/airflow/example_dags/example_skip_dag.py took 0.057 seconds
[2025-05-31T19:57:20.609-0300] {processor.py:161} INFO - Started process (PID=17029) to work on /home/walterg/Documentos/Data_projects/Data-Warehouse-postgres-DBT-airflow-/.venv/lib/python3.11/site-packages/airflow/example_dags/example_skip_dag.py
[2025-05-31T19:57:20.610-0300] {processor.py:830} INFO - Processing file /home/walterg/Documentos/Data_projects/Data-Warehouse-postgres-DBT-airflow-/.venv/lib/python3.11/site-packages/airflow/example_dags/example_skip_dag.py for tasks to queue
[2025-05-31T19:57:20.611-0300] {logging_mixin.py:188} INFO - [2025-05-31T19:57:20.610-0300] {dagbag.py:538} INFO - Filling up the DagBag from /home/walterg/Documentos/Data_projects/Data-Warehouse-postgres-DBT-airflow-/.venv/lib/python3.11/site-packages/airflow/example_dags/example_skip_dag.py
[2025-05-31T19:57:20.617-0300] {processor.py:840} INFO - DAG(s) 'example_skip_dag' retrieved from /home/walterg/Documentos/Data_projects/Data-Warehouse-postgres-DBT-airflow-/.venv/lib/python3.11/site-packages/airflow/example_dags/example_skip_dag.py
[2025-05-31T19:57:20.629-0300] {logging_mixin.py:188} INFO - [2025-05-31T19:57:20.629-0300] {dag.py:3036} INFO - Sync 1 DAGs
[2025-05-31T19:57:20.643-0300] {logging_mixin.py:188} INFO - [2025-05-31T19:57:20.643-0300] {dag.py:3823} INFO - Setting next_dagrun for example_skip_dag to 2025-05-30 00:00:00+00:00, run_after=2025-05-31 00:00:00+00:00
[2025-05-31T19:57:20.659-0300] {processor.py:183} INFO - Processing /home/walterg/Documentos/Data_projects/Data-Warehouse-postgres-DBT-airflow-/.venv/lib/python3.11/site-packages/airflow/example_dags/example_skip_dag.py took 0.052 seconds
[2025-05-31T19:58:07.611-0300] {processor.py:161} INFO - Started process (PID=17181) to work on /home/walterg/Documentos/Data_projects/Data-Warehouse-postgres-DBT-airflow-/.venv/lib/python3.11/site-packages/airflow/example_dags/example_skip_dag.py
[2025-05-31T19:58:07.616-0300] {processor.py:830} INFO - Processing file /home/walterg/Documentos/Data_projects/Data-Warehouse-postgres-DBT-airflow-/.venv/lib/python3.11/site-packages/airflow/example_dags/example_skip_dag.py for tasks to queue
[2025-05-31T19:58:07.617-0300] {logging_mixin.py:188} INFO - [2025-05-31T19:58:07.617-0300] {dagbag.py:538} INFO - Filling up the DagBag from /home/walterg/Documentos/Data_projects/Data-Warehouse-postgres-DBT-airflow-/.venv/lib/python3.11/site-packages/airflow/example_dags/example_skip_dag.py
[2025-05-31T19:58:07.624-0300] {processor.py:840} INFO - DAG(s) 'example_skip_dag' retrieved from /home/walterg/Documentos/Data_projects/Data-Warehouse-postgres-DBT-airflow-/.venv/lib/python3.11/site-packages/airflow/example_dags/example_skip_dag.py
[2025-05-31T19:58:07.636-0300] {logging_mixin.py:188} INFO - [2025-05-31T19:58:07.635-0300] {dag.py:3036} INFO - Sync 1 DAGs
[2025-05-31T19:58:07.649-0300] {logging_mixin.py:188} INFO - [2025-05-31T19:58:07.648-0300] {dag.py:3823} INFO - Setting next_dagrun for example_skip_dag to 2025-05-30 00:00:00+00:00, run_after=2025-05-31 00:00:00+00:00
[2025-05-31T19:58:07.666-0300] {processor.py:183} INFO - Processing /home/walterg/Documentos/Data_projects/Data-Warehouse-postgres-DBT-airflow-/.venv/lib/python3.11/site-packages/airflow/example_dags/example_skip_dag.py took 0.057 seconds
[2025-05-31T19:59:08.907-0300] {processor.py:161} INFO - Started process (PID=17424) to work on /home/walterg/Documentos/Data_projects/Data-Warehouse-postgres-DBT-airflow-/.venv/lib/python3.11/site-packages/airflow/example_dags/example_skip_dag.py
[2025-05-31T19:59:08.912-0300] {processor.py:830} INFO - Processing file /home/walterg/Documentos/Data_projects/Data-Warehouse-postgres-DBT-airflow-/.venv/lib/python3.11/site-packages/airflow/example_dags/example_skip_dag.py for tasks to queue
[2025-05-31T19:59:08.913-0300] {logging_mixin.py:188} INFO - [2025-05-31T19:59:08.913-0300] {dagbag.py:538} INFO - Filling up the DagBag from /home/walterg/Documentos/Data_projects/Data-Warehouse-postgres-DBT-airflow-/.venv/lib/python3.11/site-packages/airflow/example_dags/example_skip_dag.py
[2025-05-31T19:59:08.920-0300] {processor.py:840} INFO - DAG(s) 'example_skip_dag' retrieved from /home/walterg/Documentos/Data_projects/Data-Warehouse-postgres-DBT-airflow-/.venv/lib/python3.11/site-packages/airflow/example_dags/example_skip_dag.py
[2025-05-31T19:59:08.932-0300] {logging_mixin.py:188} INFO - [2025-05-31T19:59:08.932-0300] {dag.py:3036} INFO - Sync 1 DAGs
[2025-05-31T19:59:08.945-0300] {logging_mixin.py:188} INFO - [2025-05-31T19:59:08.945-0300] {dag.py:3823} INFO - Setting next_dagrun for example_skip_dag to 2025-05-30 00:00:00+00:00, run_after=2025-05-31 00:00:00+00:00
[2025-05-31T19:59:08.962-0300] {processor.py:183} INFO - Processing /home/walterg/Documentos/Data_projects/Data-Warehouse-postgres-DBT-airflow-/.venv/lib/python3.11/site-packages/airflow/example_dags/example_skip_dag.py took 0.057 seconds
[2025-05-31T19:59:51.740-0300] {processor.py:161} INFO - Started process (PID=17600) to work on /home/walterg/Documentos/Data_projects/Data-Warehouse-postgres-DBT-airflow-/.venv/lib/python3.11/site-packages/airflow/example_dags/example_skip_dag.py
[2025-05-31T19:59:51.741-0300] {processor.py:830} INFO - Processing file /home/walterg/Documentos/Data_projects/Data-Warehouse-postgres-DBT-airflow-/.venv/lib/python3.11/site-packages/airflow/example_dags/example_skip_dag.py for tasks to queue
[2025-05-31T19:59:51.742-0300] {logging_mixin.py:188} INFO - [2025-05-31T19:59:51.741-0300] {dagbag.py:538} INFO - Filling up the DagBag from /home/walterg/Documentos/Data_projects/Data-Warehouse-postgres-DBT-airflow-/.venv/lib/python3.11/site-packages/airflow/example_dags/example_skip_dag.py
[2025-05-31T19:59:51.748-0300] {processor.py:840} INFO - DAG(s) 'example_skip_dag' retrieved from /home/walterg/Documentos/Data_projects/Data-Warehouse-postgres-DBT-airflow-/.venv/lib/python3.11/site-packages/airflow/example_dags/example_skip_dag.py
[2025-05-31T19:59:51.761-0300] {logging_mixin.py:188} INFO - [2025-05-31T19:59:51.761-0300] {dag.py:3036} INFO - Sync 1 DAGs
[2025-05-31T19:59:51.774-0300] {logging_mixin.py:188} INFO - [2025-05-31T19:59:51.774-0300] {dag.py:3823} INFO - Setting next_dagrun for example_skip_dag to 2025-05-30 00:00:00+00:00, run_after=2025-05-31 00:00:00+00:00
[2025-05-31T19:59:51.793-0300] {processor.py:183} INFO - Processing /home/walterg/Documentos/Data_projects/Data-Warehouse-postgres-DBT-airflow-/.venv/lib/python3.11/site-packages/airflow/example_dags/example_skip_dag.py took 0.055 seconds
