[2025-05-31T19:30:03.966-0300] {processor.py:161} INFO - Started process (PID=9708) to work on /home/walterg/Documentos/Data_projects/Data-Warehouse-postgres-DBT-airflow-/.venv/lib/python3.11/site-packages/airflow/example_dags/example_trigger_target_dag.py
[2025-05-31T19:30:03.967-0300] {processor.py:830} INFO - Processing file /home/walterg/Documentos/Data_projects/Data-Warehouse-postgres-DBT-airflow-/.venv/lib/python3.11/site-packages/airflow/example_dags/example_trigger_target_dag.py for tasks to queue
[2025-05-31T19:30:03.968-0300] {logging_mixin.py:188} INFO - [2025-05-31T19:30:03.967-0300] {dagbag.py:538} INFO - Filling up the DagBag from /home/walterg/Documentos/Data_projects/Data-Warehouse-postgres-DBT-airflow-/.venv/lib/python3.11/site-packages/airflow/example_dags/example_trigger_target_dag.py
[2025-05-31T19:30:03.974-0300] {processor.py:840} INFO - DAG(s) 'example_trigger_target_dag' retrieved from /home/walterg/Documentos/Data_projects/Data-Warehouse-postgres-DBT-airflow-/.venv/lib/python3.11/site-packages/airflow/example_dags/example_trigger_target_dag.py
[2025-05-31T19:30:04.057-0300] {logging_mixin.py:188} INFO - [2025-05-31T19:30:04.057-0300] {override.py:1769} INFO - Created Permission View: can edit on DAG:example_trigger_target_dag
[2025-05-31T19:30:04.068-0300] {logging_mixin.py:188} INFO - [2025-05-31T19:30:04.068-0300] {override.py:1769} INFO - Created Permission View: can read on DAG:example_trigger_target_dag
[2025-05-31T19:30:04.076-0300] {logging_mixin.py:188} INFO - [2025-05-31T19:30:04.076-0300] {override.py:1769} INFO - Created Permission View: can delete on DAG:example_trigger_target_dag
[2025-05-31T19:30:04.076-0300] {logging_mixin.py:188} INFO - [2025-05-31T19:30:04.076-0300] {dag.py:3036} INFO - Sync 1 DAGs
[2025-05-31T19:30:04.084-0300] {logging_mixin.py:188} INFO - [2025-05-31T19:30:04.083-0300] {dag.py:3058} INFO - Creating ORM DAG for example_trigger_target_dag
[2025-05-31T19:30:04.084-0300] {logging_mixin.py:188} INFO - [2025-05-31T19:30:04.084-0300] {dag.py:3823} INFO - Setting next_dagrun for example_trigger_target_dag to None, run_after=None
[2025-05-31T19:30:04.101-0300] {processor.py:183} INFO - Processing /home/walterg/Documentos/Data_projects/Data-Warehouse-postgres-DBT-airflow-/.venv/lib/python3.11/site-packages/airflow/example_dags/example_trigger_target_dag.py took 0.138 seconds
[2025-05-31T19:30:52.328-0300] {processor.py:161} INFO - Started process (PID=9896) to work on /home/walterg/Documentos/Data_projects/Data-Warehouse-postgres-DBT-airflow-/.venv/lib/python3.11/site-packages/airflow/example_dags/example_trigger_target_dag.py
[2025-05-31T19:30:52.333-0300] {processor.py:830} INFO - Processing file /home/walterg/Documentos/Data_projects/Data-Warehouse-postgres-DBT-airflow-/.venv/lib/python3.11/site-packages/airflow/example_dags/example_trigger_target_dag.py for tasks to queue
[2025-05-31T19:30:52.333-0300] {logging_mixin.py:188} INFO - [2025-05-31T19:30:52.333-0300] {dagbag.py:538} INFO - Filling up the DagBag from /home/walterg/Documentos/Data_projects/Data-Warehouse-postgres-DBT-airflow-/.venv/lib/python3.11/site-packages/airflow/example_dags/example_trigger_target_dag.py
[2025-05-31T19:30:52.339-0300] {processor.py:840} INFO - DAG(s) 'example_trigger_target_dag' retrieved from /home/walterg/Documentos/Data_projects/Data-Warehouse-postgres-DBT-airflow-/.venv/lib/python3.11/site-packages/airflow/example_dags/example_trigger_target_dag.py
[2025-05-31T19:30:52.350-0300] {logging_mixin.py:188} INFO - [2025-05-31T19:30:52.350-0300] {dag.py:3036} INFO - Sync 1 DAGs
[2025-05-31T19:30:52.357-0300] {logging_mixin.py:188} INFO - [2025-05-31T19:30:52.357-0300] {dag.py:3823} INFO - Setting next_dagrun for example_trigger_target_dag to None, run_after=None
[2025-05-31T19:30:52.374-0300] {processor.py:183} INFO - Processing /home/walterg/Documentos/Data_projects/Data-Warehouse-postgres-DBT-airflow-/.venv/lib/python3.11/site-packages/airflow/example_dags/example_trigger_target_dag.py took 0.049 seconds
[2025-05-31T19:41:01.021-0300] {processor.py:161} INFO - Started process (PID=12051) to work on /home/walterg/Documentos/Data_projects/Data-Warehouse-postgres-DBT-airflow-/.venv/lib/python3.11/site-packages/airflow/example_dags/example_trigger_target_dag.py
[2025-05-31T19:41:01.026-0300] {processor.py:830} INFO - Processing file /home/walterg/Documentos/Data_projects/Data-Warehouse-postgres-DBT-airflow-/.venv/lib/python3.11/site-packages/airflow/example_dags/example_trigger_target_dag.py for tasks to queue
[2025-05-31T19:41:01.027-0300] {logging_mixin.py:188} INFO - [2025-05-31T19:41:01.027-0300] {dagbag.py:538} INFO - Filling up the DagBag from /home/walterg/Documentos/Data_projects/Data-Warehouse-postgres-DBT-airflow-/.venv/lib/python3.11/site-packages/airflow/example_dags/example_trigger_target_dag.py
[2025-05-31T19:41:01.034-0300] {processor.py:840} INFO - DAG(s) 'example_trigger_target_dag' retrieved from /home/walterg/Documentos/Data_projects/Data-Warehouse-postgres-DBT-airflow-/.venv/lib/python3.11/site-packages/airflow/example_dags/example_trigger_target_dag.py
[2025-05-31T19:41:01.100-0300] {logging_mixin.py:188} INFO - [2025-05-31T19:41:01.100-0300] {dag.py:3036} INFO - Sync 1 DAGs
[2025-05-31T19:41:01.106-0300] {logging_mixin.py:188} INFO - [2025-05-31T19:41:01.106-0300] {dag.py:3823} INFO - Setting next_dagrun for example_trigger_target_dag to None, run_after=None
[2025-05-31T19:41:01.122-0300] {processor.py:183} INFO - Processing /home/walterg/Documentos/Data_projects/Data-Warehouse-postgres-DBT-airflow-/.venv/lib/python3.11/site-packages/airflow/example_dags/example_trigger_target_dag.py took 0.104 seconds
[2025-05-31T19:42:01.190-0300] {processor.py:161} INFO - Started process (PID=12494) to work on /home/walterg/Documentos/Data_projects/Data-Warehouse-postgres-DBT-airflow-/.venv/lib/python3.11/site-packages/airflow/example_dags/example_trigger_target_dag.py
[2025-05-31T19:42:01.195-0300] {processor.py:830} INFO - Processing file /home/walterg/Documentos/Data_projects/Data-Warehouse-postgres-DBT-airflow-/.venv/lib/python3.11/site-packages/airflow/example_dags/example_trigger_target_dag.py for tasks to queue
[2025-05-31T19:42:01.196-0300] {logging_mixin.py:188} INFO - [2025-05-31T19:42:01.196-0300] {dagbag.py:538} INFO - Filling up the DagBag from /home/walterg/Documentos/Data_projects/Data-Warehouse-postgres-DBT-airflow-/.venv/lib/python3.11/site-packages/airflow/example_dags/example_trigger_target_dag.py
[2025-05-31T19:42:01.201-0300] {processor.py:840} INFO - DAG(s) 'example_trigger_target_dag' retrieved from /home/walterg/Documentos/Data_projects/Data-Warehouse-postgres-DBT-airflow-/.venv/lib/python3.11/site-packages/airflow/example_dags/example_trigger_target_dag.py
[2025-05-31T19:42:01.213-0300] {logging_mixin.py:188} INFO - [2025-05-31T19:42:01.213-0300] {dag.py:3036} INFO - Sync 1 DAGs
[2025-05-31T19:42:01.221-0300] {logging_mixin.py:188} INFO - [2025-05-31T19:42:01.220-0300] {dag.py:3823} INFO - Setting next_dagrun for example_trigger_target_dag to None, run_after=None
[2025-05-31T19:42:01.238-0300] {processor.py:183} INFO - Processing /home/walterg/Documentos/Data_projects/Data-Warehouse-postgres-DBT-airflow-/.venv/lib/python3.11/site-packages/airflow/example_dags/example_trigger_target_dag.py took 0.050 seconds
[2025-05-31T19:42:51.251-0300] {processor.py:161} INFO - Started process (PID=12802) to work on /home/walterg/Documentos/Data_projects/Data-Warehouse-postgres-DBT-airflow-/.venv/lib/python3.11/site-packages/airflow/example_dags/example_trigger_target_dag.py
[2025-05-31T19:42:51.257-0300] {processor.py:830} INFO - Processing file /home/walterg/Documentos/Data_projects/Data-Warehouse-postgres-DBT-airflow-/.venv/lib/python3.11/site-packages/airflow/example_dags/example_trigger_target_dag.py for tasks to queue
[2025-05-31T19:42:51.257-0300] {logging_mixin.py:188} INFO - [2025-05-31T19:42:51.257-0300] {dagbag.py:538} INFO - Filling up the DagBag from /home/walterg/Documentos/Data_projects/Data-Warehouse-postgres-DBT-airflow-/.venv/lib/python3.11/site-packages/airflow/example_dags/example_trigger_target_dag.py
[2025-05-31T19:42:51.262-0300] {processor.py:840} INFO - DAG(s) 'example_trigger_target_dag' retrieved from /home/walterg/Documentos/Data_projects/Data-Warehouse-postgres-DBT-airflow-/.venv/lib/python3.11/site-packages/airflow/example_dags/example_trigger_target_dag.py
[2025-05-31T19:42:51.274-0300] {logging_mixin.py:188} INFO - [2025-05-31T19:42:51.274-0300] {dag.py:3036} INFO - Sync 1 DAGs
[2025-05-31T19:42:51.282-0300] {logging_mixin.py:188} INFO - [2025-05-31T19:42:51.282-0300] {dag.py:3823} INFO - Setting next_dagrun for example_trigger_target_dag to None, run_after=None
[2025-05-31T19:42:51.299-0300] {processor.py:183} INFO - Processing /home/walterg/Documentos/Data_projects/Data-Warehouse-postgres-DBT-airflow-/.venv/lib/python3.11/site-packages/airflow/example_dags/example_trigger_target_dag.py took 0.050 seconds
[2025-05-31T19:43:40.807-0300] {processor.py:161} INFO - Started process (PID=13274) to work on /home/walterg/Documentos/Data_projects/Data-Warehouse-postgres-DBT-airflow-/.venv/lib/python3.11/site-packages/airflow/example_dags/example_trigger_target_dag.py
[2025-05-31T19:43:40.812-0300] {processor.py:830} INFO - Processing file /home/walterg/Documentos/Data_projects/Data-Warehouse-postgres-DBT-airflow-/.venv/lib/python3.11/site-packages/airflow/example_dags/example_trigger_target_dag.py for tasks to queue
[2025-05-31T19:43:40.813-0300] {logging_mixin.py:188} INFO - [2025-05-31T19:43:40.813-0300] {dagbag.py:538} INFO - Filling up the DagBag from /home/walterg/Documentos/Data_projects/Data-Warehouse-postgres-DBT-airflow-/.venv/lib/python3.11/site-packages/airflow/example_dags/example_trigger_target_dag.py
[2025-05-31T19:43:40.818-0300] {processor.py:840} INFO - DAG(s) 'example_trigger_target_dag' retrieved from /home/walterg/Documentos/Data_projects/Data-Warehouse-postgres-DBT-airflow-/.venv/lib/python3.11/site-packages/airflow/example_dags/example_trigger_target_dag.py
[2025-05-31T19:43:40.830-0300] {logging_mixin.py:188} INFO - [2025-05-31T19:43:40.830-0300] {dag.py:3036} INFO - Sync 1 DAGs
[2025-05-31T19:43:40.838-0300] {logging_mixin.py:188} INFO - [2025-05-31T19:43:40.838-0300] {dag.py:3823} INFO - Setting next_dagrun for example_trigger_target_dag to None, run_after=None
[2025-05-31T19:43:40.855-0300] {processor.py:183} INFO - Processing /home/walterg/Documentos/Data_projects/Data-Warehouse-postgres-DBT-airflow-/.venv/lib/python3.11/site-packages/airflow/example_dags/example_trigger_target_dag.py took 0.051 seconds
[2025-05-31T19:44:25.620-0300] {processor.py:161} INFO - Started process (PID=13554) to work on /home/walterg/Documentos/Data_projects/Data-Warehouse-postgres-DBT-airflow-/.venv/lib/python3.11/site-packages/airflow/example_dags/example_trigger_target_dag.py
[2025-05-31T19:44:25.625-0300] {processor.py:830} INFO - Processing file /home/walterg/Documentos/Data_projects/Data-Warehouse-postgres-DBT-airflow-/.venv/lib/python3.11/site-packages/airflow/example_dags/example_trigger_target_dag.py for tasks to queue
[2025-05-31T19:44:25.626-0300] {logging_mixin.py:188} INFO - [2025-05-31T19:44:25.626-0300] {dagbag.py:538} INFO - Filling up the DagBag from /home/walterg/Documentos/Data_projects/Data-Warehouse-postgres-DBT-airflow-/.venv/lib/python3.11/site-packages/airflow/example_dags/example_trigger_target_dag.py
[2025-05-31T19:44:25.631-0300] {processor.py:840} INFO - DAG(s) 'example_trigger_target_dag' retrieved from /home/walterg/Documentos/Data_projects/Data-Warehouse-postgres-DBT-airflow-/.venv/lib/python3.11/site-packages/airflow/example_dags/example_trigger_target_dag.py
[2025-05-31T19:44:25.644-0300] {logging_mixin.py:188} INFO - [2025-05-31T19:44:25.643-0300] {dag.py:3036} INFO - Sync 1 DAGs
[2025-05-31T19:44:25.651-0300] {logging_mixin.py:188} INFO - [2025-05-31T19:44:25.651-0300] {dag.py:3823} INFO - Setting next_dagrun for example_trigger_target_dag to None, run_after=None
[2025-05-31T19:44:25.668-0300] {processor.py:183} INFO - Processing /home/walterg/Documentos/Data_projects/Data-Warehouse-postgres-DBT-airflow-/.venv/lib/python3.11/site-packages/airflow/example_dags/example_trigger_target_dag.py took 0.051 seconds
[2025-05-31T19:45:13.111-0300] {processor.py:161} INFO - Started process (PID=13759) to work on /home/walterg/Documentos/Data_projects/Data-Warehouse-postgres-DBT-airflow-/.venv/lib/python3.11/site-packages/airflow/example_dags/example_trigger_target_dag.py
[2025-05-31T19:45:13.116-0300] {processor.py:830} INFO - Processing file /home/walterg/Documentos/Data_projects/Data-Warehouse-postgres-DBT-airflow-/.venv/lib/python3.11/site-packages/airflow/example_dags/example_trigger_target_dag.py for tasks to queue
[2025-05-31T19:45:13.117-0300] {logging_mixin.py:188} INFO - [2025-05-31T19:45:13.116-0300] {dagbag.py:538} INFO - Filling up the DagBag from /home/walterg/Documentos/Data_projects/Data-Warehouse-postgres-DBT-airflow-/.venv/lib/python3.11/site-packages/airflow/example_dags/example_trigger_target_dag.py
[2025-05-31T19:45:13.122-0300] {processor.py:840} INFO - DAG(s) 'example_trigger_target_dag' retrieved from /home/walterg/Documentos/Data_projects/Data-Warehouse-postgres-DBT-airflow-/.venv/lib/python3.11/site-packages/airflow/example_dags/example_trigger_target_dag.py
[2025-05-31T19:45:13.134-0300] {logging_mixin.py:188} INFO - [2025-05-31T19:45:13.134-0300] {dag.py:3036} INFO - Sync 1 DAGs
[2025-05-31T19:45:13.143-0300] {logging_mixin.py:188} INFO - [2025-05-31T19:45:13.143-0300] {dag.py:3823} INFO - Setting next_dagrun for example_trigger_target_dag to None, run_after=None
[2025-05-31T19:45:13.160-0300] {processor.py:183} INFO - Processing /home/walterg/Documentos/Data_projects/Data-Warehouse-postgres-DBT-airflow-/.venv/lib/python3.11/site-packages/airflow/example_dags/example_trigger_target_dag.py took 0.051 seconds
[2025-05-31T19:45:55.994-0300] {processor.py:161} INFO - Started process (PID=13938) to work on /home/walterg/Documentos/Data_projects/Data-Warehouse-postgres-DBT-airflow-/.venv/lib/python3.11/site-packages/airflow/example_dags/example_trigger_target_dag.py
[2025-05-31T19:45:55.999-0300] {processor.py:830} INFO - Processing file /home/walterg/Documentos/Data_projects/Data-Warehouse-postgres-DBT-airflow-/.venv/lib/python3.11/site-packages/airflow/example_dags/example_trigger_target_dag.py for tasks to queue
[2025-05-31T19:45:56.000-0300] {logging_mixin.py:188} INFO - [2025-05-31T19:45:56.000-0300] {dagbag.py:538} INFO - Filling up the DagBag from /home/walterg/Documentos/Data_projects/Data-Warehouse-postgres-DBT-airflow-/.venv/lib/python3.11/site-packages/airflow/example_dags/example_trigger_target_dag.py
[2025-05-31T19:45:56.006-0300] {processor.py:840} INFO - DAG(s) 'example_trigger_target_dag' retrieved from /home/walterg/Documentos/Data_projects/Data-Warehouse-postgres-DBT-airflow-/.venv/lib/python3.11/site-packages/airflow/example_dags/example_trigger_target_dag.py
[2025-05-31T19:45:56.019-0300] {logging_mixin.py:188} INFO - [2025-05-31T19:45:56.018-0300] {dag.py:3036} INFO - Sync 1 DAGs
[2025-05-31T19:45:56.027-0300] {logging_mixin.py:188} INFO - [2025-05-31T19:45:56.027-0300] {dag.py:3823} INFO - Setting next_dagrun for example_trigger_target_dag to None, run_after=None
[2025-05-31T19:45:56.045-0300] {processor.py:183} INFO - Processing /home/walterg/Documentos/Data_projects/Data-Warehouse-postgres-DBT-airflow-/.venv/lib/python3.11/site-packages/airflow/example_dags/example_trigger_target_dag.py took 0.053 seconds
[2025-05-31T19:46:31.567-0300] {processor.py:161} INFO - Started process (PID=14143) to work on /home/walterg/Documentos/Data_projects/Data-Warehouse-postgres-DBT-airflow-/.venv/lib/python3.11/site-packages/airflow/example_dags/example_trigger_target_dag.py
[2025-05-31T19:46:31.572-0300] {processor.py:830} INFO - Processing file /home/walterg/Documentos/Data_projects/Data-Warehouse-postgres-DBT-airflow-/.venv/lib/python3.11/site-packages/airflow/example_dags/example_trigger_target_dag.py for tasks to queue
[2025-05-31T19:46:31.574-0300] {logging_mixin.py:188} INFO - [2025-05-31T19:46:31.573-0300] {dagbag.py:538} INFO - Filling up the DagBag from /home/walterg/Documentos/Data_projects/Data-Warehouse-postgres-DBT-airflow-/.venv/lib/python3.11/site-packages/airflow/example_dags/example_trigger_target_dag.py
[2025-05-31T19:46:31.579-0300] {processor.py:840} INFO - DAG(s) 'example_trigger_target_dag' retrieved from /home/walterg/Documentos/Data_projects/Data-Warehouse-postgres-DBT-airflow-/.venv/lib/python3.11/site-packages/airflow/example_dags/example_trigger_target_dag.py
[2025-05-31T19:46:31.591-0300] {logging_mixin.py:188} INFO - [2025-05-31T19:46:31.591-0300] {dag.py:3036} INFO - Sync 1 DAGs
[2025-05-31T19:46:31.599-0300] {logging_mixin.py:188} INFO - [2025-05-31T19:46:31.599-0300] {dag.py:3823} INFO - Setting next_dagrun for example_trigger_target_dag to None, run_after=None
[2025-05-31T19:46:31.617-0300] {processor.py:183} INFO - Processing /home/walterg/Documentos/Data_projects/Data-Warehouse-postgres-DBT-airflow-/.venv/lib/python3.11/site-packages/airflow/example_dags/example_trigger_target_dag.py took 0.052 seconds
[2025-05-31T19:47:11.813-0300] {processor.py:161} INFO - Started process (PID=14286) to work on /home/walterg/Documentos/Data_projects/Data-Warehouse-postgres-DBT-airflow-/.venv/lib/python3.11/site-packages/airflow/example_dags/example_trigger_target_dag.py
[2025-05-31T19:47:11.818-0300] {processor.py:830} INFO - Processing file /home/walterg/Documentos/Data_projects/Data-Warehouse-postgres-DBT-airflow-/.venv/lib/python3.11/site-packages/airflow/example_dags/example_trigger_target_dag.py for tasks to queue
[2025-05-31T19:47:11.819-0300] {logging_mixin.py:188} INFO - [2025-05-31T19:47:11.818-0300] {dagbag.py:538} INFO - Filling up the DagBag from /home/walterg/Documentos/Data_projects/Data-Warehouse-postgres-DBT-airflow-/.venv/lib/python3.11/site-packages/airflow/example_dags/example_trigger_target_dag.py
[2025-05-31T19:47:11.824-0300] {processor.py:840} INFO - DAG(s) 'example_trigger_target_dag' retrieved from /home/walterg/Documentos/Data_projects/Data-Warehouse-postgres-DBT-airflow-/.venv/lib/python3.11/site-packages/airflow/example_dags/example_trigger_target_dag.py
[2025-05-31T19:47:11.836-0300] {logging_mixin.py:188} INFO - [2025-05-31T19:47:11.836-0300] {dag.py:3036} INFO - Sync 1 DAGs
[2025-05-31T19:47:11.844-0300] {logging_mixin.py:188} INFO - [2025-05-31T19:47:11.844-0300] {dag.py:3823} INFO - Setting next_dagrun for example_trigger_target_dag to None, run_after=None
[2025-05-31T19:47:11.862-0300] {processor.py:183} INFO - Processing /home/walterg/Documentos/Data_projects/Data-Warehouse-postgres-DBT-airflow-/.venv/lib/python3.11/site-packages/airflow/example_dags/example_trigger_target_dag.py took 0.051 seconds
[2025-05-31T19:47:51.262-0300] {processor.py:161} INFO - Started process (PID=14411) to work on /home/walterg/Documentos/Data_projects/Data-Warehouse-postgres-DBT-airflow-/.venv/lib/python3.11/site-packages/airflow/example_dags/example_trigger_target_dag.py
[2025-05-31T19:47:51.267-0300] {processor.py:830} INFO - Processing file /home/walterg/Documentos/Data_projects/Data-Warehouse-postgres-DBT-airflow-/.venv/lib/python3.11/site-packages/airflow/example_dags/example_trigger_target_dag.py for tasks to queue
[2025-05-31T19:47:51.268-0300] {logging_mixin.py:188} INFO - [2025-05-31T19:47:51.268-0300] {dagbag.py:538} INFO - Filling up the DagBag from /home/walterg/Documentos/Data_projects/Data-Warehouse-postgres-DBT-airflow-/.venv/lib/python3.11/site-packages/airflow/example_dags/example_trigger_target_dag.py
[2025-05-31T19:47:51.274-0300] {processor.py:840} INFO - DAG(s) 'example_trigger_target_dag' retrieved from /home/walterg/Documentos/Data_projects/Data-Warehouse-postgres-DBT-airflow-/.venv/lib/python3.11/site-packages/airflow/example_dags/example_trigger_target_dag.py
[2025-05-31T19:47:51.289-0300] {logging_mixin.py:188} INFO - [2025-05-31T19:47:51.289-0300] {dag.py:3036} INFO - Sync 1 DAGs
[2025-05-31T19:47:51.296-0300] {logging_mixin.py:188} INFO - [2025-05-31T19:47:51.296-0300] {dag.py:3823} INFO - Setting next_dagrun for example_trigger_target_dag to None, run_after=None
[2025-05-31T19:47:51.313-0300] {processor.py:183} INFO - Processing /home/walterg/Documentos/Data_projects/Data-Warehouse-postgres-DBT-airflow-/.venv/lib/python3.11/site-packages/airflow/example_dags/example_trigger_target_dag.py took 0.053 seconds
[2025-05-31T19:48:40.906-0300] {processor.py:161} INFO - Started process (PID=14878) to work on /home/walterg/Documentos/Data_projects/Data-Warehouse-postgres-DBT-airflow-/.venv/lib/python3.11/site-packages/airflow/example_dags/example_trigger_target_dag.py
[2025-05-31T19:48:40.911-0300] {processor.py:830} INFO - Processing file /home/walterg/Documentos/Data_projects/Data-Warehouse-postgres-DBT-airflow-/.venv/lib/python3.11/site-packages/airflow/example_dags/example_trigger_target_dag.py for tasks to queue
[2025-05-31T19:48:40.912-0300] {logging_mixin.py:188} INFO - [2025-05-31T19:48:40.912-0300] {dagbag.py:538} INFO - Filling up the DagBag from /home/walterg/Documentos/Data_projects/Data-Warehouse-postgres-DBT-airflow-/.venv/lib/python3.11/site-packages/airflow/example_dags/example_trigger_target_dag.py
[2025-05-31T19:48:40.917-0300] {processor.py:840} INFO - DAG(s) 'example_trigger_target_dag' retrieved from /home/walterg/Documentos/Data_projects/Data-Warehouse-postgres-DBT-airflow-/.venv/lib/python3.11/site-packages/airflow/example_dags/example_trigger_target_dag.py
[2025-05-31T19:48:40.929-0300] {logging_mixin.py:188} INFO - [2025-05-31T19:48:40.929-0300] {dag.py:3036} INFO - Sync 1 DAGs
[2025-05-31T19:48:40.936-0300] {logging_mixin.py:188} INFO - [2025-05-31T19:48:40.936-0300] {dag.py:3823} INFO - Setting next_dagrun for example_trigger_target_dag to None, run_after=None
[2025-05-31T19:48:40.952-0300] {processor.py:183} INFO - Processing /home/walterg/Documentos/Data_projects/Data-Warehouse-postgres-DBT-airflow-/.venv/lib/python3.11/site-packages/airflow/example_dags/example_trigger_target_dag.py took 0.049 seconds
[2025-05-31T19:49:33.241-0300] {processor.py:161} INFO - Started process (PID=15219) to work on /home/walterg/Documentos/Data_projects/Data-Warehouse-postgres-DBT-airflow-/.venv/lib/python3.11/site-packages/airflow/example_dags/example_trigger_target_dag.py
[2025-05-31T19:49:33.246-0300] {processor.py:830} INFO - Processing file /home/walterg/Documentos/Data_projects/Data-Warehouse-postgres-DBT-airflow-/.venv/lib/python3.11/site-packages/airflow/example_dags/example_trigger_target_dag.py for tasks to queue
[2025-05-31T19:49:33.247-0300] {logging_mixin.py:188} INFO - [2025-05-31T19:49:33.247-0300] {dagbag.py:538} INFO - Filling up the DagBag from /home/walterg/Documentos/Data_projects/Data-Warehouse-postgres-DBT-airflow-/.venv/lib/python3.11/site-packages/airflow/example_dags/example_trigger_target_dag.py
[2025-05-31T19:49:33.252-0300] {processor.py:840} INFO - DAG(s) 'example_trigger_target_dag' retrieved from /home/walterg/Documentos/Data_projects/Data-Warehouse-postgres-DBT-airflow-/.venv/lib/python3.11/site-packages/airflow/example_dags/example_trigger_target_dag.py
[2025-05-31T19:49:33.264-0300] {logging_mixin.py:188} INFO - [2025-05-31T19:49:33.264-0300] {dag.py:3036} INFO - Sync 1 DAGs
[2025-05-31T19:49:33.271-0300] {logging_mixin.py:188} INFO - [2025-05-31T19:49:33.271-0300] {dag.py:3823} INFO - Setting next_dagrun for example_trigger_target_dag to None, run_after=None
[2025-05-31T19:49:33.286-0300] {processor.py:183} INFO - Processing /home/walterg/Documentos/Data_projects/Data-Warehouse-postgres-DBT-airflow-/.venv/lib/python3.11/site-packages/airflow/example_dags/example_trigger_target_dag.py took 0.047 seconds
[2025-05-31T19:50:20.505-0300] {processor.py:161} INFO - Started process (PID=15412) to work on /home/walterg/Documentos/Data_projects/Data-Warehouse-postgres-DBT-airflow-/.venv/lib/python3.11/site-packages/airflow/example_dags/example_trigger_target_dag.py
[2025-05-31T19:50:20.510-0300] {processor.py:830} INFO - Processing file /home/walterg/Documentos/Data_projects/Data-Warehouse-postgres-DBT-airflow-/.venv/lib/python3.11/site-packages/airflow/example_dags/example_trigger_target_dag.py for tasks to queue
[2025-05-31T19:50:20.512-0300] {logging_mixin.py:188} INFO - [2025-05-31T19:50:20.511-0300] {dagbag.py:538} INFO - Filling up the DagBag from /home/walterg/Documentos/Data_projects/Data-Warehouse-postgres-DBT-airflow-/.venv/lib/python3.11/site-packages/airflow/example_dags/example_trigger_target_dag.py
[2025-05-31T19:50:20.517-0300] {processor.py:840} INFO - DAG(s) 'example_trigger_target_dag' retrieved from /home/walterg/Documentos/Data_projects/Data-Warehouse-postgres-DBT-airflow-/.venv/lib/python3.11/site-packages/airflow/example_dags/example_trigger_target_dag.py
[2025-05-31T19:50:20.528-0300] {logging_mixin.py:188} INFO - [2025-05-31T19:50:20.528-0300] {dag.py:3036} INFO - Sync 1 DAGs
[2025-05-31T19:50:20.536-0300] {logging_mixin.py:188} INFO - [2025-05-31T19:50:20.535-0300] {dag.py:3823} INFO - Setting next_dagrun for example_trigger_target_dag to None, run_after=None
[2025-05-31T19:50:20.553-0300] {processor.py:183} INFO - Processing /home/walterg/Documentos/Data_projects/Data-Warehouse-postgres-DBT-airflow-/.venv/lib/python3.11/site-packages/airflow/example_dags/example_trigger_target_dag.py took 0.050 seconds
[2025-05-31T19:51:00.141-0300] {processor.py:161} INFO - Started process (PID=15541) to work on /home/walterg/Documentos/Data_projects/Data-Warehouse-postgres-DBT-airflow-/.venv/lib/python3.11/site-packages/airflow/example_dags/example_trigger_target_dag.py
[2025-05-31T19:51:00.146-0300] {processor.py:830} INFO - Processing file /home/walterg/Documentos/Data_projects/Data-Warehouse-postgres-DBT-airflow-/.venv/lib/python3.11/site-packages/airflow/example_dags/example_trigger_target_dag.py for tasks to queue
[2025-05-31T19:51:00.147-0300] {logging_mixin.py:188} INFO - [2025-05-31T19:51:00.147-0300] {dagbag.py:538} INFO - Filling up the DagBag from /home/walterg/Documentos/Data_projects/Data-Warehouse-postgres-DBT-airflow-/.venv/lib/python3.11/site-packages/airflow/example_dags/example_trigger_target_dag.py
[2025-05-31T19:51:00.152-0300] {processor.py:840} INFO - DAG(s) 'example_trigger_target_dag' retrieved from /home/walterg/Documentos/Data_projects/Data-Warehouse-postgres-DBT-airflow-/.venv/lib/python3.11/site-packages/airflow/example_dags/example_trigger_target_dag.py
[2025-05-31T19:51:00.164-0300] {logging_mixin.py:188} INFO - [2025-05-31T19:51:00.164-0300] {dag.py:3036} INFO - Sync 1 DAGs
[2025-05-31T19:51:00.172-0300] {logging_mixin.py:188} INFO - [2025-05-31T19:51:00.172-0300] {dag.py:3823} INFO - Setting next_dagrun for example_trigger_target_dag to None, run_after=None
[2025-05-31T19:51:00.188-0300] {processor.py:183} INFO - Processing /home/walterg/Documentos/Data_projects/Data-Warehouse-postgres-DBT-airflow-/.venv/lib/python3.11/site-packages/airflow/example_dags/example_trigger_target_dag.py took 0.049 seconds
[2025-05-31T19:51:44.415-0300] {processor.py:161} INFO - Started process (PID=15814) to work on /home/walterg/Documentos/Data_projects/Data-Warehouse-postgres-DBT-airflow-/.venv/lib/python3.11/site-packages/airflow/example_dags/example_trigger_target_dag.py
[2025-05-31T19:51:44.420-0300] {processor.py:830} INFO - Processing file /home/walterg/Documentos/Data_projects/Data-Warehouse-postgres-DBT-airflow-/.venv/lib/python3.11/site-packages/airflow/example_dags/example_trigger_target_dag.py for tasks to queue
[2025-05-31T19:51:44.421-0300] {logging_mixin.py:188} INFO - [2025-05-31T19:51:44.421-0300] {dagbag.py:538} INFO - Filling up the DagBag from /home/walterg/Documentos/Data_projects/Data-Warehouse-postgres-DBT-airflow-/.venv/lib/python3.11/site-packages/airflow/example_dags/example_trigger_target_dag.py
[2025-05-31T19:51:44.426-0300] {processor.py:840} INFO - DAG(s) 'example_trigger_target_dag' retrieved from /home/walterg/Documentos/Data_projects/Data-Warehouse-postgres-DBT-airflow-/.venv/lib/python3.11/site-packages/airflow/example_dags/example_trigger_target_dag.py
[2025-05-31T19:51:44.438-0300] {logging_mixin.py:188} INFO - [2025-05-31T19:51:44.438-0300] {dag.py:3036} INFO - Sync 1 DAGs
[2025-05-31T19:51:44.446-0300] {logging_mixin.py:188} INFO - [2025-05-31T19:51:44.446-0300] {dag.py:3823} INFO - Setting next_dagrun for example_trigger_target_dag to None, run_after=None
[2025-05-31T19:51:44.463-0300] {processor.py:183} INFO - Processing /home/walterg/Documentos/Data_projects/Data-Warehouse-postgres-DBT-airflow-/.venv/lib/python3.11/site-packages/airflow/example_dags/example_trigger_target_dag.py took 0.051 seconds
[2025-05-31T19:52:25.448-0300] {processor.py:161} INFO - Started process (PID=16010) to work on /home/walterg/Documentos/Data_projects/Data-Warehouse-postgres-DBT-airflow-/.venv/lib/python3.11/site-packages/airflow/example_dags/example_trigger_target_dag.py
[2025-05-31T19:52:25.453-0300] {processor.py:830} INFO - Processing file /home/walterg/Documentos/Data_projects/Data-Warehouse-postgres-DBT-airflow-/.venv/lib/python3.11/site-packages/airflow/example_dags/example_trigger_target_dag.py for tasks to queue
[2025-05-31T19:52:25.455-0300] {logging_mixin.py:188} INFO - [2025-05-31T19:52:25.454-0300] {dagbag.py:538} INFO - Filling up the DagBag from /home/walterg/Documentos/Data_projects/Data-Warehouse-postgres-DBT-airflow-/.venv/lib/python3.11/site-packages/airflow/example_dags/example_trigger_target_dag.py
[2025-05-31T19:52:25.460-0300] {processor.py:840} INFO - DAG(s) 'example_trigger_target_dag' retrieved from /home/walterg/Documentos/Data_projects/Data-Warehouse-postgres-DBT-airflow-/.venv/lib/python3.11/site-packages/airflow/example_dags/example_trigger_target_dag.py
[2025-05-31T19:52:25.471-0300] {logging_mixin.py:188} INFO - [2025-05-31T19:52:25.471-0300] {dag.py:3036} INFO - Sync 1 DAGs
[2025-05-31T19:52:25.479-0300] {logging_mixin.py:188} INFO - [2025-05-31T19:52:25.479-0300] {dag.py:3823} INFO - Setting next_dagrun for example_trigger_target_dag to None, run_after=None
[2025-05-31T19:52:25.495-0300] {processor.py:183} INFO - Processing /home/walterg/Documentos/Data_projects/Data-Warehouse-postgres-DBT-airflow-/.venv/lib/python3.11/site-packages/airflow/example_dags/example_trigger_target_dag.py took 0.049 seconds
[2025-05-31T19:53:10.463-0300] {processor.py:161} INFO - Started process (PID=16188) to work on /home/walterg/Documentos/Data_projects/Data-Warehouse-postgres-DBT-airflow-/.venv/lib/python3.11/site-packages/airflow/example_dags/example_trigger_target_dag.py
[2025-05-31T19:53:10.468-0300] {processor.py:830} INFO - Processing file /home/walterg/Documentos/Data_projects/Data-Warehouse-postgres-DBT-airflow-/.venv/lib/python3.11/site-packages/airflow/example_dags/example_trigger_target_dag.py for tasks to queue
[2025-05-31T19:53:10.470-0300] {logging_mixin.py:188} INFO - [2025-05-31T19:53:10.469-0300] {dagbag.py:538} INFO - Filling up the DagBag from /home/walterg/Documentos/Data_projects/Data-Warehouse-postgres-DBT-airflow-/.venv/lib/python3.11/site-packages/airflow/example_dags/example_trigger_target_dag.py
[2025-05-31T19:53:10.475-0300] {processor.py:840} INFO - DAG(s) 'example_trigger_target_dag' retrieved from /home/walterg/Documentos/Data_projects/Data-Warehouse-postgres-DBT-airflow-/.venv/lib/python3.11/site-packages/airflow/example_dags/example_trigger_target_dag.py
[2025-05-31T19:53:10.487-0300] {logging_mixin.py:188} INFO - [2025-05-31T19:53:10.487-0300] {dag.py:3036} INFO - Sync 1 DAGs
[2025-05-31T19:53:10.494-0300] {logging_mixin.py:188} INFO - [2025-05-31T19:53:10.494-0300] {dag.py:3823} INFO - Setting next_dagrun for example_trigger_target_dag to None, run_after=None
[2025-05-31T19:53:10.511-0300] {processor.py:183} INFO - Processing /home/walterg/Documentos/Data_projects/Data-Warehouse-postgres-DBT-airflow-/.venv/lib/python3.11/site-packages/airflow/example_dags/example_trigger_target_dag.py took 0.050 seconds
[2025-05-31T19:53:55.439-0300] {processor.py:161} INFO - Started process (PID=16249) to work on /home/walterg/Documentos/Data_projects/Data-Warehouse-postgres-DBT-airflow-/.venv/lib/python3.11/site-packages/airflow/example_dags/example_trigger_target_dag.py
[2025-05-31T19:53:55.444-0300] {processor.py:830} INFO - Processing file /home/walterg/Documentos/Data_projects/Data-Warehouse-postgres-DBT-airflow-/.venv/lib/python3.11/site-packages/airflow/example_dags/example_trigger_target_dag.py for tasks to queue
[2025-05-31T19:53:55.445-0300] {logging_mixin.py:188} INFO - [2025-05-31T19:53:55.444-0300] {dagbag.py:538} INFO - Filling up the DagBag from /home/walterg/Documentos/Data_projects/Data-Warehouse-postgres-DBT-airflow-/.venv/lib/python3.11/site-packages/airflow/example_dags/example_trigger_target_dag.py
[2025-05-31T19:53:55.451-0300] {processor.py:840} INFO - DAG(s) 'example_trigger_target_dag' retrieved from /home/walterg/Documentos/Data_projects/Data-Warehouse-postgres-DBT-airflow-/.venv/lib/python3.11/site-packages/airflow/example_dags/example_trigger_target_dag.py
[2025-05-31T19:53:55.466-0300] {logging_mixin.py:188} INFO - [2025-05-31T19:53:55.466-0300] {dag.py:3036} INFO - Sync 1 DAGs
[2025-05-31T19:53:55.475-0300] {logging_mixin.py:188} INFO - [2025-05-31T19:53:55.475-0300] {dag.py:3823} INFO - Setting next_dagrun for example_trigger_target_dag to None, run_after=None
[2025-05-31T19:53:55.493-0300] {processor.py:183} INFO - Processing /home/walterg/Documentos/Data_projects/Data-Warehouse-postgres-DBT-airflow-/.venv/lib/python3.11/site-packages/airflow/example_dags/example_trigger_target_dag.py took 0.056 seconds
[2025-05-31T19:54:35.645-0300] {processor.py:161} INFO - Started process (PID=16385) to work on /home/walterg/Documentos/Data_projects/Data-Warehouse-postgres-DBT-airflow-/.venv/lib/python3.11/site-packages/airflow/example_dags/example_trigger_target_dag.py
[2025-05-31T19:54:35.650-0300] {processor.py:830} INFO - Processing file /home/walterg/Documentos/Data_projects/Data-Warehouse-postgres-DBT-airflow-/.venv/lib/python3.11/site-packages/airflow/example_dags/example_trigger_target_dag.py for tasks to queue
[2025-05-31T19:54:35.651-0300] {logging_mixin.py:188} INFO - [2025-05-31T19:54:35.651-0300] {dagbag.py:538} INFO - Filling up the DagBag from /home/walterg/Documentos/Data_projects/Data-Warehouse-postgres-DBT-airflow-/.venv/lib/python3.11/site-packages/airflow/example_dags/example_trigger_target_dag.py
[2025-05-31T19:54:35.657-0300] {processor.py:840} INFO - DAG(s) 'example_trigger_target_dag' retrieved from /home/walterg/Documentos/Data_projects/Data-Warehouse-postgres-DBT-airflow-/.venv/lib/python3.11/site-packages/airflow/example_dags/example_trigger_target_dag.py
[2025-05-31T19:54:35.668-0300] {logging_mixin.py:188} INFO - [2025-05-31T19:54:35.668-0300] {dag.py:3036} INFO - Sync 1 DAGs
[2025-05-31T19:54:35.676-0300] {logging_mixin.py:188} INFO - [2025-05-31T19:54:35.676-0300] {dag.py:3823} INFO - Setting next_dagrun for example_trigger_target_dag to None, run_after=None
[2025-05-31T19:54:35.692-0300] {processor.py:183} INFO - Processing /home/walterg/Documentos/Data_projects/Data-Warehouse-postgres-DBT-airflow-/.venv/lib/python3.11/site-packages/airflow/example_dags/example_trigger_target_dag.py took 0.050 seconds
[2025-05-31T19:55:18.319-0300] {processor.py:161} INFO - Started process (PID=16566) to work on /home/walterg/Documentos/Data_projects/Data-Warehouse-postgres-DBT-airflow-/.venv/lib/python3.11/site-packages/airflow/example_dags/example_trigger_target_dag.py
[2025-05-31T19:55:18.323-0300] {processor.py:830} INFO - Processing file /home/walterg/Documentos/Data_projects/Data-Warehouse-postgres-DBT-airflow-/.venv/lib/python3.11/site-packages/airflow/example_dags/example_trigger_target_dag.py for tasks to queue
[2025-05-31T19:55:18.325-0300] {logging_mixin.py:188} INFO - [2025-05-31T19:55:18.324-0300] {dagbag.py:538} INFO - Filling up the DagBag from /home/walterg/Documentos/Data_projects/Data-Warehouse-postgres-DBT-airflow-/.venv/lib/python3.11/site-packages/airflow/example_dags/example_trigger_target_dag.py
[2025-05-31T19:55:18.331-0300] {processor.py:840} INFO - DAG(s) 'example_trigger_target_dag' retrieved from /home/walterg/Documentos/Data_projects/Data-Warehouse-postgres-DBT-airflow-/.venv/lib/python3.11/site-packages/airflow/example_dags/example_trigger_target_dag.py
[2025-05-31T19:55:18.343-0300] {logging_mixin.py:188} INFO - [2025-05-31T19:55:18.342-0300] {dag.py:3036} INFO - Sync 1 DAGs
[2025-05-31T19:55:18.350-0300] {logging_mixin.py:188} INFO - [2025-05-31T19:55:18.350-0300] {dag.py:3823} INFO - Setting next_dagrun for example_trigger_target_dag to None, run_after=None
[2025-05-31T19:55:18.367-0300] {processor.py:183} INFO - Processing /home/walterg/Documentos/Data_projects/Data-Warehouse-postgres-DBT-airflow-/.venv/lib/python3.11/site-packages/airflow/example_dags/example_trigger_target_dag.py took 0.051 seconds
[2025-05-31T19:55:53.392-0300] {processor.py:161} INFO - Started process (PID=16687) to work on /home/walterg/Documentos/Data_projects/Data-Warehouse-postgres-DBT-airflow-/.venv/lib/python3.11/site-packages/airflow/example_dags/example_trigger_target_dag.py
[2025-05-31T19:55:53.397-0300] {processor.py:830} INFO - Processing file /home/walterg/Documentos/Data_projects/Data-Warehouse-postgres-DBT-airflow-/.venv/lib/python3.11/site-packages/airflow/example_dags/example_trigger_target_dag.py for tasks to queue
[2025-05-31T19:55:53.399-0300] {logging_mixin.py:188} INFO - [2025-05-31T19:55:53.398-0300] {dagbag.py:538} INFO - Filling up the DagBag from /home/walterg/Documentos/Data_projects/Data-Warehouse-postgres-DBT-airflow-/.venv/lib/python3.11/site-packages/airflow/example_dags/example_trigger_target_dag.py
[2025-05-31T19:55:53.405-0300] {processor.py:840} INFO - DAG(s) 'example_trigger_target_dag' retrieved from /home/walterg/Documentos/Data_projects/Data-Warehouse-postgres-DBT-airflow-/.venv/lib/python3.11/site-packages/airflow/example_dags/example_trigger_target_dag.py
[2025-05-31T19:55:53.417-0300] {logging_mixin.py:188} INFO - [2025-05-31T19:55:53.416-0300] {dag.py:3036} INFO - Sync 1 DAGs
[2025-05-31T19:55:53.424-0300] {logging_mixin.py:188} INFO - [2025-05-31T19:55:53.424-0300] {dag.py:3823} INFO - Setting next_dagrun for example_trigger_target_dag to None, run_after=None
[2025-05-31T19:55:53.440-0300] {processor.py:183} INFO - Processing /home/walterg/Documentos/Data_projects/Data-Warehouse-postgres-DBT-airflow-/.venv/lib/python3.11/site-packages/airflow/example_dags/example_trigger_target_dag.py took 0.050 seconds
[2025-05-31T19:56:35.463-0300] {processor.py:161} INFO - Started process (PID=16866) to work on /home/walterg/Documentos/Data_projects/Data-Warehouse-postgres-DBT-airflow-/.venv/lib/python3.11/site-packages/airflow/example_dags/example_trigger_target_dag.py
[2025-05-31T19:56:35.468-0300] {processor.py:830} INFO - Processing file /home/walterg/Documentos/Data_projects/Data-Warehouse-postgres-DBT-airflow-/.venv/lib/python3.11/site-packages/airflow/example_dags/example_trigger_target_dag.py for tasks to queue
[2025-05-31T19:56:35.469-0300] {logging_mixin.py:188} INFO - [2025-05-31T19:56:35.469-0300] {dagbag.py:538} INFO - Filling up the DagBag from /home/walterg/Documentos/Data_projects/Data-Warehouse-postgres-DBT-airflow-/.venv/lib/python3.11/site-packages/airflow/example_dags/example_trigger_target_dag.py
[2025-05-31T19:56:35.474-0300] {processor.py:840} INFO - DAG(s) 'example_trigger_target_dag' retrieved from /home/walterg/Documentos/Data_projects/Data-Warehouse-postgres-DBT-airflow-/.venv/lib/python3.11/site-packages/airflow/example_dags/example_trigger_target_dag.py
[2025-05-31T19:56:35.487-0300] {logging_mixin.py:188} INFO - [2025-05-31T19:56:35.486-0300] {dag.py:3036} INFO - Sync 1 DAGs
[2025-05-31T19:56:35.494-0300] {logging_mixin.py:188} INFO - [2025-05-31T19:56:35.494-0300] {dag.py:3823} INFO - Setting next_dagrun for example_trigger_target_dag to None, run_after=None
[2025-05-31T19:56:35.510-0300] {processor.py:183} INFO - Processing /home/walterg/Documentos/Data_projects/Data-Warehouse-postgres-DBT-airflow-/.venv/lib/python3.11/site-packages/airflow/example_dags/example_trigger_target_dag.py took 0.050 seconds
[2025-05-31T19:57:15.578-0300] {processor.py:161} INFO - Started process (PID=17024) to work on /home/walterg/Documentos/Data_projects/Data-Warehouse-postgres-DBT-airflow-/.venv/lib/python3.11/site-packages/airflow/example_dags/example_trigger_target_dag.py
[2025-05-31T19:57:15.580-0300] {processor.py:830} INFO - Processing file /home/walterg/Documentos/Data_projects/Data-Warehouse-postgres-DBT-airflow-/.venv/lib/python3.11/site-packages/airflow/example_dags/example_trigger_target_dag.py for tasks to queue
[2025-05-31T19:57:15.580-0300] {logging_mixin.py:188} INFO - [2025-05-31T19:57:15.580-0300] {dagbag.py:538} INFO - Filling up the DagBag from /home/walterg/Documentos/Data_projects/Data-Warehouse-postgres-DBT-airflow-/.venv/lib/python3.11/site-packages/airflow/example_dags/example_trigger_target_dag.py
[2025-05-31T19:57:15.585-0300] {processor.py:840} INFO - DAG(s) 'example_trigger_target_dag' retrieved from /home/walterg/Documentos/Data_projects/Data-Warehouse-postgres-DBT-airflow-/.venv/lib/python3.11/site-packages/airflow/example_dags/example_trigger_target_dag.py
[2025-05-31T19:57:15.598-0300] {logging_mixin.py:188} INFO - [2025-05-31T19:57:15.597-0300] {dag.py:3036} INFO - Sync 1 DAGs
[2025-05-31T19:57:15.605-0300] {logging_mixin.py:188} INFO - [2025-05-31T19:57:15.605-0300] {dag.py:3823} INFO - Setting next_dagrun for example_trigger_target_dag to None, run_after=None
[2025-05-31T19:57:15.623-0300] {processor.py:183} INFO - Processing /home/walterg/Documentos/Data_projects/Data-Warehouse-postgres-DBT-airflow-/.venv/lib/python3.11/site-packages/airflow/example_dags/example_trigger_target_dag.py took 0.047 seconds
[2025-05-31T19:57:58.883-0300] {processor.py:161} INFO - Started process (PID=17101) to work on /home/walterg/Documentos/Data_projects/Data-Warehouse-postgres-DBT-airflow-/.venv/lib/python3.11/site-packages/airflow/example_dags/example_trigger_target_dag.py
[2025-05-31T19:57:58.888-0300] {processor.py:830} INFO - Processing file /home/walterg/Documentos/Data_projects/Data-Warehouse-postgres-DBT-airflow-/.venv/lib/python3.11/site-packages/airflow/example_dags/example_trigger_target_dag.py for tasks to queue
[2025-05-31T19:57:58.889-0300] {logging_mixin.py:188} INFO - [2025-05-31T19:57:58.888-0300] {dagbag.py:538} INFO - Filling up the DagBag from /home/walterg/Documentos/Data_projects/Data-Warehouse-postgres-DBT-airflow-/.venv/lib/python3.11/site-packages/airflow/example_dags/example_trigger_target_dag.py
[2025-05-31T19:57:58.894-0300] {processor.py:840} INFO - DAG(s) 'example_trigger_target_dag' retrieved from /home/walterg/Documentos/Data_projects/Data-Warehouse-postgres-DBT-airflow-/.venv/lib/python3.11/site-packages/airflow/example_dags/example_trigger_target_dag.py
[2025-05-31T19:57:58.906-0300] {logging_mixin.py:188} INFO - [2025-05-31T19:57:58.906-0300] {dag.py:3036} INFO - Sync 1 DAGs
[2025-05-31T19:57:58.914-0300] {logging_mixin.py:188} INFO - [2025-05-31T19:57:58.914-0300] {dag.py:3823} INFO - Setting next_dagrun for example_trigger_target_dag to None, run_after=None
[2025-05-31T19:57:58.931-0300] {processor.py:183} INFO - Processing /home/walterg/Documentos/Data_projects/Data-Warehouse-postgres-DBT-airflow-/.venv/lib/python3.11/site-packages/airflow/example_dags/example_trigger_target_dag.py took 0.050 seconds
[2025-05-31T19:58:41.763-0300] {processor.py:161} INFO - Started process (PID=17263) to work on /home/walterg/Documentos/Data_projects/Data-Warehouse-postgres-DBT-airflow-/.venv/lib/python3.11/site-packages/airflow/example_dags/example_trigger_target_dag.py
[2025-05-31T19:58:41.768-0300] {processor.py:830} INFO - Processing file /home/walterg/Documentos/Data_projects/Data-Warehouse-postgres-DBT-airflow-/.venv/lib/python3.11/site-packages/airflow/example_dags/example_trigger_target_dag.py for tasks to queue
[2025-05-31T19:58:41.768-0300] {logging_mixin.py:188} INFO - [2025-05-31T19:58:41.768-0300] {dagbag.py:538} INFO - Filling up the DagBag from /home/walterg/Documentos/Data_projects/Data-Warehouse-postgres-DBT-airflow-/.venv/lib/python3.11/site-packages/airflow/example_dags/example_trigger_target_dag.py
[2025-05-31T19:58:41.774-0300] {processor.py:840} INFO - DAG(s) 'example_trigger_target_dag' retrieved from /home/walterg/Documentos/Data_projects/Data-Warehouse-postgres-DBT-airflow-/.venv/lib/python3.11/site-packages/airflow/example_dags/example_trigger_target_dag.py
[2025-05-31T19:58:41.787-0300] {logging_mixin.py:188} INFO - [2025-05-31T19:58:41.787-0300] {dag.py:3036} INFO - Sync 1 DAGs
[2025-05-31T19:58:41.794-0300] {logging_mixin.py:188} INFO - [2025-05-31T19:58:41.794-0300] {dag.py:3823} INFO - Setting next_dagrun for example_trigger_target_dag to None, run_after=None
[2025-05-31T19:58:41.811-0300] {processor.py:183} INFO - Processing /home/walterg/Documentos/Data_projects/Data-Warehouse-postgres-DBT-airflow-/.venv/lib/python3.11/site-packages/airflow/example_dags/example_trigger_target_dag.py took 0.051 seconds
[2025-05-31T19:59:24.312-0300] {processor.py:161} INFO - Started process (PID=17529) to work on /home/walterg/Documentos/Data_projects/Data-Warehouse-postgres-DBT-airflow-/.venv/lib/python3.11/site-packages/airflow/example_dags/example_trigger_target_dag.py
[2025-05-31T19:59:24.317-0300] {processor.py:830} INFO - Processing file /home/walterg/Documentos/Data_projects/Data-Warehouse-postgres-DBT-airflow-/.venv/lib/python3.11/site-packages/airflow/example_dags/example_trigger_target_dag.py for tasks to queue
[2025-05-31T19:59:24.318-0300] {logging_mixin.py:188} INFO - [2025-05-31T19:59:24.317-0300] {dagbag.py:538} INFO - Filling up the DagBag from /home/walterg/Documentos/Data_projects/Data-Warehouse-postgres-DBT-airflow-/.venv/lib/python3.11/site-packages/airflow/example_dags/example_trigger_target_dag.py
[2025-05-31T19:59:24.322-0300] {processor.py:840} INFO - DAG(s) 'example_trigger_target_dag' retrieved from /home/walterg/Documentos/Data_projects/Data-Warehouse-postgres-DBT-airflow-/.venv/lib/python3.11/site-packages/airflow/example_dags/example_trigger_target_dag.py
[2025-05-31T19:59:24.334-0300] {logging_mixin.py:188} INFO - [2025-05-31T19:59:24.334-0300] {dag.py:3036} INFO - Sync 1 DAGs
[2025-05-31T19:59:24.342-0300] {logging_mixin.py:188} INFO - [2025-05-31T19:59:24.342-0300] {dag.py:3823} INFO - Setting next_dagrun for example_trigger_target_dag to None, run_after=None
[2025-05-31T19:59:24.358-0300] {processor.py:183} INFO - Processing /home/walterg/Documentos/Data_projects/Data-Warehouse-postgres-DBT-airflow-/.venv/lib/python3.11/site-packages/airflow/example_dags/example_trigger_target_dag.py took 0.049 seconds
[2025-05-31T20:00:08.467-0300] {processor.py:161} INFO - Started process (PID=17712) to work on /home/walterg/Documentos/Data_projects/Data-Warehouse-postgres-DBT-airflow-/.venv/lib/python3.11/site-packages/airflow/example_dags/example_trigger_target_dag.py
[2025-05-31T20:00:08.472-0300] {processor.py:830} INFO - Processing file /home/walterg/Documentos/Data_projects/Data-Warehouse-postgres-DBT-airflow-/.venv/lib/python3.11/site-packages/airflow/example_dags/example_trigger_target_dag.py for tasks to queue
[2025-05-31T20:00:08.473-0300] {logging_mixin.py:188} INFO - [2025-05-31T20:00:08.473-0300] {dagbag.py:538} INFO - Filling up the DagBag from /home/walterg/Documentos/Data_projects/Data-Warehouse-postgres-DBT-airflow-/.venv/lib/python3.11/site-packages/airflow/example_dags/example_trigger_target_dag.py
[2025-05-31T20:00:08.478-0300] {processor.py:840} INFO - DAG(s) 'example_trigger_target_dag' retrieved from /home/walterg/Documentos/Data_projects/Data-Warehouse-postgres-DBT-airflow-/.venv/lib/python3.11/site-packages/airflow/example_dags/example_trigger_target_dag.py
[2025-05-31T20:00:08.491-0300] {logging_mixin.py:188} INFO - [2025-05-31T20:00:08.490-0300] {dag.py:3036} INFO - Sync 1 DAGs
[2025-05-31T20:00:08.498-0300] {logging_mixin.py:188} INFO - [2025-05-31T20:00:08.498-0300] {dag.py:3823} INFO - Setting next_dagrun for example_trigger_target_dag to None, run_after=None
[2025-05-31T20:00:08.516-0300] {processor.py:183} INFO - Processing /home/walterg/Documentos/Data_projects/Data-Warehouse-postgres-DBT-airflow-/.venv/lib/python3.11/site-packages/airflow/example_dags/example_trigger_target_dag.py took 0.051 seconds
