[2025-05-31T19:30:27.300-0300] {processor.py:161} INFO - Started process (PID=9809) to work on /home/walterg/Documentos/Data_projects/Data-Warehouse-postgres-DBT-airflow-/.venv/lib/python3.11/site-packages/airflow/example_dags/example_params_trigger_ui.py
[2025-05-31T19:30:27.301-0300] {processor.py:830} INFO - Processing file /home/walterg/Documentos/Data_projects/Data-Warehouse-postgres-DBT-airflow-/.venv/lib/python3.11/site-packages/airflow/example_dags/example_params_trigger_ui.py for tasks to queue
[2025-05-31T19:30:27.302-0300] {logging_mixin.py:188} INFO - [2025-05-31T19:30:27.301-0300] {dagbag.py:538} INFO - Filling up the DagBag from /home/walterg/Documentos/Data_projects/Data-Warehouse-postgres-DBT-airflow-/.venv/lib/python3.11/site-packages/airflow/example_dags/example_params_trigger_ui.py
[2025-05-31T19:30:27.313-0300] {processor.py:840} INFO - DAG(s) 'example_params_trigger_ui' retrieved from /home/walterg/Documentos/Data_projects/Data-Warehouse-postgres-DBT-airflow-/.venv/lib/python3.11/site-packages/airflow/example_dags/example_params_trigger_ui.py
[2025-05-31T19:30:27.405-0300] {logging_mixin.py:188} INFO - [2025-05-31T19:30:27.404-0300] {override.py:1769} INFO - Created Permission View: can edit on DAG:example_params_trigger_ui
[2025-05-31T19:30:27.435-0300] {logging_mixin.py:188} INFO - [2025-05-31T19:30:27.435-0300] {override.py:1769} INFO - Created Permission View: can read on DAG:example_params_trigger_ui
[2025-05-31T19:30:27.442-0300] {logging_mixin.py:188} INFO - [2025-05-31T19:30:27.442-0300] {override.py:1769} INFO - Created Permission View: can delete on DAG:example_params_trigger_ui
[2025-05-31T19:30:27.442-0300] {logging_mixin.py:188} INFO - [2025-05-31T19:30:27.442-0300] {dag.py:3036} INFO - Sync 1 DAGs
[2025-05-31T19:30:27.449-0300] {logging_mixin.py:188} INFO - [2025-05-31T19:30:27.449-0300] {dag.py:3058} INFO - Creating ORM DAG for example_params_trigger_ui
[2025-05-31T19:30:27.450-0300] {logging_mixin.py:188} INFO - [2025-05-31T19:30:27.450-0300] {dag.py:3823} INFO - Setting next_dagrun for example_params_trigger_ui to None, run_after=None
[2025-05-31T19:30:27.467-0300] {processor.py:183} INFO - Processing /home/walterg/Documentos/Data_projects/Data-Warehouse-postgres-DBT-airflow-/.venv/lib/python3.11/site-packages/airflow/example_dags/example_params_trigger_ui.py took 0.169 seconds
[2025-05-31T19:31:14.704-0300] {processor.py:161} INFO - Started process (PID=9999) to work on /home/walterg/Documentos/Data_projects/Data-Warehouse-postgres-DBT-airflow-/.venv/lib/python3.11/site-packages/airflow/example_dags/example_params_trigger_ui.py
[2025-05-31T19:31:14.709-0300] {processor.py:830} INFO - Processing file /home/walterg/Documentos/Data_projects/Data-Warehouse-postgres-DBT-airflow-/.venv/lib/python3.11/site-packages/airflow/example_dags/example_params_trigger_ui.py for tasks to queue
[2025-05-31T19:31:14.710-0300] {logging_mixin.py:188} INFO - [2025-05-31T19:31:14.709-0300] {dagbag.py:538} INFO - Filling up the DagBag from /home/walterg/Documentos/Data_projects/Data-Warehouse-postgres-DBT-airflow-/.venv/lib/python3.11/site-packages/airflow/example_dags/example_params_trigger_ui.py
[2025-05-31T19:31:14.723-0300] {processor.py:840} INFO - DAG(s) 'example_params_trigger_ui' retrieved from /home/walterg/Documentos/Data_projects/Data-Warehouse-postgres-DBT-airflow-/.venv/lib/python3.11/site-packages/airflow/example_dags/example_params_trigger_ui.py
[2025-05-31T19:31:14.751-0300] {logging_mixin.py:188} INFO - [2025-05-31T19:31:14.751-0300] {dag.py:3036} INFO - Sync 1 DAGs
[2025-05-31T19:31:14.759-0300] {logging_mixin.py:188} INFO - [2025-05-31T19:31:14.759-0300] {dag.py:3823} INFO - Setting next_dagrun for example_params_trigger_ui to None, run_after=None
[2025-05-31T19:31:14.778-0300] {processor.py:183} INFO - Processing /home/walterg/Documentos/Data_projects/Data-Warehouse-postgres-DBT-airflow-/.venv/lib/python3.11/site-packages/airflow/example_dags/example_params_trigger_ui.py took 0.077 seconds
[2025-05-31T19:41:34.132-0300] {processor.py:161} INFO - Started process (PID=12391) to work on /home/walterg/Documentos/Data_projects/Data-Warehouse-postgres-DBT-airflow-/.venv/lib/python3.11/site-packages/airflow/example_dags/example_params_trigger_ui.py
[2025-05-31T19:41:34.137-0300] {processor.py:830} INFO - Processing file /home/walterg/Documentos/Data_projects/Data-Warehouse-postgres-DBT-airflow-/.venv/lib/python3.11/site-packages/airflow/example_dags/example_params_trigger_ui.py for tasks to queue
[2025-05-31T19:41:34.139-0300] {logging_mixin.py:188} INFO - [2025-05-31T19:41:34.138-0300] {dagbag.py:538} INFO - Filling up the DagBag from /home/walterg/Documentos/Data_projects/Data-Warehouse-postgres-DBT-airflow-/.venv/lib/python3.11/site-packages/airflow/example_dags/example_params_trigger_ui.py
[2025-05-31T19:41:34.154-0300] {processor.py:840} INFO - DAG(s) 'example_params_trigger_ui' retrieved from /home/walterg/Documentos/Data_projects/Data-Warehouse-postgres-DBT-airflow-/.venv/lib/python3.11/site-packages/airflow/example_dags/example_params_trigger_ui.py
[2025-05-31T19:41:34.255-0300] {logging_mixin.py:188} INFO - [2025-05-31T19:41:34.255-0300] {dag.py:3036} INFO - Sync 1 DAGs
[2025-05-31T19:41:34.281-0300] {logging_mixin.py:188} INFO - [2025-05-31T19:41:34.281-0300] {dag.py:3823} INFO - Setting next_dagrun for example_params_trigger_ui to None, run_after=None
[2025-05-31T19:41:34.328-0300] {processor.py:183} INFO - Processing /home/walterg/Documentos/Data_projects/Data-Warehouse-postgres-DBT-airflow-/.venv/lib/python3.11/site-packages/airflow/example_dags/example_params_trigger_ui.py took 0.199 seconds
[2025-05-31T19:42:30.975-0300] {processor.py:161} INFO - Started process (PID=12739) to work on /home/walterg/Documentos/Data_projects/Data-Warehouse-postgres-DBT-airflow-/.venv/lib/python3.11/site-packages/airflow/example_dags/example_params_trigger_ui.py
[2025-05-31T19:42:30.980-0300] {processor.py:830} INFO - Processing file /home/walterg/Documentos/Data_projects/Data-Warehouse-postgres-DBT-airflow-/.venv/lib/python3.11/site-packages/airflow/example_dags/example_params_trigger_ui.py for tasks to queue
[2025-05-31T19:42:30.982-0300] {logging_mixin.py:188} INFO - [2025-05-31T19:42:30.981-0300] {dagbag.py:538} INFO - Filling up the DagBag from /home/walterg/Documentos/Data_projects/Data-Warehouse-postgres-DBT-airflow-/.venv/lib/python3.11/site-packages/airflow/example_dags/example_params_trigger_ui.py
[2025-05-31T19:42:30.993-0300] {processor.py:840} INFO - DAG(s) 'example_params_trigger_ui' retrieved from /home/walterg/Documentos/Data_projects/Data-Warehouse-postgres-DBT-airflow-/.venv/lib/python3.11/site-packages/airflow/example_dags/example_params_trigger_ui.py
[2025-05-31T19:42:31.017-0300] {logging_mixin.py:188} INFO - [2025-05-31T19:42:31.017-0300] {dag.py:3036} INFO - Sync 1 DAGs
[2025-05-31T19:42:31.025-0300] {logging_mixin.py:188} INFO - [2025-05-31T19:42:31.025-0300] {dag.py:3823} INFO - Setting next_dagrun for example_params_trigger_ui to None, run_after=None
[2025-05-31T19:42:31.044-0300] {processor.py:183} INFO - Processing /home/walterg/Documentos/Data_projects/Data-Warehouse-postgres-DBT-airflow-/.venv/lib/python3.11/site-packages/airflow/example_dags/example_params_trigger_ui.py took 0.072 seconds
[2025-05-31T19:43:18.260-0300] {processor.py:161} INFO - Started process (PID=13009) to work on /home/walterg/Documentos/Data_projects/Data-Warehouse-postgres-DBT-airflow-/.venv/lib/python3.11/site-packages/airflow/example_dags/example_params_trigger_ui.py
[2025-05-31T19:43:18.265-0300] {processor.py:830} INFO - Processing file /home/walterg/Documentos/Data_projects/Data-Warehouse-postgres-DBT-airflow-/.venv/lib/python3.11/site-packages/airflow/example_dags/example_params_trigger_ui.py for tasks to queue
[2025-05-31T19:43:18.265-0300] {logging_mixin.py:188} INFO - [2025-05-31T19:43:18.265-0300] {dagbag.py:538} INFO - Filling up the DagBag from /home/walterg/Documentos/Data_projects/Data-Warehouse-postgres-DBT-airflow-/.venv/lib/python3.11/site-packages/airflow/example_dags/example_params_trigger_ui.py
[2025-05-31T19:43:18.277-0300] {processor.py:840} INFO - DAG(s) 'example_params_trigger_ui' retrieved from /home/walterg/Documentos/Data_projects/Data-Warehouse-postgres-DBT-airflow-/.venv/lib/python3.11/site-packages/airflow/example_dags/example_params_trigger_ui.py
[2025-05-31T19:43:18.300-0300] {logging_mixin.py:188} INFO - [2025-05-31T19:43:18.300-0300] {dag.py:3036} INFO - Sync 1 DAGs
[2025-05-31T19:43:18.308-0300] {logging_mixin.py:188} INFO - [2025-05-31T19:43:18.307-0300] {dag.py:3823} INFO - Setting next_dagrun for example_params_trigger_ui to None, run_after=None
[2025-05-31T19:43:18.325-0300] {processor.py:183} INFO - Processing /home/walterg/Documentos/Data_projects/Data-Warehouse-postgres-DBT-airflow-/.venv/lib/python3.11/site-packages/airflow/example_dags/example_params_trigger_ui.py took 0.068 seconds
[2025-05-31T19:44:18.181-0300] {processor.py:161} INFO - Started process (PID=13464) to work on /home/walterg/Documentos/Data_projects/Data-Warehouse-postgres-DBT-airflow-/.venv/lib/python3.11/site-packages/airflow/example_dags/example_params_trigger_ui.py
[2025-05-31T19:44:18.186-0300] {processor.py:830} INFO - Processing file /home/walterg/Documentos/Data_projects/Data-Warehouse-postgres-DBT-airflow-/.venv/lib/python3.11/site-packages/airflow/example_dags/example_params_trigger_ui.py for tasks to queue
[2025-05-31T19:44:18.187-0300] {logging_mixin.py:188} INFO - [2025-05-31T19:44:18.187-0300] {dagbag.py:538} INFO - Filling up the DagBag from /home/walterg/Documentos/Data_projects/Data-Warehouse-postgres-DBT-airflow-/.venv/lib/python3.11/site-packages/airflow/example_dags/example_params_trigger_ui.py
[2025-05-31T19:44:18.199-0300] {processor.py:840} INFO - DAG(s) 'example_params_trigger_ui' retrieved from /home/walterg/Documentos/Data_projects/Data-Warehouse-postgres-DBT-airflow-/.venv/lib/python3.11/site-packages/airflow/example_dags/example_params_trigger_ui.py
[2025-05-31T19:44:18.223-0300] {logging_mixin.py:188} INFO - [2025-05-31T19:44:18.223-0300] {dag.py:3036} INFO - Sync 1 DAGs
[2025-05-31T19:44:18.231-0300] {logging_mixin.py:188} INFO - [2025-05-31T19:44:18.231-0300] {dag.py:3823} INFO - Setting next_dagrun for example_params_trigger_ui to None, run_after=None
[2025-05-31T19:44:18.248-0300] {processor.py:183} INFO - Processing /home/walterg/Documentos/Data_projects/Data-Warehouse-postgres-DBT-airflow-/.venv/lib/python3.11/site-packages/airflow/example_dags/example_params_trigger_ui.py took 0.070 seconds
[2025-05-31T19:45:27.245-0300] {processor.py:161} INFO - Started process (PID=13843) to work on /home/walterg/Documentos/Data_projects/Data-Warehouse-postgres-DBT-airflow-/.venv/lib/python3.11/site-packages/airflow/example_dags/example_params_trigger_ui.py
[2025-05-31T19:45:27.250-0300] {processor.py:830} INFO - Processing file /home/walterg/Documentos/Data_projects/Data-Warehouse-postgres-DBT-airflow-/.venv/lib/python3.11/site-packages/airflow/example_dags/example_params_trigger_ui.py for tasks to queue
[2025-05-31T19:45:27.250-0300] {logging_mixin.py:188} INFO - [2025-05-31T19:45:27.250-0300] {dagbag.py:538} INFO - Filling up the DagBag from /home/walterg/Documentos/Data_projects/Data-Warehouse-postgres-DBT-airflow-/.venv/lib/python3.11/site-packages/airflow/example_dags/example_params_trigger_ui.py
[2025-05-31T19:45:27.266-0300] {processor.py:840} INFO - DAG(s) 'example_params_trigger_ui' retrieved from /home/walterg/Documentos/Data_projects/Data-Warehouse-postgres-DBT-airflow-/.venv/lib/python3.11/site-packages/airflow/example_dags/example_params_trigger_ui.py
[2025-05-31T19:45:27.293-0300] {logging_mixin.py:188} INFO - [2025-05-31T19:45:27.293-0300] {dag.py:3036} INFO - Sync 1 DAGs
[2025-05-31T19:45:27.301-0300] {logging_mixin.py:188} INFO - [2025-05-31T19:45:27.301-0300] {dag.py:3823} INFO - Setting next_dagrun for example_params_trigger_ui to None, run_after=None
[2025-05-31T19:45:27.319-0300] {processor.py:183} INFO - Processing /home/walterg/Documentos/Data_projects/Data-Warehouse-postgres-DBT-airflow-/.venv/lib/python3.11/site-packages/airflow/example_dags/example_params_trigger_ui.py took 0.077 seconds
[2025-05-31T19:46:24.835-0300] {processor.py:161} INFO - Started process (PID=14091) to work on /home/walterg/Documentos/Data_projects/Data-Warehouse-postgres-DBT-airflow-/.venv/lib/python3.11/site-packages/airflow/example_dags/example_params_trigger_ui.py
[2025-05-31T19:46:24.840-0300] {processor.py:830} INFO - Processing file /home/walterg/Documentos/Data_projects/Data-Warehouse-postgres-DBT-airflow-/.venv/lib/python3.11/site-packages/airflow/example_dags/example_params_trigger_ui.py for tasks to queue
[2025-05-31T19:46:24.841-0300] {logging_mixin.py:188} INFO - [2025-05-31T19:46:24.840-0300] {dagbag.py:538} INFO - Filling up the DagBag from /home/walterg/Documentos/Data_projects/Data-Warehouse-postgres-DBT-airflow-/.venv/lib/python3.11/site-packages/airflow/example_dags/example_params_trigger_ui.py
[2025-05-31T19:46:24.853-0300] {processor.py:840} INFO - DAG(s) 'example_params_trigger_ui' retrieved from /home/walterg/Documentos/Data_projects/Data-Warehouse-postgres-DBT-airflow-/.venv/lib/python3.11/site-packages/airflow/example_dags/example_params_trigger_ui.py
[2025-05-31T19:46:24.877-0300] {logging_mixin.py:188} INFO - [2025-05-31T19:46:24.877-0300] {dag.py:3036} INFO - Sync 1 DAGs
[2025-05-31T19:46:24.884-0300] {logging_mixin.py:188} INFO - [2025-05-31T19:46:24.884-0300] {dag.py:3823} INFO - Setting next_dagrun for example_params_trigger_ui to None, run_after=None
[2025-05-31T19:46:24.899-0300] {processor.py:183} INFO - Processing /home/walterg/Documentos/Data_projects/Data-Warehouse-postgres-DBT-airflow-/.venv/lib/python3.11/site-packages/airflow/example_dags/example_params_trigger_ui.py took 0.067 seconds
[2025-05-31T19:47:24.402-0300] {processor.py:161} INFO - Started process (PID=14337) to work on /home/walterg/Documentos/Data_projects/Data-Warehouse-postgres-DBT-airflow-/.venv/lib/python3.11/site-packages/airflow/example_dags/example_params_trigger_ui.py
[2025-05-31T19:47:24.407-0300] {processor.py:830} INFO - Processing file /home/walterg/Documentos/Data_projects/Data-Warehouse-postgres-DBT-airflow-/.venv/lib/python3.11/site-packages/airflow/example_dags/example_params_trigger_ui.py for tasks to queue
[2025-05-31T19:47:24.408-0300] {logging_mixin.py:188} INFO - [2025-05-31T19:47:24.408-0300] {dagbag.py:538} INFO - Filling up the DagBag from /home/walterg/Documentos/Data_projects/Data-Warehouse-postgres-DBT-airflow-/.venv/lib/python3.11/site-packages/airflow/example_dags/example_params_trigger_ui.py
[2025-05-31T19:47:24.420-0300] {processor.py:840} INFO - DAG(s) 'example_params_trigger_ui' retrieved from /home/walterg/Documentos/Data_projects/Data-Warehouse-postgres-DBT-airflow-/.venv/lib/python3.11/site-packages/airflow/example_dags/example_params_trigger_ui.py
[2025-05-31T19:47:24.445-0300] {logging_mixin.py:188} INFO - [2025-05-31T19:47:24.445-0300] {dag.py:3036} INFO - Sync 1 DAGs
[2025-05-31T19:47:24.453-0300] {logging_mixin.py:188} INFO - [2025-05-31T19:47:24.452-0300] {dag.py:3823} INFO - Setting next_dagrun for example_params_trigger_ui to None, run_after=None
[2025-05-31T19:47:24.470-0300] {processor.py:183} INFO - Processing /home/walterg/Documentos/Data_projects/Data-Warehouse-postgres-DBT-airflow-/.venv/lib/python3.11/site-packages/airflow/example_dags/example_params_trigger_ui.py took 0.071 seconds
[2025-05-31T19:48:28.465-0300] {processor.py:161} INFO - Started process (PID=14699) to work on /home/walterg/Documentos/Data_projects/Data-Warehouse-postgres-DBT-airflow-/.venv/lib/python3.11/site-packages/airflow/example_dags/example_params_trigger_ui.py
[2025-05-31T19:48:28.470-0300] {processor.py:830} INFO - Processing file /home/walterg/Documentos/Data_projects/Data-Warehouse-postgres-DBT-airflow-/.venv/lib/python3.11/site-packages/airflow/example_dags/example_params_trigger_ui.py for tasks to queue
[2025-05-31T19:48:28.471-0300] {logging_mixin.py:188} INFO - [2025-05-31T19:48:28.471-0300] {dagbag.py:538} INFO - Filling up the DagBag from /home/walterg/Documentos/Data_projects/Data-Warehouse-postgres-DBT-airflow-/.venv/lib/python3.11/site-packages/airflow/example_dags/example_params_trigger_ui.py
[2025-05-31T19:48:28.483-0300] {processor.py:840} INFO - DAG(s) 'example_params_trigger_ui' retrieved from /home/walterg/Documentos/Data_projects/Data-Warehouse-postgres-DBT-airflow-/.venv/lib/python3.11/site-packages/airflow/example_dags/example_params_trigger_ui.py
[2025-05-31T19:48:28.512-0300] {logging_mixin.py:188} INFO - [2025-05-31T19:48:28.512-0300] {dag.py:3036} INFO - Sync 1 DAGs
[2025-05-31T19:48:28.519-0300] {logging_mixin.py:188} INFO - [2025-05-31T19:48:28.519-0300] {dag.py:3823} INFO - Setting next_dagrun for example_params_trigger_ui to None, run_after=None
[2025-05-31T19:48:28.537-0300] {processor.py:183} INFO - Processing /home/walterg/Documentos/Data_projects/Data-Warehouse-postgres-DBT-airflow-/.venv/lib/python3.11/site-packages/airflow/example_dags/example_params_trigger_ui.py took 0.074 seconds
