[2025-05-31T19:30:22.456-0300] {processor.py:161} INFO - Started process (PID=9805) to work on /home/walterg/Documentos/Data_projects/Data-Warehouse-postgres-DBT-airflow-/.venv/lib/python3.11/site-packages/airflow/example_dags/example_nested_branch_dag.py
[2025-05-31T19:30:22.456-0300] {processor.py:830} INFO - Processing file /home/walterg/Documentos/Data_projects/Data-Warehouse-postgres-DBT-airflow-/.venv/lib/python3.11/site-packages/airflow/example_dags/example_nested_branch_dag.py for tasks to queue
[2025-05-31T19:30:22.457-0300] {logging_mixin.py:188} INFO - [2025-05-31T19:30:22.457-0300] {dagbag.py:538} INFO - Filling up the DagBag from /home/walterg/Documentos/Data_projects/Data-Warehouse-postgres-DBT-airflow-/.venv/lib/python3.11/site-packages/airflow/example_dags/example_nested_branch_dag.py
[2025-05-31T19:30:22.465-0300] {processor.py:840} INFO - DAG(s) 'example_nested_branch_dag' retrieved from /home/walterg/Documentos/Data_projects/Data-Warehouse-postgres-DBT-airflow-/.venv/lib/python3.11/site-packages/airflow/example_dags/example_nested_branch_dag.py
[2025-05-31T19:30:22.545-0300] {logging_mixin.py:188} INFO - [2025-05-31T19:30:22.544-0300] {override.py:1769} INFO - Created Permission View: can edit on DAG:example_nested_branch_dag
[2025-05-31T19:30:22.554-0300] {logging_mixin.py:188} INFO - [2025-05-31T19:30:22.554-0300] {override.py:1769} INFO - Created Permission View: can read on DAG:example_nested_branch_dag
[2025-05-31T19:30:22.562-0300] {logging_mixin.py:188} INFO - [2025-05-31T19:30:22.561-0300] {override.py:1769} INFO - Created Permission View: can delete on DAG:example_nested_branch_dag
[2025-05-31T19:30:22.562-0300] {logging_mixin.py:188} INFO - [2025-05-31T19:30:22.562-0300] {dag.py:3036} INFO - Sync 1 DAGs
[2025-05-31T19:30:22.568-0300] {logging_mixin.py:188} INFO - [2025-05-31T19:30:22.568-0300] {dag.py:3058} INFO - Creating ORM DAG for example_nested_branch_dag
[2025-05-31T19:30:22.575-0300] {logging_mixin.py:188} INFO - [2025-05-31T19:30:22.574-0300] {dag.py:3823} INFO - Setting next_dagrun for example_nested_branch_dag to 2025-05-30 00:00:00+00:00, run_after=2025-05-31 00:00:00+00:00
[2025-05-31T19:30:22.590-0300] {processor.py:183} INFO - Processing /home/walterg/Documentos/Data_projects/Data-Warehouse-postgres-DBT-airflow-/.venv/lib/python3.11/site-packages/airflow/example_dags/example_nested_branch_dag.py took 0.137 seconds
[2025-05-31T19:31:10.703-0300] {processor.py:161} INFO - Started process (PID=9988) to work on /home/walterg/Documentos/Data_projects/Data-Warehouse-postgres-DBT-airflow-/.venv/lib/python3.11/site-packages/airflow/example_dags/example_nested_branch_dag.py
[2025-05-31T19:31:10.708-0300] {processor.py:830} INFO - Processing file /home/walterg/Documentos/Data_projects/Data-Warehouse-postgres-DBT-airflow-/.venv/lib/python3.11/site-packages/airflow/example_dags/example_nested_branch_dag.py for tasks to queue
[2025-05-31T19:31:10.710-0300] {logging_mixin.py:188} INFO - [2025-05-31T19:31:10.709-0300] {dagbag.py:538} INFO - Filling up the DagBag from /home/walterg/Documentos/Data_projects/Data-Warehouse-postgres-DBT-airflow-/.venv/lib/python3.11/site-packages/airflow/example_dags/example_nested_branch_dag.py
[2025-05-31T19:31:10.719-0300] {processor.py:840} INFO - DAG(s) 'example_nested_branch_dag' retrieved from /home/walterg/Documentos/Data_projects/Data-Warehouse-postgres-DBT-airflow-/.venv/lib/python3.11/site-packages/airflow/example_dags/example_nested_branch_dag.py
[2025-05-31T19:31:10.733-0300] {logging_mixin.py:188} INFO - [2025-05-31T19:31:10.732-0300] {dag.py:3036} INFO - Sync 1 DAGs
[2025-05-31T19:31:10.747-0300] {logging_mixin.py:188} INFO - [2025-05-31T19:31:10.747-0300] {dag.py:3823} INFO - Setting next_dagrun for example_nested_branch_dag to 2025-05-30 00:00:00+00:00, run_after=2025-05-31 00:00:00+00:00
[2025-05-31T19:31:10.763-0300] {processor.py:183} INFO - Processing /home/walterg/Documentos/Data_projects/Data-Warehouse-postgres-DBT-airflow-/.venv/lib/python3.11/site-packages/airflow/example_dags/example_nested_branch_dag.py took 0.063 seconds
[2025-05-31T19:41:30.218-0300] {processor.py:161} INFO - Started process (PID=12378) to work on /home/walterg/Documentos/Data_projects/Data-Warehouse-postgres-DBT-airflow-/.venv/lib/python3.11/site-packages/airflow/example_dags/example_nested_branch_dag.py
[2025-05-31T19:41:30.223-0300] {processor.py:830} INFO - Processing file /home/walterg/Documentos/Data_projects/Data-Warehouse-postgres-DBT-airflow-/.venv/lib/python3.11/site-packages/airflow/example_dags/example_nested_branch_dag.py for tasks to queue
[2025-05-31T19:41:30.224-0300] {logging_mixin.py:188} INFO - [2025-05-31T19:41:30.223-0300] {dagbag.py:538} INFO - Filling up the DagBag from /home/walterg/Documentos/Data_projects/Data-Warehouse-postgres-DBT-airflow-/.venv/lib/python3.11/site-packages/airflow/example_dags/example_nested_branch_dag.py
[2025-05-31T19:41:30.232-0300] {processor.py:840} INFO - DAG(s) 'example_nested_branch_dag' retrieved from /home/walterg/Documentos/Data_projects/Data-Warehouse-postgres-DBT-airflow-/.venv/lib/python3.11/site-packages/airflow/example_dags/example_nested_branch_dag.py
[2025-05-31T19:41:30.299-0300] {logging_mixin.py:188} INFO - [2025-05-31T19:41:30.299-0300] {dag.py:3036} INFO - Sync 1 DAGs
[2025-05-31T19:41:30.310-0300] {logging_mixin.py:188} INFO - [2025-05-31T19:41:30.310-0300] {dag.py:3823} INFO - Setting next_dagrun for example_nested_branch_dag to 2025-05-30 00:00:00+00:00, run_after=2025-05-31 00:00:00+00:00
[2025-05-31T19:41:30.327-0300] {processor.py:183} INFO - Processing /home/walterg/Documentos/Data_projects/Data-Warehouse-postgres-DBT-airflow-/.venv/lib/python3.11/site-packages/airflow/example_dags/example_nested_branch_dag.py took 0.112 seconds
[2025-05-31T19:42:26.413-0300] {processor.py:161} INFO - Started process (PID=12714) to work on /home/walterg/Documentos/Data_projects/Data-Warehouse-postgres-DBT-airflow-/.venv/lib/python3.11/site-packages/airflow/example_dags/example_nested_branch_dag.py
[2025-05-31T19:42:26.418-0300] {processor.py:830} INFO - Processing file /home/walterg/Documentos/Data_projects/Data-Warehouse-postgres-DBT-airflow-/.venv/lib/python3.11/site-packages/airflow/example_dags/example_nested_branch_dag.py for tasks to queue
[2025-05-31T19:42:26.419-0300] {logging_mixin.py:188} INFO - [2025-05-31T19:42:26.419-0300] {dagbag.py:538} INFO - Filling up the DagBag from /home/walterg/Documentos/Data_projects/Data-Warehouse-postgres-DBT-airflow-/.venv/lib/python3.11/site-packages/airflow/example_dags/example_nested_branch_dag.py
[2025-05-31T19:42:26.427-0300] {processor.py:840} INFO - DAG(s) 'example_nested_branch_dag' retrieved from /home/walterg/Documentos/Data_projects/Data-Warehouse-postgres-DBT-airflow-/.venv/lib/python3.11/site-packages/airflow/example_dags/example_nested_branch_dag.py
[2025-05-31T19:42:26.440-0300] {logging_mixin.py:188} INFO - [2025-05-31T19:42:26.440-0300] {dag.py:3036} INFO - Sync 1 DAGs
[2025-05-31T19:42:26.454-0300] {logging_mixin.py:188} INFO - [2025-05-31T19:42:26.454-0300] {dag.py:3823} INFO - Setting next_dagrun for example_nested_branch_dag to 2025-05-30 00:00:00+00:00, run_after=2025-05-31 00:00:00+00:00
[2025-05-31T19:42:26.470-0300] {processor.py:183} INFO - Processing /home/walterg/Documentos/Data_projects/Data-Warehouse-postgres-DBT-airflow-/.venv/lib/python3.11/site-packages/airflow/example_dags/example_nested_branch_dag.py took 0.059 seconds
[2025-05-31T19:43:14.099-0300] {processor.py:161} INFO - Started process (PID=13001) to work on /home/walterg/Documentos/Data_projects/Data-Warehouse-postgres-DBT-airflow-/.venv/lib/python3.11/site-packages/airflow/example_dags/example_nested_branch_dag.py
[2025-05-31T19:43:14.100-0300] {processor.py:830} INFO - Processing file /home/walterg/Documentos/Data_projects/Data-Warehouse-postgres-DBT-airflow-/.venv/lib/python3.11/site-packages/airflow/example_dags/example_nested_branch_dag.py for tasks to queue
[2025-05-31T19:43:14.100-0300] {logging_mixin.py:188} INFO - [2025-05-31T19:43:14.100-0300] {dagbag.py:538} INFO - Filling up the DagBag from /home/walterg/Documentos/Data_projects/Data-Warehouse-postgres-DBT-airflow-/.venv/lib/python3.11/site-packages/airflow/example_dags/example_nested_branch_dag.py
[2025-05-31T19:43:14.109-0300] {processor.py:840} INFO - DAG(s) 'example_nested_branch_dag' retrieved from /home/walterg/Documentos/Data_projects/Data-Warehouse-postgres-DBT-airflow-/.venv/lib/python3.11/site-packages/airflow/example_dags/example_nested_branch_dag.py
[2025-05-31T19:43:14.122-0300] {logging_mixin.py:188} INFO - [2025-05-31T19:43:14.122-0300] {dag.py:3036} INFO - Sync 1 DAGs
[2025-05-31T19:43:14.137-0300] {logging_mixin.py:188} INFO - [2025-05-31T19:43:14.137-0300] {dag.py:3823} INFO - Setting next_dagrun for example_nested_branch_dag to 2025-05-30 00:00:00+00:00, run_after=2025-05-31 00:00:00+00:00
[2025-05-31T19:43:14.153-0300] {processor.py:183} INFO - Processing /home/walterg/Documentos/Data_projects/Data-Warehouse-postgres-DBT-airflow-/.venv/lib/python3.11/site-packages/airflow/example_dags/example_nested_branch_dag.py took 0.057 seconds
[2025-05-31T19:44:13.578-0300] {processor.py:161} INFO - Started process (PID=13452) to work on /home/walterg/Documentos/Data_projects/Data-Warehouse-postgres-DBT-airflow-/.venv/lib/python3.11/site-packages/airflow/example_dags/example_nested_branch_dag.py
[2025-05-31T19:44:13.583-0300] {processor.py:830} INFO - Processing file /home/walterg/Documentos/Data_projects/Data-Warehouse-postgres-DBT-airflow-/.venv/lib/python3.11/site-packages/airflow/example_dags/example_nested_branch_dag.py for tasks to queue
[2025-05-31T19:44:13.585-0300] {logging_mixin.py:188} INFO - [2025-05-31T19:44:13.584-0300] {dagbag.py:538} INFO - Filling up the DagBag from /home/walterg/Documentos/Data_projects/Data-Warehouse-postgres-DBT-airflow-/.venv/lib/python3.11/site-packages/airflow/example_dags/example_nested_branch_dag.py
[2025-05-31T19:44:13.593-0300] {processor.py:840} INFO - DAG(s) 'example_nested_branch_dag' retrieved from /home/walterg/Documentos/Data_projects/Data-Warehouse-postgres-DBT-airflow-/.venv/lib/python3.11/site-packages/airflow/example_dags/example_nested_branch_dag.py
[2025-05-31T19:44:13.607-0300] {logging_mixin.py:188} INFO - [2025-05-31T19:44:13.607-0300] {dag.py:3036} INFO - Sync 1 DAGs
[2025-05-31T19:44:13.621-0300] {logging_mixin.py:188} INFO - [2025-05-31T19:44:13.621-0300] {dag.py:3823} INFO - Setting next_dagrun for example_nested_branch_dag to 2025-05-30 00:00:00+00:00, run_after=2025-05-31 00:00:00+00:00
[2025-05-31T19:44:13.638-0300] {processor.py:183} INFO - Processing /home/walterg/Documentos/Data_projects/Data-Warehouse-postgres-DBT-airflow-/.venv/lib/python3.11/site-packages/airflow/example_dags/example_nested_branch_dag.py took 0.063 seconds
[2025-05-31T19:45:03.867-0300] {processor.py:161} INFO - Started process (PID=13701) to work on /home/walterg/Documentos/Data_projects/Data-Warehouse-postgres-DBT-airflow-/.venv/lib/python3.11/site-packages/airflow/example_dags/example_nested_branch_dag.py
[2025-05-31T19:45:03.868-0300] {processor.py:830} INFO - Processing file /home/walterg/Documentos/Data_projects/Data-Warehouse-postgres-DBT-airflow-/.venv/lib/python3.11/site-packages/airflow/example_dags/example_nested_branch_dag.py for tasks to queue
[2025-05-31T19:45:03.869-0300] {logging_mixin.py:188} INFO - [2025-05-31T19:45:03.869-0300] {dagbag.py:538} INFO - Filling up the DagBag from /home/walterg/Documentos/Data_projects/Data-Warehouse-postgres-DBT-airflow-/.venv/lib/python3.11/site-packages/airflow/example_dags/example_nested_branch_dag.py
[2025-05-31T19:45:03.878-0300] {processor.py:840} INFO - DAG(s) 'example_nested_branch_dag' retrieved from /home/walterg/Documentos/Data_projects/Data-Warehouse-postgres-DBT-airflow-/.venv/lib/python3.11/site-packages/airflow/example_dags/example_nested_branch_dag.py
[2025-05-31T19:45:03.890-0300] {logging_mixin.py:188} INFO - [2025-05-31T19:45:03.890-0300] {dag.py:3036} INFO - Sync 1 DAGs
[2025-05-31T19:45:03.905-0300] {logging_mixin.py:188} INFO - [2025-05-31T19:45:03.905-0300] {dag.py:3823} INFO - Setting next_dagrun for example_nested_branch_dag to 2025-05-30 00:00:00+00:00, run_after=2025-05-31 00:00:00+00:00
[2025-05-31T19:45:03.924-0300] {processor.py:183} INFO - Processing /home/walterg/Documentos/Data_projects/Data-Warehouse-postgres-DBT-airflow-/.venv/lib/python3.11/site-packages/airflow/example_dags/example_nested_branch_dag.py took 0.059 seconds
[2025-05-31T19:46:03.774-0300] {processor.py:161} INFO - Started process (PID=13986) to work on /home/walterg/Documentos/Data_projects/Data-Warehouse-postgres-DBT-airflow-/.venv/lib/python3.11/site-packages/airflow/example_dags/example_nested_branch_dag.py
[2025-05-31T19:46:03.775-0300] {processor.py:830} INFO - Processing file /home/walterg/Documentos/Data_projects/Data-Warehouse-postgres-DBT-airflow-/.venv/lib/python3.11/site-packages/airflow/example_dags/example_nested_branch_dag.py for tasks to queue
[2025-05-31T19:46:03.776-0300] {logging_mixin.py:188} INFO - [2025-05-31T19:46:03.775-0300] {dagbag.py:538} INFO - Filling up the DagBag from /home/walterg/Documentos/Data_projects/Data-Warehouse-postgres-DBT-airflow-/.venv/lib/python3.11/site-packages/airflow/example_dags/example_nested_branch_dag.py
[2025-05-31T19:46:03.784-0300] {processor.py:840} INFO - DAG(s) 'example_nested_branch_dag' retrieved from /home/walterg/Documentos/Data_projects/Data-Warehouse-postgres-DBT-airflow-/.venv/lib/python3.11/site-packages/airflow/example_dags/example_nested_branch_dag.py
[2025-05-31T19:46:03.797-0300] {logging_mixin.py:188} INFO - [2025-05-31T19:46:03.797-0300] {dag.py:3036} INFO - Sync 1 DAGs
[2025-05-31T19:46:03.811-0300] {logging_mixin.py:188} INFO - [2025-05-31T19:46:03.810-0300] {dag.py:3823} INFO - Setting next_dagrun for example_nested_branch_dag to 2025-05-30 00:00:00+00:00, run_after=2025-05-31 00:00:00+00:00
[2025-05-31T19:46:03.829-0300] {processor.py:183} INFO - Processing /home/walterg/Documentos/Data_projects/Data-Warehouse-postgres-DBT-airflow-/.venv/lib/python3.11/site-packages/airflow/example_dags/example_nested_branch_dag.py took 0.058 seconds
[2025-05-31T19:47:01.846-0300] {processor.py:161} INFO - Started process (PID=14208) to work on /home/walterg/Documentos/Data_projects/Data-Warehouse-postgres-DBT-airflow-/.venv/lib/python3.11/site-packages/airflow/example_dags/example_nested_branch_dag.py
[2025-05-31T19:47:01.852-0300] {processor.py:830} INFO - Processing file /home/walterg/Documentos/Data_projects/Data-Warehouse-postgres-DBT-airflow-/.venv/lib/python3.11/site-packages/airflow/example_dags/example_nested_branch_dag.py for tasks to queue
[2025-05-31T19:47:01.853-0300] {logging_mixin.py:188} INFO - [2025-05-31T19:47:01.853-0300] {dagbag.py:538} INFO - Filling up the DagBag from /home/walterg/Documentos/Data_projects/Data-Warehouse-postgres-DBT-airflow-/.venv/lib/python3.11/site-packages/airflow/example_dags/example_nested_branch_dag.py
[2025-05-31T19:47:01.861-0300] {processor.py:840} INFO - DAG(s) 'example_nested_branch_dag' retrieved from /home/walterg/Documentos/Data_projects/Data-Warehouse-postgres-DBT-airflow-/.venv/lib/python3.11/site-packages/airflow/example_dags/example_nested_branch_dag.py
[2025-05-31T19:47:01.874-0300] {logging_mixin.py:188} INFO - [2025-05-31T19:47:01.874-0300] {dag.py:3036} INFO - Sync 1 DAGs
[2025-05-31T19:47:01.888-0300] {logging_mixin.py:188} INFO - [2025-05-31T19:47:01.888-0300] {dag.py:3823} INFO - Setting next_dagrun for example_nested_branch_dag to 2025-05-30 00:00:00+00:00, run_after=2025-05-31 00:00:00+00:00
[2025-05-31T19:47:01.903-0300] {processor.py:183} INFO - Processing /home/walterg/Documentos/Data_projects/Data-Warehouse-postgres-DBT-airflow-/.venv/lib/python3.11/site-packages/airflow/example_dags/example_nested_branch_dag.py took 0.059 seconds
[2025-05-31T19:48:01.259-0300] {processor.py:161} INFO - Started process (PID=14421) to work on /home/walterg/Documentos/Data_projects/Data-Warehouse-postgres-DBT-airflow-/.venv/lib/python3.11/site-packages/airflow/example_dags/example_nested_branch_dag.py
[2025-05-31T19:48:01.260-0300] {processor.py:830} INFO - Processing file /home/walterg/Documentos/Data_projects/Data-Warehouse-postgres-DBT-airflow-/.venv/lib/python3.11/site-packages/airflow/example_dags/example_nested_branch_dag.py for tasks to queue
[2025-05-31T19:48:01.261-0300] {logging_mixin.py:188} INFO - [2025-05-31T19:48:01.261-0300] {dagbag.py:538} INFO - Filling up the DagBag from /home/walterg/Documentos/Data_projects/Data-Warehouse-postgres-DBT-airflow-/.venv/lib/python3.11/site-packages/airflow/example_dags/example_nested_branch_dag.py
[2025-05-31T19:48:01.269-0300] {processor.py:840} INFO - DAG(s) 'example_nested_branch_dag' retrieved from /home/walterg/Documentos/Data_projects/Data-Warehouse-postgres-DBT-airflow-/.venv/lib/python3.11/site-packages/airflow/example_dags/example_nested_branch_dag.py
[2025-05-31T19:48:01.283-0300] {logging_mixin.py:188} INFO - [2025-05-31T19:48:01.283-0300] {dag.py:3036} INFO - Sync 1 DAGs
[2025-05-31T19:48:01.297-0300] {logging_mixin.py:188} INFO - [2025-05-31T19:48:01.297-0300] {dag.py:3823} INFO - Setting next_dagrun for example_nested_branch_dag to 2025-05-30 00:00:00+00:00, run_after=2025-05-31 00:00:00+00:00
[2025-05-31T19:48:01.315-0300] {processor.py:183} INFO - Processing /home/walterg/Documentos/Data_projects/Data-Warehouse-postgres-DBT-airflow-/.venv/lib/python3.11/site-packages/airflow/example_dags/example_nested_branch_dag.py took 0.059 seconds
[2025-05-31T19:48:53.924-0300] {processor.py:161} INFO - Started process (PID=14932) to work on /home/walterg/Documentos/Data_projects/Data-Warehouse-postgres-DBT-airflow-/.venv/lib/python3.11/site-packages/airflow/example_dags/example_nested_branch_dag.py
[2025-05-31T19:48:53.929-0300] {processor.py:830} INFO - Processing file /home/walterg/Documentos/Data_projects/Data-Warehouse-postgres-DBT-airflow-/.venv/lib/python3.11/site-packages/airflow/example_dags/example_nested_branch_dag.py for tasks to queue
[2025-05-31T19:48:53.930-0300] {logging_mixin.py:188} INFO - [2025-05-31T19:48:53.930-0300] {dagbag.py:538} INFO - Filling up the DagBag from /home/walterg/Documentos/Data_projects/Data-Warehouse-postgres-DBT-airflow-/.venv/lib/python3.11/site-packages/airflow/example_dags/example_nested_branch_dag.py
[2025-05-31T19:48:53.939-0300] {processor.py:840} INFO - DAG(s) 'example_nested_branch_dag' retrieved from /home/walterg/Documentos/Data_projects/Data-Warehouse-postgres-DBT-airflow-/.venv/lib/python3.11/site-packages/airflow/example_dags/example_nested_branch_dag.py
[2025-05-31T19:48:53.952-0300] {logging_mixin.py:188} INFO - [2025-05-31T19:48:53.952-0300] {dag.py:3036} INFO - Sync 1 DAGs
[2025-05-31T19:48:53.966-0300] {logging_mixin.py:188} INFO - [2025-05-31T19:48:53.966-0300] {dag.py:3823} INFO - Setting next_dagrun for example_nested_branch_dag to 2025-05-30 00:00:00+00:00, run_after=2025-05-31 00:00:00+00:00
[2025-05-31T19:48:53.983-0300] {processor.py:183} INFO - Processing /home/walterg/Documentos/Data_projects/Data-Warehouse-postgres-DBT-airflow-/.venv/lib/python3.11/site-packages/airflow/example_dags/example_nested_branch_dag.py took 0.061 seconds
[2025-05-31T19:49:47.535-0300] {processor.py:161} INFO - Started process (PID=15246) to work on /home/walterg/Documentos/Data_projects/Data-Warehouse-postgres-DBT-airflow-/.venv/lib/python3.11/site-packages/airflow/example_dags/example_nested_branch_dag.py
[2025-05-31T19:49:47.536-0300] {processor.py:830} INFO - Processing file /home/walterg/Documentos/Data_projects/Data-Warehouse-postgres-DBT-airflow-/.venv/lib/python3.11/site-packages/airflow/example_dags/example_nested_branch_dag.py for tasks to queue
[2025-05-31T19:49:47.536-0300] {logging_mixin.py:188} INFO - [2025-05-31T19:49:47.536-0300] {dagbag.py:538} INFO - Filling up the DagBag from /home/walterg/Documentos/Data_projects/Data-Warehouse-postgres-DBT-airflow-/.venv/lib/python3.11/site-packages/airflow/example_dags/example_nested_branch_dag.py
[2025-05-31T19:49:47.545-0300] {processor.py:840} INFO - DAG(s) 'example_nested_branch_dag' retrieved from /home/walterg/Documentos/Data_projects/Data-Warehouse-postgres-DBT-airflow-/.venv/lib/python3.11/site-packages/airflow/example_dags/example_nested_branch_dag.py
[2025-05-31T19:49:47.557-0300] {logging_mixin.py:188} INFO - [2025-05-31T19:49:47.557-0300] {dag.py:3036} INFO - Sync 1 DAGs
[2025-05-31T19:49:47.571-0300] {logging_mixin.py:188} INFO - [2025-05-31T19:49:47.571-0300] {dag.py:3823} INFO - Setting next_dagrun for example_nested_branch_dag to 2025-05-30 00:00:00+00:00, run_after=2025-05-31 00:00:00+00:00
[2025-05-31T19:49:47.587-0300] {processor.py:183} INFO - Processing /home/walterg/Documentos/Data_projects/Data-Warehouse-postgres-DBT-airflow-/.venv/lib/python3.11/site-packages/airflow/example_dags/example_nested_branch_dag.py took 0.055 seconds
[2025-05-31T19:50:33.675-0300] {processor.py:161} INFO - Started process (PID=15431) to work on /home/walterg/Documentos/Data_projects/Data-Warehouse-postgres-DBT-airflow-/.venv/lib/python3.11/site-packages/airflow/example_dags/example_nested_branch_dag.py
[2025-05-31T19:50:33.676-0300] {processor.py:830} INFO - Processing file /home/walterg/Documentos/Data_projects/Data-Warehouse-postgres-DBT-airflow-/.venv/lib/python3.11/site-packages/airflow/example_dags/example_nested_branch_dag.py for tasks to queue
[2025-05-31T19:50:33.676-0300] {logging_mixin.py:188} INFO - [2025-05-31T19:50:33.676-0300] {dagbag.py:538} INFO - Filling up the DagBag from /home/walterg/Documentos/Data_projects/Data-Warehouse-postgres-DBT-airflow-/.venv/lib/python3.11/site-packages/airflow/example_dags/example_nested_branch_dag.py
[2025-05-31T19:50:33.684-0300] {processor.py:840} INFO - DAG(s) 'example_nested_branch_dag' retrieved from /home/walterg/Documentos/Data_projects/Data-Warehouse-postgres-DBT-airflow-/.venv/lib/python3.11/site-packages/airflow/example_dags/example_nested_branch_dag.py
[2025-05-31T19:50:33.697-0300] {logging_mixin.py:188} INFO - [2025-05-31T19:50:33.697-0300] {dag.py:3036} INFO - Sync 1 DAGs
[2025-05-31T19:50:33.711-0300] {logging_mixin.py:188} INFO - [2025-05-31T19:50:33.711-0300] {dag.py:3823} INFO - Setting next_dagrun for example_nested_branch_dag to 2025-05-30 00:00:00+00:00, run_after=2025-05-31 00:00:00+00:00
[2025-05-31T19:50:33.727-0300] {processor.py:183} INFO - Processing /home/walterg/Documentos/Data_projects/Data-Warehouse-postgres-DBT-airflow-/.venv/lib/python3.11/site-packages/airflow/example_dags/example_nested_branch_dag.py took 0.054 seconds
[2025-05-31T19:51:35.453-0300] {processor.py:161} INFO - Started process (PID=15797) to work on /home/walterg/Documentos/Data_projects/Data-Warehouse-postgres-DBT-airflow-/.venv/lib/python3.11/site-packages/airflow/example_dags/example_nested_branch_dag.py
[2025-05-31T19:51:35.458-0300] {processor.py:830} INFO - Processing file /home/walterg/Documentos/Data_projects/Data-Warehouse-postgres-DBT-airflow-/.venv/lib/python3.11/site-packages/airflow/example_dags/example_nested_branch_dag.py for tasks to queue
[2025-05-31T19:51:35.459-0300] {logging_mixin.py:188} INFO - [2025-05-31T19:51:35.459-0300] {dagbag.py:538} INFO - Filling up the DagBag from /home/walterg/Documentos/Data_projects/Data-Warehouse-postgres-DBT-airflow-/.venv/lib/python3.11/site-packages/airflow/example_dags/example_nested_branch_dag.py
[2025-05-31T19:51:35.467-0300] {processor.py:840} INFO - DAG(s) 'example_nested_branch_dag' retrieved from /home/walterg/Documentos/Data_projects/Data-Warehouse-postgres-DBT-airflow-/.venv/lib/python3.11/site-packages/airflow/example_dags/example_nested_branch_dag.py
[2025-05-31T19:51:35.479-0300] {logging_mixin.py:188} INFO - [2025-05-31T19:51:35.479-0300] {dag.py:3036} INFO - Sync 1 DAGs
[2025-05-31T19:51:35.493-0300] {logging_mixin.py:188} INFO - [2025-05-31T19:51:35.492-0300] {dag.py:3823} INFO - Setting next_dagrun for example_nested_branch_dag to 2025-05-30 00:00:00+00:00, run_after=2025-05-31 00:00:00+00:00
[2025-05-31T19:51:35.508-0300] {processor.py:183} INFO - Processing /home/walterg/Documentos/Data_projects/Data-Warehouse-postgres-DBT-airflow-/.venv/lib/python3.11/site-packages/airflow/example_dags/example_nested_branch_dag.py took 0.058 seconds
[2025-05-31T19:52:38.908-0300] {processor.py:161} INFO - Started process (PID=16037) to work on /home/walterg/Documentos/Data_projects/Data-Warehouse-postgres-DBT-airflow-/.venv/lib/python3.11/site-packages/airflow/example_dags/example_nested_branch_dag.py
[2025-05-31T19:52:38.913-0300] {processor.py:830} INFO - Processing file /home/walterg/Documentos/Data_projects/Data-Warehouse-postgres-DBT-airflow-/.venv/lib/python3.11/site-packages/airflow/example_dags/example_nested_branch_dag.py for tasks to queue
[2025-05-31T19:52:38.914-0300] {logging_mixin.py:188} INFO - [2025-05-31T19:52:38.914-0300] {dagbag.py:538} INFO - Filling up the DagBag from /home/walterg/Documentos/Data_projects/Data-Warehouse-postgres-DBT-airflow-/.venv/lib/python3.11/site-packages/airflow/example_dags/example_nested_branch_dag.py
[2025-05-31T19:52:38.922-0300] {processor.py:840} INFO - DAG(s) 'example_nested_branch_dag' retrieved from /home/walterg/Documentos/Data_projects/Data-Warehouse-postgres-DBT-airflow-/.venv/lib/python3.11/site-packages/airflow/example_dags/example_nested_branch_dag.py
[2025-05-31T19:52:38.935-0300] {logging_mixin.py:188} INFO - [2025-05-31T19:52:38.935-0300] {dag.py:3036} INFO - Sync 1 DAGs
[2025-05-31T19:52:38.949-0300] {logging_mixin.py:188} INFO - [2025-05-31T19:52:38.948-0300] {dag.py:3823} INFO - Setting next_dagrun for example_nested_branch_dag to 2025-05-30 00:00:00+00:00, run_after=2025-05-31 00:00:00+00:00
[2025-05-31T19:52:38.969-0300] {processor.py:183} INFO - Processing /home/walterg/Documentos/Data_projects/Data-Warehouse-postgres-DBT-airflow-/.venv/lib/python3.11/site-packages/airflow/example_dags/example_nested_branch_dag.py took 0.063 seconds
[2025-05-31T19:53:28.666-0300] {processor.py:161} INFO - Started process (PID=16206) to work on /home/walterg/Documentos/Data_projects/Data-Warehouse-postgres-DBT-airflow-/.venv/lib/python3.11/site-packages/airflow/example_dags/example_nested_branch_dag.py
[2025-05-31T19:53:28.667-0300] {processor.py:830} INFO - Processing file /home/walterg/Documentos/Data_projects/Data-Warehouse-postgres-DBT-airflow-/.venv/lib/python3.11/site-packages/airflow/example_dags/example_nested_branch_dag.py for tasks to queue
[2025-05-31T19:53:28.668-0300] {logging_mixin.py:188} INFO - [2025-05-31T19:53:28.668-0300] {dagbag.py:538} INFO - Filling up the DagBag from /home/walterg/Documentos/Data_projects/Data-Warehouse-postgres-DBT-airflow-/.venv/lib/python3.11/site-packages/airflow/example_dags/example_nested_branch_dag.py
[2025-05-31T19:53:28.676-0300] {processor.py:840} INFO - DAG(s) 'example_nested_branch_dag' retrieved from /home/walterg/Documentos/Data_projects/Data-Warehouse-postgres-DBT-airflow-/.venv/lib/python3.11/site-packages/airflow/example_dags/example_nested_branch_dag.py
[2025-05-31T19:53:28.688-0300] {logging_mixin.py:188} INFO - [2025-05-31T19:53:28.688-0300] {dag.py:3036} INFO - Sync 1 DAGs
[2025-05-31T19:53:28.701-0300] {logging_mixin.py:188} INFO - [2025-05-31T19:53:28.701-0300] {dag.py:3823} INFO - Setting next_dagrun for example_nested_branch_dag to 2025-05-30 00:00:00+00:00, run_after=2025-05-31 00:00:00+00:00
[2025-05-31T19:53:28.717-0300] {processor.py:183} INFO - Processing /home/walterg/Documentos/Data_projects/Data-Warehouse-postgres-DBT-airflow-/.venv/lib/python3.11/site-packages/airflow/example_dags/example_nested_branch_dag.py took 0.053 seconds
[2025-05-31T19:54:30.346-0300] {processor.py:161} INFO - Started process (PID=16379) to work on /home/walterg/Documentos/Data_projects/Data-Warehouse-postgres-DBT-airflow-/.venv/lib/python3.11/site-packages/airflow/example_dags/example_nested_branch_dag.py
[2025-05-31T19:54:30.351-0300] {processor.py:830} INFO - Processing file /home/walterg/Documentos/Data_projects/Data-Warehouse-postgres-DBT-airflow-/.venv/lib/python3.11/site-packages/airflow/example_dags/example_nested_branch_dag.py for tasks to queue
[2025-05-31T19:54:30.353-0300] {logging_mixin.py:188} INFO - [2025-05-31T19:54:30.352-0300] {dagbag.py:538} INFO - Filling up the DagBag from /home/walterg/Documentos/Data_projects/Data-Warehouse-postgres-DBT-airflow-/.venv/lib/python3.11/site-packages/airflow/example_dags/example_nested_branch_dag.py
[2025-05-31T19:54:30.360-0300] {processor.py:840} INFO - DAG(s) 'example_nested_branch_dag' retrieved from /home/walterg/Documentos/Data_projects/Data-Warehouse-postgres-DBT-airflow-/.venv/lib/python3.11/site-packages/airflow/example_dags/example_nested_branch_dag.py
[2025-05-31T19:54:30.373-0300] {logging_mixin.py:188} INFO - [2025-05-31T19:54:30.373-0300] {dag.py:3036} INFO - Sync 1 DAGs
[2025-05-31T19:54:30.386-0300] {logging_mixin.py:188} INFO - [2025-05-31T19:54:30.386-0300] {dag.py:3823} INFO - Setting next_dagrun for example_nested_branch_dag to 2025-05-30 00:00:00+00:00, run_after=2025-05-31 00:00:00+00:00
[2025-05-31T19:54:30.403-0300] {processor.py:183} INFO - Processing /home/walterg/Documentos/Data_projects/Data-Warehouse-postgres-DBT-airflow-/.venv/lib/python3.11/site-packages/airflow/example_dags/example_nested_branch_dag.py took 0.060 seconds
[2025-05-31T19:55:29.737-0300] {processor.py:161} INFO - Started process (PID=16596) to work on /home/walterg/Documentos/Data_projects/Data-Warehouse-postgres-DBT-airflow-/.venv/lib/python3.11/site-packages/airflow/example_dags/example_nested_branch_dag.py
[2025-05-31T19:55:29.738-0300] {processor.py:830} INFO - Processing file /home/walterg/Documentos/Data_projects/Data-Warehouse-postgres-DBT-airflow-/.venv/lib/python3.11/site-packages/airflow/example_dags/example_nested_branch_dag.py for tasks to queue
[2025-05-31T19:55:29.738-0300] {logging_mixin.py:188} INFO - [2025-05-31T19:55:29.738-0300] {dagbag.py:538} INFO - Filling up the DagBag from /home/walterg/Documentos/Data_projects/Data-Warehouse-postgres-DBT-airflow-/.venv/lib/python3.11/site-packages/airflow/example_dags/example_nested_branch_dag.py
[2025-05-31T19:55:29.746-0300] {processor.py:840} INFO - DAG(s) 'example_nested_branch_dag' retrieved from /home/walterg/Documentos/Data_projects/Data-Warehouse-postgres-DBT-airflow-/.venv/lib/python3.11/site-packages/airflow/example_dags/example_nested_branch_dag.py
[2025-05-31T19:55:29.759-0300] {logging_mixin.py:188} INFO - [2025-05-31T19:55:29.759-0300] {dag.py:3036} INFO - Sync 1 DAGs
[2025-05-31T19:55:29.773-0300] {logging_mixin.py:188} INFO - [2025-05-31T19:55:29.772-0300] {dag.py:3823} INFO - Setting next_dagrun for example_nested_branch_dag to 2025-05-30 00:00:00+00:00, run_after=2025-05-31 00:00:00+00:00
[2025-05-31T19:55:29.789-0300] {processor.py:183} INFO - Processing /home/walterg/Documentos/Data_projects/Data-Warehouse-postgres-DBT-airflow-/.venv/lib/python3.11/site-packages/airflow/example_dags/example_nested_branch_dag.py took 0.054 seconds
[2025-05-31T19:56:25.172-0300] {processor.py:161} INFO - Started process (PID=16853) to work on /home/walterg/Documentos/Data_projects/Data-Warehouse-postgres-DBT-airflow-/.venv/lib/python3.11/site-packages/airflow/example_dags/example_nested_branch_dag.py
[2025-05-31T19:56:25.177-0300] {processor.py:830} INFO - Processing file /home/walterg/Documentos/Data_projects/Data-Warehouse-postgres-DBT-airflow-/.venv/lib/python3.11/site-packages/airflow/example_dags/example_nested_branch_dag.py for tasks to queue
[2025-05-31T19:56:25.178-0300] {logging_mixin.py:188} INFO - [2025-05-31T19:56:25.178-0300] {dagbag.py:538} INFO - Filling up the DagBag from /home/walterg/Documentos/Data_projects/Data-Warehouse-postgres-DBT-airflow-/.venv/lib/python3.11/site-packages/airflow/example_dags/example_nested_branch_dag.py
[2025-05-31T19:56:25.186-0300] {processor.py:840} INFO - DAG(s) 'example_nested_branch_dag' retrieved from /home/walterg/Documentos/Data_projects/Data-Warehouse-postgres-DBT-airflow-/.venv/lib/python3.11/site-packages/airflow/example_dags/example_nested_branch_dag.py
[2025-05-31T19:56:25.199-0300] {logging_mixin.py:188} INFO - [2025-05-31T19:56:25.199-0300] {dag.py:3036} INFO - Sync 1 DAGs
[2025-05-31T19:56:25.213-0300] {logging_mixin.py:188} INFO - [2025-05-31T19:56:25.213-0300] {dag.py:3823} INFO - Setting next_dagrun for example_nested_branch_dag to 2025-05-30 00:00:00+00:00, run_after=2025-05-31 00:00:00+00:00
[2025-05-31T19:56:25.231-0300] {processor.py:183} INFO - Processing /home/walterg/Documentos/Data_projects/Data-Warehouse-postgres-DBT-airflow-/.venv/lib/python3.11/site-packages/airflow/example_dags/example_nested_branch_dag.py took 0.062 seconds
[2025-05-31T19:57:27.344-0300] {processor.py:161} INFO - Started process (PID=17036) to work on /home/walterg/Documentos/Data_projects/Data-Warehouse-postgres-DBT-airflow-/.venv/lib/python3.11/site-packages/airflow/example_dags/example_nested_branch_dag.py
[2025-05-31T19:57:27.345-0300] {processor.py:830} INFO - Processing file /home/walterg/Documentos/Data_projects/Data-Warehouse-postgres-DBT-airflow-/.venv/lib/python3.11/site-packages/airflow/example_dags/example_nested_branch_dag.py for tasks to queue
[2025-05-31T19:57:27.346-0300] {logging_mixin.py:188} INFO - [2025-05-31T19:57:27.346-0300] {dagbag.py:538} INFO - Filling up the DagBag from /home/walterg/Documentos/Data_projects/Data-Warehouse-postgres-DBT-airflow-/.venv/lib/python3.11/site-packages/airflow/example_dags/example_nested_branch_dag.py
[2025-05-31T19:57:27.354-0300] {processor.py:840} INFO - DAG(s) 'example_nested_branch_dag' retrieved from /home/walterg/Documentos/Data_projects/Data-Warehouse-postgres-DBT-airflow-/.venv/lib/python3.11/site-packages/airflow/example_dags/example_nested_branch_dag.py
[2025-05-31T19:57:27.367-0300] {logging_mixin.py:188} INFO - [2025-05-31T19:57:27.367-0300] {dag.py:3036} INFO - Sync 1 DAGs
[2025-05-31T19:57:27.380-0300] {logging_mixin.py:188} INFO - [2025-05-31T19:57:27.380-0300] {dag.py:3823} INFO - Setting next_dagrun for example_nested_branch_dag to 2025-05-30 00:00:00+00:00, run_after=2025-05-31 00:00:00+00:00
[2025-05-31T19:57:27.397-0300] {processor.py:183} INFO - Processing /home/walterg/Documentos/Data_projects/Data-Warehouse-postgres-DBT-airflow-/.venv/lib/python3.11/site-packages/airflow/example_dags/example_nested_branch_dag.py took 0.055 seconds
[2025-05-31T19:58:30.635-0300] {processor.py:161} INFO - Started process (PID=17231) to work on /home/walterg/Documentos/Data_projects/Data-Warehouse-postgres-DBT-airflow-/.venv/lib/python3.11/site-packages/airflow/example_dags/example_nested_branch_dag.py
[2025-05-31T19:58:30.640-0300] {processor.py:830} INFO - Processing file /home/walterg/Documentos/Data_projects/Data-Warehouse-postgres-DBT-airflow-/.venv/lib/python3.11/site-packages/airflow/example_dags/example_nested_branch_dag.py for tasks to queue
[2025-05-31T19:58:30.641-0300] {logging_mixin.py:188} INFO - [2025-05-31T19:58:30.641-0300] {dagbag.py:538} INFO - Filling up the DagBag from /home/walterg/Documentos/Data_projects/Data-Warehouse-postgres-DBT-airflow-/.venv/lib/python3.11/site-packages/airflow/example_dags/example_nested_branch_dag.py
[2025-05-31T19:58:30.649-0300] {processor.py:840} INFO - DAG(s) 'example_nested_branch_dag' retrieved from /home/walterg/Documentos/Data_projects/Data-Warehouse-postgres-DBT-airflow-/.venv/lib/python3.11/site-packages/airflow/example_dags/example_nested_branch_dag.py
[2025-05-31T19:58:30.662-0300] {logging_mixin.py:188} INFO - [2025-05-31T19:58:30.662-0300] {dag.py:3036} INFO - Sync 1 DAGs
[2025-05-31T19:58:30.676-0300] {logging_mixin.py:188} INFO - [2025-05-31T19:58:30.676-0300] {dag.py:3823} INFO - Setting next_dagrun for example_nested_branch_dag to 2025-05-30 00:00:00+00:00, run_after=2025-05-31 00:00:00+00:00
[2025-05-31T19:58:30.692-0300] {processor.py:183} INFO - Processing /home/walterg/Documentos/Data_projects/Data-Warehouse-postgres-DBT-airflow-/.venv/lib/python3.11/site-packages/airflow/example_dags/example_nested_branch_dag.py took 0.060 seconds
[2025-05-31T19:59:32.751-0300] {processor.py:161} INFO - Started process (PID=17538) to work on /home/walterg/Documentos/Data_projects/Data-Warehouse-postgres-DBT-airflow-/.venv/lib/python3.11/site-packages/airflow/example_dags/example_nested_branch_dag.py
[2025-05-31T19:59:32.753-0300] {processor.py:830} INFO - Processing file /home/walterg/Documentos/Data_projects/Data-Warehouse-postgres-DBT-airflow-/.venv/lib/python3.11/site-packages/airflow/example_dags/example_nested_branch_dag.py for tasks to queue
[2025-05-31T19:59:32.753-0300] {logging_mixin.py:188} INFO - [2025-05-31T19:59:32.753-0300] {dagbag.py:538} INFO - Filling up the DagBag from /home/walterg/Documentos/Data_projects/Data-Warehouse-postgres-DBT-airflow-/.venv/lib/python3.11/site-packages/airflow/example_dags/example_nested_branch_dag.py
[2025-05-31T19:59:32.763-0300] {processor.py:840} INFO - DAG(s) 'example_nested_branch_dag' retrieved from /home/walterg/Documentos/Data_projects/Data-Warehouse-postgres-DBT-airflow-/.venv/lib/python3.11/site-packages/airflow/example_dags/example_nested_branch_dag.py
[2025-05-31T19:59:32.776-0300] {logging_mixin.py:188} INFO - [2025-05-31T19:59:32.776-0300] {dag.py:3036} INFO - Sync 1 DAGs
[2025-05-31T19:59:32.790-0300] {logging_mixin.py:188} INFO - [2025-05-31T19:59:32.790-0300] {dag.py:3823} INFO - Setting next_dagrun for example_nested_branch_dag to 2025-05-30 00:00:00+00:00, run_after=2025-05-31 00:00:00+00:00
[2025-05-31T19:59:32.807-0300] {processor.py:183} INFO - Processing /home/walterg/Documentos/Data_projects/Data-Warehouse-postgres-DBT-airflow-/.venv/lib/python3.11/site-packages/airflow/example_dags/example_nested_branch_dag.py took 0.059 seconds
[2025-05-31T20:00:33.974-0300] {processor.py:161} INFO - Started process (PID=17854) to work on /home/walterg/Documentos/Data_projects/Data-Warehouse-postgres-DBT-airflow-/.venv/lib/python3.11/site-packages/airflow/example_dags/example_nested_branch_dag.py
[2025-05-31T20:00:33.980-0300] {processor.py:830} INFO - Processing file /home/walterg/Documentos/Data_projects/Data-Warehouse-postgres-DBT-airflow-/.venv/lib/python3.11/site-packages/airflow/example_dags/example_nested_branch_dag.py for tasks to queue
[2025-05-31T20:00:33.981-0300] {logging_mixin.py:188} INFO - [2025-05-31T20:00:33.980-0300] {dagbag.py:538} INFO - Filling up the DagBag from /home/walterg/Documentos/Data_projects/Data-Warehouse-postgres-DBT-airflow-/.venv/lib/python3.11/site-packages/airflow/example_dags/example_nested_branch_dag.py
[2025-05-31T20:00:33.990-0300] {processor.py:840} INFO - DAG(s) 'example_nested_branch_dag' retrieved from /home/walterg/Documentos/Data_projects/Data-Warehouse-postgres-DBT-airflow-/.venv/lib/python3.11/site-packages/airflow/example_dags/example_nested_branch_dag.py
[2025-05-31T20:00:34.005-0300] {logging_mixin.py:188} INFO - [2025-05-31T20:00:34.005-0300] {dag.py:3036} INFO - Sync 1 DAGs
[2025-05-31T20:00:34.020-0300] {logging_mixin.py:188} INFO - [2025-05-31T20:00:34.020-0300] {dag.py:3823} INFO - Setting next_dagrun for example_nested_branch_dag to 2025-05-30 00:00:00+00:00, run_after=2025-05-31 00:00:00+00:00
[2025-05-31T20:00:34.041-0300] {processor.py:183} INFO - Processing /home/walterg/Documentos/Data_projects/Data-Warehouse-postgres-DBT-airflow-/.venv/lib/python3.11/site-packages/airflow/example_dags/example_nested_branch_dag.py took 0.069 seconds
