[2025-05-31T19:30:09.207-0300] {processor.py:161} INFO - Started process (PID=9729) to work on /home/walterg/Documentos/Data_projects/Data-Warehouse-postgres-DBT-airflow-/.venv/lib/python3.11/site-packages/airflow/example_dags/example_subdag_operator.py
[2025-05-31T19:30:09.208-0300] {processor.py:830} INFO - Processing file /home/walterg/Documentos/Data_projects/Data-Warehouse-postgres-DBT-airflow-/.venv/lib/python3.11/site-packages/airflow/example_dags/example_subdag_operator.py for tasks to queue
[2025-05-31T19:30:09.209-0300] {logging_mixin.py:188} INFO - [2025-05-31T19:30:09.209-0300] {dagbag.py:538} INFO - Filling up the DagBag from /home/walterg/Documentos/Data_projects/Data-Warehouse-postgres-DBT-airflow-/.venv/lib/python3.11/site-packages/airflow/example_dags/example_subdag_operator.py
[2025-05-31T19:30:09.224-0300] {processor.py:840} INFO - DAG(s) 'example_subdag_operator.section-1', 'example_subdag_operator.section-2', 'example_subdag_operator' retrieved from /home/walterg/Documentos/Data_projects/Data-Warehouse-postgres-DBT-airflow-/.venv/lib/python3.11/site-packages/airflow/example_dags/example_subdag_operator.py
[2025-05-31T19:30:09.298-0300] {logging_mixin.py:188} INFO - [2025-05-31T19:30:09.297-0300] {override.py:1769} INFO - Created Permission View: can edit on DAG:example_subdag_operator
[2025-05-31T19:30:09.307-0300] {logging_mixin.py:188} INFO - [2025-05-31T19:30:09.307-0300] {override.py:1769} INFO - Created Permission View: can read on DAG:example_subdag_operator
[2025-05-31T19:30:09.315-0300] {logging_mixin.py:188} INFO - [2025-05-31T19:30:09.315-0300] {override.py:1769} INFO - Created Permission View: can delete on DAG:example_subdag_operator
[2025-05-31T19:30:09.316-0300] {logging_mixin.py:188} INFO - [2025-05-31T19:30:09.315-0300] {dag.py:3036} INFO - Sync 3 DAGs
[2025-05-31T19:30:09.322-0300] {logging_mixin.py:188} INFO - [2025-05-31T19:30:09.322-0300] {dag.py:3058} INFO - Creating ORM DAG for example_subdag_operator.section-1
[2025-05-31T19:30:09.322-0300] {logging_mixin.py:188} INFO - [2025-05-31T19:30:09.322-0300] {dag.py:3058} INFO - Creating ORM DAG for example_subdag_operator
[2025-05-31T19:30:09.323-0300] {logging_mixin.py:188} INFO - [2025-05-31T19:30:09.322-0300] {dag.py:3058} INFO - Creating ORM DAG for example_subdag_operator.section-2
[2025-05-31T19:30:09.328-0300] {logging_mixin.py:188} INFO - [2025-05-31T19:30:09.328-0300] {dag.py:3823} INFO - Setting next_dagrun for example_subdag_operator to 2022-01-01 00:00:00+00:00, run_after=2022-01-01 00:00:00+00:00
[2025-05-31T19:30:09.328-0300] {logging_mixin.py:188} INFO - [2025-05-31T19:30:09.328-0300] {dag.py:3823} INFO - Setting next_dagrun for example_subdag_operator.section-1 to None, run_after=None
[2025-05-31T19:30:09.328-0300] {logging_mixin.py:188} INFO - [2025-05-31T19:30:09.328-0300] {dag.py:3823} INFO - Setting next_dagrun for example_subdag_operator.section-2 to None, run_after=None
[2025-05-31T19:30:09.333-0300] {logging_mixin.py:188} INFO - [2025-05-31T19:30:09.332-0300] {dag.py:3036} INFO - Sync 2 DAGs
[2025-05-31T19:30:09.335-0300] {logging_mixin.py:188} INFO - [2025-05-31T19:30:09.335-0300] {dag.py:3823} INFO - Setting next_dagrun for example_subdag_operator.section-1 to None, run_after=None
[2025-05-31T19:30:09.337-0300] {logging_mixin.py:188} INFO - [2025-05-31T19:30:09.337-0300] {dag.py:3823} INFO - Setting next_dagrun for example_subdag_operator.section-2 to None, run_after=None
[2025-05-31T19:30:09.350-0300] {processor.py:183} INFO - Processing /home/walterg/Documentos/Data_projects/Data-Warehouse-postgres-DBT-airflow-/.venv/lib/python3.11/site-packages/airflow/example_dags/example_subdag_operator.py took 0.145 seconds
[2025-05-31T19:30:57.528-0300] {processor.py:161} INFO - Started process (PID=9915) to work on /home/walterg/Documentos/Data_projects/Data-Warehouse-postgres-DBT-airflow-/.venv/lib/python3.11/site-packages/airflow/example_dags/example_subdag_operator.py
[2025-05-31T19:30:57.533-0300] {processor.py:830} INFO - Processing file /home/walterg/Documentos/Data_projects/Data-Warehouse-postgres-DBT-airflow-/.venv/lib/python3.11/site-packages/airflow/example_dags/example_subdag_operator.py for tasks to queue
[2025-05-31T19:30:57.534-0300] {logging_mixin.py:188} INFO - [2025-05-31T19:30:57.534-0300] {dagbag.py:538} INFO - Filling up the DagBag from /home/walterg/Documentos/Data_projects/Data-Warehouse-postgres-DBT-airflow-/.venv/lib/python3.11/site-packages/airflow/example_dags/example_subdag_operator.py
[2025-05-31T19:30:57.550-0300] {processor.py:840} INFO - DAG(s) 'example_subdag_operator.section-1', 'example_subdag_operator.section-2', 'example_subdag_operator' retrieved from /home/walterg/Documentos/Data_projects/Data-Warehouse-postgres-DBT-airflow-/.venv/lib/python3.11/site-packages/airflow/example_dags/example_subdag_operator.py
[2025-05-31T19:30:57.560-0300] {logging_mixin.py:188} INFO - [2025-05-31T19:30:57.560-0300] {dag.py:3036} INFO - Sync 3 DAGs
[2025-05-31T19:30:57.573-0300] {logging_mixin.py:188} INFO - [2025-05-31T19:30:57.572-0300] {dag.py:3823} INFO - Setting next_dagrun for example_subdag_operator to 2022-01-01 00:00:00+00:00, run_after=2022-01-01 00:00:00+00:00
[2025-05-31T19:30:57.575-0300] {logging_mixin.py:188} INFO - [2025-05-31T19:30:57.575-0300] {dag.py:3823} INFO - Setting next_dagrun for example_subdag_operator.section-1 to None, run_after=None
[2025-05-31T19:30:57.575-0300] {logging_mixin.py:188} INFO - [2025-05-31T19:30:57.575-0300] {dag.py:3823} INFO - Setting next_dagrun for example_subdag_operator.section-2 to None, run_after=None
[2025-05-31T19:30:57.580-0300] {logging_mixin.py:188} INFO - [2025-05-31T19:30:57.579-0300] {dag.py:3036} INFO - Sync 2 DAGs
[2025-05-31T19:30:57.582-0300] {logging_mixin.py:188} INFO - [2025-05-31T19:30:57.582-0300] {dag.py:3823} INFO - Setting next_dagrun for example_subdag_operator.section-1 to None, run_after=None
[2025-05-31T19:30:57.583-0300] {logging_mixin.py:188} INFO - [2025-05-31T19:30:57.582-0300] {dag.py:3823} INFO - Setting next_dagrun for example_subdag_operator.section-2 to None, run_after=None
[2025-05-31T19:30:57.595-0300] {processor.py:183} INFO - Processing /home/walterg/Documentos/Data_projects/Data-Warehouse-postgres-DBT-airflow-/.venv/lib/python3.11/site-packages/airflow/example_dags/example_subdag_operator.py took 0.069 seconds
