[2025-05-31T19:30:19.691-0300] {processor.py:161} INFO - Started process (PID=9801) to work on /home/walterg/Documentos/Data_projects/Data-Warehouse-postgres-DBT-airflow-/.venv/lib/python3.11/site-packages/airflow/example_dags/example_sensor_decorator.py
[2025-05-31T19:30:19.692-0300] {processor.py:830} INFO - Processing file /home/walterg/Documentos/Data_projects/Data-Warehouse-postgres-DBT-airflow-/.venv/lib/python3.11/site-packages/airflow/example_dags/example_sensor_decorator.py for tasks to queue
[2025-05-31T19:30:19.693-0300] {logging_mixin.py:188} INFO - [2025-05-31T19:30:19.692-0300] {dagbag.py:538} INFO - Filling up the DagBag from /home/walterg/Documentos/Data_projects/Data-Warehouse-postgres-DBT-airflow-/.venv/lib/python3.11/site-packages/airflow/example_dags/example_sensor_decorator.py
[2025-05-31T19:30:19.698-0300] {processor.py:840} INFO - DAG(s) 'example_sensor_decorator' retrieved from /home/walterg/Documentos/Data_projects/Data-Warehouse-postgres-DBT-airflow-/.venv/lib/python3.11/site-packages/airflow/example_dags/example_sensor_decorator.py
[2025-05-31T19:30:19.780-0300] {logging_mixin.py:188} INFO - [2025-05-31T19:30:19.779-0300] {override.py:1769} INFO - Created Permission View: can edit on DAG:example_sensor_decorator
[2025-05-31T19:30:19.790-0300] {logging_mixin.py:188} INFO - [2025-05-31T19:30:19.789-0300] {override.py:1769} INFO - Created Permission View: can read on DAG:example_sensor_decorator
[2025-05-31T19:30:19.798-0300] {logging_mixin.py:188} INFO - [2025-05-31T19:30:19.797-0300] {override.py:1769} INFO - Created Permission View: can delete on DAG:example_sensor_decorator
[2025-05-31T19:30:19.798-0300] {logging_mixin.py:188} INFO - [2025-05-31T19:30:19.798-0300] {dag.py:3036} INFO - Sync 1 DAGs
[2025-05-31T19:30:19.805-0300] {logging_mixin.py:188} INFO - [2025-05-31T19:30:19.805-0300] {dag.py:3058} INFO - Creating ORM DAG for example_sensor_decorator
[2025-05-31T19:30:19.805-0300] {logging_mixin.py:188} INFO - [2025-05-31T19:30:19.805-0300] {dag.py:3823} INFO - Setting next_dagrun for example_sensor_decorator to None, run_after=None
[2025-05-31T19:30:19.820-0300] {processor.py:183} INFO - Processing /home/walterg/Documentos/Data_projects/Data-Warehouse-postgres-DBT-airflow-/.venv/lib/python3.11/site-packages/airflow/example_dags/example_sensor_decorator.py took 0.132 seconds
[2025-05-31T19:31:07.128-0300] {processor.py:161} INFO - Started process (PID=9971) to work on /home/walterg/Documentos/Data_projects/Data-Warehouse-postgres-DBT-airflow-/.venv/lib/python3.11/site-packages/airflow/example_dags/example_sensor_decorator.py
[2025-05-31T19:31:07.133-0300] {processor.py:830} INFO - Processing file /home/walterg/Documentos/Data_projects/Data-Warehouse-postgres-DBT-airflow-/.venv/lib/python3.11/site-packages/airflow/example_dags/example_sensor_decorator.py for tasks to queue
[2025-05-31T19:31:07.134-0300] {logging_mixin.py:188} INFO - [2025-05-31T19:31:07.134-0300] {dagbag.py:538} INFO - Filling up the DagBag from /home/walterg/Documentos/Data_projects/Data-Warehouse-postgres-DBT-airflow-/.venv/lib/python3.11/site-packages/airflow/example_dags/example_sensor_decorator.py
[2025-05-31T19:31:07.140-0300] {processor.py:840} INFO - DAG(s) 'example_sensor_decorator' retrieved from /home/walterg/Documentos/Data_projects/Data-Warehouse-postgres-DBT-airflow-/.venv/lib/python3.11/site-packages/airflow/example_dags/example_sensor_decorator.py
[2025-05-31T19:31:07.154-0300] {logging_mixin.py:188} INFO - [2025-05-31T19:31:07.154-0300] {dag.py:3036} INFO - Sync 1 DAGs
[2025-05-31T19:31:07.162-0300] {logging_mixin.py:188} INFO - [2025-05-31T19:31:07.162-0300] {dag.py:3823} INFO - Setting next_dagrun for example_sensor_decorator to None, run_after=None
[2025-05-31T19:31:07.181-0300] {processor.py:183} INFO - Processing /home/walterg/Documentos/Data_projects/Data-Warehouse-postgres-DBT-airflow-/.venv/lib/python3.11/site-packages/airflow/example_dags/example_sensor_decorator.py took 0.057 seconds
[2025-05-31T19:41:25.272-0300] {processor.py:161} INFO - Started process (PID=12361) to work on /home/walterg/Documentos/Data_projects/Data-Warehouse-postgres-DBT-airflow-/.venv/lib/python3.11/site-packages/airflow/example_dags/example_sensor_decorator.py
[2025-05-31T19:41:25.277-0300] {processor.py:830} INFO - Processing file /home/walterg/Documentos/Data_projects/Data-Warehouse-postgres-DBT-airflow-/.venv/lib/python3.11/site-packages/airflow/example_dags/example_sensor_decorator.py for tasks to queue
[2025-05-31T19:41:25.278-0300] {logging_mixin.py:188} INFO - [2025-05-31T19:41:25.277-0300] {dagbag.py:538} INFO - Filling up the DagBag from /home/walterg/Documentos/Data_projects/Data-Warehouse-postgres-DBT-airflow-/.venv/lib/python3.11/site-packages/airflow/example_dags/example_sensor_decorator.py
[2025-05-31T19:41:25.283-0300] {processor.py:840} INFO - DAG(s) 'example_sensor_decorator' retrieved from /home/walterg/Documentos/Data_projects/Data-Warehouse-postgres-DBT-airflow-/.venv/lib/python3.11/site-packages/airflow/example_dags/example_sensor_decorator.py
[2025-05-31T19:41:25.357-0300] {logging_mixin.py:188} INFO - [2025-05-31T19:41:25.356-0300] {dag.py:3036} INFO - Sync 1 DAGs
[2025-05-31T19:41:25.363-0300] {logging_mixin.py:188} INFO - [2025-05-31T19:41:25.363-0300] {dag.py:3823} INFO - Setting next_dagrun for example_sensor_decorator to None, run_after=None
[2025-05-31T19:41:25.380-0300] {processor.py:183} INFO - Processing /home/walterg/Documentos/Data_projects/Data-Warehouse-postgres-DBT-airflow-/.venv/lib/python3.11/site-packages/airflow/example_dags/example_sensor_decorator.py took 0.111 seconds
[2025-05-31T19:42:21.413-0300] {processor.py:161} INFO - Started process (PID=12670) to work on /home/walterg/Documentos/Data_projects/Data-Warehouse-postgres-DBT-airflow-/.venv/lib/python3.11/site-packages/airflow/example_dags/example_sensor_decorator.py
[2025-05-31T19:42:21.414-0300] {processor.py:830} INFO - Processing file /home/walterg/Documentos/Data_projects/Data-Warehouse-postgres-DBT-airflow-/.venv/lib/python3.11/site-packages/airflow/example_dags/example_sensor_decorator.py for tasks to queue
[2025-05-31T19:42:21.415-0300] {logging_mixin.py:188} INFO - [2025-05-31T19:42:21.415-0300] {dagbag.py:538} INFO - Filling up the DagBag from /home/walterg/Documentos/Data_projects/Data-Warehouse-postgres-DBT-airflow-/.venv/lib/python3.11/site-packages/airflow/example_dags/example_sensor_decorator.py
[2025-05-31T19:42:21.420-0300] {processor.py:840} INFO - DAG(s) 'example_sensor_decorator' retrieved from /home/walterg/Documentos/Data_projects/Data-Warehouse-postgres-DBT-airflow-/.venv/lib/python3.11/site-packages/airflow/example_dags/example_sensor_decorator.py
[2025-05-31T19:42:21.433-0300] {logging_mixin.py:188} INFO - [2025-05-31T19:42:21.433-0300] {dag.py:3036} INFO - Sync 1 DAGs
[2025-05-31T19:42:21.441-0300] {logging_mixin.py:188} INFO - [2025-05-31T19:42:21.440-0300] {dag.py:3823} INFO - Setting next_dagrun for example_sensor_decorator to None, run_after=None
[2025-05-31T19:42:21.458-0300] {processor.py:183} INFO - Processing /home/walterg/Documentos/Data_projects/Data-Warehouse-postgres-DBT-airflow-/.venv/lib/python3.11/site-packages/airflow/example_dags/example_sensor_decorator.py took 0.047 seconds
[2025-05-31T19:43:10.099-0300] {processor.py:161} INFO - Started process (PID=12981) to work on /home/walterg/Documentos/Data_projects/Data-Warehouse-postgres-DBT-airflow-/.venv/lib/python3.11/site-packages/airflow/example_dags/example_sensor_decorator.py
[2025-05-31T19:43:10.104-0300] {processor.py:830} INFO - Processing file /home/walterg/Documentos/Data_projects/Data-Warehouse-postgres-DBT-airflow-/.venv/lib/python3.11/site-packages/airflow/example_dags/example_sensor_decorator.py for tasks to queue
[2025-05-31T19:43:10.105-0300] {logging_mixin.py:188} INFO - [2025-05-31T19:43:10.104-0300] {dagbag.py:538} INFO - Filling up the DagBag from /home/walterg/Documentos/Data_projects/Data-Warehouse-postgres-DBT-airflow-/.venv/lib/python3.11/site-packages/airflow/example_dags/example_sensor_decorator.py
[2025-05-31T19:43:10.110-0300] {processor.py:840} INFO - DAG(s) 'example_sensor_decorator' retrieved from /home/walterg/Documentos/Data_projects/Data-Warehouse-postgres-DBT-airflow-/.venv/lib/python3.11/site-packages/airflow/example_dags/example_sensor_decorator.py
[2025-05-31T19:43:10.123-0300] {logging_mixin.py:188} INFO - [2025-05-31T19:43:10.123-0300] {dag.py:3036} INFO - Sync 1 DAGs
[2025-05-31T19:43:10.132-0300] {logging_mixin.py:188} INFO - [2025-05-31T19:43:10.131-0300] {dag.py:3823} INFO - Setting next_dagrun for example_sensor_decorator to None, run_after=None
[2025-05-31T19:43:10.149-0300] {processor.py:183} INFO - Processing /home/walterg/Documentos/Data_projects/Data-Warehouse-postgres-DBT-airflow-/.venv/lib/python3.11/site-packages/airflow/example_dags/example_sensor_decorator.py took 0.052 seconds
[2025-05-31T19:43:53.367-0300] {processor.py:161} INFO - Started process (PID=13313) to work on /home/walterg/Documentos/Data_projects/Data-Warehouse-postgres-DBT-airflow-/.venv/lib/python3.11/site-packages/airflow/example_dags/example_sensor_decorator.py
[2025-05-31T19:43:53.372-0300] {processor.py:830} INFO - Processing file /home/walterg/Documentos/Data_projects/Data-Warehouse-postgres-DBT-airflow-/.venv/lib/python3.11/site-packages/airflow/example_dags/example_sensor_decorator.py for tasks to queue
[2025-05-31T19:43:53.374-0300] {logging_mixin.py:188} INFO - [2025-05-31T19:43:53.373-0300] {dagbag.py:538} INFO - Filling up the DagBag from /home/walterg/Documentos/Data_projects/Data-Warehouse-postgres-DBT-airflow-/.venv/lib/python3.11/site-packages/airflow/example_dags/example_sensor_decorator.py
[2025-05-31T19:43:53.379-0300] {processor.py:840} INFO - DAG(s) 'example_sensor_decorator' retrieved from /home/walterg/Documentos/Data_projects/Data-Warehouse-postgres-DBT-airflow-/.venv/lib/python3.11/site-packages/airflow/example_dags/example_sensor_decorator.py
[2025-05-31T19:43:53.393-0300] {logging_mixin.py:188} INFO - [2025-05-31T19:43:53.392-0300] {dag.py:3036} INFO - Sync 1 DAGs
[2025-05-31T19:43:53.400-0300] {logging_mixin.py:188} INFO - [2025-05-31T19:43:53.400-0300] {dag.py:3823} INFO - Setting next_dagrun for example_sensor_decorator to None, run_after=None
[2025-05-31T19:43:53.418-0300] {processor.py:183} INFO - Processing /home/walterg/Documentos/Data_projects/Data-Warehouse-postgres-DBT-airflow-/.venv/lib/python3.11/site-packages/airflow/example_dags/example_sensor_decorator.py took 0.053 seconds
[2025-05-31T19:44:57.970-0300] {processor.py:161} INFO - Started process (PID=13642) to work on /home/walterg/Documentos/Data_projects/Data-Warehouse-postgres-DBT-airflow-/.venv/lib/python3.11/site-packages/airflow/example_dags/example_sensor_decorator.py
[2025-05-31T19:44:57.975-0300] {processor.py:830} INFO - Processing file /home/walterg/Documentos/Data_projects/Data-Warehouse-postgres-DBT-airflow-/.venv/lib/python3.11/site-packages/airflow/example_dags/example_sensor_decorator.py for tasks to queue
[2025-05-31T19:44:57.975-0300] {logging_mixin.py:188} INFO - [2025-05-31T19:44:57.975-0300] {dagbag.py:538} INFO - Filling up the DagBag from /home/walterg/Documentos/Data_projects/Data-Warehouse-postgres-DBT-airflow-/.venv/lib/python3.11/site-packages/airflow/example_dags/example_sensor_decorator.py
[2025-05-31T19:44:57.981-0300] {processor.py:840} INFO - DAG(s) 'example_sensor_decorator' retrieved from /home/walterg/Documentos/Data_projects/Data-Warehouse-postgres-DBT-airflow-/.venv/lib/python3.11/site-packages/airflow/example_dags/example_sensor_decorator.py
[2025-05-31T19:44:57.994-0300] {logging_mixin.py:188} INFO - [2025-05-31T19:44:57.993-0300] {dag.py:3036} INFO - Sync 1 DAGs
[2025-05-31T19:44:58.001-0300] {logging_mixin.py:188} INFO - [2025-05-31T19:44:58.001-0300] {dag.py:3823} INFO - Setting next_dagrun for example_sensor_decorator to None, run_after=None
[2025-05-31T19:44:58.017-0300] {processor.py:183} INFO - Processing /home/walterg/Documentos/Data_projects/Data-Warehouse-postgres-DBT-airflow-/.venv/lib/python3.11/site-packages/airflow/example_dags/example_sensor_decorator.py took 0.049 seconds
[2025-05-31T19:45:43.570-0300] {processor.py:161} INFO - Started process (PID=13883) to work on /home/walterg/Documentos/Data_projects/Data-Warehouse-postgres-DBT-airflow-/.venv/lib/python3.11/site-packages/airflow/example_dags/example_sensor_decorator.py
[2025-05-31T19:45:43.575-0300] {processor.py:830} INFO - Processing file /home/walterg/Documentos/Data_projects/Data-Warehouse-postgres-DBT-airflow-/.venv/lib/python3.11/site-packages/airflow/example_dags/example_sensor_decorator.py for tasks to queue
[2025-05-31T19:45:43.576-0300] {logging_mixin.py:188} INFO - [2025-05-31T19:45:43.576-0300] {dagbag.py:538} INFO - Filling up the DagBag from /home/walterg/Documentos/Data_projects/Data-Warehouse-postgres-DBT-airflow-/.venv/lib/python3.11/site-packages/airflow/example_dags/example_sensor_decorator.py
[2025-05-31T19:45:43.581-0300] {processor.py:840} INFO - DAG(s) 'example_sensor_decorator' retrieved from /home/walterg/Documentos/Data_projects/Data-Warehouse-postgres-DBT-airflow-/.venv/lib/python3.11/site-packages/airflow/example_dags/example_sensor_decorator.py
[2025-05-31T19:45:43.594-0300] {logging_mixin.py:188} INFO - [2025-05-31T19:45:43.594-0300] {dag.py:3036} INFO - Sync 1 DAGs
[2025-05-31T19:45:43.601-0300] {logging_mixin.py:188} INFO - [2025-05-31T19:45:43.601-0300] {dag.py:3823} INFO - Setting next_dagrun for example_sensor_decorator to None, run_after=None
[2025-05-31T19:45:43.619-0300] {processor.py:183} INFO - Processing /home/walterg/Documentos/Data_projects/Data-Warehouse-postgres-DBT-airflow-/.venv/lib/python3.11/site-packages/airflow/example_dags/example_sensor_decorator.py took 0.051 seconds
[2025-05-31T19:46:41.543-0300] {processor.py:161} INFO - Started process (PID=14161) to work on /home/walterg/Documentos/Data_projects/Data-Warehouse-postgres-DBT-airflow-/.venv/lib/python3.11/site-packages/airflow/example_dags/example_sensor_decorator.py
[2025-05-31T19:46:41.548-0300] {processor.py:830} INFO - Processing file /home/walterg/Documentos/Data_projects/Data-Warehouse-postgres-DBT-airflow-/.venv/lib/python3.11/site-packages/airflow/example_dags/example_sensor_decorator.py for tasks to queue
[2025-05-31T19:46:41.550-0300] {logging_mixin.py:188} INFO - [2025-05-31T19:46:41.549-0300] {dagbag.py:538} INFO - Filling up the DagBag from /home/walterg/Documentos/Data_projects/Data-Warehouse-postgres-DBT-airflow-/.venv/lib/python3.11/site-packages/airflow/example_dags/example_sensor_decorator.py
[2025-05-31T19:46:41.555-0300] {processor.py:840} INFO - DAG(s) 'example_sensor_decorator' retrieved from /home/walterg/Documentos/Data_projects/Data-Warehouse-postgres-DBT-airflow-/.venv/lib/python3.11/site-packages/airflow/example_dags/example_sensor_decorator.py
[2025-05-31T19:46:41.567-0300] {logging_mixin.py:188} INFO - [2025-05-31T19:46:41.567-0300] {dag.py:3036} INFO - Sync 1 DAGs
[2025-05-31T19:46:41.575-0300] {logging_mixin.py:188} INFO - [2025-05-31T19:46:41.575-0300] {dag.py:3823} INFO - Setting next_dagrun for example_sensor_decorator to None, run_after=None
[2025-05-31T19:46:41.591-0300] {processor.py:183} INFO - Processing /home/walterg/Documentos/Data_projects/Data-Warehouse-postgres-DBT-airflow-/.venv/lib/python3.11/site-packages/airflow/example_dags/example_sensor_decorator.py took 0.050 seconds
[2025-05-31T19:47:38.855-0300] {processor.py:161} INFO - Started process (PID=14390) to work on /home/walterg/Documentos/Data_projects/Data-Warehouse-postgres-DBT-airflow-/.venv/lib/python3.11/site-packages/airflow/example_dags/example_sensor_decorator.py
[2025-05-31T19:47:38.860-0300] {processor.py:830} INFO - Processing file /home/walterg/Documentos/Data_projects/Data-Warehouse-postgres-DBT-airflow-/.venv/lib/python3.11/site-packages/airflow/example_dags/example_sensor_decorator.py for tasks to queue
[2025-05-31T19:47:38.861-0300] {logging_mixin.py:188} INFO - [2025-05-31T19:47:38.860-0300] {dagbag.py:538} INFO - Filling up the DagBag from /home/walterg/Documentos/Data_projects/Data-Warehouse-postgres-DBT-airflow-/.venv/lib/python3.11/site-packages/airflow/example_dags/example_sensor_decorator.py
[2025-05-31T19:47:38.866-0300] {processor.py:840} INFO - DAG(s) 'example_sensor_decorator' retrieved from /home/walterg/Documentos/Data_projects/Data-Warehouse-postgres-DBT-airflow-/.venv/lib/python3.11/site-packages/airflow/example_dags/example_sensor_decorator.py
[2025-05-31T19:47:38.881-0300] {logging_mixin.py:188} INFO - [2025-05-31T19:47:38.881-0300] {dag.py:3036} INFO - Sync 1 DAGs
[2025-05-31T19:47:38.891-0300] {logging_mixin.py:188} INFO - [2025-05-31T19:47:38.891-0300] {dag.py:3823} INFO - Setting next_dagrun for example_sensor_decorator to None, run_after=None
[2025-05-31T19:47:38.911-0300] {processor.py:183} INFO - Processing /home/walterg/Documentos/Data_projects/Data-Warehouse-postgres-DBT-airflow-/.venv/lib/python3.11/site-packages/airflow/example_dags/example_sensor_decorator.py took 0.058 seconds
