[2025-05-31T19:30:24.934-0300] {processor.py:161} INFO - Started process (PID=9807) to work on /home/walterg/Documentos/Data_projects/Data-Warehouse-postgres-DBT-airflow-/.venv/lib/python3.11/site-packages/airflow/example_dags/example_external_task_marker_dag.py
[2025-05-31T19:30:24.935-0300] {processor.py:830} INFO - Processing file /home/walterg/Documentos/Data_projects/Data-Warehouse-postgres-DBT-airflow-/.venv/lib/python3.11/site-packages/airflow/example_dags/example_external_task_marker_dag.py for tasks to queue
[2025-05-31T19:30:24.936-0300] {logging_mixin.py:188} INFO - [2025-05-31T19:30:24.936-0300] {dagbag.py:538} INFO - Filling up the DagBag from /home/walterg/Documentos/Data_projects/Data-Warehouse-postgres-DBT-airflow-/.venv/lib/python3.11/site-packages/airflow/example_dags/example_external_task_marker_dag.py
[2025-05-31T19:30:24.941-0300] {processor.py:840} INFO - DAG(s) 'example_external_task_marker_child', 'example_external_task_marker_parent' retrieved from /home/walterg/Documentos/Data_projects/Data-Warehouse-postgres-DBT-airflow-/.venv/lib/python3.11/site-packages/airflow/example_dags/example_external_task_marker_dag.py
[2025-05-31T19:30:25.022-0300] {logging_mixin.py:188} INFO - [2025-05-31T19:30:25.021-0300] {override.py:1769} INFO - Created Permission View: can edit on DAG:example_external_task_marker_child
[2025-05-31T19:30:25.032-0300] {logging_mixin.py:188} INFO - [2025-05-31T19:30:25.031-0300] {override.py:1769} INFO - Created Permission View: can read on DAG:example_external_task_marker_child
[2025-05-31T19:30:25.039-0300] {logging_mixin.py:188} INFO - [2025-05-31T19:30:25.039-0300] {override.py:1769} INFO - Created Permission View: can delete on DAG:example_external_task_marker_child
[2025-05-31T19:30:25.055-0300] {logging_mixin.py:188} INFO - [2025-05-31T19:30:25.054-0300] {override.py:1769} INFO - Created Permission View: can edit on DAG:example_external_task_marker_parent
[2025-05-31T19:30:25.062-0300] {logging_mixin.py:188} INFO - [2025-05-31T19:30:25.062-0300] {override.py:1769} INFO - Created Permission View: can read on DAG:example_external_task_marker_parent
[2025-05-31T19:30:25.070-0300] {logging_mixin.py:188} INFO - [2025-05-31T19:30:25.069-0300] {override.py:1769} INFO - Created Permission View: can delete on DAG:example_external_task_marker_parent
[2025-05-31T19:30:25.070-0300] {logging_mixin.py:188} INFO - [2025-05-31T19:30:25.070-0300] {dag.py:3036} INFO - Sync 2 DAGs
[2025-05-31T19:30:25.076-0300] {logging_mixin.py:188} INFO - [2025-05-31T19:30:25.076-0300] {dag.py:3058} INFO - Creating ORM DAG for example_external_task_marker_parent
[2025-05-31T19:30:25.077-0300] {logging_mixin.py:188} INFO - [2025-05-31T19:30:25.076-0300] {dag.py:3058} INFO - Creating ORM DAG for example_external_task_marker_child
[2025-05-31T19:30:25.077-0300] {logging_mixin.py:188} INFO - [2025-05-31T19:30:25.077-0300] {dag.py:3823} INFO - Setting next_dagrun for example_external_task_marker_child to None, run_after=None
[2025-05-31T19:30:25.077-0300] {logging_mixin.py:188} INFO - [2025-05-31T19:30:25.077-0300] {dag.py:3823} INFO - Setting next_dagrun for example_external_task_marker_parent to None, run_after=None
[2025-05-31T19:30:25.092-0300] {processor.py:183} INFO - Processing /home/walterg/Documentos/Data_projects/Data-Warehouse-postgres-DBT-airflow-/.venv/lib/python3.11/site-packages/airflow/example_dags/example_external_task_marker_dag.py took 0.161 seconds
[2025-05-31T19:31:12.605-0300] {processor.py:161} INFO - Started process (PID=9997) to work on /home/walterg/Documentos/Data_projects/Data-Warehouse-postgres-DBT-airflow-/.venv/lib/python3.11/site-packages/airflow/example_dags/example_external_task_marker_dag.py
[2025-05-31T19:31:12.610-0300] {processor.py:830} INFO - Processing file /home/walterg/Documentos/Data_projects/Data-Warehouse-postgres-DBT-airflow-/.venv/lib/python3.11/site-packages/airflow/example_dags/example_external_task_marker_dag.py for tasks to queue
[2025-05-31T19:31:12.611-0300] {logging_mixin.py:188} INFO - [2025-05-31T19:31:12.611-0300] {dagbag.py:538} INFO - Filling up the DagBag from /home/walterg/Documentos/Data_projects/Data-Warehouse-postgres-DBT-airflow-/.venv/lib/python3.11/site-packages/airflow/example_dags/example_external_task_marker_dag.py
[2025-05-31T19:31:12.616-0300] {processor.py:840} INFO - DAG(s) 'example_external_task_marker_child', 'example_external_task_marker_parent' retrieved from /home/walterg/Documentos/Data_projects/Data-Warehouse-postgres-DBT-airflow-/.venv/lib/python3.11/site-packages/airflow/example_dags/example_external_task_marker_dag.py
[2025-05-31T19:31:12.630-0300] {logging_mixin.py:188} INFO - [2025-05-31T19:31:12.630-0300] {dag.py:3036} INFO - Sync 2 DAGs
[2025-05-31T19:31:12.639-0300] {logging_mixin.py:188} INFO - [2025-05-31T19:31:12.638-0300] {dag.py:3823} INFO - Setting next_dagrun for example_external_task_marker_child to None, run_after=None
[2025-05-31T19:31:12.641-0300] {logging_mixin.py:188} INFO - [2025-05-31T19:31:12.641-0300] {dag.py:3823} INFO - Setting next_dagrun for example_external_task_marker_parent to None, run_after=None
[2025-05-31T19:31:12.656-0300] {processor.py:183} INFO - Processing /home/walterg/Documentos/Data_projects/Data-Warehouse-postgres-DBT-airflow-/.venv/lib/python3.11/site-packages/airflow/example_dags/example_external_task_marker_dag.py took 0.054 seconds
