[2025-05-31T19:30:07.974-0300] {processor.py:161} INFO - Started process (PID=9713) to work on /home/walterg/Documentos/Data_projects/Data-Warehouse-postgres-DBT-airflow-/.venv/lib/python3.11/site-packages/airflow/example_dags/example_setup_teardown_taskflow.py
[2025-05-31T19:30:07.976-0300] {processor.py:830} INFO - Processing file /home/walterg/Documentos/Data_projects/Data-Warehouse-postgres-DBT-airflow-/.venv/lib/python3.11/site-packages/airflow/example_dags/example_setup_teardown_taskflow.py for tasks to queue
[2025-05-31T19:30:07.976-0300] {logging_mixin.py:188} INFO - [2025-05-31T19:30:07.976-0300] {dagbag.py:538} INFO - Filling up the DagBag from /home/walterg/Documentos/Data_projects/Data-Warehouse-postgres-DBT-airflow-/.venv/lib/python3.11/site-packages/airflow/example_dags/example_setup_teardown_taskflow.py
[2025-05-31T19:30:07.992-0300] {processor.py:840} INFO - DAG(s) 'example_setup_teardown_taskflow' retrieved from /home/walterg/Documentos/Data_projects/Data-Warehouse-postgres-DBT-airflow-/.venv/lib/python3.11/site-packages/airflow/example_dags/example_setup_teardown_taskflow.py
[2025-05-31T19:30:08.098-0300] {logging_mixin.py:188} INFO - [2025-05-31T19:30:08.097-0300] {override.py:1769} INFO - Created Permission View: can edit on DAG:example_setup_teardown_taskflow
[2025-05-31T19:30:08.108-0300] {logging_mixin.py:188} INFO - [2025-05-31T19:30:08.108-0300] {override.py:1769} INFO - Created Permission View: can read on DAG:example_setup_teardown_taskflow
[2025-05-31T19:30:08.117-0300] {logging_mixin.py:188} INFO - [2025-05-31T19:30:08.116-0300] {override.py:1769} INFO - Created Permission View: can delete on DAG:example_setup_teardown_taskflow
[2025-05-31T19:30:08.117-0300] {logging_mixin.py:188} INFO - [2025-05-31T19:30:08.117-0300] {dag.py:3036} INFO - Sync 1 DAGs
[2025-05-31T19:30:08.124-0300] {logging_mixin.py:188} INFO - [2025-05-31T19:30:08.123-0300] {dag.py:3058} INFO - Creating ORM DAG for example_setup_teardown_taskflow
[2025-05-31T19:30:08.130-0300] {logging_mixin.py:188} INFO - [2025-05-31T19:30:08.129-0300] {dag.py:3823} INFO - Setting next_dagrun for example_setup_teardown_taskflow to 2025-05-30 00:00:00+00:00, run_after=2025-05-31 00:00:00+00:00
[2025-05-31T19:30:08.147-0300] {processor.py:183} INFO - Processing /home/walterg/Documentos/Data_projects/Data-Warehouse-postgres-DBT-airflow-/.venv/lib/python3.11/site-packages/airflow/example_dags/example_setup_teardown_taskflow.py took 0.176 seconds
[2025-05-31T19:30:56.394-0300] {processor.py:161} INFO - Started process (PID=9914) to work on /home/walterg/Documentos/Data_projects/Data-Warehouse-postgres-DBT-airflow-/.venv/lib/python3.11/site-packages/airflow/example_dags/example_setup_teardown_taskflow.py
[2025-05-31T19:30:56.400-0300] {processor.py:830} INFO - Processing file /home/walterg/Documentos/Data_projects/Data-Warehouse-postgres-DBT-airflow-/.venv/lib/python3.11/site-packages/airflow/example_dags/example_setup_teardown_taskflow.py for tasks to queue
[2025-05-31T19:30:56.401-0300] {logging_mixin.py:188} INFO - [2025-05-31T19:30:56.400-0300] {dagbag.py:538} INFO - Filling up the DagBag from /home/walterg/Documentos/Data_projects/Data-Warehouse-postgres-DBT-airflow-/.venv/lib/python3.11/site-packages/airflow/example_dags/example_setup_teardown_taskflow.py
[2025-05-31T19:30:56.408-0300] {processor.py:840} INFO - DAG(s) 'example_setup_teardown_taskflow' retrieved from /home/walterg/Documentos/Data_projects/Data-Warehouse-postgres-DBT-airflow-/.venv/lib/python3.11/site-packages/airflow/example_dags/example_setup_teardown_taskflow.py
[2025-05-31T19:30:56.421-0300] {logging_mixin.py:188} INFO - [2025-05-31T19:30:56.421-0300] {dag.py:3036} INFO - Sync 1 DAGs
[2025-05-31T19:30:56.435-0300] {logging_mixin.py:188} INFO - [2025-05-31T19:30:56.435-0300] {dag.py:3823} INFO - Setting next_dagrun for example_setup_teardown_taskflow to 2025-05-30 00:00:00+00:00, run_after=2025-05-31 00:00:00+00:00
[2025-05-31T19:30:56.450-0300] {processor.py:183} INFO - Processing /home/walterg/Documentos/Data_projects/Data-Warehouse-postgres-DBT-airflow-/.venv/lib/python3.11/site-packages/airflow/example_dags/example_setup_teardown_taskflow.py took 0.058 seconds
[2025-05-31T19:41:10.861-0300] {processor.py:161} INFO - Started process (PID=12254) to work on /home/walterg/Documentos/Data_projects/Data-Warehouse-postgres-DBT-airflow-/.venv/lib/python3.11/site-packages/airflow/example_dags/example_setup_teardown_taskflow.py
[2025-05-31T19:41:10.866-0300] {processor.py:830} INFO - Processing file /home/walterg/Documentos/Data_projects/Data-Warehouse-postgres-DBT-airflow-/.venv/lib/python3.11/site-packages/airflow/example_dags/example_setup_teardown_taskflow.py for tasks to queue
[2025-05-31T19:41:10.867-0300] {logging_mixin.py:188} INFO - [2025-05-31T19:41:10.867-0300] {dagbag.py:538} INFO - Filling up the DagBag from /home/walterg/Documentos/Data_projects/Data-Warehouse-postgres-DBT-airflow-/.venv/lib/python3.11/site-packages/airflow/example_dags/example_setup_teardown_taskflow.py
[2025-05-31T19:41:10.876-0300] {processor.py:840} INFO - DAG(s) 'example_setup_teardown_taskflow' retrieved from /home/walterg/Documentos/Data_projects/Data-Warehouse-postgres-DBT-airflow-/.venv/lib/python3.11/site-packages/airflow/example_dags/example_setup_teardown_taskflow.py
[2025-05-31T19:41:10.944-0300] {logging_mixin.py:188} INFO - [2025-05-31T19:41:10.944-0300] {dag.py:3036} INFO - Sync 1 DAGs
[2025-05-31T19:41:10.956-0300] {logging_mixin.py:188} INFO - [2025-05-31T19:41:10.955-0300] {dag.py:3823} INFO - Setting next_dagrun for example_setup_teardown_taskflow to 2025-05-30 00:00:00+00:00, run_after=2025-05-31 00:00:00+00:00
[2025-05-31T19:41:10.971-0300] {processor.py:183} INFO - Processing /home/walterg/Documentos/Data_projects/Data-Warehouse-postgres-DBT-airflow-/.venv/lib/python3.11/site-packages/airflow/example_dags/example_setup_teardown_taskflow.py took 0.113 seconds
[2025-05-31T19:42:08.414-0300] {processor.py:161} INFO - Started process (PID=12591) to work on /home/walterg/Documentos/Data_projects/Data-Warehouse-postgres-DBT-airflow-/.venv/lib/python3.11/site-packages/airflow/example_dags/example_setup_teardown_taskflow.py
[2025-05-31T19:42:08.420-0300] {processor.py:830} INFO - Processing file /home/walterg/Documentos/Data_projects/Data-Warehouse-postgres-DBT-airflow-/.venv/lib/python3.11/site-packages/airflow/example_dags/example_setup_teardown_taskflow.py for tasks to queue
[2025-05-31T19:42:08.421-0300] {logging_mixin.py:188} INFO - [2025-05-31T19:42:08.420-0300] {dagbag.py:538} INFO - Filling up the DagBag from /home/walterg/Documentos/Data_projects/Data-Warehouse-postgres-DBT-airflow-/.venv/lib/python3.11/site-packages/airflow/example_dags/example_setup_teardown_taskflow.py
[2025-05-31T19:42:08.429-0300] {processor.py:840} INFO - DAG(s) 'example_setup_teardown_taskflow' retrieved from /home/walterg/Documentos/Data_projects/Data-Warehouse-postgres-DBT-airflow-/.venv/lib/python3.11/site-packages/airflow/example_dags/example_setup_teardown_taskflow.py
[2025-05-31T19:42:08.441-0300] {logging_mixin.py:188} INFO - [2025-05-31T19:42:08.441-0300] {dag.py:3036} INFO - Sync 1 DAGs
[2025-05-31T19:42:08.458-0300] {logging_mixin.py:188} INFO - [2025-05-31T19:42:08.457-0300] {dag.py:3823} INFO - Setting next_dagrun for example_setup_teardown_taskflow to 2025-05-30 00:00:00+00:00, run_after=2025-05-31 00:00:00+00:00
[2025-05-31T19:42:08.475-0300] {processor.py:183} INFO - Processing /home/walterg/Documentos/Data_projects/Data-Warehouse-postgres-DBT-airflow-/.venv/lib/python3.11/site-packages/airflow/example_dags/example_setup_teardown_taskflow.py took 0.063 seconds
[2025-05-31T19:42:54.634-0300] {processor.py:161} INFO - Started process (PID=12864) to work on /home/walterg/Documentos/Data_projects/Data-Warehouse-postgres-DBT-airflow-/.venv/lib/python3.11/site-packages/airflow/example_dags/example_setup_teardown_taskflow.py
[2025-05-31T19:42:54.639-0300] {processor.py:830} INFO - Processing file /home/walterg/Documentos/Data_projects/Data-Warehouse-postgres-DBT-airflow-/.venv/lib/python3.11/site-packages/airflow/example_dags/example_setup_teardown_taskflow.py for tasks to queue
[2025-05-31T19:42:54.641-0300] {logging_mixin.py:188} INFO - [2025-05-31T19:42:54.640-0300] {dagbag.py:538} INFO - Filling up the DagBag from /home/walterg/Documentos/Data_projects/Data-Warehouse-postgres-DBT-airflow-/.venv/lib/python3.11/site-packages/airflow/example_dags/example_setup_teardown_taskflow.py
[2025-05-31T19:42:54.649-0300] {processor.py:840} INFO - DAG(s) 'example_setup_teardown_taskflow' retrieved from /home/walterg/Documentos/Data_projects/Data-Warehouse-postgres-DBT-airflow-/.venv/lib/python3.11/site-packages/airflow/example_dags/example_setup_teardown_taskflow.py
[2025-05-31T19:42:54.661-0300] {logging_mixin.py:188} INFO - [2025-05-31T19:42:54.661-0300] {dag.py:3036} INFO - Sync 1 DAGs
[2025-05-31T19:42:54.674-0300] {logging_mixin.py:188} INFO - [2025-05-31T19:42:54.674-0300] {dag.py:3823} INFO - Setting next_dagrun for example_setup_teardown_taskflow to 2025-05-30 00:00:00+00:00, run_after=2025-05-31 00:00:00+00:00
[2025-05-31T19:42:54.689-0300] {processor.py:183} INFO - Processing /home/walterg/Documentos/Data_projects/Data-Warehouse-postgres-DBT-airflow-/.venv/lib/python3.11/site-packages/airflow/example_dags/example_setup_teardown_taskflow.py took 0.057 seconds
[2025-05-31T19:43:44.513-0300] {processor.py:161} INFO - Started process (PID=13302) to work on /home/walterg/Documentos/Data_projects/Data-Warehouse-postgres-DBT-airflow-/.venv/lib/python3.11/site-packages/airflow/example_dags/example_setup_teardown_taskflow.py
[2025-05-31T19:43:44.514-0300] {processor.py:830} INFO - Processing file /home/walterg/Documentos/Data_projects/Data-Warehouse-postgres-DBT-airflow-/.venv/lib/python3.11/site-packages/airflow/example_dags/example_setup_teardown_taskflow.py for tasks to queue
[2025-05-31T19:43:44.515-0300] {logging_mixin.py:188} INFO - [2025-05-31T19:43:44.514-0300] {dagbag.py:538} INFO - Filling up the DagBag from /home/walterg/Documentos/Data_projects/Data-Warehouse-postgres-DBT-airflow-/.venv/lib/python3.11/site-packages/airflow/example_dags/example_setup_teardown_taskflow.py
[2025-05-31T19:43:44.523-0300] {processor.py:840} INFO - DAG(s) 'example_setup_teardown_taskflow' retrieved from /home/walterg/Documentos/Data_projects/Data-Warehouse-postgres-DBT-airflow-/.venv/lib/python3.11/site-packages/airflow/example_dags/example_setup_teardown_taskflow.py
[2025-05-31T19:43:44.537-0300] {logging_mixin.py:188} INFO - [2025-05-31T19:43:44.536-0300] {dag.py:3036} INFO - Sync 1 DAGs
[2025-05-31T19:43:44.551-0300] {logging_mixin.py:188} INFO - [2025-05-31T19:43:44.551-0300] {dag.py:3823} INFO - Setting next_dagrun for example_setup_teardown_taskflow to 2025-05-30 00:00:00+00:00, run_after=2025-05-31 00:00:00+00:00
[2025-05-31T19:43:44.567-0300] {processor.py:183} INFO - Processing /home/walterg/Documentos/Data_projects/Data-Warehouse-postgres-DBT-airflow-/.venv/lib/python3.11/site-packages/airflow/example_dags/example_setup_teardown_taskflow.py took 0.057 seconds
[2025-05-31T19:44:29.220-0300] {processor.py:161} INFO - Started process (PID=13558) to work on /home/walterg/Documentos/Data_projects/Data-Warehouse-postgres-DBT-airflow-/.venv/lib/python3.11/site-packages/airflow/example_dags/example_setup_teardown_taskflow.py
[2025-05-31T19:44:29.226-0300] {processor.py:830} INFO - Processing file /home/walterg/Documentos/Data_projects/Data-Warehouse-postgres-DBT-airflow-/.venv/lib/python3.11/site-packages/airflow/example_dags/example_setup_teardown_taskflow.py for tasks to queue
[2025-05-31T19:44:29.227-0300] {logging_mixin.py:188} INFO - [2025-05-31T19:44:29.227-0300] {dagbag.py:538} INFO - Filling up the DagBag from /home/walterg/Documentos/Data_projects/Data-Warehouse-postgres-DBT-airflow-/.venv/lib/python3.11/site-packages/airflow/example_dags/example_setup_teardown_taskflow.py
[2025-05-31T19:44:29.235-0300] {processor.py:840} INFO - DAG(s) 'example_setup_teardown_taskflow' retrieved from /home/walterg/Documentos/Data_projects/Data-Warehouse-postgres-DBT-airflow-/.venv/lib/python3.11/site-packages/airflow/example_dags/example_setup_teardown_taskflow.py
[2025-05-31T19:44:29.248-0300] {logging_mixin.py:188} INFO - [2025-05-31T19:44:29.248-0300] {dag.py:3036} INFO - Sync 1 DAGs
[2025-05-31T19:44:29.262-0300] {logging_mixin.py:188} INFO - [2025-05-31T19:44:29.262-0300] {dag.py:3823} INFO - Setting next_dagrun for example_setup_teardown_taskflow to 2025-05-30 00:00:00+00:00, run_after=2025-05-31 00:00:00+00:00
[2025-05-31T19:44:29.279-0300] {processor.py:183} INFO - Processing /home/walterg/Documentos/Data_projects/Data-Warehouse-postgres-DBT-airflow-/.venv/lib/python3.11/site-packages/airflow/example_dags/example_setup_teardown_taskflow.py took 0.061 seconds
[2025-05-31T19:45:17.108-0300] {processor.py:161} INFO - Started process (PID=13767) to work on /home/walterg/Documentos/Data_projects/Data-Warehouse-postgres-DBT-airflow-/.venv/lib/python3.11/site-packages/airflow/example_dags/example_setup_teardown_taskflow.py
[2025-05-31T19:45:17.113-0300] {processor.py:830} INFO - Processing file /home/walterg/Documentos/Data_projects/Data-Warehouse-postgres-DBT-airflow-/.venv/lib/python3.11/site-packages/airflow/example_dags/example_setup_teardown_taskflow.py for tasks to queue
[2025-05-31T19:45:17.114-0300] {logging_mixin.py:188} INFO - [2025-05-31T19:45:17.114-0300] {dagbag.py:538} INFO - Filling up the DagBag from /home/walterg/Documentos/Data_projects/Data-Warehouse-postgres-DBT-airflow-/.venv/lib/python3.11/site-packages/airflow/example_dags/example_setup_teardown_taskflow.py
[2025-05-31T19:45:17.122-0300] {processor.py:840} INFO - DAG(s) 'example_setup_teardown_taskflow' retrieved from /home/walterg/Documentos/Data_projects/Data-Warehouse-postgres-DBT-airflow-/.venv/lib/python3.11/site-packages/airflow/example_dags/example_setup_teardown_taskflow.py
[2025-05-31T19:45:17.134-0300] {logging_mixin.py:188} INFO - [2025-05-31T19:45:17.134-0300] {dag.py:3036} INFO - Sync 1 DAGs
[2025-05-31T19:45:17.149-0300] {logging_mixin.py:188} INFO - [2025-05-31T19:45:17.149-0300] {dag.py:3823} INFO - Setting next_dagrun for example_setup_teardown_taskflow to 2025-05-30 00:00:00+00:00, run_after=2025-05-31 00:00:00+00:00
[2025-05-31T19:45:17.174-0300] {processor.py:183} INFO - Processing /home/walterg/Documentos/Data_projects/Data-Warehouse-postgres-DBT-airflow-/.venv/lib/python3.11/site-packages/airflow/example_dags/example_setup_teardown_taskflow.py took 0.068 seconds
[2025-05-31T19:45:57.736-0300] {processor.py:161} INFO - Started process (PID=13942) to work on /home/walterg/Documentos/Data_projects/Data-Warehouse-postgres-DBT-airflow-/.venv/lib/python3.11/site-packages/airflow/example_dags/example_setup_teardown_taskflow.py
[2025-05-31T19:45:57.740-0300] {processor.py:830} INFO - Processing file /home/walterg/Documentos/Data_projects/Data-Warehouse-postgres-DBT-airflow-/.venv/lib/python3.11/site-packages/airflow/example_dags/example_setup_teardown_taskflow.py for tasks to queue
[2025-05-31T19:45:57.741-0300] {logging_mixin.py:188} INFO - [2025-05-31T19:45:57.741-0300] {dagbag.py:538} INFO - Filling up the DagBag from /home/walterg/Documentos/Data_projects/Data-Warehouse-postgres-DBT-airflow-/.venv/lib/python3.11/site-packages/airflow/example_dags/example_setup_teardown_taskflow.py
[2025-05-31T19:45:57.750-0300] {processor.py:840} INFO - DAG(s) 'example_setup_teardown_taskflow' retrieved from /home/walterg/Documentos/Data_projects/Data-Warehouse-postgres-DBT-airflow-/.venv/lib/python3.11/site-packages/airflow/example_dags/example_setup_teardown_taskflow.py
[2025-05-31T19:45:57.763-0300] {logging_mixin.py:188} INFO - [2025-05-31T19:45:57.763-0300] {dag.py:3036} INFO - Sync 1 DAGs
[2025-05-31T19:45:57.777-0300] {logging_mixin.py:188} INFO - [2025-05-31T19:45:57.776-0300] {dag.py:3823} INFO - Setting next_dagrun for example_setup_teardown_taskflow to 2025-05-30 00:00:00+00:00, run_after=2025-05-31 00:00:00+00:00
[2025-05-31T19:45:57.793-0300] {processor.py:183} INFO - Processing /home/walterg/Documentos/Data_projects/Data-Warehouse-postgres-DBT-airflow-/.venv/lib/python3.11/site-packages/airflow/example_dags/example_setup_teardown_taskflow.py took 0.061 seconds
[2025-05-31T19:46:36.112-0300] {processor.py:161} INFO - Started process (PID=14155) to work on /home/walterg/Documentos/Data_projects/Data-Warehouse-postgres-DBT-airflow-/.venv/lib/python3.11/site-packages/airflow/example_dags/example_setup_teardown_taskflow.py
[2025-05-31T19:46:36.117-0300] {processor.py:830} INFO - Processing file /home/walterg/Documentos/Data_projects/Data-Warehouse-postgres-DBT-airflow-/.venv/lib/python3.11/site-packages/airflow/example_dags/example_setup_teardown_taskflow.py for tasks to queue
[2025-05-31T19:46:36.118-0300] {logging_mixin.py:188} INFO - [2025-05-31T19:46:36.118-0300] {dagbag.py:538} INFO - Filling up the DagBag from /home/walterg/Documentos/Data_projects/Data-Warehouse-postgres-DBT-airflow-/.venv/lib/python3.11/site-packages/airflow/example_dags/example_setup_teardown_taskflow.py
[2025-05-31T19:46:36.127-0300] {processor.py:840} INFO - DAG(s) 'example_setup_teardown_taskflow' retrieved from /home/walterg/Documentos/Data_projects/Data-Warehouse-postgres-DBT-airflow-/.venv/lib/python3.11/site-packages/airflow/example_dags/example_setup_teardown_taskflow.py
[2025-05-31T19:46:36.139-0300] {logging_mixin.py:188} INFO - [2025-05-31T19:46:36.138-0300] {dag.py:3036} INFO - Sync 1 DAGs
[2025-05-31T19:46:36.151-0300] {logging_mixin.py:188} INFO - [2025-05-31T19:46:36.151-0300] {dag.py:3823} INFO - Setting next_dagrun for example_setup_teardown_taskflow to 2025-05-30 00:00:00+00:00, run_after=2025-05-31 00:00:00+00:00
[2025-05-31T19:46:36.167-0300] {processor.py:183} INFO - Processing /home/walterg/Documentos/Data_projects/Data-Warehouse-postgres-DBT-airflow-/.venv/lib/python3.11/site-packages/airflow/example_dags/example_setup_teardown_taskflow.py took 0.058 seconds
[2025-05-31T19:47:15.636-0300] {processor.py:161} INFO - Started process (PID=14290) to work on /home/walterg/Documentos/Data_projects/Data-Warehouse-postgres-DBT-airflow-/.venv/lib/python3.11/site-packages/airflow/example_dags/example_setup_teardown_taskflow.py
[2025-05-31T19:47:15.642-0300] {processor.py:830} INFO - Processing file /home/walterg/Documentos/Data_projects/Data-Warehouse-postgres-DBT-airflow-/.venv/lib/python3.11/site-packages/airflow/example_dags/example_setup_teardown_taskflow.py for tasks to queue
[2025-05-31T19:47:15.642-0300] {logging_mixin.py:188} INFO - [2025-05-31T19:47:15.642-0300] {dagbag.py:538} INFO - Filling up the DagBag from /home/walterg/Documentos/Data_projects/Data-Warehouse-postgres-DBT-airflow-/.venv/lib/python3.11/site-packages/airflow/example_dags/example_setup_teardown_taskflow.py
[2025-05-31T19:47:15.651-0300] {processor.py:840} INFO - DAG(s) 'example_setup_teardown_taskflow' retrieved from /home/walterg/Documentos/Data_projects/Data-Warehouse-postgres-DBT-airflow-/.venv/lib/python3.11/site-packages/airflow/example_dags/example_setup_teardown_taskflow.py
[2025-05-31T19:47:15.663-0300] {logging_mixin.py:188} INFO - [2025-05-31T19:47:15.663-0300] {dag.py:3036} INFO - Sync 1 DAGs
[2025-05-31T19:47:15.677-0300] {logging_mixin.py:188} INFO - [2025-05-31T19:47:15.677-0300] {dag.py:3823} INFO - Setting next_dagrun for example_setup_teardown_taskflow to 2025-05-30 00:00:00+00:00, run_after=2025-05-31 00:00:00+00:00
[2025-05-31T19:47:15.696-0300] {processor.py:183} INFO - Processing /home/walterg/Documentos/Data_projects/Data-Warehouse-postgres-DBT-airflow-/.venv/lib/python3.11/site-packages/airflow/example_dags/example_setup_teardown_taskflow.py took 0.062 seconds
[2025-05-31T19:47:54.983-0300] {processor.py:161} INFO - Started process (PID=14415) to work on /home/walterg/Documentos/Data_projects/Data-Warehouse-postgres-DBT-airflow-/.venv/lib/python3.11/site-packages/airflow/example_dags/example_setup_teardown_taskflow.py
[2025-05-31T19:47:54.988-0300] {processor.py:830} INFO - Processing file /home/walterg/Documentos/Data_projects/Data-Warehouse-postgres-DBT-airflow-/.venv/lib/python3.11/site-packages/airflow/example_dags/example_setup_teardown_taskflow.py for tasks to queue
[2025-05-31T19:47:54.989-0300] {logging_mixin.py:188} INFO - [2025-05-31T19:47:54.989-0300] {dagbag.py:538} INFO - Filling up the DagBag from /home/walterg/Documentos/Data_projects/Data-Warehouse-postgres-DBT-airflow-/.venv/lib/python3.11/site-packages/airflow/example_dags/example_setup_teardown_taskflow.py
[2025-05-31T19:47:54.998-0300] {processor.py:840} INFO - DAG(s) 'example_setup_teardown_taskflow' retrieved from /home/walterg/Documentos/Data_projects/Data-Warehouse-postgres-DBT-airflow-/.venv/lib/python3.11/site-packages/airflow/example_dags/example_setup_teardown_taskflow.py
[2025-05-31T19:47:55.010-0300] {logging_mixin.py:188} INFO - [2025-05-31T19:47:55.010-0300] {dag.py:3036} INFO - Sync 1 DAGs
[2025-05-31T19:47:55.023-0300] {logging_mixin.py:188} INFO - [2025-05-31T19:47:55.023-0300] {dag.py:3823} INFO - Setting next_dagrun for example_setup_teardown_taskflow to 2025-05-30 00:00:00+00:00, run_after=2025-05-31 00:00:00+00:00
[2025-05-31T19:47:55.039-0300] {processor.py:183} INFO - Processing /home/walterg/Documentos/Data_projects/Data-Warehouse-postgres-DBT-airflow-/.venv/lib/python3.11/site-packages/airflow/example_dags/example_setup_teardown_taskflow.py took 0.058 seconds
