[2025-05-31T19:30:17.215-0300] {processor.py:161} INFO - Started process (PID=9782) to work on /home/walterg/Documentos/Data_projects/Data-Warehouse-postgres-DBT-airflow-/.venv/lib/python3.11/site-packages/airflow/example_dags/example_python_decorator.py
[2025-05-31T19:30:17.216-0300] {processor.py:830} INFO - Processing file /home/walterg/Documentos/Data_projects/Data-Warehouse-postgres-DBT-airflow-/.venv/lib/python3.11/site-packages/airflow/example_dags/example_python_decorator.py for tasks to queue
[2025-05-31T19:30:17.216-0300] {logging_mixin.py:188} INFO - [2025-05-31T19:30:17.216-0300] {dagbag.py:538} INFO - Filling up the DagBag from /home/walterg/Documentos/Data_projects/Data-Warehouse-postgres-DBT-airflow-/.venv/lib/python3.11/site-packages/airflow/example_dags/example_python_decorator.py
[2025-05-31T19:30:17.223-0300] {logging_mixin.py:188} INFO - [2025-05-31T19:30:17.223-0300] {example_python_decorator.py:79} WARNING - The virtalenv_python example task requires virtualenv, please install it.
[2025-05-31T19:30:17.223-0300] {processor.py:840} INFO - DAG(s) 'example_python_decorator' retrieved from /home/walterg/Documentos/Data_projects/Data-Warehouse-postgres-DBT-airflow-/.venv/lib/python3.11/site-packages/airflow/example_dags/example_python_decorator.py
[2025-05-31T19:30:17.311-0300] {logging_mixin.py:188} INFO - [2025-05-31T19:30:17.311-0300] {override.py:1769} INFO - Created Permission View: can edit on DAG:example_python_decorator
[2025-05-31T19:30:17.322-0300] {logging_mixin.py:188} INFO - [2025-05-31T19:30:17.322-0300] {override.py:1769} INFO - Created Permission View: can read on DAG:example_python_decorator
[2025-05-31T19:30:17.331-0300] {logging_mixin.py:188} INFO - [2025-05-31T19:30:17.330-0300] {override.py:1769} INFO - Created Permission View: can delete on DAG:example_python_decorator
[2025-05-31T19:30:17.331-0300] {logging_mixin.py:188} INFO - [2025-05-31T19:30:17.331-0300] {dag.py:3036} INFO - Sync 1 DAGs
[2025-05-31T19:30:17.337-0300] {logging_mixin.py:188} INFO - [2025-05-31T19:30:17.337-0300] {dag.py:3058} INFO - Creating ORM DAG for example_python_decorator
[2025-05-31T19:30:17.338-0300] {logging_mixin.py:188} INFO - [2025-05-31T19:30:17.338-0300] {dag.py:3823} INFO - Setting next_dagrun for example_python_decorator to None, run_after=None
[2025-05-31T19:30:17.353-0300] {processor.py:183} INFO - Processing /home/walterg/Documentos/Data_projects/Data-Warehouse-postgres-DBT-airflow-/.venv/lib/python3.11/site-packages/airflow/example_dags/example_python_decorator.py took 0.141 seconds
[2025-05-31T19:31:05.559-0300] {processor.py:161} INFO - Started process (PID=9953) to work on /home/walterg/Documentos/Data_projects/Data-Warehouse-postgres-DBT-airflow-/.venv/lib/python3.11/site-packages/airflow/example_dags/example_python_decorator.py
[2025-05-31T19:31:05.564-0300] {processor.py:830} INFO - Processing file /home/walterg/Documentos/Data_projects/Data-Warehouse-postgres-DBT-airflow-/.venv/lib/python3.11/site-packages/airflow/example_dags/example_python_decorator.py for tasks to queue
[2025-05-31T19:31:05.565-0300] {logging_mixin.py:188} INFO - [2025-05-31T19:31:05.564-0300] {dagbag.py:538} INFO - Filling up the DagBag from /home/walterg/Documentos/Data_projects/Data-Warehouse-postgres-DBT-airflow-/.venv/lib/python3.11/site-packages/airflow/example_dags/example_python_decorator.py
[2025-05-31T19:31:05.571-0300] {logging_mixin.py:188} INFO - [2025-05-31T19:31:05.571-0300] {example_python_decorator.py:79} WARNING - The virtalenv_python example task requires virtualenv, please install it.
[2025-05-31T19:31:05.572-0300] {processor.py:840} INFO - DAG(s) 'example_python_decorator' retrieved from /home/walterg/Documentos/Data_projects/Data-Warehouse-postgres-DBT-airflow-/.venv/lib/python3.11/site-packages/airflow/example_dags/example_python_decorator.py
[2025-05-31T19:31:05.584-0300] {logging_mixin.py:188} INFO - [2025-05-31T19:31:05.584-0300] {dag.py:3036} INFO - Sync 1 DAGs
[2025-05-31T19:31:05.592-0300] {logging_mixin.py:188} INFO - [2025-05-31T19:31:05.591-0300] {dag.py:3823} INFO - Setting next_dagrun for example_python_decorator to None, run_after=None
[2025-05-31T19:31:05.609-0300] {processor.py:183} INFO - Processing /home/walterg/Documentos/Data_projects/Data-Warehouse-postgres-DBT-airflow-/.venv/lib/python3.11/site-packages/airflow/example_dags/example_python_decorator.py took 0.052 seconds
