[2025-05-31T19:30:05.198-0300] {processor.py:161} INFO - Started process (PID=9709) to work on /home/walterg/Documentos/Data_projects/Data-Warehouse-postgres-DBT-airflow-/.venv/lib/python3.11/site-packages/airflow/example_dags/tutorial.py
[2025-05-31T19:30:05.199-0300] {processor.py:830} INFO - Processing file /home/walterg/Documentos/Data_projects/Data-Warehouse-postgres-DBT-airflow-/.venv/lib/python3.11/site-packages/airflow/example_dags/tutorial.py for tasks to queue
[2025-05-31T19:30:05.200-0300] {logging_mixin.py:188} INFO - [2025-05-31T19:30:05.200-0300] {dagbag.py:538} INFO - Filling up the DagBag from /home/walterg/Documentos/Data_projects/Data-Warehouse-postgres-DBT-airflow-/.venv/lib/python3.11/site-packages/airflow/example_dags/tutorial.py
[2025-05-31T19:30:05.207-0300] {processor.py:840} INFO - DAG(s) 'tutorial' retrieved from /home/walterg/Documentos/Data_projects/Data-Warehouse-postgres-DBT-airflow-/.venv/lib/python3.11/site-packages/airflow/example_dags/tutorial.py
[2025-05-31T19:30:05.291-0300] {logging_mixin.py:188} INFO - [2025-05-31T19:30:05.291-0300] {override.py:1769} INFO - Created Permission View: can edit on DAG:tutorial
[2025-05-31T19:30:05.302-0300] {logging_mixin.py:188} INFO - [2025-05-31T19:30:05.301-0300] {override.py:1769} INFO - Created Permission View: can read on DAG:tutorial
[2025-05-31T19:30:05.309-0300] {logging_mixin.py:188} INFO - [2025-05-31T19:30:05.309-0300] {override.py:1769} INFO - Created Permission View: can delete on DAG:tutorial
[2025-05-31T19:30:05.310-0300] {logging_mixin.py:188} INFO - [2025-05-31T19:30:05.310-0300] {dag.py:3036} INFO - Sync 1 DAGs
[2025-05-31T19:30:05.321-0300] {logging_mixin.py:188} INFO - [2025-05-31T19:30:05.321-0300] {dag.py:3058} INFO - Creating ORM DAG for tutorial
[2025-05-31T19:30:05.329-0300] {logging_mixin.py:188} INFO - [2025-05-31T19:30:05.329-0300] {dag.py:3823} INFO - Setting next_dagrun for tutorial to 2025-05-30 00:00:00+00:00, run_after=2025-05-31 00:00:00+00:00
[2025-05-31T19:30:05.349-0300] {processor.py:183} INFO - Processing /home/walterg/Documentos/Data_projects/Data-Warehouse-postgres-DBT-airflow-/.venv/lib/python3.11/site-packages/airflow/example_dags/tutorial.py took 0.154 seconds
[2025-05-31T19:30:53.463-0300] {processor.py:161} INFO - Started process (PID=9897) to work on /home/walterg/Documentos/Data_projects/Data-Warehouse-postgres-DBT-airflow-/.venv/lib/python3.11/site-packages/airflow/example_dags/tutorial.py
[2025-05-31T19:30:53.464-0300] {processor.py:830} INFO - Processing file /home/walterg/Documentos/Data_projects/Data-Warehouse-postgres-DBT-airflow-/.venv/lib/python3.11/site-packages/airflow/example_dags/tutorial.py for tasks to queue
[2025-05-31T19:30:53.464-0300] {logging_mixin.py:188} INFO - [2025-05-31T19:30:53.464-0300] {dagbag.py:538} INFO - Filling up the DagBag from /home/walterg/Documentos/Data_projects/Data-Warehouse-postgres-DBT-airflow-/.venv/lib/python3.11/site-packages/airflow/example_dags/tutorial.py
[2025-05-31T19:30:53.469-0300] {processor.py:840} INFO - DAG(s) 'tutorial' retrieved from /home/walterg/Documentos/Data_projects/Data-Warehouse-postgres-DBT-airflow-/.venv/lib/python3.11/site-packages/airflow/example_dags/tutorial.py
[2025-05-31T19:30:53.481-0300] {logging_mixin.py:188} INFO - [2025-05-31T19:30:53.481-0300] {dag.py:3036} INFO - Sync 1 DAGs
[2025-05-31T19:30:53.495-0300] {logging_mixin.py:188} INFO - [2025-05-31T19:30:53.495-0300] {dag.py:3823} INFO - Setting next_dagrun for tutorial to 2025-05-30 00:00:00+00:00, run_after=2025-05-31 00:00:00+00:00
[2025-05-31T19:30:53.511-0300] {processor.py:183} INFO - Processing /home/walterg/Documentos/Data_projects/Data-Warehouse-postgres-DBT-airflow-/.venv/lib/python3.11/site-packages/airflow/example_dags/tutorial.py took 0.051 seconds
[2025-05-31T19:41:03.842-0300] {processor.py:161} INFO - Started process (PID=12098) to work on /home/walterg/Documentos/Data_projects/Data-Warehouse-postgres-DBT-airflow-/.venv/lib/python3.11/site-packages/airflow/example_dags/tutorial.py
[2025-05-31T19:41:03.843-0300] {processor.py:830} INFO - Processing file /home/walterg/Documentos/Data_projects/Data-Warehouse-postgres-DBT-airflow-/.venv/lib/python3.11/site-packages/airflow/example_dags/tutorial.py for tasks to queue
[2025-05-31T19:41:03.843-0300] {logging_mixin.py:188} INFO - [2025-05-31T19:41:03.843-0300] {dagbag.py:538} INFO - Filling up the DagBag from /home/walterg/Documentos/Data_projects/Data-Warehouse-postgres-DBT-airflow-/.venv/lib/python3.11/site-packages/airflow/example_dags/tutorial.py
[2025-05-31T19:41:03.850-0300] {processor.py:840} INFO - DAG(s) 'tutorial' retrieved from /home/walterg/Documentos/Data_projects/Data-Warehouse-postgres-DBT-airflow-/.venv/lib/python3.11/site-packages/airflow/example_dags/tutorial.py
[2025-05-31T19:41:03.916-0300] {logging_mixin.py:188} INFO - [2025-05-31T19:41:03.916-0300] {dag.py:3036} INFO - Sync 1 DAGs
[2025-05-31T19:41:03.926-0300] {logging_mixin.py:188} INFO - [2025-05-31T19:41:03.926-0300] {dag.py:3823} INFO - Setting next_dagrun for tutorial to 2025-05-30 00:00:00+00:00, run_after=2025-05-31 00:00:00+00:00
[2025-05-31T19:41:03.943-0300] {processor.py:183} INFO - Processing /home/walterg/Documentos/Data_projects/Data-Warehouse-postgres-DBT-airflow-/.venv/lib/python3.11/site-packages/airflow/example_dags/tutorial.py took 0.104 seconds
[2025-05-31T19:42:03.808-0300] {processor.py:161} INFO - Started process (PID=12535) to work on /home/walterg/Documentos/Data_projects/Data-Warehouse-postgres-DBT-airflow-/.venv/lib/python3.11/site-packages/airflow/example_dags/tutorial.py
[2025-05-31T19:42:03.810-0300] {processor.py:830} INFO - Processing file /home/walterg/Documentos/Data_projects/Data-Warehouse-postgres-DBT-airflow-/.venv/lib/python3.11/site-packages/airflow/example_dags/tutorial.py for tasks to queue
[2025-05-31T19:42:03.811-0300] {logging_mixin.py:188} INFO - [2025-05-31T19:42:03.811-0300] {dagbag.py:538} INFO - Filling up the DagBag from /home/walterg/Documentos/Data_projects/Data-Warehouse-postgres-DBT-airflow-/.venv/lib/python3.11/site-packages/airflow/example_dags/tutorial.py
[2025-05-31T19:42:03.818-0300] {processor.py:840} INFO - DAG(s) 'tutorial' retrieved from /home/walterg/Documentos/Data_projects/Data-Warehouse-postgres-DBT-airflow-/.venv/lib/python3.11/site-packages/airflow/example_dags/tutorial.py
[2025-05-31T19:42:03.834-0300] {logging_mixin.py:188} INFO - [2025-05-31T19:42:03.833-0300] {dag.py:3036} INFO - Sync 1 DAGs
[2025-05-31T19:42:03.852-0300] {logging_mixin.py:188} INFO - [2025-05-31T19:42:03.852-0300] {dag.py:3823} INFO - Setting next_dagrun for tutorial to 2025-05-30 00:00:00+00:00, run_after=2025-05-31 00:00:00+00:00
[2025-05-31T19:42:03.939-0300] {processor.py:183} INFO - Processing /home/walterg/Documentos/Data_projects/Data-Warehouse-postgres-DBT-airflow-/.venv/lib/python3.11/site-packages/airflow/example_dags/tutorial.py took 0.133 seconds
[2025-05-31T19:42:51.551-0300] {processor.py:161} INFO - Started process (PID=12803) to work on /home/walterg/Documentos/Data_projects/Data-Warehouse-postgres-DBT-airflow-/.venv/lib/python3.11/site-packages/airflow/example_dags/tutorial.py
[2025-05-31T19:42:51.556-0300] {processor.py:830} INFO - Processing file /home/walterg/Documentos/Data_projects/Data-Warehouse-postgres-DBT-airflow-/.venv/lib/python3.11/site-packages/airflow/example_dags/tutorial.py for tasks to queue
[2025-05-31T19:42:51.556-0300] {logging_mixin.py:188} INFO - [2025-05-31T19:42:51.556-0300] {dagbag.py:538} INFO - Filling up the DagBag from /home/walterg/Documentos/Data_projects/Data-Warehouse-postgres-DBT-airflow-/.venv/lib/python3.11/site-packages/airflow/example_dags/tutorial.py
[2025-05-31T19:42:51.563-0300] {processor.py:840} INFO - DAG(s) 'tutorial' retrieved from /home/walterg/Documentos/Data_projects/Data-Warehouse-postgres-DBT-airflow-/.venv/lib/python3.11/site-packages/airflow/example_dags/tutorial.py
[2025-05-31T19:42:51.575-0300] {logging_mixin.py:188} INFO - [2025-05-31T19:42:51.575-0300] {dag.py:3036} INFO - Sync 1 DAGs
[2025-05-31T19:42:51.588-0300] {logging_mixin.py:188} INFO - [2025-05-31T19:42:51.588-0300] {dag.py:3823} INFO - Setting next_dagrun for tutorial to 2025-05-30 00:00:00+00:00, run_after=2025-05-31 00:00:00+00:00
[2025-05-31T19:42:51.604-0300] {processor.py:183} INFO - Processing /home/walterg/Documentos/Data_projects/Data-Warehouse-postgres-DBT-airflow-/.venv/lib/python3.11/site-packages/airflow/example_dags/tutorial.py took 0.056 seconds
[2025-05-31T19:43:41.098-0300] {processor.py:161} INFO - Started process (PID=13275) to work on /home/walterg/Documentos/Data_projects/Data-Warehouse-postgres-DBT-airflow-/.venv/lib/python3.11/site-packages/airflow/example_dags/tutorial.py
[2025-05-31T19:43:41.103-0300] {processor.py:830} INFO - Processing file /home/walterg/Documentos/Data_projects/Data-Warehouse-postgres-DBT-airflow-/.venv/lib/python3.11/site-packages/airflow/example_dags/tutorial.py for tasks to queue
[2025-05-31T19:43:41.104-0300] {logging_mixin.py:188} INFO - [2025-05-31T19:43:41.104-0300] {dagbag.py:538} INFO - Filling up the DagBag from /home/walterg/Documentos/Data_projects/Data-Warehouse-postgres-DBT-airflow-/.venv/lib/python3.11/site-packages/airflow/example_dags/tutorial.py
[2025-05-31T19:43:41.110-0300] {processor.py:840} INFO - DAG(s) 'tutorial' retrieved from /home/walterg/Documentos/Data_projects/Data-Warehouse-postgres-DBT-airflow-/.venv/lib/python3.11/site-packages/airflow/example_dags/tutorial.py
[2025-05-31T19:43:41.122-0300] {logging_mixin.py:188} INFO - [2025-05-31T19:43:41.122-0300] {dag.py:3036} INFO - Sync 1 DAGs
[2025-05-31T19:43:41.136-0300] {logging_mixin.py:188} INFO - [2025-05-31T19:43:41.136-0300] {dag.py:3823} INFO - Setting next_dagrun for tutorial to 2025-05-30 00:00:00+00:00, run_after=2025-05-31 00:00:00+00:00
[2025-05-31T19:43:41.152-0300] {processor.py:183} INFO - Processing /home/walterg/Documentos/Data_projects/Data-Warehouse-postgres-DBT-airflow-/.venv/lib/python3.11/site-packages/airflow/example_dags/tutorial.py took 0.057 seconds
[2025-05-31T19:44:25.808-0300] {processor.py:161} INFO - Started process (PID=13555) to work on /home/walterg/Documentos/Data_projects/Data-Warehouse-postgres-DBT-airflow-/.venv/lib/python3.11/site-packages/airflow/example_dags/tutorial.py
[2025-05-31T19:44:25.813-0300] {processor.py:830} INFO - Processing file /home/walterg/Documentos/Data_projects/Data-Warehouse-postgres-DBT-airflow-/.venv/lib/python3.11/site-packages/airflow/example_dags/tutorial.py for tasks to queue
[2025-05-31T19:44:25.815-0300] {logging_mixin.py:188} INFO - [2025-05-31T19:44:25.814-0300] {dagbag.py:538} INFO - Filling up the DagBag from /home/walterg/Documentos/Data_projects/Data-Warehouse-postgres-DBT-airflow-/.venv/lib/python3.11/site-packages/airflow/example_dags/tutorial.py
[2025-05-31T19:44:25.821-0300] {processor.py:840} INFO - DAG(s) 'tutorial' retrieved from /home/walterg/Documentos/Data_projects/Data-Warehouse-postgres-DBT-airflow-/.venv/lib/python3.11/site-packages/airflow/example_dags/tutorial.py
[2025-05-31T19:44:25.832-0300] {logging_mixin.py:188} INFO - [2025-05-31T19:44:25.832-0300] {dag.py:3036} INFO - Sync 1 DAGs
[2025-05-31T19:44:25.845-0300] {logging_mixin.py:188} INFO - [2025-05-31T19:44:25.845-0300] {dag.py:3823} INFO - Setting next_dagrun for tutorial to 2025-05-30 00:00:00+00:00, run_after=2025-05-31 00:00:00+00:00
[2025-05-31T19:44:25.862-0300] {processor.py:183} INFO - Processing /home/walterg/Documentos/Data_projects/Data-Warehouse-postgres-DBT-airflow-/.venv/lib/python3.11/site-packages/airflow/example_dags/tutorial.py took 0.056 seconds
[2025-05-31T19:45:14.020-0300] {processor.py:161} INFO - Started process (PID=13760) to work on /home/walterg/Documentos/Data_projects/Data-Warehouse-postgres-DBT-airflow-/.venv/lib/python3.11/site-packages/airflow/example_dags/tutorial.py
[2025-05-31T19:45:14.021-0300] {processor.py:830} INFO - Processing file /home/walterg/Documentos/Data_projects/Data-Warehouse-postgres-DBT-airflow-/.venv/lib/python3.11/site-packages/airflow/example_dags/tutorial.py for tasks to queue
[2025-05-31T19:45:14.021-0300] {logging_mixin.py:188} INFO - [2025-05-31T19:45:14.021-0300] {dagbag.py:538} INFO - Filling up the DagBag from /home/walterg/Documentos/Data_projects/Data-Warehouse-postgres-DBT-airflow-/.venv/lib/python3.11/site-packages/airflow/example_dags/tutorial.py
[2025-05-31T19:45:14.027-0300] {processor.py:840} INFO - DAG(s) 'tutorial' retrieved from /home/walterg/Documentos/Data_projects/Data-Warehouse-postgres-DBT-airflow-/.venv/lib/python3.11/site-packages/airflow/example_dags/tutorial.py
[2025-05-31T19:45:14.039-0300] {logging_mixin.py:188} INFO - [2025-05-31T19:45:14.038-0300] {dag.py:3036} INFO - Sync 1 DAGs
[2025-05-31T19:45:14.052-0300] {logging_mixin.py:188} INFO - [2025-05-31T19:45:14.052-0300] {dag.py:3823} INFO - Setting next_dagrun for tutorial to 2025-05-30 00:00:00+00:00, run_after=2025-05-31 00:00:00+00:00
[2025-05-31T19:45:14.070-0300] {processor.py:183} INFO - Processing /home/walterg/Documentos/Data_projects/Data-Warehouse-postgres-DBT-airflow-/.venv/lib/python3.11/site-packages/airflow/example_dags/tutorial.py took 0.053 seconds
[2025-05-31T19:45:56.146-0300] {processor.py:161} INFO - Started process (PID=13939) to work on /home/walterg/Documentos/Data_projects/Data-Warehouse-postgres-DBT-airflow-/.venv/lib/python3.11/site-packages/airflow/example_dags/tutorial.py
[2025-05-31T19:45:56.151-0300] {processor.py:830} INFO - Processing file /home/walterg/Documentos/Data_projects/Data-Warehouse-postgres-DBT-airflow-/.venv/lib/python3.11/site-packages/airflow/example_dags/tutorial.py for tasks to queue
[2025-05-31T19:45:56.152-0300] {logging_mixin.py:188} INFO - [2025-05-31T19:45:56.152-0300] {dagbag.py:538} INFO - Filling up the DagBag from /home/walterg/Documentos/Data_projects/Data-Warehouse-postgres-DBT-airflow-/.venv/lib/python3.11/site-packages/airflow/example_dags/tutorial.py
[2025-05-31T19:45:56.161-0300] {processor.py:840} INFO - DAG(s) 'tutorial' retrieved from /home/walterg/Documentos/Data_projects/Data-Warehouse-postgres-DBT-airflow-/.venv/lib/python3.11/site-packages/airflow/example_dags/tutorial.py
[2025-05-31T19:45:56.175-0300] {logging_mixin.py:188} INFO - [2025-05-31T19:45:56.174-0300] {dag.py:3036} INFO - Sync 1 DAGs
[2025-05-31T19:45:56.188-0300] {logging_mixin.py:188} INFO - [2025-05-31T19:45:56.188-0300] {dag.py:3823} INFO - Setting next_dagrun for tutorial to 2025-05-30 00:00:00+00:00, run_after=2025-05-31 00:00:00+00:00
[2025-05-31T19:45:56.205-0300] {processor.py:183} INFO - Processing /home/walterg/Documentos/Data_projects/Data-Warehouse-postgres-DBT-airflow-/.venv/lib/python3.11/site-packages/airflow/example_dags/tutorial.py took 0.062 seconds
[2025-05-31T19:46:32.713-0300] {processor.py:161} INFO - Started process (PID=14152) to work on /home/walterg/Documentos/Data_projects/Data-Warehouse-postgres-DBT-airflow-/.venv/lib/python3.11/site-packages/airflow/example_dags/tutorial.py
[2025-05-31T19:46:32.718-0300] {processor.py:830} INFO - Processing file /home/walterg/Documentos/Data_projects/Data-Warehouse-postgres-DBT-airflow-/.venv/lib/python3.11/site-packages/airflow/example_dags/tutorial.py for tasks to queue
[2025-05-31T19:46:32.719-0300] {logging_mixin.py:188} INFO - [2025-05-31T19:46:32.719-0300] {dagbag.py:538} INFO - Filling up the DagBag from /home/walterg/Documentos/Data_projects/Data-Warehouse-postgres-DBT-airflow-/.venv/lib/python3.11/site-packages/airflow/example_dags/tutorial.py
[2025-05-31T19:46:32.725-0300] {processor.py:840} INFO - DAG(s) 'tutorial' retrieved from /home/walterg/Documentos/Data_projects/Data-Warehouse-postgres-DBT-airflow-/.venv/lib/python3.11/site-packages/airflow/example_dags/tutorial.py
[2025-05-31T19:46:32.736-0300] {logging_mixin.py:188} INFO - [2025-05-31T19:46:32.736-0300] {dag.py:3036} INFO - Sync 1 DAGs
[2025-05-31T19:46:32.748-0300] {logging_mixin.py:188} INFO - [2025-05-31T19:46:32.748-0300] {dag.py:3823} INFO - Setting next_dagrun for tutorial to 2025-05-30 00:00:00+00:00, run_after=2025-05-31 00:00:00+00:00
[2025-05-31T19:46:32.765-0300] {processor.py:183} INFO - Processing /home/walterg/Documentos/Data_projects/Data-Warehouse-postgres-DBT-airflow-/.venv/lib/python3.11/site-packages/airflow/example_dags/tutorial.py took 0.055 seconds
[2025-05-31T19:47:12.959-0300] {processor.py:161} INFO - Started process (PID=14287) to work on /home/walterg/Documentos/Data_projects/Data-Warehouse-postgres-DBT-airflow-/.venv/lib/python3.11/site-packages/airflow/example_dags/tutorial.py
[2025-05-31T19:47:12.964-0300] {processor.py:830} INFO - Processing file /home/walterg/Documentos/Data_projects/Data-Warehouse-postgres-DBT-airflow-/.venv/lib/python3.11/site-packages/airflow/example_dags/tutorial.py for tasks to queue
[2025-05-31T19:47:12.966-0300] {logging_mixin.py:188} INFO - [2025-05-31T19:47:12.965-0300] {dagbag.py:538} INFO - Filling up the DagBag from /home/walterg/Documentos/Data_projects/Data-Warehouse-postgres-DBT-airflow-/.venv/lib/python3.11/site-packages/airflow/example_dags/tutorial.py
[2025-05-31T19:47:12.972-0300] {processor.py:840} INFO - DAG(s) 'tutorial' retrieved from /home/walterg/Documentos/Data_projects/Data-Warehouse-postgres-DBT-airflow-/.venv/lib/python3.11/site-packages/airflow/example_dags/tutorial.py
[2025-05-31T19:47:12.984-0300] {logging_mixin.py:188} INFO - [2025-05-31T19:47:12.983-0300] {dag.py:3036} INFO - Sync 1 DAGs
[2025-05-31T19:47:12.998-0300] {logging_mixin.py:188} INFO - [2025-05-31T19:47:12.998-0300] {dag.py:3823} INFO - Setting next_dagrun for tutorial to 2025-05-30 00:00:00+00:00, run_after=2025-05-31 00:00:00+00:00
[2025-05-31T19:47:13.014-0300] {processor.py:183} INFO - Processing /home/walterg/Documentos/Data_projects/Data-Warehouse-postgres-DBT-airflow-/.venv/lib/python3.11/site-packages/airflow/example_dags/tutorial.py took 0.058 seconds
[2025-05-31T19:47:52.394-0300] {processor.py:161} INFO - Started process (PID=14412) to work on /home/walterg/Documentos/Data_projects/Data-Warehouse-postgres-DBT-airflow-/.venv/lib/python3.11/site-packages/airflow/example_dags/tutorial.py
[2025-05-31T19:47:52.399-0300] {processor.py:830} INFO - Processing file /home/walterg/Documentos/Data_projects/Data-Warehouse-postgres-DBT-airflow-/.venv/lib/python3.11/site-packages/airflow/example_dags/tutorial.py for tasks to queue
[2025-05-31T19:47:52.400-0300] {logging_mixin.py:188} INFO - [2025-05-31T19:47:52.400-0300] {dagbag.py:538} INFO - Filling up the DagBag from /home/walterg/Documentos/Data_projects/Data-Warehouse-postgres-DBT-airflow-/.venv/lib/python3.11/site-packages/airflow/example_dags/tutorial.py
[2025-05-31T19:47:52.406-0300] {processor.py:840} INFO - DAG(s) 'tutorial' retrieved from /home/walterg/Documentos/Data_projects/Data-Warehouse-postgres-DBT-airflow-/.venv/lib/python3.11/site-packages/airflow/example_dags/tutorial.py
[2025-05-31T19:47:52.417-0300] {logging_mixin.py:188} INFO - [2025-05-31T19:47:52.417-0300] {dag.py:3036} INFO - Sync 1 DAGs
[2025-05-31T19:47:52.433-0300] {logging_mixin.py:188} INFO - [2025-05-31T19:47:52.433-0300] {dag.py:3823} INFO - Setting next_dagrun for tutorial to 2025-05-30 00:00:00+00:00, run_after=2025-05-31 00:00:00+00:00
[2025-05-31T19:47:52.449-0300] {processor.py:183} INFO - Processing /home/walterg/Documentos/Data_projects/Data-Warehouse-postgres-DBT-airflow-/.venv/lib/python3.11/site-packages/airflow/example_dags/tutorial.py took 0.057 seconds
