[2025-05-31T19:29:54.521-0300] {processor.py:161} INFO - Started process (PID=9664) to work on /home/walterg/Documentos/Data_projects/Data-Warehouse-postgres-DBT-airflow-/.venv/lib/python3.11/site-packages/airflow/example_dags/tutorial_objectstorage.py
[2025-05-31T19:29:54.522-0300] {processor.py:830} INFO - Processing file /home/walterg/Documentos/Data_projects/Data-Warehouse-postgres-DBT-airflow-/.venv/lib/python3.11/site-packages/airflow/example_dags/tutorial_objectstorage.py for tasks to queue
[2025-05-31T19:29:54.522-0300] {logging_mixin.py:188} INFO - [2025-05-31T19:29:54.522-0300] {dagbag.py:538} INFO - Filling up the DagBag from /home/walterg/Documentos/Data_projects/Data-Warehouse-postgres-DBT-airflow-/.venv/lib/python3.11/site-packages/airflow/example_dags/tutorial_objectstorage.py
[2025-05-31T19:29:54.530-0300] {processor.py:840} INFO - DAG(s) 'tutorial_objectstorage' retrieved from /home/walterg/Documentos/Data_projects/Data-Warehouse-postgres-DBT-airflow-/.venv/lib/python3.11/site-packages/airflow/example_dags/tutorial_objectstorage.py
[2025-05-31T19:29:54.611-0300] {logging_mixin.py:188} INFO - [2025-05-31T19:29:54.610-0300] {override.py:1769} INFO - Created Permission View: can edit on DAG:tutorial_objectstorage
[2025-05-31T19:29:54.620-0300] {logging_mixin.py:188} INFO - [2025-05-31T19:29:54.620-0300] {override.py:1769} INFO - Created Permission View: can read on DAG:tutorial_objectstorage
[2025-05-31T19:29:54.628-0300] {logging_mixin.py:188} INFO - [2025-05-31T19:29:54.628-0300] {override.py:1769} INFO - Created Permission View: can delete on DAG:tutorial_objectstorage
[2025-05-31T19:29:54.629-0300] {logging_mixin.py:188} INFO - [2025-05-31T19:29:54.629-0300] {dag.py:3036} INFO - Sync 1 DAGs
[2025-05-31T19:29:54.636-0300] {logging_mixin.py:188} INFO - [2025-05-31T19:29:54.636-0300] {dag.py:3058} INFO - Creating ORM DAG for tutorial_objectstorage
[2025-05-31T19:29:54.637-0300] {logging_mixin.py:188} INFO - [2025-05-31T19:29:54.637-0300] {dag.py:3823} INFO - Setting next_dagrun for tutorial_objectstorage to None, run_after=None
[2025-05-31T19:29:54.653-0300] {processor.py:183} INFO - Processing /home/walterg/Documentos/Data_projects/Data-Warehouse-postgres-DBT-airflow-/.venv/lib/python3.11/site-packages/airflow/example_dags/tutorial_objectstorage.py took 0.135 seconds
[2025-05-31T19:30:44.974-0300] {processor.py:161} INFO - Started process (PID=9882) to work on /home/walterg/Documentos/Data_projects/Data-Warehouse-postgres-DBT-airflow-/.venv/lib/python3.11/site-packages/airflow/example_dags/tutorial_objectstorage.py
[2025-05-31T19:30:44.979-0300] {processor.py:830} INFO - Processing file /home/walterg/Documentos/Data_projects/Data-Warehouse-postgres-DBT-airflow-/.venv/lib/python3.11/site-packages/airflow/example_dags/tutorial_objectstorage.py for tasks to queue
[2025-05-31T19:30:44.980-0300] {logging_mixin.py:188} INFO - [2025-05-31T19:30:44.980-0300] {dagbag.py:538} INFO - Filling up the DagBag from /home/walterg/Documentos/Data_projects/Data-Warehouse-postgres-DBT-airflow-/.venv/lib/python3.11/site-packages/airflow/example_dags/tutorial_objectstorage.py
[2025-05-31T19:30:44.986-0300] {processor.py:840} INFO - DAG(s) 'tutorial_objectstorage' retrieved from /home/walterg/Documentos/Data_projects/Data-Warehouse-postgres-DBT-airflow-/.venv/lib/python3.11/site-packages/airflow/example_dags/tutorial_objectstorage.py
[2025-05-31T19:30:44.999-0300] {logging_mixin.py:188} INFO - [2025-05-31T19:30:44.999-0300] {dag.py:3036} INFO - Sync 1 DAGs
[2025-05-31T19:30:45.007-0300] {logging_mixin.py:188} INFO - [2025-05-31T19:30:45.007-0300] {dag.py:3823} INFO - Setting next_dagrun for tutorial_objectstorage to None, run_after=None
[2025-05-31T19:30:45.024-0300] {processor.py:183} INFO - Processing /home/walterg/Documentos/Data_projects/Data-Warehouse-postgres-DBT-airflow-/.venv/lib/python3.11/site-packages/airflow/example_dags/tutorial_objectstorage.py took 0.053 seconds
[2025-05-31T19:31:22.262-0300] {processor.py:161} INFO - Started process (PID=10027) to work on /home/walterg/Documentos/Data_projects/Data-Warehouse-postgres-DBT-airflow-/.venv/lib/python3.11/site-packages/airflow/example_dags/tutorial_objectstorage.py
[2025-05-31T19:31:22.267-0300] {processor.py:830} INFO - Processing file /home/walterg/Documentos/Data_projects/Data-Warehouse-postgres-DBT-airflow-/.venv/lib/python3.11/site-packages/airflow/example_dags/tutorial_objectstorage.py for tasks to queue
[2025-05-31T19:31:22.268-0300] {logging_mixin.py:188} INFO - [2025-05-31T19:31:22.268-0300] {dagbag.py:538} INFO - Filling up the DagBag from /home/walterg/Documentos/Data_projects/Data-Warehouse-postgres-DBT-airflow-/.venv/lib/python3.11/site-packages/airflow/example_dags/tutorial_objectstorage.py
[2025-05-31T19:31:22.274-0300] {processor.py:840} INFO - DAG(s) 'tutorial_objectstorage' retrieved from /home/walterg/Documentos/Data_projects/Data-Warehouse-postgres-DBT-airflow-/.venv/lib/python3.11/site-packages/airflow/example_dags/tutorial_objectstorage.py
[2025-05-31T19:31:22.285-0300] {logging_mixin.py:188} INFO - [2025-05-31T19:31:22.285-0300] {dag.py:3036} INFO - Sync 1 DAGs
[2025-05-31T19:31:22.293-0300] {logging_mixin.py:188} INFO - [2025-05-31T19:31:22.293-0300] {dag.py:3823} INFO - Setting next_dagrun for tutorial_objectstorage to None, run_after=None
[2025-05-31T19:31:22.309-0300] {processor.py:183} INFO - Processing /home/walterg/Documentos/Data_projects/Data-Warehouse-postgres-DBT-airflow-/.venv/lib/python3.11/site-packages/airflow/example_dags/tutorial_objectstorage.py took 0.049 seconds
[2025-05-31T19:40:52.425-0300] {processor.py:161} INFO - Started process (PID=11938) to work on /home/walterg/Documentos/Data_projects/Data-Warehouse-postgres-DBT-airflow-/.venv/lib/python3.11/site-packages/airflow/example_dags/tutorial_objectstorage.py
[2025-05-31T19:40:52.430-0300] {processor.py:830} INFO - Processing file /home/walterg/Documentos/Data_projects/Data-Warehouse-postgres-DBT-airflow-/.venv/lib/python3.11/site-packages/airflow/example_dags/tutorial_objectstorage.py for tasks to queue
[2025-05-31T19:40:52.431-0300] {logging_mixin.py:188} INFO - [2025-05-31T19:40:52.431-0300] {dagbag.py:538} INFO - Filling up the DagBag from /home/walterg/Documentos/Data_projects/Data-Warehouse-postgres-DBT-airflow-/.venv/lib/python3.11/site-packages/airflow/example_dags/tutorial_objectstorage.py
[2025-05-31T19:40:52.439-0300] {processor.py:840} INFO - DAG(s) 'tutorial_objectstorage' retrieved from /home/walterg/Documentos/Data_projects/Data-Warehouse-postgres-DBT-airflow-/.venv/lib/python3.11/site-packages/airflow/example_dags/tutorial_objectstorage.py
[2025-05-31T19:40:52.445-0300] {logging_mixin.py:188} INFO - [2025-05-31T19:40:52.445-0300] {dag.py:3036} INFO - Sync 1 DAGs
[2025-05-31T19:40:52.454-0300] {logging_mixin.py:188} INFO - [2025-05-31T19:40:52.454-0300] {dag.py:3823} INFO - Setting next_dagrun for tutorial_objectstorage to None, run_after=None
[2025-05-31T19:40:52.469-0300] {processor.py:183} INFO - Processing /home/walterg/Documentos/Data_projects/Data-Warehouse-postgres-DBT-airflow-/.venv/lib/python3.11/site-packages/airflow/example_dags/tutorial_objectstorage.py took 0.047 seconds
[2025-05-31T19:41:51.298-0300] {processor.py:161} INFO - Started process (PID=12431) to work on /home/walterg/Documentos/Data_projects/Data-Warehouse-postgres-DBT-airflow-/.venv/lib/python3.11/site-packages/airflow/example_dags/tutorial_objectstorage.py
[2025-05-31T19:41:51.303-0300] {processor.py:830} INFO - Processing file /home/walterg/Documentos/Data_projects/Data-Warehouse-postgres-DBT-airflow-/.venv/lib/python3.11/site-packages/airflow/example_dags/tutorial_objectstorage.py for tasks to queue
[2025-05-31T19:41:51.305-0300] {logging_mixin.py:188} INFO - [2025-05-31T19:41:51.304-0300] {dagbag.py:538} INFO - Filling up the DagBag from /home/walterg/Documentos/Data_projects/Data-Warehouse-postgres-DBT-airflow-/.venv/lib/python3.11/site-packages/airflow/example_dags/tutorial_objectstorage.py
[2025-05-31T19:41:51.311-0300] {processor.py:840} INFO - DAG(s) 'tutorial_objectstorage' retrieved from /home/walterg/Documentos/Data_projects/Data-Warehouse-postgres-DBT-airflow-/.venv/lib/python3.11/site-packages/airflow/example_dags/tutorial_objectstorage.py
[2025-05-31T19:41:51.374-0300] {logging_mixin.py:188} INFO - [2025-05-31T19:41:51.374-0300] {dag.py:3036} INFO - Sync 1 DAGs
[2025-05-31T19:41:51.380-0300] {logging_mixin.py:188} INFO - [2025-05-31T19:41:51.380-0300] {dag.py:3823} INFO - Setting next_dagrun for tutorial_objectstorage to None, run_after=None
[2025-05-31T19:41:51.398-0300] {processor.py:183} INFO - Processing /home/walterg/Documentos/Data_projects/Data-Warehouse-postgres-DBT-airflow-/.venv/lib/python3.11/site-packages/airflow/example_dags/tutorial_objectstorage.py took 0.102 seconds
[2025-05-31T19:42:43.212-0300] {processor.py:161} INFO - Started process (PID=12782) to work on /home/walterg/Documentos/Data_projects/Data-Warehouse-postgres-DBT-airflow-/.venv/lib/python3.11/site-packages/airflow/example_dags/tutorial_objectstorage.py
[2025-05-31T19:42:43.217-0300] {processor.py:830} INFO - Processing file /home/walterg/Documentos/Data_projects/Data-Warehouse-postgres-DBT-airflow-/.venv/lib/python3.11/site-packages/airflow/example_dags/tutorial_objectstorage.py for tasks to queue
[2025-05-31T19:42:43.219-0300] {logging_mixin.py:188} INFO - [2025-05-31T19:42:43.218-0300] {dagbag.py:538} INFO - Filling up the DagBag from /home/walterg/Documentos/Data_projects/Data-Warehouse-postgres-DBT-airflow-/.venv/lib/python3.11/site-packages/airflow/example_dags/tutorial_objectstorage.py
[2025-05-31T19:42:43.225-0300] {processor.py:840} INFO - DAG(s) 'tutorial_objectstorage' retrieved from /home/walterg/Documentos/Data_projects/Data-Warehouse-postgres-DBT-airflow-/.venv/lib/python3.11/site-packages/airflow/example_dags/tutorial_objectstorage.py
[2025-05-31T19:42:43.237-0300] {logging_mixin.py:188} INFO - [2025-05-31T19:42:43.236-0300] {dag.py:3036} INFO - Sync 1 DAGs
[2025-05-31T19:42:43.244-0300] {logging_mixin.py:188} INFO - [2025-05-31T19:42:43.244-0300] {dag.py:3823} INFO - Setting next_dagrun for tutorial_objectstorage to None, run_after=None
[2025-05-31T19:42:43.261-0300] {processor.py:183} INFO - Processing /home/walterg/Documentos/Data_projects/Data-Warehouse-postgres-DBT-airflow-/.venv/lib/python3.11/site-packages/airflow/example_dags/tutorial_objectstorage.py took 0.052 seconds
[2025-05-31T19:43:23.161-0300] {processor.py:161} INFO - Started process (PID=13113) to work on /home/walterg/Documentos/Data_projects/Data-Warehouse-postgres-DBT-airflow-/.venv/lib/python3.11/site-packages/airflow/example_dags/tutorial_objectstorage.py
[2025-05-31T19:43:23.166-0300] {processor.py:830} INFO - Processing file /home/walterg/Documentos/Data_projects/Data-Warehouse-postgres-DBT-airflow-/.venv/lib/python3.11/site-packages/airflow/example_dags/tutorial_objectstorage.py for tasks to queue
[2025-05-31T19:43:23.167-0300] {logging_mixin.py:188} INFO - [2025-05-31T19:43:23.166-0300] {dagbag.py:538} INFO - Filling up the DagBag from /home/walterg/Documentos/Data_projects/Data-Warehouse-postgres-DBT-airflow-/.venv/lib/python3.11/site-packages/airflow/example_dags/tutorial_objectstorage.py
[2025-05-31T19:43:23.173-0300] {processor.py:840} INFO - DAG(s) 'tutorial_objectstorage' retrieved from /home/walterg/Documentos/Data_projects/Data-Warehouse-postgres-DBT-airflow-/.venv/lib/python3.11/site-packages/airflow/example_dags/tutorial_objectstorage.py
[2025-05-31T19:43:23.185-0300] {logging_mixin.py:188} INFO - [2025-05-31T19:43:23.185-0300] {dag.py:3036} INFO - Sync 1 DAGs
[2025-05-31T19:43:23.192-0300] {logging_mixin.py:188} INFO - [2025-05-31T19:43:23.192-0300] {dag.py:3823} INFO - Setting next_dagrun for tutorial_objectstorage to None, run_after=None
[2025-05-31T19:43:23.208-0300] {processor.py:183} INFO - Processing /home/walterg/Documentos/Data_projects/Data-Warehouse-postgres-DBT-airflow-/.venv/lib/python3.11/site-packages/airflow/example_dags/tutorial_objectstorage.py took 0.050 seconds
[2025-05-31T19:44:01.078-0300] {processor.py:161} INFO - Started process (PID=13335) to work on /home/walterg/Documentos/Data_projects/Data-Warehouse-postgres-DBT-airflow-/.venv/lib/python3.11/site-packages/airflow/example_dags/tutorial_objectstorage.py
[2025-05-31T19:44:01.083-0300] {processor.py:830} INFO - Processing file /home/walterg/Documentos/Data_projects/Data-Warehouse-postgres-DBT-airflow-/.venv/lib/python3.11/site-packages/airflow/example_dags/tutorial_objectstorage.py for tasks to queue
[2025-05-31T19:44:01.084-0300] {logging_mixin.py:188} INFO - [2025-05-31T19:44:01.084-0300] {dagbag.py:538} INFO - Filling up the DagBag from /home/walterg/Documentos/Data_projects/Data-Warehouse-postgres-DBT-airflow-/.venv/lib/python3.11/site-packages/airflow/example_dags/tutorial_objectstorage.py
[2025-05-31T19:44:01.090-0300] {processor.py:840} INFO - DAG(s) 'tutorial_objectstorage' retrieved from /home/walterg/Documentos/Data_projects/Data-Warehouse-postgres-DBT-airflow-/.venv/lib/python3.11/site-packages/airflow/example_dags/tutorial_objectstorage.py
[2025-05-31T19:44:01.102-0300] {logging_mixin.py:188} INFO - [2025-05-31T19:44:01.102-0300] {dag.py:3036} INFO - Sync 1 DAGs
[2025-05-31T19:44:01.110-0300] {logging_mixin.py:188} INFO - [2025-05-31T19:44:01.110-0300] {dag.py:3823} INFO - Setting next_dagrun for tutorial_objectstorage to None, run_after=None
[2025-05-31T19:44:01.127-0300] {processor.py:183} INFO - Processing /home/walterg/Documentos/Data_projects/Data-Warehouse-postgres-DBT-airflow-/.venv/lib/python3.11/site-packages/airflow/example_dags/tutorial_objectstorage.py took 0.052 seconds
[2025-05-31T19:44:47.731-0300] {processor.py:161} INFO - Started process (PID=13631) to work on /home/walterg/Documentos/Data_projects/Data-Warehouse-postgres-DBT-airflow-/.venv/lib/python3.11/site-packages/airflow/example_dags/tutorial_objectstorage.py
[2025-05-31T19:44:47.737-0300] {processor.py:830} INFO - Processing file /home/walterg/Documentos/Data_projects/Data-Warehouse-postgres-DBT-airflow-/.venv/lib/python3.11/site-packages/airflow/example_dags/tutorial_objectstorage.py for tasks to queue
[2025-05-31T19:44:47.737-0300] {logging_mixin.py:188} INFO - [2025-05-31T19:44:47.737-0300] {dagbag.py:538} INFO - Filling up the DagBag from /home/walterg/Documentos/Data_projects/Data-Warehouse-postgres-DBT-airflow-/.venv/lib/python3.11/site-packages/airflow/example_dags/tutorial_objectstorage.py
[2025-05-31T19:44:47.743-0300] {processor.py:840} INFO - DAG(s) 'tutorial_objectstorage' retrieved from /home/walterg/Documentos/Data_projects/Data-Warehouse-postgres-DBT-airflow-/.venv/lib/python3.11/site-packages/airflow/example_dags/tutorial_objectstorage.py
[2025-05-31T19:44:47.755-0300] {logging_mixin.py:188} INFO - [2025-05-31T19:44:47.754-0300] {dag.py:3036} INFO - Sync 1 DAGs
[2025-05-31T19:44:47.762-0300] {logging_mixin.py:188} INFO - [2025-05-31T19:44:47.762-0300] {dag.py:3823} INFO - Setting next_dagrun for tutorial_objectstorage to None, run_after=None
[2025-05-31T19:44:47.778-0300] {processor.py:183} INFO - Processing /home/walterg/Documentos/Data_projects/Data-Warehouse-postgres-DBT-airflow-/.venv/lib/python3.11/site-packages/airflow/example_dags/tutorial_objectstorage.py took 0.050 seconds
[2025-05-31T19:45:34.728-0300] {processor.py:161} INFO - Started process (PID=13865) to work on /home/walterg/Documentos/Data_projects/Data-Warehouse-postgres-DBT-airflow-/.venv/lib/python3.11/site-packages/airflow/example_dags/tutorial_objectstorage.py
[2025-05-31T19:45:34.734-0300] {processor.py:830} INFO - Processing file /home/walterg/Documentos/Data_projects/Data-Warehouse-postgres-DBT-airflow-/.venv/lib/python3.11/site-packages/airflow/example_dags/tutorial_objectstorage.py for tasks to queue
[2025-05-31T19:45:34.735-0300] {logging_mixin.py:188} INFO - [2025-05-31T19:45:34.735-0300] {dagbag.py:538} INFO - Filling up the DagBag from /home/walterg/Documentos/Data_projects/Data-Warehouse-postgres-DBT-airflow-/.venv/lib/python3.11/site-packages/airflow/example_dags/tutorial_objectstorage.py
[2025-05-31T19:45:34.742-0300] {processor.py:840} INFO - DAG(s) 'tutorial_objectstorage' retrieved from /home/walterg/Documentos/Data_projects/Data-Warehouse-postgres-DBT-airflow-/.venv/lib/python3.11/site-packages/airflow/example_dags/tutorial_objectstorage.py
[2025-05-31T19:45:34.753-0300] {logging_mixin.py:188} INFO - [2025-05-31T19:45:34.753-0300] {dag.py:3036} INFO - Sync 1 DAGs
[2025-05-31T19:45:34.761-0300] {logging_mixin.py:188} INFO - [2025-05-31T19:45:34.761-0300] {dag.py:3823} INFO - Setting next_dagrun for tutorial_objectstorage to None, run_after=None
[2025-05-31T19:45:34.777-0300] {processor.py:183} INFO - Processing /home/walterg/Documentos/Data_projects/Data-Warehouse-postgres-DBT-airflow-/.venv/lib/python3.11/site-packages/airflow/example_dags/tutorial_objectstorage.py took 0.052 seconds
[2025-05-31T19:46:12.416-0300] {processor.py:161} INFO - Started process (PID=14036) to work on /home/walterg/Documentos/Data_projects/Data-Warehouse-postgres-DBT-airflow-/.venv/lib/python3.11/site-packages/airflow/example_dags/tutorial_objectstorage.py
[2025-05-31T19:46:12.422-0300] {processor.py:830} INFO - Processing file /home/walterg/Documentos/Data_projects/Data-Warehouse-postgres-DBT-airflow-/.venv/lib/python3.11/site-packages/airflow/example_dags/tutorial_objectstorage.py for tasks to queue
[2025-05-31T19:46:12.423-0300] {logging_mixin.py:188} INFO - [2025-05-31T19:46:12.422-0300] {dagbag.py:538} INFO - Filling up the DagBag from /home/walterg/Documentos/Data_projects/Data-Warehouse-postgres-DBT-airflow-/.venv/lib/python3.11/site-packages/airflow/example_dags/tutorial_objectstorage.py
[2025-05-31T19:46:12.429-0300] {processor.py:840} INFO - DAG(s) 'tutorial_objectstorage' retrieved from /home/walterg/Documentos/Data_projects/Data-Warehouse-postgres-DBT-airflow-/.venv/lib/python3.11/site-packages/airflow/example_dags/tutorial_objectstorage.py
[2025-05-31T19:46:12.441-0300] {logging_mixin.py:188} INFO - [2025-05-31T19:46:12.441-0300] {dag.py:3036} INFO - Sync 1 DAGs
[2025-05-31T19:46:12.448-0300] {logging_mixin.py:188} INFO - [2025-05-31T19:46:12.448-0300] {dag.py:3823} INFO - Setting next_dagrun for tutorial_objectstorage to None, run_after=None
[2025-05-31T19:46:12.464-0300] {processor.py:183} INFO - Processing /home/walterg/Documentos/Data_projects/Data-Warehouse-postgres-DBT-airflow-/.venv/lib/python3.11/site-packages/airflow/example_dags/tutorial_objectstorage.py took 0.050 seconds
[2025-05-31T19:46:52.156-0300] {processor.py:161} INFO - Started process (PID=14194) to work on /home/walterg/Documentos/Data_projects/Data-Warehouse-postgres-DBT-airflow-/.venv/lib/python3.11/site-packages/airflow/example_dags/tutorial_objectstorage.py
[2025-05-31T19:46:52.162-0300] {processor.py:830} INFO - Processing file /home/walterg/Documentos/Data_projects/Data-Warehouse-postgres-DBT-airflow-/.venv/lib/python3.11/site-packages/airflow/example_dags/tutorial_objectstorage.py for tasks to queue
[2025-05-31T19:46:52.163-0300] {logging_mixin.py:188} INFO - [2025-05-31T19:46:52.163-0300] {dagbag.py:538} INFO - Filling up the DagBag from /home/walterg/Documentos/Data_projects/Data-Warehouse-postgres-DBT-airflow-/.venv/lib/python3.11/site-packages/airflow/example_dags/tutorial_objectstorage.py
[2025-05-31T19:46:52.169-0300] {processor.py:840} INFO - DAG(s) 'tutorial_objectstorage' retrieved from /home/walterg/Documentos/Data_projects/Data-Warehouse-postgres-DBT-airflow-/.venv/lib/python3.11/site-packages/airflow/example_dags/tutorial_objectstorage.py
[2025-05-31T19:46:52.181-0300] {logging_mixin.py:188} INFO - [2025-05-31T19:46:52.181-0300] {dag.py:3036} INFO - Sync 1 DAGs
[2025-05-31T19:46:52.189-0300] {logging_mixin.py:188} INFO - [2025-05-31T19:46:52.189-0300] {dag.py:3823} INFO - Setting next_dagrun for tutorial_objectstorage to None, run_after=None
[2025-05-31T19:46:52.206-0300] {processor.py:183} INFO - Processing /home/walterg/Documentos/Data_projects/Data-Warehouse-postgres-DBT-airflow-/.venv/lib/python3.11/site-packages/airflow/example_dags/tutorial_objectstorage.py took 0.052 seconds
[2025-05-31T19:47:30.057-0300] {processor.py:161} INFO - Started process (PID=14380) to work on /home/walterg/Documentos/Data_projects/Data-Warehouse-postgres-DBT-airflow-/.venv/lib/python3.11/site-packages/airflow/example_dags/tutorial_objectstorage.py
[2025-05-31T19:47:30.058-0300] {processor.py:830} INFO - Processing file /home/walterg/Documentos/Data_projects/Data-Warehouse-postgres-DBT-airflow-/.venv/lib/python3.11/site-packages/airflow/example_dags/tutorial_objectstorage.py for tasks to queue
[2025-05-31T19:47:30.058-0300] {logging_mixin.py:188} INFO - [2025-05-31T19:47:30.058-0300] {dagbag.py:538} INFO - Filling up the DagBag from /home/walterg/Documentos/Data_projects/Data-Warehouse-postgres-DBT-airflow-/.venv/lib/python3.11/site-packages/airflow/example_dags/tutorial_objectstorage.py
[2025-05-31T19:47:30.065-0300] {processor.py:840} INFO - DAG(s) 'tutorial_objectstorage' retrieved from /home/walterg/Documentos/Data_projects/Data-Warehouse-postgres-DBT-airflow-/.venv/lib/python3.11/site-packages/airflow/example_dags/tutorial_objectstorage.py
[2025-05-31T19:47:30.076-0300] {logging_mixin.py:188} INFO - [2025-05-31T19:47:30.076-0300] {dag.py:3036} INFO - Sync 1 DAGs
[2025-05-31T19:47:30.084-0300] {logging_mixin.py:188} INFO - [2025-05-31T19:47:30.084-0300] {dag.py:3823} INFO - Setting next_dagrun for tutorial_objectstorage to None, run_after=None
[2025-05-31T19:47:30.101-0300] {processor.py:183} INFO - Processing /home/walterg/Documentos/Data_projects/Data-Warehouse-postgres-DBT-airflow-/.venv/lib/python3.11/site-packages/airflow/example_dags/tutorial_objectstorage.py took 0.047 seconds
[2025-05-31T19:48:11.377-0300] {processor.py:161} INFO - Started process (PID=14570) to work on /home/walterg/Documentos/Data_projects/Data-Warehouse-postgres-DBT-airflow-/.venv/lib/python3.11/site-packages/airflow/example_dags/tutorial_objectstorage.py
[2025-05-31T19:48:11.382-0300] {processor.py:830} INFO - Processing file /home/walterg/Documentos/Data_projects/Data-Warehouse-postgres-DBT-airflow-/.venv/lib/python3.11/site-packages/airflow/example_dags/tutorial_objectstorage.py for tasks to queue
[2025-05-31T19:48:11.383-0300] {logging_mixin.py:188} INFO - [2025-05-31T19:48:11.383-0300] {dagbag.py:538} INFO - Filling up the DagBag from /home/walterg/Documentos/Data_projects/Data-Warehouse-postgres-DBT-airflow-/.venv/lib/python3.11/site-packages/airflow/example_dags/tutorial_objectstorage.py
[2025-05-31T19:48:11.390-0300] {processor.py:840} INFO - DAG(s) 'tutorial_objectstorage' retrieved from /home/walterg/Documentos/Data_projects/Data-Warehouse-postgres-DBT-airflow-/.venv/lib/python3.11/site-packages/airflow/example_dags/tutorial_objectstorage.py
[2025-05-31T19:48:11.403-0300] {logging_mixin.py:188} INFO - [2025-05-31T19:48:11.403-0300] {dag.py:3036} INFO - Sync 1 DAGs
[2025-05-31T19:48:11.412-0300] {logging_mixin.py:188} INFO - [2025-05-31T19:48:11.411-0300] {dag.py:3823} INFO - Setting next_dagrun for tutorial_objectstorage to None, run_after=None
[2025-05-31T19:48:11.429-0300] {processor.py:183} INFO - Processing /home/walterg/Documentos/Data_projects/Data-Warehouse-postgres-DBT-airflow-/.venv/lib/python3.11/site-packages/airflow/example_dags/tutorial_objectstorage.py took 0.055 seconds
