[2025-05-31T19:29:55.753-0300] {processor.py:161} INFO - Started process (PID=9679) to work on /home/walterg/Documentos/Data_projects/Data-Warehouse-postgres-DBT-airflow-/.venv/lib/python3.11/site-packages/airflow/example_dags/tutorial_taskflow_api.py
[2025-05-31T19:29:55.754-0300] {processor.py:830} INFO - Processing file /home/walterg/Documentos/Data_projects/Data-Warehouse-postgres-DBT-airflow-/.venv/lib/python3.11/site-packages/airflow/example_dags/tutorial_taskflow_api.py for tasks to queue
[2025-05-31T19:29:55.755-0300] {logging_mixin.py:188} INFO - [2025-05-31T19:29:55.755-0300] {dagbag.py:538} INFO - Filling up the DagBag from /home/walterg/Documentos/Data_projects/Data-Warehouse-postgres-DBT-airflow-/.venv/lib/python3.11/site-packages/airflow/example_dags/tutorial_taskflow_api.py
[2025-05-31T19:29:55.762-0300] {processor.py:840} INFO - DAG(s) 'tutorial_taskflow_api' retrieved from /home/walterg/Documentos/Data_projects/Data-Warehouse-postgres-DBT-airflow-/.venv/lib/python3.11/site-packages/airflow/example_dags/tutorial_taskflow_api.py
[2025-05-31T19:29:55.844-0300] {logging_mixin.py:188} INFO - [2025-05-31T19:29:55.843-0300] {override.py:1769} INFO - Created Permission View: can edit on DAG:tutorial_taskflow_api
[2025-05-31T19:29:55.854-0300] {logging_mixin.py:188} INFO - [2025-05-31T19:29:55.854-0300] {override.py:1769} INFO - Created Permission View: can read on DAG:tutorial_taskflow_api
[2025-05-31T19:29:55.862-0300] {logging_mixin.py:188} INFO - [2025-05-31T19:29:55.862-0300] {override.py:1769} INFO - Created Permission View: can delete on DAG:tutorial_taskflow_api
[2025-05-31T19:29:55.863-0300] {logging_mixin.py:188} INFO - [2025-05-31T19:29:55.863-0300] {dag.py:3036} INFO - Sync 1 DAGs
[2025-05-31T19:29:55.871-0300] {logging_mixin.py:188} INFO - [2025-05-31T19:29:55.870-0300] {dag.py:3058} INFO - Creating ORM DAG for tutorial_taskflow_api
[2025-05-31T19:29:55.871-0300] {logging_mixin.py:188} INFO - [2025-05-31T19:29:55.871-0300] {dag.py:3823} INFO - Setting next_dagrun for tutorial_taskflow_api to None, run_after=None
[2025-05-31T19:29:55.887-0300] {processor.py:183} INFO - Processing /home/walterg/Documentos/Data_projects/Data-Warehouse-postgres-DBT-airflow-/.venv/lib/python3.11/site-packages/airflow/example_dags/tutorial_taskflow_api.py took 0.136 seconds
[2025-05-31T19:30:46.107-0300] {processor.py:161} INFO - Started process (PID=9883) to work on /home/walterg/Documentos/Data_projects/Data-Warehouse-postgres-DBT-airflow-/.venv/lib/python3.11/site-packages/airflow/example_dags/tutorial_taskflow_api.py
[2025-05-31T19:30:46.112-0300] {processor.py:830} INFO - Processing file /home/walterg/Documentos/Data_projects/Data-Warehouse-postgres-DBT-airflow-/.venv/lib/python3.11/site-packages/airflow/example_dags/tutorial_taskflow_api.py for tasks to queue
[2025-05-31T19:30:46.113-0300] {logging_mixin.py:188} INFO - [2025-05-31T19:30:46.113-0300] {dagbag.py:538} INFO - Filling up the DagBag from /home/walterg/Documentos/Data_projects/Data-Warehouse-postgres-DBT-airflow-/.venv/lib/python3.11/site-packages/airflow/example_dags/tutorial_taskflow_api.py
[2025-05-31T19:30:46.119-0300] {processor.py:840} INFO - DAG(s) 'tutorial_taskflow_api' retrieved from /home/walterg/Documentos/Data_projects/Data-Warehouse-postgres-DBT-airflow-/.venv/lib/python3.11/site-packages/airflow/example_dags/tutorial_taskflow_api.py
[2025-05-31T19:30:46.131-0300] {logging_mixin.py:188} INFO - [2025-05-31T19:30:46.131-0300] {dag.py:3036} INFO - Sync 1 DAGs
[2025-05-31T19:30:46.139-0300] {logging_mixin.py:188} INFO - [2025-05-31T19:30:46.138-0300] {dag.py:3823} INFO - Setting next_dagrun for tutorial_taskflow_api to None, run_after=None
[2025-05-31T19:30:46.154-0300] {processor.py:183} INFO - Processing /home/walterg/Documentos/Data_projects/Data-Warehouse-postgres-DBT-airflow-/.venv/lib/python3.11/site-packages/airflow/example_dags/tutorial_taskflow_api.py took 0.050 seconds
[2025-05-31T19:31:22.740-0300] {processor.py:161} INFO - Started process (PID=10028) to work on /home/walterg/Documentos/Data_projects/Data-Warehouse-postgres-DBT-airflow-/.venv/lib/python3.11/site-packages/airflow/example_dags/tutorial_taskflow_api.py
[2025-05-31T19:31:22.745-0300] {processor.py:830} INFO - Processing file /home/walterg/Documentos/Data_projects/Data-Warehouse-postgres-DBT-airflow-/.venv/lib/python3.11/site-packages/airflow/example_dags/tutorial_taskflow_api.py for tasks to queue
[2025-05-31T19:31:22.746-0300] {logging_mixin.py:188} INFO - [2025-05-31T19:31:22.745-0300] {dagbag.py:538} INFO - Filling up the DagBag from /home/walterg/Documentos/Data_projects/Data-Warehouse-postgres-DBT-airflow-/.venv/lib/python3.11/site-packages/airflow/example_dags/tutorial_taskflow_api.py
[2025-05-31T19:31:22.751-0300] {processor.py:840} INFO - DAG(s) 'tutorial_taskflow_api' retrieved from /home/walterg/Documentos/Data_projects/Data-Warehouse-postgres-DBT-airflow-/.venv/lib/python3.11/site-packages/airflow/example_dags/tutorial_taskflow_api.py
[2025-05-31T19:31:22.763-0300] {logging_mixin.py:188} INFO - [2025-05-31T19:31:22.763-0300] {dag.py:3036} INFO - Sync 1 DAGs
[2025-05-31T19:31:22.771-0300] {logging_mixin.py:188} INFO - [2025-05-31T19:31:22.771-0300] {dag.py:3823} INFO - Setting next_dagrun for tutorial_taskflow_api to None, run_after=None
[2025-05-31T19:31:22.788-0300] {processor.py:183} INFO - Processing /home/walterg/Documentos/Data_projects/Data-Warehouse-postgres-DBT-airflow-/.venv/lib/python3.11/site-packages/airflow/example_dags/tutorial_taskflow_api.py took 0.051 seconds
