[2025-05-31T19:30:01.488-0300] {processor.py:161} INFO - Started process (PID=9702) to work on /home/walterg/Documentos/Data_projects/Data-Warehouse-postgres-DBT-airflow-/.venv/lib/python3.11/site-packages/airflow/example_dags/tutorial_dag.py
[2025-05-31T19:30:01.488-0300] {processor.py:830} INFO - Processing file /home/walterg/Documentos/Data_projects/Data-Warehouse-postgres-DBT-airflow-/.venv/lib/python3.11/site-packages/airflow/example_dags/tutorial_dag.py for tasks to queue
[2025-05-31T19:30:01.489-0300] {logging_mixin.py:188} INFO - [2025-05-31T19:30:01.489-0300] {dagbag.py:538} INFO - Filling up the DagBag from /home/walterg/Documentos/Data_projects/Data-Warehouse-postgres-DBT-airflow-/.venv/lib/python3.11/site-packages/airflow/example_dags/tutorial_dag.py
[2025-05-31T19:30:01.495-0300] {processor.py:840} INFO - DAG(s) 'tutorial_dag' retrieved from /home/walterg/Documentos/Data_projects/Data-Warehouse-postgres-DBT-airflow-/.venv/lib/python3.11/site-packages/airflow/example_dags/tutorial_dag.py
[2025-05-31T19:30:01.575-0300] {logging_mixin.py:188} INFO - [2025-05-31T19:30:01.574-0300] {override.py:1769} INFO - Created Permission View: can edit on DAG:tutorial_dag
[2025-05-31T19:30:01.586-0300] {logging_mixin.py:188} INFO - [2025-05-31T19:30:01.586-0300] {override.py:1769} INFO - Created Permission View: can read on DAG:tutorial_dag
[2025-05-31T19:30:01.594-0300] {logging_mixin.py:188} INFO - [2025-05-31T19:30:01.593-0300] {override.py:1769} INFO - Created Permission View: can delete on DAG:tutorial_dag
[2025-05-31T19:30:01.594-0300] {logging_mixin.py:188} INFO - [2025-05-31T19:30:01.594-0300] {dag.py:3036} INFO - Sync 1 DAGs
[2025-05-31T19:30:01.600-0300] {logging_mixin.py:188} INFO - [2025-05-31T19:30:01.600-0300] {dag.py:3058} INFO - Creating ORM DAG for tutorial_dag
[2025-05-31T19:30:01.601-0300] {logging_mixin.py:188} INFO - [2025-05-31T19:30:01.601-0300] {dag.py:3823} INFO - Setting next_dagrun for tutorial_dag to None, run_after=None
[2025-05-31T19:30:01.617-0300] {processor.py:183} INFO - Processing /home/walterg/Documentos/Data_projects/Data-Warehouse-postgres-DBT-airflow-/.venv/lib/python3.11/site-packages/airflow/example_dags/tutorial_dag.py took 0.132 seconds
[2025-05-31T19:30:51.488-0300] {processor.py:161} INFO - Started process (PID=9894) to work on /home/walterg/Documentos/Data_projects/Data-Warehouse-postgres-DBT-airflow-/.venv/lib/python3.11/site-packages/airflow/example_dags/tutorial_dag.py
[2025-05-31T19:30:51.490-0300] {processor.py:830} INFO - Processing file /home/walterg/Documentos/Data_projects/Data-Warehouse-postgres-DBT-airflow-/.venv/lib/python3.11/site-packages/airflow/example_dags/tutorial_dag.py for tasks to queue
[2025-05-31T19:30:51.490-0300] {logging_mixin.py:188} INFO - [2025-05-31T19:30:51.490-0300] {dagbag.py:538} INFO - Filling up the DagBag from /home/walterg/Documentos/Data_projects/Data-Warehouse-postgres-DBT-airflow-/.venv/lib/python3.11/site-packages/airflow/example_dags/tutorial_dag.py
[2025-05-31T19:30:51.495-0300] {processor.py:840} INFO - DAG(s) 'tutorial_dag' retrieved from /home/walterg/Documentos/Data_projects/Data-Warehouse-postgres-DBT-airflow-/.venv/lib/python3.11/site-packages/airflow/example_dags/tutorial_dag.py
[2025-05-31T19:30:51.508-0300] {logging_mixin.py:188} INFO - [2025-05-31T19:30:51.508-0300] {dag.py:3036} INFO - Sync 1 DAGs
[2025-05-31T19:30:51.518-0300] {logging_mixin.py:188} INFO - [2025-05-31T19:30:51.517-0300] {dag.py:3823} INFO - Setting next_dagrun for tutorial_dag to None, run_after=None
[2025-05-31T19:30:51.535-0300] {processor.py:183} INFO - Processing /home/walterg/Documentos/Data_projects/Data-Warehouse-postgres-DBT-airflow-/.venv/lib/python3.11/site-packages/airflow/example_dags/tutorial_dag.py took 0.049 seconds
[2025-05-31T19:31:39.671-0300] {processor.py:161} INFO - Started process (PID=10101) to work on /home/walterg/Documentos/Data_projects/Data-Warehouse-postgres-DBT-airflow-/.venv/lib/python3.11/site-packages/airflow/example_dags/tutorial_dag.py
[2025-05-31T19:31:39.676-0300] {processor.py:830} INFO - Processing file /home/walterg/Documentos/Data_projects/Data-Warehouse-postgres-DBT-airflow-/.venv/lib/python3.11/site-packages/airflow/example_dags/tutorial_dag.py for tasks to queue
[2025-05-31T19:31:39.677-0300] {logging_mixin.py:188} INFO - [2025-05-31T19:31:39.677-0300] {dagbag.py:538} INFO - Filling up the DagBag from /home/walterg/Documentos/Data_projects/Data-Warehouse-postgres-DBT-airflow-/.venv/lib/python3.11/site-packages/airflow/example_dags/tutorial_dag.py
[2025-05-31T19:31:39.683-0300] {processor.py:840} INFO - DAG(s) 'tutorial_dag' retrieved from /home/walterg/Documentos/Data_projects/Data-Warehouse-postgres-DBT-airflow-/.venv/lib/python3.11/site-packages/airflow/example_dags/tutorial_dag.py
[2025-05-31T19:31:39.696-0300] {logging_mixin.py:188} INFO - [2025-05-31T19:31:39.696-0300] {dag.py:3036} INFO - Sync 1 DAGs
[2025-05-31T19:31:39.705-0300] {logging_mixin.py:188} INFO - [2025-05-31T19:31:39.704-0300] {dag.py:3823} INFO - Setting next_dagrun for tutorial_dag to None, run_after=None
[2025-05-31T19:31:39.721-0300] {processor.py:183} INFO - Processing /home/walterg/Documentos/Data_projects/Data-Warehouse-postgres-DBT-airflow-/.venv/lib/python3.11/site-packages/airflow/example_dags/tutorial_dag.py took 0.052 seconds
[2025-05-31T19:40:59.523-0300] {processor.py:161} INFO - Started process (PID=12049) to work on /home/walterg/Documentos/Data_projects/Data-Warehouse-postgres-DBT-airflow-/.venv/lib/python3.11/site-packages/airflow/example_dags/tutorial_dag.py
[2025-05-31T19:40:59.528-0300] {processor.py:830} INFO - Processing file /home/walterg/Documentos/Data_projects/Data-Warehouse-postgres-DBT-airflow-/.venv/lib/python3.11/site-packages/airflow/example_dags/tutorial_dag.py for tasks to queue
[2025-05-31T19:40:59.530-0300] {logging_mixin.py:188} INFO - [2025-05-31T19:40:59.529-0300] {dagbag.py:538} INFO - Filling up the DagBag from /home/walterg/Documentos/Data_projects/Data-Warehouse-postgres-DBT-airflow-/.venv/lib/python3.11/site-packages/airflow/example_dags/tutorial_dag.py
[2025-05-31T19:40:59.537-0300] {processor.py:840} INFO - DAG(s) 'tutorial_dag' retrieved from /home/walterg/Documentos/Data_projects/Data-Warehouse-postgres-DBT-airflow-/.venv/lib/python3.11/site-packages/airflow/example_dags/tutorial_dag.py
[2025-05-31T19:40:59.614-0300] {logging_mixin.py:188} INFO - [2025-05-31T19:40:59.614-0300] {dag.py:3036} INFO - Sync 1 DAGs
[2025-05-31T19:40:59.620-0300] {logging_mixin.py:188} INFO - [2025-05-31T19:40:59.620-0300] {dag.py:3823} INFO - Setting next_dagrun for tutorial_dag to None, run_after=None
[2025-05-31T19:40:59.637-0300] {processor.py:183} INFO - Processing /home/walterg/Documentos/Data_projects/Data-Warehouse-postgres-DBT-airflow-/.venv/lib/python3.11/site-packages/airflow/example_dags/tutorial_dag.py took 0.117 seconds
[2025-05-31T19:41:58.924-0300] {processor.py:161} INFO - Started process (PID=12492) to work on /home/walterg/Documentos/Data_projects/Data-Warehouse-postgres-DBT-airflow-/.venv/lib/python3.11/site-packages/airflow/example_dags/tutorial_dag.py
[2025-05-31T19:41:58.929-0300] {processor.py:830} INFO - Processing file /home/walterg/Documentos/Data_projects/Data-Warehouse-postgres-DBT-airflow-/.venv/lib/python3.11/site-packages/airflow/example_dags/tutorial_dag.py for tasks to queue
[2025-05-31T19:41:58.931-0300] {logging_mixin.py:188} INFO - [2025-05-31T19:41:58.930-0300] {dagbag.py:538} INFO - Filling up the DagBag from /home/walterg/Documentos/Data_projects/Data-Warehouse-postgres-DBT-airflow-/.venv/lib/python3.11/site-packages/airflow/example_dags/tutorial_dag.py
[2025-05-31T19:41:58.935-0300] {processor.py:840} INFO - DAG(s) 'tutorial_dag' retrieved from /home/walterg/Documentos/Data_projects/Data-Warehouse-postgres-DBT-airflow-/.venv/lib/python3.11/site-packages/airflow/example_dags/tutorial_dag.py
[2025-05-31T19:41:58.948-0300] {logging_mixin.py:188} INFO - [2025-05-31T19:41:58.948-0300] {dag.py:3036} INFO - Sync 1 DAGs
[2025-05-31T19:41:58.956-0300] {logging_mixin.py:188} INFO - [2025-05-31T19:41:58.956-0300] {dag.py:3823} INFO - Setting next_dagrun for tutorial_dag to None, run_after=None
[2025-05-31T19:41:58.977-0300] {processor.py:183} INFO - Processing /home/walterg/Documentos/Data_projects/Data-Warehouse-postgres-DBT-airflow-/.venv/lib/python3.11/site-packages/airflow/example_dags/tutorial_dag.py took 0.054 seconds
[2025-05-31T19:42:48.982-0300] {processor.py:161} INFO - Started process (PID=12796) to work on /home/walterg/Documentos/Data_projects/Data-Warehouse-postgres-DBT-airflow-/.venv/lib/python3.11/site-packages/airflow/example_dags/tutorial_dag.py
[2025-05-31T19:42:48.987-0300] {processor.py:830} INFO - Processing file /home/walterg/Documentos/Data_projects/Data-Warehouse-postgres-DBT-airflow-/.venv/lib/python3.11/site-packages/airflow/example_dags/tutorial_dag.py for tasks to queue
[2025-05-31T19:42:48.988-0300] {logging_mixin.py:188} INFO - [2025-05-31T19:42:48.988-0300] {dagbag.py:538} INFO - Filling up the DagBag from /home/walterg/Documentos/Data_projects/Data-Warehouse-postgres-DBT-airflow-/.venv/lib/python3.11/site-packages/airflow/example_dags/tutorial_dag.py
[2025-05-31T19:42:48.992-0300] {processor.py:840} INFO - DAG(s) 'tutorial_dag' retrieved from /home/walterg/Documentos/Data_projects/Data-Warehouse-postgres-DBT-airflow-/.venv/lib/python3.11/site-packages/airflow/example_dags/tutorial_dag.py
[2025-05-31T19:42:49.004-0300] {logging_mixin.py:188} INFO - [2025-05-31T19:42:49.004-0300] {dag.py:3036} INFO - Sync 1 DAGs
[2025-05-31T19:42:49.012-0300] {logging_mixin.py:188} INFO - [2025-05-31T19:42:49.011-0300] {dag.py:3823} INFO - Setting next_dagrun for tutorial_dag to None, run_after=None
[2025-05-31T19:42:49.029-0300] {processor.py:183} INFO - Processing /home/walterg/Documentos/Data_projects/Data-Warehouse-postgres-DBT-airflow-/.venv/lib/python3.11/site-packages/airflow/example_dags/tutorial_dag.py took 0.049 seconds
[2025-05-31T19:43:30.213-0300] {processor.py:161} INFO - Started process (PID=13222) to work on /home/walterg/Documentos/Data_projects/Data-Warehouse-postgres-DBT-airflow-/.venv/lib/python3.11/site-packages/airflow/example_dags/tutorial_dag.py
[2025-05-31T19:43:30.214-0300] {processor.py:830} INFO - Processing file /home/walterg/Documentos/Data_projects/Data-Warehouse-postgres-DBT-airflow-/.venv/lib/python3.11/site-packages/airflow/example_dags/tutorial_dag.py for tasks to queue
[2025-05-31T19:43:30.214-0300] {logging_mixin.py:188} INFO - [2025-05-31T19:43:30.214-0300] {dagbag.py:538} INFO - Filling up the DagBag from /home/walterg/Documentos/Data_projects/Data-Warehouse-postgres-DBT-airflow-/.venv/lib/python3.11/site-packages/airflow/example_dags/tutorial_dag.py
[2025-05-31T19:43:30.219-0300] {processor.py:840} INFO - DAG(s) 'tutorial_dag' retrieved from /home/walterg/Documentos/Data_projects/Data-Warehouse-postgres-DBT-airflow-/.venv/lib/python3.11/site-packages/airflow/example_dags/tutorial_dag.py
[2025-05-31T19:43:30.232-0300] {logging_mixin.py:188} INFO - [2025-05-31T19:43:30.232-0300] {dag.py:3036} INFO - Sync 1 DAGs
[2025-05-31T19:43:30.240-0300] {logging_mixin.py:188} INFO - [2025-05-31T19:43:30.239-0300] {dag.py:3823} INFO - Setting next_dagrun for tutorial_dag to None, run_after=None
[2025-05-31T19:43:30.256-0300] {processor.py:183} INFO - Processing /home/walterg/Documentos/Data_projects/Data-Warehouse-postgres-DBT-airflow-/.venv/lib/python3.11/site-packages/airflow/example_dags/tutorial_dag.py took 0.046 seconds
[2025-05-31T19:44:21.957-0300] {processor.py:161} INFO - Started process (PID=13509) to work on /home/walterg/Documentos/Data_projects/Data-Warehouse-postgres-DBT-airflow-/.venv/lib/python3.11/site-packages/airflow/example_dags/tutorial_dag.py
[2025-05-31T19:44:21.958-0300] {processor.py:830} INFO - Processing file /home/walterg/Documentos/Data_projects/Data-Warehouse-postgres-DBT-airflow-/.venv/lib/python3.11/site-packages/airflow/example_dags/tutorial_dag.py for tasks to queue
[2025-05-31T19:44:21.959-0300] {logging_mixin.py:188} INFO - [2025-05-31T19:44:21.959-0300] {dagbag.py:538} INFO - Filling up the DagBag from /home/walterg/Documentos/Data_projects/Data-Warehouse-postgres-DBT-airflow-/.venv/lib/python3.11/site-packages/airflow/example_dags/tutorial_dag.py
[2025-05-31T19:44:21.964-0300] {processor.py:840} INFO - DAG(s) 'tutorial_dag' retrieved from /home/walterg/Documentos/Data_projects/Data-Warehouse-postgres-DBT-airflow-/.venv/lib/python3.11/site-packages/airflow/example_dags/tutorial_dag.py
[2025-05-31T19:44:21.976-0300] {logging_mixin.py:188} INFO - [2025-05-31T19:44:21.976-0300] {dag.py:3036} INFO - Sync 1 DAGs
[2025-05-31T19:44:21.984-0300] {logging_mixin.py:188} INFO - [2025-05-31T19:44:21.984-0300] {dag.py:3823} INFO - Setting next_dagrun for tutorial_dag to None, run_after=None
[2025-05-31T19:44:22.001-0300] {processor.py:183} INFO - Processing /home/walterg/Documentos/Data_projects/Data-Warehouse-postgres-DBT-airflow-/.venv/lib/python3.11/site-packages/airflow/example_dags/tutorial_dag.py took 0.046 seconds
[2025-05-31T19:45:10.821-0300] {processor.py:161} INFO - Started process (PID=13757) to work on /home/walterg/Documentos/Data_projects/Data-Warehouse-postgres-DBT-airflow-/.venv/lib/python3.11/site-packages/airflow/example_dags/tutorial_dag.py
[2025-05-31T19:45:10.827-0300] {processor.py:830} INFO - Processing file /home/walterg/Documentos/Data_projects/Data-Warehouse-postgres-DBT-airflow-/.venv/lib/python3.11/site-packages/airflow/example_dags/tutorial_dag.py for tasks to queue
[2025-05-31T19:45:10.827-0300] {logging_mixin.py:188} INFO - [2025-05-31T19:45:10.827-0300] {dagbag.py:538} INFO - Filling up the DagBag from /home/walterg/Documentos/Data_projects/Data-Warehouse-postgres-DBT-airflow-/.venv/lib/python3.11/site-packages/airflow/example_dags/tutorial_dag.py
[2025-05-31T19:45:10.832-0300] {processor.py:840} INFO - DAG(s) 'tutorial_dag' retrieved from /home/walterg/Documentos/Data_projects/Data-Warehouse-postgres-DBT-airflow-/.venv/lib/python3.11/site-packages/airflow/example_dags/tutorial_dag.py
[2025-05-31T19:45:10.844-0300] {logging_mixin.py:188} INFO - [2025-05-31T19:45:10.844-0300] {dag.py:3036} INFO - Sync 1 DAGs
[2025-05-31T19:45:10.852-0300] {logging_mixin.py:188} INFO - [2025-05-31T19:45:10.852-0300] {dag.py:3823} INFO - Setting next_dagrun for tutorial_dag to None, run_after=None
[2025-05-31T19:45:10.870-0300] {processor.py:183} INFO - Processing /home/walterg/Documentos/Data_projects/Data-Warehouse-postgres-DBT-airflow-/.venv/lib/python3.11/site-packages/airflow/example_dags/tutorial_dag.py took 0.052 seconds
[2025-05-31T19:45:53.727-0300] {processor.py:161} INFO - Started process (PID=13930) to work on /home/walterg/Documentos/Data_projects/Data-Warehouse-postgres-DBT-airflow-/.venv/lib/python3.11/site-packages/airflow/example_dags/tutorial_dag.py
[2025-05-31T19:45:53.728-0300] {processor.py:830} INFO - Processing file /home/walterg/Documentos/Data_projects/Data-Warehouse-postgres-DBT-airflow-/.venv/lib/python3.11/site-packages/airflow/example_dags/tutorial_dag.py for tasks to queue
[2025-05-31T19:45:53.728-0300] {logging_mixin.py:188} INFO - [2025-05-31T19:45:53.728-0300] {dagbag.py:538} INFO - Filling up the DagBag from /home/walterg/Documentos/Data_projects/Data-Warehouse-postgres-DBT-airflow-/.venv/lib/python3.11/site-packages/airflow/example_dags/tutorial_dag.py
[2025-05-31T19:45:53.733-0300] {processor.py:840} INFO - DAG(s) 'tutorial_dag' retrieved from /home/walterg/Documentos/Data_projects/Data-Warehouse-postgres-DBT-airflow-/.venv/lib/python3.11/site-packages/airflow/example_dags/tutorial_dag.py
[2025-05-31T19:45:53.746-0300] {logging_mixin.py:188} INFO - [2025-05-31T19:45:53.746-0300] {dag.py:3036} INFO - Sync 1 DAGs
[2025-05-31T19:45:53.754-0300] {logging_mixin.py:188} INFO - [2025-05-31T19:45:53.754-0300] {dag.py:3823} INFO - Setting next_dagrun for tutorial_dag to None, run_after=None
[2025-05-31T19:45:53.770-0300] {processor.py:183} INFO - Processing /home/walterg/Documentos/Data_projects/Data-Warehouse-postgres-DBT-airflow-/.venv/lib/python3.11/site-packages/airflow/example_dags/tutorial_dag.py took 0.046 seconds
[2025-05-31T19:46:30.267-0300] {processor.py:161} INFO - Started process (PID=14132) to work on /home/walterg/Documentos/Data_projects/Data-Warehouse-postgres-DBT-airflow-/.venv/lib/python3.11/site-packages/airflow/example_dags/tutorial_dag.py
[2025-05-31T19:46:30.272-0300] {processor.py:830} INFO - Processing file /home/walterg/Documentos/Data_projects/Data-Warehouse-postgres-DBT-airflow-/.venv/lib/python3.11/site-packages/airflow/example_dags/tutorial_dag.py for tasks to queue
[2025-05-31T19:46:30.274-0300] {logging_mixin.py:188} INFO - [2025-05-31T19:46:30.273-0300] {dagbag.py:538} INFO - Filling up the DagBag from /home/walterg/Documentos/Data_projects/Data-Warehouse-postgres-DBT-airflow-/.venv/lib/python3.11/site-packages/airflow/example_dags/tutorial_dag.py
[2025-05-31T19:46:30.278-0300] {processor.py:840} INFO - DAG(s) 'tutorial_dag' retrieved from /home/walterg/Documentos/Data_projects/Data-Warehouse-postgres-DBT-airflow-/.venv/lib/python3.11/site-packages/airflow/example_dags/tutorial_dag.py
[2025-05-31T19:46:30.291-0300] {logging_mixin.py:188} INFO - [2025-05-31T19:46:30.290-0300] {dag.py:3036} INFO - Sync 1 DAGs
[2025-05-31T19:46:30.298-0300] {logging_mixin.py:188} INFO - [2025-05-31T19:46:30.298-0300] {dag.py:3823} INFO - Setting next_dagrun for tutorial_dag to None, run_after=None
[2025-05-31T19:46:30.316-0300] {processor.py:183} INFO - Processing /home/walterg/Documentos/Data_projects/Data-Warehouse-postgres-DBT-airflow-/.venv/lib/python3.11/site-packages/airflow/example_dags/tutorial_dag.py took 0.051 seconds
[2025-05-31T19:47:10.485-0300] {processor.py:161} INFO - Started process (PID=14284) to work on /home/walterg/Documentos/Data_projects/Data-Warehouse-postgres-DBT-airflow-/.venv/lib/python3.11/site-packages/airflow/example_dags/tutorial_dag.py
[2025-05-31T19:47:10.490-0300] {processor.py:830} INFO - Processing file /home/walterg/Documentos/Data_projects/Data-Warehouse-postgres-DBT-airflow-/.venv/lib/python3.11/site-packages/airflow/example_dags/tutorial_dag.py for tasks to queue
[2025-05-31T19:47:10.491-0300] {logging_mixin.py:188} INFO - [2025-05-31T19:47:10.491-0300] {dagbag.py:538} INFO - Filling up the DagBag from /home/walterg/Documentos/Data_projects/Data-Warehouse-postgres-DBT-airflow-/.venv/lib/python3.11/site-packages/airflow/example_dags/tutorial_dag.py
[2025-05-31T19:47:10.496-0300] {processor.py:840} INFO - DAG(s) 'tutorial_dag' retrieved from /home/walterg/Documentos/Data_projects/Data-Warehouse-postgres-DBT-airflow-/.venv/lib/python3.11/site-packages/airflow/example_dags/tutorial_dag.py
[2025-05-31T19:47:10.508-0300] {logging_mixin.py:188} INFO - [2025-05-31T19:47:10.508-0300] {dag.py:3036} INFO - Sync 1 DAGs
[2025-05-31T19:47:10.516-0300] {logging_mixin.py:188} INFO - [2025-05-31T19:47:10.516-0300] {dag.py:3823} INFO - Setting next_dagrun for tutorial_dag to None, run_after=None
[2025-05-31T19:47:10.535-0300] {processor.py:183} INFO - Processing /home/walterg/Documentos/Data_projects/Data-Warehouse-postgres-DBT-airflow-/.venv/lib/python3.11/site-packages/airflow/example_dags/tutorial_dag.py took 0.053 seconds
[2025-05-31T19:47:48.992-0300] {processor.py:161} INFO - Started process (PID=14409) to work on /home/walterg/Documentos/Data_projects/Data-Warehouse-postgres-DBT-airflow-/.venv/lib/python3.11/site-packages/airflow/example_dags/tutorial_dag.py
[2025-05-31T19:47:48.997-0300] {processor.py:830} INFO - Processing file /home/walterg/Documentos/Data_projects/Data-Warehouse-postgres-DBT-airflow-/.venv/lib/python3.11/site-packages/airflow/example_dags/tutorial_dag.py for tasks to queue
[2025-05-31T19:47:48.998-0300] {logging_mixin.py:188} INFO - [2025-05-31T19:47:48.998-0300] {dagbag.py:538} INFO - Filling up the DagBag from /home/walterg/Documentos/Data_projects/Data-Warehouse-postgres-DBT-airflow-/.venv/lib/python3.11/site-packages/airflow/example_dags/tutorial_dag.py
[2025-05-31T19:47:49.002-0300] {processor.py:840} INFO - DAG(s) 'tutorial_dag' retrieved from /home/walterg/Documentos/Data_projects/Data-Warehouse-postgres-DBT-airflow-/.venv/lib/python3.11/site-packages/airflow/example_dags/tutorial_dag.py
[2025-05-31T19:47:49.015-0300] {logging_mixin.py:188} INFO - [2025-05-31T19:47:49.015-0300] {dag.py:3036} INFO - Sync 1 DAGs
[2025-05-31T19:47:49.023-0300] {logging_mixin.py:188} INFO - [2025-05-31T19:47:49.022-0300] {dag.py:3823} INFO - Setting next_dagrun for tutorial_dag to None, run_after=None
[2025-05-31T19:47:49.039-0300] {processor.py:183} INFO - Processing /home/walterg/Documentos/Data_projects/Data-Warehouse-postgres-DBT-airflow-/.venv/lib/python3.11/site-packages/airflow/example_dags/tutorial_dag.py took 0.050 seconds
[2025-05-31T19:48:38.627-0300] {processor.py:161} INFO - Started process (PID=14839) to work on /home/walterg/Documentos/Data_projects/Data-Warehouse-postgres-DBT-airflow-/.venv/lib/python3.11/site-packages/airflow/example_dags/tutorial_dag.py
[2025-05-31T19:48:38.633-0300] {processor.py:830} INFO - Processing file /home/walterg/Documentos/Data_projects/Data-Warehouse-postgres-DBT-airflow-/.venv/lib/python3.11/site-packages/airflow/example_dags/tutorial_dag.py for tasks to queue
[2025-05-31T19:48:38.634-0300] {logging_mixin.py:188} INFO - [2025-05-31T19:48:38.633-0300] {dagbag.py:538} INFO - Filling up the DagBag from /home/walterg/Documentos/Data_projects/Data-Warehouse-postgres-DBT-airflow-/.venv/lib/python3.11/site-packages/airflow/example_dags/tutorial_dag.py
[2025-05-31T19:48:38.639-0300] {processor.py:840} INFO - DAG(s) 'tutorial_dag' retrieved from /home/walterg/Documentos/Data_projects/Data-Warehouse-postgres-DBT-airflow-/.venv/lib/python3.11/site-packages/airflow/example_dags/tutorial_dag.py
[2025-05-31T19:48:38.652-0300] {logging_mixin.py:188} INFO - [2025-05-31T19:48:38.652-0300] {dag.py:3036} INFO - Sync 1 DAGs
[2025-05-31T19:48:38.661-0300] {logging_mixin.py:188} INFO - [2025-05-31T19:48:38.661-0300] {dag.py:3823} INFO - Setting next_dagrun for tutorial_dag to None, run_after=None
[2025-05-31T19:48:38.678-0300] {processor.py:183} INFO - Processing /home/walterg/Documentos/Data_projects/Data-Warehouse-postgres-DBT-airflow-/.venv/lib/python3.11/site-packages/airflow/example_dags/tutorial_dag.py took 0.053 seconds
[2025-05-31T19:49:18.937-0300] {processor.py:161} INFO - Started process (PID=15203) to work on /home/walterg/Documentos/Data_projects/Data-Warehouse-postgres-DBT-airflow-/.venv/lib/python3.11/site-packages/airflow/example_dags/tutorial_dag.py
[2025-05-31T19:49:18.942-0300] {processor.py:830} INFO - Processing file /home/walterg/Documentos/Data_projects/Data-Warehouse-postgres-DBT-airflow-/.venv/lib/python3.11/site-packages/airflow/example_dags/tutorial_dag.py for tasks to queue
[2025-05-31T19:49:18.943-0300] {logging_mixin.py:188} INFO - [2025-05-31T19:49:18.943-0300] {dagbag.py:538} INFO - Filling up the DagBag from /home/walterg/Documentos/Data_projects/Data-Warehouse-postgres-DBT-airflow-/.venv/lib/python3.11/site-packages/airflow/example_dags/tutorial_dag.py
[2025-05-31T19:49:18.948-0300] {processor.py:840} INFO - DAG(s) 'tutorial_dag' retrieved from /home/walterg/Documentos/Data_projects/Data-Warehouse-postgres-DBT-airflow-/.venv/lib/python3.11/site-packages/airflow/example_dags/tutorial_dag.py
[2025-05-31T19:49:18.960-0300] {logging_mixin.py:188} INFO - [2025-05-31T19:49:18.960-0300] {dag.py:3036} INFO - Sync 1 DAGs
[2025-05-31T19:49:18.967-0300] {logging_mixin.py:188} INFO - [2025-05-31T19:49:18.967-0300] {dag.py:3823} INFO - Setting next_dagrun for tutorial_dag to None, run_after=None
[2025-05-31T19:49:18.984-0300] {processor.py:183} INFO - Processing /home/walterg/Documentos/Data_projects/Data-Warehouse-postgres-DBT-airflow-/.venv/lib/python3.11/site-packages/airflow/example_dags/tutorial_dag.py took 0.049 seconds
[2025-05-31T19:50:10.369-0300] {processor.py:161} INFO - Started process (PID=15380) to work on /home/walterg/Documentos/Data_projects/Data-Warehouse-postgres-DBT-airflow-/.venv/lib/python3.11/site-packages/airflow/example_dags/tutorial_dag.py
[2025-05-31T19:50:10.374-0300] {processor.py:830} INFO - Processing file /home/walterg/Documentos/Data_projects/Data-Warehouse-postgres-DBT-airflow-/.venv/lib/python3.11/site-packages/airflow/example_dags/tutorial_dag.py for tasks to queue
[2025-05-31T19:50:10.376-0300] {logging_mixin.py:188} INFO - [2025-05-31T19:50:10.375-0300] {dagbag.py:538} INFO - Filling up the DagBag from /home/walterg/Documentos/Data_projects/Data-Warehouse-postgres-DBT-airflow-/.venv/lib/python3.11/site-packages/airflow/example_dags/tutorial_dag.py
[2025-05-31T19:50:10.380-0300] {processor.py:840} INFO - DAG(s) 'tutorial_dag' retrieved from /home/walterg/Documentos/Data_projects/Data-Warehouse-postgres-DBT-airflow-/.venv/lib/python3.11/site-packages/airflow/example_dags/tutorial_dag.py
[2025-05-31T19:50:10.393-0300] {logging_mixin.py:188} INFO - [2025-05-31T19:50:10.392-0300] {dag.py:3036} INFO - Sync 1 DAGs
[2025-05-31T19:50:10.400-0300] {logging_mixin.py:188} INFO - [2025-05-31T19:50:10.400-0300] {dag.py:3823} INFO - Setting next_dagrun for tutorial_dag to None, run_after=None
[2025-05-31T19:50:10.416-0300] {processor.py:183} INFO - Processing /home/walterg/Documentos/Data_projects/Data-Warehouse-postgres-DBT-airflow-/.venv/lib/python3.11/site-packages/airflow/example_dags/tutorial_dag.py took 0.049 seconds
[2025-05-31T19:50:50.256-0300] {processor.py:161} INFO - Started process (PID=15494) to work on /home/walterg/Documentos/Data_projects/Data-Warehouse-postgres-DBT-airflow-/.venv/lib/python3.11/site-packages/airflow/example_dags/tutorial_dag.py
[2025-05-31T19:50:50.261-0300] {processor.py:830} INFO - Processing file /home/walterg/Documentos/Data_projects/Data-Warehouse-postgres-DBT-airflow-/.venv/lib/python3.11/site-packages/airflow/example_dags/tutorial_dag.py for tasks to queue
[2025-05-31T19:50:50.262-0300] {logging_mixin.py:188} INFO - [2025-05-31T19:50:50.262-0300] {dagbag.py:538} INFO - Filling up the DagBag from /home/walterg/Documentos/Data_projects/Data-Warehouse-postgres-DBT-airflow-/.venv/lib/python3.11/site-packages/airflow/example_dags/tutorial_dag.py
[2025-05-31T19:50:50.267-0300] {processor.py:840} INFO - DAG(s) 'tutorial_dag' retrieved from /home/walterg/Documentos/Data_projects/Data-Warehouse-postgres-DBT-airflow-/.venv/lib/python3.11/site-packages/airflow/example_dags/tutorial_dag.py
[2025-05-31T19:50:50.280-0300] {logging_mixin.py:188} INFO - [2025-05-31T19:50:50.280-0300] {dag.py:3036} INFO - Sync 1 DAGs
[2025-05-31T19:50:50.288-0300] {logging_mixin.py:188} INFO - [2025-05-31T19:50:50.288-0300] {dag.py:3823} INFO - Setting next_dagrun for tutorial_dag to None, run_after=None
[2025-05-31T19:50:50.318-0300] {processor.py:183} INFO - Processing /home/walterg/Documentos/Data_projects/Data-Warehouse-postgres-DBT-airflow-/.venv/lib/python3.11/site-packages/airflow/example_dags/tutorial_dag.py took 0.065 seconds
[2025-05-31T19:51:30.416-0300] {processor.py:161} INFO - Started process (PID=15788) to work on /home/walterg/Documentos/Data_projects/Data-Warehouse-postgres-DBT-airflow-/.venv/lib/python3.11/site-packages/airflow/example_dags/tutorial_dag.py
[2025-05-31T19:51:30.421-0300] {processor.py:830} INFO - Processing file /home/walterg/Documentos/Data_projects/Data-Warehouse-postgres-DBT-airflow-/.venv/lib/python3.11/site-packages/airflow/example_dags/tutorial_dag.py for tasks to queue
[2025-05-31T19:51:30.422-0300] {logging_mixin.py:188} INFO - [2025-05-31T19:51:30.422-0300] {dagbag.py:538} INFO - Filling up the DagBag from /home/walterg/Documentos/Data_projects/Data-Warehouse-postgres-DBT-airflow-/.venv/lib/python3.11/site-packages/airflow/example_dags/tutorial_dag.py
[2025-05-31T19:51:30.427-0300] {processor.py:840} INFO - DAG(s) 'tutorial_dag' retrieved from /home/walterg/Documentos/Data_projects/Data-Warehouse-postgres-DBT-airflow-/.venv/lib/python3.11/site-packages/airflow/example_dags/tutorial_dag.py
[2025-05-31T19:51:30.439-0300] {logging_mixin.py:188} INFO - [2025-05-31T19:51:30.439-0300] {dag.py:3036} INFO - Sync 1 DAGs
[2025-05-31T19:51:30.447-0300] {logging_mixin.py:188} INFO - [2025-05-31T19:51:30.447-0300] {dag.py:3823} INFO - Setting next_dagrun for tutorial_dag to None, run_after=None
[2025-05-31T19:51:30.463-0300] {processor.py:183} INFO - Processing /home/walterg/Documentos/Data_projects/Data-Warehouse-postgres-DBT-airflow-/.venv/lib/python3.11/site-packages/airflow/example_dags/tutorial_dag.py took 0.050 seconds
[2025-05-31T19:52:14.640-0300] {processor.py:161} INFO - Started process (PID=15983) to work on /home/walterg/Documentos/Data_projects/Data-Warehouse-postgres-DBT-airflow-/.venv/lib/python3.11/site-packages/airflow/example_dags/tutorial_dag.py
[2025-05-31T19:52:14.645-0300] {processor.py:830} INFO - Processing file /home/walterg/Documentos/Data_projects/Data-Warehouse-postgres-DBT-airflow-/.venv/lib/python3.11/site-packages/airflow/example_dags/tutorial_dag.py for tasks to queue
[2025-05-31T19:52:14.646-0300] {logging_mixin.py:188} INFO - [2025-05-31T19:52:14.646-0300] {dagbag.py:538} INFO - Filling up the DagBag from /home/walterg/Documentos/Data_projects/Data-Warehouse-postgres-DBT-airflow-/.venv/lib/python3.11/site-packages/airflow/example_dags/tutorial_dag.py
[2025-05-31T19:52:14.651-0300] {processor.py:840} INFO - DAG(s) 'tutorial_dag' retrieved from /home/walterg/Documentos/Data_projects/Data-Warehouse-postgres-DBT-airflow-/.venv/lib/python3.11/site-packages/airflow/example_dags/tutorial_dag.py
[2025-05-31T19:52:14.663-0300] {logging_mixin.py:188} INFO - [2025-05-31T19:52:14.663-0300] {dag.py:3036} INFO - Sync 1 DAGs
[2025-05-31T19:52:14.671-0300] {logging_mixin.py:188} INFO - [2025-05-31T19:52:14.671-0300] {dag.py:3823} INFO - Setting next_dagrun for tutorial_dag to None, run_after=None
[2025-05-31T19:52:14.688-0300] {processor.py:183} INFO - Processing /home/walterg/Documentos/Data_projects/Data-Warehouse-postgres-DBT-airflow-/.venv/lib/python3.11/site-packages/airflow/example_dags/tutorial_dag.py took 0.051 seconds
[2025-05-31T19:52:57.451-0300] {processor.py:161} INFO - Started process (PID=16098) to work on /home/walterg/Documentos/Data_projects/Data-Warehouse-postgres-DBT-airflow-/.venv/lib/python3.11/site-packages/airflow/example_dags/tutorial_dag.py
[2025-05-31T19:52:57.456-0300] {processor.py:830} INFO - Processing file /home/walterg/Documentos/Data_projects/Data-Warehouse-postgres-DBT-airflow-/.venv/lib/python3.11/site-packages/airflow/example_dags/tutorial_dag.py for tasks to queue
[2025-05-31T19:52:57.458-0300] {logging_mixin.py:188} INFO - [2025-05-31T19:52:57.457-0300] {dagbag.py:538} INFO - Filling up the DagBag from /home/walterg/Documentos/Data_projects/Data-Warehouse-postgres-DBT-airflow-/.venv/lib/python3.11/site-packages/airflow/example_dags/tutorial_dag.py
[2025-05-31T19:52:57.462-0300] {processor.py:840} INFO - DAG(s) 'tutorial_dag' retrieved from /home/walterg/Documentos/Data_projects/Data-Warehouse-postgres-DBT-airflow-/.venv/lib/python3.11/site-packages/airflow/example_dags/tutorial_dag.py
[2025-05-31T19:52:57.475-0300] {logging_mixin.py:188} INFO - [2025-05-31T19:52:57.475-0300] {dag.py:3036} INFO - Sync 1 DAGs
[2025-05-31T19:52:57.483-0300] {logging_mixin.py:188} INFO - [2025-05-31T19:52:57.482-0300] {dag.py:3823} INFO - Setting next_dagrun for tutorial_dag to None, run_after=None
[2025-05-31T19:52:57.499-0300] {processor.py:183} INFO - Processing /home/walterg/Documentos/Data_projects/Data-Warehouse-postgres-DBT-airflow-/.venv/lib/python3.11/site-packages/airflow/example_dags/tutorial_dag.py took 0.051 seconds
[2025-05-31T19:53:44.014-0300] {processor.py:161} INFO - Started process (PID=16236) to work on /home/walterg/Documentos/Data_projects/Data-Warehouse-postgres-DBT-airflow-/.venv/lib/python3.11/site-packages/airflow/example_dags/tutorial_dag.py
[2025-05-31T19:53:44.020-0300] {processor.py:830} INFO - Processing file /home/walterg/Documentos/Data_projects/Data-Warehouse-postgres-DBT-airflow-/.venv/lib/python3.11/site-packages/airflow/example_dags/tutorial_dag.py for tasks to queue
[2025-05-31T19:53:44.021-0300] {logging_mixin.py:188} INFO - [2025-05-31T19:53:44.020-0300] {dagbag.py:538} INFO - Filling up the DagBag from /home/walterg/Documentos/Data_projects/Data-Warehouse-postgres-DBT-airflow-/.venv/lib/python3.11/site-packages/airflow/example_dags/tutorial_dag.py
[2025-05-31T19:53:44.025-0300] {processor.py:840} INFO - DAG(s) 'tutorial_dag' retrieved from /home/walterg/Documentos/Data_projects/Data-Warehouse-postgres-DBT-airflow-/.venv/lib/python3.11/site-packages/airflow/example_dags/tutorial_dag.py
[2025-05-31T19:53:44.037-0300] {logging_mixin.py:188} INFO - [2025-05-31T19:53:44.037-0300] {dag.py:3036} INFO - Sync 1 DAGs
[2025-05-31T19:53:44.045-0300] {logging_mixin.py:188} INFO - [2025-05-31T19:53:44.045-0300] {dag.py:3823} INFO - Setting next_dagrun for tutorial_dag to None, run_after=None
[2025-05-31T19:53:44.060-0300] {processor.py:183} INFO - Processing /home/walterg/Documentos/Data_projects/Data-Warehouse-postgres-DBT-airflow-/.venv/lib/python3.11/site-packages/airflow/example_dags/tutorial_dag.py took 0.048 seconds
[2025-05-31T19:54:25.355-0300] {processor.py:161} INFO - Started process (PID=16374) to work on /home/walterg/Documentos/Data_projects/Data-Warehouse-postgres-DBT-airflow-/.venv/lib/python3.11/site-packages/airflow/example_dags/tutorial_dag.py
[2025-05-31T19:54:25.360-0300] {processor.py:830} INFO - Processing file /home/walterg/Documentos/Data_projects/Data-Warehouse-postgres-DBT-airflow-/.venv/lib/python3.11/site-packages/airflow/example_dags/tutorial_dag.py for tasks to queue
[2025-05-31T19:54:25.361-0300] {logging_mixin.py:188} INFO - [2025-05-31T19:54:25.361-0300] {dagbag.py:538} INFO - Filling up the DagBag from /home/walterg/Documentos/Data_projects/Data-Warehouse-postgres-DBT-airflow-/.venv/lib/python3.11/site-packages/airflow/example_dags/tutorial_dag.py
[2025-05-31T19:54:25.366-0300] {processor.py:840} INFO - DAG(s) 'tutorial_dag' retrieved from /home/walterg/Documentos/Data_projects/Data-Warehouse-postgres-DBT-airflow-/.venv/lib/python3.11/site-packages/airflow/example_dags/tutorial_dag.py
[2025-05-31T19:54:25.379-0300] {logging_mixin.py:188} INFO - [2025-05-31T19:54:25.378-0300] {dag.py:3036} INFO - Sync 1 DAGs
[2025-05-31T19:54:25.386-0300] {logging_mixin.py:188} INFO - [2025-05-31T19:54:25.386-0300] {dag.py:3823} INFO - Setting next_dagrun for tutorial_dag to None, run_after=None
[2025-05-31T19:54:25.403-0300] {processor.py:183} INFO - Processing /home/walterg/Documentos/Data_projects/Data-Warehouse-postgres-DBT-airflow-/.venv/lib/python3.11/site-packages/airflow/example_dags/tutorial_dag.py took 0.050 seconds
[2025-05-31T19:55:16.039-0300] {processor.py:161} INFO - Started process (PID=16564) to work on /home/walterg/Documentos/Data_projects/Data-Warehouse-postgres-DBT-airflow-/.venv/lib/python3.11/site-packages/airflow/example_dags/tutorial_dag.py
[2025-05-31T19:55:16.044-0300] {processor.py:830} INFO - Processing file /home/walterg/Documentos/Data_projects/Data-Warehouse-postgres-DBT-airflow-/.venv/lib/python3.11/site-packages/airflow/example_dags/tutorial_dag.py for tasks to queue
[2025-05-31T19:55:16.045-0300] {logging_mixin.py:188} INFO - [2025-05-31T19:55:16.044-0300] {dagbag.py:538} INFO - Filling up the DagBag from /home/walterg/Documentos/Data_projects/Data-Warehouse-postgres-DBT-airflow-/.venv/lib/python3.11/site-packages/airflow/example_dags/tutorial_dag.py
[2025-05-31T19:55:16.049-0300] {processor.py:840} INFO - DAG(s) 'tutorial_dag' retrieved from /home/walterg/Documentos/Data_projects/Data-Warehouse-postgres-DBT-airflow-/.venv/lib/python3.11/site-packages/airflow/example_dags/tutorial_dag.py
[2025-05-31T19:55:16.063-0300] {logging_mixin.py:188} INFO - [2025-05-31T19:55:16.063-0300] {dag.py:3036} INFO - Sync 1 DAGs
[2025-05-31T19:55:16.071-0300] {logging_mixin.py:188} INFO - [2025-05-31T19:55:16.070-0300] {dag.py:3823} INFO - Setting next_dagrun for tutorial_dag to None, run_after=None
[2025-05-31T19:55:16.087-0300] {processor.py:183} INFO - Processing /home/walterg/Documentos/Data_projects/Data-Warehouse-postgres-DBT-airflow-/.venv/lib/python3.11/site-packages/airflow/example_dags/tutorial_dag.py took 0.051 seconds
[2025-05-31T19:55:51.446-0300] {processor.py:161} INFO - Started process (PID=16685) to work on /home/walterg/Documentos/Data_projects/Data-Warehouse-postgres-DBT-airflow-/.venv/lib/python3.11/site-packages/airflow/example_dags/tutorial_dag.py
[2025-05-31T19:55:51.451-0300] {processor.py:830} INFO - Processing file /home/walterg/Documentos/Data_projects/Data-Warehouse-postgres-DBT-airflow-/.venv/lib/python3.11/site-packages/airflow/example_dags/tutorial_dag.py for tasks to queue
[2025-05-31T19:55:51.453-0300] {logging_mixin.py:188} INFO - [2025-05-31T19:55:51.452-0300] {dagbag.py:538} INFO - Filling up the DagBag from /home/walterg/Documentos/Data_projects/Data-Warehouse-postgres-DBT-airflow-/.venv/lib/python3.11/site-packages/airflow/example_dags/tutorial_dag.py
[2025-05-31T19:55:51.457-0300] {processor.py:840} INFO - DAG(s) 'tutorial_dag' retrieved from /home/walterg/Documentos/Data_projects/Data-Warehouse-postgres-DBT-airflow-/.venv/lib/python3.11/site-packages/airflow/example_dags/tutorial_dag.py
[2025-05-31T19:55:51.470-0300] {logging_mixin.py:188} INFO - [2025-05-31T19:55:51.470-0300] {dag.py:3036} INFO - Sync 1 DAGs
[2025-05-31T19:55:51.477-0300] {logging_mixin.py:188} INFO - [2025-05-31T19:55:51.477-0300] {dag.py:3823} INFO - Setting next_dagrun for tutorial_dag to None, run_after=None
[2025-05-31T19:55:51.494-0300] {processor.py:183} INFO - Processing /home/walterg/Documentos/Data_projects/Data-Warehouse-postgres-DBT-airflow-/.venv/lib/python3.11/site-packages/airflow/example_dags/tutorial_dag.py took 0.051 seconds
[2025-05-31T19:56:33.198-0300] {processor.py:161} INFO - Started process (PID=16864) to work on /home/walterg/Documentos/Data_projects/Data-Warehouse-postgres-DBT-airflow-/.venv/lib/python3.11/site-packages/airflow/example_dags/tutorial_dag.py
[2025-05-31T19:56:33.203-0300] {processor.py:830} INFO - Processing file /home/walterg/Documentos/Data_projects/Data-Warehouse-postgres-DBT-airflow-/.venv/lib/python3.11/site-packages/airflow/example_dags/tutorial_dag.py for tasks to queue
[2025-05-31T19:56:33.204-0300] {logging_mixin.py:188} INFO - [2025-05-31T19:56:33.203-0300] {dagbag.py:538} INFO - Filling up the DagBag from /home/walterg/Documentos/Data_projects/Data-Warehouse-postgres-DBT-airflow-/.venv/lib/python3.11/site-packages/airflow/example_dags/tutorial_dag.py
[2025-05-31T19:56:33.208-0300] {processor.py:840} INFO - DAG(s) 'tutorial_dag' retrieved from /home/walterg/Documentos/Data_projects/Data-Warehouse-postgres-DBT-airflow-/.venv/lib/python3.11/site-packages/airflow/example_dags/tutorial_dag.py
[2025-05-31T19:56:33.221-0300] {logging_mixin.py:188} INFO - [2025-05-31T19:56:33.221-0300] {dag.py:3036} INFO - Sync 1 DAGs
[2025-05-31T19:56:33.229-0300] {logging_mixin.py:188} INFO - [2025-05-31T19:56:33.229-0300] {dag.py:3823} INFO - Setting next_dagrun for tutorial_dag to None, run_after=None
[2025-05-31T19:56:33.245-0300] {processor.py:183} INFO - Processing /home/walterg/Documentos/Data_projects/Data-Warehouse-postgres-DBT-airflow-/.venv/lib/python3.11/site-packages/airflow/example_dags/tutorial_dag.py took 0.050 seconds
[2025-05-31T19:57:13.313-0300] {processor.py:161} INFO - Started process (PID=17016) to work on /home/walterg/Documentos/Data_projects/Data-Warehouse-postgres-DBT-airflow-/.venv/lib/python3.11/site-packages/airflow/example_dags/tutorial_dag.py
[2025-05-31T19:57:13.318-0300] {processor.py:830} INFO - Processing file /home/walterg/Documentos/Data_projects/Data-Warehouse-postgres-DBT-airflow-/.venv/lib/python3.11/site-packages/airflow/example_dags/tutorial_dag.py for tasks to queue
[2025-05-31T19:57:13.319-0300] {logging_mixin.py:188} INFO - [2025-05-31T19:57:13.318-0300] {dagbag.py:538} INFO - Filling up the DagBag from /home/walterg/Documentos/Data_projects/Data-Warehouse-postgres-DBT-airflow-/.venv/lib/python3.11/site-packages/airflow/example_dags/tutorial_dag.py
[2025-05-31T19:57:13.323-0300] {processor.py:840} INFO - DAG(s) 'tutorial_dag' retrieved from /home/walterg/Documentos/Data_projects/Data-Warehouse-postgres-DBT-airflow-/.venv/lib/python3.11/site-packages/airflow/example_dags/tutorial_dag.py
[2025-05-31T19:57:13.336-0300] {logging_mixin.py:188} INFO - [2025-05-31T19:57:13.336-0300] {dag.py:3036} INFO - Sync 1 DAGs
[2025-05-31T19:57:13.344-0300] {logging_mixin.py:188} INFO - [2025-05-31T19:57:13.344-0300] {dag.py:3823} INFO - Setting next_dagrun for tutorial_dag to None, run_after=None
[2025-05-31T19:57:13.360-0300] {processor.py:183} INFO - Processing /home/walterg/Documentos/Data_projects/Data-Warehouse-postgres-DBT-airflow-/.venv/lib/python3.11/site-packages/airflow/example_dags/tutorial_dag.py took 0.050 seconds
[2025-05-31T19:57:57.300-0300] {processor.py:161} INFO - Started process (PID=17099) to work on /home/walterg/Documentos/Data_projects/Data-Warehouse-postgres-DBT-airflow-/.venv/lib/python3.11/site-packages/airflow/example_dags/tutorial_dag.py
[2025-05-31T19:57:57.305-0300] {processor.py:830} INFO - Processing file /home/walterg/Documentos/Data_projects/Data-Warehouse-postgres-DBT-airflow-/.venv/lib/python3.11/site-packages/airflow/example_dags/tutorial_dag.py for tasks to queue
[2025-05-31T19:57:57.306-0300] {logging_mixin.py:188} INFO - [2025-05-31T19:57:57.306-0300] {dagbag.py:538} INFO - Filling up the DagBag from /home/walterg/Documentos/Data_projects/Data-Warehouse-postgres-DBT-airflow-/.venv/lib/python3.11/site-packages/airflow/example_dags/tutorial_dag.py
[2025-05-31T19:57:57.310-0300] {processor.py:840} INFO - DAG(s) 'tutorial_dag' retrieved from /home/walterg/Documentos/Data_projects/Data-Warehouse-postgres-DBT-airflow-/.venv/lib/python3.11/site-packages/airflow/example_dags/tutorial_dag.py
[2025-05-31T19:57:57.323-0300] {logging_mixin.py:188} INFO - [2025-05-31T19:57:57.323-0300] {dag.py:3036} INFO - Sync 1 DAGs
[2025-05-31T19:57:57.331-0300] {logging_mixin.py:188} INFO - [2025-05-31T19:57:57.330-0300] {dag.py:3823} INFO - Setting next_dagrun for tutorial_dag to None, run_after=None
[2025-05-31T19:57:57.347-0300] {processor.py:183} INFO - Processing /home/walterg/Documentos/Data_projects/Data-Warehouse-postgres-DBT-airflow-/.venv/lib/python3.11/site-packages/airflow/example_dags/tutorial_dag.py took 0.050 seconds
[2025-05-31T19:58:39.638-0300] {processor.py:161} INFO - Started process (PID=17257) to work on /home/walterg/Documentos/Data_projects/Data-Warehouse-postgres-DBT-airflow-/.venv/lib/python3.11/site-packages/airflow/example_dags/tutorial_dag.py
[2025-05-31T19:58:39.644-0300] {processor.py:830} INFO - Processing file /home/walterg/Documentos/Data_projects/Data-Warehouse-postgres-DBT-airflow-/.venv/lib/python3.11/site-packages/airflow/example_dags/tutorial_dag.py for tasks to queue
[2025-05-31T19:58:39.644-0300] {logging_mixin.py:188} INFO - [2025-05-31T19:58:39.644-0300] {dagbag.py:538} INFO - Filling up the DagBag from /home/walterg/Documentos/Data_projects/Data-Warehouse-postgres-DBT-airflow-/.venv/lib/python3.11/site-packages/airflow/example_dags/tutorial_dag.py
[2025-05-31T19:58:39.649-0300] {processor.py:840} INFO - DAG(s) 'tutorial_dag' retrieved from /home/walterg/Documentos/Data_projects/Data-Warehouse-postgres-DBT-airflow-/.venv/lib/python3.11/site-packages/airflow/example_dags/tutorial_dag.py
[2025-05-31T19:58:39.662-0300] {logging_mixin.py:188} INFO - [2025-05-31T19:58:39.662-0300] {dag.py:3036} INFO - Sync 1 DAGs
[2025-05-31T19:58:39.670-0300] {logging_mixin.py:188} INFO - [2025-05-31T19:58:39.669-0300] {dag.py:3823} INFO - Setting next_dagrun for tutorial_dag to None, run_after=None
[2025-05-31T19:58:39.688-0300] {processor.py:183} INFO - Processing /home/walterg/Documentos/Data_projects/Data-Warehouse-postgres-DBT-airflow-/.venv/lib/python3.11/site-packages/airflow/example_dags/tutorial_dag.py took 0.052 seconds
[2025-05-31T19:59:22.466-0300] {processor.py:161} INFO - Started process (PID=17523) to work on /home/walterg/Documentos/Data_projects/Data-Warehouse-postgres-DBT-airflow-/.venv/lib/python3.11/site-packages/airflow/example_dags/tutorial_dag.py
[2025-05-31T19:59:22.471-0300] {processor.py:830} INFO - Processing file /home/walterg/Documentos/Data_projects/Data-Warehouse-postgres-DBT-airflow-/.venv/lib/python3.11/site-packages/airflow/example_dags/tutorial_dag.py for tasks to queue
[2025-05-31T19:59:22.472-0300] {logging_mixin.py:188} INFO - [2025-05-31T19:59:22.472-0300] {dagbag.py:538} INFO - Filling up the DagBag from /home/walterg/Documentos/Data_projects/Data-Warehouse-postgres-DBT-airflow-/.venv/lib/python3.11/site-packages/airflow/example_dags/tutorial_dag.py
[2025-05-31T19:59:22.476-0300] {processor.py:840} INFO - DAG(s) 'tutorial_dag' retrieved from /home/walterg/Documentos/Data_projects/Data-Warehouse-postgres-DBT-airflow-/.venv/lib/python3.11/site-packages/airflow/example_dags/tutorial_dag.py
[2025-05-31T19:59:22.489-0300] {logging_mixin.py:188} INFO - [2025-05-31T19:59:22.488-0300] {dag.py:3036} INFO - Sync 1 DAGs
[2025-05-31T19:59:22.496-0300] {logging_mixin.py:188} INFO - [2025-05-31T19:59:22.496-0300] {dag.py:3823} INFO - Setting next_dagrun for tutorial_dag to None, run_after=None
[2025-05-31T19:59:22.511-0300] {processor.py:183} INFO - Processing /home/walterg/Documentos/Data_projects/Data-Warehouse-postgres-DBT-airflow-/.venv/lib/python3.11/site-packages/airflow/example_dags/tutorial_dag.py took 0.048 seconds
[2025-05-31T20:00:07.038-0300] {processor.py:161} INFO - Started process (PID=17667) to work on /home/walterg/Documentos/Data_projects/Data-Warehouse-postgres-DBT-airflow-/.venv/lib/python3.11/site-packages/airflow/example_dags/tutorial_dag.py
[2025-05-31T20:00:07.040-0300] {processor.py:830} INFO - Processing file /home/walterg/Documentos/Data_projects/Data-Warehouse-postgres-DBT-airflow-/.venv/lib/python3.11/site-packages/airflow/example_dags/tutorial_dag.py for tasks to queue
[2025-05-31T20:00:07.040-0300] {logging_mixin.py:188} INFO - [2025-05-31T20:00:07.040-0300] {dagbag.py:538} INFO - Filling up the DagBag from /home/walterg/Documentos/Data_projects/Data-Warehouse-postgres-DBT-airflow-/.venv/lib/python3.11/site-packages/airflow/example_dags/tutorial_dag.py
[2025-05-31T20:00:07.045-0300] {processor.py:840} INFO - DAG(s) 'tutorial_dag' retrieved from /home/walterg/Documentos/Data_projects/Data-Warehouse-postgres-DBT-airflow-/.venv/lib/python3.11/site-packages/airflow/example_dags/tutorial_dag.py
[2025-05-31T20:00:07.059-0300] {logging_mixin.py:188} INFO - [2025-05-31T20:00:07.059-0300] {dag.py:3036} INFO - Sync 1 DAGs
[2025-05-31T20:00:07.067-0300] {logging_mixin.py:188} INFO - [2025-05-31T20:00:07.067-0300] {dag.py:3823} INFO - Setting next_dagrun for tutorial_dag to None, run_after=None
[2025-05-31T20:00:07.085-0300] {processor.py:183} INFO - Processing /home/walterg/Documentos/Data_projects/Data-Warehouse-postgres-DBT-airflow-/.venv/lib/python3.11/site-packages/airflow/example_dags/tutorial_dag.py took 0.050 seconds
