[2025-05-31T19:29:58.775-0300] {processor.py:161} INFO - Started process (PID=9699) to work on /home/walterg/Documentos/Data_projects/Data-Warehouse-postgres-DBT-airflow-/.venv/lib/python3.11/site-packages/airflow/example_dags/plugins/event_listener.py
[2025-05-31T19:29:58.776-0300] {processor.py:830} INFO - Processing file /home/walterg/Documentos/Data_projects/Data-Warehouse-postgres-DBT-airflow-/.venv/lib/python3.11/site-packages/airflow/example_dags/plugins/event_listener.py for tasks to queue
[2025-05-31T19:29:58.776-0300] {logging_mixin.py:188} INFO - [2025-05-31T19:29:58.776-0300] {dagbag.py:538} INFO - Filling up the DagBag from /home/walterg/Documentos/Data_projects/Data-Warehouse-postgres-DBT-airflow-/.venv/lib/python3.11/site-packages/airflow/example_dags/plugins/event_listener.py
[2025-05-31T19:29:58.778-0300] {processor.py:842} WARNING - No viable dags retrieved from /home/walterg/Documentos/Data_projects/Data-Warehouse-postgres-DBT-airflow-/.venv/lib/python3.11/site-packages/airflow/example_dags/plugins/event_listener.py
[2025-05-31T19:29:58.786-0300] {processor.py:183} INFO - Processing /home/walterg/Documentos/Data_projects/Data-Warehouse-postgres-DBT-airflow-/.venv/lib/python3.11/site-packages/airflow/example_dags/plugins/event_listener.py took 0.014 seconds
[2025-05-31T19:30:48.972-0300] {processor.py:161} INFO - Started process (PID=9891) to work on /home/walterg/Documentos/Data_projects/Data-Warehouse-postgres-DBT-airflow-/.venv/lib/python3.11/site-packages/airflow/example_dags/plugins/event_listener.py
[2025-05-31T19:30:48.980-0300] {processor.py:830} INFO - Processing file /home/walterg/Documentos/Data_projects/Data-Warehouse-postgres-DBT-airflow-/.venv/lib/python3.11/site-packages/airflow/example_dags/plugins/event_listener.py for tasks to queue
[2025-05-31T19:30:48.981-0300] {logging_mixin.py:188} INFO - [2025-05-31T19:30:48.980-0300] {dagbag.py:538} INFO - Filling up the DagBag from /home/walterg/Documentos/Data_projects/Data-Warehouse-postgres-DBT-airflow-/.venv/lib/python3.11/site-packages/airflow/example_dags/plugins/event_listener.py
[2025-05-31T19:30:48.983-0300] {processor.py:842} WARNING - No viable dags retrieved from /home/walterg/Documentos/Data_projects/Data-Warehouse-postgres-DBT-airflow-/.venv/lib/python3.11/site-packages/airflow/example_dags/plugins/event_listener.py
[2025-05-31T19:30:48.991-0300] {processor.py:183} INFO - Processing /home/walterg/Documentos/Data_projects/Data-Warehouse-postgres-DBT-airflow-/.venv/lib/python3.11/site-packages/airflow/example_dags/plugins/event_listener.py took 0.021 seconds
[2025-05-31T19:31:26.138-0300] {processor.py:161} INFO - Started process (PID=10035) to work on /home/walterg/Documentos/Data_projects/Data-Warehouse-postgres-DBT-airflow-/.venv/lib/python3.11/site-packages/airflow/example_dags/plugins/event_listener.py
[2025-05-31T19:31:26.143-0300] {processor.py:830} INFO - Processing file /home/walterg/Documentos/Data_projects/Data-Warehouse-postgres-DBT-airflow-/.venv/lib/python3.11/site-packages/airflow/example_dags/plugins/event_listener.py for tasks to queue
[2025-05-31T19:31:26.144-0300] {logging_mixin.py:188} INFO - [2025-05-31T19:31:26.144-0300] {dagbag.py:538} INFO - Filling up the DagBag from /home/walterg/Documentos/Data_projects/Data-Warehouse-postgres-DBT-airflow-/.venv/lib/python3.11/site-packages/airflow/example_dags/plugins/event_listener.py
[2025-05-31T19:31:26.146-0300] {processor.py:842} WARNING - No viable dags retrieved from /home/walterg/Documentos/Data_projects/Data-Warehouse-postgres-DBT-airflow-/.venv/lib/python3.11/site-packages/airflow/example_dags/plugins/event_listener.py
[2025-05-31T19:31:26.155-0300] {processor.py:183} INFO - Processing /home/walterg/Documentos/Data_projects/Data-Warehouse-postgres-DBT-airflow-/.venv/lib/python3.11/site-packages/airflow/example_dags/plugins/event_listener.py took 0.020 seconds
[2025-05-31T19:40:55.867-0300] {processor.py:161} INFO - Started process (PID=11960) to work on /home/walterg/Documentos/Data_projects/Data-Warehouse-postgres-DBT-airflow-/.venv/lib/python3.11/site-packages/airflow/example_dags/plugins/event_listener.py
[2025-05-31T19:40:55.873-0300] {processor.py:830} INFO - Processing file /home/walterg/Documentos/Data_projects/Data-Warehouse-postgres-DBT-airflow-/.venv/lib/python3.11/site-packages/airflow/example_dags/plugins/event_listener.py for tasks to queue
[2025-05-31T19:40:55.874-0300] {logging_mixin.py:188} INFO - [2025-05-31T19:40:55.873-0300] {dagbag.py:538} INFO - Filling up the DagBag from /home/walterg/Documentos/Data_projects/Data-Warehouse-postgres-DBT-airflow-/.venv/lib/python3.11/site-packages/airflow/example_dags/plugins/event_listener.py
[2025-05-31T19:40:55.876-0300] {processor.py:842} WARNING - No viable dags retrieved from /home/walterg/Documentos/Data_projects/Data-Warehouse-postgres-DBT-airflow-/.venv/lib/python3.11/site-packages/airflow/example_dags/plugins/event_listener.py
[2025-05-31T19:40:55.884-0300] {processor.py:183} INFO - Processing /home/walterg/Documentos/Data_projects/Data-Warehouse-postgres-DBT-airflow-/.venv/lib/python3.11/site-packages/airflow/example_dags/plugins/event_listener.py took 0.019 seconds
[2025-05-31T19:41:56.042-0300] {processor.py:161} INFO - Started process (PID=12449) to work on /home/walterg/Documentos/Data_projects/Data-Warehouse-postgres-DBT-airflow-/.venv/lib/python3.11/site-packages/airflow/example_dags/plugins/event_listener.py
[2025-05-31T19:41:56.047-0300] {processor.py:830} INFO - Processing file /home/walterg/Documentos/Data_projects/Data-Warehouse-postgres-DBT-airflow-/.venv/lib/python3.11/site-packages/airflow/example_dags/plugins/event_listener.py for tasks to queue
[2025-05-31T19:41:56.049-0300] {logging_mixin.py:188} INFO - [2025-05-31T19:41:56.048-0300] {dagbag.py:538} INFO - Filling up the DagBag from /home/walterg/Documentos/Data_projects/Data-Warehouse-postgres-DBT-airflow-/.venv/lib/python3.11/site-packages/airflow/example_dags/plugins/event_listener.py
[2025-05-31T19:41:56.050-0300] {processor.py:842} WARNING - No viable dags retrieved from /home/walterg/Documentos/Data_projects/Data-Warehouse-postgres-DBT-airflow-/.venv/lib/python3.11/site-packages/airflow/example_dags/plugins/event_listener.py
[2025-05-31T19:41:56.059-0300] {processor.py:183} INFO - Processing /home/walterg/Documentos/Data_projects/Data-Warehouse-postgres-DBT-airflow-/.venv/lib/python3.11/site-packages/airflow/example_dags/plugins/event_listener.py took 0.019 seconds
[2025-05-31T19:42:46.784-0300] {processor.py:161} INFO - Started process (PID=12793) to work on /home/walterg/Documentos/Data_projects/Data-Warehouse-postgres-DBT-airflow-/.venv/lib/python3.11/site-packages/airflow/example_dags/plugins/event_listener.py
[2025-05-31T19:42:46.789-0300] {processor.py:830} INFO - Processing file /home/walterg/Documentos/Data_projects/Data-Warehouse-postgres-DBT-airflow-/.venv/lib/python3.11/site-packages/airflow/example_dags/plugins/event_listener.py for tasks to queue
[2025-05-31T19:42:46.791-0300] {logging_mixin.py:188} INFO - [2025-05-31T19:42:46.790-0300] {dagbag.py:538} INFO - Filling up the DagBag from /home/walterg/Documentos/Data_projects/Data-Warehouse-postgres-DBT-airflow-/.venv/lib/python3.11/site-packages/airflow/example_dags/plugins/event_listener.py
[2025-05-31T19:42:46.793-0300] {processor.py:842} WARNING - No viable dags retrieved from /home/walterg/Documentos/Data_projects/Data-Warehouse-postgres-DBT-airflow-/.venv/lib/python3.11/site-packages/airflow/example_dags/plugins/event_listener.py
[2025-05-31T19:42:46.801-0300] {processor.py:183} INFO - Processing /home/walterg/Documentos/Data_projects/Data-Warehouse-postgres-DBT-airflow-/.venv/lib/python3.11/site-packages/airflow/example_dags/plugins/event_listener.py took 0.019 seconds
[2025-05-31T19:43:26.816-0300] {processor.py:161} INFO - Started process (PID=13202) to work on /home/walterg/Documentos/Data_projects/Data-Warehouse-postgres-DBT-airflow-/.venv/lib/python3.11/site-packages/airflow/example_dags/plugins/event_listener.py
[2025-05-31T19:43:26.822-0300] {processor.py:830} INFO - Processing file /home/walterg/Documentos/Data_projects/Data-Warehouse-postgres-DBT-airflow-/.venv/lib/python3.11/site-packages/airflow/example_dags/plugins/event_listener.py for tasks to queue
[2025-05-31T19:43:26.823-0300] {logging_mixin.py:188} INFO - [2025-05-31T19:43:26.822-0300] {dagbag.py:538} INFO - Filling up the DagBag from /home/walterg/Documentos/Data_projects/Data-Warehouse-postgres-DBT-airflow-/.venv/lib/python3.11/site-packages/airflow/example_dags/plugins/event_listener.py
[2025-05-31T19:43:26.825-0300] {processor.py:842} WARNING - No viable dags retrieved from /home/walterg/Documentos/Data_projects/Data-Warehouse-postgres-DBT-airflow-/.venv/lib/python3.11/site-packages/airflow/example_dags/plugins/event_listener.py
[2025-05-31T19:43:26.833-0300] {processor.py:183} INFO - Processing /home/walterg/Documentos/Data_projects/Data-Warehouse-postgres-DBT-airflow-/.venv/lib/python3.11/site-packages/airflow/example_dags/plugins/event_listener.py took 0.019 seconds
[2025-05-31T19:44:08.618-0300] {processor.py:161} INFO - Started process (PID=13424) to work on /home/walterg/Documentos/Data_projects/Data-Warehouse-postgres-DBT-airflow-/.venv/lib/python3.11/site-packages/airflow/example_dags/plugins/event_listener.py
[2025-05-31T19:44:08.619-0300] {processor.py:830} INFO - Processing file /home/walterg/Documentos/Data_projects/Data-Warehouse-postgres-DBT-airflow-/.venv/lib/python3.11/site-packages/airflow/example_dags/plugins/event_listener.py for tasks to queue
[2025-05-31T19:44:08.620-0300] {logging_mixin.py:188} INFO - [2025-05-31T19:44:08.619-0300] {dagbag.py:538} INFO - Filling up the DagBag from /home/walterg/Documentos/Data_projects/Data-Warehouse-postgres-DBT-airflow-/.venv/lib/python3.11/site-packages/airflow/example_dags/plugins/event_listener.py
[2025-05-31T19:44:08.622-0300] {processor.py:842} WARNING - No viable dags retrieved from /home/walterg/Documentos/Data_projects/Data-Warehouse-postgres-DBT-airflow-/.venv/lib/python3.11/site-packages/airflow/example_dags/plugins/event_listener.py
[2025-05-31T19:44:08.630-0300] {processor.py:183} INFO - Processing /home/walterg/Documentos/Data_projects/Data-Warehouse-postgres-DBT-airflow-/.venv/lib/python3.11/site-packages/airflow/example_dags/plugins/event_listener.py took 0.014 seconds
[2025-05-31T19:44:51.731-0300] {processor.py:161} INFO - Started process (PID=13635) to work on /home/walterg/Documentos/Data_projects/Data-Warehouse-postgres-DBT-airflow-/.venv/lib/python3.11/site-packages/airflow/example_dags/plugins/event_listener.py
[2025-05-31T19:44:51.736-0300] {processor.py:830} INFO - Processing file /home/walterg/Documentos/Data_projects/Data-Warehouse-postgres-DBT-airflow-/.venv/lib/python3.11/site-packages/airflow/example_dags/plugins/event_listener.py for tasks to queue
[2025-05-31T19:44:51.737-0300] {logging_mixin.py:188} INFO - [2025-05-31T19:44:51.737-0300] {dagbag.py:538} INFO - Filling up the DagBag from /home/walterg/Documentos/Data_projects/Data-Warehouse-postgres-DBT-airflow-/.venv/lib/python3.11/site-packages/airflow/example_dags/plugins/event_listener.py
[2025-05-31T19:44:51.740-0300] {processor.py:842} WARNING - No viable dags retrieved from /home/walterg/Documentos/Data_projects/Data-Warehouse-postgres-DBT-airflow-/.venv/lib/python3.11/site-packages/airflow/example_dags/plugins/event_listener.py
[2025-05-31T19:44:51.748-0300] {processor.py:183} INFO - Processing /home/walterg/Documentos/Data_projects/Data-Warehouse-postgres-DBT-airflow-/.venv/lib/python3.11/site-packages/airflow/example_dags/plugins/event_listener.py took 0.019 seconds
[2025-05-31T19:45:38.431-0300] {processor.py:161} INFO - Started process (PID=13872) to work on /home/walterg/Documentos/Data_projects/Data-Warehouse-postgres-DBT-airflow-/.venv/lib/python3.11/site-packages/airflow/example_dags/plugins/event_listener.py
[2025-05-31T19:45:38.436-0300] {processor.py:830} INFO - Processing file /home/walterg/Documentos/Data_projects/Data-Warehouse-postgres-DBT-airflow-/.venv/lib/python3.11/site-packages/airflow/example_dags/plugins/event_listener.py for tasks to queue
[2025-05-31T19:45:38.437-0300] {logging_mixin.py:188} INFO - [2025-05-31T19:45:38.437-0300] {dagbag.py:538} INFO - Filling up the DagBag from /home/walterg/Documentos/Data_projects/Data-Warehouse-postgres-DBT-airflow-/.venv/lib/python3.11/site-packages/airflow/example_dags/plugins/event_listener.py
[2025-05-31T19:45:38.439-0300] {processor.py:842} WARNING - No viable dags retrieved from /home/walterg/Documentos/Data_projects/Data-Warehouse-postgres-DBT-airflow-/.venv/lib/python3.11/site-packages/airflow/example_dags/plugins/event_listener.py
[2025-05-31T19:45:38.447-0300] {processor.py:183} INFO - Processing /home/walterg/Documentos/Data_projects/Data-Warehouse-postgres-DBT-airflow-/.venv/lib/python3.11/site-packages/airflow/example_dags/plugins/event_listener.py took 0.018 seconds
[2025-05-31T19:46:16.239-0300] {processor.py:161} INFO - Started process (PID=14041) to work on /home/walterg/Documentos/Data_projects/Data-Warehouse-postgres-DBT-airflow-/.venv/lib/python3.11/site-packages/airflow/example_dags/plugins/event_listener.py
[2025-05-31T19:46:16.244-0300] {processor.py:830} INFO - Processing file /home/walterg/Documentos/Data_projects/Data-Warehouse-postgres-DBT-airflow-/.venv/lib/python3.11/site-packages/airflow/example_dags/plugins/event_listener.py for tasks to queue
[2025-05-31T19:46:16.245-0300] {logging_mixin.py:188} INFO - [2025-05-31T19:46:16.245-0300] {dagbag.py:538} INFO - Filling up the DagBag from /home/walterg/Documentos/Data_projects/Data-Warehouse-postgres-DBT-airflow-/.venv/lib/python3.11/site-packages/airflow/example_dags/plugins/event_listener.py
[2025-05-31T19:46:16.247-0300] {processor.py:842} WARNING - No viable dags retrieved from /home/walterg/Documentos/Data_projects/Data-Warehouse-postgres-DBT-airflow-/.venv/lib/python3.11/site-packages/airflow/example_dags/plugins/event_listener.py
[2025-05-31T19:46:16.255-0300] {processor.py:183} INFO - Processing /home/walterg/Documentos/Data_projects/Data-Warehouse-postgres-DBT-airflow-/.venv/lib/python3.11/site-packages/airflow/example_dags/plugins/event_listener.py took 0.018 seconds
[2025-05-31T19:46:56.678-0300] {processor.py:161} INFO - Started process (PID=14199) to work on /home/walterg/Documentos/Data_projects/Data-Warehouse-postgres-DBT-airflow-/.venv/lib/python3.11/site-packages/airflow/example_dags/plugins/event_listener.py
[2025-05-31T19:46:56.683-0300] {processor.py:830} INFO - Processing file /home/walterg/Documentos/Data_projects/Data-Warehouse-postgres-DBT-airflow-/.venv/lib/python3.11/site-packages/airflow/example_dags/plugins/event_listener.py for tasks to queue
[2025-05-31T19:46:56.683-0300] {logging_mixin.py:188} INFO - [2025-05-31T19:46:56.683-0300] {dagbag.py:538} INFO - Filling up the DagBag from /home/walterg/Documentos/Data_projects/Data-Warehouse-postgres-DBT-airflow-/.venv/lib/python3.11/site-packages/airflow/example_dags/plugins/event_listener.py
[2025-05-31T19:46:56.685-0300] {processor.py:842} WARNING - No viable dags retrieved from /home/walterg/Documentos/Data_projects/Data-Warehouse-postgres-DBT-airflow-/.venv/lib/python3.11/site-packages/airflow/example_dags/plugins/event_listener.py
[2025-05-31T19:46:56.693-0300] {processor.py:183} INFO - Processing /home/walterg/Documentos/Data_projects/Data-Warehouse-postgres-DBT-airflow-/.venv/lib/python3.11/site-packages/airflow/example_dags/plugins/event_listener.py took 0.018 seconds
[2025-05-31T19:47:34.537-0300] {processor.py:161} INFO - Started process (PID=14385) to work on /home/walterg/Documentos/Data_projects/Data-Warehouse-postgres-DBT-airflow-/.venv/lib/python3.11/site-packages/airflow/example_dags/plugins/event_listener.py
[2025-05-31T19:47:34.542-0300] {processor.py:830} INFO - Processing file /home/walterg/Documentos/Data_projects/Data-Warehouse-postgres-DBT-airflow-/.venv/lib/python3.11/site-packages/airflow/example_dags/plugins/event_listener.py for tasks to queue
[2025-05-31T19:47:34.543-0300] {logging_mixin.py:188} INFO - [2025-05-31T19:47:34.543-0300] {dagbag.py:538} INFO - Filling up the DagBag from /home/walterg/Documentos/Data_projects/Data-Warehouse-postgres-DBT-airflow-/.venv/lib/python3.11/site-packages/airflow/example_dags/plugins/event_listener.py
[2025-05-31T19:47:34.545-0300] {processor.py:842} WARNING - No viable dags retrieved from /home/walterg/Documentos/Data_projects/Data-Warehouse-postgres-DBT-airflow-/.venv/lib/python3.11/site-packages/airflow/example_dags/plugins/event_listener.py
[2025-05-31T19:47:34.553-0300] {processor.py:183} INFO - Processing /home/walterg/Documentos/Data_projects/Data-Warehouse-postgres-DBT-airflow-/.venv/lib/python3.11/site-packages/airflow/example_dags/plugins/event_listener.py took 0.020 seconds
[2025-05-31T19:48:15.081-0300] {processor.py:161} INFO - Started process (PID=14599) to work on /home/walterg/Documentos/Data_projects/Data-Warehouse-postgres-DBT-airflow-/.venv/lib/python3.11/site-packages/airflow/example_dags/plugins/event_listener.py
[2025-05-31T19:48:15.087-0300] {processor.py:830} INFO - Processing file /home/walterg/Documentos/Data_projects/Data-Warehouse-postgres-DBT-airflow-/.venv/lib/python3.11/site-packages/airflow/example_dags/plugins/event_listener.py for tasks to queue
[2025-05-31T19:48:15.088-0300] {logging_mixin.py:188} INFO - [2025-05-31T19:48:15.088-0300] {dagbag.py:538} INFO - Filling up the DagBag from /home/walterg/Documentos/Data_projects/Data-Warehouse-postgres-DBT-airflow-/.venv/lib/python3.11/site-packages/airflow/example_dags/plugins/event_listener.py
[2025-05-31T19:48:15.090-0300] {processor.py:842} WARNING - No viable dags retrieved from /home/walterg/Documentos/Data_projects/Data-Warehouse-postgres-DBT-airflow-/.venv/lib/python3.11/site-packages/airflow/example_dags/plugins/event_listener.py
[2025-05-31T19:48:15.100-0300] {processor.py:183} INFO - Processing /home/walterg/Documentos/Data_projects/Data-Warehouse-postgres-DBT-airflow-/.venv/lib/python3.11/site-packages/airflow/example_dags/plugins/event_listener.py took 0.022 seconds
