[2025-05-31T19:29:52.762-0300] {processor.py:161} INFO - Started process (PID=9645) to work on /home/walterg/Documentos/Data_projects/Data-Warehouse-postgres-DBT-airflow-/.venv/lib/python3.11/site-packages/airflow/example_dags/plugins/workday.py
[2025-05-31T19:29:52.763-0300] {processor.py:830} INFO - Processing file /home/walterg/Documentos/Data_projects/Data-Warehouse-postgres-DBT-airflow-/.venv/lib/python3.11/site-packages/airflow/example_dags/plugins/workday.py for tasks to queue
[2025-05-31T19:29:52.764-0300] {logging_mixin.py:188} INFO - [2025-05-31T19:29:52.763-0300] {dagbag.py:538} INFO - Filling up the DagBag from /home/walterg/Documentos/Data_projects/Data-Warehouse-postgres-DBT-airflow-/.venv/lib/python3.11/site-packages/airflow/example_dags/plugins/workday.py
[2025-05-31T19:29:53.278-0300] {processor.py:842} WARNING - No viable dags retrieved from /home/walterg/Documentos/Data_projects/Data-Warehouse-postgres-DBT-airflow-/.venv/lib/python3.11/site-packages/airflow/example_dags/plugins/workday.py
[2025-05-31T19:29:53.283-0300] {processor.py:183} INFO - Processing /home/walterg/Documentos/Data_projects/Data-Warehouse-postgres-DBT-airflow-/.venv/lib/python3.11/site-packages/airflow/example_dags/plugins/workday.py took 0.523 seconds
[2025-05-31T19:30:43.628-0300] {processor.py:161} INFO - Started process (PID=9866) to work on /home/walterg/Documentos/Data_projects/Data-Warehouse-postgres-DBT-airflow-/.venv/lib/python3.11/site-packages/airflow/example_dags/plugins/workday.py
[2025-05-31T19:30:43.629-0300] {processor.py:830} INFO - Processing file /home/walterg/Documentos/Data_projects/Data-Warehouse-postgres-DBT-airflow-/.venv/lib/python3.11/site-packages/airflow/example_dags/plugins/workday.py for tasks to queue
[2025-05-31T19:30:43.630-0300] {logging_mixin.py:188} INFO - [2025-05-31T19:30:43.630-0300] {dagbag.py:538} INFO - Filling up the DagBag from /home/walterg/Documentos/Data_projects/Data-Warehouse-postgres-DBT-airflow-/.venv/lib/python3.11/site-packages/airflow/example_dags/plugins/workday.py
[2025-05-31T19:30:43.896-0300] {processor.py:842} WARNING - No viable dags retrieved from /home/walterg/Documentos/Data_projects/Data-Warehouse-postgres-DBT-airflow-/.venv/lib/python3.11/site-packages/airflow/example_dags/plugins/workday.py
[2025-05-31T19:30:43.904-0300] {processor.py:183} INFO - Processing /home/walterg/Documentos/Data_projects/Data-Warehouse-postgres-DBT-airflow-/.venv/lib/python3.11/site-packages/airflow/example_dags/plugins/workday.py took 0.278 seconds
[2025-05-31T19:31:20.996-0300] {processor.py:161} INFO - Started process (PID=10011) to work on /home/walterg/Documentos/Data_projects/Data-Warehouse-postgres-DBT-airflow-/.venv/lib/python3.11/site-packages/airflow/example_dags/plugins/workday.py
[2025-05-31T19:31:21.001-0300] {processor.py:830} INFO - Processing file /home/walterg/Documentos/Data_projects/Data-Warehouse-postgres-DBT-airflow-/.venv/lib/python3.11/site-packages/airflow/example_dags/plugins/workday.py for tasks to queue
[2025-05-31T19:31:21.003-0300] {logging_mixin.py:188} INFO - [2025-05-31T19:31:21.002-0300] {dagbag.py:538} INFO - Filling up the DagBag from /home/walterg/Documentos/Data_projects/Data-Warehouse-postgres-DBT-airflow-/.venv/lib/python3.11/site-packages/airflow/example_dags/plugins/workday.py
[2025-05-31T19:31:21.328-0300] {processor.py:842} WARNING - No viable dags retrieved from /home/walterg/Documentos/Data_projects/Data-Warehouse-postgres-DBT-airflow-/.venv/lib/python3.11/site-packages/airflow/example_dags/plugins/workday.py
[2025-05-31T19:31:21.336-0300] {processor.py:183} INFO - Processing /home/walterg/Documentos/Data_projects/Data-Warehouse-postgres-DBT-airflow-/.venv/lib/python3.11/site-packages/airflow/example_dags/plugins/workday.py took 0.342 seconds
[2025-05-31T19:40:50.868-0300] {processor.py:161} INFO - Started process (PID=11901) to work on /home/walterg/Documentos/Data_projects/Data-Warehouse-postgres-DBT-airflow-/.venv/lib/python3.11/site-packages/airflow/example_dags/plugins/workday.py
[2025-05-31T19:40:50.869-0300] {processor.py:830} INFO - Processing file /home/walterg/Documentos/Data_projects/Data-Warehouse-postgres-DBT-airflow-/.venv/lib/python3.11/site-packages/airflow/example_dags/plugins/workday.py for tasks to queue
[2025-05-31T19:40:50.869-0300] {logging_mixin.py:188} INFO - [2025-05-31T19:40:50.869-0300] {dagbag.py:538} INFO - Filling up the DagBag from /home/walterg/Documentos/Data_projects/Data-Warehouse-postgres-DBT-airflow-/.venv/lib/python3.11/site-packages/airflow/example_dags/plugins/workday.py
[2025-05-31T19:40:51.240-0300] {processor.py:842} WARNING - No viable dags retrieved from /home/walterg/Documentos/Data_projects/Data-Warehouse-postgres-DBT-airflow-/.venv/lib/python3.11/site-packages/airflow/example_dags/plugins/workday.py
[2025-05-31T19:40:51.245-0300] {processor.py:183} INFO - Processing /home/walterg/Documentos/Data_projects/Data-Warehouse-postgres-DBT-airflow-/.venv/lib/python3.11/site-packages/airflow/example_dags/plugins/workday.py took 0.380 seconds
[2025-05-31T19:41:49.861-0300] {processor.py:161} INFO - Started process (PID=12415) to work on /home/walterg/Documentos/Data_projects/Data-Warehouse-postgres-DBT-airflow-/.venv/lib/python3.11/site-packages/airflow/example_dags/plugins/workday.py
[2025-05-31T19:41:49.866-0300] {processor.py:830} INFO - Processing file /home/walterg/Documentos/Data_projects/Data-Warehouse-postgres-DBT-airflow-/.venv/lib/python3.11/site-packages/airflow/example_dags/plugins/workday.py for tasks to queue
[2025-05-31T19:41:49.867-0300] {logging_mixin.py:188} INFO - [2025-05-31T19:41:49.867-0300] {dagbag.py:538} INFO - Filling up the DagBag from /home/walterg/Documentos/Data_projects/Data-Warehouse-postgres-DBT-airflow-/.venv/lib/python3.11/site-packages/airflow/example_dags/plugins/workday.py
[2025-05-31T19:41:50.158-0300] {processor.py:842} WARNING - No viable dags retrieved from /home/walterg/Documentos/Data_projects/Data-Warehouse-postgres-DBT-airflow-/.venv/lib/python3.11/site-packages/airflow/example_dags/plugins/workday.py
[2025-05-31T19:41:50.166-0300] {processor.py:183} INFO - Processing /home/walterg/Documentos/Data_projects/Data-Warehouse-postgres-DBT-airflow-/.venv/lib/python3.11/site-packages/airflow/example_dags/plugins/workday.py took 0.307 seconds
[2025-05-31T19:42:41.865-0300] {processor.py:161} INFO - Started process (PID=12766) to work on /home/walterg/Documentos/Data_projects/Data-Warehouse-postgres-DBT-airflow-/.venv/lib/python3.11/site-packages/airflow/example_dags/plugins/workday.py
[2025-05-31T19:42:41.870-0300] {processor.py:830} INFO - Processing file /home/walterg/Documentos/Data_projects/Data-Warehouse-postgres-DBT-airflow-/.venv/lib/python3.11/site-packages/airflow/example_dags/plugins/workday.py for tasks to queue
[2025-05-31T19:42:41.871-0300] {logging_mixin.py:188} INFO - [2025-05-31T19:42:41.871-0300] {dagbag.py:538} INFO - Filling up the DagBag from /home/walterg/Documentos/Data_projects/Data-Warehouse-postgres-DBT-airflow-/.venv/lib/python3.11/site-packages/airflow/example_dags/plugins/workday.py
[2025-05-31T19:42:42.136-0300] {processor.py:842} WARNING - No viable dags retrieved from /home/walterg/Documentos/Data_projects/Data-Warehouse-postgres-DBT-airflow-/.venv/lib/python3.11/site-packages/airflow/example_dags/plugins/workday.py
[2025-05-31T19:42:42.144-0300] {processor.py:183} INFO - Processing /home/walterg/Documentos/Data_projects/Data-Warehouse-postgres-DBT-airflow-/.venv/lib/python3.11/site-packages/airflow/example_dags/plugins/workday.py took 0.281 seconds
[2025-05-31T19:43:21.821-0300] {processor.py:161} INFO - Started process (PID=13086) to work on /home/walterg/Documentos/Data_projects/Data-Warehouse-postgres-DBT-airflow-/.venv/lib/python3.11/site-packages/airflow/example_dags/plugins/workday.py
[2025-05-31T19:43:21.827-0300] {processor.py:830} INFO - Processing file /home/walterg/Documentos/Data_projects/Data-Warehouse-postgres-DBT-airflow-/.venv/lib/python3.11/site-packages/airflow/example_dags/plugins/workday.py for tasks to queue
[2025-05-31T19:43:21.828-0300] {logging_mixin.py:188} INFO - [2025-05-31T19:43:21.828-0300] {dagbag.py:538} INFO - Filling up the DagBag from /home/walterg/Documentos/Data_projects/Data-Warehouse-postgres-DBT-airflow-/.venv/lib/python3.11/site-packages/airflow/example_dags/plugins/workday.py
[2025-05-31T19:43:22.093-0300] {processor.py:842} WARNING - No viable dags retrieved from /home/walterg/Documentos/Data_projects/Data-Warehouse-postgres-DBT-airflow-/.venv/lib/python3.11/site-packages/airflow/example_dags/plugins/workday.py
[2025-05-31T19:43:22.102-0300] {processor.py:183} INFO - Processing /home/walterg/Documentos/Data_projects/Data-Warehouse-postgres-DBT-airflow-/.venv/lib/python3.11/site-packages/airflow/example_dags/plugins/workday.py took 0.283 seconds
[2025-05-31T19:43:59.950-0300] {processor.py:161} INFO - Started process (PID=13319) to work on /home/walterg/Documentos/Data_projects/Data-Warehouse-postgres-DBT-airflow-/.venv/lib/python3.11/site-packages/airflow/example_dags/plugins/workday.py
[2025-05-31T19:43:59.951-0300] {processor.py:830} INFO - Processing file /home/walterg/Documentos/Data_projects/Data-Warehouse-postgres-DBT-airflow-/.venv/lib/python3.11/site-packages/airflow/example_dags/plugins/workday.py for tasks to queue
[2025-05-31T19:43:59.952-0300] {logging_mixin.py:188} INFO - [2025-05-31T19:43:59.951-0300] {dagbag.py:538} INFO - Filling up the DagBag from /home/walterg/Documentos/Data_projects/Data-Warehouse-postgres-DBT-airflow-/.venv/lib/python3.11/site-packages/airflow/example_dags/plugins/workday.py
[2025-05-31T19:44:00.268-0300] {processor.py:842} WARNING - No viable dags retrieved from /home/walterg/Documentos/Data_projects/Data-Warehouse-postgres-DBT-airflow-/.venv/lib/python3.11/site-packages/airflow/example_dags/plugins/workday.py
[2025-05-31T19:44:00.281-0300] {processor.py:183} INFO - Processing /home/walterg/Documentos/Data_projects/Data-Warehouse-postgres-DBT-airflow-/.venv/lib/python3.11/site-packages/airflow/example_dags/plugins/workday.py took 0.333 seconds
[2025-05-31T19:44:46.384-0300] {processor.py:161} INFO - Started process (PID=13615) to work on /home/walterg/Documentos/Data_projects/Data-Warehouse-postgres-DBT-airflow-/.venv/lib/python3.11/site-packages/airflow/example_dags/plugins/workday.py
[2025-05-31T19:44:46.389-0300] {processor.py:830} INFO - Processing file /home/walterg/Documentos/Data_projects/Data-Warehouse-postgres-DBT-airflow-/.venv/lib/python3.11/site-packages/airflow/example_dags/plugins/workday.py for tasks to queue
[2025-05-31T19:44:46.391-0300] {logging_mixin.py:188} INFO - [2025-05-31T19:44:46.390-0300] {dagbag.py:538} INFO - Filling up the DagBag from /home/walterg/Documentos/Data_projects/Data-Warehouse-postgres-DBT-airflow-/.venv/lib/python3.11/site-packages/airflow/example_dags/plugins/workday.py
[2025-05-31T19:44:46.656-0300] {processor.py:842} WARNING - No viable dags retrieved from /home/walterg/Documentos/Data_projects/Data-Warehouse-postgres-DBT-airflow-/.venv/lib/python3.11/site-packages/airflow/example_dags/plugins/workday.py
[2025-05-31T19:44:46.664-0300] {processor.py:183} INFO - Processing /home/walterg/Documentos/Data_projects/Data-Warehouse-postgres-DBT-airflow-/.venv/lib/python3.11/site-packages/airflow/example_dags/plugins/workday.py took 0.282 seconds
[2025-05-31T19:45:33.290-0300] {processor.py:161} INFO - Started process (PID=13849) to work on /home/walterg/Documentos/Data_projects/Data-Warehouse-postgres-DBT-airflow-/.venv/lib/python3.11/site-packages/airflow/example_dags/plugins/workday.py
[2025-05-31T19:45:33.292-0300] {processor.py:830} INFO - Processing file /home/walterg/Documentos/Data_projects/Data-Warehouse-postgres-DBT-airflow-/.venv/lib/python3.11/site-packages/airflow/example_dags/plugins/workday.py for tasks to queue
[2025-05-31T19:45:33.293-0300] {logging_mixin.py:188} INFO - [2025-05-31T19:45:33.293-0300] {dagbag.py:538} INFO - Filling up the DagBag from /home/walterg/Documentos/Data_projects/Data-Warehouse-postgres-DBT-airflow-/.venv/lib/python3.11/site-packages/airflow/example_dags/plugins/workday.py
[2025-05-31T19:45:33.662-0300] {processor.py:842} WARNING - No viable dags retrieved from /home/walterg/Documentos/Data_projects/Data-Warehouse-postgres-DBT-airflow-/.venv/lib/python3.11/site-packages/airflow/example_dags/plugins/workday.py
[2025-05-31T19:45:33.670-0300] {processor.py:183} INFO - Processing /home/walterg/Documentos/Data_projects/Data-Warehouse-postgres-DBT-airflow-/.venv/lib/python3.11/site-packages/airflow/example_dags/plugins/workday.py took 0.384 seconds
[2025-05-31T19:46:11.066-0300] {processor.py:161} INFO - Started process (PID=14018) to work on /home/walterg/Documentos/Data_projects/Data-Warehouse-postgres-DBT-airflow-/.venv/lib/python3.11/site-packages/airflow/example_dags/plugins/workday.py
[2025-05-31T19:46:11.071-0300] {processor.py:830} INFO - Processing file /home/walterg/Documentos/Data_projects/Data-Warehouse-postgres-DBT-airflow-/.venv/lib/python3.11/site-packages/airflow/example_dags/plugins/workday.py for tasks to queue
[2025-05-31T19:46:11.072-0300] {logging_mixin.py:188} INFO - [2025-05-31T19:46:11.072-0300] {dagbag.py:538} INFO - Filling up the DagBag from /home/walterg/Documentos/Data_projects/Data-Warehouse-postgres-DBT-airflow-/.venv/lib/python3.11/site-packages/airflow/example_dags/plugins/workday.py
[2025-05-31T19:46:11.343-0300] {processor.py:842} WARNING - No viable dags retrieved from /home/walterg/Documentos/Data_projects/Data-Warehouse-postgres-DBT-airflow-/.venv/lib/python3.11/site-packages/airflow/example_dags/plugins/workday.py
[2025-05-31T19:46:11.351-0300] {processor.py:183} INFO - Processing /home/walterg/Documentos/Data_projects/Data-Warehouse-postgres-DBT-airflow-/.venv/lib/python3.11/site-packages/airflow/example_dags/plugins/workday.py took 0.287 seconds
[2025-05-31T19:46:51.664-0300] {processor.py:161} INFO - Started process (PID=14178) to work on /home/walterg/Documentos/Data_projects/Data-Warehouse-postgres-DBT-airflow-/.venv/lib/python3.11/site-packages/airflow/example_dags/plugins/workday.py
[2025-05-31T19:46:51.669-0300] {processor.py:830} INFO - Processing file /home/walterg/Documentos/Data_projects/Data-Warehouse-postgres-DBT-airflow-/.venv/lib/python3.11/site-packages/airflow/example_dags/plugins/workday.py for tasks to queue
[2025-05-31T19:46:51.671-0300] {logging_mixin.py:188} INFO - [2025-05-31T19:46:51.671-0300] {dagbag.py:538} INFO - Filling up the DagBag from /home/walterg/Documentos/Data_projects/Data-Warehouse-postgres-DBT-airflow-/.venv/lib/python3.11/site-packages/airflow/example_dags/plugins/workday.py
[2025-05-31T19:46:51.971-0300] {processor.py:842} WARNING - No viable dags retrieved from /home/walterg/Documentos/Data_projects/Data-Warehouse-postgres-DBT-airflow-/.venv/lib/python3.11/site-packages/airflow/example_dags/plugins/workday.py
[2025-05-31T19:46:51.979-0300] {processor.py:183} INFO - Processing /home/walterg/Documentos/Data_projects/Data-Warehouse-postgres-DBT-airflow-/.venv/lib/python3.11/site-packages/airflow/example_dags/plugins/workday.py took 0.317 seconds
[2025-05-31T19:47:28.721-0300] {processor.py:161} INFO - Started process (PID=14364) to work on /home/walterg/Documentos/Data_projects/Data-Warehouse-postgres-DBT-airflow-/.venv/lib/python3.11/site-packages/airflow/example_dags/plugins/workday.py
[2025-05-31T19:47:28.726-0300] {processor.py:830} INFO - Processing file /home/walterg/Documentos/Data_projects/Data-Warehouse-postgres-DBT-airflow-/.venv/lib/python3.11/site-packages/airflow/example_dags/plugins/workday.py for tasks to queue
[2025-05-31T19:47:28.728-0300] {logging_mixin.py:188} INFO - [2025-05-31T19:47:28.727-0300] {dagbag.py:538} INFO - Filling up the DagBag from /home/walterg/Documentos/Data_projects/Data-Warehouse-postgres-DBT-airflow-/.venv/lib/python3.11/site-packages/airflow/example_dags/plugins/workday.py
[2025-05-31T19:47:28.997-0300] {processor.py:842} WARNING - No viable dags retrieved from /home/walterg/Documentos/Data_projects/Data-Warehouse-postgres-DBT-airflow-/.venv/lib/python3.11/site-packages/airflow/example_dags/plugins/workday.py
[2025-05-31T19:47:29.004-0300] {processor.py:183} INFO - Processing /home/walterg/Documentos/Data_projects/Data-Warehouse-postgres-DBT-airflow-/.venv/lib/python3.11/site-packages/airflow/example_dags/plugins/workday.py took 0.286 seconds
[2025-05-31T19:48:09.929-0300] {processor.py:161} INFO - Started process (PID=14554) to work on /home/walterg/Documentos/Data_projects/Data-Warehouse-postgres-DBT-airflow-/.venv/lib/python3.11/site-packages/airflow/example_dags/plugins/workday.py
[2025-05-31T19:48:09.934-0300] {processor.py:830} INFO - Processing file /home/walterg/Documentos/Data_projects/Data-Warehouse-postgres-DBT-airflow-/.venv/lib/python3.11/site-packages/airflow/example_dags/plugins/workday.py for tasks to queue
[2025-05-31T19:48:09.935-0300] {logging_mixin.py:188} INFO - [2025-05-31T19:48:09.935-0300] {dagbag.py:538} INFO - Filling up the DagBag from /home/walterg/Documentos/Data_projects/Data-Warehouse-postgres-DBT-airflow-/.venv/lib/python3.11/site-packages/airflow/example_dags/plugins/workday.py
[2025-05-31T19:48:10.241-0300] {processor.py:842} WARNING - No viable dags retrieved from /home/walterg/Documentos/Data_projects/Data-Warehouse-postgres-DBT-airflow-/.venv/lib/python3.11/site-packages/airflow/example_dags/plugins/workday.py
[2025-05-31T19:48:10.248-0300] {processor.py:183} INFO - Processing /home/walterg/Documentos/Data_projects/Data-Warehouse-postgres-DBT-airflow-/.venv/lib/python3.11/site-packages/airflow/example_dags/plugins/workday.py took 0.322 seconds
[2025-05-31T19:49:11.310-0300] {processor.py:161} INFO - Started process (PID=15141) to work on /home/walterg/Documentos/Data_projects/Data-Warehouse-postgres-DBT-airflow-/.venv/lib/python3.11/site-packages/airflow/example_dags/plugins/workday.py
[2025-05-31T19:49:11.315-0300] {processor.py:830} INFO - Processing file /home/walterg/Documentos/Data_projects/Data-Warehouse-postgres-DBT-airflow-/.venv/lib/python3.11/site-packages/airflow/example_dags/plugins/workday.py for tasks to queue
[2025-05-31T19:49:11.317-0300] {logging_mixin.py:188} INFO - [2025-05-31T19:49:11.316-0300] {dagbag.py:538} INFO - Filling up the DagBag from /home/walterg/Documentos/Data_projects/Data-Warehouse-postgres-DBT-airflow-/.venv/lib/python3.11/site-packages/airflow/example_dags/plugins/workday.py
[2025-05-31T19:49:11.584-0300] {processor.py:842} WARNING - No viable dags retrieved from /home/walterg/Documentos/Data_projects/Data-Warehouse-postgres-DBT-airflow-/.venv/lib/python3.11/site-packages/airflow/example_dags/plugins/workday.py
[2025-05-31T19:49:11.592-0300] {processor.py:183} INFO - Processing /home/walterg/Documentos/Data_projects/Data-Warehouse-postgres-DBT-airflow-/.venv/lib/python3.11/site-packages/airflow/example_dags/plugins/workday.py took 0.284 seconds
[2025-05-31T19:49:57.828-0300] {processor.py:161} INFO - Started process (PID=15256) to work on /home/walterg/Documentos/Data_projects/Data-Warehouse-postgres-DBT-airflow-/.venv/lib/python3.11/site-packages/airflow/example_dags/plugins/workday.py
[2025-05-31T19:49:57.829-0300] {processor.py:830} INFO - Processing file /home/walterg/Documentos/Data_projects/Data-Warehouse-postgres-DBT-airflow-/.venv/lib/python3.11/site-packages/airflow/example_dags/plugins/workday.py for tasks to queue
[2025-05-31T19:49:57.830-0300] {logging_mixin.py:188} INFO - [2025-05-31T19:49:57.830-0300] {dagbag.py:538} INFO - Filling up the DagBag from /home/walterg/Documentos/Data_projects/Data-Warehouse-postgres-DBT-airflow-/.venv/lib/python3.11/site-packages/airflow/example_dags/plugins/workday.py
[2025-05-31T19:49:58.096-0300] {processor.py:842} WARNING - No viable dags retrieved from /home/walterg/Documentos/Data_projects/Data-Warehouse-postgres-DBT-airflow-/.venv/lib/python3.11/site-packages/airflow/example_dags/plugins/workday.py
[2025-05-31T19:49:58.103-0300] {processor.py:183} INFO - Processing /home/walterg/Documentos/Data_projects/Data-Warehouse-postgres-DBT-airflow-/.venv/lib/python3.11/site-packages/airflow/example_dags/plugins/workday.py took 0.278 seconds
[2025-05-31T19:50:43.666-0300] {processor.py:161} INFO - Started process (PID=15450) to work on /home/walterg/Documentos/Data_projects/Data-Warehouse-postgres-DBT-airflow-/.venv/lib/python3.11/site-packages/airflow/example_dags/plugins/workday.py
[2025-05-31T19:50:43.671-0300] {processor.py:830} INFO - Processing file /home/walterg/Documentos/Data_projects/Data-Warehouse-postgres-DBT-airflow-/.venv/lib/python3.11/site-packages/airflow/example_dags/plugins/workday.py for tasks to queue
[2025-05-31T19:50:43.671-0300] {logging_mixin.py:188} INFO - [2025-05-31T19:50:43.671-0300] {dagbag.py:538} INFO - Filling up the DagBag from /home/walterg/Documentos/Data_projects/Data-Warehouse-postgres-DBT-airflow-/.venv/lib/python3.11/site-packages/airflow/example_dags/plugins/workday.py
[2025-05-31T19:50:43.939-0300] {processor.py:842} WARNING - No viable dags retrieved from /home/walterg/Documentos/Data_projects/Data-Warehouse-postgres-DBT-airflow-/.venv/lib/python3.11/site-packages/airflow/example_dags/plugins/workday.py
[2025-05-31T19:50:43.947-0300] {processor.py:183} INFO - Processing /home/walterg/Documentos/Data_projects/Data-Warehouse-postgres-DBT-airflow-/.venv/lib/python3.11/site-packages/airflow/example_dags/plugins/workday.py took 0.283 seconds
[2025-05-31T19:51:22.898-0300] {processor.py:161} INFO - Started process (PID=15747) to work on /home/walterg/Documentos/Data_projects/Data-Warehouse-postgres-DBT-airflow-/.venv/lib/python3.11/site-packages/airflow/example_dags/plugins/workday.py
[2025-05-31T19:51:22.903-0300] {processor.py:830} INFO - Processing file /home/walterg/Documentos/Data_projects/Data-Warehouse-postgres-DBT-airflow-/.venv/lib/python3.11/site-packages/airflow/example_dags/plugins/workday.py for tasks to queue
[2025-05-31T19:51:22.903-0300] {logging_mixin.py:188} INFO - [2025-05-31T19:51:22.903-0300] {dagbag.py:538} INFO - Filling up the DagBag from /home/walterg/Documentos/Data_projects/Data-Warehouse-postgres-DBT-airflow-/.venv/lib/python3.11/site-packages/airflow/example_dags/plugins/workday.py
[2025-05-31T19:51:23.170-0300] {processor.py:842} WARNING - No viable dags retrieved from /home/walterg/Documentos/Data_projects/Data-Warehouse-postgres-DBT-airflow-/.venv/lib/python3.11/site-packages/airflow/example_dags/plugins/workday.py
[2025-05-31T19:51:23.177-0300] {processor.py:183} INFO - Processing /home/walterg/Documentos/Data_projects/Data-Warehouse-postgres-DBT-airflow-/.venv/lib/python3.11/site-packages/airflow/example_dags/plugins/workday.py took 0.282 seconds
[2025-05-31T19:52:06.900-0300] {processor.py:161} INFO - Started process (PID=15893) to work on /home/walterg/Documentos/Data_projects/Data-Warehouse-postgres-DBT-airflow-/.venv/lib/python3.11/site-packages/airflow/example_dags/plugins/workday.py
[2025-05-31T19:52:06.901-0300] {processor.py:830} INFO - Processing file /home/walterg/Documentos/Data_projects/Data-Warehouse-postgres-DBT-airflow-/.venv/lib/python3.11/site-packages/airflow/example_dags/plugins/workday.py for tasks to queue
[2025-05-31T19:52:06.902-0300] {logging_mixin.py:188} INFO - [2025-05-31T19:52:06.901-0300] {dagbag.py:538} INFO - Filling up the DagBag from /home/walterg/Documentos/Data_projects/Data-Warehouse-postgres-DBT-airflow-/.venv/lib/python3.11/site-packages/airflow/example_dags/plugins/workday.py
[2025-05-31T19:52:07.178-0300] {processor.py:842} WARNING - No viable dags retrieved from /home/walterg/Documentos/Data_projects/Data-Warehouse-postgres-DBT-airflow-/.venv/lib/python3.11/site-packages/airflow/example_dags/plugins/workday.py
[2025-05-31T19:52:07.186-0300] {processor.py:183} INFO - Processing /home/walterg/Documentos/Data_projects/Data-Warehouse-postgres-DBT-airflow-/.venv/lib/python3.11/site-packages/airflow/example_dags/plugins/workday.py took 0.288 seconds
[2025-05-31T19:52:48.906-0300] {processor.py:161} INFO - Started process (PID=16057) to work on /home/walterg/Documentos/Data_projects/Data-Warehouse-postgres-DBT-airflow-/.venv/lib/python3.11/site-packages/airflow/example_dags/plugins/workday.py
[2025-05-31T19:52:48.911-0300] {processor.py:830} INFO - Processing file /home/walterg/Documentos/Data_projects/Data-Warehouse-postgres-DBT-airflow-/.venv/lib/python3.11/site-packages/airflow/example_dags/plugins/workday.py for tasks to queue
[2025-05-31T19:52:48.912-0300] {logging_mixin.py:188} INFO - [2025-05-31T19:52:48.912-0300] {dagbag.py:538} INFO - Filling up the DagBag from /home/walterg/Documentos/Data_projects/Data-Warehouse-postgres-DBT-airflow-/.venv/lib/python3.11/site-packages/airflow/example_dags/plugins/workday.py
[2025-05-31T19:52:49.179-0300] {processor.py:842} WARNING - No viable dags retrieved from /home/walterg/Documentos/Data_projects/Data-Warehouse-postgres-DBT-airflow-/.venv/lib/python3.11/site-packages/airflow/example_dags/plugins/workday.py
[2025-05-31T19:52:49.186-0300] {processor.py:183} INFO - Processing /home/walterg/Documentos/Data_projects/Data-Warehouse-postgres-DBT-airflow-/.venv/lib/python3.11/site-packages/airflow/example_dags/plugins/workday.py took 0.283 seconds
[2025-05-31T19:53:35.989-0300] {processor.py:161} INFO - Started process (PID=16213) to work on /home/walterg/Documentos/Data_projects/Data-Warehouse-postgres-DBT-airflow-/.venv/lib/python3.11/site-packages/airflow/example_dags/plugins/workday.py
[2025-05-31T19:53:35.994-0300] {processor.py:830} INFO - Processing file /home/walterg/Documentos/Data_projects/Data-Warehouse-postgres-DBT-airflow-/.venv/lib/python3.11/site-packages/airflow/example_dags/plugins/workday.py for tasks to queue
[2025-05-31T19:53:35.995-0300] {logging_mixin.py:188} INFO - [2025-05-31T19:53:35.995-0300] {dagbag.py:538} INFO - Filling up the DagBag from /home/walterg/Documentos/Data_projects/Data-Warehouse-postgres-DBT-airflow-/.venv/lib/python3.11/site-packages/airflow/example_dags/plugins/workday.py
[2025-05-31T19:53:36.259-0300] {processor.py:842} WARNING - No viable dags retrieved from /home/walterg/Documentos/Data_projects/Data-Warehouse-postgres-DBT-airflow-/.venv/lib/python3.11/site-packages/airflow/example_dags/plugins/workday.py
[2025-05-31T19:53:36.266-0300] {processor.py:183} INFO - Processing /home/walterg/Documentos/Data_projects/Data-Warehouse-postgres-DBT-airflow-/.venv/lib/python3.11/site-packages/airflow/example_dags/plugins/workday.py took 0.279 seconds
[2025-05-31T19:54:16.601-0300] {processor.py:161} INFO - Started process (PID=16351) to work on /home/walterg/Documentos/Data_projects/Data-Warehouse-postgres-DBT-airflow-/.venv/lib/python3.11/site-packages/airflow/example_dags/plugins/workday.py
[2025-05-31T19:54:16.606-0300] {processor.py:830} INFO - Processing file /home/walterg/Documentos/Data_projects/Data-Warehouse-postgres-DBT-airflow-/.venv/lib/python3.11/site-packages/airflow/example_dags/plugins/workday.py for tasks to queue
[2025-05-31T19:54:16.607-0300] {logging_mixin.py:188} INFO - [2025-05-31T19:54:16.607-0300] {dagbag.py:538} INFO - Filling up the DagBag from /home/walterg/Documentos/Data_projects/Data-Warehouse-postgres-DBT-airflow-/.venv/lib/python3.11/site-packages/airflow/example_dags/plugins/workday.py
[2025-05-31T19:54:16.872-0300] {processor.py:842} WARNING - No viable dags retrieved from /home/walterg/Documentos/Data_projects/Data-Warehouse-postgres-DBT-airflow-/.venv/lib/python3.11/site-packages/airflow/example_dags/plugins/workday.py
[2025-05-31T19:54:16.880-0300] {processor.py:183} INFO - Processing /home/walterg/Documentos/Data_projects/Data-Warehouse-postgres-DBT-airflow-/.venv/lib/python3.11/site-packages/airflow/example_dags/plugins/workday.py took 0.281 seconds
[2025-05-31T19:54:56.231-0300] {processor.py:161} INFO - Started process (PID=16440) to work on /home/walterg/Documentos/Data_projects/Data-Warehouse-postgres-DBT-airflow-/.venv/lib/python3.11/site-packages/airflow/example_dags/plugins/workday.py
[2025-05-31T19:54:56.232-0300] {processor.py:830} INFO - Processing file /home/walterg/Documentos/Data_projects/Data-Warehouse-postgres-DBT-airflow-/.venv/lib/python3.11/site-packages/airflow/example_dags/plugins/workday.py for tasks to queue
[2025-05-31T19:54:56.233-0300] {logging_mixin.py:188} INFO - [2025-05-31T19:54:56.233-0300] {dagbag.py:538} INFO - Filling up the DagBag from /home/walterg/Documentos/Data_projects/Data-Warehouse-postgres-DBT-airflow-/.venv/lib/python3.11/site-packages/airflow/example_dags/plugins/workday.py
[2025-05-31T19:54:56.499-0300] {processor.py:842} WARNING - No viable dags retrieved from /home/walterg/Documentos/Data_projects/Data-Warehouse-postgres-DBT-airflow-/.venv/lib/python3.11/site-packages/airflow/example_dags/plugins/workday.py
[2025-05-31T19:54:56.507-0300] {processor.py:183} INFO - Processing /home/walterg/Documentos/Data_projects/Data-Warehouse-postgres-DBT-airflow-/.venv/lib/python3.11/site-packages/airflow/example_dags/plugins/workday.py took 0.278 seconds
[2025-05-31T19:55:36.611-0300] {processor.py:161} INFO - Started process (PID=16612) to work on /home/walterg/Documentos/Data_projects/Data-Warehouse-postgres-DBT-airflow-/.venv/lib/python3.11/site-packages/airflow/example_dags/plugins/workday.py
[2025-05-31T19:55:36.619-0300] {processor.py:830} INFO - Processing file /home/walterg/Documentos/Data_projects/Data-Warehouse-postgres-DBT-airflow-/.venv/lib/python3.11/site-packages/airflow/example_dags/plugins/workday.py for tasks to queue
[2025-05-31T19:55:36.620-0300] {logging_mixin.py:188} INFO - [2025-05-31T19:55:36.620-0300] {dagbag.py:538} INFO - Filling up the DagBag from /home/walterg/Documentos/Data_projects/Data-Warehouse-postgres-DBT-airflow-/.venv/lib/python3.11/site-packages/airflow/example_dags/plugins/workday.py
[2025-05-31T19:55:36.886-0300] {processor.py:842} WARNING - No viable dags retrieved from /home/walterg/Documentos/Data_projects/Data-Warehouse-postgres-DBT-airflow-/.venv/lib/python3.11/site-packages/airflow/example_dags/plugins/workday.py
[2025-05-31T19:55:36.894-0300] {processor.py:183} INFO - Processing /home/walterg/Documentos/Data_projects/Data-Warehouse-postgres-DBT-airflow-/.venv/lib/python3.11/site-packages/airflow/example_dags/plugins/workday.py took 0.285 seconds
[2025-05-31T19:56:13.752-0300] {processor.py:161} INFO - Started process (PID=16825) to work on /home/walterg/Documentos/Data_projects/Data-Warehouse-postgres-DBT-airflow-/.venv/lib/python3.11/site-packages/airflow/example_dags/plugins/workday.py
[2025-05-31T19:56:13.757-0300] {processor.py:830} INFO - Processing file /home/walterg/Documentos/Data_projects/Data-Warehouse-postgres-DBT-airflow-/.venv/lib/python3.11/site-packages/airflow/example_dags/plugins/workday.py for tasks to queue
[2025-05-31T19:56:13.758-0300] {logging_mixin.py:188} INFO - [2025-05-31T19:56:13.757-0300] {dagbag.py:538} INFO - Filling up the DagBag from /home/walterg/Documentos/Data_projects/Data-Warehouse-postgres-DBT-airflow-/.venv/lib/python3.11/site-packages/airflow/example_dags/plugins/workday.py
[2025-05-31T19:56:14.025-0300] {processor.py:842} WARNING - No viable dags retrieved from /home/walterg/Documentos/Data_projects/Data-Warehouse-postgres-DBT-airflow-/.venv/lib/python3.11/site-packages/airflow/example_dags/plugins/workday.py
[2025-05-31T19:56:14.033-0300] {processor.py:183} INFO - Processing /home/walterg/Documentos/Data_projects/Data-Warehouse-postgres-DBT-airflow-/.venv/lib/python3.11/site-packages/airflow/example_dags/plugins/workday.py took 0.284 seconds
[2025-05-31T19:56:51.732-0300] {processor.py:161} INFO - Started process (PID=16887) to work on /home/walterg/Documentos/Data_projects/Data-Warehouse-postgres-DBT-airflow-/.venv/lib/python3.11/site-packages/airflow/example_dags/plugins/workday.py
[2025-05-31T19:56:51.737-0300] {processor.py:830} INFO - Processing file /home/walterg/Documentos/Data_projects/Data-Warehouse-postgres-DBT-airflow-/.venv/lib/python3.11/site-packages/airflow/example_dags/plugins/workday.py for tasks to queue
[2025-05-31T19:56:51.738-0300] {logging_mixin.py:188} INFO - [2025-05-31T19:56:51.737-0300] {dagbag.py:538} INFO - Filling up the DagBag from /home/walterg/Documentos/Data_projects/Data-Warehouse-postgres-DBT-airflow-/.venv/lib/python3.11/site-packages/airflow/example_dags/plugins/workday.py
[2025-05-31T19:56:52.006-0300] {processor.py:842} WARNING - No viable dags retrieved from /home/walterg/Documentos/Data_projects/Data-Warehouse-postgres-DBT-airflow-/.venv/lib/python3.11/site-packages/airflow/example_dags/plugins/workday.py
[2025-05-31T19:56:52.014-0300] {processor.py:183} INFO - Processing /home/walterg/Documentos/Data_projects/Data-Warehouse-postgres-DBT-airflow-/.venv/lib/python3.11/site-packages/airflow/example_dags/plugins/workday.py took 0.284 seconds
[2025-05-31T19:57:36.159-0300] {processor.py:161} INFO - Started process (PID=17044) to work on /home/walterg/Documentos/Data_projects/Data-Warehouse-postgres-DBT-airflow-/.venv/lib/python3.11/site-packages/airflow/example_dags/plugins/workday.py
[2025-05-31T19:57:36.164-0300] {processor.py:830} INFO - Processing file /home/walterg/Documentos/Data_projects/Data-Warehouse-postgres-DBT-airflow-/.venv/lib/python3.11/site-packages/airflow/example_dags/plugins/workday.py for tasks to queue
[2025-05-31T19:57:36.165-0300] {logging_mixin.py:188} INFO - [2025-05-31T19:57:36.165-0300] {dagbag.py:538} INFO - Filling up the DagBag from /home/walterg/Documentos/Data_projects/Data-Warehouse-postgres-DBT-airflow-/.venv/lib/python3.11/site-packages/airflow/example_dags/plugins/workday.py
[2025-05-31T19:57:36.432-0300] {processor.py:842} WARNING - No viable dags retrieved from /home/walterg/Documentos/Data_projects/Data-Warehouse-postgres-DBT-airflow-/.venv/lib/python3.11/site-packages/airflow/example_dags/plugins/workday.py
[2025-05-31T19:57:36.440-0300] {processor.py:183} INFO - Processing /home/walterg/Documentos/Data_projects/Data-Warehouse-postgres-DBT-airflow-/.venv/lib/python3.11/site-packages/airflow/example_dags/plugins/workday.py took 0.283 seconds
[2025-05-31T19:58:18.021-0300] {processor.py:161} INFO - Started process (PID=17203) to work on /home/walterg/Documentos/Data_projects/Data-Warehouse-postgres-DBT-airflow-/.venv/lib/python3.11/site-packages/airflow/example_dags/plugins/workday.py
[2025-05-31T19:58:18.026-0300] {processor.py:830} INFO - Processing file /home/walterg/Documentos/Data_projects/Data-Warehouse-postgres-DBT-airflow-/.venv/lib/python3.11/site-packages/airflow/example_dags/plugins/workday.py for tasks to queue
[2025-05-31T19:58:18.028-0300] {logging_mixin.py:188} INFO - [2025-05-31T19:58:18.027-0300] {dagbag.py:538} INFO - Filling up the DagBag from /home/walterg/Documentos/Data_projects/Data-Warehouse-postgres-DBT-airflow-/.venv/lib/python3.11/site-packages/airflow/example_dags/plugins/workday.py
[2025-05-31T19:58:18.304-0300] {processor.py:842} WARNING - No viable dags retrieved from /home/walterg/Documentos/Data_projects/Data-Warehouse-postgres-DBT-airflow-/.venv/lib/python3.11/site-packages/airflow/example_dags/plugins/workday.py
[2025-05-31T19:58:18.312-0300] {processor.py:183} INFO - Processing /home/walterg/Documentos/Data_projects/Data-Warehouse-postgres-DBT-airflow-/.venv/lib/python3.11/site-packages/airflow/example_dags/plugins/workday.py took 0.293 seconds
[2025-05-31T19:58:57.187-0300] {processor.py:161} INFO - Started process (PID=17294) to work on /home/walterg/Documentos/Data_projects/Data-Warehouse-postgres-DBT-airflow-/.venv/lib/python3.11/site-packages/airflow/example_dags/plugins/workday.py
[2025-05-31T19:58:57.192-0300] {processor.py:830} INFO - Processing file /home/walterg/Documentos/Data_projects/Data-Warehouse-postgres-DBT-airflow-/.venv/lib/python3.11/site-packages/airflow/example_dags/plugins/workday.py for tasks to queue
[2025-05-31T19:58:57.193-0300] {logging_mixin.py:188} INFO - [2025-05-31T19:58:57.193-0300] {dagbag.py:538} INFO - Filling up the DagBag from /home/walterg/Documentos/Data_projects/Data-Warehouse-postgres-DBT-airflow-/.venv/lib/python3.11/site-packages/airflow/example_dags/plugins/workday.py
[2025-05-31T19:58:57.458-0300] {processor.py:842} WARNING - No viable dags retrieved from /home/walterg/Documentos/Data_projects/Data-Warehouse-postgres-DBT-airflow-/.venv/lib/python3.11/site-packages/airflow/example_dags/plugins/workday.py
[2025-05-31T19:58:57.465-0300] {processor.py:183} INFO - Processing /home/walterg/Documentos/Data_projects/Data-Warehouse-postgres-DBT-airflow-/.venv/lib/python3.11/site-packages/airflow/example_dags/plugins/workday.py took 0.281 seconds
[2025-05-31T19:59:44.171-0300] {processor.py:161} INFO - Started process (PID=17577) to work on /home/walterg/Documentos/Data_projects/Data-Warehouse-postgres-DBT-airflow-/.venv/lib/python3.11/site-packages/airflow/example_dags/plugins/workday.py
[2025-05-31T19:59:44.177-0300] {processor.py:830} INFO - Processing file /home/walterg/Documentos/Data_projects/Data-Warehouse-postgres-DBT-airflow-/.venv/lib/python3.11/site-packages/airflow/example_dags/plugins/workday.py for tasks to queue
[2025-05-31T19:59:44.178-0300] {logging_mixin.py:188} INFO - [2025-05-31T19:59:44.177-0300] {dagbag.py:538} INFO - Filling up the DagBag from /home/walterg/Documentos/Data_projects/Data-Warehouse-postgres-DBT-airflow-/.venv/lib/python3.11/site-packages/airflow/example_dags/plugins/workday.py
[2025-05-31T19:59:44.452-0300] {processor.py:842} WARNING - No viable dags retrieved from /home/walterg/Documentos/Data_projects/Data-Warehouse-postgres-DBT-airflow-/.venv/lib/python3.11/site-packages/airflow/example_dags/plugins/workday.py
[2025-05-31T19:59:44.462-0300] {processor.py:183} INFO - Processing /home/walterg/Documentos/Data_projects/Data-Warehouse-postgres-DBT-airflow-/.venv/lib/python3.11/site-packages/airflow/example_dags/plugins/workday.py took 0.293 seconds
[2025-05-31T20:00:22.330-0300] {processor.py:161} INFO - Started process (PID=17817) to work on /home/walterg/Documentos/Data_projects/Data-Warehouse-postgres-DBT-airflow-/.venv/lib/python3.11/site-packages/airflow/example_dags/plugins/workday.py
[2025-05-31T20:00:22.335-0300] {processor.py:830} INFO - Processing file /home/walterg/Documentos/Data_projects/Data-Warehouse-postgres-DBT-airflow-/.venv/lib/python3.11/site-packages/airflow/example_dags/plugins/workday.py for tasks to queue
[2025-05-31T20:00:22.337-0300] {logging_mixin.py:188} INFO - [2025-05-31T20:00:22.336-0300] {dagbag.py:538} INFO - Filling up the DagBag from /home/walterg/Documentos/Data_projects/Data-Warehouse-postgres-DBT-airflow-/.venv/lib/python3.11/site-packages/airflow/example_dags/plugins/workday.py
[2025-05-31T20:00:22.608-0300] {processor.py:842} WARNING - No viable dags retrieved from /home/walterg/Documentos/Data_projects/Data-Warehouse-postgres-DBT-airflow-/.venv/lib/python3.11/site-packages/airflow/example_dags/plugins/workday.py
[2025-05-31T20:00:22.615-0300] {processor.py:183} INFO - Processing /home/walterg/Documentos/Data_projects/Data-Warehouse-postgres-DBT-airflow-/.venv/lib/python3.11/site-packages/airflow/example_dags/plugins/workday.py took 0.288 seconds
