[2025-05-31T21:00:58.565-0300] {processor.py:161} INFO - Started process (PID=32783) to work on /home/walterg/Documentos/Data_projects/Data-Warehouse-postgres-DBT-airflow-/.venv/lib/python3.11/site-packages/airflow/example_dags/example_complex.py
[2025-05-31T21:00:58.566-0300] {processor.py:830} INFO - Processing file /home/walterg/Documentos/Data_projects/Data-Warehouse-postgres-DBT-airflow-/.venv/lib/python3.11/site-packages/airflow/example_dags/example_complex.py for tasks to queue
[2025-05-31T21:00:58.566-0300] {logging_mixin.py:188} INFO - [2025-05-31T21:00:58.566-0300] {dagbag.py:538} INFO - Filling up the DagBag from /home/walterg/Documentos/Data_projects/Data-Warehouse-postgres-DBT-airflow-/.venv/lib/python3.11/site-packages/airflow/example_dags/example_complex.py
[2025-05-31T21:00:58.574-0300] {processor.py:840} INFO - DAG(s) 'example_complex' retrieved from /home/walterg/Documentos/Data_projects/Data-Warehouse-postgres-DBT-airflow-/.venv/lib/python3.11/site-packages/airflow/example_dags/example_complex.py
[2025-05-31T21:00:58.592-0300] {logging_mixin.py:188} INFO - [2025-05-31T21:00:58.592-0300] {dag.py:3036} INFO - Sync 1 DAGs
[2025-05-31T21:00:58.600-0300] {logging_mixin.py:188} INFO - [2025-05-31T21:00:58.600-0300] {dag.py:3823} INFO - Setting next_dagrun for example_complex to None, run_after=None
[2025-05-31T21:00:58.622-0300] {processor.py:183} INFO - Processing /home/walterg/Documentos/Data_projects/Data-Warehouse-postgres-DBT-airflow-/.venv/lib/python3.11/site-packages/airflow/example_dags/example_complex.py took 0.060 seconds
[2025-05-31T21:02:06.464-0300] {processor.py:161} INFO - Started process (PID=33210) to work on /home/walterg/Documentos/Data_projects/Data-Warehouse-postgres-DBT-airflow-/.venv/lib/python3.11/site-packages/airflow/example_dags/example_complex.py
[2025-05-31T21:02:06.465-0300] {processor.py:830} INFO - Processing file /home/walterg/Documentos/Data_projects/Data-Warehouse-postgres-DBT-airflow-/.venv/lib/python3.11/site-packages/airflow/example_dags/example_complex.py for tasks to queue
[2025-05-31T21:02:06.466-0300] {logging_mixin.py:188} INFO - [2025-05-31T21:02:06.466-0300] {dagbag.py:538} INFO - Filling up the DagBag from /home/walterg/Documentos/Data_projects/Data-Warehouse-postgres-DBT-airflow-/.venv/lib/python3.11/site-packages/airflow/example_dags/example_complex.py
[2025-05-31T21:02:06.474-0300] {processor.py:840} INFO - DAG(s) 'example_complex' retrieved from /home/walterg/Documentos/Data_projects/Data-Warehouse-postgres-DBT-airflow-/.venv/lib/python3.11/site-packages/airflow/example_dags/example_complex.py
[2025-05-31T21:02:06.492-0300] {logging_mixin.py:188} INFO - [2025-05-31T21:02:06.492-0300] {dag.py:3036} INFO - Sync 1 DAGs
[2025-05-31T21:02:06.501-0300] {logging_mixin.py:188} INFO - [2025-05-31T21:02:06.501-0300] {dag.py:3823} INFO - Setting next_dagrun for example_complex to None, run_after=None
[2025-05-31T21:02:06.519-0300] {processor.py:183} INFO - Processing /home/walterg/Documentos/Data_projects/Data-Warehouse-postgres-DBT-airflow-/.venv/lib/python3.11/site-packages/airflow/example_dags/example_complex.py took 0.058 seconds
[2025-05-31T21:03:14.365-0300] {processor.py:161} INFO - Started process (PID=33588) to work on /home/walterg/Documentos/Data_projects/Data-Warehouse-postgres-DBT-airflow-/.venv/lib/python3.11/site-packages/airflow/example_dags/example_complex.py
[2025-05-31T21:03:14.366-0300] {processor.py:830} INFO - Processing file /home/walterg/Documentos/Data_projects/Data-Warehouse-postgres-DBT-airflow-/.venv/lib/python3.11/site-packages/airflow/example_dags/example_complex.py for tasks to queue
[2025-05-31T21:03:14.367-0300] {logging_mixin.py:188} INFO - [2025-05-31T21:03:14.367-0300] {dagbag.py:538} INFO - Filling up the DagBag from /home/walterg/Documentos/Data_projects/Data-Warehouse-postgres-DBT-airflow-/.venv/lib/python3.11/site-packages/airflow/example_dags/example_complex.py
[2025-05-31T21:03:14.374-0300] {processor.py:840} INFO - DAG(s) 'example_complex' retrieved from /home/walterg/Documentos/Data_projects/Data-Warehouse-postgres-DBT-airflow-/.venv/lib/python3.11/site-packages/airflow/example_dags/example_complex.py
[2025-05-31T21:03:14.392-0300] {logging_mixin.py:188} INFO - [2025-05-31T21:03:14.392-0300] {dag.py:3036} INFO - Sync 1 DAGs
[2025-05-31T21:03:14.400-0300] {logging_mixin.py:188} INFO - [2025-05-31T21:03:14.400-0300] {dag.py:3823} INFO - Setting next_dagrun for example_complex to None, run_after=None
[2025-05-31T21:03:14.418-0300] {processor.py:183} INFO - Processing /home/walterg/Documentos/Data_projects/Data-Warehouse-postgres-DBT-airflow-/.venv/lib/python3.11/site-packages/airflow/example_dags/example_complex.py took 0.055 seconds
[2025-05-31T21:04:16.044-0300] {processor.py:161} INFO - Started process (PID=33814) to work on /home/walterg/Documentos/Data_projects/Data-Warehouse-postgres-DBT-airflow-/.venv/lib/python3.11/site-packages/airflow/example_dags/example_complex.py
[2025-05-31T21:04:16.049-0300] {processor.py:830} INFO - Processing file /home/walterg/Documentos/Data_projects/Data-Warehouse-postgres-DBT-airflow-/.venv/lib/python3.11/site-packages/airflow/example_dags/example_complex.py for tasks to queue
[2025-05-31T21:04:16.050-0300] {logging_mixin.py:188} INFO - [2025-05-31T21:04:16.050-0300] {dagbag.py:538} INFO - Filling up the DagBag from /home/walterg/Documentos/Data_projects/Data-Warehouse-postgres-DBT-airflow-/.venv/lib/python3.11/site-packages/airflow/example_dags/example_complex.py
[2025-05-31T21:04:16.058-0300] {processor.py:840} INFO - DAG(s) 'example_complex' retrieved from /home/walterg/Documentos/Data_projects/Data-Warehouse-postgres-DBT-airflow-/.venv/lib/python3.11/site-packages/airflow/example_dags/example_complex.py
[2025-05-31T21:04:16.075-0300] {logging_mixin.py:188} INFO - [2025-05-31T21:04:16.074-0300] {dag.py:3036} INFO - Sync 1 DAGs
[2025-05-31T21:04:16.082-0300] {logging_mixin.py:188} INFO - [2025-05-31T21:04:16.082-0300] {dag.py:3823} INFO - Setting next_dagrun for example_complex to None, run_after=None
[2025-05-31T21:04:16.100-0300] {processor.py:183} INFO - Processing /home/walterg/Documentos/Data_projects/Data-Warehouse-postgres-DBT-airflow-/.venv/lib/python3.11/site-packages/airflow/example_dags/example_complex.py took 0.058 seconds
[2025-05-31T21:05:21.137-0300] {processor.py:161} INFO - Started process (PID=34151) to work on /home/walterg/Documentos/Data_projects/Data-Warehouse-postgres-DBT-airflow-/.venv/lib/python3.11/site-packages/airflow/example_dags/example_complex.py
[2025-05-31T21:05:21.142-0300] {processor.py:830} INFO - Processing file /home/walterg/Documentos/Data_projects/Data-Warehouse-postgres-DBT-airflow-/.venv/lib/python3.11/site-packages/airflow/example_dags/example_complex.py for tasks to queue
[2025-05-31T21:05:21.143-0300] {logging_mixin.py:188} INFO - [2025-05-31T21:05:21.142-0300] {dagbag.py:538} INFO - Filling up the DagBag from /home/walterg/Documentos/Data_projects/Data-Warehouse-postgres-DBT-airflow-/.venv/lib/python3.11/site-packages/airflow/example_dags/example_complex.py
[2025-05-31T21:05:21.150-0300] {processor.py:840} INFO - DAG(s) 'example_complex' retrieved from /home/walterg/Documentos/Data_projects/Data-Warehouse-postgres-DBT-airflow-/.venv/lib/python3.11/site-packages/airflow/example_dags/example_complex.py
[2025-05-31T21:05:21.168-0300] {logging_mixin.py:188} INFO - [2025-05-31T21:05:21.168-0300] {dag.py:3036} INFO - Sync 1 DAGs
[2025-05-31T21:05:21.176-0300] {logging_mixin.py:188} INFO - [2025-05-31T21:05:21.176-0300] {dag.py:3823} INFO - Setting next_dagrun for example_complex to None, run_after=None
[2025-05-31T21:05:21.193-0300] {processor.py:183} INFO - Processing /home/walterg/Documentos/Data_projects/Data-Warehouse-postgres-DBT-airflow-/.venv/lib/python3.11/site-packages/airflow/example_dags/example_complex.py took 0.058 seconds
[2025-05-31T21:06:27.216-0300] {processor.py:161} INFO - Started process (PID=34522) to work on /home/walterg/Documentos/Data_projects/Data-Warehouse-postgres-DBT-airflow-/.venv/lib/python3.11/site-packages/airflow/example_dags/example_complex.py
[2025-05-31T21:06:27.222-0300] {processor.py:830} INFO - Processing file /home/walterg/Documentos/Data_projects/Data-Warehouse-postgres-DBT-airflow-/.venv/lib/python3.11/site-packages/airflow/example_dags/example_complex.py for tasks to queue
[2025-05-31T21:06:27.223-0300] {logging_mixin.py:188} INFO - [2025-05-31T21:06:27.223-0300] {dagbag.py:538} INFO - Filling up the DagBag from /home/walterg/Documentos/Data_projects/Data-Warehouse-postgres-DBT-airflow-/.venv/lib/python3.11/site-packages/airflow/example_dags/example_complex.py
[2025-05-31T21:06:27.232-0300] {processor.py:840} INFO - DAG(s) 'example_complex' retrieved from /home/walterg/Documentos/Data_projects/Data-Warehouse-postgres-DBT-airflow-/.venv/lib/python3.11/site-packages/airflow/example_dags/example_complex.py
[2025-05-31T21:06:27.251-0300] {logging_mixin.py:188} INFO - [2025-05-31T21:06:27.250-0300] {dag.py:3036} INFO - Sync 1 DAGs
[2025-05-31T21:06:27.259-0300] {logging_mixin.py:188} INFO - [2025-05-31T21:06:27.259-0300] {dag.py:3823} INFO - Setting next_dagrun for example_complex to None, run_after=None
[2025-05-31T21:06:27.278-0300] {processor.py:183} INFO - Processing /home/walterg/Documentos/Data_projects/Data-Warehouse-postgres-DBT-airflow-/.venv/lib/python3.11/site-packages/airflow/example_dags/example_complex.py took 0.065 seconds
[2025-05-31T21:07:33.551-0300] {processor.py:161} INFO - Started process (PID=34825) to work on /home/walterg/Documentos/Data_projects/Data-Warehouse-postgres-DBT-airflow-/.venv/lib/python3.11/site-packages/airflow/example_dags/example_complex.py
[2025-05-31T21:07:33.556-0300] {processor.py:830} INFO - Processing file /home/walterg/Documentos/Data_projects/Data-Warehouse-postgres-DBT-airflow-/.venv/lib/python3.11/site-packages/airflow/example_dags/example_complex.py for tasks to queue
[2025-05-31T21:07:33.557-0300] {logging_mixin.py:188} INFO - [2025-05-31T21:07:33.557-0300] {dagbag.py:538} INFO - Filling up the DagBag from /home/walterg/Documentos/Data_projects/Data-Warehouse-postgres-DBT-airflow-/.venv/lib/python3.11/site-packages/airflow/example_dags/example_complex.py
[2025-05-31T21:07:33.565-0300] {processor.py:840} INFO - DAG(s) 'example_complex' retrieved from /home/walterg/Documentos/Data_projects/Data-Warehouse-postgres-DBT-airflow-/.venv/lib/python3.11/site-packages/airflow/example_dags/example_complex.py
[2025-05-31T21:07:33.582-0300] {logging_mixin.py:188} INFO - [2025-05-31T21:07:33.582-0300] {dag.py:3036} INFO - Sync 1 DAGs
[2025-05-31T21:07:33.590-0300] {logging_mixin.py:188} INFO - [2025-05-31T21:07:33.590-0300] {dag.py:3823} INFO - Setting next_dagrun for example_complex to None, run_after=None
[2025-05-31T21:07:33.607-0300] {processor.py:183} INFO - Processing /home/walterg/Documentos/Data_projects/Data-Warehouse-postgres-DBT-airflow-/.venv/lib/python3.11/site-packages/airflow/example_dags/example_complex.py took 0.059 seconds
[2025-05-31T21:08:38.761-0300] {processor.py:161} INFO - Started process (PID=35167) to work on /home/walterg/Documentos/Data_projects/Data-Warehouse-postgres-DBT-airflow-/.venv/lib/python3.11/site-packages/airflow/example_dags/example_complex.py
[2025-05-31T21:08:38.766-0300] {processor.py:830} INFO - Processing file /home/walterg/Documentos/Data_projects/Data-Warehouse-postgres-DBT-airflow-/.venv/lib/python3.11/site-packages/airflow/example_dags/example_complex.py for tasks to queue
[2025-05-31T21:08:38.767-0300] {logging_mixin.py:188} INFO - [2025-05-31T21:08:38.766-0300] {dagbag.py:538} INFO - Filling up the DagBag from /home/walterg/Documentos/Data_projects/Data-Warehouse-postgres-DBT-airflow-/.venv/lib/python3.11/site-packages/airflow/example_dags/example_complex.py
[2025-05-31T21:08:38.774-0300] {processor.py:840} INFO - DAG(s) 'example_complex' retrieved from /home/walterg/Documentos/Data_projects/Data-Warehouse-postgres-DBT-airflow-/.venv/lib/python3.11/site-packages/airflow/example_dags/example_complex.py
[2025-05-31T21:08:38.791-0300] {logging_mixin.py:188} INFO - [2025-05-31T21:08:38.791-0300] {dag.py:3036} INFO - Sync 1 DAGs
[2025-05-31T21:08:38.798-0300] {logging_mixin.py:188} INFO - [2025-05-31T21:08:38.798-0300] {dag.py:3823} INFO - Setting next_dagrun for example_complex to None, run_after=None
[2025-05-31T21:08:38.814-0300] {processor.py:183} INFO - Processing /home/walterg/Documentos/Data_projects/Data-Warehouse-postgres-DBT-airflow-/.venv/lib/python3.11/site-packages/airflow/example_dags/example_complex.py took 0.055 seconds
[2025-05-31T21:09:36.347-0300] {processor.py:161} INFO - Started process (PID=35473) to work on /home/walterg/Documentos/Data_projects/Data-Warehouse-postgres-DBT-airflow-/.venv/lib/python3.11/site-packages/airflow/example_dags/example_complex.py
[2025-05-31T21:09:36.348-0300] {processor.py:830} INFO - Processing file /home/walterg/Documentos/Data_projects/Data-Warehouse-postgres-DBT-airflow-/.venv/lib/python3.11/site-packages/airflow/example_dags/example_complex.py for tasks to queue
[2025-05-31T21:09:36.349-0300] {logging_mixin.py:188} INFO - [2025-05-31T21:09:36.349-0300] {dagbag.py:538} INFO - Filling up the DagBag from /home/walterg/Documentos/Data_projects/Data-Warehouse-postgres-DBT-airflow-/.venv/lib/python3.11/site-packages/airflow/example_dags/example_complex.py
[2025-05-31T21:09:36.356-0300] {processor.py:840} INFO - DAG(s) 'example_complex' retrieved from /home/walterg/Documentos/Data_projects/Data-Warehouse-postgres-DBT-airflow-/.venv/lib/python3.11/site-packages/airflow/example_dags/example_complex.py
[2025-05-31T21:09:36.374-0300] {logging_mixin.py:188} INFO - [2025-05-31T21:09:36.374-0300] {dag.py:3036} INFO - Sync 1 DAGs
[2025-05-31T21:09:36.381-0300] {logging_mixin.py:188} INFO - [2025-05-31T21:09:36.381-0300] {dag.py:3823} INFO - Setting next_dagrun for example_complex to None, run_after=None
[2025-05-31T21:09:36.399-0300] {processor.py:183} INFO - Processing /home/walterg/Documentos/Data_projects/Data-Warehouse-postgres-DBT-airflow-/.venv/lib/python3.11/site-packages/airflow/example_dags/example_complex.py took 0.055 seconds
[2025-05-31T21:10:42.280-0300] {processor.py:161} INFO - Started process (PID=35801) to work on /home/walterg/Documentos/Data_projects/Data-Warehouse-postgres-DBT-airflow-/.venv/lib/python3.11/site-packages/airflow/example_dags/example_complex.py
[2025-05-31T21:10:42.285-0300] {processor.py:830} INFO - Processing file /home/walterg/Documentos/Data_projects/Data-Warehouse-postgres-DBT-airflow-/.venv/lib/python3.11/site-packages/airflow/example_dags/example_complex.py for tasks to queue
[2025-05-31T21:10:42.285-0300] {logging_mixin.py:188} INFO - [2025-05-31T21:10:42.285-0300] {dagbag.py:538} INFO - Filling up the DagBag from /home/walterg/Documentos/Data_projects/Data-Warehouse-postgres-DBT-airflow-/.venv/lib/python3.11/site-packages/airflow/example_dags/example_complex.py
[2025-05-31T21:10:42.293-0300] {processor.py:840} INFO - DAG(s) 'example_complex' retrieved from /home/walterg/Documentos/Data_projects/Data-Warehouse-postgres-DBT-airflow-/.venv/lib/python3.11/site-packages/airflow/example_dags/example_complex.py
[2025-05-31T21:10:42.311-0300] {logging_mixin.py:188} INFO - [2025-05-31T21:10:42.311-0300] {dag.py:3036} INFO - Sync 1 DAGs
[2025-05-31T21:10:42.320-0300] {logging_mixin.py:188} INFO - [2025-05-31T21:10:42.320-0300] {dag.py:3823} INFO - Setting next_dagrun for example_complex to None, run_after=None
[2025-05-31T21:10:42.336-0300] {processor.py:183} INFO - Processing /home/walterg/Documentos/Data_projects/Data-Warehouse-postgres-DBT-airflow-/.venv/lib/python3.11/site-packages/airflow/example_dags/example_complex.py took 0.059 seconds
[2025-05-31T21:11:45.545-0300] {processor.py:161} INFO - Started process (PID=36129) to work on /home/walterg/Documentos/Data_projects/Data-Warehouse-postgres-DBT-airflow-/.venv/lib/python3.11/site-packages/airflow/example_dags/example_complex.py
[2025-05-31T21:11:45.550-0300] {processor.py:830} INFO - Processing file /home/walterg/Documentos/Data_projects/Data-Warehouse-postgres-DBT-airflow-/.venv/lib/python3.11/site-packages/airflow/example_dags/example_complex.py for tasks to queue
[2025-05-31T21:11:45.551-0300] {logging_mixin.py:188} INFO - [2025-05-31T21:11:45.551-0300] {dagbag.py:538} INFO - Filling up the DagBag from /home/walterg/Documentos/Data_projects/Data-Warehouse-postgres-DBT-airflow-/.venv/lib/python3.11/site-packages/airflow/example_dags/example_complex.py
[2025-05-31T21:11:45.559-0300] {processor.py:840} INFO - DAG(s) 'example_complex' retrieved from /home/walterg/Documentos/Data_projects/Data-Warehouse-postgres-DBT-airflow-/.venv/lib/python3.11/site-packages/airflow/example_dags/example_complex.py
[2025-05-31T21:11:45.576-0300] {logging_mixin.py:188} INFO - [2025-05-31T21:11:45.576-0300] {dag.py:3036} INFO - Sync 1 DAGs
[2025-05-31T21:11:45.584-0300] {logging_mixin.py:188} INFO - [2025-05-31T21:11:45.583-0300] {dag.py:3823} INFO - Setting next_dagrun for example_complex to None, run_after=None
[2025-05-31T21:11:45.600-0300] {processor.py:183} INFO - Processing /home/walterg/Documentos/Data_projects/Data-Warehouse-postgres-DBT-airflow-/.venv/lib/python3.11/site-packages/airflow/example_dags/example_complex.py took 0.058 seconds
[2025-05-31T21:12:50.526-0300] {processor.py:161} INFO - Started process (PID=36395) to work on /home/walterg/Documentos/Data_projects/Data-Warehouse-postgres-DBT-airflow-/.venv/lib/python3.11/site-packages/airflow/example_dags/example_complex.py
[2025-05-31T21:12:50.532-0300] {processor.py:830} INFO - Processing file /home/walterg/Documentos/Data_projects/Data-Warehouse-postgres-DBT-airflow-/.venv/lib/python3.11/site-packages/airflow/example_dags/example_complex.py for tasks to queue
[2025-05-31T21:12:50.532-0300] {logging_mixin.py:188} INFO - [2025-05-31T21:12:50.532-0300] {dagbag.py:538} INFO - Filling up the DagBag from /home/walterg/Documentos/Data_projects/Data-Warehouse-postgres-DBT-airflow-/.venv/lib/python3.11/site-packages/airflow/example_dags/example_complex.py
[2025-05-31T21:12:50.540-0300] {processor.py:840} INFO - DAG(s) 'example_complex' retrieved from /home/walterg/Documentos/Data_projects/Data-Warehouse-postgres-DBT-airflow-/.venv/lib/python3.11/site-packages/airflow/example_dags/example_complex.py
[2025-05-31T21:12:50.557-0300] {logging_mixin.py:188} INFO - [2025-05-31T21:12:50.557-0300] {dag.py:3036} INFO - Sync 1 DAGs
[2025-05-31T21:12:50.565-0300] {logging_mixin.py:188} INFO - [2025-05-31T21:12:50.564-0300] {dag.py:3823} INFO - Setting next_dagrun for example_complex to None, run_after=None
[2025-05-31T21:12:50.582-0300] {processor.py:183} INFO - Processing /home/walterg/Documentos/Data_projects/Data-Warehouse-postgres-DBT-airflow-/.venv/lib/python3.11/site-packages/airflow/example_dags/example_complex.py took 0.058 seconds
[2025-05-31T21:13:52.925-0300] {processor.py:161} INFO - Started process (PID=36663) to work on /home/walterg/Documentos/Data_projects/Data-Warehouse-postgres-DBT-airflow-/.venv/lib/python3.11/site-packages/airflow/example_dags/example_complex.py
[2025-05-31T21:13:52.930-0300] {processor.py:830} INFO - Processing file /home/walterg/Documentos/Data_projects/Data-Warehouse-postgres-DBT-airflow-/.venv/lib/python3.11/site-packages/airflow/example_dags/example_complex.py for tasks to queue
[2025-05-31T21:13:52.931-0300] {logging_mixin.py:188} INFO - [2025-05-31T21:13:52.931-0300] {dagbag.py:538} INFO - Filling up the DagBag from /home/walterg/Documentos/Data_projects/Data-Warehouse-postgres-DBT-airflow-/.venv/lib/python3.11/site-packages/airflow/example_dags/example_complex.py
[2025-05-31T21:13:52.938-0300] {processor.py:840} INFO - DAG(s) 'example_complex' retrieved from /home/walterg/Documentos/Data_projects/Data-Warehouse-postgres-DBT-airflow-/.venv/lib/python3.11/site-packages/airflow/example_dags/example_complex.py
[2025-05-31T21:13:52.956-0300] {logging_mixin.py:188} INFO - [2025-05-31T21:13:52.956-0300] {dag.py:3036} INFO - Sync 1 DAGs
[2025-05-31T21:13:52.963-0300] {logging_mixin.py:188} INFO - [2025-05-31T21:13:52.963-0300] {dag.py:3823} INFO - Setting next_dagrun for example_complex to None, run_after=None
[2025-05-31T21:13:52.979-0300] {processor.py:183} INFO - Processing /home/walterg/Documentos/Data_projects/Data-Warehouse-postgres-DBT-airflow-/.venv/lib/python3.11/site-packages/airflow/example_dags/example_complex.py took 0.057 seconds
[2025-05-31T21:14:55.685-0300] {processor.py:161} INFO - Started process (PID=36983) to work on /home/walterg/Documentos/Data_projects/Data-Warehouse-postgres-DBT-airflow-/.venv/lib/python3.11/site-packages/airflow/example_dags/example_complex.py
[2025-05-31T21:14:55.690-0300] {processor.py:830} INFO - Processing file /home/walterg/Documentos/Data_projects/Data-Warehouse-postgres-DBT-airflow-/.venv/lib/python3.11/site-packages/airflow/example_dags/example_complex.py for tasks to queue
[2025-05-31T21:14:55.691-0300] {logging_mixin.py:188} INFO - [2025-05-31T21:14:55.691-0300] {dagbag.py:538} INFO - Filling up the DagBag from /home/walterg/Documentos/Data_projects/Data-Warehouse-postgres-DBT-airflow-/.venv/lib/python3.11/site-packages/airflow/example_dags/example_complex.py
[2025-05-31T21:14:55.699-0300] {processor.py:840} INFO - DAG(s) 'example_complex' retrieved from /home/walterg/Documentos/Data_projects/Data-Warehouse-postgres-DBT-airflow-/.venv/lib/python3.11/site-packages/airflow/example_dags/example_complex.py
[2025-05-31T21:14:55.716-0300] {logging_mixin.py:188} INFO - [2025-05-31T21:14:55.716-0300] {dag.py:3036} INFO - Sync 1 DAGs
[2025-05-31T21:14:55.725-0300] {logging_mixin.py:188} INFO - [2025-05-31T21:14:55.725-0300] {dag.py:3823} INFO - Setting next_dagrun for example_complex to None, run_after=None
[2025-05-31T21:14:55.744-0300] {processor.py:183} INFO - Processing /home/walterg/Documentos/Data_projects/Data-Warehouse-postgres-DBT-airflow-/.venv/lib/python3.11/site-packages/airflow/example_dags/example_complex.py took 0.061 seconds
[2025-05-31T21:15:56.337-0300] {processor.py:161} INFO - Started process (PID=37371) to work on /home/walterg/Documentos/Data_projects/Data-Warehouse-postgres-DBT-airflow-/.venv/lib/python3.11/site-packages/airflow/example_dags/example_complex.py
[2025-05-31T21:15:56.342-0300] {processor.py:830} INFO - Processing file /home/walterg/Documentos/Data_projects/Data-Warehouse-postgres-DBT-airflow-/.venv/lib/python3.11/site-packages/airflow/example_dags/example_complex.py for tasks to queue
[2025-05-31T21:15:56.343-0300] {logging_mixin.py:188} INFO - [2025-05-31T21:15:56.342-0300] {dagbag.py:538} INFO - Filling up the DagBag from /home/walterg/Documentos/Data_projects/Data-Warehouse-postgres-DBT-airflow-/.venv/lib/python3.11/site-packages/airflow/example_dags/example_complex.py
[2025-05-31T21:15:56.351-0300] {processor.py:840} INFO - DAG(s) 'example_complex' retrieved from /home/walterg/Documentos/Data_projects/Data-Warehouse-postgres-DBT-airflow-/.venv/lib/python3.11/site-packages/airflow/example_dags/example_complex.py
[2025-05-31T21:15:56.367-0300] {logging_mixin.py:188} INFO - [2025-05-31T21:15:56.367-0300] {dag.py:3036} INFO - Sync 1 DAGs
[2025-05-31T21:15:56.375-0300] {logging_mixin.py:188} INFO - [2025-05-31T21:15:56.375-0300] {dag.py:3823} INFO - Setting next_dagrun for example_complex to None, run_after=None
[2025-05-31T21:15:56.393-0300] {processor.py:183} INFO - Processing /home/walterg/Documentos/Data_projects/Data-Warehouse-postgres-DBT-airflow-/.venv/lib/python3.11/site-packages/airflow/example_dags/example_complex.py took 0.058 seconds
[2025-05-31T21:16:58.121-0300] {processor.py:161} INFO - Started process (PID=37688) to work on /home/walterg/Documentos/Data_projects/Data-Warehouse-postgres-DBT-airflow-/.venv/lib/python3.11/site-packages/airflow/example_dags/example_complex.py
[2025-05-31T21:16:58.122-0300] {processor.py:830} INFO - Processing file /home/walterg/Documentos/Data_projects/Data-Warehouse-postgres-DBT-airflow-/.venv/lib/python3.11/site-packages/airflow/example_dags/example_complex.py for tasks to queue
[2025-05-31T21:16:58.123-0300] {logging_mixin.py:188} INFO - [2025-05-31T21:16:58.123-0300] {dagbag.py:538} INFO - Filling up the DagBag from /home/walterg/Documentos/Data_projects/Data-Warehouse-postgres-DBT-airflow-/.venv/lib/python3.11/site-packages/airflow/example_dags/example_complex.py
[2025-05-31T21:16:58.130-0300] {processor.py:840} INFO - DAG(s) 'example_complex' retrieved from /home/walterg/Documentos/Data_projects/Data-Warehouse-postgres-DBT-airflow-/.venv/lib/python3.11/site-packages/airflow/example_dags/example_complex.py
[2025-05-31T21:16:58.148-0300] {logging_mixin.py:188} INFO - [2025-05-31T21:16:58.148-0300] {dag.py:3036} INFO - Sync 1 DAGs
[2025-05-31T21:16:58.155-0300] {logging_mixin.py:188} INFO - [2025-05-31T21:16:58.155-0300] {dag.py:3823} INFO - Setting next_dagrun for example_complex to None, run_after=None
[2025-05-31T21:16:58.269-0300] {processor.py:183} INFO - Processing /home/walterg/Documentos/Data_projects/Data-Warehouse-postgres-DBT-airflow-/.venv/lib/python3.11/site-packages/airflow/example_dags/example_complex.py took 0.150 seconds
[2025-05-31T21:18:08.674-0300] {processor.py:161} INFO - Started process (PID=38035) to work on /home/walterg/Documentos/Data_projects/Data-Warehouse-postgres-DBT-airflow-/.venv/lib/python3.11/site-packages/airflow/example_dags/example_complex.py
[2025-05-31T21:18:08.679-0300] {processor.py:830} INFO - Processing file /home/walterg/Documentos/Data_projects/Data-Warehouse-postgres-DBT-airflow-/.venv/lib/python3.11/site-packages/airflow/example_dags/example_complex.py for tasks to queue
[2025-05-31T21:18:08.680-0300] {logging_mixin.py:188} INFO - [2025-05-31T21:18:08.680-0300] {dagbag.py:538} INFO - Filling up the DagBag from /home/walterg/Documentos/Data_projects/Data-Warehouse-postgres-DBT-airflow-/.venv/lib/python3.11/site-packages/airflow/example_dags/example_complex.py
[2025-05-31T21:18:08.688-0300] {processor.py:840} INFO - DAG(s) 'example_complex' retrieved from /home/walterg/Documentos/Data_projects/Data-Warehouse-postgres-DBT-airflow-/.venv/lib/python3.11/site-packages/airflow/example_dags/example_complex.py
[2025-05-31T21:18:08.706-0300] {logging_mixin.py:188} INFO - [2025-05-31T21:18:08.706-0300] {dag.py:3036} INFO - Sync 1 DAGs
[2025-05-31T21:18:08.714-0300] {logging_mixin.py:188} INFO - [2025-05-31T21:18:08.713-0300] {dag.py:3823} INFO - Setting next_dagrun for example_complex to None, run_after=None
[2025-05-31T21:18:08.731-0300] {processor.py:183} INFO - Processing /home/walterg/Documentos/Data_projects/Data-Warehouse-postgres-DBT-airflow-/.venv/lib/python3.11/site-packages/airflow/example_dags/example_complex.py took 0.059 seconds
[2025-05-31T21:19:13.357-0300] {processor.py:161} INFO - Started process (PID=38335) to work on /home/walterg/Documentos/Data_projects/Data-Warehouse-postgres-DBT-airflow-/.venv/lib/python3.11/site-packages/airflow/example_dags/example_complex.py
[2025-05-31T21:19:13.358-0300] {processor.py:830} INFO - Processing file /home/walterg/Documentos/Data_projects/Data-Warehouse-postgres-DBT-airflow-/.venv/lib/python3.11/site-packages/airflow/example_dags/example_complex.py for tasks to queue
[2025-05-31T21:19:13.359-0300] {logging_mixin.py:188} INFO - [2025-05-31T21:19:13.359-0300] {dagbag.py:538} INFO - Filling up the DagBag from /home/walterg/Documentos/Data_projects/Data-Warehouse-postgres-DBT-airflow-/.venv/lib/python3.11/site-packages/airflow/example_dags/example_complex.py
[2025-05-31T21:19:13.366-0300] {processor.py:840} INFO - DAG(s) 'example_complex' retrieved from /home/walterg/Documentos/Data_projects/Data-Warehouse-postgres-DBT-airflow-/.venv/lib/python3.11/site-packages/airflow/example_dags/example_complex.py
[2025-05-31T21:19:13.384-0300] {logging_mixin.py:188} INFO - [2025-05-31T21:19:13.383-0300] {dag.py:3036} INFO - Sync 1 DAGs
[2025-05-31T21:19:13.391-0300] {logging_mixin.py:188} INFO - [2025-05-31T21:19:13.391-0300] {dag.py:3823} INFO - Setting next_dagrun for example_complex to None, run_after=None
[2025-05-31T21:19:13.411-0300] {processor.py:183} INFO - Processing /home/walterg/Documentos/Data_projects/Data-Warehouse-postgres-DBT-airflow-/.venv/lib/python3.11/site-packages/airflow/example_dags/example_complex.py took 0.057 seconds
[2025-05-31T21:20:16.781-0300] {processor.py:161} INFO - Started process (PID=38585) to work on /home/walterg/Documentos/Data_projects/Data-Warehouse-postgres-DBT-airflow-/.venv/lib/python3.11/site-packages/airflow/example_dags/example_complex.py
[2025-05-31T21:20:16.787-0300] {processor.py:830} INFO - Processing file /home/walterg/Documentos/Data_projects/Data-Warehouse-postgres-DBT-airflow-/.venv/lib/python3.11/site-packages/airflow/example_dags/example_complex.py for tasks to queue
[2025-05-31T21:20:16.788-0300] {logging_mixin.py:188} INFO - [2025-05-31T21:20:16.787-0300] {dagbag.py:538} INFO - Filling up the DagBag from /home/walterg/Documentos/Data_projects/Data-Warehouse-postgres-DBT-airflow-/.venv/lib/python3.11/site-packages/airflow/example_dags/example_complex.py
[2025-05-31T21:20:16.795-0300] {processor.py:840} INFO - DAG(s) 'example_complex' retrieved from /home/walterg/Documentos/Data_projects/Data-Warehouse-postgres-DBT-airflow-/.venv/lib/python3.11/site-packages/airflow/example_dags/example_complex.py
[2025-05-31T21:20:16.812-0300] {logging_mixin.py:188} INFO - [2025-05-31T21:20:16.812-0300] {dag.py:3036} INFO - Sync 1 DAGs
[2025-05-31T21:20:16.820-0300] {logging_mixin.py:188} INFO - [2025-05-31T21:20:16.820-0300] {dag.py:3823} INFO - Setting next_dagrun for example_complex to None, run_after=None
[2025-05-31T21:20:16.837-0300] {processor.py:183} INFO - Processing /home/walterg/Documentos/Data_projects/Data-Warehouse-postgres-DBT-airflow-/.venv/lib/python3.11/site-packages/airflow/example_dags/example_complex.py took 0.058 seconds
[2025-05-31T21:21:15.770-0300] {processor.py:161} INFO - Started process (PID=38827) to work on /home/walterg/Documentos/Data_projects/Data-Warehouse-postgres-DBT-airflow-/.venv/lib/python3.11/site-packages/airflow/example_dags/example_complex.py
[2025-05-31T21:21:15.775-0300] {processor.py:830} INFO - Processing file /home/walterg/Documentos/Data_projects/Data-Warehouse-postgres-DBT-airflow-/.venv/lib/python3.11/site-packages/airflow/example_dags/example_complex.py for tasks to queue
[2025-05-31T21:21:15.776-0300] {logging_mixin.py:188} INFO - [2025-05-31T21:21:15.776-0300] {dagbag.py:538} INFO - Filling up the DagBag from /home/walterg/Documentos/Data_projects/Data-Warehouse-postgres-DBT-airflow-/.venv/lib/python3.11/site-packages/airflow/example_dags/example_complex.py
[2025-05-31T21:21:15.784-0300] {processor.py:840} INFO - DAG(s) 'example_complex' retrieved from /home/walterg/Documentos/Data_projects/Data-Warehouse-postgres-DBT-airflow-/.venv/lib/python3.11/site-packages/airflow/example_dags/example_complex.py
[2025-05-31T21:21:15.900-0300] {logging_mixin.py:188} INFO - [2025-05-31T21:21:15.900-0300] {dag.py:3036} INFO - Sync 1 DAGs
[2025-05-31T21:21:15.906-0300] {logging_mixin.py:188} INFO - [2025-05-31T21:21:15.906-0300] {dag.py:3823} INFO - Setting next_dagrun for example_complex to None, run_after=None
[2025-05-31T21:21:15.926-0300] {processor.py:183} INFO - Processing /home/walterg/Documentos/Data_projects/Data-Warehouse-postgres-DBT-airflow-/.venv/lib/python3.11/site-packages/airflow/example_dags/example_complex.py took 0.159 seconds
[2025-05-31T21:22:18.569-0300] {processor.py:161} INFO - Started process (PID=39249) to work on /home/walterg/Documentos/Data_projects/Data-Warehouse-postgres-DBT-airflow-/.venv/lib/python3.11/site-packages/airflow/example_dags/example_complex.py
[2025-05-31T21:22:18.575-0300] {processor.py:830} INFO - Processing file /home/walterg/Documentos/Data_projects/Data-Warehouse-postgres-DBT-airflow-/.venv/lib/python3.11/site-packages/airflow/example_dags/example_complex.py for tasks to queue
[2025-05-31T21:22:18.576-0300] {logging_mixin.py:188} INFO - [2025-05-31T21:22:18.575-0300] {dagbag.py:538} INFO - Filling up the DagBag from /home/walterg/Documentos/Data_projects/Data-Warehouse-postgres-DBT-airflow-/.venv/lib/python3.11/site-packages/airflow/example_dags/example_complex.py
[2025-05-31T21:22:18.583-0300] {processor.py:840} INFO - DAG(s) 'example_complex' retrieved from /home/walterg/Documentos/Data_projects/Data-Warehouse-postgres-DBT-airflow-/.venv/lib/python3.11/site-packages/airflow/example_dags/example_complex.py
[2025-05-31T21:22:18.604-0300] {logging_mixin.py:188} INFO - [2025-05-31T21:22:18.604-0300] {dag.py:3036} INFO - Sync 1 DAGs
[2025-05-31T21:22:18.613-0300] {logging_mixin.py:188} INFO - [2025-05-31T21:22:18.613-0300] {dag.py:3823} INFO - Setting next_dagrun for example_complex to None, run_after=None
[2025-05-31T21:22:18.632-0300] {processor.py:183} INFO - Processing /home/walterg/Documentos/Data_projects/Data-Warehouse-postgres-DBT-airflow-/.venv/lib/python3.11/site-packages/airflow/example_dags/example_complex.py took 0.065 seconds
[2025-05-31T21:23:28.251-0300] {processor.py:161} INFO - Started process (PID=39548) to work on /home/walterg/Documentos/Data_projects/Data-Warehouse-postgres-DBT-airflow-/.venv/lib/python3.11/site-packages/airflow/example_dags/example_complex.py
[2025-05-31T21:23:28.252-0300] {processor.py:830} INFO - Processing file /home/walterg/Documentos/Data_projects/Data-Warehouse-postgres-DBT-airflow-/.venv/lib/python3.11/site-packages/airflow/example_dags/example_complex.py for tasks to queue
[2025-05-31T21:23:28.253-0300] {logging_mixin.py:188} INFO - [2025-05-31T21:23:28.252-0300] {dagbag.py:538} INFO - Filling up the DagBag from /home/walterg/Documentos/Data_projects/Data-Warehouse-postgres-DBT-airflow-/.venv/lib/python3.11/site-packages/airflow/example_dags/example_complex.py
[2025-05-31T21:23:28.260-0300] {processor.py:840} INFO - DAG(s) 'example_complex' retrieved from /home/walterg/Documentos/Data_projects/Data-Warehouse-postgres-DBT-airflow-/.venv/lib/python3.11/site-packages/airflow/example_dags/example_complex.py
[2025-05-31T21:23:28.277-0300] {logging_mixin.py:188} INFO - [2025-05-31T21:23:28.277-0300] {dag.py:3036} INFO - Sync 1 DAGs
[2025-05-31T21:23:28.285-0300] {logging_mixin.py:188} INFO - [2025-05-31T21:23:28.285-0300] {dag.py:3823} INFO - Setting next_dagrun for example_complex to None, run_after=None
[2025-05-31T21:23:28.301-0300] {processor.py:183} INFO - Processing /home/walterg/Documentos/Data_projects/Data-Warehouse-postgres-DBT-airflow-/.venv/lib/python3.11/site-packages/airflow/example_dags/example_complex.py took 0.053 seconds
[2025-05-31T21:24:40.541-0300] {processor.py:161} INFO - Started process (PID=39794) to work on /home/walterg/Documentos/Data_projects/Data-Warehouse-postgres-DBT-airflow-/.venv/lib/python3.11/site-packages/airflow/example_dags/example_complex.py
[2025-05-31T21:24:40.546-0300] {processor.py:830} INFO - Processing file /home/walterg/Documentos/Data_projects/Data-Warehouse-postgres-DBT-airflow-/.venv/lib/python3.11/site-packages/airflow/example_dags/example_complex.py for tasks to queue
[2025-05-31T21:24:40.547-0300] {logging_mixin.py:188} INFO - [2025-05-31T21:24:40.547-0300] {dagbag.py:538} INFO - Filling up the DagBag from /home/walterg/Documentos/Data_projects/Data-Warehouse-postgres-DBT-airflow-/.venv/lib/python3.11/site-packages/airflow/example_dags/example_complex.py
[2025-05-31T21:24:40.555-0300] {processor.py:840} INFO - DAG(s) 'example_complex' retrieved from /home/walterg/Documentos/Data_projects/Data-Warehouse-postgres-DBT-airflow-/.venv/lib/python3.11/site-packages/airflow/example_dags/example_complex.py
[2025-05-31T21:24:40.571-0300] {logging_mixin.py:188} INFO - [2025-05-31T21:24:40.571-0300] {dag.py:3036} INFO - Sync 1 DAGs
[2025-05-31T21:24:40.579-0300] {logging_mixin.py:188} INFO - [2025-05-31T21:24:40.578-0300] {dag.py:3823} INFO - Setting next_dagrun for example_complex to None, run_after=None
[2025-05-31T21:24:40.594-0300] {processor.py:183} INFO - Processing /home/walterg/Documentos/Data_projects/Data-Warehouse-postgres-DBT-airflow-/.venv/lib/python3.11/site-packages/airflow/example_dags/example_complex.py took 0.057 seconds
[2025-05-31T21:25:48.159-0300] {processor.py:161} INFO - Started process (PID=40234) to work on /home/walterg/Documentos/Data_projects/Data-Warehouse-postgres-DBT-airflow-/.venv/lib/python3.11/site-packages/airflow/example_dags/example_complex.py
[2025-05-31T21:25:48.161-0300] {processor.py:830} INFO - Processing file /home/walterg/Documentos/Data_projects/Data-Warehouse-postgres-DBT-airflow-/.venv/lib/python3.11/site-packages/airflow/example_dags/example_complex.py for tasks to queue
[2025-05-31T21:25:48.162-0300] {logging_mixin.py:188} INFO - [2025-05-31T21:25:48.161-0300] {dagbag.py:538} INFO - Filling up the DagBag from /home/walterg/Documentos/Data_projects/Data-Warehouse-postgres-DBT-airflow-/.venv/lib/python3.11/site-packages/airflow/example_dags/example_complex.py
[2025-05-31T21:25:48.169-0300] {processor.py:840} INFO - DAG(s) 'example_complex' retrieved from /home/walterg/Documentos/Data_projects/Data-Warehouse-postgres-DBT-airflow-/.venv/lib/python3.11/site-packages/airflow/example_dags/example_complex.py
[2025-05-31T21:25:48.187-0300] {logging_mixin.py:188} INFO - [2025-05-31T21:25:48.186-0300] {dag.py:3036} INFO - Sync 1 DAGs
[2025-05-31T21:25:48.194-0300] {logging_mixin.py:188} INFO - [2025-05-31T21:25:48.194-0300] {dag.py:3823} INFO - Setting next_dagrun for example_complex to None, run_after=None
[2025-05-31T21:25:48.210-0300] {processor.py:183} INFO - Processing /home/walterg/Documentos/Data_projects/Data-Warehouse-postgres-DBT-airflow-/.venv/lib/python3.11/site-packages/airflow/example_dags/example_complex.py took 0.053 seconds
[2025-05-31T21:26:48.006-0300] {processor.py:161} INFO - Started process (PID=40680) to work on /home/walterg/Documentos/Data_projects/Data-Warehouse-postgres-DBT-airflow-/.venv/lib/python3.11/site-packages/airflow/example_dags/example_complex.py
[2025-05-31T21:26:48.007-0300] {processor.py:830} INFO - Processing file /home/walterg/Documentos/Data_projects/Data-Warehouse-postgres-DBT-airflow-/.venv/lib/python3.11/site-packages/airflow/example_dags/example_complex.py for tasks to queue
[2025-05-31T21:26:48.008-0300] {logging_mixin.py:188} INFO - [2025-05-31T21:26:48.007-0300] {dagbag.py:538} INFO - Filling up the DagBag from /home/walterg/Documentos/Data_projects/Data-Warehouse-postgres-DBT-airflow-/.venv/lib/python3.11/site-packages/airflow/example_dags/example_complex.py
[2025-05-31T21:26:48.015-0300] {processor.py:840} INFO - DAG(s) 'example_complex' retrieved from /home/walterg/Documentos/Data_projects/Data-Warehouse-postgres-DBT-airflow-/.venv/lib/python3.11/site-packages/airflow/example_dags/example_complex.py
[2025-05-31T21:26:48.033-0300] {logging_mixin.py:188} INFO - [2025-05-31T21:26:48.032-0300] {dag.py:3036} INFO - Sync 1 DAGs
[2025-05-31T21:26:48.041-0300] {logging_mixin.py:188} INFO - [2025-05-31T21:26:48.041-0300] {dag.py:3823} INFO - Setting next_dagrun for example_complex to None, run_after=None
[2025-05-31T21:26:48.061-0300] {processor.py:183} INFO - Processing /home/walterg/Documentos/Data_projects/Data-Warehouse-postgres-DBT-airflow-/.venv/lib/python3.11/site-packages/airflow/example_dags/example_complex.py took 0.058 seconds
[2025-05-31T21:27:47.454-0300] {processor.py:161} INFO - Started process (PID=41175) to work on /home/walterg/Documentos/Data_projects/Data-Warehouse-postgres-DBT-airflow-/.venv/lib/python3.11/site-packages/airflow/example_dags/example_complex.py
[2025-05-31T21:27:47.459-0300] {processor.py:830} INFO - Processing file /home/walterg/Documentos/Data_projects/Data-Warehouse-postgres-DBT-airflow-/.venv/lib/python3.11/site-packages/airflow/example_dags/example_complex.py for tasks to queue
[2025-05-31T21:27:47.460-0300] {logging_mixin.py:188} INFO - [2025-05-31T21:27:47.460-0300] {dagbag.py:538} INFO - Filling up the DagBag from /home/walterg/Documentos/Data_projects/Data-Warehouse-postgres-DBT-airflow-/.venv/lib/python3.11/site-packages/airflow/example_dags/example_complex.py
[2025-05-31T21:27:47.468-0300] {processor.py:840} INFO - DAG(s) 'example_complex' retrieved from /home/walterg/Documentos/Data_projects/Data-Warehouse-postgres-DBT-airflow-/.venv/lib/python3.11/site-packages/airflow/example_dags/example_complex.py
[2025-05-31T21:27:47.485-0300] {logging_mixin.py:188} INFO - [2025-05-31T21:27:47.485-0300] {dag.py:3036} INFO - Sync 1 DAGs
[2025-05-31T21:27:47.493-0300] {logging_mixin.py:188} INFO - [2025-05-31T21:27:47.493-0300] {dag.py:3823} INFO - Setting next_dagrun for example_complex to None, run_after=None
[2025-05-31T21:27:47.510-0300] {processor.py:183} INFO - Processing /home/walterg/Documentos/Data_projects/Data-Warehouse-postgres-DBT-airflow-/.venv/lib/python3.11/site-packages/airflow/example_dags/example_complex.py took 0.059 seconds
[2025-05-31T21:28:50.100-0300] {processor.py:161} INFO - Started process (PID=41462) to work on /home/walterg/Documentos/Data_projects/Data-Warehouse-postgres-DBT-airflow-/.venv/lib/python3.11/site-packages/airflow/example_dags/example_complex.py
[2025-05-31T21:28:50.105-0300] {processor.py:830} INFO - Processing file /home/walterg/Documentos/Data_projects/Data-Warehouse-postgres-DBT-airflow-/.venv/lib/python3.11/site-packages/airflow/example_dags/example_complex.py for tasks to queue
[2025-05-31T21:28:50.105-0300] {logging_mixin.py:188} INFO - [2025-05-31T21:28:50.105-0300] {dagbag.py:538} INFO - Filling up the DagBag from /home/walterg/Documentos/Data_projects/Data-Warehouse-postgres-DBT-airflow-/.venv/lib/python3.11/site-packages/airflow/example_dags/example_complex.py
[2025-05-31T21:28:50.113-0300] {processor.py:840} INFO - DAG(s) 'example_complex' retrieved from /home/walterg/Documentos/Data_projects/Data-Warehouse-postgres-DBT-airflow-/.venv/lib/python3.11/site-packages/airflow/example_dags/example_complex.py
[2025-05-31T21:28:50.130-0300] {logging_mixin.py:188} INFO - [2025-05-31T21:28:50.130-0300] {dag.py:3036} INFO - Sync 1 DAGs
[2025-05-31T21:28:50.138-0300] {logging_mixin.py:188} INFO - [2025-05-31T21:28:50.138-0300] {dag.py:3823} INFO - Setting next_dagrun for example_complex to None, run_after=None
[2025-05-31T21:28:50.155-0300] {processor.py:183} INFO - Processing /home/walterg/Documentos/Data_projects/Data-Warehouse-postgres-DBT-airflow-/.venv/lib/python3.11/site-packages/airflow/example_dags/example_complex.py took 0.058 seconds
[2025-05-31T21:29:49.734-0300] {processor.py:161} INFO - Started process (PID=41705) to work on /home/walterg/Documentos/Data_projects/Data-Warehouse-postgres-DBT-airflow-/.venv/lib/python3.11/site-packages/airflow/example_dags/example_complex.py
[2025-05-31T21:29:49.735-0300] {processor.py:830} INFO - Processing file /home/walterg/Documentos/Data_projects/Data-Warehouse-postgres-DBT-airflow-/.venv/lib/python3.11/site-packages/airflow/example_dags/example_complex.py for tasks to queue
[2025-05-31T21:29:49.736-0300] {logging_mixin.py:188} INFO - [2025-05-31T21:29:49.735-0300] {dagbag.py:538} INFO - Filling up the DagBag from /home/walterg/Documentos/Data_projects/Data-Warehouse-postgres-DBT-airflow-/.venv/lib/python3.11/site-packages/airflow/example_dags/example_complex.py
[2025-05-31T21:29:49.743-0300] {processor.py:840} INFO - DAG(s) 'example_complex' retrieved from /home/walterg/Documentos/Data_projects/Data-Warehouse-postgres-DBT-airflow-/.venv/lib/python3.11/site-packages/airflow/example_dags/example_complex.py
[2025-05-31T21:29:49.760-0300] {logging_mixin.py:188} INFO - [2025-05-31T21:29:49.760-0300] {dag.py:3036} INFO - Sync 1 DAGs
[2025-05-31T21:29:49.767-0300] {logging_mixin.py:188} INFO - [2025-05-31T21:29:49.767-0300] {dag.py:3823} INFO - Setting next_dagrun for example_complex to None, run_after=None
[2025-05-31T21:29:49.784-0300] {processor.py:183} INFO - Processing /home/walterg/Documentos/Data_projects/Data-Warehouse-postgres-DBT-airflow-/.venv/lib/python3.11/site-packages/airflow/example_dags/example_complex.py took 0.053 seconds
[2025-05-31T21:30:48.539-0300] {processor.py:161} INFO - Started process (PID=41921) to work on /home/walterg/Documentos/Data_projects/Data-Warehouse-postgres-DBT-airflow-/.venv/lib/python3.11/site-packages/airflow/example_dags/example_complex.py
[2025-05-31T21:30:48.543-0300] {processor.py:830} INFO - Processing file /home/walterg/Documentos/Data_projects/Data-Warehouse-postgres-DBT-airflow-/.venv/lib/python3.11/site-packages/airflow/example_dags/example_complex.py for tasks to queue
[2025-05-31T21:30:48.544-0300] {logging_mixin.py:188} INFO - [2025-05-31T21:30:48.544-0300] {dagbag.py:538} INFO - Filling up the DagBag from /home/walterg/Documentos/Data_projects/Data-Warehouse-postgres-DBT-airflow-/.venv/lib/python3.11/site-packages/airflow/example_dags/example_complex.py
[2025-05-31T21:30:48.552-0300] {processor.py:840} INFO - DAG(s) 'example_complex' retrieved from /home/walterg/Documentos/Data_projects/Data-Warehouse-postgres-DBT-airflow-/.venv/lib/python3.11/site-packages/airflow/example_dags/example_complex.py
[2025-05-31T21:30:48.570-0300] {logging_mixin.py:188} INFO - [2025-05-31T21:30:48.570-0300] {dag.py:3036} INFO - Sync 1 DAGs
[2025-05-31T21:30:48.579-0300] {logging_mixin.py:188} INFO - [2025-05-31T21:30:48.579-0300] {dag.py:3823} INFO - Setting next_dagrun for example_complex to None, run_after=None
[2025-05-31T21:30:48.598-0300] {processor.py:183} INFO - Processing /home/walterg/Documentos/Data_projects/Data-Warehouse-postgres-DBT-airflow-/.venv/lib/python3.11/site-packages/airflow/example_dags/example_complex.py took 0.062 seconds
[2025-05-31T21:31:48.860-0300] {processor.py:161} INFO - Started process (PID=42181) to work on /home/walterg/Documentos/Data_projects/Data-Warehouse-postgres-DBT-airflow-/.venv/lib/python3.11/site-packages/airflow/example_dags/example_complex.py
[2025-05-31T21:31:48.866-0300] {processor.py:830} INFO - Processing file /home/walterg/Documentos/Data_projects/Data-Warehouse-postgres-DBT-airflow-/.venv/lib/python3.11/site-packages/airflow/example_dags/example_complex.py for tasks to queue
[2025-05-31T21:31:48.867-0300] {logging_mixin.py:188} INFO - [2025-05-31T21:31:48.866-0300] {dagbag.py:538} INFO - Filling up the DagBag from /home/walterg/Documentos/Data_projects/Data-Warehouse-postgres-DBT-airflow-/.venv/lib/python3.11/site-packages/airflow/example_dags/example_complex.py
[2025-05-31T21:31:48.875-0300] {processor.py:840} INFO - DAG(s) 'example_complex' retrieved from /home/walterg/Documentos/Data_projects/Data-Warehouse-postgres-DBT-airflow-/.venv/lib/python3.11/site-packages/airflow/example_dags/example_complex.py
[2025-05-31T21:31:48.894-0300] {logging_mixin.py:188} INFO - [2025-05-31T21:31:48.893-0300] {dag.py:3036} INFO - Sync 1 DAGs
[2025-05-31T21:31:48.902-0300] {logging_mixin.py:188} INFO - [2025-05-31T21:31:48.902-0300] {dag.py:3823} INFO - Setting next_dagrun for example_complex to None, run_after=None
[2025-05-31T21:31:48.920-0300] {processor.py:183} INFO - Processing /home/walterg/Documentos/Data_projects/Data-Warehouse-postgres-DBT-airflow-/.venv/lib/python3.11/site-packages/airflow/example_dags/example_complex.py took 0.062 seconds
[2025-05-31T21:32:51.972-0300] {processor.py:161} INFO - Started process (PID=42638) to work on /home/walterg/Documentos/Data_projects/Data-Warehouse-postgres-DBT-airflow-/.venv/lib/python3.11/site-packages/airflow/example_dags/example_complex.py
[2025-05-31T21:32:51.977-0300] {processor.py:830} INFO - Processing file /home/walterg/Documentos/Data_projects/Data-Warehouse-postgres-DBT-airflow-/.venv/lib/python3.11/site-packages/airflow/example_dags/example_complex.py for tasks to queue
[2025-05-31T21:32:51.979-0300] {logging_mixin.py:188} INFO - [2025-05-31T21:32:51.978-0300] {dagbag.py:538} INFO - Filling up the DagBag from /home/walterg/Documentos/Data_projects/Data-Warehouse-postgres-DBT-airflow-/.venv/lib/python3.11/site-packages/airflow/example_dags/example_complex.py
[2025-05-31T21:32:51.986-0300] {processor.py:840} INFO - DAG(s) 'example_complex' retrieved from /home/walterg/Documentos/Data_projects/Data-Warehouse-postgres-DBT-airflow-/.venv/lib/python3.11/site-packages/airflow/example_dags/example_complex.py
[2025-05-31T21:32:52.003-0300] {logging_mixin.py:188} INFO - [2025-05-31T21:32:52.003-0300] {dag.py:3036} INFO - Sync 1 DAGs
[2025-05-31T21:32:52.011-0300] {logging_mixin.py:188} INFO - [2025-05-31T21:32:52.011-0300] {dag.py:3823} INFO - Setting next_dagrun for example_complex to None, run_after=None
[2025-05-31T21:32:52.027-0300] {processor.py:183} INFO - Processing /home/walterg/Documentos/Data_projects/Data-Warehouse-postgres-DBT-airflow-/.venv/lib/python3.11/site-packages/airflow/example_dags/example_complex.py took 0.058 seconds
[2025-05-31T21:33:53.857-0300] {processor.py:161} INFO - Started process (PID=42911) to work on /home/walterg/Documentos/Data_projects/Data-Warehouse-postgres-DBT-airflow-/.venv/lib/python3.11/site-packages/airflow/example_dags/example_complex.py
[2025-05-31T21:33:53.862-0300] {processor.py:830} INFO - Processing file /home/walterg/Documentos/Data_projects/Data-Warehouse-postgres-DBT-airflow-/.venv/lib/python3.11/site-packages/airflow/example_dags/example_complex.py for tasks to queue
[2025-05-31T21:33:53.864-0300] {logging_mixin.py:188} INFO - [2025-05-31T21:33:53.863-0300] {dagbag.py:538} INFO - Filling up the DagBag from /home/walterg/Documentos/Data_projects/Data-Warehouse-postgres-DBT-airflow-/.venv/lib/python3.11/site-packages/airflow/example_dags/example_complex.py
[2025-05-31T21:33:53.871-0300] {processor.py:840} INFO - DAG(s) 'example_complex' retrieved from /home/walterg/Documentos/Data_projects/Data-Warehouse-postgres-DBT-airflow-/.venv/lib/python3.11/site-packages/airflow/example_dags/example_complex.py
[2025-05-31T21:33:53.888-0300] {logging_mixin.py:188} INFO - [2025-05-31T21:33:53.888-0300] {dag.py:3036} INFO - Sync 1 DAGs
[2025-05-31T21:33:53.896-0300] {logging_mixin.py:188} INFO - [2025-05-31T21:33:53.896-0300] {dag.py:3823} INFO - Setting next_dagrun for example_complex to None, run_after=None
[2025-05-31T21:33:53.913-0300] {processor.py:183} INFO - Processing /home/walterg/Documentos/Data_projects/Data-Warehouse-postgres-DBT-airflow-/.venv/lib/python3.11/site-packages/airflow/example_dags/example_complex.py took 0.058 seconds
[2025-05-31T21:34:47.542-0300] {processor.py:161} INFO - Started process (PID=43093) to work on /home/walterg/Documentos/Data_projects/Data-Warehouse-postgres-DBT-airflow-/.venv/lib/python3.11/site-packages/airflow/example_dags/example_complex.py
[2025-05-31T21:34:47.547-0300] {processor.py:830} INFO - Processing file /home/walterg/Documentos/Data_projects/Data-Warehouse-postgres-DBT-airflow-/.venv/lib/python3.11/site-packages/airflow/example_dags/example_complex.py for tasks to queue
[2025-05-31T21:34:47.548-0300] {logging_mixin.py:188} INFO - [2025-05-31T21:34:47.548-0300] {dagbag.py:538} INFO - Filling up the DagBag from /home/walterg/Documentos/Data_projects/Data-Warehouse-postgres-DBT-airflow-/.venv/lib/python3.11/site-packages/airflow/example_dags/example_complex.py
[2025-05-31T21:34:47.556-0300] {processor.py:840} INFO - DAG(s) 'example_complex' retrieved from /home/walterg/Documentos/Data_projects/Data-Warehouse-postgres-DBT-airflow-/.venv/lib/python3.11/site-packages/airflow/example_dags/example_complex.py
[2025-05-31T21:34:47.573-0300] {logging_mixin.py:188} INFO - [2025-05-31T21:34:47.573-0300] {dag.py:3036} INFO - Sync 1 DAGs
[2025-05-31T21:34:47.581-0300] {logging_mixin.py:188} INFO - [2025-05-31T21:34:47.581-0300] {dag.py:3823} INFO - Setting next_dagrun for example_complex to None, run_after=None
[2025-05-31T21:34:47.597-0300] {processor.py:183} INFO - Processing /home/walterg/Documentos/Data_projects/Data-Warehouse-postgres-DBT-airflow-/.venv/lib/python3.11/site-packages/airflow/example_dags/example_complex.py took 0.057 seconds
