[2025-05-31T21:00:12.352-0300] {processor.py:161} INFO - Started process (PID=32614) to work on /home/walterg/Documentos/Data_projects/Data-Warehouse-postgres-DBT-airflow-/.venv/lib/python3.11/site-packages/airflow/example_dags/example_setup_teardown_taskflow.py
[2025-05-31T21:00:12.353-0300] {processor.py:830} INFO - Processing file /home/walterg/Documentos/Data_projects/Data-Warehouse-postgres-DBT-airflow-/.venv/lib/python3.11/site-packages/airflow/example_dags/example_setup_teardown_taskflow.py for tasks to queue
[2025-05-31T21:00:12.353-0300] {logging_mixin.py:188} INFO - [2025-05-31T21:00:12.353-0300] {dagbag.py:538} INFO - Filling up the DagBag from /home/walterg/Documentos/Data_projects/Data-Warehouse-postgres-DBT-airflow-/.venv/lib/python3.11/site-packages/airflow/example_dags/example_setup_teardown_taskflow.py
[2025-05-31T21:00:12.361-0300] {processor.py:840} INFO - DAG(s) 'example_setup_teardown_taskflow' retrieved from /home/walterg/Documentos/Data_projects/Data-Warehouse-postgres-DBT-airflow-/.venv/lib/python3.11/site-packages/airflow/example_dags/example_setup_teardown_taskflow.py
[2025-05-31T21:00:12.375-0300] {logging_mixin.py:188} INFO - [2025-05-31T21:00:12.375-0300] {dag.py:3036} INFO - Sync 1 DAGs
[2025-05-31T21:00:12.389-0300] {logging_mixin.py:188} INFO - [2025-05-31T21:00:12.389-0300] {dag.py:3823} INFO - Setting next_dagrun for example_setup_teardown_taskflow to 2025-05-31 00:00:00+00:00, run_after=2025-06-01 00:00:00+00:00
[2025-05-31T21:00:12.410-0300] {processor.py:183} INFO - Processing /home/walterg/Documentos/Data_projects/Data-Warehouse-postgres-DBT-airflow-/.venv/lib/python3.11/site-packages/airflow/example_dags/example_setup_teardown_taskflow.py took 0.060 seconds
[2025-05-31T21:00:52.274-0300] {processor.py:161} INFO - Started process (PID=32757) to work on /home/walterg/Documentos/Data_projects/Data-Warehouse-postgres-DBT-airflow-/.venv/lib/python3.11/site-packages/airflow/example_dags/example_setup_teardown_taskflow.py
[2025-05-31T21:00:52.279-0300] {processor.py:830} INFO - Processing file /home/walterg/Documentos/Data_projects/Data-Warehouse-postgres-DBT-airflow-/.venv/lib/python3.11/site-packages/airflow/example_dags/example_setup_teardown_taskflow.py for tasks to queue
[2025-05-31T21:00:52.280-0300] {logging_mixin.py:188} INFO - [2025-05-31T21:00:52.280-0300] {dagbag.py:538} INFO - Filling up the DagBag from /home/walterg/Documentos/Data_projects/Data-Warehouse-postgres-DBT-airflow-/.venv/lib/python3.11/site-packages/airflow/example_dags/example_setup_teardown_taskflow.py
[2025-05-31T21:00:52.290-0300] {processor.py:840} INFO - DAG(s) 'example_setup_teardown_taskflow' retrieved from /home/walterg/Documentos/Data_projects/Data-Warehouse-postgres-DBT-airflow-/.venv/lib/python3.11/site-packages/airflow/example_dags/example_setup_teardown_taskflow.py
[2025-05-31T21:00:52.302-0300] {logging_mixin.py:188} INFO - [2025-05-31T21:00:52.302-0300] {dag.py:3036} INFO - Sync 1 DAGs
[2025-05-31T21:00:52.315-0300] {logging_mixin.py:188} INFO - [2025-05-31T21:00:52.314-0300] {dag.py:3823} INFO - Setting next_dagrun for example_setup_teardown_taskflow to 2025-05-31 00:00:00+00:00, run_after=2025-06-01 00:00:00+00:00
[2025-05-31T21:00:52.330-0300] {processor.py:183} INFO - Processing /home/walterg/Documentos/Data_projects/Data-Warehouse-postgres-DBT-airflow-/.venv/lib/python3.11/site-packages/airflow/example_dags/example_setup_teardown_taskflow.py took 0.059 seconds
[2025-05-31T21:01:34.687-0300] {processor.py:161} INFO - Started process (PID=33023) to work on /home/walterg/Documentos/Data_projects/Data-Warehouse-postgres-DBT-airflow-/.venv/lib/python3.11/site-packages/airflow/example_dags/example_setup_teardown_taskflow.py
[2025-05-31T21:01:34.693-0300] {processor.py:830} INFO - Processing file /home/walterg/Documentos/Data_projects/Data-Warehouse-postgres-DBT-airflow-/.venv/lib/python3.11/site-packages/airflow/example_dags/example_setup_teardown_taskflow.py for tasks to queue
[2025-05-31T21:01:34.694-0300] {logging_mixin.py:188} INFO - [2025-05-31T21:01:34.693-0300] {dagbag.py:538} INFO - Filling up the DagBag from /home/walterg/Documentos/Data_projects/Data-Warehouse-postgres-DBT-airflow-/.venv/lib/python3.11/site-packages/airflow/example_dags/example_setup_teardown_taskflow.py
[2025-05-31T21:01:34.702-0300] {processor.py:840} INFO - DAG(s) 'example_setup_teardown_taskflow' retrieved from /home/walterg/Documentos/Data_projects/Data-Warehouse-postgres-DBT-airflow-/.venv/lib/python3.11/site-packages/airflow/example_dags/example_setup_teardown_taskflow.py
[2025-05-31T21:01:34.714-0300] {logging_mixin.py:188} INFO - [2025-05-31T21:01:34.714-0300] {dag.py:3036} INFO - Sync 1 DAGs
[2025-05-31T21:01:34.727-0300] {logging_mixin.py:188} INFO - [2025-05-31T21:01:34.726-0300] {dag.py:3823} INFO - Setting next_dagrun for example_setup_teardown_taskflow to 2025-05-31 00:00:00+00:00, run_after=2025-06-01 00:00:00+00:00
[2025-05-31T21:01:34.742-0300] {processor.py:183} INFO - Processing /home/walterg/Documentos/Data_projects/Data-Warehouse-postgres-DBT-airflow-/.venv/lib/python3.11/site-packages/airflow/example_dags/example_setup_teardown_taskflow.py took 0.057 seconds
[2025-05-31T21:02:17.752-0300] {processor.py:161} INFO - Started process (PID=33310) to work on /home/walterg/Documentos/Data_projects/Data-Warehouse-postgres-DBT-airflow-/.venv/lib/python3.11/site-packages/airflow/example_dags/example_setup_teardown_taskflow.py
[2025-05-31T21:02:17.757-0300] {processor.py:830} INFO - Processing file /home/walterg/Documentos/Data_projects/Data-Warehouse-postgres-DBT-airflow-/.venv/lib/python3.11/site-packages/airflow/example_dags/example_setup_teardown_taskflow.py for tasks to queue
[2025-05-31T21:02:17.758-0300] {logging_mixin.py:188} INFO - [2025-05-31T21:02:17.758-0300] {dagbag.py:538} INFO - Filling up the DagBag from /home/walterg/Documentos/Data_projects/Data-Warehouse-postgres-DBT-airflow-/.venv/lib/python3.11/site-packages/airflow/example_dags/example_setup_teardown_taskflow.py
[2025-05-31T21:02:17.767-0300] {processor.py:840} INFO - DAG(s) 'example_setup_teardown_taskflow' retrieved from /home/walterg/Documentos/Data_projects/Data-Warehouse-postgres-DBT-airflow-/.venv/lib/python3.11/site-packages/airflow/example_dags/example_setup_teardown_taskflow.py
[2025-05-31T21:02:17.780-0300] {logging_mixin.py:188} INFO - [2025-05-31T21:02:17.779-0300] {dag.py:3036} INFO - Sync 1 DAGs
[2025-05-31T21:02:17.794-0300] {logging_mixin.py:188} INFO - [2025-05-31T21:02:17.793-0300] {dag.py:3823} INFO - Setting next_dagrun for example_setup_teardown_taskflow to 2025-05-31 00:00:00+00:00, run_after=2025-06-01 00:00:00+00:00
[2025-05-31T21:02:17.810-0300] {processor.py:183} INFO - Processing /home/walterg/Documentos/Data_projects/Data-Warehouse-postgres-DBT-airflow-/.venv/lib/python3.11/site-packages/airflow/example_dags/example_setup_teardown_taskflow.py took 0.060 seconds
[2025-05-31T21:03:06.864-0300] {processor.py:161} INFO - Started process (PID=33495) to work on /home/walterg/Documentos/Data_projects/Data-Warehouse-postgres-DBT-airflow-/.venv/lib/python3.11/site-packages/airflow/example_dags/example_setup_teardown_taskflow.py
[2025-05-31T21:03:06.865-0300] {processor.py:830} INFO - Processing file /home/walterg/Documentos/Data_projects/Data-Warehouse-postgres-DBT-airflow-/.venv/lib/python3.11/site-packages/airflow/example_dags/example_setup_teardown_taskflow.py for tasks to queue
[2025-05-31T21:03:06.866-0300] {logging_mixin.py:188} INFO - [2025-05-31T21:03:06.866-0300] {dagbag.py:538} INFO - Filling up the DagBag from /home/walterg/Documentos/Data_projects/Data-Warehouse-postgres-DBT-airflow-/.venv/lib/python3.11/site-packages/airflow/example_dags/example_setup_teardown_taskflow.py
[2025-05-31T21:03:06.874-0300] {processor.py:840} INFO - DAG(s) 'example_setup_teardown_taskflow' retrieved from /home/walterg/Documentos/Data_projects/Data-Warehouse-postgres-DBT-airflow-/.venv/lib/python3.11/site-packages/airflow/example_dags/example_setup_teardown_taskflow.py
[2025-05-31T21:03:06.887-0300] {logging_mixin.py:188} INFO - [2025-05-31T21:03:06.886-0300] {dag.py:3036} INFO - Sync 1 DAGs
[2025-05-31T21:03:06.899-0300] {logging_mixin.py:188} INFO - [2025-05-31T21:03:06.899-0300] {dag.py:3823} INFO - Setting next_dagrun for example_setup_teardown_taskflow to 2025-05-31 00:00:00+00:00, run_after=2025-06-01 00:00:00+00:00
[2025-05-31T21:03:06.917-0300] {processor.py:183} INFO - Processing /home/walterg/Documentos/Data_projects/Data-Warehouse-postgres-DBT-airflow-/.venv/lib/python3.11/site-packages/airflow/example_dags/example_setup_teardown_taskflow.py took 0.055 seconds
[2025-05-31T21:03:46.908-0300] {processor.py:161} INFO - Started process (PID=33693) to work on /home/walterg/Documentos/Data_projects/Data-Warehouse-postgres-DBT-airflow-/.venv/lib/python3.11/site-packages/airflow/example_dags/example_setup_teardown_taskflow.py
[2025-05-31T21:03:46.913-0300] {processor.py:830} INFO - Processing file /home/walterg/Documentos/Data_projects/Data-Warehouse-postgres-DBT-airflow-/.venv/lib/python3.11/site-packages/airflow/example_dags/example_setup_teardown_taskflow.py for tasks to queue
[2025-05-31T21:03:46.913-0300] {logging_mixin.py:188} INFO - [2025-05-31T21:03:46.913-0300] {dagbag.py:538} INFO - Filling up the DagBag from /home/walterg/Documentos/Data_projects/Data-Warehouse-postgres-DBT-airflow-/.venv/lib/python3.11/site-packages/airflow/example_dags/example_setup_teardown_taskflow.py
[2025-05-31T21:03:46.922-0300] {processor.py:840} INFO - DAG(s) 'example_setup_teardown_taskflow' retrieved from /home/walterg/Documentos/Data_projects/Data-Warehouse-postgres-DBT-airflow-/.venv/lib/python3.11/site-packages/airflow/example_dags/example_setup_teardown_taskflow.py
[2025-05-31T21:03:46.936-0300] {logging_mixin.py:188} INFO - [2025-05-31T21:03:46.935-0300] {dag.py:3036} INFO - Sync 1 DAGs
[2025-05-31T21:03:46.951-0300] {logging_mixin.py:188} INFO - [2025-05-31T21:03:46.951-0300] {dag.py:3823} INFO - Setting next_dagrun for example_setup_teardown_taskflow to 2025-05-31 00:00:00+00:00, run_after=2025-06-01 00:00:00+00:00
[2025-05-31T21:03:46.969-0300] {processor.py:183} INFO - Processing /home/walterg/Documentos/Data_projects/Data-Warehouse-postgres-DBT-airflow-/.venv/lib/python3.11/site-packages/airflow/example_dags/example_setup_teardown_taskflow.py took 0.064 seconds
[2025-05-31T21:04:26.878-0300] {processor.py:161} INFO - Started process (PID=33849) to work on /home/walterg/Documentos/Data_projects/Data-Warehouse-postgres-DBT-airflow-/.venv/lib/python3.11/site-packages/airflow/example_dags/example_setup_teardown_taskflow.py
[2025-05-31T21:04:26.882-0300] {processor.py:830} INFO - Processing file /home/walterg/Documentos/Data_projects/Data-Warehouse-postgres-DBT-airflow-/.venv/lib/python3.11/site-packages/airflow/example_dags/example_setup_teardown_taskflow.py for tasks to queue
[2025-05-31T21:04:26.883-0300] {logging_mixin.py:188} INFO - [2025-05-31T21:04:26.883-0300] {dagbag.py:538} INFO - Filling up the DagBag from /home/walterg/Documentos/Data_projects/Data-Warehouse-postgres-DBT-airflow-/.venv/lib/python3.11/site-packages/airflow/example_dags/example_setup_teardown_taskflow.py
[2025-05-31T21:04:26.891-0300] {processor.py:840} INFO - DAG(s) 'example_setup_teardown_taskflow' retrieved from /home/walterg/Documentos/Data_projects/Data-Warehouse-postgres-DBT-airflow-/.venv/lib/python3.11/site-packages/airflow/example_dags/example_setup_teardown_taskflow.py
[2025-05-31T21:04:26.904-0300] {logging_mixin.py:188} INFO - [2025-05-31T21:04:26.904-0300] {dag.py:3036} INFO - Sync 1 DAGs
[2025-05-31T21:04:26.918-0300] {logging_mixin.py:188} INFO - [2025-05-31T21:04:26.918-0300] {dag.py:3823} INFO - Setting next_dagrun for example_setup_teardown_taskflow to 2025-05-31 00:00:00+00:00, run_after=2025-06-01 00:00:00+00:00
[2025-05-31T21:04:26.935-0300] {processor.py:183} INFO - Processing /home/walterg/Documentos/Data_projects/Data-Warehouse-postgres-DBT-airflow-/.venv/lib/python3.11/site-packages/airflow/example_dags/example_setup_teardown_taskflow.py took 0.060 seconds
[2025-05-31T21:05:12.055-0300] {processor.py:161} INFO - Started process (PID=34074) to work on /home/walterg/Documentos/Data_projects/Data-Warehouse-postgres-DBT-airflow-/.venv/lib/python3.11/site-packages/airflow/example_dags/example_setup_teardown_taskflow.py
[2025-05-31T21:05:12.060-0300] {processor.py:830} INFO - Processing file /home/walterg/Documentos/Data_projects/Data-Warehouse-postgres-DBT-airflow-/.venv/lib/python3.11/site-packages/airflow/example_dags/example_setup_teardown_taskflow.py for tasks to queue
[2025-05-31T21:05:12.061-0300] {logging_mixin.py:188} INFO - [2025-05-31T21:05:12.061-0300] {dagbag.py:538} INFO - Filling up the DagBag from /home/walterg/Documentos/Data_projects/Data-Warehouse-postgres-DBT-airflow-/.venv/lib/python3.11/site-packages/airflow/example_dags/example_setup_teardown_taskflow.py
[2025-05-31T21:05:12.069-0300] {processor.py:840} INFO - DAG(s) 'example_setup_teardown_taskflow' retrieved from /home/walterg/Documentos/Data_projects/Data-Warehouse-postgres-DBT-airflow-/.venv/lib/python3.11/site-packages/airflow/example_dags/example_setup_teardown_taskflow.py
[2025-05-31T21:05:12.082-0300] {logging_mixin.py:188} INFO - [2025-05-31T21:05:12.082-0300] {dag.py:3036} INFO - Sync 1 DAGs
[2025-05-31T21:05:12.095-0300] {logging_mixin.py:188} INFO - [2025-05-31T21:05:12.095-0300] {dag.py:3823} INFO - Setting next_dagrun for example_setup_teardown_taskflow to 2025-05-31 00:00:00+00:00, run_after=2025-06-01 00:00:00+00:00
[2025-05-31T21:05:12.111-0300] {processor.py:183} INFO - Processing /home/walterg/Documentos/Data_projects/Data-Warehouse-postgres-DBT-airflow-/.venv/lib/python3.11/site-packages/airflow/example_dags/example_setup_teardown_taskflow.py took 0.059 seconds
[2025-05-31T21:05:55.363-0300] {processor.py:161} INFO - Started process (PID=34280) to work on /home/walterg/Documentos/Data_projects/Data-Warehouse-postgres-DBT-airflow-/.venv/lib/python3.11/site-packages/airflow/example_dags/example_setup_teardown_taskflow.py
[2025-05-31T21:05:55.368-0300] {processor.py:830} INFO - Processing file /home/walterg/Documentos/Data_projects/Data-Warehouse-postgres-DBT-airflow-/.venv/lib/python3.11/site-packages/airflow/example_dags/example_setup_teardown_taskflow.py for tasks to queue
[2025-05-31T21:05:55.370-0300] {logging_mixin.py:188} INFO - [2025-05-31T21:05:55.369-0300] {dagbag.py:538} INFO - Filling up the DagBag from /home/walterg/Documentos/Data_projects/Data-Warehouse-postgres-DBT-airflow-/.venv/lib/python3.11/site-packages/airflow/example_dags/example_setup_teardown_taskflow.py
[2025-05-31T21:05:55.378-0300] {processor.py:840} INFO - DAG(s) 'example_setup_teardown_taskflow' retrieved from /home/walterg/Documentos/Data_projects/Data-Warehouse-postgres-DBT-airflow-/.venv/lib/python3.11/site-packages/airflow/example_dags/example_setup_teardown_taskflow.py
[2025-05-31T21:05:55.390-0300] {logging_mixin.py:188} INFO - [2025-05-31T21:05:55.390-0300] {dag.py:3036} INFO - Sync 1 DAGs
[2025-05-31T21:05:55.403-0300] {logging_mixin.py:188} INFO - [2025-05-31T21:05:55.403-0300] {dag.py:3823} INFO - Setting next_dagrun for example_setup_teardown_taskflow to 2025-05-31 00:00:00+00:00, run_after=2025-06-01 00:00:00+00:00
[2025-05-31T21:05:55.420-0300] {processor.py:183} INFO - Processing /home/walterg/Documentos/Data_projects/Data-Warehouse-postgres-DBT-airflow-/.venv/lib/python3.11/site-packages/airflow/example_dags/example_setup_teardown_taskflow.py took 0.059 seconds
[2025-05-31T21:06:37.814-0300] {processor.py:161} INFO - Started process (PID=34564) to work on /home/walterg/Documentos/Data_projects/Data-Warehouse-postgres-DBT-airflow-/.venv/lib/python3.11/site-packages/airflow/example_dags/example_setup_teardown_taskflow.py
[2025-05-31T21:06:37.819-0300] {processor.py:830} INFO - Processing file /home/walterg/Documentos/Data_projects/Data-Warehouse-postgres-DBT-airflow-/.venv/lib/python3.11/site-packages/airflow/example_dags/example_setup_teardown_taskflow.py for tasks to queue
[2025-05-31T21:06:37.821-0300] {logging_mixin.py:188} INFO - [2025-05-31T21:06:37.820-0300] {dagbag.py:538} INFO - Filling up the DagBag from /home/walterg/Documentos/Data_projects/Data-Warehouse-postgres-DBT-airflow-/.venv/lib/python3.11/site-packages/airflow/example_dags/example_setup_teardown_taskflow.py
[2025-05-31T21:06:37.828-0300] {processor.py:840} INFO - DAG(s) 'example_setup_teardown_taskflow' retrieved from /home/walterg/Documentos/Data_projects/Data-Warehouse-postgres-DBT-airflow-/.venv/lib/python3.11/site-packages/airflow/example_dags/example_setup_teardown_taskflow.py
[2025-05-31T21:06:37.841-0300] {logging_mixin.py:188} INFO - [2025-05-31T21:06:37.840-0300] {dag.py:3036} INFO - Sync 1 DAGs
[2025-05-31T21:06:37.853-0300] {logging_mixin.py:188} INFO - [2025-05-31T21:06:37.853-0300] {dag.py:3823} INFO - Setting next_dagrun for example_setup_teardown_taskflow to 2025-05-31 00:00:00+00:00, run_after=2025-06-01 00:00:00+00:00
[2025-05-31T21:06:37.870-0300] {processor.py:183} INFO - Processing /home/walterg/Documentos/Data_projects/Data-Warehouse-postgres-DBT-airflow-/.venv/lib/python3.11/site-packages/airflow/example_dags/example_setup_teardown_taskflow.py took 0.058 seconds
[2025-05-31T21:07:22.109-0300] {processor.py:161} INFO - Started process (PID=34810) to work on /home/walterg/Documentos/Data_projects/Data-Warehouse-postgres-DBT-airflow-/.venv/lib/python3.11/site-packages/airflow/example_dags/example_setup_teardown_taskflow.py
[2025-05-31T21:07:22.110-0300] {processor.py:830} INFO - Processing file /home/walterg/Documentos/Data_projects/Data-Warehouse-postgres-DBT-airflow-/.venv/lib/python3.11/site-packages/airflow/example_dags/example_setup_teardown_taskflow.py for tasks to queue
[2025-05-31T21:07:22.111-0300] {logging_mixin.py:188} INFO - [2025-05-31T21:07:22.111-0300] {dagbag.py:538} INFO - Filling up the DagBag from /home/walterg/Documentos/Data_projects/Data-Warehouse-postgres-DBT-airflow-/.venv/lib/python3.11/site-packages/airflow/example_dags/example_setup_teardown_taskflow.py
[2025-05-31T21:07:22.119-0300] {processor.py:840} INFO - DAG(s) 'example_setup_teardown_taskflow' retrieved from /home/walterg/Documentos/Data_projects/Data-Warehouse-postgres-DBT-airflow-/.venv/lib/python3.11/site-packages/airflow/example_dags/example_setup_teardown_taskflow.py
[2025-05-31T21:07:22.131-0300] {logging_mixin.py:188} INFO - [2025-05-31T21:07:22.131-0300] {dag.py:3036} INFO - Sync 1 DAGs
[2025-05-31T21:07:22.144-0300] {logging_mixin.py:188} INFO - [2025-05-31T21:07:22.143-0300] {dag.py:3823} INFO - Setting next_dagrun for example_setup_teardown_taskflow to 2025-05-31 00:00:00+00:00, run_after=2025-06-01 00:00:00+00:00
[2025-05-31T21:07:22.160-0300] {processor.py:183} INFO - Processing /home/walterg/Documentos/Data_projects/Data-Warehouse-postgres-DBT-airflow-/.venv/lib/python3.11/site-packages/airflow/example_dags/example_setup_teardown_taskflow.py took 0.053 seconds
[2025-05-31T21:08:08.095-0300] {processor.py:161} INFO - Started process (PID=35011) to work on /home/walterg/Documentos/Data_projects/Data-Warehouse-postgres-DBT-airflow-/.venv/lib/python3.11/site-packages/airflow/example_dags/example_setup_teardown_taskflow.py
[2025-05-31T21:08:08.100-0300] {processor.py:830} INFO - Processing file /home/walterg/Documentos/Data_projects/Data-Warehouse-postgres-DBT-airflow-/.venv/lib/python3.11/site-packages/airflow/example_dags/example_setup_teardown_taskflow.py for tasks to queue
[2025-05-31T21:08:08.102-0300] {logging_mixin.py:188} INFO - [2025-05-31T21:08:08.101-0300] {dagbag.py:538} INFO - Filling up the DagBag from /home/walterg/Documentos/Data_projects/Data-Warehouse-postgres-DBT-airflow-/.venv/lib/python3.11/site-packages/airflow/example_dags/example_setup_teardown_taskflow.py
[2025-05-31T21:08:08.110-0300] {processor.py:840} INFO - DAG(s) 'example_setup_teardown_taskflow' retrieved from /home/walterg/Documentos/Data_projects/Data-Warehouse-postgres-DBT-airflow-/.venv/lib/python3.11/site-packages/airflow/example_dags/example_setup_teardown_taskflow.py
[2025-05-31T21:08:08.122-0300] {logging_mixin.py:188} INFO - [2025-05-31T21:08:08.122-0300] {dag.py:3036} INFO - Sync 1 DAGs
[2025-05-31T21:08:08.137-0300] {logging_mixin.py:188} INFO - [2025-05-31T21:08:08.137-0300] {dag.py:3823} INFO - Setting next_dagrun for example_setup_teardown_taskflow to 2025-05-31 00:00:00+00:00, run_after=2025-06-01 00:00:00+00:00
[2025-05-31T21:08:08.157-0300] {processor.py:183} INFO - Processing /home/walterg/Documentos/Data_projects/Data-Warehouse-postgres-DBT-airflow-/.venv/lib/python3.11/site-packages/airflow/example_dags/example_setup_teardown_taskflow.py took 0.064 seconds
[2025-05-31T21:08:49.055-0300] {processor.py:161} INFO - Started process (PID=35231) to work on /home/walterg/Documentos/Data_projects/Data-Warehouse-postgres-DBT-airflow-/.venv/lib/python3.11/site-packages/airflow/example_dags/example_setup_teardown_taskflow.py
[2025-05-31T21:08:49.060-0300] {processor.py:830} INFO - Processing file /home/walterg/Documentos/Data_projects/Data-Warehouse-postgres-DBT-airflow-/.venv/lib/python3.11/site-packages/airflow/example_dags/example_setup_teardown_taskflow.py for tasks to queue
[2025-05-31T21:08:49.061-0300] {logging_mixin.py:188} INFO - [2025-05-31T21:08:49.061-0300] {dagbag.py:538} INFO - Filling up the DagBag from /home/walterg/Documentos/Data_projects/Data-Warehouse-postgres-DBT-airflow-/.venv/lib/python3.11/site-packages/airflow/example_dags/example_setup_teardown_taskflow.py
[2025-05-31T21:08:49.069-0300] {processor.py:840} INFO - DAG(s) 'example_setup_teardown_taskflow' retrieved from /home/walterg/Documentos/Data_projects/Data-Warehouse-postgres-DBT-airflow-/.venv/lib/python3.11/site-packages/airflow/example_dags/example_setup_teardown_taskflow.py
[2025-05-31T21:08:49.082-0300] {logging_mixin.py:188} INFO - [2025-05-31T21:08:49.081-0300] {dag.py:3036} INFO - Sync 1 DAGs
[2025-05-31T21:08:49.095-0300] {logging_mixin.py:188} INFO - [2025-05-31T21:08:49.095-0300] {dag.py:3823} INFO - Setting next_dagrun for example_setup_teardown_taskflow to 2025-05-31 00:00:00+00:00, run_after=2025-06-01 00:00:00+00:00
[2025-05-31T21:08:49.110-0300] {processor.py:183} INFO - Processing /home/walterg/Documentos/Data_projects/Data-Warehouse-postgres-DBT-airflow-/.venv/lib/python3.11/site-packages/airflow/example_dags/example_setup_teardown_taskflow.py took 0.058 seconds
[2025-05-31T21:09:49.325-0300] {processor.py:161} INFO - Started process (PID=35500) to work on /home/walterg/Documentos/Data_projects/Data-Warehouse-postgres-DBT-airflow-/.venv/lib/python3.11/site-packages/airflow/example_dags/example_setup_teardown_taskflow.py
[2025-05-31T21:09:49.330-0300] {processor.py:830} INFO - Processing file /home/walterg/Documentos/Data_projects/Data-Warehouse-postgres-DBT-airflow-/.venv/lib/python3.11/site-packages/airflow/example_dags/example_setup_teardown_taskflow.py for tasks to queue
[2025-05-31T21:09:49.331-0300] {logging_mixin.py:188} INFO - [2025-05-31T21:09:49.330-0300] {dagbag.py:538} INFO - Filling up the DagBag from /home/walterg/Documentos/Data_projects/Data-Warehouse-postgres-DBT-airflow-/.venv/lib/python3.11/site-packages/airflow/example_dags/example_setup_teardown_taskflow.py
[2025-05-31T21:09:49.340-0300] {processor.py:840} INFO - DAG(s) 'example_setup_teardown_taskflow' retrieved from /home/walterg/Documentos/Data_projects/Data-Warehouse-postgres-DBT-airflow-/.venv/lib/python3.11/site-packages/airflow/example_dags/example_setup_teardown_taskflow.py
[2025-05-31T21:09:49.352-0300] {logging_mixin.py:188} INFO - [2025-05-31T21:09:49.352-0300] {dag.py:3036} INFO - Sync 1 DAGs
[2025-05-31T21:09:49.365-0300] {logging_mixin.py:188} INFO - [2025-05-31T21:09:49.365-0300] {dag.py:3823} INFO - Setting next_dagrun for example_setup_teardown_taskflow to 2025-05-31 00:00:00+00:00, run_after=2025-06-01 00:00:00+00:00
[2025-05-31T21:09:49.382-0300] {processor.py:183} INFO - Processing /home/walterg/Documentos/Data_projects/Data-Warehouse-postgres-DBT-airflow-/.venv/lib/python3.11/site-packages/airflow/example_dags/example_setup_teardown_taskflow.py took 0.059 seconds
[2025-05-31T21:10:33.284-0300] {processor.py:161} INFO - Started process (PID=35776) to work on /home/walterg/Documentos/Data_projects/Data-Warehouse-postgres-DBT-airflow-/.venv/lib/python3.11/site-packages/airflow/example_dags/example_setup_teardown_taskflow.py
[2025-05-31T21:10:33.290-0300] {processor.py:830} INFO - Processing file /home/walterg/Documentos/Data_projects/Data-Warehouse-postgres-DBT-airflow-/.venv/lib/python3.11/site-packages/airflow/example_dags/example_setup_teardown_taskflow.py for tasks to queue
[2025-05-31T21:10:33.291-0300] {logging_mixin.py:188} INFO - [2025-05-31T21:10:33.291-0300] {dagbag.py:538} INFO - Filling up the DagBag from /home/walterg/Documentos/Data_projects/Data-Warehouse-postgres-DBT-airflow-/.venv/lib/python3.11/site-packages/airflow/example_dags/example_setup_teardown_taskflow.py
[2025-05-31T21:10:33.300-0300] {processor.py:840} INFO - DAG(s) 'example_setup_teardown_taskflow' retrieved from /home/walterg/Documentos/Data_projects/Data-Warehouse-postgres-DBT-airflow-/.venv/lib/python3.11/site-packages/airflow/example_dags/example_setup_teardown_taskflow.py
[2025-05-31T21:10:33.313-0300] {logging_mixin.py:188} INFO - [2025-05-31T21:10:33.313-0300] {dag.py:3036} INFO - Sync 1 DAGs
[2025-05-31T21:10:33.328-0300] {logging_mixin.py:188} INFO - [2025-05-31T21:10:33.328-0300] {dag.py:3823} INFO - Setting next_dagrun for example_setup_teardown_taskflow to 2025-05-31 00:00:00+00:00, run_after=2025-06-01 00:00:00+00:00
[2025-05-31T21:10:33.346-0300] {processor.py:183} INFO - Processing /home/walterg/Documentos/Data_projects/Data-Warehouse-postgres-DBT-airflow-/.venv/lib/python3.11/site-packages/airflow/example_dags/example_setup_teardown_taskflow.py took 0.065 seconds
[2025-05-31T21:11:14.800-0300] {processor.py:161} INFO - Started process (PID=36008) to work on /home/walterg/Documentos/Data_projects/Data-Warehouse-postgres-DBT-airflow-/.venv/lib/python3.11/site-packages/airflow/example_dags/example_setup_teardown_taskflow.py
[2025-05-31T21:11:14.805-0300] {processor.py:830} INFO - Processing file /home/walterg/Documentos/Data_projects/Data-Warehouse-postgres-DBT-airflow-/.venv/lib/python3.11/site-packages/airflow/example_dags/example_setup_teardown_taskflow.py for tasks to queue
[2025-05-31T21:11:14.806-0300] {logging_mixin.py:188} INFO - [2025-05-31T21:11:14.806-0300] {dagbag.py:538} INFO - Filling up the DagBag from /home/walterg/Documentos/Data_projects/Data-Warehouse-postgres-DBT-airflow-/.venv/lib/python3.11/site-packages/airflow/example_dags/example_setup_teardown_taskflow.py
[2025-05-31T21:11:14.816-0300] {processor.py:840} INFO - DAG(s) 'example_setup_teardown_taskflow' retrieved from /home/walterg/Documentos/Data_projects/Data-Warehouse-postgres-DBT-airflow-/.venv/lib/python3.11/site-packages/airflow/example_dags/example_setup_teardown_taskflow.py
[2025-05-31T21:11:14.830-0300] {logging_mixin.py:188} INFO - [2025-05-31T21:11:14.830-0300] {dag.py:3036} INFO - Sync 1 DAGs
[2025-05-31T21:11:14.847-0300] {logging_mixin.py:188} INFO - [2025-05-31T21:11:14.847-0300] {dag.py:3823} INFO - Setting next_dagrun for example_setup_teardown_taskflow to 2025-05-31 00:00:00+00:00, run_after=2025-06-01 00:00:00+00:00
[2025-05-31T21:11:14.870-0300] {processor.py:183} INFO - Processing /home/walterg/Documentos/Data_projects/Data-Warehouse-postgres-DBT-airflow-/.venv/lib/python3.11/site-packages/airflow/example_dags/example_setup_teardown_taskflow.py took 0.072 seconds
[2025-05-31T21:11:57.565-0300] {processor.py:161} INFO - Started process (PID=36159) to work on /home/walterg/Documentos/Data_projects/Data-Warehouse-postgres-DBT-airflow-/.venv/lib/python3.11/site-packages/airflow/example_dags/example_setup_teardown_taskflow.py
[2025-05-31T21:11:57.566-0300] {processor.py:830} INFO - Processing file /home/walterg/Documentos/Data_projects/Data-Warehouse-postgres-DBT-airflow-/.venv/lib/python3.11/site-packages/airflow/example_dags/example_setup_teardown_taskflow.py for tasks to queue
[2025-05-31T21:11:57.567-0300] {logging_mixin.py:188} INFO - [2025-05-31T21:11:57.566-0300] {dagbag.py:538} INFO - Filling up the DagBag from /home/walterg/Documentos/Data_projects/Data-Warehouse-postgres-DBT-airflow-/.venv/lib/python3.11/site-packages/airflow/example_dags/example_setup_teardown_taskflow.py
[2025-05-31T21:11:57.575-0300] {processor.py:840} INFO - DAG(s) 'example_setup_teardown_taskflow' retrieved from /home/walterg/Documentos/Data_projects/Data-Warehouse-postgres-DBT-airflow-/.venv/lib/python3.11/site-packages/airflow/example_dags/example_setup_teardown_taskflow.py
[2025-05-31T21:11:57.587-0300] {logging_mixin.py:188} INFO - [2025-05-31T21:11:57.587-0300] {dag.py:3036} INFO - Sync 1 DAGs
[2025-05-31T21:11:57.600-0300] {logging_mixin.py:188} INFO - [2025-05-31T21:11:57.599-0300] {dag.py:3823} INFO - Setting next_dagrun for example_setup_teardown_taskflow to 2025-05-31 00:00:00+00:00, run_after=2025-06-01 00:00:00+00:00
[2025-05-31T21:11:57.616-0300] {processor.py:183} INFO - Processing /home/walterg/Documentos/Data_projects/Data-Warehouse-postgres-DBT-airflow-/.venv/lib/python3.11/site-packages/airflow/example_dags/example_setup_teardown_taskflow.py took 0.054 seconds
[2025-05-31T21:12:43.116-0300] {processor.py:161} INFO - Started process (PID=36384) to work on /home/walterg/Documentos/Data_projects/Data-Warehouse-postgres-DBT-airflow-/.venv/lib/python3.11/site-packages/airflow/example_dags/example_setup_teardown_taskflow.py
[2025-05-31T21:12:43.121-0300] {processor.py:830} INFO - Processing file /home/walterg/Documentos/Data_projects/Data-Warehouse-postgres-DBT-airflow-/.venv/lib/python3.11/site-packages/airflow/example_dags/example_setup_teardown_taskflow.py for tasks to queue
[2025-05-31T21:12:43.122-0300] {logging_mixin.py:188} INFO - [2025-05-31T21:12:43.121-0300] {dagbag.py:538} INFO - Filling up the DagBag from /home/walterg/Documentos/Data_projects/Data-Warehouse-postgres-DBT-airflow-/.venv/lib/python3.11/site-packages/airflow/example_dags/example_setup_teardown_taskflow.py
[2025-05-31T21:12:43.130-0300] {processor.py:840} INFO - DAG(s) 'example_setup_teardown_taskflow' retrieved from /home/walterg/Documentos/Data_projects/Data-Warehouse-postgres-DBT-airflow-/.venv/lib/python3.11/site-packages/airflow/example_dags/example_setup_teardown_taskflow.py
[2025-05-31T21:12:43.143-0300] {logging_mixin.py:188} INFO - [2025-05-31T21:12:43.143-0300] {dag.py:3036} INFO - Sync 1 DAGs
[2025-05-31T21:12:43.156-0300] {logging_mixin.py:188} INFO - [2025-05-31T21:12:43.156-0300] {dag.py:3823} INFO - Setting next_dagrun for example_setup_teardown_taskflow to 2025-05-31 00:00:00+00:00, run_after=2025-06-01 00:00:00+00:00
[2025-05-31T21:12:43.173-0300] {processor.py:183} INFO - Processing /home/walterg/Documentos/Data_projects/Data-Warehouse-postgres-DBT-airflow-/.venv/lib/python3.11/site-packages/airflow/example_dags/example_setup_teardown_taskflow.py took 0.059 seconds
[2025-05-31T21:13:23.358-0300] {processor.py:161} INFO - Started process (PID=36548) to work on /home/walterg/Documentos/Data_projects/Data-Warehouse-postgres-DBT-airflow-/.venv/lib/python3.11/site-packages/airflow/example_dags/example_setup_teardown_taskflow.py
[2025-05-31T21:13:23.363-0300] {processor.py:830} INFO - Processing file /home/walterg/Documentos/Data_projects/Data-Warehouse-postgres-DBT-airflow-/.venv/lib/python3.11/site-packages/airflow/example_dags/example_setup_teardown_taskflow.py for tasks to queue
[2025-05-31T21:13:23.364-0300] {logging_mixin.py:188} INFO - [2025-05-31T21:13:23.363-0300] {dagbag.py:538} INFO - Filling up the DagBag from /home/walterg/Documentos/Data_projects/Data-Warehouse-postgres-DBT-airflow-/.venv/lib/python3.11/site-packages/airflow/example_dags/example_setup_teardown_taskflow.py
[2025-05-31T21:13:23.373-0300] {processor.py:840} INFO - DAG(s) 'example_setup_teardown_taskflow' retrieved from /home/walterg/Documentos/Data_projects/Data-Warehouse-postgres-DBT-airflow-/.venv/lib/python3.11/site-packages/airflow/example_dags/example_setup_teardown_taskflow.py
[2025-05-31T21:13:23.385-0300] {logging_mixin.py:188} INFO - [2025-05-31T21:13:23.384-0300] {dag.py:3036} INFO - Sync 1 DAGs
[2025-05-31T21:13:23.397-0300] {logging_mixin.py:188} INFO - [2025-05-31T21:13:23.397-0300] {dag.py:3823} INFO - Setting next_dagrun for example_setup_teardown_taskflow to 2025-05-31 00:00:00+00:00, run_after=2025-06-01 00:00:00+00:00
[2025-05-31T21:13:23.414-0300] {processor.py:183} INFO - Processing /home/walterg/Documentos/Data_projects/Data-Warehouse-postgres-DBT-airflow-/.venv/lib/python3.11/site-packages/airflow/example_dags/example_setup_teardown_taskflow.py took 0.059 seconds
[2025-05-31T21:14:10.345-0300] {processor.py:161} INFO - Started process (PID=36805) to work on /home/walterg/Documentos/Data_projects/Data-Warehouse-postgres-DBT-airflow-/.venv/lib/python3.11/site-packages/airflow/example_dags/example_setup_teardown_taskflow.py
[2025-05-31T21:14:10.349-0300] {processor.py:830} INFO - Processing file /home/walterg/Documentos/Data_projects/Data-Warehouse-postgres-DBT-airflow-/.venv/lib/python3.11/site-packages/airflow/example_dags/example_setup_teardown_taskflow.py for tasks to queue
[2025-05-31T21:14:10.350-0300] {logging_mixin.py:188} INFO - [2025-05-31T21:14:10.350-0300] {dagbag.py:538} INFO - Filling up the DagBag from /home/walterg/Documentos/Data_projects/Data-Warehouse-postgres-DBT-airflow-/.venv/lib/python3.11/site-packages/airflow/example_dags/example_setup_teardown_taskflow.py
[2025-05-31T21:14:10.359-0300] {processor.py:840} INFO - DAG(s) 'example_setup_teardown_taskflow' retrieved from /home/walterg/Documentos/Data_projects/Data-Warehouse-postgres-DBT-airflow-/.venv/lib/python3.11/site-packages/airflow/example_dags/example_setup_teardown_taskflow.py
[2025-05-31T21:14:10.372-0300] {logging_mixin.py:188} INFO - [2025-05-31T21:14:10.372-0300] {dag.py:3036} INFO - Sync 1 DAGs
[2025-05-31T21:14:10.385-0300] {logging_mixin.py:188} INFO - [2025-05-31T21:14:10.385-0300] {dag.py:3823} INFO - Setting next_dagrun for example_setup_teardown_taskflow to 2025-05-31 00:00:00+00:00, run_after=2025-06-01 00:00:00+00:00
[2025-05-31T21:14:10.403-0300] {processor.py:183} INFO - Processing /home/walterg/Documentos/Data_projects/Data-Warehouse-postgres-DBT-airflow-/.venv/lib/python3.11/site-packages/airflow/example_dags/example_setup_teardown_taskflow.py took 0.061 seconds
[2025-05-31T21:14:51.254-0300] {processor.py:161} INFO - Started process (PID=36940) to work on /home/walterg/Documentos/Data_projects/Data-Warehouse-postgres-DBT-airflow-/.venv/lib/python3.11/site-packages/airflow/example_dags/example_setup_teardown_taskflow.py
[2025-05-31T21:14:51.259-0300] {processor.py:830} INFO - Processing file /home/walterg/Documentos/Data_projects/Data-Warehouse-postgres-DBT-airflow-/.venv/lib/python3.11/site-packages/airflow/example_dags/example_setup_teardown_taskflow.py for tasks to queue
[2025-05-31T21:14:51.260-0300] {logging_mixin.py:188} INFO - [2025-05-31T21:14:51.260-0300] {dagbag.py:538} INFO - Filling up the DagBag from /home/walterg/Documentos/Data_projects/Data-Warehouse-postgres-DBT-airflow-/.venv/lib/python3.11/site-packages/airflow/example_dags/example_setup_teardown_taskflow.py
[2025-05-31T21:14:51.268-0300] {processor.py:840} INFO - DAG(s) 'example_setup_teardown_taskflow' retrieved from /home/walterg/Documentos/Data_projects/Data-Warehouse-postgres-DBT-airflow-/.venv/lib/python3.11/site-packages/airflow/example_dags/example_setup_teardown_taskflow.py
[2025-05-31T21:14:51.280-0300] {logging_mixin.py:188} INFO - [2025-05-31T21:14:51.280-0300] {dag.py:3036} INFO - Sync 1 DAGs
[2025-05-31T21:14:51.294-0300] {logging_mixin.py:188} INFO - [2025-05-31T21:14:51.294-0300] {dag.py:3823} INFO - Setting next_dagrun for example_setup_teardown_taskflow to 2025-05-31 00:00:00+00:00, run_after=2025-06-01 00:00:00+00:00
[2025-05-31T21:14:51.310-0300] {processor.py:183} INFO - Processing /home/walterg/Documentos/Data_projects/Data-Warehouse-postgres-DBT-airflow-/.venv/lib/python3.11/site-packages/airflow/example_dags/example_setup_teardown_taskflow.py took 0.058 seconds
[2025-05-31T21:15:48.128-0300] {processor.py:161} INFO - Started process (PID=37317) to work on /home/walterg/Documentos/Data_projects/Data-Warehouse-postgres-DBT-airflow-/.venv/lib/python3.11/site-packages/airflow/example_dags/example_setup_teardown_taskflow.py
[2025-05-31T21:15:48.133-0300] {processor.py:830} INFO - Processing file /home/walterg/Documentos/Data_projects/Data-Warehouse-postgres-DBT-airflow-/.venv/lib/python3.11/site-packages/airflow/example_dags/example_setup_teardown_taskflow.py for tasks to queue
[2025-05-31T21:15:48.135-0300] {logging_mixin.py:188} INFO - [2025-05-31T21:15:48.134-0300] {dagbag.py:538} INFO - Filling up the DagBag from /home/walterg/Documentos/Data_projects/Data-Warehouse-postgres-DBT-airflow-/.venv/lib/python3.11/site-packages/airflow/example_dags/example_setup_teardown_taskflow.py
[2025-05-31T21:15:48.143-0300] {processor.py:840} INFO - DAG(s) 'example_setup_teardown_taskflow' retrieved from /home/walterg/Documentos/Data_projects/Data-Warehouse-postgres-DBT-airflow-/.venv/lib/python3.11/site-packages/airflow/example_dags/example_setup_teardown_taskflow.py
[2025-05-31T21:15:48.156-0300] {logging_mixin.py:188} INFO - [2025-05-31T21:15:48.156-0300] {dag.py:3036} INFO - Sync 1 DAGs
[2025-05-31T21:15:48.169-0300] {logging_mixin.py:188} INFO - [2025-05-31T21:15:48.169-0300] {dag.py:3823} INFO - Setting next_dagrun for example_setup_teardown_taskflow to 2025-05-31 00:00:00+00:00, run_after=2025-06-01 00:00:00+00:00
[2025-05-31T21:15:48.187-0300] {processor.py:183} INFO - Processing /home/walterg/Documentos/Data_projects/Data-Warehouse-postgres-DBT-airflow-/.venv/lib/python3.11/site-packages/airflow/example_dags/example_setup_teardown_taskflow.py took 0.062 seconds
[2025-05-31T21:16:27.243-0300] {processor.py:161} INFO - Started process (PID=37614) to work on /home/walterg/Documentos/Data_projects/Data-Warehouse-postgres-DBT-airflow-/.venv/lib/python3.11/site-packages/airflow/example_dags/example_setup_teardown_taskflow.py
[2025-05-31T21:16:27.249-0300] {processor.py:830} INFO - Processing file /home/walterg/Documentos/Data_projects/Data-Warehouse-postgres-DBT-airflow-/.venv/lib/python3.11/site-packages/airflow/example_dags/example_setup_teardown_taskflow.py for tasks to queue
[2025-05-31T21:16:27.250-0300] {logging_mixin.py:188} INFO - [2025-05-31T21:16:27.249-0300] {dagbag.py:538} INFO - Filling up the DagBag from /home/walterg/Documentos/Data_projects/Data-Warehouse-postgres-DBT-airflow-/.venv/lib/python3.11/site-packages/airflow/example_dags/example_setup_teardown_taskflow.py
[2025-05-31T21:16:27.258-0300] {processor.py:840} INFO - DAG(s) 'example_setup_teardown_taskflow' retrieved from /home/walterg/Documentos/Data_projects/Data-Warehouse-postgres-DBT-airflow-/.venv/lib/python3.11/site-packages/airflow/example_dags/example_setup_teardown_taskflow.py
[2025-05-31T21:16:27.270-0300] {logging_mixin.py:188} INFO - [2025-05-31T21:16:27.269-0300] {dag.py:3036} INFO - Sync 1 DAGs
[2025-05-31T21:16:27.282-0300] {logging_mixin.py:188} INFO - [2025-05-31T21:16:27.282-0300] {dag.py:3823} INFO - Setting next_dagrun for example_setup_teardown_taskflow to 2025-05-31 00:00:00+00:00, run_after=2025-06-01 00:00:00+00:00
[2025-05-31T21:16:27.301-0300] {processor.py:183} INFO - Processing /home/walterg/Documentos/Data_projects/Data-Warehouse-postgres-DBT-airflow-/.venv/lib/python3.11/site-packages/airflow/example_dags/example_setup_teardown_taskflow.py took 0.060 seconds
[2025-05-31T21:17:13.199-0300] {processor.py:161} INFO - Started process (PID=37834) to work on /home/walterg/Documentos/Data_projects/Data-Warehouse-postgres-DBT-airflow-/.venv/lib/python3.11/site-packages/airflow/example_dags/example_setup_teardown_taskflow.py
[2025-05-31T21:17:13.203-0300] {processor.py:830} INFO - Processing file /home/walterg/Documentos/Data_projects/Data-Warehouse-postgres-DBT-airflow-/.venv/lib/python3.11/site-packages/airflow/example_dags/example_setup_teardown_taskflow.py for tasks to queue
[2025-05-31T21:17:13.205-0300] {logging_mixin.py:188} INFO - [2025-05-31T21:17:13.205-0300] {dagbag.py:538} INFO - Filling up the DagBag from /home/walterg/Documentos/Data_projects/Data-Warehouse-postgres-DBT-airflow-/.venv/lib/python3.11/site-packages/airflow/example_dags/example_setup_teardown_taskflow.py
[2025-05-31T21:17:13.214-0300] {processor.py:840} INFO - DAG(s) 'example_setup_teardown_taskflow' retrieved from /home/walterg/Documentos/Data_projects/Data-Warehouse-postgres-DBT-airflow-/.venv/lib/python3.11/site-packages/airflow/example_dags/example_setup_teardown_taskflow.py
[2025-05-31T21:17:13.227-0300] {logging_mixin.py:188} INFO - [2025-05-31T21:17:13.226-0300] {dag.py:3036} INFO - Sync 1 DAGs
[2025-05-31T21:17:13.240-0300] {logging_mixin.py:188} INFO - [2025-05-31T21:17:13.240-0300] {dag.py:3823} INFO - Setting next_dagrun for example_setup_teardown_taskflow to 2025-05-31 00:00:00+00:00, run_after=2025-06-01 00:00:00+00:00
[2025-05-31T21:17:13.256-0300] {processor.py:183} INFO - Processing /home/walterg/Documentos/Data_projects/Data-Warehouse-postgres-DBT-airflow-/.venv/lib/python3.11/site-packages/airflow/example_dags/example_setup_teardown_taskflow.py took 0.060 seconds
[2025-05-31T21:17:56.338-0300] {processor.py:161} INFO - Started process (PID=37944) to work on /home/walterg/Documentos/Data_projects/Data-Warehouse-postgres-DBT-airflow-/.venv/lib/python3.11/site-packages/airflow/example_dags/example_setup_teardown_taskflow.py
[2025-05-31T21:17:56.344-0300] {processor.py:830} INFO - Processing file /home/walterg/Documentos/Data_projects/Data-Warehouse-postgres-DBT-airflow-/.venv/lib/python3.11/site-packages/airflow/example_dags/example_setup_teardown_taskflow.py for tasks to queue
[2025-05-31T21:17:56.345-0300] {logging_mixin.py:188} INFO - [2025-05-31T21:17:56.344-0300] {dagbag.py:538} INFO - Filling up the DagBag from /home/walterg/Documentos/Data_projects/Data-Warehouse-postgres-DBT-airflow-/.venv/lib/python3.11/site-packages/airflow/example_dags/example_setup_teardown_taskflow.py
[2025-05-31T21:17:56.353-0300] {processor.py:840} INFO - DAG(s) 'example_setup_teardown_taskflow' retrieved from /home/walterg/Documentos/Data_projects/Data-Warehouse-postgres-DBT-airflow-/.venv/lib/python3.11/site-packages/airflow/example_dags/example_setup_teardown_taskflow.py
[2025-05-31T21:17:56.367-0300] {logging_mixin.py:188} INFO - [2025-05-31T21:17:56.366-0300] {dag.py:3036} INFO - Sync 1 DAGs
[2025-05-31T21:17:56.381-0300] {logging_mixin.py:188} INFO - [2025-05-31T21:17:56.380-0300] {dag.py:3823} INFO - Setting next_dagrun for example_setup_teardown_taskflow to 2025-05-31 00:00:00+00:00, run_after=2025-06-01 00:00:00+00:00
[2025-05-31T21:17:56.400-0300] {processor.py:183} INFO - Processing /home/walterg/Documentos/Data_projects/Data-Warehouse-postgres-DBT-airflow-/.venv/lib/python3.11/site-packages/airflow/example_dags/example_setup_teardown_taskflow.py took 0.064 seconds
[2025-05-31T21:18:43.085-0300] {processor.py:161} INFO - Started process (PID=38140) to work on /home/walterg/Documentos/Data_projects/Data-Warehouse-postgres-DBT-airflow-/.venv/lib/python3.11/site-packages/airflow/example_dags/example_setup_teardown_taskflow.py
[2025-05-31T21:18:43.090-0300] {processor.py:830} INFO - Processing file /home/walterg/Documentos/Data_projects/Data-Warehouse-postgres-DBT-airflow-/.venv/lib/python3.11/site-packages/airflow/example_dags/example_setup_teardown_taskflow.py for tasks to queue
[2025-05-31T21:18:43.091-0300] {logging_mixin.py:188} INFO - [2025-05-31T21:18:43.090-0300] {dagbag.py:538} INFO - Filling up the DagBag from /home/walterg/Documentos/Data_projects/Data-Warehouse-postgres-DBT-airflow-/.venv/lib/python3.11/site-packages/airflow/example_dags/example_setup_teardown_taskflow.py
[2025-05-31T21:18:43.099-0300] {processor.py:840} INFO - DAG(s) 'example_setup_teardown_taskflow' retrieved from /home/walterg/Documentos/Data_projects/Data-Warehouse-postgres-DBT-airflow-/.venv/lib/python3.11/site-packages/airflow/example_dags/example_setup_teardown_taskflow.py
[2025-05-31T21:18:43.111-0300] {logging_mixin.py:188} INFO - [2025-05-31T21:18:43.111-0300] {dag.py:3036} INFO - Sync 1 DAGs
[2025-05-31T21:18:43.125-0300] {logging_mixin.py:188} INFO - [2025-05-31T21:18:43.125-0300] {dag.py:3823} INFO - Setting next_dagrun for example_setup_teardown_taskflow to 2025-05-31 00:00:00+00:00, run_after=2025-06-01 00:00:00+00:00
[2025-05-31T21:18:43.143-0300] {processor.py:183} INFO - Processing /home/walterg/Documentos/Data_projects/Data-Warehouse-postgres-DBT-airflow-/.venv/lib/python3.11/site-packages/airflow/example_dags/example_setup_teardown_taskflow.py took 0.061 seconds
[2025-05-31T21:19:25.257-0300] {processor.py:161} INFO - Started process (PID=38369) to work on /home/walterg/Documentos/Data_projects/Data-Warehouse-postgres-DBT-airflow-/.venv/lib/python3.11/site-packages/airflow/example_dags/example_setup_teardown_taskflow.py
[2025-05-31T21:19:25.258-0300] {processor.py:830} INFO - Processing file /home/walterg/Documentos/Data_projects/Data-Warehouse-postgres-DBT-airflow-/.venv/lib/python3.11/site-packages/airflow/example_dags/example_setup_teardown_taskflow.py for tasks to queue
[2025-05-31T21:19:25.259-0300] {logging_mixin.py:188} INFO - [2025-05-31T21:19:25.258-0300] {dagbag.py:538} INFO - Filling up the DagBag from /home/walterg/Documentos/Data_projects/Data-Warehouse-postgres-DBT-airflow-/.venv/lib/python3.11/site-packages/airflow/example_dags/example_setup_teardown_taskflow.py
[2025-05-31T21:19:25.267-0300] {processor.py:840} INFO - DAG(s) 'example_setup_teardown_taskflow' retrieved from /home/walterg/Documentos/Data_projects/Data-Warehouse-postgres-DBT-airflow-/.venv/lib/python3.11/site-packages/airflow/example_dags/example_setup_teardown_taskflow.py
[2025-05-31T21:19:25.279-0300] {logging_mixin.py:188} INFO - [2025-05-31T21:19:25.279-0300] {dag.py:3036} INFO - Sync 1 DAGs
[2025-05-31T21:19:25.292-0300] {logging_mixin.py:188} INFO - [2025-05-31T21:19:25.292-0300] {dag.py:3823} INFO - Setting next_dagrun for example_setup_teardown_taskflow to 2025-05-31 00:00:00+00:00, run_after=2025-06-01 00:00:00+00:00
[2025-05-31T21:19:25.310-0300] {processor.py:183} INFO - Processing /home/walterg/Documentos/Data_projects/Data-Warehouse-postgres-DBT-airflow-/.venv/lib/python3.11/site-packages/airflow/example_dags/example_setup_teardown_taskflow.py took 0.056 seconds
[2025-05-31T21:20:08.912-0300] {processor.py:161} INFO - Started process (PID=38555) to work on /home/walterg/Documentos/Data_projects/Data-Warehouse-postgres-DBT-airflow-/.venv/lib/python3.11/site-packages/airflow/example_dags/example_setup_teardown_taskflow.py
[2025-05-31T21:20:08.917-0300] {processor.py:830} INFO - Processing file /home/walterg/Documentos/Data_projects/Data-Warehouse-postgres-DBT-airflow-/.venv/lib/python3.11/site-packages/airflow/example_dags/example_setup_teardown_taskflow.py for tasks to queue
[2025-05-31T21:20:08.918-0300] {logging_mixin.py:188} INFO - [2025-05-31T21:20:08.918-0300] {dagbag.py:538} INFO - Filling up the DagBag from /home/walterg/Documentos/Data_projects/Data-Warehouse-postgres-DBT-airflow-/.venv/lib/python3.11/site-packages/airflow/example_dags/example_setup_teardown_taskflow.py
[2025-05-31T21:20:08.930-0300] {processor.py:840} INFO - DAG(s) 'example_setup_teardown_taskflow' retrieved from /home/walterg/Documentos/Data_projects/Data-Warehouse-postgres-DBT-airflow-/.venv/lib/python3.11/site-packages/airflow/example_dags/example_setup_teardown_taskflow.py
[2025-05-31T21:20:08.942-0300] {logging_mixin.py:188} INFO - [2025-05-31T21:20:08.942-0300] {dag.py:3036} INFO - Sync 1 DAGs
[2025-05-31T21:20:08.961-0300] {logging_mixin.py:188} INFO - [2025-05-31T21:20:08.961-0300] {dag.py:3823} INFO - Setting next_dagrun for example_setup_teardown_taskflow to 2025-05-31 00:00:00+00:00, run_after=2025-06-01 00:00:00+00:00
[2025-05-31T21:20:08.977-0300] {processor.py:183} INFO - Processing /home/walterg/Documentos/Data_projects/Data-Warehouse-postgres-DBT-airflow-/.venv/lib/python3.11/site-packages/airflow/example_dags/example_setup_teardown_taskflow.py took 0.068 seconds
[2025-05-31T21:20:47.662-0300] {processor.py:161} INFO - Started process (PID=38650) to work on /home/walterg/Documentos/Data_projects/Data-Warehouse-postgres-DBT-airflow-/.venv/lib/python3.11/site-packages/airflow/example_dags/example_setup_teardown_taskflow.py
[2025-05-31T21:20:47.667-0300] {processor.py:830} INFO - Processing file /home/walterg/Documentos/Data_projects/Data-Warehouse-postgres-DBT-airflow-/.venv/lib/python3.11/site-packages/airflow/example_dags/example_setup_teardown_taskflow.py for tasks to queue
[2025-05-31T21:20:47.668-0300] {logging_mixin.py:188} INFO - [2025-05-31T21:20:47.668-0300] {dagbag.py:538} INFO - Filling up the DagBag from /home/walterg/Documentos/Data_projects/Data-Warehouse-postgres-DBT-airflow-/.venv/lib/python3.11/site-packages/airflow/example_dags/example_setup_teardown_taskflow.py
[2025-05-31T21:20:47.677-0300] {processor.py:840} INFO - DAG(s) 'example_setup_teardown_taskflow' retrieved from /home/walterg/Documentos/Data_projects/Data-Warehouse-postgres-DBT-airflow-/.venv/lib/python3.11/site-packages/airflow/example_dags/example_setup_teardown_taskflow.py
[2025-05-31T21:20:47.689-0300] {logging_mixin.py:188} INFO - [2025-05-31T21:20:47.689-0300] {dag.py:3036} INFO - Sync 1 DAGs
[2025-05-31T21:20:47.702-0300] {logging_mixin.py:188} INFO - [2025-05-31T21:20:47.702-0300] {dag.py:3823} INFO - Setting next_dagrun for example_setup_teardown_taskflow to 2025-05-31 00:00:00+00:00, run_after=2025-06-01 00:00:00+00:00
[2025-05-31T21:20:47.719-0300] {processor.py:183} INFO - Processing /home/walterg/Documentos/Data_projects/Data-Warehouse-postgres-DBT-airflow-/.venv/lib/python3.11/site-packages/airflow/example_dags/example_setup_teardown_taskflow.py took 0.059 seconds
[2025-05-31T21:21:26.745-0300] {processor.py:161} INFO - Started process (PID=38888) to work on /home/walterg/Documentos/Data_projects/Data-Warehouse-postgres-DBT-airflow-/.venv/lib/python3.11/site-packages/airflow/example_dags/example_setup_teardown_taskflow.py
[2025-05-31T21:21:26.750-0300] {processor.py:830} INFO - Processing file /home/walterg/Documentos/Data_projects/Data-Warehouse-postgres-DBT-airflow-/.venv/lib/python3.11/site-packages/airflow/example_dags/example_setup_teardown_taskflow.py for tasks to queue
[2025-05-31T21:21:26.751-0300] {logging_mixin.py:188} INFO - [2025-05-31T21:21:26.751-0300] {dagbag.py:538} INFO - Filling up the DagBag from /home/walterg/Documentos/Data_projects/Data-Warehouse-postgres-DBT-airflow-/.venv/lib/python3.11/site-packages/airflow/example_dags/example_setup_teardown_taskflow.py
[2025-05-31T21:21:26.759-0300] {processor.py:840} INFO - DAG(s) 'example_setup_teardown_taskflow' retrieved from /home/walterg/Documentos/Data_projects/Data-Warehouse-postgres-DBT-airflow-/.venv/lib/python3.11/site-packages/airflow/example_dags/example_setup_teardown_taskflow.py
[2025-05-31T21:21:26.772-0300] {logging_mixin.py:188} INFO - [2025-05-31T21:21:26.772-0300] {dag.py:3036} INFO - Sync 1 DAGs
[2025-05-31T21:21:26.787-0300] {logging_mixin.py:188} INFO - [2025-05-31T21:21:26.786-0300] {dag.py:3823} INFO - Setting next_dagrun for example_setup_teardown_taskflow to 2025-05-31 00:00:00+00:00, run_after=2025-06-01 00:00:00+00:00
[2025-05-31T21:21:26.804-0300] {processor.py:183} INFO - Processing /home/walterg/Documentos/Data_projects/Data-Warehouse-postgres-DBT-airflow-/.venv/lib/python3.11/site-packages/airflow/example_dags/example_setup_teardown_taskflow.py took 0.061 seconds
[2025-05-31T21:22:11.704-0300] {processor.py:161} INFO - Started process (PID=39200) to work on /home/walterg/Documentos/Data_projects/Data-Warehouse-postgres-DBT-airflow-/.venv/lib/python3.11/site-packages/airflow/example_dags/example_setup_teardown_taskflow.py
[2025-05-31T21:22:11.709-0300] {processor.py:830} INFO - Processing file /home/walterg/Documentos/Data_projects/Data-Warehouse-postgres-DBT-airflow-/.venv/lib/python3.11/site-packages/airflow/example_dags/example_setup_teardown_taskflow.py for tasks to queue
[2025-05-31T21:22:11.710-0300] {logging_mixin.py:188} INFO - [2025-05-31T21:22:11.710-0300] {dagbag.py:538} INFO - Filling up the DagBag from /home/walterg/Documentos/Data_projects/Data-Warehouse-postgres-DBT-airflow-/.venv/lib/python3.11/site-packages/airflow/example_dags/example_setup_teardown_taskflow.py
[2025-05-31T21:22:11.720-0300] {processor.py:840} INFO - DAG(s) 'example_setup_teardown_taskflow' retrieved from /home/walterg/Documentos/Data_projects/Data-Warehouse-postgres-DBT-airflow-/.venv/lib/python3.11/site-packages/airflow/example_dags/example_setup_teardown_taskflow.py
[2025-05-31T21:22:11.732-0300] {logging_mixin.py:188} INFO - [2025-05-31T21:22:11.732-0300] {dag.py:3036} INFO - Sync 1 DAGs
[2025-05-31T21:22:11.745-0300] {logging_mixin.py:188} INFO - [2025-05-31T21:22:11.745-0300] {dag.py:3823} INFO - Setting next_dagrun for example_setup_teardown_taskflow to 2025-05-31 00:00:00+00:00, run_after=2025-06-01 00:00:00+00:00
[2025-05-31T21:22:11.761-0300] {processor.py:183} INFO - Processing /home/walterg/Documentos/Data_projects/Data-Warehouse-postgres-DBT-airflow-/.venv/lib/python3.11/site-packages/airflow/example_dags/example_setup_teardown_taskflow.py took 0.060 seconds
[2025-05-31T21:22:53.297-0300] {processor.py:161} INFO - Started process (PID=39373) to work on /home/walterg/Documentos/Data_projects/Data-Warehouse-postgres-DBT-airflow-/.venv/lib/python3.11/site-packages/airflow/example_dags/example_setup_teardown_taskflow.py
[2025-05-31T21:22:53.302-0300] {processor.py:830} INFO - Processing file /home/walterg/Documentos/Data_projects/Data-Warehouse-postgres-DBT-airflow-/.venv/lib/python3.11/site-packages/airflow/example_dags/example_setup_teardown_taskflow.py for tasks to queue
[2025-05-31T21:22:53.303-0300] {logging_mixin.py:188} INFO - [2025-05-31T21:22:53.303-0300] {dagbag.py:538} INFO - Filling up the DagBag from /home/walterg/Documentos/Data_projects/Data-Warehouse-postgres-DBT-airflow-/.venv/lib/python3.11/site-packages/airflow/example_dags/example_setup_teardown_taskflow.py
[2025-05-31T21:22:53.312-0300] {processor.py:840} INFO - DAG(s) 'example_setup_teardown_taskflow' retrieved from /home/walterg/Documentos/Data_projects/Data-Warehouse-postgres-DBT-airflow-/.venv/lib/python3.11/site-packages/airflow/example_dags/example_setup_teardown_taskflow.py
[2025-05-31T21:22:53.324-0300] {logging_mixin.py:188} INFO - [2025-05-31T21:22:53.324-0300] {dag.py:3036} INFO - Sync 1 DAGs
[2025-05-31T21:22:53.437-0300] {logging_mixin.py:188} INFO - [2025-05-31T21:22:53.437-0300] {dag.py:3823} INFO - Setting next_dagrun for example_setup_teardown_taskflow to 2025-05-31 00:00:00+00:00, run_after=2025-06-01 00:00:00+00:00
[2025-05-31T21:22:53.452-0300] {processor.py:183} INFO - Processing /home/walterg/Documentos/Data_projects/Data-Warehouse-postgres-DBT-airflow-/.venv/lib/python3.11/site-packages/airflow/example_dags/example_setup_teardown_taskflow.py took 0.158 seconds
[2025-05-31T21:23:38.537-0300] {processor.py:161} INFO - Started process (PID=39586) to work on /home/walterg/Documentos/Data_projects/Data-Warehouse-postgres-DBT-airflow-/.venv/lib/python3.11/site-packages/airflow/example_dags/example_setup_teardown_taskflow.py
[2025-05-31T21:23:38.538-0300] {processor.py:830} INFO - Processing file /home/walterg/Documentos/Data_projects/Data-Warehouse-postgres-DBT-airflow-/.venv/lib/python3.11/site-packages/airflow/example_dags/example_setup_teardown_taskflow.py for tasks to queue
[2025-05-31T21:23:38.539-0300] {logging_mixin.py:188} INFO - [2025-05-31T21:23:38.539-0300] {dagbag.py:538} INFO - Filling up the DagBag from /home/walterg/Documentos/Data_projects/Data-Warehouse-postgres-DBT-airflow-/.venv/lib/python3.11/site-packages/airflow/example_dags/example_setup_teardown_taskflow.py
[2025-05-31T21:23:38.548-0300] {processor.py:840} INFO - DAG(s) 'example_setup_teardown_taskflow' retrieved from /home/walterg/Documentos/Data_projects/Data-Warehouse-postgres-DBT-airflow-/.venv/lib/python3.11/site-packages/airflow/example_dags/example_setup_teardown_taskflow.py
[2025-05-31T21:23:38.560-0300] {logging_mixin.py:188} INFO - [2025-05-31T21:23:38.559-0300] {dag.py:3036} INFO - Sync 1 DAGs
[2025-05-31T21:23:38.577-0300] {logging_mixin.py:188} INFO - [2025-05-31T21:23:38.577-0300] {dag.py:3823} INFO - Setting next_dagrun for example_setup_teardown_taskflow to 2025-05-31 00:00:00+00:00, run_after=2025-06-01 00:00:00+00:00
[2025-05-31T21:23:38.595-0300] {processor.py:183} INFO - Processing /home/walterg/Documentos/Data_projects/Data-Warehouse-postgres-DBT-airflow-/.venv/lib/python3.11/site-packages/airflow/example_dags/example_setup_teardown_taskflow.py took 0.060 seconds
[2025-05-31T21:24:26.204-0300] {processor.py:161} INFO - Started process (PID=39760) to work on /home/walterg/Documentos/Data_projects/Data-Warehouse-postgres-DBT-airflow-/.venv/lib/python3.11/site-packages/airflow/example_dags/example_setup_teardown_taskflow.py
[2025-05-31T21:24:26.209-0300] {processor.py:830} INFO - Processing file /home/walterg/Documentos/Data_projects/Data-Warehouse-postgres-DBT-airflow-/.venv/lib/python3.11/site-packages/airflow/example_dags/example_setup_teardown_taskflow.py for tasks to queue
[2025-05-31T21:24:26.210-0300] {logging_mixin.py:188} INFO - [2025-05-31T21:24:26.210-0300] {dagbag.py:538} INFO - Filling up the DagBag from /home/walterg/Documentos/Data_projects/Data-Warehouse-postgres-DBT-airflow-/.venv/lib/python3.11/site-packages/airflow/example_dags/example_setup_teardown_taskflow.py
[2025-05-31T21:24:26.218-0300] {processor.py:840} INFO - DAG(s) 'example_setup_teardown_taskflow' retrieved from /home/walterg/Documentos/Data_projects/Data-Warehouse-postgres-DBT-airflow-/.venv/lib/python3.11/site-packages/airflow/example_dags/example_setup_teardown_taskflow.py
[2025-05-31T21:24:26.231-0300] {logging_mixin.py:188} INFO - [2025-05-31T21:24:26.230-0300] {dag.py:3036} INFO - Sync 1 DAGs
[2025-05-31T21:24:26.339-0300] {logging_mixin.py:188} INFO - [2025-05-31T21:24:26.339-0300] {dag.py:3823} INFO - Setting next_dagrun for example_setup_teardown_taskflow to 2025-05-31 00:00:00+00:00, run_after=2025-06-01 00:00:00+00:00
[2025-05-31T21:24:26.359-0300] {processor.py:183} INFO - Processing /home/walterg/Documentos/Data_projects/Data-Warehouse-postgres-DBT-airflow-/.venv/lib/python3.11/site-packages/airflow/example_dags/example_setup_teardown_taskflow.py took 0.157 seconds
[2025-05-31T21:25:16.140-0300] {processor.py:161} INFO - Started process (PID=40020) to work on /home/walterg/Documentos/Data_projects/Data-Warehouse-postgres-DBT-airflow-/.venv/lib/python3.11/site-packages/airflow/example_dags/example_setup_teardown_taskflow.py
[2025-05-31T21:25:16.145-0300] {processor.py:830} INFO - Processing file /home/walterg/Documentos/Data_projects/Data-Warehouse-postgres-DBT-airflow-/.venv/lib/python3.11/site-packages/airflow/example_dags/example_setup_teardown_taskflow.py for tasks to queue
[2025-05-31T21:25:16.146-0300] {logging_mixin.py:188} INFO - [2025-05-31T21:25:16.146-0300] {dagbag.py:538} INFO - Filling up the DagBag from /home/walterg/Documentos/Data_projects/Data-Warehouse-postgres-DBT-airflow-/.venv/lib/python3.11/site-packages/airflow/example_dags/example_setup_teardown_taskflow.py
[2025-05-31T21:25:16.155-0300] {processor.py:840} INFO - DAG(s) 'example_setup_teardown_taskflow' retrieved from /home/walterg/Documentos/Data_projects/Data-Warehouse-postgres-DBT-airflow-/.venv/lib/python3.11/site-packages/airflow/example_dags/example_setup_teardown_taskflow.py
[2025-05-31T21:25:16.167-0300] {logging_mixin.py:188} INFO - [2025-05-31T21:25:16.166-0300] {dag.py:3036} INFO - Sync 1 DAGs
[2025-05-31T21:25:16.182-0300] {logging_mixin.py:188} INFO - [2025-05-31T21:25:16.182-0300] {dag.py:3823} INFO - Setting next_dagrun for example_setup_teardown_taskflow to 2025-05-31 00:00:00+00:00, run_after=2025-06-01 00:00:00+00:00
[2025-05-31T21:25:16.199-0300] {processor.py:183} INFO - Processing /home/walterg/Documentos/Data_projects/Data-Warehouse-postgres-DBT-airflow-/.venv/lib/python3.11/site-packages/airflow/example_dags/example_setup_teardown_taskflow.py took 0.061 seconds
[2025-05-31T21:25:57.520-0300] {processor.py:161} INFO - Started process (PID=40331) to work on /home/walterg/Documentos/Data_projects/Data-Warehouse-postgres-DBT-airflow-/.venv/lib/python3.11/site-packages/airflow/example_dags/example_setup_teardown_taskflow.py
[2025-05-31T21:25:57.525-0300] {processor.py:830} INFO - Processing file /home/walterg/Documentos/Data_projects/Data-Warehouse-postgres-DBT-airflow-/.venv/lib/python3.11/site-packages/airflow/example_dags/example_setup_teardown_taskflow.py for tasks to queue
[2025-05-31T21:25:57.526-0300] {logging_mixin.py:188} INFO - [2025-05-31T21:25:57.525-0300] {dagbag.py:538} INFO - Filling up the DagBag from /home/walterg/Documentos/Data_projects/Data-Warehouse-postgres-DBT-airflow-/.venv/lib/python3.11/site-packages/airflow/example_dags/example_setup_teardown_taskflow.py
[2025-05-31T21:25:57.534-0300] {processor.py:840} INFO - DAG(s) 'example_setup_teardown_taskflow' retrieved from /home/walterg/Documentos/Data_projects/Data-Warehouse-postgres-DBT-airflow-/.venv/lib/python3.11/site-packages/airflow/example_dags/example_setup_teardown_taskflow.py
[2025-05-31T21:25:57.547-0300] {logging_mixin.py:188} INFO - [2025-05-31T21:25:57.547-0300] {dag.py:3036} INFO - Sync 1 DAGs
[2025-05-31T21:25:57.560-0300] {logging_mixin.py:188} INFO - [2025-05-31T21:25:57.560-0300] {dag.py:3823} INFO - Setting next_dagrun for example_setup_teardown_taskflow to 2025-05-31 00:00:00+00:00, run_after=2025-06-01 00:00:00+00:00
[2025-05-31T21:25:57.577-0300] {processor.py:183} INFO - Processing /home/walterg/Documentos/Data_projects/Data-Warehouse-postgres-DBT-airflow-/.venv/lib/python3.11/site-packages/airflow/example_dags/example_setup_teardown_taskflow.py took 0.060 seconds
[2025-05-31T21:26:36.250-0300] {processor.py:161} INFO - Started process (PID=40587) to work on /home/walterg/Documentos/Data_projects/Data-Warehouse-postgres-DBT-airflow-/.venv/lib/python3.11/site-packages/airflow/example_dags/example_setup_teardown_taskflow.py
[2025-05-31T21:26:36.255-0300] {processor.py:830} INFO - Processing file /home/walterg/Documentos/Data_projects/Data-Warehouse-postgres-DBT-airflow-/.venv/lib/python3.11/site-packages/airflow/example_dags/example_setup_teardown_taskflow.py for tasks to queue
[2025-05-31T21:26:36.257-0300] {logging_mixin.py:188} INFO - [2025-05-31T21:26:36.256-0300] {dagbag.py:538} INFO - Filling up the DagBag from /home/walterg/Documentos/Data_projects/Data-Warehouse-postgres-DBT-airflow-/.venv/lib/python3.11/site-packages/airflow/example_dags/example_setup_teardown_taskflow.py
[2025-05-31T21:26:36.265-0300] {processor.py:840} INFO - DAG(s) 'example_setup_teardown_taskflow' retrieved from /home/walterg/Documentos/Data_projects/Data-Warehouse-postgres-DBT-airflow-/.venv/lib/python3.11/site-packages/airflow/example_dags/example_setup_teardown_taskflow.py
[2025-05-31T21:26:36.278-0300] {logging_mixin.py:188} INFO - [2025-05-31T21:26:36.277-0300] {dag.py:3036} INFO - Sync 1 DAGs
[2025-05-31T21:26:36.291-0300] {logging_mixin.py:188} INFO - [2025-05-31T21:26:36.291-0300] {dag.py:3823} INFO - Setting next_dagrun for example_setup_teardown_taskflow to 2025-05-31 00:00:00+00:00, run_after=2025-06-01 00:00:00+00:00
[2025-05-31T21:26:36.308-0300] {processor.py:183} INFO - Processing /home/walterg/Documentos/Data_projects/Data-Warehouse-postgres-DBT-airflow-/.venv/lib/python3.11/site-packages/airflow/example_dags/example_setup_teardown_taskflow.py took 0.061 seconds
[2025-05-31T21:27:18.982-0300] {processor.py:161} INFO - Started process (PID=40958) to work on /home/walterg/Documentos/Data_projects/Data-Warehouse-postgres-DBT-airflow-/.venv/lib/python3.11/site-packages/airflow/example_dags/example_setup_teardown_taskflow.py
[2025-05-31T21:27:18.987-0300] {processor.py:830} INFO - Processing file /home/walterg/Documentos/Data_projects/Data-Warehouse-postgres-DBT-airflow-/.venv/lib/python3.11/site-packages/airflow/example_dags/example_setup_teardown_taskflow.py for tasks to queue
[2025-05-31T21:27:18.989-0300] {logging_mixin.py:188} INFO - [2025-05-31T21:27:18.988-0300] {dagbag.py:538} INFO - Filling up the DagBag from /home/walterg/Documentos/Data_projects/Data-Warehouse-postgres-DBT-airflow-/.venv/lib/python3.11/site-packages/airflow/example_dags/example_setup_teardown_taskflow.py
[2025-05-31T21:27:19.000-0300] {processor.py:840} INFO - DAG(s) 'example_setup_teardown_taskflow' retrieved from /home/walterg/Documentos/Data_projects/Data-Warehouse-postgres-DBT-airflow-/.venv/lib/python3.11/site-packages/airflow/example_dags/example_setup_teardown_taskflow.py
[2025-05-31T21:27:19.014-0300] {logging_mixin.py:188} INFO - [2025-05-31T21:27:19.014-0300] {dag.py:3036} INFO - Sync 1 DAGs
[2025-05-31T21:27:19.031-0300] {logging_mixin.py:188} INFO - [2025-05-31T21:27:19.031-0300] {dag.py:3823} INFO - Setting next_dagrun for example_setup_teardown_taskflow to 2025-05-31 00:00:00+00:00, run_after=2025-06-01 00:00:00+00:00
[2025-05-31T21:27:19.052-0300] {processor.py:183} INFO - Processing /home/walterg/Documentos/Data_projects/Data-Warehouse-postgres-DBT-airflow-/.venv/lib/python3.11/site-packages/airflow/example_dags/example_setup_teardown_taskflow.py took 0.073 seconds
[2025-05-31T21:27:57.748-0300] {processor.py:161} INFO - Started process (PID=41244) to work on /home/walterg/Documentos/Data_projects/Data-Warehouse-postgres-DBT-airflow-/.venv/lib/python3.11/site-packages/airflow/example_dags/example_setup_teardown_taskflow.py
[2025-05-31T21:27:57.749-0300] {processor.py:830} INFO - Processing file /home/walterg/Documentos/Data_projects/Data-Warehouse-postgres-DBT-airflow-/.venv/lib/python3.11/site-packages/airflow/example_dags/example_setup_teardown_taskflow.py for tasks to queue
[2025-05-31T21:27:57.749-0300] {logging_mixin.py:188} INFO - [2025-05-31T21:27:57.749-0300] {dagbag.py:538} INFO - Filling up the DagBag from /home/walterg/Documentos/Data_projects/Data-Warehouse-postgres-DBT-airflow-/.venv/lib/python3.11/site-packages/airflow/example_dags/example_setup_teardown_taskflow.py
[2025-05-31T21:27:57.758-0300] {processor.py:840} INFO - DAG(s) 'example_setup_teardown_taskflow' retrieved from /home/walterg/Documentos/Data_projects/Data-Warehouse-postgres-DBT-airflow-/.venv/lib/python3.11/site-packages/airflow/example_dags/example_setup_teardown_taskflow.py
[2025-05-31T21:27:57.772-0300] {logging_mixin.py:188} INFO - [2025-05-31T21:27:57.772-0300] {dag.py:3036} INFO - Sync 1 DAGs
[2025-05-31T21:27:57.787-0300] {logging_mixin.py:188} INFO - [2025-05-31T21:27:57.787-0300] {dag.py:3823} INFO - Setting next_dagrun for example_setup_teardown_taskflow to 2025-05-31 00:00:00+00:00, run_after=2025-06-01 00:00:00+00:00
[2025-05-31T21:27:57.807-0300] {processor.py:183} INFO - Processing /home/walterg/Documentos/Data_projects/Data-Warehouse-postgres-DBT-airflow-/.venv/lib/python3.11/site-packages/airflow/example_dags/example_setup_teardown_taskflow.py took 0.062 seconds
[2025-05-31T21:28:40.716-0300] {processor.py:161} INFO - Started process (PID=41429) to work on /home/walterg/Documentos/Data_projects/Data-Warehouse-postgres-DBT-airflow-/.venv/lib/python3.11/site-packages/airflow/example_dags/example_setup_teardown_taskflow.py
[2025-05-31T21:28:40.721-0300] {processor.py:830} INFO - Processing file /home/walterg/Documentos/Data_projects/Data-Warehouse-postgres-DBT-airflow-/.venv/lib/python3.11/site-packages/airflow/example_dags/example_setup_teardown_taskflow.py for tasks to queue
[2025-05-31T21:28:40.722-0300] {logging_mixin.py:188} INFO - [2025-05-31T21:28:40.722-0300] {dagbag.py:538} INFO - Filling up the DagBag from /home/walterg/Documentos/Data_projects/Data-Warehouse-postgres-DBT-airflow-/.venv/lib/python3.11/site-packages/airflow/example_dags/example_setup_teardown_taskflow.py
[2025-05-31T21:28:40.730-0300] {processor.py:840} INFO - DAG(s) 'example_setup_teardown_taskflow' retrieved from /home/walterg/Documentos/Data_projects/Data-Warehouse-postgres-DBT-airflow-/.venv/lib/python3.11/site-packages/airflow/example_dags/example_setup_teardown_taskflow.py
[2025-05-31T21:28:40.742-0300] {logging_mixin.py:188} INFO - [2025-05-31T21:28:40.742-0300] {dag.py:3036} INFO - Sync 1 DAGs
[2025-05-31T21:28:40.755-0300] {logging_mixin.py:188} INFO - [2025-05-31T21:28:40.755-0300] {dag.py:3823} INFO - Setting next_dagrun for example_setup_teardown_taskflow to 2025-05-31 00:00:00+00:00, run_after=2025-06-01 00:00:00+00:00
[2025-05-31T21:28:40.770-0300] {processor.py:183} INFO - Processing /home/walterg/Documentos/Data_projects/Data-Warehouse-postgres-DBT-airflow-/.venv/lib/python3.11/site-packages/airflow/example_dags/example_setup_teardown_taskflow.py took 0.057 seconds
[2025-05-31T21:29:21.272-0300] {processor.py:161} INFO - Started process (PID=41643) to work on /home/walterg/Documentos/Data_projects/Data-Warehouse-postgres-DBT-airflow-/.venv/lib/python3.11/site-packages/airflow/example_dags/example_setup_teardown_taskflow.py
[2025-05-31T21:29:21.273-0300] {processor.py:830} INFO - Processing file /home/walterg/Documentos/Data_projects/Data-Warehouse-postgres-DBT-airflow-/.venv/lib/python3.11/site-packages/airflow/example_dags/example_setup_teardown_taskflow.py for tasks to queue
[2025-05-31T21:29:21.274-0300] {logging_mixin.py:188} INFO - [2025-05-31T21:29:21.273-0300] {dagbag.py:538} INFO - Filling up the DagBag from /home/walterg/Documentos/Data_projects/Data-Warehouse-postgres-DBT-airflow-/.venv/lib/python3.11/site-packages/airflow/example_dags/example_setup_teardown_taskflow.py
[2025-05-31T21:29:21.281-0300] {processor.py:840} INFO - DAG(s) 'example_setup_teardown_taskflow' retrieved from /home/walterg/Documentos/Data_projects/Data-Warehouse-postgres-DBT-airflow-/.venv/lib/python3.11/site-packages/airflow/example_dags/example_setup_teardown_taskflow.py
[2025-05-31T21:29:21.294-0300] {logging_mixin.py:188} INFO - [2025-05-31T21:29:21.293-0300] {dag.py:3036} INFO - Sync 1 DAGs
[2025-05-31T21:29:21.307-0300] {logging_mixin.py:188} INFO - [2025-05-31T21:29:21.307-0300] {dag.py:3823} INFO - Setting next_dagrun for example_setup_teardown_taskflow to 2025-05-31 00:00:00+00:00, run_after=2025-06-01 00:00:00+00:00
[2025-05-31T21:29:21.324-0300] {processor.py:183} INFO - Processing /home/walterg/Documentos/Data_projects/Data-Warehouse-postgres-DBT-airflow-/.venv/lib/python3.11/site-packages/airflow/example_dags/example_setup_teardown_taskflow.py took 0.055 seconds
[2025-05-31T21:29:59.868-0300] {processor.py:161} INFO - Started process (PID=41741) to work on /home/walterg/Documentos/Data_projects/Data-Warehouse-postgres-DBT-airflow-/.venv/lib/python3.11/site-packages/airflow/example_dags/example_setup_teardown_taskflow.py
[2025-05-31T21:29:59.873-0300] {processor.py:830} INFO - Processing file /home/walterg/Documentos/Data_projects/Data-Warehouse-postgres-DBT-airflow-/.venv/lib/python3.11/site-packages/airflow/example_dags/example_setup_teardown_taskflow.py for tasks to queue
[2025-05-31T21:29:59.875-0300] {logging_mixin.py:188} INFO - [2025-05-31T21:29:59.874-0300] {dagbag.py:538} INFO - Filling up the DagBag from /home/walterg/Documentos/Data_projects/Data-Warehouse-postgres-DBT-airflow-/.venv/lib/python3.11/site-packages/airflow/example_dags/example_setup_teardown_taskflow.py
[2025-05-31T21:29:59.883-0300] {processor.py:840} INFO - DAG(s) 'example_setup_teardown_taskflow' retrieved from /home/walterg/Documentos/Data_projects/Data-Warehouse-postgres-DBT-airflow-/.venv/lib/python3.11/site-packages/airflow/example_dags/example_setup_teardown_taskflow.py
[2025-05-31T21:29:59.895-0300] {logging_mixin.py:188} INFO - [2025-05-31T21:29:59.895-0300] {dag.py:3036} INFO - Sync 1 DAGs
[2025-05-31T21:29:59.908-0300] {logging_mixin.py:188} INFO - [2025-05-31T21:29:59.908-0300] {dag.py:3823} INFO - Setting next_dagrun for example_setup_teardown_taskflow to 2025-05-31 00:00:00+00:00, run_after=2025-06-01 00:00:00+00:00
[2025-05-31T21:29:59.924-0300] {processor.py:183} INFO - Processing /home/walterg/Documentos/Data_projects/Data-Warehouse-postgres-DBT-airflow-/.venv/lib/python3.11/site-packages/airflow/example_dags/example_setup_teardown_taskflow.py took 0.058 seconds
[2025-05-31T21:30:39.420-0300] {processor.py:161} INFO - Started process (PID=41906) to work on /home/walterg/Documentos/Data_projects/Data-Warehouse-postgres-DBT-airflow-/.venv/lib/python3.11/site-packages/airflow/example_dags/example_setup_teardown_taskflow.py
[2025-05-31T21:30:39.425-0300] {processor.py:830} INFO - Processing file /home/walterg/Documentos/Data_projects/Data-Warehouse-postgres-DBT-airflow-/.venv/lib/python3.11/site-packages/airflow/example_dags/example_setup_teardown_taskflow.py for tasks to queue
[2025-05-31T21:30:39.426-0300] {logging_mixin.py:188} INFO - [2025-05-31T21:30:39.426-0300] {dagbag.py:538} INFO - Filling up the DagBag from /home/walterg/Documentos/Data_projects/Data-Warehouse-postgres-DBT-airflow-/.venv/lib/python3.11/site-packages/airflow/example_dags/example_setup_teardown_taskflow.py
[2025-05-31T21:30:39.435-0300] {processor.py:840} INFO - DAG(s) 'example_setup_teardown_taskflow' retrieved from /home/walterg/Documentos/Data_projects/Data-Warehouse-postgres-DBT-airflow-/.venv/lib/python3.11/site-packages/airflow/example_dags/example_setup_teardown_taskflow.py
[2025-05-31T21:30:39.447-0300] {logging_mixin.py:188} INFO - [2025-05-31T21:30:39.447-0300] {dag.py:3036} INFO - Sync 1 DAGs
[2025-05-31T21:30:39.461-0300] {logging_mixin.py:188} INFO - [2025-05-31T21:30:39.460-0300] {dag.py:3823} INFO - Setting next_dagrun for example_setup_teardown_taskflow to 2025-05-31 00:00:00+00:00, run_after=2025-06-01 00:00:00+00:00
[2025-05-31T21:30:39.478-0300] {processor.py:183} INFO - Processing /home/walterg/Documentos/Data_projects/Data-Warehouse-postgres-DBT-airflow-/.venv/lib/python3.11/site-packages/airflow/example_dags/example_setup_teardown_taskflow.py took 0.061 seconds
[2025-05-31T21:31:19.771-0300] {processor.py:161} INFO - Started process (PID=42129) to work on /home/walterg/Documentos/Data_projects/Data-Warehouse-postgres-DBT-airflow-/.venv/lib/python3.11/site-packages/airflow/example_dags/example_setup_teardown_taskflow.py
[2025-05-31T21:31:19.776-0300] {processor.py:830} INFO - Processing file /home/walterg/Documentos/Data_projects/Data-Warehouse-postgres-DBT-airflow-/.venv/lib/python3.11/site-packages/airflow/example_dags/example_setup_teardown_taskflow.py for tasks to queue
[2025-05-31T21:31:19.777-0300] {logging_mixin.py:188} INFO - [2025-05-31T21:31:19.777-0300] {dagbag.py:538} INFO - Filling up the DagBag from /home/walterg/Documentos/Data_projects/Data-Warehouse-postgres-DBT-airflow-/.venv/lib/python3.11/site-packages/airflow/example_dags/example_setup_teardown_taskflow.py
[2025-05-31T21:31:19.785-0300] {processor.py:840} INFO - DAG(s) 'example_setup_teardown_taskflow' retrieved from /home/walterg/Documentos/Data_projects/Data-Warehouse-postgres-DBT-airflow-/.venv/lib/python3.11/site-packages/airflow/example_dags/example_setup_teardown_taskflow.py
[2025-05-31T21:31:19.798-0300] {logging_mixin.py:188} INFO - [2025-05-31T21:31:19.798-0300] {dag.py:3036} INFO - Sync 1 DAGs
[2025-05-31T21:31:19.811-0300] {logging_mixin.py:188} INFO - [2025-05-31T21:31:19.811-0300] {dag.py:3823} INFO - Setting next_dagrun for example_setup_teardown_taskflow to 2025-05-31 00:00:00+00:00, run_after=2025-06-01 00:00:00+00:00
[2025-05-31T21:31:19.826-0300] {processor.py:183} INFO - Processing /home/walterg/Documentos/Data_projects/Data-Warehouse-postgres-DBT-airflow-/.venv/lib/python3.11/site-packages/airflow/example_dags/example_setup_teardown_taskflow.py took 0.058 seconds
[2025-05-31T21:31:59.153-0300] {processor.py:161} INFO - Started process (PID=42215) to work on /home/walterg/Documentos/Data_projects/Data-Warehouse-postgres-DBT-airflow-/.venv/lib/python3.11/site-packages/airflow/example_dags/example_setup_teardown_taskflow.py
[2025-05-31T21:31:59.158-0300] {processor.py:830} INFO - Processing file /home/walterg/Documentos/Data_projects/Data-Warehouse-postgres-DBT-airflow-/.venv/lib/python3.11/site-packages/airflow/example_dags/example_setup_teardown_taskflow.py for tasks to queue
[2025-05-31T21:31:59.158-0300] {logging_mixin.py:188} INFO - [2025-05-31T21:31:59.158-0300] {dagbag.py:538} INFO - Filling up the DagBag from /home/walterg/Documentos/Data_projects/Data-Warehouse-postgres-DBT-airflow-/.venv/lib/python3.11/site-packages/airflow/example_dags/example_setup_teardown_taskflow.py
[2025-05-31T21:31:59.167-0300] {processor.py:840} INFO - DAG(s) 'example_setup_teardown_taskflow' retrieved from /home/walterg/Documentos/Data_projects/Data-Warehouse-postgres-DBT-airflow-/.venv/lib/python3.11/site-packages/airflow/example_dags/example_setup_teardown_taskflow.py
[2025-05-31T21:31:59.181-0300] {logging_mixin.py:188} INFO - [2025-05-31T21:31:59.181-0300] {dag.py:3036} INFO - Sync 1 DAGs
[2025-05-31T21:31:59.196-0300] {logging_mixin.py:188} INFO - [2025-05-31T21:31:59.196-0300] {dag.py:3823} INFO - Setting next_dagrun for example_setup_teardown_taskflow to 2025-05-31 00:00:00+00:00, run_after=2025-06-01 00:00:00+00:00
[2025-05-31T21:31:59.214-0300] {processor.py:183} INFO - Processing /home/walterg/Documentos/Data_projects/Data-Warehouse-postgres-DBT-airflow-/.venv/lib/python3.11/site-packages/airflow/example_dags/example_setup_teardown_taskflow.py took 0.063 seconds
[2025-05-31T21:32:39.564-0300] {processor.py:161} INFO - Started process (PID=42545) to work on /home/walterg/Documentos/Data_projects/Data-Warehouse-postgres-DBT-airflow-/.venv/lib/python3.11/site-packages/airflow/example_dags/example_setup_teardown_taskflow.py
[2025-05-31T21:32:39.570-0300] {processor.py:830} INFO - Processing file /home/walterg/Documentos/Data_projects/Data-Warehouse-postgres-DBT-airflow-/.venv/lib/python3.11/site-packages/airflow/example_dags/example_setup_teardown_taskflow.py for tasks to queue
[2025-05-31T21:32:39.570-0300] {logging_mixin.py:188} INFO - [2025-05-31T21:32:39.570-0300] {dagbag.py:538} INFO - Filling up the DagBag from /home/walterg/Documentos/Data_projects/Data-Warehouse-postgres-DBT-airflow-/.venv/lib/python3.11/site-packages/airflow/example_dags/example_setup_teardown_taskflow.py
[2025-05-31T21:32:39.579-0300] {processor.py:840} INFO - DAG(s) 'example_setup_teardown_taskflow' retrieved from /home/walterg/Documentos/Data_projects/Data-Warehouse-postgres-DBT-airflow-/.venv/lib/python3.11/site-packages/airflow/example_dags/example_setup_teardown_taskflow.py
[2025-05-31T21:32:39.591-0300] {logging_mixin.py:188} INFO - [2025-05-31T21:32:39.591-0300] {dag.py:3036} INFO - Sync 1 DAGs
[2025-05-31T21:32:39.604-0300] {logging_mixin.py:188} INFO - [2025-05-31T21:32:39.604-0300] {dag.py:3823} INFO - Setting next_dagrun for example_setup_teardown_taskflow to 2025-05-31 00:00:00+00:00, run_after=2025-06-01 00:00:00+00:00
[2025-05-31T21:32:39.620-0300] {processor.py:183} INFO - Processing /home/walterg/Documentos/Data_projects/Data-Warehouse-postgres-DBT-airflow-/.venv/lib/python3.11/site-packages/airflow/example_dags/example_setup_teardown_taskflow.py took 0.059 seconds
[2025-05-31T21:33:24.899-0300] {processor.py:161} INFO - Started process (PID=42877) to work on /home/walterg/Documentos/Data_projects/Data-Warehouse-postgres-DBT-airflow-/.venv/lib/python3.11/site-packages/airflow/example_dags/example_setup_teardown_taskflow.py
[2025-05-31T21:33:24.904-0300] {processor.py:830} INFO - Processing file /home/walterg/Documentos/Data_projects/Data-Warehouse-postgres-DBT-airflow-/.venv/lib/python3.11/site-packages/airflow/example_dags/example_setup_teardown_taskflow.py for tasks to queue
[2025-05-31T21:33:24.906-0300] {logging_mixin.py:188} INFO - [2025-05-31T21:33:24.905-0300] {dagbag.py:538} INFO - Filling up the DagBag from /home/walterg/Documentos/Data_projects/Data-Warehouse-postgres-DBT-airflow-/.venv/lib/python3.11/site-packages/airflow/example_dags/example_setup_teardown_taskflow.py
[2025-05-31T21:33:24.914-0300] {processor.py:840} INFO - DAG(s) 'example_setup_teardown_taskflow' retrieved from /home/walterg/Documentos/Data_projects/Data-Warehouse-postgres-DBT-airflow-/.venv/lib/python3.11/site-packages/airflow/example_dags/example_setup_teardown_taskflow.py
[2025-05-31T21:33:24.927-0300] {logging_mixin.py:188} INFO - [2025-05-31T21:33:24.927-0300] {dag.py:3036} INFO - Sync 1 DAGs
[2025-05-31T21:33:24.941-0300] {logging_mixin.py:188} INFO - [2025-05-31T21:33:24.941-0300] {dag.py:3823} INFO - Setting next_dagrun for example_setup_teardown_taskflow to 2025-05-31 00:00:00+00:00, run_after=2025-06-01 00:00:00+00:00
[2025-05-31T21:33:24.959-0300] {processor.py:183} INFO - Processing /home/walterg/Documentos/Data_projects/Data-Warehouse-postgres-DBT-airflow-/.venv/lib/python3.11/site-packages/airflow/example_dags/example_setup_teardown_taskflow.py took 0.062 seconds
[2025-05-31T21:34:04.116-0300] {processor.py:161} INFO - Started process (PID=42937) to work on /home/walterg/Documentos/Data_projects/Data-Warehouse-postgres-DBT-airflow-/.venv/lib/python3.11/site-packages/airflow/example_dags/example_setup_teardown_taskflow.py
[2025-05-31T21:34:04.121-0300] {processor.py:830} INFO - Processing file /home/walterg/Documentos/Data_projects/Data-Warehouse-postgres-DBT-airflow-/.venv/lib/python3.11/site-packages/airflow/example_dags/example_setup_teardown_taskflow.py for tasks to queue
[2025-05-31T21:34:04.123-0300] {logging_mixin.py:188} INFO - [2025-05-31T21:34:04.122-0300] {dagbag.py:538} INFO - Filling up the DagBag from /home/walterg/Documentos/Data_projects/Data-Warehouse-postgres-DBT-airflow-/.venv/lib/python3.11/site-packages/airflow/example_dags/example_setup_teardown_taskflow.py
[2025-05-31T21:34:04.131-0300] {processor.py:840} INFO - DAG(s) 'example_setup_teardown_taskflow' retrieved from /home/walterg/Documentos/Data_projects/Data-Warehouse-postgres-DBT-airflow-/.venv/lib/python3.11/site-packages/airflow/example_dags/example_setup_teardown_taskflow.py
[2025-05-31T21:34:04.144-0300] {logging_mixin.py:188} INFO - [2025-05-31T21:34:04.144-0300] {dag.py:3036} INFO - Sync 1 DAGs
[2025-05-31T21:34:04.157-0300] {logging_mixin.py:188} INFO - [2025-05-31T21:34:04.157-0300] {dag.py:3823} INFO - Setting next_dagrun for example_setup_teardown_taskflow to 2025-05-31 00:00:00+00:00, run_after=2025-06-01 00:00:00+00:00
[2025-05-31T21:34:04.173-0300] {processor.py:183} INFO - Processing /home/walterg/Documentos/Data_projects/Data-Warehouse-postgres-DBT-airflow-/.venv/lib/python3.11/site-packages/airflow/example_dags/example_setup_teardown_taskflow.py took 0.060 seconds
[2025-05-31T21:34:57.988-0300] {processor.py:161} INFO - Started process (PID=43189) to work on /home/walterg/Documentos/Data_projects/Data-Warehouse-postgres-DBT-airflow-/.venv/lib/python3.11/site-packages/airflow/example_dags/example_setup_teardown_taskflow.py
[2025-05-31T21:34:57.989-0300] {processor.py:830} INFO - Processing file /home/walterg/Documentos/Data_projects/Data-Warehouse-postgres-DBT-airflow-/.venv/lib/python3.11/site-packages/airflow/example_dags/example_setup_teardown_taskflow.py for tasks to queue
[2025-05-31T21:34:57.990-0300] {logging_mixin.py:188} INFO - [2025-05-31T21:34:57.989-0300] {dagbag.py:538} INFO - Filling up the DagBag from /home/walterg/Documentos/Data_projects/Data-Warehouse-postgres-DBT-airflow-/.venv/lib/python3.11/site-packages/airflow/example_dags/example_setup_teardown_taskflow.py
[2025-05-31T21:34:57.998-0300] {processor.py:840} INFO - DAG(s) 'example_setup_teardown_taskflow' retrieved from /home/walterg/Documentos/Data_projects/Data-Warehouse-postgres-DBT-airflow-/.venv/lib/python3.11/site-packages/airflow/example_dags/example_setup_teardown_taskflow.py
[2025-05-31T21:34:58.010-0300] {logging_mixin.py:188} INFO - [2025-05-31T21:34:58.010-0300] {dag.py:3036} INFO - Sync 1 DAGs
[2025-05-31T21:34:58.023-0300] {logging_mixin.py:188} INFO - [2025-05-31T21:34:58.023-0300] {dag.py:3823} INFO - Setting next_dagrun for example_setup_teardown_taskflow to 2025-05-31 00:00:00+00:00, run_after=2025-06-01 00:00:00+00:00
[2025-05-31T21:34:58.041-0300] {processor.py:183} INFO - Processing /home/walterg/Documentos/Data_projects/Data-Warehouse-postgres-DBT-airflow-/.venv/lib/python3.11/site-packages/airflow/example_dags/example_setup_teardown_taskflow.py took 0.056 seconds
[2025-05-31T21:35:37.788-0300] {processor.py:161} INFO - Started process (PID=43460) to work on /home/walterg/Documentos/Data_projects/Data-Warehouse-postgres-DBT-airflow-/.venv/lib/python3.11/site-packages/airflow/example_dags/example_setup_teardown_taskflow.py
[2025-05-31T21:35:37.793-0300] {processor.py:830} INFO - Processing file /home/walterg/Documentos/Data_projects/Data-Warehouse-postgres-DBT-airflow-/.venv/lib/python3.11/site-packages/airflow/example_dags/example_setup_teardown_taskflow.py for tasks to queue
[2025-05-31T21:35:37.794-0300] {logging_mixin.py:188} INFO - [2025-05-31T21:35:37.794-0300] {dagbag.py:538} INFO - Filling up the DagBag from /home/walterg/Documentos/Data_projects/Data-Warehouse-postgres-DBT-airflow-/.venv/lib/python3.11/site-packages/airflow/example_dags/example_setup_teardown_taskflow.py
[2025-05-31T21:35:37.802-0300] {processor.py:840} INFO - DAG(s) 'example_setup_teardown_taskflow' retrieved from /home/walterg/Documentos/Data_projects/Data-Warehouse-postgres-DBT-airflow-/.venv/lib/python3.11/site-packages/airflow/example_dags/example_setup_teardown_taskflow.py
[2025-05-31T21:35:37.815-0300] {logging_mixin.py:188} INFO - [2025-05-31T21:35:37.815-0300] {dag.py:3036} INFO - Sync 1 DAGs
[2025-05-31T21:35:37.829-0300] {logging_mixin.py:188} INFO - [2025-05-31T21:35:37.829-0300] {dag.py:3823} INFO - Setting next_dagrun for example_setup_teardown_taskflow to 2025-05-31 00:00:00+00:00, run_after=2025-06-01 00:00:00+00:00
[2025-05-31T21:35:37.846-0300] {processor.py:183} INFO - Processing /home/walterg/Documentos/Data_projects/Data-Warehouse-postgres-DBT-airflow-/.venv/lib/python3.11/site-packages/airflow/example_dags/example_setup_teardown_taskflow.py took 0.060 seconds
[2025-05-31T21:36:31.603-0300] {processor.py:161} INFO - Started process (PID=43818) to work on /home/walterg/Documentos/Data_projects/Data-Warehouse-postgres-DBT-airflow-/.venv/lib/python3.11/site-packages/airflow/example_dags/example_setup_teardown_taskflow.py
[2025-05-31T21:36:31.608-0300] {processor.py:830} INFO - Processing file /home/walterg/Documentos/Data_projects/Data-Warehouse-postgres-DBT-airflow-/.venv/lib/python3.11/site-packages/airflow/example_dags/example_setup_teardown_taskflow.py for tasks to queue
[2025-05-31T21:36:31.609-0300] {logging_mixin.py:188} INFO - [2025-05-31T21:36:31.608-0300] {dagbag.py:538} INFO - Filling up the DagBag from /home/walterg/Documentos/Data_projects/Data-Warehouse-postgres-DBT-airflow-/.venv/lib/python3.11/site-packages/airflow/example_dags/example_setup_teardown_taskflow.py
[2025-05-31T21:36:31.618-0300] {processor.py:840} INFO - DAG(s) 'example_setup_teardown_taskflow' retrieved from /home/walterg/Documentos/Data_projects/Data-Warehouse-postgres-DBT-airflow-/.venv/lib/python3.11/site-packages/airflow/example_dags/example_setup_teardown_taskflow.py
[2025-05-31T21:36:31.632-0300] {logging_mixin.py:188} INFO - [2025-05-31T21:36:31.632-0300] {dag.py:3036} INFO - Sync 1 DAGs
[2025-05-31T21:36:31.647-0300] {logging_mixin.py:188} INFO - [2025-05-31T21:36:31.646-0300] {dag.py:3823} INFO - Setting next_dagrun for example_setup_teardown_taskflow to 2025-05-31 00:00:00+00:00, run_after=2025-06-01 00:00:00+00:00
[2025-05-31T21:36:31.664-0300] {processor.py:183} INFO - Processing /home/walterg/Documentos/Data_projects/Data-Warehouse-postgres-DBT-airflow-/.venv/lib/python3.11/site-packages/airflow/example_dags/example_setup_teardown_taskflow.py took 0.064 seconds
[2025-05-31T21:37:22.032-0300] {processor.py:161} INFO - Started process (PID=44269) to work on /home/walterg/Documentos/Data_projects/Data-Warehouse-postgres-DBT-airflow-/.venv/lib/python3.11/site-packages/airflow/example_dags/example_setup_teardown_taskflow.py
[2025-05-31T21:37:22.032-0300] {processor.py:830} INFO - Processing file /home/walterg/Documentos/Data_projects/Data-Warehouse-postgres-DBT-airflow-/.venv/lib/python3.11/site-packages/airflow/example_dags/example_setup_teardown_taskflow.py for tasks to queue
[2025-05-31T21:37:22.033-0300] {logging_mixin.py:188} INFO - [2025-05-31T21:37:22.033-0300] {dagbag.py:538} INFO - Filling up the DagBag from /home/walterg/Documentos/Data_projects/Data-Warehouse-postgres-DBT-airflow-/.venv/lib/python3.11/site-packages/airflow/example_dags/example_setup_teardown_taskflow.py
[2025-05-31T21:37:22.041-0300] {processor.py:840} INFO - DAG(s) 'example_setup_teardown_taskflow' retrieved from /home/walterg/Documentos/Data_projects/Data-Warehouse-postgres-DBT-airflow-/.venv/lib/python3.11/site-packages/airflow/example_dags/example_setup_teardown_taskflow.py
[2025-05-31T21:37:22.053-0300] {logging_mixin.py:188} INFO - [2025-05-31T21:37:22.053-0300] {dag.py:3036} INFO - Sync 1 DAGs
[2025-05-31T21:37:22.067-0300] {logging_mixin.py:188} INFO - [2025-05-31T21:37:22.067-0300] {dag.py:3823} INFO - Setting next_dagrun for example_setup_teardown_taskflow to 2025-05-31 00:00:00+00:00, run_after=2025-06-01 00:00:00+00:00
[2025-05-31T21:37:22.082-0300] {processor.py:183} INFO - Processing /home/walterg/Documentos/Data_projects/Data-Warehouse-postgres-DBT-airflow-/.venv/lib/python3.11/site-packages/airflow/example_dags/example_setup_teardown_taskflow.py took 0.053 seconds
[2025-05-31T21:38:12.555-0300] {processor.py:161} INFO - Started process (PID=44584) to work on /home/walterg/Documentos/Data_projects/Data-Warehouse-postgres-DBT-airflow-/.venv/lib/python3.11/site-packages/airflow/example_dags/example_setup_teardown_taskflow.py
[2025-05-31T21:38:12.560-0300] {processor.py:830} INFO - Processing file /home/walterg/Documentos/Data_projects/Data-Warehouse-postgres-DBT-airflow-/.venv/lib/python3.11/site-packages/airflow/example_dags/example_setup_teardown_taskflow.py for tasks to queue
[2025-05-31T21:38:12.562-0300] {logging_mixin.py:188} INFO - [2025-05-31T21:38:12.561-0300] {dagbag.py:538} INFO - Filling up the DagBag from /home/walterg/Documentos/Data_projects/Data-Warehouse-postgres-DBT-airflow-/.venv/lib/python3.11/site-packages/airflow/example_dags/example_setup_teardown_taskflow.py
[2025-05-31T21:38:12.570-0300] {processor.py:840} INFO - DAG(s) 'example_setup_teardown_taskflow' retrieved from /home/walterg/Documentos/Data_projects/Data-Warehouse-postgres-DBT-airflow-/.venv/lib/python3.11/site-packages/airflow/example_dags/example_setup_teardown_taskflow.py
[2025-05-31T21:38:12.582-0300] {logging_mixin.py:188} INFO - [2025-05-31T21:38:12.582-0300] {dag.py:3036} INFO - Sync 1 DAGs
[2025-05-31T21:38:12.595-0300] {logging_mixin.py:188} INFO - [2025-05-31T21:38:12.595-0300] {dag.py:3823} INFO - Setting next_dagrun for example_setup_teardown_taskflow to 2025-05-31 00:00:00+00:00, run_after=2025-06-01 00:00:00+00:00
[2025-05-31T21:38:12.612-0300] {processor.py:183} INFO - Processing /home/walterg/Documentos/Data_projects/Data-Warehouse-postgres-DBT-airflow-/.venv/lib/python3.11/site-packages/airflow/example_dags/example_setup_teardown_taskflow.py took 0.060 seconds
[2025-05-31T21:39:04.792-0300] {processor.py:161} INFO - Started process (PID=44738) to work on /home/walterg/Documentos/Data_projects/Data-Warehouse-postgres-DBT-airflow-/.venv/lib/python3.11/site-packages/airflow/example_dags/example_setup_teardown_taskflow.py
[2025-05-31T21:39:04.797-0300] {processor.py:830} INFO - Processing file /home/walterg/Documentos/Data_projects/Data-Warehouse-postgres-DBT-airflow-/.venv/lib/python3.11/site-packages/airflow/example_dags/example_setup_teardown_taskflow.py for tasks to queue
[2025-05-31T21:39:04.798-0300] {logging_mixin.py:188} INFO - [2025-05-31T21:39:04.797-0300] {dagbag.py:538} INFO - Filling up the DagBag from /home/walterg/Documentos/Data_projects/Data-Warehouse-postgres-DBT-airflow-/.venv/lib/python3.11/site-packages/airflow/example_dags/example_setup_teardown_taskflow.py
[2025-05-31T21:39:04.806-0300] {processor.py:840} INFO - DAG(s) 'example_setup_teardown_taskflow' retrieved from /home/walterg/Documentos/Data_projects/Data-Warehouse-postgres-DBT-airflow-/.venv/lib/python3.11/site-packages/airflow/example_dags/example_setup_teardown_taskflow.py
[2025-05-31T21:39:04.819-0300] {logging_mixin.py:188} INFO - [2025-05-31T21:39:04.818-0300] {dag.py:3036} INFO - Sync 1 DAGs
[2025-05-31T21:39:04.833-0300] {logging_mixin.py:188} INFO - [2025-05-31T21:39:04.832-0300] {dag.py:3823} INFO - Setting next_dagrun for example_setup_teardown_taskflow to 2025-05-31 00:00:00+00:00, run_after=2025-06-01 00:00:00+00:00
[2025-05-31T21:39:04.851-0300] {processor.py:183} INFO - Processing /home/walterg/Documentos/Data_projects/Data-Warehouse-postgres-DBT-airflow-/.venv/lib/python3.11/site-packages/airflow/example_dags/example_setup_teardown_taskflow.py took 0.061 seconds
[2025-05-31T21:39:43.300-0300] {processor.py:161} INFO - Started process (PID=44830) to work on /home/walterg/Documentos/Data_projects/Data-Warehouse-postgres-DBT-airflow-/.venv/lib/python3.11/site-packages/airflow/example_dags/example_setup_teardown_taskflow.py
[2025-05-31T21:39:43.305-0300] {processor.py:830} INFO - Processing file /home/walterg/Documentos/Data_projects/Data-Warehouse-postgres-DBT-airflow-/.venv/lib/python3.11/site-packages/airflow/example_dags/example_setup_teardown_taskflow.py for tasks to queue
[2025-05-31T21:39:43.307-0300] {logging_mixin.py:188} INFO - [2025-05-31T21:39:43.306-0300] {dagbag.py:538} INFO - Filling up the DagBag from /home/walterg/Documentos/Data_projects/Data-Warehouse-postgres-DBT-airflow-/.venv/lib/python3.11/site-packages/airflow/example_dags/example_setup_teardown_taskflow.py
[2025-05-31T21:39:43.315-0300] {processor.py:840} INFO - DAG(s) 'example_setup_teardown_taskflow' retrieved from /home/walterg/Documentos/Data_projects/Data-Warehouse-postgres-DBT-airflow-/.venv/lib/python3.11/site-packages/airflow/example_dags/example_setup_teardown_taskflow.py
[2025-05-31T21:39:43.328-0300] {logging_mixin.py:188} INFO - [2025-05-31T21:39:43.328-0300] {dag.py:3036} INFO - Sync 1 DAGs
[2025-05-31T21:39:43.342-0300] {logging_mixin.py:188} INFO - [2025-05-31T21:39:43.342-0300] {dag.py:3823} INFO - Setting next_dagrun for example_setup_teardown_taskflow to 2025-05-31 00:00:00+00:00, run_after=2025-06-01 00:00:00+00:00
[2025-05-31T21:39:43.359-0300] {processor.py:183} INFO - Processing /home/walterg/Documentos/Data_projects/Data-Warehouse-postgres-DBT-airflow-/.venv/lib/python3.11/site-packages/airflow/example_dags/example_setup_teardown_taskflow.py took 0.061 seconds
[2025-05-31T21:40:21.369-0300] {processor.py:161} INFO - Started process (PID=44969) to work on /home/walterg/Documentos/Data_projects/Data-Warehouse-postgres-DBT-airflow-/.venv/lib/python3.11/site-packages/airflow/example_dags/example_setup_teardown_taskflow.py
[2025-05-31T21:40:21.371-0300] {processor.py:830} INFO - Processing file /home/walterg/Documentos/Data_projects/Data-Warehouse-postgres-DBT-airflow-/.venv/lib/python3.11/site-packages/airflow/example_dags/example_setup_teardown_taskflow.py for tasks to queue
[2025-05-31T21:40:21.372-0300] {logging_mixin.py:188} INFO - [2025-05-31T21:40:21.372-0300] {dagbag.py:538} INFO - Filling up the DagBag from /home/walterg/Documentos/Data_projects/Data-Warehouse-postgres-DBT-airflow-/.venv/lib/python3.11/site-packages/airflow/example_dags/example_setup_teardown_taskflow.py
[2025-05-31T21:40:21.372-0300] {processor.py:842} WARNING - No viable dags retrieved from /home/walterg/Documentos/Data_projects/Data-Warehouse-postgres-DBT-airflow-/.venv/lib/python3.11/site-packages/airflow/example_dags/example_setup_teardown_taskflow.py
[2025-05-31T21:40:21.378-0300] {processor.py:183} INFO - Processing /home/walterg/Documentos/Data_projects/Data-Warehouse-postgres-DBT-airflow-/.venv/lib/python3.11/site-packages/airflow/example_dags/example_setup_teardown_taskflow.py took 0.012 seconds
