[2025-05-31T21:00:18.534-0300] {processor.py:161} INFO - Started process (PID=32643) to work on /home/walterg/Documentos/Data_projects/Data-Warehouse-postgres-DBT-airflow-/.venv/lib/python3.11/site-packages/airflow/example_dags/example_sensor_decorator.py
[2025-05-31T21:00:18.535-0300] {processor.py:830} INFO - Processing file /home/walterg/Documentos/Data_projects/Data-Warehouse-postgres-DBT-airflow-/.venv/lib/python3.11/site-packages/airflow/example_dags/example_sensor_decorator.py for tasks to queue
[2025-05-31T21:00:18.536-0300] {logging_mixin.py:188} INFO - [2025-05-31T21:00:18.535-0300] {dagbag.py:538} INFO - Filling up the DagBag from /home/walterg/Documentos/Data_projects/Data-Warehouse-postgres-DBT-airflow-/.venv/lib/python3.11/site-packages/airflow/example_dags/example_sensor_decorator.py
[2025-05-31T21:00:18.541-0300] {processor.py:840} INFO - DAG(s) 'example_sensor_decorator' retrieved from /home/walterg/Documentos/Data_projects/Data-Warehouse-postgres-DBT-airflow-/.venv/lib/python3.11/site-packages/airflow/example_dags/example_sensor_decorator.py
[2025-05-31T21:00:18.553-0300] {logging_mixin.py:188} INFO - [2025-05-31T21:00:18.553-0300] {dag.py:3036} INFO - Sync 1 DAGs
[2025-05-31T21:00:18.561-0300] {logging_mixin.py:188} INFO - [2025-05-31T21:00:18.560-0300] {dag.py:3823} INFO - Setting next_dagrun for example_sensor_decorator to None, run_after=None
[2025-05-31T21:00:18.581-0300] {processor.py:183} INFO - Processing /home/walterg/Documentos/Data_projects/Data-Warehouse-postgres-DBT-airflow-/.venv/lib/python3.11/site-packages/airflow/example_dags/example_sensor_decorator.py took 0.050 seconds
[2025-05-31T21:01:20.385-0300] {processor.py:161} INFO - Started process (PID=32929) to work on /home/walterg/Documentos/Data_projects/Data-Warehouse-postgres-DBT-airflow-/.venv/lib/python3.11/site-packages/airflow/example_dags/example_sensor_decorator.py
[2025-05-31T21:01:20.390-0300] {processor.py:830} INFO - Processing file /home/walterg/Documentos/Data_projects/Data-Warehouse-postgres-DBT-airflow-/.venv/lib/python3.11/site-packages/airflow/example_dags/example_sensor_decorator.py for tasks to queue
[2025-05-31T21:01:20.391-0300] {logging_mixin.py:188} INFO - [2025-05-31T21:01:20.391-0300] {dagbag.py:538} INFO - Filling up the DagBag from /home/walterg/Documentos/Data_projects/Data-Warehouse-postgres-DBT-airflow-/.venv/lib/python3.11/site-packages/airflow/example_dags/example_sensor_decorator.py
[2025-05-31T21:01:20.396-0300] {processor.py:840} INFO - DAG(s) 'example_sensor_decorator' retrieved from /home/walterg/Documentos/Data_projects/Data-Warehouse-postgres-DBT-airflow-/.venv/lib/python3.11/site-packages/airflow/example_dags/example_sensor_decorator.py
[2025-05-31T21:01:20.409-0300] {logging_mixin.py:188} INFO - [2025-05-31T21:01:20.409-0300] {dag.py:3036} INFO - Sync 1 DAGs
[2025-05-31T21:01:20.416-0300] {logging_mixin.py:188} INFO - [2025-05-31T21:01:20.416-0300] {dag.py:3823} INFO - Setting next_dagrun for example_sensor_decorator to None, run_after=None
[2025-05-31T21:01:20.432-0300] {processor.py:183} INFO - Processing /home/walterg/Documentos/Data_projects/Data-Warehouse-postgres-DBT-airflow-/.venv/lib/python3.11/site-packages/airflow/example_dags/example_sensor_decorator.py took 0.049 seconds
[2025-05-31T21:02:25.174-0300] {processor.py:161} INFO - Started process (PID=33349) to work on /home/walterg/Documentos/Data_projects/Data-Warehouse-postgres-DBT-airflow-/.venv/lib/python3.11/site-packages/airflow/example_dags/example_sensor_decorator.py
[2025-05-31T21:02:25.175-0300] {processor.py:830} INFO - Processing file /home/walterg/Documentos/Data_projects/Data-Warehouse-postgres-DBT-airflow-/.venv/lib/python3.11/site-packages/airflow/example_dags/example_sensor_decorator.py for tasks to queue
[2025-05-31T21:02:25.175-0300] {logging_mixin.py:188} INFO - [2025-05-31T21:02:25.175-0300] {dagbag.py:538} INFO - Filling up the DagBag from /home/walterg/Documentos/Data_projects/Data-Warehouse-postgres-DBT-airflow-/.venv/lib/python3.11/site-packages/airflow/example_dags/example_sensor_decorator.py
[2025-05-31T21:02:25.180-0300] {processor.py:840} INFO - DAG(s) 'example_sensor_decorator' retrieved from /home/walterg/Documentos/Data_projects/Data-Warehouse-postgres-DBT-airflow-/.venv/lib/python3.11/site-packages/airflow/example_dags/example_sensor_decorator.py
[2025-05-31T21:02:25.193-0300] {logging_mixin.py:188} INFO - [2025-05-31T21:02:25.192-0300] {dag.py:3036} INFO - Sync 1 DAGs
[2025-05-31T21:02:25.200-0300] {logging_mixin.py:188} INFO - [2025-05-31T21:02:25.200-0300] {dag.py:3823} INFO - Setting next_dagrun for example_sensor_decorator to None, run_after=None
[2025-05-31T21:02:25.217-0300] {processor.py:183} INFO - Processing /home/walterg/Documentos/Data_projects/Data-Warehouse-postgres-DBT-airflow-/.venv/lib/python3.11/site-packages/airflow/example_dags/example_sensor_decorator.py took 0.046 seconds
[2025-05-31T21:03:13.228-0300] {processor.py:161} INFO - Started process (PID=33565) to work on /home/walterg/Documentos/Data_projects/Data-Warehouse-postgres-DBT-airflow-/.venv/lib/python3.11/site-packages/airflow/example_dags/example_sensor_decorator.py
[2025-05-31T21:03:13.233-0300] {processor.py:830} INFO - Processing file /home/walterg/Documentos/Data_projects/Data-Warehouse-postgres-DBT-airflow-/.venv/lib/python3.11/site-packages/airflow/example_dags/example_sensor_decorator.py for tasks to queue
[2025-05-31T21:03:13.234-0300] {logging_mixin.py:188} INFO - [2025-05-31T21:03:13.234-0300] {dagbag.py:538} INFO - Filling up the DagBag from /home/walterg/Documentos/Data_projects/Data-Warehouse-postgres-DBT-airflow-/.venv/lib/python3.11/site-packages/airflow/example_dags/example_sensor_decorator.py
[2025-05-31T21:03:13.239-0300] {processor.py:840} INFO - DAG(s) 'example_sensor_decorator' retrieved from /home/walterg/Documentos/Data_projects/Data-Warehouse-postgres-DBT-airflow-/.venv/lib/python3.11/site-packages/airflow/example_dags/example_sensor_decorator.py
[2025-05-31T21:03:13.251-0300] {logging_mixin.py:188} INFO - [2025-05-31T21:03:13.251-0300] {dag.py:3036} INFO - Sync 1 DAGs
[2025-05-31T21:03:13.259-0300] {logging_mixin.py:188} INFO - [2025-05-31T21:03:13.259-0300] {dag.py:3823} INFO - Setting next_dagrun for example_sensor_decorator to None, run_after=None
[2025-05-31T21:03:13.275-0300] {processor.py:183} INFO - Processing /home/walterg/Documentos/Data_projects/Data-Warehouse-postgres-DBT-airflow-/.venv/lib/python3.11/site-packages/airflow/example_dags/example_sensor_decorator.py took 0.049 seconds
[2025-05-31T21:04:14.912-0300] {processor.py:161} INFO - Started process (PID=33813) to work on /home/walterg/Documentos/Data_projects/Data-Warehouse-postgres-DBT-airflow-/.venv/lib/python3.11/site-packages/airflow/example_dags/example_sensor_decorator.py
[2025-05-31T21:04:14.917-0300] {processor.py:830} INFO - Processing file /home/walterg/Documentos/Data_projects/Data-Warehouse-postgres-DBT-airflow-/.venv/lib/python3.11/site-packages/airflow/example_dags/example_sensor_decorator.py for tasks to queue
[2025-05-31T21:04:14.919-0300] {logging_mixin.py:188} INFO - [2025-05-31T21:04:14.918-0300] {dagbag.py:538} INFO - Filling up the DagBag from /home/walterg/Documentos/Data_projects/Data-Warehouse-postgres-DBT-airflow-/.venv/lib/python3.11/site-packages/airflow/example_dags/example_sensor_decorator.py
[2025-05-31T21:04:14.924-0300] {processor.py:840} INFO - DAG(s) 'example_sensor_decorator' retrieved from /home/walterg/Documentos/Data_projects/Data-Warehouse-postgres-DBT-airflow-/.venv/lib/python3.11/site-packages/airflow/example_dags/example_sensor_decorator.py
[2025-05-31T21:04:14.936-0300] {logging_mixin.py:188} INFO - [2025-05-31T21:04:14.936-0300] {dag.py:3036} INFO - Sync 1 DAGs
[2025-05-31T21:04:14.943-0300] {logging_mixin.py:188} INFO - [2025-05-31T21:04:14.943-0300] {dag.py:3823} INFO - Setting next_dagrun for example_sensor_decorator to None, run_after=None
[2025-05-31T21:04:14.961-0300] {processor.py:183} INFO - Processing /home/walterg/Documentos/Data_projects/Data-Warehouse-postgres-DBT-airflow-/.venv/lib/python3.11/site-packages/airflow/example_dags/example_sensor_decorator.py took 0.051 seconds
[2025-05-31T21:05:19.999-0300] {processor.py:161} INFO - Started process (PID=34139) to work on /home/walterg/Documentos/Data_projects/Data-Warehouse-postgres-DBT-airflow-/.venv/lib/python3.11/site-packages/airflow/example_dags/example_sensor_decorator.py
[2025-05-31T21:05:20.004-0300] {processor.py:830} INFO - Processing file /home/walterg/Documentos/Data_projects/Data-Warehouse-postgres-DBT-airflow-/.venv/lib/python3.11/site-packages/airflow/example_dags/example_sensor_decorator.py for tasks to queue
[2025-05-31T21:05:20.005-0300] {logging_mixin.py:188} INFO - [2025-05-31T21:05:20.005-0300] {dagbag.py:538} INFO - Filling up the DagBag from /home/walterg/Documentos/Data_projects/Data-Warehouse-postgres-DBT-airflow-/.venv/lib/python3.11/site-packages/airflow/example_dags/example_sensor_decorator.py
[2025-05-31T21:05:20.010-0300] {processor.py:840} INFO - DAG(s) 'example_sensor_decorator' retrieved from /home/walterg/Documentos/Data_projects/Data-Warehouse-postgres-DBT-airflow-/.venv/lib/python3.11/site-packages/airflow/example_dags/example_sensor_decorator.py
[2025-05-31T21:05:20.023-0300] {logging_mixin.py:188} INFO - [2025-05-31T21:05:20.022-0300] {dag.py:3036} INFO - Sync 1 DAGs
[2025-05-31T21:05:20.031-0300] {logging_mixin.py:188} INFO - [2025-05-31T21:05:20.030-0300] {dag.py:3823} INFO - Setting next_dagrun for example_sensor_decorator to None, run_after=None
[2025-05-31T21:05:20.047-0300] {processor.py:183} INFO - Processing /home/walterg/Documentos/Data_projects/Data-Warehouse-postgres-DBT-airflow-/.venv/lib/python3.11/site-packages/airflow/example_dags/example_sensor_decorator.py took 0.051 seconds
[2025-05-31T21:06:23.214-0300] {processor.py:161} INFO - Started process (PID=34514) to work on /home/walterg/Documentos/Data_projects/Data-Warehouse-postgres-DBT-airflow-/.venv/lib/python3.11/site-packages/airflow/example_dags/example_sensor_decorator.py
[2025-05-31T21:06:23.219-0300] {processor.py:830} INFO - Processing file /home/walterg/Documentos/Data_projects/Data-Warehouse-postgres-DBT-airflow-/.venv/lib/python3.11/site-packages/airflow/example_dags/example_sensor_decorator.py for tasks to queue
[2025-05-31T21:06:23.221-0300] {logging_mixin.py:188} INFO - [2025-05-31T21:06:23.220-0300] {dagbag.py:538} INFO - Filling up the DagBag from /home/walterg/Documentos/Data_projects/Data-Warehouse-postgres-DBT-airflow-/.venv/lib/python3.11/site-packages/airflow/example_dags/example_sensor_decorator.py
[2025-05-31T21:06:23.226-0300] {processor.py:840} INFO - DAG(s) 'example_sensor_decorator' retrieved from /home/walterg/Documentos/Data_projects/Data-Warehouse-postgres-DBT-airflow-/.venv/lib/python3.11/site-packages/airflow/example_dags/example_sensor_decorator.py
[2025-05-31T21:06:23.238-0300] {logging_mixin.py:188} INFO - [2025-05-31T21:06:23.238-0300] {dag.py:3036} INFO - Sync 1 DAGs
[2025-05-31T21:06:23.245-0300] {logging_mixin.py:188} INFO - [2025-05-31T21:06:23.245-0300] {dag.py:3823} INFO - Setting next_dagrun for example_sensor_decorator to None, run_after=None
[2025-05-31T21:06:23.264-0300] {processor.py:183} INFO - Processing /home/walterg/Documentos/Data_projects/Data-Warehouse-postgres-DBT-airflow-/.venv/lib/python3.11/site-packages/airflow/example_dags/example_sensor_decorator.py took 0.053 seconds
[2025-05-31T21:07:11.418-0300] {processor.py:161} INFO - Started process (PID=34726) to work on /home/walterg/Documentos/Data_projects/Data-Warehouse-postgres-DBT-airflow-/.venv/lib/python3.11/site-packages/airflow/example_dags/example_sensor_decorator.py
[2025-05-31T21:07:11.423-0300] {processor.py:830} INFO - Processing file /home/walterg/Documentos/Data_projects/Data-Warehouse-postgres-DBT-airflow-/.venv/lib/python3.11/site-packages/airflow/example_dags/example_sensor_decorator.py for tasks to queue
[2025-05-31T21:07:11.424-0300] {logging_mixin.py:188} INFO - [2025-05-31T21:07:11.423-0300] {dagbag.py:538} INFO - Filling up the DagBag from /home/walterg/Documentos/Data_projects/Data-Warehouse-postgres-DBT-airflow-/.venv/lib/python3.11/site-packages/airflow/example_dags/example_sensor_decorator.py
[2025-05-31T21:07:11.429-0300] {processor.py:840} INFO - DAG(s) 'example_sensor_decorator' retrieved from /home/walterg/Documentos/Data_projects/Data-Warehouse-postgres-DBT-airflow-/.venv/lib/python3.11/site-packages/airflow/example_dags/example_sensor_decorator.py
[2025-05-31T21:07:11.441-0300] {logging_mixin.py:188} INFO - [2025-05-31T21:07:11.441-0300] {dag.py:3036} INFO - Sync 1 DAGs
[2025-05-31T21:07:11.448-0300] {logging_mixin.py:188} INFO - [2025-05-31T21:07:11.448-0300] {dag.py:3823} INFO - Setting next_dagrun for example_sensor_decorator to None, run_after=None
[2025-05-31T21:07:11.465-0300] {processor.py:183} INFO - Processing /home/walterg/Documentos/Data_projects/Data-Warehouse-postgres-DBT-airflow-/.venv/lib/python3.11/site-packages/airflow/example_dags/example_sensor_decorator.py took 0.050 seconds
[2025-05-31T21:08:17.029-0300] {processor.py:161} INFO - Started process (PID=35098) to work on /home/walterg/Documentos/Data_projects/Data-Warehouse-postgres-DBT-airflow-/.venv/lib/python3.11/site-packages/airflow/example_dags/example_sensor_decorator.py
[2025-05-31T21:08:17.034-0300] {processor.py:830} INFO - Processing file /home/walterg/Documentos/Data_projects/Data-Warehouse-postgres-DBT-airflow-/.venv/lib/python3.11/site-packages/airflow/example_dags/example_sensor_decorator.py for tasks to queue
[2025-05-31T21:08:17.035-0300] {logging_mixin.py:188} INFO - [2025-05-31T21:08:17.035-0300] {dagbag.py:538} INFO - Filling up the DagBag from /home/walterg/Documentos/Data_projects/Data-Warehouse-postgres-DBT-airflow-/.venv/lib/python3.11/site-packages/airflow/example_dags/example_sensor_decorator.py
[2025-05-31T21:08:17.042-0300] {processor.py:840} INFO - DAG(s) 'example_sensor_decorator' retrieved from /home/walterg/Documentos/Data_projects/Data-Warehouse-postgres-DBT-airflow-/.venv/lib/python3.11/site-packages/airflow/example_dags/example_sensor_decorator.py
[2025-05-31T21:08:17.055-0300] {logging_mixin.py:188} INFO - [2025-05-31T21:08:17.055-0300] {dag.py:3036} INFO - Sync 1 DAGs
[2025-05-31T21:08:17.063-0300] {logging_mixin.py:188} INFO - [2025-05-31T21:08:17.063-0300] {dag.py:3823} INFO - Setting next_dagrun for example_sensor_decorator to None, run_after=None
[2025-05-31T21:08:17.080-0300] {processor.py:183} INFO - Processing /home/walterg/Documentos/Data_projects/Data-Warehouse-postgres-DBT-airflow-/.venv/lib/python3.11/site-packages/airflow/example_dags/example_sensor_decorator.py took 0.053 seconds
[2025-05-31T21:09:14.543-0300] {processor.py:161} INFO - Started process (PID=35389) to work on /home/walterg/Documentos/Data_projects/Data-Warehouse-postgres-DBT-airflow-/.venv/lib/python3.11/site-packages/airflow/example_dags/example_sensor_decorator.py
[2025-05-31T21:09:14.548-0300] {processor.py:830} INFO - Processing file /home/walterg/Documentos/Data_projects/Data-Warehouse-postgres-DBT-airflow-/.venv/lib/python3.11/site-packages/airflow/example_dags/example_sensor_decorator.py for tasks to queue
[2025-05-31T21:09:14.549-0300] {logging_mixin.py:188} INFO - [2025-05-31T21:09:14.548-0300] {dagbag.py:538} INFO - Filling up the DagBag from /home/walterg/Documentos/Data_projects/Data-Warehouse-postgres-DBT-airflow-/.venv/lib/python3.11/site-packages/airflow/example_dags/example_sensor_decorator.py
[2025-05-31T21:09:14.554-0300] {processor.py:840} INFO - DAG(s) 'example_sensor_decorator' retrieved from /home/walterg/Documentos/Data_projects/Data-Warehouse-postgres-DBT-airflow-/.venv/lib/python3.11/site-packages/airflow/example_dags/example_sensor_decorator.py
[2025-05-31T21:09:14.566-0300] {logging_mixin.py:188} INFO - [2025-05-31T21:09:14.566-0300] {dag.py:3036} INFO - Sync 1 DAGs
[2025-05-31T21:09:14.574-0300] {logging_mixin.py:188} INFO - [2025-05-31T21:09:14.574-0300] {dag.py:3823} INFO - Setting next_dagrun for example_sensor_decorator to None, run_after=None
[2025-05-31T21:09:14.592-0300] {processor.py:183} INFO - Processing /home/walterg/Documentos/Data_projects/Data-Warehouse-postgres-DBT-airflow-/.venv/lib/python3.11/site-packages/airflow/example_dags/example_sensor_decorator.py took 0.051 seconds
[2025-05-31T21:10:16.721-0300] {processor.py:161} INFO - Started process (PID=35718) to work on /home/walterg/Documentos/Data_projects/Data-Warehouse-postgres-DBT-airflow-/.venv/lib/python3.11/site-packages/airflow/example_dags/example_sensor_decorator.py
[2025-05-31T21:10:16.722-0300] {processor.py:830} INFO - Processing file /home/walterg/Documentos/Data_projects/Data-Warehouse-postgres-DBT-airflow-/.venv/lib/python3.11/site-packages/airflow/example_dags/example_sensor_decorator.py for tasks to queue
[2025-05-31T21:10:16.723-0300] {logging_mixin.py:188} INFO - [2025-05-31T21:10:16.722-0300] {dagbag.py:538} INFO - Filling up the DagBag from /home/walterg/Documentos/Data_projects/Data-Warehouse-postgres-DBT-airflow-/.venv/lib/python3.11/site-packages/airflow/example_dags/example_sensor_decorator.py
[2025-05-31T21:10:16.728-0300] {processor.py:840} INFO - DAG(s) 'example_sensor_decorator' retrieved from /home/walterg/Documentos/Data_projects/Data-Warehouse-postgres-DBT-airflow-/.venv/lib/python3.11/site-packages/airflow/example_dags/example_sensor_decorator.py
[2025-05-31T21:10:16.741-0300] {logging_mixin.py:188} INFO - [2025-05-31T21:10:16.740-0300] {dag.py:3036} INFO - Sync 1 DAGs
[2025-05-31T21:10:16.748-0300] {logging_mixin.py:188} INFO - [2025-05-31T21:10:16.748-0300] {dag.py:3823} INFO - Setting next_dagrun for example_sensor_decorator to None, run_after=None
[2025-05-31T21:10:16.764-0300] {processor.py:183} INFO - Processing /home/walterg/Documentos/Data_projects/Data-Warehouse-postgres-DBT-airflow-/.venv/lib/python3.11/site-packages/airflow/example_dags/example_sensor_decorator.py took 0.046 seconds
[2025-05-31T21:11:18.815-0300] {processor.py:161} INFO - Started process (PID=36054) to work on /home/walterg/Documentos/Data_projects/Data-Warehouse-postgres-DBT-airflow-/.venv/lib/python3.11/site-packages/airflow/example_dags/example_sensor_decorator.py
[2025-05-31T21:11:18.820-0300] {processor.py:830} INFO - Processing file /home/walterg/Documentos/Data_projects/Data-Warehouse-postgres-DBT-airflow-/.venv/lib/python3.11/site-packages/airflow/example_dags/example_sensor_decorator.py for tasks to queue
[2025-05-31T21:11:18.821-0300] {logging_mixin.py:188} INFO - [2025-05-31T21:11:18.821-0300] {dagbag.py:538} INFO - Filling up the DagBag from /home/walterg/Documentos/Data_projects/Data-Warehouse-postgres-DBT-airflow-/.venv/lib/python3.11/site-packages/airflow/example_dags/example_sensor_decorator.py
[2025-05-31T21:11:18.826-0300] {processor.py:840} INFO - DAG(s) 'example_sensor_decorator' retrieved from /home/walterg/Documentos/Data_projects/Data-Warehouse-postgres-DBT-airflow-/.venv/lib/python3.11/site-packages/airflow/example_dags/example_sensor_decorator.py
[2025-05-31T21:11:18.841-0300] {logging_mixin.py:188} INFO - [2025-05-31T21:11:18.840-0300] {dag.py:3036} INFO - Sync 1 DAGs
[2025-05-31T21:11:18.849-0300] {logging_mixin.py:188} INFO - [2025-05-31T21:11:18.849-0300] {dag.py:3823} INFO - Setting next_dagrun for example_sensor_decorator to None, run_after=None
[2025-05-31T21:11:18.866-0300] {processor.py:183} INFO - Processing /home/walterg/Documentos/Data_projects/Data-Warehouse-postgres-DBT-airflow-/.venv/lib/python3.11/site-packages/airflow/example_dags/example_sensor_decorator.py took 0.053 seconds
[2025-05-31T21:12:01.117-0300] {processor.py:161} INFO - Started process (PID=36163) to work on /home/walterg/Documentos/Data_projects/Data-Warehouse-postgres-DBT-airflow-/.venv/lib/python3.11/site-packages/airflow/example_dags/example_sensor_decorator.py
[2025-05-31T21:12:01.122-0300] {processor.py:830} INFO - Processing file /home/walterg/Documentos/Data_projects/Data-Warehouse-postgres-DBT-airflow-/.venv/lib/python3.11/site-packages/airflow/example_dags/example_sensor_decorator.py for tasks to queue
[2025-05-31T21:12:01.123-0300] {logging_mixin.py:188} INFO - [2025-05-31T21:12:01.122-0300] {dagbag.py:538} INFO - Filling up the DagBag from /home/walterg/Documentos/Data_projects/Data-Warehouse-postgres-DBT-airflow-/.venv/lib/python3.11/site-packages/airflow/example_dags/example_sensor_decorator.py
[2025-05-31T21:12:01.128-0300] {processor.py:840} INFO - DAG(s) 'example_sensor_decorator' retrieved from /home/walterg/Documentos/Data_projects/Data-Warehouse-postgres-DBT-airflow-/.venv/lib/python3.11/site-packages/airflow/example_dags/example_sensor_decorator.py
[2025-05-31T21:12:01.141-0300] {logging_mixin.py:188} INFO - [2025-05-31T21:12:01.140-0300] {dag.py:3036} INFO - Sync 1 DAGs
[2025-05-31T21:12:01.149-0300] {logging_mixin.py:188} INFO - [2025-05-31T21:12:01.148-0300] {dag.py:3823} INFO - Setting next_dagrun for example_sensor_decorator to None, run_after=None
[2025-05-31T21:12:01.165-0300] {processor.py:183} INFO - Processing /home/walterg/Documentos/Data_projects/Data-Warehouse-postgres-DBT-airflow-/.venv/lib/python3.11/site-packages/airflow/example_dags/example_sensor_decorator.py took 0.051 seconds
[2025-05-31T21:12:47.116-0300] {processor.py:161} INFO - Started process (PID=36388) to work on /home/walterg/Documentos/Data_projects/Data-Warehouse-postgres-DBT-airflow-/.venv/lib/python3.11/site-packages/airflow/example_dags/example_sensor_decorator.py
[2025-05-31T21:12:47.121-0300] {processor.py:830} INFO - Processing file /home/walterg/Documentos/Data_projects/Data-Warehouse-postgres-DBT-airflow-/.venv/lib/python3.11/site-packages/airflow/example_dags/example_sensor_decorator.py for tasks to queue
[2025-05-31T21:12:47.123-0300] {logging_mixin.py:188} INFO - [2025-05-31T21:12:47.122-0300] {dagbag.py:538} INFO - Filling up the DagBag from /home/walterg/Documentos/Data_projects/Data-Warehouse-postgres-DBT-airflow-/.venv/lib/python3.11/site-packages/airflow/example_dags/example_sensor_decorator.py
[2025-05-31T21:12:47.128-0300] {processor.py:840} INFO - DAG(s) 'example_sensor_decorator' retrieved from /home/walterg/Documentos/Data_projects/Data-Warehouse-postgres-DBT-airflow-/.venv/lib/python3.11/site-packages/airflow/example_dags/example_sensor_decorator.py
[2025-05-31T21:12:47.142-0300] {logging_mixin.py:188} INFO - [2025-05-31T21:12:47.141-0300] {dag.py:3036} INFO - Sync 1 DAGs
[2025-05-31T21:12:47.150-0300] {logging_mixin.py:188} INFO - [2025-05-31T21:12:47.150-0300] {dag.py:3823} INFO - Setting next_dagrun for example_sensor_decorator to None, run_after=None
[2025-05-31T21:12:47.174-0300] {processor.py:183} INFO - Processing /home/walterg/Documentos/Data_projects/Data-Warehouse-postgres-DBT-airflow-/.venv/lib/python3.11/site-packages/airflow/example_dags/example_sensor_decorator.py took 0.060 seconds
[2025-05-31T21:13:51.189-0300] {processor.py:161} INFO - Started process (PID=36645) to work on /home/walterg/Documentos/Data_projects/Data-Warehouse-postgres-DBT-airflow-/.venv/lib/python3.11/site-packages/airflow/example_dags/example_sensor_decorator.py
[2025-05-31T21:13:51.194-0300] {processor.py:830} INFO - Processing file /home/walterg/Documentos/Data_projects/Data-Warehouse-postgres-DBT-airflow-/.venv/lib/python3.11/site-packages/airflow/example_dags/example_sensor_decorator.py for tasks to queue
[2025-05-31T21:13:51.195-0300] {logging_mixin.py:188} INFO - [2025-05-31T21:13:51.195-0300] {dagbag.py:538} INFO - Filling up the DagBag from /home/walterg/Documentos/Data_projects/Data-Warehouse-postgres-DBT-airflow-/.venv/lib/python3.11/site-packages/airflow/example_dags/example_sensor_decorator.py
[2025-05-31T21:13:51.200-0300] {processor.py:840} INFO - DAG(s) 'example_sensor_decorator' retrieved from /home/walterg/Documentos/Data_projects/Data-Warehouse-postgres-DBT-airflow-/.venv/lib/python3.11/site-packages/airflow/example_dags/example_sensor_decorator.py
[2025-05-31T21:13:51.213-0300] {logging_mixin.py:188} INFO - [2025-05-31T21:13:51.212-0300] {dag.py:3036} INFO - Sync 1 DAGs
[2025-05-31T21:13:51.220-0300] {logging_mixin.py:188} INFO - [2025-05-31T21:13:51.220-0300] {dag.py:3823} INFO - Setting next_dagrun for example_sensor_decorator to None, run_after=None
[2025-05-31T21:13:51.237-0300] {processor.py:183} INFO - Processing /home/walterg/Documentos/Data_projects/Data-Warehouse-postgres-DBT-airflow-/.venv/lib/python3.11/site-packages/airflow/example_dags/example_sensor_decorator.py took 0.051 seconds
[2025-05-31T21:14:52.559-0300] {processor.py:161} INFO - Started process (PID=36969) to work on /home/walterg/Documentos/Data_projects/Data-Warehouse-postgres-DBT-airflow-/.venv/lib/python3.11/site-packages/airflow/example_dags/example_sensor_decorator.py
[2025-05-31T21:14:52.560-0300] {processor.py:830} INFO - Processing file /home/walterg/Documentos/Data_projects/Data-Warehouse-postgres-DBT-airflow-/.venv/lib/python3.11/site-packages/airflow/example_dags/example_sensor_decorator.py for tasks to queue
[2025-05-31T21:14:52.561-0300] {logging_mixin.py:188} INFO - [2025-05-31T21:14:52.561-0300] {dagbag.py:538} INFO - Filling up the DagBag from /home/walterg/Documentos/Data_projects/Data-Warehouse-postgres-DBT-airflow-/.venv/lib/python3.11/site-packages/airflow/example_dags/example_sensor_decorator.py
[2025-05-31T21:14:52.567-0300] {processor.py:840} INFO - DAG(s) 'example_sensor_decorator' retrieved from /home/walterg/Documentos/Data_projects/Data-Warehouse-postgres-DBT-airflow-/.venv/lib/python3.11/site-packages/airflow/example_dags/example_sensor_decorator.py
[2025-05-31T21:14:52.581-0300] {logging_mixin.py:188} INFO - [2025-05-31T21:14:52.580-0300] {dag.py:3036} INFO - Sync 1 DAGs
[2025-05-31T21:14:52.588-0300] {logging_mixin.py:188} INFO - [2025-05-31T21:14:52.588-0300] {dag.py:3823} INFO - Setting next_dagrun for example_sensor_decorator to None, run_after=None
[2025-05-31T21:14:52.608-0300] {processor.py:183} INFO - Processing /home/walterg/Documentos/Data_projects/Data-Warehouse-postgres-DBT-airflow-/.venv/lib/python3.11/site-packages/airflow/example_dags/example_sensor_decorator.py took 0.052 seconds
[2025-05-31T21:15:52.997-0300] {processor.py:161} INFO - Started process (PID=37350) to work on /home/walterg/Documentos/Data_projects/Data-Warehouse-postgres-DBT-airflow-/.venv/lib/python3.11/site-packages/airflow/example_dags/example_sensor_decorator.py
[2025-05-31T21:15:53.002-0300] {processor.py:830} INFO - Processing file /home/walterg/Documentos/Data_projects/Data-Warehouse-postgres-DBT-airflow-/.venv/lib/python3.11/site-packages/airflow/example_dags/example_sensor_decorator.py for tasks to queue
[2025-05-31T21:15:53.004-0300] {logging_mixin.py:188} INFO - [2025-05-31T21:15:53.003-0300] {dagbag.py:538} INFO - Filling up the DagBag from /home/walterg/Documentos/Data_projects/Data-Warehouse-postgres-DBT-airflow-/.venv/lib/python3.11/site-packages/airflow/example_dags/example_sensor_decorator.py
[2025-05-31T21:15:53.008-0300] {processor.py:840} INFO - DAG(s) 'example_sensor_decorator' retrieved from /home/walterg/Documentos/Data_projects/Data-Warehouse-postgres-DBT-airflow-/.venv/lib/python3.11/site-packages/airflow/example_dags/example_sensor_decorator.py
[2025-05-31T21:15:53.021-0300] {logging_mixin.py:188} INFO - [2025-05-31T21:15:53.021-0300] {dag.py:3036} INFO - Sync 1 DAGs
[2025-05-31T21:15:53.028-0300] {logging_mixin.py:188} INFO - [2025-05-31T21:15:53.028-0300] {dag.py:3823} INFO - Setting next_dagrun for example_sensor_decorator to None, run_after=None
[2025-05-31T21:15:53.045-0300] {processor.py:183} INFO - Processing /home/walterg/Documentos/Data_projects/Data-Warehouse-postgres-DBT-airflow-/.venv/lib/python3.11/site-packages/airflow/example_dags/example_sensor_decorator.py took 0.051 seconds
[2025-05-31T21:16:55.253-0300] {processor.py:161} INFO - Started process (PID=37685) to work on /home/walterg/Documentos/Data_projects/Data-Warehouse-postgres-DBT-airflow-/.venv/lib/python3.11/site-packages/airflow/example_dags/example_sensor_decorator.py
[2025-05-31T21:16:55.258-0300] {processor.py:830} INFO - Processing file /home/walterg/Documentos/Data_projects/Data-Warehouse-postgres-DBT-airflow-/.venv/lib/python3.11/site-packages/airflow/example_dags/example_sensor_decorator.py for tasks to queue
[2025-05-31T21:16:55.259-0300] {logging_mixin.py:188} INFO - [2025-05-31T21:16:55.258-0300] {dagbag.py:538} INFO - Filling up the DagBag from /home/walterg/Documentos/Data_projects/Data-Warehouse-postgres-DBT-airflow-/.venv/lib/python3.11/site-packages/airflow/example_dags/example_sensor_decorator.py
[2025-05-31T21:16:55.264-0300] {processor.py:840} INFO - DAG(s) 'example_sensor_decorator' retrieved from /home/walterg/Documentos/Data_projects/Data-Warehouse-postgres-DBT-airflow-/.venv/lib/python3.11/site-packages/airflow/example_dags/example_sensor_decorator.py
[2025-05-31T21:16:55.278-0300] {logging_mixin.py:188} INFO - [2025-05-31T21:16:55.277-0300] {dag.py:3036} INFO - Sync 1 DAGs
[2025-05-31T21:16:55.286-0300] {logging_mixin.py:188} INFO - [2025-05-31T21:16:55.286-0300] {dag.py:3823} INFO - Setting next_dagrun for example_sensor_decorator to None, run_after=None
[2025-05-31T21:16:55.304-0300] {processor.py:183} INFO - Processing /home/walterg/Documentos/Data_projects/Data-Warehouse-postgres-DBT-airflow-/.venv/lib/python3.11/site-packages/airflow/example_dags/example_sensor_decorator.py took 0.054 seconds
[2025-05-31T21:17:40.065-0300] {processor.py:161} INFO - Started process (PID=37887) to work on /home/walterg/Documentos/Data_projects/Data-Warehouse-postgres-DBT-airflow-/.venv/lib/python3.11/site-packages/airflow/example_dags/example_sensor_decorator.py
[2025-05-31T21:17:40.070-0300] {processor.py:830} INFO - Processing file /home/walterg/Documentos/Data_projects/Data-Warehouse-postgres-DBT-airflow-/.venv/lib/python3.11/site-packages/airflow/example_dags/example_sensor_decorator.py for tasks to queue
[2025-05-31T21:17:40.070-0300] {logging_mixin.py:188} INFO - [2025-05-31T21:17:40.070-0300] {dagbag.py:538} INFO - Filling up the DagBag from /home/walterg/Documentos/Data_projects/Data-Warehouse-postgres-DBT-airflow-/.venv/lib/python3.11/site-packages/airflow/example_dags/example_sensor_decorator.py
[2025-05-31T21:17:40.077-0300] {processor.py:840} INFO - DAG(s) 'example_sensor_decorator' retrieved from /home/walterg/Documentos/Data_projects/Data-Warehouse-postgres-DBT-airflow-/.venv/lib/python3.11/site-packages/airflow/example_dags/example_sensor_decorator.py
[2025-05-31T21:17:40.089-0300] {logging_mixin.py:188} INFO - [2025-05-31T21:17:40.089-0300] {dag.py:3036} INFO - Sync 1 DAGs
[2025-05-31T21:17:40.098-0300] {logging_mixin.py:188} INFO - [2025-05-31T21:17:40.098-0300] {dag.py:3823} INFO - Setting next_dagrun for example_sensor_decorator to None, run_after=None
[2025-05-31T21:17:40.115-0300] {processor.py:183} INFO - Processing /home/walterg/Documentos/Data_projects/Data-Warehouse-postgres-DBT-airflow-/.venv/lib/python3.11/site-packages/airflow/example_dags/example_sensor_decorator.py took 0.053 seconds
[2025-05-31T21:18:25.996-0300] {processor.py:161} INFO - Started process (PID=38099) to work on /home/walterg/Documentos/Data_projects/Data-Warehouse-postgres-DBT-airflow-/.venv/lib/python3.11/site-packages/airflow/example_dags/example_sensor_decorator.py
[2025-05-31T21:18:26.002-0300] {processor.py:830} INFO - Processing file /home/walterg/Documentos/Data_projects/Data-Warehouse-postgres-DBT-airflow-/.venv/lib/python3.11/site-packages/airflow/example_dags/example_sensor_decorator.py for tasks to queue
[2025-05-31T21:18:26.003-0300] {logging_mixin.py:188} INFO - [2025-05-31T21:18:26.003-0300] {dagbag.py:538} INFO - Filling up the DagBag from /home/walterg/Documentos/Data_projects/Data-Warehouse-postgres-DBT-airflow-/.venv/lib/python3.11/site-packages/airflow/example_dags/example_sensor_decorator.py
[2025-05-31T21:18:26.008-0300] {processor.py:840} INFO - DAG(s) 'example_sensor_decorator' retrieved from /home/walterg/Documentos/Data_projects/Data-Warehouse-postgres-DBT-airflow-/.venv/lib/python3.11/site-packages/airflow/example_dags/example_sensor_decorator.py
[2025-05-31T21:18:26.020-0300] {logging_mixin.py:188} INFO - [2025-05-31T21:18:26.020-0300] {dag.py:3036} INFO - Sync 1 DAGs
[2025-05-31T21:18:26.028-0300] {logging_mixin.py:188} INFO - [2025-05-31T21:18:26.028-0300] {dag.py:3823} INFO - Setting next_dagrun for example_sensor_decorator to None, run_after=None
[2025-05-31T21:18:26.140-0300] {processor.py:183} INFO - Processing /home/walterg/Documentos/Data_projects/Data-Warehouse-postgres-DBT-airflow-/.venv/lib/python3.11/site-packages/airflow/example_dags/example_sensor_decorator.py took 0.146 seconds
[2025-05-31T21:19:10.422-0300] {processor.py:161} INFO - Started process (PID=38308) to work on /home/walterg/Documentos/Data_projects/Data-Warehouse-postgres-DBT-airflow-/.venv/lib/python3.11/site-packages/airflow/example_dags/example_sensor_decorator.py
[2025-05-31T21:19:10.427-0300] {processor.py:830} INFO - Processing file /home/walterg/Documentos/Data_projects/Data-Warehouse-postgres-DBT-airflow-/.venv/lib/python3.11/site-packages/airflow/example_dags/example_sensor_decorator.py for tasks to queue
[2025-05-31T21:19:10.428-0300] {logging_mixin.py:188} INFO - [2025-05-31T21:19:10.428-0300] {dagbag.py:538} INFO - Filling up the DagBag from /home/walterg/Documentos/Data_projects/Data-Warehouse-postgres-DBT-airflow-/.venv/lib/python3.11/site-packages/airflow/example_dags/example_sensor_decorator.py
[2025-05-31T21:19:10.433-0300] {processor.py:840} INFO - DAG(s) 'example_sensor_decorator' retrieved from /home/walterg/Documentos/Data_projects/Data-Warehouse-postgres-DBT-airflow-/.venv/lib/python3.11/site-packages/airflow/example_dags/example_sensor_decorator.py
[2025-05-31T21:19:10.445-0300] {logging_mixin.py:188} INFO - [2025-05-31T21:19:10.445-0300] {dag.py:3036} INFO - Sync 1 DAGs
[2025-05-31T21:19:10.453-0300] {logging_mixin.py:188} INFO - [2025-05-31T21:19:10.452-0300] {dag.py:3823} INFO - Setting next_dagrun for example_sensor_decorator to None, run_after=None
[2025-05-31T21:19:10.470-0300] {processor.py:183} INFO - Processing /home/walterg/Documentos/Data_projects/Data-Warehouse-postgres-DBT-airflow-/.venv/lib/python3.11/site-packages/airflow/example_dags/example_sensor_decorator.py took 0.050 seconds
[2025-05-31T21:20:15.046-0300] {processor.py:161} INFO - Started process (PID=38582) to work on /home/walterg/Documentos/Data_projects/Data-Warehouse-postgres-DBT-airflow-/.venv/lib/python3.11/site-packages/airflow/example_dags/example_sensor_decorator.py
[2025-05-31T21:20:15.051-0300] {processor.py:830} INFO - Processing file /home/walterg/Documentos/Data_projects/Data-Warehouse-postgres-DBT-airflow-/.venv/lib/python3.11/site-packages/airflow/example_dags/example_sensor_decorator.py for tasks to queue
[2025-05-31T21:20:15.052-0300] {logging_mixin.py:188} INFO - [2025-05-31T21:20:15.052-0300] {dagbag.py:538} INFO - Filling up the DagBag from /home/walterg/Documentos/Data_projects/Data-Warehouse-postgres-DBT-airflow-/.venv/lib/python3.11/site-packages/airflow/example_dags/example_sensor_decorator.py
[2025-05-31T21:20:15.057-0300] {processor.py:840} INFO - DAG(s) 'example_sensor_decorator' retrieved from /home/walterg/Documentos/Data_projects/Data-Warehouse-postgres-DBT-airflow-/.venv/lib/python3.11/site-packages/airflow/example_dags/example_sensor_decorator.py
[2025-05-31T21:20:15.070-0300] {logging_mixin.py:188} INFO - [2025-05-31T21:20:15.070-0300] {dag.py:3036} INFO - Sync 1 DAGs
[2025-05-31T21:20:15.080-0300] {logging_mixin.py:188} INFO - [2025-05-31T21:20:15.080-0300] {dag.py:3823} INFO - Setting next_dagrun for example_sensor_decorator to None, run_after=None
[2025-05-31T21:20:15.097-0300] {processor.py:183} INFO - Processing /home/walterg/Documentos/Data_projects/Data-Warehouse-postgres-DBT-airflow-/.venv/lib/python3.11/site-packages/airflow/example_dags/example_sensor_decorator.py took 0.053 seconds
[2025-05-31T21:21:13.004-0300] {processor.py:161} INFO - Started process (PID=38820) to work on /home/walterg/Documentos/Data_projects/Data-Warehouse-postgres-DBT-airflow-/.venv/lib/python3.11/site-packages/airflow/example_dags/example_sensor_decorator.py
[2025-05-31T21:21:13.010-0300] {processor.py:830} INFO - Processing file /home/walterg/Documentos/Data_projects/Data-Warehouse-postgres-DBT-airflow-/.venv/lib/python3.11/site-packages/airflow/example_dags/example_sensor_decorator.py for tasks to queue
[2025-05-31T21:21:13.010-0300] {logging_mixin.py:188} INFO - [2025-05-31T21:21:13.010-0300] {dagbag.py:538} INFO - Filling up the DagBag from /home/walterg/Documentos/Data_projects/Data-Warehouse-postgres-DBT-airflow-/.venv/lib/python3.11/site-packages/airflow/example_dags/example_sensor_decorator.py
[2025-05-31T21:21:13.016-0300] {processor.py:840} INFO - DAG(s) 'example_sensor_decorator' retrieved from /home/walterg/Documentos/Data_projects/Data-Warehouse-postgres-DBT-airflow-/.venv/lib/python3.11/site-packages/airflow/example_dags/example_sensor_decorator.py
[2025-05-31T21:21:13.033-0300] {logging_mixin.py:188} INFO - [2025-05-31T21:21:13.033-0300] {dag.py:3036} INFO - Sync 1 DAGs
[2025-05-31T21:21:13.041-0300] {logging_mixin.py:188} INFO - [2025-05-31T21:21:13.041-0300] {dag.py:3823} INFO - Setting next_dagrun for example_sensor_decorator to None, run_after=None
[2025-05-31T21:21:13.170-0300] {processor.py:183} INFO - Processing /home/walterg/Documentos/Data_projects/Data-Warehouse-postgres-DBT-airflow-/.venv/lib/python3.11/site-packages/airflow/example_dags/example_sensor_decorator.py took 0.169 seconds
[2025-05-31T21:21:55.133-0300] {processor.py:161} INFO - Started process (PID=39028) to work on /home/walterg/Documentos/Data_projects/Data-Warehouse-postgres-DBT-airflow-/.venv/lib/python3.11/site-packages/airflow/example_dags/example_sensor_decorator.py
[2025-05-31T21:21:55.138-0300] {processor.py:830} INFO - Processing file /home/walterg/Documentos/Data_projects/Data-Warehouse-postgres-DBT-airflow-/.venv/lib/python3.11/site-packages/airflow/example_dags/example_sensor_decorator.py for tasks to queue
[2025-05-31T21:21:55.139-0300] {logging_mixin.py:188} INFO - [2025-05-31T21:21:55.139-0300] {dagbag.py:538} INFO - Filling up the DagBag from /home/walterg/Documentos/Data_projects/Data-Warehouse-postgres-DBT-airflow-/.venv/lib/python3.11/site-packages/airflow/example_dags/example_sensor_decorator.py
[2025-05-31T21:21:55.144-0300] {processor.py:840} INFO - DAG(s) 'example_sensor_decorator' retrieved from /home/walterg/Documentos/Data_projects/Data-Warehouse-postgres-DBT-airflow-/.venv/lib/python3.11/site-packages/airflow/example_dags/example_sensor_decorator.py
[2025-05-31T21:21:55.156-0300] {logging_mixin.py:188} INFO - [2025-05-31T21:21:55.156-0300] {dag.py:3036} INFO - Sync 1 DAGs
[2025-05-31T21:21:55.164-0300] {logging_mixin.py:188} INFO - [2025-05-31T21:21:55.164-0300] {dag.py:3823} INFO - Setting next_dagrun for example_sensor_decorator to None, run_after=None
[2025-05-31T21:21:55.181-0300] {processor.py:183} INFO - Processing /home/walterg/Documentos/Data_projects/Data-Warehouse-postgres-DBT-airflow-/.venv/lib/python3.11/site-packages/airflow/example_dags/example_sensor_decorator.py took 0.051 seconds
[2025-05-31T21:22:59.477-0300] {processor.py:161} INFO - Started process (PID=39379) to work on /home/walterg/Documentos/Data_projects/Data-Warehouse-postgres-DBT-airflow-/.venv/lib/python3.11/site-packages/airflow/example_dags/example_sensor_decorator.py
[2025-05-31T21:22:59.482-0300] {processor.py:830} INFO - Processing file /home/walterg/Documentos/Data_projects/Data-Warehouse-postgres-DBT-airflow-/.venv/lib/python3.11/site-packages/airflow/example_dags/example_sensor_decorator.py for tasks to queue
[2025-05-31T21:22:59.484-0300] {logging_mixin.py:188} INFO - [2025-05-31T21:22:59.483-0300] {dagbag.py:538} INFO - Filling up the DagBag from /home/walterg/Documentos/Data_projects/Data-Warehouse-postgres-DBT-airflow-/.venv/lib/python3.11/site-packages/airflow/example_dags/example_sensor_decorator.py
[2025-05-31T21:22:59.489-0300] {processor.py:840} INFO - DAG(s) 'example_sensor_decorator' retrieved from /home/walterg/Documentos/Data_projects/Data-Warehouse-postgres-DBT-airflow-/.venv/lib/python3.11/site-packages/airflow/example_dags/example_sensor_decorator.py
[2025-05-31T21:22:59.503-0300] {logging_mixin.py:188} INFO - [2025-05-31T21:22:59.502-0300] {dag.py:3036} INFO - Sync 1 DAGs
[2025-05-31T21:22:59.511-0300] {logging_mixin.py:188} INFO - [2025-05-31T21:22:59.511-0300] {dag.py:3823} INFO - Setting next_dagrun for example_sensor_decorator to None, run_after=None
[2025-05-31T21:22:59.530-0300] {processor.py:183} INFO - Processing /home/walterg/Documentos/Data_projects/Data-Warehouse-postgres-DBT-airflow-/.venv/lib/python3.11/site-packages/airflow/example_dags/example_sensor_decorator.py took 0.056 seconds
[2025-05-31T21:23:44.838-0300] {processor.py:161} INFO - Started process (PID=39592) to work on /home/walterg/Documentos/Data_projects/Data-Warehouse-postgres-DBT-airflow-/.venv/lib/python3.11/site-packages/airflow/example_dags/example_sensor_decorator.py
[2025-05-31T21:23:44.843-0300] {processor.py:830} INFO - Processing file /home/walterg/Documentos/Data_projects/Data-Warehouse-postgres-DBT-airflow-/.venv/lib/python3.11/site-packages/airflow/example_dags/example_sensor_decorator.py for tasks to queue
[2025-05-31T21:23:44.844-0300] {logging_mixin.py:188} INFO - [2025-05-31T21:23:44.844-0300] {dagbag.py:538} INFO - Filling up the DagBag from /home/walterg/Documentos/Data_projects/Data-Warehouse-postgres-DBT-airflow-/.venv/lib/python3.11/site-packages/airflow/example_dags/example_sensor_decorator.py
[2025-05-31T21:23:44.850-0300] {processor.py:840} INFO - DAG(s) 'example_sensor_decorator' retrieved from /home/walterg/Documentos/Data_projects/Data-Warehouse-postgres-DBT-airflow-/.venv/lib/python3.11/site-packages/airflow/example_dags/example_sensor_decorator.py
[2025-05-31T21:23:44.864-0300] {logging_mixin.py:188} INFO - [2025-05-31T21:23:44.864-0300] {dag.py:3036} INFO - Sync 1 DAGs
[2025-05-31T21:23:44.873-0300] {logging_mixin.py:188} INFO - [2025-05-31T21:23:44.872-0300] {dag.py:3823} INFO - Setting next_dagrun for example_sensor_decorator to None, run_after=None
[2025-05-31T21:23:44.892-0300] {processor.py:183} INFO - Processing /home/walterg/Documentos/Data_projects/Data-Warehouse-postgres-DBT-airflow-/.venv/lib/python3.11/site-packages/airflow/example_dags/example_sensor_decorator.py took 0.059 seconds
[2025-05-31T21:24:31.836-0300] {processor.py:161} INFO - Started process (PID=39770) to work on /home/walterg/Documentos/Data_projects/Data-Warehouse-postgres-DBT-airflow-/.venv/lib/python3.11/site-packages/airflow/example_dags/example_sensor_decorator.py
[2025-05-31T21:24:31.841-0300] {processor.py:830} INFO - Processing file /home/walterg/Documentos/Data_projects/Data-Warehouse-postgres-DBT-airflow-/.venv/lib/python3.11/site-packages/airflow/example_dags/example_sensor_decorator.py for tasks to queue
[2025-05-31T21:24:31.842-0300] {logging_mixin.py:188} INFO - [2025-05-31T21:24:31.841-0300] {dagbag.py:538} INFO - Filling up the DagBag from /home/walterg/Documentos/Data_projects/Data-Warehouse-postgres-DBT-airflow-/.venv/lib/python3.11/site-packages/airflow/example_dags/example_sensor_decorator.py
[2025-05-31T21:24:31.848-0300] {processor.py:840} INFO - DAG(s) 'example_sensor_decorator' retrieved from /home/walterg/Documentos/Data_projects/Data-Warehouse-postgres-DBT-airflow-/.venv/lib/python3.11/site-packages/airflow/example_dags/example_sensor_decorator.py
[2025-05-31T21:24:31.971-0300] {logging_mixin.py:188} INFO - [2025-05-31T21:24:31.970-0300] {dag.py:3036} INFO - Sync 1 DAGs
[2025-05-31T21:24:31.978-0300] {logging_mixin.py:188} INFO - [2025-05-31T21:24:31.978-0300] {dag.py:3823} INFO - Setting next_dagrun for example_sensor_decorator to None, run_after=None
[2025-05-31T21:24:31.999-0300] {processor.py:183} INFO - Processing /home/walterg/Documentos/Data_projects/Data-Warehouse-postgres-DBT-airflow-/.venv/lib/python3.11/site-packages/airflow/example_dags/example_sensor_decorator.py took 0.165 seconds
[2025-05-31T21:25:21.282-0300] {processor.py:161} INFO - Started process (PID=40030) to work on /home/walterg/Documentos/Data_projects/Data-Warehouse-postgres-DBT-airflow-/.venv/lib/python3.11/site-packages/airflow/example_dags/example_sensor_decorator.py
[2025-05-31T21:25:21.287-0300] {processor.py:830} INFO - Processing file /home/walterg/Documentos/Data_projects/Data-Warehouse-postgres-DBT-airflow-/.venv/lib/python3.11/site-packages/airflow/example_dags/example_sensor_decorator.py for tasks to queue
[2025-05-31T21:25:21.288-0300] {logging_mixin.py:188} INFO - [2025-05-31T21:25:21.287-0300] {dagbag.py:538} INFO - Filling up the DagBag from /home/walterg/Documentos/Data_projects/Data-Warehouse-postgres-DBT-airflow-/.venv/lib/python3.11/site-packages/airflow/example_dags/example_sensor_decorator.py
[2025-05-31T21:25:21.293-0300] {processor.py:840} INFO - DAG(s) 'example_sensor_decorator' retrieved from /home/walterg/Documentos/Data_projects/Data-Warehouse-postgres-DBT-airflow-/.venv/lib/python3.11/site-packages/airflow/example_dags/example_sensor_decorator.py
[2025-05-31T21:25:21.305-0300] {logging_mixin.py:188} INFO - [2025-05-31T21:25:21.304-0300] {dag.py:3036} INFO - Sync 1 DAGs
[2025-05-31T21:25:21.312-0300] {logging_mixin.py:188} INFO - [2025-05-31T21:25:21.312-0300] {dag.py:3823} INFO - Setting next_dagrun for example_sensor_decorator to None, run_after=None
[2025-05-31T21:25:21.330-0300] {processor.py:183} INFO - Processing /home/walterg/Documentos/Data_projects/Data-Warehouse-postgres-DBT-airflow-/.venv/lib/python3.11/site-packages/airflow/example_dags/example_sensor_decorator.py took 0.050 seconds
[2025-05-31T21:26:19.995-0300] {processor.py:161} INFO - Started process (PID=40543) to work on /home/walterg/Documentos/Data_projects/Data-Warehouse-postgres-DBT-airflow-/.venv/lib/python3.11/site-packages/airflow/example_dags/example_sensor_decorator.py
[2025-05-31T21:26:20.000-0300] {processor.py:830} INFO - Processing file /home/walterg/Documentos/Data_projects/Data-Warehouse-postgres-DBT-airflow-/.venv/lib/python3.11/site-packages/airflow/example_dags/example_sensor_decorator.py for tasks to queue
[2025-05-31T21:26:20.001-0300] {logging_mixin.py:188} INFO - [2025-05-31T21:26:20.001-0300] {dagbag.py:538} INFO - Filling up the DagBag from /home/walterg/Documentos/Data_projects/Data-Warehouse-postgres-DBT-airflow-/.venv/lib/python3.11/site-packages/airflow/example_dags/example_sensor_decorator.py
[2025-05-31T21:26:20.007-0300] {processor.py:840} INFO - DAG(s) 'example_sensor_decorator' retrieved from /home/walterg/Documentos/Data_projects/Data-Warehouse-postgres-DBT-airflow-/.venv/lib/python3.11/site-packages/airflow/example_dags/example_sensor_decorator.py
[2025-05-31T21:26:20.019-0300] {logging_mixin.py:188} INFO - [2025-05-31T21:26:20.019-0300] {dag.py:3036} INFO - Sync 1 DAGs
[2025-05-31T21:26:20.027-0300] {logging_mixin.py:188} INFO - [2025-05-31T21:26:20.026-0300] {dag.py:3823} INFO - Setting next_dagrun for example_sensor_decorator to None, run_after=None
[2025-05-31T21:26:20.043-0300] {processor.py:183} INFO - Processing /home/walterg/Documentos/Data_projects/Data-Warehouse-postgres-DBT-airflow-/.venv/lib/python3.11/site-packages/airflow/example_dags/example_sensor_decorator.py took 0.050 seconds
[2025-05-31T21:27:06.525-0300] {processor.py:161} INFO - Started process (PID=40767) to work on /home/walterg/Documentos/Data_projects/Data-Warehouse-postgres-DBT-airflow-/.venv/lib/python3.11/site-packages/airflow/example_dags/example_sensor_decorator.py
[2025-05-31T21:27:06.530-0300] {processor.py:830} INFO - Processing file /home/walterg/Documentos/Data_projects/Data-Warehouse-postgres-DBT-airflow-/.venv/lib/python3.11/site-packages/airflow/example_dags/example_sensor_decorator.py for tasks to queue
[2025-05-31T21:27:06.531-0300] {logging_mixin.py:188} INFO - [2025-05-31T21:27:06.531-0300] {dagbag.py:538} INFO - Filling up the DagBag from /home/walterg/Documentos/Data_projects/Data-Warehouse-postgres-DBT-airflow-/.venv/lib/python3.11/site-packages/airflow/example_dags/example_sensor_decorator.py
[2025-05-31T21:27:06.536-0300] {processor.py:840} INFO - DAG(s) 'example_sensor_decorator' retrieved from /home/walterg/Documentos/Data_projects/Data-Warehouse-postgres-DBT-airflow-/.venv/lib/python3.11/site-packages/airflow/example_dags/example_sensor_decorator.py
[2025-05-31T21:27:06.549-0300] {logging_mixin.py:188} INFO - [2025-05-31T21:27:06.549-0300] {dag.py:3036} INFO - Sync 1 DAGs
[2025-05-31T21:27:06.557-0300] {logging_mixin.py:188} INFO - [2025-05-31T21:27:06.557-0300] {dag.py:3823} INFO - Setting next_dagrun for example_sensor_decorator to None, run_after=None
[2025-05-31T21:27:06.576-0300] {processor.py:183} INFO - Processing /home/walterg/Documentos/Data_projects/Data-Warehouse-postgres-DBT-airflow-/.venv/lib/python3.11/site-packages/airflow/example_dags/example_sensor_decorator.py took 0.054 seconds
[2025-05-31T21:28:06.157-0300] {processor.py:161} INFO - Started process (PID=41309) to work on /home/walterg/Documentos/Data_projects/Data-Warehouse-postgres-DBT-airflow-/.venv/lib/python3.11/site-packages/airflow/example_dags/example_sensor_decorator.py
[2025-05-31T21:28:06.162-0300] {processor.py:830} INFO - Processing file /home/walterg/Documentos/Data_projects/Data-Warehouse-postgres-DBT-airflow-/.venv/lib/python3.11/site-packages/airflow/example_dags/example_sensor_decorator.py for tasks to queue
[2025-05-31T21:28:06.163-0300] {logging_mixin.py:188} INFO - [2025-05-31T21:28:06.163-0300] {dagbag.py:538} INFO - Filling up the DagBag from /home/walterg/Documentos/Data_projects/Data-Warehouse-postgres-DBT-airflow-/.venv/lib/python3.11/site-packages/airflow/example_dags/example_sensor_decorator.py
[2025-05-31T21:28:06.169-0300] {processor.py:840} INFO - DAG(s) 'example_sensor_decorator' retrieved from /home/walterg/Documentos/Data_projects/Data-Warehouse-postgres-DBT-airflow-/.venv/lib/python3.11/site-packages/airflow/example_dags/example_sensor_decorator.py
[2025-05-31T21:28:06.181-0300] {logging_mixin.py:188} INFO - [2025-05-31T21:28:06.181-0300] {dag.py:3036} INFO - Sync 1 DAGs
[2025-05-31T21:28:06.189-0300] {logging_mixin.py:188} INFO - [2025-05-31T21:28:06.189-0300] {dag.py:3823} INFO - Setting next_dagrun for example_sensor_decorator to None, run_after=None
[2025-05-31T21:28:06.207-0300] {processor.py:183} INFO - Processing /home/walterg/Documentos/Data_projects/Data-Warehouse-postgres-DBT-airflow-/.venv/lib/python3.11/site-packages/airflow/example_dags/example_sensor_decorator.py took 0.052 seconds
[2025-05-31T21:29:07.585-0300] {processor.py:161} INFO - Started process (PID=41572) to work on /home/walterg/Documentos/Data_projects/Data-Warehouse-postgres-DBT-airflow-/.venv/lib/python3.11/site-packages/airflow/example_dags/example_sensor_decorator.py
[2025-05-31T21:29:07.590-0300] {processor.py:830} INFO - Processing file /home/walterg/Documentos/Data_projects/Data-Warehouse-postgres-DBT-airflow-/.venv/lib/python3.11/site-packages/airflow/example_dags/example_sensor_decorator.py for tasks to queue
[2025-05-31T21:29:07.590-0300] {logging_mixin.py:188} INFO - [2025-05-31T21:29:07.590-0300] {dagbag.py:538} INFO - Filling up the DagBag from /home/walterg/Documentos/Data_projects/Data-Warehouse-postgres-DBT-airflow-/.venv/lib/python3.11/site-packages/airflow/example_dags/example_sensor_decorator.py
[2025-05-31T21:29:07.595-0300] {processor.py:840} INFO - DAG(s) 'example_sensor_decorator' retrieved from /home/walterg/Documentos/Data_projects/Data-Warehouse-postgres-DBT-airflow-/.venv/lib/python3.11/site-packages/airflow/example_dags/example_sensor_decorator.py
[2025-05-31T21:29:07.608-0300] {logging_mixin.py:188} INFO - [2025-05-31T21:29:07.608-0300] {dag.py:3036} INFO - Sync 1 DAGs
[2025-05-31T21:29:07.616-0300] {logging_mixin.py:188} INFO - [2025-05-31T21:29:07.616-0300] {dag.py:3823} INFO - Setting next_dagrun for example_sensor_decorator to None, run_after=None
[2025-05-31T21:29:07.633-0300] {processor.py:183} INFO - Processing /home/walterg/Documentos/Data_projects/Data-Warehouse-postgres-DBT-airflow-/.venv/lib/python3.11/site-packages/airflow/example_dags/example_sensor_decorator.py took 0.051 seconds
[2025-05-31T21:30:07.736-0300] {processor.py:161} INFO - Started process (PID=41818) to work on /home/walterg/Documentos/Data_projects/Data-Warehouse-postgres-DBT-airflow-/.venv/lib/python3.11/site-packages/airflow/example_dags/example_sensor_decorator.py
[2025-05-31T21:30:07.741-0300] {processor.py:830} INFO - Processing file /home/walterg/Documentos/Data_projects/Data-Warehouse-postgres-DBT-airflow-/.venv/lib/python3.11/site-packages/airflow/example_dags/example_sensor_decorator.py for tasks to queue
[2025-05-31T21:30:07.743-0300] {logging_mixin.py:188} INFO - [2025-05-31T21:30:07.742-0300] {dagbag.py:538} INFO - Filling up the DagBag from /home/walterg/Documentos/Data_projects/Data-Warehouse-postgres-DBT-airflow-/.venv/lib/python3.11/site-packages/airflow/example_dags/example_sensor_decorator.py
[2025-05-31T21:30:07.748-0300] {processor.py:840} INFO - DAG(s) 'example_sensor_decorator' retrieved from /home/walterg/Documentos/Data_projects/Data-Warehouse-postgres-DBT-airflow-/.venv/lib/python3.11/site-packages/airflow/example_dags/example_sensor_decorator.py
[2025-05-31T21:30:07.760-0300] {logging_mixin.py:188} INFO - [2025-05-31T21:30:07.760-0300] {dag.py:3036} INFO - Sync 1 DAGs
[2025-05-31T21:30:07.768-0300] {logging_mixin.py:188} INFO - [2025-05-31T21:30:07.768-0300] {dag.py:3823} INFO - Setting next_dagrun for example_sensor_decorator to None, run_after=None
[2025-05-31T21:30:07.785-0300] {processor.py:183} INFO - Processing /home/walterg/Documentos/Data_projects/Data-Warehouse-postgres-DBT-airflow-/.venv/lib/python3.11/site-packages/airflow/example_dags/example_sensor_decorator.py took 0.052 seconds
[2025-05-31T21:31:06.821-0300] {processor.py:161} INFO - Started process (PID=42049) to work on /home/walterg/Documentos/Data_projects/Data-Warehouse-postgres-DBT-airflow-/.venv/lib/python3.11/site-packages/airflow/example_dags/example_sensor_decorator.py
[2025-05-31T21:31:06.822-0300] {processor.py:830} INFO - Processing file /home/walterg/Documentos/Data_projects/Data-Warehouse-postgres-DBT-airflow-/.venv/lib/python3.11/site-packages/airflow/example_dags/example_sensor_decorator.py for tasks to queue
[2025-05-31T21:31:06.822-0300] {logging_mixin.py:188} INFO - [2025-05-31T21:31:06.822-0300] {dagbag.py:538} INFO - Filling up the DagBag from /home/walterg/Documentos/Data_projects/Data-Warehouse-postgres-DBT-airflow-/.venv/lib/python3.11/site-packages/airflow/example_dags/example_sensor_decorator.py
[2025-05-31T21:31:06.827-0300] {processor.py:840} INFO - DAG(s) 'example_sensor_decorator' retrieved from /home/walterg/Documentos/Data_projects/Data-Warehouse-postgres-DBT-airflow-/.venv/lib/python3.11/site-packages/airflow/example_dags/example_sensor_decorator.py
[2025-05-31T21:31:06.840-0300] {logging_mixin.py:188} INFO - [2025-05-31T21:31:06.840-0300] {dag.py:3036} INFO - Sync 1 DAGs
[2025-05-31T21:31:06.848-0300] {logging_mixin.py:188} INFO - [2025-05-31T21:31:06.848-0300] {dag.py:3823} INFO - Setting next_dagrun for example_sensor_decorator to None, run_after=None
[2025-05-31T21:31:06.866-0300] {processor.py:183} INFO - Processing /home/walterg/Documentos/Data_projects/Data-Warehouse-postgres-DBT-airflow-/.venv/lib/python3.11/site-packages/airflow/example_dags/example_sensor_decorator.py took 0.048 seconds
[2025-05-31T21:32:01.692-0300] {processor.py:161} INFO - Started process (PID=42222) to work on /home/walterg/Documentos/Data_projects/Data-Warehouse-postgres-DBT-airflow-/.venv/lib/python3.11/site-packages/airflow/example_dags/example_sensor_decorator.py
[2025-05-31T21:32:01.697-0300] {processor.py:830} INFO - Processing file /home/walterg/Documentos/Data_projects/Data-Warehouse-postgres-DBT-airflow-/.venv/lib/python3.11/site-packages/airflow/example_dags/example_sensor_decorator.py for tasks to queue
[2025-05-31T21:32:01.698-0300] {logging_mixin.py:188} INFO - [2025-05-31T21:32:01.698-0300] {dagbag.py:538} INFO - Filling up the DagBag from /home/walterg/Documentos/Data_projects/Data-Warehouse-postgres-DBT-airflow-/.venv/lib/python3.11/site-packages/airflow/example_dags/example_sensor_decorator.py
[2025-05-31T21:32:01.704-0300] {processor.py:840} INFO - DAG(s) 'example_sensor_decorator' retrieved from /home/walterg/Documentos/Data_projects/Data-Warehouse-postgres-DBT-airflow-/.venv/lib/python3.11/site-packages/airflow/example_dags/example_sensor_decorator.py
[2025-05-31T21:32:01.716-0300] {logging_mixin.py:188} INFO - [2025-05-31T21:32:01.716-0300] {dag.py:3036} INFO - Sync 1 DAGs
[2025-05-31T21:32:01.724-0300] {logging_mixin.py:188} INFO - [2025-05-31T21:32:01.724-0300] {dag.py:3823} INFO - Setting next_dagrun for example_sensor_decorator to None, run_after=None
[2025-05-31T21:32:01.740-0300] {processor.py:183} INFO - Processing /home/walterg/Documentos/Data_projects/Data-Warehouse-postgres-DBT-airflow-/.venv/lib/python3.11/site-packages/airflow/example_dags/example_sensor_decorator.py took 0.051 seconds
[2025-05-31T21:32:46.924-0300] {processor.py:161} INFO - Started process (PID=42587) to work on /home/walterg/Documentos/Data_projects/Data-Warehouse-postgres-DBT-airflow-/.venv/lib/python3.11/site-packages/airflow/example_dags/example_sensor_decorator.py
[2025-05-31T21:32:46.929-0300] {processor.py:830} INFO - Processing file /home/walterg/Documentos/Data_projects/Data-Warehouse-postgres-DBT-airflow-/.venv/lib/python3.11/site-packages/airflow/example_dags/example_sensor_decorator.py for tasks to queue
[2025-05-31T21:32:46.931-0300] {logging_mixin.py:188} INFO - [2025-05-31T21:32:46.930-0300] {dagbag.py:538} INFO - Filling up the DagBag from /home/walterg/Documentos/Data_projects/Data-Warehouse-postgres-DBT-airflow-/.venv/lib/python3.11/site-packages/airflow/example_dags/example_sensor_decorator.py
[2025-05-31T21:32:46.936-0300] {processor.py:840} INFO - DAG(s) 'example_sensor_decorator' retrieved from /home/walterg/Documentos/Data_projects/Data-Warehouse-postgres-DBT-airflow-/.venv/lib/python3.11/site-packages/airflow/example_dags/example_sensor_decorator.py
[2025-05-31T21:32:46.948-0300] {logging_mixin.py:188} INFO - [2025-05-31T21:32:46.948-0300] {dag.py:3036} INFO - Sync 1 DAGs
[2025-05-31T21:32:46.956-0300] {logging_mixin.py:188} INFO - [2025-05-31T21:32:46.956-0300] {dag.py:3823} INFO - Setting next_dagrun for example_sensor_decorator to None, run_after=None
[2025-05-31T21:32:46.972-0300] {processor.py:183} INFO - Processing /home/walterg/Documentos/Data_projects/Data-Warehouse-postgres-DBT-airflow-/.venv/lib/python3.11/site-packages/airflow/example_dags/example_sensor_decorator.py took 0.051 seconds
[2025-05-31T21:33:32.028-0300] {processor.py:161} INFO - Started process (PID=42889) to work on /home/walterg/Documentos/Data_projects/Data-Warehouse-postgres-DBT-airflow-/.venv/lib/python3.11/site-packages/airflow/example_dags/example_sensor_decorator.py
[2025-05-31T21:33:32.033-0300] {processor.py:830} INFO - Processing file /home/walterg/Documentos/Data_projects/Data-Warehouse-postgres-DBT-airflow-/.venv/lib/python3.11/site-packages/airflow/example_dags/example_sensor_decorator.py for tasks to queue
[2025-05-31T21:33:32.034-0300] {logging_mixin.py:188} INFO - [2025-05-31T21:33:32.033-0300] {dagbag.py:538} INFO - Filling up the DagBag from /home/walterg/Documentos/Data_projects/Data-Warehouse-postgres-DBT-airflow-/.venv/lib/python3.11/site-packages/airflow/example_dags/example_sensor_decorator.py
[2025-05-31T21:33:32.039-0300] {processor.py:840} INFO - DAG(s) 'example_sensor_decorator' retrieved from /home/walterg/Documentos/Data_projects/Data-Warehouse-postgres-DBT-airflow-/.venv/lib/python3.11/site-packages/airflow/example_dags/example_sensor_decorator.py
[2025-05-31T21:33:32.052-0300] {logging_mixin.py:188} INFO - [2025-05-31T21:33:32.051-0300] {dag.py:3036} INFO - Sync 1 DAGs
[2025-05-31T21:33:32.060-0300] {logging_mixin.py:188} INFO - [2025-05-31T21:33:32.059-0300] {dag.py:3823} INFO - Setting next_dagrun for example_sensor_decorator to None, run_after=None
[2025-05-31T21:33:32.078-0300] {processor.py:183} INFO - Processing /home/walterg/Documentos/Data_projects/Data-Warehouse-postgres-DBT-airflow-/.venv/lib/python3.11/site-packages/airflow/example_dags/example_sensor_decorator.py took 0.053 seconds
[2025-05-31T21:34:25.443-0300] {processor.py:161} INFO - Started process (PID=42969) to work on /home/walterg/Documentos/Data_projects/Data-Warehouse-postgres-DBT-airflow-/.venv/lib/python3.11/site-packages/airflow/example_dags/example_sensor_decorator.py
[2025-05-31T21:34:25.448-0300] {processor.py:830} INFO - Processing file /home/walterg/Documentos/Data_projects/Data-Warehouse-postgres-DBT-airflow-/.venv/lib/python3.11/site-packages/airflow/example_dags/example_sensor_decorator.py for tasks to queue
[2025-05-31T21:34:25.450-0300] {logging_mixin.py:188} INFO - [2025-05-31T21:34:25.449-0300] {dagbag.py:538} INFO - Filling up the DagBag from /home/walterg/Documentos/Data_projects/Data-Warehouse-postgres-DBT-airflow-/.venv/lib/python3.11/site-packages/airflow/example_dags/example_sensor_decorator.py
[2025-05-31T21:34:25.455-0300] {processor.py:840} INFO - DAG(s) 'example_sensor_decorator' retrieved from /home/walterg/Documentos/Data_projects/Data-Warehouse-postgres-DBT-airflow-/.venv/lib/python3.11/site-packages/airflow/example_dags/example_sensor_decorator.py
[2025-05-31T21:34:25.467-0300] {logging_mixin.py:188} INFO - [2025-05-31T21:34:25.467-0300] {dag.py:3036} INFO - Sync 1 DAGs
[2025-05-31T21:34:25.474-0300] {logging_mixin.py:188} INFO - [2025-05-31T21:34:25.474-0300] {dag.py:3823} INFO - Setting next_dagrun for example_sensor_decorator to None, run_after=None
[2025-05-31T21:34:25.490-0300] {processor.py:183} INFO - Processing /home/walterg/Documentos/Data_projects/Data-Warehouse-postgres-DBT-airflow-/.venv/lib/python3.11/site-packages/airflow/example_dags/example_sensor_decorator.py took 0.050 seconds
