[2025-05-31T21:00:15.753-0300] {processor.py:161} INFO - Started process (PID=32640) to work on /home/walterg/Documentos/Data_projects/Data-Warehouse-postgres-DBT-airflow-/.venv/lib/python3.11/site-packages/airflow/example_dags/example_sla_dag.py
[2025-05-31T21:00:15.754-0300] {processor.py:830} INFO - Processing file /home/walterg/Documentos/Data_projects/Data-Warehouse-postgres-DBT-airflow-/.venv/lib/python3.11/site-packages/airflow/example_dags/example_sla_dag.py for tasks to queue
[2025-05-31T21:00:15.754-0300] {logging_mixin.py:188} INFO - [2025-05-31T21:00:15.754-0300] {dagbag.py:538} INFO - Filling up the DagBag from /home/walterg/Documentos/Data_projects/Data-Warehouse-postgres-DBT-airflow-/.venv/lib/python3.11/site-packages/airflow/example_dags/example_sla_dag.py
[2025-05-31T21:00:15.761-0300] {processor.py:840} INFO - DAG(s) 'example_sla_dag' retrieved from /home/walterg/Documentos/Data_projects/Data-Warehouse-postgres-DBT-airflow-/.venv/lib/python3.11/site-packages/airflow/example_dags/example_sla_dag.py
[2025-05-31T21:00:15.773-0300] {logging_mixin.py:188} INFO - [2025-05-31T21:00:15.773-0300] {dag.py:3036} INFO - Sync 1 DAGs
[2025-05-31T21:00:15.788-0300] {logging_mixin.py:188} INFO - [2025-05-31T21:00:15.788-0300] {dag.py:3823} INFO - Setting next_dagrun for example_sla_dag to 2025-05-31 23:58:00+00:00, run_after=2025-06-01 00:00:00+00:00
[2025-05-31T21:00:15.808-0300] {processor.py:183} INFO - Processing /home/walterg/Documentos/Data_projects/Data-Warehouse-postgres-DBT-airflow-/.venv/lib/python3.11/site-packages/airflow/example_dags/example_sla_dag.py took 0.058 seconds
[2025-05-31T21:00:56.372-0300] {processor.py:161} INFO - Started process (PID=32779) to work on /home/walterg/Documentos/Data_projects/Data-Warehouse-postgres-DBT-airflow-/.venv/lib/python3.11/site-packages/airflow/example_dags/example_sla_dag.py
[2025-05-31T21:00:56.373-0300] {processor.py:830} INFO - Processing file /home/walterg/Documentos/Data_projects/Data-Warehouse-postgres-DBT-airflow-/.venv/lib/python3.11/site-packages/airflow/example_dags/example_sla_dag.py for tasks to queue
[2025-05-31T21:00:56.373-0300] {logging_mixin.py:188} INFO - [2025-05-31T21:00:56.373-0300] {dagbag.py:538} INFO - Filling up the DagBag from /home/walterg/Documentos/Data_projects/Data-Warehouse-postgres-DBT-airflow-/.venv/lib/python3.11/site-packages/airflow/example_dags/example_sla_dag.py
[2025-05-31T21:00:56.382-0300] {processor.py:840} INFO - DAG(s) 'example_sla_dag' retrieved from /home/walterg/Documentos/Data_projects/Data-Warehouse-postgres-DBT-airflow-/.venv/lib/python3.11/site-packages/airflow/example_dags/example_sla_dag.py
[2025-05-31T21:00:56.394-0300] {logging_mixin.py:188} INFO - [2025-05-31T21:00:56.394-0300] {dag.py:3036} INFO - Sync 1 DAGs
[2025-05-31T21:00:56.410-0300] {logging_mixin.py:188} INFO - [2025-05-31T21:00:56.410-0300] {dag.py:3823} INFO - Setting next_dagrun for example_sla_dag to 2025-05-31 23:58:00+00:00, run_after=2025-06-01 00:00:00+00:00
[2025-05-31T21:00:56.427-0300] {processor.py:183} INFO - Processing /home/walterg/Documentos/Data_projects/Data-Warehouse-postgres-DBT-airflow-/.venv/lib/python3.11/site-packages/airflow/example_dags/example_sla_dag.py took 0.058 seconds
[2025-05-31T21:01:37.553-0300] {processor.py:161} INFO - Started process (PID=33032) to work on /home/walterg/Documentos/Data_projects/Data-Warehouse-postgres-DBT-airflow-/.venv/lib/python3.11/site-packages/airflow/example_dags/example_sla_dag.py
[2025-05-31T21:01:37.554-0300] {processor.py:830} INFO - Processing file /home/walterg/Documentos/Data_projects/Data-Warehouse-postgres-DBT-airflow-/.venv/lib/python3.11/site-packages/airflow/example_dags/example_sla_dag.py for tasks to queue
[2025-05-31T21:01:37.555-0300] {logging_mixin.py:188} INFO - [2025-05-31T21:01:37.554-0300] {dagbag.py:538} INFO - Filling up the DagBag from /home/walterg/Documentos/Data_projects/Data-Warehouse-postgres-DBT-airflow-/.venv/lib/python3.11/site-packages/airflow/example_dags/example_sla_dag.py
[2025-05-31T21:01:37.562-0300] {processor.py:840} INFO - DAG(s) 'example_sla_dag' retrieved from /home/walterg/Documentos/Data_projects/Data-Warehouse-postgres-DBT-airflow-/.venv/lib/python3.11/site-packages/airflow/example_dags/example_sla_dag.py
[2025-05-31T21:01:37.574-0300] {logging_mixin.py:188} INFO - [2025-05-31T21:01:37.574-0300] {dag.py:3036} INFO - Sync 1 DAGs
[2025-05-31T21:01:37.588-0300] {logging_mixin.py:188} INFO - [2025-05-31T21:01:37.588-0300] {dag.py:3823} INFO - Setting next_dagrun for example_sla_dag to 2025-05-31 23:58:00+00:00, run_after=2025-06-01 00:00:00+00:00
[2025-05-31T21:01:37.604-0300] {processor.py:183} INFO - Processing /home/walterg/Documentos/Data_projects/Data-Warehouse-postgres-DBT-airflow-/.venv/lib/python3.11/site-packages/airflow/example_dags/example_sla_dag.py took 0.054 seconds
[2025-05-31T21:02:21.757-0300] {processor.py:161} INFO - Started process (PID=33346) to work on /home/walterg/Documentos/Data_projects/Data-Warehouse-postgres-DBT-airflow-/.venv/lib/python3.11/site-packages/airflow/example_dags/example_sla_dag.py
[2025-05-31T21:02:21.762-0300] {processor.py:830} INFO - Processing file /home/walterg/Documentos/Data_projects/Data-Warehouse-postgres-DBT-airflow-/.venv/lib/python3.11/site-packages/airflow/example_dags/example_sla_dag.py for tasks to queue
[2025-05-31T21:02:21.764-0300] {logging_mixin.py:188} INFO - [2025-05-31T21:02:21.763-0300] {dagbag.py:538} INFO - Filling up the DagBag from /home/walterg/Documentos/Data_projects/Data-Warehouse-postgres-DBT-airflow-/.venv/lib/python3.11/site-packages/airflow/example_dags/example_sla_dag.py
[2025-05-31T21:02:21.770-0300] {processor.py:840} INFO - DAG(s) 'example_sla_dag' retrieved from /home/walterg/Documentos/Data_projects/Data-Warehouse-postgres-DBT-airflow-/.venv/lib/python3.11/site-packages/airflow/example_dags/example_sla_dag.py
[2025-05-31T21:02:21.783-0300] {logging_mixin.py:188} INFO - [2025-05-31T21:02:21.783-0300] {dag.py:3036} INFO - Sync 1 DAGs
[2025-05-31T21:02:21.798-0300] {logging_mixin.py:188} INFO - [2025-05-31T21:02:21.798-0300] {dag.py:3823} INFO - Setting next_dagrun for example_sla_dag to 2025-06-01 00:00:00+00:00, run_after=2025-06-01 00:02:00+00:00
[2025-05-31T21:02:21.817-0300] {processor.py:183} INFO - Processing /home/walterg/Documentos/Data_projects/Data-Warehouse-postgres-DBT-airflow-/.venv/lib/python3.11/site-packages/airflow/example_dags/example_sla_dag.py took 0.062 seconds
[2025-05-31T21:03:10.702-0300] {processor.py:161} INFO - Started process (PID=33545) to work on /home/walterg/Documentos/Data_projects/Data-Warehouse-postgres-DBT-airflow-/.venv/lib/python3.11/site-packages/airflow/example_dags/example_sla_dag.py
[2025-05-31T21:03:10.703-0300] {processor.py:830} INFO - Processing file /home/walterg/Documentos/Data_projects/Data-Warehouse-postgres-DBT-airflow-/.venv/lib/python3.11/site-packages/airflow/example_dags/example_sla_dag.py for tasks to queue
[2025-05-31T21:03:10.704-0300] {logging_mixin.py:188} INFO - [2025-05-31T21:03:10.704-0300] {dagbag.py:538} INFO - Filling up the DagBag from /home/walterg/Documentos/Data_projects/Data-Warehouse-postgres-DBT-airflow-/.venv/lib/python3.11/site-packages/airflow/example_dags/example_sla_dag.py
[2025-05-31T21:03:10.711-0300] {processor.py:840} INFO - DAG(s) 'example_sla_dag' retrieved from /home/walterg/Documentos/Data_projects/Data-Warehouse-postgres-DBT-airflow-/.venv/lib/python3.11/site-packages/airflow/example_dags/example_sla_dag.py
[2025-05-31T21:03:10.723-0300] {logging_mixin.py:188} INFO - [2025-05-31T21:03:10.723-0300] {dag.py:3036} INFO - Sync 1 DAGs
[2025-05-31T21:03:10.738-0300] {logging_mixin.py:188} INFO - [2025-05-31T21:03:10.738-0300] {dag.py:3823} INFO - Setting next_dagrun for example_sla_dag to 2025-06-01 00:00:00+00:00, run_after=2025-06-01 00:02:00+00:00
[2025-05-31T21:03:10.753-0300] {processor.py:183} INFO - Processing /home/walterg/Documentos/Data_projects/Data-Warehouse-postgres-DBT-airflow-/.venv/lib/python3.11/site-packages/airflow/example_dags/example_sla_dag.py took 0.053 seconds
[2025-05-31T21:04:12.268-0300] {processor.py:161} INFO - Started process (PID=33803) to work on /home/walterg/Documentos/Data_projects/Data-Warehouse-postgres-DBT-airflow-/.venv/lib/python3.11/site-packages/airflow/example_dags/example_sla_dag.py
[2025-05-31T21:04:12.273-0300] {processor.py:830} INFO - Processing file /home/walterg/Documentos/Data_projects/Data-Warehouse-postgres-DBT-airflow-/.venv/lib/python3.11/site-packages/airflow/example_dags/example_sla_dag.py for tasks to queue
[2025-05-31T21:04:12.275-0300] {logging_mixin.py:188} INFO - [2025-05-31T21:04:12.274-0300] {dagbag.py:538} INFO - Filling up the DagBag from /home/walterg/Documentos/Data_projects/Data-Warehouse-postgres-DBT-airflow-/.venv/lib/python3.11/site-packages/airflow/example_dags/example_sla_dag.py
[2025-05-31T21:04:12.282-0300] {processor.py:840} INFO - DAG(s) 'example_sla_dag' retrieved from /home/walterg/Documentos/Data_projects/Data-Warehouse-postgres-DBT-airflow-/.venv/lib/python3.11/site-packages/airflow/example_dags/example_sla_dag.py
[2025-05-31T21:04:12.293-0300] {logging_mixin.py:188} INFO - [2025-05-31T21:04:12.293-0300] {dag.py:3036} INFO - Sync 1 DAGs
[2025-05-31T21:04:12.307-0300] {logging_mixin.py:188} INFO - [2025-05-31T21:04:12.307-0300] {dag.py:3823} INFO - Setting next_dagrun for example_sla_dag to 2025-06-01 00:02:00+00:00, run_after=2025-06-01 00:04:00+00:00
[2025-05-31T21:04:12.324-0300] {processor.py:183} INFO - Processing /home/walterg/Documentos/Data_projects/Data-Warehouse-postgres-DBT-airflow-/.venv/lib/python3.11/site-packages/airflow/example_dags/example_sla_dag.py took 0.058 seconds
[2025-05-31T21:05:15.379-0300] {processor.py:161} INFO - Started process (PID=34103) to work on /home/walterg/Documentos/Data_projects/Data-Warehouse-postgres-DBT-airflow-/.venv/lib/python3.11/site-packages/airflow/example_dags/example_sla_dag.py
[2025-05-31T21:05:15.384-0300] {processor.py:830} INFO - Processing file /home/walterg/Documentos/Data_projects/Data-Warehouse-postgres-DBT-airflow-/.venv/lib/python3.11/site-packages/airflow/example_dags/example_sla_dag.py for tasks to queue
[2025-05-31T21:05:15.385-0300] {logging_mixin.py:188} INFO - [2025-05-31T21:05:15.385-0300] {dagbag.py:538} INFO - Filling up the DagBag from /home/walterg/Documentos/Data_projects/Data-Warehouse-postgres-DBT-airflow-/.venv/lib/python3.11/site-packages/airflow/example_dags/example_sla_dag.py
[2025-05-31T21:05:15.393-0300] {processor.py:840} INFO - DAG(s) 'example_sla_dag' retrieved from /home/walterg/Documentos/Data_projects/Data-Warehouse-postgres-DBT-airflow-/.venv/lib/python3.11/site-packages/airflow/example_dags/example_sla_dag.py
[2025-05-31T21:05:15.405-0300] {logging_mixin.py:188} INFO - [2025-05-31T21:05:15.405-0300] {dag.py:3036} INFO - Sync 1 DAGs
[2025-05-31T21:05:15.419-0300] {logging_mixin.py:188} INFO - [2025-05-31T21:05:15.419-0300] {dag.py:3823} INFO - Setting next_dagrun for example_sla_dag to 2025-06-01 00:02:00+00:00, run_after=2025-06-01 00:04:00+00:00
[2025-05-31T21:05:15.436-0300] {processor.py:183} INFO - Processing /home/walterg/Documentos/Data_projects/Data-Warehouse-postgres-DBT-airflow-/.venv/lib/python3.11/site-packages/airflow/example_dags/example_sla_dag.py took 0.060 seconds
[2025-05-31T21:05:58.037-0300] {processor.py:161} INFO - Started process (PID=34309) to work on /home/walterg/Documentos/Data_projects/Data-Warehouse-postgres-DBT-airflow-/.venv/lib/python3.11/site-packages/airflow/example_dags/example_sla_dag.py
[2025-05-31T21:05:58.042-0300] {processor.py:830} INFO - Processing file /home/walterg/Documentos/Data_projects/Data-Warehouse-postgres-DBT-airflow-/.venv/lib/python3.11/site-packages/airflow/example_dags/example_sla_dag.py for tasks to queue
[2025-05-31T21:05:58.044-0300] {logging_mixin.py:188} INFO - [2025-05-31T21:05:58.043-0300] {dagbag.py:538} INFO - Filling up the DagBag from /home/walterg/Documentos/Data_projects/Data-Warehouse-postgres-DBT-airflow-/.venv/lib/python3.11/site-packages/airflow/example_dags/example_sla_dag.py
[2025-05-31T21:05:58.052-0300] {processor.py:840} INFO - DAG(s) 'example_sla_dag' retrieved from /home/walterg/Documentos/Data_projects/Data-Warehouse-postgres-DBT-airflow-/.venv/lib/python3.11/site-packages/airflow/example_dags/example_sla_dag.py
[2025-05-31T21:05:58.065-0300] {logging_mixin.py:188} INFO - [2025-05-31T21:05:58.065-0300] {dag.py:3036} INFO - Sync 1 DAGs
[2025-05-31T21:05:58.080-0300] {logging_mixin.py:188} INFO - [2025-05-31T21:05:58.080-0300] {dag.py:3823} INFO - Setting next_dagrun for example_sla_dag to 2025-06-01 00:02:00+00:00, run_after=2025-06-01 00:04:00+00:00
[2025-05-31T21:05:58.097-0300] {processor.py:183} INFO - Processing /home/walterg/Documentos/Data_projects/Data-Warehouse-postgres-DBT-airflow-/.venv/lib/python3.11/site-packages/airflow/example_dags/example_sla_dag.py took 0.062 seconds
[2025-05-31T21:06:41.206-0300] {processor.py:161} INFO - Started process (PID=34572) to work on /home/walterg/Documentos/Data_projects/Data-Warehouse-postgres-DBT-airflow-/.venv/lib/python3.11/site-packages/airflow/example_dags/example_sla_dag.py
[2025-05-31T21:06:41.207-0300] {processor.py:830} INFO - Processing file /home/walterg/Documentos/Data_projects/Data-Warehouse-postgres-DBT-airflow-/.venv/lib/python3.11/site-packages/airflow/example_dags/example_sla_dag.py for tasks to queue
[2025-05-31T21:06:41.208-0300] {logging_mixin.py:188} INFO - [2025-05-31T21:06:41.208-0300] {dagbag.py:538} INFO - Filling up the DagBag from /home/walterg/Documentos/Data_projects/Data-Warehouse-postgres-DBT-airflow-/.venv/lib/python3.11/site-packages/airflow/example_dags/example_sla_dag.py
[2025-05-31T21:06:41.215-0300] {processor.py:840} INFO - DAG(s) 'example_sla_dag' retrieved from /home/walterg/Documentos/Data_projects/Data-Warehouse-postgres-DBT-airflow-/.venv/lib/python3.11/site-packages/airflow/example_dags/example_sla_dag.py
[2025-05-31T21:06:41.226-0300] {logging_mixin.py:188} INFO - [2025-05-31T21:06:41.226-0300] {dag.py:3036} INFO - Sync 1 DAGs
[2025-05-31T21:06:41.240-0300] {logging_mixin.py:188} INFO - [2025-05-31T21:06:41.240-0300] {dag.py:3823} INFO - Setting next_dagrun for example_sla_dag to 2025-06-01 00:04:00+00:00, run_after=2025-06-01 00:06:00+00:00
[2025-05-31T21:06:41.256-0300] {processor.py:183} INFO - Processing /home/walterg/Documentos/Data_projects/Data-Warehouse-postgres-DBT-airflow-/.venv/lib/python3.11/site-packages/airflow/example_dags/example_sla_dag.py took 0.053 seconds
[2025-05-31T21:07:25.532-0300] {processor.py:161} INFO - Started process (PID=34813) to work on /home/walterg/Documentos/Data_projects/Data-Warehouse-postgres-DBT-airflow-/.venv/lib/python3.11/site-packages/airflow/example_dags/example_sla_dag.py
[2025-05-31T21:07:25.536-0300] {processor.py:830} INFO - Processing file /home/walterg/Documentos/Data_projects/Data-Warehouse-postgres-DBT-airflow-/.venv/lib/python3.11/site-packages/airflow/example_dags/example_sla_dag.py for tasks to queue
[2025-05-31T21:07:25.537-0300] {logging_mixin.py:188} INFO - [2025-05-31T21:07:25.537-0300] {dagbag.py:538} INFO - Filling up the DagBag from /home/walterg/Documentos/Data_projects/Data-Warehouse-postgres-DBT-airflow-/.venv/lib/python3.11/site-packages/airflow/example_dags/example_sla_dag.py
[2025-05-31T21:07:25.545-0300] {processor.py:840} INFO - DAG(s) 'example_sla_dag' retrieved from /home/walterg/Documentos/Data_projects/Data-Warehouse-postgres-DBT-airflow-/.venv/lib/python3.11/site-packages/airflow/example_dags/example_sla_dag.py
[2025-05-31T21:07:25.557-0300] {logging_mixin.py:188} INFO - [2025-05-31T21:07:25.557-0300] {dag.py:3036} INFO - Sync 1 DAGs
[2025-05-31T21:07:25.573-0300] {logging_mixin.py:188} INFO - [2025-05-31T21:07:25.572-0300] {dag.py:3823} INFO - Setting next_dagrun for example_sla_dag to 2025-06-01 00:04:00+00:00, run_after=2025-06-01 00:06:00+00:00
[2025-05-31T21:07:25.589-0300] {processor.py:183} INFO - Processing /home/walterg/Documentos/Data_projects/Data-Warehouse-postgres-DBT-airflow-/.venv/lib/python3.11/site-packages/airflow/example_dags/example_sla_dag.py took 0.060 seconds
[2025-05-31T21:08:13.090-0300] {processor.py:161} INFO - Started process (PID=35069) to work on /home/walterg/Documentos/Data_projects/Data-Warehouse-postgres-DBT-airflow-/.venv/lib/python3.11/site-packages/airflow/example_dags/example_sla_dag.py
[2025-05-31T21:08:13.095-0300] {processor.py:830} INFO - Processing file /home/walterg/Documentos/Data_projects/Data-Warehouse-postgres-DBT-airflow-/.venv/lib/python3.11/site-packages/airflow/example_dags/example_sla_dag.py for tasks to queue
[2025-05-31T21:08:13.096-0300] {logging_mixin.py:188} INFO - [2025-05-31T21:08:13.096-0300] {dagbag.py:538} INFO - Filling up the DagBag from /home/walterg/Documentos/Data_projects/Data-Warehouse-postgres-DBT-airflow-/.venv/lib/python3.11/site-packages/airflow/example_dags/example_sla_dag.py
[2025-05-31T21:08:13.103-0300] {processor.py:840} INFO - DAG(s) 'example_sla_dag' retrieved from /home/walterg/Documentos/Data_projects/Data-Warehouse-postgres-DBT-airflow-/.venv/lib/python3.11/site-packages/airflow/example_dags/example_sla_dag.py
[2025-05-31T21:08:13.116-0300] {logging_mixin.py:188} INFO - [2025-05-31T21:08:13.116-0300] {dag.py:3036} INFO - Sync 1 DAGs
[2025-05-31T21:08:13.131-0300] {logging_mixin.py:188} INFO - [2025-05-31T21:08:13.131-0300] {dag.py:3823} INFO - Setting next_dagrun for example_sla_dag to 2025-06-01 00:06:00+00:00, run_after=2025-06-01 00:08:00+00:00
[2025-05-31T21:08:13.147-0300] {processor.py:183} INFO - Processing /home/walterg/Documentos/Data_projects/Data-Warehouse-postgres-DBT-airflow-/.venv/lib/python3.11/site-packages/airflow/example_dags/example_sla_dag.py took 0.060 seconds
[2025-05-31T21:09:09.992-0300] {processor.py:161} INFO - Started process (PID=35369) to work on /home/walterg/Documentos/Data_projects/Data-Warehouse-postgres-DBT-airflow-/.venv/lib/python3.11/site-packages/airflow/example_dags/example_sla_dag.py
[2025-05-31T21:09:09.993-0300] {processor.py:830} INFO - Processing file /home/walterg/Documentos/Data_projects/Data-Warehouse-postgres-DBT-airflow-/.venv/lib/python3.11/site-packages/airflow/example_dags/example_sla_dag.py for tasks to queue
[2025-05-31T21:09:09.995-0300] {logging_mixin.py:188} INFO - [2025-05-31T21:09:09.994-0300] {dagbag.py:538} INFO - Filling up the DagBag from /home/walterg/Documentos/Data_projects/Data-Warehouse-postgres-DBT-airflow-/.venv/lib/python3.11/site-packages/airflow/example_dags/example_sla_dag.py
[2025-05-31T21:09:10.003-0300] {processor.py:840} INFO - DAG(s) 'example_sla_dag' retrieved from /home/walterg/Documentos/Data_projects/Data-Warehouse-postgres-DBT-airflow-/.venv/lib/python3.11/site-packages/airflow/example_dags/example_sla_dag.py
[2025-05-31T21:09:10.017-0300] {logging_mixin.py:188} INFO - [2025-05-31T21:09:10.017-0300] {dag.py:3036} INFO - Sync 1 DAGs
[2025-05-31T21:09:10.033-0300] {logging_mixin.py:188} INFO - [2025-05-31T21:09:10.033-0300] {dag.py:3823} INFO - Setting next_dagrun for example_sla_dag to 2025-06-01 00:06:00+00:00, run_after=2025-06-01 00:08:00+00:00
[2025-05-31T21:09:10.052-0300] {processor.py:183} INFO - Processing /home/walterg/Documentos/Data_projects/Data-Warehouse-postgres-DBT-airflow-/.venv/lib/python3.11/site-packages/airflow/example_dags/example_sla_dag.py took 0.062 seconds
[2025-05-31T21:09:54.803-0300] {processor.py:161} INFO - Started process (PID=35517) to work on /home/walterg/Documentos/Data_projects/Data-Warehouse-postgres-DBT-airflow-/.venv/lib/python3.11/site-packages/airflow/example_dags/example_sla_dag.py
[2025-05-31T21:09:54.808-0300] {processor.py:830} INFO - Processing file /home/walterg/Documentos/Data_projects/Data-Warehouse-postgres-DBT-airflow-/.venv/lib/python3.11/site-packages/airflow/example_dags/example_sla_dag.py for tasks to queue
[2025-05-31T21:09:54.810-0300] {logging_mixin.py:188} INFO - [2025-05-31T21:09:54.809-0300] {dagbag.py:538} INFO - Filling up the DagBag from /home/walterg/Documentos/Data_projects/Data-Warehouse-postgres-DBT-airflow-/.venv/lib/python3.11/site-packages/airflow/example_dags/example_sla_dag.py
[2025-05-31T21:09:54.817-0300] {processor.py:840} INFO - DAG(s) 'example_sla_dag' retrieved from /home/walterg/Documentos/Data_projects/Data-Warehouse-postgres-DBT-airflow-/.venv/lib/python3.11/site-packages/airflow/example_dags/example_sla_dag.py
[2025-05-31T21:09:54.829-0300] {logging_mixin.py:188} INFO - [2025-05-31T21:09:54.828-0300] {dag.py:3036} INFO - Sync 1 DAGs
[2025-05-31T21:09:54.843-0300] {logging_mixin.py:188} INFO - [2025-05-31T21:09:54.843-0300] {dag.py:3823} INFO - Setting next_dagrun for example_sla_dag to 2025-06-01 00:06:00+00:00, run_after=2025-06-01 00:08:00+00:00
[2025-05-31T21:09:54.860-0300] {processor.py:183} INFO - Processing /home/walterg/Documentos/Data_projects/Data-Warehouse-postgres-DBT-airflow-/.venv/lib/python3.11/site-packages/airflow/example_dags/example_sla_dag.py took 0.059 seconds
[2025-05-31T21:10:53.127-0300] {processor.py:161} INFO - Started process (PID=35850) to work on /home/walterg/Documentos/Data_projects/Data-Warehouse-postgres-DBT-airflow-/.venv/lib/python3.11/site-packages/airflow/example_dags/example_sla_dag.py
[2025-05-31T21:10:53.132-0300] {processor.py:830} INFO - Processing file /home/walterg/Documentos/Data_projects/Data-Warehouse-postgres-DBT-airflow-/.venv/lib/python3.11/site-packages/airflow/example_dags/example_sla_dag.py for tasks to queue
[2025-05-31T21:10:53.134-0300] {logging_mixin.py:188} INFO - [2025-05-31T21:10:53.133-0300] {dagbag.py:538} INFO - Filling up the DagBag from /home/walterg/Documentos/Data_projects/Data-Warehouse-postgres-DBT-airflow-/.venv/lib/python3.11/site-packages/airflow/example_dags/example_sla_dag.py
[2025-05-31T21:10:53.141-0300] {processor.py:840} INFO - DAG(s) 'example_sla_dag' retrieved from /home/walterg/Documentos/Data_projects/Data-Warehouse-postgres-DBT-airflow-/.venv/lib/python3.11/site-packages/airflow/example_dags/example_sla_dag.py
[2025-05-31T21:10:53.153-0300] {logging_mixin.py:188} INFO - [2025-05-31T21:10:53.153-0300] {dag.py:3036} INFO - Sync 1 DAGs
[2025-05-31T21:10:53.168-0300] {logging_mixin.py:188} INFO - [2025-05-31T21:10:53.168-0300] {dag.py:3823} INFO - Setting next_dagrun for example_sla_dag to 2025-06-01 00:08:00+00:00, run_after=2025-06-01 00:10:00+00:00
[2025-05-31T21:10:53.185-0300] {processor.py:183} INFO - Processing /home/walterg/Documentos/Data_projects/Data-Warehouse-postgres-DBT-airflow-/.venv/lib/python3.11/site-packages/airflow/example_dags/example_sla_dag.py took 0.060 seconds
[2025-05-31T21:11:36.986-0300] {processor.py:161} INFO - Started process (PID=36098) to work on /home/walterg/Documentos/Data_projects/Data-Warehouse-postgres-DBT-airflow-/.venv/lib/python3.11/site-packages/airflow/example_dags/example_sla_dag.py
[2025-05-31T21:11:36.991-0300] {processor.py:830} INFO - Processing file /home/walterg/Documentos/Data_projects/Data-Warehouse-postgres-DBT-airflow-/.venv/lib/python3.11/site-packages/airflow/example_dags/example_sla_dag.py for tasks to queue
[2025-05-31T21:11:36.992-0300] {logging_mixin.py:188} INFO - [2025-05-31T21:11:36.991-0300] {dagbag.py:538} INFO - Filling up the DagBag from /home/walterg/Documentos/Data_projects/Data-Warehouse-postgres-DBT-airflow-/.venv/lib/python3.11/site-packages/airflow/example_dags/example_sla_dag.py
[2025-05-31T21:11:36.999-0300] {processor.py:840} INFO - DAG(s) 'example_sla_dag' retrieved from /home/walterg/Documentos/Data_projects/Data-Warehouse-postgres-DBT-airflow-/.venv/lib/python3.11/site-packages/airflow/example_dags/example_sla_dag.py
[2025-05-31T21:11:37.011-0300] {logging_mixin.py:188} INFO - [2025-05-31T21:11:37.011-0300] {dag.py:3036} INFO - Sync 1 DAGs
[2025-05-31T21:11:37.026-0300] {logging_mixin.py:188} INFO - [2025-05-31T21:11:37.026-0300] {dag.py:3823} INFO - Setting next_dagrun for example_sla_dag to 2025-06-01 00:08:00+00:00, run_after=2025-06-01 00:10:00+00:00
[2025-05-31T21:11:37.042-0300] {processor.py:183} INFO - Processing /home/walterg/Documentos/Data_projects/Data-Warehouse-postgres-DBT-airflow-/.venv/lib/python3.11/site-packages/airflow/example_dags/example_sla_dag.py took 0.059 seconds
[2025-05-31T21:12:22.537-0300] {processor.py:161} INFO - Started process (PID=36301) to work on /home/walterg/Documentos/Data_projects/Data-Warehouse-postgres-DBT-airflow-/.venv/lib/python3.11/site-packages/airflow/example_dags/example_sla_dag.py
[2025-05-31T21:12:22.542-0300] {processor.py:830} INFO - Processing file /home/walterg/Documentos/Data_projects/Data-Warehouse-postgres-DBT-airflow-/.venv/lib/python3.11/site-packages/airflow/example_dags/example_sla_dag.py for tasks to queue
[2025-05-31T21:12:22.543-0300] {logging_mixin.py:188} INFO - [2025-05-31T21:12:22.542-0300] {dagbag.py:538} INFO - Filling up the DagBag from /home/walterg/Documentos/Data_projects/Data-Warehouse-postgres-DBT-airflow-/.venv/lib/python3.11/site-packages/airflow/example_dags/example_sla_dag.py
[2025-05-31T21:12:22.550-0300] {processor.py:840} INFO - DAG(s) 'example_sla_dag' retrieved from /home/walterg/Documentos/Data_projects/Data-Warehouse-postgres-DBT-airflow-/.venv/lib/python3.11/site-packages/airflow/example_dags/example_sla_dag.py
[2025-05-31T21:12:22.561-0300] {logging_mixin.py:188} INFO - [2025-05-31T21:12:22.561-0300] {dag.py:3036} INFO - Sync 1 DAGs
[2025-05-31T21:12:22.577-0300] {logging_mixin.py:188} INFO - [2025-05-31T21:12:22.577-0300] {dag.py:3823} INFO - Setting next_dagrun for example_sla_dag to 2025-06-01 00:10:00+00:00, run_after=2025-06-01 00:12:00+00:00
[2025-05-31T21:12:22.594-0300] {processor.py:183} INFO - Processing /home/walterg/Documentos/Data_projects/Data-Warehouse-postgres-DBT-airflow-/.venv/lib/python3.11/site-packages/airflow/example_dags/example_sla_dag.py took 0.059 seconds
[2025-05-31T21:13:06.934-0300] {processor.py:161} INFO - Started process (PID=36468) to work on /home/walterg/Documentos/Data_projects/Data-Warehouse-postgres-DBT-airflow-/.venv/lib/python3.11/site-packages/airflow/example_dags/example_sla_dag.py
[2025-05-31T21:13:06.935-0300] {processor.py:830} INFO - Processing file /home/walterg/Documentos/Data_projects/Data-Warehouse-postgres-DBT-airflow-/.venv/lib/python3.11/site-packages/airflow/example_dags/example_sla_dag.py for tasks to queue
[2025-05-31T21:13:06.936-0300] {logging_mixin.py:188} INFO - [2025-05-31T21:13:06.936-0300] {dagbag.py:538} INFO - Filling up the DagBag from /home/walterg/Documentos/Data_projects/Data-Warehouse-postgres-DBT-airflow-/.venv/lib/python3.11/site-packages/airflow/example_dags/example_sla_dag.py
[2025-05-31T21:13:06.946-0300] {processor.py:840} INFO - DAG(s) 'example_sla_dag' retrieved from /home/walterg/Documentos/Data_projects/Data-Warehouse-postgres-DBT-airflow-/.venv/lib/python3.11/site-packages/airflow/example_dags/example_sla_dag.py
[2025-05-31T21:13:06.959-0300] {logging_mixin.py:188} INFO - [2025-05-31T21:13:06.959-0300] {dag.py:3036} INFO - Sync 1 DAGs
[2025-05-31T21:13:06.976-0300] {logging_mixin.py:188} INFO - [2025-05-31T21:13:06.976-0300] {dag.py:3823} INFO - Setting next_dagrun for example_sla_dag to 2025-06-01 00:10:00+00:00, run_after=2025-06-01 00:12:00+00:00
[2025-05-31T21:13:06.993-0300] {processor.py:183} INFO - Processing /home/walterg/Documentos/Data_projects/Data-Warehouse-postgres-DBT-airflow-/.venv/lib/python3.11/site-packages/airflow/example_dags/example_sla_dag.py took 0.062 seconds
[2025-05-31T21:13:48.924-0300] {processor.py:161} INFO - Started process (PID=36638) to work on /home/walterg/Documentos/Data_projects/Data-Warehouse-postgres-DBT-airflow-/.venv/lib/python3.11/site-packages/airflow/example_dags/example_sla_dag.py
[2025-05-31T21:13:48.925-0300] {processor.py:830} INFO - Processing file /home/walterg/Documentos/Data_projects/Data-Warehouse-postgres-DBT-airflow-/.venv/lib/python3.11/site-packages/airflow/example_dags/example_sla_dag.py for tasks to queue
[2025-05-31T21:13:48.925-0300] {logging_mixin.py:188} INFO - [2025-05-31T21:13:48.925-0300] {dagbag.py:538} INFO - Filling up the DagBag from /home/walterg/Documentos/Data_projects/Data-Warehouse-postgres-DBT-airflow-/.venv/lib/python3.11/site-packages/airflow/example_dags/example_sla_dag.py
[2025-05-31T21:13:48.932-0300] {processor.py:840} INFO - DAG(s) 'example_sla_dag' retrieved from /home/walterg/Documentos/Data_projects/Data-Warehouse-postgres-DBT-airflow-/.venv/lib/python3.11/site-packages/airflow/example_dags/example_sla_dag.py
[2025-05-31T21:13:48.944-0300] {logging_mixin.py:188} INFO - [2025-05-31T21:13:48.944-0300] {dag.py:3036} INFO - Sync 1 DAGs
[2025-05-31T21:13:48.958-0300] {logging_mixin.py:188} INFO - [2025-05-31T21:13:48.958-0300] {dag.py:3823} INFO - Setting next_dagrun for example_sla_dag to 2025-06-01 00:10:00+00:00, run_after=2025-06-01 00:12:00+00:00
[2025-05-31T21:13:48.974-0300] {processor.py:183} INFO - Processing /home/walterg/Documentos/Data_projects/Data-Warehouse-postgres-DBT-airflow-/.venv/lib/python3.11/site-packages/airflow/example_dags/example_sla_dag.py took 0.052 seconds
[2025-05-31T21:14:33.127-0300] {processor.py:161} INFO - Started process (PID=36881) to work on /home/walterg/Documentos/Data_projects/Data-Warehouse-postgres-DBT-airflow-/.venv/lib/python3.11/site-packages/airflow/example_dags/example_sla_dag.py
[2025-05-31T21:14:33.127-0300] {processor.py:830} INFO - Processing file /home/walterg/Documentos/Data_projects/Data-Warehouse-postgres-DBT-airflow-/.venv/lib/python3.11/site-packages/airflow/example_dags/example_sla_dag.py for tasks to queue
[2025-05-31T21:14:33.128-0300] {logging_mixin.py:188} INFO - [2025-05-31T21:14:33.128-0300] {dagbag.py:538} INFO - Filling up the DagBag from /home/walterg/Documentos/Data_projects/Data-Warehouse-postgres-DBT-airflow-/.venv/lib/python3.11/site-packages/airflow/example_dags/example_sla_dag.py
[2025-05-31T21:14:33.135-0300] {processor.py:840} INFO - DAG(s) 'example_sla_dag' retrieved from /home/walterg/Documentos/Data_projects/Data-Warehouse-postgres-DBT-airflow-/.venv/lib/python3.11/site-packages/airflow/example_dags/example_sla_dag.py
[2025-05-31T21:14:33.147-0300] {logging_mixin.py:188} INFO - [2025-05-31T21:14:33.147-0300] {dag.py:3036} INFO - Sync 1 DAGs
[2025-05-31T21:14:33.161-0300] {logging_mixin.py:188} INFO - [2025-05-31T21:14:33.161-0300] {dag.py:3823} INFO - Setting next_dagrun for example_sla_dag to 2025-06-01 00:12:00+00:00, run_after=2025-06-01 00:14:00+00:00
[2025-05-31T21:14:33.178-0300] {processor.py:183} INFO - Processing /home/walterg/Documentos/Data_projects/Data-Warehouse-postgres-DBT-airflow-/.venv/lib/python3.11/site-packages/airflow/example_dags/example_sla_dag.py took 0.053 seconds
[2025-05-31T21:15:32.495-0300] {processor.py:161} INFO - Started process (PID=37268) to work on /home/walterg/Documentos/Data_projects/Data-Warehouse-postgres-DBT-airflow-/.venv/lib/python3.11/site-packages/airflow/example_dags/example_sla_dag.py
[2025-05-31T21:15:32.500-0300] {processor.py:830} INFO - Processing file /home/walterg/Documentos/Data_projects/Data-Warehouse-postgres-DBT-airflow-/.venv/lib/python3.11/site-packages/airflow/example_dags/example_sla_dag.py for tasks to queue
[2025-05-31T21:15:32.502-0300] {logging_mixin.py:188} INFO - [2025-05-31T21:15:32.501-0300] {dagbag.py:538} INFO - Filling up the DagBag from /home/walterg/Documentos/Data_projects/Data-Warehouse-postgres-DBT-airflow-/.venv/lib/python3.11/site-packages/airflow/example_dags/example_sla_dag.py
[2025-05-31T21:15:32.509-0300] {processor.py:840} INFO - DAG(s) 'example_sla_dag' retrieved from /home/walterg/Documentos/Data_projects/Data-Warehouse-postgres-DBT-airflow-/.venv/lib/python3.11/site-packages/airflow/example_dags/example_sla_dag.py
[2025-05-31T21:15:32.521-0300] {logging_mixin.py:188} INFO - [2025-05-31T21:15:32.520-0300] {dag.py:3036} INFO - Sync 1 DAGs
[2025-05-31T21:15:32.535-0300] {logging_mixin.py:188} INFO - [2025-05-31T21:15:32.535-0300] {dag.py:3823} INFO - Setting next_dagrun for example_sla_dag to 2025-06-01 00:12:00+00:00, run_after=2025-06-01 00:14:00+00:00
[2025-05-31T21:15:32.550-0300] {processor.py:183} INFO - Processing /home/walterg/Documentos/Data_projects/Data-Warehouse-postgres-DBT-airflow-/.venv/lib/python3.11/site-packages/airflow/example_dags/example_sla_dag.py took 0.057 seconds
[2025-05-31T21:16:32.386-0300] {processor.py:161} INFO - Started process (PID=37638) to work on /home/walterg/Documentos/Data_projects/Data-Warehouse-postgres-DBT-airflow-/.venv/lib/python3.11/site-packages/airflow/example_dags/example_sla_dag.py
[2025-05-31T21:16:32.391-0300] {processor.py:830} INFO - Processing file /home/walterg/Documentos/Data_projects/Data-Warehouse-postgres-DBT-airflow-/.venv/lib/python3.11/site-packages/airflow/example_dags/example_sla_dag.py for tasks to queue
[2025-05-31T21:16:32.392-0300] {logging_mixin.py:188} INFO - [2025-05-31T21:16:32.391-0300] {dagbag.py:538} INFO - Filling up the DagBag from /home/walterg/Documentos/Data_projects/Data-Warehouse-postgres-DBT-airflow-/.venv/lib/python3.11/site-packages/airflow/example_dags/example_sla_dag.py
[2025-05-31T21:16:32.399-0300] {processor.py:840} INFO - DAG(s) 'example_sla_dag' retrieved from /home/walterg/Documentos/Data_projects/Data-Warehouse-postgres-DBT-airflow-/.venv/lib/python3.11/site-packages/airflow/example_dags/example_sla_dag.py
[2025-05-31T21:16:32.410-0300] {logging_mixin.py:188} INFO - [2025-05-31T21:16:32.410-0300] {dag.py:3036} INFO - Sync 1 DAGs
[2025-05-31T21:16:32.424-0300] {logging_mixin.py:188} INFO - [2025-05-31T21:16:32.424-0300] {dag.py:3823} INFO - Setting next_dagrun for example_sla_dag to 2025-06-01 00:14:00+00:00, run_after=2025-06-01 00:16:00+00:00
[2025-05-31T21:16:32.440-0300] {processor.py:183} INFO - Processing /home/walterg/Documentos/Data_projects/Data-Warehouse-postgres-DBT-airflow-/.venv/lib/python3.11/site-packages/airflow/example_dags/example_sla_dag.py took 0.057 seconds
[2025-05-31T21:17:18.341-0300] {processor.py:161} INFO - Started process (PID=37861) to work on /home/walterg/Documentos/Data_projects/Data-Warehouse-postgres-DBT-airflow-/.venv/lib/python3.11/site-packages/airflow/example_dags/example_sla_dag.py
[2025-05-31T21:17:18.346-0300] {processor.py:830} INFO - Processing file /home/walterg/Documentos/Data_projects/Data-Warehouse-postgres-DBT-airflow-/.venv/lib/python3.11/site-packages/airflow/example_dags/example_sla_dag.py for tasks to queue
[2025-05-31T21:17:18.348-0300] {logging_mixin.py:188} INFO - [2025-05-31T21:17:18.347-0300] {dagbag.py:538} INFO - Filling up the DagBag from /home/walterg/Documentos/Data_projects/Data-Warehouse-postgres-DBT-airflow-/.venv/lib/python3.11/site-packages/airflow/example_dags/example_sla_dag.py
[2025-05-31T21:17:18.355-0300] {processor.py:840} INFO - DAG(s) 'example_sla_dag' retrieved from /home/walterg/Documentos/Data_projects/Data-Warehouse-postgres-DBT-airflow-/.venv/lib/python3.11/site-packages/airflow/example_dags/example_sla_dag.py
[2025-05-31T21:17:18.367-0300] {logging_mixin.py:188} INFO - [2025-05-31T21:17:18.367-0300] {dag.py:3036} INFO - Sync 1 DAGs
[2025-05-31T21:17:18.383-0300] {logging_mixin.py:188} INFO - [2025-05-31T21:17:18.383-0300] {dag.py:3823} INFO - Setting next_dagrun for example_sla_dag to 2025-06-01 00:14:00+00:00, run_after=2025-06-01 00:16:00+00:00
[2025-05-31T21:17:18.400-0300] {processor.py:183} INFO - Processing /home/walterg/Documentos/Data_projects/Data-Warehouse-postgres-DBT-airflow-/.venv/lib/python3.11/site-packages/airflow/example_dags/example_sla_dag.py took 0.061 seconds
[2025-05-31T21:18:01.173-0300] {processor.py:161} INFO - Started process (PID=37950) to work on /home/walterg/Documentos/Data_projects/Data-Warehouse-postgres-DBT-airflow-/.venv/lib/python3.11/site-packages/airflow/example_dags/example_sla_dag.py
[2025-05-31T21:18:01.173-0300] {processor.py:830} INFO - Processing file /home/walterg/Documentos/Data_projects/Data-Warehouse-postgres-DBT-airflow-/.venv/lib/python3.11/site-packages/airflow/example_dags/example_sla_dag.py for tasks to queue
[2025-05-31T21:18:01.174-0300] {logging_mixin.py:188} INFO - [2025-05-31T21:18:01.174-0300] {dagbag.py:538} INFO - Filling up the DagBag from /home/walterg/Documentos/Data_projects/Data-Warehouse-postgres-DBT-airflow-/.venv/lib/python3.11/site-packages/airflow/example_dags/example_sla_dag.py
[2025-05-31T21:18:01.181-0300] {processor.py:840} INFO - DAG(s) 'example_sla_dag' retrieved from /home/walterg/Documentos/Data_projects/Data-Warehouse-postgres-DBT-airflow-/.venv/lib/python3.11/site-packages/airflow/example_dags/example_sla_dag.py
[2025-05-31T21:18:01.193-0300] {logging_mixin.py:188} INFO - [2025-05-31T21:18:01.193-0300] {dag.py:3036} INFO - Sync 1 DAGs
[2025-05-31T21:18:01.208-0300] {logging_mixin.py:188} INFO - [2025-05-31T21:18:01.208-0300] {dag.py:3823} INFO - Setting next_dagrun for example_sla_dag to 2025-06-01 00:16:00+00:00, run_after=2025-06-01 00:18:00+00:00
[2025-05-31T21:18:01.223-0300] {processor.py:183} INFO - Processing /home/walterg/Documentos/Data_projects/Data-Warehouse-postgres-DBT-airflow-/.venv/lib/python3.11/site-packages/airflow/example_dags/example_sla_dag.py took 0.053 seconds
[2025-05-31T21:18:48.759-0300] {processor.py:161} INFO - Started process (PID=38171) to work on /home/walterg/Documentos/Data_projects/Data-Warehouse-postgres-DBT-airflow-/.venv/lib/python3.11/site-packages/airflow/example_dags/example_sla_dag.py
[2025-05-31T21:18:48.764-0300] {processor.py:830} INFO - Processing file /home/walterg/Documentos/Data_projects/Data-Warehouse-postgres-DBT-airflow-/.venv/lib/python3.11/site-packages/airflow/example_dags/example_sla_dag.py for tasks to queue
[2025-05-31T21:18:48.765-0300] {logging_mixin.py:188} INFO - [2025-05-31T21:18:48.765-0300] {dagbag.py:538} INFO - Filling up the DagBag from /home/walterg/Documentos/Data_projects/Data-Warehouse-postgres-DBT-airflow-/.venv/lib/python3.11/site-packages/airflow/example_dags/example_sla_dag.py
[2025-05-31T21:18:48.772-0300] {processor.py:840} INFO - DAG(s) 'example_sla_dag' retrieved from /home/walterg/Documentos/Data_projects/Data-Warehouse-postgres-DBT-airflow-/.venv/lib/python3.11/site-packages/airflow/example_dags/example_sla_dag.py
[2025-05-31T21:18:48.785-0300] {logging_mixin.py:188} INFO - [2025-05-31T21:18:48.785-0300] {dag.py:3036} INFO - Sync 1 DAGs
[2025-05-31T21:18:48.802-0300] {logging_mixin.py:188} INFO - [2025-05-31T21:18:48.801-0300] {dag.py:3823} INFO - Setting next_dagrun for example_sla_dag to 2025-06-01 00:16:00+00:00, run_after=2025-06-01 00:18:00+00:00
[2025-05-31T21:18:48.819-0300] {processor.py:183} INFO - Processing /home/walterg/Documentos/Data_projects/Data-Warehouse-postgres-DBT-airflow-/.venv/lib/python3.11/site-packages/airflow/example_dags/example_sla_dag.py took 0.063 seconds
[2025-05-31T21:19:49.233-0300] {processor.py:161} INFO - Started process (PID=38434) to work on /home/walterg/Documentos/Data_projects/Data-Warehouse-postgres-DBT-airflow-/.venv/lib/python3.11/site-packages/airflow/example_dags/example_sla_dag.py
[2025-05-31T21:19:49.238-0300] {processor.py:830} INFO - Processing file /home/walterg/Documentos/Data_projects/Data-Warehouse-postgres-DBT-airflow-/.venv/lib/python3.11/site-packages/airflow/example_dags/example_sla_dag.py for tasks to queue
[2025-05-31T21:19:49.238-0300] {logging_mixin.py:188} INFO - [2025-05-31T21:19:49.238-0300] {dagbag.py:538} INFO - Filling up the DagBag from /home/walterg/Documentos/Data_projects/Data-Warehouse-postgres-DBT-airflow-/.venv/lib/python3.11/site-packages/airflow/example_dags/example_sla_dag.py
[2025-05-31T21:19:49.245-0300] {processor.py:840} INFO - DAG(s) 'example_sla_dag' retrieved from /home/walterg/Documentos/Data_projects/Data-Warehouse-postgres-DBT-airflow-/.venv/lib/python3.11/site-packages/airflow/example_dags/example_sla_dag.py
[2025-05-31T21:19:49.257-0300] {logging_mixin.py:188} INFO - [2025-05-31T21:19:49.257-0300] {dag.py:3036} INFO - Sync 1 DAGs
[2025-05-31T21:19:49.271-0300] {logging_mixin.py:188} INFO - [2025-05-31T21:19:49.271-0300] {dag.py:3823} INFO - Setting next_dagrun for example_sla_dag to 2025-06-01 00:16:00+00:00, run_after=2025-06-01 00:18:00+00:00
[2025-05-31T21:19:49.386-0300] {processor.py:183} INFO - Processing /home/walterg/Documentos/Data_projects/Data-Warehouse-postgres-DBT-airflow-/.venv/lib/python3.11/site-packages/airflow/example_dags/example_sla_dag.py took 0.155 seconds
[2025-05-31T21:20:31.065-0300] {processor.py:161} INFO - Started process (PID=38617) to work on /home/walterg/Documentos/Data_projects/Data-Warehouse-postgres-DBT-airflow-/.venv/lib/python3.11/site-packages/airflow/example_dags/example_sla_dag.py
[2025-05-31T21:20:31.070-0300] {processor.py:830} INFO - Processing file /home/walterg/Documentos/Data_projects/Data-Warehouse-postgres-DBT-airflow-/.venv/lib/python3.11/site-packages/airflow/example_dags/example_sla_dag.py for tasks to queue
[2025-05-31T21:20:31.072-0300] {logging_mixin.py:188} INFO - [2025-05-31T21:20:31.071-0300] {dagbag.py:538} INFO - Filling up the DagBag from /home/walterg/Documentos/Data_projects/Data-Warehouse-postgres-DBT-airflow-/.venv/lib/python3.11/site-packages/airflow/example_dags/example_sla_dag.py
[2025-05-31T21:20:31.079-0300] {processor.py:840} INFO - DAG(s) 'example_sla_dag' retrieved from /home/walterg/Documentos/Data_projects/Data-Warehouse-postgres-DBT-airflow-/.venv/lib/python3.11/site-packages/airflow/example_dags/example_sla_dag.py
[2025-05-31T21:20:31.090-0300] {logging_mixin.py:188} INFO - [2025-05-31T21:20:31.090-0300] {dag.py:3036} INFO - Sync 1 DAGs
[2025-05-31T21:20:31.105-0300] {logging_mixin.py:188} INFO - [2025-05-31T21:20:31.105-0300] {dag.py:3823} INFO - Setting next_dagrun for example_sla_dag to 2025-06-01 00:18:00+00:00, run_after=2025-06-01 00:20:00+00:00
[2025-05-31T21:20:31.121-0300] {processor.py:183} INFO - Processing /home/walterg/Documentos/Data_projects/Data-Warehouse-postgres-DBT-airflow-/.venv/lib/python3.11/site-packages/airflow/example_dags/example_sla_dag.py took 0.058 seconds
[2025-05-31T21:21:32.389-0300] {processor.py:161} INFO - Started process (PID=38897) to work on /home/walterg/Documentos/Data_projects/Data-Warehouse-postgres-DBT-airflow-/.venv/lib/python3.11/site-packages/airflow/example_dags/example_sla_dag.py
[2025-05-31T21:21:32.394-0300] {processor.py:830} INFO - Processing file /home/walterg/Documentos/Data_projects/Data-Warehouse-postgres-DBT-airflow-/.venv/lib/python3.11/site-packages/airflow/example_dags/example_sla_dag.py for tasks to queue
[2025-05-31T21:21:32.395-0300] {logging_mixin.py:188} INFO - [2025-05-31T21:21:32.395-0300] {dagbag.py:538} INFO - Filling up the DagBag from /home/walterg/Documentos/Data_projects/Data-Warehouse-postgres-DBT-airflow-/.venv/lib/python3.11/site-packages/airflow/example_dags/example_sla_dag.py
[2025-05-31T21:21:32.402-0300] {processor.py:840} INFO - DAG(s) 'example_sla_dag' retrieved from /home/walterg/Documentos/Data_projects/Data-Warehouse-postgres-DBT-airflow-/.venv/lib/python3.11/site-packages/airflow/example_dags/example_sla_dag.py
[2025-05-31T21:21:32.415-0300] {logging_mixin.py:188} INFO - [2025-05-31T21:21:32.415-0300] {dag.py:3036} INFO - Sync 1 DAGs
[2025-05-31T21:21:32.430-0300] {logging_mixin.py:188} INFO - [2025-05-31T21:21:32.429-0300] {dag.py:3823} INFO - Setting next_dagrun for example_sla_dag to 2025-06-01 00:18:00+00:00, run_after=2025-06-01 00:20:00+00:00
[2025-05-31T21:21:32.446-0300] {processor.py:183} INFO - Processing /home/walterg/Documentos/Data_projects/Data-Warehouse-postgres-DBT-airflow-/.venv/lib/python3.11/site-packages/airflow/example_dags/example_sla_dag.py took 0.059 seconds
[2025-05-31T21:22:32.510-0300] {processor.py:161} INFO - Started process (PID=39290) to work on /home/walterg/Documentos/Data_projects/Data-Warehouse-postgres-DBT-airflow-/.venv/lib/python3.11/site-packages/airflow/example_dags/example_sla_dag.py
[2025-05-31T21:22:32.515-0300] {processor.py:830} INFO - Processing file /home/walterg/Documentos/Data_projects/Data-Warehouse-postgres-DBT-airflow-/.venv/lib/python3.11/site-packages/airflow/example_dags/example_sla_dag.py for tasks to queue
[2025-05-31T21:22:32.517-0300] {logging_mixin.py:188} INFO - [2025-05-31T21:22:32.516-0300] {dagbag.py:538} INFO - Filling up the DagBag from /home/walterg/Documentos/Data_projects/Data-Warehouse-postgres-DBT-airflow-/.venv/lib/python3.11/site-packages/airflow/example_dags/example_sla_dag.py
[2025-05-31T21:22:32.523-0300] {processor.py:840} INFO - DAG(s) 'example_sla_dag' retrieved from /home/walterg/Documentos/Data_projects/Data-Warehouse-postgres-DBT-airflow-/.venv/lib/python3.11/site-packages/airflow/example_dags/example_sla_dag.py
[2025-05-31T21:22:32.535-0300] {logging_mixin.py:188} INFO - [2025-05-31T21:22:32.535-0300] {dag.py:3036} INFO - Sync 1 DAGs
[2025-05-31T21:22:32.650-0300] {logging_mixin.py:188} INFO - [2025-05-31T21:22:32.650-0300] {dag.py:3823} INFO - Setting next_dagrun for example_sla_dag to 2025-06-01 00:20:00+00:00, run_after=2025-06-01 00:22:00+00:00
[2025-05-31T21:22:32.671-0300] {processor.py:183} INFO - Processing /home/walterg/Documentos/Data_projects/Data-Warehouse-postgres-DBT-airflow-/.venv/lib/python3.11/site-packages/airflow/example_dags/example_sla_dag.py took 0.163 seconds
[2025-05-31T21:23:18.804-0300] {processor.py:161} INFO - Started process (PID=39520) to work on /home/walterg/Documentos/Data_projects/Data-Warehouse-postgres-DBT-airflow-/.venv/lib/python3.11/site-packages/airflow/example_dags/example_sla_dag.py
[2025-05-31T21:23:18.810-0300] {processor.py:830} INFO - Processing file /home/walterg/Documentos/Data_projects/Data-Warehouse-postgres-DBT-airflow-/.venv/lib/python3.11/site-packages/airflow/example_dags/example_sla_dag.py for tasks to queue
[2025-05-31T21:23:18.811-0300] {logging_mixin.py:188} INFO - [2025-05-31T21:23:18.811-0300] {dagbag.py:538} INFO - Filling up the DagBag from /home/walterg/Documentos/Data_projects/Data-Warehouse-postgres-DBT-airflow-/.venv/lib/python3.11/site-packages/airflow/example_dags/example_sla_dag.py
[2025-05-31T21:23:18.818-0300] {processor.py:840} INFO - DAG(s) 'example_sla_dag' retrieved from /home/walterg/Documentos/Data_projects/Data-Warehouse-postgres-DBT-airflow-/.venv/lib/python3.11/site-packages/airflow/example_dags/example_sla_dag.py
[2025-05-31T21:23:18.830-0300] {logging_mixin.py:188} INFO - [2025-05-31T21:23:18.830-0300] {dag.py:3036} INFO - Sync 1 DAGs
[2025-05-31T21:23:18.845-0300] {logging_mixin.py:188} INFO - [2025-05-31T21:23:18.845-0300] {dag.py:3823} INFO - Setting next_dagrun for example_sla_dag to 2025-06-01 00:20:00+00:00, run_after=2025-06-01 00:22:00+00:00
[2025-05-31T21:23:18.867-0300] {processor.py:183} INFO - Processing /home/walterg/Documentos/Data_projects/Data-Warehouse-postgres-DBT-airflow-/.venv/lib/python3.11/site-packages/airflow/example_dags/example_sla_dag.py took 0.065 seconds
[2025-05-31T21:24:07.279-0300] {processor.py:161} INFO - Started process (PID=39670) to work on /home/walterg/Documentos/Data_projects/Data-Warehouse-postgres-DBT-airflow-/.venv/lib/python3.11/site-packages/airflow/example_dags/example_sla_dag.py
[2025-05-31T21:24:07.281-0300] {processor.py:830} INFO - Processing file /home/walterg/Documentos/Data_projects/Data-Warehouse-postgres-DBT-airflow-/.venv/lib/python3.11/site-packages/airflow/example_dags/example_sla_dag.py for tasks to queue
[2025-05-31T21:24:07.281-0300] {logging_mixin.py:188} INFO - [2025-05-31T21:24:07.281-0300] {dagbag.py:538} INFO - Filling up the DagBag from /home/walterg/Documentos/Data_projects/Data-Warehouse-postgres-DBT-airflow-/.venv/lib/python3.11/site-packages/airflow/example_dags/example_sla_dag.py
[2025-05-31T21:24:07.288-0300] {processor.py:840} INFO - DAG(s) 'example_sla_dag' retrieved from /home/walterg/Documentos/Data_projects/Data-Warehouse-postgres-DBT-airflow-/.venv/lib/python3.11/site-packages/airflow/example_dags/example_sla_dag.py
[2025-05-31T21:24:07.300-0300] {logging_mixin.py:188} INFO - [2025-05-31T21:24:07.300-0300] {dag.py:3036} INFO - Sync 1 DAGs
[2025-05-31T21:24:07.415-0300] {logging_mixin.py:188} INFO - [2025-05-31T21:24:07.415-0300] {dag.py:3823} INFO - Setting next_dagrun for example_sla_dag to 2025-06-01 00:22:00+00:00, run_after=2025-06-01 00:24:00+00:00
[2025-05-31T21:24:07.433-0300] {processor.py:183} INFO - Processing /home/walterg/Documentos/Data_projects/Data-Warehouse-postgres-DBT-airflow-/.venv/lib/python3.11/site-packages/airflow/example_dags/example_sla_dag.py took 0.157 seconds
[2025-05-31T21:24:54.892-0300] {processor.py:161} INFO - Started process (PID=39843) to work on /home/walterg/Documentos/Data_projects/Data-Warehouse-postgres-DBT-airflow-/.venv/lib/python3.11/site-packages/airflow/example_dags/example_sla_dag.py
[2025-05-31T21:24:54.897-0300] {processor.py:830} INFO - Processing file /home/walterg/Documentos/Data_projects/Data-Warehouse-postgres-DBT-airflow-/.venv/lib/python3.11/site-packages/airflow/example_dags/example_sla_dag.py for tasks to queue
[2025-05-31T21:24:54.898-0300] {logging_mixin.py:188} INFO - [2025-05-31T21:24:54.897-0300] {dagbag.py:538} INFO - Filling up the DagBag from /home/walterg/Documentos/Data_projects/Data-Warehouse-postgres-DBT-airflow-/.venv/lib/python3.11/site-packages/airflow/example_dags/example_sla_dag.py
[2025-05-31T21:24:54.906-0300] {processor.py:840} INFO - DAG(s) 'example_sla_dag' retrieved from /home/walterg/Documentos/Data_projects/Data-Warehouse-postgres-DBT-airflow-/.venv/lib/python3.11/site-packages/airflow/example_dags/example_sla_dag.py
[2025-05-31T21:24:54.921-0300] {logging_mixin.py:188} INFO - [2025-05-31T21:24:54.921-0300] {dag.py:3036} INFO - Sync 1 DAGs
[2025-05-31T21:24:54.952-0300] {logging_mixin.py:188} INFO - [2025-05-31T21:24:54.951-0300] {dag.py:3823} INFO - Setting next_dagrun for example_sla_dag to 2025-06-01 00:22:00+00:00, run_after=2025-06-01 00:24:00+00:00
[2025-05-31T21:24:54.977-0300] {processor.py:183} INFO - Processing /home/walterg/Documentos/Data_projects/Data-Warehouse-postgres-DBT-airflow-/.venv/lib/python3.11/site-packages/airflow/example_dags/example_sla_dag.py took 0.088 seconds
[2025-05-31T21:25:41.261-0300] {processor.py:161} INFO - Started process (PID=40199) to work on /home/walterg/Documentos/Data_projects/Data-Warehouse-postgres-DBT-airflow-/.venv/lib/python3.11/site-packages/airflow/example_dags/example_sla_dag.py
[2025-05-31T21:25:41.266-0300] {processor.py:830} INFO - Processing file /home/walterg/Documentos/Data_projects/Data-Warehouse-postgres-DBT-airflow-/.venv/lib/python3.11/site-packages/airflow/example_dags/example_sla_dag.py for tasks to queue
[2025-05-31T21:25:41.268-0300] {logging_mixin.py:188} INFO - [2025-05-31T21:25:41.267-0300] {dagbag.py:538} INFO - Filling up the DagBag from /home/walterg/Documentos/Data_projects/Data-Warehouse-postgres-DBT-airflow-/.venv/lib/python3.11/site-packages/airflow/example_dags/example_sla_dag.py
[2025-05-31T21:25:41.275-0300] {processor.py:840} INFO - DAG(s) 'example_sla_dag' retrieved from /home/walterg/Documentos/Data_projects/Data-Warehouse-postgres-DBT-airflow-/.venv/lib/python3.11/site-packages/airflow/example_dags/example_sla_dag.py
[2025-05-31T21:25:41.287-0300] {logging_mixin.py:188} INFO - [2025-05-31T21:25:41.287-0300] {dag.py:3036} INFO - Sync 1 DAGs
[2025-05-31T21:25:41.301-0300] {logging_mixin.py:188} INFO - [2025-05-31T21:25:41.301-0300] {dag.py:3823} INFO - Setting next_dagrun for example_sla_dag to 2025-06-01 00:22:00+00:00, run_after=2025-06-01 00:24:00+00:00
[2025-05-31T21:25:41.317-0300] {processor.py:183} INFO - Processing /home/walterg/Documentos/Data_projects/Data-Warehouse-postgres-DBT-airflow-/.venv/lib/python3.11/site-packages/airflow/example_dags/example_sla_dag.py took 0.058 seconds
[2025-05-31T21:26:39.654-0300] {processor.py:161} INFO - Started process (PID=40590) to work on /home/walterg/Documentos/Data_projects/Data-Warehouse-postgres-DBT-airflow-/.venv/lib/python3.11/site-packages/airflow/example_dags/example_sla_dag.py
[2025-05-31T21:26:39.659-0300] {processor.py:830} INFO - Processing file /home/walterg/Documentos/Data_projects/Data-Warehouse-postgres-DBT-airflow-/.venv/lib/python3.11/site-packages/airflow/example_dags/example_sla_dag.py for tasks to queue
[2025-05-31T21:26:39.660-0300] {logging_mixin.py:188} INFO - [2025-05-31T21:26:39.660-0300] {dagbag.py:538} INFO - Filling up the DagBag from /home/walterg/Documentos/Data_projects/Data-Warehouse-postgres-DBT-airflow-/.venv/lib/python3.11/site-packages/airflow/example_dags/example_sla_dag.py
[2025-05-31T21:26:39.668-0300] {processor.py:840} INFO - DAG(s) 'example_sla_dag' retrieved from /home/walterg/Documentos/Data_projects/Data-Warehouse-postgres-DBT-airflow-/.venv/lib/python3.11/site-packages/airflow/example_dags/example_sla_dag.py
[2025-05-31T21:26:39.681-0300] {logging_mixin.py:188} INFO - [2025-05-31T21:26:39.681-0300] {dag.py:3036} INFO - Sync 1 DAGs
[2025-05-31T21:26:39.697-0300] {logging_mixin.py:188} INFO - [2025-05-31T21:26:39.697-0300] {dag.py:3823} INFO - Setting next_dagrun for example_sla_dag to 2025-06-01 00:24:00+00:00, run_after=2025-06-01 00:26:00+00:00
[2025-05-31T21:26:39.713-0300] {processor.py:183} INFO - Processing /home/walterg/Documentos/Data_projects/Data-Warehouse-postgres-DBT-airflow-/.venv/lib/python3.11/site-packages/airflow/example_dags/example_sla_dag.py took 0.061 seconds
[2025-05-31T21:27:21.623-0300] {processor.py:161} INFO - Started process (PID=40993) to work on /home/walterg/Documentos/Data_projects/Data-Warehouse-postgres-DBT-airflow-/.venv/lib/python3.11/site-packages/airflow/example_dags/example_sla_dag.py
[2025-05-31T21:27:21.628-0300] {processor.py:830} INFO - Processing file /home/walterg/Documentos/Data_projects/Data-Warehouse-postgres-DBT-airflow-/.venv/lib/python3.11/site-packages/airflow/example_dags/example_sla_dag.py for tasks to queue
[2025-05-31T21:27:21.630-0300] {logging_mixin.py:188} INFO - [2025-05-31T21:27:21.629-0300] {dagbag.py:538} INFO - Filling up the DagBag from /home/walterg/Documentos/Data_projects/Data-Warehouse-postgres-DBT-airflow-/.venv/lib/python3.11/site-packages/airflow/example_dags/example_sla_dag.py
[2025-05-31T21:27:21.641-0300] {processor.py:840} INFO - DAG(s) 'example_sla_dag' retrieved from /home/walterg/Documentos/Data_projects/Data-Warehouse-postgres-DBT-airflow-/.venv/lib/python3.11/site-packages/airflow/example_dags/example_sla_dag.py
[2025-05-31T21:27:21.654-0300] {logging_mixin.py:188} INFO - [2025-05-31T21:27:21.654-0300] {dag.py:3036} INFO - Sync 1 DAGs
[2025-05-31T21:27:21.677-0300] {logging_mixin.py:188} INFO - [2025-05-31T21:27:21.677-0300] {dag.py:3823} INFO - Setting next_dagrun for example_sla_dag to 2025-06-01 00:24:00+00:00, run_after=2025-06-01 00:26:00+00:00
[2025-05-31T21:27:21.703-0300] {processor.py:183} INFO - Processing /home/walterg/Documentos/Data_projects/Data-Warehouse-postgres-DBT-airflow-/.venv/lib/python3.11/site-packages/airflow/example_dags/example_sla_dag.py took 0.083 seconds
[2025-05-31T21:28:22.180-0300] {processor.py:161} INFO - Started process (PID=41394) to work on /home/walterg/Documentos/Data_projects/Data-Warehouse-postgres-DBT-airflow-/.venv/lib/python3.11/site-packages/airflow/example_dags/example_sla_dag.py
[2025-05-31T21:28:22.186-0300] {processor.py:830} INFO - Processing file /home/walterg/Documentos/Data_projects/Data-Warehouse-postgres-DBT-airflow-/.venv/lib/python3.11/site-packages/airflow/example_dags/example_sla_dag.py for tasks to queue
[2025-05-31T21:28:22.186-0300] {logging_mixin.py:188} INFO - [2025-05-31T21:28:22.186-0300] {dagbag.py:538} INFO - Filling up the DagBag from /home/walterg/Documentos/Data_projects/Data-Warehouse-postgres-DBT-airflow-/.venv/lib/python3.11/site-packages/airflow/example_dags/example_sla_dag.py
[2025-05-31T21:28:22.194-0300] {processor.py:840} INFO - DAG(s) 'example_sla_dag' retrieved from /home/walterg/Documentos/Data_projects/Data-Warehouse-postgres-DBT-airflow-/.venv/lib/python3.11/site-packages/airflow/example_dags/example_sla_dag.py
[2025-05-31T21:28:22.206-0300] {logging_mixin.py:188} INFO - [2025-05-31T21:28:22.206-0300] {dag.py:3036} INFO - Sync 1 DAGs
[2025-05-31T21:28:22.220-0300] {logging_mixin.py:188} INFO - [2025-05-31T21:28:22.220-0300] {dag.py:3823} INFO - Setting next_dagrun for example_sla_dag to 2025-06-01 00:26:00+00:00, run_after=2025-06-01 00:28:00+00:00
[2025-05-31T21:28:22.238-0300] {processor.py:183} INFO - Processing /home/walterg/Documentos/Data_projects/Data-Warehouse-postgres-DBT-airflow-/.venv/lib/python3.11/site-packages/airflow/example_dags/example_sla_dag.py took 0.060 seconds
[2025-05-31T21:29:05.772-0300] {processor.py:161} INFO - Started process (PID=41537) to work on /home/walterg/Documentos/Data_projects/Data-Warehouse-postgres-DBT-airflow-/.venv/lib/python3.11/site-packages/airflow/example_dags/example_sla_dag.py
[2025-05-31T21:29:05.773-0300] {processor.py:830} INFO - Processing file /home/walterg/Documentos/Data_projects/Data-Warehouse-postgres-DBT-airflow-/.venv/lib/python3.11/site-packages/airflow/example_dags/example_sla_dag.py for tasks to queue
[2025-05-31T21:29:05.774-0300] {logging_mixin.py:188} INFO - [2025-05-31T21:29:05.774-0300] {dagbag.py:538} INFO - Filling up the DagBag from /home/walterg/Documentos/Data_projects/Data-Warehouse-postgres-DBT-airflow-/.venv/lib/python3.11/site-packages/airflow/example_dags/example_sla_dag.py
[2025-05-31T21:29:05.782-0300] {processor.py:840} INFO - DAG(s) 'example_sla_dag' retrieved from /home/walterg/Documentos/Data_projects/Data-Warehouse-postgres-DBT-airflow-/.venv/lib/python3.11/site-packages/airflow/example_dags/example_sla_dag.py
[2025-05-31T21:29:05.795-0300] {logging_mixin.py:188} INFO - [2025-05-31T21:29:05.794-0300] {dag.py:3036} INFO - Sync 1 DAGs
[2025-05-31T21:29:05.810-0300] {logging_mixin.py:188} INFO - [2025-05-31T21:29:05.810-0300] {dag.py:3823} INFO - Setting next_dagrun for example_sla_dag to 2025-06-01 00:26:00+00:00, run_after=2025-06-01 00:28:00+00:00
[2025-05-31T21:29:05.828-0300] {processor.py:183} INFO - Processing /home/walterg/Documentos/Data_projects/Data-Warehouse-postgres-DBT-airflow-/.venv/lib/python3.11/site-packages/airflow/example_dags/example_sla_dag.py took 0.059 seconds
[2025-05-31T21:30:05.579-0300] {processor.py:161} INFO - Started process (PID=41783) to work on /home/walterg/Documentos/Data_projects/Data-Warehouse-postgres-DBT-airflow-/.venv/lib/python3.11/site-packages/airflow/example_dags/example_sla_dag.py
[2025-05-31T21:30:05.580-0300] {processor.py:830} INFO - Processing file /home/walterg/Documentos/Data_projects/Data-Warehouse-postgres-DBT-airflow-/.venv/lib/python3.11/site-packages/airflow/example_dags/example_sla_dag.py for tasks to queue
[2025-05-31T21:30:05.580-0300] {logging_mixin.py:188} INFO - [2025-05-31T21:30:05.580-0300] {dagbag.py:538} INFO - Filling up the DagBag from /home/walterg/Documentos/Data_projects/Data-Warehouse-postgres-DBT-airflow-/.venv/lib/python3.11/site-packages/airflow/example_dags/example_sla_dag.py
[2025-05-31T21:30:05.588-0300] {processor.py:840} INFO - DAG(s) 'example_sla_dag' retrieved from /home/walterg/Documentos/Data_projects/Data-Warehouse-postgres-DBT-airflow-/.venv/lib/python3.11/site-packages/airflow/example_dags/example_sla_dag.py
[2025-05-31T21:30:05.600-0300] {logging_mixin.py:188} INFO - [2025-05-31T21:30:05.600-0300] {dag.py:3036} INFO - Sync 1 DAGs
[2025-05-31T21:30:05.614-0300] {logging_mixin.py:188} INFO - [2025-05-31T21:30:05.614-0300] {dag.py:3823} INFO - Setting next_dagrun for example_sla_dag to 2025-06-01 00:28:00+00:00, run_after=2025-06-01 00:30:00+00:00
[2025-05-31T21:30:05.631-0300] {processor.py:183} INFO - Processing /home/walterg/Documentos/Data_projects/Data-Warehouse-postgres-DBT-airflow-/.venv/lib/python3.11/site-packages/airflow/example_dags/example_sla_dag.py took 0.054 seconds
[2025-05-31T21:31:01.557-0300] {processor.py:161} INFO - Started process (PID=41996) to work on /home/walterg/Documentos/Data_projects/Data-Warehouse-postgres-DBT-airflow-/.venv/lib/python3.11/site-packages/airflow/example_dags/example_sla_dag.py
[2025-05-31T21:31:01.562-0300] {processor.py:830} INFO - Processing file /home/walterg/Documentos/Data_projects/Data-Warehouse-postgres-DBT-airflow-/.venv/lib/python3.11/site-packages/airflow/example_dags/example_sla_dag.py for tasks to queue
[2025-05-31T21:31:01.564-0300] {logging_mixin.py:188} INFO - [2025-05-31T21:31:01.563-0300] {dagbag.py:538} INFO - Filling up the DagBag from /home/walterg/Documentos/Data_projects/Data-Warehouse-postgres-DBT-airflow-/.venv/lib/python3.11/site-packages/airflow/example_dags/example_sla_dag.py
[2025-05-31T21:31:01.570-0300] {processor.py:840} INFO - DAG(s) 'example_sla_dag' retrieved from /home/walterg/Documentos/Data_projects/Data-Warehouse-postgres-DBT-airflow-/.venv/lib/python3.11/site-packages/airflow/example_dags/example_sla_dag.py
[2025-05-31T21:31:01.582-0300] {logging_mixin.py:188} INFO - [2025-05-31T21:31:01.582-0300] {dag.py:3036} INFO - Sync 1 DAGs
[2025-05-31T21:31:01.596-0300] {logging_mixin.py:188} INFO - [2025-05-31T21:31:01.596-0300] {dag.py:3823} INFO - Setting next_dagrun for example_sla_dag to 2025-06-01 00:28:00+00:00, run_after=2025-06-01 00:30:00+00:00
[2025-05-31T21:31:01.612-0300] {processor.py:183} INFO - Processing /home/walterg/Documentos/Data_projects/Data-Warehouse-postgres-DBT-airflow-/.venv/lib/python3.11/site-packages/airflow/example_dags/example_sla_dag.py took 0.057 seconds
[2025-05-31T21:31:42.585-0300] {processor.py:161} INFO - Started process (PID=42171) to work on /home/walterg/Documentos/Data_projects/Data-Warehouse-postgres-DBT-airflow-/.venv/lib/python3.11/site-packages/airflow/example_dags/example_sla_dag.py
[2025-05-31T21:31:42.590-0300] {processor.py:830} INFO - Processing file /home/walterg/Documentos/Data_projects/Data-Warehouse-postgres-DBT-airflow-/.venv/lib/python3.11/site-packages/airflow/example_dags/example_sla_dag.py for tasks to queue
[2025-05-31T21:31:42.591-0300] {logging_mixin.py:188} INFO - [2025-05-31T21:31:42.590-0300] {dagbag.py:538} INFO - Filling up the DagBag from /home/walterg/Documentos/Data_projects/Data-Warehouse-postgres-DBT-airflow-/.venv/lib/python3.11/site-packages/airflow/example_dags/example_sla_dag.py
[2025-05-31T21:31:42.598-0300] {processor.py:840} INFO - DAG(s) 'example_sla_dag' retrieved from /home/walterg/Documentos/Data_projects/Data-Warehouse-postgres-DBT-airflow-/.venv/lib/python3.11/site-packages/airflow/example_dags/example_sla_dag.py
[2025-05-31T21:31:42.610-0300] {logging_mixin.py:188} INFO - [2025-05-31T21:31:42.610-0300] {dag.py:3036} INFO - Sync 1 DAGs
[2025-05-31T21:31:42.627-0300] {logging_mixin.py:188} INFO - [2025-05-31T21:31:42.627-0300] {dag.py:3823} INFO - Setting next_dagrun for example_sla_dag to 2025-06-01 00:28:00+00:00, run_after=2025-06-01 00:30:00+00:00
[2025-05-31T21:31:42.646-0300] {processor.py:183} INFO - Processing /home/walterg/Documentos/Data_projects/Data-Warehouse-postgres-DBT-airflow-/.venv/lib/python3.11/site-packages/airflow/example_dags/example_sla_dag.py took 0.064 seconds
[2025-05-31T21:32:44.056-0300] {processor.py:161} INFO - Started process (PID=42568) to work on /home/walterg/Documentos/Data_projects/Data-Warehouse-postgres-DBT-airflow-/.venv/lib/python3.11/site-packages/airflow/example_dags/example_sla_dag.py
[2025-05-31T21:32:44.057-0300] {processor.py:830} INFO - Processing file /home/walterg/Documentos/Data_projects/Data-Warehouse-postgres-DBT-airflow-/.venv/lib/python3.11/site-packages/airflow/example_dags/example_sla_dag.py for tasks to queue
[2025-05-31T21:32:44.058-0300] {logging_mixin.py:188} INFO - [2025-05-31T21:32:44.058-0300] {dagbag.py:538} INFO - Filling up the DagBag from /home/walterg/Documentos/Data_projects/Data-Warehouse-postgres-DBT-airflow-/.venv/lib/python3.11/site-packages/airflow/example_dags/example_sla_dag.py
[2025-05-31T21:32:44.065-0300] {processor.py:840} INFO - DAG(s) 'example_sla_dag' retrieved from /home/walterg/Documentos/Data_projects/Data-Warehouse-postgres-DBT-airflow-/.venv/lib/python3.11/site-packages/airflow/example_dags/example_sla_dag.py
[2025-05-31T21:32:44.077-0300] {logging_mixin.py:188} INFO - [2025-05-31T21:32:44.077-0300] {dag.py:3036} INFO - Sync 1 DAGs
[2025-05-31T21:32:44.092-0300] {logging_mixin.py:188} INFO - [2025-05-31T21:32:44.092-0300] {dag.py:3823} INFO - Setting next_dagrun for example_sla_dag to 2025-06-01 00:30:00+00:00, run_after=2025-06-01 00:32:00+00:00
[2025-05-31T21:32:44.107-0300] {processor.py:183} INFO - Processing /home/walterg/Documentos/Data_projects/Data-Warehouse-postgres-DBT-airflow-/.venv/lib/python3.11/site-packages/airflow/example_dags/example_sla_dag.py took 0.054 seconds
[2025-05-31T21:33:29.161-0300] {processor.py:161} INFO - Started process (PID=42881) to work on /home/walterg/Documentos/Data_projects/Data-Warehouse-postgres-DBT-airflow-/.venv/lib/python3.11/site-packages/airflow/example_dags/example_sla_dag.py
[2025-05-31T21:33:29.166-0300] {processor.py:830} INFO - Processing file /home/walterg/Documentos/Data_projects/Data-Warehouse-postgres-DBT-airflow-/.venv/lib/python3.11/site-packages/airflow/example_dags/example_sla_dag.py for tasks to queue
[2025-05-31T21:33:29.166-0300] {logging_mixin.py:188} INFO - [2025-05-31T21:33:29.166-0300] {dagbag.py:538} INFO - Filling up the DagBag from /home/walterg/Documentos/Data_projects/Data-Warehouse-postgres-DBT-airflow-/.venv/lib/python3.11/site-packages/airflow/example_dags/example_sla_dag.py
[2025-05-31T21:33:29.174-0300] {processor.py:840} INFO - DAG(s) 'example_sla_dag' retrieved from /home/walterg/Documentos/Data_projects/Data-Warehouse-postgres-DBT-airflow-/.venv/lib/python3.11/site-packages/airflow/example_dags/example_sla_dag.py
[2025-05-31T21:33:29.186-0300] {logging_mixin.py:188} INFO - [2025-05-31T21:33:29.186-0300] {dag.py:3036} INFO - Sync 1 DAGs
[2025-05-31T21:33:29.200-0300] {logging_mixin.py:188} INFO - [2025-05-31T21:33:29.200-0300] {dag.py:3823} INFO - Setting next_dagrun for example_sla_dag to 2025-06-01 00:30:00+00:00, run_after=2025-06-01 00:32:00+00:00
[2025-05-31T21:33:29.216-0300] {processor.py:183} INFO - Processing /home/walterg/Documentos/Data_projects/Data-Warehouse-postgres-DBT-airflow-/.venv/lib/python3.11/site-packages/airflow/example_dags/example_sla_dag.py took 0.058 seconds
[2025-05-31T21:34:23.241-0300] {processor.py:161} INFO - Started process (PID=42965) to work on /home/walterg/Documentos/Data_projects/Data-Warehouse-postgres-DBT-airflow-/.venv/lib/python3.11/site-packages/airflow/example_dags/example_sla_dag.py
[2025-05-31T21:34:23.246-0300] {processor.py:830} INFO - Processing file /home/walterg/Documentos/Data_projects/Data-Warehouse-postgres-DBT-airflow-/.venv/lib/python3.11/site-packages/airflow/example_dags/example_sla_dag.py for tasks to queue
[2025-05-31T21:34:23.247-0300] {logging_mixin.py:188} INFO - [2025-05-31T21:34:23.247-0300] {dagbag.py:538} INFO - Filling up the DagBag from /home/walterg/Documentos/Data_projects/Data-Warehouse-postgres-DBT-airflow-/.venv/lib/python3.11/site-packages/airflow/example_dags/example_sla_dag.py
[2025-05-31T21:34:23.254-0300] {processor.py:840} INFO - DAG(s) 'example_sla_dag' retrieved from /home/walterg/Documentos/Data_projects/Data-Warehouse-postgres-DBT-airflow-/.venv/lib/python3.11/site-packages/airflow/example_dags/example_sla_dag.py
[2025-05-31T21:34:23.266-0300] {logging_mixin.py:188} INFO - [2025-05-31T21:34:23.266-0300] {dag.py:3036} INFO - Sync 1 DAGs
[2025-05-31T21:34:23.281-0300] {logging_mixin.py:188} INFO - [2025-05-31T21:34:23.281-0300] {dag.py:3823} INFO - Setting next_dagrun for example_sla_dag to 2025-06-01 00:32:00+00:00, run_after=2025-06-01 00:34:00+00:00
[2025-05-31T21:34:23.299-0300] {processor.py:183} INFO - Processing /home/walterg/Documentos/Data_projects/Data-Warehouse-postgres-DBT-airflow-/.venv/lib/python3.11/site-packages/airflow/example_dags/example_sla_dag.py took 0.061 seconds
