[2025-05-31T21:00:45.591-0300] {processor.py:161} INFO - Started process (PID=32707) to work on /home/walterg/Documentos/Data_projects/Data-Warehouse-postgres-DBT-airflow-/.venv/lib/python3.11/site-packages/airflow/example_dags/example_branch_labels.py
[2025-05-31T21:00:45.592-0300] {processor.py:830} INFO - Processing file /home/walterg/Documentos/Data_projects/Data-Warehouse-postgres-DBT-airflow-/.venv/lib/python3.11/site-packages/airflow/example_dags/example_branch_labels.py for tasks to queue
[2025-05-31T21:00:45.592-0300] {logging_mixin.py:188} INFO - [2025-05-31T21:00:45.592-0300] {dagbag.py:538} INFO - Filling up the DagBag from /home/walterg/Documentos/Data_projects/Data-Warehouse-postgres-DBT-airflow-/.venv/lib/python3.11/site-packages/airflow/example_dags/example_branch_labels.py
[2025-05-31T21:00:45.599-0300] {processor.py:840} INFO - DAG(s) 'example_branch_labels' retrieved from /home/walterg/Documentos/Data_projects/Data-Warehouse-postgres-DBT-airflow-/.venv/lib/python3.11/site-packages/airflow/example_dags/example_branch_labels.py
[2025-05-31T21:00:45.612-0300] {logging_mixin.py:188} INFO - [2025-05-31T21:00:45.612-0300] {dag.py:3036} INFO - Sync 1 DAGs
[2025-05-31T21:00:45.626-0300] {logging_mixin.py:188} INFO - [2025-05-31T21:00:45.626-0300] {dag.py:3823} INFO - Setting next_dagrun for example_branch_labels to 2025-05-31 00:00:00+00:00, run_after=2025-06-01 00:00:00+00:00
[2025-05-31T21:00:45.648-0300] {processor.py:183} INFO - Processing /home/walterg/Documentos/Data_projects/Data-Warehouse-postgres-DBT-airflow-/.venv/lib/python3.11/site-packages/airflow/example_dags/example_branch_labels.py took 0.059 seconds
[2025-05-31T21:01:47.842-0300] {processor.py:161} INFO - Started process (PID=33060) to work on /home/walterg/Documentos/Data_projects/Data-Warehouse-postgres-DBT-airflow-/.venv/lib/python3.11/site-packages/airflow/example_dags/example_branch_labels.py
[2025-05-31T21:01:47.843-0300] {processor.py:830} INFO - Processing file /home/walterg/Documentos/Data_projects/Data-Warehouse-postgres-DBT-airflow-/.venv/lib/python3.11/site-packages/airflow/example_dags/example_branch_labels.py for tasks to queue
[2025-05-31T21:01:47.844-0300] {logging_mixin.py:188} INFO - [2025-05-31T21:01:47.844-0300] {dagbag.py:538} INFO - Filling up the DagBag from /home/walterg/Documentos/Data_projects/Data-Warehouse-postgres-DBT-airflow-/.venv/lib/python3.11/site-packages/airflow/example_dags/example_branch_labels.py
[2025-05-31T21:01:47.850-0300] {processor.py:840} INFO - DAG(s) 'example_branch_labels' retrieved from /home/walterg/Documentos/Data_projects/Data-Warehouse-postgres-DBT-airflow-/.venv/lib/python3.11/site-packages/airflow/example_dags/example_branch_labels.py
[2025-05-31T21:01:47.864-0300] {logging_mixin.py:188} INFO - [2025-05-31T21:01:47.863-0300] {dag.py:3036} INFO - Sync 1 DAGs
[2025-05-31T21:01:47.877-0300] {logging_mixin.py:188} INFO - [2025-05-31T21:01:47.877-0300] {dag.py:3823} INFO - Setting next_dagrun for example_branch_labels to 2025-05-31 00:00:00+00:00, run_after=2025-06-01 00:00:00+00:00
[2025-05-31T21:01:47.898-0300] {processor.py:183} INFO - Processing /home/walterg/Documentos/Data_projects/Data-Warehouse-postgres-DBT-airflow-/.venv/lib/python3.11/site-packages/airflow/example_dags/example_branch_labels.py took 0.059 seconds
[2025-05-31T21:02:55.111-0300] {processor.py:161} INFO - Started process (PID=33421) to work on /home/walterg/Documentos/Data_projects/Data-Warehouse-postgres-DBT-airflow-/.venv/lib/python3.11/site-packages/airflow/example_dags/example_branch_labels.py
[2025-05-31T21:02:55.116-0300] {processor.py:830} INFO - Processing file /home/walterg/Documentos/Data_projects/Data-Warehouse-postgres-DBT-airflow-/.venv/lib/python3.11/site-packages/airflow/example_dags/example_branch_labels.py for tasks to queue
[2025-05-31T21:02:55.117-0300] {logging_mixin.py:188} INFO - [2025-05-31T21:02:55.116-0300] {dagbag.py:538} INFO - Filling up the DagBag from /home/walterg/Documentos/Data_projects/Data-Warehouse-postgres-DBT-airflow-/.venv/lib/python3.11/site-packages/airflow/example_dags/example_branch_labels.py
[2025-05-31T21:02:55.123-0300] {processor.py:840} INFO - DAG(s) 'example_branch_labels' retrieved from /home/walterg/Documentos/Data_projects/Data-Warehouse-postgres-DBT-airflow-/.venv/lib/python3.11/site-packages/airflow/example_dags/example_branch_labels.py
[2025-05-31T21:02:55.138-0300] {logging_mixin.py:188} INFO - [2025-05-31T21:02:55.138-0300] {dag.py:3036} INFO - Sync 1 DAGs
[2025-05-31T21:02:55.153-0300] {logging_mixin.py:188} INFO - [2025-05-31T21:02:55.153-0300] {dag.py:3823} INFO - Setting next_dagrun for example_branch_labels to 2025-05-31 00:00:00+00:00, run_after=2025-06-01 00:00:00+00:00
[2025-05-31T21:02:55.170-0300] {processor.py:183} INFO - Processing /home/walterg/Documentos/Data_projects/Data-Warehouse-postgres-DBT-airflow-/.venv/lib/python3.11/site-packages/airflow/example_dags/example_branch_labels.py took 0.062 seconds
[2025-05-31T21:03:57.766-0300] {processor.py:161} INFO - Started process (PID=33704) to work on /home/walterg/Documentos/Data_projects/Data-Warehouse-postgres-DBT-airflow-/.venv/lib/python3.11/site-packages/airflow/example_dags/example_branch_labels.py
[2025-05-31T21:03:57.771-0300] {processor.py:830} INFO - Processing file /home/walterg/Documentos/Data_projects/Data-Warehouse-postgres-DBT-airflow-/.venv/lib/python3.11/site-packages/airflow/example_dags/example_branch_labels.py for tasks to queue
[2025-05-31T21:03:57.772-0300] {logging_mixin.py:188} INFO - [2025-05-31T21:03:57.771-0300] {dagbag.py:538} INFO - Filling up the DagBag from /home/walterg/Documentos/Data_projects/Data-Warehouse-postgres-DBT-airflow-/.venv/lib/python3.11/site-packages/airflow/example_dags/example_branch_labels.py
[2025-05-31T21:03:57.778-0300] {processor.py:840} INFO - DAG(s) 'example_branch_labels' retrieved from /home/walterg/Documentos/Data_projects/Data-Warehouse-postgres-DBT-airflow-/.venv/lib/python3.11/site-packages/airflow/example_dags/example_branch_labels.py
[2025-05-31T21:03:57.792-0300] {logging_mixin.py:188} INFO - [2025-05-31T21:03:57.792-0300] {dag.py:3036} INFO - Sync 1 DAGs
[2025-05-31T21:03:57.806-0300] {logging_mixin.py:188} INFO - [2025-05-31T21:03:57.806-0300] {dag.py:3823} INFO - Setting next_dagrun for example_branch_labels to 2025-05-31 00:00:00+00:00, run_after=2025-06-01 00:00:00+00:00
[2025-05-31T21:03:57.825-0300] {processor.py:183} INFO - Processing /home/walterg/Documentos/Data_projects/Data-Warehouse-postgres-DBT-airflow-/.venv/lib/python3.11/site-packages/airflow/example_dags/example_branch_labels.py took 0.062 seconds
[2025-05-31T21:04:59.719-0300] {processor.py:161} INFO - Started process (PID=33962) to work on /home/walterg/Documentos/Data_projects/Data-Warehouse-postgres-DBT-airflow-/.venv/lib/python3.11/site-packages/airflow/example_dags/example_branch_labels.py
[2025-05-31T21:04:59.724-0300] {processor.py:830} INFO - Processing file /home/walterg/Documentos/Data_projects/Data-Warehouse-postgres-DBT-airflow-/.venv/lib/python3.11/site-packages/airflow/example_dags/example_branch_labels.py for tasks to queue
[2025-05-31T21:04:59.725-0300] {logging_mixin.py:188} INFO - [2025-05-31T21:04:59.725-0300] {dagbag.py:538} INFO - Filling up the DagBag from /home/walterg/Documentos/Data_projects/Data-Warehouse-postgres-DBT-airflow-/.venv/lib/python3.11/site-packages/airflow/example_dags/example_branch_labels.py
[2025-05-31T21:04:59.731-0300] {processor.py:840} INFO - DAG(s) 'example_branch_labels' retrieved from /home/walterg/Documentos/Data_projects/Data-Warehouse-postgres-DBT-airflow-/.venv/lib/python3.11/site-packages/airflow/example_dags/example_branch_labels.py
[2025-05-31T21:04:59.745-0300] {logging_mixin.py:188} INFO - [2025-05-31T21:04:59.745-0300] {dag.py:3036} INFO - Sync 1 DAGs
[2025-05-31T21:04:59.759-0300] {logging_mixin.py:188} INFO - [2025-05-31T21:04:59.758-0300] {dag.py:3823} INFO - Setting next_dagrun for example_branch_labels to 2025-05-31 00:00:00+00:00, run_after=2025-06-01 00:00:00+00:00
[2025-05-31T21:04:59.776-0300] {processor.py:183} INFO - Processing /home/walterg/Documentos/Data_projects/Data-Warehouse-postgres-DBT-airflow-/.venv/lib/python3.11/site-packages/airflow/example_dags/example_branch_labels.py took 0.059 seconds
[2025-05-31T21:06:08.142-0300] {processor.py:161} INFO - Started process (PID=34448) to work on /home/walterg/Documentos/Data_projects/Data-Warehouse-postgres-DBT-airflow-/.venv/lib/python3.11/site-packages/airflow/example_dags/example_branch_labels.py
[2025-05-31T21:06:08.146-0300] {processor.py:830} INFO - Processing file /home/walterg/Documentos/Data_projects/Data-Warehouse-postgres-DBT-airflow-/.venv/lib/python3.11/site-packages/airflow/example_dags/example_branch_labels.py for tasks to queue
[2025-05-31T21:06:08.147-0300] {logging_mixin.py:188} INFO - [2025-05-31T21:06:08.147-0300] {dagbag.py:538} INFO - Filling up the DagBag from /home/walterg/Documentos/Data_projects/Data-Warehouse-postgres-DBT-airflow-/.venv/lib/python3.11/site-packages/airflow/example_dags/example_branch_labels.py
[2025-05-31T21:06:08.153-0300] {processor.py:840} INFO - DAG(s) 'example_branch_labels' retrieved from /home/walterg/Documentos/Data_projects/Data-Warehouse-postgres-DBT-airflow-/.venv/lib/python3.11/site-packages/airflow/example_dags/example_branch_labels.py
[2025-05-31T21:06:08.167-0300] {logging_mixin.py:188} INFO - [2025-05-31T21:06:08.167-0300] {dag.py:3036} INFO - Sync 1 DAGs
[2025-05-31T21:06:08.181-0300] {logging_mixin.py:188} INFO - [2025-05-31T21:06:08.181-0300] {dag.py:3823} INFO - Setting next_dagrun for example_branch_labels to 2025-05-31 00:00:00+00:00, run_after=2025-06-01 00:00:00+00:00
[2025-05-31T21:06:08.199-0300] {processor.py:183} INFO - Processing /home/walterg/Documentos/Data_projects/Data-Warehouse-postgres-DBT-airflow-/.venv/lib/python3.11/site-packages/airflow/example_dags/example_branch_labels.py took 0.060 seconds
[2025-05-31T21:07:15.033-0300] {processor.py:161} INFO - Started process (PID=34766) to work on /home/walterg/Documentos/Data_projects/Data-Warehouse-postgres-DBT-airflow-/.venv/lib/python3.11/site-packages/airflow/example_dags/example_branch_labels.py
[2025-05-31T21:07:15.039-0300] {processor.py:830} INFO - Processing file /home/walterg/Documentos/Data_projects/Data-Warehouse-postgres-DBT-airflow-/.venv/lib/python3.11/site-packages/airflow/example_dags/example_branch_labels.py for tasks to queue
[2025-05-31T21:07:15.041-0300] {logging_mixin.py:188} INFO - [2025-05-31T21:07:15.040-0300] {dagbag.py:538} INFO - Filling up the DagBag from /home/walterg/Documentos/Data_projects/Data-Warehouse-postgres-DBT-airflow-/.venv/lib/python3.11/site-packages/airflow/example_dags/example_branch_labels.py
[2025-05-31T21:07:15.047-0300] {processor.py:840} INFO - DAG(s) 'example_branch_labels' retrieved from /home/walterg/Documentos/Data_projects/Data-Warehouse-postgres-DBT-airflow-/.venv/lib/python3.11/site-packages/airflow/example_dags/example_branch_labels.py
[2025-05-31T21:07:15.060-0300] {logging_mixin.py:188} INFO - [2025-05-31T21:07:15.060-0300] {dag.py:3036} INFO - Sync 1 DAGs
[2025-05-31T21:07:15.074-0300] {logging_mixin.py:188} INFO - [2025-05-31T21:07:15.074-0300] {dag.py:3823} INFO - Setting next_dagrun for example_branch_labels to 2025-05-31 00:00:00+00:00, run_after=2025-06-01 00:00:00+00:00
[2025-05-31T21:07:15.091-0300] {processor.py:183} INFO - Processing /home/walterg/Documentos/Data_projects/Data-Warehouse-postgres-DBT-airflow-/.venv/lib/python3.11/site-packages/airflow/example_dags/example_branch_labels.py took 0.060 seconds
[2025-05-31T21:08:20.644-0300] {processor.py:161} INFO - Started process (PID=35119) to work on /home/walterg/Documentos/Data_projects/Data-Warehouse-postgres-DBT-airflow-/.venv/lib/python3.11/site-packages/airflow/example_dags/example_branch_labels.py
[2025-05-31T21:08:20.651-0300] {processor.py:830} INFO - Processing file /home/walterg/Documentos/Data_projects/Data-Warehouse-postgres-DBT-airflow-/.venv/lib/python3.11/site-packages/airflow/example_dags/example_branch_labels.py for tasks to queue
[2025-05-31T21:08:20.652-0300] {logging_mixin.py:188} INFO - [2025-05-31T21:08:20.652-0300] {dagbag.py:538} INFO - Filling up the DagBag from /home/walterg/Documentos/Data_projects/Data-Warehouse-postgres-DBT-airflow-/.venv/lib/python3.11/site-packages/airflow/example_dags/example_branch_labels.py
[2025-05-31T21:08:20.659-0300] {processor.py:840} INFO - DAG(s) 'example_branch_labels' retrieved from /home/walterg/Documentos/Data_projects/Data-Warehouse-postgres-DBT-airflow-/.venv/lib/python3.11/site-packages/airflow/example_dags/example_branch_labels.py
[2025-05-31T21:08:20.672-0300] {logging_mixin.py:188} INFO - [2025-05-31T21:08:20.672-0300] {dag.py:3036} INFO - Sync 1 DAGs
[2025-05-31T21:08:20.685-0300] {logging_mixin.py:188} INFO - [2025-05-31T21:08:20.685-0300] {dag.py:3823} INFO - Setting next_dagrun for example_branch_labels to 2025-05-31 00:00:00+00:00, run_after=2025-06-01 00:00:00+00:00
[2025-05-31T21:08:20.701-0300] {processor.py:183} INFO - Processing /home/walterg/Documentos/Data_projects/Data-Warehouse-postgres-DBT-airflow-/.venv/lib/python3.11/site-packages/airflow/example_dags/example_branch_labels.py took 0.060 seconds
[2025-05-31T21:09:17.618-0300] {processor.py:161} INFO - Started process (PID=35397) to work on /home/walterg/Documentos/Data_projects/Data-Warehouse-postgres-DBT-airflow-/.venv/lib/python3.11/site-packages/airflow/example_dags/example_branch_labels.py
[2025-05-31T21:09:17.619-0300] {processor.py:830} INFO - Processing file /home/walterg/Documentos/Data_projects/Data-Warehouse-postgres-DBT-airflow-/.venv/lib/python3.11/site-packages/airflow/example_dags/example_branch_labels.py for tasks to queue
[2025-05-31T21:09:17.620-0300] {logging_mixin.py:188} INFO - [2025-05-31T21:09:17.620-0300] {dagbag.py:538} INFO - Filling up the DagBag from /home/walterg/Documentos/Data_projects/Data-Warehouse-postgres-DBT-airflow-/.venv/lib/python3.11/site-packages/airflow/example_dags/example_branch_labels.py
[2025-05-31T21:09:17.626-0300] {processor.py:840} INFO - DAG(s) 'example_branch_labels' retrieved from /home/walterg/Documentos/Data_projects/Data-Warehouse-postgres-DBT-airflow-/.venv/lib/python3.11/site-packages/airflow/example_dags/example_branch_labels.py
[2025-05-31T21:09:17.639-0300] {logging_mixin.py:188} INFO - [2025-05-31T21:09:17.639-0300] {dag.py:3036} INFO - Sync 1 DAGs
[2025-05-31T21:09:17.652-0300] {logging_mixin.py:188} INFO - [2025-05-31T21:09:17.652-0300] {dag.py:3823} INFO - Setting next_dagrun for example_branch_labels to 2025-05-31 00:00:00+00:00, run_after=2025-06-01 00:00:00+00:00
[2025-05-31T21:09:17.670-0300] {processor.py:183} INFO - Processing /home/walterg/Documentos/Data_projects/Data-Warehouse-postgres-DBT-airflow-/.venv/lib/python3.11/site-packages/airflow/example_dags/example_branch_labels.py took 0.054 seconds
[2025-05-31T21:10:23.464-0300] {processor.py:161} INFO - Started process (PID=35758) to work on /home/walterg/Documentos/Data_projects/Data-Warehouse-postgres-DBT-airflow-/.venv/lib/python3.11/site-packages/airflow/example_dags/example_branch_labels.py
[2025-05-31T21:10:23.466-0300] {processor.py:830} INFO - Processing file /home/walterg/Documentos/Data_projects/Data-Warehouse-postgres-DBT-airflow-/.venv/lib/python3.11/site-packages/airflow/example_dags/example_branch_labels.py for tasks to queue
[2025-05-31T21:10:23.467-0300] {logging_mixin.py:188} INFO - [2025-05-31T21:10:23.467-0300] {dagbag.py:538} INFO - Filling up the DagBag from /home/walterg/Documentos/Data_projects/Data-Warehouse-postgres-DBT-airflow-/.venv/lib/python3.11/site-packages/airflow/example_dags/example_branch_labels.py
[2025-05-31T21:10:23.473-0300] {processor.py:840} INFO - DAG(s) 'example_branch_labels' retrieved from /home/walterg/Documentos/Data_projects/Data-Warehouse-postgres-DBT-airflow-/.venv/lib/python3.11/site-packages/airflow/example_dags/example_branch_labels.py
[2025-05-31T21:10:23.486-0300] {logging_mixin.py:188} INFO - [2025-05-31T21:10:23.486-0300] {dag.py:3036} INFO - Sync 1 DAGs
[2025-05-31T21:10:23.500-0300] {logging_mixin.py:188} INFO - [2025-05-31T21:10:23.500-0300] {dag.py:3823} INFO - Setting next_dagrun for example_branch_labels to 2025-05-31 00:00:00+00:00, run_after=2025-06-01 00:00:00+00:00
[2025-05-31T21:10:23.517-0300] {processor.py:183} INFO - Processing /home/walterg/Documentos/Data_projects/Data-Warehouse-postgres-DBT-airflow-/.venv/lib/python3.11/site-packages/airflow/example_dags/example_branch_labels.py took 0.056 seconds
[2025-05-31T21:11:26.444-0300] {processor.py:161} INFO - Started process (PID=36061) to work on /home/walterg/Documentos/Data_projects/Data-Warehouse-postgres-DBT-airflow-/.venv/lib/python3.11/site-packages/airflow/example_dags/example_branch_labels.py
[2025-05-31T21:11:26.450-0300] {processor.py:830} INFO - Processing file /home/walterg/Documentos/Data_projects/Data-Warehouse-postgres-DBT-airflow-/.venv/lib/python3.11/site-packages/airflow/example_dags/example_branch_labels.py for tasks to queue
[2025-05-31T21:11:26.451-0300] {logging_mixin.py:188} INFO - [2025-05-31T21:11:26.450-0300] {dagbag.py:538} INFO - Filling up the DagBag from /home/walterg/Documentos/Data_projects/Data-Warehouse-postgres-DBT-airflow-/.venv/lib/python3.11/site-packages/airflow/example_dags/example_branch_labels.py
[2025-05-31T21:11:26.458-0300] {processor.py:840} INFO - DAG(s) 'example_branch_labels' retrieved from /home/walterg/Documentos/Data_projects/Data-Warehouse-postgres-DBT-airflow-/.venv/lib/python3.11/site-packages/airflow/example_dags/example_branch_labels.py
[2025-05-31T21:11:26.471-0300] {logging_mixin.py:188} INFO - [2025-05-31T21:11:26.471-0300] {dag.py:3036} INFO - Sync 1 DAGs
[2025-05-31T21:11:26.484-0300] {logging_mixin.py:188} INFO - [2025-05-31T21:11:26.484-0300] {dag.py:3823} INFO - Setting next_dagrun for example_branch_labels to 2025-05-31 00:00:00+00:00, run_after=2025-06-01 00:00:00+00:00
[2025-05-31T21:11:26.501-0300] {processor.py:183} INFO - Processing /home/walterg/Documentos/Data_projects/Data-Warehouse-postgres-DBT-airflow-/.venv/lib/python3.11/site-packages/airflow/example_dags/example_branch_labels.py took 0.059 seconds
[2025-05-31T21:12:34.162-0300] {processor.py:161} INFO - Started process (PID=36339) to work on /home/walterg/Documentos/Data_projects/Data-Warehouse-postgres-DBT-airflow-/.venv/lib/python3.11/site-packages/airflow/example_dags/example_branch_labels.py
[2025-05-31T21:12:34.167-0300] {processor.py:830} INFO - Processing file /home/walterg/Documentos/Data_projects/Data-Warehouse-postgres-DBT-airflow-/.venv/lib/python3.11/site-packages/airflow/example_dags/example_branch_labels.py for tasks to queue
[2025-05-31T21:12:34.168-0300] {logging_mixin.py:188} INFO - [2025-05-31T21:12:34.168-0300] {dagbag.py:538} INFO - Filling up the DagBag from /home/walterg/Documentos/Data_projects/Data-Warehouse-postgres-DBT-airflow-/.venv/lib/python3.11/site-packages/airflow/example_dags/example_branch_labels.py
[2025-05-31T21:12:34.174-0300] {processor.py:840} INFO - DAG(s) 'example_branch_labels' retrieved from /home/walterg/Documentos/Data_projects/Data-Warehouse-postgres-DBT-airflow-/.venv/lib/python3.11/site-packages/airflow/example_dags/example_branch_labels.py
[2025-05-31T21:12:34.188-0300] {logging_mixin.py:188} INFO - [2025-05-31T21:12:34.188-0300] {dag.py:3036} INFO - Sync 1 DAGs
[2025-05-31T21:12:34.202-0300] {logging_mixin.py:188} INFO - [2025-05-31T21:12:34.202-0300] {dag.py:3823} INFO - Setting next_dagrun for example_branch_labels to 2025-05-31 00:00:00+00:00, run_after=2025-06-01 00:00:00+00:00
[2025-05-31T21:12:34.218-0300] {processor.py:183} INFO - Processing /home/walterg/Documentos/Data_projects/Data-Warehouse-postgres-DBT-airflow-/.venv/lib/python3.11/site-packages/airflow/example_dags/example_branch_labels.py took 0.059 seconds
[2025-05-31T21:13:35.958-0300] {processor.py:161} INFO - Started process (PID=36564) to work on /home/walterg/Documentos/Data_projects/Data-Warehouse-postgres-DBT-airflow-/.venv/lib/python3.11/site-packages/airflow/example_dags/example_branch_labels.py
[2025-05-31T21:13:35.959-0300] {processor.py:830} INFO - Processing file /home/walterg/Documentos/Data_projects/Data-Warehouse-postgres-DBT-airflow-/.venv/lib/python3.11/site-packages/airflow/example_dags/example_branch_labels.py for tasks to queue
[2025-05-31T21:13:35.960-0300] {logging_mixin.py:188} INFO - [2025-05-31T21:13:35.960-0300] {dagbag.py:538} INFO - Filling up the DagBag from /home/walterg/Documentos/Data_projects/Data-Warehouse-postgres-DBT-airflow-/.venv/lib/python3.11/site-packages/airflow/example_dags/example_branch_labels.py
[2025-05-31T21:13:35.966-0300] {processor.py:840} INFO - DAG(s) 'example_branch_labels' retrieved from /home/walterg/Documentos/Data_projects/Data-Warehouse-postgres-DBT-airflow-/.venv/lib/python3.11/site-packages/airflow/example_dags/example_branch_labels.py
[2025-05-31T21:13:35.979-0300] {logging_mixin.py:188} INFO - [2025-05-31T21:13:35.979-0300] {dag.py:3036} INFO - Sync 1 DAGs
[2025-05-31T21:13:35.993-0300] {logging_mixin.py:188} INFO - [2025-05-31T21:13:35.993-0300] {dag.py:3823} INFO - Setting next_dagrun for example_branch_labels to 2025-05-31 00:00:00+00:00, run_after=2025-06-01 00:00:00+00:00
[2025-05-31T21:13:36.010-0300] {processor.py:183} INFO - Processing /home/walterg/Documentos/Data_projects/Data-Warehouse-postgres-DBT-airflow-/.venv/lib/python3.11/site-packages/airflow/example_dags/example_branch_labels.py took 0.054 seconds
[2025-05-31T21:14:41.880-0300] {processor.py:161} INFO - Started process (PID=36915) to work on /home/walterg/Documentos/Data_projects/Data-Warehouse-postgres-DBT-airflow-/.venv/lib/python3.11/site-packages/airflow/example_dags/example_branch_labels.py
[2025-05-31T21:14:41.886-0300] {processor.py:830} INFO - Processing file /home/walterg/Documentos/Data_projects/Data-Warehouse-postgres-DBT-airflow-/.venv/lib/python3.11/site-packages/airflow/example_dags/example_branch_labels.py for tasks to queue
[2025-05-31T21:14:41.887-0300] {logging_mixin.py:188} INFO - [2025-05-31T21:14:41.886-0300] {dagbag.py:538} INFO - Filling up the DagBag from /home/walterg/Documentos/Data_projects/Data-Warehouse-postgres-DBT-airflow-/.venv/lib/python3.11/site-packages/airflow/example_dags/example_branch_labels.py
[2025-05-31T21:14:41.893-0300] {processor.py:840} INFO - DAG(s) 'example_branch_labels' retrieved from /home/walterg/Documentos/Data_projects/Data-Warehouse-postgres-DBT-airflow-/.venv/lib/python3.11/site-packages/airflow/example_dags/example_branch_labels.py
[2025-05-31T21:14:41.906-0300] {logging_mixin.py:188} INFO - [2025-05-31T21:14:41.906-0300] {dag.py:3036} INFO - Sync 1 DAGs
[2025-05-31T21:14:41.920-0300] {logging_mixin.py:188} INFO - [2025-05-31T21:14:41.919-0300] {dag.py:3823} INFO - Setting next_dagrun for example_branch_labels to 2025-05-31 00:00:00+00:00, run_after=2025-06-01 00:00:00+00:00
[2025-05-31T21:14:41.935-0300] {processor.py:183} INFO - Processing /home/walterg/Documentos/Data_projects/Data-Warehouse-postgres-DBT-airflow-/.venv/lib/python3.11/site-packages/airflow/example_dags/example_branch_labels.py took 0.057 seconds
[2025-05-31T21:15:41.199-0300] {processor.py:161} INFO - Started process (PID=37285) to work on /home/walterg/Documentos/Data_projects/Data-Warehouse-postgres-DBT-airflow-/.venv/lib/python3.11/site-packages/airflow/example_dags/example_branch_labels.py
[2025-05-31T21:15:41.204-0300] {processor.py:830} INFO - Processing file /home/walterg/Documentos/Data_projects/Data-Warehouse-postgres-DBT-airflow-/.venv/lib/python3.11/site-packages/airflow/example_dags/example_branch_labels.py for tasks to queue
[2025-05-31T21:15:41.205-0300] {logging_mixin.py:188} INFO - [2025-05-31T21:15:41.204-0300] {dagbag.py:538} INFO - Filling up the DagBag from /home/walterg/Documentos/Data_projects/Data-Warehouse-postgres-DBT-airflow-/.venv/lib/python3.11/site-packages/airflow/example_dags/example_branch_labels.py
[2025-05-31T21:15:41.211-0300] {processor.py:840} INFO - DAG(s) 'example_branch_labels' retrieved from /home/walterg/Documentos/Data_projects/Data-Warehouse-postgres-DBT-airflow-/.venv/lib/python3.11/site-packages/airflow/example_dags/example_branch_labels.py
[2025-05-31T21:15:41.225-0300] {logging_mixin.py:188} INFO - [2025-05-31T21:15:41.224-0300] {dag.py:3036} INFO - Sync 1 DAGs
[2025-05-31T21:15:41.238-0300] {logging_mixin.py:188} INFO - [2025-05-31T21:15:41.237-0300] {dag.py:3823} INFO - Setting next_dagrun for example_branch_labels to 2025-05-31 00:00:00+00:00, run_after=2025-06-01 00:00:00+00:00
[2025-05-31T21:15:41.254-0300] {processor.py:183} INFO - Processing /home/walterg/Documentos/Data_projects/Data-Warehouse-postgres-DBT-airflow-/.venv/lib/python3.11/site-packages/airflow/example_dags/example_branch_labels.py took 0.058 seconds
[2025-05-31T21:16:41.535-0300] {processor.py:161} INFO - Started process (PID=37658) to work on /home/walterg/Documentos/Data_projects/Data-Warehouse-postgres-DBT-airflow-/.venv/lib/python3.11/site-packages/airflow/example_dags/example_branch_labels.py
[2025-05-31T21:16:41.541-0300] {processor.py:830} INFO - Processing file /home/walterg/Documentos/Data_projects/Data-Warehouse-postgres-DBT-airflow-/.venv/lib/python3.11/site-packages/airflow/example_dags/example_branch_labels.py for tasks to queue
[2025-05-31T21:16:41.543-0300] {logging_mixin.py:188} INFO - [2025-05-31T21:16:41.542-0300] {dagbag.py:538} INFO - Filling up the DagBag from /home/walterg/Documentos/Data_projects/Data-Warehouse-postgres-DBT-airflow-/.venv/lib/python3.11/site-packages/airflow/example_dags/example_branch_labels.py
[2025-05-31T21:16:41.549-0300] {processor.py:840} INFO - DAG(s) 'example_branch_labels' retrieved from /home/walterg/Documentos/Data_projects/Data-Warehouse-postgres-DBT-airflow-/.venv/lib/python3.11/site-packages/airflow/example_dags/example_branch_labels.py
[2025-05-31T21:16:41.564-0300] {logging_mixin.py:188} INFO - [2025-05-31T21:16:41.564-0300] {dag.py:3036} INFO - Sync 1 DAGs
[2025-05-31T21:16:41.579-0300] {logging_mixin.py:188} INFO - [2025-05-31T21:16:41.579-0300] {dag.py:3823} INFO - Setting next_dagrun for example_branch_labels to 2025-05-31 00:00:00+00:00, run_after=2025-06-01 00:00:00+00:00
[2025-05-31T21:16:41.597-0300] {processor.py:183} INFO - Processing /home/walterg/Documentos/Data_projects/Data-Warehouse-postgres-DBT-airflow-/.venv/lib/python3.11/site-packages/airflow/example_dags/example_branch_labels.py took 0.064 seconds
[2025-05-31T21:17:49.064-0300] {processor.py:161} INFO - Started process (PID=37904) to work on /home/walterg/Documentos/Data_projects/Data-Warehouse-postgres-DBT-airflow-/.venv/lib/python3.11/site-packages/airflow/example_dags/example_branch_labels.py
[2025-05-31T21:17:49.071-0300] {processor.py:830} INFO - Processing file /home/walterg/Documentos/Data_projects/Data-Warehouse-postgres-DBT-airflow-/.venv/lib/python3.11/site-packages/airflow/example_dags/example_branch_labels.py for tasks to queue
[2025-05-31T21:17:49.072-0300] {logging_mixin.py:188} INFO - [2025-05-31T21:17:49.072-0300] {dagbag.py:538} INFO - Filling up the DagBag from /home/walterg/Documentos/Data_projects/Data-Warehouse-postgres-DBT-airflow-/.venv/lib/python3.11/site-packages/airflow/example_dags/example_branch_labels.py
[2025-05-31T21:17:49.080-0300] {processor.py:840} INFO - DAG(s) 'example_branch_labels' retrieved from /home/walterg/Documentos/Data_projects/Data-Warehouse-postgres-DBT-airflow-/.venv/lib/python3.11/site-packages/airflow/example_dags/example_branch_labels.py
[2025-05-31T21:17:49.095-0300] {logging_mixin.py:188} INFO - [2025-05-31T21:17:49.095-0300] {dag.py:3036} INFO - Sync 1 DAGs
[2025-05-31T21:17:49.110-0300] {logging_mixin.py:188} INFO - [2025-05-31T21:17:49.109-0300] {dag.py:3823} INFO - Setting next_dagrun for example_branch_labels to 2025-05-31 00:00:00+00:00, run_after=2025-06-01 00:00:00+00:00
[2025-05-31T21:17:49.128-0300] {processor.py:183} INFO - Processing /home/walterg/Documentos/Data_projects/Data-Warehouse-postgres-DBT-airflow-/.venv/lib/python3.11/site-packages/airflow/example_dags/example_branch_labels.py took 0.068 seconds
[2025-05-31T21:18:55.147-0300] {processor.py:161} INFO - Started process (PID=38182) to work on /home/walterg/Documentos/Data_projects/Data-Warehouse-postgres-DBT-airflow-/.venv/lib/python3.11/site-packages/airflow/example_dags/example_branch_labels.py
[2025-05-31T21:18:55.152-0300] {processor.py:830} INFO - Processing file /home/walterg/Documentos/Data_projects/Data-Warehouse-postgres-DBT-airflow-/.venv/lib/python3.11/site-packages/airflow/example_dags/example_branch_labels.py for tasks to queue
[2025-05-31T21:18:55.154-0300] {logging_mixin.py:188} INFO - [2025-05-31T21:18:55.153-0300] {dagbag.py:538} INFO - Filling up the DagBag from /home/walterg/Documentos/Data_projects/Data-Warehouse-postgres-DBT-airflow-/.venv/lib/python3.11/site-packages/airflow/example_dags/example_branch_labels.py
[2025-05-31T21:18:55.160-0300] {processor.py:840} INFO - DAG(s) 'example_branch_labels' retrieved from /home/walterg/Documentos/Data_projects/Data-Warehouse-postgres-DBT-airflow-/.venv/lib/python3.11/site-packages/airflow/example_dags/example_branch_labels.py
[2025-05-31T21:18:55.174-0300] {logging_mixin.py:188} INFO - [2025-05-31T21:18:55.173-0300] {dag.py:3036} INFO - Sync 1 DAGs
[2025-05-31T21:18:55.187-0300] {logging_mixin.py:188} INFO - [2025-05-31T21:18:55.187-0300] {dag.py:3823} INFO - Setting next_dagrun for example_branch_labels to 2025-05-31 00:00:00+00:00, run_after=2025-06-01 00:00:00+00:00
[2025-05-31T21:18:55.203-0300] {processor.py:183} INFO - Processing /home/walterg/Documentos/Data_projects/Data-Warehouse-postgres-DBT-airflow-/.venv/lib/python3.11/site-packages/airflow/example_dags/example_branch_labels.py took 0.058 seconds
[2025-05-31T21:19:57.140-0300] {processor.py:161} INFO - Started process (PID=38448) to work on /home/walterg/Documentos/Data_projects/Data-Warehouse-postgres-DBT-airflow-/.venv/lib/python3.11/site-packages/airflow/example_dags/example_branch_labels.py
[2025-05-31T21:19:57.141-0300] {processor.py:830} INFO - Processing file /home/walterg/Documentos/Data_projects/Data-Warehouse-postgres-DBT-airflow-/.venv/lib/python3.11/site-packages/airflow/example_dags/example_branch_labels.py for tasks to queue
[2025-05-31T21:19:57.142-0300] {logging_mixin.py:188} INFO - [2025-05-31T21:19:57.141-0300] {dagbag.py:538} INFO - Filling up the DagBag from /home/walterg/Documentos/Data_projects/Data-Warehouse-postgres-DBT-airflow-/.venv/lib/python3.11/site-packages/airflow/example_dags/example_branch_labels.py
[2025-05-31T21:19:57.148-0300] {processor.py:840} INFO - DAG(s) 'example_branch_labels' retrieved from /home/walterg/Documentos/Data_projects/Data-Warehouse-postgres-DBT-airflow-/.venv/lib/python3.11/site-packages/airflow/example_dags/example_branch_labels.py
[2025-05-31T21:19:57.161-0300] {logging_mixin.py:188} INFO - [2025-05-31T21:19:57.161-0300] {dag.py:3036} INFO - Sync 1 DAGs
[2025-05-31T21:19:57.275-0300] {logging_mixin.py:188} INFO - [2025-05-31T21:19:57.275-0300] {dag.py:3823} INFO - Setting next_dagrun for example_branch_labels to 2025-05-31 00:00:00+00:00, run_after=2025-06-01 00:00:00+00:00
[2025-05-31T21:19:57.295-0300] {processor.py:183} INFO - Processing /home/walterg/Documentos/Data_projects/Data-Warehouse-postgres-DBT-airflow-/.venv/lib/python3.11/site-packages/airflow/example_dags/example_branch_labels.py took 0.158 seconds
[2025-05-31T21:20:56.806-0300] {processor.py:161} INFO - Started process (PID=38694) to work on /home/walterg/Documentos/Data_projects/Data-Warehouse-postgres-DBT-airflow-/.venv/lib/python3.11/site-packages/airflow/example_dags/example_branch_labels.py
[2025-05-31T21:20:56.807-0300] {processor.py:830} INFO - Processing file /home/walterg/Documentos/Data_projects/Data-Warehouse-postgres-DBT-airflow-/.venv/lib/python3.11/site-packages/airflow/example_dags/example_branch_labels.py for tasks to queue
[2025-05-31T21:20:56.808-0300] {logging_mixin.py:188} INFO - [2025-05-31T21:20:56.808-0300] {dagbag.py:538} INFO - Filling up the DagBag from /home/walterg/Documentos/Data_projects/Data-Warehouse-postgres-DBT-airflow-/.venv/lib/python3.11/site-packages/airflow/example_dags/example_branch_labels.py
[2025-05-31T21:20:56.814-0300] {processor.py:840} INFO - DAG(s) 'example_branch_labels' retrieved from /home/walterg/Documentos/Data_projects/Data-Warehouse-postgres-DBT-airflow-/.venv/lib/python3.11/site-packages/airflow/example_dags/example_branch_labels.py
[2025-05-31T21:20:56.827-0300] {logging_mixin.py:188} INFO - [2025-05-31T21:20:56.827-0300] {dag.py:3036} INFO - Sync 1 DAGs
[2025-05-31T21:20:56.841-0300] {logging_mixin.py:188} INFO - [2025-05-31T21:20:56.841-0300] {dag.py:3823} INFO - Setting next_dagrun for example_branch_labels to 2025-05-31 00:00:00+00:00, run_after=2025-06-01 00:00:00+00:00
[2025-05-31T21:20:56.953-0300] {processor.py:183} INFO - Processing /home/walterg/Documentos/Data_projects/Data-Warehouse-postgres-DBT-airflow-/.venv/lib/python3.11/site-packages/airflow/example_dags/example_branch_labels.py took 0.150 seconds
[2025-05-31T21:22:00.480-0300] {processor.py:161} INFO - Started process (PID=39056) to work on /home/walterg/Documentos/Data_projects/Data-Warehouse-postgres-DBT-airflow-/.venv/lib/python3.11/site-packages/airflow/example_dags/example_branch_labels.py
[2025-05-31T21:22:00.485-0300] {processor.py:830} INFO - Processing file /home/walterg/Documentos/Data_projects/Data-Warehouse-postgres-DBT-airflow-/.venv/lib/python3.11/site-packages/airflow/example_dags/example_branch_labels.py for tasks to queue
[2025-05-31T21:22:00.486-0300] {logging_mixin.py:188} INFO - [2025-05-31T21:22:00.486-0300] {dagbag.py:538} INFO - Filling up the DagBag from /home/walterg/Documentos/Data_projects/Data-Warehouse-postgres-DBT-airflow-/.venv/lib/python3.11/site-packages/airflow/example_dags/example_branch_labels.py
[2025-05-31T21:22:00.493-0300] {processor.py:840} INFO - DAG(s) 'example_branch_labels' retrieved from /home/walterg/Documentos/Data_projects/Data-Warehouse-postgres-DBT-airflow-/.venv/lib/python3.11/site-packages/airflow/example_dags/example_branch_labels.py
[2025-05-31T21:22:00.506-0300] {logging_mixin.py:188} INFO - [2025-05-31T21:22:00.506-0300] {dag.py:3036} INFO - Sync 1 DAGs
[2025-05-31T21:22:00.520-0300] {logging_mixin.py:188} INFO - [2025-05-31T21:22:00.519-0300] {dag.py:3823} INFO - Setting next_dagrun for example_branch_labels to 2025-05-31 00:00:00+00:00, run_after=2025-06-01 00:00:00+00:00
[2025-05-31T21:22:00.536-0300] {processor.py:183} INFO - Processing /home/walterg/Documentos/Data_projects/Data-Warehouse-postgres-DBT-airflow-/.venv/lib/python3.11/site-packages/airflow/example_dags/example_branch_labels.py took 0.059 seconds
[2025-05-31T21:23:08.670-0300] {processor.py:161} INFO - Started process (PID=39483) to work on /home/walterg/Documentos/Data_projects/Data-Warehouse-postgres-DBT-airflow-/.venv/lib/python3.11/site-packages/airflow/example_dags/example_branch_labels.py
[2025-05-31T21:23:08.675-0300] {processor.py:830} INFO - Processing file /home/walterg/Documentos/Data_projects/Data-Warehouse-postgres-DBT-airflow-/.venv/lib/python3.11/site-packages/airflow/example_dags/example_branch_labels.py for tasks to queue
[2025-05-31T21:23:08.677-0300] {logging_mixin.py:188} INFO - [2025-05-31T21:23:08.676-0300] {dagbag.py:538} INFO - Filling up the DagBag from /home/walterg/Documentos/Data_projects/Data-Warehouse-postgres-DBT-airflow-/.venv/lib/python3.11/site-packages/airflow/example_dags/example_branch_labels.py
[2025-05-31T21:23:08.683-0300] {processor.py:840} INFO - DAG(s) 'example_branch_labels' retrieved from /home/walterg/Documentos/Data_projects/Data-Warehouse-postgres-DBT-airflow-/.venv/lib/python3.11/site-packages/airflow/example_dags/example_branch_labels.py
[2025-05-31T21:23:08.696-0300] {logging_mixin.py:188} INFO - [2025-05-31T21:23:08.696-0300] {dag.py:3036} INFO - Sync 1 DAGs
[2025-05-31T21:23:08.709-0300] {logging_mixin.py:188} INFO - [2025-05-31T21:23:08.709-0300] {dag.py:3823} INFO - Setting next_dagrun for example_branch_labels to 2025-05-31 00:00:00+00:00, run_after=2025-06-01 00:00:00+00:00
[2025-05-31T21:23:08.726-0300] {processor.py:183} INFO - Processing /home/walterg/Documentos/Data_projects/Data-Warehouse-postgres-DBT-airflow-/.venv/lib/python3.11/site-packages/airflow/example_dags/example_branch_labels.py took 0.058 seconds
[2025-05-31T21:24:16.186-0300] {processor.py:161} INFO - Started process (PID=39729) to work on /home/walterg/Documentos/Data_projects/Data-Warehouse-postgres-DBT-airflow-/.venv/lib/python3.11/site-packages/airflow/example_dags/example_branch_labels.py
[2025-05-31T21:24:16.191-0300] {processor.py:830} INFO - Processing file /home/walterg/Documentos/Data_projects/Data-Warehouse-postgres-DBT-airflow-/.venv/lib/python3.11/site-packages/airflow/example_dags/example_branch_labels.py for tasks to queue
[2025-05-31T21:24:16.192-0300] {logging_mixin.py:188} INFO - [2025-05-31T21:24:16.192-0300] {dagbag.py:538} INFO - Filling up the DagBag from /home/walterg/Documentos/Data_projects/Data-Warehouse-postgres-DBT-airflow-/.venv/lib/python3.11/site-packages/airflow/example_dags/example_branch_labels.py
[2025-05-31T21:24:16.198-0300] {processor.py:840} INFO - DAG(s) 'example_branch_labels' retrieved from /home/walterg/Documentos/Data_projects/Data-Warehouse-postgres-DBT-airflow-/.venv/lib/python3.11/site-packages/airflow/example_dags/example_branch_labels.py
[2025-05-31T21:24:16.212-0300] {logging_mixin.py:188} INFO - [2025-05-31T21:24:16.211-0300] {dag.py:3036} INFO - Sync 1 DAGs
[2025-05-31T21:24:16.323-0300] {logging_mixin.py:188} INFO - [2025-05-31T21:24:16.323-0300] {dag.py:3823} INFO - Setting next_dagrun for example_branch_labels to 2025-05-31 00:00:00+00:00, run_after=2025-06-01 00:00:00+00:00
[2025-05-31T21:24:16.342-0300] {processor.py:183} INFO - Processing /home/walterg/Documentos/Data_projects/Data-Warehouse-postgres-DBT-airflow-/.venv/lib/python3.11/site-packages/airflow/example_dags/example_branch_labels.py took 0.159 seconds
[2025-05-31T21:25:31.064-0300] {processor.py:161} INFO - Started process (PID=40115) to work on /home/walterg/Documentos/Data_projects/Data-Warehouse-postgres-DBT-airflow-/.venv/lib/python3.11/site-packages/airflow/example_dags/example_branch_labels.py
[2025-05-31T21:25:31.066-0300] {processor.py:830} INFO - Processing file /home/walterg/Documentos/Data_projects/Data-Warehouse-postgres-DBT-airflow-/.venv/lib/python3.11/site-packages/airflow/example_dags/example_branch_labels.py for tasks to queue
[2025-05-31T21:25:31.066-0300] {logging_mixin.py:188} INFO - [2025-05-31T21:25:31.066-0300] {dagbag.py:538} INFO - Filling up the DagBag from /home/walterg/Documentos/Data_projects/Data-Warehouse-postgres-DBT-airflow-/.venv/lib/python3.11/site-packages/airflow/example_dags/example_branch_labels.py
[2025-05-31T21:25:31.072-0300] {processor.py:840} INFO - DAG(s) 'example_branch_labels' retrieved from /home/walterg/Documentos/Data_projects/Data-Warehouse-postgres-DBT-airflow-/.venv/lib/python3.11/site-packages/airflow/example_dags/example_branch_labels.py
[2025-05-31T21:25:31.086-0300] {logging_mixin.py:188} INFO - [2025-05-31T21:25:31.086-0300] {dag.py:3036} INFO - Sync 1 DAGs
[2025-05-31T21:25:31.099-0300] {logging_mixin.py:188} INFO - [2025-05-31T21:25:31.099-0300] {dag.py:3823} INFO - Setting next_dagrun for example_branch_labels to 2025-05-31 00:00:00+00:00, run_after=2025-06-01 00:00:00+00:00
[2025-05-31T21:25:31.116-0300] {processor.py:183} INFO - Processing /home/walterg/Documentos/Data_projects/Data-Warehouse-postgres-DBT-airflow-/.venv/lib/python3.11/site-packages/airflow/example_dags/example_branch_labels.py took 0.054 seconds
[2025-05-31T21:26:28.658-0300] {processor.py:161} INFO - Started process (PID=40556) to work on /home/walterg/Documentos/Data_projects/Data-Warehouse-postgres-DBT-airflow-/.venv/lib/python3.11/site-packages/airflow/example_dags/example_branch_labels.py
[2025-05-31T21:26:28.663-0300] {processor.py:830} INFO - Processing file /home/walterg/Documentos/Data_projects/Data-Warehouse-postgres-DBT-airflow-/.venv/lib/python3.11/site-packages/airflow/example_dags/example_branch_labels.py for tasks to queue
[2025-05-31T21:26:28.664-0300] {logging_mixin.py:188} INFO - [2025-05-31T21:26:28.664-0300] {dagbag.py:538} INFO - Filling up the DagBag from /home/walterg/Documentos/Data_projects/Data-Warehouse-postgres-DBT-airflow-/.venv/lib/python3.11/site-packages/airflow/example_dags/example_branch_labels.py
[2025-05-31T21:26:28.670-0300] {processor.py:840} INFO - DAG(s) 'example_branch_labels' retrieved from /home/walterg/Documentos/Data_projects/Data-Warehouse-postgres-DBT-airflow-/.venv/lib/python3.11/site-packages/airflow/example_dags/example_branch_labels.py
[2025-05-31T21:26:28.683-0300] {logging_mixin.py:188} INFO - [2025-05-31T21:26:28.683-0300] {dag.py:3036} INFO - Sync 1 DAGs
[2025-05-31T21:26:28.697-0300] {logging_mixin.py:188} INFO - [2025-05-31T21:26:28.697-0300] {dag.py:3823} INFO - Setting next_dagrun for example_branch_labels to 2025-05-31 00:00:00+00:00, run_after=2025-06-01 00:00:00+00:00
[2025-05-31T21:26:28.713-0300] {processor.py:183} INFO - Processing /home/walterg/Documentos/Data_projects/Data-Warehouse-postgres-DBT-airflow-/.venv/lib/python3.11/site-packages/airflow/example_dags/example_branch_labels.py took 0.057 seconds
[2025-05-31T21:27:32.014-0300] {processor.py:161} INFO - Started process (PID=41054) to work on /home/walterg/Documentos/Data_projects/Data-Warehouse-postgres-DBT-airflow-/.venv/lib/python3.11/site-packages/airflow/example_dags/example_branch_labels.py
[2025-05-31T21:27:32.015-0300] {processor.py:830} INFO - Processing file /home/walterg/Documentos/Data_projects/Data-Warehouse-postgres-DBT-airflow-/.venv/lib/python3.11/site-packages/airflow/example_dags/example_branch_labels.py for tasks to queue
[2025-05-31T21:27:32.016-0300] {logging_mixin.py:188} INFO - [2025-05-31T21:27:32.016-0300] {dagbag.py:538} INFO - Filling up the DagBag from /home/walterg/Documentos/Data_projects/Data-Warehouse-postgres-DBT-airflow-/.venv/lib/python3.11/site-packages/airflow/example_dags/example_branch_labels.py
[2025-05-31T21:27:32.022-0300] {processor.py:840} INFO - DAG(s) 'example_branch_labels' retrieved from /home/walterg/Documentos/Data_projects/Data-Warehouse-postgres-DBT-airflow-/.venv/lib/python3.11/site-packages/airflow/example_dags/example_branch_labels.py
[2025-05-31T21:27:32.037-0300] {logging_mixin.py:188} INFO - [2025-05-31T21:27:32.037-0300] {dag.py:3036} INFO - Sync 1 DAGs
[2025-05-31T21:27:32.050-0300] {logging_mixin.py:188} INFO - [2025-05-31T21:27:32.050-0300] {dag.py:3823} INFO - Setting next_dagrun for example_branch_labels to 2025-05-31 00:00:00+00:00, run_after=2025-06-01 00:00:00+00:00
[2025-05-31T21:27:32.068-0300] {processor.py:183} INFO - Processing /home/walterg/Documentos/Data_projects/Data-Warehouse-postgres-DBT-airflow-/.venv/lib/python3.11/site-packages/airflow/example_dags/example_branch_labels.py took 0.056 seconds
[2025-05-31T21:28:32.972-0300] {processor.py:161} INFO - Started process (PID=41404) to work on /home/walterg/Documentos/Data_projects/Data-Warehouse-postgres-DBT-airflow-/.venv/lib/python3.11/site-packages/airflow/example_dags/example_branch_labels.py
[2025-05-31T21:28:32.977-0300] {processor.py:830} INFO - Processing file /home/walterg/Documentos/Data_projects/Data-Warehouse-postgres-DBT-airflow-/.venv/lib/python3.11/site-packages/airflow/example_dags/example_branch_labels.py for tasks to queue
[2025-05-31T21:28:32.978-0300] {logging_mixin.py:188} INFO - [2025-05-31T21:28:32.977-0300] {dagbag.py:538} INFO - Filling up the DagBag from /home/walterg/Documentos/Data_projects/Data-Warehouse-postgres-DBT-airflow-/.venv/lib/python3.11/site-packages/airflow/example_dags/example_branch_labels.py
[2025-05-31T21:28:32.984-0300] {processor.py:840} INFO - DAG(s) 'example_branch_labels' retrieved from /home/walterg/Documentos/Data_projects/Data-Warehouse-postgres-DBT-airflow-/.venv/lib/python3.11/site-packages/airflow/example_dags/example_branch_labels.py
[2025-05-31T21:28:32.997-0300] {logging_mixin.py:188} INFO - [2025-05-31T21:28:32.997-0300] {dag.py:3036} INFO - Sync 1 DAGs
[2025-05-31T21:28:33.011-0300] {logging_mixin.py:188} INFO - [2025-05-31T21:28:33.010-0300] {dag.py:3823} INFO - Setting next_dagrun for example_branch_labels to 2025-05-31 00:00:00+00:00, run_after=2025-06-01 00:00:00+00:00
[2025-05-31T21:28:33.026-0300] {processor.py:183} INFO - Processing /home/walterg/Documentos/Data_projects/Data-Warehouse-postgres-DBT-airflow-/.venv/lib/python3.11/site-packages/airflow/example_dags/example_branch_labels.py took 0.057 seconds
[2025-05-31T21:29:33.943-0300] {processor.py:161} INFO - Started process (PID=41673) to work on /home/walterg/Documentos/Data_projects/Data-Warehouse-postgres-DBT-airflow-/.venv/lib/python3.11/site-packages/airflow/example_dags/example_branch_labels.py
[2025-05-31T21:29:33.944-0300] {processor.py:830} INFO - Processing file /home/walterg/Documentos/Data_projects/Data-Warehouse-postgres-DBT-airflow-/.venv/lib/python3.11/site-packages/airflow/example_dags/example_branch_labels.py for tasks to queue
[2025-05-31T21:29:33.945-0300] {logging_mixin.py:188} INFO - [2025-05-31T21:29:33.944-0300] {dagbag.py:538} INFO - Filling up the DagBag from /home/walterg/Documentos/Data_projects/Data-Warehouse-postgres-DBT-airflow-/.venv/lib/python3.11/site-packages/airflow/example_dags/example_branch_labels.py
[2025-05-31T21:29:33.951-0300] {processor.py:840} INFO - DAG(s) 'example_branch_labels' retrieved from /home/walterg/Documentos/Data_projects/Data-Warehouse-postgres-DBT-airflow-/.venv/lib/python3.11/site-packages/airflow/example_dags/example_branch_labels.py
[2025-05-31T21:29:33.965-0300] {logging_mixin.py:188} INFO - [2025-05-31T21:29:33.965-0300] {dag.py:3036} INFO - Sync 1 DAGs
[2025-05-31T21:29:33.979-0300] {logging_mixin.py:188} INFO - [2025-05-31T21:29:33.979-0300] {dag.py:3823} INFO - Setting next_dagrun for example_branch_labels to 2025-05-31 00:00:00+00:00, run_after=2025-06-01 00:00:00+00:00
[2025-05-31T21:29:33.995-0300] {processor.py:183} INFO - Processing /home/walterg/Documentos/Data_projects/Data-Warehouse-postgres-DBT-airflow-/.venv/lib/python3.11/site-packages/airflow/example_dags/example_branch_labels.py took 0.055 seconds
[2025-05-31T21:30:32.406-0300] {processor.py:161} INFO - Started process (PID=41875) to work on /home/walterg/Documentos/Data_projects/Data-Warehouse-postgres-DBT-airflow-/.venv/lib/python3.11/site-packages/airflow/example_dags/example_branch_labels.py
[2025-05-31T21:30:32.411-0300] {processor.py:830} INFO - Processing file /home/walterg/Documentos/Data_projects/Data-Warehouse-postgres-DBT-airflow-/.venv/lib/python3.11/site-packages/airflow/example_dags/example_branch_labels.py for tasks to queue
[2025-05-31T21:30:32.412-0300] {logging_mixin.py:188} INFO - [2025-05-31T21:30:32.412-0300] {dagbag.py:538} INFO - Filling up the DagBag from /home/walterg/Documentos/Data_projects/Data-Warehouse-postgres-DBT-airflow-/.venv/lib/python3.11/site-packages/airflow/example_dags/example_branch_labels.py
[2025-05-31T21:30:32.418-0300] {processor.py:840} INFO - DAG(s) 'example_branch_labels' retrieved from /home/walterg/Documentos/Data_projects/Data-Warehouse-postgres-DBT-airflow-/.venv/lib/python3.11/site-packages/airflow/example_dags/example_branch_labels.py
[2025-05-31T21:30:32.431-0300] {logging_mixin.py:188} INFO - [2025-05-31T21:30:32.431-0300] {dag.py:3036} INFO - Sync 1 DAGs
[2025-05-31T21:30:32.445-0300] {logging_mixin.py:188} INFO - [2025-05-31T21:30:32.444-0300] {dag.py:3823} INFO - Setting next_dagrun for example_branch_labels to 2025-05-31 00:00:00+00:00, run_after=2025-06-01 00:00:00+00:00
[2025-05-31T21:30:32.460-0300] {processor.py:183} INFO - Processing /home/walterg/Documentos/Data_projects/Data-Warehouse-postgres-DBT-airflow-/.venv/lib/python3.11/site-packages/airflow/example_dags/example_branch_labels.py took 0.056 seconds
[2025-05-31T21:31:32.290-0300] {processor.py:161} INFO - Started process (PID=42151) to work on /home/walterg/Documentos/Data_projects/Data-Warehouse-postgres-DBT-airflow-/.venv/lib/python3.11/site-packages/airflow/example_dags/example_branch_labels.py
[2025-05-31T21:31:32.295-0300] {processor.py:830} INFO - Processing file /home/walterg/Documentos/Data_projects/Data-Warehouse-postgres-DBT-airflow-/.venv/lib/python3.11/site-packages/airflow/example_dags/example_branch_labels.py for tasks to queue
[2025-05-31T21:31:32.296-0300] {logging_mixin.py:188} INFO - [2025-05-31T21:31:32.296-0300] {dagbag.py:538} INFO - Filling up the DagBag from /home/walterg/Documentos/Data_projects/Data-Warehouse-postgres-DBT-airflow-/.venv/lib/python3.11/site-packages/airflow/example_dags/example_branch_labels.py
[2025-05-31T21:31:32.303-0300] {processor.py:840} INFO - DAG(s) 'example_branch_labels' retrieved from /home/walterg/Documentos/Data_projects/Data-Warehouse-postgres-DBT-airflow-/.venv/lib/python3.11/site-packages/airflow/example_dags/example_branch_labels.py
[2025-05-31T21:31:32.317-0300] {logging_mixin.py:188} INFO - [2025-05-31T21:31:32.317-0300] {dag.py:3036} INFO - Sync 1 DAGs
[2025-05-31T21:31:32.332-0300] {logging_mixin.py:188} INFO - [2025-05-31T21:31:32.332-0300] {dag.py:3823} INFO - Setting next_dagrun for example_branch_labels to 2025-05-31 00:00:00+00:00, run_after=2025-06-01 00:00:00+00:00
[2025-05-31T21:31:32.348-0300] {processor.py:183} INFO - Processing /home/walterg/Documentos/Data_projects/Data-Warehouse-postgres-DBT-airflow-/.venv/lib/python3.11/site-packages/airflow/example_dags/example_branch_labels.py took 0.061 seconds
[2025-05-31T21:32:31.487-0300] {processor.py:161} INFO - Started process (PID=42472) to work on /home/walterg/Documentos/Data_projects/Data-Warehouse-postgres-DBT-airflow-/.venv/lib/python3.11/site-packages/airflow/example_dags/example_branch_labels.py
[2025-05-31T21:32:31.494-0300] {processor.py:830} INFO - Processing file /home/walterg/Documentos/Data_projects/Data-Warehouse-postgres-DBT-airflow-/.venv/lib/python3.11/site-packages/airflow/example_dags/example_branch_labels.py for tasks to queue
[2025-05-31T21:32:31.495-0300] {logging_mixin.py:188} INFO - [2025-05-31T21:32:31.495-0300] {dagbag.py:538} INFO - Filling up the DagBag from /home/walterg/Documentos/Data_projects/Data-Warehouse-postgres-DBT-airflow-/.venv/lib/python3.11/site-packages/airflow/example_dags/example_branch_labels.py
[2025-05-31T21:32:31.501-0300] {processor.py:840} INFO - DAG(s) 'example_branch_labels' retrieved from /home/walterg/Documentos/Data_projects/Data-Warehouse-postgres-DBT-airflow-/.venv/lib/python3.11/site-packages/airflow/example_dags/example_branch_labels.py
[2025-05-31T21:32:31.514-0300] {logging_mixin.py:188} INFO - [2025-05-31T21:32:31.514-0300] {dag.py:3036} INFO - Sync 1 DAGs
[2025-05-31T21:32:31.528-0300] {logging_mixin.py:188} INFO - [2025-05-31T21:32:31.528-0300] {dag.py:3823} INFO - Setting next_dagrun for example_branch_labels to 2025-05-31 00:00:00+00:00, run_after=2025-06-01 00:00:00+00:00
[2025-05-31T21:32:31.545-0300] {processor.py:183} INFO - Processing /home/walterg/Documentos/Data_projects/Data-Warehouse-postgres-DBT-airflow-/.venv/lib/python3.11/site-packages/airflow/example_dags/example_branch_labels.py took 0.061 seconds
[2025-05-31T21:33:38.420-0300] {processor.py:161} INFO - Started process (PID=42895) to work on /home/walterg/Documentos/Data_projects/Data-Warehouse-postgres-DBT-airflow-/.venv/lib/python3.11/site-packages/airflow/example_dags/example_branch_labels.py
[2025-05-31T21:33:38.425-0300] {processor.py:830} INFO - Processing file /home/walterg/Documentos/Data_projects/Data-Warehouse-postgres-DBT-airflow-/.venv/lib/python3.11/site-packages/airflow/example_dags/example_branch_labels.py for tasks to queue
[2025-05-31T21:33:38.426-0300] {logging_mixin.py:188} INFO - [2025-05-31T21:33:38.426-0300] {dagbag.py:538} INFO - Filling up the DagBag from /home/walterg/Documentos/Data_projects/Data-Warehouse-postgres-DBT-airflow-/.venv/lib/python3.11/site-packages/airflow/example_dags/example_branch_labels.py
[2025-05-31T21:33:38.432-0300] {processor.py:840} INFO - DAG(s) 'example_branch_labels' retrieved from /home/walterg/Documentos/Data_projects/Data-Warehouse-postgres-DBT-airflow-/.venv/lib/python3.11/site-packages/airflow/example_dags/example_branch_labels.py
[2025-05-31T21:33:38.445-0300] {logging_mixin.py:188} INFO - [2025-05-31T21:33:38.445-0300] {dag.py:3036} INFO - Sync 1 DAGs
[2025-05-31T21:33:38.459-0300] {logging_mixin.py:188} INFO - [2025-05-31T21:33:38.459-0300] {dag.py:3823} INFO - Setting next_dagrun for example_branch_labels to 2025-05-31 00:00:00+00:00, run_after=2025-06-01 00:00:00+00:00
[2025-05-31T21:33:38.476-0300] {processor.py:183} INFO - Processing /home/walterg/Documentos/Data_projects/Data-Warehouse-postgres-DBT-airflow-/.venv/lib/python3.11/site-packages/airflow/example_dags/example_branch_labels.py took 0.058 seconds
[2025-05-31T21:34:32.209-0300] {processor.py:161} INFO - Started process (PID=43021) to work on /home/walterg/Documentos/Data_projects/Data-Warehouse-postgres-DBT-airflow-/.venv/lib/python3.11/site-packages/airflow/example_dags/example_branch_labels.py
[2025-05-31T21:34:32.214-0300] {processor.py:830} INFO - Processing file /home/walterg/Documentos/Data_projects/Data-Warehouse-postgres-DBT-airflow-/.venv/lib/python3.11/site-packages/airflow/example_dags/example_branch_labels.py for tasks to queue
[2025-05-31T21:34:32.215-0300] {logging_mixin.py:188} INFO - [2025-05-31T21:34:32.215-0300] {dagbag.py:538} INFO - Filling up the DagBag from /home/walterg/Documentos/Data_projects/Data-Warehouse-postgres-DBT-airflow-/.venv/lib/python3.11/site-packages/airflow/example_dags/example_branch_labels.py
[2025-05-31T21:34:32.222-0300] {processor.py:840} INFO - DAG(s) 'example_branch_labels' retrieved from /home/walterg/Documentos/Data_projects/Data-Warehouse-postgres-DBT-airflow-/.venv/lib/python3.11/site-packages/airflow/example_dags/example_branch_labels.py
[2025-05-31T21:34:32.235-0300] {logging_mixin.py:188} INFO - [2025-05-31T21:34:32.235-0300] {dag.py:3036} INFO - Sync 1 DAGs
[2025-05-31T21:34:32.250-0300] {logging_mixin.py:188} INFO - [2025-05-31T21:34:32.250-0300] {dag.py:3823} INFO - Setting next_dagrun for example_branch_labels to 2025-05-31 00:00:00+00:00, run_after=2025-06-01 00:00:00+00:00
[2025-05-31T21:34:32.268-0300] {processor.py:183} INFO - Processing /home/walterg/Documentos/Data_projects/Data-Warehouse-postgres-DBT-airflow-/.venv/lib/python3.11/site-packages/airflow/example_dags/example_branch_labels.py took 0.062 seconds
