[2025-05-31T21:00:19.668-0300] {processor.py:161} INFO - Started process (PID=32644) to work on /home/walterg/Documentos/Data_projects/Data-Warehouse-postgres-DBT-airflow-/.venv/lib/python3.11/site-packages/airflow/example_dags/example_params_ui_tutorial.py
[2025-05-31T21:00:19.669-0300] {processor.py:830} INFO - Processing file /home/walterg/Documentos/Data_projects/Data-Warehouse-postgres-DBT-airflow-/.venv/lib/python3.11/site-packages/airflow/example_dags/example_params_ui_tutorial.py for tasks to queue
[2025-05-31T21:00:19.669-0300] {logging_mixin.py:188} INFO - [2025-05-31T21:00:19.669-0300] {dagbag.py:538} INFO - Filling up the DagBag from /home/walterg/Documentos/Data_projects/Data-Warehouse-postgres-DBT-airflow-/.venv/lib/python3.11/site-packages/airflow/example_dags/example_params_ui_tutorial.py
[2025-05-31T21:00:19.678-0300] {processor.py:840} INFO - DAG(s) 'example_params_ui_tutorial' retrieved from /home/walterg/Documentos/Data_projects/Data-Warehouse-postgres-DBT-airflow-/.venv/lib/python3.11/site-packages/airflow/example_dags/example_params_ui_tutorial.py
[2025-05-31T21:00:19.704-0300] {logging_mixin.py:188} INFO - [2025-05-31T21:00:19.704-0300] {dag.py:3036} INFO - Sync 1 DAGs
[2025-05-31T21:00:19.711-0300] {logging_mixin.py:188} INFO - [2025-05-31T21:00:19.711-0300] {dag.py:3823} INFO - Setting next_dagrun for example_params_ui_tutorial to None, run_after=None
[2025-05-31T21:00:19.732-0300] {processor.py:183} INFO - Processing /home/walterg/Documentos/Data_projects/Data-Warehouse-postgres-DBT-airflow-/.venv/lib/python3.11/site-packages/airflow/example_dags/example_params_ui_tutorial.py took 0.066 seconds
[2025-05-31T21:01:21.518-0300] {processor.py:161} INFO - Started process (PID=32934) to work on /home/walterg/Documentos/Data_projects/Data-Warehouse-postgres-DBT-airflow-/.venv/lib/python3.11/site-packages/airflow/example_dags/example_params_ui_tutorial.py
[2025-05-31T21:01:21.523-0300] {processor.py:830} INFO - Processing file /home/walterg/Documentos/Data_projects/Data-Warehouse-postgres-DBT-airflow-/.venv/lib/python3.11/site-packages/airflow/example_dags/example_params_ui_tutorial.py for tasks to queue
[2025-05-31T21:01:21.524-0300] {logging_mixin.py:188} INFO - [2025-05-31T21:01:21.524-0300] {dagbag.py:538} INFO - Filling up the DagBag from /home/walterg/Documentos/Data_projects/Data-Warehouse-postgres-DBT-airflow-/.venv/lib/python3.11/site-packages/airflow/example_dags/example_params_ui_tutorial.py
[2025-05-31T21:01:21.533-0300] {processor.py:840} INFO - DAG(s) 'example_params_ui_tutorial' retrieved from /home/walterg/Documentos/Data_projects/Data-Warehouse-postgres-DBT-airflow-/.venv/lib/python3.11/site-packages/airflow/example_dags/example_params_ui_tutorial.py
[2025-05-31T21:01:21.560-0300] {logging_mixin.py:188} INFO - [2025-05-31T21:01:21.560-0300] {dag.py:3036} INFO - Sync 1 DAGs
[2025-05-31T21:01:21.567-0300] {logging_mixin.py:188} INFO - [2025-05-31T21:01:21.567-0300] {dag.py:3823} INFO - Setting next_dagrun for example_params_ui_tutorial to None, run_after=None
[2025-05-31T21:01:21.583-0300] {processor.py:183} INFO - Processing /home/walterg/Documentos/Data_projects/Data-Warehouse-postgres-DBT-airflow-/.venv/lib/python3.11/site-packages/airflow/example_dags/example_params_ui_tutorial.py took 0.068 seconds
[2025-05-31T21:02:26.306-0300] {processor.py:161} INFO - Started process (PID=33350) to work on /home/walterg/Documentos/Data_projects/Data-Warehouse-postgres-DBT-airflow-/.venv/lib/python3.11/site-packages/airflow/example_dags/example_params_ui_tutorial.py
[2025-05-31T21:02:26.312-0300] {processor.py:830} INFO - Processing file /home/walterg/Documentos/Data_projects/Data-Warehouse-postgres-DBT-airflow-/.venv/lib/python3.11/site-packages/airflow/example_dags/example_params_ui_tutorial.py for tasks to queue
[2025-05-31T21:02:26.312-0300] {logging_mixin.py:188} INFO - [2025-05-31T21:02:26.312-0300] {dagbag.py:538} INFO - Filling up the DagBag from /home/walterg/Documentos/Data_projects/Data-Warehouse-postgres-DBT-airflow-/.venv/lib/python3.11/site-packages/airflow/example_dags/example_params_ui_tutorial.py
[2025-05-31T21:02:26.321-0300] {processor.py:840} INFO - DAG(s) 'example_params_ui_tutorial' retrieved from /home/walterg/Documentos/Data_projects/Data-Warehouse-postgres-DBT-airflow-/.venv/lib/python3.11/site-packages/airflow/example_dags/example_params_ui_tutorial.py
[2025-05-31T21:02:26.348-0300] {logging_mixin.py:188} INFO - [2025-05-31T21:02:26.347-0300] {dag.py:3036} INFO - Sync 1 DAGs
[2025-05-31T21:02:26.355-0300] {logging_mixin.py:188} INFO - [2025-05-31T21:02:26.355-0300] {dag.py:3823} INFO - Setting next_dagrun for example_params_ui_tutorial to None, run_after=None
[2025-05-31T21:02:26.371-0300] {processor.py:183} INFO - Processing /home/walterg/Documentos/Data_projects/Data-Warehouse-postgres-DBT-airflow-/.venv/lib/python3.11/site-packages/airflow/example_dags/example_params_ui_tutorial.py took 0.067 seconds
[2025-05-31T21:03:29.841-0300] {processor.py:161} INFO - Started process (PID=33640) to work on /home/walterg/Documentos/Data_projects/Data-Warehouse-postgres-DBT-airflow-/.venv/lib/python3.11/site-packages/airflow/example_dags/example_params_ui_tutorial.py
[2025-05-31T21:03:29.846-0300] {processor.py:830} INFO - Processing file /home/walterg/Documentos/Data_projects/Data-Warehouse-postgres-DBT-airflow-/.venv/lib/python3.11/site-packages/airflow/example_dags/example_params_ui_tutorial.py for tasks to queue
[2025-05-31T21:03:29.847-0300] {logging_mixin.py:188} INFO - [2025-05-31T21:03:29.847-0300] {dagbag.py:538} INFO - Filling up the DagBag from /home/walterg/Documentos/Data_projects/Data-Warehouse-postgres-DBT-airflow-/.venv/lib/python3.11/site-packages/airflow/example_dags/example_params_ui_tutorial.py
[2025-05-31T21:03:29.856-0300] {processor.py:840} INFO - DAG(s) 'example_params_ui_tutorial' retrieved from /home/walterg/Documentos/Data_projects/Data-Warehouse-postgres-DBT-airflow-/.venv/lib/python3.11/site-packages/airflow/example_dags/example_params_ui_tutorial.py
[2025-05-31T21:03:29.883-0300] {logging_mixin.py:188} INFO - [2025-05-31T21:03:29.883-0300] {dag.py:3036} INFO - Sync 1 DAGs
[2025-05-31T21:03:29.891-0300] {logging_mixin.py:188} INFO - [2025-05-31T21:03:29.891-0300] {dag.py:3823} INFO - Setting next_dagrun for example_params_ui_tutorial to None, run_after=None
[2025-05-31T21:03:29.908-0300] {processor.py:183} INFO - Processing /home/walterg/Documentos/Data_projects/Data-Warehouse-postgres-DBT-airflow-/.venv/lib/python3.11/site-packages/airflow/example_dags/example_params_ui_tutorial.py took 0.069 seconds
[2025-05-31T21:04:31.659-0300] {processor.py:161} INFO - Started process (PID=33880) to work on /home/walterg/Documentos/Data_projects/Data-Warehouse-postgres-DBT-airflow-/.venv/lib/python3.11/site-packages/airflow/example_dags/example_params_ui_tutorial.py
[2025-05-31T21:04:31.660-0300] {processor.py:830} INFO - Processing file /home/walterg/Documentos/Data_projects/Data-Warehouse-postgres-DBT-airflow-/.venv/lib/python3.11/site-packages/airflow/example_dags/example_params_ui_tutorial.py for tasks to queue
[2025-05-31T21:04:31.661-0300] {logging_mixin.py:188} INFO - [2025-05-31T21:04:31.660-0300] {dagbag.py:538} INFO - Filling up the DagBag from /home/walterg/Documentos/Data_projects/Data-Warehouse-postgres-DBT-airflow-/.venv/lib/python3.11/site-packages/airflow/example_dags/example_params_ui_tutorial.py
[2025-05-31T21:04:31.670-0300] {processor.py:840} INFO - DAG(s) 'example_params_ui_tutorial' retrieved from /home/walterg/Documentos/Data_projects/Data-Warehouse-postgres-DBT-airflow-/.venv/lib/python3.11/site-packages/airflow/example_dags/example_params_ui_tutorial.py
[2025-05-31T21:04:31.697-0300] {logging_mixin.py:188} INFO - [2025-05-31T21:04:31.697-0300] {dag.py:3036} INFO - Sync 1 DAGs
[2025-05-31T21:04:31.705-0300] {logging_mixin.py:188} INFO - [2025-05-31T21:04:31.705-0300] {dag.py:3823} INFO - Setting next_dagrun for example_params_ui_tutorial to None, run_after=None
[2025-05-31T21:04:31.722-0300] {processor.py:183} INFO - Processing /home/walterg/Documentos/Data_projects/Data-Warehouse-postgres-DBT-airflow-/.venv/lib/python3.11/site-packages/airflow/example_dags/example_params_ui_tutorial.py took 0.065 seconds
[2025-05-31T21:05:37.136-0300] {processor.py:161} INFO - Started process (PID=34204) to work on /home/walterg/Documentos/Data_projects/Data-Warehouse-postgres-DBT-airflow-/.venv/lib/python3.11/site-packages/airflow/example_dags/example_params_ui_tutorial.py
[2025-05-31T21:05:37.137-0300] {processor.py:830} INFO - Processing file /home/walterg/Documentos/Data_projects/Data-Warehouse-postgres-DBT-airflow-/.venv/lib/python3.11/site-packages/airflow/example_dags/example_params_ui_tutorial.py for tasks to queue
[2025-05-31T21:05:37.137-0300] {logging_mixin.py:188} INFO - [2025-05-31T21:05:37.137-0300] {dagbag.py:538} INFO - Filling up the DagBag from /home/walterg/Documentos/Data_projects/Data-Warehouse-postgres-DBT-airflow-/.venv/lib/python3.11/site-packages/airflow/example_dags/example_params_ui_tutorial.py
[2025-05-31T21:05:37.151-0300] {processor.py:840} INFO - DAG(s) 'example_params_ui_tutorial' retrieved from /home/walterg/Documentos/Data_projects/Data-Warehouse-postgres-DBT-airflow-/.venv/lib/python3.11/site-packages/airflow/example_dags/example_params_ui_tutorial.py
[2025-05-31T21:05:37.178-0300] {logging_mixin.py:188} INFO - [2025-05-31T21:05:37.178-0300] {dag.py:3036} INFO - Sync 1 DAGs
[2025-05-31T21:05:37.186-0300] {logging_mixin.py:188} INFO - [2025-05-31T21:05:37.186-0300] {dag.py:3823} INFO - Setting next_dagrun for example_params_ui_tutorial to None, run_after=None
[2025-05-31T21:05:37.202-0300] {processor.py:183} INFO - Processing /home/walterg/Documentos/Data_projects/Data-Warehouse-postgres-DBT-airflow-/.venv/lib/python3.11/site-packages/airflow/example_dags/example_params_ui_tutorial.py took 0.069 seconds
[2025-05-31T21:06:24.348-0300] {processor.py:161} INFO - Started process (PID=34519) to work on /home/walterg/Documentos/Data_projects/Data-Warehouse-postgres-DBT-airflow-/.venv/lib/python3.11/site-packages/airflow/example_dags/example_params_ui_tutorial.py
[2025-05-31T21:06:24.353-0300] {processor.py:830} INFO - Processing file /home/walterg/Documentos/Data_projects/Data-Warehouse-postgres-DBT-airflow-/.venv/lib/python3.11/site-packages/airflow/example_dags/example_params_ui_tutorial.py for tasks to queue
[2025-05-31T21:06:24.354-0300] {logging_mixin.py:188} INFO - [2025-05-31T21:06:24.354-0300] {dagbag.py:538} INFO - Filling up the DagBag from /home/walterg/Documentos/Data_projects/Data-Warehouse-postgres-DBT-airflow-/.venv/lib/python3.11/site-packages/airflow/example_dags/example_params_ui_tutorial.py
[2025-05-31T21:06:24.363-0300] {processor.py:840} INFO - DAG(s) 'example_params_ui_tutorial' retrieved from /home/walterg/Documentos/Data_projects/Data-Warehouse-postgres-DBT-airflow-/.venv/lib/python3.11/site-packages/airflow/example_dags/example_params_ui_tutorial.py
[2025-05-31T21:06:24.391-0300] {logging_mixin.py:188} INFO - [2025-05-31T21:06:24.391-0300] {dag.py:3036} INFO - Sync 1 DAGs
[2025-05-31T21:06:24.399-0300] {logging_mixin.py:188} INFO - [2025-05-31T21:06:24.399-0300] {dag.py:3823} INFO - Setting next_dagrun for example_params_ui_tutorial to None, run_after=None
[2025-05-31T21:06:24.418-0300] {processor.py:183} INFO - Processing /home/walterg/Documentos/Data_projects/Data-Warehouse-postgres-DBT-airflow-/.venv/lib/python3.11/site-packages/airflow/example_dags/example_params_ui_tutorial.py took 0.072 seconds
[2025-05-31T21:07:28.404-0300] {processor.py:161} INFO - Started process (PID=34816) to work on /home/walterg/Documentos/Data_projects/Data-Warehouse-postgres-DBT-airflow-/.venv/lib/python3.11/site-packages/airflow/example_dags/example_params_ui_tutorial.py
[2025-05-31T21:07:28.409-0300] {processor.py:830} INFO - Processing file /home/walterg/Documentos/Data_projects/Data-Warehouse-postgres-DBT-airflow-/.venv/lib/python3.11/site-packages/airflow/example_dags/example_params_ui_tutorial.py for tasks to queue
[2025-05-31T21:07:28.411-0300] {logging_mixin.py:188} INFO - [2025-05-31T21:07:28.410-0300] {dagbag.py:538} INFO - Filling up the DagBag from /home/walterg/Documentos/Data_projects/Data-Warehouse-postgres-DBT-airflow-/.venv/lib/python3.11/site-packages/airflow/example_dags/example_params_ui_tutorial.py
[2025-05-31T21:07:28.422-0300] {processor.py:840} INFO - DAG(s) 'example_params_ui_tutorial' retrieved from /home/walterg/Documentos/Data_projects/Data-Warehouse-postgres-DBT-airflow-/.venv/lib/python3.11/site-packages/airflow/example_dags/example_params_ui_tutorial.py
[2025-05-31T21:07:28.451-0300] {logging_mixin.py:188} INFO - [2025-05-31T21:07:28.451-0300] {dag.py:3036} INFO - Sync 1 DAGs
[2025-05-31T21:07:28.459-0300] {logging_mixin.py:188} INFO - [2025-05-31T21:07:28.459-0300] {dag.py:3823} INFO - Setting next_dagrun for example_params_ui_tutorial to None, run_after=None
[2025-05-31T21:07:28.477-0300] {processor.py:183} INFO - Processing /home/walterg/Documentos/Data_projects/Data-Warehouse-postgres-DBT-airflow-/.venv/lib/python3.11/site-packages/airflow/example_dags/example_params_ui_tutorial.py took 0.075 seconds
[2025-05-31T21:08:31.031-0300] {processor.py:161} INFO - Started process (PID=35131) to work on /home/walterg/Documentos/Data_projects/Data-Warehouse-postgres-DBT-airflow-/.venv/lib/python3.11/site-packages/airflow/example_dags/example_params_ui_tutorial.py
[2025-05-31T21:08:31.036-0300] {processor.py:830} INFO - Processing file /home/walterg/Documentos/Data_projects/Data-Warehouse-postgres-DBT-airflow-/.venv/lib/python3.11/site-packages/airflow/example_dags/example_params_ui_tutorial.py for tasks to queue
[2025-05-31T21:08:31.037-0300] {logging_mixin.py:188} INFO - [2025-05-31T21:08:31.036-0300] {dagbag.py:538} INFO - Filling up the DagBag from /home/walterg/Documentos/Data_projects/Data-Warehouse-postgres-DBT-airflow-/.venv/lib/python3.11/site-packages/airflow/example_dags/example_params_ui_tutorial.py
[2025-05-31T21:08:31.046-0300] {processor.py:840} INFO - DAG(s) 'example_params_ui_tutorial' retrieved from /home/walterg/Documentos/Data_projects/Data-Warehouse-postgres-DBT-airflow-/.venv/lib/python3.11/site-packages/airflow/example_dags/example_params_ui_tutorial.py
[2025-05-31T21:08:31.072-0300] {logging_mixin.py:188} INFO - [2025-05-31T21:08:31.072-0300] {dag.py:3036} INFO - Sync 1 DAGs
[2025-05-31T21:08:31.080-0300] {logging_mixin.py:188} INFO - [2025-05-31T21:08:31.080-0300] {dag.py:3823} INFO - Setting next_dagrun for example_params_ui_tutorial to None, run_after=None
[2025-05-31T21:08:31.096-0300] {processor.py:183} INFO - Processing /home/walterg/Documentos/Data_projects/Data-Warehouse-postgres-DBT-airflow-/.venv/lib/python3.11/site-packages/airflow/example_dags/example_params_ui_tutorial.py took 0.067 seconds
[2025-05-31T21:09:26.773-0300] {processor.py:161} INFO - Started process (PID=35433) to work on /home/walterg/Documentos/Data_projects/Data-Warehouse-postgres-DBT-airflow-/.venv/lib/python3.11/site-packages/airflow/example_dags/example_params_ui_tutorial.py
[2025-05-31T21:09:26.778-0300] {processor.py:830} INFO - Processing file /home/walterg/Documentos/Data_projects/Data-Warehouse-postgres-DBT-airflow-/.venv/lib/python3.11/site-packages/airflow/example_dags/example_params_ui_tutorial.py for tasks to queue
[2025-05-31T21:09:26.779-0300] {logging_mixin.py:188} INFO - [2025-05-31T21:09:26.778-0300] {dagbag.py:538} INFO - Filling up the DagBag from /home/walterg/Documentos/Data_projects/Data-Warehouse-postgres-DBT-airflow-/.venv/lib/python3.11/site-packages/airflow/example_dags/example_params_ui_tutorial.py
[2025-05-31T21:09:26.788-0300] {processor.py:840} INFO - DAG(s) 'example_params_ui_tutorial' retrieved from /home/walterg/Documentos/Data_projects/Data-Warehouse-postgres-DBT-airflow-/.venv/lib/python3.11/site-packages/airflow/example_dags/example_params_ui_tutorial.py
[2025-05-31T21:09:26.816-0300] {logging_mixin.py:188} INFO - [2025-05-31T21:09:26.816-0300] {dag.py:3036} INFO - Sync 1 DAGs
[2025-05-31T21:09:26.825-0300] {logging_mixin.py:188} INFO - [2025-05-31T21:09:26.824-0300] {dag.py:3823} INFO - Setting next_dagrun for example_params_ui_tutorial to None, run_after=None
[2025-05-31T21:09:26.843-0300] {processor.py:183} INFO - Processing /home/walterg/Documentos/Data_projects/Data-Warehouse-postgres-DBT-airflow-/.venv/lib/python3.11/site-packages/airflow/example_dags/example_params_ui_tutorial.py took 0.072 seconds
[2025-05-31T21:10:17.867-0300] {processor.py:161} INFO - Started process (PID=35729) to work on /home/walterg/Documentos/Data_projects/Data-Warehouse-postgres-DBT-airflow-/.venv/lib/python3.11/site-packages/airflow/example_dags/example_params_ui_tutorial.py
[2025-05-31T21:10:17.873-0300] {processor.py:830} INFO - Processing file /home/walterg/Documentos/Data_projects/Data-Warehouse-postgres-DBT-airflow-/.venv/lib/python3.11/site-packages/airflow/example_dags/example_params_ui_tutorial.py for tasks to queue
[2025-05-31T21:10:17.874-0300] {logging_mixin.py:188} INFO - [2025-05-31T21:10:17.873-0300] {dagbag.py:538} INFO - Filling up the DagBag from /home/walterg/Documentos/Data_projects/Data-Warehouse-postgres-DBT-airflow-/.venv/lib/python3.11/site-packages/airflow/example_dags/example_params_ui_tutorial.py
[2025-05-31T21:10:17.883-0300] {processor.py:840} INFO - DAG(s) 'example_params_ui_tutorial' retrieved from /home/walterg/Documentos/Data_projects/Data-Warehouse-postgres-DBT-airflow-/.venv/lib/python3.11/site-packages/airflow/example_dags/example_params_ui_tutorial.py
[2025-05-31T21:10:17.910-0300] {logging_mixin.py:188} INFO - [2025-05-31T21:10:17.909-0300] {dag.py:3036} INFO - Sync 1 DAGs
[2025-05-31T21:10:17.917-0300] {logging_mixin.py:188} INFO - [2025-05-31T21:10:17.917-0300] {dag.py:3823} INFO - Setting next_dagrun for example_params_ui_tutorial to None, run_after=None
[2025-05-31T21:10:17.933-0300] {processor.py:183} INFO - Processing /home/walterg/Documentos/Data_projects/Data-Warehouse-postgres-DBT-airflow-/.venv/lib/python3.11/site-packages/airflow/example_dags/example_params_ui_tutorial.py took 0.068 seconds
[2025-05-31T21:11:19.435-0300] {processor.py:161} INFO - Started process (PID=36055) to work on /home/walterg/Documentos/Data_projects/Data-Warehouse-postgres-DBT-airflow-/.venv/lib/python3.11/site-packages/airflow/example_dags/example_params_ui_tutorial.py
[2025-05-31T21:11:19.440-0300] {processor.py:830} INFO - Processing file /home/walterg/Documentos/Data_projects/Data-Warehouse-postgres-DBT-airflow-/.venv/lib/python3.11/site-packages/airflow/example_dags/example_params_ui_tutorial.py for tasks to queue
[2025-05-31T21:11:19.441-0300] {logging_mixin.py:188} INFO - [2025-05-31T21:11:19.441-0300] {dagbag.py:538} INFO - Filling up the DagBag from /home/walterg/Documentos/Data_projects/Data-Warehouse-postgres-DBT-airflow-/.venv/lib/python3.11/site-packages/airflow/example_dags/example_params_ui_tutorial.py
[2025-05-31T21:11:19.450-0300] {processor.py:840} INFO - DAG(s) 'example_params_ui_tutorial' retrieved from /home/walterg/Documentos/Data_projects/Data-Warehouse-postgres-DBT-airflow-/.venv/lib/python3.11/site-packages/airflow/example_dags/example_params_ui_tutorial.py
[2025-05-31T21:11:19.479-0300] {logging_mixin.py:188} INFO - [2025-05-31T21:11:19.479-0300] {dag.py:3036} INFO - Sync 1 DAGs
[2025-05-31T21:11:19.488-0300] {logging_mixin.py:188} INFO - [2025-05-31T21:11:19.488-0300] {dag.py:3823} INFO - Setting next_dagrun for example_params_ui_tutorial to None, run_after=None
[2025-05-31T21:11:19.506-0300] {processor.py:183} INFO - Processing /home/walterg/Documentos/Data_projects/Data-Warehouse-postgres-DBT-airflow-/.venv/lib/python3.11/site-packages/airflow/example_dags/example_params_ui_tutorial.py took 0.074 seconds
[2025-05-31T21:12:06.193-0300] {processor.py:161} INFO - Started process (PID=36204) to work on /home/walterg/Documentos/Data_projects/Data-Warehouse-postgres-DBT-airflow-/.venv/lib/python3.11/site-packages/airflow/example_dags/example_params_ui_tutorial.py
[2025-05-31T21:12:06.194-0300] {processor.py:830} INFO - Processing file /home/walterg/Documentos/Data_projects/Data-Warehouse-postgres-DBT-airflow-/.venv/lib/python3.11/site-packages/airflow/example_dags/example_params_ui_tutorial.py for tasks to queue
[2025-05-31T21:12:06.195-0300] {logging_mixin.py:188} INFO - [2025-05-31T21:12:06.194-0300] {dagbag.py:538} INFO - Filling up the DagBag from /home/walterg/Documentos/Data_projects/Data-Warehouse-postgres-DBT-airflow-/.venv/lib/python3.11/site-packages/airflow/example_dags/example_params_ui_tutorial.py
[2025-05-31T21:12:06.208-0300] {processor.py:840} INFO - DAG(s) 'example_params_ui_tutorial' retrieved from /home/walterg/Documentos/Data_projects/Data-Warehouse-postgres-DBT-airflow-/.venv/lib/python3.11/site-packages/airflow/example_dags/example_params_ui_tutorial.py
[2025-05-31T21:12:06.238-0300] {logging_mixin.py:188} INFO - [2025-05-31T21:12:06.238-0300] {dag.py:3036} INFO - Sync 1 DAGs
[2025-05-31T21:12:06.248-0300] {logging_mixin.py:188} INFO - [2025-05-31T21:12:06.247-0300] {dag.py:3823} INFO - Setting next_dagrun for example_params_ui_tutorial to None, run_after=None
[2025-05-31T21:12:06.266-0300] {processor.py:183} INFO - Processing /home/walterg/Documentos/Data_projects/Data-Warehouse-postgres-DBT-airflow-/.venv/lib/python3.11/site-packages/airflow/example_dags/example_params_ui_tutorial.py took 0.076 seconds
[2025-05-31T21:13:08.085-0300] {processor.py:161} INFO - Started process (PID=36485) to work on /home/walterg/Documentos/Data_projects/Data-Warehouse-postgres-DBT-airflow-/.venv/lib/python3.11/site-packages/airflow/example_dags/example_params_ui_tutorial.py
[2025-05-31T21:13:08.090-0300] {processor.py:830} INFO - Processing file /home/walterg/Documentos/Data_projects/Data-Warehouse-postgres-DBT-airflow-/.venv/lib/python3.11/site-packages/airflow/example_dags/example_params_ui_tutorial.py for tasks to queue
[2025-05-31T21:13:08.091-0300] {logging_mixin.py:188} INFO - [2025-05-31T21:13:08.090-0300] {dagbag.py:538} INFO - Filling up the DagBag from /home/walterg/Documentos/Data_projects/Data-Warehouse-postgres-DBT-airflow-/.venv/lib/python3.11/site-packages/airflow/example_dags/example_params_ui_tutorial.py
[2025-05-31T21:13:08.100-0300] {processor.py:840} INFO - DAG(s) 'example_params_ui_tutorial' retrieved from /home/walterg/Documentos/Data_projects/Data-Warehouse-postgres-DBT-airflow-/.venv/lib/python3.11/site-packages/airflow/example_dags/example_params_ui_tutorial.py
[2025-05-31T21:13:08.133-0300] {logging_mixin.py:188} INFO - [2025-05-31T21:13:08.133-0300] {dag.py:3036} INFO - Sync 1 DAGs
[2025-05-31T21:13:08.141-0300] {logging_mixin.py:188} INFO - [2025-05-31T21:13:08.140-0300] {dag.py:3823} INFO - Setting next_dagrun for example_params_ui_tutorial to None, run_after=None
[2025-05-31T21:13:08.157-0300] {processor.py:183} INFO - Processing /home/walterg/Documentos/Data_projects/Data-Warehouse-postgres-DBT-airflow-/.venv/lib/python3.11/site-packages/airflow/example_dags/example_params_ui_tutorial.py took 0.075 seconds
[2025-05-31T21:14:14.798-0300] {processor.py:161} INFO - Started process (PID=36830) to work on /home/walterg/Documentos/Data_projects/Data-Warehouse-postgres-DBT-airflow-/.venv/lib/python3.11/site-packages/airflow/example_dags/example_params_ui_tutorial.py
[2025-05-31T21:14:14.803-0300] {processor.py:830} INFO - Processing file /home/walterg/Documentos/Data_projects/Data-Warehouse-postgres-DBT-airflow-/.venv/lib/python3.11/site-packages/airflow/example_dags/example_params_ui_tutorial.py for tasks to queue
[2025-05-31T21:14:14.804-0300] {logging_mixin.py:188} INFO - [2025-05-31T21:14:14.804-0300] {dagbag.py:538} INFO - Filling up the DagBag from /home/walterg/Documentos/Data_projects/Data-Warehouse-postgres-DBT-airflow-/.venv/lib/python3.11/site-packages/airflow/example_dags/example_params_ui_tutorial.py
[2025-05-31T21:14:14.813-0300] {processor.py:840} INFO - DAG(s) 'example_params_ui_tutorial' retrieved from /home/walterg/Documentos/Data_projects/Data-Warehouse-postgres-DBT-airflow-/.venv/lib/python3.11/site-packages/airflow/example_dags/example_params_ui_tutorial.py
[2025-05-31T21:14:14.841-0300] {logging_mixin.py:188} INFO - [2025-05-31T21:14:14.841-0300] {dag.py:3036} INFO - Sync 1 DAGs
[2025-05-31T21:14:14.849-0300] {logging_mixin.py:188} INFO - [2025-05-31T21:14:14.848-0300] {dag.py:3823} INFO - Setting next_dagrun for example_params_ui_tutorial to None, run_after=None
[2025-05-31T21:14:14.865-0300] {processor.py:183} INFO - Processing /home/walterg/Documentos/Data_projects/Data-Warehouse-postgres-DBT-airflow-/.venv/lib/python3.11/site-packages/airflow/example_dags/example_params_ui_tutorial.py took 0.069 seconds
[2025-05-31T21:15:14.182-0300] {processor.py:161} INFO - Started process (PID=37194) to work on /home/walterg/Documentos/Data_projects/Data-Warehouse-postgres-DBT-airflow-/.venv/lib/python3.11/site-packages/airflow/example_dags/example_params_ui_tutorial.py
[2025-05-31T21:15:14.183-0300] {processor.py:830} INFO - Processing file /home/walterg/Documentos/Data_projects/Data-Warehouse-postgres-DBT-airflow-/.venv/lib/python3.11/site-packages/airflow/example_dags/example_params_ui_tutorial.py for tasks to queue
[2025-05-31T21:15:14.184-0300] {logging_mixin.py:188} INFO - [2025-05-31T21:15:14.184-0300] {dagbag.py:538} INFO - Filling up the DagBag from /home/walterg/Documentos/Data_projects/Data-Warehouse-postgres-DBT-airflow-/.venv/lib/python3.11/site-packages/airflow/example_dags/example_params_ui_tutorial.py
[2025-05-31T21:15:14.193-0300] {processor.py:840} INFO - DAG(s) 'example_params_ui_tutorial' retrieved from /home/walterg/Documentos/Data_projects/Data-Warehouse-postgres-DBT-airflow-/.venv/lib/python3.11/site-packages/airflow/example_dags/example_params_ui_tutorial.py
[2025-05-31T21:15:14.220-0300] {logging_mixin.py:188} INFO - [2025-05-31T21:15:14.220-0300] {dag.py:3036} INFO - Sync 1 DAGs
[2025-05-31T21:15:14.227-0300] {logging_mixin.py:188} INFO - [2025-05-31T21:15:14.227-0300] {dag.py:3823} INFO - Setting next_dagrun for example_params_ui_tutorial to None, run_after=None
[2025-05-31T21:15:14.244-0300] {processor.py:183} INFO - Processing /home/walterg/Documentos/Data_projects/Data-Warehouse-postgres-DBT-airflow-/.venv/lib/python3.11/site-packages/airflow/example_dags/example_params_ui_tutorial.py took 0.064 seconds
[2025-05-31T21:16:12.936-0300] {processor.py:161} INFO - Started process (PID=37500) to work on /home/walterg/Documentos/Data_projects/Data-Warehouse-postgres-DBT-airflow-/.venv/lib/python3.11/site-packages/airflow/example_dags/example_params_ui_tutorial.py
[2025-05-31T21:16:12.941-0300] {processor.py:830} INFO - Processing file /home/walterg/Documentos/Data_projects/Data-Warehouse-postgres-DBT-airflow-/.venv/lib/python3.11/site-packages/airflow/example_dags/example_params_ui_tutorial.py for tasks to queue
[2025-05-31T21:16:12.943-0300] {logging_mixin.py:188} INFO - [2025-05-31T21:16:12.942-0300] {dagbag.py:538} INFO - Filling up the DagBag from /home/walterg/Documentos/Data_projects/Data-Warehouse-postgres-DBT-airflow-/.venv/lib/python3.11/site-packages/airflow/example_dags/example_params_ui_tutorial.py
[2025-05-31T21:16:12.952-0300] {processor.py:840} INFO - DAG(s) 'example_params_ui_tutorial' retrieved from /home/walterg/Documentos/Data_projects/Data-Warehouse-postgres-DBT-airflow-/.venv/lib/python3.11/site-packages/airflow/example_dags/example_params_ui_tutorial.py
[2025-05-31T21:16:12.978-0300] {logging_mixin.py:188} INFO - [2025-05-31T21:16:12.978-0300] {dag.py:3036} INFO - Sync 1 DAGs
[2025-05-31T21:16:12.986-0300] {logging_mixin.py:188} INFO - [2025-05-31T21:16:12.985-0300] {dag.py:3823} INFO - Setting next_dagrun for example_params_ui_tutorial to None, run_after=None
[2025-05-31T21:16:13.002-0300] {processor.py:183} INFO - Processing /home/walterg/Documentos/Data_projects/Data-Warehouse-postgres-DBT-airflow-/.venv/lib/python3.11/site-packages/airflow/example_dags/example_params_ui_tutorial.py took 0.068 seconds
[2025-05-31T21:17:19.915-0300] {processor.py:161} INFO - Started process (PID=37865) to work on /home/walterg/Documentos/Data_projects/Data-Warehouse-postgres-DBT-airflow-/.venv/lib/python3.11/site-packages/airflow/example_dags/example_params_ui_tutorial.py
[2025-05-31T21:17:19.921-0300] {processor.py:830} INFO - Processing file /home/walterg/Documentos/Data_projects/Data-Warehouse-postgres-DBT-airflow-/.venv/lib/python3.11/site-packages/airflow/example_dags/example_params_ui_tutorial.py for tasks to queue
[2025-05-31T21:17:19.923-0300] {logging_mixin.py:188} INFO - [2025-05-31T21:17:19.922-0300] {dagbag.py:538} INFO - Filling up the DagBag from /home/walterg/Documentos/Data_projects/Data-Warehouse-postgres-DBT-airflow-/.venv/lib/python3.11/site-packages/airflow/example_dags/example_params_ui_tutorial.py
[2025-05-31T21:17:19.932-0300] {processor.py:840} INFO - DAG(s) 'example_params_ui_tutorial' retrieved from /home/walterg/Documentos/Data_projects/Data-Warehouse-postgres-DBT-airflow-/.venv/lib/python3.11/site-packages/airflow/example_dags/example_params_ui_tutorial.py
[2025-05-31T21:17:19.960-0300] {logging_mixin.py:188} INFO - [2025-05-31T21:17:19.960-0300] {dag.py:3036} INFO - Sync 1 DAGs
[2025-05-31T21:17:19.967-0300] {logging_mixin.py:188} INFO - [2025-05-31T21:17:19.967-0300] {dag.py:3823} INFO - Setting next_dagrun for example_params_ui_tutorial to None, run_after=None
[2025-05-31T21:17:19.984-0300] {processor.py:183} INFO - Processing /home/walterg/Documentos/Data_projects/Data-Warehouse-postgres-DBT-airflow-/.venv/lib/python3.11/site-packages/airflow/example_dags/example_params_ui_tutorial.py took 0.072 seconds
[2025-05-31T21:18:06.408-0300] {processor.py:161} INFO - Started process (PID=38003) to work on /home/walterg/Documentos/Data_projects/Data-Warehouse-postgres-DBT-airflow-/.venv/lib/python3.11/site-packages/airflow/example_dags/example_params_ui_tutorial.py
[2025-05-31T21:18:06.413-0300] {processor.py:830} INFO - Processing file /home/walterg/Documentos/Data_projects/Data-Warehouse-postgres-DBT-airflow-/.venv/lib/python3.11/site-packages/airflow/example_dags/example_params_ui_tutorial.py for tasks to queue
[2025-05-31T21:18:06.415-0300] {logging_mixin.py:188} INFO - [2025-05-31T21:18:06.414-0300] {dagbag.py:538} INFO - Filling up the DagBag from /home/walterg/Documentos/Data_projects/Data-Warehouse-postgres-DBT-airflow-/.venv/lib/python3.11/site-packages/airflow/example_dags/example_params_ui_tutorial.py
[2025-05-31T21:18:06.425-0300] {processor.py:840} INFO - DAG(s) 'example_params_ui_tutorial' retrieved from /home/walterg/Documentos/Data_projects/Data-Warehouse-postgres-DBT-airflow-/.venv/lib/python3.11/site-packages/airflow/example_dags/example_params_ui_tutorial.py
[2025-05-31T21:18:06.451-0300] {logging_mixin.py:188} INFO - [2025-05-31T21:18:06.451-0300] {dag.py:3036} INFO - Sync 1 DAGs
[2025-05-31T21:18:06.458-0300] {logging_mixin.py:188} INFO - [2025-05-31T21:18:06.458-0300] {dag.py:3823} INFO - Setting next_dagrun for example_params_ui_tutorial to None, run_after=None
[2025-05-31T21:18:06.475-0300] {processor.py:183} INFO - Processing /home/walterg/Documentos/Data_projects/Data-Warehouse-postgres-DBT-airflow-/.venv/lib/python3.11/site-packages/airflow/example_dags/example_params_ui_tutorial.py took 0.069 seconds
[2025-05-31T21:19:11.571-0300] {processor.py:161} INFO - Started process (PID=38322) to work on /home/walterg/Documentos/Data_projects/Data-Warehouse-postgres-DBT-airflow-/.venv/lib/python3.11/site-packages/airflow/example_dags/example_params_ui_tutorial.py
[2025-05-31T21:19:11.576-0300] {processor.py:830} INFO - Processing file /home/walterg/Documentos/Data_projects/Data-Warehouse-postgres-DBT-airflow-/.venv/lib/python3.11/site-packages/airflow/example_dags/example_params_ui_tutorial.py for tasks to queue
[2025-05-31T21:19:11.578-0300] {logging_mixin.py:188} INFO - [2025-05-31T21:19:11.577-0300] {dagbag.py:538} INFO - Filling up the DagBag from /home/walterg/Documentos/Data_projects/Data-Warehouse-postgres-DBT-airflow-/.venv/lib/python3.11/site-packages/airflow/example_dags/example_params_ui_tutorial.py
[2025-05-31T21:19:11.587-0300] {processor.py:840} INFO - DAG(s) 'example_params_ui_tutorial' retrieved from /home/walterg/Documentos/Data_projects/Data-Warehouse-postgres-DBT-airflow-/.venv/lib/python3.11/site-packages/airflow/example_dags/example_params_ui_tutorial.py
[2025-05-31T21:19:11.615-0300] {logging_mixin.py:188} INFO - [2025-05-31T21:19:11.615-0300] {dag.py:3036} INFO - Sync 1 DAGs
[2025-05-31T21:19:11.623-0300] {logging_mixin.py:188} INFO - [2025-05-31T21:19:11.623-0300] {dag.py:3823} INFO - Setting next_dagrun for example_params_ui_tutorial to None, run_after=None
[2025-05-31T21:19:11.648-0300] {processor.py:183} INFO - Processing /home/walterg/Documentos/Data_projects/Data-Warehouse-postgres-DBT-airflow-/.venv/lib/python3.11/site-packages/airflow/example_dags/example_params_ui_tutorial.py took 0.080 seconds
[2025-05-31T21:20:15.491-0300] {processor.py:161} INFO - Started process (PID=38583) to work on /home/walterg/Documentos/Data_projects/Data-Warehouse-postgres-DBT-airflow-/.venv/lib/python3.11/site-packages/airflow/example_dags/example_params_ui_tutorial.py
[2025-05-31T21:20:15.495-0300] {processor.py:830} INFO - Processing file /home/walterg/Documentos/Data_projects/Data-Warehouse-postgres-DBT-airflow-/.venv/lib/python3.11/site-packages/airflow/example_dags/example_params_ui_tutorial.py for tasks to queue
[2025-05-31T21:20:15.496-0300] {logging_mixin.py:188} INFO - [2025-05-31T21:20:15.496-0300] {dagbag.py:538} INFO - Filling up the DagBag from /home/walterg/Documentos/Data_projects/Data-Warehouse-postgres-DBT-airflow-/.venv/lib/python3.11/site-packages/airflow/example_dags/example_params_ui_tutorial.py
[2025-05-31T21:20:15.505-0300] {processor.py:840} INFO - DAG(s) 'example_params_ui_tutorial' retrieved from /home/walterg/Documentos/Data_projects/Data-Warehouse-postgres-DBT-airflow-/.venv/lib/python3.11/site-packages/airflow/example_dags/example_params_ui_tutorial.py
[2025-05-31T21:20:15.532-0300] {logging_mixin.py:188} INFO - [2025-05-31T21:20:15.532-0300] {dag.py:3036} INFO - Sync 1 DAGs
[2025-05-31T21:20:15.540-0300] {logging_mixin.py:188} INFO - [2025-05-31T21:20:15.539-0300] {dag.py:3823} INFO - Setting next_dagrun for example_params_ui_tutorial to None, run_after=None
[2025-05-31T21:20:15.555-0300] {processor.py:183} INFO - Processing /home/walterg/Documentos/Data_projects/Data-Warehouse-postgres-DBT-airflow-/.venv/lib/python3.11/site-packages/airflow/example_dags/example_params_ui_tutorial.py took 0.067 seconds
[2025-05-31T21:21:13.725-0300] {processor.py:161} INFO - Started process (PID=38821) to work on /home/walterg/Documentos/Data_projects/Data-Warehouse-postgres-DBT-airflow-/.venv/lib/python3.11/site-packages/airflow/example_dags/example_params_ui_tutorial.py
[2025-05-31T21:21:13.730-0300] {processor.py:830} INFO - Processing file /home/walterg/Documentos/Data_projects/Data-Warehouse-postgres-DBT-airflow-/.venv/lib/python3.11/site-packages/airflow/example_dags/example_params_ui_tutorial.py for tasks to queue
[2025-05-31T21:21:13.730-0300] {logging_mixin.py:188} INFO - [2025-05-31T21:21:13.730-0300] {dagbag.py:538} INFO - Filling up the DagBag from /home/walterg/Documentos/Data_projects/Data-Warehouse-postgres-DBT-airflow-/.venv/lib/python3.11/site-packages/airflow/example_dags/example_params_ui_tutorial.py
[2025-05-31T21:21:13.739-0300] {processor.py:840} INFO - DAG(s) 'example_params_ui_tutorial' retrieved from /home/walterg/Documentos/Data_projects/Data-Warehouse-postgres-DBT-airflow-/.venv/lib/python3.11/site-packages/airflow/example_dags/example_params_ui_tutorial.py
[2025-05-31T21:21:13.767-0300] {logging_mixin.py:188} INFO - [2025-05-31T21:21:13.767-0300] {dag.py:3036} INFO - Sync 1 DAGs
[2025-05-31T21:21:13.878-0300] {logging_mixin.py:188} INFO - [2025-05-31T21:21:13.878-0300] {dag.py:3823} INFO - Setting next_dagrun for example_params_ui_tutorial to None, run_after=None
[2025-05-31T21:21:13.899-0300] {processor.py:183} INFO - Processing /home/walterg/Documentos/Data_projects/Data-Warehouse-postgres-DBT-airflow-/.venv/lib/python3.11/site-packages/airflow/example_dags/example_params_ui_tutorial.py took 0.177 seconds
[2025-05-31T21:22:16.779-0300] {processor.py:161} INFO - Started process (PID=39237) to work on /home/walterg/Documentos/Data_projects/Data-Warehouse-postgres-DBT-airflow-/.venv/lib/python3.11/site-packages/airflow/example_dags/example_params_ui_tutorial.py
[2025-05-31T21:22:16.784-0300] {processor.py:830} INFO - Processing file /home/walterg/Documentos/Data_projects/Data-Warehouse-postgres-DBT-airflow-/.venv/lib/python3.11/site-packages/airflow/example_dags/example_params_ui_tutorial.py for tasks to queue
[2025-05-31T21:22:16.785-0300] {logging_mixin.py:188} INFO - [2025-05-31T21:22:16.785-0300] {dagbag.py:538} INFO - Filling up the DagBag from /home/walterg/Documentos/Data_projects/Data-Warehouse-postgres-DBT-airflow-/.venv/lib/python3.11/site-packages/airflow/example_dags/example_params_ui_tutorial.py
[2025-05-31T21:22:16.794-0300] {processor.py:840} INFO - DAG(s) 'example_params_ui_tutorial' retrieved from /home/walterg/Documentos/Data_projects/Data-Warehouse-postgres-DBT-airflow-/.venv/lib/python3.11/site-packages/airflow/example_dags/example_params_ui_tutorial.py
[2025-05-31T21:22:16.821-0300] {logging_mixin.py:188} INFO - [2025-05-31T21:22:16.821-0300] {dag.py:3036} INFO - Sync 1 DAGs
[2025-05-31T21:22:16.831-0300] {logging_mixin.py:188} INFO - [2025-05-31T21:22:16.831-0300] {dag.py:3823} INFO - Setting next_dagrun for example_params_ui_tutorial to None, run_after=None
[2025-05-31T21:22:16.855-0300] {processor.py:183} INFO - Processing /home/walterg/Documentos/Data_projects/Data-Warehouse-postgres-DBT-airflow-/.venv/lib/python3.11/site-packages/airflow/example_dags/example_params_ui_tutorial.py took 0.079 seconds
[2025-05-31T21:23:23.107-0300] {processor.py:161} INFO - Started process (PID=39532) to work on /home/walterg/Documentos/Data_projects/Data-Warehouse-postgres-DBT-airflow-/.venv/lib/python3.11/site-packages/airflow/example_dags/example_params_ui_tutorial.py
[2025-05-31T21:23:23.109-0300] {processor.py:830} INFO - Processing file /home/walterg/Documentos/Data_projects/Data-Warehouse-postgres-DBT-airflow-/.venv/lib/python3.11/site-packages/airflow/example_dags/example_params_ui_tutorial.py for tasks to queue
[2025-05-31T21:23:23.110-0300] {logging_mixin.py:188} INFO - [2025-05-31T21:23:23.110-0300] {dagbag.py:538} INFO - Filling up the DagBag from /home/walterg/Documentos/Data_projects/Data-Warehouse-postgres-DBT-airflow-/.venv/lib/python3.11/site-packages/airflow/example_dags/example_params_ui_tutorial.py
[2025-05-31T21:23:23.124-0300] {processor.py:840} INFO - DAG(s) 'example_params_ui_tutorial' retrieved from /home/walterg/Documentos/Data_projects/Data-Warehouse-postgres-DBT-airflow-/.venv/lib/python3.11/site-packages/airflow/example_dags/example_params_ui_tutorial.py
[2025-05-31T21:23:23.152-0300] {logging_mixin.py:188} INFO - [2025-05-31T21:23:23.151-0300] {dag.py:3036} INFO - Sync 1 DAGs
[2025-05-31T21:23:23.160-0300] {logging_mixin.py:188} INFO - [2025-05-31T21:23:23.159-0300] {dag.py:3823} INFO - Setting next_dagrun for example_params_ui_tutorial to None, run_after=None
[2025-05-31T21:23:23.180-0300] {processor.py:183} INFO - Processing /home/walterg/Documentos/Data_projects/Data-Warehouse-postgres-DBT-airflow-/.venv/lib/python3.11/site-packages/airflow/example_dags/example_params_ui_tutorial.py took 0.075 seconds
[2025-05-31T21:24:33.085-0300] {processor.py:161} INFO - Started process (PID=39775) to work on /home/walterg/Documentos/Data_projects/Data-Warehouse-postgres-DBT-airflow-/.venv/lib/python3.11/site-packages/airflow/example_dags/example_params_ui_tutorial.py
[2025-05-31T21:24:33.090-0300] {processor.py:830} INFO - Processing file /home/walterg/Documentos/Data_projects/Data-Warehouse-postgres-DBT-airflow-/.venv/lib/python3.11/site-packages/airflow/example_dags/example_params_ui_tutorial.py for tasks to queue
[2025-05-31T21:24:33.091-0300] {logging_mixin.py:188} INFO - [2025-05-31T21:24:33.090-0300] {dagbag.py:538} INFO - Filling up the DagBag from /home/walterg/Documentos/Data_projects/Data-Warehouse-postgres-DBT-airflow-/.venv/lib/python3.11/site-packages/airflow/example_dags/example_params_ui_tutorial.py
[2025-05-31T21:24:33.206-0300] {processor.py:840} INFO - DAG(s) 'example_params_ui_tutorial' retrieved from /home/walterg/Documentos/Data_projects/Data-Warehouse-postgres-DBT-airflow-/.venv/lib/python3.11/site-packages/airflow/example_dags/example_params_ui_tutorial.py
[2025-05-31T21:24:33.228-0300] {logging_mixin.py:188} INFO - [2025-05-31T21:24:33.228-0300] {dag.py:3036} INFO - Sync 1 DAGs
[2025-05-31T21:24:33.234-0300] {logging_mixin.py:188} INFO - [2025-05-31T21:24:33.233-0300] {dag.py:3823} INFO - Setting next_dagrun for example_params_ui_tutorial to None, run_after=None
[2025-05-31T21:24:33.254-0300] {processor.py:183} INFO - Processing /home/walterg/Documentos/Data_projects/Data-Warehouse-postgres-DBT-airflow-/.venv/lib/python3.11/site-packages/airflow/example_dags/example_params_ui_tutorial.py took 0.172 seconds
[2025-05-31T21:25:22.426-0300] {processor.py:161} INFO - Started process (PID=40080) to work on /home/walterg/Documentos/Data_projects/Data-Warehouse-postgres-DBT-airflow-/.venv/lib/python3.11/site-packages/airflow/example_dags/example_params_ui_tutorial.py
[2025-05-31T21:25:22.431-0300] {processor.py:830} INFO - Processing file /home/walterg/Documentos/Data_projects/Data-Warehouse-postgres-DBT-airflow-/.venv/lib/python3.11/site-packages/airflow/example_dags/example_params_ui_tutorial.py for tasks to queue
[2025-05-31T21:25:22.433-0300] {logging_mixin.py:188} INFO - [2025-05-31T21:25:22.432-0300] {dagbag.py:538} INFO - Filling up the DagBag from /home/walterg/Documentos/Data_projects/Data-Warehouse-postgres-DBT-airflow-/.venv/lib/python3.11/site-packages/airflow/example_dags/example_params_ui_tutorial.py
[2025-05-31T21:25:22.444-0300] {processor.py:840} INFO - DAG(s) 'example_params_ui_tutorial' retrieved from /home/walterg/Documentos/Data_projects/Data-Warehouse-postgres-DBT-airflow-/.venv/lib/python3.11/site-packages/airflow/example_dags/example_params_ui_tutorial.py
[2025-05-31T21:25:22.473-0300] {logging_mixin.py:188} INFO - [2025-05-31T21:25:22.472-0300] {dag.py:3036} INFO - Sync 1 DAGs
[2025-05-31T21:25:22.481-0300] {logging_mixin.py:188} INFO - [2025-05-31T21:25:22.480-0300] {dag.py:3823} INFO - Setting next_dagrun for example_params_ui_tutorial to None, run_after=None
[2025-05-31T21:25:22.497-0300] {processor.py:183} INFO - Processing /home/walterg/Documentos/Data_projects/Data-Warehouse-postgres-DBT-airflow-/.venv/lib/python3.11/site-packages/airflow/example_dags/example_params_ui_tutorial.py took 0.073 seconds
[2025-05-31T21:26:21.117-0300] {processor.py:161} INFO - Started process (PID=40544) to work on /home/walterg/Documentos/Data_projects/Data-Warehouse-postgres-DBT-airflow-/.venv/lib/python3.11/site-packages/airflow/example_dags/example_params_ui_tutorial.py
[2025-05-31T21:26:21.122-0300] {processor.py:830} INFO - Processing file /home/walterg/Documentos/Data_projects/Data-Warehouse-postgres-DBT-airflow-/.venv/lib/python3.11/site-packages/airflow/example_dags/example_params_ui_tutorial.py for tasks to queue
[2025-05-31T21:26:21.123-0300] {logging_mixin.py:188} INFO - [2025-05-31T21:26:21.123-0300] {dagbag.py:538} INFO - Filling up the DagBag from /home/walterg/Documentos/Data_projects/Data-Warehouse-postgres-DBT-airflow-/.venv/lib/python3.11/site-packages/airflow/example_dags/example_params_ui_tutorial.py
[2025-05-31T21:26:21.132-0300] {processor.py:840} INFO - DAG(s) 'example_params_ui_tutorial' retrieved from /home/walterg/Documentos/Data_projects/Data-Warehouse-postgres-DBT-airflow-/.venv/lib/python3.11/site-packages/airflow/example_dags/example_params_ui_tutorial.py
[2025-05-31T21:26:21.160-0300] {logging_mixin.py:188} INFO - [2025-05-31T21:26:21.160-0300] {dag.py:3036} INFO - Sync 1 DAGs
[2025-05-31T21:26:21.168-0300] {logging_mixin.py:188} INFO - [2025-05-31T21:26:21.168-0300] {dag.py:3823} INFO - Setting next_dagrun for example_params_ui_tutorial to None, run_after=None
[2025-05-31T21:26:21.186-0300] {processor.py:183} INFO - Processing /home/walterg/Documentos/Data_projects/Data-Warehouse-postgres-DBT-airflow-/.venv/lib/python3.11/site-packages/airflow/example_dags/example_params_ui_tutorial.py took 0.071 seconds
[2025-05-31T21:27:07.660-0300] {processor.py:161} INFO - Started process (PID=40789) to work on /home/walterg/Documentos/Data_projects/Data-Warehouse-postgres-DBT-airflow-/.venv/lib/python3.11/site-packages/airflow/example_dags/example_params_ui_tutorial.py
[2025-05-31T21:27:07.664-0300] {processor.py:830} INFO - Processing file /home/walterg/Documentos/Data_projects/Data-Warehouse-postgres-DBT-airflow-/.venv/lib/python3.11/site-packages/airflow/example_dags/example_params_ui_tutorial.py for tasks to queue
[2025-05-31T21:27:07.666-0300] {logging_mixin.py:188} INFO - [2025-05-31T21:27:07.665-0300] {dagbag.py:538} INFO - Filling up the DagBag from /home/walterg/Documentos/Data_projects/Data-Warehouse-postgres-DBT-airflow-/.venv/lib/python3.11/site-packages/airflow/example_dags/example_params_ui_tutorial.py
[2025-05-31T21:27:07.675-0300] {processor.py:840} INFO - DAG(s) 'example_params_ui_tutorial' retrieved from /home/walterg/Documentos/Data_projects/Data-Warehouse-postgres-DBT-airflow-/.venv/lib/python3.11/site-packages/airflow/example_dags/example_params_ui_tutorial.py
[2025-05-31T21:27:07.702-0300] {logging_mixin.py:188} INFO - [2025-05-31T21:27:07.702-0300] {dag.py:3036} INFO - Sync 1 DAGs
[2025-05-31T21:27:07.709-0300] {logging_mixin.py:188} INFO - [2025-05-31T21:27:07.709-0300] {dag.py:3823} INFO - Setting next_dagrun for example_params_ui_tutorial to None, run_after=None
[2025-05-31T21:27:07.727-0300] {processor.py:183} INFO - Processing /home/walterg/Documentos/Data_projects/Data-Warehouse-postgres-DBT-airflow-/.venv/lib/python3.11/site-packages/airflow/example_dags/example_params_ui_tutorial.py took 0.070 seconds
[2025-05-31T21:28:07.046-0300] {processor.py:161} INFO - Started process (PID=41319) to work on /home/walterg/Documentos/Data_projects/Data-Warehouse-postgres-DBT-airflow-/.venv/lib/python3.11/site-packages/airflow/example_dags/example_params_ui_tutorial.py
[2025-05-31T21:28:07.051-0300] {processor.py:830} INFO - Processing file /home/walterg/Documentos/Data_projects/Data-Warehouse-postgres-DBT-airflow-/.venv/lib/python3.11/site-packages/airflow/example_dags/example_params_ui_tutorial.py for tasks to queue
[2025-05-31T21:28:07.053-0300] {logging_mixin.py:188} INFO - [2025-05-31T21:28:07.052-0300] {dagbag.py:538} INFO - Filling up the DagBag from /home/walterg/Documentos/Data_projects/Data-Warehouse-postgres-DBT-airflow-/.venv/lib/python3.11/site-packages/airflow/example_dags/example_params_ui_tutorial.py
[2025-05-31T21:28:07.062-0300] {processor.py:840} INFO - DAG(s) 'example_params_ui_tutorial' retrieved from /home/walterg/Documentos/Data_projects/Data-Warehouse-postgres-DBT-airflow-/.venv/lib/python3.11/site-packages/airflow/example_dags/example_params_ui_tutorial.py
[2025-05-31T21:28:07.089-0300] {logging_mixin.py:188} INFO - [2025-05-31T21:28:07.089-0300] {dag.py:3036} INFO - Sync 1 DAGs
[2025-05-31T21:28:07.096-0300] {logging_mixin.py:188} INFO - [2025-05-31T21:28:07.096-0300] {dag.py:3823} INFO - Setting next_dagrun for example_params_ui_tutorial to None, run_after=None
[2025-05-31T21:28:07.112-0300] {processor.py:183} INFO - Processing /home/walterg/Documentos/Data_projects/Data-Warehouse-postgres-DBT-airflow-/.venv/lib/python3.11/site-packages/airflow/example_dags/example_params_ui_tutorial.py took 0.069 seconds
[2025-05-31T21:29:08.722-0300] {processor.py:161} INFO - Started process (PID=41582) to work on /home/walterg/Documentos/Data_projects/Data-Warehouse-postgres-DBT-airflow-/.venv/lib/python3.11/site-packages/airflow/example_dags/example_params_ui_tutorial.py
[2025-05-31T21:29:08.727-0300] {processor.py:830} INFO - Processing file /home/walterg/Documentos/Data_projects/Data-Warehouse-postgres-DBT-airflow-/.venv/lib/python3.11/site-packages/airflow/example_dags/example_params_ui_tutorial.py for tasks to queue
[2025-05-31T21:29:08.729-0300] {logging_mixin.py:188} INFO - [2025-05-31T21:29:08.728-0300] {dagbag.py:538} INFO - Filling up the DagBag from /home/walterg/Documentos/Data_projects/Data-Warehouse-postgres-DBT-airflow-/.venv/lib/python3.11/site-packages/airflow/example_dags/example_params_ui_tutorial.py
[2025-05-31T21:29:08.738-0300] {processor.py:840} INFO - DAG(s) 'example_params_ui_tutorial' retrieved from /home/walterg/Documentos/Data_projects/Data-Warehouse-postgres-DBT-airflow-/.venv/lib/python3.11/site-packages/airflow/example_dags/example_params_ui_tutorial.py
[2025-05-31T21:29:08.764-0300] {logging_mixin.py:188} INFO - [2025-05-31T21:29:08.764-0300] {dag.py:3036} INFO - Sync 1 DAGs
[2025-05-31T21:29:08.772-0300] {logging_mixin.py:188} INFO - [2025-05-31T21:29:08.772-0300] {dag.py:3823} INFO - Setting next_dagrun for example_params_ui_tutorial to None, run_after=None
[2025-05-31T21:29:08.789-0300] {processor.py:183} INFO - Processing /home/walterg/Documentos/Data_projects/Data-Warehouse-postgres-DBT-airflow-/.venv/lib/python3.11/site-packages/airflow/example_dags/example_params_ui_tutorial.py took 0.070 seconds
[2025-05-31T21:30:08.134-0300] {processor.py:161} INFO - Started process (PID=41819) to work on /home/walterg/Documentos/Data_projects/Data-Warehouse-postgres-DBT-airflow-/.venv/lib/python3.11/site-packages/airflow/example_dags/example_params_ui_tutorial.py
[2025-05-31T21:30:08.139-0300] {processor.py:830} INFO - Processing file /home/walterg/Documentos/Data_projects/Data-Warehouse-postgres-DBT-airflow-/.venv/lib/python3.11/site-packages/airflow/example_dags/example_params_ui_tutorial.py for tasks to queue
[2025-05-31T21:30:08.140-0300] {logging_mixin.py:188} INFO - [2025-05-31T21:30:08.140-0300] {dagbag.py:538} INFO - Filling up the DagBag from /home/walterg/Documentos/Data_projects/Data-Warehouse-postgres-DBT-airflow-/.venv/lib/python3.11/site-packages/airflow/example_dags/example_params_ui_tutorial.py
[2025-05-31T21:30:08.150-0300] {processor.py:840} INFO - DAG(s) 'example_params_ui_tutorial' retrieved from /home/walterg/Documentos/Data_projects/Data-Warehouse-postgres-DBT-airflow-/.venv/lib/python3.11/site-packages/airflow/example_dags/example_params_ui_tutorial.py
[2025-05-31T21:30:08.177-0300] {logging_mixin.py:188} INFO - [2025-05-31T21:30:08.176-0300] {dag.py:3036} INFO - Sync 1 DAGs
[2025-05-31T21:30:08.184-0300] {logging_mixin.py:188} INFO - [2025-05-31T21:30:08.184-0300] {dag.py:3823} INFO - Setting next_dagrun for example_params_ui_tutorial to None, run_after=None
[2025-05-31T21:30:08.200-0300] {processor.py:183} INFO - Processing /home/walterg/Documentos/Data_projects/Data-Warehouse-postgres-DBT-airflow-/.venv/lib/python3.11/site-packages/airflow/example_dags/example_params_ui_tutorial.py took 0.069 seconds
[2025-05-31T21:31:07.956-0300] {processor.py:161} INFO - Started process (PID=42071) to work on /home/walterg/Documentos/Data_projects/Data-Warehouse-postgres-DBT-airflow-/.venv/lib/python3.11/site-packages/airflow/example_dags/example_params_ui_tutorial.py
[2025-05-31T21:31:07.961-0300] {processor.py:830} INFO - Processing file /home/walterg/Documentos/Data_projects/Data-Warehouse-postgres-DBT-airflow-/.venv/lib/python3.11/site-packages/airflow/example_dags/example_params_ui_tutorial.py for tasks to queue
[2025-05-31T21:31:07.962-0300] {logging_mixin.py:188} INFO - [2025-05-31T21:31:07.961-0300] {dagbag.py:538} INFO - Filling up the DagBag from /home/walterg/Documentos/Data_projects/Data-Warehouse-postgres-DBT-airflow-/.venv/lib/python3.11/site-packages/airflow/example_dags/example_params_ui_tutorial.py
[2025-05-31T21:31:07.971-0300] {processor.py:840} INFO - DAG(s) 'example_params_ui_tutorial' retrieved from /home/walterg/Documentos/Data_projects/Data-Warehouse-postgres-DBT-airflow-/.venv/lib/python3.11/site-packages/airflow/example_dags/example_params_ui_tutorial.py
[2025-05-31T21:31:07.998-0300] {logging_mixin.py:188} INFO - [2025-05-31T21:31:07.997-0300] {dag.py:3036} INFO - Sync 1 DAGs
[2025-05-31T21:31:08.005-0300] {logging_mixin.py:188} INFO - [2025-05-31T21:31:08.005-0300] {dag.py:3823} INFO - Setting next_dagrun for example_params_ui_tutorial to None, run_after=None
[2025-05-31T21:31:08.022-0300] {processor.py:183} INFO - Processing /home/walterg/Documentos/Data_projects/Data-Warehouse-postgres-DBT-airflow-/.venv/lib/python3.11/site-packages/airflow/example_dags/example_params_ui_tutorial.py took 0.068 seconds
[2025-05-31T21:32:05.894-0300] {processor.py:161} INFO - Started process (PID=42269) to work on /home/walterg/Documentos/Data_projects/Data-Warehouse-postgres-DBT-airflow-/.venv/lib/python3.11/site-packages/airflow/example_dags/example_params_ui_tutorial.py
[2025-05-31T21:32:05.895-0300] {processor.py:830} INFO - Processing file /home/walterg/Documentos/Data_projects/Data-Warehouse-postgres-DBT-airflow-/.venv/lib/python3.11/site-packages/airflow/example_dags/example_params_ui_tutorial.py for tasks to queue
[2025-05-31T21:32:05.895-0300] {logging_mixin.py:188} INFO - [2025-05-31T21:32:05.895-0300] {dagbag.py:538} INFO - Filling up the DagBag from /home/walterg/Documentos/Data_projects/Data-Warehouse-postgres-DBT-airflow-/.venv/lib/python3.11/site-packages/airflow/example_dags/example_params_ui_tutorial.py
[2025-05-31T21:32:05.905-0300] {processor.py:840} INFO - DAG(s) 'example_params_ui_tutorial' retrieved from /home/walterg/Documentos/Data_projects/Data-Warehouse-postgres-DBT-airflow-/.venv/lib/python3.11/site-packages/airflow/example_dags/example_params_ui_tutorial.py
[2025-05-31T21:32:05.931-0300] {logging_mixin.py:188} INFO - [2025-05-31T21:32:05.931-0300] {dag.py:3036} INFO - Sync 1 DAGs
[2025-05-31T21:32:05.939-0300] {logging_mixin.py:188} INFO - [2025-05-31T21:32:05.938-0300] {dag.py:3823} INFO - Setting next_dagrun for example_params_ui_tutorial to None, run_after=None
[2025-05-31T21:32:05.956-0300] {processor.py:183} INFO - Processing /home/walterg/Documentos/Data_projects/Data-Warehouse-postgres-DBT-airflow-/.venv/lib/python3.11/site-packages/airflow/example_dags/example_params_ui_tutorial.py took 0.065 seconds
[2025-05-31T21:33:11.109-0300] {processor.py:161} INFO - Started process (PID=42820) to work on /home/walterg/Documentos/Data_projects/Data-Warehouse-postgres-DBT-airflow-/.venv/lib/python3.11/site-packages/airflow/example_dags/example_params_ui_tutorial.py
[2025-05-31T21:33:11.114-0300] {processor.py:830} INFO - Processing file /home/walterg/Documentos/Data_projects/Data-Warehouse-postgres-DBT-airflow-/.venv/lib/python3.11/site-packages/airflow/example_dags/example_params_ui_tutorial.py for tasks to queue
[2025-05-31T21:33:11.115-0300] {logging_mixin.py:188} INFO - [2025-05-31T21:33:11.114-0300] {dagbag.py:538} INFO - Filling up the DagBag from /home/walterg/Documentos/Data_projects/Data-Warehouse-postgres-DBT-airflow-/.venv/lib/python3.11/site-packages/airflow/example_dags/example_params_ui_tutorial.py
[2025-05-31T21:33:11.124-0300] {processor.py:840} INFO - DAG(s) 'example_params_ui_tutorial' retrieved from /home/walterg/Documentos/Data_projects/Data-Warehouse-postgres-DBT-airflow-/.venv/lib/python3.11/site-packages/airflow/example_dags/example_params_ui_tutorial.py
[2025-05-31T21:33:11.150-0300] {logging_mixin.py:188} INFO - [2025-05-31T21:33:11.150-0300] {dag.py:3036} INFO - Sync 1 DAGs
[2025-05-31T21:33:11.158-0300] {logging_mixin.py:188} INFO - [2025-05-31T21:33:11.158-0300] {dag.py:3823} INFO - Setting next_dagrun for example_params_ui_tutorial to None, run_after=None
[2025-05-31T21:33:11.176-0300] {processor.py:183} INFO - Processing /home/walterg/Documentos/Data_projects/Data-Warehouse-postgres-DBT-airflow-/.venv/lib/python3.11/site-packages/airflow/example_dags/example_params_ui_tutorial.py took 0.069 seconds
[2025-05-31T21:34:09.261-0300] {processor.py:161} INFO - Started process (PID=42942) to work on /home/walterg/Documentos/Data_projects/Data-Warehouse-postgres-DBT-airflow-/.venv/lib/python3.11/site-packages/airflow/example_dags/example_params_ui_tutorial.py
[2025-05-31T21:34:09.262-0300] {processor.py:830} INFO - Processing file /home/walterg/Documentos/Data_projects/Data-Warehouse-postgres-DBT-airflow-/.venv/lib/python3.11/site-packages/airflow/example_dags/example_params_ui_tutorial.py for tasks to queue
[2025-05-31T21:34:09.263-0300] {logging_mixin.py:188} INFO - [2025-05-31T21:34:09.262-0300] {dagbag.py:538} INFO - Filling up the DagBag from /home/walterg/Documentos/Data_projects/Data-Warehouse-postgres-DBT-airflow-/.venv/lib/python3.11/site-packages/airflow/example_dags/example_params_ui_tutorial.py
[2025-05-31T21:34:09.271-0300] {processor.py:840} INFO - DAG(s) 'example_params_ui_tutorial' retrieved from /home/walterg/Documentos/Data_projects/Data-Warehouse-postgres-DBT-airflow-/.venv/lib/python3.11/site-packages/airflow/example_dags/example_params_ui_tutorial.py
[2025-05-31T21:34:09.298-0300] {logging_mixin.py:188} INFO - [2025-05-31T21:34:09.298-0300] {dag.py:3036} INFO - Sync 1 DAGs
[2025-05-31T21:34:09.305-0300] {logging_mixin.py:188} INFO - [2025-05-31T21:34:09.305-0300] {dag.py:3823} INFO - Setting next_dagrun for example_params_ui_tutorial to None, run_after=None
[2025-05-31T21:34:09.322-0300] {processor.py:183} INFO - Processing /home/walterg/Documentos/Data_projects/Data-Warehouse-postgres-DBT-airflow-/.venv/lib/python3.11/site-packages/airflow/example_dags/example_params_ui_tutorial.py took 0.064 seconds
[2025-05-31T21:35:02.623-0300] {processor.py:161} INFO - Started process (PID=43219) to work on /home/walterg/Documentos/Data_projects/Data-Warehouse-postgres-DBT-airflow-/.venv/lib/python3.11/site-packages/airflow/example_dags/example_params_ui_tutorial.py
[2025-05-31T21:35:02.628-0300] {processor.py:830} INFO - Processing file /home/walterg/Documentos/Data_projects/Data-Warehouse-postgres-DBT-airflow-/.venv/lib/python3.11/site-packages/airflow/example_dags/example_params_ui_tutorial.py for tasks to queue
[2025-05-31T21:35:02.629-0300] {logging_mixin.py:188} INFO - [2025-05-31T21:35:02.629-0300] {dagbag.py:538} INFO - Filling up the DagBag from /home/walterg/Documentos/Data_projects/Data-Warehouse-postgres-DBT-airflow-/.venv/lib/python3.11/site-packages/airflow/example_dags/example_params_ui_tutorial.py
[2025-05-31T21:35:02.638-0300] {processor.py:840} INFO - DAG(s) 'example_params_ui_tutorial' retrieved from /home/walterg/Documentos/Data_projects/Data-Warehouse-postgres-DBT-airflow-/.venv/lib/python3.11/site-packages/airflow/example_dags/example_params_ui_tutorial.py
[2025-05-31T21:35:02.666-0300] {logging_mixin.py:188} INFO - [2025-05-31T21:35:02.666-0300] {dag.py:3036} INFO - Sync 1 DAGs
[2025-05-31T21:35:02.674-0300] {logging_mixin.py:188} INFO - [2025-05-31T21:35:02.673-0300] {dag.py:3823} INFO - Setting next_dagrun for example_params_ui_tutorial to None, run_after=None
[2025-05-31T21:35:02.691-0300] {processor.py:183} INFO - Processing /home/walterg/Documentos/Data_projects/Data-Warehouse-postgres-DBT-airflow-/.venv/lib/python3.11/site-packages/airflow/example_dags/example_params_ui_tutorial.py took 0.070 seconds
[2025-05-31T21:35:58.658-0300] {processor.py:161} INFO - Started process (PID=43615) to work on /home/walterg/Documentos/Data_projects/Data-Warehouse-postgres-DBT-airflow-/.venv/lib/python3.11/site-packages/airflow/example_dags/example_params_ui_tutorial.py
[2025-05-31T21:35:58.663-0300] {processor.py:830} INFO - Processing file /home/walterg/Documentos/Data_projects/Data-Warehouse-postgres-DBT-airflow-/.venv/lib/python3.11/site-packages/airflow/example_dags/example_params_ui_tutorial.py for tasks to queue
[2025-05-31T21:35:58.664-0300] {logging_mixin.py:188} INFO - [2025-05-31T21:35:58.664-0300] {dagbag.py:538} INFO - Filling up the DagBag from /home/walterg/Documentos/Data_projects/Data-Warehouse-postgres-DBT-airflow-/.venv/lib/python3.11/site-packages/airflow/example_dags/example_params_ui_tutorial.py
[2025-05-31T21:35:58.674-0300] {processor.py:840} INFO - DAG(s) 'example_params_ui_tutorial' retrieved from /home/walterg/Documentos/Data_projects/Data-Warehouse-postgres-DBT-airflow-/.venv/lib/python3.11/site-packages/airflow/example_dags/example_params_ui_tutorial.py
[2025-05-31T21:35:58.708-0300] {logging_mixin.py:188} INFO - [2025-05-31T21:35:58.708-0300] {dag.py:3036} INFO - Sync 1 DAGs
[2025-05-31T21:35:58.716-0300] {logging_mixin.py:188} INFO - [2025-05-31T21:35:58.716-0300] {dag.py:3823} INFO - Setting next_dagrun for example_params_ui_tutorial to None, run_after=None
[2025-05-31T21:35:58.736-0300] {processor.py:183} INFO - Processing /home/walterg/Documentos/Data_projects/Data-Warehouse-postgres-DBT-airflow-/.venv/lib/python3.11/site-packages/airflow/example_dags/example_params_ui_tutorial.py took 0.080 seconds
[2025-05-31T21:36:52.785-0300] {processor.py:161} INFO - Started process (PID=43906) to work on /home/walterg/Documentos/Data_projects/Data-Warehouse-postgres-DBT-airflow-/.venv/lib/python3.11/site-packages/airflow/example_dags/example_params_ui_tutorial.py
[2025-05-31T21:36:52.790-0300] {processor.py:830} INFO - Processing file /home/walterg/Documentos/Data_projects/Data-Warehouse-postgres-DBT-airflow-/.venv/lib/python3.11/site-packages/airflow/example_dags/example_params_ui_tutorial.py for tasks to queue
[2025-05-31T21:36:52.791-0300] {logging_mixin.py:188} INFO - [2025-05-31T21:36:52.791-0300] {dagbag.py:538} INFO - Filling up the DagBag from /home/walterg/Documentos/Data_projects/Data-Warehouse-postgres-DBT-airflow-/.venv/lib/python3.11/site-packages/airflow/example_dags/example_params_ui_tutorial.py
[2025-05-31T21:36:52.800-0300] {processor.py:840} INFO - DAG(s) 'example_params_ui_tutorial' retrieved from /home/walterg/Documentos/Data_projects/Data-Warehouse-postgres-DBT-airflow-/.venv/lib/python3.11/site-packages/airflow/example_dags/example_params_ui_tutorial.py
[2025-05-31T21:36:52.827-0300] {logging_mixin.py:188} INFO - [2025-05-31T21:36:52.827-0300] {dag.py:3036} INFO - Sync 1 DAGs
[2025-05-31T21:36:52.835-0300] {logging_mixin.py:188} INFO - [2025-05-31T21:36:52.834-0300] {dag.py:3823} INFO - Setting next_dagrun for example_params_ui_tutorial to None, run_after=None
[2025-05-31T21:36:52.853-0300] {processor.py:183} INFO - Processing /home/walterg/Documentos/Data_projects/Data-Warehouse-postgres-DBT-airflow-/.venv/lib/python3.11/site-packages/airflow/example_dags/example_params_ui_tutorial.py took 0.071 seconds
[2025-05-31T21:37:43.440-0300] {processor.py:161} INFO - Started process (PID=44454) to work on /home/walterg/Documentos/Data_projects/Data-Warehouse-postgres-DBT-airflow-/.venv/lib/python3.11/site-packages/airflow/example_dags/example_params_ui_tutorial.py
[2025-05-31T21:37:43.445-0300] {processor.py:830} INFO - Processing file /home/walterg/Documentos/Data_projects/Data-Warehouse-postgres-DBT-airflow-/.venv/lib/python3.11/site-packages/airflow/example_dags/example_params_ui_tutorial.py for tasks to queue
[2025-05-31T21:37:43.446-0300] {logging_mixin.py:188} INFO - [2025-05-31T21:37:43.445-0300] {dagbag.py:538} INFO - Filling up the DagBag from /home/walterg/Documentos/Data_projects/Data-Warehouse-postgres-DBT-airflow-/.venv/lib/python3.11/site-packages/airflow/example_dags/example_params_ui_tutorial.py
[2025-05-31T21:37:43.456-0300] {processor.py:840} INFO - DAG(s) 'example_params_ui_tutorial' retrieved from /home/walterg/Documentos/Data_projects/Data-Warehouse-postgres-DBT-airflow-/.venv/lib/python3.11/site-packages/airflow/example_dags/example_params_ui_tutorial.py
[2025-05-31T21:37:43.487-0300] {logging_mixin.py:188} INFO - [2025-05-31T21:37:43.486-0300] {dag.py:3036} INFO - Sync 1 DAGs
[2025-05-31T21:37:43.498-0300] {logging_mixin.py:188} INFO - [2025-05-31T21:37:43.498-0300] {dag.py:3823} INFO - Setting next_dagrun for example_params_ui_tutorial to None, run_after=None
[2025-05-31T21:37:43.518-0300] {processor.py:183} INFO - Processing /home/walterg/Documentos/Data_projects/Data-Warehouse-postgres-DBT-airflow-/.venv/lib/python3.11/site-packages/airflow/example_dags/example_params_ui_tutorial.py took 0.082 seconds
[2025-05-31T21:38:32.001-0300] {processor.py:161} INFO - Started process (PID=44616) to work on /home/walterg/Documentos/Data_projects/Data-Warehouse-postgres-DBT-airflow-/.venv/lib/python3.11/site-packages/airflow/example_dags/example_params_ui_tutorial.py
[2025-05-31T21:38:32.007-0300] {processor.py:830} INFO - Processing file /home/walterg/Documentos/Data_projects/Data-Warehouse-postgres-DBT-airflow-/.venv/lib/python3.11/site-packages/airflow/example_dags/example_params_ui_tutorial.py for tasks to queue
[2025-05-31T21:38:32.008-0300] {logging_mixin.py:188} INFO - [2025-05-31T21:38:32.007-0300] {dagbag.py:538} INFO - Filling up the DagBag from /home/walterg/Documentos/Data_projects/Data-Warehouse-postgres-DBT-airflow-/.venv/lib/python3.11/site-packages/airflow/example_dags/example_params_ui_tutorial.py
[2025-05-31T21:38:32.017-0300] {processor.py:840} INFO - DAG(s) 'example_params_ui_tutorial' retrieved from /home/walterg/Documentos/Data_projects/Data-Warehouse-postgres-DBT-airflow-/.venv/lib/python3.11/site-packages/airflow/example_dags/example_params_ui_tutorial.py
[2025-05-31T21:38:32.050-0300] {logging_mixin.py:188} INFO - [2025-05-31T21:38:32.049-0300] {dag.py:3036} INFO - Sync 1 DAGs
[2025-05-31T21:38:32.059-0300] {logging_mixin.py:188} INFO - [2025-05-31T21:38:32.059-0300] {dag.py:3823} INFO - Setting next_dagrun for example_params_ui_tutorial to None, run_after=None
[2025-05-31T21:38:32.079-0300] {processor.py:183} INFO - Processing /home/walterg/Documentos/Data_projects/Data-Warehouse-postgres-DBT-airflow-/.venv/lib/python3.11/site-packages/airflow/example_dags/example_params_ui_tutorial.py took 0.082 seconds
[2025-05-31T21:39:28.213-0300] {processor.py:161} INFO - Started process (PID=44789) to work on /home/walterg/Documentos/Data_projects/Data-Warehouse-postgres-DBT-airflow-/.venv/lib/python3.11/site-packages/airflow/example_dags/example_params_ui_tutorial.py
[2025-05-31T21:39:28.218-0300] {processor.py:830} INFO - Processing file /home/walterg/Documentos/Data_projects/Data-Warehouse-postgres-DBT-airflow-/.venv/lib/python3.11/site-packages/airflow/example_dags/example_params_ui_tutorial.py for tasks to queue
[2025-05-31T21:39:28.219-0300] {logging_mixin.py:188} INFO - [2025-05-31T21:39:28.219-0300] {dagbag.py:538} INFO - Filling up the DagBag from /home/walterg/Documentos/Data_projects/Data-Warehouse-postgres-DBT-airflow-/.venv/lib/python3.11/site-packages/airflow/example_dags/example_params_ui_tutorial.py
[2025-05-31T21:39:28.229-0300] {processor.py:840} INFO - DAG(s) 'example_params_ui_tutorial' retrieved from /home/walterg/Documentos/Data_projects/Data-Warehouse-postgres-DBT-airflow-/.venv/lib/python3.11/site-packages/airflow/example_dags/example_params_ui_tutorial.py
[2025-05-31T21:39:28.256-0300] {logging_mixin.py:188} INFO - [2025-05-31T21:39:28.256-0300] {dag.py:3036} INFO - Sync 1 DAGs
[2025-05-31T21:39:28.265-0300] {logging_mixin.py:188} INFO - [2025-05-31T21:39:28.264-0300] {dag.py:3823} INFO - Setting next_dagrun for example_params_ui_tutorial to None, run_after=None
[2025-05-31T21:39:28.282-0300] {processor.py:183} INFO - Processing /home/walterg/Documentos/Data_projects/Data-Warehouse-postgres-DBT-airflow-/.venv/lib/python3.11/site-packages/airflow/example_dags/example_params_ui_tutorial.py took 0.072 seconds
[2025-05-31T21:40:25.816-0300] {processor.py:161} INFO - Started process (PID=45017) to work on /home/walterg/Documentos/Data_projects/Data-Warehouse-postgres-DBT-airflow-/.venv/lib/python3.11/site-packages/airflow/example_dags/example_params_ui_tutorial.py
[2025-05-31T21:40:25.822-0300] {processor.py:830} INFO - Processing file /home/walterg/Documentos/Data_projects/Data-Warehouse-postgres-DBT-airflow-/.venv/lib/python3.11/site-packages/airflow/example_dags/example_params_ui_tutorial.py for tasks to queue
[2025-05-31T21:40:25.823-0300] {logging_mixin.py:188} INFO - [2025-05-31T21:40:25.823-0300] {dagbag.py:538} INFO - Filling up the DagBag from /home/walterg/Documentos/Data_projects/Data-Warehouse-postgres-DBT-airflow-/.venv/lib/python3.11/site-packages/airflow/example_dags/example_params_ui_tutorial.py
[2025-05-31T21:40:25.823-0300] {processor.py:842} WARNING - No viable dags retrieved from /home/walterg/Documentos/Data_projects/Data-Warehouse-postgres-DBT-airflow-/.venv/lib/python3.11/site-packages/airflow/example_dags/example_params_ui_tutorial.py
[2025-05-31T21:40:25.829-0300] {processor.py:183} INFO - Processing /home/walterg/Documentos/Data_projects/Data-Warehouse-postgres-DBT-airflow-/.venv/lib/python3.11/site-packages/airflow/example_dags/example_params_ui_tutorial.py took 0.015 seconds
