[2025-05-31T21:00:31.690-0300] {processor.py:161} INFO - Started process (PID=32672) to work on /home/walterg/Documentos/Data_projects/Data-Warehouse-postgres-DBT-airflow-/.venv/lib/python3.11/site-packages/airflow/example_dags/example_skip_dag.py
[2025-05-31T21:00:31.691-0300] {processor.py:830} INFO - Processing file /home/walterg/Documentos/Data_projects/Data-Warehouse-postgres-DBT-airflow-/.venv/lib/python3.11/site-packages/airflow/example_dags/example_skip_dag.py for tasks to queue
[2025-05-31T21:00:31.692-0300] {logging_mixin.py:188} INFO - [2025-05-31T21:00:31.692-0300] {dagbag.py:538} INFO - Filling up the DagBag from /home/walterg/Documentos/Data_projects/Data-Warehouse-postgres-DBT-airflow-/.venv/lib/python3.11/site-packages/airflow/example_dags/example_skip_dag.py
[2025-05-31T21:00:31.698-0300] {processor.py:840} INFO - DAG(s) 'example_skip_dag' retrieved from /home/walterg/Documentos/Data_projects/Data-Warehouse-postgres-DBT-airflow-/.venv/lib/python3.11/site-packages/airflow/example_dags/example_skip_dag.py
[2025-05-31T21:00:31.710-0300] {logging_mixin.py:188} INFO - [2025-05-31T21:00:31.710-0300] {dag.py:3036} INFO - Sync 1 DAGs
[2025-05-31T21:00:31.723-0300] {logging_mixin.py:188} INFO - [2025-05-31T21:00:31.722-0300] {dag.py:3823} INFO - Setting next_dagrun for example_skip_dag to 2025-05-31 00:00:00+00:00, run_after=2025-06-01 00:00:00+00:00
[2025-05-31T21:00:31.744-0300] {processor.py:183} INFO - Processing /home/walterg/Documentos/Data_projects/Data-Warehouse-postgres-DBT-airflow-/.venv/lib/python3.11/site-packages/airflow/example_dags/example_skip_dag.py took 0.057 seconds
[2025-05-31T21:01:15.378-0300] {processor.py:161} INFO - Started process (PID=32920) to work on /home/walterg/Documentos/Data_projects/Data-Warehouse-postgres-DBT-airflow-/.venv/lib/python3.11/site-packages/airflow/example_dags/example_skip_dag.py
[2025-05-31T21:01:15.378-0300] {processor.py:830} INFO - Processing file /home/walterg/Documentos/Data_projects/Data-Warehouse-postgres-DBT-airflow-/.venv/lib/python3.11/site-packages/airflow/example_dags/example_skip_dag.py for tasks to queue
[2025-05-31T21:01:15.379-0300] {logging_mixin.py:188} INFO - [2025-05-31T21:01:15.379-0300] {dagbag.py:538} INFO - Filling up the DagBag from /home/walterg/Documentos/Data_projects/Data-Warehouse-postgres-DBT-airflow-/.venv/lib/python3.11/site-packages/airflow/example_dags/example_skip_dag.py
[2025-05-31T21:01:15.385-0300] {processor.py:840} INFO - DAG(s) 'example_skip_dag' retrieved from /home/walterg/Documentos/Data_projects/Data-Warehouse-postgres-DBT-airflow-/.venv/lib/python3.11/site-packages/airflow/example_dags/example_skip_dag.py
[2025-05-31T21:01:15.397-0300] {logging_mixin.py:188} INFO - [2025-05-31T21:01:15.397-0300] {dag.py:3036} INFO - Sync 1 DAGs
[2025-05-31T21:01:15.410-0300] {logging_mixin.py:188} INFO - [2025-05-31T21:01:15.410-0300] {dag.py:3823} INFO - Setting next_dagrun for example_skip_dag to 2025-05-31 00:00:00+00:00, run_after=2025-06-01 00:00:00+00:00
[2025-05-31T21:01:15.426-0300] {processor.py:183} INFO - Processing /home/walterg/Documentos/Data_projects/Data-Warehouse-postgres-DBT-airflow-/.venv/lib/python3.11/site-packages/airflow/example_dags/example_skip_dag.py took 0.051 seconds
[2025-05-31T21:01:57.582-0300] {processor.py:161} INFO - Started process (PID=33096) to work on /home/walterg/Documentos/Data_projects/Data-Warehouse-postgres-DBT-airflow-/.venv/lib/python3.11/site-packages/airflow/example_dags/example_skip_dag.py
[2025-05-31T21:01:57.587-0300] {processor.py:830} INFO - Processing file /home/walterg/Documentos/Data_projects/Data-Warehouse-postgres-DBT-airflow-/.venv/lib/python3.11/site-packages/airflow/example_dags/example_skip_dag.py for tasks to queue
[2025-05-31T21:01:57.588-0300] {logging_mixin.py:188} INFO - [2025-05-31T21:01:57.588-0300] {dagbag.py:538} INFO - Filling up the DagBag from /home/walterg/Documentos/Data_projects/Data-Warehouse-postgres-DBT-airflow-/.venv/lib/python3.11/site-packages/airflow/example_dags/example_skip_dag.py
[2025-05-31T21:01:57.594-0300] {processor.py:840} INFO - DAG(s) 'example_skip_dag' retrieved from /home/walterg/Documentos/Data_projects/Data-Warehouse-postgres-DBT-airflow-/.venv/lib/python3.11/site-packages/airflow/example_dags/example_skip_dag.py
[2025-05-31T21:01:57.606-0300] {logging_mixin.py:188} INFO - [2025-05-31T21:01:57.606-0300] {dag.py:3036} INFO - Sync 1 DAGs
[2025-05-31T21:01:57.620-0300] {logging_mixin.py:188} INFO - [2025-05-31T21:01:57.620-0300] {dag.py:3823} INFO - Setting next_dagrun for example_skip_dag to 2025-05-31 00:00:00+00:00, run_after=2025-06-01 00:00:00+00:00
[2025-05-31T21:01:57.636-0300] {processor.py:183} INFO - Processing /home/walterg/Documentos/Data_projects/Data-Warehouse-postgres-DBT-airflow-/.venv/lib/python3.11/site-packages/airflow/example_dags/example_skip_dag.py took 0.057 seconds
[2025-05-31T21:02:42.340-0300] {processor.py:161} INFO - Started process (PID=33379) to work on /home/walterg/Documentos/Data_projects/Data-Warehouse-postgres-DBT-airflow-/.venv/lib/python3.11/site-packages/airflow/example_dags/example_skip_dag.py
[2025-05-31T21:02:42.345-0300] {processor.py:830} INFO - Processing file /home/walterg/Documentos/Data_projects/Data-Warehouse-postgres-DBT-airflow-/.venv/lib/python3.11/site-packages/airflow/example_dags/example_skip_dag.py for tasks to queue
[2025-05-31T21:02:42.346-0300] {logging_mixin.py:188} INFO - [2025-05-31T21:02:42.346-0300] {dagbag.py:538} INFO - Filling up the DagBag from /home/walterg/Documentos/Data_projects/Data-Warehouse-postgres-DBT-airflow-/.venv/lib/python3.11/site-packages/airflow/example_dags/example_skip_dag.py
[2025-05-31T21:02:42.353-0300] {processor.py:840} INFO - DAG(s) 'example_skip_dag' retrieved from /home/walterg/Documentos/Data_projects/Data-Warehouse-postgres-DBT-airflow-/.venv/lib/python3.11/site-packages/airflow/example_dags/example_skip_dag.py
[2025-05-31T21:02:42.365-0300] {logging_mixin.py:188} INFO - [2025-05-31T21:02:42.365-0300] {dag.py:3036} INFO - Sync 1 DAGs
[2025-05-31T21:02:42.378-0300] {logging_mixin.py:188} INFO - [2025-05-31T21:02:42.378-0300] {dag.py:3823} INFO - Setting next_dagrun for example_skip_dag to 2025-05-31 00:00:00+00:00, run_after=2025-06-01 00:00:00+00:00
[2025-05-31T21:02:42.396-0300] {processor.py:183} INFO - Processing /home/walterg/Documentos/Data_projects/Data-Warehouse-postgres-DBT-airflow-/.venv/lib/python3.11/site-packages/airflow/example_dags/example_skip_dag.py took 0.059 seconds
[2025-05-31T21:03:26.677-0300] {processor.py:161} INFO - Started process (PID=33632) to work on /home/walterg/Documentos/Data_projects/Data-Warehouse-postgres-DBT-airflow-/.venv/lib/python3.11/site-packages/airflow/example_dags/example_skip_dag.py
[2025-05-31T21:03:26.682-0300] {processor.py:830} INFO - Processing file /home/walterg/Documentos/Data_projects/Data-Warehouse-postgres-DBT-airflow-/.venv/lib/python3.11/site-packages/airflow/example_dags/example_skip_dag.py for tasks to queue
[2025-05-31T21:03:26.683-0300] {logging_mixin.py:188} INFO - [2025-05-31T21:03:26.683-0300] {dagbag.py:538} INFO - Filling up the DagBag from /home/walterg/Documentos/Data_projects/Data-Warehouse-postgres-DBT-airflow-/.venv/lib/python3.11/site-packages/airflow/example_dags/example_skip_dag.py
[2025-05-31T21:03:26.690-0300] {processor.py:840} INFO - DAG(s) 'example_skip_dag' retrieved from /home/walterg/Documentos/Data_projects/Data-Warehouse-postgres-DBT-airflow-/.venv/lib/python3.11/site-packages/airflow/example_dags/example_skip_dag.py
[2025-05-31T21:03:26.702-0300] {logging_mixin.py:188} INFO - [2025-05-31T21:03:26.702-0300] {dag.py:3036} INFO - Sync 1 DAGs
[2025-05-31T21:03:26.715-0300] {logging_mixin.py:188} INFO - [2025-05-31T21:03:26.715-0300] {dag.py:3823} INFO - Setting next_dagrun for example_skip_dag to 2025-05-31 00:00:00+00:00, run_after=2025-06-01 00:00:00+00:00
[2025-05-31T21:03:26.732-0300] {processor.py:183} INFO - Processing /home/walterg/Documentos/Data_projects/Data-Warehouse-postgres-DBT-airflow-/.venv/lib/python3.11/site-packages/airflow/example_dags/example_skip_dag.py took 0.058 seconds
[2025-05-31T21:04:10.250-0300] {processor.py:161} INFO - Started process (PID=33801) to work on /home/walterg/Documentos/Data_projects/Data-Warehouse-postgres-DBT-airflow-/.venv/lib/python3.11/site-packages/airflow/example_dags/example_skip_dag.py
[2025-05-31T21:04:10.255-0300] {processor.py:830} INFO - Processing file /home/walterg/Documentos/Data_projects/Data-Warehouse-postgres-DBT-airflow-/.venv/lib/python3.11/site-packages/airflow/example_dags/example_skip_dag.py for tasks to queue
[2025-05-31T21:04:10.256-0300] {logging_mixin.py:188} INFO - [2025-05-31T21:04:10.256-0300] {dagbag.py:538} INFO - Filling up the DagBag from /home/walterg/Documentos/Data_projects/Data-Warehouse-postgres-DBT-airflow-/.venv/lib/python3.11/site-packages/airflow/example_dags/example_skip_dag.py
[2025-05-31T21:04:10.262-0300] {processor.py:840} INFO - DAG(s) 'example_skip_dag' retrieved from /home/walterg/Documentos/Data_projects/Data-Warehouse-postgres-DBT-airflow-/.venv/lib/python3.11/site-packages/airflow/example_dags/example_skip_dag.py
[2025-05-31T21:04:10.274-0300] {logging_mixin.py:188} INFO - [2025-05-31T21:04:10.274-0300] {dag.py:3036} INFO - Sync 1 DAGs
[2025-05-31T21:04:10.289-0300] {logging_mixin.py:188} INFO - [2025-05-31T21:04:10.288-0300] {dag.py:3823} INFO - Setting next_dagrun for example_skip_dag to 2025-05-31 00:00:00+00:00, run_after=2025-06-01 00:00:00+00:00
[2025-05-31T21:04:10.307-0300] {processor.py:183} INFO - Processing /home/walterg/Documentos/Data_projects/Data-Warehouse-postgres-DBT-airflow-/.venv/lib/python3.11/site-packages/airflow/example_dags/example_skip_dag.py took 0.059 seconds
[2025-05-31T21:04:50.561-0300] {processor.py:161} INFO - Started process (PID=33947) to work on /home/walterg/Documentos/Data_projects/Data-Warehouse-postgres-DBT-airflow-/.venv/lib/python3.11/site-packages/airflow/example_dags/example_skip_dag.py
[2025-05-31T21:04:50.562-0300] {processor.py:830} INFO - Processing file /home/walterg/Documentos/Data_projects/Data-Warehouse-postgres-DBT-airflow-/.venv/lib/python3.11/site-packages/airflow/example_dags/example_skip_dag.py for tasks to queue
[2025-05-31T21:04:50.563-0300] {logging_mixin.py:188} INFO - [2025-05-31T21:04:50.563-0300] {dagbag.py:538} INFO - Filling up the DagBag from /home/walterg/Documentos/Data_projects/Data-Warehouse-postgres-DBT-airflow-/.venv/lib/python3.11/site-packages/airflow/example_dags/example_skip_dag.py
[2025-05-31T21:04:50.569-0300] {processor.py:840} INFO - DAG(s) 'example_skip_dag' retrieved from /home/walterg/Documentos/Data_projects/Data-Warehouse-postgres-DBT-airflow-/.venv/lib/python3.11/site-packages/airflow/example_dags/example_skip_dag.py
[2025-05-31T21:04:50.582-0300] {logging_mixin.py:188} INFO - [2025-05-31T21:04:50.581-0300] {dag.py:3036} INFO - Sync 1 DAGs
[2025-05-31T21:04:50.595-0300] {logging_mixin.py:188} INFO - [2025-05-31T21:04:50.595-0300] {dag.py:3823} INFO - Setting next_dagrun for example_skip_dag to 2025-05-31 00:00:00+00:00, run_after=2025-06-01 00:00:00+00:00
[2025-05-31T21:04:50.612-0300] {processor.py:183} INFO - Processing /home/walterg/Documentos/Data_projects/Data-Warehouse-postgres-DBT-airflow-/.venv/lib/python3.11/site-packages/airflow/example_dags/example_skip_dag.py took 0.054 seconds
[2025-05-31T21:05:33.728-0300] {processor.py:161} INFO - Started process (PID=34201) to work on /home/walterg/Documentos/Data_projects/Data-Warehouse-postgres-DBT-airflow-/.venv/lib/python3.11/site-packages/airflow/example_dags/example_skip_dag.py
[2025-05-31T21:05:33.733-0300] {processor.py:830} INFO - Processing file /home/walterg/Documentos/Data_projects/Data-Warehouse-postgres-DBT-airflow-/.venv/lib/python3.11/site-packages/airflow/example_dags/example_skip_dag.py for tasks to queue
[2025-05-31T21:05:33.734-0300] {logging_mixin.py:188} INFO - [2025-05-31T21:05:33.734-0300] {dagbag.py:538} INFO - Filling up the DagBag from /home/walterg/Documentos/Data_projects/Data-Warehouse-postgres-DBT-airflow-/.venv/lib/python3.11/site-packages/airflow/example_dags/example_skip_dag.py
[2025-05-31T21:05:33.741-0300] {processor.py:840} INFO - DAG(s) 'example_skip_dag' retrieved from /home/walterg/Documentos/Data_projects/Data-Warehouse-postgres-DBT-airflow-/.venv/lib/python3.11/site-packages/airflow/example_dags/example_skip_dag.py
[2025-05-31T21:05:33.754-0300] {logging_mixin.py:188} INFO - [2025-05-31T21:05:33.754-0300] {dag.py:3036} INFO - Sync 1 DAGs
[2025-05-31T21:05:33.774-0300] {logging_mixin.py:188} INFO - [2025-05-31T21:05:33.774-0300] {dag.py:3823} INFO - Setting next_dagrun for example_skip_dag to 2025-05-31 00:00:00+00:00, run_after=2025-06-01 00:00:00+00:00
[2025-05-31T21:05:33.798-0300] {processor.py:183} INFO - Processing /home/walterg/Documentos/Data_projects/Data-Warehouse-postgres-DBT-airflow-/.venv/lib/python3.11/site-packages/airflow/example_dags/example_skip_dag.py took 0.073 seconds
[2025-05-31T21:06:18.074-0300] {processor.py:161} INFO - Started process (PID=34505) to work on /home/walterg/Documentos/Data_projects/Data-Warehouse-postgres-DBT-airflow-/.venv/lib/python3.11/site-packages/airflow/example_dags/example_skip_dag.py
[2025-05-31T21:06:18.079-0300] {processor.py:830} INFO - Processing file /home/walterg/Documentos/Data_projects/Data-Warehouse-postgres-DBT-airflow-/.venv/lib/python3.11/site-packages/airflow/example_dags/example_skip_dag.py for tasks to queue
[2025-05-31T21:06:18.080-0300] {logging_mixin.py:188} INFO - [2025-05-31T21:06:18.080-0300] {dagbag.py:538} INFO - Filling up the DagBag from /home/walterg/Documentos/Data_projects/Data-Warehouse-postgres-DBT-airflow-/.venv/lib/python3.11/site-packages/airflow/example_dags/example_skip_dag.py
[2025-05-31T21:06:18.087-0300] {processor.py:840} INFO - DAG(s) 'example_skip_dag' retrieved from /home/walterg/Documentos/Data_projects/Data-Warehouse-postgres-DBT-airflow-/.venv/lib/python3.11/site-packages/airflow/example_dags/example_skip_dag.py
[2025-05-31T21:06:18.101-0300] {logging_mixin.py:188} INFO - [2025-05-31T21:06:18.101-0300] {dag.py:3036} INFO - Sync 1 DAGs
[2025-05-31T21:06:18.114-0300] {logging_mixin.py:188} INFO - [2025-05-31T21:06:18.114-0300] {dag.py:3823} INFO - Setting next_dagrun for example_skip_dag to 2025-05-31 00:00:00+00:00, run_after=2025-06-01 00:00:00+00:00
[2025-05-31T21:06:18.134-0300] {processor.py:183} INFO - Processing /home/walterg/Documentos/Data_projects/Data-Warehouse-postgres-DBT-airflow-/.venv/lib/python3.11/site-packages/airflow/example_dags/example_skip_dag.py took 0.062 seconds
[2025-05-31T21:07:06.416-0300] {processor.py:161} INFO - Started process (PID=34656) to work on /home/walterg/Documentos/Data_projects/Data-Warehouse-postgres-DBT-airflow-/.venv/lib/python3.11/site-packages/airflow/example_dags/example_skip_dag.py
[2025-05-31T21:07:06.418-0300] {processor.py:830} INFO - Processing file /home/walterg/Documentos/Data_projects/Data-Warehouse-postgres-DBT-airflow-/.venv/lib/python3.11/site-packages/airflow/example_dags/example_skip_dag.py for tasks to queue
[2025-05-31T21:07:06.419-0300] {logging_mixin.py:188} INFO - [2025-05-31T21:07:06.418-0300] {dagbag.py:538} INFO - Filling up the DagBag from /home/walterg/Documentos/Data_projects/Data-Warehouse-postgres-DBT-airflow-/.venv/lib/python3.11/site-packages/airflow/example_dags/example_skip_dag.py
[2025-05-31T21:07:06.425-0300] {processor.py:840} INFO - DAG(s) 'example_skip_dag' retrieved from /home/walterg/Documentos/Data_projects/Data-Warehouse-postgres-DBT-airflow-/.venv/lib/python3.11/site-packages/airflow/example_dags/example_skip_dag.py
[2025-05-31T21:07:06.437-0300] {logging_mixin.py:188} INFO - [2025-05-31T21:07:06.437-0300] {dag.py:3036} INFO - Sync 1 DAGs
[2025-05-31T21:07:06.450-0300] {logging_mixin.py:188} INFO - [2025-05-31T21:07:06.450-0300] {dag.py:3823} INFO - Setting next_dagrun for example_skip_dag to 2025-05-31 00:00:00+00:00, run_after=2025-06-01 00:00:00+00:00
[2025-05-31T21:07:06.468-0300] {processor.py:183} INFO - Processing /home/walterg/Documentos/Data_projects/Data-Warehouse-postgres-DBT-airflow-/.venv/lib/python3.11/site-packages/airflow/example_dags/example_skip_dag.py took 0.054 seconds
[2025-05-31T21:07:46.753-0300] {processor.py:161} INFO - Started process (PID=34851) to work on /home/walterg/Documentos/Data_projects/Data-Warehouse-postgres-DBT-airflow-/.venv/lib/python3.11/site-packages/airflow/example_dags/example_skip_dag.py
[2025-05-31T21:07:46.758-0300] {processor.py:830} INFO - Processing file /home/walterg/Documentos/Data_projects/Data-Warehouse-postgres-DBT-airflow-/.venv/lib/python3.11/site-packages/airflow/example_dags/example_skip_dag.py for tasks to queue
[2025-05-31T21:07:46.759-0300] {logging_mixin.py:188} INFO - [2025-05-31T21:07:46.759-0300] {dagbag.py:538} INFO - Filling up the DagBag from /home/walterg/Documentos/Data_projects/Data-Warehouse-postgres-DBT-airflow-/.venv/lib/python3.11/site-packages/airflow/example_dags/example_skip_dag.py
[2025-05-31T21:07:46.765-0300] {processor.py:840} INFO - DAG(s) 'example_skip_dag' retrieved from /home/walterg/Documentos/Data_projects/Data-Warehouse-postgres-DBT-airflow-/.venv/lib/python3.11/site-packages/airflow/example_dags/example_skip_dag.py
[2025-05-31T21:07:46.777-0300] {logging_mixin.py:188} INFO - [2025-05-31T21:07:46.777-0300] {dag.py:3036} INFO - Sync 1 DAGs
[2025-05-31T21:07:46.790-0300] {logging_mixin.py:188} INFO - [2025-05-31T21:07:46.790-0300] {dag.py:3823} INFO - Setting next_dagrun for example_skip_dag to 2025-05-31 00:00:00+00:00, run_after=2025-06-01 00:00:00+00:00
[2025-05-31T21:07:46.807-0300] {processor.py:183} INFO - Processing /home/walterg/Documentos/Data_projects/Data-Warehouse-postgres-DBT-airflow-/.venv/lib/python3.11/site-packages/airflow/example_dags/example_skip_dag.py took 0.056 seconds
[2025-05-31T21:08:29.599-0300] {processor.py:161} INFO - Started process (PID=35129) to work on /home/walterg/Documentos/Data_projects/Data-Warehouse-postgres-DBT-airflow-/.venv/lib/python3.11/site-packages/airflow/example_dags/example_skip_dag.py
[2025-05-31T21:08:29.604-0300] {processor.py:830} INFO - Processing file /home/walterg/Documentos/Data_projects/Data-Warehouse-postgres-DBT-airflow-/.venv/lib/python3.11/site-packages/airflow/example_dags/example_skip_dag.py for tasks to queue
[2025-05-31T21:08:29.605-0300] {logging_mixin.py:188} INFO - [2025-05-31T21:08:29.604-0300] {dagbag.py:538} INFO - Filling up the DagBag from /home/walterg/Documentos/Data_projects/Data-Warehouse-postgres-DBT-airflow-/.venv/lib/python3.11/site-packages/airflow/example_dags/example_skip_dag.py
[2025-05-31T21:08:29.611-0300] {processor.py:840} INFO - DAG(s) 'example_skip_dag' retrieved from /home/walterg/Documentos/Data_projects/Data-Warehouse-postgres-DBT-airflow-/.venv/lib/python3.11/site-packages/airflow/example_dags/example_skip_dag.py
[2025-05-31T21:08:29.623-0300] {logging_mixin.py:188} INFO - [2025-05-31T21:08:29.623-0300] {dag.py:3036} INFO - Sync 1 DAGs
[2025-05-31T21:08:29.636-0300] {logging_mixin.py:188} INFO - [2025-05-31T21:08:29.636-0300] {dag.py:3823} INFO - Setting next_dagrun for example_skip_dag to 2025-05-31 00:00:00+00:00, run_after=2025-06-01 00:00:00+00:00
[2025-05-31T21:08:29.652-0300] {processor.py:183} INFO - Processing /home/walterg/Documentos/Data_projects/Data-Warehouse-postgres-DBT-airflow-/.venv/lib/python3.11/site-packages/airflow/example_dags/example_skip_dag.py took 0.056 seconds
[2025-05-31T21:09:25.040-0300] {processor.py:161} INFO - Started process (PID=35427) to work on /home/walterg/Documentos/Data_projects/Data-Warehouse-postgres-DBT-airflow-/.venv/lib/python3.11/site-packages/airflow/example_dags/example_skip_dag.py
[2025-05-31T21:09:25.045-0300] {processor.py:830} INFO - Processing file /home/walterg/Documentos/Data_projects/Data-Warehouse-postgres-DBT-airflow-/.venv/lib/python3.11/site-packages/airflow/example_dags/example_skip_dag.py for tasks to queue
[2025-05-31T21:09:25.046-0300] {logging_mixin.py:188} INFO - [2025-05-31T21:09:25.045-0300] {dagbag.py:538} INFO - Filling up the DagBag from /home/walterg/Documentos/Data_projects/Data-Warehouse-postgres-DBT-airflow-/.venv/lib/python3.11/site-packages/airflow/example_dags/example_skip_dag.py
[2025-05-31T21:09:25.051-0300] {processor.py:840} INFO - DAG(s) 'example_skip_dag' retrieved from /home/walterg/Documentos/Data_projects/Data-Warehouse-postgres-DBT-airflow-/.venv/lib/python3.11/site-packages/airflow/example_dags/example_skip_dag.py
[2025-05-31T21:09:25.063-0300] {logging_mixin.py:188} INFO - [2025-05-31T21:09:25.063-0300] {dag.py:3036} INFO - Sync 1 DAGs
[2025-05-31T21:09:25.077-0300] {logging_mixin.py:188} INFO - [2025-05-31T21:09:25.076-0300] {dag.py:3823} INFO - Setting next_dagrun for example_skip_dag to 2025-05-31 00:00:00+00:00, run_after=2025-06-01 00:00:00+00:00
[2025-05-31T21:09:25.092-0300] {processor.py:183} INFO - Processing /home/walterg/Documentos/Data_projects/Data-Warehouse-postgres-DBT-airflow-/.venv/lib/python3.11/site-packages/airflow/example_dags/example_skip_dag.py took 0.055 seconds
[2025-05-31T21:10:11.575-0300] {processor.py:161} INFO - Started process (PID=35668) to work on /home/walterg/Documentos/Data_projects/Data-Warehouse-postgres-DBT-airflow-/.venv/lib/python3.11/site-packages/airflow/example_dags/example_skip_dag.py
[2025-05-31T21:10:11.576-0300] {processor.py:830} INFO - Processing file /home/walterg/Documentos/Data_projects/Data-Warehouse-postgres-DBT-airflow-/.venv/lib/python3.11/site-packages/airflow/example_dags/example_skip_dag.py for tasks to queue
[2025-05-31T21:10:11.577-0300] {logging_mixin.py:188} INFO - [2025-05-31T21:10:11.577-0300] {dagbag.py:538} INFO - Filling up the DagBag from /home/walterg/Documentos/Data_projects/Data-Warehouse-postgres-DBT-airflow-/.venv/lib/python3.11/site-packages/airflow/example_dags/example_skip_dag.py
[2025-05-31T21:10:11.583-0300] {processor.py:840} INFO - DAG(s) 'example_skip_dag' retrieved from /home/walterg/Documentos/Data_projects/Data-Warehouse-postgres-DBT-airflow-/.venv/lib/python3.11/site-packages/airflow/example_dags/example_skip_dag.py
[2025-05-31T21:10:11.596-0300] {logging_mixin.py:188} INFO - [2025-05-31T21:10:11.596-0300] {dag.py:3036} INFO - Sync 1 DAGs
[2025-05-31T21:10:11.609-0300] {logging_mixin.py:188} INFO - [2025-05-31T21:10:11.609-0300] {dag.py:3823} INFO - Setting next_dagrun for example_skip_dag to 2025-05-31 00:00:00+00:00, run_after=2025-06-01 00:00:00+00:00
[2025-05-31T21:10:11.625-0300] {processor.py:183} INFO - Processing /home/walterg/Documentos/Data_projects/Data-Warehouse-postgres-DBT-airflow-/.venv/lib/python3.11/site-packages/airflow/example_dags/example_skip_dag.py took 0.053 seconds
[2025-05-31T21:10:52.599-0300] {processor.py:161} INFO - Started process (PID=35849) to work on /home/walterg/Documentos/Data_projects/Data-Warehouse-postgres-DBT-airflow-/.venv/lib/python3.11/site-packages/airflow/example_dags/example_skip_dag.py
[2025-05-31T21:10:52.604-0300] {processor.py:830} INFO - Processing file /home/walterg/Documentos/Data_projects/Data-Warehouse-postgres-DBT-airflow-/.venv/lib/python3.11/site-packages/airflow/example_dags/example_skip_dag.py for tasks to queue
[2025-05-31T21:10:52.605-0300] {logging_mixin.py:188} INFO - [2025-05-31T21:10:52.605-0300] {dagbag.py:538} INFO - Filling up the DagBag from /home/walterg/Documentos/Data_projects/Data-Warehouse-postgres-DBT-airflow-/.venv/lib/python3.11/site-packages/airflow/example_dags/example_skip_dag.py
[2025-05-31T21:10:52.611-0300] {processor.py:840} INFO - DAG(s) 'example_skip_dag' retrieved from /home/walterg/Documentos/Data_projects/Data-Warehouse-postgres-DBT-airflow-/.venv/lib/python3.11/site-packages/airflow/example_dags/example_skip_dag.py
[2025-05-31T21:10:52.624-0300] {logging_mixin.py:188} INFO - [2025-05-31T21:10:52.623-0300] {dag.py:3036} INFO - Sync 1 DAGs
[2025-05-31T21:10:52.637-0300] {logging_mixin.py:188} INFO - [2025-05-31T21:10:52.637-0300] {dag.py:3823} INFO - Setting next_dagrun for example_skip_dag to 2025-05-31 00:00:00+00:00, run_after=2025-06-01 00:00:00+00:00
[2025-05-31T21:10:52.654-0300] {processor.py:183} INFO - Processing /home/walterg/Documentos/Data_projects/Data-Warehouse-postgres-DBT-airflow-/.venv/lib/python3.11/site-packages/airflow/example_dags/example_skip_dag.py took 0.057 seconds
[2025-05-31T21:11:34.116-0300] {processor.py:161} INFO - Started process (PID=36091) to work on /home/walterg/Documentos/Data_projects/Data-Warehouse-postgres-DBT-airflow-/.venv/lib/python3.11/site-packages/airflow/example_dags/example_skip_dag.py
[2025-05-31T21:11:34.121-0300] {processor.py:830} INFO - Processing file /home/walterg/Documentos/Data_projects/Data-Warehouse-postgres-DBT-airflow-/.venv/lib/python3.11/site-packages/airflow/example_dags/example_skip_dag.py for tasks to queue
[2025-05-31T21:11:34.122-0300] {logging_mixin.py:188} INFO - [2025-05-31T21:11:34.122-0300] {dagbag.py:538} INFO - Filling up the DagBag from /home/walterg/Documentos/Data_projects/Data-Warehouse-postgres-DBT-airflow-/.venv/lib/python3.11/site-packages/airflow/example_dags/example_skip_dag.py
[2025-05-31T21:11:34.128-0300] {processor.py:840} INFO - DAG(s) 'example_skip_dag' retrieved from /home/walterg/Documentos/Data_projects/Data-Warehouse-postgres-DBT-airflow-/.venv/lib/python3.11/site-packages/airflow/example_dags/example_skip_dag.py
[2025-05-31T21:11:34.140-0300] {logging_mixin.py:188} INFO - [2025-05-31T21:11:34.140-0300] {dag.py:3036} INFO - Sync 1 DAGs
[2025-05-31T21:11:34.153-0300] {logging_mixin.py:188} INFO - [2025-05-31T21:11:34.153-0300] {dag.py:3823} INFO - Setting next_dagrun for example_skip_dag to 2025-05-31 00:00:00+00:00, run_after=2025-06-01 00:00:00+00:00
[2025-05-31T21:11:34.170-0300] {processor.py:183} INFO - Processing /home/walterg/Documentos/Data_projects/Data-Warehouse-postgres-DBT-airflow-/.venv/lib/python3.11/site-packages/airflow/example_dags/example_skip_dag.py took 0.056 seconds
[2025-05-31T21:12:19.753-0300] {processor.py:161} INFO - Started process (PID=36298) to work on /home/walterg/Documentos/Data_projects/Data-Warehouse-postgres-DBT-airflow-/.venv/lib/python3.11/site-packages/airflow/example_dags/example_skip_dag.py
[2025-05-31T21:12:19.755-0300] {processor.py:830} INFO - Processing file /home/walterg/Documentos/Data_projects/Data-Warehouse-postgres-DBT-airflow-/.venv/lib/python3.11/site-packages/airflow/example_dags/example_skip_dag.py for tasks to queue
[2025-05-31T21:12:19.755-0300] {logging_mixin.py:188} INFO - [2025-05-31T21:12:19.755-0300] {dagbag.py:538} INFO - Filling up the DagBag from /home/walterg/Documentos/Data_projects/Data-Warehouse-postgres-DBT-airflow-/.venv/lib/python3.11/site-packages/airflow/example_dags/example_skip_dag.py
[2025-05-31T21:12:19.761-0300] {processor.py:840} INFO - DAG(s) 'example_skip_dag' retrieved from /home/walterg/Documentos/Data_projects/Data-Warehouse-postgres-DBT-airflow-/.venv/lib/python3.11/site-packages/airflow/example_dags/example_skip_dag.py
[2025-05-31T21:12:19.774-0300] {logging_mixin.py:188} INFO - [2025-05-31T21:12:19.774-0300] {dag.py:3036} INFO - Sync 1 DAGs
[2025-05-31T21:12:19.787-0300] {logging_mixin.py:188} INFO - [2025-05-31T21:12:19.787-0300] {dag.py:3823} INFO - Setting next_dagrun for example_skip_dag to 2025-05-31 00:00:00+00:00, run_after=2025-06-01 00:00:00+00:00
[2025-05-31T21:12:19.803-0300] {processor.py:183} INFO - Processing /home/walterg/Documentos/Data_projects/Data-Warehouse-postgres-DBT-airflow-/.venv/lib/python3.11/site-packages/airflow/example_dags/example_skip_dag.py took 0.053 seconds
[2025-05-31T21:13:00.222-0300] {processor.py:161} INFO - Started process (PID=36421) to work on /home/walterg/Documentos/Data_projects/Data-Warehouse-postgres-DBT-airflow-/.venv/lib/python3.11/site-packages/airflow/example_dags/example_skip_dag.py
[2025-05-31T21:13:00.223-0300] {processor.py:830} INFO - Processing file /home/walterg/Documentos/Data_projects/Data-Warehouse-postgres-DBT-airflow-/.venv/lib/python3.11/site-packages/airflow/example_dags/example_skip_dag.py for tasks to queue
[2025-05-31T21:13:00.224-0300] {logging_mixin.py:188} INFO - [2025-05-31T21:13:00.224-0300] {dagbag.py:538} INFO - Filling up the DagBag from /home/walterg/Documentos/Data_projects/Data-Warehouse-postgres-DBT-airflow-/.venv/lib/python3.11/site-packages/airflow/example_dags/example_skip_dag.py
[2025-05-31T21:13:00.230-0300] {processor.py:840} INFO - DAG(s) 'example_skip_dag' retrieved from /home/walterg/Documentos/Data_projects/Data-Warehouse-postgres-DBT-airflow-/.venv/lib/python3.11/site-packages/airflow/example_dags/example_skip_dag.py
[2025-05-31T21:13:00.243-0300] {logging_mixin.py:188} INFO - [2025-05-31T21:13:00.243-0300] {dag.py:3036} INFO - Sync 1 DAGs
[2025-05-31T21:13:00.257-0300] {logging_mixin.py:188} INFO - [2025-05-31T21:13:00.257-0300] {dag.py:3823} INFO - Setting next_dagrun for example_skip_dag to 2025-05-31 00:00:00+00:00, run_after=2025-06-01 00:00:00+00:00
[2025-05-31T21:13:00.274-0300] {processor.py:183} INFO - Processing /home/walterg/Documentos/Data_projects/Data-Warehouse-postgres-DBT-airflow-/.venv/lib/python3.11/site-packages/airflow/example_dags/example_skip_dag.py took 0.057 seconds
[2025-05-31T21:13:46.046-0300] {processor.py:161} INFO - Started process (PID=36600) to work on /home/walterg/Documentos/Data_projects/Data-Warehouse-postgres-DBT-airflow-/.venv/lib/python3.11/site-packages/airflow/example_dags/example_skip_dag.py
[2025-05-31T21:13:46.052-0300] {processor.py:830} INFO - Processing file /home/walterg/Documentos/Data_projects/Data-Warehouse-postgres-DBT-airflow-/.venv/lib/python3.11/site-packages/airflow/example_dags/example_skip_dag.py for tasks to queue
[2025-05-31T21:13:46.053-0300] {logging_mixin.py:188} INFO - [2025-05-31T21:13:46.052-0300] {dagbag.py:538} INFO - Filling up the DagBag from /home/walterg/Documentos/Data_projects/Data-Warehouse-postgres-DBT-airflow-/.venv/lib/python3.11/site-packages/airflow/example_dags/example_skip_dag.py
[2025-05-31T21:13:46.059-0300] {processor.py:840} INFO - DAG(s) 'example_skip_dag' retrieved from /home/walterg/Documentos/Data_projects/Data-Warehouse-postgres-DBT-airflow-/.venv/lib/python3.11/site-packages/airflow/example_dags/example_skip_dag.py
[2025-05-31T21:13:46.071-0300] {logging_mixin.py:188} INFO - [2025-05-31T21:13:46.071-0300] {dag.py:3036} INFO - Sync 1 DAGs
[2025-05-31T21:13:46.085-0300] {logging_mixin.py:188} INFO - [2025-05-31T21:13:46.085-0300] {dag.py:3823} INFO - Setting next_dagrun for example_skip_dag to 2025-05-31 00:00:00+00:00, run_after=2025-06-01 00:00:00+00:00
[2025-05-31T21:13:46.102-0300] {processor.py:183} INFO - Processing /home/walterg/Documentos/Data_projects/Data-Warehouse-postgres-DBT-airflow-/.venv/lib/python3.11/site-packages/airflow/example_dags/example_skip_dag.py took 0.059 seconds
[2025-05-31T21:14:30.244-0300] {processor.py:161} INFO - Started process (PID=36874) to work on /home/walterg/Documentos/Data_projects/Data-Warehouse-postgres-DBT-airflow-/.venv/lib/python3.11/site-packages/airflow/example_dags/example_skip_dag.py
[2025-05-31T21:14:30.249-0300] {processor.py:830} INFO - Processing file /home/walterg/Documentos/Data_projects/Data-Warehouse-postgres-DBT-airflow-/.venv/lib/python3.11/site-packages/airflow/example_dags/example_skip_dag.py for tasks to queue
[2025-05-31T21:14:30.250-0300] {logging_mixin.py:188} INFO - [2025-05-31T21:14:30.250-0300] {dagbag.py:538} INFO - Filling up the DagBag from /home/walterg/Documentos/Data_projects/Data-Warehouse-postgres-DBT-airflow-/.venv/lib/python3.11/site-packages/airflow/example_dags/example_skip_dag.py
[2025-05-31T21:14:30.257-0300] {processor.py:840} INFO - DAG(s) 'example_skip_dag' retrieved from /home/walterg/Documentos/Data_projects/Data-Warehouse-postgres-DBT-airflow-/.venv/lib/python3.11/site-packages/airflow/example_dags/example_skip_dag.py
[2025-05-31T21:14:30.269-0300] {logging_mixin.py:188} INFO - [2025-05-31T21:14:30.269-0300] {dag.py:3036} INFO - Sync 1 DAGs
[2025-05-31T21:14:30.282-0300] {logging_mixin.py:188} INFO - [2025-05-31T21:14:30.282-0300] {dag.py:3823} INFO - Setting next_dagrun for example_skip_dag to 2025-05-31 00:00:00+00:00, run_after=2025-06-01 00:00:00+00:00
[2025-05-31T21:14:30.299-0300] {processor.py:183} INFO - Processing /home/walterg/Documentos/Data_projects/Data-Warehouse-postgres-DBT-airflow-/.venv/lib/python3.11/site-packages/airflow/example_dags/example_skip_dag.py took 0.058 seconds
[2025-05-31T21:15:29.451-0300] {processor.py:161} INFO - Started process (PID=37261) to work on /home/walterg/Documentos/Data_projects/Data-Warehouse-postgres-DBT-airflow-/.venv/lib/python3.11/site-packages/airflow/example_dags/example_skip_dag.py
[2025-05-31T21:15:29.456-0300] {processor.py:830} INFO - Processing file /home/walterg/Documentos/Data_projects/Data-Warehouse-postgres-DBT-airflow-/.venv/lib/python3.11/site-packages/airflow/example_dags/example_skip_dag.py for tasks to queue
[2025-05-31T21:15:29.456-0300] {logging_mixin.py:188} INFO - [2025-05-31T21:15:29.456-0300] {dagbag.py:538} INFO - Filling up the DagBag from /home/walterg/Documentos/Data_projects/Data-Warehouse-postgres-DBT-airflow-/.venv/lib/python3.11/site-packages/airflow/example_dags/example_skip_dag.py
[2025-05-31T21:15:29.463-0300] {processor.py:840} INFO - DAG(s) 'example_skip_dag' retrieved from /home/walterg/Documentos/Data_projects/Data-Warehouse-postgres-DBT-airflow-/.venv/lib/python3.11/site-packages/airflow/example_dags/example_skip_dag.py
[2025-05-31T21:15:29.475-0300] {logging_mixin.py:188} INFO - [2025-05-31T21:15:29.475-0300] {dag.py:3036} INFO - Sync 1 DAGs
[2025-05-31T21:15:29.488-0300] {logging_mixin.py:188} INFO - [2025-05-31T21:15:29.488-0300] {dag.py:3823} INFO - Setting next_dagrun for example_skip_dag to 2025-05-31 00:00:00+00:00, run_after=2025-06-01 00:00:00+00:00
[2025-05-31T21:15:29.504-0300] {processor.py:183} INFO - Processing /home/walterg/Documentos/Data_projects/Data-Warehouse-postgres-DBT-airflow-/.venv/lib/python3.11/site-packages/airflow/example_dags/example_skip_dag.py took 0.056 seconds
[2025-05-31T21:16:29.130-0300] {processor.py:161} INFO - Started process (PID=37626) to work on /home/walterg/Documentos/Data_projects/Data-Warehouse-postgres-DBT-airflow-/.venv/lib/python3.11/site-packages/airflow/example_dags/example_skip_dag.py
[2025-05-31T21:16:29.135-0300] {processor.py:830} INFO - Processing file /home/walterg/Documentos/Data_projects/Data-Warehouse-postgres-DBT-airflow-/.venv/lib/python3.11/site-packages/airflow/example_dags/example_skip_dag.py for tasks to queue
[2025-05-31T21:16:29.137-0300] {logging_mixin.py:188} INFO - [2025-05-31T21:16:29.136-0300] {dagbag.py:538} INFO - Filling up the DagBag from /home/walterg/Documentos/Data_projects/Data-Warehouse-postgres-DBT-airflow-/.venv/lib/python3.11/site-packages/airflow/example_dags/example_skip_dag.py
[2025-05-31T21:16:29.144-0300] {processor.py:840} INFO - DAG(s) 'example_skip_dag' retrieved from /home/walterg/Documentos/Data_projects/Data-Warehouse-postgres-DBT-airflow-/.venv/lib/python3.11/site-packages/airflow/example_dags/example_skip_dag.py
[2025-05-31T21:16:29.158-0300] {logging_mixin.py:188} INFO - [2025-05-31T21:16:29.158-0300] {dag.py:3036} INFO - Sync 1 DAGs
[2025-05-31T21:16:29.171-0300] {logging_mixin.py:188} INFO - [2025-05-31T21:16:29.170-0300] {dag.py:3823} INFO - Setting next_dagrun for example_skip_dag to 2025-05-31 00:00:00+00:00, run_after=2025-06-01 00:00:00+00:00
[2025-05-31T21:16:29.190-0300] {processor.py:183} INFO - Processing /home/walterg/Documentos/Data_projects/Data-Warehouse-postgres-DBT-airflow-/.venv/lib/python3.11/site-packages/airflow/example_dags/example_skip_dag.py took 0.062 seconds
[2025-05-31T21:17:14.929-0300] {processor.py:161} INFO - Started process (PID=37840) to work on /home/walterg/Documentos/Data_projects/Data-Warehouse-postgres-DBT-airflow-/.venv/lib/python3.11/site-packages/airflow/example_dags/example_skip_dag.py
[2025-05-31T21:17:14.934-0300] {processor.py:830} INFO - Processing file /home/walterg/Documentos/Data_projects/Data-Warehouse-postgres-DBT-airflow-/.venv/lib/python3.11/site-packages/airflow/example_dags/example_skip_dag.py for tasks to queue
[2025-05-31T21:17:14.935-0300] {logging_mixin.py:188} INFO - [2025-05-31T21:17:14.935-0300] {dagbag.py:538} INFO - Filling up the DagBag from /home/walterg/Documentos/Data_projects/Data-Warehouse-postgres-DBT-airflow-/.venv/lib/python3.11/site-packages/airflow/example_dags/example_skip_dag.py
[2025-05-31T21:17:14.942-0300] {processor.py:840} INFO - DAG(s) 'example_skip_dag' retrieved from /home/walterg/Documentos/Data_projects/Data-Warehouse-postgres-DBT-airflow-/.venv/lib/python3.11/site-packages/airflow/example_dags/example_skip_dag.py
[2025-05-31T21:17:14.955-0300] {logging_mixin.py:188} INFO - [2025-05-31T21:17:14.954-0300] {dag.py:3036} INFO - Sync 1 DAGs
[2025-05-31T21:17:14.968-0300] {logging_mixin.py:188} INFO - [2025-05-31T21:17:14.968-0300] {dag.py:3823} INFO - Setting next_dagrun for example_skip_dag to 2025-05-31 00:00:00+00:00, run_after=2025-06-01 00:00:00+00:00
[2025-05-31T21:17:14.985-0300] {processor.py:183} INFO - Processing /home/walterg/Documentos/Data_projects/Data-Warehouse-postgres-DBT-airflow-/.venv/lib/python3.11/site-packages/airflow/example_dags/example_skip_dag.py took 0.058 seconds
[2025-05-31T21:17:58.612-0300] {processor.py:161} INFO - Started process (PID=37947) to work on /home/walterg/Documentos/Data_projects/Data-Warehouse-postgres-DBT-airflow-/.venv/lib/python3.11/site-packages/airflow/example_dags/example_skip_dag.py
[2025-05-31T21:17:58.613-0300] {processor.py:830} INFO - Processing file /home/walterg/Documentos/Data_projects/Data-Warehouse-postgres-DBT-airflow-/.venv/lib/python3.11/site-packages/airflow/example_dags/example_skip_dag.py for tasks to queue
[2025-05-31T21:17:58.614-0300] {logging_mixin.py:188} INFO - [2025-05-31T21:17:58.614-0300] {dagbag.py:538} INFO - Filling up the DagBag from /home/walterg/Documentos/Data_projects/Data-Warehouse-postgres-DBT-airflow-/.venv/lib/python3.11/site-packages/airflow/example_dags/example_skip_dag.py
[2025-05-31T21:17:58.620-0300] {processor.py:840} INFO - DAG(s) 'example_skip_dag' retrieved from /home/walterg/Documentos/Data_projects/Data-Warehouse-postgres-DBT-airflow-/.venv/lib/python3.11/site-packages/airflow/example_dags/example_skip_dag.py
[2025-05-31T21:17:58.633-0300] {logging_mixin.py:188} INFO - [2025-05-31T21:17:58.633-0300] {dag.py:3036} INFO - Sync 1 DAGs
[2025-05-31T21:17:58.646-0300] {logging_mixin.py:188} INFO - [2025-05-31T21:17:58.646-0300] {dag.py:3823} INFO - Setting next_dagrun for example_skip_dag to 2025-05-31 00:00:00+00:00, run_after=2025-06-01 00:00:00+00:00
[2025-05-31T21:17:58.663-0300] {processor.py:183} INFO - Processing /home/walterg/Documentos/Data_projects/Data-Warehouse-postgres-DBT-airflow-/.venv/lib/python3.11/site-packages/airflow/example_dags/example_skip_dag.py took 0.054 seconds
[2025-05-31T21:18:45.349-0300] {processor.py:161} INFO - Started process (PID=38145) to work on /home/walterg/Documentos/Data_projects/Data-Warehouse-postgres-DBT-airflow-/.venv/lib/python3.11/site-packages/airflow/example_dags/example_skip_dag.py
[2025-05-31T21:18:45.355-0300] {processor.py:830} INFO - Processing file /home/walterg/Documentos/Data_projects/Data-Warehouse-postgres-DBT-airflow-/.venv/lib/python3.11/site-packages/airflow/example_dags/example_skip_dag.py for tasks to queue
[2025-05-31T21:18:45.355-0300] {logging_mixin.py:188} INFO - [2025-05-31T21:18:45.355-0300] {dagbag.py:538} INFO - Filling up the DagBag from /home/walterg/Documentos/Data_projects/Data-Warehouse-postgres-DBT-airflow-/.venv/lib/python3.11/site-packages/airflow/example_dags/example_skip_dag.py
[2025-05-31T21:18:45.361-0300] {processor.py:840} INFO - DAG(s) 'example_skip_dag' retrieved from /home/walterg/Documentos/Data_projects/Data-Warehouse-postgres-DBT-airflow-/.venv/lib/python3.11/site-packages/airflow/example_dags/example_skip_dag.py
[2025-05-31T21:18:45.373-0300] {logging_mixin.py:188} INFO - [2025-05-31T21:18:45.373-0300] {dag.py:3036} INFO - Sync 1 DAGs
[2025-05-31T21:18:45.386-0300] {logging_mixin.py:188} INFO - [2025-05-31T21:18:45.386-0300] {dag.py:3823} INFO - Setting next_dagrun for example_skip_dag to 2025-05-31 00:00:00+00:00, run_after=2025-06-01 00:00:00+00:00
[2025-05-31T21:18:45.402-0300] {processor.py:183} INFO - Processing /home/walterg/Documentos/Data_projects/Data-Warehouse-postgres-DBT-airflow-/.venv/lib/python3.11/site-packages/airflow/example_dags/example_skip_dag.py took 0.055 seconds
[2025-05-31T21:19:27.103-0300] {processor.py:161} INFO - Started process (PID=38371) to work on /home/walterg/Documentos/Data_projects/Data-Warehouse-postgres-DBT-airflow-/.venv/lib/python3.11/site-packages/airflow/example_dags/example_skip_dag.py
[2025-05-31T21:19:27.108-0300] {processor.py:830} INFO - Processing file /home/walterg/Documentos/Data_projects/Data-Warehouse-postgres-DBT-airflow-/.venv/lib/python3.11/site-packages/airflow/example_dags/example_skip_dag.py for tasks to queue
[2025-05-31T21:19:27.109-0300] {logging_mixin.py:188} INFO - [2025-05-31T21:19:27.108-0300] {dagbag.py:538} INFO - Filling up the DagBag from /home/walterg/Documentos/Data_projects/Data-Warehouse-postgres-DBT-airflow-/.venv/lib/python3.11/site-packages/airflow/example_dags/example_skip_dag.py
[2025-05-31T21:19:27.115-0300] {processor.py:840} INFO - DAG(s) 'example_skip_dag' retrieved from /home/walterg/Documentos/Data_projects/Data-Warehouse-postgres-DBT-airflow-/.venv/lib/python3.11/site-packages/airflow/example_dags/example_skip_dag.py
[2025-05-31T21:19:27.128-0300] {logging_mixin.py:188} INFO - [2025-05-31T21:19:27.128-0300] {dag.py:3036} INFO - Sync 1 DAGs
[2025-05-31T21:19:27.142-0300] {logging_mixin.py:188} INFO - [2025-05-31T21:19:27.142-0300] {dag.py:3823} INFO - Setting next_dagrun for example_skip_dag to 2025-05-31 00:00:00+00:00, run_after=2025-06-01 00:00:00+00:00
[2025-05-31T21:19:27.164-0300] {processor.py:183} INFO - Processing /home/walterg/Documentos/Data_projects/Data-Warehouse-postgres-DBT-airflow-/.venv/lib/python3.11/site-packages/airflow/example_dags/example_skip_dag.py took 0.064 seconds
[2025-05-31T21:20:10.492-0300] {processor.py:161} INFO - Started process (PID=38557) to work on /home/walterg/Documentos/Data_projects/Data-Warehouse-postgres-DBT-airflow-/.venv/lib/python3.11/site-packages/airflow/example_dags/example_skip_dag.py
[2025-05-31T21:20:10.497-0300] {processor.py:830} INFO - Processing file /home/walterg/Documentos/Data_projects/Data-Warehouse-postgres-DBT-airflow-/.venv/lib/python3.11/site-packages/airflow/example_dags/example_skip_dag.py for tasks to queue
[2025-05-31T21:20:10.498-0300] {logging_mixin.py:188} INFO - [2025-05-31T21:20:10.498-0300] {dagbag.py:538} INFO - Filling up the DagBag from /home/walterg/Documentos/Data_projects/Data-Warehouse-postgres-DBT-airflow-/.venv/lib/python3.11/site-packages/airflow/example_dags/example_skip_dag.py
[2025-05-31T21:20:10.504-0300] {processor.py:840} INFO - DAG(s) 'example_skip_dag' retrieved from /home/walterg/Documentos/Data_projects/Data-Warehouse-postgres-DBT-airflow-/.venv/lib/python3.11/site-packages/airflow/example_dags/example_skip_dag.py
[2025-05-31T21:20:10.516-0300] {logging_mixin.py:188} INFO - [2025-05-31T21:20:10.516-0300] {dag.py:3036} INFO - Sync 1 DAGs
[2025-05-31T21:20:10.529-0300] {logging_mixin.py:188} INFO - [2025-05-31T21:20:10.529-0300] {dag.py:3823} INFO - Setting next_dagrun for example_skip_dag to 2025-05-31 00:00:00+00:00, run_after=2025-06-01 00:00:00+00:00
[2025-05-31T21:20:10.546-0300] {processor.py:183} INFO - Processing /home/walterg/Documentos/Data_projects/Data-Warehouse-postgres-DBT-airflow-/.venv/lib/python3.11/site-packages/airflow/example_dags/example_skip_dag.py took 0.056 seconds
[2025-05-31T21:20:49.421-0300] {processor.py:161} INFO - Started process (PID=38656) to work on /home/walterg/Documentos/Data_projects/Data-Warehouse-postgres-DBT-airflow-/.venv/lib/python3.11/site-packages/airflow/example_dags/example_skip_dag.py
[2025-05-31T21:20:49.426-0300] {processor.py:830} INFO - Processing file /home/walterg/Documentos/Data_projects/Data-Warehouse-postgres-DBT-airflow-/.venv/lib/python3.11/site-packages/airflow/example_dags/example_skip_dag.py for tasks to queue
[2025-05-31T21:20:49.427-0300] {logging_mixin.py:188} INFO - [2025-05-31T21:20:49.427-0300] {dagbag.py:538} INFO - Filling up the DagBag from /home/walterg/Documentos/Data_projects/Data-Warehouse-postgres-DBT-airflow-/.venv/lib/python3.11/site-packages/airflow/example_dags/example_skip_dag.py
[2025-05-31T21:20:49.433-0300] {processor.py:840} INFO - DAG(s) 'example_skip_dag' retrieved from /home/walterg/Documentos/Data_projects/Data-Warehouse-postgres-DBT-airflow-/.venv/lib/python3.11/site-packages/airflow/example_dags/example_skip_dag.py
[2025-05-31T21:20:49.447-0300] {logging_mixin.py:188} INFO - [2025-05-31T21:20:49.446-0300] {dag.py:3036} INFO - Sync 1 DAGs
[2025-05-31T21:20:49.460-0300] {logging_mixin.py:188} INFO - [2025-05-31T21:20:49.460-0300] {dag.py:3823} INFO - Setting next_dagrun for example_skip_dag to 2025-05-31 00:00:00+00:00, run_after=2025-06-01 00:00:00+00:00
[2025-05-31T21:20:49.478-0300] {processor.py:183} INFO - Processing /home/walterg/Documentos/Data_projects/Data-Warehouse-postgres-DBT-airflow-/.venv/lib/python3.11/site-packages/airflow/example_dags/example_skip_dag.py took 0.060 seconds
[2025-05-31T21:21:30.112-0300] {processor.py:161} INFO - Started process (PID=38895) to work on /home/walterg/Documentos/Data_projects/Data-Warehouse-postgres-DBT-airflow-/.venv/lib/python3.11/site-packages/airflow/example_dags/example_skip_dag.py
[2025-05-31T21:21:30.118-0300] {processor.py:830} INFO - Processing file /home/walterg/Documentos/Data_projects/Data-Warehouse-postgres-DBT-airflow-/.venv/lib/python3.11/site-packages/airflow/example_dags/example_skip_dag.py for tasks to queue
[2025-05-31T21:21:30.118-0300] {logging_mixin.py:188} INFO - [2025-05-31T21:21:30.118-0300] {dagbag.py:538} INFO - Filling up the DagBag from /home/walterg/Documentos/Data_projects/Data-Warehouse-postgres-DBT-airflow-/.venv/lib/python3.11/site-packages/airflow/example_dags/example_skip_dag.py
[2025-05-31T21:21:30.125-0300] {processor.py:840} INFO - DAG(s) 'example_skip_dag' retrieved from /home/walterg/Documentos/Data_projects/Data-Warehouse-postgres-DBT-airflow-/.venv/lib/python3.11/site-packages/airflow/example_dags/example_skip_dag.py
[2025-05-31T21:21:30.138-0300] {logging_mixin.py:188} INFO - [2025-05-31T21:21:30.138-0300] {dag.py:3036} INFO - Sync 1 DAGs
[2025-05-31T21:21:30.153-0300] {logging_mixin.py:188} INFO - [2025-05-31T21:21:30.153-0300] {dag.py:3823} INFO - Setting next_dagrun for example_skip_dag to 2025-05-31 00:00:00+00:00, run_after=2025-06-01 00:00:00+00:00
[2025-05-31T21:21:30.171-0300] {processor.py:183} INFO - Processing /home/walterg/Documentos/Data_projects/Data-Warehouse-postgres-DBT-airflow-/.venv/lib/python3.11/site-packages/airflow/example_dags/example_skip_dag.py took 0.062 seconds
[2025-05-31T21:22:14.483-0300] {processor.py:161} INFO - Started process (PID=39226) to work on /home/walterg/Documentos/Data_projects/Data-Warehouse-postgres-DBT-airflow-/.venv/lib/python3.11/site-packages/airflow/example_dags/example_skip_dag.py
[2025-05-31T21:22:14.488-0300] {processor.py:830} INFO - Processing file /home/walterg/Documentos/Data_projects/Data-Warehouse-postgres-DBT-airflow-/.venv/lib/python3.11/site-packages/airflow/example_dags/example_skip_dag.py for tasks to queue
[2025-05-31T21:22:14.490-0300] {logging_mixin.py:188} INFO - [2025-05-31T21:22:14.489-0300] {dagbag.py:538} INFO - Filling up the DagBag from /home/walterg/Documentos/Data_projects/Data-Warehouse-postgres-DBT-airflow-/.venv/lib/python3.11/site-packages/airflow/example_dags/example_skip_dag.py
[2025-05-31T21:22:14.498-0300] {processor.py:840} INFO - DAG(s) 'example_skip_dag' retrieved from /home/walterg/Documentos/Data_projects/Data-Warehouse-postgres-DBT-airflow-/.venv/lib/python3.11/site-packages/airflow/example_dags/example_skip_dag.py
[2025-05-31T21:22:14.514-0300] {logging_mixin.py:188} INFO - [2025-05-31T21:22:14.514-0300] {dag.py:3036} INFO - Sync 1 DAGs
[2025-05-31T21:22:14.535-0300] {logging_mixin.py:188} INFO - [2025-05-31T21:22:14.535-0300] {dag.py:3823} INFO - Setting next_dagrun for example_skip_dag to 2025-05-31 00:00:00+00:00, run_after=2025-06-01 00:00:00+00:00
[2025-05-31T21:22:14.557-0300] {processor.py:183} INFO - Processing /home/walterg/Documentos/Data_projects/Data-Warehouse-postgres-DBT-airflow-/.venv/lib/python3.11/site-packages/airflow/example_dags/example_skip_dag.py took 0.077 seconds
[2025-05-31T21:22:56.997-0300] {processor.py:161} INFO - Started process (PID=39376) to work on /home/walterg/Documentos/Data_projects/Data-Warehouse-postgres-DBT-airflow-/.venv/lib/python3.11/site-packages/airflow/example_dags/example_skip_dag.py
[2025-05-31T21:22:57.002-0300] {processor.py:830} INFO - Processing file /home/walterg/Documentos/Data_projects/Data-Warehouse-postgres-DBT-airflow-/.venv/lib/python3.11/site-packages/airflow/example_dags/example_skip_dag.py for tasks to queue
[2025-05-31T21:22:57.003-0300] {logging_mixin.py:188} INFO - [2025-05-31T21:22:57.003-0300] {dagbag.py:538} INFO - Filling up the DagBag from /home/walterg/Documentos/Data_projects/Data-Warehouse-postgres-DBT-airflow-/.venv/lib/python3.11/site-packages/airflow/example_dags/example_skip_dag.py
[2025-05-31T21:22:57.009-0300] {processor.py:840} INFO - DAG(s) 'example_skip_dag' retrieved from /home/walterg/Documentos/Data_projects/Data-Warehouse-postgres-DBT-airflow-/.venv/lib/python3.11/site-packages/airflow/example_dags/example_skip_dag.py
[2025-05-31T21:22:57.022-0300] {logging_mixin.py:188} INFO - [2025-05-31T21:22:57.022-0300] {dag.py:3036} INFO - Sync 1 DAGs
[2025-05-31T21:22:57.133-0300] {logging_mixin.py:188} INFO - [2025-05-31T21:22:57.133-0300] {dag.py:3823} INFO - Setting next_dagrun for example_skip_dag to 2025-05-31 00:00:00+00:00, run_after=2025-06-01 00:00:00+00:00
[2025-05-31T21:22:57.153-0300] {processor.py:183} INFO - Processing /home/walterg/Documentos/Data_projects/Data-Warehouse-postgres-DBT-airflow-/.venv/lib/python3.11/site-packages/airflow/example_dags/example_skip_dag.py took 0.158 seconds
[2025-05-31T21:23:41.404-0300] {processor.py:161} INFO - Started process (PID=39589) to work on /home/walterg/Documentos/Data_projects/Data-Warehouse-postgres-DBT-airflow-/.venv/lib/python3.11/site-packages/airflow/example_dags/example_skip_dag.py
[2025-05-31T21:23:41.409-0300] {processor.py:830} INFO - Processing file /home/walterg/Documentos/Data_projects/Data-Warehouse-postgres-DBT-airflow-/.venv/lib/python3.11/site-packages/airflow/example_dags/example_skip_dag.py for tasks to queue
[2025-05-31T21:23:41.411-0300] {logging_mixin.py:188} INFO - [2025-05-31T21:23:41.410-0300] {dagbag.py:538} INFO - Filling up the DagBag from /home/walterg/Documentos/Data_projects/Data-Warehouse-postgres-DBT-airflow-/.venv/lib/python3.11/site-packages/airflow/example_dags/example_skip_dag.py
[2025-05-31T21:23:41.417-0300] {processor.py:840} INFO - DAG(s) 'example_skip_dag' retrieved from /home/walterg/Documentos/Data_projects/Data-Warehouse-postgres-DBT-airflow-/.venv/lib/python3.11/site-packages/airflow/example_dags/example_skip_dag.py
[2025-05-31T21:23:41.435-0300] {logging_mixin.py:188} INFO - [2025-05-31T21:23:41.435-0300] {dag.py:3036} INFO - Sync 1 DAGs
[2025-05-31T21:23:41.450-0300] {logging_mixin.py:188} INFO - [2025-05-31T21:23:41.450-0300] {dag.py:3823} INFO - Setting next_dagrun for example_skip_dag to 2025-05-31 00:00:00+00:00, run_after=2025-06-01 00:00:00+00:00
[2025-05-31T21:23:41.468-0300] {processor.py:183} INFO - Processing /home/walterg/Documentos/Data_projects/Data-Warehouse-postgres-DBT-airflow-/.venv/lib/python3.11/site-packages/airflow/example_dags/example_skip_dag.py took 0.067 seconds
[2025-05-31T21:24:29.070-0300] {processor.py:161} INFO - Started process (PID=39767) to work on /home/walterg/Documentos/Data_projects/Data-Warehouse-postgres-DBT-airflow-/.venv/lib/python3.11/site-packages/airflow/example_dags/example_skip_dag.py
[2025-05-31T21:24:29.075-0300] {processor.py:830} INFO - Processing file /home/walterg/Documentos/Data_projects/Data-Warehouse-postgres-DBT-airflow-/.venv/lib/python3.11/site-packages/airflow/example_dags/example_skip_dag.py for tasks to queue
[2025-05-31T21:24:29.076-0300] {logging_mixin.py:188} INFO - [2025-05-31T21:24:29.076-0300] {dagbag.py:538} INFO - Filling up the DagBag from /home/walterg/Documentos/Data_projects/Data-Warehouse-postgres-DBT-airflow-/.venv/lib/python3.11/site-packages/airflow/example_dags/example_skip_dag.py
[2025-05-31T21:24:29.082-0300] {processor.py:840} INFO - DAG(s) 'example_skip_dag' retrieved from /home/walterg/Documentos/Data_projects/Data-Warehouse-postgres-DBT-airflow-/.venv/lib/python3.11/site-packages/airflow/example_dags/example_skip_dag.py
[2025-05-31T21:24:29.095-0300] {logging_mixin.py:188} INFO - [2025-05-31T21:24:29.095-0300] {dag.py:3036} INFO - Sync 1 DAGs
[2025-05-31T21:24:29.208-0300] {logging_mixin.py:188} INFO - [2025-05-31T21:24:29.207-0300] {dag.py:3823} INFO - Setting next_dagrun for example_skip_dag to 2025-05-31 00:00:00+00:00, run_after=2025-06-01 00:00:00+00:00
[2025-05-31T21:24:29.227-0300] {processor.py:183} INFO - Processing /home/walterg/Documentos/Data_projects/Data-Warehouse-postgres-DBT-airflow-/.venv/lib/python3.11/site-packages/airflow/example_dags/example_skip_dag.py took 0.160 seconds
[2025-05-31T21:25:19.557-0300] {processor.py:161} INFO - Started process (PID=40023) to work on /home/walterg/Documentos/Data_projects/Data-Warehouse-postgres-DBT-airflow-/.venv/lib/python3.11/site-packages/airflow/example_dags/example_skip_dag.py
[2025-05-31T21:25:19.562-0300] {processor.py:830} INFO - Processing file /home/walterg/Documentos/Data_projects/Data-Warehouse-postgres-DBT-airflow-/.venv/lib/python3.11/site-packages/airflow/example_dags/example_skip_dag.py for tasks to queue
[2025-05-31T21:25:19.564-0300] {logging_mixin.py:188} INFO - [2025-05-31T21:25:19.563-0300] {dagbag.py:538} INFO - Filling up the DagBag from /home/walterg/Documentos/Data_projects/Data-Warehouse-postgres-DBT-airflow-/.venv/lib/python3.11/site-packages/airflow/example_dags/example_skip_dag.py
[2025-05-31T21:25:19.570-0300] {processor.py:840} INFO - DAG(s) 'example_skip_dag' retrieved from /home/walterg/Documentos/Data_projects/Data-Warehouse-postgres-DBT-airflow-/.venv/lib/python3.11/site-packages/airflow/example_dags/example_skip_dag.py
[2025-05-31T21:25:19.583-0300] {logging_mixin.py:188} INFO - [2025-05-31T21:25:19.583-0300] {dag.py:3036} INFO - Sync 1 DAGs
[2025-05-31T21:25:19.598-0300] {logging_mixin.py:188} INFO - [2025-05-31T21:25:19.598-0300] {dag.py:3823} INFO - Setting next_dagrun for example_skip_dag to 2025-05-31 00:00:00+00:00, run_after=2025-06-01 00:00:00+00:00
[2025-05-31T21:25:19.615-0300] {processor.py:183} INFO - Processing /home/walterg/Documentos/Data_projects/Data-Warehouse-postgres-DBT-airflow-/.venv/lib/python3.11/site-packages/airflow/example_dags/example_skip_dag.py took 0.061 seconds
[2025-05-31T21:26:00.938-0300] {processor.py:161} INFO - Started process (PID=40352) to work on /home/walterg/Documentos/Data_projects/Data-Warehouse-postgres-DBT-airflow-/.venv/lib/python3.11/site-packages/airflow/example_dags/example_skip_dag.py
[2025-05-31T21:26:00.943-0300] {processor.py:830} INFO - Processing file /home/walterg/Documentos/Data_projects/Data-Warehouse-postgres-DBT-airflow-/.venv/lib/python3.11/site-packages/airflow/example_dags/example_skip_dag.py for tasks to queue
[2025-05-31T21:26:00.945-0300] {logging_mixin.py:188} INFO - [2025-05-31T21:26:00.944-0300] {dagbag.py:538} INFO - Filling up the DagBag from /home/walterg/Documentos/Data_projects/Data-Warehouse-postgres-DBT-airflow-/.venv/lib/python3.11/site-packages/airflow/example_dags/example_skip_dag.py
[2025-05-31T21:26:00.951-0300] {processor.py:840} INFO - DAG(s) 'example_skip_dag' retrieved from /home/walterg/Documentos/Data_projects/Data-Warehouse-postgres-DBT-airflow-/.venv/lib/python3.11/site-packages/airflow/example_dags/example_skip_dag.py
[2025-05-31T21:26:00.963-0300] {logging_mixin.py:188} INFO - [2025-05-31T21:26:00.963-0300] {dag.py:3036} INFO - Sync 1 DAGs
[2025-05-31T21:26:00.976-0300] {logging_mixin.py:188} INFO - [2025-05-31T21:26:00.976-0300] {dag.py:3823} INFO - Setting next_dagrun for example_skip_dag to 2025-05-31 00:00:00+00:00, run_after=2025-06-01 00:00:00+00:00
[2025-05-31T21:26:00.997-0300] {processor.py:183} INFO - Processing /home/walterg/Documentos/Data_projects/Data-Warehouse-postgres-DBT-airflow-/.venv/lib/python3.11/site-packages/airflow/example_dags/example_skip_dag.py took 0.061 seconds
[2025-05-31T21:27:01.073-0300] {processor.py:161} INFO - Started process (PID=40704) to work on /home/walterg/Documentos/Data_projects/Data-Warehouse-postgres-DBT-airflow-/.venv/lib/python3.11/site-packages/airflow/example_dags/example_skip_dag.py
[2025-05-31T21:27:01.079-0300] {processor.py:830} INFO - Processing file /home/walterg/Documentos/Data_projects/Data-Warehouse-postgres-DBT-airflow-/.venv/lib/python3.11/site-packages/airflow/example_dags/example_skip_dag.py for tasks to queue
[2025-05-31T21:27:01.080-0300] {logging_mixin.py:188} INFO - [2025-05-31T21:27:01.080-0300] {dagbag.py:538} INFO - Filling up the DagBag from /home/walterg/Documentos/Data_projects/Data-Warehouse-postgres-DBT-airflow-/.venv/lib/python3.11/site-packages/airflow/example_dags/example_skip_dag.py
[2025-05-31T21:27:01.087-0300] {processor.py:840} INFO - DAG(s) 'example_skip_dag' retrieved from /home/walterg/Documentos/Data_projects/Data-Warehouse-postgres-DBT-airflow-/.venv/lib/python3.11/site-packages/airflow/example_dags/example_skip_dag.py
[2025-05-31T21:27:01.100-0300] {logging_mixin.py:188} INFO - [2025-05-31T21:27:01.099-0300] {dag.py:3036} INFO - Sync 1 DAGs
[2025-05-31T21:27:01.112-0300] {logging_mixin.py:188} INFO - [2025-05-31T21:27:01.112-0300] {dag.py:3823} INFO - Setting next_dagrun for example_skip_dag to 2025-05-31 00:00:00+00:00, run_after=2025-06-01 00:00:00+00:00
[2025-05-31T21:27:01.130-0300] {processor.py:183} INFO - Processing /home/walterg/Documentos/Data_projects/Data-Warehouse-postgres-DBT-airflow-/.venv/lib/python3.11/site-packages/airflow/example_dags/example_skip_dag.py took 0.059 seconds
[2025-05-31T21:27:42.309-0300] {processor.py:161} INFO - Started process (PID=41156) to work on /home/walterg/Documentos/Data_projects/Data-Warehouse-postgres-DBT-airflow-/.venv/lib/python3.11/site-packages/airflow/example_dags/example_skip_dag.py
[2025-05-31T21:27:42.314-0300] {processor.py:830} INFO - Processing file /home/walterg/Documentos/Data_projects/Data-Warehouse-postgres-DBT-airflow-/.venv/lib/python3.11/site-packages/airflow/example_dags/example_skip_dag.py for tasks to queue
[2025-05-31T21:27:42.315-0300] {logging_mixin.py:188} INFO - [2025-05-31T21:27:42.314-0300] {dagbag.py:538} INFO - Filling up the DagBag from /home/walterg/Documentos/Data_projects/Data-Warehouse-postgres-DBT-airflow-/.venv/lib/python3.11/site-packages/airflow/example_dags/example_skip_dag.py
[2025-05-31T21:27:42.322-0300] {processor.py:840} INFO - DAG(s) 'example_skip_dag' retrieved from /home/walterg/Documentos/Data_projects/Data-Warehouse-postgres-DBT-airflow-/.venv/lib/python3.11/site-packages/airflow/example_dags/example_skip_dag.py
[2025-05-31T21:27:42.341-0300] {logging_mixin.py:188} INFO - [2025-05-31T21:27:42.340-0300] {dag.py:3036} INFO - Sync 1 DAGs
[2025-05-31T21:27:42.359-0300] {logging_mixin.py:188} INFO - [2025-05-31T21:27:42.359-0300] {dag.py:3823} INFO - Setting next_dagrun for example_skip_dag to 2025-05-31 00:00:00+00:00, run_after=2025-06-01 00:00:00+00:00
[2025-05-31T21:27:42.381-0300] {processor.py:183} INFO - Processing /home/walterg/Documentos/Data_projects/Data-Warehouse-postgres-DBT-airflow-/.venv/lib/python3.11/site-packages/airflow/example_dags/example_skip_dag.py took 0.075 seconds
[2025-05-31T21:28:42.233-0300] {processor.py:161} INFO - Started process (PID=41431) to work on /home/walterg/Documentos/Data_projects/Data-Warehouse-postgres-DBT-airflow-/.venv/lib/python3.11/site-packages/airflow/example_dags/example_skip_dag.py
[2025-05-31T21:28:42.238-0300] {processor.py:830} INFO - Processing file /home/walterg/Documentos/Data_projects/Data-Warehouse-postgres-DBT-airflow-/.venv/lib/python3.11/site-packages/airflow/example_dags/example_skip_dag.py for tasks to queue
[2025-05-31T21:28:42.239-0300] {logging_mixin.py:188} INFO - [2025-05-31T21:28:42.239-0300] {dagbag.py:538} INFO - Filling up the DagBag from /home/walterg/Documentos/Data_projects/Data-Warehouse-postgres-DBT-airflow-/.venv/lib/python3.11/site-packages/airflow/example_dags/example_skip_dag.py
[2025-05-31T21:28:42.246-0300] {processor.py:840} INFO - DAG(s) 'example_skip_dag' retrieved from /home/walterg/Documentos/Data_projects/Data-Warehouse-postgres-DBT-airflow-/.venv/lib/python3.11/site-packages/airflow/example_dags/example_skip_dag.py
[2025-05-31T21:28:42.258-0300] {logging_mixin.py:188} INFO - [2025-05-31T21:28:42.258-0300] {dag.py:3036} INFO - Sync 1 DAGs
[2025-05-31T21:28:42.271-0300] {logging_mixin.py:188} INFO - [2025-05-31T21:28:42.271-0300] {dag.py:3823} INFO - Setting next_dagrun for example_skip_dag to 2025-05-31 00:00:00+00:00, run_after=2025-06-01 00:00:00+00:00
[2025-05-31T21:28:42.287-0300] {processor.py:183} INFO - Processing /home/walterg/Documentos/Data_projects/Data-Warehouse-postgres-DBT-airflow-/.venv/lib/python3.11/site-packages/airflow/example_dags/example_skip_dag.py took 0.057 seconds
[2025-05-31T21:29:22.720-0300] {processor.py:161} INFO - Started process (PID=41645) to work on /home/walterg/Documentos/Data_projects/Data-Warehouse-postgres-DBT-airflow-/.venv/lib/python3.11/site-packages/airflow/example_dags/example_skip_dag.py
[2025-05-31T21:29:22.725-0300] {processor.py:830} INFO - Processing file /home/walterg/Documentos/Data_projects/Data-Warehouse-postgres-DBT-airflow-/.venv/lib/python3.11/site-packages/airflow/example_dags/example_skip_dag.py for tasks to queue
[2025-05-31T21:29:22.726-0300] {logging_mixin.py:188} INFO - [2025-05-31T21:29:22.726-0300] {dagbag.py:538} INFO - Filling up the DagBag from /home/walterg/Documentos/Data_projects/Data-Warehouse-postgres-DBT-airflow-/.venv/lib/python3.11/site-packages/airflow/example_dags/example_skip_dag.py
[2025-05-31T21:29:22.733-0300] {processor.py:840} INFO - DAG(s) 'example_skip_dag' retrieved from /home/walterg/Documentos/Data_projects/Data-Warehouse-postgres-DBT-airflow-/.venv/lib/python3.11/site-packages/airflow/example_dags/example_skip_dag.py
[2025-05-31T21:29:22.747-0300] {logging_mixin.py:188} INFO - [2025-05-31T21:29:22.747-0300] {dag.py:3036} INFO - Sync 1 DAGs
[2025-05-31T21:29:22.761-0300] {logging_mixin.py:188} INFO - [2025-05-31T21:29:22.761-0300] {dag.py:3823} INFO - Setting next_dagrun for example_skip_dag to 2025-05-31 00:00:00+00:00, run_after=2025-06-01 00:00:00+00:00
[2025-05-31T21:29:22.779-0300] {processor.py:183} INFO - Processing /home/walterg/Documentos/Data_projects/Data-Warehouse-postgres-DBT-airflow-/.venv/lib/python3.11/site-packages/airflow/example_dags/example_skip_dag.py took 0.062 seconds
[2025-05-31T21:30:01.419-0300] {processor.py:161} INFO - Started process (PID=41743) to work on /home/walterg/Documentos/Data_projects/Data-Warehouse-postgres-DBT-airflow-/.venv/lib/python3.11/site-packages/airflow/example_dags/example_skip_dag.py
[2025-05-31T21:30:01.424-0300] {processor.py:830} INFO - Processing file /home/walterg/Documentos/Data_projects/Data-Warehouse-postgres-DBT-airflow-/.venv/lib/python3.11/site-packages/airflow/example_dags/example_skip_dag.py for tasks to queue
[2025-05-31T21:30:01.425-0300] {logging_mixin.py:188} INFO - [2025-05-31T21:30:01.425-0300] {dagbag.py:538} INFO - Filling up the DagBag from /home/walterg/Documentos/Data_projects/Data-Warehouse-postgres-DBT-airflow-/.venv/lib/python3.11/site-packages/airflow/example_dags/example_skip_dag.py
[2025-05-31T21:30:01.431-0300] {processor.py:840} INFO - DAG(s) 'example_skip_dag' retrieved from /home/walterg/Documentos/Data_projects/Data-Warehouse-postgres-DBT-airflow-/.venv/lib/python3.11/site-packages/airflow/example_dags/example_skip_dag.py
[2025-05-31T21:30:01.443-0300] {logging_mixin.py:188} INFO - [2025-05-31T21:30:01.443-0300] {dag.py:3036} INFO - Sync 1 DAGs
[2025-05-31T21:30:01.456-0300] {logging_mixin.py:188} INFO - [2025-05-31T21:30:01.456-0300] {dag.py:3823} INFO - Setting next_dagrun for example_skip_dag to 2025-05-31 00:00:00+00:00, run_after=2025-06-01 00:00:00+00:00
[2025-05-31T21:30:01.472-0300] {processor.py:183} INFO - Processing /home/walterg/Documentos/Data_projects/Data-Warehouse-postgres-DBT-airflow-/.venv/lib/python3.11/site-packages/airflow/example_dags/example_skip_dag.py took 0.055 seconds
[2025-05-31T21:30:42.697-0300] {processor.py:161} INFO - Started process (PID=41909) to work on /home/walterg/Documentos/Data_projects/Data-Warehouse-postgres-DBT-airflow-/.venv/lib/python3.11/site-packages/airflow/example_dags/example_skip_dag.py
[2025-05-31T21:30:42.702-0300] {processor.py:830} INFO - Processing file /home/walterg/Documentos/Data_projects/Data-Warehouse-postgres-DBT-airflow-/.venv/lib/python3.11/site-packages/airflow/example_dags/example_skip_dag.py for tasks to queue
[2025-05-31T21:30:42.703-0300] {logging_mixin.py:188} INFO - [2025-05-31T21:30:42.703-0300] {dagbag.py:538} INFO - Filling up the DagBag from /home/walterg/Documentos/Data_projects/Data-Warehouse-postgres-DBT-airflow-/.venv/lib/python3.11/site-packages/airflow/example_dags/example_skip_dag.py
[2025-05-31T21:30:42.709-0300] {processor.py:840} INFO - DAG(s) 'example_skip_dag' retrieved from /home/walterg/Documentos/Data_projects/Data-Warehouse-postgres-DBT-airflow-/.venv/lib/python3.11/site-packages/airflow/example_dags/example_skip_dag.py
[2025-05-31T21:30:42.722-0300] {logging_mixin.py:188} INFO - [2025-05-31T21:30:42.722-0300] {dag.py:3036} INFO - Sync 1 DAGs
[2025-05-31T21:30:42.736-0300] {logging_mixin.py:188} INFO - [2025-05-31T21:30:42.736-0300] {dag.py:3823} INFO - Setting next_dagrun for example_skip_dag to 2025-05-31 00:00:00+00:00, run_after=2025-06-01 00:00:00+00:00
[2025-05-31T21:30:42.753-0300] {processor.py:183} INFO - Processing /home/walterg/Documentos/Data_projects/Data-Warehouse-postgres-DBT-airflow-/.venv/lib/python3.11/site-packages/airflow/example_dags/example_skip_dag.py took 0.058 seconds
[2025-05-31T21:31:23.176-0300] {processor.py:161} INFO - Started process (PID=42132) to work on /home/walterg/Documentos/Data_projects/Data-Warehouse-postgres-DBT-airflow-/.venv/lib/python3.11/site-packages/airflow/example_dags/example_skip_dag.py
[2025-05-31T21:31:23.181-0300] {processor.py:830} INFO - Processing file /home/walterg/Documentos/Data_projects/Data-Warehouse-postgres-DBT-airflow-/.venv/lib/python3.11/site-packages/airflow/example_dags/example_skip_dag.py for tasks to queue
[2025-05-31T21:31:23.182-0300] {logging_mixin.py:188} INFO - [2025-05-31T21:31:23.181-0300] {dagbag.py:538} INFO - Filling up the DagBag from /home/walterg/Documentos/Data_projects/Data-Warehouse-postgres-DBT-airflow-/.venv/lib/python3.11/site-packages/airflow/example_dags/example_skip_dag.py
[2025-05-31T21:31:23.188-0300] {processor.py:840} INFO - DAG(s) 'example_skip_dag' retrieved from /home/walterg/Documentos/Data_projects/Data-Warehouse-postgres-DBT-airflow-/.venv/lib/python3.11/site-packages/airflow/example_dags/example_skip_dag.py
[2025-05-31T21:31:23.201-0300] {logging_mixin.py:188} INFO - [2025-05-31T21:31:23.201-0300] {dag.py:3036} INFO - Sync 1 DAGs
[2025-05-31T21:31:23.214-0300] {logging_mixin.py:188} INFO - [2025-05-31T21:31:23.214-0300] {dag.py:3823} INFO - Setting next_dagrun for example_skip_dag to 2025-05-31 00:00:00+00:00, run_after=2025-06-01 00:00:00+00:00
[2025-05-31T21:31:23.231-0300] {processor.py:183} INFO - Processing /home/walterg/Documentos/Data_projects/Data-Warehouse-postgres-DBT-airflow-/.venv/lib/python3.11/site-packages/airflow/example_dags/example_skip_dag.py took 0.057 seconds
[2025-05-31T21:32:21.187-0300] {processor.py:161} INFO - Started process (PID=42400) to work on /home/walterg/Documentos/Data_projects/Data-Warehouse-postgres-DBT-airflow-/.venv/lib/python3.11/site-packages/airflow/example_dags/example_skip_dag.py
[2025-05-31T21:32:21.192-0300] {processor.py:830} INFO - Processing file /home/walterg/Documentos/Data_projects/Data-Warehouse-postgres-DBT-airflow-/.venv/lib/python3.11/site-packages/airflow/example_dags/example_skip_dag.py for tasks to queue
[2025-05-31T21:32:21.194-0300] {logging_mixin.py:188} INFO - [2025-05-31T21:32:21.193-0300] {dagbag.py:538} INFO - Filling up the DagBag from /home/walterg/Documentos/Data_projects/Data-Warehouse-postgres-DBT-airflow-/.venv/lib/python3.11/site-packages/airflow/example_dags/example_skip_dag.py
[2025-05-31T21:32:21.202-0300] {processor.py:840} INFO - DAG(s) 'example_skip_dag' retrieved from /home/walterg/Documentos/Data_projects/Data-Warehouse-postgres-DBT-airflow-/.venv/lib/python3.11/site-packages/airflow/example_dags/example_skip_dag.py
[2025-05-31T21:32:21.217-0300] {logging_mixin.py:188} INFO - [2025-05-31T21:32:21.217-0300] {dag.py:3036} INFO - Sync 1 DAGs
[2025-05-31T21:32:21.234-0300] {logging_mixin.py:188} INFO - [2025-05-31T21:32:21.234-0300] {dag.py:3823} INFO - Setting next_dagrun for example_skip_dag to 2025-05-31 00:00:00+00:00, run_after=2025-06-01 00:00:00+00:00
[2025-05-31T21:32:21.251-0300] {processor.py:183} INFO - Processing /home/walterg/Documentos/Data_projects/Data-Warehouse-postgres-DBT-airflow-/.venv/lib/python3.11/site-packages/airflow/example_dags/example_skip_dag.py took 0.068 seconds
[2025-05-31T21:33:08.720-0300] {processor.py:161} INFO - Started process (PID=42808) to work on /home/walterg/Documentos/Data_projects/Data-Warehouse-postgres-DBT-airflow-/.venv/lib/python3.11/site-packages/airflow/example_dags/example_skip_dag.py
[2025-05-31T21:33:08.724-0300] {processor.py:830} INFO - Processing file /home/walterg/Documentos/Data_projects/Data-Warehouse-postgres-DBT-airflow-/.venv/lib/python3.11/site-packages/airflow/example_dags/example_skip_dag.py for tasks to queue
[2025-05-31T21:33:08.726-0300] {logging_mixin.py:188} INFO - [2025-05-31T21:33:08.725-0300] {dagbag.py:538} INFO - Filling up the DagBag from /home/walterg/Documentos/Data_projects/Data-Warehouse-postgres-DBT-airflow-/.venv/lib/python3.11/site-packages/airflow/example_dags/example_skip_dag.py
[2025-05-31T21:33:08.732-0300] {processor.py:840} INFO - DAG(s) 'example_skip_dag' retrieved from /home/walterg/Documentos/Data_projects/Data-Warehouse-postgres-DBT-airflow-/.venv/lib/python3.11/site-packages/airflow/example_dags/example_skip_dag.py
[2025-05-31T21:33:08.744-0300] {logging_mixin.py:188} INFO - [2025-05-31T21:33:08.744-0300] {dag.py:3036} INFO - Sync 1 DAGs
[2025-05-31T21:33:08.759-0300] {logging_mixin.py:188} INFO - [2025-05-31T21:33:08.759-0300] {dag.py:3823} INFO - Setting next_dagrun for example_skip_dag to 2025-05-31 00:00:00+00:00, run_after=2025-06-01 00:00:00+00:00
[2025-05-31T21:33:08.777-0300] {processor.py:183} INFO - Processing /home/walterg/Documentos/Data_projects/Data-Warehouse-postgres-DBT-airflow-/.venv/lib/python3.11/site-packages/airflow/example_dags/example_skip_dag.py took 0.060 seconds
[2025-05-31T21:33:48.711-0300] {processor.py:161} INFO - Started process (PID=42906) to work on /home/walterg/Documentos/Data_projects/Data-Warehouse-postgres-DBT-airflow-/.venv/lib/python3.11/site-packages/airflow/example_dags/example_skip_dag.py
[2025-05-31T21:33:48.716-0300] {processor.py:830} INFO - Processing file /home/walterg/Documentos/Data_projects/Data-Warehouse-postgres-DBT-airflow-/.venv/lib/python3.11/site-packages/airflow/example_dags/example_skip_dag.py for tasks to queue
[2025-05-31T21:33:48.717-0300] {logging_mixin.py:188} INFO - [2025-05-31T21:33:48.717-0300] {dagbag.py:538} INFO - Filling up the DagBag from /home/walterg/Documentos/Data_projects/Data-Warehouse-postgres-DBT-airflow-/.venv/lib/python3.11/site-packages/airflow/example_dags/example_skip_dag.py
[2025-05-31T21:33:48.723-0300] {processor.py:840} INFO - DAG(s) 'example_skip_dag' retrieved from /home/walterg/Documentos/Data_projects/Data-Warehouse-postgres-DBT-airflow-/.venv/lib/python3.11/site-packages/airflow/example_dags/example_skip_dag.py
[2025-05-31T21:33:48.736-0300] {logging_mixin.py:188} INFO - [2025-05-31T21:33:48.735-0300] {dag.py:3036} INFO - Sync 1 DAGs
[2025-05-31T21:33:48.749-0300] {logging_mixin.py:188} INFO - [2025-05-31T21:33:48.748-0300] {dag.py:3823} INFO - Setting next_dagrun for example_skip_dag to 2025-05-31 00:00:00+00:00, run_after=2025-06-01 00:00:00+00:00
[2025-05-31T21:33:48.766-0300] {processor.py:183} INFO - Processing /home/walterg/Documentos/Data_projects/Data-Warehouse-postgres-DBT-airflow-/.venv/lib/python3.11/site-packages/airflow/example_dags/example_skip_dag.py took 0.057 seconds
[2025-05-31T21:34:42.345-0300] {processor.py:161} INFO - Started process (PID=43084) to work on /home/walterg/Documentos/Data_projects/Data-Warehouse-postgres-DBT-airflow-/.venv/lib/python3.11/site-packages/airflow/example_dags/example_skip_dag.py
[2025-05-31T21:34:42.351-0300] {processor.py:830} INFO - Processing file /home/walterg/Documentos/Data_projects/Data-Warehouse-postgres-DBT-airflow-/.venv/lib/python3.11/site-packages/airflow/example_dags/example_skip_dag.py for tasks to queue
[2025-05-31T21:34:42.352-0300] {logging_mixin.py:188} INFO - [2025-05-31T21:34:42.351-0300] {dagbag.py:538} INFO - Filling up the DagBag from /home/walterg/Documentos/Data_projects/Data-Warehouse-postgres-DBT-airflow-/.venv/lib/python3.11/site-packages/airflow/example_dags/example_skip_dag.py
[2025-05-31T21:34:42.358-0300] {processor.py:840} INFO - DAG(s) 'example_skip_dag' retrieved from /home/walterg/Documentos/Data_projects/Data-Warehouse-postgres-DBT-airflow-/.venv/lib/python3.11/site-packages/airflow/example_dags/example_skip_dag.py
[2025-05-31T21:34:42.370-0300] {logging_mixin.py:188} INFO - [2025-05-31T21:34:42.370-0300] {dag.py:3036} INFO - Sync 1 DAGs
[2025-05-31T21:34:42.390-0300] {logging_mixin.py:188} INFO - [2025-05-31T21:34:42.390-0300] {dag.py:3823} INFO - Setting next_dagrun for example_skip_dag to 2025-05-31 00:00:00+00:00, run_after=2025-06-01 00:00:00+00:00
[2025-05-31T21:34:42.414-0300] {processor.py:183} INFO - Processing /home/walterg/Documentos/Data_projects/Data-Warehouse-postgres-DBT-airflow-/.venv/lib/python3.11/site-packages/airflow/example_dags/example_skip_dag.py took 0.071 seconds
