[2025-05-31T21:00:26.350-0300] {processor.py:161} INFO - Started process (PID=32659) to work on /home/walterg/Documentos/Data_projects/Data-Warehouse-postgres-DBT-airflow-/.venv/lib/python3.11/site-packages/airflow/example_dags/example_trigger_controller_dag.py
[2025-05-31T21:00:26.351-0300] {processor.py:830} INFO - Processing file /home/walterg/Documentos/Data_projects/Data-Warehouse-postgres-DBT-airflow-/.venv/lib/python3.11/site-packages/airflow/example_dags/example_trigger_controller_dag.py for tasks to queue
[2025-05-31T21:00:26.351-0300] {logging_mixin.py:188} INFO - [2025-05-31T21:00:26.351-0300] {dagbag.py:538} INFO - Filling up the DagBag from /home/walterg/Documentos/Data_projects/Data-Warehouse-postgres-DBT-airflow-/.venv/lib/python3.11/site-packages/airflow/example_dags/example_trigger_controller_dag.py
[2025-05-31T21:00:26.355-0300] {processor.py:840} INFO - DAG(s) 'example_trigger_controller_dag' retrieved from /home/walterg/Documentos/Data_projects/Data-Warehouse-postgres-DBT-airflow-/.venv/lib/python3.11/site-packages/airflow/example_dags/example_trigger_controller_dag.py
[2025-05-31T21:00:26.369-0300] {logging_mixin.py:188} INFO - [2025-05-31T21:00:26.369-0300] {dag.py:3036} INFO - Sync 1 DAGs
[2025-05-31T21:00:26.383-0300] {logging_mixin.py:188} INFO - [2025-05-31T21:00:26.383-0300] {dag.py:3823} INFO - Setting next_dagrun for example_trigger_controller_dag to 2021-01-01 00:00:00+00:00, run_after=2021-01-01 00:00:00+00:00
[2025-05-31T21:00:26.402-0300] {processor.py:183} INFO - Processing /home/walterg/Documentos/Data_projects/Data-Warehouse-postgres-DBT-airflow-/.venv/lib/python3.11/site-packages/airflow/example_dags/example_trigger_controller_dag.py took 0.055 seconds
[2025-05-31T21:01:10.377-0300] {processor.py:161} INFO - Started process (PID=32889) to work on /home/walterg/Documentos/Data_projects/Data-Warehouse-postgres-DBT-airflow-/.venv/lib/python3.11/site-packages/airflow/example_dags/example_trigger_controller_dag.py
[2025-05-31T21:01:10.381-0300] {processor.py:830} INFO - Processing file /home/walterg/Documentos/Data_projects/Data-Warehouse-postgres-DBT-airflow-/.venv/lib/python3.11/site-packages/airflow/example_dags/example_trigger_controller_dag.py for tasks to queue
[2025-05-31T21:01:10.382-0300] {logging_mixin.py:188} INFO - [2025-05-31T21:01:10.382-0300] {dagbag.py:538} INFO - Filling up the DagBag from /home/walterg/Documentos/Data_projects/Data-Warehouse-postgres-DBT-airflow-/.venv/lib/python3.11/site-packages/airflow/example_dags/example_trigger_controller_dag.py
[2025-05-31T21:01:10.386-0300] {processor.py:840} INFO - DAG(s) 'example_trigger_controller_dag' retrieved from /home/walterg/Documentos/Data_projects/Data-Warehouse-postgres-DBT-airflow-/.venv/lib/python3.11/site-packages/airflow/example_dags/example_trigger_controller_dag.py
[2025-05-31T21:01:10.398-0300] {logging_mixin.py:188} INFO - [2025-05-31T21:01:10.398-0300] {dag.py:3036} INFO - Sync 1 DAGs
[2025-05-31T21:01:10.411-0300] {logging_mixin.py:188} INFO - [2025-05-31T21:01:10.411-0300] {dag.py:3823} INFO - Setting next_dagrun for example_trigger_controller_dag to 2021-01-01 00:00:00+00:00, run_after=2021-01-01 00:00:00+00:00
[2025-05-31T21:01:10.427-0300] {processor.py:183} INFO - Processing /home/walterg/Documentos/Data_projects/Data-Warehouse-postgres-DBT-airflow-/.venv/lib/python3.11/site-packages/airflow/example_dags/example_trigger_controller_dag.py took 0.053 seconds
[2025-05-31T21:01:52.390-0300] {processor.py:161} INFO - Started process (PID=33072) to work on /home/walterg/Documentos/Data_projects/Data-Warehouse-postgres-DBT-airflow-/.venv/lib/python3.11/site-packages/airflow/example_dags/example_trigger_controller_dag.py
[2025-05-31T21:01:52.395-0300] {processor.py:830} INFO - Processing file /home/walterg/Documentos/Data_projects/Data-Warehouse-postgres-DBT-airflow-/.venv/lib/python3.11/site-packages/airflow/example_dags/example_trigger_controller_dag.py for tasks to queue
[2025-05-31T21:01:52.396-0300] {logging_mixin.py:188} INFO - [2025-05-31T21:01:52.396-0300] {dagbag.py:538} INFO - Filling up the DagBag from /home/walterg/Documentos/Data_projects/Data-Warehouse-postgres-DBT-airflow-/.venv/lib/python3.11/site-packages/airflow/example_dags/example_trigger_controller_dag.py
[2025-05-31T21:01:52.401-0300] {processor.py:840} INFO - DAG(s) 'example_trigger_controller_dag' retrieved from /home/walterg/Documentos/Data_projects/Data-Warehouse-postgres-DBT-airflow-/.venv/lib/python3.11/site-packages/airflow/example_dags/example_trigger_controller_dag.py
[2025-05-31T21:01:52.416-0300] {logging_mixin.py:188} INFO - [2025-05-31T21:01:52.416-0300] {dag.py:3036} INFO - Sync 1 DAGs
[2025-05-31T21:01:52.431-0300] {logging_mixin.py:188} INFO - [2025-05-31T21:01:52.431-0300] {dag.py:3823} INFO - Setting next_dagrun for example_trigger_controller_dag to 2021-01-01 00:00:00+00:00, run_after=2021-01-01 00:00:00+00:00
[2025-05-31T21:01:52.448-0300] {processor.py:183} INFO - Processing /home/walterg/Documentos/Data_projects/Data-Warehouse-postgres-DBT-airflow-/.venv/lib/python3.11/site-packages/airflow/example_dags/example_trigger_controller_dag.py took 0.061 seconds
[2025-05-31T21:02:36.598-0300] {processor.py:161} INFO - Started process (PID=33369) to work on /home/walterg/Documentos/Data_projects/Data-Warehouse-postgres-DBT-airflow-/.venv/lib/python3.11/site-packages/airflow/example_dags/example_trigger_controller_dag.py
[2025-05-31T21:02:36.603-0300] {processor.py:830} INFO - Processing file /home/walterg/Documentos/Data_projects/Data-Warehouse-postgres-DBT-airflow-/.venv/lib/python3.11/site-packages/airflow/example_dags/example_trigger_controller_dag.py for tasks to queue
[2025-05-31T21:02:36.604-0300] {logging_mixin.py:188} INFO - [2025-05-31T21:02:36.603-0300] {dagbag.py:538} INFO - Filling up the DagBag from /home/walterg/Documentos/Data_projects/Data-Warehouse-postgres-DBT-airflow-/.venv/lib/python3.11/site-packages/airflow/example_dags/example_trigger_controller_dag.py
[2025-05-31T21:02:36.608-0300] {processor.py:840} INFO - DAG(s) 'example_trigger_controller_dag' retrieved from /home/walterg/Documentos/Data_projects/Data-Warehouse-postgres-DBT-airflow-/.venv/lib/python3.11/site-packages/airflow/example_dags/example_trigger_controller_dag.py
[2025-05-31T21:02:36.620-0300] {logging_mixin.py:188} INFO - [2025-05-31T21:02:36.620-0300] {dag.py:3036} INFO - Sync 1 DAGs
[2025-05-31T21:02:36.633-0300] {logging_mixin.py:188} INFO - [2025-05-31T21:02:36.633-0300] {dag.py:3823} INFO - Setting next_dagrun for example_trigger_controller_dag to 2021-01-01 00:00:00+00:00, run_after=2021-01-01 00:00:00+00:00
[2025-05-31T21:02:36.650-0300] {processor.py:183} INFO - Processing /home/walterg/Documentos/Data_projects/Data-Warehouse-postgres-DBT-airflow-/.venv/lib/python3.11/site-packages/airflow/example_dags/example_trigger_controller_dag.py took 0.054 seconds
[2025-05-31T21:03:20.836-0300] {processor.py:161} INFO - Started process (PID=33622) to work on /home/walterg/Documentos/Data_projects/Data-Warehouse-postgres-DBT-airflow-/.venv/lib/python3.11/site-packages/airflow/example_dags/example_trigger_controller_dag.py
[2025-05-31T21:03:20.841-0300] {processor.py:830} INFO - Processing file /home/walterg/Documentos/Data_projects/Data-Warehouse-postgres-DBT-airflow-/.venv/lib/python3.11/site-packages/airflow/example_dags/example_trigger_controller_dag.py for tasks to queue
[2025-05-31T21:03:20.842-0300] {logging_mixin.py:188} INFO - [2025-05-31T21:03:20.842-0300] {dagbag.py:538} INFO - Filling up the DagBag from /home/walterg/Documentos/Data_projects/Data-Warehouse-postgres-DBT-airflow-/.venv/lib/python3.11/site-packages/airflow/example_dags/example_trigger_controller_dag.py
[2025-05-31T21:03:20.846-0300] {processor.py:840} INFO - DAG(s) 'example_trigger_controller_dag' retrieved from /home/walterg/Documentos/Data_projects/Data-Warehouse-postgres-DBT-airflow-/.venv/lib/python3.11/site-packages/airflow/example_dags/example_trigger_controller_dag.py
[2025-05-31T21:03:20.860-0300] {logging_mixin.py:188} INFO - [2025-05-31T21:03:20.859-0300] {dag.py:3036} INFO - Sync 1 DAGs
[2025-05-31T21:03:20.874-0300] {logging_mixin.py:188} INFO - [2025-05-31T21:03:20.874-0300] {dag.py:3823} INFO - Setting next_dagrun for example_trigger_controller_dag to 2021-01-01 00:00:00+00:00, run_after=2021-01-01 00:00:00+00:00
[2025-05-31T21:03:20.891-0300] {processor.py:183} INFO - Processing /home/walterg/Documentos/Data_projects/Data-Warehouse-postgres-DBT-airflow-/.venv/lib/python3.11/site-packages/airflow/example_dags/example_trigger_controller_dag.py took 0.057 seconds
[2025-05-31T21:04:00.112-0300] {processor.py:161} INFO - Started process (PID=33708) to work on /home/walterg/Documentos/Data_projects/Data-Warehouse-postgres-DBT-airflow-/.venv/lib/python3.11/site-packages/airflow/example_dags/example_trigger_controller_dag.py
[2025-05-31T21:04:00.117-0300] {processor.py:830} INFO - Processing file /home/walterg/Documentos/Data_projects/Data-Warehouse-postgres-DBT-airflow-/.venv/lib/python3.11/site-packages/airflow/example_dags/example_trigger_controller_dag.py for tasks to queue
[2025-05-31T21:04:00.119-0300] {logging_mixin.py:188} INFO - [2025-05-31T21:04:00.118-0300] {dagbag.py:538} INFO - Filling up the DagBag from /home/walterg/Documentos/Data_projects/Data-Warehouse-postgres-DBT-airflow-/.venv/lib/python3.11/site-packages/airflow/example_dags/example_trigger_controller_dag.py
[2025-05-31T21:04:00.122-0300] {processor.py:840} INFO - DAG(s) 'example_trigger_controller_dag' retrieved from /home/walterg/Documentos/Data_projects/Data-Warehouse-postgres-DBT-airflow-/.venv/lib/python3.11/site-packages/airflow/example_dags/example_trigger_controller_dag.py
[2025-05-31T21:04:00.135-0300] {logging_mixin.py:188} INFO - [2025-05-31T21:04:00.135-0300] {dag.py:3036} INFO - Sync 1 DAGs
[2025-05-31T21:04:00.148-0300] {logging_mixin.py:188} INFO - [2025-05-31T21:04:00.147-0300] {dag.py:3823} INFO - Setting next_dagrun for example_trigger_controller_dag to 2021-01-01 00:00:00+00:00, run_after=2021-01-01 00:00:00+00:00
[2025-05-31T21:04:00.164-0300] {processor.py:183} INFO - Processing /home/walterg/Documentos/Data_projects/Data-Warehouse-postgres-DBT-airflow-/.venv/lib/python3.11/site-packages/airflow/example_dags/example_trigger_controller_dag.py took 0.054 seconds
[2025-05-31T21:04:44.051-0300] {processor.py:161} INFO - Started process (PID=33941) to work on /home/walterg/Documentos/Data_projects/Data-Warehouse-postgres-DBT-airflow-/.venv/lib/python3.11/site-packages/airflow/example_dags/example_trigger_controller_dag.py
[2025-05-31T21:04:44.056-0300] {processor.py:830} INFO - Processing file /home/walterg/Documentos/Data_projects/Data-Warehouse-postgres-DBT-airflow-/.venv/lib/python3.11/site-packages/airflow/example_dags/example_trigger_controller_dag.py for tasks to queue
[2025-05-31T21:04:44.057-0300] {logging_mixin.py:188} INFO - [2025-05-31T21:04:44.056-0300] {dagbag.py:538} INFO - Filling up the DagBag from /home/walterg/Documentos/Data_projects/Data-Warehouse-postgres-DBT-airflow-/.venv/lib/python3.11/site-packages/airflow/example_dags/example_trigger_controller_dag.py
[2025-05-31T21:04:44.061-0300] {processor.py:840} INFO - DAG(s) 'example_trigger_controller_dag' retrieved from /home/walterg/Documentos/Data_projects/Data-Warehouse-postgres-DBT-airflow-/.venv/lib/python3.11/site-packages/airflow/example_dags/example_trigger_controller_dag.py
[2025-05-31T21:04:44.075-0300] {logging_mixin.py:188} INFO - [2025-05-31T21:04:44.075-0300] {dag.py:3036} INFO - Sync 1 DAGs
[2025-05-31T21:04:44.090-0300] {logging_mixin.py:188} INFO - [2025-05-31T21:04:44.090-0300] {dag.py:3823} INFO - Setting next_dagrun for example_trigger_controller_dag to 2021-01-01 00:00:00+00:00, run_after=2021-01-01 00:00:00+00:00
[2025-05-31T21:04:44.114-0300] {processor.py:183} INFO - Processing /home/walterg/Documentos/Data_projects/Data-Warehouse-postgres-DBT-airflow-/.venv/lib/python3.11/site-packages/airflow/example_dags/example_trigger_controller_dag.py took 0.066 seconds
[2025-05-31T21:05:28.580-0300] {processor.py:161} INFO - Started process (PID=34195) to work on /home/walterg/Documentos/Data_projects/Data-Warehouse-postgres-DBT-airflow-/.venv/lib/python3.11/site-packages/airflow/example_dags/example_trigger_controller_dag.py
[2025-05-31T21:05:28.585-0300] {processor.py:830} INFO - Processing file /home/walterg/Documentos/Data_projects/Data-Warehouse-postgres-DBT-airflow-/.venv/lib/python3.11/site-packages/airflow/example_dags/example_trigger_controller_dag.py for tasks to queue
[2025-05-31T21:05:28.586-0300] {logging_mixin.py:188} INFO - [2025-05-31T21:05:28.585-0300] {dagbag.py:538} INFO - Filling up the DagBag from /home/walterg/Documentos/Data_projects/Data-Warehouse-postgres-DBT-airflow-/.venv/lib/python3.11/site-packages/airflow/example_dags/example_trigger_controller_dag.py
[2025-05-31T21:05:28.590-0300] {processor.py:840} INFO - DAG(s) 'example_trigger_controller_dag' retrieved from /home/walterg/Documentos/Data_projects/Data-Warehouse-postgres-DBT-airflow-/.venv/lib/python3.11/site-packages/airflow/example_dags/example_trigger_controller_dag.py
[2025-05-31T21:05:28.602-0300] {logging_mixin.py:188} INFO - [2025-05-31T21:05:28.602-0300] {dag.py:3036} INFO - Sync 1 DAGs
[2025-05-31T21:05:28.615-0300] {logging_mixin.py:188} INFO - [2025-05-31T21:05:28.614-0300] {dag.py:3823} INFO - Setting next_dagrun for example_trigger_controller_dag to 2021-01-01 00:00:00+00:00, run_after=2021-01-01 00:00:00+00:00
[2025-05-31T21:05:28.631-0300] {processor.py:183} INFO - Processing /home/walterg/Documentos/Data_projects/Data-Warehouse-postgres-DBT-airflow-/.venv/lib/python3.11/site-packages/airflow/example_dags/example_trigger_controller_dag.py took 0.054 seconds
[2025-05-31T21:06:11.783-0300] {processor.py:161} INFO - Started process (PID=34474) to work on /home/walterg/Documentos/Data_projects/Data-Warehouse-postgres-DBT-airflow-/.venv/lib/python3.11/site-packages/airflow/example_dags/example_trigger_controller_dag.py
[2025-05-31T21:06:11.788-0300] {processor.py:830} INFO - Processing file /home/walterg/Documentos/Data_projects/Data-Warehouse-postgres-DBT-airflow-/.venv/lib/python3.11/site-packages/airflow/example_dags/example_trigger_controller_dag.py for tasks to queue
[2025-05-31T21:06:11.789-0300] {logging_mixin.py:188} INFO - [2025-05-31T21:06:11.789-0300] {dagbag.py:538} INFO - Filling up the DagBag from /home/walterg/Documentos/Data_projects/Data-Warehouse-postgres-DBT-airflow-/.venv/lib/python3.11/site-packages/airflow/example_dags/example_trigger_controller_dag.py
[2025-05-31T21:06:11.793-0300] {processor.py:840} INFO - DAG(s) 'example_trigger_controller_dag' retrieved from /home/walterg/Documentos/Data_projects/Data-Warehouse-postgres-DBT-airflow-/.venv/lib/python3.11/site-packages/airflow/example_dags/example_trigger_controller_dag.py
[2025-05-31T21:06:11.807-0300] {logging_mixin.py:188} INFO - [2025-05-31T21:06:11.806-0300] {dag.py:3036} INFO - Sync 1 DAGs
[2025-05-31T21:06:11.819-0300] {logging_mixin.py:188} INFO - [2025-05-31T21:06:11.819-0300] {dag.py:3823} INFO - Setting next_dagrun for example_trigger_controller_dag to 2021-01-01 00:00:00+00:00, run_after=2021-01-01 00:00:00+00:00
[2025-05-31T21:06:11.837-0300] {processor.py:183} INFO - Processing /home/walterg/Documentos/Data_projects/Data-Warehouse-postgres-DBT-airflow-/.venv/lib/python3.11/site-packages/airflow/example_dags/example_trigger_controller_dag.py took 0.056 seconds
[2025-05-31T21:06:57.034-0300] {processor.py:161} INFO - Started process (PID=34606) to work on /home/walterg/Documentos/Data_projects/Data-Warehouse-postgres-DBT-airflow-/.venv/lib/python3.11/site-packages/airflow/example_dags/example_trigger_controller_dag.py
[2025-05-31T21:06:57.039-0300] {processor.py:830} INFO - Processing file /home/walterg/Documentos/Data_projects/Data-Warehouse-postgres-DBT-airflow-/.venv/lib/python3.11/site-packages/airflow/example_dags/example_trigger_controller_dag.py for tasks to queue
[2025-05-31T21:06:57.041-0300] {logging_mixin.py:188} INFO - [2025-05-31T21:06:57.040-0300] {dagbag.py:538} INFO - Filling up the DagBag from /home/walterg/Documentos/Data_projects/Data-Warehouse-postgres-DBT-airflow-/.venv/lib/python3.11/site-packages/airflow/example_dags/example_trigger_controller_dag.py
[2025-05-31T21:06:57.045-0300] {processor.py:840} INFO - DAG(s) 'example_trigger_controller_dag' retrieved from /home/walterg/Documentos/Data_projects/Data-Warehouse-postgres-DBT-airflow-/.venv/lib/python3.11/site-packages/airflow/example_dags/example_trigger_controller_dag.py
[2025-05-31T21:06:57.058-0300] {logging_mixin.py:188} INFO - [2025-05-31T21:06:57.058-0300] {dag.py:3036} INFO - Sync 1 DAGs
[2025-05-31T21:06:57.072-0300] {logging_mixin.py:188} INFO - [2025-05-31T21:06:57.072-0300] {dag.py:3823} INFO - Setting next_dagrun for example_trigger_controller_dag to 2021-01-01 00:00:00+00:00, run_after=2021-01-01 00:00:00+00:00
[2025-05-31T21:06:57.089-0300] {processor.py:183} INFO - Processing /home/walterg/Documentos/Data_projects/Data-Warehouse-postgres-DBT-airflow-/.venv/lib/python3.11/site-packages/airflow/example_dags/example_trigger_controller_dag.py took 0.057 seconds
[2025-05-31T21:07:40.961-0300] {processor.py:161} INFO - Started process (PID=34840) to work on /home/walterg/Documentos/Data_projects/Data-Warehouse-postgres-DBT-airflow-/.venv/lib/python3.11/site-packages/airflow/example_dags/example_trigger_controller_dag.py
[2025-05-31T21:07:40.966-0300] {processor.py:830} INFO - Processing file /home/walterg/Documentos/Data_projects/Data-Warehouse-postgres-DBT-airflow-/.venv/lib/python3.11/site-packages/airflow/example_dags/example_trigger_controller_dag.py for tasks to queue
[2025-05-31T21:07:40.967-0300] {logging_mixin.py:188} INFO - [2025-05-31T21:07:40.966-0300] {dagbag.py:538} INFO - Filling up the DagBag from /home/walterg/Documentos/Data_projects/Data-Warehouse-postgres-DBT-airflow-/.venv/lib/python3.11/site-packages/airflow/example_dags/example_trigger_controller_dag.py
[2025-05-31T21:07:40.971-0300] {processor.py:840} INFO - DAG(s) 'example_trigger_controller_dag' retrieved from /home/walterg/Documentos/Data_projects/Data-Warehouse-postgres-DBT-airflow-/.venv/lib/python3.11/site-packages/airflow/example_dags/example_trigger_controller_dag.py
[2025-05-31T21:07:40.984-0300] {logging_mixin.py:188} INFO - [2025-05-31T21:07:40.984-0300] {dag.py:3036} INFO - Sync 1 DAGs
[2025-05-31T21:07:40.997-0300] {logging_mixin.py:188} INFO - [2025-05-31T21:07:40.997-0300] {dag.py:3823} INFO - Setting next_dagrun for example_trigger_controller_dag to 2021-01-01 00:00:00+00:00, run_after=2021-01-01 00:00:00+00:00
[2025-05-31T21:07:41.014-0300] {processor.py:183} INFO - Processing /home/walterg/Documentos/Data_projects/Data-Warehouse-postgres-DBT-airflow-/.venv/lib/python3.11/site-packages/airflow/example_dags/example_trigger_controller_dag.py took 0.056 seconds
[2025-05-31T21:08:24.462-0300] {processor.py:161} INFO - Started process (PID=35123) to work on /home/walterg/Documentos/Data_projects/Data-Warehouse-postgres-DBT-airflow-/.venv/lib/python3.11/site-packages/airflow/example_dags/example_trigger_controller_dag.py
[2025-05-31T21:08:24.467-0300] {processor.py:830} INFO - Processing file /home/walterg/Documentos/Data_projects/Data-Warehouse-postgres-DBT-airflow-/.venv/lib/python3.11/site-packages/airflow/example_dags/example_trigger_controller_dag.py for tasks to queue
[2025-05-31T21:08:24.469-0300] {logging_mixin.py:188} INFO - [2025-05-31T21:08:24.468-0300] {dagbag.py:538} INFO - Filling up the DagBag from /home/walterg/Documentos/Data_projects/Data-Warehouse-postgres-DBT-airflow-/.venv/lib/python3.11/site-packages/airflow/example_dags/example_trigger_controller_dag.py
[2025-05-31T21:08:24.472-0300] {processor.py:840} INFO - DAG(s) 'example_trigger_controller_dag' retrieved from /home/walterg/Documentos/Data_projects/Data-Warehouse-postgres-DBT-airflow-/.venv/lib/python3.11/site-packages/airflow/example_dags/example_trigger_controller_dag.py
[2025-05-31T21:08:24.489-0300] {logging_mixin.py:188} INFO - [2025-05-31T21:08:24.489-0300] {dag.py:3036} INFO - Sync 1 DAGs
[2025-05-31T21:08:24.502-0300] {logging_mixin.py:188} INFO - [2025-05-31T21:08:24.502-0300] {dag.py:3823} INFO - Setting next_dagrun for example_trigger_controller_dag to 2021-01-01 00:00:00+00:00, run_after=2021-01-01 00:00:00+00:00
[2025-05-31T21:08:24.518-0300] {processor.py:183} INFO - Processing /home/walterg/Documentos/Data_projects/Data-Warehouse-postgres-DBT-airflow-/.venv/lib/python3.11/site-packages/airflow/example_dags/example_trigger_controller_dag.py took 0.058 seconds
[2025-05-31T21:09:01.304-0300] {processor.py:161} INFO - Started process (PID=35257) to work on /home/walterg/Documentos/Data_projects/Data-Warehouse-postgres-DBT-airflow-/.venv/lib/python3.11/site-packages/airflow/example_dags/example_trigger_controller_dag.py
[2025-05-31T21:09:01.309-0300] {processor.py:830} INFO - Processing file /home/walterg/Documentos/Data_projects/Data-Warehouse-postgres-DBT-airflow-/.venv/lib/python3.11/site-packages/airflow/example_dags/example_trigger_controller_dag.py for tasks to queue
[2025-05-31T21:09:01.310-0300] {logging_mixin.py:188} INFO - [2025-05-31T21:09:01.309-0300] {dagbag.py:538} INFO - Filling up the DagBag from /home/walterg/Documentos/Data_projects/Data-Warehouse-postgres-DBT-airflow-/.venv/lib/python3.11/site-packages/airflow/example_dags/example_trigger_controller_dag.py
[2025-05-31T21:09:01.313-0300] {processor.py:840} INFO - DAG(s) 'example_trigger_controller_dag' retrieved from /home/walterg/Documentos/Data_projects/Data-Warehouse-postgres-DBT-airflow-/.venv/lib/python3.11/site-packages/airflow/example_dags/example_trigger_controller_dag.py
[2025-05-31T21:09:01.326-0300] {logging_mixin.py:188} INFO - [2025-05-31T21:09:01.326-0300] {dag.py:3036} INFO - Sync 1 DAGs
[2025-05-31T21:09:01.338-0300] {logging_mixin.py:188} INFO - [2025-05-31T21:09:01.338-0300] {dag.py:3823} INFO - Setting next_dagrun for example_trigger_controller_dag to 2021-01-01 00:00:00+00:00, run_after=2021-01-01 00:00:00+00:00
[2025-05-31T21:09:01.355-0300] {processor.py:183} INFO - Processing /home/walterg/Documentos/Data_projects/Data-Warehouse-postgres-DBT-airflow-/.venv/lib/python3.11/site-packages/airflow/example_dags/example_trigger_controller_dag.py took 0.053 seconds
[2025-05-31T21:09:43.376-0300] {processor.py:161} INFO - Started process (PID=35494) to work on /home/walterg/Documentos/Data_projects/Data-Warehouse-postgres-DBT-airflow-/.venv/lib/python3.11/site-packages/airflow/example_dags/example_trigger_controller_dag.py
[2025-05-31T21:09:43.383-0300] {processor.py:830} INFO - Processing file /home/walterg/Documentos/Data_projects/Data-Warehouse-postgres-DBT-airflow-/.venv/lib/python3.11/site-packages/airflow/example_dags/example_trigger_controller_dag.py for tasks to queue
[2025-05-31T21:09:43.385-0300] {logging_mixin.py:188} INFO - [2025-05-31T21:09:43.384-0300] {dagbag.py:538} INFO - Filling up the DagBag from /home/walterg/Documentos/Data_projects/Data-Warehouse-postgres-DBT-airflow-/.venv/lib/python3.11/site-packages/airflow/example_dags/example_trigger_controller_dag.py
[2025-05-31T21:09:43.388-0300] {processor.py:840} INFO - DAG(s) 'example_trigger_controller_dag' retrieved from /home/walterg/Documentos/Data_projects/Data-Warehouse-postgres-DBT-airflow-/.venv/lib/python3.11/site-packages/airflow/example_dags/example_trigger_controller_dag.py
[2025-05-31T21:09:43.401-0300] {logging_mixin.py:188} INFO - [2025-05-31T21:09:43.401-0300] {dag.py:3036} INFO - Sync 1 DAGs
[2025-05-31T21:09:43.414-0300] {logging_mixin.py:188} INFO - [2025-05-31T21:09:43.414-0300] {dag.py:3823} INFO - Setting next_dagrun for example_trigger_controller_dag to 2021-01-01 00:00:00+00:00, run_after=2021-01-01 00:00:00+00:00
[2025-05-31T21:09:43.432-0300] {processor.py:183} INFO - Processing /home/walterg/Documentos/Data_projects/Data-Warehouse-postgres-DBT-airflow-/.venv/lib/python3.11/site-packages/airflow/example_dags/example_trigger_controller_dag.py took 0.058 seconds
[2025-05-31T21:10:27.013-0300] {processor.py:161} INFO - Started process (PID=35766) to work on /home/walterg/Documentos/Data_projects/Data-Warehouse-postgres-DBT-airflow-/.venv/lib/python3.11/site-packages/airflow/example_dags/example_trigger_controller_dag.py
[2025-05-31T21:10:27.014-0300] {processor.py:830} INFO - Processing file /home/walterg/Documentos/Data_projects/Data-Warehouse-postgres-DBT-airflow-/.venv/lib/python3.11/site-packages/airflow/example_dags/example_trigger_controller_dag.py for tasks to queue
[2025-05-31T21:10:27.015-0300] {logging_mixin.py:188} INFO - [2025-05-31T21:10:27.015-0300] {dagbag.py:538} INFO - Filling up the DagBag from /home/walterg/Documentos/Data_projects/Data-Warehouse-postgres-DBT-airflow-/.venv/lib/python3.11/site-packages/airflow/example_dags/example_trigger_controller_dag.py
[2025-05-31T21:10:27.019-0300] {processor.py:840} INFO - DAG(s) 'example_trigger_controller_dag' retrieved from /home/walterg/Documentos/Data_projects/Data-Warehouse-postgres-DBT-airflow-/.venv/lib/python3.11/site-packages/airflow/example_dags/example_trigger_controller_dag.py
[2025-05-31T21:10:27.031-0300] {logging_mixin.py:188} INFO - [2025-05-31T21:10:27.031-0300] {dag.py:3036} INFO - Sync 1 DAGs
[2025-05-31T21:10:27.044-0300] {logging_mixin.py:188} INFO - [2025-05-31T21:10:27.044-0300] {dag.py:3823} INFO - Setting next_dagrun for example_trigger_controller_dag to 2021-01-01 00:00:00+00:00, run_after=2021-01-01 00:00:00+00:00
[2025-05-31T21:10:27.062-0300] {processor.py:183} INFO - Processing /home/walterg/Documentos/Data_projects/Data-Warehouse-postgres-DBT-airflow-/.venv/lib/python3.11/site-packages/airflow/example_dags/example_trigger_controller_dag.py took 0.051 seconds
[2025-05-31T21:11:08.874-0300] {processor.py:161} INFO - Started process (PID=35966) to work on /home/walterg/Documentos/Data_projects/Data-Warehouse-postgres-DBT-airflow-/.venv/lib/python3.11/site-packages/airflow/example_dags/example_trigger_controller_dag.py
[2025-05-31T21:11:08.879-0300] {processor.py:830} INFO - Processing file /home/walterg/Documentos/Data_projects/Data-Warehouse-postgres-DBT-airflow-/.venv/lib/python3.11/site-packages/airflow/example_dags/example_trigger_controller_dag.py for tasks to queue
[2025-05-31T21:11:08.880-0300] {logging_mixin.py:188} INFO - [2025-05-31T21:11:08.879-0300] {dagbag.py:538} INFO - Filling up the DagBag from /home/walterg/Documentos/Data_projects/Data-Warehouse-postgres-DBT-airflow-/.venv/lib/python3.11/site-packages/airflow/example_dags/example_trigger_controller_dag.py
[2025-05-31T21:11:08.883-0300] {processor.py:840} INFO - DAG(s) 'example_trigger_controller_dag' retrieved from /home/walterg/Documentos/Data_projects/Data-Warehouse-postgres-DBT-airflow-/.venv/lib/python3.11/site-packages/airflow/example_dags/example_trigger_controller_dag.py
[2025-05-31T21:11:08.897-0300] {logging_mixin.py:188} INFO - [2025-05-31T21:11:08.896-0300] {dag.py:3036} INFO - Sync 1 DAGs
[2025-05-31T21:11:08.911-0300] {logging_mixin.py:188} INFO - [2025-05-31T21:11:08.911-0300] {dag.py:3823} INFO - Setting next_dagrun for example_trigger_controller_dag to 2021-01-01 00:00:00+00:00, run_after=2021-01-01 00:00:00+00:00
[2025-05-31T21:11:08.929-0300] {processor.py:183} INFO - Processing /home/walterg/Documentos/Data_projects/Data-Warehouse-postgres-DBT-airflow-/.venv/lib/python3.11/site-packages/airflow/example_dags/example_trigger_controller_dag.py took 0.058 seconds
[2025-05-31T21:11:52.114-0300] {processor.py:161} INFO - Started process (PID=36153) to work on /home/walterg/Documentos/Data_projects/Data-Warehouse-postgres-DBT-airflow-/.venv/lib/python3.11/site-packages/airflow/example_dags/example_trigger_controller_dag.py
[2025-05-31T21:11:52.119-0300] {processor.py:830} INFO - Processing file /home/walterg/Documentos/Data_projects/Data-Warehouse-postgres-DBT-airflow-/.venv/lib/python3.11/site-packages/airflow/example_dags/example_trigger_controller_dag.py for tasks to queue
[2025-05-31T21:11:52.120-0300] {logging_mixin.py:188} INFO - [2025-05-31T21:11:52.120-0300] {dagbag.py:538} INFO - Filling up the DagBag from /home/walterg/Documentos/Data_projects/Data-Warehouse-postgres-DBT-airflow-/.venv/lib/python3.11/site-packages/airflow/example_dags/example_trigger_controller_dag.py
[2025-05-31T21:11:52.124-0300] {processor.py:840} INFO - DAG(s) 'example_trigger_controller_dag' retrieved from /home/walterg/Documentos/Data_projects/Data-Warehouse-postgres-DBT-airflow-/.venv/lib/python3.11/site-packages/airflow/example_dags/example_trigger_controller_dag.py
[2025-05-31T21:11:52.137-0300] {logging_mixin.py:188} INFO - [2025-05-31T21:11:52.136-0300] {dag.py:3036} INFO - Sync 1 DAGs
[2025-05-31T21:11:52.149-0300] {logging_mixin.py:188} INFO - [2025-05-31T21:11:52.149-0300] {dag.py:3823} INFO - Setting next_dagrun for example_trigger_controller_dag to 2021-01-01 00:00:00+00:00, run_after=2021-01-01 00:00:00+00:00
[2025-05-31T21:11:52.172-0300] {processor.py:183} INFO - Processing /home/walterg/Documentos/Data_projects/Data-Warehouse-postgres-DBT-airflow-/.venv/lib/python3.11/site-packages/airflow/example_dags/example_trigger_controller_dag.py took 0.061 seconds
[2025-05-31T21:12:37.972-0300] {processor.py:161} INFO - Started process (PID=36362) to work on /home/walterg/Documentos/Data_projects/Data-Warehouse-postgres-DBT-airflow-/.venv/lib/python3.11/site-packages/airflow/example_dags/example_trigger_controller_dag.py
[2025-05-31T21:12:37.977-0300] {processor.py:830} INFO - Processing file /home/walterg/Documentos/Data_projects/Data-Warehouse-postgres-DBT-airflow-/.venv/lib/python3.11/site-packages/airflow/example_dags/example_trigger_controller_dag.py for tasks to queue
[2025-05-31T21:12:37.978-0300] {logging_mixin.py:188} INFO - [2025-05-31T21:12:37.978-0300] {dagbag.py:538} INFO - Filling up the DagBag from /home/walterg/Documentos/Data_projects/Data-Warehouse-postgres-DBT-airflow-/.venv/lib/python3.11/site-packages/airflow/example_dags/example_trigger_controller_dag.py
[2025-05-31T21:12:37.982-0300] {processor.py:840} INFO - DAG(s) 'example_trigger_controller_dag' retrieved from /home/walterg/Documentos/Data_projects/Data-Warehouse-postgres-DBT-airflow-/.venv/lib/python3.11/site-packages/airflow/example_dags/example_trigger_controller_dag.py
[2025-05-31T21:12:37.996-0300] {logging_mixin.py:188} INFO - [2025-05-31T21:12:37.996-0300] {dag.py:3036} INFO - Sync 1 DAGs
[2025-05-31T21:12:38.009-0300] {logging_mixin.py:188} INFO - [2025-05-31T21:12:38.009-0300] {dag.py:3823} INFO - Setting next_dagrun for example_trigger_controller_dag to 2021-01-01 00:00:00+00:00, run_after=2021-01-01 00:00:00+00:00
[2025-05-31T21:12:38.027-0300] {processor.py:183} INFO - Processing /home/walterg/Documentos/Data_projects/Data-Warehouse-postgres-DBT-airflow-/.venv/lib/python3.11/site-packages/airflow/example_dags/example_trigger_controller_dag.py took 0.057 seconds
[2025-05-31T21:13:17.072-0300] {processor.py:161} INFO - Started process (PID=36541) to work on /home/walterg/Documentos/Data_projects/Data-Warehouse-postgres-DBT-airflow-/.venv/lib/python3.11/site-packages/airflow/example_dags/example_trigger_controller_dag.py
[2025-05-31T21:13:17.077-0300] {processor.py:830} INFO - Processing file /home/walterg/Documentos/Data_projects/Data-Warehouse-postgres-DBT-airflow-/.venv/lib/python3.11/site-packages/airflow/example_dags/example_trigger_controller_dag.py for tasks to queue
[2025-05-31T21:13:17.078-0300] {logging_mixin.py:188} INFO - [2025-05-31T21:13:17.078-0300] {dagbag.py:538} INFO - Filling up the DagBag from /home/walterg/Documentos/Data_projects/Data-Warehouse-postgres-DBT-airflow-/.venv/lib/python3.11/site-packages/airflow/example_dags/example_trigger_controller_dag.py
[2025-05-31T21:13:17.082-0300] {processor.py:840} INFO - DAG(s) 'example_trigger_controller_dag' retrieved from /home/walterg/Documentos/Data_projects/Data-Warehouse-postgres-DBT-airflow-/.venv/lib/python3.11/site-packages/airflow/example_dags/example_trigger_controller_dag.py
[2025-05-31T21:13:17.094-0300] {logging_mixin.py:188} INFO - [2025-05-31T21:13:17.094-0300] {dag.py:3036} INFO - Sync 1 DAGs
[2025-05-31T21:13:17.107-0300] {logging_mixin.py:188} INFO - [2025-05-31T21:13:17.106-0300] {dag.py:3823} INFO - Setting next_dagrun for example_trigger_controller_dag to 2021-01-01 00:00:00+00:00, run_after=2021-01-01 00:00:00+00:00
[2025-05-31T21:13:17.124-0300] {processor.py:183} INFO - Processing /home/walterg/Documentos/Data_projects/Data-Warehouse-postgres-DBT-airflow-/.venv/lib/python3.11/site-packages/airflow/example_dags/example_trigger_controller_dag.py took 0.054 seconds
[2025-05-31T21:14:00.350-0300] {processor.py:161} INFO - Started process (PID=36697) to work on /home/walterg/Documentos/Data_projects/Data-Warehouse-postgres-DBT-airflow-/.venv/lib/python3.11/site-packages/airflow/example_dags/example_trigger_controller_dag.py
[2025-05-31T21:14:00.355-0300] {processor.py:830} INFO - Processing file /home/walterg/Documentos/Data_projects/Data-Warehouse-postgres-DBT-airflow-/.venv/lib/python3.11/site-packages/airflow/example_dags/example_trigger_controller_dag.py for tasks to queue
[2025-05-31T21:14:00.356-0300] {logging_mixin.py:188} INFO - [2025-05-31T21:14:00.356-0300] {dagbag.py:538} INFO - Filling up the DagBag from /home/walterg/Documentos/Data_projects/Data-Warehouse-postgres-DBT-airflow-/.venv/lib/python3.11/site-packages/airflow/example_dags/example_trigger_controller_dag.py
[2025-05-31T21:14:00.360-0300] {processor.py:840} INFO - DAG(s) 'example_trigger_controller_dag' retrieved from /home/walterg/Documentos/Data_projects/Data-Warehouse-postgres-DBT-airflow-/.venv/lib/python3.11/site-packages/airflow/example_dags/example_trigger_controller_dag.py
[2025-05-31T21:14:00.374-0300] {logging_mixin.py:188} INFO - [2025-05-31T21:14:00.373-0300] {dag.py:3036} INFO - Sync 1 DAGs
[2025-05-31T21:14:00.387-0300] {logging_mixin.py:188} INFO - [2025-05-31T21:14:00.386-0300] {dag.py:3823} INFO - Setting next_dagrun for example_trigger_controller_dag to 2021-01-01 00:00:00+00:00, run_after=2021-01-01 00:00:00+00:00
[2025-05-31T21:14:00.404-0300] {processor.py:183} INFO - Processing /home/walterg/Documentos/Data_projects/Data-Warehouse-postgres-DBT-airflow-/.venv/lib/python3.11/site-packages/airflow/example_dags/example_trigger_controller_dag.py took 0.057 seconds
[2025-05-31T21:14:45.682-0300] {processor.py:161} INFO - Started process (PID=36925) to work on /home/walterg/Documentos/Data_projects/Data-Warehouse-postgres-DBT-airflow-/.venv/lib/python3.11/site-packages/airflow/example_dags/example_trigger_controller_dag.py
[2025-05-31T21:14:45.687-0300] {processor.py:830} INFO - Processing file /home/walterg/Documentos/Data_projects/Data-Warehouse-postgres-DBT-airflow-/.venv/lib/python3.11/site-packages/airflow/example_dags/example_trigger_controller_dag.py for tasks to queue
[2025-05-31T21:14:45.689-0300] {logging_mixin.py:188} INFO - [2025-05-31T21:14:45.688-0300] {dagbag.py:538} INFO - Filling up the DagBag from /home/walterg/Documentos/Data_projects/Data-Warehouse-postgres-DBT-airflow-/.venv/lib/python3.11/site-packages/airflow/example_dags/example_trigger_controller_dag.py
[2025-05-31T21:14:45.693-0300] {processor.py:840} INFO - DAG(s) 'example_trigger_controller_dag' retrieved from /home/walterg/Documentos/Data_projects/Data-Warehouse-postgres-DBT-airflow-/.venv/lib/python3.11/site-packages/airflow/example_dags/example_trigger_controller_dag.py
[2025-05-31T21:14:45.705-0300] {logging_mixin.py:188} INFO - [2025-05-31T21:14:45.705-0300] {dag.py:3036} INFO - Sync 1 DAGs
[2025-05-31T21:14:45.719-0300] {logging_mixin.py:188} INFO - [2025-05-31T21:14:45.719-0300] {dag.py:3823} INFO - Setting next_dagrun for example_trigger_controller_dag to 2021-01-01 00:00:00+00:00, run_after=2021-01-01 00:00:00+00:00
[2025-05-31T21:14:45.736-0300] {processor.py:183} INFO - Processing /home/walterg/Documentos/Data_projects/Data-Warehouse-postgres-DBT-airflow-/.venv/lib/python3.11/site-packages/airflow/example_dags/example_trigger_controller_dag.py took 0.056 seconds
[2025-05-31T21:15:24.460-0300] {processor.py:161} INFO - Started process (PID=37225) to work on /home/walterg/Documentos/Data_projects/Data-Warehouse-postgres-DBT-airflow-/.venv/lib/python3.11/site-packages/airflow/example_dags/example_trigger_controller_dag.py
[2025-05-31T21:15:24.461-0300] {processor.py:830} INFO - Processing file /home/walterg/Documentos/Data_projects/Data-Warehouse-postgres-DBT-airflow-/.venv/lib/python3.11/site-packages/airflow/example_dags/example_trigger_controller_dag.py for tasks to queue
[2025-05-31T21:15:24.462-0300] {logging_mixin.py:188} INFO - [2025-05-31T21:15:24.462-0300] {dagbag.py:538} INFO - Filling up the DagBag from /home/walterg/Documentos/Data_projects/Data-Warehouse-postgres-DBT-airflow-/.venv/lib/python3.11/site-packages/airflow/example_dags/example_trigger_controller_dag.py
[2025-05-31T21:15:24.466-0300] {processor.py:840} INFO - DAG(s) 'example_trigger_controller_dag' retrieved from /home/walterg/Documentos/Data_projects/Data-Warehouse-postgres-DBT-airflow-/.venv/lib/python3.11/site-packages/airflow/example_dags/example_trigger_controller_dag.py
[2025-05-31T21:15:24.479-0300] {logging_mixin.py:188} INFO - [2025-05-31T21:15:24.479-0300] {dag.py:3036} INFO - Sync 1 DAGs
[2025-05-31T21:15:24.492-0300] {logging_mixin.py:188} INFO - [2025-05-31T21:15:24.492-0300] {dag.py:3823} INFO - Setting next_dagrun for example_trigger_controller_dag to 2021-01-01 00:00:00+00:00, run_after=2021-01-01 00:00:00+00:00
[2025-05-31T21:15:24.511-0300] {processor.py:183} INFO - Processing /home/walterg/Documentos/Data_projects/Data-Warehouse-postgres-DBT-airflow-/.venv/lib/python3.11/site-packages/airflow/example_dags/example_trigger_controller_dag.py took 0.054 seconds
[2025-05-31T21:16:05.656-0300] {processor.py:161} INFO - Started process (PID=37425) to work on /home/walterg/Documentos/Data_projects/Data-Warehouse-postgres-DBT-airflow-/.venv/lib/python3.11/site-packages/airflow/example_dags/example_trigger_controller_dag.py
[2025-05-31T21:16:05.657-0300] {processor.py:830} INFO - Processing file /home/walterg/Documentos/Data_projects/Data-Warehouse-postgres-DBT-airflow-/.venv/lib/python3.11/site-packages/airflow/example_dags/example_trigger_controller_dag.py for tasks to queue
[2025-05-31T21:16:05.658-0300] {logging_mixin.py:188} INFO - [2025-05-31T21:16:05.658-0300] {dagbag.py:538} INFO - Filling up the DagBag from /home/walterg/Documentos/Data_projects/Data-Warehouse-postgres-DBT-airflow-/.venv/lib/python3.11/site-packages/airflow/example_dags/example_trigger_controller_dag.py
[2025-05-31T21:16:05.662-0300] {processor.py:840} INFO - DAG(s) 'example_trigger_controller_dag' retrieved from /home/walterg/Documentos/Data_projects/Data-Warehouse-postgres-DBT-airflow-/.venv/lib/python3.11/site-packages/airflow/example_dags/example_trigger_controller_dag.py
[2025-05-31T21:16:05.675-0300] {logging_mixin.py:188} INFO - [2025-05-31T21:16:05.675-0300] {dag.py:3036} INFO - Sync 1 DAGs
[2025-05-31T21:16:05.689-0300] {logging_mixin.py:188} INFO - [2025-05-31T21:16:05.688-0300] {dag.py:3823} INFO - Setting next_dagrun for example_trigger_controller_dag to 2021-01-01 00:00:00+00:00, run_after=2021-01-01 00:00:00+00:00
[2025-05-31T21:16:05.706-0300] {processor.py:183} INFO - Processing /home/walterg/Documentos/Data_projects/Data-Warehouse-postgres-DBT-airflow-/.venv/lib/python3.11/site-packages/airflow/example_dags/example_trigger_controller_dag.py took 0.053 seconds
[2025-05-31T21:16:46.087-0300] {processor.py:161} INFO - Started process (PID=37666) to work on /home/walterg/Documentos/Data_projects/Data-Warehouse-postgres-DBT-airflow-/.venv/lib/python3.11/site-packages/airflow/example_dags/example_trigger_controller_dag.py
[2025-05-31T21:16:46.094-0300] {processor.py:830} INFO - Processing file /home/walterg/Documentos/Data_projects/Data-Warehouse-postgres-DBT-airflow-/.venv/lib/python3.11/site-packages/airflow/example_dags/example_trigger_controller_dag.py for tasks to queue
[2025-05-31T21:16:46.095-0300] {logging_mixin.py:188} INFO - [2025-05-31T21:16:46.095-0300] {dagbag.py:538} INFO - Filling up the DagBag from /home/walterg/Documentos/Data_projects/Data-Warehouse-postgres-DBT-airflow-/.venv/lib/python3.11/site-packages/airflow/example_dags/example_trigger_controller_dag.py
[2025-05-31T21:16:46.099-0300] {processor.py:840} INFO - DAG(s) 'example_trigger_controller_dag' retrieved from /home/walterg/Documentos/Data_projects/Data-Warehouse-postgres-DBT-airflow-/.venv/lib/python3.11/site-packages/airflow/example_dags/example_trigger_controller_dag.py
[2025-05-31T21:16:46.112-0300] {logging_mixin.py:188} INFO - [2025-05-31T21:16:46.112-0300] {dag.py:3036} INFO - Sync 1 DAGs
[2025-05-31T21:16:46.124-0300] {logging_mixin.py:188} INFO - [2025-05-31T21:16:46.124-0300] {dag.py:3823} INFO - Setting next_dagrun for example_trigger_controller_dag to 2021-01-01 00:00:00+00:00, run_after=2021-01-01 00:00:00+00:00
[2025-05-31T21:16:46.140-0300] {processor.py:183} INFO - Processing /home/walterg/Documentos/Data_projects/Data-Warehouse-postgres-DBT-airflow-/.venv/lib/python3.11/site-packages/airflow/example_dags/example_trigger_controller_dag.py took 0.056 seconds
[2025-05-31T21:17:30.052-0300] {processor.py:161} INFO - Started process (PID=37876) to work on /home/walterg/Documentos/Data_projects/Data-Warehouse-postgres-DBT-airflow-/.venv/lib/python3.11/site-packages/airflow/example_dags/example_trigger_controller_dag.py
[2025-05-31T21:17:30.057-0300] {processor.py:830} INFO - Processing file /home/walterg/Documentos/Data_projects/Data-Warehouse-postgres-DBT-airflow-/.venv/lib/python3.11/site-packages/airflow/example_dags/example_trigger_controller_dag.py for tasks to queue
[2025-05-31T21:17:30.058-0300] {logging_mixin.py:188} INFO - [2025-05-31T21:17:30.057-0300] {dagbag.py:538} INFO - Filling up the DagBag from /home/walterg/Documentos/Data_projects/Data-Warehouse-postgres-DBT-airflow-/.venv/lib/python3.11/site-packages/airflow/example_dags/example_trigger_controller_dag.py
[2025-05-31T21:17:30.061-0300] {processor.py:840} INFO - DAG(s) 'example_trigger_controller_dag' retrieved from /home/walterg/Documentos/Data_projects/Data-Warehouse-postgres-DBT-airflow-/.venv/lib/python3.11/site-packages/airflow/example_dags/example_trigger_controller_dag.py
[2025-05-31T21:17:30.073-0300] {logging_mixin.py:188} INFO - [2025-05-31T21:17:30.073-0300] {dag.py:3036} INFO - Sync 1 DAGs
[2025-05-31T21:17:30.086-0300] {logging_mixin.py:188} INFO - [2025-05-31T21:17:30.086-0300] {dag.py:3823} INFO - Setting next_dagrun for example_trigger_controller_dag to 2021-01-01 00:00:00+00:00, run_after=2021-01-01 00:00:00+00:00
[2025-05-31T21:17:30.104-0300] {processor.py:183} INFO - Processing /home/walterg/Documentos/Data_projects/Data-Warehouse-postgres-DBT-airflow-/.venv/lib/python3.11/site-packages/airflow/example_dags/example_trigger_controller_dag.py took 0.054 seconds
[2025-05-31T21:18:15.510-0300] {processor.py:161} INFO - Started process (PID=38067) to work on /home/walterg/Documentos/Data_projects/Data-Warehouse-postgres-DBT-airflow-/.venv/lib/python3.11/site-packages/airflow/example_dags/example_trigger_controller_dag.py
[2025-05-31T21:18:15.515-0300] {processor.py:830} INFO - Processing file /home/walterg/Documentos/Data_projects/Data-Warehouse-postgres-DBT-airflow-/.venv/lib/python3.11/site-packages/airflow/example_dags/example_trigger_controller_dag.py for tasks to queue
[2025-05-31T21:18:15.517-0300] {logging_mixin.py:188} INFO - [2025-05-31T21:18:15.516-0300] {dagbag.py:538} INFO - Filling up the DagBag from /home/walterg/Documentos/Data_projects/Data-Warehouse-postgres-DBT-airflow-/.venv/lib/python3.11/site-packages/airflow/example_dags/example_trigger_controller_dag.py
[2025-05-31T21:18:15.521-0300] {processor.py:840} INFO - DAG(s) 'example_trigger_controller_dag' retrieved from /home/walterg/Documentos/Data_projects/Data-Warehouse-postgres-DBT-airflow-/.venv/lib/python3.11/site-packages/airflow/example_dags/example_trigger_controller_dag.py
[2025-05-31T21:18:15.534-0300] {logging_mixin.py:188} INFO - [2025-05-31T21:18:15.534-0300] {dag.py:3036} INFO - Sync 1 DAGs
[2025-05-31T21:18:15.548-0300] {logging_mixin.py:188} INFO - [2025-05-31T21:18:15.548-0300] {dag.py:3823} INFO - Setting next_dagrun for example_trigger_controller_dag to 2021-01-01 00:00:00+00:00, run_after=2021-01-01 00:00:00+00:00
[2025-05-31T21:18:15.679-0300] {processor.py:183} INFO - Processing /home/walterg/Documentos/Data_projects/Data-Warehouse-postgres-DBT-airflow-/.venv/lib/python3.11/site-packages/airflow/example_dags/example_trigger_controller_dag.py took 0.173 seconds
[2025-05-31T21:18:58.220-0300] {processor.py:161} INFO - Started process (PID=38186) to work on /home/walterg/Documentos/Data_projects/Data-Warehouse-postgres-DBT-airflow-/.venv/lib/python3.11/site-packages/airflow/example_dags/example_trigger_controller_dag.py
[2025-05-31T21:18:58.225-0300] {processor.py:830} INFO - Processing file /home/walterg/Documentos/Data_projects/Data-Warehouse-postgres-DBT-airflow-/.venv/lib/python3.11/site-packages/airflow/example_dags/example_trigger_controller_dag.py for tasks to queue
[2025-05-31T21:18:58.227-0300] {logging_mixin.py:188} INFO - [2025-05-31T21:18:58.226-0300] {dagbag.py:538} INFO - Filling up the DagBag from /home/walterg/Documentos/Data_projects/Data-Warehouse-postgres-DBT-airflow-/.venv/lib/python3.11/site-packages/airflow/example_dags/example_trigger_controller_dag.py
[2025-05-31T21:18:58.230-0300] {processor.py:840} INFO - DAG(s) 'example_trigger_controller_dag' retrieved from /home/walterg/Documentos/Data_projects/Data-Warehouse-postgres-DBT-airflow-/.venv/lib/python3.11/site-packages/airflow/example_dags/example_trigger_controller_dag.py
[2025-05-31T21:18:58.244-0300] {logging_mixin.py:188} INFO - [2025-05-31T21:18:58.244-0300] {dag.py:3036} INFO - Sync 1 DAGs
[2025-05-31T21:18:58.257-0300] {logging_mixin.py:188} INFO - [2025-05-31T21:18:58.256-0300] {dag.py:3823} INFO - Setting next_dagrun for example_trigger_controller_dag to 2021-01-01 00:00:00+00:00, run_after=2021-01-01 00:00:00+00:00
[2025-05-31T21:18:58.272-0300] {processor.py:183} INFO - Processing /home/walterg/Documentos/Data_projects/Data-Warehouse-postgres-DBT-airflow-/.venv/lib/python3.11/site-packages/airflow/example_dags/example_trigger_controller_dag.py took 0.054 seconds
[2025-05-31T21:19:41.502-0300] {processor.py:161} INFO - Started process (PID=38399) to work on /home/walterg/Documentos/Data_projects/Data-Warehouse-postgres-DBT-airflow-/.venv/lib/python3.11/site-packages/airflow/example_dags/example_trigger_controller_dag.py
[2025-05-31T21:19:41.503-0300] {processor.py:830} INFO - Processing file /home/walterg/Documentos/Data_projects/Data-Warehouse-postgres-DBT-airflow-/.venv/lib/python3.11/site-packages/airflow/example_dags/example_trigger_controller_dag.py for tasks to queue
[2025-05-31T21:19:41.503-0300] {logging_mixin.py:188} INFO - [2025-05-31T21:19:41.503-0300] {dagbag.py:538} INFO - Filling up the DagBag from /home/walterg/Documentos/Data_projects/Data-Warehouse-postgres-DBT-airflow-/.venv/lib/python3.11/site-packages/airflow/example_dags/example_trigger_controller_dag.py
[2025-05-31T21:19:41.507-0300] {processor.py:840} INFO - DAG(s) 'example_trigger_controller_dag' retrieved from /home/walterg/Documentos/Data_projects/Data-Warehouse-postgres-DBT-airflow-/.venv/lib/python3.11/site-packages/airflow/example_dags/example_trigger_controller_dag.py
[2025-05-31T21:19:41.520-0300] {logging_mixin.py:188} INFO - [2025-05-31T21:19:41.520-0300] {dag.py:3036} INFO - Sync 1 DAGs
[2025-05-31T21:19:41.533-0300] {logging_mixin.py:188} INFO - [2025-05-31T21:19:41.533-0300] {dag.py:3823} INFO - Setting next_dagrun for example_trigger_controller_dag to 2021-01-01 00:00:00+00:00, run_after=2021-01-01 00:00:00+00:00
[2025-05-31T21:19:41.650-0300] {processor.py:183} INFO - Processing /home/walterg/Documentos/Data_projects/Data-Warehouse-postgres-DBT-airflow-/.venv/lib/python3.11/site-packages/airflow/example_dags/example_trigger_controller_dag.py took 0.151 seconds
[2025-05-31T21:20:24.190-0300] {processor.py:161} INFO - Started process (PID=38592) to work on /home/walterg/Documentos/Data_projects/Data-Warehouse-postgres-DBT-airflow-/.venv/lib/python3.11/site-packages/airflow/example_dags/example_trigger_controller_dag.py
[2025-05-31T21:20:24.195-0300] {processor.py:830} INFO - Processing file /home/walterg/Documentos/Data_projects/Data-Warehouse-postgres-DBT-airflow-/.venv/lib/python3.11/site-packages/airflow/example_dags/example_trigger_controller_dag.py for tasks to queue
[2025-05-31T21:20:24.196-0300] {logging_mixin.py:188} INFO - [2025-05-31T21:20:24.195-0300] {dagbag.py:538} INFO - Filling up the DagBag from /home/walterg/Documentos/Data_projects/Data-Warehouse-postgres-DBT-airflow-/.venv/lib/python3.11/site-packages/airflow/example_dags/example_trigger_controller_dag.py
[2025-05-31T21:20:24.200-0300] {processor.py:840} INFO - DAG(s) 'example_trigger_controller_dag' retrieved from /home/walterg/Documentos/Data_projects/Data-Warehouse-postgres-DBT-airflow-/.venv/lib/python3.11/site-packages/airflow/example_dags/example_trigger_controller_dag.py
[2025-05-31T21:20:24.213-0300] {logging_mixin.py:188} INFO - [2025-05-31T21:20:24.212-0300] {dag.py:3036} INFO - Sync 1 DAGs
[2025-05-31T21:20:24.231-0300] {logging_mixin.py:188} INFO - [2025-05-31T21:20:24.230-0300] {dag.py:3823} INFO - Setting next_dagrun for example_trigger_controller_dag to 2021-01-01 00:00:00+00:00, run_after=2021-01-01 00:00:00+00:00
[2025-05-31T21:20:24.247-0300] {processor.py:183} INFO - Processing /home/walterg/Documentos/Data_projects/Data-Warehouse-postgres-DBT-airflow-/.venv/lib/python3.11/site-packages/airflow/example_dags/example_trigger_controller_dag.py took 0.059 seconds
[2025-05-31T21:21:00.140-0300] {processor.py:161} INFO - Started process (PID=38698) to work on /home/walterg/Documentos/Data_projects/Data-Warehouse-postgres-DBT-airflow-/.venv/lib/python3.11/site-packages/airflow/example_dags/example_trigger_controller_dag.py
[2025-05-31T21:21:00.145-0300] {processor.py:830} INFO - Processing file /home/walterg/Documentos/Data_projects/Data-Warehouse-postgres-DBT-airflow-/.venv/lib/python3.11/site-packages/airflow/example_dags/example_trigger_controller_dag.py for tasks to queue
[2025-05-31T21:21:00.146-0300] {logging_mixin.py:188} INFO - [2025-05-31T21:21:00.146-0300] {dagbag.py:538} INFO - Filling up the DagBag from /home/walterg/Documentos/Data_projects/Data-Warehouse-postgres-DBT-airflow-/.venv/lib/python3.11/site-packages/airflow/example_dags/example_trigger_controller_dag.py
[2025-05-31T21:21:00.150-0300] {processor.py:840} INFO - DAG(s) 'example_trigger_controller_dag' retrieved from /home/walterg/Documentos/Data_projects/Data-Warehouse-postgres-DBT-airflow-/.venv/lib/python3.11/site-packages/airflow/example_dags/example_trigger_controller_dag.py
[2025-05-31T21:21:00.163-0300] {logging_mixin.py:188} INFO - [2025-05-31T21:21:00.162-0300] {dag.py:3036} INFO - Sync 1 DAGs
[2025-05-31T21:21:00.176-0300] {logging_mixin.py:188} INFO - [2025-05-31T21:21:00.176-0300] {dag.py:3823} INFO - Setting next_dagrun for example_trigger_controller_dag to 2021-01-01 00:00:00+00:00, run_after=2021-01-01 00:00:00+00:00
[2025-05-31T21:21:00.298-0300] {processor.py:183} INFO - Processing /home/walterg/Documentos/Data_projects/Data-Warehouse-postgres-DBT-airflow-/.venv/lib/python3.11/site-packages/airflow/example_dags/example_trigger_controller_dag.py took 0.160 seconds
[2025-05-31T21:21:46.384-0300] {processor.py:161} INFO - Started process (PID=38976) to work on /home/walterg/Documentos/Data_projects/Data-Warehouse-postgres-DBT-airflow-/.venv/lib/python3.11/site-packages/airflow/example_dags/example_trigger_controller_dag.py
[2025-05-31T21:21:46.385-0300] {processor.py:830} INFO - Processing file /home/walterg/Documentos/Data_projects/Data-Warehouse-postgres-DBT-airflow-/.venv/lib/python3.11/site-packages/airflow/example_dags/example_trigger_controller_dag.py for tasks to queue
[2025-05-31T21:21:46.386-0300] {logging_mixin.py:188} INFO - [2025-05-31T21:21:46.385-0300] {dagbag.py:538} INFO - Filling up the DagBag from /home/walterg/Documentos/Data_projects/Data-Warehouse-postgres-DBT-airflow-/.venv/lib/python3.11/site-packages/airflow/example_dags/example_trigger_controller_dag.py
[2025-05-31T21:21:46.390-0300] {processor.py:840} INFO - DAG(s) 'example_trigger_controller_dag' retrieved from /home/walterg/Documentos/Data_projects/Data-Warehouse-postgres-DBT-airflow-/.venv/lib/python3.11/site-packages/airflow/example_dags/example_trigger_controller_dag.py
[2025-05-31T21:21:46.403-0300] {logging_mixin.py:188} INFO - [2025-05-31T21:21:46.403-0300] {dag.py:3036} INFO - Sync 1 DAGs
[2025-05-31T21:21:46.417-0300] {logging_mixin.py:188} INFO - [2025-05-31T21:21:46.416-0300] {dag.py:3823} INFO - Setting next_dagrun for example_trigger_controller_dag to 2021-01-01 00:00:00+00:00, run_after=2021-01-01 00:00:00+00:00
[2025-05-31T21:21:46.434-0300] {processor.py:183} INFO - Processing /home/walterg/Documentos/Data_projects/Data-Warehouse-postgres-DBT-airflow-/.venv/lib/python3.11/site-packages/airflow/example_dags/example_trigger_controller_dag.py took 0.053 seconds
[2025-05-31T21:22:26.018-0300] {processor.py:161} INFO - Started process (PID=39275) to work on /home/walterg/Documentos/Data_projects/Data-Warehouse-postgres-DBT-airflow-/.venv/lib/python3.11/site-packages/airflow/example_dags/example_trigger_controller_dag.py
[2025-05-31T21:22:26.024-0300] {processor.py:830} INFO - Processing file /home/walterg/Documentos/Data_projects/Data-Warehouse-postgres-DBT-airflow-/.venv/lib/python3.11/site-packages/airflow/example_dags/example_trigger_controller_dag.py for tasks to queue
[2025-05-31T21:22:26.025-0300] {logging_mixin.py:188} INFO - [2025-05-31T21:22:26.025-0300] {dagbag.py:538} INFO - Filling up the DagBag from /home/walterg/Documentos/Data_projects/Data-Warehouse-postgres-DBT-airflow-/.venv/lib/python3.11/site-packages/airflow/example_dags/example_trigger_controller_dag.py
[2025-05-31T21:22:26.029-0300] {processor.py:840} INFO - DAG(s) 'example_trigger_controller_dag' retrieved from /home/walterg/Documentos/Data_projects/Data-Warehouse-postgres-DBT-airflow-/.venv/lib/python3.11/site-packages/airflow/example_dags/example_trigger_controller_dag.py
[2025-05-31T21:22:26.042-0300] {logging_mixin.py:188} INFO - [2025-05-31T21:22:26.041-0300] {dag.py:3036} INFO - Sync 1 DAGs
[2025-05-31T21:22:26.055-0300] {logging_mixin.py:188} INFO - [2025-05-31T21:22:26.054-0300] {dag.py:3823} INFO - Setting next_dagrun for example_trigger_controller_dag to 2021-01-01 00:00:00+00:00, run_after=2021-01-01 00:00:00+00:00
[2025-05-31T21:22:26.175-0300] {processor.py:183} INFO - Processing /home/walterg/Documentos/Data_projects/Data-Warehouse-postgres-DBT-airflow-/.venv/lib/python3.11/site-packages/airflow/example_dags/example_trigger_controller_dag.py took 0.159 seconds
[2025-05-31T21:23:12.814-0300] {processor.py:161} INFO - Started process (PID=39508) to work on /home/walterg/Documentos/Data_projects/Data-Warehouse-postgres-DBT-airflow-/.venv/lib/python3.11/site-packages/airflow/example_dags/example_trigger_controller_dag.py
[2025-05-31T21:23:12.819-0300] {processor.py:830} INFO - Processing file /home/walterg/Documentos/Data_projects/Data-Warehouse-postgres-DBT-airflow-/.venv/lib/python3.11/site-packages/airflow/example_dags/example_trigger_controller_dag.py for tasks to queue
[2025-05-31T21:23:12.820-0300] {logging_mixin.py:188} INFO - [2025-05-31T21:23:12.820-0300] {dagbag.py:538} INFO - Filling up the DagBag from /home/walterg/Documentos/Data_projects/Data-Warehouse-postgres-DBT-airflow-/.venv/lib/python3.11/site-packages/airflow/example_dags/example_trigger_controller_dag.py
[2025-05-31T21:23:12.826-0300] {processor.py:840} INFO - DAG(s) 'example_trigger_controller_dag' retrieved from /home/walterg/Documentos/Data_projects/Data-Warehouse-postgres-DBT-airflow-/.venv/lib/python3.11/site-packages/airflow/example_dags/example_trigger_controller_dag.py
[2025-05-31T21:23:12.843-0300] {logging_mixin.py:188} INFO - [2025-05-31T21:23:12.843-0300] {dag.py:3036} INFO - Sync 1 DAGs
[2025-05-31T21:23:12.860-0300] {logging_mixin.py:188} INFO - [2025-05-31T21:23:12.860-0300] {dag.py:3823} INFO - Setting next_dagrun for example_trigger_controller_dag to 2021-01-01 00:00:00+00:00, run_after=2021-01-01 00:00:00+00:00
[2025-05-31T21:23:12.879-0300] {processor.py:183} INFO - Processing /home/walterg/Documentos/Data_projects/Data-Warehouse-postgres-DBT-airflow-/.venv/lib/python3.11/site-packages/airflow/example_dags/example_trigger_controller_dag.py took 0.067 seconds
[2025-05-31T21:23:56.562-0300] {processor.py:161} INFO - Started process (PID=39609) to work on /home/walterg/Documentos/Data_projects/Data-Warehouse-postgres-DBT-airflow-/.venv/lib/python3.11/site-packages/airflow/example_dags/example_trigger_controller_dag.py
[2025-05-31T21:23:56.568-0300] {processor.py:830} INFO - Processing file /home/walterg/Documentos/Data_projects/Data-Warehouse-postgres-DBT-airflow-/.venv/lib/python3.11/site-packages/airflow/example_dags/example_trigger_controller_dag.py for tasks to queue
[2025-05-31T21:23:56.569-0300] {logging_mixin.py:188} INFO - [2025-05-31T21:23:56.568-0300] {dagbag.py:538} INFO - Filling up the DagBag from /home/walterg/Documentos/Data_projects/Data-Warehouse-postgres-DBT-airflow-/.venv/lib/python3.11/site-packages/airflow/example_dags/example_trigger_controller_dag.py
[2025-05-31T21:23:56.573-0300] {processor.py:840} INFO - DAG(s) 'example_trigger_controller_dag' retrieved from /home/walterg/Documentos/Data_projects/Data-Warehouse-postgres-DBT-airflow-/.venv/lib/python3.11/site-packages/airflow/example_dags/example_trigger_controller_dag.py
[2025-05-31T21:23:56.586-0300] {logging_mixin.py:188} INFO - [2025-05-31T21:23:56.586-0300] {dag.py:3036} INFO - Sync 1 DAGs
[2025-05-31T21:23:56.706-0300] {logging_mixin.py:188} INFO - [2025-05-31T21:23:56.706-0300] {dag.py:3823} INFO - Setting next_dagrun for example_trigger_controller_dag to 2021-01-01 00:00:00+00:00, run_after=2021-01-01 00:00:00+00:00
[2025-05-31T21:23:56.726-0300] {processor.py:183} INFO - Processing /home/walterg/Documentos/Data_projects/Data-Warehouse-postgres-DBT-airflow-/.venv/lib/python3.11/site-packages/airflow/example_dags/example_trigger_controller_dag.py took 0.166 seconds
[2025-05-31T21:24:47.474-0300] {processor.py:161} INFO - Started process (PID=39833) to work on /home/walterg/Documentos/Data_projects/Data-Warehouse-postgres-DBT-airflow-/.venv/lib/python3.11/site-packages/airflow/example_dags/example_trigger_controller_dag.py
[2025-05-31T21:24:47.479-0300] {processor.py:830} INFO - Processing file /home/walterg/Documentos/Data_projects/Data-Warehouse-postgres-DBT-airflow-/.venv/lib/python3.11/site-packages/airflow/example_dags/example_trigger_controller_dag.py for tasks to queue
[2025-05-31T21:24:47.479-0300] {logging_mixin.py:188} INFO - [2025-05-31T21:24:47.479-0300] {dagbag.py:538} INFO - Filling up the DagBag from /home/walterg/Documentos/Data_projects/Data-Warehouse-postgres-DBT-airflow-/.venv/lib/python3.11/site-packages/airflow/example_dags/example_trigger_controller_dag.py
[2025-05-31T21:24:47.483-0300] {processor.py:840} INFO - DAG(s) 'example_trigger_controller_dag' retrieved from /home/walterg/Documentos/Data_projects/Data-Warehouse-postgres-DBT-airflow-/.venv/lib/python3.11/site-packages/airflow/example_dags/example_trigger_controller_dag.py
[2025-05-31T21:24:47.496-0300] {logging_mixin.py:188} INFO - [2025-05-31T21:24:47.496-0300] {dag.py:3036} INFO - Sync 1 DAGs
[2025-05-31T21:24:47.508-0300] {logging_mixin.py:188} INFO - [2025-05-31T21:24:47.508-0300] {dag.py:3823} INFO - Setting next_dagrun for example_trigger_controller_dag to 2021-01-01 00:00:00+00:00, run_after=2021-01-01 00:00:00+00:00
[2025-05-31T21:24:47.526-0300] {processor.py:183} INFO - Processing /home/walterg/Documentos/Data_projects/Data-Warehouse-postgres-DBT-airflow-/.venv/lib/python3.11/site-packages/airflow/example_dags/example_trigger_controller_dag.py took 0.055 seconds
[2025-05-31T21:25:33.842-0300] {processor.py:161} INFO - Started process (PID=40136) to work on /home/walterg/Documentos/Data_projects/Data-Warehouse-postgres-DBT-airflow-/.venv/lib/python3.11/site-packages/airflow/example_dags/example_trigger_controller_dag.py
[2025-05-31T21:25:33.847-0300] {processor.py:830} INFO - Processing file /home/walterg/Documentos/Data_projects/Data-Warehouse-postgres-DBT-airflow-/.venv/lib/python3.11/site-packages/airflow/example_dags/example_trigger_controller_dag.py for tasks to queue
[2025-05-31T21:25:33.849-0300] {logging_mixin.py:188} INFO - [2025-05-31T21:25:33.848-0300] {dagbag.py:538} INFO - Filling up the DagBag from /home/walterg/Documentos/Data_projects/Data-Warehouse-postgres-DBT-airflow-/.venv/lib/python3.11/site-packages/airflow/example_dags/example_trigger_controller_dag.py
[2025-05-31T21:25:33.853-0300] {processor.py:840} INFO - DAG(s) 'example_trigger_controller_dag' retrieved from /home/walterg/Documentos/Data_projects/Data-Warehouse-postgres-DBT-airflow-/.venv/lib/python3.11/site-packages/airflow/example_dags/example_trigger_controller_dag.py
[2025-05-31T21:25:33.865-0300] {logging_mixin.py:188} INFO - [2025-05-31T21:25:33.865-0300] {dag.py:3036} INFO - Sync 1 DAGs
[2025-05-31T21:25:33.878-0300] {logging_mixin.py:188} INFO - [2025-05-31T21:25:33.878-0300] {dag.py:3823} INFO - Setting next_dagrun for example_trigger_controller_dag to 2021-01-01 00:00:00+00:00, run_after=2021-01-01 00:00:00+00:00
[2025-05-31T21:25:33.895-0300] {processor.py:183} INFO - Processing /home/walterg/Documentos/Data_projects/Data-Warehouse-postgres-DBT-airflow-/.venv/lib/python3.11/site-packages/airflow/example_dags/example_trigger_controller_dag.py took 0.055 seconds
[2025-05-31T21:26:13.251-0300] {processor.py:161} INFO - Started process (PID=40528) to work on /home/walterg/Documentos/Data_projects/Data-Warehouse-postgres-DBT-airflow-/.venv/lib/python3.11/site-packages/airflow/example_dags/example_trigger_controller_dag.py
[2025-05-31T21:26:13.258-0300] {processor.py:830} INFO - Processing file /home/walterg/Documentos/Data_projects/Data-Warehouse-postgres-DBT-airflow-/.venv/lib/python3.11/site-packages/airflow/example_dags/example_trigger_controller_dag.py for tasks to queue
[2025-05-31T21:26:13.259-0300] {logging_mixin.py:188} INFO - [2025-05-31T21:26:13.258-0300] {dagbag.py:538} INFO - Filling up the DagBag from /home/walterg/Documentos/Data_projects/Data-Warehouse-postgres-DBT-airflow-/.venv/lib/python3.11/site-packages/airflow/example_dags/example_trigger_controller_dag.py
[2025-05-31T21:26:13.263-0300] {processor.py:840} INFO - DAG(s) 'example_trigger_controller_dag' retrieved from /home/walterg/Documentos/Data_projects/Data-Warehouse-postgres-DBT-airflow-/.venv/lib/python3.11/site-packages/airflow/example_dags/example_trigger_controller_dag.py
[2025-05-31T21:26:13.277-0300] {logging_mixin.py:188} INFO - [2025-05-31T21:26:13.277-0300] {dag.py:3036} INFO - Sync 1 DAGs
[2025-05-31T21:26:13.291-0300] {logging_mixin.py:188} INFO - [2025-05-31T21:26:13.290-0300] {dag.py:3823} INFO - Setting next_dagrun for example_trigger_controller_dag to 2021-01-01 00:00:00+00:00, run_after=2021-01-01 00:00:00+00:00
[2025-05-31T21:26:13.309-0300] {processor.py:183} INFO - Processing /home/walterg/Documentos/Data_projects/Data-Warehouse-postgres-DBT-airflow-/.venv/lib/python3.11/site-packages/airflow/example_dags/example_trigger_controller_dag.py took 0.060 seconds
[2025-05-31T21:26:54.219-0300] {processor.py:161} INFO - Started process (PID=40693) to work on /home/walterg/Documentos/Data_projects/Data-Warehouse-postgres-DBT-airflow-/.venv/lib/python3.11/site-packages/airflow/example_dags/example_trigger_controller_dag.py
[2025-05-31T21:26:54.224-0300] {processor.py:830} INFO - Processing file /home/walterg/Documentos/Data_projects/Data-Warehouse-postgres-DBT-airflow-/.venv/lib/python3.11/site-packages/airflow/example_dags/example_trigger_controller_dag.py for tasks to queue
[2025-05-31T21:26:54.225-0300] {logging_mixin.py:188} INFO - [2025-05-31T21:26:54.225-0300] {dagbag.py:538} INFO - Filling up the DagBag from /home/walterg/Documentos/Data_projects/Data-Warehouse-postgres-DBT-airflow-/.venv/lib/python3.11/site-packages/airflow/example_dags/example_trigger_controller_dag.py
[2025-05-31T21:26:54.229-0300] {processor.py:840} INFO - DAG(s) 'example_trigger_controller_dag' retrieved from /home/walterg/Documentos/Data_projects/Data-Warehouse-postgres-DBT-airflow-/.venv/lib/python3.11/site-packages/airflow/example_dags/example_trigger_controller_dag.py
[2025-05-31T21:26:54.243-0300] {logging_mixin.py:188} INFO - [2025-05-31T21:26:54.242-0300] {dag.py:3036} INFO - Sync 1 DAGs
[2025-05-31T21:26:54.255-0300] {logging_mixin.py:188} INFO - [2025-05-31T21:26:54.255-0300] {dag.py:3823} INFO - Setting next_dagrun for example_trigger_controller_dag to 2021-01-01 00:00:00+00:00, run_after=2021-01-01 00:00:00+00:00
[2025-05-31T21:26:54.272-0300] {processor.py:183} INFO - Processing /home/walterg/Documentos/Data_projects/Data-Warehouse-postgres-DBT-airflow-/.venv/lib/python3.11/site-packages/airflow/example_dags/example_trigger_controller_dag.py took 0.056 seconds
[2025-05-31T21:27:35.770-0300] {processor.py:161} INFO - Started process (PID=41115) to work on /home/walterg/Documentos/Data_projects/Data-Warehouse-postgres-DBT-airflow-/.venv/lib/python3.11/site-packages/airflow/example_dags/example_trigger_controller_dag.py
[2025-05-31T21:27:35.771-0300] {processor.py:830} INFO - Processing file /home/walterg/Documentos/Data_projects/Data-Warehouse-postgres-DBT-airflow-/.venv/lib/python3.11/site-packages/airflow/example_dags/example_trigger_controller_dag.py for tasks to queue
[2025-05-31T21:27:35.772-0300] {logging_mixin.py:188} INFO - [2025-05-31T21:27:35.771-0300] {dagbag.py:538} INFO - Filling up the DagBag from /home/walterg/Documentos/Data_projects/Data-Warehouse-postgres-DBT-airflow-/.venv/lib/python3.11/site-packages/airflow/example_dags/example_trigger_controller_dag.py
[2025-05-31T21:27:35.777-0300] {processor.py:840} INFO - DAG(s) 'example_trigger_controller_dag' retrieved from /home/walterg/Documentos/Data_projects/Data-Warehouse-postgres-DBT-airflow-/.venv/lib/python3.11/site-packages/airflow/example_dags/example_trigger_controller_dag.py
[2025-05-31T21:27:35.792-0300] {logging_mixin.py:188} INFO - [2025-05-31T21:27:35.792-0300] {dag.py:3036} INFO - Sync 1 DAGs
[2025-05-31T21:27:35.809-0300] {logging_mixin.py:188} INFO - [2025-05-31T21:27:35.809-0300] {dag.py:3823} INFO - Setting next_dagrun for example_trigger_controller_dag to 2021-01-01 00:00:00+00:00, run_after=2021-01-01 00:00:00+00:00
[2025-05-31T21:27:35.831-0300] {processor.py:183} INFO - Processing /home/walterg/Documentos/Data_projects/Data-Warehouse-postgres-DBT-airflow-/.venv/lib/python3.11/site-packages/airflow/example_dags/example_trigger_controller_dag.py took 0.064 seconds
[2025-05-31T21:28:15.155-0300] {processor.py:161} INFO - Started process (PID=41379) to work on /home/walterg/Documentos/Data_projects/Data-Warehouse-postgres-DBT-airflow-/.venv/lib/python3.11/site-packages/airflow/example_dags/example_trigger_controller_dag.py
[2025-05-31T21:28:15.160-0300] {processor.py:830} INFO - Processing file /home/walterg/Documentos/Data_projects/Data-Warehouse-postgres-DBT-airflow-/.venv/lib/python3.11/site-packages/airflow/example_dags/example_trigger_controller_dag.py for tasks to queue
[2025-05-31T21:28:15.162-0300] {logging_mixin.py:188} INFO - [2025-05-31T21:28:15.161-0300] {dagbag.py:538} INFO - Filling up the DagBag from /home/walterg/Documentos/Data_projects/Data-Warehouse-postgres-DBT-airflow-/.venv/lib/python3.11/site-packages/airflow/example_dags/example_trigger_controller_dag.py
[2025-05-31T21:28:15.166-0300] {processor.py:840} INFO - DAG(s) 'example_trigger_controller_dag' retrieved from /home/walterg/Documentos/Data_projects/Data-Warehouse-postgres-DBT-airflow-/.venv/lib/python3.11/site-packages/airflow/example_dags/example_trigger_controller_dag.py
[2025-05-31T21:28:15.180-0300] {logging_mixin.py:188} INFO - [2025-05-31T21:28:15.180-0300] {dag.py:3036} INFO - Sync 1 DAGs
[2025-05-31T21:28:15.194-0300] {logging_mixin.py:188} INFO - [2025-05-31T21:28:15.193-0300] {dag.py:3823} INFO - Setting next_dagrun for example_trigger_controller_dag to 2021-01-01 00:00:00+00:00, run_after=2021-01-01 00:00:00+00:00
[2025-05-31T21:28:15.210-0300] {processor.py:183} INFO - Processing /home/walterg/Documentos/Data_projects/Data-Warehouse-postgres-DBT-airflow-/.venv/lib/python3.11/site-packages/airflow/example_dags/example_trigger_controller_dag.py took 0.058 seconds
[2025-05-31T21:28:55.851-0300] {processor.py:161} INFO - Started process (PID=41476) to work on /home/walterg/Documentos/Data_projects/Data-Warehouse-postgres-DBT-airflow-/.venv/lib/python3.11/site-packages/airflow/example_dags/example_trigger_controller_dag.py
[2025-05-31T21:28:55.856-0300] {processor.py:830} INFO - Processing file /home/walterg/Documentos/Data_projects/Data-Warehouse-postgres-DBT-airflow-/.venv/lib/python3.11/site-packages/airflow/example_dags/example_trigger_controller_dag.py for tasks to queue
[2025-05-31T21:28:55.857-0300] {logging_mixin.py:188} INFO - [2025-05-31T21:28:55.857-0300] {dagbag.py:538} INFO - Filling up the DagBag from /home/walterg/Documentos/Data_projects/Data-Warehouse-postgres-DBT-airflow-/.venv/lib/python3.11/site-packages/airflow/example_dags/example_trigger_controller_dag.py
[2025-05-31T21:28:55.861-0300] {processor.py:840} INFO - DAG(s) 'example_trigger_controller_dag' retrieved from /home/walterg/Documentos/Data_projects/Data-Warehouse-postgres-DBT-airflow-/.venv/lib/python3.11/site-packages/airflow/example_dags/example_trigger_controller_dag.py
[2025-05-31T21:28:55.873-0300] {logging_mixin.py:188} INFO - [2025-05-31T21:28:55.873-0300] {dag.py:3036} INFO - Sync 1 DAGs
[2025-05-31T21:28:55.886-0300] {logging_mixin.py:188} INFO - [2025-05-31T21:28:55.886-0300] {dag.py:3823} INFO - Setting next_dagrun for example_trigger_controller_dag to 2021-01-01 00:00:00+00:00, run_after=2021-01-01 00:00:00+00:00
[2025-05-31T21:28:55.902-0300] {processor.py:183} INFO - Processing /home/walterg/Documentos/Data_projects/Data-Warehouse-postgres-DBT-airflow-/.venv/lib/python3.11/site-packages/airflow/example_dags/example_trigger_controller_dag.py took 0.054 seconds
[2025-05-31T21:29:37.322-0300] {processor.py:161} INFO - Started process (PID=41678) to work on /home/walterg/Documentos/Data_projects/Data-Warehouse-postgres-DBT-airflow-/.venv/lib/python3.11/site-packages/airflow/example_dags/example_trigger_controller_dag.py
[2025-05-31T21:29:37.328-0300] {processor.py:830} INFO - Processing file /home/walterg/Documentos/Data_projects/Data-Warehouse-postgres-DBT-airflow-/.venv/lib/python3.11/site-packages/airflow/example_dags/example_trigger_controller_dag.py for tasks to queue
[2025-05-31T21:29:37.329-0300] {logging_mixin.py:188} INFO - [2025-05-31T21:29:37.328-0300] {dagbag.py:538} INFO - Filling up the DagBag from /home/walterg/Documentos/Data_projects/Data-Warehouse-postgres-DBT-airflow-/.venv/lib/python3.11/site-packages/airflow/example_dags/example_trigger_controller_dag.py
[2025-05-31T21:29:37.332-0300] {processor.py:840} INFO - DAG(s) 'example_trigger_controller_dag' retrieved from /home/walterg/Documentos/Data_projects/Data-Warehouse-postgres-DBT-airflow-/.venv/lib/python3.11/site-packages/airflow/example_dags/example_trigger_controller_dag.py
[2025-05-31T21:29:37.345-0300] {logging_mixin.py:188} INFO - [2025-05-31T21:29:37.345-0300] {dag.py:3036} INFO - Sync 1 DAGs
[2025-05-31T21:29:37.357-0300] {logging_mixin.py:188} INFO - [2025-05-31T21:29:37.357-0300] {dag.py:3823} INFO - Setting next_dagrun for example_trigger_controller_dag to 2021-01-01 00:00:00+00:00, run_after=2021-01-01 00:00:00+00:00
[2025-05-31T21:29:37.373-0300] {processor.py:183} INFO - Processing /home/walterg/Documentos/Data_projects/Data-Warehouse-postgres-DBT-airflow-/.venv/lib/python3.11/site-packages/airflow/example_dags/example_trigger_controller_dag.py took 0.053 seconds
[2025-05-31T21:30:15.721-0300] {processor.py:161} INFO - Started process (PID=41859) to work on /home/walterg/Documentos/Data_projects/Data-Warehouse-postgres-DBT-airflow-/.venv/lib/python3.11/site-packages/airflow/example_dags/example_trigger_controller_dag.py
[2025-05-31T21:30:15.725-0300] {processor.py:830} INFO - Processing file /home/walterg/Documentos/Data_projects/Data-Warehouse-postgres-DBT-airflow-/.venv/lib/python3.11/site-packages/airflow/example_dags/example_trigger_controller_dag.py for tasks to queue
[2025-05-31T21:30:15.726-0300] {logging_mixin.py:188} INFO - [2025-05-31T21:30:15.726-0300] {dagbag.py:538} INFO - Filling up the DagBag from /home/walterg/Documentos/Data_projects/Data-Warehouse-postgres-DBT-airflow-/.venv/lib/python3.11/site-packages/airflow/example_dags/example_trigger_controller_dag.py
[2025-05-31T21:30:15.730-0300] {processor.py:840} INFO - DAG(s) 'example_trigger_controller_dag' retrieved from /home/walterg/Documentos/Data_projects/Data-Warehouse-postgres-DBT-airflow-/.venv/lib/python3.11/site-packages/airflow/example_dags/example_trigger_controller_dag.py
[2025-05-31T21:30:15.742-0300] {logging_mixin.py:188} INFO - [2025-05-31T21:30:15.742-0300] {dag.py:3036} INFO - Sync 1 DAGs
[2025-05-31T21:30:15.755-0300] {logging_mixin.py:188} INFO - [2025-05-31T21:30:15.755-0300] {dag.py:3823} INFO - Setting next_dagrun for example_trigger_controller_dag to 2021-01-01 00:00:00+00:00, run_after=2021-01-01 00:00:00+00:00
[2025-05-31T21:30:15.773-0300] {processor.py:183} INFO - Processing /home/walterg/Documentos/Data_projects/Data-Warehouse-postgres-DBT-airflow-/.venv/lib/python3.11/site-packages/airflow/example_dags/example_trigger_controller_dag.py took 0.055 seconds
[2025-05-31T21:30:55.629-0300] {processor.py:161} INFO - Started process (PID=41971) to work on /home/walterg/Documentos/Data_projects/Data-Warehouse-postgres-DBT-airflow-/.venv/lib/python3.11/site-packages/airflow/example_dags/example_trigger_controller_dag.py
[2025-05-31T21:30:55.634-0300] {processor.py:830} INFO - Processing file /home/walterg/Documentos/Data_projects/Data-Warehouse-postgres-DBT-airflow-/.venv/lib/python3.11/site-packages/airflow/example_dags/example_trigger_controller_dag.py for tasks to queue
[2025-05-31T21:30:55.635-0300] {logging_mixin.py:188} INFO - [2025-05-31T21:30:55.635-0300] {dagbag.py:538} INFO - Filling up the DagBag from /home/walterg/Documentos/Data_projects/Data-Warehouse-postgres-DBT-airflow-/.venv/lib/python3.11/site-packages/airflow/example_dags/example_trigger_controller_dag.py
[2025-05-31T21:30:55.639-0300] {processor.py:840} INFO - DAG(s) 'example_trigger_controller_dag' retrieved from /home/walterg/Documentos/Data_projects/Data-Warehouse-postgres-DBT-airflow-/.venv/lib/python3.11/site-packages/airflow/example_dags/example_trigger_controller_dag.py
[2025-05-31T21:30:55.652-0300] {logging_mixin.py:188} INFO - [2025-05-31T21:30:55.651-0300] {dag.py:3036} INFO - Sync 1 DAGs
[2025-05-31T21:30:55.664-0300] {logging_mixin.py:188} INFO - [2025-05-31T21:30:55.664-0300] {dag.py:3823} INFO - Setting next_dagrun for example_trigger_controller_dag to 2021-01-01 00:00:00+00:00, run_after=2021-01-01 00:00:00+00:00
[2025-05-31T21:30:55.680-0300] {processor.py:183} INFO - Processing /home/walterg/Documentos/Data_projects/Data-Warehouse-postgres-DBT-airflow-/.venv/lib/python3.11/site-packages/airflow/example_dags/example_trigger_controller_dag.py took 0.053 seconds
[2025-05-31T21:31:36.289-0300] {processor.py:161} INFO - Started process (PID=42159) to work on /home/walterg/Documentos/Data_projects/Data-Warehouse-postgres-DBT-airflow-/.venv/lib/python3.11/site-packages/airflow/example_dags/example_trigger_controller_dag.py
[2025-05-31T21:31:36.294-0300] {processor.py:830} INFO - Processing file /home/walterg/Documentos/Data_projects/Data-Warehouse-postgres-DBT-airflow-/.venv/lib/python3.11/site-packages/airflow/example_dags/example_trigger_controller_dag.py for tasks to queue
[2025-05-31T21:31:36.295-0300] {logging_mixin.py:188} INFO - [2025-05-31T21:31:36.295-0300] {dagbag.py:538} INFO - Filling up the DagBag from /home/walterg/Documentos/Data_projects/Data-Warehouse-postgres-DBT-airflow-/.venv/lib/python3.11/site-packages/airflow/example_dags/example_trigger_controller_dag.py
[2025-05-31T21:31:36.300-0300] {processor.py:840} INFO - DAG(s) 'example_trigger_controller_dag' retrieved from /home/walterg/Documentos/Data_projects/Data-Warehouse-postgres-DBT-airflow-/.venv/lib/python3.11/site-packages/airflow/example_dags/example_trigger_controller_dag.py
[2025-05-31T21:31:36.313-0300] {logging_mixin.py:188} INFO - [2025-05-31T21:31:36.312-0300] {dag.py:3036} INFO - Sync 1 DAGs
[2025-05-31T21:31:36.325-0300] {logging_mixin.py:188} INFO - [2025-05-31T21:31:36.325-0300] {dag.py:3823} INFO - Setting next_dagrun for example_trigger_controller_dag to 2021-01-01 00:00:00+00:00, run_after=2021-01-01 00:00:00+00:00
[2025-05-31T21:31:36.342-0300] {processor.py:183} INFO - Processing /home/walterg/Documentos/Data_projects/Data-Warehouse-postgres-DBT-airflow-/.venv/lib/python3.11/site-packages/airflow/example_dags/example_trigger_controller_dag.py took 0.056 seconds
[2025-05-31T21:32:14.339-0300] {processor.py:161} INFO - Started process (PID=42363) to work on /home/walterg/Documentos/Data_projects/Data-Warehouse-postgres-DBT-airflow-/.venv/lib/python3.11/site-packages/airflow/example_dags/example_trigger_controller_dag.py
[2025-05-31T21:32:14.344-0300] {processor.py:830} INFO - Processing file /home/walterg/Documentos/Data_projects/Data-Warehouse-postgres-DBT-airflow-/.venv/lib/python3.11/site-packages/airflow/example_dags/example_trigger_controller_dag.py for tasks to queue
[2025-05-31T21:32:14.346-0300] {logging_mixin.py:188} INFO - [2025-05-31T21:32:14.345-0300] {dagbag.py:538} INFO - Filling up the DagBag from /home/walterg/Documentos/Data_projects/Data-Warehouse-postgres-DBT-airflow-/.venv/lib/python3.11/site-packages/airflow/example_dags/example_trigger_controller_dag.py
[2025-05-31T21:32:14.349-0300] {processor.py:840} INFO - DAG(s) 'example_trigger_controller_dag' retrieved from /home/walterg/Documentos/Data_projects/Data-Warehouse-postgres-DBT-airflow-/.venv/lib/python3.11/site-packages/airflow/example_dags/example_trigger_controller_dag.py
[2025-05-31T21:32:14.362-0300] {logging_mixin.py:188} INFO - [2025-05-31T21:32:14.362-0300] {dag.py:3036} INFO - Sync 1 DAGs
[2025-05-31T21:32:14.374-0300] {logging_mixin.py:188} INFO - [2025-05-31T21:32:14.374-0300] {dag.py:3823} INFO - Setting next_dagrun for example_trigger_controller_dag to 2021-01-01 00:00:00+00:00, run_after=2021-01-01 00:00:00+00:00
[2025-05-31T21:32:14.390-0300] {processor.py:183} INFO - Processing /home/walterg/Documentos/Data_projects/Data-Warehouse-postgres-DBT-airflow-/.venv/lib/python3.11/site-packages/airflow/example_dags/example_trigger_controller_dag.py took 0.053 seconds
[2025-05-31T21:32:58.267-0300] {processor.py:161} INFO - Started process (PID=42688) to work on /home/walterg/Documentos/Data_projects/Data-Warehouse-postgres-DBT-airflow-/.venv/lib/python3.11/site-packages/airflow/example_dags/example_trigger_controller_dag.py
[2025-05-31T21:32:58.272-0300] {processor.py:830} INFO - Processing file /home/walterg/Documentos/Data_projects/Data-Warehouse-postgres-DBT-airflow-/.venv/lib/python3.11/site-packages/airflow/example_dags/example_trigger_controller_dag.py for tasks to queue
[2025-05-31T21:32:58.273-0300] {logging_mixin.py:188} INFO - [2025-05-31T21:32:58.272-0300] {dagbag.py:538} INFO - Filling up the DagBag from /home/walterg/Documentos/Data_projects/Data-Warehouse-postgres-DBT-airflow-/.venv/lib/python3.11/site-packages/airflow/example_dags/example_trigger_controller_dag.py
[2025-05-31T21:32:58.277-0300] {processor.py:840} INFO - DAG(s) 'example_trigger_controller_dag' retrieved from /home/walterg/Documentos/Data_projects/Data-Warehouse-postgres-DBT-airflow-/.venv/lib/python3.11/site-packages/airflow/example_dags/example_trigger_controller_dag.py
[2025-05-31T21:32:58.289-0300] {logging_mixin.py:188} INFO - [2025-05-31T21:32:58.289-0300] {dag.py:3036} INFO - Sync 1 DAGs
[2025-05-31T21:32:58.304-0300] {logging_mixin.py:188} INFO - [2025-05-31T21:32:58.304-0300] {dag.py:3823} INFO - Setting next_dagrun for example_trigger_controller_dag to 2021-01-01 00:00:00+00:00, run_after=2021-01-01 00:00:00+00:00
[2025-05-31T21:32:58.328-0300] {processor.py:183} INFO - Processing /home/walterg/Documentos/Data_projects/Data-Warehouse-postgres-DBT-airflow-/.venv/lib/python3.11/site-packages/airflow/example_dags/example_trigger_controller_dag.py took 0.064 seconds
[2025-05-31T21:33:41.562-0300] {processor.py:161} INFO - Started process (PID=42899) to work on /home/walterg/Documentos/Data_projects/Data-Warehouse-postgres-DBT-airflow-/.venv/lib/python3.11/site-packages/airflow/example_dags/example_trigger_controller_dag.py
[2025-05-31T21:33:41.567-0300] {processor.py:830} INFO - Processing file /home/walterg/Documentos/Data_projects/Data-Warehouse-postgres-DBT-airflow-/.venv/lib/python3.11/site-packages/airflow/example_dags/example_trigger_controller_dag.py for tasks to queue
[2025-05-31T21:33:41.568-0300] {logging_mixin.py:188} INFO - [2025-05-31T21:33:41.567-0300] {dagbag.py:538} INFO - Filling up the DagBag from /home/walterg/Documentos/Data_projects/Data-Warehouse-postgres-DBT-airflow-/.venv/lib/python3.11/site-packages/airflow/example_dags/example_trigger_controller_dag.py
[2025-05-31T21:33:41.572-0300] {processor.py:840} INFO - DAG(s) 'example_trigger_controller_dag' retrieved from /home/walterg/Documentos/Data_projects/Data-Warehouse-postgres-DBT-airflow-/.venv/lib/python3.11/site-packages/airflow/example_dags/example_trigger_controller_dag.py
[2025-05-31T21:33:41.584-0300] {logging_mixin.py:188} INFO - [2025-05-31T21:33:41.584-0300] {dag.py:3036} INFO - Sync 1 DAGs
[2025-05-31T21:33:41.597-0300] {logging_mixin.py:188} INFO - [2025-05-31T21:33:41.597-0300] {dag.py:3823} INFO - Setting next_dagrun for example_trigger_controller_dag to 2021-01-01 00:00:00+00:00, run_after=2021-01-01 00:00:00+00:00
[2025-05-31T21:33:41.613-0300] {processor.py:183} INFO - Processing /home/walterg/Documentos/Data_projects/Data-Warehouse-postgres-DBT-airflow-/.venv/lib/python3.11/site-packages/airflow/example_dags/example_trigger_controller_dag.py took 0.053 seconds
[2025-05-31T21:34:18.404-0300] {processor.py:161} INFO - Started process (PID=42956) to work on /home/walterg/Documentos/Data_projects/Data-Warehouse-postgres-DBT-airflow-/.venv/lib/python3.11/site-packages/airflow/example_dags/example_trigger_controller_dag.py
[2025-05-31T21:34:18.409-0300] {processor.py:830} INFO - Processing file /home/walterg/Documentos/Data_projects/Data-Warehouse-postgres-DBT-airflow-/.venv/lib/python3.11/site-packages/airflow/example_dags/example_trigger_controller_dag.py for tasks to queue
[2025-05-31T21:34:18.411-0300] {logging_mixin.py:188} INFO - [2025-05-31T21:34:18.410-0300] {dagbag.py:538} INFO - Filling up the DagBag from /home/walterg/Documentos/Data_projects/Data-Warehouse-postgres-DBT-airflow-/.venv/lib/python3.11/site-packages/airflow/example_dags/example_trigger_controller_dag.py
[2025-05-31T21:34:18.414-0300] {processor.py:840} INFO - DAG(s) 'example_trigger_controller_dag' retrieved from /home/walterg/Documentos/Data_projects/Data-Warehouse-postgres-DBT-airflow-/.venv/lib/python3.11/site-packages/airflow/example_dags/example_trigger_controller_dag.py
[2025-05-31T21:34:18.427-0300] {logging_mixin.py:188} INFO - [2025-05-31T21:34:18.427-0300] {dag.py:3036} INFO - Sync 1 DAGs
[2025-05-31T21:34:18.440-0300] {logging_mixin.py:188} INFO - [2025-05-31T21:34:18.440-0300] {dag.py:3823} INFO - Setting next_dagrun for example_trigger_controller_dag to 2021-01-01 00:00:00+00:00, run_after=2021-01-01 00:00:00+00:00
[2025-05-31T21:34:18.458-0300] {processor.py:183} INFO - Processing /home/walterg/Documentos/Data_projects/Data-Warehouse-postgres-DBT-airflow-/.venv/lib/python3.11/site-packages/airflow/example_dags/example_trigger_controller_dag.py took 0.056 seconds
[2025-05-31T21:34:54.424-0300] {processor.py:161} INFO - Started process (PID=43148) to work on /home/walterg/Documentos/Data_projects/Data-Warehouse-postgres-DBT-airflow-/.venv/lib/python3.11/site-packages/airflow/example_dags/example_trigger_controller_dag.py
[2025-05-31T21:34:54.429-0300] {processor.py:830} INFO - Processing file /home/walterg/Documentos/Data_projects/Data-Warehouse-postgres-DBT-airflow-/.venv/lib/python3.11/site-packages/airflow/example_dags/example_trigger_controller_dag.py for tasks to queue
[2025-05-31T21:34:54.430-0300] {logging_mixin.py:188} INFO - [2025-05-31T21:34:54.430-0300] {dagbag.py:538} INFO - Filling up the DagBag from /home/walterg/Documentos/Data_projects/Data-Warehouse-postgres-DBT-airflow-/.venv/lib/python3.11/site-packages/airflow/example_dags/example_trigger_controller_dag.py
[2025-05-31T21:34:54.434-0300] {processor.py:840} INFO - DAG(s) 'example_trigger_controller_dag' retrieved from /home/walterg/Documentos/Data_projects/Data-Warehouse-postgres-DBT-airflow-/.venv/lib/python3.11/site-packages/airflow/example_dags/example_trigger_controller_dag.py
[2025-05-31T21:34:54.447-0300] {logging_mixin.py:188} INFO - [2025-05-31T21:34:54.447-0300] {dag.py:3036} INFO - Sync 1 DAGs
[2025-05-31T21:34:54.460-0300] {logging_mixin.py:188} INFO - [2025-05-31T21:34:54.459-0300] {dag.py:3823} INFO - Setting next_dagrun for example_trigger_controller_dag to 2021-01-01 00:00:00+00:00, run_after=2021-01-01 00:00:00+00:00
[2025-05-31T21:34:54.476-0300] {processor.py:183} INFO - Processing /home/walterg/Documentos/Data_projects/Data-Warehouse-postgres-DBT-airflow-/.venv/lib/python3.11/site-packages/airflow/example_dags/example_trigger_controller_dag.py took 0.055 seconds
