[2025-05-31T21:00:25.940-0300] {processor.py:161} INFO - Started process (PID=32654) to work on /home/walterg/Documentos/Data_projects/Data-Warehouse-postgres-DBT-airflow-/.venv/lib/python3.11/site-packages/airflow/example_dags/example_time_delta_sensor_async.py
[2025-05-31T21:00:25.940-0300] {processor.py:830} INFO - Processing file /home/walterg/Documentos/Data_projects/Data-Warehouse-postgres-DBT-airflow-/.venv/lib/python3.11/site-packages/airflow/example_dags/example_time_delta_sensor_async.py for tasks to queue
[2025-05-31T21:00:25.941-0300] {logging_mixin.py:188} INFO - [2025-05-31T21:00:25.941-0300] {dagbag.py:538} INFO - Filling up the DagBag from /home/walterg/Documentos/Data_projects/Data-Warehouse-postgres-DBT-airflow-/.venv/lib/python3.11/site-packages/airflow/example_dags/example_time_delta_sensor_async.py
[2025-05-31T21:00:25.945-0300] {processor.py:840} INFO - DAG(s) 'example_time_delta_sensor_async' retrieved from /home/walterg/Documentos/Data_projects/Data-Warehouse-postgres-DBT-airflow-/.venv/lib/python3.11/site-packages/airflow/example_dags/example_time_delta_sensor_async.py
[2025-05-31T21:00:25.958-0300] {logging_mixin.py:188} INFO - [2025-05-31T21:00:25.958-0300] {dag.py:3036} INFO - Sync 1 DAGs
[2025-05-31T21:00:25.965-0300] {logging_mixin.py:188} INFO - [2025-05-31T21:00:25.965-0300] {dag.py:3823} INFO - Setting next_dagrun for example_time_delta_sensor_async to None, run_after=None
[2025-05-31T21:00:25.988-0300] {processor.py:183} INFO - Processing /home/walterg/Documentos/Data_projects/Data-Warehouse-postgres-DBT-airflow-/.venv/lib/python3.11/site-packages/airflow/example_dags/example_time_delta_sensor_async.py took 0.050 seconds
[2025-05-31T21:01:09.243-0300] {processor.py:161} INFO - Started process (PID=32888) to work on /home/walterg/Documentos/Data_projects/Data-Warehouse-postgres-DBT-airflow-/.venv/lib/python3.11/site-packages/airflow/example_dags/example_time_delta_sensor_async.py
[2025-05-31T21:01:09.249-0300] {processor.py:830} INFO - Processing file /home/walterg/Documentos/Data_projects/Data-Warehouse-postgres-DBT-airflow-/.venv/lib/python3.11/site-packages/airflow/example_dags/example_time_delta_sensor_async.py for tasks to queue
[2025-05-31T21:01:09.250-0300] {logging_mixin.py:188} INFO - [2025-05-31T21:01:09.249-0300] {dagbag.py:538} INFO - Filling up the DagBag from /home/walterg/Documentos/Data_projects/Data-Warehouse-postgres-DBT-airflow-/.venv/lib/python3.11/site-packages/airflow/example_dags/example_time_delta_sensor_async.py
[2025-05-31T21:01:09.254-0300] {processor.py:840} INFO - DAG(s) 'example_time_delta_sensor_async' retrieved from /home/walterg/Documentos/Data_projects/Data-Warehouse-postgres-DBT-airflow-/.venv/lib/python3.11/site-packages/airflow/example_dags/example_time_delta_sensor_async.py
[2025-05-31T21:01:09.267-0300] {logging_mixin.py:188} INFO - [2025-05-31T21:01:09.266-0300] {dag.py:3036} INFO - Sync 1 DAGs
[2025-05-31T21:01:09.275-0300] {logging_mixin.py:188} INFO - [2025-05-31T21:01:09.274-0300] {dag.py:3823} INFO - Setting next_dagrun for example_time_delta_sensor_async to None, run_after=None
[2025-05-31T21:01:09.291-0300] {processor.py:183} INFO - Processing /home/walterg/Documentos/Data_projects/Data-Warehouse-postgres-DBT-airflow-/.venv/lib/python3.11/site-packages/airflow/example_dags/example_time_delta_sensor_async.py took 0.050 seconds
[2025-05-31T21:01:51.256-0300] {processor.py:161} INFO - Started process (PID=33071) to work on /home/walterg/Documentos/Data_projects/Data-Warehouse-postgres-DBT-airflow-/.venv/lib/python3.11/site-packages/airflow/example_dags/example_time_delta_sensor_async.py
[2025-05-31T21:01:51.262-0300] {processor.py:830} INFO - Processing file /home/walterg/Documentos/Data_projects/Data-Warehouse-postgres-DBT-airflow-/.venv/lib/python3.11/site-packages/airflow/example_dags/example_time_delta_sensor_async.py for tasks to queue
[2025-05-31T21:01:51.263-0300] {logging_mixin.py:188} INFO - [2025-05-31T21:01:51.263-0300] {dagbag.py:538} INFO - Filling up the DagBag from /home/walterg/Documentos/Data_projects/Data-Warehouse-postgres-DBT-airflow-/.venv/lib/python3.11/site-packages/airflow/example_dags/example_time_delta_sensor_async.py
[2025-05-31T21:01:51.267-0300] {processor.py:840} INFO - DAG(s) 'example_time_delta_sensor_async' retrieved from /home/walterg/Documentos/Data_projects/Data-Warehouse-postgres-DBT-airflow-/.venv/lib/python3.11/site-packages/airflow/example_dags/example_time_delta_sensor_async.py
[2025-05-31T21:01:51.280-0300] {logging_mixin.py:188} INFO - [2025-05-31T21:01:51.280-0300] {dag.py:3036} INFO - Sync 1 DAGs
[2025-05-31T21:01:51.288-0300] {logging_mixin.py:188} INFO - [2025-05-31T21:01:51.288-0300] {dag.py:3823} INFO - Setting next_dagrun for example_time_delta_sensor_async to None, run_after=None
[2025-05-31T21:01:51.305-0300] {processor.py:183} INFO - Processing /home/walterg/Documentos/Data_projects/Data-Warehouse-postgres-DBT-airflow-/.venv/lib/python3.11/site-packages/airflow/example_dags/example_time_delta_sensor_async.py took 0.051 seconds
[2025-05-31T21:02:35.465-0300] {processor.py:161} INFO - Started process (PID=33364) to work on /home/walterg/Documentos/Data_projects/Data-Warehouse-postgres-DBT-airflow-/.venv/lib/python3.11/site-packages/airflow/example_dags/example_time_delta_sensor_async.py
[2025-05-31T21:02:35.466-0300] {processor.py:830} INFO - Processing file /home/walterg/Documentos/Data_projects/Data-Warehouse-postgres-DBT-airflow-/.venv/lib/python3.11/site-packages/airflow/example_dags/example_time_delta_sensor_async.py for tasks to queue
[2025-05-31T21:02:35.467-0300] {logging_mixin.py:188} INFO - [2025-05-31T21:02:35.466-0300] {dagbag.py:538} INFO - Filling up the DagBag from /home/walterg/Documentos/Data_projects/Data-Warehouse-postgres-DBT-airflow-/.venv/lib/python3.11/site-packages/airflow/example_dags/example_time_delta_sensor_async.py
[2025-05-31T21:02:35.471-0300] {processor.py:840} INFO - DAG(s) 'example_time_delta_sensor_async' retrieved from /home/walterg/Documentos/Data_projects/Data-Warehouse-postgres-DBT-airflow-/.venv/lib/python3.11/site-packages/airflow/example_dags/example_time_delta_sensor_async.py
[2025-05-31T21:02:35.483-0300] {logging_mixin.py:188} INFO - [2025-05-31T21:02:35.483-0300] {dag.py:3036} INFO - Sync 1 DAGs
[2025-05-31T21:02:35.491-0300] {logging_mixin.py:188} INFO - [2025-05-31T21:02:35.491-0300] {dag.py:3823} INFO - Setting next_dagrun for example_time_delta_sensor_async to None, run_after=None
[2025-05-31T21:02:35.506-0300] {processor.py:183} INFO - Processing /home/walterg/Documentos/Data_projects/Data-Warehouse-postgres-DBT-airflow-/.venv/lib/python3.11/site-packages/airflow/example_dags/example_time_delta_sensor_async.py took 0.044 seconds
[2025-05-31T21:03:19.704-0300] {processor.py:161} INFO - Started process (PID=33621) to work on /home/walterg/Documentos/Data_projects/Data-Warehouse-postgres-DBT-airflow-/.venv/lib/python3.11/site-packages/airflow/example_dags/example_time_delta_sensor_async.py
[2025-05-31T21:03:19.709-0300] {processor.py:830} INFO - Processing file /home/walterg/Documentos/Data_projects/Data-Warehouse-postgres-DBT-airflow-/.venv/lib/python3.11/site-packages/airflow/example_dags/example_time_delta_sensor_async.py for tasks to queue
[2025-05-31T21:03:19.710-0300] {logging_mixin.py:188} INFO - [2025-05-31T21:03:19.709-0300] {dagbag.py:538} INFO - Filling up the DagBag from /home/walterg/Documentos/Data_projects/Data-Warehouse-postgres-DBT-airflow-/.venv/lib/python3.11/site-packages/airflow/example_dags/example_time_delta_sensor_async.py
[2025-05-31T21:03:19.714-0300] {processor.py:840} INFO - DAG(s) 'example_time_delta_sensor_async' retrieved from /home/walterg/Documentos/Data_projects/Data-Warehouse-postgres-DBT-airflow-/.venv/lib/python3.11/site-packages/airflow/example_dags/example_time_delta_sensor_async.py
[2025-05-31T21:03:19.727-0300] {logging_mixin.py:188} INFO - [2025-05-31T21:03:19.726-0300] {dag.py:3036} INFO - Sync 1 DAGs
[2025-05-31T21:03:19.735-0300] {logging_mixin.py:188} INFO - [2025-05-31T21:03:19.735-0300] {dag.py:3823} INFO - Setting next_dagrun for example_time_delta_sensor_async to None, run_after=None
[2025-05-31T21:03:19.752-0300] {processor.py:183} INFO - Processing /home/walterg/Documentos/Data_projects/Data-Warehouse-postgres-DBT-airflow-/.venv/lib/python3.11/site-packages/airflow/example_dags/example_time_delta_sensor_async.py took 0.051 seconds
[2025-05-31T21:03:58.979-0300] {processor.py:161} INFO - Started process (PID=33707) to work on /home/walterg/Documentos/Data_projects/Data-Warehouse-postgres-DBT-airflow-/.venv/lib/python3.11/site-packages/airflow/example_dags/example_time_delta_sensor_async.py
[2025-05-31T21:03:58.984-0300] {processor.py:830} INFO - Processing file /home/walterg/Documentos/Data_projects/Data-Warehouse-postgres-DBT-airflow-/.venv/lib/python3.11/site-packages/airflow/example_dags/example_time_delta_sensor_async.py for tasks to queue
[2025-05-31T21:03:58.986-0300] {logging_mixin.py:188} INFO - [2025-05-31T21:03:58.985-0300] {dagbag.py:538} INFO - Filling up the DagBag from /home/walterg/Documentos/Data_projects/Data-Warehouse-postgres-DBT-airflow-/.venv/lib/python3.11/site-packages/airflow/example_dags/example_time_delta_sensor_async.py
[2025-05-31T21:03:58.989-0300] {processor.py:840} INFO - DAG(s) 'example_time_delta_sensor_async' retrieved from /home/walterg/Documentos/Data_projects/Data-Warehouse-postgres-DBT-airflow-/.venv/lib/python3.11/site-packages/airflow/example_dags/example_time_delta_sensor_async.py
[2025-05-31T21:03:59.003-0300] {logging_mixin.py:188} INFO - [2025-05-31T21:03:59.002-0300] {dag.py:3036} INFO - Sync 1 DAGs
[2025-05-31T21:03:59.010-0300] {logging_mixin.py:188} INFO - [2025-05-31T21:03:59.010-0300] {dag.py:3823} INFO - Setting next_dagrun for example_time_delta_sensor_async to None, run_after=None
[2025-05-31T21:03:59.027-0300] {processor.py:183} INFO - Processing /home/walterg/Documentos/Data_projects/Data-Warehouse-postgres-DBT-airflow-/.venv/lib/python3.11/site-packages/airflow/example_dags/example_time_delta_sensor_async.py took 0.050 seconds
[2025-05-31T21:04:43.457-0300] {processor.py:161} INFO - Started process (PID=33940) to work on /home/walterg/Documentos/Data_projects/Data-Warehouse-postgres-DBT-airflow-/.venv/lib/python3.11/site-packages/airflow/example_dags/example_time_delta_sensor_async.py
[2025-05-31T21:04:43.462-0300] {processor.py:830} INFO - Processing file /home/walterg/Documentos/Data_projects/Data-Warehouse-postgres-DBT-airflow-/.venv/lib/python3.11/site-packages/airflow/example_dags/example_time_delta_sensor_async.py for tasks to queue
[2025-05-31T21:04:43.463-0300] {logging_mixin.py:188} INFO - [2025-05-31T21:04:43.463-0300] {dagbag.py:538} INFO - Filling up the DagBag from /home/walterg/Documentos/Data_projects/Data-Warehouse-postgres-DBT-airflow-/.venv/lib/python3.11/site-packages/airflow/example_dags/example_time_delta_sensor_async.py
[2025-05-31T21:04:43.468-0300] {processor.py:840} INFO - DAG(s) 'example_time_delta_sensor_async' retrieved from /home/walterg/Documentos/Data_projects/Data-Warehouse-postgres-DBT-airflow-/.venv/lib/python3.11/site-packages/airflow/example_dags/example_time_delta_sensor_async.py
[2025-05-31T21:04:43.483-0300] {logging_mixin.py:188} INFO - [2025-05-31T21:04:43.483-0300] {dag.py:3036} INFO - Sync 1 DAGs
[2025-05-31T21:04:43.492-0300] {logging_mixin.py:188} INFO - [2025-05-31T21:04:43.492-0300] {dag.py:3823} INFO - Setting next_dagrun for example_time_delta_sensor_async to None, run_after=None
[2025-05-31T21:04:43.510-0300] {processor.py:183} INFO - Processing /home/walterg/Documentos/Data_projects/Data-Warehouse-postgres-DBT-airflow-/.venv/lib/python3.11/site-packages/airflow/example_dags/example_time_delta_sensor_async.py took 0.056 seconds
[2025-05-31T21:05:27.426-0300] {processor.py:161} INFO - Started process (PID=34177) to work on /home/walterg/Documentos/Data_projects/Data-Warehouse-postgres-DBT-airflow-/.venv/lib/python3.11/site-packages/airflow/example_dags/example_time_delta_sensor_async.py
[2025-05-31T21:05:27.427-0300] {processor.py:830} INFO - Processing file /home/walterg/Documentos/Data_projects/Data-Warehouse-postgres-DBT-airflow-/.venv/lib/python3.11/site-packages/airflow/example_dags/example_time_delta_sensor_async.py for tasks to queue
[2025-05-31T21:05:27.427-0300] {logging_mixin.py:188} INFO - [2025-05-31T21:05:27.427-0300] {dagbag.py:538} INFO - Filling up the DagBag from /home/walterg/Documentos/Data_projects/Data-Warehouse-postgres-DBT-airflow-/.venv/lib/python3.11/site-packages/airflow/example_dags/example_time_delta_sensor_async.py
[2025-05-31T21:05:27.431-0300] {processor.py:840} INFO - DAG(s) 'example_time_delta_sensor_async' retrieved from /home/walterg/Documentos/Data_projects/Data-Warehouse-postgres-DBT-airflow-/.venv/lib/python3.11/site-packages/airflow/example_dags/example_time_delta_sensor_async.py
[2025-05-31T21:05:27.445-0300] {logging_mixin.py:188} INFO - [2025-05-31T21:05:27.445-0300] {dag.py:3036} INFO - Sync 1 DAGs
[2025-05-31T21:05:27.453-0300] {logging_mixin.py:188} INFO - [2025-05-31T21:05:27.453-0300] {dag.py:3823} INFO - Setting next_dagrun for example_time_delta_sensor_async to None, run_after=None
[2025-05-31T21:05:27.470-0300] {processor.py:183} INFO - Processing /home/walterg/Documentos/Data_projects/Data-Warehouse-postgres-DBT-airflow-/.venv/lib/python3.11/site-packages/airflow/example_dags/example_time_delta_sensor_async.py took 0.047 seconds
[2025-05-31T21:06:10.799-0300] {processor.py:161} INFO - Started process (PID=34473) to work on /home/walterg/Documentos/Data_projects/Data-Warehouse-postgres-DBT-airflow-/.venv/lib/python3.11/site-packages/airflow/example_dags/example_time_delta_sensor_async.py
[2025-05-31T21:06:10.804-0300] {processor.py:830} INFO - Processing file /home/walterg/Documentos/Data_projects/Data-Warehouse-postgres-DBT-airflow-/.venv/lib/python3.11/site-packages/airflow/example_dags/example_time_delta_sensor_async.py for tasks to queue
[2025-05-31T21:06:10.805-0300] {logging_mixin.py:188} INFO - [2025-05-31T21:06:10.805-0300] {dagbag.py:538} INFO - Filling up the DagBag from /home/walterg/Documentos/Data_projects/Data-Warehouse-postgres-DBT-airflow-/.venv/lib/python3.11/site-packages/airflow/example_dags/example_time_delta_sensor_async.py
[2025-05-31T21:06:10.809-0300] {processor.py:840} INFO - DAG(s) 'example_time_delta_sensor_async' retrieved from /home/walterg/Documentos/Data_projects/Data-Warehouse-postgres-DBT-airflow-/.venv/lib/python3.11/site-packages/airflow/example_dags/example_time_delta_sensor_async.py
[2025-05-31T21:06:10.822-0300] {logging_mixin.py:188} INFO - [2025-05-31T21:06:10.822-0300] {dag.py:3036} INFO - Sync 1 DAGs
[2025-05-31T21:06:10.830-0300] {logging_mixin.py:188} INFO - [2025-05-31T21:06:10.830-0300] {dag.py:3823} INFO - Setting next_dagrun for example_time_delta_sensor_async to None, run_after=None
[2025-05-31T21:06:10.847-0300] {processor.py:183} INFO - Processing /home/walterg/Documentos/Data_projects/Data-Warehouse-postgres-DBT-airflow-/.venv/lib/python3.11/site-packages/airflow/example_dags/example_time_delta_sensor_async.py took 0.051 seconds
[2025-05-31T21:06:56.665-0300] {processor.py:161} INFO - Started process (PID=34603) to work on /home/walterg/Documentos/Data_projects/Data-Warehouse-postgres-DBT-airflow-/.venv/lib/python3.11/site-packages/airflow/example_dags/example_time_delta_sensor_async.py
[2025-05-31T21:06:56.670-0300] {processor.py:830} INFO - Processing file /home/walterg/Documentos/Data_projects/Data-Warehouse-postgres-DBT-airflow-/.venv/lib/python3.11/site-packages/airflow/example_dags/example_time_delta_sensor_async.py for tasks to queue
[2025-05-31T21:06:56.671-0300] {logging_mixin.py:188} INFO - [2025-05-31T21:06:56.671-0300] {dagbag.py:538} INFO - Filling up the DagBag from /home/walterg/Documentos/Data_projects/Data-Warehouse-postgres-DBT-airflow-/.venv/lib/python3.11/site-packages/airflow/example_dags/example_time_delta_sensor_async.py
[2025-05-31T21:06:56.677-0300] {processor.py:840} INFO - DAG(s) 'example_time_delta_sensor_async' retrieved from /home/walterg/Documentos/Data_projects/Data-Warehouse-postgres-DBT-airflow-/.venv/lib/python3.11/site-packages/airflow/example_dags/example_time_delta_sensor_async.py
[2025-05-31T21:06:56.692-0300] {logging_mixin.py:188} INFO - [2025-05-31T21:06:56.691-0300] {dag.py:3036} INFO - Sync 1 DAGs
[2025-05-31T21:06:56.701-0300] {logging_mixin.py:188} INFO - [2025-05-31T21:06:56.700-0300] {dag.py:3823} INFO - Setting next_dagrun for example_time_delta_sensor_async to None, run_after=None
[2025-05-31T21:06:56.717-0300] {processor.py:183} INFO - Processing /home/walterg/Documentos/Data_projects/Data-Warehouse-postgres-DBT-airflow-/.venv/lib/python3.11/site-packages/airflow/example_dags/example_time_delta_sensor_async.py took 0.055 seconds
[2025-05-31T21:07:39.828-0300] {processor.py:161} INFO - Started process (PID=34835) to work on /home/walterg/Documentos/Data_projects/Data-Warehouse-postgres-DBT-airflow-/.venv/lib/python3.11/site-packages/airflow/example_dags/example_time_delta_sensor_async.py
[2025-05-31T21:07:39.833-0300] {processor.py:830} INFO - Processing file /home/walterg/Documentos/Data_projects/Data-Warehouse-postgres-DBT-airflow-/.venv/lib/python3.11/site-packages/airflow/example_dags/example_time_delta_sensor_async.py for tasks to queue
[2025-05-31T21:07:39.834-0300] {logging_mixin.py:188} INFO - [2025-05-31T21:07:39.834-0300] {dagbag.py:538} INFO - Filling up the DagBag from /home/walterg/Documentos/Data_projects/Data-Warehouse-postgres-DBT-airflow-/.venv/lib/python3.11/site-packages/airflow/example_dags/example_time_delta_sensor_async.py
[2025-05-31T21:07:39.838-0300] {processor.py:840} INFO - DAG(s) 'example_time_delta_sensor_async' retrieved from /home/walterg/Documentos/Data_projects/Data-Warehouse-postgres-DBT-airflow-/.venv/lib/python3.11/site-packages/airflow/example_dags/example_time_delta_sensor_async.py
[2025-05-31T21:07:39.851-0300] {logging_mixin.py:188} INFO - [2025-05-31T21:07:39.850-0300] {dag.py:3036} INFO - Sync 1 DAGs
[2025-05-31T21:07:39.858-0300] {logging_mixin.py:188} INFO - [2025-05-31T21:07:39.858-0300] {dag.py:3823} INFO - Setting next_dagrun for example_time_delta_sensor_async to None, run_after=None
[2025-05-31T21:07:39.875-0300] {processor.py:183} INFO - Processing /home/walterg/Documentos/Data_projects/Data-Warehouse-postgres-DBT-airflow-/.venv/lib/python3.11/site-packages/airflow/example_dags/example_time_delta_sensor_async.py took 0.049 seconds
[2025-05-31T21:08:23.320-0300] {processor.py:161} INFO - Started process (PID=35122) to work on /home/walterg/Documentos/Data_projects/Data-Warehouse-postgres-DBT-airflow-/.venv/lib/python3.11/site-packages/airflow/example_dags/example_time_delta_sensor_async.py
[2025-05-31T21:08:23.325-0300] {processor.py:830} INFO - Processing file /home/walterg/Documentos/Data_projects/Data-Warehouse-postgres-DBT-airflow-/.venv/lib/python3.11/site-packages/airflow/example_dags/example_time_delta_sensor_async.py for tasks to queue
[2025-05-31T21:08:23.327-0300] {logging_mixin.py:188} INFO - [2025-05-31T21:08:23.326-0300] {dagbag.py:538} INFO - Filling up the DagBag from /home/walterg/Documentos/Data_projects/Data-Warehouse-postgres-DBT-airflow-/.venv/lib/python3.11/site-packages/airflow/example_dags/example_time_delta_sensor_async.py
[2025-05-31T21:08:23.332-0300] {processor.py:840} INFO - DAG(s) 'example_time_delta_sensor_async' retrieved from /home/walterg/Documentos/Data_projects/Data-Warehouse-postgres-DBT-airflow-/.venv/lib/python3.11/site-packages/airflow/example_dags/example_time_delta_sensor_async.py
[2025-05-31T21:08:23.348-0300] {logging_mixin.py:188} INFO - [2025-05-31T21:08:23.347-0300] {dag.py:3036} INFO - Sync 1 DAGs
[2025-05-31T21:08:23.358-0300] {logging_mixin.py:188} INFO - [2025-05-31T21:08:23.357-0300] {dag.py:3823} INFO - Setting next_dagrun for example_time_delta_sensor_async to None, run_after=None
[2025-05-31T21:08:23.379-0300] {processor.py:183} INFO - Processing /home/walterg/Documentos/Data_projects/Data-Warehouse-postgres-DBT-airflow-/.venv/lib/python3.11/site-packages/airflow/example_dags/example_time_delta_sensor_async.py took 0.061 seconds
[2025-05-31T21:09:00.478-0300] {processor.py:161} INFO - Started process (PID=35256) to work on /home/walterg/Documentos/Data_projects/Data-Warehouse-postgres-DBT-airflow-/.venv/lib/python3.11/site-packages/airflow/example_dags/example_time_delta_sensor_async.py
[2025-05-31T21:09:00.479-0300] {processor.py:830} INFO - Processing file /home/walterg/Documentos/Data_projects/Data-Warehouse-postgres-DBT-airflow-/.venv/lib/python3.11/site-packages/airflow/example_dags/example_time_delta_sensor_async.py for tasks to queue
[2025-05-31T21:09:00.480-0300] {logging_mixin.py:188} INFO - [2025-05-31T21:09:00.479-0300] {dagbag.py:538} INFO - Filling up the DagBag from /home/walterg/Documentos/Data_projects/Data-Warehouse-postgres-DBT-airflow-/.venv/lib/python3.11/site-packages/airflow/example_dags/example_time_delta_sensor_async.py
[2025-05-31T21:09:00.484-0300] {processor.py:840} INFO - DAG(s) 'example_time_delta_sensor_async' retrieved from /home/walterg/Documentos/Data_projects/Data-Warehouse-postgres-DBT-airflow-/.venv/lib/python3.11/site-packages/airflow/example_dags/example_time_delta_sensor_async.py
[2025-05-31T21:09:00.496-0300] {logging_mixin.py:188} INFO - [2025-05-31T21:09:00.496-0300] {dag.py:3036} INFO - Sync 1 DAGs
[2025-05-31T21:09:00.504-0300] {logging_mixin.py:188} INFO - [2025-05-31T21:09:00.504-0300] {dag.py:3823} INFO - Setting next_dagrun for example_time_delta_sensor_async to None, run_after=None
[2025-05-31T21:09:00.523-0300] {processor.py:183} INFO - Processing /home/walterg/Documentos/Data_projects/Data-Warehouse-postgres-DBT-airflow-/.venv/lib/python3.11/site-packages/airflow/example_dags/example_time_delta_sensor_async.py took 0.047 seconds
[2025-05-31T21:09:42.224-0300] {processor.py:161} INFO - Started process (PID=35493) to work on /home/walterg/Documentos/Data_projects/Data-Warehouse-postgres-DBT-airflow-/.venv/lib/python3.11/site-packages/airflow/example_dags/example_time_delta_sensor_async.py
[2025-05-31T21:09:42.229-0300] {processor.py:830} INFO - Processing file /home/walterg/Documentos/Data_projects/Data-Warehouse-postgres-DBT-airflow-/.venv/lib/python3.11/site-packages/airflow/example_dags/example_time_delta_sensor_async.py for tasks to queue
[2025-05-31T21:09:42.230-0300] {logging_mixin.py:188} INFO - [2025-05-31T21:09:42.230-0300] {dagbag.py:538} INFO - Filling up the DagBag from /home/walterg/Documentos/Data_projects/Data-Warehouse-postgres-DBT-airflow-/.venv/lib/python3.11/site-packages/airflow/example_dags/example_time_delta_sensor_async.py
[2025-05-31T21:09:42.234-0300] {processor.py:840} INFO - DAG(s) 'example_time_delta_sensor_async' retrieved from /home/walterg/Documentos/Data_projects/Data-Warehouse-postgres-DBT-airflow-/.venv/lib/python3.11/site-packages/airflow/example_dags/example_time_delta_sensor_async.py
[2025-05-31T21:09:42.247-0300] {logging_mixin.py:188} INFO - [2025-05-31T21:09:42.246-0300] {dag.py:3036} INFO - Sync 1 DAGs
[2025-05-31T21:09:42.254-0300] {logging_mixin.py:188} INFO - [2025-05-31T21:09:42.254-0300] {dag.py:3823} INFO - Setting next_dagrun for example_time_delta_sensor_async to None, run_after=None
[2025-05-31T21:09:42.270-0300] {processor.py:183} INFO - Processing /home/walterg/Documentos/Data_projects/Data-Warehouse-postgres-DBT-airflow-/.venv/lib/python3.11/site-packages/airflow/example_dags/example_time_delta_sensor_async.py took 0.049 seconds
[2025-05-31T21:10:26.863-0300] {processor.py:161} INFO - Started process (PID=35765) to work on /home/walterg/Documentos/Data_projects/Data-Warehouse-postgres-DBT-airflow-/.venv/lib/python3.11/site-packages/airflow/example_dags/example_time_delta_sensor_async.py
[2025-05-31T21:10:26.869-0300] {processor.py:830} INFO - Processing file /home/walterg/Documentos/Data_projects/Data-Warehouse-postgres-DBT-airflow-/.venv/lib/python3.11/site-packages/airflow/example_dags/example_time_delta_sensor_async.py for tasks to queue
[2025-05-31T21:10:26.869-0300] {logging_mixin.py:188} INFO - [2025-05-31T21:10:26.869-0300] {dagbag.py:538} INFO - Filling up the DagBag from /home/walterg/Documentos/Data_projects/Data-Warehouse-postgres-DBT-airflow-/.venv/lib/python3.11/site-packages/airflow/example_dags/example_time_delta_sensor_async.py
[2025-05-31T21:10:26.873-0300] {processor.py:840} INFO - DAG(s) 'example_time_delta_sensor_async' retrieved from /home/walterg/Documentos/Data_projects/Data-Warehouse-postgres-DBT-airflow-/.venv/lib/python3.11/site-packages/airflow/example_dags/example_time_delta_sensor_async.py
[2025-05-31T21:10:26.886-0300] {logging_mixin.py:188} INFO - [2025-05-31T21:10:26.886-0300] {dag.py:3036} INFO - Sync 1 DAGs
[2025-05-31T21:10:26.894-0300] {logging_mixin.py:188} INFO - [2025-05-31T21:10:26.893-0300] {dag.py:3823} INFO - Setting next_dagrun for example_time_delta_sensor_async to None, run_after=None
[2025-05-31T21:10:26.912-0300] {processor.py:183} INFO - Processing /home/walterg/Documentos/Data_projects/Data-Warehouse-postgres-DBT-airflow-/.venv/lib/python3.11/site-packages/airflow/example_dags/example_time_delta_sensor_async.py took 0.051 seconds
[2025-05-31T21:11:07.736-0300] {processor.py:161} INFO - Started process (PID=35941) to work on /home/walterg/Documentos/Data_projects/Data-Warehouse-postgres-DBT-airflow-/.venv/lib/python3.11/site-packages/airflow/example_dags/example_time_delta_sensor_async.py
[2025-05-31T21:11:07.741-0300] {processor.py:830} INFO - Processing file /home/walterg/Documentos/Data_projects/Data-Warehouse-postgres-DBT-airflow-/.venv/lib/python3.11/site-packages/airflow/example_dags/example_time_delta_sensor_async.py for tasks to queue
[2025-05-31T21:11:07.742-0300] {logging_mixin.py:188} INFO - [2025-05-31T21:11:07.741-0300] {dagbag.py:538} INFO - Filling up the DagBag from /home/walterg/Documentos/Data_projects/Data-Warehouse-postgres-DBT-airflow-/.venv/lib/python3.11/site-packages/airflow/example_dags/example_time_delta_sensor_async.py
[2025-05-31T21:11:07.746-0300] {processor.py:840} INFO - DAG(s) 'example_time_delta_sensor_async' retrieved from /home/walterg/Documentos/Data_projects/Data-Warehouse-postgres-DBT-airflow-/.venv/lib/python3.11/site-packages/airflow/example_dags/example_time_delta_sensor_async.py
[2025-05-31T21:11:07.759-0300] {logging_mixin.py:188} INFO - [2025-05-31T21:11:07.759-0300] {dag.py:3036} INFO - Sync 1 DAGs
[2025-05-31T21:11:07.766-0300] {logging_mixin.py:188} INFO - [2025-05-31T21:11:07.766-0300] {dag.py:3823} INFO - Setting next_dagrun for example_time_delta_sensor_async to None, run_after=None
[2025-05-31T21:11:07.784-0300] {processor.py:183} INFO - Processing /home/walterg/Documentos/Data_projects/Data-Warehouse-postgres-DBT-airflow-/.venv/lib/python3.11/site-packages/airflow/example_dags/example_time_delta_sensor_async.py took 0.051 seconds
[2025-05-31T21:11:50.980-0300] {processor.py:161} INFO - Started process (PID=36152) to work on /home/walterg/Documentos/Data_projects/Data-Warehouse-postgres-DBT-airflow-/.venv/lib/python3.11/site-packages/airflow/example_dags/example_time_delta_sensor_async.py
[2025-05-31T21:11:50.985-0300] {processor.py:830} INFO - Processing file /home/walterg/Documentos/Data_projects/Data-Warehouse-postgres-DBT-airflow-/.venv/lib/python3.11/site-packages/airflow/example_dags/example_time_delta_sensor_async.py for tasks to queue
[2025-05-31T21:11:50.986-0300] {logging_mixin.py:188} INFO - [2025-05-31T21:11:50.986-0300] {dagbag.py:538} INFO - Filling up the DagBag from /home/walterg/Documentos/Data_projects/Data-Warehouse-postgres-DBT-airflow-/.venv/lib/python3.11/site-packages/airflow/example_dags/example_time_delta_sensor_async.py
[2025-05-31T21:11:50.990-0300] {processor.py:840} INFO - DAG(s) 'example_time_delta_sensor_async' retrieved from /home/walterg/Documentos/Data_projects/Data-Warehouse-postgres-DBT-airflow-/.venv/lib/python3.11/site-packages/airflow/example_dags/example_time_delta_sensor_async.py
[2025-05-31T21:11:51.003-0300] {logging_mixin.py:188} INFO - [2025-05-31T21:11:51.003-0300] {dag.py:3036} INFO - Sync 1 DAGs
[2025-05-31T21:11:51.011-0300] {logging_mixin.py:188} INFO - [2025-05-31T21:11:51.011-0300] {dag.py:3823} INFO - Setting next_dagrun for example_time_delta_sensor_async to None, run_after=None
[2025-05-31T21:11:51.026-0300] {processor.py:183} INFO - Processing /home/walterg/Documentos/Data_projects/Data-Warehouse-postgres-DBT-airflow-/.venv/lib/python3.11/site-packages/airflow/example_dags/example_time_delta_sensor_async.py took 0.049 seconds
[2025-05-31T21:12:36.826-0300] {processor.py:161} INFO - Started process (PID=36357) to work on /home/walterg/Documentos/Data_projects/Data-Warehouse-postgres-DBT-airflow-/.venv/lib/python3.11/site-packages/airflow/example_dags/example_time_delta_sensor_async.py
[2025-05-31T21:12:36.831-0300] {processor.py:830} INFO - Processing file /home/walterg/Documentos/Data_projects/Data-Warehouse-postgres-DBT-airflow-/.venv/lib/python3.11/site-packages/airflow/example_dags/example_time_delta_sensor_async.py for tasks to queue
[2025-05-31T21:12:36.832-0300] {logging_mixin.py:188} INFO - [2025-05-31T21:12:36.832-0300] {dagbag.py:538} INFO - Filling up the DagBag from /home/walterg/Documentos/Data_projects/Data-Warehouse-postgres-DBT-airflow-/.venv/lib/python3.11/site-packages/airflow/example_dags/example_time_delta_sensor_async.py
[2025-05-31T21:12:36.836-0300] {processor.py:840} INFO - DAG(s) 'example_time_delta_sensor_async' retrieved from /home/walterg/Documentos/Data_projects/Data-Warehouse-postgres-DBT-airflow-/.venv/lib/python3.11/site-packages/airflow/example_dags/example_time_delta_sensor_async.py
[2025-05-31T21:12:36.848-0300] {logging_mixin.py:188} INFO - [2025-05-31T21:12:36.848-0300] {dag.py:3036} INFO - Sync 1 DAGs
[2025-05-31T21:12:36.856-0300] {logging_mixin.py:188} INFO - [2025-05-31T21:12:36.856-0300] {dag.py:3823} INFO - Setting next_dagrun for example_time_delta_sensor_async to None, run_after=None
[2025-05-31T21:12:36.873-0300] {processor.py:183} INFO - Processing /home/walterg/Documentos/Data_projects/Data-Warehouse-postgres-DBT-airflow-/.venv/lib/python3.11/site-packages/airflow/example_dags/example_time_delta_sensor_async.py took 0.049 seconds
[2025-05-31T21:13:16.471-0300] {processor.py:161} INFO - Started process (PID=36540) to work on /home/walterg/Documentos/Data_projects/Data-Warehouse-postgres-DBT-airflow-/.venv/lib/python3.11/site-packages/airflow/example_dags/example_time_delta_sensor_async.py
[2025-05-31T21:13:16.476-0300] {processor.py:830} INFO - Processing file /home/walterg/Documentos/Data_projects/Data-Warehouse-postgres-DBT-airflow-/.venv/lib/python3.11/site-packages/airflow/example_dags/example_time_delta_sensor_async.py for tasks to queue
[2025-05-31T21:13:16.477-0300] {logging_mixin.py:188} INFO - [2025-05-31T21:13:16.476-0300] {dagbag.py:538} INFO - Filling up the DagBag from /home/walterg/Documentos/Data_projects/Data-Warehouse-postgres-DBT-airflow-/.venv/lib/python3.11/site-packages/airflow/example_dags/example_time_delta_sensor_async.py
[2025-05-31T21:13:16.481-0300] {processor.py:840} INFO - DAG(s) 'example_time_delta_sensor_async' retrieved from /home/walterg/Documentos/Data_projects/Data-Warehouse-postgres-DBT-airflow-/.venv/lib/python3.11/site-packages/airflow/example_dags/example_time_delta_sensor_async.py
[2025-05-31T21:13:16.493-0300] {logging_mixin.py:188} INFO - [2025-05-31T21:13:16.493-0300] {dag.py:3036} INFO - Sync 1 DAGs
[2025-05-31T21:13:16.501-0300] {logging_mixin.py:188} INFO - [2025-05-31T21:13:16.501-0300] {dag.py:3823} INFO - Setting next_dagrun for example_time_delta_sensor_async to None, run_after=None
[2025-05-31T21:13:16.518-0300] {processor.py:183} INFO - Processing /home/walterg/Documentos/Data_projects/Data-Warehouse-postgres-DBT-airflow-/.venv/lib/python3.11/site-packages/airflow/example_dags/example_time_delta_sensor_async.py took 0.050 seconds
[2025-05-31T21:13:59.217-0300] {processor.py:161} INFO - Started process (PID=36696) to work on /home/walterg/Documentos/Data_projects/Data-Warehouse-postgres-DBT-airflow-/.venv/lib/python3.11/site-packages/airflow/example_dags/example_time_delta_sensor_async.py
[2025-05-31T21:13:59.222-0300] {processor.py:830} INFO - Processing file /home/walterg/Documentos/Data_projects/Data-Warehouse-postgres-DBT-airflow-/.venv/lib/python3.11/site-packages/airflow/example_dags/example_time_delta_sensor_async.py for tasks to queue
[2025-05-31T21:13:59.224-0300] {logging_mixin.py:188} INFO - [2025-05-31T21:13:59.223-0300] {dagbag.py:538} INFO - Filling up the DagBag from /home/walterg/Documentos/Data_projects/Data-Warehouse-postgres-DBT-airflow-/.venv/lib/python3.11/site-packages/airflow/example_dags/example_time_delta_sensor_async.py
[2025-05-31T21:13:59.227-0300] {processor.py:840} INFO - DAG(s) 'example_time_delta_sensor_async' retrieved from /home/walterg/Documentos/Data_projects/Data-Warehouse-postgres-DBT-airflow-/.venv/lib/python3.11/site-packages/airflow/example_dags/example_time_delta_sensor_async.py
[2025-05-31T21:13:59.240-0300] {logging_mixin.py:188} INFO - [2025-05-31T21:13:59.240-0300] {dag.py:3036} INFO - Sync 1 DAGs
[2025-05-31T21:13:59.248-0300] {logging_mixin.py:188} INFO - [2025-05-31T21:13:59.248-0300] {dag.py:3823} INFO - Setting next_dagrun for example_time_delta_sensor_async to None, run_after=None
[2025-05-31T21:13:59.264-0300] {processor.py:183} INFO - Processing /home/walterg/Documentos/Data_projects/Data-Warehouse-postgres-DBT-airflow-/.venv/lib/python3.11/site-packages/airflow/example_dags/example_time_delta_sensor_async.py took 0.049 seconds
[2025-05-31T21:14:44.549-0300] {processor.py:161} INFO - Started process (PID=36923) to work on /home/walterg/Documentos/Data_projects/Data-Warehouse-postgres-DBT-airflow-/.venv/lib/python3.11/site-packages/airflow/example_dags/example_time_delta_sensor_async.py
[2025-05-31T21:14:44.550-0300] {processor.py:830} INFO - Processing file /home/walterg/Documentos/Data_projects/Data-Warehouse-postgres-DBT-airflow-/.venv/lib/python3.11/site-packages/airflow/example_dags/example_time_delta_sensor_async.py for tasks to queue
[2025-05-31T21:14:44.551-0300] {logging_mixin.py:188} INFO - [2025-05-31T21:14:44.551-0300] {dagbag.py:538} INFO - Filling up the DagBag from /home/walterg/Documentos/Data_projects/Data-Warehouse-postgres-DBT-airflow-/.venv/lib/python3.11/site-packages/airflow/example_dags/example_time_delta_sensor_async.py
[2025-05-31T21:14:44.555-0300] {processor.py:840} INFO - DAG(s) 'example_time_delta_sensor_async' retrieved from /home/walterg/Documentos/Data_projects/Data-Warehouse-postgres-DBT-airflow-/.venv/lib/python3.11/site-packages/airflow/example_dags/example_time_delta_sensor_async.py
[2025-05-31T21:14:44.568-0300] {logging_mixin.py:188} INFO - [2025-05-31T21:14:44.568-0300] {dag.py:3036} INFO - Sync 1 DAGs
[2025-05-31T21:14:44.575-0300] {logging_mixin.py:188} INFO - [2025-05-31T21:14:44.575-0300] {dag.py:3823} INFO - Setting next_dagrun for example_time_delta_sensor_async to None, run_after=None
[2025-05-31T21:14:44.593-0300] {processor.py:183} INFO - Processing /home/walterg/Documentos/Data_projects/Data-Warehouse-postgres-DBT-airflow-/.venv/lib/python3.11/site-packages/airflow/example_dags/example_time_delta_sensor_async.py took 0.047 seconds
[2025-05-31T21:15:23.327-0300] {processor.py:161} INFO - Started process (PID=37224) to work on /home/walterg/Documentos/Data_projects/Data-Warehouse-postgres-DBT-airflow-/.venv/lib/python3.11/site-packages/airflow/example_dags/example_time_delta_sensor_async.py
[2025-05-31T21:15:23.333-0300] {processor.py:830} INFO - Processing file /home/walterg/Documentos/Data_projects/Data-Warehouse-postgres-DBT-airflow-/.venv/lib/python3.11/site-packages/airflow/example_dags/example_time_delta_sensor_async.py for tasks to queue
[2025-05-31T21:15:23.334-0300] {logging_mixin.py:188} INFO - [2025-05-31T21:15:23.334-0300] {dagbag.py:538} INFO - Filling up the DagBag from /home/walterg/Documentos/Data_projects/Data-Warehouse-postgres-DBT-airflow-/.venv/lib/python3.11/site-packages/airflow/example_dags/example_time_delta_sensor_async.py
[2025-05-31T21:15:23.338-0300] {processor.py:840} INFO - DAG(s) 'example_time_delta_sensor_async' retrieved from /home/walterg/Documentos/Data_projects/Data-Warehouse-postgres-DBT-airflow-/.venv/lib/python3.11/site-packages/airflow/example_dags/example_time_delta_sensor_async.py
[2025-05-31T21:15:23.351-0300] {logging_mixin.py:188} INFO - [2025-05-31T21:15:23.351-0300] {dag.py:3036} INFO - Sync 1 DAGs
[2025-05-31T21:15:23.359-0300] {logging_mixin.py:188} INFO - [2025-05-31T21:15:23.359-0300] {dag.py:3823} INFO - Setting next_dagrun for example_time_delta_sensor_async to None, run_after=None
[2025-05-31T21:15:23.377-0300] {processor.py:183} INFO - Processing /home/walterg/Documentos/Data_projects/Data-Warehouse-postgres-DBT-airflow-/.venv/lib/python3.11/site-packages/airflow/example_dags/example_time_delta_sensor_async.py took 0.052 seconds
[2025-05-31T21:16:01.759-0300] {processor.py:161} INFO - Started process (PID=37381) to work on /home/walterg/Documentos/Data_projects/Data-Warehouse-postgres-DBT-airflow-/.venv/lib/python3.11/site-packages/airflow/example_dags/example_time_delta_sensor_async.py
[2025-05-31T21:16:01.765-0300] {processor.py:830} INFO - Processing file /home/walterg/Documentos/Data_projects/Data-Warehouse-postgres-DBT-airflow-/.venv/lib/python3.11/site-packages/airflow/example_dags/example_time_delta_sensor_async.py for tasks to queue
[2025-05-31T21:16:01.766-0300] {logging_mixin.py:188} INFO - [2025-05-31T21:16:01.766-0300] {dagbag.py:538} INFO - Filling up the DagBag from /home/walterg/Documentos/Data_projects/Data-Warehouse-postgres-DBT-airflow-/.venv/lib/python3.11/site-packages/airflow/example_dags/example_time_delta_sensor_async.py
[2025-05-31T21:16:01.770-0300] {processor.py:840} INFO - DAG(s) 'example_time_delta_sensor_async' retrieved from /home/walterg/Documentos/Data_projects/Data-Warehouse-postgres-DBT-airflow-/.venv/lib/python3.11/site-packages/airflow/example_dags/example_time_delta_sensor_async.py
[2025-05-31T21:16:01.785-0300] {logging_mixin.py:188} INFO - [2025-05-31T21:16:01.785-0300] {dag.py:3036} INFO - Sync 1 DAGs
[2025-05-31T21:16:01.793-0300] {logging_mixin.py:188} INFO - [2025-05-31T21:16:01.792-0300] {dag.py:3823} INFO - Setting next_dagrun for example_time_delta_sensor_async to None, run_after=None
[2025-05-31T21:16:01.810-0300] {processor.py:183} INFO - Processing /home/walterg/Documentos/Data_projects/Data-Warehouse-postgres-DBT-airflow-/.venv/lib/python3.11/site-packages/airflow/example_dags/example_time_delta_sensor_async.py took 0.053 seconds
[2025-05-31T21:16:44.953-0300] {processor.py:161} INFO - Started process (PID=37665) to work on /home/walterg/Documentos/Data_projects/Data-Warehouse-postgres-DBT-airflow-/.venv/lib/python3.11/site-packages/airflow/example_dags/example_time_delta_sensor_async.py
[2025-05-31T21:16:44.958-0300] {processor.py:830} INFO - Processing file /home/walterg/Documentos/Data_projects/Data-Warehouse-postgres-DBT-airflow-/.venv/lib/python3.11/site-packages/airflow/example_dags/example_time_delta_sensor_async.py for tasks to queue
[2025-05-31T21:16:44.959-0300] {logging_mixin.py:188} INFO - [2025-05-31T21:16:44.959-0300] {dagbag.py:538} INFO - Filling up the DagBag from /home/walterg/Documentos/Data_projects/Data-Warehouse-postgres-DBT-airflow-/.venv/lib/python3.11/site-packages/airflow/example_dags/example_time_delta_sensor_async.py
[2025-05-31T21:16:44.964-0300] {processor.py:840} INFO - DAG(s) 'example_time_delta_sensor_async' retrieved from /home/walterg/Documentos/Data_projects/Data-Warehouse-postgres-DBT-airflow-/.venv/lib/python3.11/site-packages/airflow/example_dags/example_time_delta_sensor_async.py
[2025-05-31T21:16:44.977-0300] {logging_mixin.py:188} INFO - [2025-05-31T21:16:44.977-0300] {dag.py:3036} INFO - Sync 1 DAGs
[2025-05-31T21:16:44.985-0300] {logging_mixin.py:188} INFO - [2025-05-31T21:16:44.985-0300] {dag.py:3823} INFO - Setting next_dagrun for example_time_delta_sensor_async to None, run_after=None
[2025-05-31T21:16:45.001-0300] {processor.py:183} INFO - Processing /home/walterg/Documentos/Data_projects/Data-Warehouse-postgres-DBT-airflow-/.venv/lib/python3.11/site-packages/airflow/example_dags/example_time_delta_sensor_async.py took 0.050 seconds
[2025-05-31T21:17:28.915-0300] {processor.py:161} INFO - Started process (PID=37875) to work on /home/walterg/Documentos/Data_projects/Data-Warehouse-postgres-DBT-airflow-/.venv/lib/python3.11/site-packages/airflow/example_dags/example_time_delta_sensor_async.py
[2025-05-31T21:17:28.920-0300] {processor.py:830} INFO - Processing file /home/walterg/Documentos/Data_projects/Data-Warehouse-postgres-DBT-airflow-/.venv/lib/python3.11/site-packages/airflow/example_dags/example_time_delta_sensor_async.py for tasks to queue
[2025-05-31T21:17:28.920-0300] {logging_mixin.py:188} INFO - [2025-05-31T21:17:28.920-0300] {dagbag.py:538} INFO - Filling up the DagBag from /home/walterg/Documentos/Data_projects/Data-Warehouse-postgres-DBT-airflow-/.venv/lib/python3.11/site-packages/airflow/example_dags/example_time_delta_sensor_async.py
[2025-05-31T21:17:28.924-0300] {processor.py:840} INFO - DAG(s) 'example_time_delta_sensor_async' retrieved from /home/walterg/Documentos/Data_projects/Data-Warehouse-postgres-DBT-airflow-/.venv/lib/python3.11/site-packages/airflow/example_dags/example_time_delta_sensor_async.py
[2025-05-31T21:17:28.937-0300] {logging_mixin.py:188} INFO - [2025-05-31T21:17:28.937-0300] {dag.py:3036} INFO - Sync 1 DAGs
[2025-05-31T21:17:28.945-0300] {logging_mixin.py:188} INFO - [2025-05-31T21:17:28.944-0300] {dag.py:3823} INFO - Setting next_dagrun for example_time_delta_sensor_async to None, run_after=None
[2025-05-31T21:17:28.961-0300] {processor.py:183} INFO - Processing /home/walterg/Documentos/Data_projects/Data-Warehouse-postgres-DBT-airflow-/.venv/lib/python3.11/site-packages/airflow/example_dags/example_time_delta_sensor_async.py took 0.049 seconds
[2025-05-31T21:18:14.978-0300] {processor.py:161} INFO - Started process (PID=38066) to work on /home/walterg/Documentos/Data_projects/Data-Warehouse-postgres-DBT-airflow-/.venv/lib/python3.11/site-packages/airflow/example_dags/example_time_delta_sensor_async.py
[2025-05-31T21:18:14.979-0300] {processor.py:830} INFO - Processing file /home/walterg/Documentos/Data_projects/Data-Warehouse-postgres-DBT-airflow-/.venv/lib/python3.11/site-packages/airflow/example_dags/example_time_delta_sensor_async.py for tasks to queue
[2025-05-31T21:18:14.980-0300] {logging_mixin.py:188} INFO - [2025-05-31T21:18:14.979-0300] {dagbag.py:538} INFO - Filling up the DagBag from /home/walterg/Documentos/Data_projects/Data-Warehouse-postgres-DBT-airflow-/.venv/lib/python3.11/site-packages/airflow/example_dags/example_time_delta_sensor_async.py
[2025-05-31T21:18:14.983-0300] {processor.py:840} INFO - DAG(s) 'example_time_delta_sensor_async' retrieved from /home/walterg/Documentos/Data_projects/Data-Warehouse-postgres-DBT-airflow-/.venv/lib/python3.11/site-packages/airflow/example_dags/example_time_delta_sensor_async.py
[2025-05-31T21:18:14.997-0300] {logging_mixin.py:188} INFO - [2025-05-31T21:18:14.997-0300] {dag.py:3036} INFO - Sync 1 DAGs
[2025-05-31T21:18:15.004-0300] {logging_mixin.py:188} INFO - [2025-05-31T21:18:15.004-0300] {dag.py:3823} INFO - Setting next_dagrun for example_time_delta_sensor_async to None, run_after=None
[2025-05-31T21:18:15.022-0300] {processor.py:183} INFO - Processing /home/walterg/Documentos/Data_projects/Data-Warehouse-postgres-DBT-airflow-/.venv/lib/python3.11/site-packages/airflow/example_dags/example_time_delta_sensor_async.py took 0.046 seconds
[2025-05-31T21:18:57.085-0300] {processor.py:161} INFO - Started process (PID=38185) to work on /home/walterg/Documentos/Data_projects/Data-Warehouse-postgres-DBT-airflow-/.venv/lib/python3.11/site-packages/airflow/example_dags/example_time_delta_sensor_async.py
[2025-05-31T21:18:57.090-0300] {processor.py:830} INFO - Processing file /home/walterg/Documentos/Data_projects/Data-Warehouse-postgres-DBT-airflow-/.venv/lib/python3.11/site-packages/airflow/example_dags/example_time_delta_sensor_async.py for tasks to queue
[2025-05-31T21:18:57.092-0300] {logging_mixin.py:188} INFO - [2025-05-31T21:18:57.091-0300] {dagbag.py:538} INFO - Filling up the DagBag from /home/walterg/Documentos/Data_projects/Data-Warehouse-postgres-DBT-airflow-/.venv/lib/python3.11/site-packages/airflow/example_dags/example_time_delta_sensor_async.py
[2025-05-31T21:18:57.096-0300] {processor.py:840} INFO - DAG(s) 'example_time_delta_sensor_async' retrieved from /home/walterg/Documentos/Data_projects/Data-Warehouse-postgres-DBT-airflow-/.venv/lib/python3.11/site-packages/airflow/example_dags/example_time_delta_sensor_async.py
[2025-05-31T21:18:57.109-0300] {logging_mixin.py:188} INFO - [2025-05-31T21:18:57.108-0300] {dag.py:3036} INFO - Sync 1 DAGs
[2025-05-31T21:18:57.116-0300] {logging_mixin.py:188} INFO - [2025-05-31T21:18:57.116-0300] {dag.py:3823} INFO - Setting next_dagrun for example_time_delta_sensor_async to None, run_after=None
[2025-05-31T21:18:57.137-0300] {processor.py:183} INFO - Processing /home/walterg/Documentos/Data_projects/Data-Warehouse-postgres-DBT-airflow-/.venv/lib/python3.11/site-packages/airflow/example_dags/example_time_delta_sensor_async.py took 0.054 seconds
[2025-05-31T21:19:40.885-0300] {processor.py:161} INFO - Started process (PID=38396) to work on /home/walterg/Documentos/Data_projects/Data-Warehouse-postgres-DBT-airflow-/.venv/lib/python3.11/site-packages/airflow/example_dags/example_time_delta_sensor_async.py
[2025-05-31T21:19:40.890-0300] {processor.py:830} INFO - Processing file /home/walterg/Documentos/Data_projects/Data-Warehouse-postgres-DBT-airflow-/.venv/lib/python3.11/site-packages/airflow/example_dags/example_time_delta_sensor_async.py for tasks to queue
[2025-05-31T21:19:40.892-0300] {logging_mixin.py:188} INFO - [2025-05-31T21:19:40.891-0300] {dagbag.py:538} INFO - Filling up the DagBag from /home/walterg/Documentos/Data_projects/Data-Warehouse-postgres-DBT-airflow-/.venv/lib/python3.11/site-packages/airflow/example_dags/example_time_delta_sensor_async.py
[2025-05-31T21:19:40.895-0300] {processor.py:840} INFO - DAG(s) 'example_time_delta_sensor_async' retrieved from /home/walterg/Documentos/Data_projects/Data-Warehouse-postgres-DBT-airflow-/.venv/lib/python3.11/site-packages/airflow/example_dags/example_time_delta_sensor_async.py
[2025-05-31T21:19:40.908-0300] {logging_mixin.py:188} INFO - [2025-05-31T21:19:40.908-0300] {dag.py:3036} INFO - Sync 1 DAGs
[2025-05-31T21:19:40.916-0300] {logging_mixin.py:188} INFO - [2025-05-31T21:19:40.916-0300] {dag.py:3823} INFO - Setting next_dagrun for example_time_delta_sensor_async to None, run_after=None
[2025-05-31T21:19:40.935-0300] {processor.py:183} INFO - Processing /home/walterg/Documentos/Data_projects/Data-Warehouse-postgres-DBT-airflow-/.venv/lib/python3.11/site-packages/airflow/example_dags/example_time_delta_sensor_async.py took 0.052 seconds
[2025-05-31T21:20:23.058-0300] {processor.py:161} INFO - Started process (PID=38591) to work on /home/walterg/Documentos/Data_projects/Data-Warehouse-postgres-DBT-airflow-/.venv/lib/python3.11/site-packages/airflow/example_dags/example_time_delta_sensor_async.py
[2025-05-31T21:20:23.063-0300] {processor.py:830} INFO - Processing file /home/walterg/Documentos/Data_projects/Data-Warehouse-postgres-DBT-airflow-/.venv/lib/python3.11/site-packages/airflow/example_dags/example_time_delta_sensor_async.py for tasks to queue
[2025-05-31T21:20:23.065-0300] {logging_mixin.py:188} INFO - [2025-05-31T21:20:23.064-0300] {dagbag.py:538} INFO - Filling up the DagBag from /home/walterg/Documentos/Data_projects/Data-Warehouse-postgres-DBT-airflow-/.venv/lib/python3.11/site-packages/airflow/example_dags/example_time_delta_sensor_async.py
[2025-05-31T21:20:23.068-0300] {processor.py:840} INFO - DAG(s) 'example_time_delta_sensor_async' retrieved from /home/walterg/Documentos/Data_projects/Data-Warehouse-postgres-DBT-airflow-/.venv/lib/python3.11/site-packages/airflow/example_dags/example_time_delta_sensor_async.py
[2025-05-31T21:20:23.081-0300] {logging_mixin.py:188} INFO - [2025-05-31T21:20:23.081-0300] {dag.py:3036} INFO - Sync 1 DAGs
[2025-05-31T21:20:23.089-0300] {logging_mixin.py:188} INFO - [2025-05-31T21:20:23.089-0300] {dag.py:3823} INFO - Setting next_dagrun for example_time_delta_sensor_async to None, run_after=None
[2025-05-31T21:20:23.105-0300] {processor.py:183} INFO - Processing /home/walterg/Documentos/Data_projects/Data-Warehouse-postgres-DBT-airflow-/.venv/lib/python3.11/site-packages/airflow/example_dags/example_time_delta_sensor_async.py took 0.050 seconds
[2025-05-31T21:20:59.003-0300] {processor.py:161} INFO - Started process (PID=38697) to work on /home/walterg/Documentos/Data_projects/Data-Warehouse-postgres-DBT-airflow-/.venv/lib/python3.11/site-packages/airflow/example_dags/example_time_delta_sensor_async.py
[2025-05-31T21:20:59.008-0300] {processor.py:830} INFO - Processing file /home/walterg/Documentos/Data_projects/Data-Warehouse-postgres-DBT-airflow-/.venv/lib/python3.11/site-packages/airflow/example_dags/example_time_delta_sensor_async.py for tasks to queue
[2025-05-31T21:20:59.010-0300] {logging_mixin.py:188} INFO - [2025-05-31T21:20:59.009-0300] {dagbag.py:538} INFO - Filling up the DagBag from /home/walterg/Documentos/Data_projects/Data-Warehouse-postgres-DBT-airflow-/.venv/lib/python3.11/site-packages/airflow/example_dags/example_time_delta_sensor_async.py
[2025-05-31T21:20:59.016-0300] {processor.py:840} INFO - DAG(s) 'example_time_delta_sensor_async' retrieved from /home/walterg/Documentos/Data_projects/Data-Warehouse-postgres-DBT-airflow-/.venv/lib/python3.11/site-packages/airflow/example_dags/example_time_delta_sensor_async.py
[2025-05-31T21:20:59.029-0300] {logging_mixin.py:188} INFO - [2025-05-31T21:20:59.029-0300] {dag.py:3036} INFO - Sync 1 DAGs
[2025-05-31T21:20:59.037-0300] {logging_mixin.py:188} INFO - [2025-05-31T21:20:59.036-0300] {dag.py:3823} INFO - Setting next_dagrun for example_time_delta_sensor_async to None, run_after=None
[2025-05-31T21:20:59.054-0300] {processor.py:183} INFO - Processing /home/walterg/Documentos/Data_projects/Data-Warehouse-postgres-DBT-airflow-/.venv/lib/python3.11/site-packages/airflow/example_dags/example_time_delta_sensor_async.py took 0.054 seconds
[2025-05-31T21:21:45.250-0300] {processor.py:161} INFO - Started process (PID=38967) to work on /home/walterg/Documentos/Data_projects/Data-Warehouse-postgres-DBT-airflow-/.venv/lib/python3.11/site-packages/airflow/example_dags/example_time_delta_sensor_async.py
[2025-05-31T21:21:45.256-0300] {processor.py:830} INFO - Processing file /home/walterg/Documentos/Data_projects/Data-Warehouse-postgres-DBT-airflow-/.venv/lib/python3.11/site-packages/airflow/example_dags/example_time_delta_sensor_async.py for tasks to queue
[2025-05-31T21:21:45.257-0300] {logging_mixin.py:188} INFO - [2025-05-31T21:21:45.256-0300] {dagbag.py:538} INFO - Filling up the DagBag from /home/walterg/Documentos/Data_projects/Data-Warehouse-postgres-DBT-airflow-/.venv/lib/python3.11/site-packages/airflow/example_dags/example_time_delta_sensor_async.py
[2025-05-31T21:21:45.261-0300] {processor.py:840} INFO - DAG(s) 'example_time_delta_sensor_async' retrieved from /home/walterg/Documentos/Data_projects/Data-Warehouse-postgres-DBT-airflow-/.venv/lib/python3.11/site-packages/airflow/example_dags/example_time_delta_sensor_async.py
[2025-05-31T21:21:45.277-0300] {logging_mixin.py:188} INFO - [2025-05-31T21:21:45.277-0300] {dag.py:3036} INFO - Sync 1 DAGs
[2025-05-31T21:21:45.285-0300] {logging_mixin.py:188} INFO - [2025-05-31T21:21:45.285-0300] {dag.py:3823} INFO - Setting next_dagrun for example_time_delta_sensor_async to None, run_after=None
[2025-05-31T21:21:45.305-0300] {processor.py:183} INFO - Processing /home/walterg/Documentos/Data_projects/Data-Warehouse-postgres-DBT-airflow-/.venv/lib/python3.11/site-packages/airflow/example_dags/example_time_delta_sensor_async.py took 0.058 seconds
[2025-05-31T21:22:25.522-0300] {processor.py:161} INFO - Started process (PID=39274) to work on /home/walterg/Documentos/Data_projects/Data-Warehouse-postgres-DBT-airflow-/.venv/lib/python3.11/site-packages/airflow/example_dags/example_time_delta_sensor_async.py
[2025-05-31T21:22:25.527-0300] {processor.py:830} INFO - Processing file /home/walterg/Documentos/Data_projects/Data-Warehouse-postgres-DBT-airflow-/.venv/lib/python3.11/site-packages/airflow/example_dags/example_time_delta_sensor_async.py for tasks to queue
[2025-05-31T21:22:25.529-0300] {logging_mixin.py:188} INFO - [2025-05-31T21:22:25.528-0300] {dagbag.py:538} INFO - Filling up the DagBag from /home/walterg/Documentos/Data_projects/Data-Warehouse-postgres-DBT-airflow-/.venv/lib/python3.11/site-packages/airflow/example_dags/example_time_delta_sensor_async.py
[2025-05-31T21:22:25.532-0300] {processor.py:840} INFO - DAG(s) 'example_time_delta_sensor_async' retrieved from /home/walterg/Documentos/Data_projects/Data-Warehouse-postgres-DBT-airflow-/.venv/lib/python3.11/site-packages/airflow/example_dags/example_time_delta_sensor_async.py
[2025-05-31T21:22:25.545-0300] {logging_mixin.py:188} INFO - [2025-05-31T21:22:25.545-0300] {dag.py:3036} INFO - Sync 1 DAGs
[2025-05-31T21:22:25.553-0300] {logging_mixin.py:188} INFO - [2025-05-31T21:22:25.553-0300] {dag.py:3823} INFO - Setting next_dagrun for example_time_delta_sensor_async to None, run_after=None
[2025-05-31T21:22:25.570-0300] {processor.py:183} INFO - Processing /home/walterg/Documentos/Data_projects/Data-Warehouse-postgres-DBT-airflow-/.venv/lib/python3.11/site-packages/airflow/example_dags/example_time_delta_sensor_async.py took 0.050 seconds
[2025-05-31T21:23:11.677-0300] {processor.py:161} INFO - Started process (PID=39498) to work on /home/walterg/Documentos/Data_projects/Data-Warehouse-postgres-DBT-airflow-/.venv/lib/python3.11/site-packages/airflow/example_dags/example_time_delta_sensor_async.py
[2025-05-31T21:23:11.682-0300] {processor.py:830} INFO - Processing file /home/walterg/Documentos/Data_projects/Data-Warehouse-postgres-DBT-airflow-/.venv/lib/python3.11/site-packages/airflow/example_dags/example_time_delta_sensor_async.py for tasks to queue
[2025-05-31T21:23:11.683-0300] {logging_mixin.py:188} INFO - [2025-05-31T21:23:11.683-0300] {dagbag.py:538} INFO - Filling up the DagBag from /home/walterg/Documentos/Data_projects/Data-Warehouse-postgres-DBT-airflow-/.venv/lib/python3.11/site-packages/airflow/example_dags/example_time_delta_sensor_async.py
[2025-05-31T21:23:11.687-0300] {processor.py:840} INFO - DAG(s) 'example_time_delta_sensor_async' retrieved from /home/walterg/Documentos/Data_projects/Data-Warehouse-postgres-DBT-airflow-/.venv/lib/python3.11/site-packages/airflow/example_dags/example_time_delta_sensor_async.py
[2025-05-31T21:23:11.700-0300] {logging_mixin.py:188} INFO - [2025-05-31T21:23:11.700-0300] {dag.py:3036} INFO - Sync 1 DAGs
[2025-05-31T21:23:11.709-0300] {logging_mixin.py:188} INFO - [2025-05-31T21:23:11.708-0300] {dag.py:3823} INFO - Setting next_dagrun for example_time_delta_sensor_async to None, run_after=None
[2025-05-31T21:23:11.726-0300] {processor.py:183} INFO - Processing /home/walterg/Documentos/Data_projects/Data-Warehouse-postgres-DBT-airflow-/.venv/lib/python3.11/site-packages/airflow/example_dags/example_time_delta_sensor_async.py took 0.052 seconds
[2025-05-31T21:23:55.321-0300] {processor.py:161} INFO - Started process (PID=39608) to work on /home/walterg/Documentos/Data_projects/Data-Warehouse-postgres-DBT-airflow-/.venv/lib/python3.11/site-packages/airflow/example_dags/example_time_delta_sensor_async.py
[2025-05-31T21:23:55.327-0300] {processor.py:830} INFO - Processing file /home/walterg/Documentos/Data_projects/Data-Warehouse-postgres-DBT-airflow-/.venv/lib/python3.11/site-packages/airflow/example_dags/example_time_delta_sensor_async.py for tasks to queue
[2025-05-31T21:23:55.328-0300] {logging_mixin.py:188} INFO - [2025-05-31T21:23:55.327-0300] {dagbag.py:538} INFO - Filling up the DagBag from /home/walterg/Documentos/Data_projects/Data-Warehouse-postgres-DBT-airflow-/.venv/lib/python3.11/site-packages/airflow/example_dags/example_time_delta_sensor_async.py
[2025-05-31T21:23:55.333-0300] {processor.py:840} INFO - DAG(s) 'example_time_delta_sensor_async' retrieved from /home/walterg/Documentos/Data_projects/Data-Warehouse-postgres-DBT-airflow-/.venv/lib/python3.11/site-packages/airflow/example_dags/example_time_delta_sensor_async.py
[2025-05-31T21:23:55.354-0300] {logging_mixin.py:188} INFO - [2025-05-31T21:23:55.353-0300] {dag.py:3036} INFO - Sync 1 DAGs
[2025-05-31T21:23:55.366-0300] {logging_mixin.py:188} INFO - [2025-05-31T21:23:55.366-0300] {dag.py:3823} INFO - Setting next_dagrun for example_time_delta_sensor_async to None, run_after=None
[2025-05-31T21:23:55.511-0300] {processor.py:183} INFO - Processing /home/walterg/Documentos/Data_projects/Data-Warehouse-postgres-DBT-airflow-/.venv/lib/python3.11/site-packages/airflow/example_dags/example_time_delta_sensor_async.py took 0.194 seconds
[2025-05-31T21:24:46.360-0300] {processor.py:161} INFO - Started process (PID=39832) to work on /home/walterg/Documentos/Data_projects/Data-Warehouse-postgres-DBT-airflow-/.venv/lib/python3.11/site-packages/airflow/example_dags/example_time_delta_sensor_async.py
[2025-05-31T21:24:46.365-0300] {processor.py:830} INFO - Processing file /home/walterg/Documentos/Data_projects/Data-Warehouse-postgres-DBT-airflow-/.venv/lib/python3.11/site-packages/airflow/example_dags/example_time_delta_sensor_async.py for tasks to queue
[2025-05-31T21:24:46.366-0300] {logging_mixin.py:188} INFO - [2025-05-31T21:24:46.366-0300] {dagbag.py:538} INFO - Filling up the DagBag from /home/walterg/Documentos/Data_projects/Data-Warehouse-postgres-DBT-airflow-/.venv/lib/python3.11/site-packages/airflow/example_dags/example_time_delta_sensor_async.py
[2025-05-31T21:24:46.370-0300] {processor.py:840} INFO - DAG(s) 'example_time_delta_sensor_async' retrieved from /home/walterg/Documentos/Data_projects/Data-Warehouse-postgres-DBT-airflow-/.venv/lib/python3.11/site-packages/airflow/example_dags/example_time_delta_sensor_async.py
[2025-05-31T21:24:46.383-0300] {logging_mixin.py:188} INFO - [2025-05-31T21:24:46.382-0300] {dag.py:3036} INFO - Sync 1 DAGs
[2025-05-31T21:24:46.390-0300] {logging_mixin.py:188} INFO - [2025-05-31T21:24:46.390-0300] {dag.py:3823} INFO - Setting next_dagrun for example_time_delta_sensor_async to None, run_after=None
[2025-05-31T21:24:46.405-0300] {processor.py:183} INFO - Processing /home/walterg/Documentos/Data_projects/Data-Warehouse-postgres-DBT-airflow-/.venv/lib/python3.11/site-packages/airflow/example_dags/example_time_delta_sensor_async.py took 0.047 seconds
[2025-05-31T21:25:32.711-0300] {processor.py:161} INFO - Started process (PID=40127) to work on /home/walterg/Documentos/Data_projects/Data-Warehouse-postgres-DBT-airflow-/.venv/lib/python3.11/site-packages/airflow/example_dags/example_time_delta_sensor_async.py
[2025-05-31T21:25:32.716-0300] {processor.py:830} INFO - Processing file /home/walterg/Documentos/Data_projects/Data-Warehouse-postgres-DBT-airflow-/.venv/lib/python3.11/site-packages/airflow/example_dags/example_time_delta_sensor_async.py for tasks to queue
[2025-05-31T21:25:32.717-0300] {logging_mixin.py:188} INFO - [2025-05-31T21:25:32.717-0300] {dagbag.py:538} INFO - Filling up the DagBag from /home/walterg/Documentos/Data_projects/Data-Warehouse-postgres-DBT-airflow-/.venv/lib/python3.11/site-packages/airflow/example_dags/example_time_delta_sensor_async.py
[2025-05-31T21:25:32.721-0300] {processor.py:840} INFO - DAG(s) 'example_time_delta_sensor_async' retrieved from /home/walterg/Documentos/Data_projects/Data-Warehouse-postgres-DBT-airflow-/.venv/lib/python3.11/site-packages/airflow/example_dags/example_time_delta_sensor_async.py
[2025-05-31T21:25:32.734-0300] {logging_mixin.py:188} INFO - [2025-05-31T21:25:32.733-0300] {dag.py:3036} INFO - Sync 1 DAGs
[2025-05-31T21:25:32.741-0300] {logging_mixin.py:188} INFO - [2025-05-31T21:25:32.741-0300] {dag.py:3823} INFO - Setting next_dagrun for example_time_delta_sensor_async to None, run_after=None
[2025-05-31T21:25:32.758-0300] {processor.py:183} INFO - Processing /home/walterg/Documentos/Data_projects/Data-Warehouse-postgres-DBT-airflow-/.venv/lib/python3.11/site-packages/airflow/example_dags/example_time_delta_sensor_async.py took 0.049 seconds
[2025-05-31T21:26:12.113-0300] {processor.py:161} INFO - Started process (PID=40512) to work on /home/walterg/Documentos/Data_projects/Data-Warehouse-postgres-DBT-airflow-/.venv/lib/python3.11/site-packages/airflow/example_dags/example_time_delta_sensor_async.py
[2025-05-31T21:26:12.118-0300] {processor.py:830} INFO - Processing file /home/walterg/Documentos/Data_projects/Data-Warehouse-postgres-DBT-airflow-/.venv/lib/python3.11/site-packages/airflow/example_dags/example_time_delta_sensor_async.py for tasks to queue
[2025-05-31T21:26:12.119-0300] {logging_mixin.py:188} INFO - [2025-05-31T21:26:12.118-0300] {dagbag.py:538} INFO - Filling up the DagBag from /home/walterg/Documentos/Data_projects/Data-Warehouse-postgres-DBT-airflow-/.venv/lib/python3.11/site-packages/airflow/example_dags/example_time_delta_sensor_async.py
[2025-05-31T21:26:12.123-0300] {processor.py:840} INFO - DAG(s) 'example_time_delta_sensor_async' retrieved from /home/walterg/Documentos/Data_projects/Data-Warehouse-postgres-DBT-airflow-/.venv/lib/python3.11/site-packages/airflow/example_dags/example_time_delta_sensor_async.py
[2025-05-31T21:26:12.138-0300] {logging_mixin.py:188} INFO - [2025-05-31T21:26:12.138-0300] {dag.py:3036} INFO - Sync 1 DAGs
[2025-05-31T21:26:12.148-0300] {logging_mixin.py:188} INFO - [2025-05-31T21:26:12.147-0300] {dag.py:3823} INFO - Setting next_dagrun for example_time_delta_sensor_async to None, run_after=None
[2025-05-31T21:26:12.165-0300] {processor.py:183} INFO - Processing /home/walterg/Documentos/Data_projects/Data-Warehouse-postgres-DBT-airflow-/.venv/lib/python3.11/site-packages/airflow/example_dags/example_time_delta_sensor_async.py took 0.055 seconds
[2025-05-31T21:26:53.084-0300] {processor.py:161} INFO - Started process (PID=40690) to work on /home/walterg/Documentos/Data_projects/Data-Warehouse-postgres-DBT-airflow-/.venv/lib/python3.11/site-packages/airflow/example_dags/example_time_delta_sensor_async.py
[2025-05-31T21:26:53.089-0300] {processor.py:830} INFO - Processing file /home/walterg/Documentos/Data_projects/Data-Warehouse-postgres-DBT-airflow-/.venv/lib/python3.11/site-packages/airflow/example_dags/example_time_delta_sensor_async.py for tasks to queue
[2025-05-31T21:26:53.091-0300] {logging_mixin.py:188} INFO - [2025-05-31T21:26:53.090-0300] {dagbag.py:538} INFO - Filling up the DagBag from /home/walterg/Documentos/Data_projects/Data-Warehouse-postgres-DBT-airflow-/.venv/lib/python3.11/site-packages/airflow/example_dags/example_time_delta_sensor_async.py
[2025-05-31T21:26:53.095-0300] {processor.py:840} INFO - DAG(s) 'example_time_delta_sensor_async' retrieved from /home/walterg/Documentos/Data_projects/Data-Warehouse-postgres-DBT-airflow-/.venv/lib/python3.11/site-packages/airflow/example_dags/example_time_delta_sensor_async.py
[2025-05-31T21:26:53.108-0300] {logging_mixin.py:188} INFO - [2025-05-31T21:26:53.108-0300] {dag.py:3036} INFO - Sync 1 DAGs
[2025-05-31T21:26:53.115-0300] {logging_mixin.py:188} INFO - [2025-05-31T21:26:53.115-0300] {dag.py:3823} INFO - Setting next_dagrun for example_time_delta_sensor_async to None, run_after=None
[2025-05-31T21:26:53.133-0300] {processor.py:183} INFO - Processing /home/walterg/Documentos/Data_projects/Data-Warehouse-postgres-DBT-airflow-/.venv/lib/python3.11/site-packages/airflow/example_dags/example_time_delta_sensor_async.py took 0.051 seconds
[2025-05-31T21:27:35.423-0300] {processor.py:161} INFO - Started process (PID=41102) to work on /home/walterg/Documentos/Data_projects/Data-Warehouse-postgres-DBT-airflow-/.venv/lib/python3.11/site-packages/airflow/example_dags/example_time_delta_sensor_async.py
[2025-05-31T21:27:35.424-0300] {processor.py:830} INFO - Processing file /home/walterg/Documentos/Data_projects/Data-Warehouse-postgres-DBT-airflow-/.venv/lib/python3.11/site-packages/airflow/example_dags/example_time_delta_sensor_async.py for tasks to queue
[2025-05-31T21:27:35.425-0300] {logging_mixin.py:188} INFO - [2025-05-31T21:27:35.425-0300] {dagbag.py:538} INFO - Filling up the DagBag from /home/walterg/Documentos/Data_projects/Data-Warehouse-postgres-DBT-airflow-/.venv/lib/python3.11/site-packages/airflow/example_dags/example_time_delta_sensor_async.py
[2025-05-31T21:27:35.430-0300] {processor.py:840} INFO - DAG(s) 'example_time_delta_sensor_async' retrieved from /home/walterg/Documentos/Data_projects/Data-Warehouse-postgres-DBT-airflow-/.venv/lib/python3.11/site-packages/airflow/example_dags/example_time_delta_sensor_async.py
[2025-05-31T21:27:35.445-0300] {logging_mixin.py:188} INFO - [2025-05-31T21:27:35.445-0300] {dag.py:3036} INFO - Sync 1 DAGs
[2025-05-31T21:27:35.454-0300] {logging_mixin.py:188} INFO - [2025-05-31T21:27:35.454-0300] {dag.py:3823} INFO - Setting next_dagrun for example_time_delta_sensor_async to None, run_after=None
[2025-05-31T21:27:35.481-0300] {processor.py:183} INFO - Processing /home/walterg/Documentos/Data_projects/Data-Warehouse-postgres-DBT-airflow-/.venv/lib/python3.11/site-packages/airflow/example_dags/example_time_delta_sensor_async.py took 0.062 seconds
[2025-05-31T21:28:14.557-0300] {processor.py:161} INFO - Started process (PID=41378) to work on /home/walterg/Documentos/Data_projects/Data-Warehouse-postgres-DBT-airflow-/.venv/lib/python3.11/site-packages/airflow/example_dags/example_time_delta_sensor_async.py
[2025-05-31T21:28:14.562-0300] {processor.py:830} INFO - Processing file /home/walterg/Documentos/Data_projects/Data-Warehouse-postgres-DBT-airflow-/.venv/lib/python3.11/site-packages/airflow/example_dags/example_time_delta_sensor_async.py for tasks to queue
[2025-05-31T21:28:14.563-0300] {logging_mixin.py:188} INFO - [2025-05-31T21:28:14.562-0300] {dagbag.py:538} INFO - Filling up the DagBag from /home/walterg/Documentos/Data_projects/Data-Warehouse-postgres-DBT-airflow-/.venv/lib/python3.11/site-packages/airflow/example_dags/example_time_delta_sensor_async.py
[2025-05-31T21:28:14.567-0300] {processor.py:840} INFO - DAG(s) 'example_time_delta_sensor_async' retrieved from /home/walterg/Documentos/Data_projects/Data-Warehouse-postgres-DBT-airflow-/.venv/lib/python3.11/site-packages/airflow/example_dags/example_time_delta_sensor_async.py
[2025-05-31T21:28:14.584-0300] {logging_mixin.py:188} INFO - [2025-05-31T21:28:14.584-0300] {dag.py:3036} INFO - Sync 1 DAGs
[2025-05-31T21:28:14.594-0300] {logging_mixin.py:188} INFO - [2025-05-31T21:28:14.594-0300] {dag.py:3823} INFO - Setting next_dagrun for example_time_delta_sensor_async to None, run_after=None
[2025-05-31T21:28:14.612-0300] {processor.py:183} INFO - Processing /home/walterg/Documentos/Data_projects/Data-Warehouse-postgres-DBT-airflow-/.venv/lib/python3.11/site-packages/airflow/example_dags/example_time_delta_sensor_async.py took 0.058 seconds
[2025-05-31T21:28:54.719-0300] {processor.py:161} INFO - Started process (PID=41475) to work on /home/walterg/Documentos/Data_projects/Data-Warehouse-postgres-DBT-airflow-/.venv/lib/python3.11/site-packages/airflow/example_dags/example_time_delta_sensor_async.py
[2025-05-31T21:28:54.724-0300] {processor.py:830} INFO - Processing file /home/walterg/Documentos/Data_projects/Data-Warehouse-postgres-DBT-airflow-/.venv/lib/python3.11/site-packages/airflow/example_dags/example_time_delta_sensor_async.py for tasks to queue
[2025-05-31T21:28:54.725-0300] {logging_mixin.py:188} INFO - [2025-05-31T21:28:54.725-0300] {dagbag.py:538} INFO - Filling up the DagBag from /home/walterg/Documentos/Data_projects/Data-Warehouse-postgres-DBT-airflow-/.venv/lib/python3.11/site-packages/airflow/example_dags/example_time_delta_sensor_async.py
[2025-05-31T21:28:54.729-0300] {processor.py:840} INFO - DAG(s) 'example_time_delta_sensor_async' retrieved from /home/walterg/Documentos/Data_projects/Data-Warehouse-postgres-DBT-airflow-/.venv/lib/python3.11/site-packages/airflow/example_dags/example_time_delta_sensor_async.py
[2025-05-31T21:28:54.742-0300] {logging_mixin.py:188} INFO - [2025-05-31T21:28:54.742-0300] {dag.py:3036} INFO - Sync 1 DAGs
[2025-05-31T21:28:54.750-0300] {logging_mixin.py:188} INFO - [2025-05-31T21:28:54.749-0300] {dag.py:3823} INFO - Setting next_dagrun for example_time_delta_sensor_async to None, run_after=None
[2025-05-31T21:28:54.765-0300] {processor.py:183} INFO - Processing /home/walterg/Documentos/Data_projects/Data-Warehouse-postgres-DBT-airflow-/.venv/lib/python3.11/site-packages/airflow/example_dags/example_time_delta_sensor_async.py took 0.049 seconds
[2025-05-31T21:29:36.711-0300] {processor.py:161} INFO - Started process (PID=41676) to work on /home/walterg/Documentos/Data_projects/Data-Warehouse-postgres-DBT-airflow-/.venv/lib/python3.11/site-packages/airflow/example_dags/example_time_delta_sensor_async.py
[2025-05-31T21:29:36.716-0300] {processor.py:830} INFO - Processing file /home/walterg/Documentos/Data_projects/Data-Warehouse-postgres-DBT-airflow-/.venv/lib/python3.11/site-packages/airflow/example_dags/example_time_delta_sensor_async.py for tasks to queue
[2025-05-31T21:29:36.717-0300] {logging_mixin.py:188} INFO - [2025-05-31T21:29:36.717-0300] {dagbag.py:538} INFO - Filling up the DagBag from /home/walterg/Documentos/Data_projects/Data-Warehouse-postgres-DBT-airflow-/.venv/lib/python3.11/site-packages/airflow/example_dags/example_time_delta_sensor_async.py
[2025-05-31T21:29:36.721-0300] {processor.py:840} INFO - DAG(s) 'example_time_delta_sensor_async' retrieved from /home/walterg/Documentos/Data_projects/Data-Warehouse-postgres-DBT-airflow-/.venv/lib/python3.11/site-packages/airflow/example_dags/example_time_delta_sensor_async.py
[2025-05-31T21:29:36.734-0300] {logging_mixin.py:188} INFO - [2025-05-31T21:29:36.734-0300] {dag.py:3036} INFO - Sync 1 DAGs
[2025-05-31T21:29:36.742-0300] {logging_mixin.py:188} INFO - [2025-05-31T21:29:36.742-0300] {dag.py:3823} INFO - Setting next_dagrun for example_time_delta_sensor_async to None, run_after=None
[2025-05-31T21:29:36.769-0300] {processor.py:183} INFO - Processing /home/walterg/Documentos/Data_projects/Data-Warehouse-postgres-DBT-airflow-/.venv/lib/python3.11/site-packages/airflow/example_dags/example_time_delta_sensor_async.py took 0.060 seconds
[2025-05-31T21:30:15.120-0300] {processor.py:161} INFO - Started process (PID=41858) to work on /home/walterg/Documentos/Data_projects/Data-Warehouse-postgres-DBT-airflow-/.venv/lib/python3.11/site-packages/airflow/example_dags/example_time_delta_sensor_async.py
[2025-05-31T21:30:15.125-0300] {processor.py:830} INFO - Processing file /home/walterg/Documentos/Data_projects/Data-Warehouse-postgres-DBT-airflow-/.venv/lib/python3.11/site-packages/airflow/example_dags/example_time_delta_sensor_async.py for tasks to queue
[2025-05-31T21:30:15.126-0300] {logging_mixin.py:188} INFO - [2025-05-31T21:30:15.126-0300] {dagbag.py:538} INFO - Filling up the DagBag from /home/walterg/Documentos/Data_projects/Data-Warehouse-postgres-DBT-airflow-/.venv/lib/python3.11/site-packages/airflow/example_dags/example_time_delta_sensor_async.py
[2025-05-31T21:30:15.130-0300] {processor.py:840} INFO - DAG(s) 'example_time_delta_sensor_async' retrieved from /home/walterg/Documentos/Data_projects/Data-Warehouse-postgres-DBT-airflow-/.venv/lib/python3.11/site-packages/airflow/example_dags/example_time_delta_sensor_async.py
[2025-05-31T21:30:15.143-0300] {logging_mixin.py:188} INFO - [2025-05-31T21:30:15.143-0300] {dag.py:3036} INFO - Sync 1 DAGs
[2025-05-31T21:30:15.151-0300] {logging_mixin.py:188} INFO - [2025-05-31T21:30:15.150-0300] {dag.py:3823} INFO - Setting next_dagrun for example_time_delta_sensor_async to None, run_after=None
[2025-05-31T21:30:15.166-0300] {processor.py:183} INFO - Processing /home/walterg/Documentos/Data_projects/Data-Warehouse-postgres-DBT-airflow-/.venv/lib/python3.11/site-packages/airflow/example_dags/example_time_delta_sensor_async.py took 0.048 seconds
[2025-05-31T21:30:54.495-0300] {processor.py:161} INFO - Started process (PID=41970) to work on /home/walterg/Documentos/Data_projects/Data-Warehouse-postgres-DBT-airflow-/.venv/lib/python3.11/site-packages/airflow/example_dags/example_time_delta_sensor_async.py
[2025-05-31T21:30:54.500-0300] {processor.py:830} INFO - Processing file /home/walterg/Documentos/Data_projects/Data-Warehouse-postgres-DBT-airflow-/.venv/lib/python3.11/site-packages/airflow/example_dags/example_time_delta_sensor_async.py for tasks to queue
[2025-05-31T21:30:54.501-0300] {logging_mixin.py:188} INFO - [2025-05-31T21:30:54.501-0300] {dagbag.py:538} INFO - Filling up the DagBag from /home/walterg/Documentos/Data_projects/Data-Warehouse-postgres-DBT-airflow-/.venv/lib/python3.11/site-packages/airflow/example_dags/example_time_delta_sensor_async.py
[2025-05-31T21:30:54.505-0300] {processor.py:840} INFO - DAG(s) 'example_time_delta_sensor_async' retrieved from /home/walterg/Documentos/Data_projects/Data-Warehouse-postgres-DBT-airflow-/.venv/lib/python3.11/site-packages/airflow/example_dags/example_time_delta_sensor_async.py
[2025-05-31T21:30:54.517-0300] {logging_mixin.py:188} INFO - [2025-05-31T21:30:54.517-0300] {dag.py:3036} INFO - Sync 1 DAGs
[2025-05-31T21:30:54.525-0300] {logging_mixin.py:188} INFO - [2025-05-31T21:30:54.525-0300] {dag.py:3823} INFO - Setting next_dagrun for example_time_delta_sensor_async to None, run_after=None
[2025-05-31T21:30:54.541-0300] {processor.py:183} INFO - Processing /home/walterg/Documentos/Data_projects/Data-Warehouse-postgres-DBT-airflow-/.venv/lib/python3.11/site-packages/airflow/example_dags/example_time_delta_sensor_async.py took 0.049 seconds
[2025-05-31T21:31:35.695-0300] {processor.py:161} INFO - Started process (PID=42158) to work on /home/walterg/Documentos/Data_projects/Data-Warehouse-postgres-DBT-airflow-/.venv/lib/python3.11/site-packages/airflow/example_dags/example_time_delta_sensor_async.py
[2025-05-31T21:31:35.700-0300] {processor.py:830} INFO - Processing file /home/walterg/Documentos/Data_projects/Data-Warehouse-postgres-DBT-airflow-/.venv/lib/python3.11/site-packages/airflow/example_dags/example_time_delta_sensor_async.py for tasks to queue
[2025-05-31T21:31:35.701-0300] {logging_mixin.py:188} INFO - [2025-05-31T21:31:35.701-0300] {dagbag.py:538} INFO - Filling up the DagBag from /home/walterg/Documentos/Data_projects/Data-Warehouse-postgres-DBT-airflow-/.venv/lib/python3.11/site-packages/airflow/example_dags/example_time_delta_sensor_async.py
[2025-05-31T21:31:35.705-0300] {processor.py:840} INFO - DAG(s) 'example_time_delta_sensor_async' retrieved from /home/walterg/Documentos/Data_projects/Data-Warehouse-postgres-DBT-airflow-/.venv/lib/python3.11/site-packages/airflow/example_dags/example_time_delta_sensor_async.py
[2025-05-31T21:31:35.718-0300] {logging_mixin.py:188} INFO - [2025-05-31T21:31:35.717-0300] {dag.py:3036} INFO - Sync 1 DAGs
[2025-05-31T21:31:35.725-0300] {logging_mixin.py:188} INFO - [2025-05-31T21:31:35.725-0300] {dag.py:3823} INFO - Setting next_dagrun for example_time_delta_sensor_async to None, run_after=None
[2025-05-31T21:31:35.741-0300] {processor.py:183} INFO - Processing /home/walterg/Documentos/Data_projects/Data-Warehouse-postgres-DBT-airflow-/.venv/lib/python3.11/site-packages/airflow/example_dags/example_time_delta_sensor_async.py took 0.049 seconds
[2025-05-31T21:32:13.206-0300] {processor.py:161} INFO - Started process (PID=42362) to work on /home/walterg/Documentos/Data_projects/Data-Warehouse-postgres-DBT-airflow-/.venv/lib/python3.11/site-packages/airflow/example_dags/example_time_delta_sensor_async.py
[2025-05-31T21:32:13.211-0300] {processor.py:830} INFO - Processing file /home/walterg/Documentos/Data_projects/Data-Warehouse-postgres-DBT-airflow-/.venv/lib/python3.11/site-packages/airflow/example_dags/example_time_delta_sensor_async.py for tasks to queue
[2025-05-31T21:32:13.212-0300] {logging_mixin.py:188} INFO - [2025-05-31T21:32:13.211-0300] {dagbag.py:538} INFO - Filling up the DagBag from /home/walterg/Documentos/Data_projects/Data-Warehouse-postgres-DBT-airflow-/.venv/lib/python3.11/site-packages/airflow/example_dags/example_time_delta_sensor_async.py
[2025-05-31T21:32:13.217-0300] {processor.py:840} INFO - DAG(s) 'example_time_delta_sensor_async' retrieved from /home/walterg/Documentos/Data_projects/Data-Warehouse-postgres-DBT-airflow-/.venv/lib/python3.11/site-packages/airflow/example_dags/example_time_delta_sensor_async.py
[2025-05-31T21:32:13.229-0300] {logging_mixin.py:188} INFO - [2025-05-31T21:32:13.229-0300] {dag.py:3036} INFO - Sync 1 DAGs
[2025-05-31T21:32:13.237-0300] {logging_mixin.py:188} INFO - [2025-05-31T21:32:13.237-0300] {dag.py:3823} INFO - Setting next_dagrun for example_time_delta_sensor_async to None, run_after=None
[2025-05-31T21:32:13.254-0300] {processor.py:183} INFO - Processing /home/walterg/Documentos/Data_projects/Data-Warehouse-postgres-DBT-airflow-/.venv/lib/python3.11/site-packages/airflow/example_dags/example_time_delta_sensor_async.py took 0.050 seconds
[2025-05-31T21:32:57.123-0300] {processor.py:161} INFO - Started process (PID=42680) to work on /home/walterg/Documentos/Data_projects/Data-Warehouse-postgres-DBT-airflow-/.venv/lib/python3.11/site-packages/airflow/example_dags/example_time_delta_sensor_async.py
[2025-05-31T21:32:57.128-0300] {processor.py:830} INFO - Processing file /home/walterg/Documentos/Data_projects/Data-Warehouse-postgres-DBT-airflow-/.venv/lib/python3.11/site-packages/airflow/example_dags/example_time_delta_sensor_async.py for tasks to queue
[2025-05-31T21:32:57.130-0300] {logging_mixin.py:188} INFO - [2025-05-31T21:32:57.129-0300] {dagbag.py:538} INFO - Filling up the DagBag from /home/walterg/Documentos/Data_projects/Data-Warehouse-postgres-DBT-airflow-/.venv/lib/python3.11/site-packages/airflow/example_dags/example_time_delta_sensor_async.py
[2025-05-31T21:32:57.135-0300] {processor.py:840} INFO - DAG(s) 'example_time_delta_sensor_async' retrieved from /home/walterg/Documentos/Data_projects/Data-Warehouse-postgres-DBT-airflow-/.venv/lib/python3.11/site-packages/airflow/example_dags/example_time_delta_sensor_async.py
[2025-05-31T21:32:57.150-0300] {logging_mixin.py:188} INFO - [2025-05-31T21:32:57.150-0300] {dag.py:3036} INFO - Sync 1 DAGs
[2025-05-31T21:32:57.159-0300] {logging_mixin.py:188} INFO - [2025-05-31T21:32:57.158-0300] {dag.py:3823} INFO - Setting next_dagrun for example_time_delta_sensor_async to None, run_after=None
[2025-05-31T21:32:57.175-0300] {processor.py:183} INFO - Processing /home/walterg/Documentos/Data_projects/Data-Warehouse-postgres-DBT-airflow-/.venv/lib/python3.11/site-packages/airflow/example_dags/example_time_delta_sensor_async.py took 0.056 seconds
[2025-05-31T21:33:40.429-0300] {processor.py:161} INFO - Started process (PID=42898) to work on /home/walterg/Documentos/Data_projects/Data-Warehouse-postgres-DBT-airflow-/.venv/lib/python3.11/site-packages/airflow/example_dags/example_time_delta_sensor_async.py
[2025-05-31T21:33:40.433-0300] {processor.py:830} INFO - Processing file /home/walterg/Documentos/Data_projects/Data-Warehouse-postgres-DBT-airflow-/.venv/lib/python3.11/site-packages/airflow/example_dags/example_time_delta_sensor_async.py for tasks to queue
[2025-05-31T21:33:40.435-0300] {logging_mixin.py:188} INFO - [2025-05-31T21:33:40.434-0300] {dagbag.py:538} INFO - Filling up the DagBag from /home/walterg/Documentos/Data_projects/Data-Warehouse-postgres-DBT-airflow-/.venv/lib/python3.11/site-packages/airflow/example_dags/example_time_delta_sensor_async.py
[2025-05-31T21:33:40.438-0300] {processor.py:840} INFO - DAG(s) 'example_time_delta_sensor_async' retrieved from /home/walterg/Documentos/Data_projects/Data-Warehouse-postgres-DBT-airflow-/.venv/lib/python3.11/site-packages/airflow/example_dags/example_time_delta_sensor_async.py
[2025-05-31T21:33:40.451-0300] {logging_mixin.py:188} INFO - [2025-05-31T21:33:40.451-0300] {dag.py:3036} INFO - Sync 1 DAGs
[2025-05-31T21:33:40.458-0300] {logging_mixin.py:188} INFO - [2025-05-31T21:33:40.458-0300] {dag.py:3823} INFO - Setting next_dagrun for example_time_delta_sensor_async to None, run_after=None
[2025-05-31T21:33:40.475-0300] {processor.py:183} INFO - Processing /home/walterg/Documentos/Data_projects/Data-Warehouse-postgres-DBT-airflow-/.venv/lib/python3.11/site-packages/airflow/example_dags/example_time_delta_sensor_async.py took 0.049 seconds
[2025-05-31T21:34:17.804-0300] {processor.py:161} INFO - Started process (PID=42955) to work on /home/walterg/Documentos/Data_projects/Data-Warehouse-postgres-DBT-airflow-/.venv/lib/python3.11/site-packages/airflow/example_dags/example_time_delta_sensor_async.py
[2025-05-31T21:34:17.809-0300] {processor.py:830} INFO - Processing file /home/walterg/Documentos/Data_projects/Data-Warehouse-postgres-DBT-airflow-/.venv/lib/python3.11/site-packages/airflow/example_dags/example_time_delta_sensor_async.py for tasks to queue
[2025-05-31T21:34:17.810-0300] {logging_mixin.py:188} INFO - [2025-05-31T21:34:17.810-0300] {dagbag.py:538} INFO - Filling up the DagBag from /home/walterg/Documentos/Data_projects/Data-Warehouse-postgres-DBT-airflow-/.venv/lib/python3.11/site-packages/airflow/example_dags/example_time_delta_sensor_async.py
[2025-05-31T21:34:17.815-0300] {processor.py:840} INFO - DAG(s) 'example_time_delta_sensor_async' retrieved from /home/walterg/Documentos/Data_projects/Data-Warehouse-postgres-DBT-airflow-/.venv/lib/python3.11/site-packages/airflow/example_dags/example_time_delta_sensor_async.py
[2025-05-31T21:34:17.829-0300] {logging_mixin.py:188} INFO - [2025-05-31T21:34:17.829-0300] {dag.py:3036} INFO - Sync 1 DAGs
[2025-05-31T21:34:17.837-0300] {logging_mixin.py:188} INFO - [2025-05-31T21:34:17.837-0300] {dag.py:3823} INFO - Setting next_dagrun for example_time_delta_sensor_async to None, run_after=None
[2025-05-31T21:34:17.854-0300] {processor.py:183} INFO - Processing /home/walterg/Documentos/Data_projects/Data-Warehouse-postgres-DBT-airflow-/.venv/lib/python3.11/site-packages/airflow/example_dags/example_time_delta_sensor_async.py took 0.053 seconds
[2025-05-31T21:34:53.623-0300] {processor.py:161} INFO - Started process (PID=43146) to work on /home/walterg/Documentos/Data_projects/Data-Warehouse-postgres-DBT-airflow-/.venv/lib/python3.11/site-packages/airflow/example_dags/example_time_delta_sensor_async.py
[2025-05-31T21:34:53.628-0300] {processor.py:830} INFO - Processing file /home/walterg/Documentos/Data_projects/Data-Warehouse-postgres-DBT-airflow-/.venv/lib/python3.11/site-packages/airflow/example_dags/example_time_delta_sensor_async.py for tasks to queue
[2025-05-31T21:34:53.629-0300] {logging_mixin.py:188} INFO - [2025-05-31T21:34:53.629-0300] {dagbag.py:538} INFO - Filling up the DagBag from /home/walterg/Documentos/Data_projects/Data-Warehouse-postgres-DBT-airflow-/.venv/lib/python3.11/site-packages/airflow/example_dags/example_time_delta_sensor_async.py
[2025-05-31T21:34:53.633-0300] {processor.py:840} INFO - DAG(s) 'example_time_delta_sensor_async' retrieved from /home/walterg/Documentos/Data_projects/Data-Warehouse-postgres-DBT-airflow-/.venv/lib/python3.11/site-packages/airflow/example_dags/example_time_delta_sensor_async.py
[2025-05-31T21:34:53.645-0300] {logging_mixin.py:188} INFO - [2025-05-31T21:34:53.645-0300] {dag.py:3036} INFO - Sync 1 DAGs
[2025-05-31T21:34:53.653-0300] {logging_mixin.py:188} INFO - [2025-05-31T21:34:53.653-0300] {dag.py:3823} INFO - Setting next_dagrun for example_time_delta_sensor_async to None, run_after=None
[2025-05-31T21:34:53.669-0300] {processor.py:183} INFO - Processing /home/walterg/Documentos/Data_projects/Data-Warehouse-postgres-DBT-airflow-/.venv/lib/python3.11/site-packages/airflow/example_dags/example_time_delta_sensor_async.py took 0.049 seconds
