[2025-05-31T21:00:32.837-0300] {processor.py:161} INFO - Started process (PID=32673) to work on /home/walterg/Documentos/Data_projects/Data-Warehouse-postgres-DBT-airflow-/.venv/lib/python3.11/site-packages/airflow/example_dags/example_task_group.py
[2025-05-31T21:00:32.838-0300] {processor.py:830} INFO - Processing file /home/walterg/Documentos/Data_projects/Data-Warehouse-postgres-DBT-airflow-/.venv/lib/python3.11/site-packages/airflow/example_dags/example_task_group.py for tasks to queue
[2025-05-31T21:00:32.839-0300] {logging_mixin.py:188} INFO - [2025-05-31T21:00:32.839-0300] {dagbag.py:538} INFO - Filling up the DagBag from /home/walterg/Documentos/Data_projects/Data-Warehouse-postgres-DBT-airflow-/.venv/lib/python3.11/site-packages/airflow/example_dags/example_task_group.py
[2025-05-31T21:00:32.845-0300] {processor.py:840} INFO - DAG(s) 'example_task_group' retrieved from /home/walterg/Documentos/Data_projects/Data-Warehouse-postgres-DBT-airflow-/.venv/lib/python3.11/site-packages/airflow/example_dags/example_task_group.py
[2025-05-31T21:00:32.858-0300] {logging_mixin.py:188} INFO - [2025-05-31T21:00:32.858-0300] {dag.py:3036} INFO - Sync 1 DAGs
[2025-05-31T21:00:32.871-0300] {logging_mixin.py:188} INFO - [2025-05-31T21:00:32.871-0300] {dag.py:3823} INFO - Setting next_dagrun for example_task_group to 2025-05-31 00:00:00+00:00, run_after=2025-06-01 00:00:00+00:00
[2025-05-31T21:00:32.891-0300] {processor.py:183} INFO - Processing /home/walterg/Documentos/Data_projects/Data-Warehouse-postgres-DBT-airflow-/.venv/lib/python3.11/site-packages/airflow/example_dags/example_task_group.py took 0.056 seconds
[2025-05-31T21:01:16.510-0300] {processor.py:161} INFO - Started process (PID=32925) to work on /home/walterg/Documentos/Data_projects/Data-Warehouse-postgres-DBT-airflow-/.venv/lib/python3.11/site-packages/airflow/example_dags/example_task_group.py
[2025-05-31T21:01:16.511-0300] {processor.py:830} INFO - Processing file /home/walterg/Documentos/Data_projects/Data-Warehouse-postgres-DBT-airflow-/.venv/lib/python3.11/site-packages/airflow/example_dags/example_task_group.py for tasks to queue
[2025-05-31T21:01:16.512-0300] {logging_mixin.py:188} INFO - [2025-05-31T21:01:16.511-0300] {dagbag.py:538} INFO - Filling up the DagBag from /home/walterg/Documentos/Data_projects/Data-Warehouse-postgres-DBT-airflow-/.venv/lib/python3.11/site-packages/airflow/example_dags/example_task_group.py
[2025-05-31T21:01:16.518-0300] {processor.py:840} INFO - DAG(s) 'example_task_group' retrieved from /home/walterg/Documentos/Data_projects/Data-Warehouse-postgres-DBT-airflow-/.venv/lib/python3.11/site-packages/airflow/example_dags/example_task_group.py
[2025-05-31T21:01:16.530-0300] {logging_mixin.py:188} INFO - [2025-05-31T21:01:16.530-0300] {dag.py:3036} INFO - Sync 1 DAGs
[2025-05-31T21:01:16.544-0300] {logging_mixin.py:188} INFO - [2025-05-31T21:01:16.543-0300] {dag.py:3823} INFO - Setting next_dagrun for example_task_group to 2025-05-31 00:00:00+00:00, run_after=2025-06-01 00:00:00+00:00
[2025-05-31T21:01:16.559-0300] {processor.py:183} INFO - Processing /home/walterg/Documentos/Data_projects/Data-Warehouse-postgres-DBT-airflow-/.venv/lib/python3.11/site-packages/airflow/example_dags/example_task_group.py took 0.052 seconds
[2025-05-31T21:01:58.135-0300] {processor.py:161} INFO - Started process (PID=33097) to work on /home/walterg/Documentos/Data_projects/Data-Warehouse-postgres-DBT-airflow-/.venv/lib/python3.11/site-packages/airflow/example_dags/example_task_group.py
[2025-05-31T21:01:58.140-0300] {processor.py:830} INFO - Processing file /home/walterg/Documentos/Data_projects/Data-Warehouse-postgres-DBT-airflow-/.venv/lib/python3.11/site-packages/airflow/example_dags/example_task_group.py for tasks to queue
[2025-05-31T21:01:58.141-0300] {logging_mixin.py:188} INFO - [2025-05-31T21:01:58.140-0300] {dagbag.py:538} INFO - Filling up the DagBag from /home/walterg/Documentos/Data_projects/Data-Warehouse-postgres-DBT-airflow-/.venv/lib/python3.11/site-packages/airflow/example_dags/example_task_group.py
[2025-05-31T21:01:58.147-0300] {processor.py:840} INFO - DAG(s) 'example_task_group' retrieved from /home/walterg/Documentos/Data_projects/Data-Warehouse-postgres-DBT-airflow-/.venv/lib/python3.11/site-packages/airflow/example_dags/example_task_group.py
[2025-05-31T21:01:58.162-0300] {logging_mixin.py:188} INFO - [2025-05-31T21:01:58.161-0300] {dag.py:3036} INFO - Sync 1 DAGs
[2025-05-31T21:01:58.177-0300] {logging_mixin.py:188} INFO - [2025-05-31T21:01:58.177-0300] {dag.py:3823} INFO - Setting next_dagrun for example_task_group to 2025-05-31 00:00:00+00:00, run_after=2025-06-01 00:00:00+00:00
[2025-05-31T21:01:58.194-0300] {processor.py:183} INFO - Processing /home/walterg/Documentos/Data_projects/Data-Warehouse-postgres-DBT-airflow-/.venv/lib/python3.11/site-packages/airflow/example_dags/example_task_group.py took 0.062 seconds
[2025-05-31T21:02:42.753-0300] {processor.py:161} INFO - Started process (PID=33380) to work on /home/walterg/Documentos/Data_projects/Data-Warehouse-postgres-DBT-airflow-/.venv/lib/python3.11/site-packages/airflow/example_dags/example_task_group.py
[2025-05-31T21:02:42.798-0300] {processor.py:830} INFO - Processing file /home/walterg/Documentos/Data_projects/Data-Warehouse-postgres-DBT-airflow-/.venv/lib/python3.11/site-packages/airflow/example_dags/example_task_group.py for tasks to queue
[2025-05-31T21:02:42.799-0300] {logging_mixin.py:188} INFO - [2025-05-31T21:02:42.798-0300] {dagbag.py:538} INFO - Filling up the DagBag from /home/walterg/Documentos/Data_projects/Data-Warehouse-postgres-DBT-airflow-/.venv/lib/python3.11/site-packages/airflow/example_dags/example_task_group.py
[2025-05-31T21:02:42.806-0300] {processor.py:840} INFO - DAG(s) 'example_task_group' retrieved from /home/walterg/Documentos/Data_projects/Data-Warehouse-postgres-DBT-airflow-/.venv/lib/python3.11/site-packages/airflow/example_dags/example_task_group.py
[2025-05-31T21:02:42.819-0300] {logging_mixin.py:188} INFO - [2025-05-31T21:02:42.819-0300] {dag.py:3036} INFO - Sync 1 DAGs
[2025-05-31T21:02:42.832-0300] {logging_mixin.py:188} INFO - [2025-05-31T21:02:42.832-0300] {dag.py:3823} INFO - Setting next_dagrun for example_task_group to 2025-05-31 00:00:00+00:00, run_after=2025-06-01 00:00:00+00:00
[2025-05-31T21:02:42.851-0300] {processor.py:183} INFO - Processing /home/walterg/Documentos/Data_projects/Data-Warehouse-postgres-DBT-airflow-/.venv/lib/python3.11/site-packages/airflow/example_dags/example_task_group.py took 0.101 seconds
[2025-05-31T21:03:27.271-0300] {processor.py:161} INFO - Started process (PID=33633) to work on /home/walterg/Documentos/Data_projects/Data-Warehouse-postgres-DBT-airflow-/.venv/lib/python3.11/site-packages/airflow/example_dags/example_task_group.py
[2025-05-31T21:03:27.276-0300] {processor.py:830} INFO - Processing file /home/walterg/Documentos/Data_projects/Data-Warehouse-postgres-DBT-airflow-/.venv/lib/python3.11/site-packages/airflow/example_dags/example_task_group.py for tasks to queue
[2025-05-31T21:03:27.277-0300] {logging_mixin.py:188} INFO - [2025-05-31T21:03:27.277-0300] {dagbag.py:538} INFO - Filling up the DagBag from /home/walterg/Documentos/Data_projects/Data-Warehouse-postgres-DBT-airflow-/.venv/lib/python3.11/site-packages/airflow/example_dags/example_task_group.py
[2025-05-31T21:03:27.284-0300] {processor.py:840} INFO - DAG(s) 'example_task_group' retrieved from /home/walterg/Documentos/Data_projects/Data-Warehouse-postgres-DBT-airflow-/.venv/lib/python3.11/site-packages/airflow/example_dags/example_task_group.py
[2025-05-31T21:03:27.296-0300] {logging_mixin.py:188} INFO - [2025-05-31T21:03:27.296-0300] {dag.py:3036} INFO - Sync 1 DAGs
[2025-05-31T21:03:27.310-0300] {logging_mixin.py:188} INFO - [2025-05-31T21:03:27.310-0300] {dag.py:3823} INFO - Setting next_dagrun for example_task_group to 2025-05-31 00:00:00+00:00, run_after=2025-06-01 00:00:00+00:00
[2025-05-31T21:03:27.326-0300] {processor.py:183} INFO - Processing /home/walterg/Documentos/Data_projects/Data-Warehouse-postgres-DBT-airflow-/.venv/lib/python3.11/site-packages/airflow/example_dags/example_task_group.py took 0.058 seconds
[2025-05-31T21:04:11.124-0300] {processor.py:161} INFO - Started process (PID=33802) to work on /home/walterg/Documentos/Data_projects/Data-Warehouse-postgres-DBT-airflow-/.venv/lib/python3.11/site-packages/airflow/example_dags/example_task_group.py
[2025-05-31T21:04:11.129-0300] {processor.py:830} INFO - Processing file /home/walterg/Documentos/Data_projects/Data-Warehouse-postgres-DBT-airflow-/.venv/lib/python3.11/site-packages/airflow/example_dags/example_task_group.py for tasks to queue
[2025-05-31T21:04:11.130-0300] {logging_mixin.py:188} INFO - [2025-05-31T21:04:11.129-0300] {dagbag.py:538} INFO - Filling up the DagBag from /home/walterg/Documentos/Data_projects/Data-Warehouse-postgres-DBT-airflow-/.venv/lib/python3.11/site-packages/airflow/example_dags/example_task_group.py
[2025-05-31T21:04:11.137-0300] {processor.py:840} INFO - DAG(s) 'example_task_group' retrieved from /home/walterg/Documentos/Data_projects/Data-Warehouse-postgres-DBT-airflow-/.venv/lib/python3.11/site-packages/airflow/example_dags/example_task_group.py
[2025-05-31T21:04:11.150-0300] {logging_mixin.py:188} INFO - [2025-05-31T21:04:11.149-0300] {dag.py:3036} INFO - Sync 1 DAGs
[2025-05-31T21:04:11.163-0300] {logging_mixin.py:188} INFO - [2025-05-31T21:04:11.163-0300] {dag.py:3823} INFO - Setting next_dagrun for example_task_group to 2025-05-31 00:00:00+00:00, run_after=2025-06-01 00:00:00+00:00
[2025-05-31T21:04:11.180-0300] {processor.py:183} INFO - Processing /home/walterg/Documentos/Data_projects/Data-Warehouse-postgres-DBT-airflow-/.venv/lib/python3.11/site-packages/airflow/example_dags/example_task_group.py took 0.059 seconds
[2025-05-31T21:04:51.695-0300] {processor.py:161} INFO - Started process (PID=33948) to work on /home/walterg/Documentos/Data_projects/Data-Warehouse-postgres-DBT-airflow-/.venv/lib/python3.11/site-packages/airflow/example_dags/example_task_group.py
[2025-05-31T21:04:51.700-0300] {processor.py:830} INFO - Processing file /home/walterg/Documentos/Data_projects/Data-Warehouse-postgres-DBT-airflow-/.venv/lib/python3.11/site-packages/airflow/example_dags/example_task_group.py for tasks to queue
[2025-05-31T21:04:51.701-0300] {logging_mixin.py:188} INFO - [2025-05-31T21:04:51.701-0300] {dagbag.py:538} INFO - Filling up the DagBag from /home/walterg/Documentos/Data_projects/Data-Warehouse-postgres-DBT-airflow-/.venv/lib/python3.11/site-packages/airflow/example_dags/example_task_group.py
[2025-05-31T21:04:51.708-0300] {processor.py:840} INFO - DAG(s) 'example_task_group' retrieved from /home/walterg/Documentos/Data_projects/Data-Warehouse-postgres-DBT-airflow-/.venv/lib/python3.11/site-packages/airflow/example_dags/example_task_group.py
[2025-05-31T21:04:51.720-0300] {logging_mixin.py:188} INFO - [2025-05-31T21:04:51.720-0300] {dag.py:3036} INFO - Sync 1 DAGs
[2025-05-31T21:04:51.733-0300] {logging_mixin.py:188} INFO - [2025-05-31T21:04:51.733-0300] {dag.py:3823} INFO - Setting next_dagrun for example_task_group to 2025-05-31 00:00:00+00:00, run_after=2025-06-01 00:00:00+00:00
[2025-05-31T21:04:51.748-0300] {processor.py:183} INFO - Processing /home/walterg/Documentos/Data_projects/Data-Warehouse-postgres-DBT-airflow-/.venv/lib/python3.11/site-packages/airflow/example_dags/example_task_group.py took 0.056 seconds
[2025-05-31T21:05:34.861-0300] {processor.py:161} INFO - Started process (PID=34202) to work on /home/walterg/Documentos/Data_projects/Data-Warehouse-postgres-DBT-airflow-/.venv/lib/python3.11/site-packages/airflow/example_dags/example_task_group.py
[2025-05-31T21:05:34.866-0300] {processor.py:830} INFO - Processing file /home/walterg/Documentos/Data_projects/Data-Warehouse-postgres-DBT-airflow-/.venv/lib/python3.11/site-packages/airflow/example_dags/example_task_group.py for tasks to queue
[2025-05-31T21:05:34.867-0300] {logging_mixin.py:188} INFO - [2025-05-31T21:05:34.866-0300] {dagbag.py:538} INFO - Filling up the DagBag from /home/walterg/Documentos/Data_projects/Data-Warehouse-postgres-DBT-airflow-/.venv/lib/python3.11/site-packages/airflow/example_dags/example_task_group.py
[2025-05-31T21:05:34.873-0300] {processor.py:840} INFO - DAG(s) 'example_task_group' retrieved from /home/walterg/Documentos/Data_projects/Data-Warehouse-postgres-DBT-airflow-/.venv/lib/python3.11/site-packages/airflow/example_dags/example_task_group.py
[2025-05-31T21:05:34.886-0300] {logging_mixin.py:188} INFO - [2025-05-31T21:05:34.886-0300] {dag.py:3036} INFO - Sync 1 DAGs
[2025-05-31T21:05:34.899-0300] {logging_mixin.py:188} INFO - [2025-05-31T21:05:34.898-0300] {dag.py:3823} INFO - Setting next_dagrun for example_task_group to 2025-05-31 00:00:00+00:00, run_after=2025-06-01 00:00:00+00:00
[2025-05-31T21:05:34.916-0300] {processor.py:183} INFO - Processing /home/walterg/Documentos/Data_projects/Data-Warehouse-postgres-DBT-airflow-/.venv/lib/python3.11/site-packages/airflow/example_dags/example_task_group.py took 0.058 seconds
[2025-05-31T21:06:19.209-0300] {processor.py:161} INFO - Started process (PID=34510) to work on /home/walterg/Documentos/Data_projects/Data-Warehouse-postgres-DBT-airflow-/.venv/lib/python3.11/site-packages/airflow/example_dags/example_task_group.py
[2025-05-31T21:06:19.214-0300] {processor.py:830} INFO - Processing file /home/walterg/Documentos/Data_projects/Data-Warehouse-postgres-DBT-airflow-/.venv/lib/python3.11/site-packages/airflow/example_dags/example_task_group.py for tasks to queue
[2025-05-31T21:06:19.215-0300] {logging_mixin.py:188} INFO - [2025-05-31T21:06:19.214-0300] {dagbag.py:538} INFO - Filling up the DagBag from /home/walterg/Documentos/Data_projects/Data-Warehouse-postgres-DBT-airflow-/.venv/lib/python3.11/site-packages/airflow/example_dags/example_task_group.py
[2025-05-31T21:06:19.222-0300] {processor.py:840} INFO - DAG(s) 'example_task_group' retrieved from /home/walterg/Documentos/Data_projects/Data-Warehouse-postgres-DBT-airflow-/.venv/lib/python3.11/site-packages/airflow/example_dags/example_task_group.py
[2025-05-31T21:06:19.236-0300] {logging_mixin.py:188} INFO - [2025-05-31T21:06:19.236-0300] {dag.py:3036} INFO - Sync 1 DAGs
[2025-05-31T21:06:19.251-0300] {logging_mixin.py:188} INFO - [2025-05-31T21:06:19.251-0300] {dag.py:3823} INFO - Setting next_dagrun for example_task_group to 2025-05-31 00:00:00+00:00, run_after=2025-06-01 00:00:00+00:00
[2025-05-31T21:06:19.268-0300] {processor.py:183} INFO - Processing /home/walterg/Documentos/Data_projects/Data-Warehouse-postgres-DBT-airflow-/.venv/lib/python3.11/site-packages/airflow/example_dags/example_task_group.py took 0.061 seconds
[2025-05-31T21:07:07.564-0300] {processor.py:161} INFO - Started process (PID=34690) to work on /home/walterg/Documentos/Data_projects/Data-Warehouse-postgres-DBT-airflow-/.venv/lib/python3.11/site-packages/airflow/example_dags/example_task_group.py
[2025-05-31T21:07:07.568-0300] {processor.py:830} INFO - Processing file /home/walterg/Documentos/Data_projects/Data-Warehouse-postgres-DBT-airflow-/.venv/lib/python3.11/site-packages/airflow/example_dags/example_task_group.py for tasks to queue
[2025-05-31T21:07:07.570-0300] {logging_mixin.py:188} INFO - [2025-05-31T21:07:07.570-0300] {dagbag.py:538} INFO - Filling up the DagBag from /home/walterg/Documentos/Data_projects/Data-Warehouse-postgres-DBT-airflow-/.venv/lib/python3.11/site-packages/airflow/example_dags/example_task_group.py
[2025-05-31T21:07:07.577-0300] {processor.py:840} INFO - DAG(s) 'example_task_group' retrieved from /home/walterg/Documentos/Data_projects/Data-Warehouse-postgres-DBT-airflow-/.venv/lib/python3.11/site-packages/airflow/example_dags/example_task_group.py
[2025-05-31T21:07:07.589-0300] {logging_mixin.py:188} INFO - [2025-05-31T21:07:07.589-0300] {dag.py:3036} INFO - Sync 1 DAGs
[2025-05-31T21:07:07.602-0300] {logging_mixin.py:188} INFO - [2025-05-31T21:07:07.602-0300] {dag.py:3823} INFO - Setting next_dagrun for example_task_group to 2025-05-31 00:00:00+00:00, run_after=2025-06-01 00:00:00+00:00
[2025-05-31T21:07:07.618-0300] {processor.py:183} INFO - Processing /home/walterg/Documentos/Data_projects/Data-Warehouse-postgres-DBT-airflow-/.venv/lib/python3.11/site-packages/airflow/example_dags/example_task_group.py took 0.057 seconds
[2025-05-31T21:08:11.495-0300] {processor.py:161} INFO - Started process (PID=35055) to work on /home/walterg/Documentos/Data_projects/Data-Warehouse-postgres-DBT-airflow-/.venv/lib/python3.11/site-packages/airflow/example_dags/example_task_group.py
[2025-05-31T21:08:11.500-0300] {processor.py:830} INFO - Processing file /home/walterg/Documentos/Data_projects/Data-Warehouse-postgres-DBT-airflow-/.venv/lib/python3.11/site-packages/airflow/example_dags/example_task_group.py for tasks to queue
[2025-05-31T21:08:11.501-0300] {logging_mixin.py:188} INFO - [2025-05-31T21:08:11.500-0300] {dagbag.py:538} INFO - Filling up the DagBag from /home/walterg/Documentos/Data_projects/Data-Warehouse-postgres-DBT-airflow-/.venv/lib/python3.11/site-packages/airflow/example_dags/example_task_group.py
[2025-05-31T21:08:11.507-0300] {processor.py:840} INFO - DAG(s) 'example_task_group' retrieved from /home/walterg/Documentos/Data_projects/Data-Warehouse-postgres-DBT-airflow-/.venv/lib/python3.11/site-packages/airflow/example_dags/example_task_group.py
[2025-05-31T21:08:11.520-0300] {logging_mixin.py:188} INFO - [2025-05-31T21:08:11.519-0300] {dag.py:3036} INFO - Sync 1 DAGs
[2025-05-31T21:08:11.532-0300] {logging_mixin.py:188} INFO - [2025-05-31T21:08:11.532-0300] {dag.py:3823} INFO - Setting next_dagrun for example_task_group to 2025-05-31 00:00:00+00:00, run_after=2025-06-01 00:00:00+00:00
[2025-05-31T21:08:11.548-0300] {processor.py:183} INFO - Processing /home/walterg/Documentos/Data_projects/Data-Warehouse-postgres-DBT-airflow-/.venv/lib/python3.11/site-packages/airflow/example_dags/example_task_group.py took 0.056 seconds
[2025-05-31T21:08:51.966-0300] {processor.py:161} INFO - Started process (PID=35247) to work on /home/walterg/Documentos/Data_projects/Data-Warehouse-postgres-DBT-airflow-/.venv/lib/python3.11/site-packages/airflow/example_dags/example_task_group.py
[2025-05-31T21:08:51.971-0300] {processor.py:830} INFO - Processing file /home/walterg/Documentos/Data_projects/Data-Warehouse-postgres-DBT-airflow-/.venv/lib/python3.11/site-packages/airflow/example_dags/example_task_group.py for tasks to queue
[2025-05-31T21:08:51.972-0300] {logging_mixin.py:188} INFO - [2025-05-31T21:08:51.972-0300] {dagbag.py:538} INFO - Filling up the DagBag from /home/walterg/Documentos/Data_projects/Data-Warehouse-postgres-DBT-airflow-/.venv/lib/python3.11/site-packages/airflow/example_dags/example_task_group.py
[2025-05-31T21:08:51.979-0300] {processor.py:840} INFO - DAG(s) 'example_task_group' retrieved from /home/walterg/Documentos/Data_projects/Data-Warehouse-postgres-DBT-airflow-/.venv/lib/python3.11/site-packages/airflow/example_dags/example_task_group.py
[2025-05-31T21:08:51.991-0300] {logging_mixin.py:188} INFO - [2025-05-31T21:08:51.991-0300] {dag.py:3036} INFO - Sync 1 DAGs
[2025-05-31T21:08:52.004-0300] {logging_mixin.py:188} INFO - [2025-05-31T21:08:52.004-0300] {dag.py:3823} INFO - Setting next_dagrun for example_task_group to 2025-05-31 00:00:00+00:00, run_after=2025-06-01 00:00:00+00:00
[2025-05-31T21:08:52.021-0300] {processor.py:183} INFO - Processing /home/walterg/Documentos/Data_projects/Data-Warehouse-postgres-DBT-airflow-/.venv/lib/python3.11/site-packages/airflow/example_dags/example_task_group.py took 0.058 seconds
[2025-05-31T21:09:52.523-0300] {processor.py:161} INFO - Started process (PID=35511) to work on /home/walterg/Documentos/Data_projects/Data-Warehouse-postgres-DBT-airflow-/.venv/lib/python3.11/site-packages/airflow/example_dags/example_task_group.py
[2025-05-31T21:09:52.528-0300] {processor.py:830} INFO - Processing file /home/walterg/Documentos/Data_projects/Data-Warehouse-postgres-DBT-airflow-/.venv/lib/python3.11/site-packages/airflow/example_dags/example_task_group.py for tasks to queue
[2025-05-31T21:09:52.529-0300] {logging_mixin.py:188} INFO - [2025-05-31T21:09:52.529-0300] {dagbag.py:538} INFO - Filling up the DagBag from /home/walterg/Documentos/Data_projects/Data-Warehouse-postgres-DBT-airflow-/.venv/lib/python3.11/site-packages/airflow/example_dags/example_task_group.py
[2025-05-31T21:09:52.536-0300] {processor.py:840} INFO - DAG(s) 'example_task_group' retrieved from /home/walterg/Documentos/Data_projects/Data-Warehouse-postgres-DBT-airflow-/.venv/lib/python3.11/site-packages/airflow/example_dags/example_task_group.py
[2025-05-31T21:09:52.549-0300] {logging_mixin.py:188} INFO - [2025-05-31T21:09:52.549-0300] {dag.py:3036} INFO - Sync 1 DAGs
[2025-05-31T21:09:52.562-0300] {logging_mixin.py:188} INFO - [2025-05-31T21:09:52.561-0300] {dag.py:3823} INFO - Setting next_dagrun for example_task_group to 2025-05-31 00:00:00+00:00, run_after=2025-06-01 00:00:00+00:00
[2025-05-31T21:09:52.579-0300] {processor.py:183} INFO - Processing /home/walterg/Documentos/Data_projects/Data-Warehouse-postgres-DBT-airflow-/.venv/lib/python3.11/site-packages/airflow/example_dags/example_task_group.py took 0.059 seconds
[2025-05-31T21:10:36.686-0300] {processor.py:161} INFO - Started process (PID=35783) to work on /home/walterg/Documentos/Data_projects/Data-Warehouse-postgres-DBT-airflow-/.venv/lib/python3.11/site-packages/airflow/example_dags/example_task_group.py
[2025-05-31T21:10:36.691-0300] {processor.py:830} INFO - Processing file /home/walterg/Documentos/Data_projects/Data-Warehouse-postgres-DBT-airflow-/.venv/lib/python3.11/site-packages/airflow/example_dags/example_task_group.py for tasks to queue
[2025-05-31T21:10:36.692-0300] {logging_mixin.py:188} INFO - [2025-05-31T21:10:36.692-0300] {dagbag.py:538} INFO - Filling up the DagBag from /home/walterg/Documentos/Data_projects/Data-Warehouse-postgres-DBT-airflow-/.venv/lib/python3.11/site-packages/airflow/example_dags/example_task_group.py
[2025-05-31T21:10:36.699-0300] {processor.py:840} INFO - DAG(s) 'example_task_group' retrieved from /home/walterg/Documentos/Data_projects/Data-Warehouse-postgres-DBT-airflow-/.venv/lib/python3.11/site-packages/airflow/example_dags/example_task_group.py
[2025-05-31T21:10:36.711-0300] {logging_mixin.py:188} INFO - [2025-05-31T21:10:36.711-0300] {dag.py:3036} INFO - Sync 1 DAGs
[2025-05-31T21:10:36.724-0300] {logging_mixin.py:188} INFO - [2025-05-31T21:10:36.724-0300] {dag.py:3823} INFO - Setting next_dagrun for example_task_group to 2025-05-31 00:00:00+00:00, run_after=2025-06-01 00:00:00+00:00
[2025-05-31T21:10:36.740-0300] {processor.py:183} INFO - Processing /home/walterg/Documentos/Data_projects/Data-Warehouse-postgres-DBT-airflow-/.venv/lib/python3.11/site-packages/airflow/example_dags/example_task_group.py took 0.057 seconds
[2025-05-31T21:11:35.250-0300] {processor.py:161} INFO - Started process (PID=36092) to work on /home/walterg/Documentos/Data_projects/Data-Warehouse-postgres-DBT-airflow-/.venv/lib/python3.11/site-packages/airflow/example_dags/example_task_group.py
[2025-05-31T21:11:35.255-0300] {processor.py:830} INFO - Processing file /home/walterg/Documentos/Data_projects/Data-Warehouse-postgres-DBT-airflow-/.venv/lib/python3.11/site-packages/airflow/example_dags/example_task_group.py for tasks to queue
[2025-05-31T21:11:35.256-0300] {logging_mixin.py:188} INFO - [2025-05-31T21:11:35.255-0300] {dagbag.py:538} INFO - Filling up the DagBag from /home/walterg/Documentos/Data_projects/Data-Warehouse-postgres-DBT-airflow-/.venv/lib/python3.11/site-packages/airflow/example_dags/example_task_group.py
[2025-05-31T21:11:35.263-0300] {processor.py:840} INFO - DAG(s) 'example_task_group' retrieved from /home/walterg/Documentos/Data_projects/Data-Warehouse-postgres-DBT-airflow-/.venv/lib/python3.11/site-packages/airflow/example_dags/example_task_group.py
[2025-05-31T21:11:35.278-0300] {logging_mixin.py:188} INFO - [2025-05-31T21:11:35.277-0300] {dag.py:3036} INFO - Sync 1 DAGs
[2025-05-31T21:11:35.292-0300] {logging_mixin.py:188} INFO - [2025-05-31T21:11:35.291-0300] {dag.py:3823} INFO - Setting next_dagrun for example_task_group to 2025-05-31 00:00:00+00:00, run_after=2025-06-01 00:00:00+00:00
[2025-05-31T21:11:35.310-0300] {processor.py:183} INFO - Processing /home/walterg/Documentos/Data_projects/Data-Warehouse-postgres-DBT-airflow-/.venv/lib/python3.11/site-packages/airflow/example_dags/example_task_group.py took 0.063 seconds
[2025-05-31T21:12:20.255-0300] {processor.py:161} INFO - Started process (PID=36299) to work on /home/walterg/Documentos/Data_projects/Data-Warehouse-postgres-DBT-airflow-/.venv/lib/python3.11/site-packages/airflow/example_dags/example_task_group.py
[2025-05-31T21:12:20.260-0300] {processor.py:830} INFO - Processing file /home/walterg/Documentos/Data_projects/Data-Warehouse-postgres-DBT-airflow-/.venv/lib/python3.11/site-packages/airflow/example_dags/example_task_group.py for tasks to queue
[2025-05-31T21:12:20.261-0300] {logging_mixin.py:188} INFO - [2025-05-31T21:12:20.260-0300] {dagbag.py:538} INFO - Filling up the DagBag from /home/walterg/Documentos/Data_projects/Data-Warehouse-postgres-DBT-airflow-/.venv/lib/python3.11/site-packages/airflow/example_dags/example_task_group.py
[2025-05-31T21:12:20.268-0300] {processor.py:840} INFO - DAG(s) 'example_task_group' retrieved from /home/walterg/Documentos/Data_projects/Data-Warehouse-postgres-DBT-airflow-/.venv/lib/python3.11/site-packages/airflow/example_dags/example_task_group.py
[2025-05-31T21:12:20.280-0300] {logging_mixin.py:188} INFO - [2025-05-31T21:12:20.280-0300] {dag.py:3036} INFO - Sync 1 DAGs
[2025-05-31T21:12:20.294-0300] {logging_mixin.py:188} INFO - [2025-05-31T21:12:20.294-0300] {dag.py:3823} INFO - Setting next_dagrun for example_task_group to 2025-05-31 00:00:00+00:00, run_after=2025-06-01 00:00:00+00:00
[2025-05-31T21:12:20.311-0300] {processor.py:183} INFO - Processing /home/walterg/Documentos/Data_projects/Data-Warehouse-postgres-DBT-airflow-/.venv/lib/python3.11/site-packages/airflow/example_dags/example_task_group.py took 0.059 seconds
[2025-05-31T21:13:00.803-0300] {processor.py:161} INFO - Started process (PID=36427) to work on /home/walterg/Documentos/Data_projects/Data-Warehouse-postgres-DBT-airflow-/.venv/lib/python3.11/site-packages/airflow/example_dags/example_task_group.py
[2025-05-31T21:13:00.809-0300] {processor.py:830} INFO - Processing file /home/walterg/Documentos/Data_projects/Data-Warehouse-postgres-DBT-airflow-/.venv/lib/python3.11/site-packages/airflow/example_dags/example_task_group.py for tasks to queue
[2025-05-31T21:13:00.810-0300] {logging_mixin.py:188} INFO - [2025-05-31T21:13:00.809-0300] {dagbag.py:538} INFO - Filling up the DagBag from /home/walterg/Documentos/Data_projects/Data-Warehouse-postgres-DBT-airflow-/.venv/lib/python3.11/site-packages/airflow/example_dags/example_task_group.py
[2025-05-31T21:13:00.817-0300] {processor.py:840} INFO - DAG(s) 'example_task_group' retrieved from /home/walterg/Documentos/Data_projects/Data-Warehouse-postgres-DBT-airflow-/.venv/lib/python3.11/site-packages/airflow/example_dags/example_task_group.py
[2025-05-31T21:13:00.831-0300] {logging_mixin.py:188} INFO - [2025-05-31T21:13:00.831-0300] {dag.py:3036} INFO - Sync 1 DAGs
[2025-05-31T21:13:00.846-0300] {logging_mixin.py:188} INFO - [2025-05-31T21:13:00.846-0300] {dag.py:3823} INFO - Setting next_dagrun for example_task_group to 2025-05-31 00:00:00+00:00, run_after=2025-06-01 00:00:00+00:00
[2025-05-31T21:13:00.864-0300] {processor.py:183} INFO - Processing /home/walterg/Documentos/Data_projects/Data-Warehouse-postgres-DBT-airflow-/.venv/lib/python3.11/site-packages/airflow/example_dags/example_task_group.py took 0.063 seconds
[2025-05-31T21:13:47.178-0300] {processor.py:161} INFO - Started process (PID=36606) to work on /home/walterg/Documentos/Data_projects/Data-Warehouse-postgres-DBT-airflow-/.venv/lib/python3.11/site-packages/airflow/example_dags/example_task_group.py
[2025-05-31T21:13:47.183-0300] {processor.py:830} INFO - Processing file /home/walterg/Documentos/Data_projects/Data-Warehouse-postgres-DBT-airflow-/.venv/lib/python3.11/site-packages/airflow/example_dags/example_task_group.py for tasks to queue
[2025-05-31T21:13:47.184-0300] {logging_mixin.py:188} INFO - [2025-05-31T21:13:47.184-0300] {dagbag.py:538} INFO - Filling up the DagBag from /home/walterg/Documentos/Data_projects/Data-Warehouse-postgres-DBT-airflow-/.venv/lib/python3.11/site-packages/airflow/example_dags/example_task_group.py
[2025-05-31T21:13:47.191-0300] {processor.py:840} INFO - DAG(s) 'example_task_group' retrieved from /home/walterg/Documentos/Data_projects/Data-Warehouse-postgres-DBT-airflow-/.venv/lib/python3.11/site-packages/airflow/example_dags/example_task_group.py
[2025-05-31T21:13:47.203-0300] {logging_mixin.py:188} INFO - [2025-05-31T21:13:47.203-0300] {dag.py:3036} INFO - Sync 1 DAGs
[2025-05-31T21:13:47.216-0300] {logging_mixin.py:188} INFO - [2025-05-31T21:13:47.216-0300] {dag.py:3823} INFO - Setting next_dagrun for example_task_group to 2025-05-31 00:00:00+00:00, run_after=2025-06-01 00:00:00+00:00
[2025-05-31T21:13:47.232-0300] {processor.py:183} INFO - Processing /home/walterg/Documentos/Data_projects/Data-Warehouse-postgres-DBT-airflow-/.venv/lib/python3.11/site-packages/airflow/example_dags/example_task_group.py took 0.057 seconds
[2025-05-31T21:14:31.378-0300] {processor.py:161} INFO - Started process (PID=36879) to work on /home/walterg/Documentos/Data_projects/Data-Warehouse-postgres-DBT-airflow-/.venv/lib/python3.11/site-packages/airflow/example_dags/example_task_group.py
[2025-05-31T21:14:31.383-0300] {processor.py:830} INFO - Processing file /home/walterg/Documentos/Data_projects/Data-Warehouse-postgres-DBT-airflow-/.venv/lib/python3.11/site-packages/airflow/example_dags/example_task_group.py for tasks to queue
[2025-05-31T21:14:31.384-0300] {logging_mixin.py:188} INFO - [2025-05-31T21:14:31.384-0300] {dagbag.py:538} INFO - Filling up the DagBag from /home/walterg/Documentos/Data_projects/Data-Warehouse-postgres-DBT-airflow-/.venv/lib/python3.11/site-packages/airflow/example_dags/example_task_group.py
[2025-05-31T21:14:31.390-0300] {processor.py:840} INFO - DAG(s) 'example_task_group' retrieved from /home/walterg/Documentos/Data_projects/Data-Warehouse-postgres-DBT-airflow-/.venv/lib/python3.11/site-packages/airflow/example_dags/example_task_group.py
[2025-05-31T21:14:31.402-0300] {logging_mixin.py:188} INFO - [2025-05-31T21:14:31.402-0300] {dag.py:3036} INFO - Sync 1 DAGs
[2025-05-31T21:14:31.415-0300] {logging_mixin.py:188} INFO - [2025-05-31T21:14:31.415-0300] {dag.py:3823} INFO - Setting next_dagrun for example_task_group to 2025-05-31 00:00:00+00:00, run_after=2025-06-01 00:00:00+00:00
[2025-05-31T21:14:31.431-0300] {processor.py:183} INFO - Processing /home/walterg/Documentos/Data_projects/Data-Warehouse-postgres-DBT-airflow-/.venv/lib/python3.11/site-packages/airflow/example_dags/example_task_group.py took 0.056 seconds
[2025-05-31T21:15:30.588-0300] {processor.py:161} INFO - Started process (PID=37262) to work on /home/walterg/Documentos/Data_projects/Data-Warehouse-postgres-DBT-airflow-/.venv/lib/python3.11/site-packages/airflow/example_dags/example_task_group.py
[2025-05-31T21:15:30.594-0300] {processor.py:830} INFO - Processing file /home/walterg/Documentos/Data_projects/Data-Warehouse-postgres-DBT-airflow-/.venv/lib/python3.11/site-packages/airflow/example_dags/example_task_group.py for tasks to queue
[2025-05-31T21:15:30.594-0300] {logging_mixin.py:188} INFO - [2025-05-31T21:15:30.594-0300] {dagbag.py:538} INFO - Filling up the DagBag from /home/walterg/Documentos/Data_projects/Data-Warehouse-postgres-DBT-airflow-/.venv/lib/python3.11/site-packages/airflow/example_dags/example_task_group.py
[2025-05-31T21:15:30.600-0300] {processor.py:840} INFO - DAG(s) 'example_task_group' retrieved from /home/walterg/Documentos/Data_projects/Data-Warehouse-postgres-DBT-airflow-/.venv/lib/python3.11/site-packages/airflow/example_dags/example_task_group.py
[2025-05-31T21:15:30.613-0300] {logging_mixin.py:188} INFO - [2025-05-31T21:15:30.612-0300] {dag.py:3036} INFO - Sync 1 DAGs
[2025-05-31T21:15:30.625-0300] {logging_mixin.py:188} INFO - [2025-05-31T21:15:30.625-0300] {dag.py:3823} INFO - Setting next_dagrun for example_task_group to 2025-05-31 00:00:00+00:00, run_after=2025-06-01 00:00:00+00:00
[2025-05-31T21:15:30.641-0300] {processor.py:183} INFO - Processing /home/walterg/Documentos/Data_projects/Data-Warehouse-postgres-DBT-airflow-/.venv/lib/python3.11/site-packages/airflow/example_dags/example_task_group.py took 0.055 seconds
[2025-05-31T21:16:30.263-0300] {processor.py:161} INFO - Started process (PID=37627) to work on /home/walterg/Documentos/Data_projects/Data-Warehouse-postgres-DBT-airflow-/.venv/lib/python3.11/site-packages/airflow/example_dags/example_task_group.py
[2025-05-31T21:16:30.265-0300] {processor.py:830} INFO - Processing file /home/walterg/Documentos/Data_projects/Data-Warehouse-postgres-DBT-airflow-/.venv/lib/python3.11/site-packages/airflow/example_dags/example_task_group.py for tasks to queue
[2025-05-31T21:16:30.265-0300] {logging_mixin.py:188} INFO - [2025-05-31T21:16:30.265-0300] {dagbag.py:538} INFO - Filling up the DagBag from /home/walterg/Documentos/Data_projects/Data-Warehouse-postgres-DBT-airflow-/.venv/lib/python3.11/site-packages/airflow/example_dags/example_task_group.py
[2025-05-31T21:16:30.272-0300] {processor.py:840} INFO - DAG(s) 'example_task_group' retrieved from /home/walterg/Documentos/Data_projects/Data-Warehouse-postgres-DBT-airflow-/.venv/lib/python3.11/site-packages/airflow/example_dags/example_task_group.py
[2025-05-31T21:16:30.284-0300] {logging_mixin.py:188} INFO - [2025-05-31T21:16:30.284-0300] {dag.py:3036} INFO - Sync 1 DAGs
[2025-05-31T21:16:30.297-0300] {logging_mixin.py:188} INFO - [2025-05-31T21:16:30.297-0300] {dag.py:3823} INFO - Setting next_dagrun for example_task_group to 2025-05-31 00:00:00+00:00, run_after=2025-06-01 00:00:00+00:00
[2025-05-31T21:16:30.313-0300] {processor.py:183} INFO - Processing /home/walterg/Documentos/Data_projects/Data-Warehouse-postgres-DBT-airflow-/.venv/lib/python3.11/site-packages/airflow/example_dags/example_task_group.py took 0.052 seconds
[2025-05-31T21:17:16.075-0300] {processor.py:161} INFO - Started process (PID=37842) to work on /home/walterg/Documentos/Data_projects/Data-Warehouse-postgres-DBT-airflow-/.venv/lib/python3.11/site-packages/airflow/example_dags/example_task_group.py
[2025-05-31T21:17:16.080-0300] {processor.py:830} INFO - Processing file /home/walterg/Documentos/Data_projects/Data-Warehouse-postgres-DBT-airflow-/.venv/lib/python3.11/site-packages/airflow/example_dags/example_task_group.py for tasks to queue
[2025-05-31T21:17:16.081-0300] {logging_mixin.py:188} INFO - [2025-05-31T21:17:16.081-0300] {dagbag.py:538} INFO - Filling up the DagBag from /home/walterg/Documentos/Data_projects/Data-Warehouse-postgres-DBT-airflow-/.venv/lib/python3.11/site-packages/airflow/example_dags/example_task_group.py
[2025-05-31T21:17:16.088-0300] {processor.py:840} INFO - DAG(s) 'example_task_group' retrieved from /home/walterg/Documentos/Data_projects/Data-Warehouse-postgres-DBT-airflow-/.venv/lib/python3.11/site-packages/airflow/example_dags/example_task_group.py
[2025-05-31T21:17:16.100-0300] {logging_mixin.py:188} INFO - [2025-05-31T21:17:16.100-0300] {dag.py:3036} INFO - Sync 1 DAGs
[2025-05-31T21:17:16.113-0300] {logging_mixin.py:188} INFO - [2025-05-31T21:17:16.113-0300] {dag.py:3823} INFO - Setting next_dagrun for example_task_group to 2025-05-31 00:00:00+00:00, run_after=2025-06-01 00:00:00+00:00
[2025-05-31T21:17:16.131-0300] {processor.py:183} INFO - Processing /home/walterg/Documentos/Data_projects/Data-Warehouse-postgres-DBT-airflow-/.venv/lib/python3.11/site-packages/airflow/example_dags/example_task_group.py took 0.058 seconds
[2025-05-31T21:17:59.200-0300] {processor.py:161} INFO - Started process (PID=37948) to work on /home/walterg/Documentos/Data_projects/Data-Warehouse-postgres-DBT-airflow-/.venv/lib/python3.11/site-packages/airflow/example_dags/example_task_group.py
[2025-05-31T21:17:59.205-0300] {processor.py:830} INFO - Processing file /home/walterg/Documentos/Data_projects/Data-Warehouse-postgres-DBT-airflow-/.venv/lib/python3.11/site-packages/airflow/example_dags/example_task_group.py for tasks to queue
[2025-05-31T21:17:59.207-0300] {logging_mixin.py:188} INFO - [2025-05-31T21:17:59.206-0300] {dagbag.py:538} INFO - Filling up the DagBag from /home/walterg/Documentos/Data_projects/Data-Warehouse-postgres-DBT-airflow-/.venv/lib/python3.11/site-packages/airflow/example_dags/example_task_group.py
[2025-05-31T21:17:59.214-0300] {processor.py:840} INFO - DAG(s) 'example_task_group' retrieved from /home/walterg/Documentos/Data_projects/Data-Warehouse-postgres-DBT-airflow-/.venv/lib/python3.11/site-packages/airflow/example_dags/example_task_group.py
[2025-05-31T21:17:59.228-0300] {logging_mixin.py:188} INFO - [2025-05-31T21:17:59.228-0300] {dag.py:3036} INFO - Sync 1 DAGs
[2025-05-31T21:17:59.247-0300] {logging_mixin.py:188} INFO - [2025-05-31T21:17:59.246-0300] {dag.py:3823} INFO - Setting next_dagrun for example_task_group to 2025-05-31 00:00:00+00:00, run_after=2025-06-01 00:00:00+00:00
[2025-05-31T21:17:59.266-0300] {processor.py:183} INFO - Processing /home/walterg/Documentos/Data_projects/Data-Warehouse-postgres-DBT-airflow-/.venv/lib/python3.11/site-packages/airflow/example_dags/example_task_group.py took 0.069 seconds
[2025-05-31T21:18:46.483-0300] {processor.py:161} INFO - Started process (PID=38146) to work on /home/walterg/Documentos/Data_projects/Data-Warehouse-postgres-DBT-airflow-/.venv/lib/python3.11/site-packages/airflow/example_dags/example_task_group.py
[2025-05-31T21:18:46.488-0300] {processor.py:830} INFO - Processing file /home/walterg/Documentos/Data_projects/Data-Warehouse-postgres-DBT-airflow-/.venv/lib/python3.11/site-packages/airflow/example_dags/example_task_group.py for tasks to queue
[2025-05-31T21:18:46.490-0300] {logging_mixin.py:188} INFO - [2025-05-31T21:18:46.489-0300] {dagbag.py:538} INFO - Filling up the DagBag from /home/walterg/Documentos/Data_projects/Data-Warehouse-postgres-DBT-airflow-/.venv/lib/python3.11/site-packages/airflow/example_dags/example_task_group.py
[2025-05-31T21:18:46.496-0300] {processor.py:840} INFO - DAG(s) 'example_task_group' retrieved from /home/walterg/Documentos/Data_projects/Data-Warehouse-postgres-DBT-airflow-/.venv/lib/python3.11/site-packages/airflow/example_dags/example_task_group.py
[2025-05-31T21:18:46.509-0300] {logging_mixin.py:188} INFO - [2025-05-31T21:18:46.509-0300] {dag.py:3036} INFO - Sync 1 DAGs
[2025-05-31T21:18:46.522-0300] {logging_mixin.py:188} INFO - [2025-05-31T21:18:46.522-0300] {dag.py:3823} INFO - Setting next_dagrun for example_task_group to 2025-05-31 00:00:00+00:00, run_after=2025-06-01 00:00:00+00:00
[2025-05-31T21:18:46.539-0300] {processor.py:183} INFO - Processing /home/walterg/Documentos/Data_projects/Data-Warehouse-postgres-DBT-airflow-/.venv/lib/python3.11/site-packages/airflow/example_dags/example_task_group.py took 0.059 seconds
[2025-05-31T21:19:27.357-0300] {processor.py:161} INFO - Started process (PID=38372) to work on /home/walterg/Documentos/Data_projects/Data-Warehouse-postgres-DBT-airflow-/.venv/lib/python3.11/site-packages/airflow/example_dags/example_task_group.py
[2025-05-31T21:19:27.362-0300] {processor.py:830} INFO - Processing file /home/walterg/Documentos/Data_projects/Data-Warehouse-postgres-DBT-airflow-/.venv/lib/python3.11/site-packages/airflow/example_dags/example_task_group.py for tasks to queue
[2025-05-31T21:19:27.363-0300] {logging_mixin.py:188} INFO - [2025-05-31T21:19:27.362-0300] {dagbag.py:538} INFO - Filling up the DagBag from /home/walterg/Documentos/Data_projects/Data-Warehouse-postgres-DBT-airflow-/.venv/lib/python3.11/site-packages/airflow/example_dags/example_task_group.py
[2025-05-31T21:19:27.369-0300] {processor.py:840} INFO - DAG(s) 'example_task_group' retrieved from /home/walterg/Documentos/Data_projects/Data-Warehouse-postgres-DBT-airflow-/.venv/lib/python3.11/site-packages/airflow/example_dags/example_task_group.py
[2025-05-31T21:19:27.382-0300] {logging_mixin.py:188} INFO - [2025-05-31T21:19:27.382-0300] {dag.py:3036} INFO - Sync 1 DAGs
[2025-05-31T21:19:27.395-0300] {logging_mixin.py:188} INFO - [2025-05-31T21:19:27.395-0300] {dag.py:3823} INFO - Setting next_dagrun for example_task_group to 2025-05-31 00:00:00+00:00, run_after=2025-06-01 00:00:00+00:00
[2025-05-31T21:19:27.411-0300] {processor.py:183} INFO - Processing /home/walterg/Documentos/Data_projects/Data-Warehouse-postgres-DBT-airflow-/.venv/lib/python3.11/site-packages/airflow/example_dags/example_task_group.py took 0.057 seconds
[2025-05-31T21:20:11.639-0300] {processor.py:161} INFO - Started process (PID=38570) to work on /home/walterg/Documentos/Data_projects/Data-Warehouse-postgres-DBT-airflow-/.venv/lib/python3.11/site-packages/airflow/example_dags/example_task_group.py
[2025-05-31T21:20:11.644-0300] {processor.py:830} INFO - Processing file /home/walterg/Documentos/Data_projects/Data-Warehouse-postgres-DBT-airflow-/.venv/lib/python3.11/site-packages/airflow/example_dags/example_task_group.py for tasks to queue
[2025-05-31T21:20:11.646-0300] {logging_mixin.py:188} INFO - [2025-05-31T21:20:11.645-0300] {dagbag.py:538} INFO - Filling up the DagBag from /home/walterg/Documentos/Data_projects/Data-Warehouse-postgres-DBT-airflow-/.venv/lib/python3.11/site-packages/airflow/example_dags/example_task_group.py
[2025-05-31T21:20:11.652-0300] {processor.py:840} INFO - DAG(s) 'example_task_group' retrieved from /home/walterg/Documentos/Data_projects/Data-Warehouse-postgres-DBT-airflow-/.venv/lib/python3.11/site-packages/airflow/example_dags/example_task_group.py
[2025-05-31T21:20:11.666-0300] {logging_mixin.py:188} INFO - [2025-05-31T21:20:11.665-0300] {dag.py:3036} INFO - Sync 1 DAGs
[2025-05-31T21:20:11.680-0300] {logging_mixin.py:188} INFO - [2025-05-31T21:20:11.680-0300] {dag.py:3823} INFO - Setting next_dagrun for example_task_group to 2025-05-31 00:00:00+00:00, run_after=2025-06-01 00:00:00+00:00
[2025-05-31T21:20:11.697-0300] {processor.py:183} INFO - Processing /home/walterg/Documentos/Data_projects/Data-Warehouse-postgres-DBT-airflow-/.venv/lib/python3.11/site-packages/airflow/example_dags/example_task_group.py took 0.060 seconds
[2025-05-31T21:21:09.974-0300] {processor.py:161} INFO - Started process (PID=38795) to work on /home/walterg/Documentos/Data_projects/Data-Warehouse-postgres-DBT-airflow-/.venv/lib/python3.11/site-packages/airflow/example_dags/example_task_group.py
[2025-05-31T21:21:09.979-0300] {processor.py:830} INFO - Processing file /home/walterg/Documentos/Data_projects/Data-Warehouse-postgres-DBT-airflow-/.venv/lib/python3.11/site-packages/airflow/example_dags/example_task_group.py for tasks to queue
[2025-05-31T21:21:09.981-0300] {logging_mixin.py:188} INFO - [2025-05-31T21:21:09.980-0300] {dagbag.py:538} INFO - Filling up the DagBag from /home/walterg/Documentos/Data_projects/Data-Warehouse-postgres-DBT-airflow-/.venv/lib/python3.11/site-packages/airflow/example_dags/example_task_group.py
[2025-05-31T21:21:09.988-0300] {processor.py:840} INFO - DAG(s) 'example_task_group' retrieved from /home/walterg/Documentos/Data_projects/Data-Warehouse-postgres-DBT-airflow-/.venv/lib/python3.11/site-packages/airflow/example_dags/example_task_group.py
[2025-05-31T21:21:10.000-0300] {logging_mixin.py:188} INFO - [2025-05-31T21:21:10.000-0300] {dag.py:3036} INFO - Sync 1 DAGs
[2025-05-31T21:21:10.112-0300] {logging_mixin.py:188} INFO - [2025-05-31T21:21:10.112-0300] {dag.py:3823} INFO - Setting next_dagrun for example_task_group to 2025-05-31 00:00:00+00:00, run_after=2025-06-01 00:00:00+00:00
[2025-05-31T21:21:10.128-0300] {processor.py:183} INFO - Processing /home/walterg/Documentos/Data_projects/Data-Warehouse-postgres-DBT-airflow-/.venv/lib/python3.11/site-packages/airflow/example_dags/example_task_group.py took 0.156 seconds
[2025-05-31T21:21:51.557-0300] {processor.py:161} INFO - Started process (PID=39002) to work on /home/walterg/Documentos/Data_projects/Data-Warehouse-postgres-DBT-airflow-/.venv/lib/python3.11/site-packages/airflow/example_dags/example_task_group.py
[2025-05-31T21:21:51.562-0300] {processor.py:830} INFO - Processing file /home/walterg/Documentos/Data_projects/Data-Warehouse-postgres-DBT-airflow-/.venv/lib/python3.11/site-packages/airflow/example_dags/example_task_group.py for tasks to queue
[2025-05-31T21:21:51.564-0300] {logging_mixin.py:188} INFO - [2025-05-31T21:21:51.563-0300] {dagbag.py:538} INFO - Filling up the DagBag from /home/walterg/Documentos/Data_projects/Data-Warehouse-postgres-DBT-airflow-/.venv/lib/python3.11/site-packages/airflow/example_dags/example_task_group.py
[2025-05-31T21:21:51.572-0300] {processor.py:840} INFO - DAG(s) 'example_task_group' retrieved from /home/walterg/Documentos/Data_projects/Data-Warehouse-postgres-DBT-airflow-/.venv/lib/python3.11/site-packages/airflow/example_dags/example_task_group.py
[2025-05-31T21:21:51.585-0300] {logging_mixin.py:188} INFO - [2025-05-31T21:21:51.585-0300] {dag.py:3036} INFO - Sync 1 DAGs
[2025-05-31T21:21:51.599-0300] {logging_mixin.py:188} INFO - [2025-05-31T21:21:51.599-0300] {dag.py:3823} INFO - Setting next_dagrun for example_task_group to 2025-05-31 00:00:00+00:00, run_after=2025-06-01 00:00:00+00:00
[2025-05-31T21:21:51.617-0300] {processor.py:183} INFO - Processing /home/walterg/Documentos/Data_projects/Data-Warehouse-postgres-DBT-airflow-/.venv/lib/python3.11/site-packages/airflow/example_dags/example_task_group.py took 0.062 seconds
[2025-05-31T21:22:31.265-0300] {processor.py:161} INFO - Started process (PID=39285) to work on /home/walterg/Documentos/Data_projects/Data-Warehouse-postgres-DBT-airflow-/.venv/lib/python3.11/site-packages/airflow/example_dags/example_task_group.py
[2025-05-31T21:22:31.270-0300] {processor.py:830} INFO - Processing file /home/walterg/Documentos/Data_projects/Data-Warehouse-postgres-DBT-airflow-/.venv/lib/python3.11/site-packages/airflow/example_dags/example_task_group.py for tasks to queue
[2025-05-31T21:22:31.271-0300] {logging_mixin.py:188} INFO - [2025-05-31T21:22:31.270-0300] {dagbag.py:538} INFO - Filling up the DagBag from /home/walterg/Documentos/Data_projects/Data-Warehouse-postgres-DBT-airflow-/.venv/lib/python3.11/site-packages/airflow/example_dags/example_task_group.py
[2025-05-31T21:22:31.277-0300] {processor.py:840} INFO - DAG(s) 'example_task_group' retrieved from /home/walterg/Documentos/Data_projects/Data-Warehouse-postgres-DBT-airflow-/.venv/lib/python3.11/site-packages/airflow/example_dags/example_task_group.py
[2025-05-31T21:22:31.290-0300] {logging_mixin.py:188} INFO - [2025-05-31T21:22:31.289-0300] {dag.py:3036} INFO - Sync 1 DAGs
[2025-05-31T21:22:31.410-0300] {logging_mixin.py:188} INFO - [2025-05-31T21:22:31.410-0300] {dag.py:3823} INFO - Setting next_dagrun for example_task_group to 2025-05-31 00:00:00+00:00, run_after=2025-06-01 00:00:00+00:00
[2025-05-31T21:22:31.429-0300] {processor.py:183} INFO - Processing /home/walterg/Documentos/Data_projects/Data-Warehouse-postgres-DBT-airflow-/.venv/lib/python3.11/site-packages/airflow/example_dags/example_task_group.py took 0.167 seconds
[2025-05-31T21:23:17.961-0300] {processor.py:161} INFO - Started process (PID=39519) to work on /home/walterg/Documentos/Data_projects/Data-Warehouse-postgres-DBT-airflow-/.venv/lib/python3.11/site-packages/airflow/example_dags/example_task_group.py
[2025-05-31T21:23:17.966-0300] {processor.py:830} INFO - Processing file /home/walterg/Documentos/Data_projects/Data-Warehouse-postgres-DBT-airflow-/.venv/lib/python3.11/site-packages/airflow/example_dags/example_task_group.py for tasks to queue
[2025-05-31T21:23:17.967-0300] {logging_mixin.py:188} INFO - [2025-05-31T21:23:17.967-0300] {dagbag.py:538} INFO - Filling up the DagBag from /home/walterg/Documentos/Data_projects/Data-Warehouse-postgres-DBT-airflow-/.venv/lib/python3.11/site-packages/airflow/example_dags/example_task_group.py
[2025-05-31T21:23:17.974-0300] {processor.py:840} INFO - DAG(s) 'example_task_group' retrieved from /home/walterg/Documentos/Data_projects/Data-Warehouse-postgres-DBT-airflow-/.venv/lib/python3.11/site-packages/airflow/example_dags/example_task_group.py
[2025-05-31T21:23:17.988-0300] {logging_mixin.py:188} INFO - [2025-05-31T21:23:17.988-0300] {dag.py:3036} INFO - Sync 1 DAGs
[2025-05-31T21:23:18.002-0300] {logging_mixin.py:188} INFO - [2025-05-31T21:23:18.001-0300] {dag.py:3823} INFO - Setting next_dagrun for example_task_group to 2025-05-31 00:00:00+00:00, run_after=2025-06-01 00:00:00+00:00
[2025-05-31T21:23:18.018-0300] {processor.py:183} INFO - Processing /home/walterg/Documentos/Data_projects/Data-Warehouse-postgres-DBT-airflow-/.venv/lib/python3.11/site-packages/airflow/example_dags/example_task_group.py took 0.060 seconds
[2025-05-31T21:24:06.035-0300] {processor.py:161} INFO - Started process (PID=39656) to work on /home/walterg/Documentos/Data_projects/Data-Warehouse-postgres-DBT-airflow-/.venv/lib/python3.11/site-packages/airflow/example_dags/example_task_group.py
[2025-05-31T21:24:06.036-0300] {processor.py:830} INFO - Processing file /home/walterg/Documentos/Data_projects/Data-Warehouse-postgres-DBT-airflow-/.venv/lib/python3.11/site-packages/airflow/example_dags/example_task_group.py for tasks to queue
[2025-05-31T21:24:06.037-0300] {logging_mixin.py:188} INFO - [2025-05-31T21:24:06.037-0300] {dagbag.py:538} INFO - Filling up the DagBag from /home/walterg/Documentos/Data_projects/Data-Warehouse-postgres-DBT-airflow-/.venv/lib/python3.11/site-packages/airflow/example_dags/example_task_group.py
[2025-05-31T21:24:06.043-0300] {processor.py:840} INFO - DAG(s) 'example_task_group' retrieved from /home/walterg/Documentos/Data_projects/Data-Warehouse-postgres-DBT-airflow-/.venv/lib/python3.11/site-packages/airflow/example_dags/example_task_group.py
[2025-05-31T21:24:06.056-0300] {logging_mixin.py:188} INFO - [2025-05-31T21:24:06.055-0300] {dag.py:3036} INFO - Sync 1 DAGs
[2025-05-31T21:24:06.172-0300] {logging_mixin.py:188} INFO - [2025-05-31T21:24:06.172-0300] {dag.py:3823} INFO - Setting next_dagrun for example_task_group to 2025-05-31 00:00:00+00:00, run_after=2025-06-01 00:00:00+00:00
[2025-05-31T21:24:06.188-0300] {processor.py:183} INFO - Processing /home/walterg/Documentos/Data_projects/Data-Warehouse-postgres-DBT-airflow-/.venv/lib/python3.11/site-packages/airflow/example_dags/example_task_group.py took 0.155 seconds
[2025-05-31T21:24:53.760-0300] {processor.py:161} INFO - Started process (PID=39841) to work on /home/walterg/Documentos/Data_projects/Data-Warehouse-postgres-DBT-airflow-/.venv/lib/python3.11/site-packages/airflow/example_dags/example_task_group.py
[2025-05-31T21:24:53.761-0300] {processor.py:830} INFO - Processing file /home/walterg/Documentos/Data_projects/Data-Warehouse-postgres-DBT-airflow-/.venv/lib/python3.11/site-packages/airflow/example_dags/example_task_group.py for tasks to queue
[2025-05-31T21:24:53.762-0300] {logging_mixin.py:188} INFO - [2025-05-31T21:24:53.761-0300] {dagbag.py:538} INFO - Filling up the DagBag from /home/walterg/Documentos/Data_projects/Data-Warehouse-postgres-DBT-airflow-/.venv/lib/python3.11/site-packages/airflow/example_dags/example_task_group.py
[2025-05-31T21:24:53.768-0300] {processor.py:840} INFO - DAG(s) 'example_task_group' retrieved from /home/walterg/Documentos/Data_projects/Data-Warehouse-postgres-DBT-airflow-/.venv/lib/python3.11/site-packages/airflow/example_dags/example_task_group.py
[2025-05-31T21:24:53.781-0300] {logging_mixin.py:188} INFO - [2025-05-31T21:24:53.781-0300] {dag.py:3036} INFO - Sync 1 DAGs
[2025-05-31T21:24:53.794-0300] {logging_mixin.py:188} INFO - [2025-05-31T21:24:53.794-0300] {dag.py:3823} INFO - Setting next_dagrun for example_task_group to 2025-05-31 00:00:00+00:00, run_after=2025-06-01 00:00:00+00:00
[2025-05-31T21:24:53.810-0300] {processor.py:183} INFO - Processing /home/walterg/Documentos/Data_projects/Data-Warehouse-postgres-DBT-airflow-/.venv/lib/python3.11/site-packages/airflow/example_dags/example_task_group.py took 0.053 seconds
[2025-05-31T21:25:40.124-0300] {processor.py:161} INFO - Started process (PID=40196) to work on /home/walterg/Documentos/Data_projects/Data-Warehouse-postgres-DBT-airflow-/.venv/lib/python3.11/site-packages/airflow/example_dags/example_task_group.py
[2025-05-31T21:25:40.129-0300] {processor.py:830} INFO - Processing file /home/walterg/Documentos/Data_projects/Data-Warehouse-postgres-DBT-airflow-/.venv/lib/python3.11/site-packages/airflow/example_dags/example_task_group.py for tasks to queue
[2025-05-31T21:25:40.130-0300] {logging_mixin.py:188} INFO - [2025-05-31T21:25:40.129-0300] {dagbag.py:538} INFO - Filling up the DagBag from /home/walterg/Documentos/Data_projects/Data-Warehouse-postgres-DBT-airflow-/.venv/lib/python3.11/site-packages/airflow/example_dags/example_task_group.py
[2025-05-31T21:25:40.136-0300] {processor.py:840} INFO - DAG(s) 'example_task_group' retrieved from /home/walterg/Documentos/Data_projects/Data-Warehouse-postgres-DBT-airflow-/.venv/lib/python3.11/site-packages/airflow/example_dags/example_task_group.py
[2025-05-31T21:25:40.149-0300] {logging_mixin.py:188} INFO - [2025-05-31T21:25:40.149-0300] {dag.py:3036} INFO - Sync 1 DAGs
[2025-05-31T21:25:40.164-0300] {logging_mixin.py:188} INFO - [2025-05-31T21:25:40.163-0300] {dag.py:3823} INFO - Setting next_dagrun for example_task_group to 2025-05-31 00:00:00+00:00, run_after=2025-06-01 00:00:00+00:00
[2025-05-31T21:25:40.180-0300] {processor.py:183} INFO - Processing /home/walterg/Documentos/Data_projects/Data-Warehouse-postgres-DBT-airflow-/.venv/lib/python3.11/site-packages/airflow/example_dags/example_task_group.py took 0.059 seconds
[2025-05-31T21:26:38.521-0300] {processor.py:161} INFO - Started process (PID=40589) to work on /home/walterg/Documentos/Data_projects/Data-Warehouse-postgres-DBT-airflow-/.venv/lib/python3.11/site-packages/airflow/example_dags/example_task_group.py
[2025-05-31T21:26:38.526-0300] {processor.py:830} INFO - Processing file /home/walterg/Documentos/Data_projects/Data-Warehouse-postgres-DBT-airflow-/.venv/lib/python3.11/site-packages/airflow/example_dags/example_task_group.py for tasks to queue
[2025-05-31T21:26:38.528-0300] {logging_mixin.py:188} INFO - [2025-05-31T21:26:38.527-0300] {dagbag.py:538} INFO - Filling up the DagBag from /home/walterg/Documentos/Data_projects/Data-Warehouse-postgres-DBT-airflow-/.venv/lib/python3.11/site-packages/airflow/example_dags/example_task_group.py
[2025-05-31T21:26:38.534-0300] {processor.py:840} INFO - DAG(s) 'example_task_group' retrieved from /home/walterg/Documentos/Data_projects/Data-Warehouse-postgres-DBT-airflow-/.venv/lib/python3.11/site-packages/airflow/example_dags/example_task_group.py
[2025-05-31T21:26:38.548-0300] {logging_mixin.py:188} INFO - [2025-05-31T21:26:38.548-0300] {dag.py:3036} INFO - Sync 1 DAGs
[2025-05-31T21:26:38.563-0300] {logging_mixin.py:188} INFO - [2025-05-31T21:26:38.563-0300] {dag.py:3823} INFO - Setting next_dagrun for example_task_group to 2025-05-31 00:00:00+00:00, run_after=2025-06-01 00:00:00+00:00
[2025-05-31T21:26:38.580-0300] {processor.py:183} INFO - Processing /home/walterg/Documentos/Data_projects/Data-Warehouse-postgres-DBT-airflow-/.venv/lib/python3.11/site-packages/airflow/example_dags/example_task_group.py took 0.062 seconds
[2025-05-31T21:27:20.469-0300] {processor.py:161} INFO - Started process (PID=40984) to work on /home/walterg/Documentos/Data_projects/Data-Warehouse-postgres-DBT-airflow-/.venv/lib/python3.11/site-packages/airflow/example_dags/example_task_group.py
[2025-05-31T21:27:20.474-0300] {processor.py:830} INFO - Processing file /home/walterg/Documentos/Data_projects/Data-Warehouse-postgres-DBT-airflow-/.venv/lib/python3.11/site-packages/airflow/example_dags/example_task_group.py for tasks to queue
[2025-05-31T21:27:20.476-0300] {logging_mixin.py:188} INFO - [2025-05-31T21:27:20.475-0300] {dagbag.py:538} INFO - Filling up the DagBag from /home/walterg/Documentos/Data_projects/Data-Warehouse-postgres-DBT-airflow-/.venv/lib/python3.11/site-packages/airflow/example_dags/example_task_group.py
[2025-05-31T21:27:20.483-0300] {processor.py:840} INFO - DAG(s) 'example_task_group' retrieved from /home/walterg/Documentos/Data_projects/Data-Warehouse-postgres-DBT-airflow-/.venv/lib/python3.11/site-packages/airflow/example_dags/example_task_group.py
[2025-05-31T21:27:20.497-0300] {logging_mixin.py:188} INFO - [2025-05-31T21:27:20.496-0300] {dag.py:3036} INFO - Sync 1 DAGs
[2025-05-31T21:27:20.513-0300] {logging_mixin.py:188} INFO - [2025-05-31T21:27:20.513-0300] {dag.py:3823} INFO - Setting next_dagrun for example_task_group to 2025-05-31 00:00:00+00:00, run_after=2025-06-01 00:00:00+00:00
[2025-05-31T21:27:20.532-0300] {processor.py:183} INFO - Processing /home/walterg/Documentos/Data_projects/Data-Warehouse-postgres-DBT-airflow-/.venv/lib/python3.11/site-packages/airflow/example_dags/example_task_group.py took 0.066 seconds
[2025-05-31T21:28:00.013-0300] {processor.py:161} INFO - Started process (PID=41246) to work on /home/walterg/Documentos/Data_projects/Data-Warehouse-postgres-DBT-airflow-/.venv/lib/python3.11/site-packages/airflow/example_dags/example_task_group.py
[2025-05-31T21:28:00.018-0300] {processor.py:830} INFO - Processing file /home/walterg/Documentos/Data_projects/Data-Warehouse-postgres-DBT-airflow-/.venv/lib/python3.11/site-packages/airflow/example_dags/example_task_group.py for tasks to queue
[2025-05-31T21:28:00.019-0300] {logging_mixin.py:188} INFO - [2025-05-31T21:28:00.019-0300] {dagbag.py:538} INFO - Filling up the DagBag from /home/walterg/Documentos/Data_projects/Data-Warehouse-postgres-DBT-airflow-/.venv/lib/python3.11/site-packages/airflow/example_dags/example_task_group.py
[2025-05-31T21:28:00.026-0300] {processor.py:840} INFO - DAG(s) 'example_task_group' retrieved from /home/walterg/Documentos/Data_projects/Data-Warehouse-postgres-DBT-airflow-/.venv/lib/python3.11/site-packages/airflow/example_dags/example_task_group.py
[2025-05-31T21:28:00.039-0300] {logging_mixin.py:188} INFO - [2025-05-31T21:28:00.039-0300] {dag.py:3036} INFO - Sync 1 DAGs
[2025-05-31T21:28:00.053-0300] {logging_mixin.py:188} INFO - [2025-05-31T21:28:00.052-0300] {dag.py:3823} INFO - Setting next_dagrun for example_task_group to 2025-05-31 00:00:00+00:00, run_after=2025-06-01 00:00:00+00:00
[2025-05-31T21:28:00.071-0300] {processor.py:183} INFO - Processing /home/walterg/Documentos/Data_projects/Data-Warehouse-postgres-DBT-airflow-/.venv/lib/python3.11/site-packages/airflow/example_dags/example_task_group.py took 0.060 seconds
[2025-05-31T21:28:43.366-0300] {processor.py:161} INFO - Started process (PID=41432) to work on /home/walterg/Documentos/Data_projects/Data-Warehouse-postgres-DBT-airflow-/.venv/lib/python3.11/site-packages/airflow/example_dags/example_task_group.py
[2025-05-31T21:28:43.372-0300] {processor.py:830} INFO - Processing file /home/walterg/Documentos/Data_projects/Data-Warehouse-postgres-DBT-airflow-/.venv/lib/python3.11/site-packages/airflow/example_dags/example_task_group.py for tasks to queue
[2025-05-31T21:28:43.373-0300] {logging_mixin.py:188} INFO - [2025-05-31T21:28:43.372-0300] {dagbag.py:538} INFO - Filling up the DagBag from /home/walterg/Documentos/Data_projects/Data-Warehouse-postgres-DBT-airflow-/.venv/lib/python3.11/site-packages/airflow/example_dags/example_task_group.py
[2025-05-31T21:28:43.380-0300] {processor.py:840} INFO - DAG(s) 'example_task_group' retrieved from /home/walterg/Documentos/Data_projects/Data-Warehouse-postgres-DBT-airflow-/.venv/lib/python3.11/site-packages/airflow/example_dags/example_task_group.py
[2025-05-31T21:28:43.392-0300] {logging_mixin.py:188} INFO - [2025-05-31T21:28:43.392-0300] {dag.py:3036} INFO - Sync 1 DAGs
[2025-05-31T21:28:43.405-0300] {logging_mixin.py:188} INFO - [2025-05-31T21:28:43.405-0300] {dag.py:3823} INFO - Setting next_dagrun for example_task_group to 2025-05-31 00:00:00+00:00, run_after=2025-06-01 00:00:00+00:00
[2025-05-31T21:28:43.421-0300] {processor.py:183} INFO - Processing /home/walterg/Documentos/Data_projects/Data-Warehouse-postgres-DBT-airflow-/.venv/lib/python3.11/site-packages/airflow/example_dags/example_task_group.py took 0.057 seconds
[2025-05-31T21:29:23.855-0300] {processor.py:161} INFO - Started process (PID=41646) to work on /home/walterg/Documentos/Data_projects/Data-Warehouse-postgres-DBT-airflow-/.venv/lib/python3.11/site-packages/airflow/example_dags/example_task_group.py
[2025-05-31T21:29:23.859-0300] {processor.py:830} INFO - Processing file /home/walterg/Documentos/Data_projects/Data-Warehouse-postgres-DBT-airflow-/.venv/lib/python3.11/site-packages/airflow/example_dags/example_task_group.py for tasks to queue
[2025-05-31T21:29:23.860-0300] {logging_mixin.py:188} INFO - [2025-05-31T21:29:23.860-0300] {dagbag.py:538} INFO - Filling up the DagBag from /home/walterg/Documentos/Data_projects/Data-Warehouse-postgres-DBT-airflow-/.venv/lib/python3.11/site-packages/airflow/example_dags/example_task_group.py
[2025-05-31T21:29:23.867-0300] {processor.py:840} INFO - DAG(s) 'example_task_group' retrieved from /home/walterg/Documentos/Data_projects/Data-Warehouse-postgres-DBT-airflow-/.venv/lib/python3.11/site-packages/airflow/example_dags/example_task_group.py
[2025-05-31T21:29:23.880-0300] {logging_mixin.py:188} INFO - [2025-05-31T21:29:23.880-0300] {dag.py:3036} INFO - Sync 1 DAGs
[2025-05-31T21:29:23.894-0300] {logging_mixin.py:188} INFO - [2025-05-31T21:29:23.894-0300] {dag.py:3823} INFO - Setting next_dagrun for example_task_group to 2025-05-31 00:00:00+00:00, run_after=2025-06-01 00:00:00+00:00
[2025-05-31T21:29:23.911-0300] {processor.py:183} INFO - Processing /home/walterg/Documentos/Data_projects/Data-Warehouse-postgres-DBT-airflow-/.venv/lib/python3.11/site-packages/airflow/example_dags/example_task_group.py took 0.059 seconds
[2025-05-31T21:30:22.012-0300] {processor.py:161} INFO - Started process (PID=41865) to work on /home/walterg/Documentos/Data_projects/Data-Warehouse-postgres-DBT-airflow-/.venv/lib/python3.11/site-packages/airflow/example_dags/example_task_group.py
[2025-05-31T21:30:22.017-0300] {processor.py:830} INFO - Processing file /home/walterg/Documentos/Data_projects/Data-Warehouse-postgres-DBT-airflow-/.venv/lib/python3.11/site-packages/airflow/example_dags/example_task_group.py for tasks to queue
[2025-05-31T21:30:22.017-0300] {logging_mixin.py:188} INFO - [2025-05-31T21:30:22.017-0300] {dagbag.py:538} INFO - Filling up the DagBag from /home/walterg/Documentos/Data_projects/Data-Warehouse-postgres-DBT-airflow-/.venv/lib/python3.11/site-packages/airflow/example_dags/example_task_group.py
[2025-05-31T21:30:22.024-0300] {processor.py:840} INFO - DAG(s) 'example_task_group' retrieved from /home/walterg/Documentos/Data_projects/Data-Warehouse-postgres-DBT-airflow-/.venv/lib/python3.11/site-packages/airflow/example_dags/example_task_group.py
[2025-05-31T21:30:22.036-0300] {logging_mixin.py:188} INFO - [2025-05-31T21:30:22.036-0300] {dag.py:3036} INFO - Sync 1 DAGs
[2025-05-31T21:30:22.049-0300] {logging_mixin.py:188} INFO - [2025-05-31T21:30:22.048-0300] {dag.py:3823} INFO - Setting next_dagrun for example_task_group to 2025-05-31 00:00:00+00:00, run_after=2025-06-01 00:00:00+00:00
[2025-05-31T21:30:22.066-0300] {processor.py:183} INFO - Processing /home/walterg/Documentos/Data_projects/Data-Warehouse-postgres-DBT-airflow-/.venv/lib/python3.11/site-packages/airflow/example_dags/example_task_group.py took 0.057 seconds
[2025-05-31T21:31:00.419-0300] {processor.py:161} INFO - Started process (PID=41995) to work on /home/walterg/Documentos/Data_projects/Data-Warehouse-postgres-DBT-airflow-/.venv/lib/python3.11/site-packages/airflow/example_dags/example_task_group.py
[2025-05-31T21:31:00.424-0300] {processor.py:830} INFO - Processing file /home/walterg/Documentos/Data_projects/Data-Warehouse-postgres-DBT-airflow-/.venv/lib/python3.11/site-packages/airflow/example_dags/example_task_group.py for tasks to queue
[2025-05-31T21:31:00.425-0300] {logging_mixin.py:188} INFO - [2025-05-31T21:31:00.425-0300] {dagbag.py:538} INFO - Filling up the DagBag from /home/walterg/Documentos/Data_projects/Data-Warehouse-postgres-DBT-airflow-/.venv/lib/python3.11/site-packages/airflow/example_dags/example_task_group.py
[2025-05-31T21:31:00.432-0300] {processor.py:840} INFO - DAG(s) 'example_task_group' retrieved from /home/walterg/Documentos/Data_projects/Data-Warehouse-postgres-DBT-airflow-/.venv/lib/python3.11/site-packages/airflow/example_dags/example_task_group.py
[2025-05-31T21:31:00.444-0300] {logging_mixin.py:188} INFO - [2025-05-31T21:31:00.444-0300] {dag.py:3036} INFO - Sync 1 DAGs
[2025-05-31T21:31:00.457-0300] {logging_mixin.py:188} INFO - [2025-05-31T21:31:00.457-0300] {dag.py:3823} INFO - Setting next_dagrun for example_task_group to 2025-05-31 00:00:00+00:00, run_after=2025-06-01 00:00:00+00:00
[2025-05-31T21:31:00.473-0300] {processor.py:183} INFO - Processing /home/walterg/Documentos/Data_projects/Data-Warehouse-postgres-DBT-airflow-/.venv/lib/python3.11/site-packages/airflow/example_dags/example_task_group.py took 0.057 seconds
[2025-05-31T21:31:41.177-0300] {processor.py:161} INFO - Started process (PID=42169) to work on /home/walterg/Documentos/Data_projects/Data-Warehouse-postgres-DBT-airflow-/.venv/lib/python3.11/site-packages/airflow/example_dags/example_task_group.py
[2025-05-31T21:31:41.181-0300] {processor.py:830} INFO - Processing file /home/walterg/Documentos/Data_projects/Data-Warehouse-postgres-DBT-airflow-/.venv/lib/python3.11/site-packages/airflow/example_dags/example_task_group.py for tasks to queue
[2025-05-31T21:31:41.182-0300] {logging_mixin.py:188} INFO - [2025-05-31T21:31:41.182-0300] {dagbag.py:538} INFO - Filling up the DagBag from /home/walterg/Documentos/Data_projects/Data-Warehouse-postgres-DBT-airflow-/.venv/lib/python3.11/site-packages/airflow/example_dags/example_task_group.py
[2025-05-31T21:31:41.188-0300] {processor.py:840} INFO - DAG(s) 'example_task_group' retrieved from /home/walterg/Documentos/Data_projects/Data-Warehouse-postgres-DBT-airflow-/.venv/lib/python3.11/site-packages/airflow/example_dags/example_task_group.py
[2025-05-31T21:31:41.201-0300] {logging_mixin.py:188} INFO - [2025-05-31T21:31:41.201-0300] {dag.py:3036} INFO - Sync 1 DAGs
[2025-05-31T21:31:41.214-0300] {logging_mixin.py:188} INFO - [2025-05-31T21:31:41.214-0300] {dag.py:3823} INFO - Setting next_dagrun for example_task_group to 2025-05-31 00:00:00+00:00, run_after=2025-06-01 00:00:00+00:00
[2025-05-31T21:31:41.231-0300] {processor.py:183} INFO - Processing /home/walterg/Documentos/Data_projects/Data-Warehouse-postgres-DBT-airflow-/.venv/lib/python3.11/site-packages/airflow/example_dags/example_task_group.py took 0.057 seconds
[2025-05-31T21:32:41.779-0300] {processor.py:161} INFO - Started process (PID=42554) to work on /home/walterg/Documentos/Data_projects/Data-Warehouse-postgres-DBT-airflow-/.venv/lib/python3.11/site-packages/airflow/example_dags/example_task_group.py
[2025-05-31T21:32:41.780-0300] {processor.py:830} INFO - Processing file /home/walterg/Documentos/Data_projects/Data-Warehouse-postgres-DBT-airflow-/.venv/lib/python3.11/site-packages/airflow/example_dags/example_task_group.py for tasks to queue
[2025-05-31T21:32:41.781-0300] {logging_mixin.py:188} INFO - [2025-05-31T21:32:41.780-0300] {dagbag.py:538} INFO - Filling up the DagBag from /home/walterg/Documentos/Data_projects/Data-Warehouse-postgres-DBT-airflow-/.venv/lib/python3.11/site-packages/airflow/example_dags/example_task_group.py
[2025-05-31T21:32:41.787-0300] {processor.py:840} INFO - DAG(s) 'example_task_group' retrieved from /home/walterg/Documentos/Data_projects/Data-Warehouse-postgres-DBT-airflow-/.venv/lib/python3.11/site-packages/airflow/example_dags/example_task_group.py
[2025-05-31T21:32:41.800-0300] {logging_mixin.py:188} INFO - [2025-05-31T21:32:41.800-0300] {dag.py:3036} INFO - Sync 1 DAGs
[2025-05-31T21:32:41.813-0300] {logging_mixin.py:188} INFO - [2025-05-31T21:32:41.812-0300] {dag.py:3823} INFO - Setting next_dagrun for example_task_group to 2025-05-31 00:00:00+00:00, run_after=2025-06-01 00:00:00+00:00
[2025-05-31T21:32:41.828-0300] {processor.py:183} INFO - Processing /home/walterg/Documentos/Data_projects/Data-Warehouse-postgres-DBT-airflow-/.venv/lib/python3.11/site-packages/airflow/example_dags/example_task_group.py took 0.052 seconds
[2025-05-31T21:33:26.879-0300] {processor.py:161} INFO - Started process (PID=42879) to work on /home/walterg/Documentos/Data_projects/Data-Warehouse-postgres-DBT-airflow-/.venv/lib/python3.11/site-packages/airflow/example_dags/example_task_group.py
[2025-05-31T21:33:26.881-0300] {processor.py:830} INFO - Processing file /home/walterg/Documentos/Data_projects/Data-Warehouse-postgres-DBT-airflow-/.venv/lib/python3.11/site-packages/airflow/example_dags/example_task_group.py for tasks to queue
[2025-05-31T21:33:26.881-0300] {logging_mixin.py:188} INFO - [2025-05-31T21:33:26.881-0300] {dagbag.py:538} INFO - Filling up the DagBag from /home/walterg/Documentos/Data_projects/Data-Warehouse-postgres-DBT-airflow-/.venv/lib/python3.11/site-packages/airflow/example_dags/example_task_group.py
[2025-05-31T21:33:26.888-0300] {processor.py:840} INFO - DAG(s) 'example_task_group' retrieved from /home/walterg/Documentos/Data_projects/Data-Warehouse-postgres-DBT-airflow-/.venv/lib/python3.11/site-packages/airflow/example_dags/example_task_group.py
[2025-05-31T21:33:26.901-0300] {logging_mixin.py:188} INFO - [2025-05-31T21:33:26.901-0300] {dag.py:3036} INFO - Sync 1 DAGs
[2025-05-31T21:33:26.914-0300] {logging_mixin.py:188} INFO - [2025-05-31T21:33:26.914-0300] {dag.py:3823} INFO - Setting next_dagrun for example_task_group to 2025-05-31 00:00:00+00:00, run_after=2025-06-01 00:00:00+00:00
[2025-05-31T21:33:26.931-0300] {processor.py:183} INFO - Processing /home/walterg/Documentos/Data_projects/Data-Warehouse-postgres-DBT-airflow-/.venv/lib/python3.11/site-packages/airflow/example_dags/example_task_group.py took 0.054 seconds
[2025-05-31T21:34:06.381-0300] {processor.py:161} INFO - Started process (PID=42939) to work on /home/walterg/Documentos/Data_projects/Data-Warehouse-postgres-DBT-airflow-/.venv/lib/python3.11/site-packages/airflow/example_dags/example_task_group.py
[2025-05-31T21:34:06.387-0300] {processor.py:830} INFO - Processing file /home/walterg/Documentos/Data_projects/Data-Warehouse-postgres-DBT-airflow-/.venv/lib/python3.11/site-packages/airflow/example_dags/example_task_group.py for tasks to queue
[2025-05-31T21:34:06.388-0300] {logging_mixin.py:188} INFO - [2025-05-31T21:34:06.387-0300] {dagbag.py:538} INFO - Filling up the DagBag from /home/walterg/Documentos/Data_projects/Data-Warehouse-postgres-DBT-airflow-/.venv/lib/python3.11/site-packages/airflow/example_dags/example_task_group.py
[2025-05-31T21:34:06.394-0300] {processor.py:840} INFO - DAG(s) 'example_task_group' retrieved from /home/walterg/Documentos/Data_projects/Data-Warehouse-postgres-DBT-airflow-/.venv/lib/python3.11/site-packages/airflow/example_dags/example_task_group.py
[2025-05-31T21:34:06.407-0300] {logging_mixin.py:188} INFO - [2025-05-31T21:34:06.407-0300] {dag.py:3036} INFO - Sync 1 DAGs
[2025-05-31T21:34:06.420-0300] {logging_mixin.py:188} INFO - [2025-05-31T21:34:06.420-0300] {dag.py:3823} INFO - Setting next_dagrun for example_task_group to 2025-05-31 00:00:00+00:00, run_after=2025-06-01 00:00:00+00:00
[2025-05-31T21:34:06.436-0300] {processor.py:183} INFO - Processing /home/walterg/Documentos/Data_projects/Data-Warehouse-postgres-DBT-airflow-/.venv/lib/python3.11/site-packages/airflow/example_dags/example_task_group.py took 0.058 seconds
