[2025-05-31T21:00:26.543-0300] {processor.py:161} INFO - Started process (PID=32662) to work on /home/walterg/Documentos/Data_projects/Data-Warehouse-postgres-DBT-airflow-/.venv/lib/python3.11/site-packages/airflow/example_dags/example_xcomargs.py
[2025-05-31T21:00:26.543-0300] {processor.py:830} INFO - Processing file /home/walterg/Documentos/Data_projects/Data-Warehouse-postgres-DBT-airflow-/.venv/lib/python3.11/site-packages/airflow/example_dags/example_xcomargs.py for tasks to queue
[2025-05-31T21:00:26.544-0300] {logging_mixin.py:188} INFO - [2025-05-31T21:00:26.544-0300] {dagbag.py:538} INFO - Filling up the DagBag from /home/walterg/Documentos/Data_projects/Data-Warehouse-postgres-DBT-airflow-/.venv/lib/python3.11/site-packages/airflow/example_dags/example_xcomargs.py
[2025-05-31T21:00:26.552-0300] {processor.py:840} INFO - DAG(s) 'example_xcom_args_with_operators', 'example_xcom_args' retrieved from /home/walterg/Documentos/Data_projects/Data-Warehouse-postgres-DBT-airflow-/.venv/lib/python3.11/site-packages/airflow/example_dags/example_xcomargs.py
[2025-05-31T21:00:26.568-0300] {logging_mixin.py:188} INFO - [2025-05-31T21:00:26.568-0300] {dag.py:3036} INFO - Sync 2 DAGs
[2025-05-31T21:00:26.575-0300] {logging_mixin.py:188} INFO - [2025-05-31T21:00:26.575-0300] {dag.py:3823} INFO - Setting next_dagrun for example_xcom_args to None, run_after=None
[2025-05-31T21:00:26.578-0300] {logging_mixin.py:188} INFO - [2025-05-31T21:00:26.577-0300] {dag.py:3823} INFO - Setting next_dagrun for example_xcom_args_with_operators to None, run_after=None
[2025-05-31T21:00:26.601-0300] {processor.py:183} INFO - Processing /home/walterg/Documentos/Data_projects/Data-Warehouse-postgres-DBT-airflow-/.venv/lib/python3.11/site-packages/airflow/example_dags/example_xcomargs.py took 0.061 seconds
[2025-05-31T21:01:11.510-0300] {processor.py:161} INFO - Started process (PID=32894) to work on /home/walterg/Documentos/Data_projects/Data-Warehouse-postgres-DBT-airflow-/.venv/lib/python3.11/site-packages/airflow/example_dags/example_xcomargs.py
[2025-05-31T21:01:11.514-0300] {processor.py:830} INFO - Processing file /home/walterg/Documentos/Data_projects/Data-Warehouse-postgres-DBT-airflow-/.venv/lib/python3.11/site-packages/airflow/example_dags/example_xcomargs.py for tasks to queue
[2025-05-31T21:01:11.515-0300] {logging_mixin.py:188} INFO - [2025-05-31T21:01:11.515-0300] {dagbag.py:538} INFO - Filling up the DagBag from /home/walterg/Documentos/Data_projects/Data-Warehouse-postgres-DBT-airflow-/.venv/lib/python3.11/site-packages/airflow/example_dags/example_xcomargs.py
[2025-05-31T21:01:11.523-0300] {processor.py:840} INFO - DAG(s) 'example_xcom_args', 'example_xcom_args_with_operators' retrieved from /home/walterg/Documentos/Data_projects/Data-Warehouse-postgres-DBT-airflow-/.venv/lib/python3.11/site-packages/airflow/example_dags/example_xcomargs.py
[2025-05-31T21:01:11.537-0300] {logging_mixin.py:188} INFO - [2025-05-31T21:01:11.536-0300] {dag.py:3036} INFO - Sync 2 DAGs
[2025-05-31T21:01:11.544-0300] {logging_mixin.py:188} INFO - [2025-05-31T21:01:11.544-0300] {dag.py:3823} INFO - Setting next_dagrun for example_xcom_args to None, run_after=None
[2025-05-31T21:01:11.547-0300] {logging_mixin.py:188} INFO - [2025-05-31T21:01:11.547-0300] {dag.py:3823} INFO - Setting next_dagrun for example_xcom_args_with_operators to None, run_after=None
[2025-05-31T21:01:11.561-0300] {processor.py:183} INFO - Processing /home/walterg/Documentos/Data_projects/Data-Warehouse-postgres-DBT-airflow-/.venv/lib/python3.11/site-packages/airflow/example_dags/example_xcomargs.py took 0.054 seconds
[2025-05-31T21:01:52.990-0300] {processor.py:161} INFO - Started process (PID=33087) to work on /home/walterg/Documentos/Data_projects/Data-Warehouse-postgres-DBT-airflow-/.venv/lib/python3.11/site-packages/airflow/example_dags/example_xcomargs.py
[2025-05-31T21:01:52.991-0300] {processor.py:830} INFO - Processing file /home/walterg/Documentos/Data_projects/Data-Warehouse-postgres-DBT-airflow-/.venv/lib/python3.11/site-packages/airflow/example_dags/example_xcomargs.py for tasks to queue
[2025-05-31T21:01:52.992-0300] {logging_mixin.py:188} INFO - [2025-05-31T21:01:52.991-0300] {dagbag.py:538} INFO - Filling up the DagBag from /home/walterg/Documentos/Data_projects/Data-Warehouse-postgres-DBT-airflow-/.venv/lib/python3.11/site-packages/airflow/example_dags/example_xcomargs.py
[2025-05-31T21:01:52.998-0300] {processor.py:840} INFO - DAG(s) 'example_xcom_args', 'example_xcom_args_with_operators' retrieved from /home/walterg/Documentos/Data_projects/Data-Warehouse-postgres-DBT-airflow-/.venv/lib/python3.11/site-packages/airflow/example_dags/example_xcomargs.py
[2025-05-31T21:01:53.012-0300] {logging_mixin.py:188} INFO - [2025-05-31T21:01:53.012-0300] {dag.py:3036} INFO - Sync 2 DAGs
[2025-05-31T21:01:53.020-0300] {logging_mixin.py:188} INFO - [2025-05-31T21:01:53.019-0300] {dag.py:3823} INFO - Setting next_dagrun for example_xcom_args to None, run_after=None
[2025-05-31T21:01:53.022-0300] {logging_mixin.py:188} INFO - [2025-05-31T21:01:53.022-0300] {dag.py:3823} INFO - Setting next_dagrun for example_xcom_args_with_operators to None, run_after=None
[2025-05-31T21:01:53.038-0300] {processor.py:183} INFO - Processing /home/walterg/Documentos/Data_projects/Data-Warehouse-postgres-DBT-airflow-/.venv/lib/python3.11/site-packages/airflow/example_dags/example_xcomargs.py took 0.050 seconds
[2025-05-31T21:02:37.196-0300] {processor.py:161} INFO - Started process (PID=33370) to work on /home/walterg/Documentos/Data_projects/Data-Warehouse-postgres-DBT-airflow-/.venv/lib/python3.11/site-packages/airflow/example_dags/example_xcomargs.py
[2025-05-31T21:02:37.201-0300] {processor.py:830} INFO - Processing file /home/walterg/Documentos/Data_projects/Data-Warehouse-postgres-DBT-airflow-/.venv/lib/python3.11/site-packages/airflow/example_dags/example_xcomargs.py for tasks to queue
[2025-05-31T21:02:37.202-0300] {logging_mixin.py:188} INFO - [2025-05-31T21:02:37.202-0300] {dagbag.py:538} INFO - Filling up the DagBag from /home/walterg/Documentos/Data_projects/Data-Warehouse-postgres-DBT-airflow-/.venv/lib/python3.11/site-packages/airflow/example_dags/example_xcomargs.py
[2025-05-31T21:02:37.209-0300] {processor.py:840} INFO - DAG(s) 'example_xcom_args', 'example_xcom_args_with_operators' retrieved from /home/walterg/Documentos/Data_projects/Data-Warehouse-postgres-DBT-airflow-/.venv/lib/python3.11/site-packages/airflow/example_dags/example_xcomargs.py
[2025-05-31T21:02:37.223-0300] {logging_mixin.py:188} INFO - [2025-05-31T21:02:37.223-0300] {dag.py:3036} INFO - Sync 2 DAGs
[2025-05-31T21:02:37.230-0300] {logging_mixin.py:188} INFO - [2025-05-31T21:02:37.230-0300] {dag.py:3823} INFO - Setting next_dagrun for example_xcom_args to None, run_after=None
[2025-05-31T21:02:37.233-0300] {logging_mixin.py:188} INFO - [2025-05-31T21:02:37.232-0300] {dag.py:3823} INFO - Setting next_dagrun for example_xcom_args_with_operators to None, run_after=None
[2025-05-31T21:02:37.247-0300] {processor.py:183} INFO - Processing /home/walterg/Documentos/Data_projects/Data-Warehouse-postgres-DBT-airflow-/.venv/lib/python3.11/site-packages/airflow/example_dags/example_xcomargs.py took 0.054 seconds
[2025-05-31T21:03:21.971-0300] {processor.py:161} INFO - Started process (PID=33623) to work on /home/walterg/Documentos/Data_projects/Data-Warehouse-postgres-DBT-airflow-/.venv/lib/python3.11/site-packages/airflow/example_dags/example_xcomargs.py
[2025-05-31T21:03:21.972-0300] {processor.py:830} INFO - Processing file /home/walterg/Documentos/Data_projects/Data-Warehouse-postgres-DBT-airflow-/.venv/lib/python3.11/site-packages/airflow/example_dags/example_xcomargs.py for tasks to queue
[2025-05-31T21:03:21.972-0300] {logging_mixin.py:188} INFO - [2025-05-31T21:03:21.972-0300] {dagbag.py:538} INFO - Filling up the DagBag from /home/walterg/Documentos/Data_projects/Data-Warehouse-postgres-DBT-airflow-/.venv/lib/python3.11/site-packages/airflow/example_dags/example_xcomargs.py
[2025-05-31T21:03:21.979-0300] {processor.py:840} INFO - DAG(s) 'example_xcom_args', 'example_xcom_args_with_operators' retrieved from /home/walterg/Documentos/Data_projects/Data-Warehouse-postgres-DBT-airflow-/.venv/lib/python3.11/site-packages/airflow/example_dags/example_xcomargs.py
[2025-05-31T21:03:21.994-0300] {logging_mixin.py:188} INFO - [2025-05-31T21:03:21.994-0300] {dag.py:3036} INFO - Sync 2 DAGs
[2025-05-31T21:03:22.003-0300] {logging_mixin.py:188} INFO - [2025-05-31T21:03:22.003-0300] {dag.py:3823} INFO - Setting next_dagrun for example_xcom_args to None, run_after=None
[2025-05-31T21:03:22.006-0300] {logging_mixin.py:188} INFO - [2025-05-31T21:03:22.005-0300] {dag.py:3823} INFO - Setting next_dagrun for example_xcom_args_with_operators to None, run_after=None
[2025-05-31T21:03:22.022-0300] {processor.py:183} INFO - Processing /home/walterg/Documentos/Data_projects/Data-Warehouse-postgres-DBT-airflow-/.venv/lib/python3.11/site-packages/airflow/example_dags/example_xcomargs.py took 0.054 seconds
[2025-05-31T21:04:01.246-0300] {processor.py:161} INFO - Started process (PID=33709) to work on /home/walterg/Documentos/Data_projects/Data-Warehouse-postgres-DBT-airflow-/.venv/lib/python3.11/site-packages/airflow/example_dags/example_xcomargs.py
[2025-05-31T21:04:01.251-0300] {processor.py:830} INFO - Processing file /home/walterg/Documentos/Data_projects/Data-Warehouse-postgres-DBT-airflow-/.venv/lib/python3.11/site-packages/airflow/example_dags/example_xcomargs.py for tasks to queue
[2025-05-31T21:04:01.253-0300] {logging_mixin.py:188} INFO - [2025-05-31T21:04:01.252-0300] {dagbag.py:538} INFO - Filling up the DagBag from /home/walterg/Documentos/Data_projects/Data-Warehouse-postgres-DBT-airflow-/.venv/lib/python3.11/site-packages/airflow/example_dags/example_xcomargs.py
[2025-05-31T21:04:01.260-0300] {processor.py:840} INFO - DAG(s) 'example_xcom_args_with_operators', 'example_xcom_args' retrieved from /home/walterg/Documentos/Data_projects/Data-Warehouse-postgres-DBT-airflow-/.venv/lib/python3.11/site-packages/airflow/example_dags/example_xcomargs.py
[2025-05-31T21:04:01.273-0300] {logging_mixin.py:188} INFO - [2025-05-31T21:04:01.273-0300] {dag.py:3036} INFO - Sync 2 DAGs
[2025-05-31T21:04:01.281-0300] {logging_mixin.py:188} INFO - [2025-05-31T21:04:01.281-0300] {dag.py:3823} INFO - Setting next_dagrun for example_xcom_args to None, run_after=None
[2025-05-31T21:04:01.283-0300] {logging_mixin.py:188} INFO - [2025-05-31T21:04:01.283-0300] {dag.py:3823} INFO - Setting next_dagrun for example_xcom_args_with_operators to None, run_after=None
[2025-05-31T21:04:01.299-0300] {processor.py:183} INFO - Processing /home/walterg/Documentos/Data_projects/Data-Warehouse-postgres-DBT-airflow-/.venv/lib/python3.11/site-packages/airflow/example_dags/example_xcomargs.py took 0.055 seconds
[2025-05-31T21:04:45.187-0300] {processor.py:161} INFO - Started process (PID=33942) to work on /home/walterg/Documentos/Data_projects/Data-Warehouse-postgres-DBT-airflow-/.venv/lib/python3.11/site-packages/airflow/example_dags/example_xcomargs.py
[2025-05-31T21:04:45.192-0300] {processor.py:830} INFO - Processing file /home/walterg/Documentos/Data_projects/Data-Warehouse-postgres-DBT-airflow-/.venv/lib/python3.11/site-packages/airflow/example_dags/example_xcomargs.py for tasks to queue
[2025-05-31T21:04:45.193-0300] {logging_mixin.py:188} INFO - [2025-05-31T21:04:45.193-0300] {dagbag.py:538} INFO - Filling up the DagBag from /home/walterg/Documentos/Data_projects/Data-Warehouse-postgres-DBT-airflow-/.venv/lib/python3.11/site-packages/airflow/example_dags/example_xcomargs.py
[2025-05-31T21:04:45.200-0300] {processor.py:840} INFO - DAG(s) 'example_xcom_args', 'example_xcom_args_with_operators' retrieved from /home/walterg/Documentos/Data_projects/Data-Warehouse-postgres-DBT-airflow-/.venv/lib/python3.11/site-packages/airflow/example_dags/example_xcomargs.py
[2025-05-31T21:04:45.215-0300] {logging_mixin.py:188} INFO - [2025-05-31T21:04:45.214-0300] {dag.py:3036} INFO - Sync 2 DAGs
[2025-05-31T21:04:45.223-0300] {logging_mixin.py:188} INFO - [2025-05-31T21:04:45.222-0300] {dag.py:3823} INFO - Setting next_dagrun for example_xcom_args to None, run_after=None
[2025-05-31T21:04:45.225-0300] {logging_mixin.py:188} INFO - [2025-05-31T21:04:45.225-0300] {dag.py:3823} INFO - Setting next_dagrun for example_xcom_args_with_operators to None, run_after=None
[2025-05-31T21:04:45.240-0300] {processor.py:183} INFO - Processing /home/walterg/Documentos/Data_projects/Data-Warehouse-postgres-DBT-airflow-/.venv/lib/python3.11/site-packages/airflow/example_dags/example_xcomargs.py took 0.056 seconds
[2025-05-31T21:05:29.379-0300] {processor.py:161} INFO - Started process (PID=34196) to work on /home/walterg/Documentos/Data_projects/Data-Warehouse-postgres-DBT-airflow-/.venv/lib/python3.11/site-packages/airflow/example_dags/example_xcomargs.py
[2025-05-31T21:05:29.385-0300] {processor.py:830} INFO - Processing file /home/walterg/Documentos/Data_projects/Data-Warehouse-postgres-DBT-airflow-/.venv/lib/python3.11/site-packages/airflow/example_dags/example_xcomargs.py for tasks to queue
[2025-05-31T21:05:29.386-0300] {logging_mixin.py:188} INFO - [2025-05-31T21:05:29.386-0300] {dagbag.py:538} INFO - Filling up the DagBag from /home/walterg/Documentos/Data_projects/Data-Warehouse-postgres-DBT-airflow-/.venv/lib/python3.11/site-packages/airflow/example_dags/example_xcomargs.py
[2025-05-31T21:05:29.396-0300] {processor.py:840} INFO - DAG(s) 'example_xcom_args_with_operators', 'example_xcom_args' retrieved from /home/walterg/Documentos/Data_projects/Data-Warehouse-postgres-DBT-airflow-/.venv/lib/python3.11/site-packages/airflow/example_dags/example_xcomargs.py
[2025-05-31T21:05:29.414-0300] {logging_mixin.py:188} INFO - [2025-05-31T21:05:29.414-0300] {dag.py:3036} INFO - Sync 2 DAGs
[2025-05-31T21:05:29.425-0300] {logging_mixin.py:188} INFO - [2025-05-31T21:05:29.425-0300] {dag.py:3823} INFO - Setting next_dagrun for example_xcom_args to None, run_after=None
[2025-05-31T21:05:29.427-0300] {logging_mixin.py:188} INFO - [2025-05-31T21:05:29.427-0300] {dag.py:3823} INFO - Setting next_dagrun for example_xcom_args_with_operators to None, run_after=None
[2025-05-31T21:05:29.442-0300] {processor.py:183} INFO - Processing /home/walterg/Documentos/Data_projects/Data-Warehouse-postgres-DBT-airflow-/.venv/lib/python3.11/site-packages/airflow/example_dags/example_xcomargs.py took 0.066 seconds
[2025-05-31T21:06:12.929-0300] {processor.py:161} INFO - Started process (PID=34479) to work on /home/walterg/Documentos/Data_projects/Data-Warehouse-postgres-DBT-airflow-/.venv/lib/python3.11/site-packages/airflow/example_dags/example_xcomargs.py
[2025-05-31T21:06:12.934-0300] {processor.py:830} INFO - Processing file /home/walterg/Documentos/Data_projects/Data-Warehouse-postgres-DBT-airflow-/.venv/lib/python3.11/site-packages/airflow/example_dags/example_xcomargs.py for tasks to queue
[2025-05-31T21:06:12.935-0300] {logging_mixin.py:188} INFO - [2025-05-31T21:06:12.935-0300] {dagbag.py:538} INFO - Filling up the DagBag from /home/walterg/Documentos/Data_projects/Data-Warehouse-postgres-DBT-airflow-/.venv/lib/python3.11/site-packages/airflow/example_dags/example_xcomargs.py
[2025-05-31T21:06:12.942-0300] {processor.py:840} INFO - DAG(s) 'example_xcom_args_with_operators', 'example_xcom_args' retrieved from /home/walterg/Documentos/Data_projects/Data-Warehouse-postgres-DBT-airflow-/.venv/lib/python3.11/site-packages/airflow/example_dags/example_xcomargs.py
[2025-05-31T21:06:12.957-0300] {logging_mixin.py:188} INFO - [2025-05-31T21:06:12.957-0300] {dag.py:3036} INFO - Sync 2 DAGs
[2025-05-31T21:06:12.965-0300] {logging_mixin.py:188} INFO - [2025-05-31T21:06:12.965-0300] {dag.py:3823} INFO - Setting next_dagrun for example_xcom_args to None, run_after=None
[2025-05-31T21:06:12.968-0300] {logging_mixin.py:188} INFO - [2025-05-31T21:06:12.968-0300] {dag.py:3823} INFO - Setting next_dagrun for example_xcom_args_with_operators to None, run_after=None
[2025-05-31T21:06:12.983-0300] {processor.py:183} INFO - Processing /home/walterg/Documentos/Data_projects/Data-Warehouse-postgres-DBT-airflow-/.venv/lib/python3.11/site-packages/airflow/example_dags/example_xcomargs.py took 0.057 seconds
[2025-05-31T21:06:58.171-0300] {processor.py:161} INFO - Started process (PID=34608) to work on /home/walterg/Documentos/Data_projects/Data-Warehouse-postgres-DBT-airflow-/.venv/lib/python3.11/site-packages/airflow/example_dags/example_xcomargs.py
[2025-05-31T21:06:58.177-0300] {processor.py:830} INFO - Processing file /home/walterg/Documentos/Data_projects/Data-Warehouse-postgres-DBT-airflow-/.venv/lib/python3.11/site-packages/airflow/example_dags/example_xcomargs.py for tasks to queue
[2025-05-31T21:06:58.178-0300] {logging_mixin.py:188} INFO - [2025-05-31T21:06:58.178-0300] {dagbag.py:538} INFO - Filling up the DagBag from /home/walterg/Documentos/Data_projects/Data-Warehouse-postgres-DBT-airflow-/.venv/lib/python3.11/site-packages/airflow/example_dags/example_xcomargs.py
[2025-05-31T21:06:58.185-0300] {processor.py:840} INFO - DAG(s) 'example_xcom_args_with_operators', 'example_xcom_args' retrieved from /home/walterg/Documentos/Data_projects/Data-Warehouse-postgres-DBT-airflow-/.venv/lib/python3.11/site-packages/airflow/example_dags/example_xcomargs.py
[2025-05-31T21:06:58.199-0300] {logging_mixin.py:188} INFO - [2025-05-31T21:06:58.198-0300] {dag.py:3036} INFO - Sync 2 DAGs
[2025-05-31T21:06:58.206-0300] {logging_mixin.py:188} INFO - [2025-05-31T21:06:58.206-0300] {dag.py:3823} INFO - Setting next_dagrun for example_xcom_args to None, run_after=None
[2025-05-31T21:06:58.208-0300] {logging_mixin.py:188} INFO - [2025-05-31T21:06:58.208-0300] {dag.py:3823} INFO - Setting next_dagrun for example_xcom_args_with_operators to None, run_after=None
[2025-05-31T21:06:58.224-0300] {processor.py:183} INFO - Processing /home/walterg/Documentos/Data_projects/Data-Warehouse-postgres-DBT-airflow-/.venv/lib/python3.11/site-packages/airflow/example_dags/example_xcomargs.py took 0.055 seconds
[2025-05-31T21:07:42.095-0300] {processor.py:161} INFO - Started process (PID=34841) to work on /home/walterg/Documentos/Data_projects/Data-Warehouse-postgres-DBT-airflow-/.venv/lib/python3.11/site-packages/airflow/example_dags/example_xcomargs.py
[2025-05-31T21:07:42.096-0300] {processor.py:830} INFO - Processing file /home/walterg/Documentos/Data_projects/Data-Warehouse-postgres-DBT-airflow-/.venv/lib/python3.11/site-packages/airflow/example_dags/example_xcomargs.py for tasks to queue
[2025-05-31T21:07:42.096-0300] {logging_mixin.py:188} INFO - [2025-05-31T21:07:42.096-0300] {dagbag.py:538} INFO - Filling up the DagBag from /home/walterg/Documentos/Data_projects/Data-Warehouse-postgres-DBT-airflow-/.venv/lib/python3.11/site-packages/airflow/example_dags/example_xcomargs.py
[2025-05-31T21:07:42.104-0300] {processor.py:840} INFO - DAG(s) 'example_xcom_args', 'example_xcom_args_with_operators' retrieved from /home/walterg/Documentos/Data_projects/Data-Warehouse-postgres-DBT-airflow-/.venv/lib/python3.11/site-packages/airflow/example_dags/example_xcomargs.py
[2025-05-31T21:07:42.117-0300] {logging_mixin.py:188} INFO - [2025-05-31T21:07:42.117-0300] {dag.py:3036} INFO - Sync 2 DAGs
[2025-05-31T21:07:42.125-0300] {logging_mixin.py:188} INFO - [2025-05-31T21:07:42.125-0300] {dag.py:3823} INFO - Setting next_dagrun for example_xcom_args to None, run_after=None
[2025-05-31T21:07:42.128-0300] {logging_mixin.py:188} INFO - [2025-05-31T21:07:42.127-0300] {dag.py:3823} INFO - Setting next_dagrun for example_xcom_args_with_operators to None, run_after=None
[2025-05-31T21:07:42.146-0300] {processor.py:183} INFO - Processing /home/walterg/Documentos/Data_projects/Data-Warehouse-postgres-DBT-airflow-/.venv/lib/python3.11/site-packages/airflow/example_dags/example_xcomargs.py took 0.054 seconds
[2025-05-31T21:08:25.601-0300] {processor.py:161} INFO - Started process (PID=35124) to work on /home/walterg/Documentos/Data_projects/Data-Warehouse-postgres-DBT-airflow-/.venv/lib/python3.11/site-packages/airflow/example_dags/example_xcomargs.py
[2025-05-31T21:08:25.606-0300] {processor.py:830} INFO - Processing file /home/walterg/Documentos/Data_projects/Data-Warehouse-postgres-DBT-airflow-/.venv/lib/python3.11/site-packages/airflow/example_dags/example_xcomargs.py for tasks to queue
[2025-05-31T21:08:25.607-0300] {logging_mixin.py:188} INFO - [2025-05-31T21:08:25.607-0300] {dagbag.py:538} INFO - Filling up the DagBag from /home/walterg/Documentos/Data_projects/Data-Warehouse-postgres-DBT-airflow-/.venv/lib/python3.11/site-packages/airflow/example_dags/example_xcomargs.py
[2025-05-31T21:08:25.614-0300] {processor.py:840} INFO - DAG(s) 'example_xcom_args', 'example_xcom_args_with_operators' retrieved from /home/walterg/Documentos/Data_projects/Data-Warehouse-postgres-DBT-airflow-/.venv/lib/python3.11/site-packages/airflow/example_dags/example_xcomargs.py
[2025-05-31T21:08:25.634-0300] {logging_mixin.py:188} INFO - [2025-05-31T21:08:25.634-0300] {dag.py:3036} INFO - Sync 2 DAGs
[2025-05-31T21:08:25.645-0300] {logging_mixin.py:188} INFO - [2025-05-31T21:08:25.645-0300] {dag.py:3823} INFO - Setting next_dagrun for example_xcom_args to None, run_after=None
[2025-05-31T21:08:25.649-0300] {logging_mixin.py:188} INFO - [2025-05-31T21:08:25.648-0300] {dag.py:3823} INFO - Setting next_dagrun for example_xcom_args_with_operators to None, run_after=None
[2025-05-31T21:08:25.670-0300] {processor.py:183} INFO - Processing /home/walterg/Documentos/Data_projects/Data-Warehouse-postgres-DBT-airflow-/.venv/lib/python3.11/site-packages/airflow/example_dags/example_xcomargs.py took 0.072 seconds
[2025-05-31T21:09:06.210-0300] {processor.py:161} INFO - Started process (PID=35301) to work on /home/walterg/Documentos/Data_projects/Data-Warehouse-postgres-DBT-airflow-/.venv/lib/python3.11/site-packages/airflow/example_dags/example_xcomargs.py
[2025-05-31T21:09:06.212-0300] {processor.py:830} INFO - Processing file /home/walterg/Documentos/Data_projects/Data-Warehouse-postgres-DBT-airflow-/.venv/lib/python3.11/site-packages/airflow/example_dags/example_xcomargs.py for tasks to queue
[2025-05-31T21:09:06.213-0300] {logging_mixin.py:188} INFO - [2025-05-31T21:09:06.212-0300] {dagbag.py:538} INFO - Filling up the DagBag from /home/walterg/Documentos/Data_projects/Data-Warehouse-postgres-DBT-airflow-/.venv/lib/python3.11/site-packages/airflow/example_dags/example_xcomargs.py
[2025-05-31T21:09:06.220-0300] {processor.py:840} INFO - DAG(s) 'example_xcom_args', 'example_xcom_args_with_operators' retrieved from /home/walterg/Documentos/Data_projects/Data-Warehouse-postgres-DBT-airflow-/.venv/lib/python3.11/site-packages/airflow/example_dags/example_xcomargs.py
[2025-05-31T21:09:06.236-0300] {logging_mixin.py:188} INFO - [2025-05-31T21:09:06.236-0300] {dag.py:3036} INFO - Sync 2 DAGs
[2025-05-31T21:09:06.245-0300] {logging_mixin.py:188} INFO - [2025-05-31T21:09:06.245-0300] {dag.py:3823} INFO - Setting next_dagrun for example_xcom_args to None, run_after=None
[2025-05-31T21:09:06.248-0300] {logging_mixin.py:188} INFO - [2025-05-31T21:09:06.248-0300] {dag.py:3823} INFO - Setting next_dagrun for example_xcom_args_with_operators to None, run_after=None
[2025-05-31T21:09:06.265-0300] {processor.py:183} INFO - Processing /home/walterg/Documentos/Data_projects/Data-Warehouse-postgres-DBT-airflow-/.venv/lib/python3.11/site-packages/airflow/example_dags/example_xcomargs.py took 0.058 seconds
[2025-05-31T21:09:45.650-0300] {processor.py:161} INFO - Started process (PID=35496) to work on /home/walterg/Documentos/Data_projects/Data-Warehouse-postgres-DBT-airflow-/.venv/lib/python3.11/site-packages/airflow/example_dags/example_xcomargs.py
[2025-05-31T21:09:45.654-0300] {processor.py:830} INFO - Processing file /home/walterg/Documentos/Data_projects/Data-Warehouse-postgres-DBT-airflow-/.venv/lib/python3.11/site-packages/airflow/example_dags/example_xcomargs.py for tasks to queue
[2025-05-31T21:09:45.656-0300] {logging_mixin.py:188} INFO - [2025-05-31T21:09:45.655-0300] {dagbag.py:538} INFO - Filling up the DagBag from /home/walterg/Documentos/Data_projects/Data-Warehouse-postgres-DBT-airflow-/.venv/lib/python3.11/site-packages/airflow/example_dags/example_xcomargs.py
[2025-05-31T21:09:45.663-0300] {processor.py:840} INFO - DAG(s) 'example_xcom_args_with_operators', 'example_xcom_args' retrieved from /home/walterg/Documentos/Data_projects/Data-Warehouse-postgres-DBT-airflow-/.venv/lib/python3.11/site-packages/airflow/example_dags/example_xcomargs.py
[2025-05-31T21:09:45.676-0300] {logging_mixin.py:188} INFO - [2025-05-31T21:09:45.676-0300] {dag.py:3036} INFO - Sync 2 DAGs
[2025-05-31T21:09:45.685-0300] {logging_mixin.py:188} INFO - [2025-05-31T21:09:45.684-0300] {dag.py:3823} INFO - Setting next_dagrun for example_xcom_args to None, run_after=None
[2025-05-31T21:09:45.687-0300] {logging_mixin.py:188} INFO - [2025-05-31T21:09:45.687-0300] {dag.py:3823} INFO - Setting next_dagrun for example_xcom_args_with_operators to None, run_after=None
[2025-05-31T21:09:45.709-0300] {processor.py:183} INFO - Processing /home/walterg/Documentos/Data_projects/Data-Warehouse-postgres-DBT-airflow-/.venv/lib/python3.11/site-packages/airflow/example_dags/example_xcomargs.py took 0.061 seconds
[2025-05-31T21:10:28.733-0300] {processor.py:161} INFO - Started process (PID=35768) to work on /home/walterg/Documentos/Data_projects/Data-Warehouse-postgres-DBT-airflow-/.venv/lib/python3.11/site-packages/airflow/example_dags/example_xcomargs.py
[2025-05-31T21:10:28.738-0300] {processor.py:830} INFO - Processing file /home/walterg/Documentos/Data_projects/Data-Warehouse-postgres-DBT-airflow-/.venv/lib/python3.11/site-packages/airflow/example_dags/example_xcomargs.py for tasks to queue
[2025-05-31T21:10:28.739-0300] {logging_mixin.py:188} INFO - [2025-05-31T21:10:28.739-0300] {dagbag.py:538} INFO - Filling up the DagBag from /home/walterg/Documentos/Data_projects/Data-Warehouse-postgres-DBT-airflow-/.venv/lib/python3.11/site-packages/airflow/example_dags/example_xcomargs.py
[2025-05-31T21:10:28.746-0300] {processor.py:840} INFO - DAG(s) 'example_xcom_args_with_operators', 'example_xcom_args' retrieved from /home/walterg/Documentos/Data_projects/Data-Warehouse-postgres-DBT-airflow-/.venv/lib/python3.11/site-packages/airflow/example_dags/example_xcomargs.py
[2025-05-31T21:10:28.760-0300] {logging_mixin.py:188} INFO - [2025-05-31T21:10:28.760-0300] {dag.py:3036} INFO - Sync 2 DAGs
[2025-05-31T21:10:28.768-0300] {logging_mixin.py:188} INFO - [2025-05-31T21:10:28.767-0300] {dag.py:3823} INFO - Setting next_dagrun for example_xcom_args to None, run_after=None
[2025-05-31T21:10:28.770-0300] {logging_mixin.py:188} INFO - [2025-05-31T21:10:28.770-0300] {dag.py:3823} INFO - Setting next_dagrun for example_xcom_args_with_operators to None, run_after=None
[2025-05-31T21:10:28.786-0300] {processor.py:183} INFO - Processing /home/walterg/Documentos/Data_projects/Data-Warehouse-postgres-DBT-airflow-/.venv/lib/python3.11/site-packages/airflow/example_dags/example_xcomargs.py took 0.056 seconds
[2025-05-31T21:11:10.435-0300] {processor.py:161} INFO - Started process (PID=35984) to work on /home/walterg/Documentos/Data_projects/Data-Warehouse-postgres-DBT-airflow-/.venv/lib/python3.11/site-packages/airflow/example_dags/example_xcomargs.py
[2025-05-31T21:11:10.437-0300] {processor.py:830} INFO - Processing file /home/walterg/Documentos/Data_projects/Data-Warehouse-postgres-DBT-airflow-/.venv/lib/python3.11/site-packages/airflow/example_dags/example_xcomargs.py for tasks to queue
[2025-05-31T21:11:10.437-0300] {logging_mixin.py:188} INFO - [2025-05-31T21:11:10.437-0300] {dagbag.py:538} INFO - Filling up the DagBag from /home/walterg/Documentos/Data_projects/Data-Warehouse-postgres-DBT-airflow-/.venv/lib/python3.11/site-packages/airflow/example_dags/example_xcomargs.py
[2025-05-31T21:11:10.445-0300] {processor.py:840} INFO - DAG(s) 'example_xcom_args', 'example_xcom_args_with_operators' retrieved from /home/walterg/Documentos/Data_projects/Data-Warehouse-postgres-DBT-airflow-/.venv/lib/python3.11/site-packages/airflow/example_dags/example_xcomargs.py
[2025-05-31T21:11:10.459-0300] {logging_mixin.py:188} INFO - [2025-05-31T21:11:10.459-0300] {dag.py:3036} INFO - Sync 2 DAGs
[2025-05-31T21:11:10.468-0300] {logging_mixin.py:188} INFO - [2025-05-31T21:11:10.468-0300] {dag.py:3823} INFO - Setting next_dagrun for example_xcom_args to None, run_after=None
[2025-05-31T21:11:10.470-0300] {logging_mixin.py:188} INFO - [2025-05-31T21:11:10.470-0300] {dag.py:3823} INFO - Setting next_dagrun for example_xcom_args_with_operators to None, run_after=None
[2025-05-31T21:11:10.487-0300] {processor.py:183} INFO - Processing /home/walterg/Documentos/Data_projects/Data-Warehouse-postgres-DBT-airflow-/.venv/lib/python3.11/site-packages/airflow/example_dags/example_xcomargs.py took 0.054 seconds
[2025-05-31T21:11:53.110-0300] {processor.py:161} INFO - Started process (PID=36155) to work on /home/walterg/Documentos/Data_projects/Data-Warehouse-postgres-DBT-airflow-/.venv/lib/python3.11/site-packages/airflow/example_dags/example_xcomargs.py
[2025-05-31T21:11:53.115-0300] {processor.py:830} INFO - Processing file /home/walterg/Documentos/Data_projects/Data-Warehouse-postgres-DBT-airflow-/.venv/lib/python3.11/site-packages/airflow/example_dags/example_xcomargs.py for tasks to queue
[2025-05-31T21:11:53.116-0300] {logging_mixin.py:188} INFO - [2025-05-31T21:11:53.116-0300] {dagbag.py:538} INFO - Filling up the DagBag from /home/walterg/Documentos/Data_projects/Data-Warehouse-postgres-DBT-airflow-/.venv/lib/python3.11/site-packages/airflow/example_dags/example_xcomargs.py
[2025-05-31T21:11:53.123-0300] {processor.py:840} INFO - DAG(s) 'example_xcom_args_with_operators', 'example_xcom_args' retrieved from /home/walterg/Documentos/Data_projects/Data-Warehouse-postgres-DBT-airflow-/.venv/lib/python3.11/site-packages/airflow/example_dags/example_xcomargs.py
[2025-05-31T21:11:53.138-0300] {logging_mixin.py:188} INFO - [2025-05-31T21:11:53.137-0300] {dag.py:3036} INFO - Sync 2 DAGs
[2025-05-31T21:11:53.145-0300] {logging_mixin.py:188} INFO - [2025-05-31T21:11:53.145-0300] {dag.py:3823} INFO - Setting next_dagrun for example_xcom_args to None, run_after=None
[2025-05-31T21:11:53.147-0300] {logging_mixin.py:188} INFO - [2025-05-31T21:11:53.147-0300] {dag.py:3823} INFO - Setting next_dagrun for example_xcom_args_with_operators to None, run_after=None
[2025-05-31T21:11:53.162-0300] {processor.py:183} INFO - Processing /home/walterg/Documentos/Data_projects/Data-Warehouse-postgres-DBT-airflow-/.venv/lib/python3.11/site-packages/airflow/example_dags/example_xcomargs.py took 0.054 seconds
[2025-05-31T21:12:39.653-0300] {processor.py:161} INFO - Started process (PID=36373) to work on /home/walterg/Documentos/Data_projects/Data-Warehouse-postgres-DBT-airflow-/.venv/lib/python3.11/site-packages/airflow/example_dags/example_xcomargs.py
[2025-05-31T21:12:39.659-0300] {processor.py:830} INFO - Processing file /home/walterg/Documentos/Data_projects/Data-Warehouse-postgres-DBT-airflow-/.venv/lib/python3.11/site-packages/airflow/example_dags/example_xcomargs.py for tasks to queue
[2025-05-31T21:12:39.660-0300] {logging_mixin.py:188} INFO - [2025-05-31T21:12:39.660-0300] {dagbag.py:538} INFO - Filling up the DagBag from /home/walterg/Documentos/Data_projects/Data-Warehouse-postgres-DBT-airflow-/.venv/lib/python3.11/site-packages/airflow/example_dags/example_xcomargs.py
[2025-05-31T21:12:39.667-0300] {processor.py:840} INFO - DAG(s) 'example_xcom_args_with_operators', 'example_xcom_args' retrieved from /home/walterg/Documentos/Data_projects/Data-Warehouse-postgres-DBT-airflow-/.venv/lib/python3.11/site-packages/airflow/example_dags/example_xcomargs.py
[2025-05-31T21:12:39.681-0300] {logging_mixin.py:188} INFO - [2025-05-31T21:12:39.681-0300] {dag.py:3036} INFO - Sync 2 DAGs
[2025-05-31T21:12:39.689-0300] {logging_mixin.py:188} INFO - [2025-05-31T21:12:39.689-0300] {dag.py:3823} INFO - Setting next_dagrun for example_xcom_args to None, run_after=None
[2025-05-31T21:12:39.692-0300] {logging_mixin.py:188} INFO - [2025-05-31T21:12:39.692-0300] {dag.py:3823} INFO - Setting next_dagrun for example_xcom_args_with_operators to None, run_after=None
[2025-05-31T21:12:39.707-0300] {processor.py:183} INFO - Processing /home/walterg/Documentos/Data_projects/Data-Warehouse-postgres-DBT-airflow-/.venv/lib/python3.11/site-packages/airflow/example_dags/example_xcomargs.py took 0.056 seconds
[2025-05-31T21:13:19.352-0300] {processor.py:161} INFO - Started process (PID=36543) to work on /home/walterg/Documentos/Data_projects/Data-Warehouse-postgres-DBT-airflow-/.venv/lib/python3.11/site-packages/airflow/example_dags/example_xcomargs.py
[2025-05-31T21:13:19.357-0300] {processor.py:830} INFO - Processing file /home/walterg/Documentos/Data_projects/Data-Warehouse-postgres-DBT-airflow-/.venv/lib/python3.11/site-packages/airflow/example_dags/example_xcomargs.py for tasks to queue
[2025-05-31T21:13:19.358-0300] {logging_mixin.py:188} INFO - [2025-05-31T21:13:19.357-0300] {dagbag.py:538} INFO - Filling up the DagBag from /home/walterg/Documentos/Data_projects/Data-Warehouse-postgres-DBT-airflow-/.venv/lib/python3.11/site-packages/airflow/example_dags/example_xcomargs.py
[2025-05-31T21:13:19.365-0300] {processor.py:840} INFO - DAG(s) 'example_xcom_args', 'example_xcom_args_with_operators' retrieved from /home/walterg/Documentos/Data_projects/Data-Warehouse-postgres-DBT-airflow-/.venv/lib/python3.11/site-packages/airflow/example_dags/example_xcomargs.py
[2025-05-31T21:13:19.379-0300] {logging_mixin.py:188} INFO - [2025-05-31T21:13:19.378-0300] {dag.py:3036} INFO - Sync 2 DAGs
[2025-05-31T21:13:19.386-0300] {logging_mixin.py:188} INFO - [2025-05-31T21:13:19.386-0300] {dag.py:3823} INFO - Setting next_dagrun for example_xcom_args to None, run_after=None
[2025-05-31T21:13:19.389-0300] {logging_mixin.py:188} INFO - [2025-05-31T21:13:19.388-0300] {dag.py:3823} INFO - Setting next_dagrun for example_xcom_args_with_operators to None, run_after=None
[2025-05-31T21:13:19.403-0300] {processor.py:183} INFO - Processing /home/walterg/Documentos/Data_projects/Data-Warehouse-postgres-DBT-airflow-/.venv/lib/python3.11/site-packages/airflow/example_dags/example_xcomargs.py took 0.053 seconds
[2025-05-31T21:14:06.387-0300] {processor.py:161} INFO - Started process (PID=36758) to work on /home/walterg/Documentos/Data_projects/Data-Warehouse-postgres-DBT-airflow-/.venv/lib/python3.11/site-packages/airflow/example_dags/example_xcomargs.py
[2025-05-31T21:14:06.388-0300] {processor.py:830} INFO - Processing file /home/walterg/Documentos/Data_projects/Data-Warehouse-postgres-DBT-airflow-/.venv/lib/python3.11/site-packages/airflow/example_dags/example_xcomargs.py for tasks to queue
[2025-05-31T21:14:06.389-0300] {logging_mixin.py:188} INFO - [2025-05-31T21:14:06.389-0300] {dagbag.py:538} INFO - Filling up the DagBag from /home/walterg/Documentos/Data_projects/Data-Warehouse-postgres-DBT-airflow-/.venv/lib/python3.11/site-packages/airflow/example_dags/example_xcomargs.py
[2025-05-31T21:14:06.395-0300] {processor.py:840} INFO - DAG(s) 'example_xcom_args_with_operators', 'example_xcom_args' retrieved from /home/walterg/Documentos/Data_projects/Data-Warehouse-postgres-DBT-airflow-/.venv/lib/python3.11/site-packages/airflow/example_dags/example_xcomargs.py
[2025-05-31T21:14:06.410-0300] {logging_mixin.py:188} INFO - [2025-05-31T21:14:06.410-0300] {dag.py:3036} INFO - Sync 2 DAGs
[2025-05-31T21:14:06.418-0300] {logging_mixin.py:188} INFO - [2025-05-31T21:14:06.418-0300] {dag.py:3823} INFO - Setting next_dagrun for example_xcom_args to None, run_after=None
[2025-05-31T21:14:06.420-0300] {logging_mixin.py:188} INFO - [2025-05-31T21:14:06.420-0300] {dag.py:3823} INFO - Setting next_dagrun for example_xcom_args_with_operators to None, run_after=None
[2025-05-31T21:14:06.437-0300] {processor.py:183} INFO - Processing /home/walterg/Documentos/Data_projects/Data-Warehouse-postgres-DBT-airflow-/.venv/lib/python3.11/site-packages/airflow/example_dags/example_xcomargs.py took 0.052 seconds
[2025-05-31T21:14:47.416-0300] {processor.py:161} INFO - Started process (PID=36927) to work on /home/walterg/Documentos/Data_projects/Data-Warehouse-postgres-DBT-airflow-/.venv/lib/python3.11/site-packages/airflow/example_dags/example_xcomargs.py
[2025-05-31T21:14:47.421-0300] {processor.py:830} INFO - Processing file /home/walterg/Documentos/Data_projects/Data-Warehouse-postgres-DBT-airflow-/.venv/lib/python3.11/site-packages/airflow/example_dags/example_xcomargs.py for tasks to queue
[2025-05-31T21:14:47.422-0300] {logging_mixin.py:188} INFO - [2025-05-31T21:14:47.422-0300] {dagbag.py:538} INFO - Filling up the DagBag from /home/walterg/Documentos/Data_projects/Data-Warehouse-postgres-DBT-airflow-/.venv/lib/python3.11/site-packages/airflow/example_dags/example_xcomargs.py
[2025-05-31T21:14:47.429-0300] {processor.py:840} INFO - DAG(s) 'example_xcom_args', 'example_xcom_args_with_operators' retrieved from /home/walterg/Documentos/Data_projects/Data-Warehouse-postgres-DBT-airflow-/.venv/lib/python3.11/site-packages/airflow/example_dags/example_xcomargs.py
[2025-05-31T21:14:47.443-0300] {logging_mixin.py:188} INFO - [2025-05-31T21:14:47.442-0300] {dag.py:3036} INFO - Sync 2 DAGs
[2025-05-31T21:14:47.451-0300] {logging_mixin.py:188} INFO - [2025-05-31T21:14:47.451-0300] {dag.py:3823} INFO - Setting next_dagrun for example_xcom_args to None, run_after=None
[2025-05-31T21:14:47.453-0300] {logging_mixin.py:188} INFO - [2025-05-31T21:14:47.453-0300] {dag.py:3823} INFO - Setting next_dagrun for example_xcom_args_with_operators to None, run_after=None
[2025-05-31T21:14:47.468-0300] {processor.py:183} INFO - Processing /home/walterg/Documentos/Data_projects/Data-Warehouse-postgres-DBT-airflow-/.venv/lib/python3.11/site-packages/airflow/example_dags/example_xcomargs.py took 0.055 seconds
[2025-05-31T21:15:25.961-0300] {processor.py:161} INFO - Started process (PID=37235) to work on /home/walterg/Documentos/Data_projects/Data-Warehouse-postgres-DBT-airflow-/.venv/lib/python3.11/site-packages/airflow/example_dags/example_xcomargs.py
[2025-05-31T21:15:25.966-0300] {processor.py:830} INFO - Processing file /home/walterg/Documentos/Data_projects/Data-Warehouse-postgres-DBT-airflow-/.venv/lib/python3.11/site-packages/airflow/example_dags/example_xcomargs.py for tasks to queue
[2025-05-31T21:15:25.967-0300] {logging_mixin.py:188} INFO - [2025-05-31T21:15:25.967-0300] {dagbag.py:538} INFO - Filling up the DagBag from /home/walterg/Documentos/Data_projects/Data-Warehouse-postgres-DBT-airflow-/.venv/lib/python3.11/site-packages/airflow/example_dags/example_xcomargs.py
[2025-05-31T21:15:25.974-0300] {processor.py:840} INFO - DAG(s) 'example_xcom_args', 'example_xcom_args_with_operators' retrieved from /home/walterg/Documentos/Data_projects/Data-Warehouse-postgres-DBT-airflow-/.venv/lib/python3.11/site-packages/airflow/example_dags/example_xcomargs.py
[2025-05-31T21:15:25.992-0300] {logging_mixin.py:188} INFO - [2025-05-31T21:15:25.991-0300] {dag.py:3036} INFO - Sync 2 DAGs
[2025-05-31T21:15:26.001-0300] {logging_mixin.py:188} INFO - [2025-05-31T21:15:26.001-0300] {dag.py:3823} INFO - Setting next_dagrun for example_xcom_args to None, run_after=None
[2025-05-31T21:15:26.005-0300] {logging_mixin.py:188} INFO - [2025-05-31T21:15:26.004-0300] {dag.py:3823} INFO - Setting next_dagrun for example_xcom_args_with_operators to None, run_after=None
[2025-05-31T21:15:26.022-0300] {processor.py:183} INFO - Processing /home/walterg/Documentos/Data_projects/Data-Warehouse-postgres-DBT-airflow-/.venv/lib/python3.11/site-packages/airflow/example_dags/example_xcomargs.py took 0.064 seconds
[2025-05-31T21:16:07.718-0300] {processor.py:161} INFO - Started process (PID=37448) to work on /home/walterg/Documentos/Data_projects/Data-Warehouse-postgres-DBT-airflow-/.venv/lib/python3.11/site-packages/airflow/example_dags/example_xcomargs.py
[2025-05-31T21:16:07.723-0300] {processor.py:830} INFO - Processing file /home/walterg/Documentos/Data_projects/Data-Warehouse-postgres-DBT-airflow-/.venv/lib/python3.11/site-packages/airflow/example_dags/example_xcomargs.py for tasks to queue
[2025-05-31T21:16:07.725-0300] {logging_mixin.py:188} INFO - [2025-05-31T21:16:07.724-0300] {dagbag.py:538} INFO - Filling up the DagBag from /home/walterg/Documentos/Data_projects/Data-Warehouse-postgres-DBT-airflow-/.venv/lib/python3.11/site-packages/airflow/example_dags/example_xcomargs.py
[2025-05-31T21:16:07.732-0300] {processor.py:840} INFO - DAG(s) 'example_xcom_args', 'example_xcom_args_with_operators' retrieved from /home/walterg/Documentos/Data_projects/Data-Warehouse-postgres-DBT-airflow-/.venv/lib/python3.11/site-packages/airflow/example_dags/example_xcomargs.py
[2025-05-31T21:16:07.746-0300] {logging_mixin.py:188} INFO - [2025-05-31T21:16:07.746-0300] {dag.py:3036} INFO - Sync 2 DAGs
[2025-05-31T21:16:07.754-0300] {logging_mixin.py:188} INFO - [2025-05-31T21:16:07.754-0300] {dag.py:3823} INFO - Setting next_dagrun for example_xcom_args to None, run_after=None
[2025-05-31T21:16:07.756-0300] {logging_mixin.py:188} INFO - [2025-05-31T21:16:07.756-0300] {dag.py:3823} INFO - Setting next_dagrun for example_xcom_args_with_operators to None, run_after=None
[2025-05-31T21:16:07.771-0300] {processor.py:183} INFO - Processing /home/walterg/Documentos/Data_projects/Data-Warehouse-postgres-DBT-airflow-/.venv/lib/python3.11/site-packages/airflow/example_dags/example_xcomargs.py took 0.056 seconds
[2025-05-31T21:16:47.837-0300] {processor.py:161} INFO - Started process (PID=37668) to work on /home/walterg/Documentos/Data_projects/Data-Warehouse-postgres-DBT-airflow-/.venv/lib/python3.11/site-packages/airflow/example_dags/example_xcomargs.py
[2025-05-31T21:16:47.842-0300] {processor.py:830} INFO - Processing file /home/walterg/Documentos/Data_projects/Data-Warehouse-postgres-DBT-airflow-/.venv/lib/python3.11/site-packages/airflow/example_dags/example_xcomargs.py for tasks to queue
[2025-05-31T21:16:47.843-0300] {logging_mixin.py:188} INFO - [2025-05-31T21:16:47.843-0300] {dagbag.py:538} INFO - Filling up the DagBag from /home/walterg/Documentos/Data_projects/Data-Warehouse-postgres-DBT-airflow-/.venv/lib/python3.11/site-packages/airflow/example_dags/example_xcomargs.py
[2025-05-31T21:16:47.850-0300] {processor.py:840} INFO - DAG(s) 'example_xcom_args', 'example_xcom_args_with_operators' retrieved from /home/walterg/Documentos/Data_projects/Data-Warehouse-postgres-DBT-airflow-/.venv/lib/python3.11/site-packages/airflow/example_dags/example_xcomargs.py
[2025-05-31T21:16:47.864-0300] {logging_mixin.py:188} INFO - [2025-05-31T21:16:47.864-0300] {dag.py:3036} INFO - Sync 2 DAGs
[2025-05-31T21:16:47.872-0300] {logging_mixin.py:188} INFO - [2025-05-31T21:16:47.872-0300] {dag.py:3823} INFO - Setting next_dagrun for example_xcom_args to None, run_after=None
[2025-05-31T21:16:47.874-0300] {logging_mixin.py:188} INFO - [2025-05-31T21:16:47.874-0300] {dag.py:3823} INFO - Setting next_dagrun for example_xcom_args_with_operators to None, run_after=None
[2025-05-31T21:16:47.889-0300] {processor.py:183} INFO - Processing /home/walterg/Documentos/Data_projects/Data-Warehouse-postgres-DBT-airflow-/.venv/lib/python3.11/site-packages/airflow/example_dags/example_xcomargs.py took 0.054 seconds
[2025-05-31T21:17:31.514-0300] {processor.py:161} INFO - Started process (PID=37878) to work on /home/walterg/Documentos/Data_projects/Data-Warehouse-postgres-DBT-airflow-/.venv/lib/python3.11/site-packages/airflow/example_dags/example_xcomargs.py
[2025-05-31T21:17:31.519-0300] {processor.py:830} INFO - Processing file /home/walterg/Documentos/Data_projects/Data-Warehouse-postgres-DBT-airflow-/.venv/lib/python3.11/site-packages/airflow/example_dags/example_xcomargs.py for tasks to queue
[2025-05-31T21:17:31.521-0300] {logging_mixin.py:188} INFO - [2025-05-31T21:17:31.521-0300] {dagbag.py:538} INFO - Filling up the DagBag from /home/walterg/Documentos/Data_projects/Data-Warehouse-postgres-DBT-airflow-/.venv/lib/python3.11/site-packages/airflow/example_dags/example_xcomargs.py
[2025-05-31T21:17:31.528-0300] {processor.py:840} INFO - DAG(s) 'example_xcom_args', 'example_xcom_args_with_operators' retrieved from /home/walterg/Documentos/Data_projects/Data-Warehouse-postgres-DBT-airflow-/.venv/lib/python3.11/site-packages/airflow/example_dags/example_xcomargs.py
[2025-05-31T21:17:31.542-0300] {logging_mixin.py:188} INFO - [2025-05-31T21:17:31.542-0300] {dag.py:3036} INFO - Sync 2 DAGs
[2025-05-31T21:17:31.550-0300] {logging_mixin.py:188} INFO - [2025-05-31T21:17:31.550-0300] {dag.py:3823} INFO - Setting next_dagrun for example_xcom_args to None, run_after=None
[2025-05-31T21:17:31.552-0300] {logging_mixin.py:188} INFO - [2025-05-31T21:17:31.552-0300] {dag.py:3823} INFO - Setting next_dagrun for example_xcom_args_with_operators to None, run_after=None
[2025-05-31T21:17:31.567-0300] {processor.py:183} INFO - Processing /home/walterg/Documentos/Data_projects/Data-Warehouse-postgres-DBT-airflow-/.venv/lib/python3.11/site-packages/airflow/example_dags/example_xcomargs.py took 0.055 seconds
[2025-05-31T21:18:17.888-0300] {processor.py:161} INFO - Started process (PID=38073) to work on /home/walterg/Documentos/Data_projects/Data-Warehouse-postgres-DBT-airflow-/.venv/lib/python3.11/site-packages/airflow/example_dags/example_xcomargs.py
[2025-05-31T21:18:17.893-0300] {processor.py:830} INFO - Processing file /home/walterg/Documentos/Data_projects/Data-Warehouse-postgres-DBT-airflow-/.venv/lib/python3.11/site-packages/airflow/example_dags/example_xcomargs.py for tasks to queue
[2025-05-31T21:18:17.894-0300] {logging_mixin.py:188} INFO - [2025-05-31T21:18:17.894-0300] {dagbag.py:538} INFO - Filling up the DagBag from /home/walterg/Documentos/Data_projects/Data-Warehouse-postgres-DBT-airflow-/.venv/lib/python3.11/site-packages/airflow/example_dags/example_xcomargs.py
[2025-05-31T21:18:17.901-0300] {processor.py:840} INFO - DAG(s) 'example_xcom_args_with_operators', 'example_xcom_args' retrieved from /home/walterg/Documentos/Data_projects/Data-Warehouse-postgres-DBT-airflow-/.venv/lib/python3.11/site-packages/airflow/example_dags/example_xcomargs.py
[2025-05-31T21:18:17.914-0300] {logging_mixin.py:188} INFO - [2025-05-31T21:18:17.914-0300] {dag.py:3036} INFO - Sync 2 DAGs
[2025-05-31T21:18:17.923-0300] {logging_mixin.py:188} INFO - [2025-05-31T21:18:17.922-0300] {dag.py:3823} INFO - Setting next_dagrun for example_xcom_args to None, run_after=None
[2025-05-31T21:18:17.925-0300] {logging_mixin.py:188} INFO - [2025-05-31T21:18:17.925-0300] {dag.py:3823} INFO - Setting next_dagrun for example_xcom_args_with_operators to None, run_after=None
[2025-05-31T21:18:18.037-0300] {processor.py:183} INFO - Processing /home/walterg/Documentos/Data_projects/Data-Warehouse-postgres-DBT-airflow-/.venv/lib/python3.11/site-packages/airflow/example_dags/example_xcomargs.py took 0.152 seconds
[2025-05-31T21:18:59.889-0300] {processor.py:161} INFO - Started process (PID=38194) to work on /home/walterg/Documentos/Data_projects/Data-Warehouse-postgres-DBT-airflow-/.venv/lib/python3.11/site-packages/airflow/example_dags/example_xcomargs.py
[2025-05-31T21:18:59.895-0300] {processor.py:830} INFO - Processing file /home/walterg/Documentos/Data_projects/Data-Warehouse-postgres-DBT-airflow-/.venv/lib/python3.11/site-packages/airflow/example_dags/example_xcomargs.py for tasks to queue
[2025-05-31T21:18:59.896-0300] {logging_mixin.py:188} INFO - [2025-05-31T21:18:59.895-0300] {dagbag.py:538} INFO - Filling up the DagBag from /home/walterg/Documentos/Data_projects/Data-Warehouse-postgres-DBT-airflow-/.venv/lib/python3.11/site-packages/airflow/example_dags/example_xcomargs.py
[2025-05-31T21:18:59.903-0300] {processor.py:840} INFO - DAG(s) 'example_xcom_args', 'example_xcom_args_with_operators' retrieved from /home/walterg/Documentos/Data_projects/Data-Warehouse-postgres-DBT-airflow-/.venv/lib/python3.11/site-packages/airflow/example_dags/example_xcomargs.py
[2025-05-31T21:18:59.916-0300] {logging_mixin.py:188} INFO - [2025-05-31T21:18:59.916-0300] {dag.py:3036} INFO - Sync 2 DAGs
[2025-05-31T21:18:59.924-0300] {logging_mixin.py:188} INFO - [2025-05-31T21:18:59.924-0300] {dag.py:3823} INFO - Setting next_dagrun for example_xcom_args to None, run_after=None
[2025-05-31T21:18:59.926-0300] {logging_mixin.py:188} INFO - [2025-05-31T21:18:59.926-0300] {dag.py:3823} INFO - Setting next_dagrun for example_xcom_args_with_operators to None, run_after=None
[2025-05-31T21:18:59.941-0300] {processor.py:183} INFO - Processing /home/walterg/Documentos/Data_projects/Data-Warehouse-postgres-DBT-airflow-/.venv/lib/python3.11/site-packages/airflow/example_dags/example_xcomargs.py took 0.056 seconds
[2025-05-31T21:19:43.630-0300] {processor.py:161} INFO - Started process (PID=38424) to work on /home/walterg/Documentos/Data_projects/Data-Warehouse-postgres-DBT-airflow-/.venv/lib/python3.11/site-packages/airflow/example_dags/example_xcomargs.py
[2025-05-31T21:19:43.635-0300] {processor.py:830} INFO - Processing file /home/walterg/Documentos/Data_projects/Data-Warehouse-postgres-DBT-airflow-/.venv/lib/python3.11/site-packages/airflow/example_dags/example_xcomargs.py for tasks to queue
[2025-05-31T21:19:43.636-0300] {logging_mixin.py:188} INFO - [2025-05-31T21:19:43.636-0300] {dagbag.py:538} INFO - Filling up the DagBag from /home/walterg/Documentos/Data_projects/Data-Warehouse-postgres-DBT-airflow-/.venv/lib/python3.11/site-packages/airflow/example_dags/example_xcomargs.py
[2025-05-31T21:19:43.643-0300] {processor.py:840} INFO - DAG(s) 'example_xcom_args', 'example_xcom_args_with_operators' retrieved from /home/walterg/Documentos/Data_projects/Data-Warehouse-postgres-DBT-airflow-/.venv/lib/python3.11/site-packages/airflow/example_dags/example_xcomargs.py
[2025-05-31T21:19:43.657-0300] {logging_mixin.py:188} INFO - [2025-05-31T21:19:43.657-0300] {dag.py:3036} INFO - Sync 2 DAGs
[2025-05-31T21:19:43.665-0300] {logging_mixin.py:188} INFO - [2025-05-31T21:19:43.665-0300] {dag.py:3823} INFO - Setting next_dagrun for example_xcom_args to None, run_after=None
[2025-05-31T21:19:43.668-0300] {logging_mixin.py:188} INFO - [2025-05-31T21:19:43.668-0300] {dag.py:3823} INFO - Setting next_dagrun for example_xcom_args_with_operators to None, run_after=None
[2025-05-31T21:19:43.782-0300] {processor.py:183} INFO - Processing /home/walterg/Documentos/Data_projects/Data-Warehouse-postgres-DBT-airflow-/.venv/lib/python3.11/site-packages/airflow/example_dags/example_xcomargs.py took 0.155 seconds
[2025-05-31T21:20:25.626-0300] {processor.py:161} INFO - Started process (PID=38594) to work on /home/walterg/Documentos/Data_projects/Data-Warehouse-postgres-DBT-airflow-/.venv/lib/python3.11/site-packages/airflow/example_dags/example_xcomargs.py
[2025-05-31T21:20:25.631-0300] {processor.py:830} INFO - Processing file /home/walterg/Documentos/Data_projects/Data-Warehouse-postgres-DBT-airflow-/.venv/lib/python3.11/site-packages/airflow/example_dags/example_xcomargs.py for tasks to queue
[2025-05-31T21:20:25.632-0300] {logging_mixin.py:188} INFO - [2025-05-31T21:20:25.631-0300] {dagbag.py:538} INFO - Filling up the DagBag from /home/walterg/Documentos/Data_projects/Data-Warehouse-postgres-DBT-airflow-/.venv/lib/python3.11/site-packages/airflow/example_dags/example_xcomargs.py
[2025-05-31T21:20:25.639-0300] {processor.py:840} INFO - DAG(s) 'example_xcom_args', 'example_xcom_args_with_operators' retrieved from /home/walterg/Documentos/Data_projects/Data-Warehouse-postgres-DBT-airflow-/.venv/lib/python3.11/site-packages/airflow/example_dags/example_xcomargs.py
[2025-05-31T21:20:25.652-0300] {logging_mixin.py:188} INFO - [2025-05-31T21:20:25.652-0300] {dag.py:3036} INFO - Sync 2 DAGs
[2025-05-31T21:20:25.660-0300] {logging_mixin.py:188} INFO - [2025-05-31T21:20:25.660-0300] {dag.py:3823} INFO - Setting next_dagrun for example_xcom_args to None, run_after=None
[2025-05-31T21:20:25.662-0300] {logging_mixin.py:188} INFO - [2025-05-31T21:20:25.662-0300] {dag.py:3823} INFO - Setting next_dagrun for example_xcom_args_with_operators to None, run_after=None
[2025-05-31T21:20:25.676-0300] {processor.py:183} INFO - Processing /home/walterg/Documentos/Data_projects/Data-Warehouse-postgres-DBT-airflow-/.venv/lib/python3.11/site-packages/airflow/example_dags/example_xcomargs.py took 0.053 seconds
[2025-05-31T21:21:05.525-0300] {processor.py:161} INFO - Started process (PID=38744) to work on /home/walterg/Documentos/Data_projects/Data-Warehouse-postgres-DBT-airflow-/.venv/lib/python3.11/site-packages/airflow/example_dags/example_xcomargs.py
[2025-05-31T21:21:05.526-0300] {processor.py:830} INFO - Processing file /home/walterg/Documentos/Data_projects/Data-Warehouse-postgres-DBT-airflow-/.venv/lib/python3.11/site-packages/airflow/example_dags/example_xcomargs.py for tasks to queue
[2025-05-31T21:21:05.527-0300] {logging_mixin.py:188} INFO - [2025-05-31T21:21:05.527-0300] {dagbag.py:538} INFO - Filling up the DagBag from /home/walterg/Documentos/Data_projects/Data-Warehouse-postgres-DBT-airflow-/.venv/lib/python3.11/site-packages/airflow/example_dags/example_xcomargs.py
[2025-05-31T21:21:05.534-0300] {processor.py:840} INFO - DAG(s) 'example_xcom_args_with_operators', 'example_xcom_args' retrieved from /home/walterg/Documentos/Data_projects/Data-Warehouse-postgres-DBT-airflow-/.venv/lib/python3.11/site-packages/airflow/example_dags/example_xcomargs.py
[2025-05-31T21:21:05.549-0300] {logging_mixin.py:188} INFO - [2025-05-31T21:21:05.549-0300] {dag.py:3036} INFO - Sync 2 DAGs
[2025-05-31T21:21:05.559-0300] {logging_mixin.py:188} INFO - [2025-05-31T21:21:05.558-0300] {dag.py:3823} INFO - Setting next_dagrun for example_xcom_args to None, run_after=None
[2025-05-31T21:21:05.561-0300] {logging_mixin.py:188} INFO - [2025-05-31T21:21:05.561-0300] {dag.py:3823} INFO - Setting next_dagrun for example_xcom_args_with_operators to None, run_after=None
[2025-05-31T21:21:05.681-0300] {processor.py:183} INFO - Processing /home/walterg/Documentos/Data_projects/Data-Warehouse-postgres-DBT-airflow-/.venv/lib/python3.11/site-packages/airflow/example_dags/example_xcomargs.py took 0.159 seconds
[2025-05-31T21:21:47.023-0300] {processor.py:161} INFO - Started process (PID=38978) to work on /home/walterg/Documentos/Data_projects/Data-Warehouse-postgres-DBT-airflow-/.venv/lib/python3.11/site-packages/airflow/example_dags/example_xcomargs.py
[2025-05-31T21:21:47.028-0300] {processor.py:830} INFO - Processing file /home/walterg/Documentos/Data_projects/Data-Warehouse-postgres-DBT-airflow-/.venv/lib/python3.11/site-packages/airflow/example_dags/example_xcomargs.py for tasks to queue
[2025-05-31T21:21:47.029-0300] {logging_mixin.py:188} INFO - [2025-05-31T21:21:47.029-0300] {dagbag.py:538} INFO - Filling up the DagBag from /home/walterg/Documentos/Data_projects/Data-Warehouse-postgres-DBT-airflow-/.venv/lib/python3.11/site-packages/airflow/example_dags/example_xcomargs.py
[2025-05-31T21:21:47.036-0300] {processor.py:840} INFO - DAG(s) 'example_xcom_args', 'example_xcom_args_with_operators' retrieved from /home/walterg/Documentos/Data_projects/Data-Warehouse-postgres-DBT-airflow-/.venv/lib/python3.11/site-packages/airflow/example_dags/example_xcomargs.py
[2025-05-31T21:21:47.049-0300] {logging_mixin.py:188} INFO - [2025-05-31T21:21:47.049-0300] {dag.py:3036} INFO - Sync 2 DAGs
[2025-05-31T21:21:47.060-0300] {logging_mixin.py:188} INFO - [2025-05-31T21:21:47.060-0300] {dag.py:3823} INFO - Setting next_dagrun for example_xcom_args to None, run_after=None
[2025-05-31T21:21:47.063-0300] {logging_mixin.py:188} INFO - [2025-05-31T21:21:47.063-0300] {dag.py:3823} INFO - Setting next_dagrun for example_xcom_args_with_operators to None, run_after=None
[2025-05-31T21:21:47.079-0300] {processor.py:183} INFO - Processing /home/walterg/Documentos/Data_projects/Data-Warehouse-postgres-DBT-airflow-/.venv/lib/python3.11/site-packages/airflow/example_dags/example_xcomargs.py took 0.058 seconds
[2025-05-31T21:22:27.569-0300] {processor.py:161} INFO - Started process (PID=39281) to work on /home/walterg/Documentos/Data_projects/Data-Warehouse-postgres-DBT-airflow-/.venv/lib/python3.11/site-packages/airflow/example_dags/example_xcomargs.py
[2025-05-31T21:22:27.574-0300] {processor.py:830} INFO - Processing file /home/walterg/Documentos/Data_projects/Data-Warehouse-postgres-DBT-airflow-/.venv/lib/python3.11/site-packages/airflow/example_dags/example_xcomargs.py for tasks to queue
[2025-05-31T21:22:27.575-0300] {logging_mixin.py:188} INFO - [2025-05-31T21:22:27.575-0300] {dagbag.py:538} INFO - Filling up the DagBag from /home/walterg/Documentos/Data_projects/Data-Warehouse-postgres-DBT-airflow-/.venv/lib/python3.11/site-packages/airflow/example_dags/example_xcomargs.py
[2025-05-31T21:22:27.582-0300] {processor.py:840} INFO - DAG(s) 'example_xcom_args', 'example_xcom_args_with_operators' retrieved from /home/walterg/Documentos/Data_projects/Data-Warehouse-postgres-DBT-airflow-/.venv/lib/python3.11/site-packages/airflow/example_dags/example_xcomargs.py
[2025-05-31T21:22:27.596-0300] {logging_mixin.py:188} INFO - [2025-05-31T21:22:27.596-0300] {dag.py:3036} INFO - Sync 2 DAGs
[2025-05-31T21:22:27.608-0300] {logging_mixin.py:188} INFO - [2025-05-31T21:22:27.608-0300] {dag.py:3823} INFO - Setting next_dagrun for example_xcom_args to None, run_after=None
[2025-05-31T21:22:27.610-0300] {logging_mixin.py:188} INFO - [2025-05-31T21:22:27.610-0300] {dag.py:3823} INFO - Setting next_dagrun for example_xcom_args_with_operators to None, run_after=None
[2025-05-31T21:22:27.721-0300] {processor.py:183} INFO - Processing /home/walterg/Documentos/Data_projects/Data-Warehouse-postgres-DBT-airflow-/.venv/lib/python3.11/site-packages/airflow/example_dags/example_xcomargs.py took 0.155 seconds
[2025-05-31T21:23:15.082-0300] {processor.py:161} INFO - Started process (PID=39510) to work on /home/walterg/Documentos/Data_projects/Data-Warehouse-postgres-DBT-airflow-/.venv/lib/python3.11/site-packages/airflow/example_dags/example_xcomargs.py
[2025-05-31T21:23:15.087-0300] {processor.py:830} INFO - Processing file /home/walterg/Documentos/Data_projects/Data-Warehouse-postgres-DBT-airflow-/.venv/lib/python3.11/site-packages/airflow/example_dags/example_xcomargs.py for tasks to queue
[2025-05-31T21:23:15.089-0300] {logging_mixin.py:188} INFO - [2025-05-31T21:23:15.088-0300] {dagbag.py:538} INFO - Filling up the DagBag from /home/walterg/Documentos/Data_projects/Data-Warehouse-postgres-DBT-airflow-/.venv/lib/python3.11/site-packages/airflow/example_dags/example_xcomargs.py
[2025-05-31T21:23:15.096-0300] {processor.py:840} INFO - DAG(s) 'example_xcom_args_with_operators', 'example_xcom_args' retrieved from /home/walterg/Documentos/Data_projects/Data-Warehouse-postgres-DBT-airflow-/.venv/lib/python3.11/site-packages/airflow/example_dags/example_xcomargs.py
[2025-05-31T21:23:15.116-0300] {logging_mixin.py:188} INFO - [2025-05-31T21:23:15.116-0300] {dag.py:3036} INFO - Sync 2 DAGs
[2025-05-31T21:23:15.124-0300] {logging_mixin.py:188} INFO - [2025-05-31T21:23:15.124-0300] {dag.py:3823} INFO - Setting next_dagrun for example_xcom_args to None, run_after=None
[2025-05-31T21:23:15.126-0300] {logging_mixin.py:188} INFO - [2025-05-31T21:23:15.126-0300] {dag.py:3823} INFO - Setting next_dagrun for example_xcom_args_with_operators to None, run_after=None
[2025-05-31T21:23:15.142-0300] {processor.py:183} INFO - Processing /home/walterg/Documentos/Data_projects/Data-Warehouse-postgres-DBT-airflow-/.venv/lib/python3.11/site-packages/airflow/example_dags/example_xcomargs.py took 0.062 seconds
[2025-05-31T21:23:58.290-0300] {processor.py:161} INFO - Started process (PID=39611) to work on /home/walterg/Documentos/Data_projects/Data-Warehouse-postgres-DBT-airflow-/.venv/lib/python3.11/site-packages/airflow/example_dags/example_xcomargs.py
[2025-05-31T21:23:58.295-0300] {processor.py:830} INFO - Processing file /home/walterg/Documentos/Data_projects/Data-Warehouse-postgres-DBT-airflow-/.venv/lib/python3.11/site-packages/airflow/example_dags/example_xcomargs.py for tasks to queue
[2025-05-31T21:23:58.296-0300] {logging_mixin.py:188} INFO - [2025-05-31T21:23:58.296-0300] {dagbag.py:538} INFO - Filling up the DagBag from /home/walterg/Documentos/Data_projects/Data-Warehouse-postgres-DBT-airflow-/.venv/lib/python3.11/site-packages/airflow/example_dags/example_xcomargs.py
[2025-05-31T21:23:58.303-0300] {processor.py:840} INFO - DAG(s) 'example_xcom_args', 'example_xcom_args_with_operators' retrieved from /home/walterg/Documentos/Data_projects/Data-Warehouse-postgres-DBT-airflow-/.venv/lib/python3.11/site-packages/airflow/example_dags/example_xcomargs.py
[2025-05-31T21:23:58.317-0300] {logging_mixin.py:188} INFO - [2025-05-31T21:23:58.317-0300] {dag.py:3036} INFO - Sync 2 DAGs
[2025-05-31T21:23:58.426-0300] {logging_mixin.py:188} INFO - [2025-05-31T21:23:58.426-0300] {dag.py:3823} INFO - Setting next_dagrun for example_xcom_args to None, run_after=None
[2025-05-31T21:23:58.428-0300] {logging_mixin.py:188} INFO - [2025-05-31T21:23:58.428-0300] {dag.py:3823} INFO - Setting next_dagrun for example_xcom_args_with_operators to None, run_after=None
[2025-05-31T21:23:58.446-0300] {processor.py:183} INFO - Processing /home/walterg/Documentos/Data_projects/Data-Warehouse-postgres-DBT-airflow-/.venv/lib/python3.11/site-packages/airflow/example_dags/example_xcomargs.py took 0.158 seconds
[2025-05-31T21:24:49.752-0300] {processor.py:161} INFO - Started process (PID=39835) to work on /home/walterg/Documentos/Data_projects/Data-Warehouse-postgres-DBT-airflow-/.venv/lib/python3.11/site-packages/airflow/example_dags/example_xcomargs.py
[2025-05-31T21:24:49.757-0300] {processor.py:830} INFO - Processing file /home/walterg/Documentos/Data_projects/Data-Warehouse-postgres-DBT-airflow-/.venv/lib/python3.11/site-packages/airflow/example_dags/example_xcomargs.py for tasks to queue
[2025-05-31T21:24:49.759-0300] {logging_mixin.py:188} INFO - [2025-05-31T21:24:49.758-0300] {dagbag.py:538} INFO - Filling up the DagBag from /home/walterg/Documentos/Data_projects/Data-Warehouse-postgres-DBT-airflow-/.venv/lib/python3.11/site-packages/airflow/example_dags/example_xcomargs.py
[2025-05-31T21:24:49.766-0300] {processor.py:840} INFO - DAG(s) 'example_xcom_args', 'example_xcom_args_with_operators' retrieved from /home/walterg/Documentos/Data_projects/Data-Warehouse-postgres-DBT-airflow-/.venv/lib/python3.11/site-packages/airflow/example_dags/example_xcomargs.py
[2025-05-31T21:24:49.779-0300] {logging_mixin.py:188} INFO - [2025-05-31T21:24:49.779-0300] {dag.py:3036} INFO - Sync 2 DAGs
[2025-05-31T21:24:49.787-0300] {logging_mixin.py:188} INFO - [2025-05-31T21:24:49.787-0300] {dag.py:3823} INFO - Setting next_dagrun for example_xcom_args to None, run_after=None
[2025-05-31T21:24:49.789-0300] {logging_mixin.py:188} INFO - [2025-05-31T21:24:49.789-0300] {dag.py:3823} INFO - Setting next_dagrun for example_xcom_args_with_operators to None, run_after=None
[2025-05-31T21:24:49.804-0300] {processor.py:183} INFO - Processing /home/walterg/Documentos/Data_projects/Data-Warehouse-postgres-DBT-airflow-/.venv/lib/python3.11/site-packages/airflow/example_dags/example_xcomargs.py took 0.055 seconds
[2025-05-31T21:25:35.826-0300] {processor.py:161} INFO - Started process (PID=40155) to work on /home/walterg/Documentos/Data_projects/Data-Warehouse-postgres-DBT-airflow-/.venv/lib/python3.11/site-packages/airflow/example_dags/example_xcomargs.py
[2025-05-31T21:25:35.831-0300] {processor.py:830} INFO - Processing file /home/walterg/Documentos/Data_projects/Data-Warehouse-postgres-DBT-airflow-/.venv/lib/python3.11/site-packages/airflow/example_dags/example_xcomargs.py for tasks to queue
[2025-05-31T21:25:35.833-0300] {logging_mixin.py:188} INFO - [2025-05-31T21:25:35.832-0300] {dagbag.py:538} INFO - Filling up the DagBag from /home/walterg/Documentos/Data_projects/Data-Warehouse-postgres-DBT-airflow-/.venv/lib/python3.11/site-packages/airflow/example_dags/example_xcomargs.py
[2025-05-31T21:25:35.839-0300] {processor.py:840} INFO - DAG(s) 'example_xcom_args_with_operators', 'example_xcom_args' retrieved from /home/walterg/Documentos/Data_projects/Data-Warehouse-postgres-DBT-airflow-/.venv/lib/python3.11/site-packages/airflow/example_dags/example_xcomargs.py
[2025-05-31T21:25:35.853-0300] {logging_mixin.py:188} INFO - [2025-05-31T21:25:35.853-0300] {dag.py:3036} INFO - Sync 2 DAGs
[2025-05-31T21:25:35.861-0300] {logging_mixin.py:188} INFO - [2025-05-31T21:25:35.861-0300] {dag.py:3823} INFO - Setting next_dagrun for example_xcom_args to None, run_after=None
[2025-05-31T21:25:35.863-0300] {logging_mixin.py:188} INFO - [2025-05-31T21:25:35.863-0300] {dag.py:3823} INFO - Setting next_dagrun for example_xcom_args_with_operators to None, run_after=None
[2025-05-31T21:25:35.878-0300] {processor.py:183} INFO - Processing /home/walterg/Documentos/Data_projects/Data-Warehouse-postgres-DBT-airflow-/.venv/lib/python3.11/site-packages/airflow/example_dags/example_xcomargs.py took 0.054 seconds
[2025-05-31T21:26:14.830-0300] {processor.py:161} INFO - Started process (PID=40534) to work on /home/walterg/Documentos/Data_projects/Data-Warehouse-postgres-DBT-airflow-/.venv/lib/python3.11/site-packages/airflow/example_dags/example_xcomargs.py
[2025-05-31T21:26:14.835-0300] {processor.py:830} INFO - Processing file /home/walterg/Documentos/Data_projects/Data-Warehouse-postgres-DBT-airflow-/.venv/lib/python3.11/site-packages/airflow/example_dags/example_xcomargs.py for tasks to queue
[2025-05-31T21:26:14.836-0300] {logging_mixin.py:188} INFO - [2025-05-31T21:26:14.836-0300] {dagbag.py:538} INFO - Filling up the DagBag from /home/walterg/Documentos/Data_projects/Data-Warehouse-postgres-DBT-airflow-/.venv/lib/python3.11/site-packages/airflow/example_dags/example_xcomargs.py
[2025-05-31T21:26:14.845-0300] {processor.py:840} INFO - DAG(s) 'example_xcom_args_with_operators', 'example_xcom_args' retrieved from /home/walterg/Documentos/Data_projects/Data-Warehouse-postgres-DBT-airflow-/.venv/lib/python3.11/site-packages/airflow/example_dags/example_xcomargs.py
[2025-05-31T21:26:14.864-0300] {logging_mixin.py:188} INFO - [2025-05-31T21:26:14.864-0300] {dag.py:3036} INFO - Sync 2 DAGs
[2025-05-31T21:26:14.873-0300] {logging_mixin.py:188} INFO - [2025-05-31T21:26:14.873-0300] {dag.py:3823} INFO - Setting next_dagrun for example_xcom_args to None, run_after=None
[2025-05-31T21:26:14.876-0300] {logging_mixin.py:188} INFO - [2025-05-31T21:26:14.876-0300] {dag.py:3823} INFO - Setting next_dagrun for example_xcom_args_with_operators to None, run_after=None
[2025-05-31T21:26:14.894-0300] {processor.py:183} INFO - Processing /home/walterg/Documentos/Data_projects/Data-Warehouse-postgres-DBT-airflow-/.venv/lib/python3.11/site-packages/airflow/example_dags/example_xcomargs.py took 0.068 seconds
[2025-05-31T21:26:56.018-0300] {processor.py:161} INFO - Started process (PID=40697) to work on /home/walterg/Documentos/Data_projects/Data-Warehouse-postgres-DBT-airflow-/.venv/lib/python3.11/site-packages/airflow/example_dags/example_xcomargs.py
[2025-05-31T21:26:56.024-0300] {processor.py:830} INFO - Processing file /home/walterg/Documentos/Data_projects/Data-Warehouse-postgres-DBT-airflow-/.venv/lib/python3.11/site-packages/airflow/example_dags/example_xcomargs.py for tasks to queue
[2025-05-31T21:26:56.025-0300] {logging_mixin.py:188} INFO - [2025-05-31T21:26:56.024-0300] {dagbag.py:538} INFO - Filling up the DagBag from /home/walterg/Documentos/Data_projects/Data-Warehouse-postgres-DBT-airflow-/.venv/lib/python3.11/site-packages/airflow/example_dags/example_xcomargs.py
[2025-05-31T21:26:56.031-0300] {processor.py:840} INFO - DAG(s) 'example_xcom_args', 'example_xcom_args_with_operators' retrieved from /home/walterg/Documentos/Data_projects/Data-Warehouse-postgres-DBT-airflow-/.venv/lib/python3.11/site-packages/airflow/example_dags/example_xcomargs.py
[2025-05-31T21:26:56.046-0300] {logging_mixin.py:188} INFO - [2025-05-31T21:26:56.045-0300] {dag.py:3036} INFO - Sync 2 DAGs
[2025-05-31T21:26:56.053-0300] {logging_mixin.py:188} INFO - [2025-05-31T21:26:56.053-0300] {dag.py:3823} INFO - Setting next_dagrun for example_xcom_args to None, run_after=None
[2025-05-31T21:26:56.055-0300] {logging_mixin.py:188} INFO - [2025-05-31T21:26:56.055-0300] {dag.py:3823} INFO - Setting next_dagrun for example_xcom_args_with_operators to None, run_after=None
[2025-05-31T21:26:56.071-0300] {processor.py:183} INFO - Processing /home/walterg/Documentos/Data_projects/Data-Warehouse-postgres-DBT-airflow-/.venv/lib/python3.11/site-packages/airflow/example_dags/example_xcomargs.py took 0.055 seconds
[2025-05-31T21:27:36.771-0300] {processor.py:161} INFO - Started process (PID=41120) to work on /home/walterg/Documentos/Data_projects/Data-Warehouse-postgres-DBT-airflow-/.venv/lib/python3.11/site-packages/airflow/example_dags/example_xcomargs.py
[2025-05-31T21:27:36.772-0300] {processor.py:830} INFO - Processing file /home/walterg/Documentos/Data_projects/Data-Warehouse-postgres-DBT-airflow-/.venv/lib/python3.11/site-packages/airflow/example_dags/example_xcomargs.py for tasks to queue
[2025-05-31T21:27:36.773-0300] {logging_mixin.py:188} INFO - [2025-05-31T21:27:36.773-0300] {dagbag.py:538} INFO - Filling up the DagBag from /home/walterg/Documentos/Data_projects/Data-Warehouse-postgres-DBT-airflow-/.venv/lib/python3.11/site-packages/airflow/example_dags/example_xcomargs.py
[2025-05-31T21:27:36.781-0300] {processor.py:840} INFO - DAG(s) 'example_xcom_args_with_operators', 'example_xcom_args' retrieved from /home/walterg/Documentos/Data_projects/Data-Warehouse-postgres-DBT-airflow-/.venv/lib/python3.11/site-packages/airflow/example_dags/example_xcomargs.py
[2025-05-31T21:27:36.798-0300] {logging_mixin.py:188} INFO - [2025-05-31T21:27:36.798-0300] {dag.py:3036} INFO - Sync 2 DAGs
[2025-05-31T21:27:36.807-0300] {logging_mixin.py:188} INFO - [2025-05-31T21:27:36.807-0300] {dag.py:3823} INFO - Setting next_dagrun for example_xcom_args to None, run_after=None
[2025-05-31T21:27:36.809-0300] {logging_mixin.py:188} INFO - [2025-05-31T21:27:36.809-0300] {dag.py:3823} INFO - Setting next_dagrun for example_xcom_args_with_operators to None, run_after=None
[2025-05-31T21:27:36.830-0300] {processor.py:183} INFO - Processing /home/walterg/Documentos/Data_projects/Data-Warehouse-postgres-DBT-airflow-/.venv/lib/python3.11/site-packages/airflow/example_dags/example_xcomargs.py took 0.062 seconds
[2025-05-31T21:28:17.428-0300] {processor.py:161} INFO - Started process (PID=41385) to work on /home/walterg/Documentos/Data_projects/Data-Warehouse-postgres-DBT-airflow-/.venv/lib/python3.11/site-packages/airflow/example_dags/example_xcomargs.py
[2025-05-31T21:28:17.433-0300] {processor.py:830} INFO - Processing file /home/walterg/Documentos/Data_projects/Data-Warehouse-postgres-DBT-airflow-/.venv/lib/python3.11/site-packages/airflow/example_dags/example_xcomargs.py for tasks to queue
[2025-05-31T21:28:17.434-0300] {logging_mixin.py:188} INFO - [2025-05-31T21:28:17.434-0300] {dagbag.py:538} INFO - Filling up the DagBag from /home/walterg/Documentos/Data_projects/Data-Warehouse-postgres-DBT-airflow-/.venv/lib/python3.11/site-packages/airflow/example_dags/example_xcomargs.py
[2025-05-31T21:28:17.441-0300] {processor.py:840} INFO - DAG(s) 'example_xcom_args', 'example_xcom_args_with_operators' retrieved from /home/walterg/Documentos/Data_projects/Data-Warehouse-postgres-DBT-airflow-/.venv/lib/python3.11/site-packages/airflow/example_dags/example_xcomargs.py
[2025-05-31T21:28:17.455-0300] {logging_mixin.py:188} INFO - [2025-05-31T21:28:17.455-0300] {dag.py:3036} INFO - Sync 2 DAGs
[2025-05-31T21:28:17.463-0300] {logging_mixin.py:188} INFO - [2025-05-31T21:28:17.463-0300] {dag.py:3823} INFO - Setting next_dagrun for example_xcom_args to None, run_after=None
[2025-05-31T21:28:17.465-0300] {logging_mixin.py:188} INFO - [2025-05-31T21:28:17.465-0300] {dag.py:3823} INFO - Setting next_dagrun for example_xcom_args_with_operators to None, run_after=None
[2025-05-31T21:28:17.481-0300] {processor.py:183} INFO - Processing /home/walterg/Documentos/Data_projects/Data-Warehouse-postgres-DBT-airflow-/.venv/lib/python3.11/site-packages/airflow/example_dags/example_xcomargs.py took 0.055 seconds
[2025-05-31T21:28:56.833-0300] {processor.py:161} INFO - Started process (PID=41478) to work on /home/walterg/Documentos/Data_projects/Data-Warehouse-postgres-DBT-airflow-/.venv/lib/python3.11/site-packages/airflow/example_dags/example_xcomargs.py
[2025-05-31T21:28:56.838-0300] {processor.py:830} INFO - Processing file /home/walterg/Documentos/Data_projects/Data-Warehouse-postgres-DBT-airflow-/.venv/lib/python3.11/site-packages/airflow/example_dags/example_xcomargs.py for tasks to queue
[2025-05-31T21:28:56.840-0300] {logging_mixin.py:188} INFO - [2025-05-31T21:28:56.839-0300] {dagbag.py:538} INFO - Filling up the DagBag from /home/walterg/Documentos/Data_projects/Data-Warehouse-postgres-DBT-airflow-/.venv/lib/python3.11/site-packages/airflow/example_dags/example_xcomargs.py
[2025-05-31T21:28:56.848-0300] {processor.py:840} INFO - DAG(s) 'example_xcom_args_with_operators', 'example_xcom_args' retrieved from /home/walterg/Documentos/Data_projects/Data-Warehouse-postgres-DBT-airflow-/.venv/lib/python3.11/site-packages/airflow/example_dags/example_xcomargs.py
[2025-05-31T21:28:56.865-0300] {logging_mixin.py:188} INFO - [2025-05-31T21:28:56.865-0300] {dag.py:3036} INFO - Sync 2 DAGs
[2025-05-31T21:28:56.875-0300] {logging_mixin.py:188} INFO - [2025-05-31T21:28:56.874-0300] {dag.py:3823} INFO - Setting next_dagrun for example_xcom_args to None, run_after=None
[2025-05-31T21:28:56.878-0300] {logging_mixin.py:188} INFO - [2025-05-31T21:28:56.878-0300] {dag.py:3823} INFO - Setting next_dagrun for example_xcom_args_with_operators to None, run_after=None
[2025-05-31T21:28:56.896-0300] {processor.py:183} INFO - Processing /home/walterg/Documentos/Data_projects/Data-Warehouse-postgres-DBT-airflow-/.venv/lib/python3.11/site-packages/airflow/example_dags/example_xcomargs.py took 0.066 seconds
[2025-05-31T21:29:38.995-0300] {processor.py:161} INFO - Started process (PID=41680) to work on /home/walterg/Documentos/Data_projects/Data-Warehouse-postgres-DBT-airflow-/.venv/lib/python3.11/site-packages/airflow/example_dags/example_xcomargs.py
[2025-05-31T21:29:38.996-0300] {processor.py:830} INFO - Processing file /home/walterg/Documentos/Data_projects/Data-Warehouse-postgres-DBT-airflow-/.venv/lib/python3.11/site-packages/airflow/example_dags/example_xcomargs.py for tasks to queue
[2025-05-31T21:29:38.996-0300] {logging_mixin.py:188} INFO - [2025-05-31T21:29:38.996-0300] {dagbag.py:538} INFO - Filling up the DagBag from /home/walterg/Documentos/Data_projects/Data-Warehouse-postgres-DBT-airflow-/.venv/lib/python3.11/site-packages/airflow/example_dags/example_xcomargs.py
[2025-05-31T21:29:39.003-0300] {processor.py:840} INFO - DAG(s) 'example_xcom_args', 'example_xcom_args_with_operators' retrieved from /home/walterg/Documentos/Data_projects/Data-Warehouse-postgres-DBT-airflow-/.venv/lib/python3.11/site-packages/airflow/example_dags/example_xcomargs.py
[2025-05-31T21:29:39.017-0300] {logging_mixin.py:188} INFO - [2025-05-31T21:29:39.016-0300] {dag.py:3036} INFO - Sync 2 DAGs
[2025-05-31T21:29:39.024-0300] {logging_mixin.py:188} INFO - [2025-05-31T21:29:39.024-0300] {dag.py:3823} INFO - Setting next_dagrun for example_xcom_args to None, run_after=None
[2025-05-31T21:29:39.026-0300] {logging_mixin.py:188} INFO - [2025-05-31T21:29:39.026-0300] {dag.py:3823} INFO - Setting next_dagrun for example_xcom_args_with_operators to None, run_after=None
[2025-05-31T21:29:39.041-0300] {processor.py:183} INFO - Processing /home/walterg/Documentos/Data_projects/Data-Warehouse-postgres-DBT-airflow-/.venv/lib/python3.11/site-packages/airflow/example_dags/example_xcomargs.py took 0.049 seconds
[2025-05-31T21:30:17.872-0300] {processor.py:161} INFO - Started process (PID=41861) to work on /home/walterg/Documentos/Data_projects/Data-Warehouse-postgres-DBT-airflow-/.venv/lib/python3.11/site-packages/airflow/example_dags/example_xcomargs.py
[2025-05-31T21:30:17.877-0300] {processor.py:830} INFO - Processing file /home/walterg/Documentos/Data_projects/Data-Warehouse-postgres-DBT-airflow-/.venv/lib/python3.11/site-packages/airflow/example_dags/example_xcomargs.py for tasks to queue
[2025-05-31T21:30:17.878-0300] {logging_mixin.py:188} INFO - [2025-05-31T21:30:17.877-0300] {dagbag.py:538} INFO - Filling up the DagBag from /home/walterg/Documentos/Data_projects/Data-Warehouse-postgres-DBT-airflow-/.venv/lib/python3.11/site-packages/airflow/example_dags/example_xcomargs.py
[2025-05-31T21:30:17.885-0300] {processor.py:840} INFO - DAG(s) 'example_xcom_args_with_operators', 'example_xcom_args' retrieved from /home/walterg/Documentos/Data_projects/Data-Warehouse-postgres-DBT-airflow-/.venv/lib/python3.11/site-packages/airflow/example_dags/example_xcomargs.py
[2025-05-31T21:30:17.898-0300] {logging_mixin.py:188} INFO - [2025-05-31T21:30:17.898-0300] {dag.py:3036} INFO - Sync 2 DAGs
[2025-05-31T21:30:17.906-0300] {logging_mixin.py:188} INFO - [2025-05-31T21:30:17.906-0300] {dag.py:3823} INFO - Setting next_dagrun for example_xcom_args to None, run_after=None
[2025-05-31T21:30:17.908-0300] {logging_mixin.py:188} INFO - [2025-05-31T21:30:17.908-0300] {dag.py:3823} INFO - Setting next_dagrun for example_xcom_args_with_operators to None, run_after=None
[2025-05-31T21:30:17.923-0300] {processor.py:183} INFO - Processing /home/walterg/Documentos/Data_projects/Data-Warehouse-postgres-DBT-airflow-/.venv/lib/python3.11/site-packages/airflow/example_dags/example_xcomargs.py took 0.053 seconds
[2025-05-31T21:30:56.986-0300] {processor.py:161} INFO - Started process (PID=41990) to work on /home/walterg/Documentos/Data_projects/Data-Warehouse-postgres-DBT-airflow-/.venv/lib/python3.11/site-packages/airflow/example_dags/example_xcomargs.py
[2025-05-31T21:30:56.993-0300] {processor.py:830} INFO - Processing file /home/walterg/Documentos/Data_projects/Data-Warehouse-postgres-DBT-airflow-/.venv/lib/python3.11/site-packages/airflow/example_dags/example_xcomargs.py for tasks to queue
[2025-05-31T21:30:56.995-0300] {logging_mixin.py:188} INFO - [2025-05-31T21:30:56.994-0300] {dagbag.py:538} INFO - Filling up the DagBag from /home/walterg/Documentos/Data_projects/Data-Warehouse-postgres-DBT-airflow-/.venv/lib/python3.11/site-packages/airflow/example_dags/example_xcomargs.py
[2025-05-31T21:30:57.003-0300] {processor.py:840} INFO - DAG(s) 'example_xcom_args_with_operators', 'example_xcom_args' retrieved from /home/walterg/Documentos/Data_projects/Data-Warehouse-postgres-DBT-airflow-/.venv/lib/python3.11/site-packages/airflow/example_dags/example_xcomargs.py
[2025-05-31T21:30:57.017-0300] {logging_mixin.py:188} INFO - [2025-05-31T21:30:57.017-0300] {dag.py:3036} INFO - Sync 2 DAGs
[2025-05-31T21:30:57.027-0300] {logging_mixin.py:188} INFO - [2025-05-31T21:30:57.027-0300] {dag.py:3823} INFO - Setting next_dagrun for example_xcom_args to None, run_after=None
[2025-05-31T21:30:57.029-0300] {logging_mixin.py:188} INFO - [2025-05-31T21:30:57.029-0300] {dag.py:3823} INFO - Setting next_dagrun for example_xcom_args_with_operators to None, run_after=None
[2025-05-31T21:30:57.046-0300] {processor.py:183} INFO - Processing /home/walterg/Documentos/Data_projects/Data-Warehouse-postgres-DBT-airflow-/.venv/lib/python3.11/site-packages/airflow/example_dags/example_xcomargs.py took 0.062 seconds
[2025-05-31T21:31:38.569-0300] {processor.py:161} INFO - Started process (PID=42161) to work on /home/walterg/Documentos/Data_projects/Data-Warehouse-postgres-DBT-airflow-/.venv/lib/python3.11/site-packages/airflow/example_dags/example_xcomargs.py
[2025-05-31T21:31:38.574-0300] {processor.py:830} INFO - Processing file /home/walterg/Documentos/Data_projects/Data-Warehouse-postgres-DBT-airflow-/.venv/lib/python3.11/site-packages/airflow/example_dags/example_xcomargs.py for tasks to queue
[2025-05-31T21:31:38.574-0300] {logging_mixin.py:188} INFO - [2025-05-31T21:31:38.574-0300] {dagbag.py:538} INFO - Filling up the DagBag from /home/walterg/Documentos/Data_projects/Data-Warehouse-postgres-DBT-airflow-/.venv/lib/python3.11/site-packages/airflow/example_dags/example_xcomargs.py
[2025-05-31T21:31:38.581-0300] {processor.py:840} INFO - DAG(s) 'example_xcom_args', 'example_xcom_args_with_operators' retrieved from /home/walterg/Documentos/Data_projects/Data-Warehouse-postgres-DBT-airflow-/.venv/lib/python3.11/site-packages/airflow/example_dags/example_xcomargs.py
[2025-05-31T21:31:38.595-0300] {logging_mixin.py:188} INFO - [2025-05-31T21:31:38.594-0300] {dag.py:3036} INFO - Sync 2 DAGs
[2025-05-31T21:31:38.602-0300] {logging_mixin.py:188} INFO - [2025-05-31T21:31:38.602-0300] {dag.py:3823} INFO - Setting next_dagrun for example_xcom_args to None, run_after=None
[2025-05-31T21:31:38.604-0300] {logging_mixin.py:188} INFO - [2025-05-31T21:31:38.604-0300] {dag.py:3823} INFO - Setting next_dagrun for example_xcom_args_with_operators to None, run_after=None
[2025-05-31T21:31:38.620-0300] {processor.py:183} INFO - Processing /home/walterg/Documentos/Data_projects/Data-Warehouse-postgres-DBT-airflow-/.venv/lib/python3.11/site-packages/airflow/example_dags/example_xcomargs.py took 0.054 seconds
[2025-05-31T21:32:16.037-0300] {processor.py:161} INFO - Started process (PID=42370) to work on /home/walterg/Documentos/Data_projects/Data-Warehouse-postgres-DBT-airflow-/.venv/lib/python3.11/site-packages/airflow/example_dags/example_xcomargs.py
[2025-05-31T21:32:16.043-0300] {processor.py:830} INFO - Processing file /home/walterg/Documentos/Data_projects/Data-Warehouse-postgres-DBT-airflow-/.venv/lib/python3.11/site-packages/airflow/example_dags/example_xcomargs.py for tasks to queue
[2025-05-31T21:32:16.043-0300] {logging_mixin.py:188} INFO - [2025-05-31T21:32:16.043-0300] {dagbag.py:538} INFO - Filling up the DagBag from /home/walterg/Documentos/Data_projects/Data-Warehouse-postgres-DBT-airflow-/.venv/lib/python3.11/site-packages/airflow/example_dags/example_xcomargs.py
[2025-05-31T21:32:16.051-0300] {processor.py:840} INFO - DAG(s) 'example_xcom_args_with_operators', 'example_xcom_args' retrieved from /home/walterg/Documentos/Data_projects/Data-Warehouse-postgres-DBT-airflow-/.venv/lib/python3.11/site-packages/airflow/example_dags/example_xcomargs.py
[2025-05-31T21:32:16.067-0300] {logging_mixin.py:188} INFO - [2025-05-31T21:32:16.067-0300] {dag.py:3036} INFO - Sync 2 DAGs
[2025-05-31T21:32:16.076-0300] {logging_mixin.py:188} INFO - [2025-05-31T21:32:16.076-0300] {dag.py:3823} INFO - Setting next_dagrun for example_xcom_args to None, run_after=None
[2025-05-31T21:32:16.078-0300] {logging_mixin.py:188} INFO - [2025-05-31T21:32:16.078-0300] {dag.py:3823} INFO - Setting next_dagrun for example_xcom_args_with_operators to None, run_after=None
[2025-05-31T21:32:16.095-0300] {processor.py:183} INFO - Processing /home/walterg/Documentos/Data_projects/Data-Warehouse-postgres-DBT-airflow-/.venv/lib/python3.11/site-packages/airflow/example_dags/example_xcomargs.py took 0.061 seconds
[2025-05-31T21:32:59.836-0300] {processor.py:161} INFO - Started process (PID=42692) to work on /home/walterg/Documentos/Data_projects/Data-Warehouse-postgres-DBT-airflow-/.venv/lib/python3.11/site-packages/airflow/example_dags/example_xcomargs.py
[2025-05-31T21:32:59.841-0300] {processor.py:830} INFO - Processing file /home/walterg/Documentos/Data_projects/Data-Warehouse-postgres-DBT-airflow-/.venv/lib/python3.11/site-packages/airflow/example_dags/example_xcomargs.py for tasks to queue
[2025-05-31T21:32:59.842-0300] {logging_mixin.py:188} INFO - [2025-05-31T21:32:59.842-0300] {dagbag.py:538} INFO - Filling up the DagBag from /home/walterg/Documentos/Data_projects/Data-Warehouse-postgres-DBT-airflow-/.venv/lib/python3.11/site-packages/airflow/example_dags/example_xcomargs.py
[2025-05-31T21:32:59.849-0300] {processor.py:840} INFO - DAG(s) 'example_xcom_args_with_operators', 'example_xcom_args' retrieved from /home/walterg/Documentos/Data_projects/Data-Warehouse-postgres-DBT-airflow-/.venv/lib/python3.11/site-packages/airflow/example_dags/example_xcomargs.py
[2025-05-31T21:32:59.862-0300] {logging_mixin.py:188} INFO - [2025-05-31T21:32:59.862-0300] {dag.py:3036} INFO - Sync 2 DAGs
[2025-05-31T21:32:59.870-0300] {logging_mixin.py:188} INFO - [2025-05-31T21:32:59.870-0300] {dag.py:3823} INFO - Setting next_dagrun for example_xcom_args to None, run_after=None
[2025-05-31T21:32:59.872-0300] {logging_mixin.py:188} INFO - [2025-05-31T21:32:59.872-0300] {dag.py:3823} INFO - Setting next_dagrun for example_xcom_args_with_operators to None, run_after=None
[2025-05-31T21:32:59.887-0300] {processor.py:183} INFO - Processing /home/walterg/Documentos/Data_projects/Data-Warehouse-postgres-DBT-airflow-/.venv/lib/python3.11/site-packages/airflow/example_dags/example_xcomargs.py took 0.054 seconds
[2025-05-31T21:33:43.565-0300] {processor.py:161} INFO - Started process (PID=42901) to work on /home/walterg/Documentos/Data_projects/Data-Warehouse-postgres-DBT-airflow-/.venv/lib/python3.11/site-packages/airflow/example_dags/example_xcomargs.py
[2025-05-31T21:33:43.570-0300] {processor.py:830} INFO - Processing file /home/walterg/Documentos/Data_projects/Data-Warehouse-postgres-DBT-airflow-/.venv/lib/python3.11/site-packages/airflow/example_dags/example_xcomargs.py for tasks to queue
[2025-05-31T21:33:43.572-0300] {logging_mixin.py:188} INFO - [2025-05-31T21:33:43.571-0300] {dagbag.py:538} INFO - Filling up the DagBag from /home/walterg/Documentos/Data_projects/Data-Warehouse-postgres-DBT-airflow-/.venv/lib/python3.11/site-packages/airflow/example_dags/example_xcomargs.py
[2025-05-31T21:33:43.579-0300] {processor.py:840} INFO - DAG(s) 'example_xcom_args', 'example_xcom_args_with_operators' retrieved from /home/walterg/Documentos/Data_projects/Data-Warehouse-postgres-DBT-airflow-/.venv/lib/python3.11/site-packages/airflow/example_dags/example_xcomargs.py
[2025-05-31T21:33:43.593-0300] {logging_mixin.py:188} INFO - [2025-05-31T21:33:43.593-0300] {dag.py:3036} INFO - Sync 2 DAGs
[2025-05-31T21:33:43.600-0300] {logging_mixin.py:188} INFO - [2025-05-31T21:33:43.600-0300] {dag.py:3823} INFO - Setting next_dagrun for example_xcom_args to None, run_after=None
[2025-05-31T21:33:43.602-0300] {logging_mixin.py:188} INFO - [2025-05-31T21:33:43.602-0300] {dag.py:3823} INFO - Setting next_dagrun for example_xcom_args_with_operators to None, run_after=None
[2025-05-31T21:33:43.617-0300] {processor.py:183} INFO - Processing /home/walterg/Documentos/Data_projects/Data-Warehouse-postgres-DBT-airflow-/.venv/lib/python3.11/site-packages/airflow/example_dags/example_xcomargs.py took 0.055 seconds
[2025-05-31T21:34:20.689-0300] {processor.py:161} INFO - Started process (PID=42958) to work on /home/walterg/Documentos/Data_projects/Data-Warehouse-postgres-DBT-airflow-/.venv/lib/python3.11/site-packages/airflow/example_dags/example_xcomargs.py
[2025-05-31T21:34:20.694-0300] {processor.py:830} INFO - Processing file /home/walterg/Documentos/Data_projects/Data-Warehouse-postgres-DBT-airflow-/.venv/lib/python3.11/site-packages/airflow/example_dags/example_xcomargs.py for tasks to queue
[2025-05-31T21:34:20.695-0300] {logging_mixin.py:188} INFO - [2025-05-31T21:34:20.695-0300] {dagbag.py:538} INFO - Filling up the DagBag from /home/walterg/Documentos/Data_projects/Data-Warehouse-postgres-DBT-airflow-/.venv/lib/python3.11/site-packages/airflow/example_dags/example_xcomargs.py
[2025-05-31T21:34:20.702-0300] {processor.py:840} INFO - DAG(s) 'example_xcom_args_with_operators', 'example_xcom_args' retrieved from /home/walterg/Documentos/Data_projects/Data-Warehouse-postgres-DBT-airflow-/.venv/lib/python3.11/site-packages/airflow/example_dags/example_xcomargs.py
[2025-05-31T21:34:20.717-0300] {logging_mixin.py:188} INFO - [2025-05-31T21:34:20.717-0300] {dag.py:3036} INFO - Sync 2 DAGs
[2025-05-31T21:34:20.726-0300] {logging_mixin.py:188} INFO - [2025-05-31T21:34:20.725-0300] {dag.py:3823} INFO - Setting next_dagrun for example_xcom_args to None, run_after=None
[2025-05-31T21:34:20.728-0300] {logging_mixin.py:188} INFO - [2025-05-31T21:34:20.728-0300] {dag.py:3823} INFO - Setting next_dagrun for example_xcom_args_with_operators to None, run_after=None
[2025-05-31T21:34:20.743-0300] {processor.py:183} INFO - Processing /home/walterg/Documentos/Data_projects/Data-Warehouse-postgres-DBT-airflow-/.venv/lib/python3.11/site-packages/airflow/example_dags/example_xcomargs.py took 0.058 seconds
