[2025-05-31T21:00:16.252-0300] {processor.py:161} INFO - Started process (PID=32641) to work on /home/walterg/Documentos/Data_projects/Data-Warehouse-postgres-DBT-airflow-/.venv/lib/python3.11/site-packages/airflow/example_dags/example_python_decorator.py
[2025-05-31T21:00:16.253-0300] {processor.py:830} INFO - Processing file /home/walterg/Documentos/Data_projects/Data-Warehouse-postgres-DBT-airflow-/.venv/lib/python3.11/site-packages/airflow/example_dags/example_python_decorator.py for tasks to queue
[2025-05-31T21:00:16.254-0300] {logging_mixin.py:188} INFO - [2025-05-31T21:00:16.253-0300] {dagbag.py:538} INFO - Filling up the DagBag from /home/walterg/Documentos/Data_projects/Data-Warehouse-postgres-DBT-airflow-/.venv/lib/python3.11/site-packages/airflow/example_dags/example_python_decorator.py
[2025-05-31T21:00:16.260-0300] {logging_mixin.py:188} INFO - [2025-05-31T21:00:16.260-0300] {example_python_decorator.py:79} WARNING - The virtalenv_python example task requires virtualenv, please install it.
[2025-05-31T21:00:16.261-0300] {processor.py:840} INFO - DAG(s) 'example_python_decorator' retrieved from /home/walterg/Documentos/Data_projects/Data-Warehouse-postgres-DBT-airflow-/.venv/lib/python3.11/site-packages/airflow/example_dags/example_python_decorator.py
[2025-05-31T21:00:16.273-0300] {logging_mixin.py:188} INFO - [2025-05-31T21:00:16.273-0300] {dag.py:3036} INFO - Sync 1 DAGs
[2025-05-31T21:00:16.281-0300] {logging_mixin.py:188} INFO - [2025-05-31T21:00:16.281-0300] {dag.py:3823} INFO - Setting next_dagrun for example_python_decorator to None, run_after=None
[2025-05-31T21:00:16.302-0300] {processor.py:183} INFO - Processing /home/walterg/Documentos/Data_projects/Data-Warehouse-postgres-DBT-airflow-/.venv/lib/python3.11/site-packages/airflow/example_dags/example_python_decorator.py took 0.052 seconds
[2025-05-31T21:00:56.513-0300] {processor.py:161} INFO - Started process (PID=32780) to work on /home/walterg/Documentos/Data_projects/Data-Warehouse-postgres-DBT-airflow-/.venv/lib/python3.11/site-packages/airflow/example_dags/example_python_decorator.py
[2025-05-31T21:00:56.518-0300] {processor.py:830} INFO - Processing file /home/walterg/Documentos/Data_projects/Data-Warehouse-postgres-DBT-airflow-/.venv/lib/python3.11/site-packages/airflow/example_dags/example_python_decorator.py for tasks to queue
[2025-05-31T21:00:56.519-0300] {logging_mixin.py:188} INFO - [2025-05-31T21:00:56.519-0300] {dagbag.py:538} INFO - Filling up the DagBag from /home/walterg/Documentos/Data_projects/Data-Warehouse-postgres-DBT-airflow-/.venv/lib/python3.11/site-packages/airflow/example_dags/example_python_decorator.py
[2025-05-31T21:00:56.527-0300] {logging_mixin.py:188} INFO - [2025-05-31T21:00:56.526-0300] {example_python_decorator.py:79} WARNING - The virtalenv_python example task requires virtualenv, please install it.
[2025-05-31T21:00:56.527-0300] {processor.py:840} INFO - DAG(s) 'example_python_decorator' retrieved from /home/walterg/Documentos/Data_projects/Data-Warehouse-postgres-DBT-airflow-/.venv/lib/python3.11/site-packages/airflow/example_dags/example_python_decorator.py
[2025-05-31T21:00:56.541-0300] {logging_mixin.py:188} INFO - [2025-05-31T21:00:56.540-0300] {dag.py:3036} INFO - Sync 1 DAGs
[2025-05-31T21:00:56.549-0300] {logging_mixin.py:188} INFO - [2025-05-31T21:00:56.549-0300] {dag.py:3823} INFO - Setting next_dagrun for example_python_decorator to None, run_after=None
[2025-05-31T21:00:56.567-0300] {processor.py:183} INFO - Processing /home/walterg/Documentos/Data_projects/Data-Warehouse-postgres-DBT-airflow-/.venv/lib/python3.11/site-packages/airflow/example_dags/example_python_decorator.py took 0.056 seconds
[2025-05-31T21:01:38.700-0300] {processor.py:161} INFO - Started process (PID=33043) to work on /home/walterg/Documentos/Data_projects/Data-Warehouse-postgres-DBT-airflow-/.venv/lib/python3.11/site-packages/airflow/example_dags/example_python_decorator.py
[2025-05-31T21:01:38.705-0300] {processor.py:830} INFO - Processing file /home/walterg/Documentos/Data_projects/Data-Warehouse-postgres-DBT-airflow-/.venv/lib/python3.11/site-packages/airflow/example_dags/example_python_decorator.py for tasks to queue
[2025-05-31T21:01:38.706-0300] {logging_mixin.py:188} INFO - [2025-05-31T21:01:38.706-0300] {dagbag.py:538} INFO - Filling up the DagBag from /home/walterg/Documentos/Data_projects/Data-Warehouse-postgres-DBT-airflow-/.venv/lib/python3.11/site-packages/airflow/example_dags/example_python_decorator.py
[2025-05-31T21:01:38.715-0300] {logging_mixin.py:188} INFO - [2025-05-31T21:01:38.715-0300] {example_python_decorator.py:79} WARNING - The virtalenv_python example task requires virtualenv, please install it.
[2025-05-31T21:01:38.715-0300] {processor.py:840} INFO - DAG(s) 'example_python_decorator' retrieved from /home/walterg/Documentos/Data_projects/Data-Warehouse-postgres-DBT-airflow-/.venv/lib/python3.11/site-packages/airflow/example_dags/example_python_decorator.py
[2025-05-31T21:01:38.731-0300] {logging_mixin.py:188} INFO - [2025-05-31T21:01:38.730-0300] {dag.py:3036} INFO - Sync 1 DAGs
[2025-05-31T21:01:38.740-0300] {logging_mixin.py:188} INFO - [2025-05-31T21:01:38.740-0300] {dag.py:3823} INFO - Setting next_dagrun for example_python_decorator to None, run_after=None
[2025-05-31T21:01:38.761-0300] {processor.py:183} INFO - Processing /home/walterg/Documentos/Data_projects/Data-Warehouse-postgres-DBT-airflow-/.venv/lib/python3.11/site-packages/airflow/example_dags/example_python_decorator.py took 0.064 seconds
[2025-05-31T21:02:22.905-0300] {processor.py:161} INFO - Started process (PID=33347) to work on /home/walterg/Documentos/Data_projects/Data-Warehouse-postgres-DBT-airflow-/.venv/lib/python3.11/site-packages/airflow/example_dags/example_python_decorator.py
[2025-05-31T21:02:22.910-0300] {processor.py:830} INFO - Processing file /home/walterg/Documentos/Data_projects/Data-Warehouse-postgres-DBT-airflow-/.venv/lib/python3.11/site-packages/airflow/example_dags/example_python_decorator.py for tasks to queue
[2025-05-31T21:02:22.911-0300] {logging_mixin.py:188} INFO - [2025-05-31T21:02:22.911-0300] {dagbag.py:538} INFO - Filling up the DagBag from /home/walterg/Documentos/Data_projects/Data-Warehouse-postgres-DBT-airflow-/.venv/lib/python3.11/site-packages/airflow/example_dags/example_python_decorator.py
[2025-05-31T21:02:22.918-0300] {logging_mixin.py:188} INFO - [2025-05-31T21:02:22.918-0300] {example_python_decorator.py:79} WARNING - The virtalenv_python example task requires virtualenv, please install it.
[2025-05-31T21:02:22.918-0300] {processor.py:840} INFO - DAG(s) 'example_python_decorator' retrieved from /home/walterg/Documentos/Data_projects/Data-Warehouse-postgres-DBT-airflow-/.venv/lib/python3.11/site-packages/airflow/example_dags/example_python_decorator.py
[2025-05-31T21:02:22.931-0300] {logging_mixin.py:188} INFO - [2025-05-31T21:02:22.931-0300] {dag.py:3036} INFO - Sync 1 DAGs
[2025-05-31T21:02:22.939-0300] {logging_mixin.py:188} INFO - [2025-05-31T21:02:22.939-0300] {dag.py:3823} INFO - Setting next_dagrun for example_python_decorator to None, run_after=None
[2025-05-31T21:02:22.956-0300] {processor.py:183} INFO - Processing /home/walterg/Documentos/Data_projects/Data-Warehouse-postgres-DBT-airflow-/.venv/lib/python3.11/site-packages/airflow/example_dags/example_python_decorator.py took 0.053 seconds
[2025-05-31T21:03:11.834-0300] {processor.py:161} INFO - Started process (PID=33546) to work on /home/walterg/Documentos/Data_projects/Data-Warehouse-postgres-DBT-airflow-/.venv/lib/python3.11/site-packages/airflow/example_dags/example_python_decorator.py
[2025-05-31T21:03:11.839-0300] {processor.py:830} INFO - Processing file /home/walterg/Documentos/Data_projects/Data-Warehouse-postgres-DBT-airflow-/.venv/lib/python3.11/site-packages/airflow/example_dags/example_python_decorator.py for tasks to queue
[2025-05-31T21:03:11.841-0300] {logging_mixin.py:188} INFO - [2025-05-31T21:03:11.840-0300] {dagbag.py:538} INFO - Filling up the DagBag from /home/walterg/Documentos/Data_projects/Data-Warehouse-postgres-DBT-airflow-/.venv/lib/python3.11/site-packages/airflow/example_dags/example_python_decorator.py
[2025-05-31T21:03:11.847-0300] {logging_mixin.py:188} INFO - [2025-05-31T21:03:11.847-0300] {example_python_decorator.py:79} WARNING - The virtalenv_python example task requires virtualenv, please install it.
[2025-05-31T21:03:11.848-0300] {processor.py:840} INFO - DAG(s) 'example_python_decorator' retrieved from /home/walterg/Documentos/Data_projects/Data-Warehouse-postgres-DBT-airflow-/.venv/lib/python3.11/site-packages/airflow/example_dags/example_python_decorator.py
[2025-05-31T21:03:11.862-0300] {logging_mixin.py:188} INFO - [2025-05-31T21:03:11.862-0300] {dag.py:3036} INFO - Sync 1 DAGs
[2025-05-31T21:03:11.870-0300] {logging_mixin.py:188} INFO - [2025-05-31T21:03:11.869-0300] {dag.py:3823} INFO - Setting next_dagrun for example_python_decorator to None, run_after=None
[2025-05-31T21:03:11.886-0300] {processor.py:183} INFO - Processing /home/walterg/Documentos/Data_projects/Data-Warehouse-postgres-DBT-airflow-/.venv/lib/python3.11/site-packages/airflow/example_dags/example_python_decorator.py took 0.055 seconds
[2025-05-31T21:04:13.402-0300] {processor.py:161} INFO - Started process (PID=33808) to work on /home/walterg/Documentos/Data_projects/Data-Warehouse-postgres-DBT-airflow-/.venv/lib/python3.11/site-packages/airflow/example_dags/example_python_decorator.py
[2025-05-31T21:04:13.407-0300] {processor.py:830} INFO - Processing file /home/walterg/Documentos/Data_projects/Data-Warehouse-postgres-DBT-airflow-/.venv/lib/python3.11/site-packages/airflow/example_dags/example_python_decorator.py for tasks to queue
[2025-05-31T21:04:13.407-0300] {logging_mixin.py:188} INFO - [2025-05-31T21:04:13.407-0300] {dagbag.py:538} INFO - Filling up the DagBag from /home/walterg/Documentos/Data_projects/Data-Warehouse-postgres-DBT-airflow-/.venv/lib/python3.11/site-packages/airflow/example_dags/example_python_decorator.py
[2025-05-31T21:04:13.415-0300] {logging_mixin.py:188} INFO - [2025-05-31T21:04:13.415-0300] {example_python_decorator.py:79} WARNING - The virtalenv_python example task requires virtualenv, please install it.
[2025-05-31T21:04:13.416-0300] {processor.py:840} INFO - DAG(s) 'example_python_decorator' retrieved from /home/walterg/Documentos/Data_projects/Data-Warehouse-postgres-DBT-airflow-/.venv/lib/python3.11/site-packages/airflow/example_dags/example_python_decorator.py
[2025-05-31T21:04:13.430-0300] {logging_mixin.py:188} INFO - [2025-05-31T21:04:13.429-0300] {dag.py:3036} INFO - Sync 1 DAGs
[2025-05-31T21:04:13.438-0300] {logging_mixin.py:188} INFO - [2025-05-31T21:04:13.438-0300] {dag.py:3823} INFO - Setting next_dagrun for example_python_decorator to None, run_after=None
[2025-05-31T21:04:13.454-0300] {processor.py:183} INFO - Processing /home/walterg/Documentos/Data_projects/Data-Warehouse-postgres-DBT-airflow-/.venv/lib/python3.11/site-packages/airflow/example_dags/example_python_decorator.py took 0.055 seconds
[2025-05-31T21:05:18.364-0300] {processor.py:161} INFO - Started process (PID=34130) to work on /home/walterg/Documentos/Data_projects/Data-Warehouse-postgres-DBT-airflow-/.venv/lib/python3.11/site-packages/airflow/example_dags/example_python_decorator.py
[2025-05-31T21:05:18.369-0300] {processor.py:830} INFO - Processing file /home/walterg/Documentos/Data_projects/Data-Warehouse-postgres-DBT-airflow-/.venv/lib/python3.11/site-packages/airflow/example_dags/example_python_decorator.py for tasks to queue
[2025-05-31T21:05:18.371-0300] {logging_mixin.py:188} INFO - [2025-05-31T21:05:18.370-0300] {dagbag.py:538} INFO - Filling up the DagBag from /home/walterg/Documentos/Data_projects/Data-Warehouse-postgres-DBT-airflow-/.venv/lib/python3.11/site-packages/airflow/example_dags/example_python_decorator.py
[2025-05-31T21:05:18.378-0300] {logging_mixin.py:188} INFO - [2025-05-31T21:05:18.378-0300] {example_python_decorator.py:79} WARNING - The virtalenv_python example task requires virtualenv, please install it.
[2025-05-31T21:05:18.378-0300] {processor.py:840} INFO - DAG(s) 'example_python_decorator' retrieved from /home/walterg/Documentos/Data_projects/Data-Warehouse-postgres-DBT-airflow-/.venv/lib/python3.11/site-packages/airflow/example_dags/example_python_decorator.py
[2025-05-31T21:05:18.391-0300] {logging_mixin.py:188} INFO - [2025-05-31T21:05:18.391-0300] {dag.py:3036} INFO - Sync 1 DAGs
[2025-05-31T21:05:18.398-0300] {logging_mixin.py:188} INFO - [2025-05-31T21:05:18.398-0300] {dag.py:3823} INFO - Setting next_dagrun for example_python_decorator to None, run_after=None
[2025-05-31T21:05:18.415-0300] {processor.py:183} INFO - Processing /home/walterg/Documentos/Data_projects/Data-Warehouse-postgres-DBT-airflow-/.venv/lib/python3.11/site-packages/airflow/example_dags/example_python_decorator.py took 0.054 seconds
[2025-05-31T21:06:20.934-0300] {processor.py:161} INFO - Started process (PID=34512) to work on /home/walterg/Documentos/Data_projects/Data-Warehouse-postgres-DBT-airflow-/.venv/lib/python3.11/site-packages/airflow/example_dags/example_python_decorator.py
[2025-05-31T21:06:20.939-0300] {processor.py:830} INFO - Processing file /home/walterg/Documentos/Data_projects/Data-Warehouse-postgres-DBT-airflow-/.venv/lib/python3.11/site-packages/airflow/example_dags/example_python_decorator.py for tasks to queue
[2025-05-31T21:06:20.941-0300] {logging_mixin.py:188} INFO - [2025-05-31T21:06:20.940-0300] {dagbag.py:538} INFO - Filling up the DagBag from /home/walterg/Documentos/Data_projects/Data-Warehouse-postgres-DBT-airflow-/.venv/lib/python3.11/site-packages/airflow/example_dags/example_python_decorator.py
[2025-05-31T21:06:20.948-0300] {logging_mixin.py:188} INFO - [2025-05-31T21:06:20.948-0300] {example_python_decorator.py:79} WARNING - The virtalenv_python example task requires virtualenv, please install it.
[2025-05-31T21:06:20.948-0300] {processor.py:840} INFO - DAG(s) 'example_python_decorator' retrieved from /home/walterg/Documentos/Data_projects/Data-Warehouse-postgres-DBT-airflow-/.venv/lib/python3.11/site-packages/airflow/example_dags/example_python_decorator.py
[2025-05-31T21:06:20.961-0300] {logging_mixin.py:188} INFO - [2025-05-31T21:06:20.961-0300] {dag.py:3036} INFO - Sync 1 DAGs
[2025-05-31T21:06:20.969-0300] {logging_mixin.py:188} INFO - [2025-05-31T21:06:20.968-0300] {dag.py:3823} INFO - Setting next_dagrun for example_python_decorator to None, run_after=None
[2025-05-31T21:06:20.987-0300] {processor.py:183} INFO - Processing /home/walterg/Documentos/Data_projects/Data-Warehouse-postgres-DBT-airflow-/.venv/lib/python3.11/site-packages/airflow/example_dags/example_python_decorator.py took 0.055 seconds
[2025-05-31T21:07:09.830-0300] {processor.py:161} INFO - Started process (PID=34723) to work on /home/walterg/Documentos/Data_projects/Data-Warehouse-postgres-DBT-airflow-/.venv/lib/python3.11/site-packages/airflow/example_dags/example_python_decorator.py
[2025-05-31T21:07:09.836-0300] {processor.py:830} INFO - Processing file /home/walterg/Documentos/Data_projects/Data-Warehouse-postgres-DBT-airflow-/.venv/lib/python3.11/site-packages/airflow/example_dags/example_python_decorator.py for tasks to queue
[2025-05-31T21:07:09.837-0300] {logging_mixin.py:188} INFO - [2025-05-31T21:07:09.836-0300] {dagbag.py:538} INFO - Filling up the DagBag from /home/walterg/Documentos/Data_projects/Data-Warehouse-postgres-DBT-airflow-/.venv/lib/python3.11/site-packages/airflow/example_dags/example_python_decorator.py
[2025-05-31T21:07:09.844-0300] {logging_mixin.py:188} INFO - [2025-05-31T21:07:09.844-0300] {example_python_decorator.py:79} WARNING - The virtalenv_python example task requires virtualenv, please install it.
[2025-05-31T21:07:09.844-0300] {processor.py:840} INFO - DAG(s) 'example_python_decorator' retrieved from /home/walterg/Documentos/Data_projects/Data-Warehouse-postgres-DBT-airflow-/.venv/lib/python3.11/site-packages/airflow/example_dags/example_python_decorator.py
[2025-05-31T21:07:09.857-0300] {logging_mixin.py:188} INFO - [2025-05-31T21:07:09.857-0300] {dag.py:3036} INFO - Sync 1 DAGs
[2025-05-31T21:07:09.864-0300] {logging_mixin.py:188} INFO - [2025-05-31T21:07:09.864-0300] {dag.py:3823} INFO - Setting next_dagrun for example_python_decorator to None, run_after=None
[2025-05-31T21:07:09.884-0300] {processor.py:183} INFO - Processing /home/walterg/Documentos/Data_projects/Data-Warehouse-postgres-DBT-airflow-/.venv/lib/python3.11/site-packages/airflow/example_dags/example_python_decorator.py took 0.056 seconds
[2025-05-31T21:08:15.364-0300] {processor.py:161} INFO - Started process (PID=35089) to work on /home/walterg/Documentos/Data_projects/Data-Warehouse-postgres-DBT-airflow-/.venv/lib/python3.11/site-packages/airflow/example_dags/example_python_decorator.py
[2025-05-31T21:08:15.369-0300] {processor.py:830} INFO - Processing file /home/walterg/Documentos/Data_projects/Data-Warehouse-postgres-DBT-airflow-/.venv/lib/python3.11/site-packages/airflow/example_dags/example_python_decorator.py for tasks to queue
[2025-05-31T21:08:15.370-0300] {logging_mixin.py:188} INFO - [2025-05-31T21:08:15.369-0300] {dagbag.py:538} INFO - Filling up the DagBag from /home/walterg/Documentos/Data_projects/Data-Warehouse-postgres-DBT-airflow-/.venv/lib/python3.11/site-packages/airflow/example_dags/example_python_decorator.py
[2025-05-31T21:08:15.377-0300] {logging_mixin.py:188} INFO - [2025-05-31T21:08:15.376-0300] {example_python_decorator.py:79} WARNING - The virtalenv_python example task requires virtualenv, please install it.
[2025-05-31T21:08:15.378-0300] {processor.py:840} INFO - DAG(s) 'example_python_decorator' retrieved from /home/walterg/Documentos/Data_projects/Data-Warehouse-postgres-DBT-airflow-/.venv/lib/python3.11/site-packages/airflow/example_dags/example_python_decorator.py
[2025-05-31T21:08:15.391-0300] {logging_mixin.py:188} INFO - [2025-05-31T21:08:15.391-0300] {dag.py:3036} INFO - Sync 1 DAGs
[2025-05-31T21:08:15.400-0300] {logging_mixin.py:188} INFO - [2025-05-31T21:08:15.400-0300] {dag.py:3823} INFO - Setting next_dagrun for example_python_decorator to None, run_after=None
[2025-05-31T21:08:15.418-0300] {processor.py:183} INFO - Processing /home/walterg/Documentos/Data_projects/Data-Warehouse-postgres-DBT-airflow-/.venv/lib/python3.11/site-packages/airflow/example_dags/example_python_decorator.py took 0.057 seconds
[2025-05-31T21:09:12.274-0300] {processor.py:161} INFO - Started process (PID=35375) to work on /home/walterg/Documentos/Data_projects/Data-Warehouse-postgres-DBT-airflow-/.venv/lib/python3.11/site-packages/airflow/example_dags/example_python_decorator.py
[2025-05-31T21:09:12.279-0300] {processor.py:830} INFO - Processing file /home/walterg/Documentos/Data_projects/Data-Warehouse-postgres-DBT-airflow-/.venv/lib/python3.11/site-packages/airflow/example_dags/example_python_decorator.py for tasks to queue
[2025-05-31T21:09:12.280-0300] {logging_mixin.py:188} INFO - [2025-05-31T21:09:12.280-0300] {dagbag.py:538} INFO - Filling up the DagBag from /home/walterg/Documentos/Data_projects/Data-Warehouse-postgres-DBT-airflow-/.venv/lib/python3.11/site-packages/airflow/example_dags/example_python_decorator.py
[2025-05-31T21:09:12.287-0300] {logging_mixin.py:188} INFO - [2025-05-31T21:09:12.286-0300] {example_python_decorator.py:79} WARNING - The virtalenv_python example task requires virtualenv, please install it.
[2025-05-31T21:09:12.287-0300] {processor.py:840} INFO - DAG(s) 'example_python_decorator' retrieved from /home/walterg/Documentos/Data_projects/Data-Warehouse-postgres-DBT-airflow-/.venv/lib/python3.11/site-packages/airflow/example_dags/example_python_decorator.py
[2025-05-31T21:09:12.300-0300] {logging_mixin.py:188} INFO - [2025-05-31T21:09:12.300-0300] {dag.py:3036} INFO - Sync 1 DAGs
[2025-05-31T21:09:12.308-0300] {logging_mixin.py:188} INFO - [2025-05-31T21:09:12.308-0300] {dag.py:3823} INFO - Setting next_dagrun for example_python_decorator to None, run_after=None
[2025-05-31T21:09:12.325-0300] {processor.py:183} INFO - Processing /home/walterg/Documentos/Data_projects/Data-Warehouse-postgres-DBT-airflow-/.venv/lib/python3.11/site-packages/airflow/example_dags/example_python_decorator.py took 0.054 seconds
[2025-05-31T21:10:14.987-0300] {processor.py:161} INFO - Started process (PID=35715) to work on /home/walterg/Documentos/Data_projects/Data-Warehouse-postgres-DBT-airflow-/.venv/lib/python3.11/site-packages/airflow/example_dags/example_python_decorator.py
[2025-05-31T21:10:14.994-0300] {processor.py:830} INFO - Processing file /home/walterg/Documentos/Data_projects/Data-Warehouse-postgres-DBT-airflow-/.venv/lib/python3.11/site-packages/airflow/example_dags/example_python_decorator.py for tasks to queue
[2025-05-31T21:10:14.996-0300] {logging_mixin.py:188} INFO - [2025-05-31T21:10:14.995-0300] {dagbag.py:538} INFO - Filling up the DagBag from /home/walterg/Documentos/Data_projects/Data-Warehouse-postgres-DBT-airflow-/.venv/lib/python3.11/site-packages/airflow/example_dags/example_python_decorator.py
[2025-05-31T21:10:15.003-0300] {logging_mixin.py:188} INFO - [2025-05-31T21:10:15.002-0300] {example_python_decorator.py:79} WARNING - The virtalenv_python example task requires virtualenv, please install it.
[2025-05-31T21:10:15.003-0300] {processor.py:840} INFO - DAG(s) 'example_python_decorator' retrieved from /home/walterg/Documentos/Data_projects/Data-Warehouse-postgres-DBT-airflow-/.venv/lib/python3.11/site-packages/airflow/example_dags/example_python_decorator.py
[2025-05-31T21:10:15.016-0300] {logging_mixin.py:188} INFO - [2025-05-31T21:10:15.016-0300] {dag.py:3036} INFO - Sync 1 DAGs
[2025-05-31T21:10:15.023-0300] {logging_mixin.py:188} INFO - [2025-05-31T21:10:15.023-0300] {dag.py:3823} INFO - Setting next_dagrun for example_python_decorator to None, run_after=None
[2025-05-31T21:10:15.040-0300] {processor.py:183} INFO - Processing /home/walterg/Documentos/Data_projects/Data-Warehouse-postgres-DBT-airflow-/.venv/lib/python3.11/site-packages/airflow/example_dags/example_python_decorator.py took 0.055 seconds
[2025-05-31T21:10:56.541-0300] {processor.py:161} INFO - Started process (PID=35867) to work on /home/walterg/Documentos/Data_projects/Data-Warehouse-postgres-DBT-airflow-/.venv/lib/python3.11/site-packages/airflow/example_dags/example_python_decorator.py
[2025-05-31T21:10:56.546-0300] {processor.py:830} INFO - Processing file /home/walterg/Documentos/Data_projects/Data-Warehouse-postgres-DBT-airflow-/.venv/lib/python3.11/site-packages/airflow/example_dags/example_python_decorator.py for tasks to queue
[2025-05-31T21:10:56.547-0300] {logging_mixin.py:188} INFO - [2025-05-31T21:10:56.547-0300] {dagbag.py:538} INFO - Filling up the DagBag from /home/walterg/Documentos/Data_projects/Data-Warehouse-postgres-DBT-airflow-/.venv/lib/python3.11/site-packages/airflow/example_dags/example_python_decorator.py
[2025-05-31T21:10:56.554-0300] {logging_mixin.py:188} INFO - [2025-05-31T21:10:56.554-0300] {example_python_decorator.py:79} WARNING - The virtalenv_python example task requires virtualenv, please install it.
[2025-05-31T21:10:56.555-0300] {processor.py:840} INFO - DAG(s) 'example_python_decorator' retrieved from /home/walterg/Documentos/Data_projects/Data-Warehouse-postgres-DBT-airflow-/.venv/lib/python3.11/site-packages/airflow/example_dags/example_python_decorator.py
[2025-05-31T21:10:56.567-0300] {logging_mixin.py:188} INFO - [2025-05-31T21:10:56.567-0300] {dag.py:3036} INFO - Sync 1 DAGs
[2025-05-31T21:10:56.575-0300] {logging_mixin.py:188} INFO - [2025-05-31T21:10:56.575-0300] {dag.py:3823} INFO - Setting next_dagrun for example_python_decorator to None, run_after=None
[2025-05-31T21:10:56.591-0300] {processor.py:183} INFO - Processing /home/walterg/Documentos/Data_projects/Data-Warehouse-postgres-DBT-airflow-/.venv/lib/python3.11/site-packages/airflow/example_dags/example_python_decorator.py took 0.053 seconds
[2025-05-31T21:11:39.710-0300] {processor.py:161} INFO - Started process (PID=36108) to work on /home/walterg/Documentos/Data_projects/Data-Warehouse-postgres-DBT-airflow-/.venv/lib/python3.11/site-packages/airflow/example_dags/example_python_decorator.py
[2025-05-31T21:11:39.711-0300] {processor.py:830} INFO - Processing file /home/walterg/Documentos/Data_projects/Data-Warehouse-postgres-DBT-airflow-/.venv/lib/python3.11/site-packages/airflow/example_dags/example_python_decorator.py for tasks to queue
[2025-05-31T21:11:39.711-0300] {logging_mixin.py:188} INFO - [2025-05-31T21:11:39.711-0300] {dagbag.py:538} INFO - Filling up the DagBag from /home/walterg/Documentos/Data_projects/Data-Warehouse-postgres-DBT-airflow-/.venv/lib/python3.11/site-packages/airflow/example_dags/example_python_decorator.py
[2025-05-31T21:11:39.718-0300] {logging_mixin.py:188} INFO - [2025-05-31T21:11:39.718-0300] {example_python_decorator.py:79} WARNING - The virtalenv_python example task requires virtualenv, please install it.
[2025-05-31T21:11:39.718-0300] {processor.py:840} INFO - DAG(s) 'example_python_decorator' retrieved from /home/walterg/Documentos/Data_projects/Data-Warehouse-postgres-DBT-airflow-/.venv/lib/python3.11/site-packages/airflow/example_dags/example_python_decorator.py
[2025-05-31T21:11:39.731-0300] {logging_mixin.py:188} INFO - [2025-05-31T21:11:39.731-0300] {dag.py:3036} INFO - Sync 1 DAGs
[2025-05-31T21:11:39.739-0300] {logging_mixin.py:188} INFO - [2025-05-31T21:11:39.739-0300] {dag.py:3823} INFO - Setting next_dagrun for example_python_decorator to None, run_after=None
[2025-05-31T21:11:39.755-0300] {processor.py:183} INFO - Processing /home/walterg/Documentos/Data_projects/Data-Warehouse-postgres-DBT-airflow-/.venv/lib/python3.11/site-packages/airflow/example_dags/example_python_decorator.py took 0.047 seconds
[2025-05-31T21:12:25.650-0300] {processor.py:161} INFO - Started process (PID=36304) to work on /home/walterg/Documentos/Data_projects/Data-Warehouse-postgres-DBT-airflow-/.venv/lib/python3.11/site-packages/airflow/example_dags/example_python_decorator.py
[2025-05-31T21:12:25.656-0300] {processor.py:830} INFO - Processing file /home/walterg/Documentos/Data_projects/Data-Warehouse-postgres-DBT-airflow-/.venv/lib/python3.11/site-packages/airflow/example_dags/example_python_decorator.py for tasks to queue
[2025-05-31T21:12:25.657-0300] {logging_mixin.py:188} INFO - [2025-05-31T21:12:25.656-0300] {dagbag.py:538} INFO - Filling up the DagBag from /home/walterg/Documentos/Data_projects/Data-Warehouse-postgres-DBT-airflow-/.venv/lib/python3.11/site-packages/airflow/example_dags/example_python_decorator.py
[2025-05-31T21:12:25.664-0300] {logging_mixin.py:188} INFO - [2025-05-31T21:12:25.664-0300] {example_python_decorator.py:79} WARNING - The virtalenv_python example task requires virtualenv, please install it.
[2025-05-31T21:12:25.665-0300] {processor.py:840} INFO - DAG(s) 'example_python_decorator' retrieved from /home/walterg/Documentos/Data_projects/Data-Warehouse-postgres-DBT-airflow-/.venv/lib/python3.11/site-packages/airflow/example_dags/example_python_decorator.py
[2025-05-31T21:12:25.677-0300] {logging_mixin.py:188} INFO - [2025-05-31T21:12:25.677-0300] {dag.py:3036} INFO - Sync 1 DAGs
[2025-05-31T21:12:25.685-0300] {logging_mixin.py:188} INFO - [2025-05-31T21:12:25.685-0300] {dag.py:3823} INFO - Setting next_dagrun for example_python_decorator to None, run_after=None
[2025-05-31T21:12:25.702-0300] {processor.py:183} INFO - Processing /home/walterg/Documentos/Data_projects/Data-Warehouse-postgres-DBT-airflow-/.venv/lib/python3.11/site-packages/airflow/example_dags/example_python_decorator.py took 0.054 seconds
[2025-05-31T21:13:26.194-0300] {processor.py:161} INFO - Started process (PID=36551) to work on /home/walterg/Documentos/Data_projects/Data-Warehouse-postgres-DBT-airflow-/.venv/lib/python3.11/site-packages/airflow/example_dags/example_python_decorator.py
[2025-05-31T21:13:26.195-0300] {processor.py:830} INFO - Processing file /home/walterg/Documentos/Data_projects/Data-Warehouse-postgres-DBT-airflow-/.venv/lib/python3.11/site-packages/airflow/example_dags/example_python_decorator.py for tasks to queue
[2025-05-31T21:13:26.195-0300] {logging_mixin.py:188} INFO - [2025-05-31T21:13:26.195-0300] {dagbag.py:538} INFO - Filling up the DagBag from /home/walterg/Documentos/Data_projects/Data-Warehouse-postgres-DBT-airflow-/.venv/lib/python3.11/site-packages/airflow/example_dags/example_python_decorator.py
[2025-05-31T21:13:26.202-0300] {logging_mixin.py:188} INFO - [2025-05-31T21:13:26.202-0300] {example_python_decorator.py:79} WARNING - The virtalenv_python example task requires virtualenv, please install it.
[2025-05-31T21:13:26.202-0300] {processor.py:840} INFO - DAG(s) 'example_python_decorator' retrieved from /home/walterg/Documentos/Data_projects/Data-Warehouse-postgres-DBT-airflow-/.venv/lib/python3.11/site-packages/airflow/example_dags/example_python_decorator.py
[2025-05-31T21:13:26.215-0300] {logging_mixin.py:188} INFO - [2025-05-31T21:13:26.215-0300] {dag.py:3036} INFO - Sync 1 DAGs
[2025-05-31T21:13:26.222-0300] {logging_mixin.py:188} INFO - [2025-05-31T21:13:26.222-0300] {dag.py:3823} INFO - Setting next_dagrun for example_python_decorator to None, run_after=None
[2025-05-31T21:13:26.239-0300] {processor.py:183} INFO - Processing /home/walterg/Documentos/Data_projects/Data-Warehouse-postgres-DBT-airflow-/.venv/lib/python3.11/site-packages/airflow/example_dags/example_python_decorator.py took 0.048 seconds
[2025-05-31T21:14:13.665-0300] {processor.py:161} INFO - Started process (PID=36829) to work on /home/walterg/Documentos/Data_projects/Data-Warehouse-postgres-DBT-airflow-/.venv/lib/python3.11/site-packages/airflow/example_dags/example_python_decorator.py
[2025-05-31T21:14:13.671-0300] {processor.py:830} INFO - Processing file /home/walterg/Documentos/Data_projects/Data-Warehouse-postgres-DBT-airflow-/.venv/lib/python3.11/site-packages/airflow/example_dags/example_python_decorator.py for tasks to queue
[2025-05-31T21:14:13.672-0300] {logging_mixin.py:188} INFO - [2025-05-31T21:14:13.671-0300] {dagbag.py:538} INFO - Filling up the DagBag from /home/walterg/Documentos/Data_projects/Data-Warehouse-postgres-DBT-airflow-/.venv/lib/python3.11/site-packages/airflow/example_dags/example_python_decorator.py
[2025-05-31T21:14:13.679-0300] {logging_mixin.py:188} INFO - [2025-05-31T21:14:13.679-0300] {example_python_decorator.py:79} WARNING - The virtalenv_python example task requires virtualenv, please install it.
[2025-05-31T21:14:13.680-0300] {processor.py:840} INFO - DAG(s) 'example_python_decorator' retrieved from /home/walterg/Documentos/Data_projects/Data-Warehouse-postgres-DBT-airflow-/.venv/lib/python3.11/site-packages/airflow/example_dags/example_python_decorator.py
[2025-05-31T21:14:13.694-0300] {logging_mixin.py:188} INFO - [2025-05-31T21:14:13.694-0300] {dag.py:3036} INFO - Sync 1 DAGs
[2025-05-31T21:14:13.704-0300] {logging_mixin.py:188} INFO - [2025-05-31T21:14:13.703-0300] {dag.py:3823} INFO - Setting next_dagrun for example_python_decorator to None, run_after=None
[2025-05-31T21:14:13.723-0300] {processor.py:183} INFO - Processing /home/walterg/Documentos/Data_projects/Data-Warehouse-postgres-DBT-airflow-/.venv/lib/python3.11/site-packages/airflow/example_dags/example_python_decorator.py took 0.061 seconds
[2025-05-31T21:15:13.053-0300] {processor.py:161} INFO - Started process (PID=37193) to work on /home/walterg/Documentos/Data_projects/Data-Warehouse-postgres-DBT-airflow-/.venv/lib/python3.11/site-packages/airflow/example_dags/example_python_decorator.py
[2025-05-31T21:15:13.058-0300] {processor.py:830} INFO - Processing file /home/walterg/Documentos/Data_projects/Data-Warehouse-postgres-DBT-airflow-/.venv/lib/python3.11/site-packages/airflow/example_dags/example_python_decorator.py for tasks to queue
[2025-05-31T21:15:13.059-0300] {logging_mixin.py:188} INFO - [2025-05-31T21:15:13.059-0300] {dagbag.py:538} INFO - Filling up the DagBag from /home/walterg/Documentos/Data_projects/Data-Warehouse-postgres-DBT-airflow-/.venv/lib/python3.11/site-packages/airflow/example_dags/example_python_decorator.py
[2025-05-31T21:15:13.072-0300] {logging_mixin.py:188} INFO - [2025-05-31T21:15:13.071-0300] {example_python_decorator.py:79} WARNING - The virtalenv_python example task requires virtualenv, please install it.
[2025-05-31T21:15:13.073-0300] {processor.py:840} INFO - DAG(s) 'example_python_decorator' retrieved from /home/walterg/Documentos/Data_projects/Data-Warehouse-postgres-DBT-airflow-/.venv/lib/python3.11/site-packages/airflow/example_dags/example_python_decorator.py
[2025-05-31T21:15:13.091-0300] {logging_mixin.py:188} INFO - [2025-05-31T21:15:13.091-0300] {dag.py:3036} INFO - Sync 1 DAGs
[2025-05-31T21:15:13.100-0300] {logging_mixin.py:188} INFO - [2025-05-31T21:15:13.100-0300] {dag.py:3823} INFO - Setting next_dagrun for example_python_decorator to None, run_after=None
[2025-05-31T21:15:13.119-0300] {processor.py:183} INFO - Processing /home/walterg/Documentos/Data_projects/Data-Warehouse-postgres-DBT-airflow-/.venv/lib/python3.11/site-packages/airflow/example_dags/example_python_decorator.py took 0.071 seconds
[2025-05-31T21:16:11.803-0300] {processor.py:161} INFO - Started process (PID=37490) to work on /home/walterg/Documentos/Data_projects/Data-Warehouse-postgres-DBT-airflow-/.venv/lib/python3.11/site-packages/airflow/example_dags/example_python_decorator.py
[2025-05-31T21:16:11.808-0300] {processor.py:830} INFO - Processing file /home/walterg/Documentos/Data_projects/Data-Warehouse-postgres-DBT-airflow-/.venv/lib/python3.11/site-packages/airflow/example_dags/example_python_decorator.py for tasks to queue
[2025-05-31T21:16:11.809-0300] {logging_mixin.py:188} INFO - [2025-05-31T21:16:11.808-0300] {dagbag.py:538} INFO - Filling up the DagBag from /home/walterg/Documentos/Data_projects/Data-Warehouse-postgres-DBT-airflow-/.venv/lib/python3.11/site-packages/airflow/example_dags/example_python_decorator.py
[2025-05-31T21:16:11.815-0300] {logging_mixin.py:188} INFO - [2025-05-31T21:16:11.815-0300] {example_python_decorator.py:79} WARNING - The virtalenv_python example task requires virtualenv, please install it.
[2025-05-31T21:16:11.816-0300] {processor.py:840} INFO - DAG(s) 'example_python_decorator' retrieved from /home/walterg/Documentos/Data_projects/Data-Warehouse-postgres-DBT-airflow-/.venv/lib/python3.11/site-packages/airflow/example_dags/example_python_decorator.py
[2025-05-31T21:16:11.829-0300] {logging_mixin.py:188} INFO - [2025-05-31T21:16:11.829-0300] {dag.py:3036} INFO - Sync 1 DAGs
[2025-05-31T21:16:11.836-0300] {logging_mixin.py:188} INFO - [2025-05-31T21:16:11.836-0300] {dag.py:3823} INFO - Setting next_dagrun for example_python_decorator to None, run_after=None
[2025-05-31T21:16:11.853-0300] {processor.py:183} INFO - Processing /home/walterg/Documentos/Data_projects/Data-Warehouse-postgres-DBT-airflow-/.venv/lib/python3.11/site-packages/airflow/example_dags/example_python_decorator.py took 0.052 seconds
[2025-05-31T21:16:54.121-0300] {processor.py:161} INFO - Started process (PID=37683) to work on /home/walterg/Documentos/Data_projects/Data-Warehouse-postgres-DBT-airflow-/.venv/lib/python3.11/site-packages/airflow/example_dags/example_python_decorator.py
[2025-05-31T21:16:54.125-0300] {processor.py:830} INFO - Processing file /home/walterg/Documentos/Data_projects/Data-Warehouse-postgres-DBT-airflow-/.venv/lib/python3.11/site-packages/airflow/example_dags/example_python_decorator.py for tasks to queue
[2025-05-31T21:16:54.126-0300] {logging_mixin.py:188} INFO - [2025-05-31T21:16:54.126-0300] {dagbag.py:538} INFO - Filling up the DagBag from /home/walterg/Documentos/Data_projects/Data-Warehouse-postgres-DBT-airflow-/.venv/lib/python3.11/site-packages/airflow/example_dags/example_python_decorator.py
[2025-05-31T21:16:54.134-0300] {logging_mixin.py:188} INFO - [2025-05-31T21:16:54.134-0300] {example_python_decorator.py:79} WARNING - The virtalenv_python example task requires virtualenv, please install it.
[2025-05-31T21:16:54.134-0300] {processor.py:840} INFO - DAG(s) 'example_python_decorator' retrieved from /home/walterg/Documentos/Data_projects/Data-Warehouse-postgres-DBT-airflow-/.venv/lib/python3.11/site-packages/airflow/example_dags/example_python_decorator.py
[2025-05-31T21:16:54.147-0300] {logging_mixin.py:188} INFO - [2025-05-31T21:16:54.147-0300] {dag.py:3036} INFO - Sync 1 DAGs
[2025-05-31T21:16:54.154-0300] {logging_mixin.py:188} INFO - [2025-05-31T21:16:54.154-0300] {dag.py:3823} INFO - Setting next_dagrun for example_python_decorator to None, run_after=None
[2025-05-31T21:16:54.171-0300] {processor.py:183} INFO - Processing /home/walterg/Documentos/Data_projects/Data-Warehouse-postgres-DBT-airflow-/.venv/lib/python3.11/site-packages/airflow/example_dags/example_python_decorator.py took 0.053 seconds
[2025-05-31T21:17:38.927-0300] {processor.py:161} INFO - Started process (PID=37886) to work on /home/walterg/Documentos/Data_projects/Data-Warehouse-postgres-DBT-airflow-/.venv/lib/python3.11/site-packages/airflow/example_dags/example_python_decorator.py
[2025-05-31T21:17:38.932-0300] {processor.py:830} INFO - Processing file /home/walterg/Documentos/Data_projects/Data-Warehouse-postgres-DBT-airflow-/.venv/lib/python3.11/site-packages/airflow/example_dags/example_python_decorator.py for tasks to queue
[2025-05-31T21:17:38.934-0300] {logging_mixin.py:188} INFO - [2025-05-31T21:17:38.933-0300] {dagbag.py:538} INFO - Filling up the DagBag from /home/walterg/Documentos/Data_projects/Data-Warehouse-postgres-DBT-airflow-/.venv/lib/python3.11/site-packages/airflow/example_dags/example_python_decorator.py
[2025-05-31T21:17:38.941-0300] {logging_mixin.py:188} INFO - [2025-05-31T21:17:38.941-0300] {example_python_decorator.py:79} WARNING - The virtalenv_python example task requires virtualenv, please install it.
[2025-05-31T21:17:38.941-0300] {processor.py:840} INFO - DAG(s) 'example_python_decorator' retrieved from /home/walterg/Documentos/Data_projects/Data-Warehouse-postgres-DBT-airflow-/.venv/lib/python3.11/site-packages/airflow/example_dags/example_python_decorator.py
[2025-05-31T21:17:38.954-0300] {logging_mixin.py:188} INFO - [2025-05-31T21:17:38.954-0300] {dag.py:3036} INFO - Sync 1 DAGs
[2025-05-31T21:17:38.962-0300] {logging_mixin.py:188} INFO - [2025-05-31T21:17:38.962-0300] {dag.py:3823} INFO - Setting next_dagrun for example_python_decorator to None, run_after=None
[2025-05-31T21:17:38.979-0300] {processor.py:183} INFO - Processing /home/walterg/Documentos/Data_projects/Data-Warehouse-postgres-DBT-airflow-/.venv/lib/python3.11/site-packages/airflow/example_dags/example_python_decorator.py took 0.054 seconds
[2025-05-31T21:18:25.702-0300] {processor.py:161} INFO - Started process (PID=38098) to work on /home/walterg/Documentos/Data_projects/Data-Warehouse-postgres-DBT-airflow-/.venv/lib/python3.11/site-packages/airflow/example_dags/example_python_decorator.py
[2025-05-31T21:18:25.707-0300] {processor.py:830} INFO - Processing file /home/walterg/Documentos/Data_projects/Data-Warehouse-postgres-DBT-airflow-/.venv/lib/python3.11/site-packages/airflow/example_dags/example_python_decorator.py for tasks to queue
[2025-05-31T21:18:25.708-0300] {logging_mixin.py:188} INFO - [2025-05-31T21:18:25.708-0300] {dagbag.py:538} INFO - Filling up the DagBag from /home/walterg/Documentos/Data_projects/Data-Warehouse-postgres-DBT-airflow-/.venv/lib/python3.11/site-packages/airflow/example_dags/example_python_decorator.py
[2025-05-31T21:18:25.715-0300] {logging_mixin.py:188} INFO - [2025-05-31T21:18:25.714-0300] {example_python_decorator.py:79} WARNING - The virtalenv_python example task requires virtualenv, please install it.
[2025-05-31T21:18:25.715-0300] {processor.py:840} INFO - DAG(s) 'example_python_decorator' retrieved from /home/walterg/Documentos/Data_projects/Data-Warehouse-postgres-DBT-airflow-/.venv/lib/python3.11/site-packages/airflow/example_dags/example_python_decorator.py
[2025-05-31T21:18:25.728-0300] {logging_mixin.py:188} INFO - [2025-05-31T21:18:25.728-0300] {dag.py:3036} INFO - Sync 1 DAGs
[2025-05-31T21:18:25.736-0300] {logging_mixin.py:188} INFO - [2025-05-31T21:18:25.736-0300] {dag.py:3823} INFO - Setting next_dagrun for example_python_decorator to None, run_after=None
[2025-05-31T21:18:25.848-0300] {processor.py:183} INFO - Processing /home/walterg/Documentos/Data_projects/Data-Warehouse-postgres-DBT-airflow-/.venv/lib/python3.11/site-packages/airflow/example_dags/example_python_decorator.py took 0.148 seconds
[2025-05-31T21:19:10.022-0300] {processor.py:161} INFO - Started process (PID=38307) to work on /home/walterg/Documentos/Data_projects/Data-Warehouse-postgres-DBT-airflow-/.venv/lib/python3.11/site-packages/airflow/example_dags/example_python_decorator.py
[2025-05-31T21:19:10.027-0300] {processor.py:830} INFO - Processing file /home/walterg/Documentos/Data_projects/Data-Warehouse-postgres-DBT-airflow-/.venv/lib/python3.11/site-packages/airflow/example_dags/example_python_decorator.py for tasks to queue
[2025-05-31T21:19:10.029-0300] {logging_mixin.py:188} INFO - [2025-05-31T21:19:10.028-0300] {dagbag.py:538} INFO - Filling up the DagBag from /home/walterg/Documentos/Data_projects/Data-Warehouse-postgres-DBT-airflow-/.venv/lib/python3.11/site-packages/airflow/example_dags/example_python_decorator.py
[2025-05-31T21:19:10.042-0300] {logging_mixin.py:188} INFO - [2025-05-31T21:19:10.041-0300] {example_python_decorator.py:79} WARNING - The virtalenv_python example task requires virtualenv, please install it.
[2025-05-31T21:19:10.042-0300] {processor.py:840} INFO - DAG(s) 'example_python_decorator' retrieved from /home/walterg/Documentos/Data_projects/Data-Warehouse-postgres-DBT-airflow-/.venv/lib/python3.11/site-packages/airflow/example_dags/example_python_decorator.py
[2025-05-31T21:19:10.065-0300] {logging_mixin.py:188} INFO - [2025-05-31T21:19:10.065-0300] {dag.py:3036} INFO - Sync 1 DAGs
[2025-05-31T21:19:10.077-0300] {logging_mixin.py:188} INFO - [2025-05-31T21:19:10.077-0300] {dag.py:3823} INFO - Setting next_dagrun for example_python_decorator to None, run_after=None
[2025-05-31T21:19:10.094-0300] {processor.py:183} INFO - Processing /home/walterg/Documentos/Data_projects/Data-Warehouse-postgres-DBT-airflow-/.venv/lib/python3.11/site-packages/airflow/example_dags/example_python_decorator.py took 0.075 seconds
[2025-05-31T21:20:13.912-0300] {processor.py:161} INFO - Started process (PID=38581) to work on /home/walterg/Documentos/Data_projects/Data-Warehouse-postgres-DBT-airflow-/.venv/lib/python3.11/site-packages/airflow/example_dags/example_python_decorator.py
[2025-05-31T21:20:13.917-0300] {processor.py:830} INFO - Processing file /home/walterg/Documentos/Data_projects/Data-Warehouse-postgres-DBT-airflow-/.venv/lib/python3.11/site-packages/airflow/example_dags/example_python_decorator.py for tasks to queue
[2025-05-31T21:20:13.918-0300] {logging_mixin.py:188} INFO - [2025-05-31T21:20:13.918-0300] {dagbag.py:538} INFO - Filling up the DagBag from /home/walterg/Documentos/Data_projects/Data-Warehouse-postgres-DBT-airflow-/.venv/lib/python3.11/site-packages/airflow/example_dags/example_python_decorator.py
[2025-05-31T21:20:13.925-0300] {logging_mixin.py:188} INFO - [2025-05-31T21:20:13.925-0300] {example_python_decorator.py:79} WARNING - The virtalenv_python example task requires virtualenv, please install it.
[2025-05-31T21:20:13.925-0300] {processor.py:840} INFO - DAG(s) 'example_python_decorator' retrieved from /home/walterg/Documentos/Data_projects/Data-Warehouse-postgres-DBT-airflow-/.venv/lib/python3.11/site-packages/airflow/example_dags/example_python_decorator.py
[2025-05-31T21:20:13.938-0300] {logging_mixin.py:188} INFO - [2025-05-31T21:20:13.937-0300] {dag.py:3036} INFO - Sync 1 DAGs
[2025-05-31T21:20:13.945-0300] {logging_mixin.py:188} INFO - [2025-05-31T21:20:13.945-0300] {dag.py:3823} INFO - Setting next_dagrun for example_python_decorator to None, run_after=None
[2025-05-31T21:20:13.964-0300] {processor.py:183} INFO - Processing /home/walterg/Documentos/Data_projects/Data-Warehouse-postgres-DBT-airflow-/.venv/lib/python3.11/site-packages/airflow/example_dags/example_python_decorator.py took 0.055 seconds
[2025-05-31T21:21:11.771-0300] {processor.py:161} INFO - Started process (PID=38809) to work on /home/walterg/Documentos/Data_projects/Data-Warehouse-postgres-DBT-airflow-/.venv/lib/python3.11/site-packages/airflow/example_dags/example_python_decorator.py
[2025-05-31T21:21:11.776-0300] {processor.py:830} INFO - Processing file /home/walterg/Documentos/Data_projects/Data-Warehouse-postgres-DBT-airflow-/.venv/lib/python3.11/site-packages/airflow/example_dags/example_python_decorator.py for tasks to queue
[2025-05-31T21:21:11.777-0300] {logging_mixin.py:188} INFO - [2025-05-31T21:21:11.777-0300] {dagbag.py:538} INFO - Filling up the DagBag from /home/walterg/Documentos/Data_projects/Data-Warehouse-postgres-DBT-airflow-/.venv/lib/python3.11/site-packages/airflow/example_dags/example_python_decorator.py
[2025-05-31T21:21:11.784-0300] {logging_mixin.py:188} INFO - [2025-05-31T21:21:11.784-0300] {example_python_decorator.py:79} WARNING - The virtalenv_python example task requires virtualenv, please install it.
[2025-05-31T21:21:11.785-0300] {processor.py:840} INFO - DAG(s) 'example_python_decorator' retrieved from /home/walterg/Documentos/Data_projects/Data-Warehouse-postgres-DBT-airflow-/.venv/lib/python3.11/site-packages/airflow/example_dags/example_python_decorator.py
[2025-05-31T21:21:11.797-0300] {logging_mixin.py:188} INFO - [2025-05-31T21:21:11.797-0300] {dag.py:3036} INFO - Sync 1 DAGs
[2025-05-31T21:21:11.806-0300] {logging_mixin.py:188} INFO - [2025-05-31T21:21:11.805-0300] {dag.py:3823} INFO - Setting next_dagrun for example_python_decorator to None, run_after=None
[2025-05-31T21:21:11.920-0300] {processor.py:183} INFO - Processing /home/walterg/Documentos/Data_projects/Data-Warehouse-postgres-DBT-airflow-/.venv/lib/python3.11/site-packages/airflow/example_dags/example_python_decorator.py took 0.153 seconds
[2025-05-31T21:21:52.867-0300] {processor.py:161} INFO - Started process (PID=39015) to work on /home/walterg/Documentos/Data_projects/Data-Warehouse-postgres-DBT-airflow-/.venv/lib/python3.11/site-packages/airflow/example_dags/example_python_decorator.py
[2025-05-31T21:21:52.872-0300] {processor.py:830} INFO - Processing file /home/walterg/Documentos/Data_projects/Data-Warehouse-postgres-DBT-airflow-/.venv/lib/python3.11/site-packages/airflow/example_dags/example_python_decorator.py for tasks to queue
[2025-05-31T21:21:52.873-0300] {logging_mixin.py:188} INFO - [2025-05-31T21:21:52.873-0300] {dagbag.py:538} INFO - Filling up the DagBag from /home/walterg/Documentos/Data_projects/Data-Warehouse-postgres-DBT-airflow-/.venv/lib/python3.11/site-packages/airflow/example_dags/example_python_decorator.py
[2025-05-31T21:21:52.880-0300] {logging_mixin.py:188} INFO - [2025-05-31T21:21:52.880-0300] {example_python_decorator.py:79} WARNING - The virtalenv_python example task requires virtualenv, please install it.
[2025-05-31T21:21:52.881-0300] {processor.py:840} INFO - DAG(s) 'example_python_decorator' retrieved from /home/walterg/Documentos/Data_projects/Data-Warehouse-postgres-DBT-airflow-/.venv/lib/python3.11/site-packages/airflow/example_dags/example_python_decorator.py
[2025-05-31T21:21:52.894-0300] {logging_mixin.py:188} INFO - [2025-05-31T21:21:52.894-0300] {dag.py:3036} INFO - Sync 1 DAGs
[2025-05-31T21:21:52.902-0300] {logging_mixin.py:188} INFO - [2025-05-31T21:21:52.902-0300] {dag.py:3823} INFO - Setting next_dagrun for example_python_decorator to None, run_after=None
[2025-05-31T21:21:52.918-0300] {processor.py:183} INFO - Processing /home/walterg/Documentos/Data_projects/Data-Warehouse-postgres-DBT-airflow-/.venv/lib/python3.11/site-packages/airflow/example_dags/example_python_decorator.py took 0.054 seconds
[2025-05-31T21:22:36.211-0300] {processor.py:161} INFO - Started process (PID=39293) to work on /home/walterg/Documentos/Data_projects/Data-Warehouse-postgres-DBT-airflow-/.venv/lib/python3.11/site-packages/airflow/example_dags/example_python_decorator.py
[2025-05-31T21:22:36.216-0300] {processor.py:830} INFO - Processing file /home/walterg/Documentos/Data_projects/Data-Warehouse-postgres-DBT-airflow-/.venv/lib/python3.11/site-packages/airflow/example_dags/example_python_decorator.py for tasks to queue
[2025-05-31T21:22:36.217-0300] {logging_mixin.py:188} INFO - [2025-05-31T21:22:36.217-0300] {dagbag.py:538} INFO - Filling up the DagBag from /home/walterg/Documentos/Data_projects/Data-Warehouse-postgres-DBT-airflow-/.venv/lib/python3.11/site-packages/airflow/example_dags/example_python_decorator.py
[2025-05-31T21:22:36.224-0300] {logging_mixin.py:188} INFO - [2025-05-31T21:22:36.224-0300] {example_python_decorator.py:79} WARNING - The virtalenv_python example task requires virtualenv, please install it.
[2025-05-31T21:22:36.224-0300] {processor.py:840} INFO - DAG(s) 'example_python_decorator' retrieved from /home/walterg/Documentos/Data_projects/Data-Warehouse-postgres-DBT-airflow-/.venv/lib/python3.11/site-packages/airflow/example_dags/example_python_decorator.py
[2025-05-31T21:22:36.237-0300] {logging_mixin.py:188} INFO - [2025-05-31T21:22:36.237-0300] {dag.py:3036} INFO - Sync 1 DAGs
[2025-05-31T21:22:36.245-0300] {logging_mixin.py:188} INFO - [2025-05-31T21:22:36.245-0300] {dag.py:3823} INFO - Setting next_dagrun for example_python_decorator to None, run_after=None
[2025-05-31T21:22:36.359-0300] {processor.py:183} INFO - Processing /home/walterg/Documentos/Data_projects/Data-Warehouse-postgres-DBT-airflow-/.venv/lib/python3.11/site-packages/airflow/example_dags/example_python_decorator.py took 0.151 seconds
[2025-05-31T21:23:21.972-0300] {processor.py:161} INFO - Started process (PID=39523) to work on /home/walterg/Documentos/Data_projects/Data-Warehouse-postgres-DBT-airflow-/.venv/lib/python3.11/site-packages/airflow/example_dags/example_python_decorator.py
[2025-05-31T21:23:21.977-0300] {processor.py:830} INFO - Processing file /home/walterg/Documentos/Data_projects/Data-Warehouse-postgres-DBT-airflow-/.venv/lib/python3.11/site-packages/airflow/example_dags/example_python_decorator.py for tasks to queue
[2025-05-31T21:23:21.978-0300] {logging_mixin.py:188} INFO - [2025-05-31T21:23:21.978-0300] {dagbag.py:538} INFO - Filling up the DagBag from /home/walterg/Documentos/Data_projects/Data-Warehouse-postgres-DBT-airflow-/.venv/lib/python3.11/site-packages/airflow/example_dags/example_python_decorator.py
[2025-05-31T21:23:21.985-0300] {logging_mixin.py:188} INFO - [2025-05-31T21:23:21.985-0300] {example_python_decorator.py:79} WARNING - The virtalenv_python example task requires virtualenv, please install it.
[2025-05-31T21:23:21.985-0300] {processor.py:840} INFO - DAG(s) 'example_python_decorator' retrieved from /home/walterg/Documentos/Data_projects/Data-Warehouse-postgres-DBT-airflow-/.venv/lib/python3.11/site-packages/airflow/example_dags/example_python_decorator.py
[2025-05-31T21:23:21.998-0300] {logging_mixin.py:188} INFO - [2025-05-31T21:23:21.998-0300] {dag.py:3036} INFO - Sync 1 DAGs
[2025-05-31T21:23:22.006-0300] {logging_mixin.py:188} INFO - [2025-05-31T21:23:22.005-0300] {dag.py:3823} INFO - Setting next_dagrun for example_python_decorator to None, run_after=None
[2025-05-31T21:23:22.021-0300] {processor.py:183} INFO - Processing /home/walterg/Documentos/Data_projects/Data-Warehouse-postgres-DBT-airflow-/.venv/lib/python3.11/site-packages/airflow/example_dags/example_python_decorator.py took 0.052 seconds
[2025-05-31T21:24:10.932-0300] {processor.py:161} INFO - Started process (PID=39703) to work on /home/walterg/Documentos/Data_projects/Data-Warehouse-postgres-DBT-airflow-/.venv/lib/python3.11/site-packages/airflow/example_dags/example_python_decorator.py
[2025-05-31T21:24:10.937-0300] {processor.py:830} INFO - Processing file /home/walterg/Documentos/Data_projects/Data-Warehouse-postgres-DBT-airflow-/.venv/lib/python3.11/site-packages/airflow/example_dags/example_python_decorator.py for tasks to queue
[2025-05-31T21:24:10.938-0300] {logging_mixin.py:188} INFO - [2025-05-31T21:24:10.937-0300] {dagbag.py:538} INFO - Filling up the DagBag from /home/walterg/Documentos/Data_projects/Data-Warehouse-postgres-DBT-airflow-/.venv/lib/python3.11/site-packages/airflow/example_dags/example_python_decorator.py
[2025-05-31T21:24:10.944-0300] {logging_mixin.py:188} INFO - [2025-05-31T21:24:10.944-0300] {example_python_decorator.py:79} WARNING - The virtalenv_python example task requires virtualenv, please install it.
[2025-05-31T21:24:10.945-0300] {processor.py:840} INFO - DAG(s) 'example_python_decorator' retrieved from /home/walterg/Documentos/Data_projects/Data-Warehouse-postgres-DBT-airflow-/.venv/lib/python3.11/site-packages/airflow/example_dags/example_python_decorator.py
[2025-05-31T21:24:10.957-0300] {logging_mixin.py:188} INFO - [2025-05-31T21:24:10.957-0300] {dag.py:3036} INFO - Sync 1 DAGs
[2025-05-31T21:24:11.071-0300] {logging_mixin.py:188} INFO - [2025-05-31T21:24:11.071-0300] {dag.py:3823} INFO - Setting next_dagrun for example_python_decorator to None, run_after=None
[2025-05-31T21:24:11.091-0300] {processor.py:183} INFO - Processing /home/walterg/Documentos/Data_projects/Data-Warehouse-postgres-DBT-airflow-/.venv/lib/python3.11/site-packages/airflow/example_dags/example_python_decorator.py took 0.162 seconds
[2025-05-31T21:24:57.762-0300] {processor.py:161} INFO - Started process (PID=39852) to work on /home/walterg/Documentos/Data_projects/Data-Warehouse-postgres-DBT-airflow-/.venv/lib/python3.11/site-packages/airflow/example_dags/example_python_decorator.py
[2025-05-31T21:24:57.768-0300] {processor.py:830} INFO - Processing file /home/walterg/Documentos/Data_projects/Data-Warehouse-postgres-DBT-airflow-/.venv/lib/python3.11/site-packages/airflow/example_dags/example_python_decorator.py for tasks to queue
[2025-05-31T21:24:57.769-0300] {logging_mixin.py:188} INFO - [2025-05-31T21:24:57.769-0300] {dagbag.py:538} INFO - Filling up the DagBag from /home/walterg/Documentos/Data_projects/Data-Warehouse-postgres-DBT-airflow-/.venv/lib/python3.11/site-packages/airflow/example_dags/example_python_decorator.py
[2025-05-31T21:24:57.778-0300] {logging_mixin.py:188} INFO - [2025-05-31T21:24:57.778-0300] {example_python_decorator.py:79} WARNING - The virtalenv_python example task requires virtualenv, please install it.
[2025-05-31T21:24:57.778-0300] {processor.py:840} INFO - DAG(s) 'example_python_decorator' retrieved from /home/walterg/Documentos/Data_projects/Data-Warehouse-postgres-DBT-airflow-/.venv/lib/python3.11/site-packages/airflow/example_dags/example_python_decorator.py
[2025-05-31T21:24:57.793-0300] {logging_mixin.py:188} INFO - [2025-05-31T21:24:57.793-0300] {dag.py:3036} INFO - Sync 1 DAGs
[2025-05-31T21:24:57.805-0300] {logging_mixin.py:188} INFO - [2025-05-31T21:24:57.804-0300] {dag.py:3823} INFO - Setting next_dagrun for example_python_decorator to None, run_after=None
[2025-05-31T21:24:57.832-0300] {processor.py:183} INFO - Processing /home/walterg/Documentos/Data_projects/Data-Warehouse-postgres-DBT-airflow-/.venv/lib/python3.11/site-packages/airflow/example_dags/example_python_decorator.py took 0.073 seconds
[2025-05-31T21:25:43.013-0300] {processor.py:161} INFO - Started process (PID=40203) to work on /home/walterg/Documentos/Data_projects/Data-Warehouse-postgres-DBT-airflow-/.venv/lib/python3.11/site-packages/airflow/example_dags/example_python_decorator.py
[2025-05-31T21:25:43.018-0300] {processor.py:830} INFO - Processing file /home/walterg/Documentos/Data_projects/Data-Warehouse-postgres-DBT-airflow-/.venv/lib/python3.11/site-packages/airflow/example_dags/example_python_decorator.py for tasks to queue
[2025-05-31T21:25:43.019-0300] {logging_mixin.py:188} INFO - [2025-05-31T21:25:43.019-0300] {dagbag.py:538} INFO - Filling up the DagBag from /home/walterg/Documentos/Data_projects/Data-Warehouse-postgres-DBT-airflow-/.venv/lib/python3.11/site-packages/airflow/example_dags/example_python_decorator.py
[2025-05-31T21:25:43.026-0300] {logging_mixin.py:188} INFO - [2025-05-31T21:25:43.026-0300] {example_python_decorator.py:79} WARNING - The virtalenv_python example task requires virtualenv, please install it.
[2025-05-31T21:25:43.026-0300] {processor.py:840} INFO - DAG(s) 'example_python_decorator' retrieved from /home/walterg/Documentos/Data_projects/Data-Warehouse-postgres-DBT-airflow-/.venv/lib/python3.11/site-packages/airflow/example_dags/example_python_decorator.py
[2025-05-31T21:25:43.039-0300] {logging_mixin.py:188} INFO - [2025-05-31T21:25:43.039-0300] {dag.py:3036} INFO - Sync 1 DAGs
[2025-05-31T21:25:43.048-0300] {logging_mixin.py:188} INFO - [2025-05-31T21:25:43.048-0300] {dag.py:3823} INFO - Setting next_dagrun for example_python_decorator to None, run_after=None
[2025-05-31T21:25:43.064-0300] {processor.py:183} INFO - Processing /home/walterg/Documentos/Data_projects/Data-Warehouse-postgres-DBT-airflow-/.venv/lib/python3.11/site-packages/airflow/example_dags/example_python_decorator.py took 0.053 seconds
[2025-05-31T21:26:42.867-0300] {processor.py:161} INFO - Started process (PID=40630) to work on /home/walterg/Documentos/Data_projects/Data-Warehouse-postgres-DBT-airflow-/.venv/lib/python3.11/site-packages/airflow/example_dags/example_python_decorator.py
[2025-05-31T21:26:42.868-0300] {processor.py:830} INFO - Processing file /home/walterg/Documentos/Data_projects/Data-Warehouse-postgres-DBT-airflow-/.venv/lib/python3.11/site-packages/airflow/example_dags/example_python_decorator.py for tasks to queue
[2025-05-31T21:26:42.868-0300] {logging_mixin.py:188} INFO - [2025-05-31T21:26:42.868-0300] {dagbag.py:538} INFO - Filling up the DagBag from /home/walterg/Documentos/Data_projects/Data-Warehouse-postgres-DBT-airflow-/.venv/lib/python3.11/site-packages/airflow/example_dags/example_python_decorator.py
[2025-05-31T21:26:42.876-0300] {logging_mixin.py:188} INFO - [2025-05-31T21:26:42.876-0300] {example_python_decorator.py:79} WARNING - The virtalenv_python example task requires virtualenv, please install it.
[2025-05-31T21:26:42.876-0300] {processor.py:840} INFO - DAG(s) 'example_python_decorator' retrieved from /home/walterg/Documentos/Data_projects/Data-Warehouse-postgres-DBT-airflow-/.venv/lib/python3.11/site-packages/airflow/example_dags/example_python_decorator.py
[2025-05-31T21:26:42.892-0300] {logging_mixin.py:188} INFO - [2025-05-31T21:26:42.891-0300] {dag.py:3036} INFO - Sync 1 DAGs
[2025-05-31T21:26:42.900-0300] {logging_mixin.py:188} INFO - [2025-05-31T21:26:42.900-0300] {dag.py:3823} INFO - Setting next_dagrun for example_python_decorator to None, run_after=None
[2025-05-31T21:26:42.918-0300] {processor.py:183} INFO - Processing /home/walterg/Documentos/Data_projects/Data-Warehouse-postgres-DBT-airflow-/.venv/lib/python3.11/site-packages/airflow/example_dags/example_python_decorator.py took 0.054 seconds
[2025-05-31T21:27:43.445-0300] {processor.py:161} INFO - Started process (PID=41170) to work on /home/walterg/Documentos/Data_projects/Data-Warehouse-postgres-DBT-airflow-/.venv/lib/python3.11/site-packages/airflow/example_dags/example_python_decorator.py
[2025-05-31T21:27:43.446-0300] {processor.py:830} INFO - Processing file /home/walterg/Documentos/Data_projects/Data-Warehouse-postgres-DBT-airflow-/.venv/lib/python3.11/site-packages/airflow/example_dags/example_python_decorator.py for tasks to queue
[2025-05-31T21:27:43.447-0300] {logging_mixin.py:188} INFO - [2025-05-31T21:27:43.447-0300] {dagbag.py:538} INFO - Filling up the DagBag from /home/walterg/Documentos/Data_projects/Data-Warehouse-postgres-DBT-airflow-/.venv/lib/python3.11/site-packages/airflow/example_dags/example_python_decorator.py
[2025-05-31T21:27:43.454-0300] {logging_mixin.py:188} INFO - [2025-05-31T21:27:43.454-0300] {example_python_decorator.py:79} WARNING - The virtalenv_python example task requires virtualenv, please install it.
[2025-05-31T21:27:43.454-0300] {processor.py:840} INFO - DAG(s) 'example_python_decorator' retrieved from /home/walterg/Documentos/Data_projects/Data-Warehouse-postgres-DBT-airflow-/.venv/lib/python3.11/site-packages/airflow/example_dags/example_python_decorator.py
[2025-05-31T21:27:43.467-0300] {logging_mixin.py:188} INFO - [2025-05-31T21:27:43.467-0300] {dag.py:3036} INFO - Sync 1 DAGs
[2025-05-31T21:27:43.475-0300] {logging_mixin.py:188} INFO - [2025-05-31T21:27:43.475-0300] {dag.py:3823} INFO - Setting next_dagrun for example_python_decorator to None, run_after=None
[2025-05-31T21:27:43.492-0300] {processor.py:183} INFO - Processing /home/walterg/Documentos/Data_projects/Data-Warehouse-postgres-DBT-airflow-/.venv/lib/python3.11/site-packages/airflow/example_dags/example_python_decorator.py took 0.049 seconds
[2025-05-31T21:28:45.632-0300] {processor.py:161} INFO - Started process (PID=41435) to work on /home/walterg/Documentos/Data_projects/Data-Warehouse-postgres-DBT-airflow-/.venv/lib/python3.11/site-packages/airflow/example_dags/example_python_decorator.py
[2025-05-31T21:28:45.638-0300] {processor.py:830} INFO - Processing file /home/walterg/Documentos/Data_projects/Data-Warehouse-postgres-DBT-airflow-/.venv/lib/python3.11/site-packages/airflow/example_dags/example_python_decorator.py for tasks to queue
[2025-05-31T21:28:45.639-0300] {logging_mixin.py:188} INFO - [2025-05-31T21:28:45.638-0300] {dagbag.py:538} INFO - Filling up the DagBag from /home/walterg/Documentos/Data_projects/Data-Warehouse-postgres-DBT-airflow-/.venv/lib/python3.11/site-packages/airflow/example_dags/example_python_decorator.py
[2025-05-31T21:28:45.646-0300] {logging_mixin.py:188} INFO - [2025-05-31T21:28:45.646-0300] {example_python_decorator.py:79} WARNING - The virtalenv_python example task requires virtualenv, please install it.
[2025-05-31T21:28:45.646-0300] {processor.py:840} INFO - DAG(s) 'example_python_decorator' retrieved from /home/walterg/Documentos/Data_projects/Data-Warehouse-postgres-DBT-airflow-/.venv/lib/python3.11/site-packages/airflow/example_dags/example_python_decorator.py
[2025-05-31T21:28:45.659-0300] {logging_mixin.py:188} INFO - [2025-05-31T21:28:45.659-0300] {dag.py:3036} INFO - Sync 1 DAGs
[2025-05-31T21:28:45.667-0300] {logging_mixin.py:188} INFO - [2025-05-31T21:28:45.666-0300] {dag.py:3823} INFO - Setting next_dagrun for example_python_decorator to None, run_after=None
[2025-05-31T21:28:45.684-0300] {processor.py:183} INFO - Processing /home/walterg/Documentos/Data_projects/Data-Warehouse-postgres-DBT-airflow-/.venv/lib/python3.11/site-packages/airflow/example_dags/example_python_decorator.py took 0.054 seconds
[2025-05-31T21:29:45.291-0300] {processor.py:161} INFO - Started process (PID=41700) to work on /home/walterg/Documentos/Data_projects/Data-Warehouse-postgres-DBT-airflow-/.venv/lib/python3.11/site-packages/airflow/example_dags/example_python_decorator.py
[2025-05-31T21:29:45.296-0300] {processor.py:830} INFO - Processing file /home/walterg/Documentos/Data_projects/Data-Warehouse-postgres-DBT-airflow-/.venv/lib/python3.11/site-packages/airflow/example_dags/example_python_decorator.py for tasks to queue
[2025-05-31T21:29:45.298-0300] {logging_mixin.py:188} INFO - [2025-05-31T21:29:45.297-0300] {dagbag.py:538} INFO - Filling up the DagBag from /home/walterg/Documentos/Data_projects/Data-Warehouse-postgres-DBT-airflow-/.venv/lib/python3.11/site-packages/airflow/example_dags/example_python_decorator.py
[2025-05-31T21:29:45.305-0300] {logging_mixin.py:188} INFO - [2025-05-31T21:29:45.305-0300] {example_python_decorator.py:79} WARNING - The virtalenv_python example task requires virtualenv, please install it.
[2025-05-31T21:29:45.305-0300] {processor.py:840} INFO - DAG(s) 'example_python_decorator' retrieved from /home/walterg/Documentos/Data_projects/Data-Warehouse-postgres-DBT-airflow-/.venv/lib/python3.11/site-packages/airflow/example_dags/example_python_decorator.py
[2025-05-31T21:29:45.317-0300] {logging_mixin.py:188} INFO - [2025-05-31T21:29:45.317-0300] {dag.py:3036} INFO - Sync 1 DAGs
[2025-05-31T21:29:45.325-0300] {logging_mixin.py:188} INFO - [2025-05-31T21:29:45.325-0300] {dag.py:3823} INFO - Setting next_dagrun for example_python_decorator to None, run_after=None
[2025-05-31T21:29:45.343-0300] {processor.py:183} INFO - Processing /home/walterg/Documentos/Data_projects/Data-Warehouse-postgres-DBT-airflow-/.venv/lib/python3.11/site-packages/airflow/example_dags/example_python_decorator.py took 0.054 seconds
[2025-05-31T21:30:44.963-0300] {processor.py:161} INFO - Started process (PID=41916) to work on /home/walterg/Documentos/Data_projects/Data-Warehouse-postgres-DBT-airflow-/.venv/lib/python3.11/site-packages/airflow/example_dags/example_python_decorator.py
[2025-05-31T21:30:44.968-0300] {processor.py:830} INFO - Processing file /home/walterg/Documentos/Data_projects/Data-Warehouse-postgres-DBT-airflow-/.venv/lib/python3.11/site-packages/airflow/example_dags/example_python_decorator.py for tasks to queue
[2025-05-31T21:30:44.970-0300] {logging_mixin.py:188} INFO - [2025-05-31T21:30:44.969-0300] {dagbag.py:538} INFO - Filling up the DagBag from /home/walterg/Documentos/Data_projects/Data-Warehouse-postgres-DBT-airflow-/.venv/lib/python3.11/site-packages/airflow/example_dags/example_python_decorator.py
[2025-05-31T21:30:44.979-0300] {logging_mixin.py:188} INFO - [2025-05-31T21:30:44.979-0300] {example_python_decorator.py:79} WARNING - The virtalenv_python example task requires virtualenv, please install it.
[2025-05-31T21:30:44.979-0300] {processor.py:840} INFO - DAG(s) 'example_python_decorator' retrieved from /home/walterg/Documentos/Data_projects/Data-Warehouse-postgres-DBT-airflow-/.venv/lib/python3.11/site-packages/airflow/example_dags/example_python_decorator.py
[2025-05-31T21:30:44.993-0300] {logging_mixin.py:188} INFO - [2025-05-31T21:30:44.993-0300] {dag.py:3036} INFO - Sync 1 DAGs
[2025-05-31T21:30:45.001-0300] {logging_mixin.py:188} INFO - [2025-05-31T21:30:45.001-0300] {dag.py:3823} INFO - Setting next_dagrun for example_python_decorator to None, run_after=None
[2025-05-31T21:30:45.018-0300] {processor.py:183} INFO - Processing /home/walterg/Documentos/Data_projects/Data-Warehouse-postgres-DBT-airflow-/.venv/lib/python3.11/site-packages/airflow/example_dags/example_python_decorator.py took 0.057 seconds
[2025-05-31T21:31:43.718-0300] {processor.py:161} INFO - Started process (PID=42172) to work on /home/walterg/Documentos/Data_projects/Data-Warehouse-postgres-DBT-airflow-/.venv/lib/python3.11/site-packages/airflow/example_dags/example_python_decorator.py
[2025-05-31T21:31:43.719-0300] {processor.py:830} INFO - Processing file /home/walterg/Documentos/Data_projects/Data-Warehouse-postgres-DBT-airflow-/.venv/lib/python3.11/site-packages/airflow/example_dags/example_python_decorator.py for tasks to queue
[2025-05-31T21:31:43.719-0300] {logging_mixin.py:188} INFO - [2025-05-31T21:31:43.719-0300] {dagbag.py:538} INFO - Filling up the DagBag from /home/walterg/Documentos/Data_projects/Data-Warehouse-postgres-DBT-airflow-/.venv/lib/python3.11/site-packages/airflow/example_dags/example_python_decorator.py
[2025-05-31T21:31:43.726-0300] {logging_mixin.py:188} INFO - [2025-05-31T21:31:43.726-0300] {example_python_decorator.py:79} WARNING - The virtalenv_python example task requires virtualenv, please install it.
[2025-05-31T21:31:43.726-0300] {processor.py:840} INFO - DAG(s) 'example_python_decorator' retrieved from /home/walterg/Documentos/Data_projects/Data-Warehouse-postgres-DBT-airflow-/.venv/lib/python3.11/site-packages/airflow/example_dags/example_python_decorator.py
[2025-05-31T21:31:43.739-0300] {logging_mixin.py:188} INFO - [2025-05-31T21:31:43.739-0300] {dag.py:3036} INFO - Sync 1 DAGs
[2025-05-31T21:31:43.746-0300] {logging_mixin.py:188} INFO - [2025-05-31T21:31:43.746-0300] {dag.py:3823} INFO - Setting next_dagrun for example_python_decorator to None, run_after=None
[2025-05-31T21:31:43.762-0300] {processor.py:183} INFO - Processing /home/walterg/Documentos/Data_projects/Data-Warehouse-postgres-DBT-airflow-/.venv/lib/python3.11/site-packages/airflow/example_dags/example_python_decorator.py took 0.046 seconds
[2025-05-31T21:32:45.191-0300] {processor.py:161} INFO - Started process (PID=42569) to work on /home/walterg/Documentos/Data_projects/Data-Warehouse-postgres-DBT-airflow-/.venv/lib/python3.11/site-packages/airflow/example_dags/example_python_decorator.py
[2025-05-31T21:32:45.196-0300] {processor.py:830} INFO - Processing file /home/walterg/Documentos/Data_projects/Data-Warehouse-postgres-DBT-airflow-/.venv/lib/python3.11/site-packages/airflow/example_dags/example_python_decorator.py for tasks to queue
[2025-05-31T21:32:45.197-0300] {logging_mixin.py:188} INFO - [2025-05-31T21:32:45.197-0300] {dagbag.py:538} INFO - Filling up the DagBag from /home/walterg/Documentos/Data_projects/Data-Warehouse-postgres-DBT-airflow-/.venv/lib/python3.11/site-packages/airflow/example_dags/example_python_decorator.py
[2025-05-31T21:32:45.204-0300] {logging_mixin.py:188} INFO - [2025-05-31T21:32:45.203-0300] {example_python_decorator.py:79} WARNING - The virtalenv_python example task requires virtualenv, please install it.
[2025-05-31T21:32:45.204-0300] {processor.py:840} INFO - DAG(s) 'example_python_decorator' retrieved from /home/walterg/Documentos/Data_projects/Data-Warehouse-postgres-DBT-airflow-/.venv/lib/python3.11/site-packages/airflow/example_dags/example_python_decorator.py
[2025-05-31T21:32:45.217-0300] {logging_mixin.py:188} INFO - [2025-05-31T21:32:45.217-0300] {dag.py:3036} INFO - Sync 1 DAGs
[2025-05-31T21:32:45.224-0300] {logging_mixin.py:188} INFO - [2025-05-31T21:32:45.224-0300] {dag.py:3823} INFO - Setting next_dagrun for example_python_decorator to None, run_after=None
[2025-05-31T21:32:45.241-0300] {processor.py:183} INFO - Processing /home/walterg/Documentos/Data_projects/Data-Warehouse-postgres-DBT-airflow-/.venv/lib/python3.11/site-packages/airflow/example_dags/example_python_decorator.py took 0.053 seconds
[2025-05-31T21:33:30.294-0300] {processor.py:161} INFO - Started process (PID=42882) to work on /home/walterg/Documentos/Data_projects/Data-Warehouse-postgres-DBT-airflow-/.venv/lib/python3.11/site-packages/airflow/example_dags/example_python_decorator.py
[2025-05-31T21:33:30.299-0300] {processor.py:830} INFO - Processing file /home/walterg/Documentos/Data_projects/Data-Warehouse-postgres-DBT-airflow-/.venv/lib/python3.11/site-packages/airflow/example_dags/example_python_decorator.py for tasks to queue
[2025-05-31T21:33:30.300-0300] {logging_mixin.py:188} INFO - [2025-05-31T21:33:30.300-0300] {dagbag.py:538} INFO - Filling up the DagBag from /home/walterg/Documentos/Data_projects/Data-Warehouse-postgres-DBT-airflow-/.venv/lib/python3.11/site-packages/airflow/example_dags/example_python_decorator.py
[2025-05-31T21:33:30.307-0300] {logging_mixin.py:188} INFO - [2025-05-31T21:33:30.306-0300] {example_python_decorator.py:79} WARNING - The virtalenv_python example task requires virtualenv, please install it.
[2025-05-31T21:33:30.307-0300] {processor.py:840} INFO - DAG(s) 'example_python_decorator' retrieved from /home/walterg/Documentos/Data_projects/Data-Warehouse-postgres-DBT-airflow-/.venv/lib/python3.11/site-packages/airflow/example_dags/example_python_decorator.py
[2025-05-31T21:33:30.320-0300] {logging_mixin.py:188} INFO - [2025-05-31T21:33:30.320-0300] {dag.py:3036} INFO - Sync 1 DAGs
[2025-05-31T21:33:30.328-0300] {logging_mixin.py:188} INFO - [2025-05-31T21:33:30.328-0300] {dag.py:3823} INFO - Setting next_dagrun for example_python_decorator to None, run_after=None
[2025-05-31T21:33:30.345-0300] {processor.py:183} INFO - Processing /home/walterg/Documentos/Data_projects/Data-Warehouse-postgres-DBT-airflow-/.venv/lib/python3.11/site-packages/airflow/example_dags/example_python_decorator.py took 0.054 seconds
[2025-05-31T21:34:23.550-0300] {processor.py:161} INFO - Started process (PID=42966) to work on /home/walterg/Documentos/Data_projects/Data-Warehouse-postgres-DBT-airflow-/.venv/lib/python3.11/site-packages/airflow/example_dags/example_python_decorator.py
[2025-05-31T21:34:23.555-0300] {processor.py:830} INFO - Processing file /home/walterg/Documentos/Data_projects/Data-Warehouse-postgres-DBT-airflow-/.venv/lib/python3.11/site-packages/airflow/example_dags/example_python_decorator.py for tasks to queue
[2025-05-31T21:34:23.556-0300] {logging_mixin.py:188} INFO - [2025-05-31T21:34:23.556-0300] {dagbag.py:538} INFO - Filling up the DagBag from /home/walterg/Documentos/Data_projects/Data-Warehouse-postgres-DBT-airflow-/.venv/lib/python3.11/site-packages/airflow/example_dags/example_python_decorator.py
[2025-05-31T21:34:23.563-0300] {logging_mixin.py:188} INFO - [2025-05-31T21:34:23.563-0300] {example_python_decorator.py:79} WARNING - The virtalenv_python example task requires virtualenv, please install it.
[2025-05-31T21:34:23.564-0300] {processor.py:840} INFO - DAG(s) 'example_python_decorator' retrieved from /home/walterg/Documentos/Data_projects/Data-Warehouse-postgres-DBT-airflow-/.venv/lib/python3.11/site-packages/airflow/example_dags/example_python_decorator.py
[2025-05-31T21:34:23.577-0300] {logging_mixin.py:188} INFO - [2025-05-31T21:34:23.577-0300] {dag.py:3036} INFO - Sync 1 DAGs
[2025-05-31T21:34:23.584-0300] {logging_mixin.py:188} INFO - [2025-05-31T21:34:23.584-0300] {dag.py:3823} INFO - Setting next_dagrun for example_python_decorator to None, run_after=None
[2025-05-31T21:34:23.601-0300] {processor.py:183} INFO - Processing /home/walterg/Documentos/Data_projects/Data-Warehouse-postgres-DBT-airflow-/.venv/lib/python3.11/site-packages/airflow/example_dags/example_python_decorator.py took 0.053 seconds
[2025-05-31T21:35:19.548-0300] {processor.py:161} INFO - Started process (PID=43296) to work on /home/walterg/Documentos/Data_projects/Data-Warehouse-postgres-DBT-airflow-/.venv/lib/python3.11/site-packages/airflow/example_dags/example_python_decorator.py
[2025-05-31T21:35:19.553-0300] {processor.py:830} INFO - Processing file /home/walterg/Documentos/Data_projects/Data-Warehouse-postgres-DBT-airflow-/.venv/lib/python3.11/site-packages/airflow/example_dags/example_python_decorator.py for tasks to queue
[2025-05-31T21:35:19.555-0300] {logging_mixin.py:188} INFO - [2025-05-31T21:35:19.554-0300] {dagbag.py:538} INFO - Filling up the DagBag from /home/walterg/Documentos/Data_projects/Data-Warehouse-postgres-DBT-airflow-/.venv/lib/python3.11/site-packages/airflow/example_dags/example_python_decorator.py
[2025-05-31T21:35:19.562-0300] {logging_mixin.py:188} INFO - [2025-05-31T21:35:19.562-0300] {example_python_decorator.py:79} WARNING - The virtalenv_python example task requires virtualenv, please install it.
[2025-05-31T21:35:19.562-0300] {processor.py:840} INFO - DAG(s) 'example_python_decorator' retrieved from /home/walterg/Documentos/Data_projects/Data-Warehouse-postgres-DBT-airflow-/.venv/lib/python3.11/site-packages/airflow/example_dags/example_python_decorator.py
[2025-05-31T21:35:19.575-0300] {logging_mixin.py:188} INFO - [2025-05-31T21:35:19.575-0300] {dag.py:3036} INFO - Sync 1 DAGs
[2025-05-31T21:35:19.582-0300] {logging_mixin.py:188} INFO - [2025-05-31T21:35:19.582-0300] {dag.py:3823} INFO - Setting next_dagrun for example_python_decorator to None, run_after=None
[2025-05-31T21:35:19.599-0300] {processor.py:183} INFO - Processing /home/walterg/Documentos/Data_projects/Data-Warehouse-postgres-DBT-airflow-/.venv/lib/python3.11/site-packages/airflow/example_dags/example_python_decorator.py took 0.053 seconds
[2025-05-31T21:36:14.789-0300] {processor.py:161} INFO - Started process (PID=43695) to work on /home/walterg/Documentos/Data_projects/Data-Warehouse-postgres-DBT-airflow-/.venv/lib/python3.11/site-packages/airflow/example_dags/example_python_decorator.py
[2025-05-31T21:36:14.795-0300] {processor.py:830} INFO - Processing file /home/walterg/Documentos/Data_projects/Data-Warehouse-postgres-DBT-airflow-/.venv/lib/python3.11/site-packages/airflow/example_dags/example_python_decorator.py for tasks to queue
[2025-05-31T21:36:14.795-0300] {logging_mixin.py:188} INFO - [2025-05-31T21:36:14.795-0300] {dagbag.py:538} INFO - Filling up the DagBag from /home/walterg/Documentos/Data_projects/Data-Warehouse-postgres-DBT-airflow-/.venv/lib/python3.11/site-packages/airflow/example_dags/example_python_decorator.py
[2025-05-31T21:36:14.804-0300] {logging_mixin.py:188} INFO - [2025-05-31T21:36:14.804-0300] {example_python_decorator.py:79} WARNING - The virtalenv_python example task requires virtualenv, please install it.
[2025-05-31T21:36:14.804-0300] {processor.py:840} INFO - DAG(s) 'example_python_decorator' retrieved from /home/walterg/Documentos/Data_projects/Data-Warehouse-postgres-DBT-airflow-/.venv/lib/python3.11/site-packages/airflow/example_dags/example_python_decorator.py
[2025-05-31T21:36:14.818-0300] {logging_mixin.py:188} INFO - [2025-05-31T21:36:14.818-0300] {dag.py:3036} INFO - Sync 1 DAGs
[2025-05-31T21:36:14.827-0300] {logging_mixin.py:188} INFO - [2025-05-31T21:36:14.827-0300] {dag.py:3823} INFO - Setting next_dagrun for example_python_decorator to None, run_after=None
[2025-05-31T21:36:14.843-0300] {processor.py:183} INFO - Processing /home/walterg/Documentos/Data_projects/Data-Warehouse-postgres-DBT-airflow-/.venv/lib/python3.11/site-packages/airflow/example_dags/example_python_decorator.py took 0.057 seconds
[2025-05-31T21:37:07.623-0300] {processor.py:161} INFO - Started process (PID=44049) to work on /home/walterg/Documentos/Data_projects/Data-Warehouse-postgres-DBT-airflow-/.venv/lib/python3.11/site-packages/airflow/example_dags/example_python_decorator.py
[2025-05-31T21:37:07.628-0300] {processor.py:830} INFO - Processing file /home/walterg/Documentos/Data_projects/Data-Warehouse-postgres-DBT-airflow-/.venv/lib/python3.11/site-packages/airflow/example_dags/example_python_decorator.py for tasks to queue
[2025-05-31T21:37:07.629-0300] {logging_mixin.py:188} INFO - [2025-05-31T21:37:07.629-0300] {dagbag.py:538} INFO - Filling up the DagBag from /home/walterg/Documentos/Data_projects/Data-Warehouse-postgres-DBT-airflow-/.venv/lib/python3.11/site-packages/airflow/example_dags/example_python_decorator.py
[2025-05-31T21:37:07.636-0300] {logging_mixin.py:188} INFO - [2025-05-31T21:37:07.635-0300] {example_python_decorator.py:79} WARNING - The virtalenv_python example task requires virtualenv, please install it.
[2025-05-31T21:37:07.636-0300] {processor.py:840} INFO - DAG(s) 'example_python_decorator' retrieved from /home/walterg/Documentos/Data_projects/Data-Warehouse-postgres-DBT-airflow-/.venv/lib/python3.11/site-packages/airflow/example_dags/example_python_decorator.py
[2025-05-31T21:37:07.649-0300] {logging_mixin.py:188} INFO - [2025-05-31T21:37:07.648-0300] {dag.py:3036} INFO - Sync 1 DAGs
[2025-05-31T21:37:07.656-0300] {logging_mixin.py:188} INFO - [2025-05-31T21:37:07.656-0300] {dag.py:3823} INFO - Setting next_dagrun for example_python_decorator to None, run_after=None
[2025-05-31T21:37:07.673-0300] {processor.py:183} INFO - Processing /home/walterg/Documentos/Data_projects/Data-Warehouse-postgres-DBT-airflow-/.venv/lib/python3.11/site-packages/airflow/example_dags/example_python_decorator.py took 0.053 seconds
[2025-05-31T21:37:58.580-0300] {processor.py:161} INFO - Started process (PID=44547) to work on /home/walterg/Documentos/Data_projects/Data-Warehouse-postgres-DBT-airflow-/.venv/lib/python3.11/site-packages/airflow/example_dags/example_python_decorator.py
[2025-05-31T21:37:58.585-0300] {processor.py:830} INFO - Processing file /home/walterg/Documentos/Data_projects/Data-Warehouse-postgres-DBT-airflow-/.venv/lib/python3.11/site-packages/airflow/example_dags/example_python_decorator.py for tasks to queue
[2025-05-31T21:37:58.587-0300] {logging_mixin.py:188} INFO - [2025-05-31T21:37:58.586-0300] {dagbag.py:538} INFO - Filling up the DagBag from /home/walterg/Documentos/Data_projects/Data-Warehouse-postgres-DBT-airflow-/.venv/lib/python3.11/site-packages/airflow/example_dags/example_python_decorator.py
[2025-05-31T21:37:58.594-0300] {logging_mixin.py:188} INFO - [2025-05-31T21:37:58.594-0300] {example_python_decorator.py:79} WARNING - The virtalenv_python example task requires virtualenv, please install it.
[2025-05-31T21:37:58.594-0300] {processor.py:840} INFO - DAG(s) 'example_python_decorator' retrieved from /home/walterg/Documentos/Data_projects/Data-Warehouse-postgres-DBT-airflow-/.venv/lib/python3.11/site-packages/airflow/example_dags/example_python_decorator.py
[2025-05-31T21:37:58.608-0300] {logging_mixin.py:188} INFO - [2025-05-31T21:37:58.608-0300] {dag.py:3036} INFO - Sync 1 DAGs
[2025-05-31T21:37:58.616-0300] {logging_mixin.py:188} INFO - [2025-05-31T21:37:58.615-0300] {dag.py:3823} INFO - Setting next_dagrun for example_python_decorator to None, run_after=None
[2025-05-31T21:37:58.631-0300] {processor.py:183} INFO - Processing /home/walterg/Documentos/Data_projects/Data-Warehouse-postgres-DBT-airflow-/.venv/lib/python3.11/site-packages/airflow/example_dags/example_python_decorator.py took 0.054 seconds
[2025-05-31T21:38:47.649-0300] {processor.py:161} INFO - Started process (PID=44656) to work on /home/walterg/Documentos/Data_projects/Data-Warehouse-postgres-DBT-airflow-/.venv/lib/python3.11/site-packages/airflow/example_dags/example_python_decorator.py
[2025-05-31T21:38:47.654-0300] {processor.py:830} INFO - Processing file /home/walterg/Documentos/Data_projects/Data-Warehouse-postgres-DBT-airflow-/.venv/lib/python3.11/site-packages/airflow/example_dags/example_python_decorator.py for tasks to queue
[2025-05-31T21:38:47.656-0300] {logging_mixin.py:188} INFO - [2025-05-31T21:38:47.655-0300] {dagbag.py:538} INFO - Filling up the DagBag from /home/walterg/Documentos/Data_projects/Data-Warehouse-postgres-DBT-airflow-/.venv/lib/python3.11/site-packages/airflow/example_dags/example_python_decorator.py
[2025-05-31T21:38:47.662-0300] {logging_mixin.py:188} INFO - [2025-05-31T21:38:47.662-0300] {example_python_decorator.py:79} WARNING - The virtalenv_python example task requires virtualenv, please install it.
[2025-05-31T21:38:47.663-0300] {processor.py:840} INFO - DAG(s) 'example_python_decorator' retrieved from /home/walterg/Documentos/Data_projects/Data-Warehouse-postgres-DBT-airflow-/.venv/lib/python3.11/site-packages/airflow/example_dags/example_python_decorator.py
[2025-05-31T21:38:47.676-0300] {logging_mixin.py:188} INFO - [2025-05-31T21:38:47.676-0300] {dag.py:3036} INFO - Sync 1 DAGs
[2025-05-31T21:38:47.684-0300] {logging_mixin.py:188} INFO - [2025-05-31T21:38:47.684-0300] {dag.py:3823} INFO - Setting next_dagrun for example_python_decorator to None, run_after=None
[2025-05-31T21:38:47.700-0300] {processor.py:183} INFO - Processing /home/walterg/Documentos/Data_projects/Data-Warehouse-postgres-DBT-airflow-/.venv/lib/python3.11/site-packages/airflow/example_dags/example_python_decorator.py took 0.053 seconds
[2025-05-31T21:39:45.274-0300] {processor.py:161} INFO - Started process (PID=44832) to work on /home/walterg/Documentos/Data_projects/Data-Warehouse-postgres-DBT-airflow-/.venv/lib/python3.11/site-packages/airflow/example_dags/example_python_decorator.py
[2025-05-31T21:39:45.279-0300] {processor.py:830} INFO - Processing file /home/walterg/Documentos/Data_projects/Data-Warehouse-postgres-DBT-airflow-/.venv/lib/python3.11/site-packages/airflow/example_dags/example_python_decorator.py for tasks to queue
[2025-05-31T21:39:45.280-0300] {logging_mixin.py:188} INFO - [2025-05-31T21:39:45.280-0300] {dagbag.py:538} INFO - Filling up the DagBag from /home/walterg/Documentos/Data_projects/Data-Warehouse-postgres-DBT-airflow-/.venv/lib/python3.11/site-packages/airflow/example_dags/example_python_decorator.py
[2025-05-31T21:39:45.287-0300] {logging_mixin.py:188} INFO - [2025-05-31T21:39:45.287-0300] {example_python_decorator.py:79} WARNING - The virtalenv_python example task requires virtualenv, please install it.
[2025-05-31T21:39:45.287-0300] {processor.py:840} INFO - DAG(s) 'example_python_decorator' retrieved from /home/walterg/Documentos/Data_projects/Data-Warehouse-postgres-DBT-airflow-/.venv/lib/python3.11/site-packages/airflow/example_dags/example_python_decorator.py
[2025-05-31T21:39:45.303-0300] {logging_mixin.py:188} INFO - [2025-05-31T21:39:45.302-0300] {dag.py:3036} INFO - Sync 1 DAGs
[2025-05-31T21:39:45.313-0300] {logging_mixin.py:188} INFO - [2025-05-31T21:39:45.313-0300] {dag.py:3823} INFO - Setting next_dagrun for example_python_decorator to None, run_after=None
[2025-05-31T21:39:45.329-0300] {processor.py:183} INFO - Processing /home/walterg/Documentos/Data_projects/Data-Warehouse-postgres-DBT-airflow-/.venv/lib/python3.11/site-packages/airflow/example_dags/example_python_decorator.py took 0.058 seconds
