[2025-05-31T21:00:14.622-0300] {processor.py:161} INFO - Started process (PID=32639) to work on /home/walterg/Documentos/Data_projects/Data-Warehouse-postgres-DBT-airflow-/.venv/lib/python3.11/site-packages/airflow/example_dags/example_setup_teardown.py
[2025-05-31T21:00:14.623-0300] {processor.py:830} INFO - Processing file /home/walterg/Documentos/Data_projects/Data-Warehouse-postgres-DBT-airflow-/.venv/lib/python3.11/site-packages/airflow/example_dags/example_setup_teardown.py for tasks to queue
[2025-05-31T21:00:14.624-0300] {logging_mixin.py:188} INFO - [2025-05-31T21:00:14.624-0300] {dagbag.py:538} INFO - Filling up the DagBag from /home/walterg/Documentos/Data_projects/Data-Warehouse-postgres-DBT-airflow-/.venv/lib/python3.11/site-packages/airflow/example_dags/example_setup_teardown.py
[2025-05-31T21:00:14.635-0300] {processor.py:840} INFO - DAG(s) 'example_setup_teardown' retrieved from /home/walterg/Documentos/Data_projects/Data-Warehouse-postgres-DBT-airflow-/.venv/lib/python3.11/site-packages/airflow/example_dags/example_setup_teardown.py
[2025-05-31T21:00:14.650-0300] {logging_mixin.py:188} INFO - [2025-05-31T21:00:14.649-0300] {dag.py:3036} INFO - Sync 1 DAGs
[2025-05-31T21:00:14.663-0300] {logging_mixin.py:188} INFO - [2025-05-31T21:00:14.663-0300] {dag.py:3823} INFO - Setting next_dagrun for example_setup_teardown to 2025-05-31 00:00:00+00:00, run_after=2025-06-01 00:00:00+00:00
[2025-05-31T21:00:14.685-0300] {processor.py:183} INFO - Processing /home/walterg/Documentos/Data_projects/Data-Warehouse-postgres-DBT-airflow-/.venv/lib/python3.11/site-packages/airflow/example_dags/example_setup_teardown.py took 0.067 seconds
[2025-05-31T21:00:54.551-0300] {processor.py:161} INFO - Started process (PID=32773) to work on /home/walterg/Documentos/Data_projects/Data-Warehouse-postgres-DBT-airflow-/.venv/lib/python3.11/site-packages/airflow/example_dags/example_setup_teardown.py
[2025-05-31T21:00:54.556-0300] {processor.py:830} INFO - Processing file /home/walterg/Documentos/Data_projects/Data-Warehouse-postgres-DBT-airflow-/.venv/lib/python3.11/site-packages/airflow/example_dags/example_setup_teardown.py for tasks to queue
[2025-05-31T21:00:54.558-0300] {logging_mixin.py:188} INFO - [2025-05-31T21:00:54.557-0300] {dagbag.py:538} INFO - Filling up the DagBag from /home/walterg/Documentos/Data_projects/Data-Warehouse-postgres-DBT-airflow-/.venv/lib/python3.11/site-packages/airflow/example_dags/example_setup_teardown.py
[2025-05-31T21:00:54.565-0300] {processor.py:840} INFO - DAG(s) 'example_setup_teardown' retrieved from /home/walterg/Documentos/Data_projects/Data-Warehouse-postgres-DBT-airflow-/.venv/lib/python3.11/site-packages/airflow/example_dags/example_setup_teardown.py
[2025-05-31T21:00:54.576-0300] {logging_mixin.py:188} INFO - [2025-05-31T21:00:54.576-0300] {dag.py:3036} INFO - Sync 1 DAGs
[2025-05-31T21:00:54.589-0300] {logging_mixin.py:188} INFO - [2025-05-31T21:00:54.589-0300] {dag.py:3823} INFO - Setting next_dagrun for example_setup_teardown to 2025-05-31 00:00:00+00:00, run_after=2025-06-01 00:00:00+00:00
[2025-05-31T21:00:54.605-0300] {processor.py:183} INFO - Processing /home/walterg/Documentos/Data_projects/Data-Warehouse-postgres-DBT-airflow-/.venv/lib/python3.11/site-packages/airflow/example_dags/example_setup_teardown.py took 0.057 seconds
[2025-05-31T21:01:36.952-0300] {processor.py:161} INFO - Started process (PID=33030) to work on /home/walterg/Documentos/Data_projects/Data-Warehouse-postgres-DBT-airflow-/.venv/lib/python3.11/site-packages/airflow/example_dags/example_setup_teardown.py
[2025-05-31T21:01:36.957-0300] {processor.py:830} INFO - Processing file /home/walterg/Documentos/Data_projects/Data-Warehouse-postgres-DBT-airflow-/.venv/lib/python3.11/site-packages/airflow/example_dags/example_setup_teardown.py for tasks to queue
[2025-05-31T21:01:36.959-0300] {logging_mixin.py:188} INFO - [2025-05-31T21:01:36.958-0300] {dagbag.py:538} INFO - Filling up the DagBag from /home/walterg/Documentos/Data_projects/Data-Warehouse-postgres-DBT-airflow-/.venv/lib/python3.11/site-packages/airflow/example_dags/example_setup_teardown.py
[2025-05-31T21:01:36.965-0300] {processor.py:840} INFO - DAG(s) 'example_setup_teardown' retrieved from /home/walterg/Documentos/Data_projects/Data-Warehouse-postgres-DBT-airflow-/.venv/lib/python3.11/site-packages/airflow/example_dags/example_setup_teardown.py
[2025-05-31T21:01:36.977-0300] {logging_mixin.py:188} INFO - [2025-05-31T21:01:36.976-0300] {dag.py:3036} INFO - Sync 1 DAGs
[2025-05-31T21:01:36.989-0300] {logging_mixin.py:188} INFO - [2025-05-31T21:01:36.989-0300] {dag.py:3823} INFO - Setting next_dagrun for example_setup_teardown to 2025-05-31 00:00:00+00:00, run_after=2025-06-01 00:00:00+00:00
[2025-05-31T21:01:37.006-0300] {processor.py:183} INFO - Processing /home/walterg/Documentos/Data_projects/Data-Warehouse-postgres-DBT-airflow-/.venv/lib/python3.11/site-packages/airflow/example_dags/example_setup_teardown.py took 0.056 seconds
[2025-05-31T21:02:20.021-0300] {processor.py:161} INFO - Started process (PID=33344) to work on /home/walterg/Documentos/Data_projects/Data-Warehouse-postgres-DBT-airflow-/.venv/lib/python3.11/site-packages/airflow/example_dags/example_setup_teardown.py
[2025-05-31T21:02:20.022-0300] {processor.py:830} INFO - Processing file /home/walterg/Documentos/Data_projects/Data-Warehouse-postgres-DBT-airflow-/.venv/lib/python3.11/site-packages/airflow/example_dags/example_setup_teardown.py for tasks to queue
[2025-05-31T21:02:20.023-0300] {logging_mixin.py:188} INFO - [2025-05-31T21:02:20.023-0300] {dagbag.py:538} INFO - Filling up the DagBag from /home/walterg/Documentos/Data_projects/Data-Warehouse-postgres-DBT-airflow-/.venv/lib/python3.11/site-packages/airflow/example_dags/example_setup_teardown.py
[2025-05-31T21:02:20.030-0300] {processor.py:840} INFO - DAG(s) 'example_setup_teardown' retrieved from /home/walterg/Documentos/Data_projects/Data-Warehouse-postgres-DBT-airflow-/.venv/lib/python3.11/site-packages/airflow/example_dags/example_setup_teardown.py
[2025-05-31T21:02:20.042-0300] {logging_mixin.py:188} INFO - [2025-05-31T21:02:20.042-0300] {dag.py:3036} INFO - Sync 1 DAGs
[2025-05-31T21:02:20.055-0300] {logging_mixin.py:188} INFO - [2025-05-31T21:02:20.055-0300] {dag.py:3823} INFO - Setting next_dagrun for example_setup_teardown to 2025-05-31 00:00:00+00:00, run_after=2025-06-01 00:00:00+00:00
[2025-05-31T21:02:20.071-0300] {processor.py:183} INFO - Processing /home/walterg/Documentos/Data_projects/Data-Warehouse-postgres-DBT-airflow-/.venv/lib/python3.11/site-packages/airflow/example_dags/example_setup_teardown.py took 0.052 seconds
[2025-05-31T21:03:08.432-0300] {processor.py:161} INFO - Started process (PID=33534) to work on /home/walterg/Documentos/Data_projects/Data-Warehouse-postgres-DBT-airflow-/.venv/lib/python3.11/site-packages/airflow/example_dags/example_setup_teardown.py
[2025-05-31T21:03:08.437-0300] {processor.py:830} INFO - Processing file /home/walterg/Documentos/Data_projects/Data-Warehouse-postgres-DBT-airflow-/.venv/lib/python3.11/site-packages/airflow/example_dags/example_setup_teardown.py for tasks to queue
[2025-05-31T21:03:08.438-0300] {logging_mixin.py:188} INFO - [2025-05-31T21:03:08.437-0300] {dagbag.py:538} INFO - Filling up the DagBag from /home/walterg/Documentos/Data_projects/Data-Warehouse-postgres-DBT-airflow-/.venv/lib/python3.11/site-packages/airflow/example_dags/example_setup_teardown.py
[2025-05-31T21:03:08.445-0300] {processor.py:840} INFO - DAG(s) 'example_setup_teardown' retrieved from /home/walterg/Documentos/Data_projects/Data-Warehouse-postgres-DBT-airflow-/.venv/lib/python3.11/site-packages/airflow/example_dags/example_setup_teardown.py
[2025-05-31T21:03:08.457-0300] {logging_mixin.py:188} INFO - [2025-05-31T21:03:08.457-0300] {dag.py:3036} INFO - Sync 1 DAGs
[2025-05-31T21:03:08.470-0300] {logging_mixin.py:188} INFO - [2025-05-31T21:03:08.470-0300] {dag.py:3823} INFO - Setting next_dagrun for example_setup_teardown to 2025-05-31 00:00:00+00:00, run_after=2025-06-01 00:00:00+00:00
[2025-05-31T21:03:08.487-0300] {processor.py:183} INFO - Processing /home/walterg/Documentos/Data_projects/Data-Warehouse-postgres-DBT-airflow-/.venv/lib/python3.11/site-packages/airflow/example_dags/example_setup_teardown.py took 0.057 seconds
[2025-05-31T21:03:48.843-0300] {processor.py:161} INFO - Started process (PID=33696) to work on /home/walterg/Documentos/Data_projects/Data-Warehouse-postgres-DBT-airflow-/.venv/lib/python3.11/site-packages/airflow/example_dags/example_setup_teardown.py
[2025-05-31T21:03:48.848-0300] {processor.py:830} INFO - Processing file /home/walterg/Documentos/Data_projects/Data-Warehouse-postgres-DBT-airflow-/.venv/lib/python3.11/site-packages/airflow/example_dags/example_setup_teardown.py for tasks to queue
[2025-05-31T21:03:48.849-0300] {logging_mixin.py:188} INFO - [2025-05-31T21:03:48.849-0300] {dagbag.py:538} INFO - Filling up the DagBag from /home/walterg/Documentos/Data_projects/Data-Warehouse-postgres-DBT-airflow-/.venv/lib/python3.11/site-packages/airflow/example_dags/example_setup_teardown.py
[2025-05-31T21:03:48.856-0300] {processor.py:840} INFO - DAG(s) 'example_setup_teardown' retrieved from /home/walterg/Documentos/Data_projects/Data-Warehouse-postgres-DBT-airflow-/.venv/lib/python3.11/site-packages/airflow/example_dags/example_setup_teardown.py
[2025-05-31T21:03:48.868-0300] {logging_mixin.py:188} INFO - [2025-05-31T21:03:48.868-0300] {dag.py:3036} INFO - Sync 1 DAGs
[2025-05-31T21:03:48.881-0300] {logging_mixin.py:188} INFO - [2025-05-31T21:03:48.880-0300] {dag.py:3823} INFO - Setting next_dagrun for example_setup_teardown to 2025-05-31 00:00:00+00:00, run_after=2025-06-01 00:00:00+00:00
[2025-05-31T21:03:48.897-0300] {processor.py:183} INFO - Processing /home/walterg/Documentos/Data_projects/Data-Warehouse-postgres-DBT-airflow-/.venv/lib/python3.11/site-packages/airflow/example_dags/example_setup_teardown.py took 0.056 seconds
[2025-05-31T21:04:28.912-0300] {processor.py:161} INFO - Started process (PID=33872) to work on /home/walterg/Documentos/Data_projects/Data-Warehouse-postgres-DBT-airflow-/.venv/lib/python3.11/site-packages/airflow/example_dags/example_setup_teardown.py
[2025-05-31T21:04:28.917-0300] {processor.py:830} INFO - Processing file /home/walterg/Documentos/Data_projects/Data-Warehouse-postgres-DBT-airflow-/.venv/lib/python3.11/site-packages/airflow/example_dags/example_setup_teardown.py for tasks to queue
[2025-05-31T21:04:28.918-0300] {logging_mixin.py:188} INFO - [2025-05-31T21:04:28.917-0300] {dagbag.py:538} INFO - Filling up the DagBag from /home/walterg/Documentos/Data_projects/Data-Warehouse-postgres-DBT-airflow-/.venv/lib/python3.11/site-packages/airflow/example_dags/example_setup_teardown.py
[2025-05-31T21:04:28.924-0300] {processor.py:840} INFO - DAG(s) 'example_setup_teardown' retrieved from /home/walterg/Documentos/Data_projects/Data-Warehouse-postgres-DBT-airflow-/.venv/lib/python3.11/site-packages/airflow/example_dags/example_setup_teardown.py
[2025-05-31T21:04:28.935-0300] {logging_mixin.py:188} INFO - [2025-05-31T21:04:28.935-0300] {dag.py:3036} INFO - Sync 1 DAGs
[2025-05-31T21:04:28.948-0300] {logging_mixin.py:188} INFO - [2025-05-31T21:04:28.948-0300] {dag.py:3823} INFO - Setting next_dagrun for example_setup_teardown to 2025-05-31 00:00:00+00:00, run_after=2025-06-01 00:00:00+00:00
[2025-05-31T21:04:28.964-0300] {processor.py:183} INFO - Processing /home/walterg/Documentos/Data_projects/Data-Warehouse-postgres-DBT-airflow-/.venv/lib/python3.11/site-packages/airflow/example_dags/example_setup_teardown.py took 0.055 seconds
[2025-05-31T21:05:14.238-0300] {processor.py:161} INFO - Started process (PID=34102) to work on /home/walterg/Documentos/Data_projects/Data-Warehouse-postgres-DBT-airflow-/.venv/lib/python3.11/site-packages/airflow/example_dags/example_setup_teardown.py
[2025-05-31T21:05:14.244-0300] {processor.py:830} INFO - Processing file /home/walterg/Documentos/Data_projects/Data-Warehouse-postgres-DBT-airflow-/.venv/lib/python3.11/site-packages/airflow/example_dags/example_setup_teardown.py for tasks to queue
[2025-05-31T21:05:14.245-0300] {logging_mixin.py:188} INFO - [2025-05-31T21:05:14.244-0300] {dagbag.py:538} INFO - Filling up the DagBag from /home/walterg/Documentos/Data_projects/Data-Warehouse-postgres-DBT-airflow-/.venv/lib/python3.11/site-packages/airflow/example_dags/example_setup_teardown.py
[2025-05-31T21:05:14.251-0300] {processor.py:840} INFO - DAG(s) 'example_setup_teardown' retrieved from /home/walterg/Documentos/Data_projects/Data-Warehouse-postgres-DBT-airflow-/.venv/lib/python3.11/site-packages/airflow/example_dags/example_setup_teardown.py
[2025-05-31T21:05:14.264-0300] {logging_mixin.py:188} INFO - [2025-05-31T21:05:14.264-0300] {dag.py:3036} INFO - Sync 1 DAGs
[2025-05-31T21:05:14.278-0300] {logging_mixin.py:188} INFO - [2025-05-31T21:05:14.277-0300] {dag.py:3823} INFO - Setting next_dagrun for example_setup_teardown to 2025-05-31 00:00:00+00:00, run_after=2025-06-01 00:00:00+00:00
[2025-05-31T21:05:14.297-0300] {processor.py:183} INFO - Processing /home/walterg/Documentos/Data_projects/Data-Warehouse-postgres-DBT-airflow-/.venv/lib/python3.11/site-packages/airflow/example_dags/example_setup_teardown.py took 0.061 seconds
[2025-05-31T21:05:56.899-0300] {processor.py:161} INFO - Started process (PID=34305) to work on /home/walterg/Documentos/Data_projects/Data-Warehouse-postgres-DBT-airflow-/.venv/lib/python3.11/site-packages/airflow/example_dags/example_setup_teardown.py
[2025-05-31T21:05:56.904-0300] {processor.py:830} INFO - Processing file /home/walterg/Documentos/Data_projects/Data-Warehouse-postgres-DBT-airflow-/.venv/lib/python3.11/site-packages/airflow/example_dags/example_setup_teardown.py for tasks to queue
[2025-05-31T21:05:56.905-0300] {logging_mixin.py:188} INFO - [2025-05-31T21:05:56.905-0300] {dagbag.py:538} INFO - Filling up the DagBag from /home/walterg/Documentos/Data_projects/Data-Warehouse-postgres-DBT-airflow-/.venv/lib/python3.11/site-packages/airflow/example_dags/example_setup_teardown.py
[2025-05-31T21:05:56.912-0300] {processor.py:840} INFO - DAG(s) 'example_setup_teardown' retrieved from /home/walterg/Documentos/Data_projects/Data-Warehouse-postgres-DBT-airflow-/.venv/lib/python3.11/site-packages/airflow/example_dags/example_setup_teardown.py
[2025-05-31T21:05:56.924-0300] {logging_mixin.py:188} INFO - [2025-05-31T21:05:56.923-0300] {dag.py:3036} INFO - Sync 1 DAGs
[2025-05-31T21:05:56.936-0300] {logging_mixin.py:188} INFO - [2025-05-31T21:05:56.936-0300] {dag.py:3823} INFO - Setting next_dagrun for example_setup_teardown to 2025-05-31 00:00:00+00:00, run_after=2025-06-01 00:00:00+00:00
[2025-05-31T21:05:56.955-0300] {processor.py:183} INFO - Processing /home/walterg/Documentos/Data_projects/Data-Warehouse-postgres-DBT-airflow-/.venv/lib/python3.11/site-packages/airflow/example_dags/example_setup_teardown.py took 0.059 seconds
[2025-05-31T21:06:40.095-0300] {processor.py:161} INFO - Started process (PID=34571) to work on /home/walterg/Documentos/Data_projects/Data-Warehouse-postgres-DBT-airflow-/.venv/lib/python3.11/site-packages/airflow/example_dags/example_setup_teardown.py
[2025-05-31T21:06:40.099-0300] {processor.py:830} INFO - Processing file /home/walterg/Documentos/Data_projects/Data-Warehouse-postgres-DBT-airflow-/.venv/lib/python3.11/site-packages/airflow/example_dags/example_setup_teardown.py for tasks to queue
[2025-05-31T21:06:40.100-0300] {logging_mixin.py:188} INFO - [2025-05-31T21:06:40.100-0300] {dagbag.py:538} INFO - Filling up the DagBag from /home/walterg/Documentos/Data_projects/Data-Warehouse-postgres-DBT-airflow-/.venv/lib/python3.11/site-packages/airflow/example_dags/example_setup_teardown.py
[2025-05-31T21:06:40.107-0300] {processor.py:840} INFO - DAG(s) 'example_setup_teardown' retrieved from /home/walterg/Documentos/Data_projects/Data-Warehouse-postgres-DBT-airflow-/.venv/lib/python3.11/site-packages/airflow/example_dags/example_setup_teardown.py
[2025-05-31T21:06:40.119-0300] {logging_mixin.py:188} INFO - [2025-05-31T21:06:40.119-0300] {dag.py:3036} INFO - Sync 1 DAGs
[2025-05-31T21:06:40.133-0300] {logging_mixin.py:188} INFO - [2025-05-31T21:06:40.133-0300] {dag.py:3823} INFO - Setting next_dagrun for example_setup_teardown to 2025-05-31 00:00:00+00:00, run_after=2025-06-01 00:00:00+00:00
[2025-05-31T21:06:40.150-0300] {processor.py:183} INFO - Processing /home/walterg/Documentos/Data_projects/Data-Warehouse-postgres-DBT-airflow-/.venv/lib/python3.11/site-packages/airflow/example_dags/example_setup_teardown.py took 0.058 seconds
[2025-05-31T21:07:24.397-0300] {processor.py:161} INFO - Started process (PID=34812) to work on /home/walterg/Documentos/Data_projects/Data-Warehouse-postgres-DBT-airflow-/.venv/lib/python3.11/site-packages/airflow/example_dags/example_setup_teardown.py
[2025-05-31T21:07:24.402-0300] {processor.py:830} INFO - Processing file /home/walterg/Documentos/Data_projects/Data-Warehouse-postgres-DBT-airflow-/.venv/lib/python3.11/site-packages/airflow/example_dags/example_setup_teardown.py for tasks to queue
[2025-05-31T21:07:24.404-0300] {logging_mixin.py:188} INFO - [2025-05-31T21:07:24.403-0300] {dagbag.py:538} INFO - Filling up the DagBag from /home/walterg/Documentos/Data_projects/Data-Warehouse-postgres-DBT-airflow-/.venv/lib/python3.11/site-packages/airflow/example_dags/example_setup_teardown.py
[2025-05-31T21:07:24.411-0300] {processor.py:840} INFO - DAG(s) 'example_setup_teardown' retrieved from /home/walterg/Documentos/Data_projects/Data-Warehouse-postgres-DBT-airflow-/.venv/lib/python3.11/site-packages/airflow/example_dags/example_setup_teardown.py
[2025-05-31T21:07:24.425-0300] {logging_mixin.py:188} INFO - [2025-05-31T21:07:24.425-0300] {dag.py:3036} INFO - Sync 1 DAGs
[2025-05-31T21:07:24.441-0300] {logging_mixin.py:188} INFO - [2025-05-31T21:07:24.441-0300] {dag.py:3823} INFO - Setting next_dagrun for example_setup_teardown to 2025-05-31 00:00:00+00:00, run_after=2025-06-01 00:00:00+00:00
[2025-05-31T21:07:24.460-0300] {processor.py:183} INFO - Processing /home/walterg/Documentos/Data_projects/Data-Warehouse-postgres-DBT-airflow-/.venv/lib/python3.11/site-packages/airflow/example_dags/example_setup_teardown.py took 0.066 seconds
[2025-05-31T21:08:10.363-0300] {processor.py:161} INFO - Started process (PID=35046) to work on /home/walterg/Documentos/Data_projects/Data-Warehouse-postgres-DBT-airflow-/.venv/lib/python3.11/site-packages/airflow/example_dags/example_setup_teardown.py
[2025-05-31T21:08:10.368-0300] {processor.py:830} INFO - Processing file /home/walterg/Documentos/Data_projects/Data-Warehouse-postgres-DBT-airflow-/.venv/lib/python3.11/site-packages/airflow/example_dags/example_setup_teardown.py for tasks to queue
[2025-05-31T21:08:10.370-0300] {logging_mixin.py:188} INFO - [2025-05-31T21:08:10.369-0300] {dagbag.py:538} INFO - Filling up the DagBag from /home/walterg/Documentos/Data_projects/Data-Warehouse-postgres-DBT-airflow-/.venv/lib/python3.11/site-packages/airflow/example_dags/example_setup_teardown.py
[2025-05-31T21:08:10.376-0300] {processor.py:840} INFO - DAG(s) 'example_setup_teardown' retrieved from /home/walterg/Documentos/Data_projects/Data-Warehouse-postgres-DBT-airflow-/.venv/lib/python3.11/site-packages/airflow/example_dags/example_setup_teardown.py
[2025-05-31T21:08:10.388-0300] {logging_mixin.py:188} INFO - [2025-05-31T21:08:10.387-0300] {dag.py:3036} INFO - Sync 1 DAGs
[2025-05-31T21:08:10.400-0300] {logging_mixin.py:188} INFO - [2025-05-31T21:08:10.400-0300] {dag.py:3823} INFO - Setting next_dagrun for example_setup_teardown to 2025-05-31 00:00:00+00:00, run_after=2025-06-01 00:00:00+00:00
[2025-05-31T21:08:10.419-0300] {processor.py:183} INFO - Processing /home/walterg/Documentos/Data_projects/Data-Warehouse-postgres-DBT-airflow-/.venv/lib/python3.11/site-packages/airflow/example_dags/example_setup_teardown.py took 0.058 seconds
[2025-05-31T21:08:50.831-0300] {processor.py:161} INFO - Started process (PID=35246) to work on /home/walterg/Documentos/Data_projects/Data-Warehouse-postgres-DBT-airflow-/.venv/lib/python3.11/site-packages/airflow/example_dags/example_setup_teardown.py
[2025-05-31T21:08:50.836-0300] {processor.py:830} INFO - Processing file /home/walterg/Documentos/Data_projects/Data-Warehouse-postgres-DBT-airflow-/.venv/lib/python3.11/site-packages/airflow/example_dags/example_setup_teardown.py for tasks to queue
[2025-05-31T21:08:50.838-0300] {logging_mixin.py:188} INFO - [2025-05-31T21:08:50.837-0300] {dagbag.py:538} INFO - Filling up the DagBag from /home/walterg/Documentos/Data_projects/Data-Warehouse-postgres-DBT-airflow-/.venv/lib/python3.11/site-packages/airflow/example_dags/example_setup_teardown.py
[2025-05-31T21:08:50.845-0300] {processor.py:840} INFO - DAG(s) 'example_setup_teardown' retrieved from /home/walterg/Documentos/Data_projects/Data-Warehouse-postgres-DBT-airflow-/.venv/lib/python3.11/site-packages/airflow/example_dags/example_setup_teardown.py
[2025-05-31T21:08:50.859-0300] {logging_mixin.py:188} INFO - [2025-05-31T21:08:50.858-0300] {dag.py:3036} INFO - Sync 1 DAGs
[2025-05-31T21:08:50.874-0300] {logging_mixin.py:188} INFO - [2025-05-31T21:08:50.874-0300] {dag.py:3823} INFO - Setting next_dagrun for example_setup_teardown to 2025-05-31 00:00:00+00:00, run_after=2025-06-01 00:00:00+00:00
[2025-05-31T21:08:50.890-0300] {processor.py:183} INFO - Processing /home/walterg/Documentos/Data_projects/Data-Warehouse-postgres-DBT-airflow-/.venv/lib/python3.11/site-packages/airflow/example_dags/example_setup_teardown.py took 0.061 seconds
[2025-05-31T21:09:51.482-0300] {processor.py:161} INFO - Started process (PID=35502) to work on /home/walterg/Documentos/Data_projects/Data-Warehouse-postgres-DBT-airflow-/.venv/lib/python3.11/site-packages/airflow/example_dags/example_setup_teardown.py
[2025-05-31T21:09:51.487-0300] {processor.py:830} INFO - Processing file /home/walterg/Documentos/Data_projects/Data-Warehouse-postgres-DBT-airflow-/.venv/lib/python3.11/site-packages/airflow/example_dags/example_setup_teardown.py for tasks to queue
[2025-05-31T21:09:51.489-0300] {logging_mixin.py:188} INFO - [2025-05-31T21:09:51.488-0300] {dagbag.py:538} INFO - Filling up the DagBag from /home/walterg/Documentos/Data_projects/Data-Warehouse-postgres-DBT-airflow-/.venv/lib/python3.11/site-packages/airflow/example_dags/example_setup_teardown.py
[2025-05-31T21:09:51.495-0300] {processor.py:840} INFO - DAG(s) 'example_setup_teardown' retrieved from /home/walterg/Documentos/Data_projects/Data-Warehouse-postgres-DBT-airflow-/.venv/lib/python3.11/site-packages/airflow/example_dags/example_setup_teardown.py
[2025-05-31T21:09:51.508-0300] {logging_mixin.py:188} INFO - [2025-05-31T21:09:51.507-0300] {dag.py:3036} INFO - Sync 1 DAGs
[2025-05-31T21:09:51.521-0300] {logging_mixin.py:188} INFO - [2025-05-31T21:09:51.521-0300] {dag.py:3823} INFO - Setting next_dagrun for example_setup_teardown to 2025-05-31 00:00:00+00:00, run_after=2025-06-01 00:00:00+00:00
[2025-05-31T21:09:51.538-0300] {processor.py:183} INFO - Processing /home/walterg/Documentos/Data_projects/Data-Warehouse-postgres-DBT-airflow-/.venv/lib/python3.11/site-packages/airflow/example_dags/example_setup_teardown.py took 0.059 seconds
[2025-05-31T21:10:35.550-0300] {processor.py:161} INFO - Started process (PID=35782) to work on /home/walterg/Documentos/Data_projects/Data-Warehouse-postgres-DBT-airflow-/.venv/lib/python3.11/site-packages/airflow/example_dags/example_setup_teardown.py
[2025-05-31T21:10:35.556-0300] {processor.py:830} INFO - Processing file /home/walterg/Documentos/Data_projects/Data-Warehouse-postgres-DBT-airflow-/.venv/lib/python3.11/site-packages/airflow/example_dags/example_setup_teardown.py for tasks to queue
[2025-05-31T21:10:35.557-0300] {logging_mixin.py:188} INFO - [2025-05-31T21:10:35.557-0300] {dagbag.py:538} INFO - Filling up the DagBag from /home/walterg/Documentos/Data_projects/Data-Warehouse-postgres-DBT-airflow-/.venv/lib/python3.11/site-packages/airflow/example_dags/example_setup_teardown.py
[2025-05-31T21:10:35.563-0300] {processor.py:840} INFO - DAG(s) 'example_setup_teardown' retrieved from /home/walterg/Documentos/Data_projects/Data-Warehouse-postgres-DBT-airflow-/.venv/lib/python3.11/site-packages/airflow/example_dags/example_setup_teardown.py
[2025-05-31T21:10:35.575-0300] {logging_mixin.py:188} INFO - [2025-05-31T21:10:35.575-0300] {dag.py:3036} INFO - Sync 1 DAGs
[2025-05-31T21:10:35.587-0300] {logging_mixin.py:188} INFO - [2025-05-31T21:10:35.587-0300] {dag.py:3823} INFO - Setting next_dagrun for example_setup_teardown to 2025-05-31 00:00:00+00:00, run_after=2025-06-01 00:00:00+00:00
[2025-05-31T21:10:35.604-0300] {processor.py:183} INFO - Processing /home/walterg/Documentos/Data_projects/Data-Warehouse-postgres-DBT-airflow-/.venv/lib/python3.11/site-packages/airflow/example_dags/example_setup_teardown.py took 0.055 seconds
[2025-05-31T21:11:16.533-0300] {processor.py:161} INFO - Started process (PID=36035) to work on /home/walterg/Documentos/Data_projects/Data-Warehouse-postgres-DBT-airflow-/.venv/lib/python3.11/site-packages/airflow/example_dags/example_setup_teardown.py
[2025-05-31T21:11:16.538-0300] {processor.py:830} INFO - Processing file /home/walterg/Documentos/Data_projects/Data-Warehouse-postgres-DBT-airflow-/.venv/lib/python3.11/site-packages/airflow/example_dags/example_setup_teardown.py for tasks to queue
[2025-05-31T21:11:16.539-0300] {logging_mixin.py:188} INFO - [2025-05-31T21:11:16.538-0300] {dagbag.py:538} INFO - Filling up the DagBag from /home/walterg/Documentos/Data_projects/Data-Warehouse-postgres-DBT-airflow-/.venv/lib/python3.11/site-packages/airflow/example_dags/example_setup_teardown.py
[2025-05-31T21:11:16.545-0300] {processor.py:840} INFO - DAG(s) 'example_setup_teardown' retrieved from /home/walterg/Documentos/Data_projects/Data-Warehouse-postgres-DBT-airflow-/.venv/lib/python3.11/site-packages/airflow/example_dags/example_setup_teardown.py
[2025-05-31T21:11:16.557-0300] {logging_mixin.py:188} INFO - [2025-05-31T21:11:16.557-0300] {dag.py:3036} INFO - Sync 1 DAGs
[2025-05-31T21:11:16.570-0300] {logging_mixin.py:188} INFO - [2025-05-31T21:11:16.570-0300] {dag.py:3823} INFO - Setting next_dagrun for example_setup_teardown to 2025-05-31 00:00:00+00:00, run_after=2025-06-01 00:00:00+00:00
[2025-05-31T21:11:16.587-0300] {processor.py:183} INFO - Processing /home/walterg/Documentos/Data_projects/Data-Warehouse-postgres-DBT-airflow-/.venv/lib/python3.11/site-packages/airflow/example_dags/example_setup_teardown.py took 0.057 seconds
[2025-05-31T21:11:58.948-0300] {processor.py:161} INFO - Started process (PID=36161) to work on /home/walterg/Documentos/Data_projects/Data-Warehouse-postgres-DBT-airflow-/.venv/lib/python3.11/site-packages/airflow/example_dags/example_setup_teardown.py
[2025-05-31T21:11:58.953-0300] {processor.py:830} INFO - Processing file /home/walterg/Documentos/Data_projects/Data-Warehouse-postgres-DBT-airflow-/.venv/lib/python3.11/site-packages/airflow/example_dags/example_setup_teardown.py for tasks to queue
[2025-05-31T21:11:58.953-0300] {logging_mixin.py:188} INFO - [2025-05-31T21:11:58.953-0300] {dagbag.py:538} INFO - Filling up the DagBag from /home/walterg/Documentos/Data_projects/Data-Warehouse-postgres-DBT-airflow-/.venv/lib/python3.11/site-packages/airflow/example_dags/example_setup_teardown.py
[2025-05-31T21:11:58.960-0300] {processor.py:840} INFO - DAG(s) 'example_setup_teardown' retrieved from /home/walterg/Documentos/Data_projects/Data-Warehouse-postgres-DBT-airflow-/.venv/lib/python3.11/site-packages/airflow/example_dags/example_setup_teardown.py
[2025-05-31T21:11:58.971-0300] {logging_mixin.py:188} INFO - [2025-05-31T21:11:58.971-0300] {dag.py:3036} INFO - Sync 1 DAGs
[2025-05-31T21:11:58.984-0300] {logging_mixin.py:188} INFO - [2025-05-31T21:11:58.983-0300] {dag.py:3823} INFO - Setting next_dagrun for example_setup_teardown to 2025-05-31 00:00:00+00:00, run_after=2025-06-01 00:00:00+00:00
[2025-05-31T21:11:59.002-0300] {processor.py:183} INFO - Processing /home/walterg/Documentos/Data_projects/Data-Warehouse-postgres-DBT-airflow-/.venv/lib/python3.11/site-packages/airflow/example_dags/example_setup_teardown.py took 0.056 seconds
[2025-05-31T21:12:45.382-0300] {processor.py:161} INFO - Started process (PID=36386) to work on /home/walterg/Documentos/Data_projects/Data-Warehouse-postgres-DBT-airflow-/.venv/lib/python3.11/site-packages/airflow/example_dags/example_setup_teardown.py
[2025-05-31T21:12:45.387-0300] {processor.py:830} INFO - Processing file /home/walterg/Documentos/Data_projects/Data-Warehouse-postgres-DBT-airflow-/.venv/lib/python3.11/site-packages/airflow/example_dags/example_setup_teardown.py for tasks to queue
[2025-05-31T21:12:45.388-0300] {logging_mixin.py:188} INFO - [2025-05-31T21:12:45.387-0300] {dagbag.py:538} INFO - Filling up the DagBag from /home/walterg/Documentos/Data_projects/Data-Warehouse-postgres-DBT-airflow-/.venv/lib/python3.11/site-packages/airflow/example_dags/example_setup_teardown.py
[2025-05-31T21:12:45.394-0300] {processor.py:840} INFO - DAG(s) 'example_setup_teardown' retrieved from /home/walterg/Documentos/Data_projects/Data-Warehouse-postgres-DBT-airflow-/.venv/lib/python3.11/site-packages/airflow/example_dags/example_setup_teardown.py
[2025-05-31T21:12:45.406-0300] {logging_mixin.py:188} INFO - [2025-05-31T21:12:45.406-0300] {dag.py:3036} INFO - Sync 1 DAGs
[2025-05-31T21:12:45.419-0300] {logging_mixin.py:188} INFO - [2025-05-31T21:12:45.419-0300] {dag.py:3823} INFO - Setting next_dagrun for example_setup_teardown to 2025-05-31 00:00:00+00:00, run_after=2025-06-01 00:00:00+00:00
[2025-05-31T21:12:45.435-0300] {processor.py:183} INFO - Processing /home/walterg/Documentos/Data_projects/Data-Warehouse-postgres-DBT-airflow-/.venv/lib/python3.11/site-packages/airflow/example_dags/example_setup_teardown.py took 0.055 seconds
[2025-05-31T21:13:44.913-0300] {processor.py:161} INFO - Started process (PID=36595) to work on /home/walterg/Documentos/Data_projects/Data-Warehouse-postgres-DBT-airflow-/.venv/lib/python3.11/site-packages/airflow/example_dags/example_setup_teardown.py
[2025-05-31T21:13:44.918-0300] {processor.py:830} INFO - Processing file /home/walterg/Documentos/Data_projects/Data-Warehouse-postgres-DBT-airflow-/.venv/lib/python3.11/site-packages/airflow/example_dags/example_setup_teardown.py for tasks to queue
[2025-05-31T21:13:44.920-0300] {logging_mixin.py:188} INFO - [2025-05-31T21:13:44.919-0300] {dagbag.py:538} INFO - Filling up the DagBag from /home/walterg/Documentos/Data_projects/Data-Warehouse-postgres-DBT-airflow-/.venv/lib/python3.11/site-packages/airflow/example_dags/example_setup_teardown.py
[2025-05-31T21:13:44.926-0300] {processor.py:840} INFO - DAG(s) 'example_setup_teardown' retrieved from /home/walterg/Documentos/Data_projects/Data-Warehouse-postgres-DBT-airflow-/.venv/lib/python3.11/site-packages/airflow/example_dags/example_setup_teardown.py
[2025-05-31T21:13:44.939-0300] {logging_mixin.py:188} INFO - [2025-05-31T21:13:44.939-0300] {dag.py:3036} INFO - Sync 1 DAGs
[2025-05-31T21:13:44.952-0300] {logging_mixin.py:188} INFO - [2025-05-31T21:13:44.952-0300] {dag.py:3823} INFO - Setting next_dagrun for example_setup_teardown to 2025-05-31 00:00:00+00:00, run_after=2025-06-01 00:00:00+00:00
[2025-05-31T21:13:44.969-0300] {processor.py:183} INFO - Processing /home/walterg/Documentos/Data_projects/Data-Warehouse-postgres-DBT-airflow-/.venv/lib/python3.11/site-packages/airflow/example_dags/example_setup_teardown.py took 0.058 seconds
[2025-05-31T21:14:29.112-0300] {processor.py:161} INFO - Started process (PID=36873) to work on /home/walterg/Documentos/Data_projects/Data-Warehouse-postgres-DBT-airflow-/.venv/lib/python3.11/site-packages/airflow/example_dags/example_setup_teardown.py
[2025-05-31T21:14:29.113-0300] {processor.py:830} INFO - Processing file /home/walterg/Documentos/Data_projects/Data-Warehouse-postgres-DBT-airflow-/.venv/lib/python3.11/site-packages/airflow/example_dags/example_setup_teardown.py for tasks to queue
[2025-05-31T21:14:29.114-0300] {logging_mixin.py:188} INFO - [2025-05-31T21:14:29.113-0300] {dagbag.py:538} INFO - Filling up the DagBag from /home/walterg/Documentos/Data_projects/Data-Warehouse-postgres-DBT-airflow-/.venv/lib/python3.11/site-packages/airflow/example_dags/example_setup_teardown.py
[2025-05-31T21:14:29.120-0300] {processor.py:840} INFO - DAG(s) 'example_setup_teardown' retrieved from /home/walterg/Documentos/Data_projects/Data-Warehouse-postgres-DBT-airflow-/.venv/lib/python3.11/site-packages/airflow/example_dags/example_setup_teardown.py
[2025-05-31T21:14:29.132-0300] {logging_mixin.py:188} INFO - [2025-05-31T21:14:29.131-0300] {dag.py:3036} INFO - Sync 1 DAGs
[2025-05-31T21:14:29.145-0300] {logging_mixin.py:188} INFO - [2025-05-31T21:14:29.145-0300] {dag.py:3823} INFO - Setting next_dagrun for example_setup_teardown to 2025-05-31 00:00:00+00:00, run_after=2025-06-01 00:00:00+00:00
[2025-05-31T21:14:29.160-0300] {processor.py:183} INFO - Processing /home/walterg/Documentos/Data_projects/Data-Warehouse-postgres-DBT-airflow-/.venv/lib/python3.11/site-packages/airflow/example_dags/example_setup_teardown.py took 0.051 seconds
[2025-05-31T21:15:10.757-0300] {processor.py:161} INFO - Started process (PID=37167) to work on /home/walterg/Documentos/Data_projects/Data-Warehouse-postgres-DBT-airflow-/.venv/lib/python3.11/site-packages/airflow/example_dags/example_setup_teardown.py
[2025-05-31T21:15:10.763-0300] {processor.py:830} INFO - Processing file /home/walterg/Documentos/Data_projects/Data-Warehouse-postgres-DBT-airflow-/.venv/lib/python3.11/site-packages/airflow/example_dags/example_setup_teardown.py for tasks to queue
[2025-05-31T21:15:10.764-0300] {logging_mixin.py:188} INFO - [2025-05-31T21:15:10.763-0300] {dagbag.py:538} INFO - Filling up the DagBag from /home/walterg/Documentos/Data_projects/Data-Warehouse-postgres-DBT-airflow-/.venv/lib/python3.11/site-packages/airflow/example_dags/example_setup_teardown.py
[2025-05-31T21:15:10.770-0300] {processor.py:840} INFO - DAG(s) 'example_setup_teardown' retrieved from /home/walterg/Documentos/Data_projects/Data-Warehouse-postgres-DBT-airflow-/.venv/lib/python3.11/site-packages/airflow/example_dags/example_setup_teardown.py
[2025-05-31T21:15:10.782-0300] {logging_mixin.py:188} INFO - [2025-05-31T21:15:10.782-0300] {dag.py:3036} INFO - Sync 1 DAGs
[2025-05-31T21:15:10.795-0300] {logging_mixin.py:188} INFO - [2025-05-31T21:15:10.795-0300] {dag.py:3823} INFO - Setting next_dagrun for example_setup_teardown to 2025-05-31 00:00:00+00:00, run_after=2025-06-01 00:00:00+00:00
[2025-05-31T21:15:10.813-0300] {processor.py:183} INFO - Processing /home/walterg/Documentos/Data_projects/Data-Warehouse-postgres-DBT-airflow-/.venv/lib/python3.11/site-packages/airflow/example_dags/example_setup_teardown.py took 0.058 seconds
[2025-05-31T21:15:50.518-0300] {processor.py:161} INFO - Started process (PID=37348) to work on /home/walterg/Documentos/Data_projects/Data-Warehouse-postgres-DBT-airflow-/.venv/lib/python3.11/site-packages/airflow/example_dags/example_setup_teardown.py
[2025-05-31T21:15:50.519-0300] {processor.py:830} INFO - Processing file /home/walterg/Documentos/Data_projects/Data-Warehouse-postgres-DBT-airflow-/.venv/lib/python3.11/site-packages/airflow/example_dags/example_setup_teardown.py for tasks to queue
[2025-05-31T21:15:50.519-0300] {logging_mixin.py:188} INFO - [2025-05-31T21:15:50.519-0300] {dagbag.py:538} INFO - Filling up the DagBag from /home/walterg/Documentos/Data_projects/Data-Warehouse-postgres-DBT-airflow-/.venv/lib/python3.11/site-packages/airflow/example_dags/example_setup_teardown.py
[2025-05-31T21:15:50.526-0300] {processor.py:840} INFO - DAG(s) 'example_setup_teardown' retrieved from /home/walterg/Documentos/Data_projects/Data-Warehouse-postgres-DBT-airflow-/.venv/lib/python3.11/site-packages/airflow/example_dags/example_setup_teardown.py
[2025-05-31T21:15:50.537-0300] {logging_mixin.py:188} INFO - [2025-05-31T21:15:50.537-0300] {dag.py:3036} INFO - Sync 1 DAGs
[2025-05-31T21:15:50.550-0300] {logging_mixin.py:188} INFO - [2025-05-31T21:15:50.550-0300] {dag.py:3823} INFO - Setting next_dagrun for example_setup_teardown to 2025-05-31 00:00:00+00:00, run_after=2025-06-01 00:00:00+00:00
[2025-05-31T21:15:50.667-0300] {processor.py:183} INFO - Processing /home/walterg/Documentos/Data_projects/Data-Warehouse-postgres-DBT-airflow-/.venv/lib/python3.11/site-packages/airflow/example_dags/example_setup_teardown.py took 0.152 seconds
[2025-05-31T21:16:51.390-0300] {processor.py:161} INFO - Started process (PID=37677) to work on /home/walterg/Documentos/Data_projects/Data-Warehouse-postgres-DBT-airflow-/.venv/lib/python3.11/site-packages/airflow/example_dags/example_setup_teardown.py
[2025-05-31T21:16:51.395-0300] {processor.py:830} INFO - Processing file /home/walterg/Documentos/Data_projects/Data-Warehouse-postgres-DBT-airflow-/.venv/lib/python3.11/site-packages/airflow/example_dags/example_setup_teardown.py for tasks to queue
[2025-05-31T21:16:51.396-0300] {logging_mixin.py:188} INFO - [2025-05-31T21:16:51.395-0300] {dagbag.py:538} INFO - Filling up the DagBag from /home/walterg/Documentos/Data_projects/Data-Warehouse-postgres-DBT-airflow-/.venv/lib/python3.11/site-packages/airflow/example_dags/example_setup_teardown.py
[2025-05-31T21:16:51.402-0300] {processor.py:840} INFO - DAG(s) 'example_setup_teardown' retrieved from /home/walterg/Documentos/Data_projects/Data-Warehouse-postgres-DBT-airflow-/.venv/lib/python3.11/site-packages/airflow/example_dags/example_setup_teardown.py
[2025-05-31T21:16:51.413-0300] {logging_mixin.py:188} INFO - [2025-05-31T21:16:51.413-0300] {dag.py:3036} INFO - Sync 1 DAGs
[2025-05-31T21:16:51.426-0300] {logging_mixin.py:188} INFO - [2025-05-31T21:16:51.426-0300] {dag.py:3823} INFO - Setting next_dagrun for example_setup_teardown to 2025-05-31 00:00:00+00:00, run_after=2025-06-01 00:00:00+00:00
[2025-05-31T21:16:51.442-0300] {processor.py:183} INFO - Processing /home/walterg/Documentos/Data_projects/Data-Warehouse-postgres-DBT-airflow-/.venv/lib/python3.11/site-packages/airflow/example_dags/example_setup_teardown.py took 0.054 seconds
[2025-05-31T21:17:35.514-0300] {processor.py:161} INFO - Started process (PID=37883) to work on /home/walterg/Documentos/Data_projects/Data-Warehouse-postgres-DBT-airflow-/.venv/lib/python3.11/site-packages/airflow/example_dags/example_setup_teardown.py
[2025-05-31T21:17:35.515-0300] {processor.py:830} INFO - Processing file /home/walterg/Documentos/Data_projects/Data-Warehouse-postgres-DBT-airflow-/.venv/lib/python3.11/site-packages/airflow/example_dags/example_setup_teardown.py for tasks to queue
[2025-05-31T21:17:35.516-0300] {logging_mixin.py:188} INFO - [2025-05-31T21:17:35.516-0300] {dagbag.py:538} INFO - Filling up the DagBag from /home/walterg/Documentos/Data_projects/Data-Warehouse-postgres-DBT-airflow-/.venv/lib/python3.11/site-packages/airflow/example_dags/example_setup_teardown.py
[2025-05-31T21:17:35.522-0300] {processor.py:840} INFO - DAG(s) 'example_setup_teardown' retrieved from /home/walterg/Documentos/Data_projects/Data-Warehouse-postgres-DBT-airflow-/.venv/lib/python3.11/site-packages/airflow/example_dags/example_setup_teardown.py
[2025-05-31T21:17:35.535-0300] {logging_mixin.py:188} INFO - [2025-05-31T21:17:35.535-0300] {dag.py:3036} INFO - Sync 1 DAGs
[2025-05-31T21:17:35.548-0300] {logging_mixin.py:188} INFO - [2025-05-31T21:17:35.548-0300] {dag.py:3823} INFO - Setting next_dagrun for example_setup_teardown to 2025-05-31 00:00:00+00:00, run_after=2025-06-01 00:00:00+00:00
[2025-05-31T21:17:35.565-0300] {processor.py:183} INFO - Processing /home/walterg/Documentos/Data_projects/Data-Warehouse-postgres-DBT-airflow-/.venv/lib/python3.11/site-packages/airflow/example_dags/example_setup_teardown.py took 0.054 seconds
[2025-05-31T21:18:21.997-0300] {processor.py:161} INFO - Started process (PID=38088) to work on /home/walterg/Documentos/Data_projects/Data-Warehouse-postgres-DBT-airflow-/.venv/lib/python3.11/site-packages/airflow/example_dags/example_setup_teardown.py
[2025-05-31T21:18:22.002-0300] {processor.py:830} INFO - Processing file /home/walterg/Documentos/Data_projects/Data-Warehouse-postgres-DBT-airflow-/.venv/lib/python3.11/site-packages/airflow/example_dags/example_setup_teardown.py for tasks to queue
[2025-05-31T21:18:22.003-0300] {logging_mixin.py:188} INFO - [2025-05-31T21:18:22.002-0300] {dagbag.py:538} INFO - Filling up the DagBag from /home/walterg/Documentos/Data_projects/Data-Warehouse-postgres-DBT-airflow-/.venv/lib/python3.11/site-packages/airflow/example_dags/example_setup_teardown.py
[2025-05-31T21:18:22.009-0300] {processor.py:840} INFO - DAG(s) 'example_setup_teardown' retrieved from /home/walterg/Documentos/Data_projects/Data-Warehouse-postgres-DBT-airflow-/.venv/lib/python3.11/site-packages/airflow/example_dags/example_setup_teardown.py
[2025-05-31T21:18:22.021-0300] {logging_mixin.py:188} INFO - [2025-05-31T21:18:22.021-0300] {dag.py:3036} INFO - Sync 1 DAGs
[2025-05-31T21:18:22.131-0300] {logging_mixin.py:188} INFO - [2025-05-31T21:18:22.131-0300] {dag.py:3823} INFO - Setting next_dagrun for example_setup_teardown to 2025-05-31 00:00:00+00:00, run_after=2025-06-01 00:00:00+00:00
[2025-05-31T21:18:22.151-0300] {processor.py:183} INFO - Processing /home/walterg/Documentos/Data_projects/Data-Warehouse-postgres-DBT-airflow-/.venv/lib/python3.11/site-packages/airflow/example_dags/example_setup_teardown.py took 0.156 seconds
[2025-05-31T21:19:06.619-0300] {processor.py:161} INFO - Started process (PID=38273) to work on /home/walterg/Documentos/Data_projects/Data-Warehouse-postgres-DBT-airflow-/.venv/lib/python3.11/site-packages/airflow/example_dags/example_setup_teardown.py
[2025-05-31T21:19:06.624-0300] {processor.py:830} INFO - Processing file /home/walterg/Documentos/Data_projects/Data-Warehouse-postgres-DBT-airflow-/.venv/lib/python3.11/site-packages/airflow/example_dags/example_setup_teardown.py for tasks to queue
[2025-05-31T21:19:06.625-0300] {logging_mixin.py:188} INFO - [2025-05-31T21:19:06.624-0300] {dagbag.py:538} INFO - Filling up the DagBag from /home/walterg/Documentos/Data_projects/Data-Warehouse-postgres-DBT-airflow-/.venv/lib/python3.11/site-packages/airflow/example_dags/example_setup_teardown.py
[2025-05-31T21:19:06.632-0300] {processor.py:840} INFO - DAG(s) 'example_setup_teardown' retrieved from /home/walterg/Documentos/Data_projects/Data-Warehouse-postgres-DBT-airflow-/.venv/lib/python3.11/site-packages/airflow/example_dags/example_setup_teardown.py
[2025-05-31T21:19:06.648-0300] {logging_mixin.py:188} INFO - [2025-05-31T21:19:06.648-0300] {dag.py:3036} INFO - Sync 1 DAGs
[2025-05-31T21:19:06.661-0300] {logging_mixin.py:188} INFO - [2025-05-31T21:19:06.661-0300] {dag.py:3823} INFO - Setting next_dagrun for example_setup_teardown to 2025-05-31 00:00:00+00:00, run_after=2025-06-01 00:00:00+00:00
[2025-05-31T21:19:06.676-0300] {processor.py:183} INFO - Processing /home/walterg/Documentos/Data_projects/Data-Warehouse-postgres-DBT-airflow-/.venv/lib/python3.11/site-packages/airflow/example_dags/example_setup_teardown.py took 0.060 seconds
[2025-05-31T21:19:48.000-0300] {processor.py:161} INFO - Started process (PID=38431) to work on /home/walterg/Documentos/Data_projects/Data-Warehouse-postgres-DBT-airflow-/.venv/lib/python3.11/site-packages/airflow/example_dags/example_setup_teardown.py
[2025-05-31T21:19:48.005-0300] {processor.py:830} INFO - Processing file /home/walterg/Documentos/Data_projects/Data-Warehouse-postgres-DBT-airflow-/.venv/lib/python3.11/site-packages/airflow/example_dags/example_setup_teardown.py for tasks to queue
[2025-05-31T21:19:48.006-0300] {logging_mixin.py:188} INFO - [2025-05-31T21:19:48.006-0300] {dagbag.py:538} INFO - Filling up the DagBag from /home/walterg/Documentos/Data_projects/Data-Warehouse-postgres-DBT-airflow-/.venv/lib/python3.11/site-packages/airflow/example_dags/example_setup_teardown.py
[2025-05-31T21:19:48.012-0300] {processor.py:840} INFO - DAG(s) 'example_setup_teardown' retrieved from /home/walterg/Documentos/Data_projects/Data-Warehouse-postgres-DBT-airflow-/.venv/lib/python3.11/site-packages/airflow/example_dags/example_setup_teardown.py
[2025-05-31T21:19:48.024-0300] {logging_mixin.py:188} INFO - [2025-05-31T21:19:48.024-0300] {dag.py:3036} INFO - Sync 1 DAGs
[2025-05-31T21:19:48.136-0300] {logging_mixin.py:188} INFO - [2025-05-31T21:19:48.135-0300] {dag.py:3823} INFO - Setting next_dagrun for example_setup_teardown to 2025-05-31 00:00:00+00:00, run_after=2025-06-01 00:00:00+00:00
[2025-05-31T21:19:48.155-0300] {processor.py:183} INFO - Processing /home/walterg/Documentos/Data_projects/Data-Warehouse-postgres-DBT-airflow-/.venv/lib/python3.11/site-packages/airflow/example_dags/example_setup_teardown.py took 0.157 seconds
[2025-05-31T21:20:29.047-0300] {processor.py:161} INFO - Started process (PID=38598) to work on /home/walterg/Documentos/Data_projects/Data-Warehouse-postgres-DBT-airflow-/.venv/lib/python3.11/site-packages/airflow/example_dags/example_setup_teardown.py
[2025-05-31T21:20:29.052-0300] {processor.py:830} INFO - Processing file /home/walterg/Documentos/Data_projects/Data-Warehouse-postgres-DBT-airflow-/.venv/lib/python3.11/site-packages/airflow/example_dags/example_setup_teardown.py for tasks to queue
[2025-05-31T21:20:29.053-0300] {logging_mixin.py:188} INFO - [2025-05-31T21:20:29.053-0300] {dagbag.py:538} INFO - Filling up the DagBag from /home/walterg/Documentos/Data_projects/Data-Warehouse-postgres-DBT-airflow-/.venv/lib/python3.11/site-packages/airflow/example_dags/example_setup_teardown.py
[2025-05-31T21:20:29.059-0300] {processor.py:840} INFO - DAG(s) 'example_setup_teardown' retrieved from /home/walterg/Documentos/Data_projects/Data-Warehouse-postgres-DBT-airflow-/.venv/lib/python3.11/site-packages/airflow/example_dags/example_setup_teardown.py
[2025-05-31T21:20:29.071-0300] {logging_mixin.py:188} INFO - [2025-05-31T21:20:29.071-0300] {dag.py:3036} INFO - Sync 1 DAGs
[2025-05-31T21:20:29.085-0300] {logging_mixin.py:188} INFO - [2025-05-31T21:20:29.085-0300] {dag.py:3823} INFO - Setting next_dagrun for example_setup_teardown to 2025-05-31 00:00:00+00:00, run_after=2025-06-01 00:00:00+00:00
[2025-05-31T21:20:29.101-0300] {processor.py:183} INFO - Processing /home/walterg/Documentos/Data_projects/Data-Warehouse-postgres-DBT-airflow-/.venv/lib/python3.11/site-packages/airflow/example_dags/example_setup_teardown.py took 0.057 seconds
[2025-05-31T21:21:28.966-0300] {processor.py:161} INFO - Started process (PID=38890) to work on /home/walterg/Documentos/Data_projects/Data-Warehouse-postgres-DBT-airflow-/.venv/lib/python3.11/site-packages/airflow/example_dags/example_setup_teardown.py
[2025-05-31T21:21:28.971-0300] {processor.py:830} INFO - Processing file /home/walterg/Documentos/Data_projects/Data-Warehouse-postgres-DBT-airflow-/.venv/lib/python3.11/site-packages/airflow/example_dags/example_setup_teardown.py for tasks to queue
[2025-05-31T21:21:28.973-0300] {logging_mixin.py:188} INFO - [2025-05-31T21:21:28.972-0300] {dagbag.py:538} INFO - Filling up the DagBag from /home/walterg/Documentos/Data_projects/Data-Warehouse-postgres-DBT-airflow-/.venv/lib/python3.11/site-packages/airflow/example_dags/example_setup_teardown.py
[2025-05-31T21:21:28.979-0300] {processor.py:840} INFO - DAG(s) 'example_setup_teardown' retrieved from /home/walterg/Documentos/Data_projects/Data-Warehouse-postgres-DBT-airflow-/.venv/lib/python3.11/site-packages/airflow/example_dags/example_setup_teardown.py
[2025-05-31T21:21:28.993-0300] {logging_mixin.py:188} INFO - [2025-05-31T21:21:28.993-0300] {dag.py:3036} INFO - Sync 1 DAGs
[2025-05-31T21:21:29.008-0300] {logging_mixin.py:188} INFO - [2025-05-31T21:21:29.008-0300] {dag.py:3823} INFO - Setting next_dagrun for example_setup_teardown to 2025-05-31 00:00:00+00:00, run_after=2025-06-01 00:00:00+00:00
[2025-05-31T21:21:29.026-0300] {processor.py:183} INFO - Processing /home/walterg/Documentos/Data_projects/Data-Warehouse-postgres-DBT-airflow-/.venv/lib/python3.11/site-packages/airflow/example_dags/example_setup_teardown.py took 0.062 seconds
[2025-05-31T21:22:13.971-0300] {processor.py:161} INFO - Started process (PID=39216) to work on /home/walterg/Documentos/Data_projects/Data-Warehouse-postgres-DBT-airflow-/.venv/lib/python3.11/site-packages/airflow/example_dags/example_setup_teardown.py
[2025-05-31T21:22:13.976-0300] {processor.py:830} INFO - Processing file /home/walterg/Documentos/Data_projects/Data-Warehouse-postgres-DBT-airflow-/.venv/lib/python3.11/site-packages/airflow/example_dags/example_setup_teardown.py for tasks to queue
[2025-05-31T21:22:13.977-0300] {logging_mixin.py:188} INFO - [2025-05-31T21:22:13.977-0300] {dagbag.py:538} INFO - Filling up the DagBag from /home/walterg/Documentos/Data_projects/Data-Warehouse-postgres-DBT-airflow-/.venv/lib/python3.11/site-packages/airflow/example_dags/example_setup_teardown.py
[2025-05-31T21:22:13.989-0300] {processor.py:840} INFO - DAG(s) 'example_setup_teardown' retrieved from /home/walterg/Documentos/Data_projects/Data-Warehouse-postgres-DBT-airflow-/.venv/lib/python3.11/site-packages/airflow/example_dags/example_setup_teardown.py
[2025-05-31T21:22:14.012-0300] {logging_mixin.py:188} INFO - [2025-05-31T21:22:14.012-0300] {dag.py:3036} INFO - Sync 1 DAGs
[2025-05-31T21:22:14.035-0300] {logging_mixin.py:188} INFO - [2025-05-31T21:22:14.035-0300] {dag.py:3823} INFO - Setting next_dagrun for example_setup_teardown to 2025-05-31 00:00:00+00:00, run_after=2025-06-01 00:00:00+00:00
[2025-05-31T21:22:14.055-0300] {processor.py:183} INFO - Processing /home/walterg/Documentos/Data_projects/Data-Warehouse-postgres-DBT-airflow-/.venv/lib/python3.11/site-packages/airflow/example_dags/example_setup_teardown.py took 0.086 seconds
[2025-05-31T21:22:55.763-0300] {processor.py:161} INFO - Started process (PID=39375) to work on /home/walterg/Documentos/Data_projects/Data-Warehouse-postgres-DBT-airflow-/.venv/lib/python3.11/site-packages/airflow/example_dags/example_setup_teardown.py
[2025-05-31T21:22:55.768-0300] {processor.py:830} INFO - Processing file /home/walterg/Documentos/Data_projects/Data-Warehouse-postgres-DBT-airflow-/.venv/lib/python3.11/site-packages/airflow/example_dags/example_setup_teardown.py for tasks to queue
[2025-05-31T21:22:55.769-0300] {logging_mixin.py:188} INFO - [2025-05-31T21:22:55.769-0300] {dagbag.py:538} INFO - Filling up the DagBag from /home/walterg/Documentos/Data_projects/Data-Warehouse-postgres-DBT-airflow-/.venv/lib/python3.11/site-packages/airflow/example_dags/example_setup_teardown.py
[2025-05-31T21:22:55.776-0300] {processor.py:840} INFO - DAG(s) 'example_setup_teardown' retrieved from /home/walterg/Documentos/Data_projects/Data-Warehouse-postgres-DBT-airflow-/.venv/lib/python3.11/site-packages/airflow/example_dags/example_setup_teardown.py
[2025-05-31T21:22:55.889-0300] {logging_mixin.py:188} INFO - [2025-05-31T21:22:55.889-0300] {dag.py:3036} INFO - Sync 1 DAGs
[2025-05-31T21:22:55.900-0300] {logging_mixin.py:188} INFO - [2025-05-31T21:22:55.900-0300] {dag.py:3823} INFO - Setting next_dagrun for example_setup_teardown to 2025-05-31 00:00:00+00:00, run_after=2025-06-01 00:00:00+00:00
[2025-05-31T21:22:55.920-0300] {processor.py:183} INFO - Processing /home/walterg/Documentos/Data_projects/Data-Warehouse-postgres-DBT-airflow-/.venv/lib/python3.11/site-packages/airflow/example_dags/example_setup_teardown.py took 0.159 seconds
[2025-05-31T21:23:40.312-0300] {processor.py:161} INFO - Started process (PID=39588) to work on /home/walterg/Documentos/Data_projects/Data-Warehouse-postgres-DBT-airflow-/.venv/lib/python3.11/site-packages/airflow/example_dags/example_setup_teardown.py
[2025-05-31T21:23:40.317-0300] {processor.py:830} INFO - Processing file /home/walterg/Documentos/Data_projects/Data-Warehouse-postgres-DBT-airflow-/.venv/lib/python3.11/site-packages/airflow/example_dags/example_setup_teardown.py for tasks to queue
[2025-05-31T21:23:40.318-0300] {logging_mixin.py:188} INFO - [2025-05-31T21:23:40.318-0300] {dagbag.py:538} INFO - Filling up the DagBag from /home/walterg/Documentos/Data_projects/Data-Warehouse-postgres-DBT-airflow-/.venv/lib/python3.11/site-packages/airflow/example_dags/example_setup_teardown.py
[2025-05-31T21:23:40.329-0300] {processor.py:840} INFO - DAG(s) 'example_setup_teardown' retrieved from /home/walterg/Documentos/Data_projects/Data-Warehouse-postgres-DBT-airflow-/.venv/lib/python3.11/site-packages/airflow/example_dags/example_setup_teardown.py
[2025-05-31T21:23:40.348-0300] {logging_mixin.py:188} INFO - [2025-05-31T21:23:40.347-0300] {dag.py:3036} INFO - Sync 1 DAGs
[2025-05-31T21:23:40.364-0300] {logging_mixin.py:188} INFO - [2025-05-31T21:23:40.363-0300] {dag.py:3823} INFO - Setting next_dagrun for example_setup_teardown to 2025-05-31 00:00:00+00:00, run_after=2025-06-01 00:00:00+00:00
[2025-05-31T21:23:40.383-0300] {processor.py:183} INFO - Processing /home/walterg/Documentos/Data_projects/Data-Warehouse-postgres-DBT-airflow-/.venv/lib/python3.11/site-packages/airflow/example_dags/example_setup_teardown.py took 0.073 seconds
[2025-05-31T21:24:27.835-0300] {processor.py:161} INFO - Started process (PID=39766) to work on /home/walterg/Documentos/Data_projects/Data-Warehouse-postgres-DBT-airflow-/.venv/lib/python3.11/site-packages/airflow/example_dags/example_setup_teardown.py
[2025-05-31T21:24:27.840-0300] {processor.py:830} INFO - Processing file /home/walterg/Documentos/Data_projects/Data-Warehouse-postgres-DBT-airflow-/.venv/lib/python3.11/site-packages/airflow/example_dags/example_setup_teardown.py for tasks to queue
[2025-05-31T21:24:27.841-0300] {logging_mixin.py:188} INFO - [2025-05-31T21:24:27.841-0300] {dagbag.py:538} INFO - Filling up the DagBag from /home/walterg/Documentos/Data_projects/Data-Warehouse-postgres-DBT-airflow-/.venv/lib/python3.11/site-packages/airflow/example_dags/example_setup_teardown.py
[2025-05-31T21:24:27.848-0300] {processor.py:840} INFO - DAG(s) 'example_setup_teardown' retrieved from /home/walterg/Documentos/Data_projects/Data-Warehouse-postgres-DBT-airflow-/.venv/lib/python3.11/site-packages/airflow/example_dags/example_setup_teardown.py
[2025-05-31T21:24:27.960-0300] {logging_mixin.py:188} INFO - [2025-05-31T21:24:27.960-0300] {dag.py:3036} INFO - Sync 1 DAGs
[2025-05-31T21:24:27.971-0300] {logging_mixin.py:188} INFO - [2025-05-31T21:24:27.970-0300] {dag.py:3823} INFO - Setting next_dagrun for example_setup_teardown to 2025-05-31 00:00:00+00:00, run_after=2025-06-01 00:00:00+00:00
[2025-05-31T21:24:27.991-0300] {processor.py:183} INFO - Processing /home/walterg/Documentos/Data_projects/Data-Warehouse-postgres-DBT-airflow-/.venv/lib/python3.11/site-packages/airflow/example_dags/example_setup_teardown.py took 0.159 seconds
[2025-05-31T21:25:18.421-0300] {processor.py:161} INFO - Started process (PID=40022) to work on /home/walterg/Documentos/Data_projects/Data-Warehouse-postgres-DBT-airflow-/.venv/lib/python3.11/site-packages/airflow/example_dags/example_setup_teardown.py
[2025-05-31T21:25:18.426-0300] {processor.py:830} INFO - Processing file /home/walterg/Documentos/Data_projects/Data-Warehouse-postgres-DBT-airflow-/.venv/lib/python3.11/site-packages/airflow/example_dags/example_setup_teardown.py for tasks to queue
[2025-05-31T21:25:18.427-0300] {logging_mixin.py:188} INFO - [2025-05-31T21:25:18.427-0300] {dagbag.py:538} INFO - Filling up the DagBag from /home/walterg/Documentos/Data_projects/Data-Warehouse-postgres-DBT-airflow-/.venv/lib/python3.11/site-packages/airflow/example_dags/example_setup_teardown.py
[2025-05-31T21:25:18.434-0300] {processor.py:840} INFO - DAG(s) 'example_setup_teardown' retrieved from /home/walterg/Documentos/Data_projects/Data-Warehouse-postgres-DBT-airflow-/.venv/lib/python3.11/site-packages/airflow/example_dags/example_setup_teardown.py
[2025-05-31T21:25:18.447-0300] {logging_mixin.py:188} INFO - [2025-05-31T21:25:18.447-0300] {dag.py:3036} INFO - Sync 1 DAGs
[2025-05-31T21:25:18.461-0300] {logging_mixin.py:188} INFO - [2025-05-31T21:25:18.461-0300] {dag.py:3823} INFO - Setting next_dagrun for example_setup_teardown to 2025-05-31 00:00:00+00:00, run_after=2025-06-01 00:00:00+00:00
[2025-05-31T21:25:18.481-0300] {processor.py:183} INFO - Processing /home/walterg/Documentos/Data_projects/Data-Warehouse-postgres-DBT-airflow-/.venv/lib/python3.11/site-packages/airflow/example_dags/example_setup_teardown.py took 0.062 seconds
[2025-05-31T21:25:59.803-0300] {processor.py:161} INFO - Started process (PID=40351) to work on /home/walterg/Documentos/Data_projects/Data-Warehouse-postgres-DBT-airflow-/.venv/lib/python3.11/site-packages/airflow/example_dags/example_setup_teardown.py
[2025-05-31T21:25:59.809-0300] {processor.py:830} INFO - Processing file /home/walterg/Documentos/Data_projects/Data-Warehouse-postgres-DBT-airflow-/.venv/lib/python3.11/site-packages/airflow/example_dags/example_setup_teardown.py for tasks to queue
[2025-05-31T21:25:59.809-0300] {logging_mixin.py:188} INFO - [2025-05-31T21:25:59.809-0300] {dagbag.py:538} INFO - Filling up the DagBag from /home/walterg/Documentos/Data_projects/Data-Warehouse-postgres-DBT-airflow-/.venv/lib/python3.11/site-packages/airflow/example_dags/example_setup_teardown.py
[2025-05-31T21:25:59.816-0300] {processor.py:840} INFO - DAG(s) 'example_setup_teardown' retrieved from /home/walterg/Documentos/Data_projects/Data-Warehouse-postgres-DBT-airflow-/.venv/lib/python3.11/site-packages/airflow/example_dags/example_setup_teardown.py
[2025-05-31T21:25:59.828-0300] {logging_mixin.py:188} INFO - [2025-05-31T21:25:59.827-0300] {dag.py:3036} INFO - Sync 1 DAGs
[2025-05-31T21:25:59.841-0300] {logging_mixin.py:188} INFO - [2025-05-31T21:25:59.840-0300] {dag.py:3823} INFO - Setting next_dagrun for example_setup_teardown to 2025-05-31 00:00:00+00:00, run_after=2025-06-01 00:00:00+00:00
[2025-05-31T21:25:59.858-0300] {processor.py:183} INFO - Processing /home/walterg/Documentos/Data_projects/Data-Warehouse-postgres-DBT-airflow-/.venv/lib/python3.11/site-packages/airflow/example_dags/example_setup_teardown.py took 0.058 seconds
[2025-05-31T21:26:59.937-0300] {processor.py:161} INFO - Started process (PID=40702) to work on /home/walterg/Documentos/Data_projects/Data-Warehouse-postgres-DBT-airflow-/.venv/lib/python3.11/site-packages/airflow/example_dags/example_setup_teardown.py
[2025-05-31T21:26:59.943-0300] {processor.py:830} INFO - Processing file /home/walterg/Documentos/Data_projects/Data-Warehouse-postgres-DBT-airflow-/.venv/lib/python3.11/site-packages/airflow/example_dags/example_setup_teardown.py for tasks to queue
[2025-05-31T21:26:59.944-0300] {logging_mixin.py:188} INFO - [2025-05-31T21:26:59.943-0300] {dagbag.py:538} INFO - Filling up the DagBag from /home/walterg/Documentos/Data_projects/Data-Warehouse-postgres-DBT-airflow-/.venv/lib/python3.11/site-packages/airflow/example_dags/example_setup_teardown.py
[2025-05-31T21:26:59.952-0300] {processor.py:840} INFO - DAG(s) 'example_setup_teardown' retrieved from /home/walterg/Documentos/Data_projects/Data-Warehouse-postgres-DBT-airflow-/.venv/lib/python3.11/site-packages/airflow/example_dags/example_setup_teardown.py
[2025-05-31T21:26:59.963-0300] {logging_mixin.py:188} INFO - [2025-05-31T21:26:59.963-0300] {dag.py:3036} INFO - Sync 1 DAGs
[2025-05-31T21:26:59.976-0300] {logging_mixin.py:188} INFO - [2025-05-31T21:26:59.976-0300] {dag.py:3823} INFO - Setting next_dagrun for example_setup_teardown to 2025-05-31 00:00:00+00:00, run_after=2025-06-01 00:00:00+00:00
[2025-05-31T21:26:59.994-0300] {processor.py:183} INFO - Processing /home/walterg/Documentos/Data_projects/Data-Warehouse-postgres-DBT-airflow-/.venv/lib/python3.11/site-packages/airflow/example_dags/example_setup_teardown.py took 0.059 seconds
[2025-05-31T21:27:41.161-0300] {processor.py:161} INFO - Started process (PID=41147) to work on /home/walterg/Documentos/Data_projects/Data-Warehouse-postgres-DBT-airflow-/.venv/lib/python3.11/site-packages/airflow/example_dags/example_setup_teardown.py
[2025-05-31T21:27:41.166-0300] {processor.py:830} INFO - Processing file /home/walterg/Documentos/Data_projects/Data-Warehouse-postgres-DBT-airflow-/.venv/lib/python3.11/site-packages/airflow/example_dags/example_setup_teardown.py for tasks to queue
[2025-05-31T21:27:41.167-0300] {logging_mixin.py:188} INFO - [2025-05-31T21:27:41.166-0300] {dagbag.py:538} INFO - Filling up the DagBag from /home/walterg/Documentos/Data_projects/Data-Warehouse-postgres-DBT-airflow-/.venv/lib/python3.11/site-packages/airflow/example_dags/example_setup_teardown.py
[2025-05-31T21:27:41.173-0300] {processor.py:840} INFO - DAG(s) 'example_setup_teardown' retrieved from /home/walterg/Documentos/Data_projects/Data-Warehouse-postgres-DBT-airflow-/.venv/lib/python3.11/site-packages/airflow/example_dags/example_setup_teardown.py
[2025-05-31T21:27:41.185-0300] {logging_mixin.py:188} INFO - [2025-05-31T21:27:41.184-0300] {dag.py:3036} INFO - Sync 1 DAGs
[2025-05-31T21:27:41.197-0300] {logging_mixin.py:188} INFO - [2025-05-31T21:27:41.197-0300] {dag.py:3823} INFO - Setting next_dagrun for example_setup_teardown to 2025-05-31 00:00:00+00:00, run_after=2025-06-01 00:00:00+00:00
[2025-05-31T21:27:41.216-0300] {processor.py:183} INFO - Processing /home/walterg/Documentos/Data_projects/Data-Warehouse-postgres-DBT-airflow-/.venv/lib/python3.11/site-packages/airflow/example_dags/example_setup_teardown.py took 0.058 seconds
[2025-05-31T21:28:21.446-0300] {processor.py:161} INFO - Started process (PID=41392) to work on /home/walterg/Documentos/Data_projects/Data-Warehouse-postgres-DBT-airflow-/.venv/lib/python3.11/site-packages/airflow/example_dags/example_setup_teardown.py
[2025-05-31T21:28:21.451-0300] {processor.py:830} INFO - Processing file /home/walterg/Documentos/Data_projects/Data-Warehouse-postgres-DBT-airflow-/.venv/lib/python3.11/site-packages/airflow/example_dags/example_setup_teardown.py for tasks to queue
[2025-05-31T21:28:21.453-0300] {logging_mixin.py:188} INFO - [2025-05-31T21:28:21.452-0300] {dagbag.py:538} INFO - Filling up the DagBag from /home/walterg/Documentos/Data_projects/Data-Warehouse-postgres-DBT-airflow-/.venv/lib/python3.11/site-packages/airflow/example_dags/example_setup_teardown.py
[2025-05-31T21:28:21.459-0300] {processor.py:840} INFO - DAG(s) 'example_setup_teardown' retrieved from /home/walterg/Documentos/Data_projects/Data-Warehouse-postgres-DBT-airflow-/.venv/lib/python3.11/site-packages/airflow/example_dags/example_setup_teardown.py
[2025-05-31T21:28:21.471-0300] {logging_mixin.py:188} INFO - [2025-05-31T21:28:21.471-0300] {dag.py:3036} INFO - Sync 1 DAGs
[2025-05-31T21:28:21.483-0300] {logging_mixin.py:188} INFO - [2025-05-31T21:28:21.483-0300] {dag.py:3823} INFO - Setting next_dagrun for example_setup_teardown to 2025-05-31 00:00:00+00:00, run_after=2025-06-01 00:00:00+00:00
[2025-05-31T21:28:21.499-0300] {processor.py:183} INFO - Processing /home/walterg/Documentos/Data_projects/Data-Warehouse-postgres-DBT-airflow-/.venv/lib/python3.11/site-packages/airflow/example_dags/example_setup_teardown.py took 0.056 seconds
[2025-05-31T21:29:01.304-0300] {processor.py:161} INFO - Started process (PID=41489) to work on /home/walterg/Documentos/Data_projects/Data-Warehouse-postgres-DBT-airflow-/.venv/lib/python3.11/site-packages/airflow/example_dags/example_setup_teardown.py
[2025-05-31T21:29:01.306-0300] {processor.py:830} INFO - Processing file /home/walterg/Documentos/Data_projects/Data-Warehouse-postgres-DBT-airflow-/.venv/lib/python3.11/site-packages/airflow/example_dags/example_setup_teardown.py for tasks to queue
[2025-05-31T21:29:01.308-0300] {logging_mixin.py:188} INFO - [2025-05-31T21:29:01.307-0300] {dagbag.py:538} INFO - Filling up the DagBag from /home/walterg/Documentos/Data_projects/Data-Warehouse-postgres-DBT-airflow-/.venv/lib/python3.11/site-packages/airflow/example_dags/example_setup_teardown.py
[2025-05-31T21:29:01.324-0300] {processor.py:840} INFO - DAG(s) 'example_setup_teardown' retrieved from /home/walterg/Documentos/Data_projects/Data-Warehouse-postgres-DBT-airflow-/.venv/lib/python3.11/site-packages/airflow/example_dags/example_setup_teardown.py
[2025-05-31T21:29:01.354-0300] {logging_mixin.py:188} INFO - [2025-05-31T21:29:01.353-0300] {dag.py:3036} INFO - Sync 1 DAGs
[2025-05-31T21:29:01.379-0300] {logging_mixin.py:188} INFO - [2025-05-31T21:29:01.379-0300] {dag.py:3823} INFO - Setting next_dagrun for example_setup_teardown to 2025-05-31 00:00:00+00:00, run_after=2025-06-01 00:00:00+00:00
[2025-05-31T21:29:01.415-0300] {processor.py:183} INFO - Processing /home/walterg/Documentos/Data_projects/Data-Warehouse-postgres-DBT-airflow-/.venv/lib/python3.11/site-packages/airflow/example_dags/example_setup_teardown.py took 0.116 seconds
[2025-05-31T21:29:43.022-0300] {processor.py:161} INFO - Started process (PID=41698) to work on /home/walterg/Documentos/Data_projects/Data-Warehouse-postgres-DBT-airflow-/.venv/lib/python3.11/site-packages/airflow/example_dags/example_setup_teardown.py
[2025-05-31T21:29:43.027-0300] {processor.py:830} INFO - Processing file /home/walterg/Documentos/Data_projects/Data-Warehouse-postgres-DBT-airflow-/.venv/lib/python3.11/site-packages/airflow/example_dags/example_setup_teardown.py for tasks to queue
[2025-05-31T21:29:43.028-0300] {logging_mixin.py:188} INFO - [2025-05-31T21:29:43.028-0300] {dagbag.py:538} INFO - Filling up the DagBag from /home/walterg/Documentos/Data_projects/Data-Warehouse-postgres-DBT-airflow-/.venv/lib/python3.11/site-packages/airflow/example_dags/example_setup_teardown.py
[2025-05-31T21:29:43.037-0300] {processor.py:840} INFO - DAG(s) 'example_setup_teardown' retrieved from /home/walterg/Documentos/Data_projects/Data-Warehouse-postgres-DBT-airflow-/.venv/lib/python3.11/site-packages/airflow/example_dags/example_setup_teardown.py
[2025-05-31T21:29:43.053-0300] {logging_mixin.py:188} INFO - [2025-05-31T21:29:43.053-0300] {dag.py:3036} INFO - Sync 1 DAGs
[2025-05-31T21:29:43.070-0300] {logging_mixin.py:188} INFO - [2025-05-31T21:29:43.070-0300] {dag.py:3823} INFO - Setting next_dagrun for example_setup_teardown to 2025-05-31 00:00:00+00:00, run_after=2025-06-01 00:00:00+00:00
[2025-05-31T21:29:43.095-0300] {processor.py:183} INFO - Processing /home/walterg/Documentos/Data_projects/Data-Warehouse-postgres-DBT-airflow-/.venv/lib/python3.11/site-packages/airflow/example_dags/example_setup_teardown.py took 0.077 seconds
[2025-05-31T21:30:41.552-0300] {processor.py:161} INFO - Started process (PID=41908) to work on /home/walterg/Documentos/Data_projects/Data-Warehouse-postgres-DBT-airflow-/.venv/lib/python3.11/site-packages/airflow/example_dags/example_setup_teardown.py
[2025-05-31T21:30:41.557-0300] {processor.py:830} INFO - Processing file /home/walterg/Documentos/Data_projects/Data-Warehouse-postgres-DBT-airflow-/.venv/lib/python3.11/site-packages/airflow/example_dags/example_setup_teardown.py for tasks to queue
[2025-05-31T21:30:41.558-0300] {logging_mixin.py:188} INFO - [2025-05-31T21:30:41.557-0300] {dagbag.py:538} INFO - Filling up the DagBag from /home/walterg/Documentos/Data_projects/Data-Warehouse-postgres-DBT-airflow-/.venv/lib/python3.11/site-packages/airflow/example_dags/example_setup_teardown.py
[2025-05-31T21:30:41.565-0300] {processor.py:840} INFO - DAG(s) 'example_setup_teardown' retrieved from /home/walterg/Documentos/Data_projects/Data-Warehouse-postgres-DBT-airflow-/.venv/lib/python3.11/site-packages/airflow/example_dags/example_setup_teardown.py
[2025-05-31T21:30:41.577-0300] {logging_mixin.py:188} INFO - [2025-05-31T21:30:41.577-0300] {dag.py:3036} INFO - Sync 1 DAGs
[2025-05-31T21:30:41.590-0300] {logging_mixin.py:188} INFO - [2025-05-31T21:30:41.590-0300] {dag.py:3823} INFO - Setting next_dagrun for example_setup_teardown to 2025-05-31 00:00:00+00:00, run_after=2025-06-01 00:00:00+00:00
[2025-05-31T21:30:41.607-0300] {processor.py:183} INFO - Processing /home/walterg/Documentos/Data_projects/Data-Warehouse-postgres-DBT-airflow-/.venv/lib/python3.11/site-packages/airflow/example_dags/example_setup_teardown.py took 0.058 seconds
[2025-05-31T21:31:22.044-0300] {processor.py:161} INFO - Started process (PID=42131) to work on /home/walterg/Documentos/Data_projects/Data-Warehouse-postgres-DBT-airflow-/.venv/lib/python3.11/site-packages/airflow/example_dags/example_setup_teardown.py
[2025-05-31T21:31:22.049-0300] {processor.py:830} INFO - Processing file /home/walterg/Documentos/Data_projects/Data-Warehouse-postgres-DBT-airflow-/.venv/lib/python3.11/site-packages/airflow/example_dags/example_setup_teardown.py for tasks to queue
[2025-05-31T21:31:22.051-0300] {logging_mixin.py:188} INFO - [2025-05-31T21:31:22.050-0300] {dagbag.py:538} INFO - Filling up the DagBag from /home/walterg/Documentos/Data_projects/Data-Warehouse-postgres-DBT-airflow-/.venv/lib/python3.11/site-packages/airflow/example_dags/example_setup_teardown.py
[2025-05-31T21:31:22.057-0300] {processor.py:840} INFO - DAG(s) 'example_setup_teardown' retrieved from /home/walterg/Documentos/Data_projects/Data-Warehouse-postgres-DBT-airflow-/.venv/lib/python3.11/site-packages/airflow/example_dags/example_setup_teardown.py
[2025-05-31T21:31:22.069-0300] {logging_mixin.py:188} INFO - [2025-05-31T21:31:22.069-0300] {dag.py:3036} INFO - Sync 1 DAGs
[2025-05-31T21:31:22.082-0300] {logging_mixin.py:188} INFO - [2025-05-31T21:31:22.082-0300] {dag.py:3823} INFO - Setting next_dagrun for example_setup_teardown to 2025-05-31 00:00:00+00:00, run_after=2025-06-01 00:00:00+00:00
[2025-05-31T21:31:22.099-0300] {processor.py:183} INFO - Processing /home/walterg/Documentos/Data_projects/Data-Warehouse-postgres-DBT-airflow-/.venv/lib/python3.11/site-packages/airflow/example_dags/example_setup_teardown.py took 0.057 seconds
[2025-05-31T21:32:20.561-0300] {processor.py:161} INFO - Started process (PID=42395) to work on /home/walterg/Documentos/Data_projects/Data-Warehouse-postgres-DBT-airflow-/.venv/lib/python3.11/site-packages/airflow/example_dags/example_setup_teardown.py
[2025-05-31T21:32:20.566-0300] {processor.py:830} INFO - Processing file /home/walterg/Documentos/Data_projects/Data-Warehouse-postgres-DBT-airflow-/.venv/lib/python3.11/site-packages/airflow/example_dags/example_setup_teardown.py for tasks to queue
[2025-05-31T21:32:20.568-0300] {logging_mixin.py:188} INFO - [2025-05-31T21:32:20.567-0300] {dagbag.py:538} INFO - Filling up the DagBag from /home/walterg/Documentos/Data_projects/Data-Warehouse-postgres-DBT-airflow-/.venv/lib/python3.11/site-packages/airflow/example_dags/example_setup_teardown.py
[2025-05-31T21:32:20.575-0300] {processor.py:840} INFO - DAG(s) 'example_setup_teardown' retrieved from /home/walterg/Documentos/Data_projects/Data-Warehouse-postgres-DBT-airflow-/.venv/lib/python3.11/site-packages/airflow/example_dags/example_setup_teardown.py
[2025-05-31T21:32:20.586-0300] {logging_mixin.py:188} INFO - [2025-05-31T21:32:20.586-0300] {dag.py:3036} INFO - Sync 1 DAGs
[2025-05-31T21:32:20.599-0300] {logging_mixin.py:188} INFO - [2025-05-31T21:32:20.599-0300] {dag.py:3823} INFO - Setting next_dagrun for example_setup_teardown to 2025-05-31 00:00:00+00:00, run_after=2025-06-01 00:00:00+00:00
[2025-05-31T21:32:20.614-0300] {processor.py:183} INFO - Processing /home/walterg/Documentos/Data_projects/Data-Warehouse-postgres-DBT-airflow-/.venv/lib/python3.11/site-packages/airflow/example_dags/example_setup_teardown.py took 0.056 seconds
[2025-05-31T21:33:07.585-0300] {processor.py:161} INFO - Started process (PID=42786) to work on /home/walterg/Documentos/Data_projects/Data-Warehouse-postgres-DBT-airflow-/.venv/lib/python3.11/site-packages/airflow/example_dags/example_setup_teardown.py
[2025-05-31T21:33:07.590-0300] {processor.py:830} INFO - Processing file /home/walterg/Documentos/Data_projects/Data-Warehouse-postgres-DBT-airflow-/.venv/lib/python3.11/site-packages/airflow/example_dags/example_setup_teardown.py for tasks to queue
[2025-05-31T21:33:07.591-0300] {logging_mixin.py:188} INFO - [2025-05-31T21:33:07.591-0300] {dagbag.py:538} INFO - Filling up the DagBag from /home/walterg/Documentos/Data_projects/Data-Warehouse-postgres-DBT-airflow-/.venv/lib/python3.11/site-packages/airflow/example_dags/example_setup_teardown.py
[2025-05-31T21:33:07.597-0300] {processor.py:840} INFO - DAG(s) 'example_setup_teardown' retrieved from /home/walterg/Documentos/Data_projects/Data-Warehouse-postgres-DBT-airflow-/.venv/lib/python3.11/site-packages/airflow/example_dags/example_setup_teardown.py
[2025-05-31T21:33:07.610-0300] {logging_mixin.py:188} INFO - [2025-05-31T21:33:07.610-0300] {dag.py:3036} INFO - Sync 1 DAGs
[2025-05-31T21:33:07.622-0300] {logging_mixin.py:188} INFO - [2025-05-31T21:33:07.622-0300] {dag.py:3823} INFO - Setting next_dagrun for example_setup_teardown to 2025-05-31 00:00:00+00:00, run_after=2025-06-01 00:00:00+00:00
[2025-05-31T21:33:07.640-0300] {processor.py:183} INFO - Processing /home/walterg/Documentos/Data_projects/Data-Warehouse-postgres-DBT-airflow-/.venv/lib/python3.11/site-packages/airflow/example_dags/example_setup_teardown.py took 0.058 seconds
[2025-05-31T21:33:47.565-0300] {processor.py:161} INFO - Started process (PID=42905) to work on /home/walterg/Documentos/Data_projects/Data-Warehouse-postgres-DBT-airflow-/.venv/lib/python3.11/site-packages/airflow/example_dags/example_setup_teardown.py
[2025-05-31T21:33:47.571-0300] {processor.py:830} INFO - Processing file /home/walterg/Documentos/Data_projects/Data-Warehouse-postgres-DBT-airflow-/.venv/lib/python3.11/site-packages/airflow/example_dags/example_setup_teardown.py for tasks to queue
[2025-05-31T21:33:47.572-0300] {logging_mixin.py:188} INFO - [2025-05-31T21:33:47.571-0300] {dagbag.py:538} INFO - Filling up the DagBag from /home/walterg/Documentos/Data_projects/Data-Warehouse-postgres-DBT-airflow-/.venv/lib/python3.11/site-packages/airflow/example_dags/example_setup_teardown.py
[2025-05-31T21:33:47.578-0300] {processor.py:840} INFO - DAG(s) 'example_setup_teardown' retrieved from /home/walterg/Documentos/Data_projects/Data-Warehouse-postgres-DBT-airflow-/.venv/lib/python3.11/site-packages/airflow/example_dags/example_setup_teardown.py
[2025-05-31T21:33:47.591-0300] {logging_mixin.py:188} INFO - [2025-05-31T21:33:47.590-0300] {dag.py:3036} INFO - Sync 1 DAGs
[2025-05-31T21:33:47.603-0300] {logging_mixin.py:188} INFO - [2025-05-31T21:33:47.603-0300] {dag.py:3823} INFO - Setting next_dagrun for example_setup_teardown to 2025-05-31 00:00:00+00:00, run_after=2025-06-01 00:00:00+00:00
[2025-05-31T21:33:47.620-0300] {processor.py:183} INFO - Processing /home/walterg/Documentos/Data_projects/Data-Warehouse-postgres-DBT-airflow-/.venv/lib/python3.11/site-packages/airflow/example_dags/example_setup_teardown.py took 0.057 seconds
[2025-05-31T21:34:41.211-0300] {processor.py:161} INFO - Started process (PID=43069) to work on /home/walterg/Documentos/Data_projects/Data-Warehouse-postgres-DBT-airflow-/.venv/lib/python3.11/site-packages/airflow/example_dags/example_setup_teardown.py
[2025-05-31T21:34:41.216-0300] {processor.py:830} INFO - Processing file /home/walterg/Documentos/Data_projects/Data-Warehouse-postgres-DBT-airflow-/.venv/lib/python3.11/site-packages/airflow/example_dags/example_setup_teardown.py for tasks to queue
[2025-05-31T21:34:41.217-0300] {logging_mixin.py:188} INFO - [2025-05-31T21:34:41.217-0300] {dagbag.py:538} INFO - Filling up the DagBag from /home/walterg/Documentos/Data_projects/Data-Warehouse-postgres-DBT-airflow-/.venv/lib/python3.11/site-packages/airflow/example_dags/example_setup_teardown.py
[2025-05-31T21:34:41.224-0300] {processor.py:840} INFO - DAG(s) 'example_setup_teardown' retrieved from /home/walterg/Documentos/Data_projects/Data-Warehouse-postgres-DBT-airflow-/.venv/lib/python3.11/site-packages/airflow/example_dags/example_setup_teardown.py
[2025-05-31T21:34:41.237-0300] {logging_mixin.py:188} INFO - [2025-05-31T21:34:41.237-0300] {dag.py:3036} INFO - Sync 1 DAGs
[2025-05-31T21:34:41.252-0300] {logging_mixin.py:188} INFO - [2025-05-31T21:34:41.251-0300] {dag.py:3823} INFO - Setting next_dagrun for example_setup_teardown to 2025-05-31 00:00:00+00:00, run_after=2025-06-01 00:00:00+00:00
[2025-05-31T21:34:41.268-0300] {processor.py:183} INFO - Processing /home/walterg/Documentos/Data_projects/Data-Warehouse-postgres-DBT-airflow-/.venv/lib/python3.11/site-packages/airflow/example_dags/example_setup_teardown.py took 0.061 seconds
[2025-05-31T21:35:38.922-0300] {processor.py:161} INFO - Started process (PID=43461) to work on /home/walterg/Documentos/Data_projects/Data-Warehouse-postgres-DBT-airflow-/.venv/lib/python3.11/site-packages/airflow/example_dags/example_setup_teardown.py
[2025-05-31T21:35:38.927-0300] {processor.py:830} INFO - Processing file /home/walterg/Documentos/Data_projects/Data-Warehouse-postgres-DBT-airflow-/.venv/lib/python3.11/site-packages/airflow/example_dags/example_setup_teardown.py for tasks to queue
[2025-05-31T21:35:38.929-0300] {logging_mixin.py:188} INFO - [2025-05-31T21:35:38.928-0300] {dagbag.py:538} INFO - Filling up the DagBag from /home/walterg/Documentos/Data_projects/Data-Warehouse-postgres-DBT-airflow-/.venv/lib/python3.11/site-packages/airflow/example_dags/example_setup_teardown.py
[2025-05-31T21:35:38.935-0300] {processor.py:840} INFO - DAG(s) 'example_setup_teardown' retrieved from /home/walterg/Documentos/Data_projects/Data-Warehouse-postgres-DBT-airflow-/.venv/lib/python3.11/site-packages/airflow/example_dags/example_setup_teardown.py
[2025-05-31T21:35:38.947-0300] {logging_mixin.py:188} INFO - [2025-05-31T21:35:38.947-0300] {dag.py:3036} INFO - Sync 1 DAGs
[2025-05-31T21:35:38.960-0300] {logging_mixin.py:188} INFO - [2025-05-31T21:35:38.960-0300] {dag.py:3823} INFO - Setting next_dagrun for example_setup_teardown to 2025-05-31 00:00:00+00:00, run_after=2025-06-01 00:00:00+00:00
[2025-05-31T21:35:38.977-0300] {processor.py:183} INFO - Processing /home/walterg/Documentos/Data_projects/Data-Warehouse-postgres-DBT-airflow-/.venv/lib/python3.11/site-packages/airflow/example_dags/example_setup_teardown.py took 0.058 seconds
[2025-05-31T21:36:32.204-0300] {processor.py:161} INFO - Started process (PID=43831) to work on /home/walterg/Documentos/Data_projects/Data-Warehouse-postgres-DBT-airflow-/.venv/lib/python3.11/site-packages/airflow/example_dags/example_setup_teardown.py
[2025-05-31T21:36:32.205-0300] {processor.py:830} INFO - Processing file /home/walterg/Documentos/Data_projects/Data-Warehouse-postgres-DBT-airflow-/.venv/lib/python3.11/site-packages/airflow/example_dags/example_setup_teardown.py for tasks to queue
[2025-05-31T21:36:32.206-0300] {logging_mixin.py:188} INFO - [2025-05-31T21:36:32.206-0300] {dagbag.py:538} INFO - Filling up the DagBag from /home/walterg/Documentos/Data_projects/Data-Warehouse-postgres-DBT-airflow-/.venv/lib/python3.11/site-packages/airflow/example_dags/example_setup_teardown.py
[2025-05-31T21:36:32.213-0300] {processor.py:840} INFO - DAG(s) 'example_setup_teardown' retrieved from /home/walterg/Documentos/Data_projects/Data-Warehouse-postgres-DBT-airflow-/.venv/lib/python3.11/site-packages/airflow/example_dags/example_setup_teardown.py
[2025-05-31T21:36:32.227-0300] {logging_mixin.py:188} INFO - [2025-05-31T21:36:32.227-0300] {dag.py:3036} INFO - Sync 1 DAGs
[2025-05-31T21:36:32.241-0300] {logging_mixin.py:188} INFO - [2025-05-31T21:36:32.241-0300] {dag.py:3823} INFO - Setting next_dagrun for example_setup_teardown to 2025-05-31 00:00:00+00:00, run_after=2025-06-01 00:00:00+00:00
[2025-05-31T21:36:32.257-0300] {processor.py:183} INFO - Processing /home/walterg/Documentos/Data_projects/Data-Warehouse-postgres-DBT-airflow-/.venv/lib/python3.11/site-packages/airflow/example_dags/example_setup_teardown.py took 0.056 seconds
[2025-05-31T21:37:23.165-0300] {processor.py:161} INFO - Started process (PID=44277) to work on /home/walterg/Documentos/Data_projects/Data-Warehouse-postgres-DBT-airflow-/.venv/lib/python3.11/site-packages/airflow/example_dags/example_setup_teardown.py
[2025-05-31T21:37:23.171-0300] {processor.py:830} INFO - Processing file /home/walterg/Documentos/Data_projects/Data-Warehouse-postgres-DBT-airflow-/.venv/lib/python3.11/site-packages/airflow/example_dags/example_setup_teardown.py for tasks to queue
[2025-05-31T21:37:23.172-0300] {logging_mixin.py:188} INFO - [2025-05-31T21:37:23.172-0300] {dagbag.py:538} INFO - Filling up the DagBag from /home/walterg/Documentos/Data_projects/Data-Warehouse-postgres-DBT-airflow-/.venv/lib/python3.11/site-packages/airflow/example_dags/example_setup_teardown.py
[2025-05-31T21:37:23.179-0300] {processor.py:840} INFO - DAG(s) 'example_setup_teardown' retrieved from /home/walterg/Documentos/Data_projects/Data-Warehouse-postgres-DBT-airflow-/.venv/lib/python3.11/site-packages/airflow/example_dags/example_setup_teardown.py
[2025-05-31T21:37:23.193-0300] {logging_mixin.py:188} INFO - [2025-05-31T21:37:23.192-0300] {dag.py:3036} INFO - Sync 1 DAGs
[2025-05-31T21:37:23.208-0300] {logging_mixin.py:188} INFO - [2025-05-31T21:37:23.208-0300] {dag.py:3823} INFO - Setting next_dagrun for example_setup_teardown to 2025-05-31 00:00:00+00:00, run_after=2025-06-01 00:00:00+00:00
[2025-05-31T21:37:23.226-0300] {processor.py:183} INFO - Processing /home/walterg/Documentos/Data_projects/Data-Warehouse-postgres-DBT-airflow-/.venv/lib/python3.11/site-packages/airflow/example_dags/example_setup_teardown.py took 0.063 seconds
[2025-05-31T21:38:13.689-0300] {processor.py:161} INFO - Started process (PID=44585) to work on /home/walterg/Documentos/Data_projects/Data-Warehouse-postgres-DBT-airflow-/.venv/lib/python3.11/site-packages/airflow/example_dags/example_setup_teardown.py
[2025-05-31T21:38:13.694-0300] {processor.py:830} INFO - Processing file /home/walterg/Documentos/Data_projects/Data-Warehouse-postgres-DBT-airflow-/.venv/lib/python3.11/site-packages/airflow/example_dags/example_setup_teardown.py for tasks to queue
[2025-05-31T21:38:13.695-0300] {logging_mixin.py:188} INFO - [2025-05-31T21:38:13.694-0300] {dagbag.py:538} INFO - Filling up the DagBag from /home/walterg/Documentos/Data_projects/Data-Warehouse-postgres-DBT-airflow-/.venv/lib/python3.11/site-packages/airflow/example_dags/example_setup_teardown.py
[2025-05-31T21:38:13.701-0300] {processor.py:840} INFO - DAG(s) 'example_setup_teardown' retrieved from /home/walterg/Documentos/Data_projects/Data-Warehouse-postgres-DBT-airflow-/.venv/lib/python3.11/site-packages/airflow/example_dags/example_setup_teardown.py
[2025-05-31T21:38:13.713-0300] {logging_mixin.py:188} INFO - [2025-05-31T21:38:13.713-0300] {dag.py:3036} INFO - Sync 1 DAGs
[2025-05-31T21:38:13.726-0300] {logging_mixin.py:188} INFO - [2025-05-31T21:38:13.726-0300] {dag.py:3823} INFO - Setting next_dagrun for example_setup_teardown to 2025-05-31 00:00:00+00:00, run_after=2025-06-01 00:00:00+00:00
[2025-05-31T21:38:13.742-0300] {processor.py:183} INFO - Processing /home/walterg/Documentos/Data_projects/Data-Warehouse-postgres-DBT-airflow-/.venv/lib/python3.11/site-packages/airflow/example_dags/example_setup_teardown.py took 0.055 seconds
[2025-05-31T21:39:05.932-0300] {processor.py:161} INFO - Started process (PID=44739) to work on /home/walterg/Documentos/Data_projects/Data-Warehouse-postgres-DBT-airflow-/.venv/lib/python3.11/site-packages/airflow/example_dags/example_setup_teardown.py
[2025-05-31T21:39:05.937-0300] {processor.py:830} INFO - Processing file /home/walterg/Documentos/Data_projects/Data-Warehouse-postgres-DBT-airflow-/.venv/lib/python3.11/site-packages/airflow/example_dags/example_setup_teardown.py for tasks to queue
[2025-05-31T21:39:05.938-0300] {logging_mixin.py:188} INFO - [2025-05-31T21:39:05.938-0300] {dagbag.py:538} INFO - Filling up the DagBag from /home/walterg/Documentos/Data_projects/Data-Warehouse-postgres-DBT-airflow-/.venv/lib/python3.11/site-packages/airflow/example_dags/example_setup_teardown.py
[2025-05-31T21:39:05.944-0300] {processor.py:840} INFO - DAG(s) 'example_setup_teardown' retrieved from /home/walterg/Documentos/Data_projects/Data-Warehouse-postgres-DBT-airflow-/.venv/lib/python3.11/site-packages/airflow/example_dags/example_setup_teardown.py
[2025-05-31T21:39:05.956-0300] {logging_mixin.py:188} INFO - [2025-05-31T21:39:05.956-0300] {dag.py:3036} INFO - Sync 1 DAGs
[2025-05-31T21:39:05.970-0300] {logging_mixin.py:188} INFO - [2025-05-31T21:39:05.969-0300] {dag.py:3823} INFO - Setting next_dagrun for example_setup_teardown to 2025-05-31 00:00:00+00:00, run_after=2025-06-01 00:00:00+00:00
[2025-05-31T21:39:05.987-0300] {processor.py:183} INFO - Processing /home/walterg/Documentos/Data_projects/Data-Warehouse-postgres-DBT-airflow-/.venv/lib/python3.11/site-packages/airflow/example_dags/example_setup_teardown.py took 0.057 seconds
[2025-05-31T21:40:02.619-0300] {processor.py:161} INFO - Started process (PID=44865) to work on /home/walterg/Documentos/Data_projects/Data-Warehouse-postgres-DBT-airflow-/.venv/lib/python3.11/site-packages/airflow/example_dags/example_setup_teardown.py
[2025-05-31T21:40:02.624-0300] {processor.py:830} INFO - Processing file /home/walterg/Documentos/Data_projects/Data-Warehouse-postgres-DBT-airflow-/.venv/lib/python3.11/site-packages/airflow/example_dags/example_setup_teardown.py for tasks to queue
[2025-05-31T21:40:02.625-0300] {logging_mixin.py:188} INFO - [2025-05-31T21:40:02.625-0300] {dagbag.py:538} INFO - Filling up the DagBag from /home/walterg/Documentos/Data_projects/Data-Warehouse-postgres-DBT-airflow-/.venv/lib/python3.11/site-packages/airflow/example_dags/example_setup_teardown.py
[2025-05-31T21:40:02.631-0300] {processor.py:840} INFO - DAG(s) 'example_setup_teardown' retrieved from /home/walterg/Documentos/Data_projects/Data-Warehouse-postgres-DBT-airflow-/.venv/lib/python3.11/site-packages/airflow/example_dags/example_setup_teardown.py
[2025-05-31T21:40:02.643-0300] {logging_mixin.py:188} INFO - [2025-05-31T21:40:02.643-0300] {dag.py:3036} INFO - Sync 1 DAGs
[2025-05-31T21:40:02.656-0300] {logging_mixin.py:188} INFO - [2025-05-31T21:40:02.656-0300] {dag.py:3823} INFO - Setting next_dagrun for example_setup_teardown to 2025-05-31 00:00:00+00:00, run_after=2025-06-01 00:00:00+00:00
[2025-05-31T21:40:02.672-0300] {processor.py:183} INFO - Processing /home/walterg/Documentos/Data_projects/Data-Warehouse-postgres-DBT-airflow-/.venv/lib/python3.11/site-packages/airflow/example_dags/example_setup_teardown.py took 0.056 seconds
