[2025-05-31T21:01:01.966-0300] {processor.py:161} INFO - Started process (PID=32792) to work on /home/walterg/Documentos/Data_projects/Data-Warehouse-postgres-DBT-airflow-/.venv/lib/python3.11/site-packages/airflow/example_dags/example_branch_day_of_week_operator.py
[2025-05-31T21:01:01.967-0300] {processor.py:830} INFO - Processing file /home/walterg/Documentos/Data_projects/Data-Warehouse-postgres-DBT-airflow-/.venv/lib/python3.11/site-packages/airflow/example_dags/example_branch_day_of_week_operator.py for tasks to queue
[2025-05-31T21:01:01.967-0300] {logging_mixin.py:188} INFO - [2025-05-31T21:01:01.967-0300] {dagbag.py:538} INFO - Filling up the DagBag from /home/walterg/Documentos/Data_projects/Data-Warehouse-postgres-DBT-airflow-/.venv/lib/python3.11/site-packages/airflow/example_dags/example_branch_day_of_week_operator.py
[2025-05-31T21:01:01.974-0300] {processor.py:840} INFO - DAG(s) 'example_weekday_branch_operator' retrieved from /home/walterg/Documentos/Data_projects/Data-Warehouse-postgres-DBT-airflow-/.venv/lib/python3.11/site-packages/airflow/example_dags/example_branch_day_of_week_operator.py
[2025-05-31T21:01:01.987-0300] {logging_mixin.py:188} INFO - [2025-05-31T21:01:01.987-0300] {dag.py:3036} INFO - Sync 1 DAGs
[2025-05-31T21:01:02.000-0300] {logging_mixin.py:188} INFO - [2025-05-31T21:01:02.000-0300] {dag.py:3823} INFO - Setting next_dagrun for example_weekday_branch_operator to 2025-05-31 00:00:00+00:00, run_after=2025-06-01 00:00:00+00:00
[2025-05-31T21:01:02.022-0300] {processor.py:183} INFO - Processing /home/walterg/Documentos/Data_projects/Data-Warehouse-postgres-DBT-airflow-/.venv/lib/python3.11/site-packages/airflow/example_dags/example_branch_day_of_week_operator.py took 0.058 seconds
[2025-05-31T21:02:09.885-0300] {processor.py:161} INFO - Started process (PID=33285) to work on /home/walterg/Documentos/Data_projects/Data-Warehouse-postgres-DBT-airflow-/.venv/lib/python3.11/site-packages/airflow/example_dags/example_branch_day_of_week_operator.py
[2025-05-31T21:02:09.886-0300] {processor.py:830} INFO - Processing file /home/walterg/Documentos/Data_projects/Data-Warehouse-postgres-DBT-airflow-/.venv/lib/python3.11/site-packages/airflow/example_dags/example_branch_day_of_week_operator.py for tasks to queue
[2025-05-31T21:02:09.887-0300] {logging_mixin.py:188} INFO - [2025-05-31T21:02:09.887-0300] {dagbag.py:538} INFO - Filling up the DagBag from /home/walterg/Documentos/Data_projects/Data-Warehouse-postgres-DBT-airflow-/.venv/lib/python3.11/site-packages/airflow/example_dags/example_branch_day_of_week_operator.py
[2025-05-31T21:02:09.893-0300] {processor.py:840} INFO - DAG(s) 'example_weekday_branch_operator' retrieved from /home/walterg/Documentos/Data_projects/Data-Warehouse-postgres-DBT-airflow-/.venv/lib/python3.11/site-packages/airflow/example_dags/example_branch_day_of_week_operator.py
[2025-05-31T21:02:09.911-0300] {logging_mixin.py:188} INFO - [2025-05-31T21:02:09.911-0300] {dag.py:3036} INFO - Sync 1 DAGs
[2025-05-31T21:02:09.926-0300] {logging_mixin.py:188} INFO - [2025-05-31T21:02:09.926-0300] {dag.py:3823} INFO - Setting next_dagrun for example_weekday_branch_operator to 2025-05-31 00:00:00+00:00, run_after=2025-06-01 00:00:00+00:00
[2025-05-31T21:02:09.948-0300] {processor.py:183} INFO - Processing /home/walterg/Documentos/Data_projects/Data-Warehouse-postgres-DBT-airflow-/.venv/lib/python3.11/site-packages/airflow/example_dags/example_branch_day_of_week_operator.py took 0.065 seconds
[2025-05-31T21:03:16.979-0300] {processor.py:161} INFO - Started process (PID=33596) to work on /home/walterg/Documentos/Data_projects/Data-Warehouse-postgres-DBT-airflow-/.venv/lib/python3.11/site-packages/airflow/example_dags/example_branch_day_of_week_operator.py
[2025-05-31T21:03:16.985-0300] {processor.py:830} INFO - Processing file /home/walterg/Documentos/Data_projects/Data-Warehouse-postgres-DBT-airflow-/.venv/lib/python3.11/site-packages/airflow/example_dags/example_branch_day_of_week_operator.py for tasks to queue
[2025-05-31T21:03:16.986-0300] {logging_mixin.py:188} INFO - [2025-05-31T21:03:16.985-0300] {dagbag.py:538} INFO - Filling up the DagBag from /home/walterg/Documentos/Data_projects/Data-Warehouse-postgres-DBT-airflow-/.venv/lib/python3.11/site-packages/airflow/example_dags/example_branch_day_of_week_operator.py
[2025-05-31T21:03:16.992-0300] {processor.py:840} INFO - DAG(s) 'example_weekday_branch_operator' retrieved from /home/walterg/Documentos/Data_projects/Data-Warehouse-postgres-DBT-airflow-/.venv/lib/python3.11/site-packages/airflow/example_dags/example_branch_day_of_week_operator.py
[2025-05-31T21:03:17.005-0300] {logging_mixin.py:188} INFO - [2025-05-31T21:03:17.004-0300] {dag.py:3036} INFO - Sync 1 DAGs
[2025-05-31T21:03:17.019-0300] {logging_mixin.py:188} INFO - [2025-05-31T21:03:17.019-0300] {dag.py:3823} INFO - Setting next_dagrun for example_weekday_branch_operator to 2025-05-31 00:00:00+00:00, run_after=2025-06-01 00:00:00+00:00
[2025-05-31T21:03:17.035-0300] {processor.py:183} INFO - Processing /home/walterg/Documentos/Data_projects/Data-Warehouse-postgres-DBT-airflow-/.venv/lib/python3.11/site-packages/airflow/example_dags/example_branch_day_of_week_operator.py took 0.059 seconds
[2025-05-31T21:04:18.549-0300] {processor.py:161} INFO - Started process (PID=33822) to work on /home/walterg/Documentos/Data_projects/Data-Warehouse-postgres-DBT-airflow-/.venv/lib/python3.11/site-packages/airflow/example_dags/example_branch_day_of_week_operator.py
[2025-05-31T21:04:18.553-0300] {processor.py:830} INFO - Processing file /home/walterg/Documentos/Data_projects/Data-Warehouse-postgres-DBT-airflow-/.venv/lib/python3.11/site-packages/airflow/example_dags/example_branch_day_of_week_operator.py for tasks to queue
[2025-05-31T21:04:18.555-0300] {logging_mixin.py:188} INFO - [2025-05-31T21:04:18.554-0300] {dagbag.py:538} INFO - Filling up the DagBag from /home/walterg/Documentos/Data_projects/Data-Warehouse-postgres-DBT-airflow-/.venv/lib/python3.11/site-packages/airflow/example_dags/example_branch_day_of_week_operator.py
[2025-05-31T21:04:18.562-0300] {processor.py:840} INFO - DAG(s) 'example_weekday_branch_operator' retrieved from /home/walterg/Documentos/Data_projects/Data-Warehouse-postgres-DBT-airflow-/.venv/lib/python3.11/site-packages/airflow/example_dags/example_branch_day_of_week_operator.py
[2025-05-31T21:04:18.576-0300] {logging_mixin.py:188} INFO - [2025-05-31T21:04:18.576-0300] {dag.py:3036} INFO - Sync 1 DAGs
[2025-05-31T21:04:18.592-0300] {logging_mixin.py:188} INFO - [2025-05-31T21:04:18.591-0300] {dag.py:3823} INFO - Setting next_dagrun for example_weekday_branch_operator to 2025-05-31 00:00:00+00:00, run_after=2025-06-01 00:00:00+00:00
[2025-05-31T21:04:18.610-0300] {processor.py:183} INFO - Processing /home/walterg/Documentos/Data_projects/Data-Warehouse-postgres-DBT-airflow-/.venv/lib/python3.11/site-packages/airflow/example_dags/example_branch_day_of_week_operator.py took 0.065 seconds
[2025-05-31T21:05:24.558-0300] {processor.py:161} INFO - Started process (PID=34171) to work on /home/walterg/Documentos/Data_projects/Data-Warehouse-postgres-DBT-airflow-/.venv/lib/python3.11/site-packages/airflow/example_dags/example_branch_day_of_week_operator.py
[2025-05-31T21:05:24.563-0300] {processor.py:830} INFO - Processing file /home/walterg/Documentos/Data_projects/Data-Warehouse-postgres-DBT-airflow-/.venv/lib/python3.11/site-packages/airflow/example_dags/example_branch_day_of_week_operator.py for tasks to queue
[2025-05-31T21:05:24.564-0300] {logging_mixin.py:188} INFO - [2025-05-31T21:05:24.564-0300] {dagbag.py:538} INFO - Filling up the DagBag from /home/walterg/Documentos/Data_projects/Data-Warehouse-postgres-DBT-airflow-/.venv/lib/python3.11/site-packages/airflow/example_dags/example_branch_day_of_week_operator.py
[2025-05-31T21:05:24.571-0300] {processor.py:840} INFO - DAG(s) 'example_weekday_branch_operator' retrieved from /home/walterg/Documentos/Data_projects/Data-Warehouse-postgres-DBT-airflow-/.venv/lib/python3.11/site-packages/airflow/example_dags/example_branch_day_of_week_operator.py
[2025-05-31T21:05:24.585-0300] {logging_mixin.py:188} INFO - [2025-05-31T21:05:24.585-0300] {dag.py:3036} INFO - Sync 1 DAGs
[2025-05-31T21:05:24.601-0300] {logging_mixin.py:188} INFO - [2025-05-31T21:05:24.601-0300] {dag.py:3823} INFO - Setting next_dagrun for example_weekday_branch_operator to 2025-05-31 00:00:00+00:00, run_after=2025-06-01 00:00:00+00:00
[2025-05-31T21:05:24.625-0300] {processor.py:183} INFO - Processing /home/walterg/Documentos/Data_projects/Data-Warehouse-postgres-DBT-airflow-/.venv/lib/python3.11/site-packages/airflow/example_dags/example_branch_day_of_week_operator.py took 0.070 seconds
[2025-05-31T21:06:29.927-0300] {processor.py:161} INFO - Started process (PID=34537) to work on /home/walterg/Documentos/Data_projects/Data-Warehouse-postgres-DBT-airflow-/.venv/lib/python3.11/site-packages/airflow/example_dags/example_branch_day_of_week_operator.py
[2025-05-31T21:06:29.933-0300] {processor.py:830} INFO - Processing file /home/walterg/Documentos/Data_projects/Data-Warehouse-postgres-DBT-airflow-/.venv/lib/python3.11/site-packages/airflow/example_dags/example_branch_day_of_week_operator.py for tasks to queue
[2025-05-31T21:06:29.934-0300] {logging_mixin.py:188} INFO - [2025-05-31T21:06:29.934-0300] {dagbag.py:538} INFO - Filling up the DagBag from /home/walterg/Documentos/Data_projects/Data-Warehouse-postgres-DBT-airflow-/.venv/lib/python3.11/site-packages/airflow/example_dags/example_branch_day_of_week_operator.py
[2025-05-31T21:06:29.940-0300] {processor.py:840} INFO - DAG(s) 'example_weekday_branch_operator' retrieved from /home/walterg/Documentos/Data_projects/Data-Warehouse-postgres-DBT-airflow-/.venv/lib/python3.11/site-packages/airflow/example_dags/example_branch_day_of_week_operator.py
[2025-05-31T21:06:29.955-0300] {logging_mixin.py:188} INFO - [2025-05-31T21:06:29.955-0300] {dag.py:3036} INFO - Sync 1 DAGs
[2025-05-31T21:06:29.970-0300] {logging_mixin.py:188} INFO - [2025-05-31T21:06:29.970-0300] {dag.py:3823} INFO - Setting next_dagrun for example_weekday_branch_operator to 2025-05-31 00:00:00+00:00, run_after=2025-06-01 00:00:00+00:00
[2025-05-31T21:06:29.987-0300] {processor.py:183} INFO - Processing /home/walterg/Documentos/Data_projects/Data-Warehouse-postgres-DBT-airflow-/.venv/lib/python3.11/site-packages/airflow/example_dags/example_branch_day_of_week_operator.py took 0.063 seconds
[2025-05-31T21:07:36.689-0300] {processor.py:161} INFO - Started process (PID=34832) to work on /home/walterg/Documentos/Data_projects/Data-Warehouse-postgres-DBT-airflow-/.venv/lib/python3.11/site-packages/airflow/example_dags/example_branch_day_of_week_operator.py
[2025-05-31T21:07:36.695-0300] {processor.py:830} INFO - Processing file /home/walterg/Documentos/Data_projects/Data-Warehouse-postgres-DBT-airflow-/.venv/lib/python3.11/site-packages/airflow/example_dags/example_branch_day_of_week_operator.py for tasks to queue
[2025-05-31T21:07:36.696-0300] {logging_mixin.py:188} INFO - [2025-05-31T21:07:36.696-0300] {dagbag.py:538} INFO - Filling up the DagBag from /home/walterg/Documentos/Data_projects/Data-Warehouse-postgres-DBT-airflow-/.venv/lib/python3.11/site-packages/airflow/example_dags/example_branch_day_of_week_operator.py
[2025-05-31T21:07:36.702-0300] {processor.py:840} INFO - DAG(s) 'example_weekday_branch_operator' retrieved from /home/walterg/Documentos/Data_projects/Data-Warehouse-postgres-DBT-airflow-/.venv/lib/python3.11/site-packages/airflow/example_dags/example_branch_day_of_week_operator.py
[2025-05-31T21:07:36.715-0300] {logging_mixin.py:188} INFO - [2025-05-31T21:07:36.715-0300] {dag.py:3036} INFO - Sync 1 DAGs
[2025-05-31T21:07:36.729-0300] {logging_mixin.py:188} INFO - [2025-05-31T21:07:36.728-0300] {dag.py:3823} INFO - Setting next_dagrun for example_weekday_branch_operator to 2025-05-31 00:00:00+00:00, run_after=2025-06-01 00:00:00+00:00
[2025-05-31T21:07:36.745-0300] {processor.py:183} INFO - Processing /home/walterg/Documentos/Data_projects/Data-Warehouse-postgres-DBT-airflow-/.venv/lib/python3.11/site-packages/airflow/example_dags/example_branch_day_of_week_operator.py took 0.059 seconds
[2025-05-31T21:08:42.160-0300] {processor.py:161} INFO - Started process (PID=35188) to work on /home/walterg/Documentos/Data_projects/Data-Warehouse-postgres-DBT-airflow-/.venv/lib/python3.11/site-packages/airflow/example_dags/example_branch_day_of_week_operator.py
[2025-05-31T21:08:42.165-0300] {processor.py:830} INFO - Processing file /home/walterg/Documentos/Data_projects/Data-Warehouse-postgres-DBT-airflow-/.venv/lib/python3.11/site-packages/airflow/example_dags/example_branch_day_of_week_operator.py for tasks to queue
[2025-05-31T21:08:42.167-0300] {logging_mixin.py:188} INFO - [2025-05-31T21:08:42.166-0300] {dagbag.py:538} INFO - Filling up the DagBag from /home/walterg/Documentos/Data_projects/Data-Warehouse-postgres-DBT-airflow-/.venv/lib/python3.11/site-packages/airflow/example_dags/example_branch_day_of_week_operator.py
[2025-05-31T21:08:42.173-0300] {processor.py:840} INFO - DAG(s) 'example_weekday_branch_operator' retrieved from /home/walterg/Documentos/Data_projects/Data-Warehouse-postgres-DBT-airflow-/.venv/lib/python3.11/site-packages/airflow/example_dags/example_branch_day_of_week_operator.py
[2025-05-31T21:08:42.186-0300] {logging_mixin.py:188} INFO - [2025-05-31T21:08:42.186-0300] {dag.py:3036} INFO - Sync 1 DAGs
[2025-05-31T21:08:42.199-0300] {logging_mixin.py:188} INFO - [2025-05-31T21:08:42.199-0300] {dag.py:3823} INFO - Setting next_dagrun for example_weekday_branch_operator to 2025-05-31 00:00:00+00:00, run_after=2025-06-01 00:00:00+00:00
[2025-05-31T21:08:42.216-0300] {processor.py:183} INFO - Processing /home/walterg/Documentos/Data_projects/Data-Warehouse-postgres-DBT-airflow-/.venv/lib/python3.11/site-packages/airflow/example_dags/example_branch_day_of_week_operator.py took 0.058 seconds
[2025-05-31T21:09:39.190-0300] {processor.py:161} INFO - Started process (PID=35476) to work on /home/walterg/Documentos/Data_projects/Data-Warehouse-postgres-DBT-airflow-/.venv/lib/python3.11/site-packages/airflow/example_dags/example_branch_day_of_week_operator.py
[2025-05-31T21:09:39.195-0300] {processor.py:830} INFO - Processing file /home/walterg/Documentos/Data_projects/Data-Warehouse-postgres-DBT-airflow-/.venv/lib/python3.11/site-packages/airflow/example_dags/example_branch_day_of_week_operator.py for tasks to queue
[2025-05-31T21:09:39.195-0300] {logging_mixin.py:188} INFO - [2025-05-31T21:09:39.195-0300] {dagbag.py:538} INFO - Filling up the DagBag from /home/walterg/Documentos/Data_projects/Data-Warehouse-postgres-DBT-airflow-/.venv/lib/python3.11/site-packages/airflow/example_dags/example_branch_day_of_week_operator.py
[2025-05-31T21:09:39.202-0300] {processor.py:840} INFO - DAG(s) 'example_weekday_branch_operator' retrieved from /home/walterg/Documentos/Data_projects/Data-Warehouse-postgres-DBT-airflow-/.venv/lib/python3.11/site-packages/airflow/example_dags/example_branch_day_of_week_operator.py
[2025-05-31T21:09:39.217-0300] {logging_mixin.py:188} INFO - [2025-05-31T21:09:39.217-0300] {dag.py:3036} INFO - Sync 1 DAGs
[2025-05-31T21:09:39.231-0300] {logging_mixin.py:188} INFO - [2025-05-31T21:09:39.231-0300] {dag.py:3823} INFO - Setting next_dagrun for example_weekday_branch_operator to 2025-05-31 00:00:00+00:00, run_after=2025-06-01 00:00:00+00:00
[2025-05-31T21:09:39.249-0300] {processor.py:183} INFO - Processing /home/walterg/Documentos/Data_projects/Data-Warehouse-postgres-DBT-airflow-/.venv/lib/python3.11/site-packages/airflow/example_dags/example_branch_day_of_week_operator.py took 0.062 seconds
[2025-05-31T21:10:44.710-0300] {processor.py:161} INFO - Started process (PID=35804) to work on /home/walterg/Documentos/Data_projects/Data-Warehouse-postgres-DBT-airflow-/.venv/lib/python3.11/site-packages/airflow/example_dags/example_branch_day_of_week_operator.py
[2025-05-31T21:10:44.715-0300] {processor.py:830} INFO - Processing file /home/walterg/Documentos/Data_projects/Data-Warehouse-postgres-DBT-airflow-/.venv/lib/python3.11/site-packages/airflow/example_dags/example_branch_day_of_week_operator.py for tasks to queue
[2025-05-31T21:10:44.716-0300] {logging_mixin.py:188} INFO - [2025-05-31T21:10:44.716-0300] {dagbag.py:538} INFO - Filling up the DagBag from /home/walterg/Documentos/Data_projects/Data-Warehouse-postgres-DBT-airflow-/.venv/lib/python3.11/site-packages/airflow/example_dags/example_branch_day_of_week_operator.py
[2025-05-31T21:10:44.722-0300] {processor.py:840} INFO - DAG(s) 'example_weekday_branch_operator' retrieved from /home/walterg/Documentos/Data_projects/Data-Warehouse-postgres-DBT-airflow-/.venv/lib/python3.11/site-packages/airflow/example_dags/example_branch_day_of_week_operator.py
[2025-05-31T21:10:44.739-0300] {logging_mixin.py:188} INFO - [2025-05-31T21:10:44.738-0300] {dag.py:3036} INFO - Sync 1 DAGs
[2025-05-31T21:10:44.760-0300] {logging_mixin.py:188} INFO - [2025-05-31T21:10:44.759-0300] {dag.py:3823} INFO - Setting next_dagrun for example_weekday_branch_operator to 2025-05-31 00:00:00+00:00, run_after=2025-06-01 00:00:00+00:00
[2025-05-31T21:10:44.782-0300] {processor.py:183} INFO - Processing /home/walterg/Documentos/Data_projects/Data-Warehouse-postgres-DBT-airflow-/.venv/lib/python3.11/site-packages/airflow/example_dags/example_branch_day_of_week_operator.py took 0.075 seconds
[2025-05-31T21:11:48.419-0300] {processor.py:161} INFO - Started process (PID=36149) to work on /home/walterg/Documentos/Data_projects/Data-Warehouse-postgres-DBT-airflow-/.venv/lib/python3.11/site-packages/airflow/example_dags/example_branch_day_of_week_operator.py
[2025-05-31T21:11:48.424-0300] {processor.py:830} INFO - Processing file /home/walterg/Documentos/Data_projects/Data-Warehouse-postgres-DBT-airflow-/.venv/lib/python3.11/site-packages/airflow/example_dags/example_branch_day_of_week_operator.py for tasks to queue
[2025-05-31T21:11:48.425-0300] {logging_mixin.py:188} INFO - [2025-05-31T21:11:48.424-0300] {dagbag.py:538} INFO - Filling up the DagBag from /home/walterg/Documentos/Data_projects/Data-Warehouse-postgres-DBT-airflow-/.venv/lib/python3.11/site-packages/airflow/example_dags/example_branch_day_of_week_operator.py
[2025-05-31T21:11:48.431-0300] {processor.py:840} INFO - DAG(s) 'example_weekday_branch_operator' retrieved from /home/walterg/Documentos/Data_projects/Data-Warehouse-postgres-DBT-airflow-/.venv/lib/python3.11/site-packages/airflow/example_dags/example_branch_day_of_week_operator.py
[2025-05-31T21:11:48.444-0300] {logging_mixin.py:188} INFO - [2025-05-31T21:11:48.444-0300] {dag.py:3036} INFO - Sync 1 DAGs
[2025-05-31T21:11:48.457-0300] {logging_mixin.py:188} INFO - [2025-05-31T21:11:48.457-0300] {dag.py:3823} INFO - Setting next_dagrun for example_weekday_branch_operator to 2025-05-31 00:00:00+00:00, run_after=2025-06-01 00:00:00+00:00
[2025-05-31T21:11:48.475-0300] {processor.py:183} INFO - Processing /home/walterg/Documentos/Data_projects/Data-Warehouse-postgres-DBT-airflow-/.venv/lib/python3.11/site-packages/airflow/example_dags/example_branch_day_of_week_operator.py took 0.059 seconds
[2025-05-31T21:12:52.256-0300] {processor.py:161} INFO - Started process (PID=36398) to work on /home/walterg/Documentos/Data_projects/Data-Warehouse-postgres-DBT-airflow-/.venv/lib/python3.11/site-packages/airflow/example_dags/example_branch_day_of_week_operator.py
[2025-05-31T21:12:52.263-0300] {processor.py:830} INFO - Processing file /home/walterg/Documentos/Data_projects/Data-Warehouse-postgres-DBT-airflow-/.venv/lib/python3.11/site-packages/airflow/example_dags/example_branch_day_of_week_operator.py for tasks to queue
[2025-05-31T21:12:52.264-0300] {logging_mixin.py:188} INFO - [2025-05-31T21:12:52.264-0300] {dagbag.py:538} INFO - Filling up the DagBag from /home/walterg/Documentos/Data_projects/Data-Warehouse-postgres-DBT-airflow-/.venv/lib/python3.11/site-packages/airflow/example_dags/example_branch_day_of_week_operator.py
[2025-05-31T21:12:52.270-0300] {processor.py:840} INFO - DAG(s) 'example_weekday_branch_operator' retrieved from /home/walterg/Documentos/Data_projects/Data-Warehouse-postgres-DBT-airflow-/.venv/lib/python3.11/site-packages/airflow/example_dags/example_branch_day_of_week_operator.py
[2025-05-31T21:12:52.284-0300] {logging_mixin.py:188} INFO - [2025-05-31T21:12:52.284-0300] {dag.py:3036} INFO - Sync 1 DAGs
[2025-05-31T21:12:52.297-0300] {logging_mixin.py:188} INFO - [2025-05-31T21:12:52.297-0300] {dag.py:3823} INFO - Setting next_dagrun for example_weekday_branch_operator to 2025-05-31 00:00:00+00:00, run_after=2025-06-01 00:00:00+00:00
[2025-05-31T21:12:52.314-0300] {processor.py:183} INFO - Processing /home/walterg/Documentos/Data_projects/Data-Warehouse-postgres-DBT-airflow-/.venv/lib/python3.11/site-packages/airflow/example_dags/example_branch_day_of_week_operator.py took 0.061 seconds
[2025-05-31T21:13:56.341-0300] {processor.py:161} INFO - Started process (PID=36677) to work on /home/walterg/Documentos/Data_projects/Data-Warehouse-postgres-DBT-airflow-/.venv/lib/python3.11/site-packages/airflow/example_dags/example_branch_day_of_week_operator.py
[2025-05-31T21:13:56.342-0300] {processor.py:830} INFO - Processing file /home/walterg/Documentos/Data_projects/Data-Warehouse-postgres-DBT-airflow-/.venv/lib/python3.11/site-packages/airflow/example_dags/example_branch_day_of_week_operator.py for tasks to queue
[2025-05-31T21:13:56.342-0300] {logging_mixin.py:188} INFO - [2025-05-31T21:13:56.342-0300] {dagbag.py:538} INFO - Filling up the DagBag from /home/walterg/Documentos/Data_projects/Data-Warehouse-postgres-DBT-airflow-/.venv/lib/python3.11/site-packages/airflow/example_dags/example_branch_day_of_week_operator.py
[2025-05-31T21:13:56.348-0300] {processor.py:840} INFO - DAG(s) 'example_weekday_branch_operator' retrieved from /home/walterg/Documentos/Data_projects/Data-Warehouse-postgres-DBT-airflow-/.venv/lib/python3.11/site-packages/airflow/example_dags/example_branch_day_of_week_operator.py
[2025-05-31T21:13:56.362-0300] {logging_mixin.py:188} INFO - [2025-05-31T21:13:56.362-0300] {dag.py:3036} INFO - Sync 1 DAGs
[2025-05-31T21:13:56.375-0300] {logging_mixin.py:188} INFO - [2025-05-31T21:13:56.375-0300] {dag.py:3823} INFO - Setting next_dagrun for example_weekday_branch_operator to 2025-05-31 00:00:00+00:00, run_after=2025-06-01 00:00:00+00:00
[2025-05-31T21:13:56.395-0300] {processor.py:183} INFO - Processing /home/walterg/Documentos/Data_projects/Data-Warehouse-postgres-DBT-airflow-/.venv/lib/python3.11/site-packages/airflow/example_dags/example_branch_day_of_week_operator.py took 0.057 seconds
[2025-05-31T21:14:58.216-0300] {processor.py:161} INFO - Started process (PID=36999) to work on /home/walterg/Documentos/Data_projects/Data-Warehouse-postgres-DBT-airflow-/.venv/lib/python3.11/site-packages/airflow/example_dags/example_branch_day_of_week_operator.py
[2025-05-31T21:14:58.218-0300] {processor.py:830} INFO - Processing file /home/walterg/Documentos/Data_projects/Data-Warehouse-postgres-DBT-airflow-/.venv/lib/python3.11/site-packages/airflow/example_dags/example_branch_day_of_week_operator.py for tasks to queue
[2025-05-31T21:14:58.219-0300] {logging_mixin.py:188} INFO - [2025-05-31T21:14:58.218-0300] {dagbag.py:538} INFO - Filling up the DagBag from /home/walterg/Documentos/Data_projects/Data-Warehouse-postgres-DBT-airflow-/.venv/lib/python3.11/site-packages/airflow/example_dags/example_branch_day_of_week_operator.py
[2025-05-31T21:14:58.225-0300] {processor.py:840} INFO - DAG(s) 'example_weekday_branch_operator' retrieved from /home/walterg/Documentos/Data_projects/Data-Warehouse-postgres-DBT-airflow-/.venv/lib/python3.11/site-packages/airflow/example_dags/example_branch_day_of_week_operator.py
[2025-05-31T21:14:58.240-0300] {logging_mixin.py:188} INFO - [2025-05-31T21:14:58.240-0300] {dag.py:3036} INFO - Sync 1 DAGs
[2025-05-31T21:14:58.255-0300] {logging_mixin.py:188} INFO - [2025-05-31T21:14:58.255-0300] {dag.py:3823} INFO - Setting next_dagrun for example_weekday_branch_operator to 2025-05-31 00:00:00+00:00, run_after=2025-06-01 00:00:00+00:00
[2025-05-31T21:14:58.272-0300] {processor.py:183} INFO - Processing /home/walterg/Documentos/Data_projects/Data-Warehouse-postgres-DBT-airflow-/.venv/lib/python3.11/site-packages/airflow/example_dags/example_branch_day_of_week_operator.py took 0.059 seconds
[2025-05-31T21:15:58.354-0300] {processor.py:161} INFO - Started process (PID=37374) to work on /home/walterg/Documentos/Data_projects/Data-Warehouse-postgres-DBT-airflow-/.venv/lib/python3.11/site-packages/airflow/example_dags/example_branch_day_of_week_operator.py
[2025-05-31T21:15:58.359-0300] {processor.py:830} INFO - Processing file /home/walterg/Documentos/Data_projects/Data-Warehouse-postgres-DBT-airflow-/.venv/lib/python3.11/site-packages/airflow/example_dags/example_branch_day_of_week_operator.py for tasks to queue
[2025-05-31T21:15:58.360-0300] {logging_mixin.py:188} INFO - [2025-05-31T21:15:58.359-0300] {dagbag.py:538} INFO - Filling up the DagBag from /home/walterg/Documentos/Data_projects/Data-Warehouse-postgres-DBT-airflow-/.venv/lib/python3.11/site-packages/airflow/example_dags/example_branch_day_of_week_operator.py
[2025-05-31T21:15:58.367-0300] {processor.py:840} INFO - DAG(s) 'example_weekday_branch_operator' retrieved from /home/walterg/Documentos/Data_projects/Data-Warehouse-postgres-DBT-airflow-/.venv/lib/python3.11/site-packages/airflow/example_dags/example_branch_day_of_week_operator.py
[2025-05-31T21:15:58.380-0300] {logging_mixin.py:188} INFO - [2025-05-31T21:15:58.380-0300] {dag.py:3036} INFO - Sync 1 DAGs
[2025-05-31T21:15:58.394-0300] {logging_mixin.py:188} INFO - [2025-05-31T21:15:58.394-0300] {dag.py:3823} INFO - Setting next_dagrun for example_weekday_branch_operator to 2025-05-31 00:00:00+00:00, run_after=2025-06-01 00:00:00+00:00
[2025-05-31T21:15:58.410-0300] {processor.py:183} INFO - Processing /home/walterg/Documentos/Data_projects/Data-Warehouse-postgres-DBT-airflow-/.venv/lib/python3.11/site-packages/airflow/example_dags/example_branch_day_of_week_operator.py took 0.059 seconds
[2025-05-31T21:17:00.874-0300] {processor.py:161} INFO - Started process (PID=37695) to work on /home/walterg/Documentos/Data_projects/Data-Warehouse-postgres-DBT-airflow-/.venv/lib/python3.11/site-packages/airflow/example_dags/example_branch_day_of_week_operator.py
[2025-05-31T21:17:00.879-0300] {processor.py:830} INFO - Processing file /home/walterg/Documentos/Data_projects/Data-Warehouse-postgres-DBT-airflow-/.venv/lib/python3.11/site-packages/airflow/example_dags/example_branch_day_of_week_operator.py for tasks to queue
[2025-05-31T21:17:00.880-0300] {logging_mixin.py:188} INFO - [2025-05-31T21:17:00.880-0300] {dagbag.py:538} INFO - Filling up the DagBag from /home/walterg/Documentos/Data_projects/Data-Warehouse-postgres-DBT-airflow-/.venv/lib/python3.11/site-packages/airflow/example_dags/example_branch_day_of_week_operator.py
[2025-05-31T21:17:00.886-0300] {processor.py:840} INFO - DAG(s) 'example_weekday_branch_operator' retrieved from /home/walterg/Documentos/Data_projects/Data-Warehouse-postgres-DBT-airflow-/.venv/lib/python3.11/site-packages/airflow/example_dags/example_branch_day_of_week_operator.py
[2025-05-31T21:17:00.901-0300] {logging_mixin.py:188} INFO - [2025-05-31T21:17:00.901-0300] {dag.py:3036} INFO - Sync 1 DAGs
[2025-05-31T21:17:00.916-0300] {logging_mixin.py:188} INFO - [2025-05-31T21:17:00.916-0300] {dag.py:3823} INFO - Setting next_dagrun for example_weekday_branch_operator to 2025-05-31 00:00:00+00:00, run_after=2025-06-01 00:00:00+00:00
[2025-05-31T21:17:01.040-0300] {processor.py:183} INFO - Processing /home/walterg/Documentos/Data_projects/Data-Warehouse-postgres-DBT-airflow-/.venv/lib/python3.11/site-packages/airflow/example_dags/example_branch_day_of_week_operator.py took 0.168 seconds
[2025-05-31T21:18:11.475-0300] {processor.py:161} INFO - Started process (PID=38050) to work on /home/walterg/Documentos/Data_projects/Data-Warehouse-postgres-DBT-airflow-/.venv/lib/python3.11/site-packages/airflow/example_dags/example_branch_day_of_week_operator.py
[2025-05-31T21:18:11.480-0300] {processor.py:830} INFO - Processing file /home/walterg/Documentos/Data_projects/Data-Warehouse-postgres-DBT-airflow-/.venv/lib/python3.11/site-packages/airflow/example_dags/example_branch_day_of_week_operator.py for tasks to queue
[2025-05-31T21:18:11.481-0300] {logging_mixin.py:188} INFO - [2025-05-31T21:18:11.481-0300] {dagbag.py:538} INFO - Filling up the DagBag from /home/walterg/Documentos/Data_projects/Data-Warehouse-postgres-DBT-airflow-/.venv/lib/python3.11/site-packages/airflow/example_dags/example_branch_day_of_week_operator.py
[2025-05-31T21:18:11.488-0300] {processor.py:840} INFO - DAG(s) 'example_weekday_branch_operator' retrieved from /home/walterg/Documentos/Data_projects/Data-Warehouse-postgres-DBT-airflow-/.venv/lib/python3.11/site-packages/airflow/example_dags/example_branch_day_of_week_operator.py
[2025-05-31T21:18:11.501-0300] {logging_mixin.py:188} INFO - [2025-05-31T21:18:11.500-0300] {dag.py:3036} INFO - Sync 1 DAGs
[2025-05-31T21:18:11.514-0300] {logging_mixin.py:188} INFO - [2025-05-31T21:18:11.514-0300] {dag.py:3823} INFO - Setting next_dagrun for example_weekday_branch_operator to 2025-05-31 00:00:00+00:00, run_after=2025-06-01 00:00:00+00:00
[2025-05-31T21:18:11.627-0300] {processor.py:183} INFO - Processing /home/walterg/Documentos/Data_projects/Data-Warehouse-postgres-DBT-airflow-/.venv/lib/python3.11/site-packages/airflow/example_dags/example_branch_day_of_week_operator.py took 0.154 seconds
[2025-05-31T21:19:16.716-0300] {processor.py:161} INFO - Started process (PID=38338) to work on /home/walterg/Documentos/Data_projects/Data-Warehouse-postgres-DBT-airflow-/.venv/lib/python3.11/site-packages/airflow/example_dags/example_branch_day_of_week_operator.py
[2025-05-31T21:19:16.722-0300] {processor.py:830} INFO - Processing file /home/walterg/Documentos/Data_projects/Data-Warehouse-postgres-DBT-airflow-/.venv/lib/python3.11/site-packages/airflow/example_dags/example_branch_day_of_week_operator.py for tasks to queue
[2025-05-31T21:19:16.722-0300] {logging_mixin.py:188} INFO - [2025-05-31T21:19:16.722-0300] {dagbag.py:538} INFO - Filling up the DagBag from /home/walterg/Documentos/Data_projects/Data-Warehouse-postgres-DBT-airflow-/.venv/lib/python3.11/site-packages/airflow/example_dags/example_branch_day_of_week_operator.py
[2025-05-31T21:19:16.729-0300] {processor.py:840} INFO - DAG(s) 'example_weekday_branch_operator' retrieved from /home/walterg/Documentos/Data_projects/Data-Warehouse-postgres-DBT-airflow-/.venv/lib/python3.11/site-packages/airflow/example_dags/example_branch_day_of_week_operator.py
[2025-05-31T21:19:16.742-0300] {logging_mixin.py:188} INFO - [2025-05-31T21:19:16.742-0300] {dag.py:3036} INFO - Sync 1 DAGs
[2025-05-31T21:19:16.756-0300] {logging_mixin.py:188} INFO - [2025-05-31T21:19:16.756-0300] {dag.py:3823} INFO - Setting next_dagrun for example_weekday_branch_operator to 2025-05-31 00:00:00+00:00, run_after=2025-06-01 00:00:00+00:00
[2025-05-31T21:19:16.771-0300] {processor.py:183} INFO - Processing /home/walterg/Documentos/Data_projects/Data-Warehouse-postgres-DBT-airflow-/.venv/lib/python3.11/site-packages/airflow/example_dags/example_branch_day_of_week_operator.py took 0.057 seconds
[2025-05-31T21:20:20.181-0300] {processor.py:161} INFO - Started process (PID=38588) to work on /home/walterg/Documentos/Data_projects/Data-Warehouse-postgres-DBT-airflow-/.venv/lib/python3.11/site-packages/airflow/example_dags/example_branch_day_of_week_operator.py
[2025-05-31T21:20:20.186-0300] {processor.py:830} INFO - Processing file /home/walterg/Documentos/Data_projects/Data-Warehouse-postgres-DBT-airflow-/.venv/lib/python3.11/site-packages/airflow/example_dags/example_branch_day_of_week_operator.py for tasks to queue
[2025-05-31T21:20:20.187-0300] {logging_mixin.py:188} INFO - [2025-05-31T21:20:20.187-0300] {dagbag.py:538} INFO - Filling up the DagBag from /home/walterg/Documentos/Data_projects/Data-Warehouse-postgres-DBT-airflow-/.venv/lib/python3.11/site-packages/airflow/example_dags/example_branch_day_of_week_operator.py
[2025-05-31T21:20:20.193-0300] {processor.py:840} INFO - DAG(s) 'example_weekday_branch_operator' retrieved from /home/walterg/Documentos/Data_projects/Data-Warehouse-postgres-DBT-airflow-/.venv/lib/python3.11/site-packages/airflow/example_dags/example_branch_day_of_week_operator.py
[2025-05-31T21:20:20.206-0300] {logging_mixin.py:188} INFO - [2025-05-31T21:20:20.206-0300] {dag.py:3036} INFO - Sync 1 DAGs
[2025-05-31T21:20:20.224-0300] {logging_mixin.py:188} INFO - [2025-05-31T21:20:20.224-0300] {dag.py:3823} INFO - Setting next_dagrun for example_weekday_branch_operator to 2025-05-31 00:00:00+00:00, run_after=2025-06-01 00:00:00+00:00
[2025-05-31T21:20:20.240-0300] {processor.py:183} INFO - Processing /home/walterg/Documentos/Data_projects/Data-Warehouse-postgres-DBT-airflow-/.venv/lib/python3.11/site-packages/airflow/example_dags/example_branch_day_of_week_operator.py took 0.062 seconds
[2025-05-31T21:21:18.978-0300] {processor.py:161} INFO - Started process (PID=38839) to work on /home/walterg/Documentos/Data_projects/Data-Warehouse-postgres-DBT-airflow-/.venv/lib/python3.11/site-packages/airflow/example_dags/example_branch_day_of_week_operator.py
[2025-05-31T21:21:18.983-0300] {processor.py:830} INFO - Processing file /home/walterg/Documentos/Data_projects/Data-Warehouse-postgres-DBT-airflow-/.venv/lib/python3.11/site-packages/airflow/example_dags/example_branch_day_of_week_operator.py for tasks to queue
[2025-05-31T21:21:18.984-0300] {logging_mixin.py:188} INFO - [2025-05-31T21:21:18.983-0300] {dagbag.py:538} INFO - Filling up the DagBag from /home/walterg/Documentos/Data_projects/Data-Warehouse-postgres-DBT-airflow-/.venv/lib/python3.11/site-packages/airflow/example_dags/example_branch_day_of_week_operator.py
[2025-05-31T21:21:18.990-0300] {processor.py:840} INFO - DAG(s) 'example_weekday_branch_operator' retrieved from /home/walterg/Documentos/Data_projects/Data-Warehouse-postgres-DBT-airflow-/.venv/lib/python3.11/site-packages/airflow/example_dags/example_branch_day_of_week_operator.py
[2025-05-31T21:21:19.003-0300] {logging_mixin.py:188} INFO - [2025-05-31T21:21:19.003-0300] {dag.py:3036} INFO - Sync 1 DAGs
[2025-05-31T21:21:19.114-0300] {logging_mixin.py:188} INFO - [2025-05-31T21:21:19.114-0300] {dag.py:3823} INFO - Setting next_dagrun for example_weekday_branch_operator to 2025-05-31 00:00:00+00:00, run_after=2025-06-01 00:00:00+00:00
[2025-05-31T21:21:19.134-0300] {processor.py:183} INFO - Processing /home/walterg/Documentos/Data_projects/Data-Warehouse-postgres-DBT-airflow-/.venv/lib/python3.11/site-packages/airflow/example_dags/example_branch_day_of_week_operator.py took 0.159 seconds
[2025-05-31T21:22:22.018-0300] {processor.py:161} INFO - Started process (PID=39259) to work on /home/walterg/Documentos/Data_projects/Data-Warehouse-postgres-DBT-airflow-/.venv/lib/python3.11/site-packages/airflow/example_dags/example_branch_day_of_week_operator.py
[2025-05-31T21:22:22.024-0300] {processor.py:830} INFO - Processing file /home/walterg/Documentos/Data_projects/Data-Warehouse-postgres-DBT-airflow-/.venv/lib/python3.11/site-packages/airflow/example_dags/example_branch_day_of_week_operator.py for tasks to queue
[2025-05-31T21:22:22.025-0300] {logging_mixin.py:188} INFO - [2025-05-31T21:22:22.024-0300] {dagbag.py:538} INFO - Filling up the DagBag from /home/walterg/Documentos/Data_projects/Data-Warehouse-postgres-DBT-airflow-/.venv/lib/python3.11/site-packages/airflow/example_dags/example_branch_day_of_week_operator.py
[2025-05-31T21:22:22.031-0300] {processor.py:840} INFO - DAG(s) 'example_weekday_branch_operator' retrieved from /home/walterg/Documentos/Data_projects/Data-Warehouse-postgres-DBT-airflow-/.venv/lib/python3.11/site-packages/airflow/example_dags/example_branch_day_of_week_operator.py
[2025-05-31T21:22:22.043-0300] {logging_mixin.py:188} INFO - [2025-05-31T21:22:22.043-0300] {dag.py:3036} INFO - Sync 1 DAGs
[2025-05-31T21:22:22.056-0300] {logging_mixin.py:188} INFO - [2025-05-31T21:22:22.056-0300] {dag.py:3823} INFO - Setting next_dagrun for example_weekday_branch_operator to 2025-05-31 00:00:00+00:00, run_after=2025-06-01 00:00:00+00:00
[2025-05-31T21:22:22.172-0300] {processor.py:183} INFO - Processing /home/walterg/Documentos/Data_projects/Data-Warehouse-postgres-DBT-airflow-/.venv/lib/python3.11/site-packages/airflow/example_dags/example_branch_day_of_week_operator.py took 0.156 seconds
[2025-05-31T21:23:30.384-0300] {processor.py:161} INFO - Started process (PID=39551) to work on /home/walterg/Documentos/Data_projects/Data-Warehouse-postgres-DBT-airflow-/.venv/lib/python3.11/site-packages/airflow/example_dags/example_branch_day_of_week_operator.py
[2025-05-31T21:23:30.389-0300] {processor.py:830} INFO - Processing file /home/walterg/Documentos/Data_projects/Data-Warehouse-postgres-DBT-airflow-/.venv/lib/python3.11/site-packages/airflow/example_dags/example_branch_day_of_week_operator.py for tasks to queue
[2025-05-31T21:23:30.390-0300] {logging_mixin.py:188} INFO - [2025-05-31T21:23:30.390-0300] {dagbag.py:538} INFO - Filling up the DagBag from /home/walterg/Documentos/Data_projects/Data-Warehouse-postgres-DBT-airflow-/.venv/lib/python3.11/site-packages/airflow/example_dags/example_branch_day_of_week_operator.py
[2025-05-31T21:23:30.397-0300] {processor.py:840} INFO - DAG(s) 'example_weekday_branch_operator' retrieved from /home/walterg/Documentos/Data_projects/Data-Warehouse-postgres-DBT-airflow-/.venv/lib/python3.11/site-packages/airflow/example_dags/example_branch_day_of_week_operator.py
[2025-05-31T21:23:30.411-0300] {logging_mixin.py:188} INFO - [2025-05-31T21:23:30.410-0300] {dag.py:3036} INFO - Sync 1 DAGs
[2025-05-31T21:23:30.425-0300] {logging_mixin.py:188} INFO - [2025-05-31T21:23:30.425-0300] {dag.py:3823} INFO - Setting next_dagrun for example_weekday_branch_operator to 2025-05-31 00:00:00+00:00, run_after=2025-06-01 00:00:00+00:00
[2025-05-31T21:23:30.444-0300] {processor.py:183} INFO - Processing /home/walterg/Documentos/Data_projects/Data-Warehouse-postgres-DBT-airflow-/.venv/lib/python3.11/site-packages/airflow/example_dags/example_branch_day_of_week_operator.py took 0.062 seconds
[2025-05-31T21:24:43.474-0300] {processor.py:161} INFO - Started process (PID=39829) to work on /home/walterg/Documentos/Data_projects/Data-Warehouse-postgres-DBT-airflow-/.venv/lib/python3.11/site-packages/airflow/example_dags/example_branch_day_of_week_operator.py
[2025-05-31T21:24:43.479-0300] {processor.py:830} INFO - Processing file /home/walterg/Documentos/Data_projects/Data-Warehouse-postgres-DBT-airflow-/.venv/lib/python3.11/site-packages/airflow/example_dags/example_branch_day_of_week_operator.py for tasks to queue
[2025-05-31T21:24:43.481-0300] {logging_mixin.py:188} INFO - [2025-05-31T21:24:43.480-0300] {dagbag.py:538} INFO - Filling up the DagBag from /home/walterg/Documentos/Data_projects/Data-Warehouse-postgres-DBT-airflow-/.venv/lib/python3.11/site-packages/airflow/example_dags/example_branch_day_of_week_operator.py
[2025-05-31T21:24:43.487-0300] {processor.py:840} INFO - DAG(s) 'example_weekday_branch_operator' retrieved from /home/walterg/Documentos/Data_projects/Data-Warehouse-postgres-DBT-airflow-/.venv/lib/python3.11/site-packages/airflow/example_dags/example_branch_day_of_week_operator.py
[2025-05-31T21:24:43.500-0300] {logging_mixin.py:188} INFO - [2025-05-31T21:24:43.500-0300] {dag.py:3036} INFO - Sync 1 DAGs
[2025-05-31T21:24:43.513-0300] {logging_mixin.py:188} INFO - [2025-05-31T21:24:43.513-0300] {dag.py:3823} INFO - Setting next_dagrun for example_weekday_branch_operator to 2025-05-31 00:00:00+00:00, run_after=2025-06-01 00:00:00+00:00
[2025-05-31T21:24:43.530-0300] {processor.py:183} INFO - Processing /home/walterg/Documentos/Data_projects/Data-Warehouse-postgres-DBT-airflow-/.venv/lib/python3.11/site-packages/airflow/example_dags/example_branch_day_of_week_operator.py took 0.059 seconds
[2025-05-31T21:25:50.686-0300] {processor.py:161} INFO - Started process (PID=40277) to work on /home/walterg/Documentos/Data_projects/Data-Warehouse-postgres-DBT-airflow-/.venv/lib/python3.11/site-packages/airflow/example_dags/example_branch_day_of_week_operator.py
[2025-05-31T21:25:50.691-0300] {processor.py:830} INFO - Processing file /home/walterg/Documentos/Data_projects/Data-Warehouse-postgres-DBT-airflow-/.venv/lib/python3.11/site-packages/airflow/example_dags/example_branch_day_of_week_operator.py for tasks to queue
[2025-05-31T21:25:50.692-0300] {logging_mixin.py:188} INFO - [2025-05-31T21:25:50.692-0300] {dagbag.py:538} INFO - Filling up the DagBag from /home/walterg/Documentos/Data_projects/Data-Warehouse-postgres-DBT-airflow-/.venv/lib/python3.11/site-packages/airflow/example_dags/example_branch_day_of_week_operator.py
[2025-05-31T21:25:50.699-0300] {processor.py:840} INFO - DAG(s) 'example_weekday_branch_operator' retrieved from /home/walterg/Documentos/Data_projects/Data-Warehouse-postgres-DBT-airflow-/.venv/lib/python3.11/site-packages/airflow/example_dags/example_branch_day_of_week_operator.py
[2025-05-31T21:25:50.712-0300] {logging_mixin.py:188} INFO - [2025-05-31T21:25:50.712-0300] {dag.py:3036} INFO - Sync 1 DAGs
[2025-05-31T21:25:50.725-0300] {logging_mixin.py:188} INFO - [2025-05-31T21:25:50.724-0300] {dag.py:3823} INFO - Setting next_dagrun for example_weekday_branch_operator to 2025-05-31 00:00:00+00:00, run_after=2025-06-01 00:00:00+00:00
[2025-05-31T21:25:50.743-0300] {processor.py:183} INFO - Processing /home/walterg/Documentos/Data_projects/Data-Warehouse-postgres-DBT-airflow-/.venv/lib/python3.11/site-packages/airflow/example_dags/example_branch_day_of_week_operator.py took 0.060 seconds
[2025-05-31T21:26:50.871-0300] {processor.py:161} INFO - Started process (PID=40683) to work on /home/walterg/Documentos/Data_projects/Data-Warehouse-postgres-DBT-airflow-/.venv/lib/python3.11/site-packages/airflow/example_dags/example_branch_day_of_week_operator.py
[2025-05-31T21:26:50.872-0300] {processor.py:830} INFO - Processing file /home/walterg/Documentos/Data_projects/Data-Warehouse-postgres-DBT-airflow-/.venv/lib/python3.11/site-packages/airflow/example_dags/example_branch_day_of_week_operator.py for tasks to queue
[2025-05-31T21:26:50.873-0300] {logging_mixin.py:188} INFO - [2025-05-31T21:26:50.873-0300] {dagbag.py:538} INFO - Filling up the DagBag from /home/walterg/Documentos/Data_projects/Data-Warehouse-postgres-DBT-airflow-/.venv/lib/python3.11/site-packages/airflow/example_dags/example_branch_day_of_week_operator.py
[2025-05-31T21:26:50.880-0300] {processor.py:840} INFO - DAG(s) 'example_weekday_branch_operator' retrieved from /home/walterg/Documentos/Data_projects/Data-Warehouse-postgres-DBT-airflow-/.venv/lib/python3.11/site-packages/airflow/example_dags/example_branch_day_of_week_operator.py
[2025-05-31T21:26:50.894-0300] {logging_mixin.py:188} INFO - [2025-05-31T21:26:50.893-0300] {dag.py:3036} INFO - Sync 1 DAGs
[2025-05-31T21:26:50.908-0300] {logging_mixin.py:188} INFO - [2025-05-31T21:26:50.908-0300] {dag.py:3823} INFO - Setting next_dagrun for example_weekday_branch_operator to 2025-05-31 00:00:00+00:00, run_after=2025-06-01 00:00:00+00:00
[2025-05-31T21:26:50.926-0300] {processor.py:183} INFO - Processing /home/walterg/Documentos/Data_projects/Data-Warehouse-postgres-DBT-airflow-/.venv/lib/python3.11/site-packages/airflow/example_dags/example_branch_day_of_week_operator.py took 0.057 seconds
[2025-05-31T21:27:51.093-0300] {processor.py:161} INFO - Started process (PID=41221) to work on /home/walterg/Documentos/Data_projects/Data-Warehouse-postgres-DBT-airflow-/.venv/lib/python3.11/site-packages/airflow/example_dags/example_branch_day_of_week_operator.py
[2025-05-31T21:27:51.098-0300] {processor.py:830} INFO - Processing file /home/walterg/Documentos/Data_projects/Data-Warehouse-postgres-DBT-airflow-/.venv/lib/python3.11/site-packages/airflow/example_dags/example_branch_day_of_week_operator.py for tasks to queue
[2025-05-31T21:27:51.099-0300] {logging_mixin.py:188} INFO - [2025-05-31T21:27:51.099-0300] {dagbag.py:538} INFO - Filling up the DagBag from /home/walterg/Documentos/Data_projects/Data-Warehouse-postgres-DBT-airflow-/.venv/lib/python3.11/site-packages/airflow/example_dags/example_branch_day_of_week_operator.py
[2025-05-31T21:27:51.106-0300] {processor.py:840} INFO - DAG(s) 'example_weekday_branch_operator' retrieved from /home/walterg/Documentos/Data_projects/Data-Warehouse-postgres-DBT-airflow-/.venv/lib/python3.11/site-packages/airflow/example_dags/example_branch_day_of_week_operator.py
[2025-05-31T21:27:51.119-0300] {logging_mixin.py:188} INFO - [2025-05-31T21:27:51.118-0300] {dag.py:3036} INFO - Sync 1 DAGs
[2025-05-31T21:27:51.133-0300] {logging_mixin.py:188} INFO - [2025-05-31T21:27:51.133-0300] {dag.py:3823} INFO - Setting next_dagrun for example_weekday_branch_operator to 2025-05-31 00:00:00+00:00, run_after=2025-06-01 00:00:00+00:00
[2025-05-31T21:27:51.149-0300] {processor.py:183} INFO - Processing /home/walterg/Documentos/Data_projects/Data-Warehouse-postgres-DBT-airflow-/.venv/lib/python3.11/site-packages/airflow/example_dags/example_branch_day_of_week_operator.py took 0.058 seconds
[2025-05-31T21:28:52.083-0300] {processor.py:161} INFO - Started process (PID=41468) to work on /home/walterg/Documentos/Data_projects/Data-Warehouse-postgres-DBT-airflow-/.venv/lib/python3.11/site-packages/airflow/example_dags/example_branch_day_of_week_operator.py
[2025-05-31T21:28:52.088-0300] {processor.py:830} INFO - Processing file /home/walterg/Documentos/Data_projects/Data-Warehouse-postgres-DBT-airflow-/.venv/lib/python3.11/site-packages/airflow/example_dags/example_branch_day_of_week_operator.py for tasks to queue
[2025-05-31T21:28:52.089-0300] {logging_mixin.py:188} INFO - [2025-05-31T21:28:52.089-0300] {dagbag.py:538} INFO - Filling up the DagBag from /home/walterg/Documentos/Data_projects/Data-Warehouse-postgres-DBT-airflow-/.venv/lib/python3.11/site-packages/airflow/example_dags/example_branch_day_of_week_operator.py
[2025-05-31T21:28:52.095-0300] {processor.py:840} INFO - DAG(s) 'example_weekday_branch_operator' retrieved from /home/walterg/Documentos/Data_projects/Data-Warehouse-postgres-DBT-airflow-/.venv/lib/python3.11/site-packages/airflow/example_dags/example_branch_day_of_week_operator.py
[2025-05-31T21:28:52.108-0300] {logging_mixin.py:188} INFO - [2025-05-31T21:28:52.108-0300] {dag.py:3036} INFO - Sync 1 DAGs
[2025-05-31T21:28:52.123-0300] {logging_mixin.py:188} INFO - [2025-05-31T21:28:52.123-0300] {dag.py:3823} INFO - Setting next_dagrun for example_weekday_branch_operator to 2025-05-31 00:00:00+00:00, run_after=2025-06-01 00:00:00+00:00
[2025-05-31T21:28:52.139-0300] {processor.py:183} INFO - Processing /home/walterg/Documentos/Data_projects/Data-Warehouse-postgres-DBT-airflow-/.venv/lib/python3.11/site-packages/airflow/example_dags/example_branch_day_of_week_operator.py took 0.059 seconds
[2025-05-31T21:29:52.166-0300] {processor.py:161} INFO - Started process (PID=41711) to work on /home/walterg/Documentos/Data_projects/Data-Warehouse-postgres-DBT-airflow-/.venv/lib/python3.11/site-packages/airflow/example_dags/example_branch_day_of_week_operator.py
[2025-05-31T21:29:52.171-0300] {processor.py:830} INFO - Processing file /home/walterg/Documentos/Data_projects/Data-Warehouse-postgres-DBT-airflow-/.venv/lib/python3.11/site-packages/airflow/example_dags/example_branch_day_of_week_operator.py for tasks to queue
[2025-05-31T21:29:52.173-0300] {logging_mixin.py:188} INFO - [2025-05-31T21:29:52.172-0300] {dagbag.py:538} INFO - Filling up the DagBag from /home/walterg/Documentos/Data_projects/Data-Warehouse-postgres-DBT-airflow-/.venv/lib/python3.11/site-packages/airflow/example_dags/example_branch_day_of_week_operator.py
[2025-05-31T21:29:52.179-0300] {processor.py:840} INFO - DAG(s) 'example_weekday_branch_operator' retrieved from /home/walterg/Documentos/Data_projects/Data-Warehouse-postgres-DBT-airflow-/.venv/lib/python3.11/site-packages/airflow/example_dags/example_branch_day_of_week_operator.py
[2025-05-31T21:29:52.192-0300] {logging_mixin.py:188} INFO - [2025-05-31T21:29:52.192-0300] {dag.py:3036} INFO - Sync 1 DAGs
[2025-05-31T21:29:52.205-0300] {logging_mixin.py:188} INFO - [2025-05-31T21:29:52.205-0300] {dag.py:3823} INFO - Setting next_dagrun for example_weekday_branch_operator to 2025-05-31 00:00:00+00:00, run_after=2025-06-01 00:00:00+00:00
[2025-05-31T21:29:52.222-0300] {processor.py:183} INFO - Processing /home/walterg/Documentos/Data_projects/Data-Warehouse-postgres-DBT-airflow-/.venv/lib/python3.11/site-packages/airflow/example_dags/example_branch_day_of_week_operator.py took 0.059 seconds
[2025-05-31T21:30:51.839-0300] {processor.py:161} INFO - Started process (PID=41949) to work on /home/walterg/Documentos/Data_projects/Data-Warehouse-postgres-DBT-airflow-/.venv/lib/python3.11/site-packages/airflow/example_dags/example_branch_day_of_week_operator.py
[2025-05-31T21:30:51.844-0300] {processor.py:830} INFO - Processing file /home/walterg/Documentos/Data_projects/Data-Warehouse-postgres-DBT-airflow-/.venv/lib/python3.11/site-packages/airflow/example_dags/example_branch_day_of_week_operator.py for tasks to queue
[2025-05-31T21:30:51.845-0300] {logging_mixin.py:188} INFO - [2025-05-31T21:30:51.845-0300] {dagbag.py:538} INFO - Filling up the DagBag from /home/walterg/Documentos/Data_projects/Data-Warehouse-postgres-DBT-airflow-/.venv/lib/python3.11/site-packages/airflow/example_dags/example_branch_day_of_week_operator.py
[2025-05-31T21:30:51.851-0300] {processor.py:840} INFO - DAG(s) 'example_weekday_branch_operator' retrieved from /home/walterg/Documentos/Data_projects/Data-Warehouse-postgres-DBT-airflow-/.venv/lib/python3.11/site-packages/airflow/example_dags/example_branch_day_of_week_operator.py
[2025-05-31T21:30:51.865-0300] {logging_mixin.py:188} INFO - [2025-05-31T21:30:51.865-0300] {dag.py:3036} INFO - Sync 1 DAGs
[2025-05-31T21:30:51.878-0300] {logging_mixin.py:188} INFO - [2025-05-31T21:30:51.878-0300] {dag.py:3823} INFO - Setting next_dagrun for example_weekday_branch_operator to 2025-05-31 00:00:00+00:00, run_after=2025-06-01 00:00:00+00:00
[2025-05-31T21:30:51.896-0300] {processor.py:183} INFO - Processing /home/walterg/Documentos/Data_projects/Data-Warehouse-postgres-DBT-airflow-/.venv/lib/python3.11/site-packages/airflow/example_dags/example_branch_day_of_week_operator.py took 0.060 seconds
[2025-05-31T21:31:51.316-0300] {processor.py:161} INFO - Started process (PID=42188) to work on /home/walterg/Documentos/Data_projects/Data-Warehouse-postgres-DBT-airflow-/.venv/lib/python3.11/site-packages/airflow/example_dags/example_branch_day_of_week_operator.py
[2025-05-31T21:31:51.322-0300] {processor.py:830} INFO - Processing file /home/walterg/Documentos/Data_projects/Data-Warehouse-postgres-DBT-airflow-/.venv/lib/python3.11/site-packages/airflow/example_dags/example_branch_day_of_week_operator.py for tasks to queue
[2025-05-31T21:31:51.323-0300] {logging_mixin.py:188} INFO - [2025-05-31T21:31:51.322-0300] {dagbag.py:538} INFO - Filling up the DagBag from /home/walterg/Documentos/Data_projects/Data-Warehouse-postgres-DBT-airflow-/.venv/lib/python3.11/site-packages/airflow/example_dags/example_branch_day_of_week_operator.py
[2025-05-31T21:31:51.330-0300] {processor.py:840} INFO - DAG(s) 'example_weekday_branch_operator' retrieved from /home/walterg/Documentos/Data_projects/Data-Warehouse-postgres-DBT-airflow-/.venv/lib/python3.11/site-packages/airflow/example_dags/example_branch_day_of_week_operator.py
[2025-05-31T21:31:51.343-0300] {logging_mixin.py:188} INFO - [2025-05-31T21:31:51.343-0300] {dag.py:3036} INFO - Sync 1 DAGs
[2025-05-31T21:31:51.358-0300] {logging_mixin.py:188} INFO - [2025-05-31T21:31:51.358-0300] {dag.py:3823} INFO - Setting next_dagrun for example_weekday_branch_operator to 2025-05-31 00:00:00+00:00, run_after=2025-06-01 00:00:00+00:00
[2025-05-31T21:31:51.375-0300] {processor.py:183} INFO - Processing /home/walterg/Documentos/Data_projects/Data-Warehouse-postgres-DBT-airflow-/.venv/lib/python3.11/site-packages/airflow/example_dags/example_branch_day_of_week_operator.py took 0.061 seconds
[2025-05-31T21:32:54.626-0300] {processor.py:161} INFO - Started process (PID=42641) to work on /home/walterg/Documentos/Data_projects/Data-Warehouse-postgres-DBT-airflow-/.venv/lib/python3.11/site-packages/airflow/example_dags/example_branch_day_of_week_operator.py
[2025-05-31T21:32:54.631-0300] {processor.py:830} INFO - Processing file /home/walterg/Documentos/Data_projects/Data-Warehouse-postgres-DBT-airflow-/.venv/lib/python3.11/site-packages/airflow/example_dags/example_branch_day_of_week_operator.py for tasks to queue
[2025-05-31T21:32:54.632-0300] {logging_mixin.py:188} INFO - [2025-05-31T21:32:54.632-0300] {dagbag.py:538} INFO - Filling up the DagBag from /home/walterg/Documentos/Data_projects/Data-Warehouse-postgres-DBT-airflow-/.venv/lib/python3.11/site-packages/airflow/example_dags/example_branch_day_of_week_operator.py
[2025-05-31T21:32:54.638-0300] {processor.py:840} INFO - DAG(s) 'example_weekday_branch_operator' retrieved from /home/walterg/Documentos/Data_projects/Data-Warehouse-postgres-DBT-airflow-/.venv/lib/python3.11/site-packages/airflow/example_dags/example_branch_day_of_week_operator.py
[2025-05-31T21:32:54.651-0300] {logging_mixin.py:188} INFO - [2025-05-31T21:32:54.651-0300] {dag.py:3036} INFO - Sync 1 DAGs
[2025-05-31T21:32:54.665-0300] {logging_mixin.py:188} INFO - [2025-05-31T21:32:54.664-0300] {dag.py:3823} INFO - Setting next_dagrun for example_weekday_branch_operator to 2025-05-31 00:00:00+00:00, run_after=2025-06-01 00:00:00+00:00
[2025-05-31T21:32:54.681-0300] {processor.py:183} INFO - Processing /home/walterg/Documentos/Data_projects/Data-Warehouse-postgres-DBT-airflow-/.venv/lib/python3.11/site-packages/airflow/example_dags/example_branch_day_of_week_operator.py took 0.058 seconds
[2025-05-31T21:33:56.309-0300] {processor.py:161} INFO - Started process (PID=42914) to work on /home/walterg/Documentos/Data_projects/Data-Warehouse-postgres-DBT-airflow-/.venv/lib/python3.11/site-packages/airflow/example_dags/example_branch_day_of_week_operator.py
[2025-05-31T21:33:56.314-0300] {processor.py:830} INFO - Processing file /home/walterg/Documentos/Data_projects/Data-Warehouse-postgres-DBT-airflow-/.venv/lib/python3.11/site-packages/airflow/example_dags/example_branch_day_of_week_operator.py for tasks to queue
[2025-05-31T21:33:56.315-0300] {logging_mixin.py:188} INFO - [2025-05-31T21:33:56.315-0300] {dagbag.py:538} INFO - Filling up the DagBag from /home/walterg/Documentos/Data_projects/Data-Warehouse-postgres-DBT-airflow-/.venv/lib/python3.11/site-packages/airflow/example_dags/example_branch_day_of_week_operator.py
[2025-05-31T21:33:56.321-0300] {processor.py:840} INFO - DAG(s) 'example_weekday_branch_operator' retrieved from /home/walterg/Documentos/Data_projects/Data-Warehouse-postgres-DBT-airflow-/.venv/lib/python3.11/site-packages/airflow/example_dags/example_branch_day_of_week_operator.py
[2025-05-31T21:33:56.334-0300] {logging_mixin.py:188} INFO - [2025-05-31T21:33:56.334-0300] {dag.py:3036} INFO - Sync 1 DAGs
[2025-05-31T21:33:56.348-0300] {logging_mixin.py:188} INFO - [2025-05-31T21:33:56.347-0300] {dag.py:3823} INFO - Setting next_dagrun for example_weekday_branch_operator to 2025-05-31 00:00:00+00:00, run_after=2025-06-01 00:00:00+00:00
[2025-05-31T21:33:56.363-0300] {processor.py:183} INFO - Processing /home/walterg/Documentos/Data_projects/Data-Warehouse-postgres-DBT-airflow-/.venv/lib/python3.11/site-packages/airflow/example_dags/example_branch_day_of_week_operator.py took 0.057 seconds
[2025-05-31T21:34:50.425-0300] {processor.py:161} INFO - Started process (PID=43100) to work on /home/walterg/Documentos/Data_projects/Data-Warehouse-postgres-DBT-airflow-/.venv/lib/python3.11/site-packages/airflow/example_dags/example_branch_day_of_week_operator.py
[2025-05-31T21:34:50.425-0300] {processor.py:830} INFO - Processing file /home/walterg/Documentos/Data_projects/Data-Warehouse-postgres-DBT-airflow-/.venv/lib/python3.11/site-packages/airflow/example_dags/example_branch_day_of_week_operator.py for tasks to queue
[2025-05-31T21:34:50.426-0300] {logging_mixin.py:188} INFO - [2025-05-31T21:34:50.426-0300] {dagbag.py:538} INFO - Filling up the DagBag from /home/walterg/Documentos/Data_projects/Data-Warehouse-postgres-DBT-airflow-/.venv/lib/python3.11/site-packages/airflow/example_dags/example_branch_day_of_week_operator.py
[2025-05-31T21:34:50.433-0300] {processor.py:840} INFO - DAG(s) 'example_weekday_branch_operator' retrieved from /home/walterg/Documentos/Data_projects/Data-Warehouse-postgres-DBT-airflow-/.venv/lib/python3.11/site-packages/airflow/example_dags/example_branch_day_of_week_operator.py
[2025-05-31T21:34:50.447-0300] {logging_mixin.py:188} INFO - [2025-05-31T21:34:50.446-0300] {dag.py:3036} INFO - Sync 1 DAGs
[2025-05-31T21:34:50.462-0300] {logging_mixin.py:188} INFO - [2025-05-31T21:34:50.462-0300] {dag.py:3823} INFO - Setting next_dagrun for example_weekday_branch_operator to 2025-05-31 00:00:00+00:00, run_after=2025-06-01 00:00:00+00:00
[2025-05-31T21:34:50.479-0300] {processor.py:183} INFO - Processing /home/walterg/Documentos/Data_projects/Data-Warehouse-postgres-DBT-airflow-/.venv/lib/python3.11/site-packages/airflow/example_dags/example_branch_day_of_week_operator.py took 0.057 seconds
