[2025-05-31T21:00:27.691-0300] {processor.py:161} INFO - Started process (PID=32664) to work on /home/walterg/Documentos/Data_projects/Data-Warehouse-postgres-DBT-airflow-/.venv/lib/python3.11/site-packages/airflow/example_dags/example_trigger_target_dag.py
[2025-05-31T21:00:27.692-0300] {processor.py:830} INFO - Processing file /home/walterg/Documentos/Data_projects/Data-Warehouse-postgres-DBT-airflow-/.venv/lib/python3.11/site-packages/airflow/example_dags/example_trigger_target_dag.py for tasks to queue
[2025-05-31T21:00:27.692-0300] {logging_mixin.py:188} INFO - [2025-05-31T21:00:27.692-0300] {dagbag.py:538} INFO - Filling up the DagBag from /home/walterg/Documentos/Data_projects/Data-Warehouse-postgres-DBT-airflow-/.venv/lib/python3.11/site-packages/airflow/example_dags/example_trigger_target_dag.py
[2025-05-31T21:00:27.697-0300] {processor.py:840} INFO - DAG(s) 'example_trigger_target_dag' retrieved from /home/walterg/Documentos/Data_projects/Data-Warehouse-postgres-DBT-airflow-/.venv/lib/python3.11/site-packages/airflow/example_dags/example_trigger_target_dag.py
[2025-05-31T21:00:27.709-0300] {logging_mixin.py:188} INFO - [2025-05-31T21:00:27.709-0300] {dag.py:3036} INFO - Sync 1 DAGs
[2025-05-31T21:00:27.717-0300] {logging_mixin.py:188} INFO - [2025-05-31T21:00:27.717-0300] {dag.py:3823} INFO - Setting next_dagrun for example_trigger_target_dag to None, run_after=None
[2025-05-31T21:00:27.737-0300] {processor.py:183} INFO - Processing /home/walterg/Documentos/Data_projects/Data-Warehouse-postgres-DBT-airflow-/.venv/lib/python3.11/site-packages/airflow/example_dags/example_trigger_target_dag.py took 0.049 seconds
[2025-05-31T21:01:11.648-0300] {processor.py:161} INFO - Started process (PID=32895) to work on /home/walterg/Documentos/Data_projects/Data-Warehouse-postgres-DBT-airflow-/.venv/lib/python3.11/site-packages/airflow/example_dags/example_trigger_target_dag.py
[2025-05-31T21:01:11.653-0300] {processor.py:830} INFO - Processing file /home/walterg/Documentos/Data_projects/Data-Warehouse-postgres-DBT-airflow-/.venv/lib/python3.11/site-packages/airflow/example_dags/example_trigger_target_dag.py for tasks to queue
[2025-05-31T21:01:11.653-0300] {logging_mixin.py:188} INFO - [2025-05-31T21:01:11.653-0300] {dagbag.py:538} INFO - Filling up the DagBag from /home/walterg/Documentos/Data_projects/Data-Warehouse-postgres-DBT-airflow-/.venv/lib/python3.11/site-packages/airflow/example_dags/example_trigger_target_dag.py
[2025-05-31T21:01:11.659-0300] {processor.py:840} INFO - DAG(s) 'example_trigger_target_dag' retrieved from /home/walterg/Documentos/Data_projects/Data-Warehouse-postgres-DBT-airflow-/.venv/lib/python3.11/site-packages/airflow/example_dags/example_trigger_target_dag.py
[2025-05-31T21:01:11.671-0300] {logging_mixin.py:188} INFO - [2025-05-31T21:01:11.671-0300] {dag.py:3036} INFO - Sync 1 DAGs
[2025-05-31T21:01:11.678-0300] {logging_mixin.py:188} INFO - [2025-05-31T21:01:11.678-0300] {dag.py:3823} INFO - Setting next_dagrun for example_trigger_target_dag to None, run_after=None
[2025-05-31T21:01:11.695-0300] {processor.py:183} INFO - Processing /home/walterg/Documentos/Data_projects/Data-Warehouse-postgres-DBT-airflow-/.venv/lib/python3.11/site-packages/airflow/example_dags/example_trigger_target_dag.py took 0.049 seconds
[2025-05-31T21:01:54.135-0300] {processor.py:161} INFO - Started process (PID=33088) to work on /home/walterg/Documentos/Data_projects/Data-Warehouse-postgres-DBT-airflow-/.venv/lib/python3.11/site-packages/airflow/example_dags/example_trigger_target_dag.py
[2025-05-31T21:01:54.141-0300] {processor.py:830} INFO - Processing file /home/walterg/Documentos/Data_projects/Data-Warehouse-postgres-DBT-airflow-/.venv/lib/python3.11/site-packages/airflow/example_dags/example_trigger_target_dag.py for tasks to queue
[2025-05-31T21:01:54.142-0300] {logging_mixin.py:188} INFO - [2025-05-31T21:01:54.141-0300] {dagbag.py:538} INFO - Filling up the DagBag from /home/walterg/Documentos/Data_projects/Data-Warehouse-postgres-DBT-airflow-/.venv/lib/python3.11/site-packages/airflow/example_dags/example_trigger_target_dag.py
[2025-05-31T21:01:54.147-0300] {processor.py:840} INFO - DAG(s) 'example_trigger_target_dag' retrieved from /home/walterg/Documentos/Data_projects/Data-Warehouse-postgres-DBT-airflow-/.venv/lib/python3.11/site-packages/airflow/example_dags/example_trigger_target_dag.py
[2025-05-31T21:01:54.159-0300] {logging_mixin.py:188} INFO - [2025-05-31T21:01:54.159-0300] {dag.py:3036} INFO - Sync 1 DAGs
[2025-05-31T21:01:54.166-0300] {logging_mixin.py:188} INFO - [2025-05-31T21:01:54.166-0300] {dag.py:3823} INFO - Setting next_dagrun for example_trigger_target_dag to None, run_after=None
[2025-05-31T21:01:54.184-0300] {processor.py:183} INFO - Processing /home/walterg/Documentos/Data_projects/Data-Warehouse-postgres-DBT-airflow-/.venv/lib/python3.11/site-packages/airflow/example_dags/example_trigger_target_dag.py took 0.051 seconds
[2025-05-31T21:02:38.023-0300] {processor.py:161} INFO - Started process (PID=33371) to work on /home/walterg/Documentos/Data_projects/Data-Warehouse-postgres-DBT-airflow-/.venv/lib/python3.11/site-packages/airflow/example_dags/example_trigger_target_dag.py
[2025-05-31T21:02:38.028-0300] {processor.py:830} INFO - Processing file /home/walterg/Documentos/Data_projects/Data-Warehouse-postgres-DBT-airflow-/.venv/lib/python3.11/site-packages/airflow/example_dags/example_trigger_target_dag.py for tasks to queue
[2025-05-31T21:02:38.029-0300] {logging_mixin.py:188} INFO - [2025-05-31T21:02:38.029-0300] {dagbag.py:538} INFO - Filling up the DagBag from /home/walterg/Documentos/Data_projects/Data-Warehouse-postgres-DBT-airflow-/.venv/lib/python3.11/site-packages/airflow/example_dags/example_trigger_target_dag.py
[2025-05-31T21:02:38.034-0300] {processor.py:840} INFO - DAG(s) 'example_trigger_target_dag' retrieved from /home/walterg/Documentos/Data_projects/Data-Warehouse-postgres-DBT-airflow-/.venv/lib/python3.11/site-packages/airflow/example_dags/example_trigger_target_dag.py
[2025-05-31T21:02:38.046-0300] {logging_mixin.py:188} INFO - [2025-05-31T21:02:38.046-0300] {dag.py:3036} INFO - Sync 1 DAGs
[2025-05-31T21:02:38.054-0300] {logging_mixin.py:188} INFO - [2025-05-31T21:02:38.053-0300] {dag.py:3823} INFO - Setting next_dagrun for example_trigger_target_dag to None, run_after=None
[2025-05-31T21:02:38.071-0300] {processor.py:183} INFO - Processing /home/walterg/Documentos/Data_projects/Data-Warehouse-postgres-DBT-airflow-/.venv/lib/python3.11/site-packages/airflow/example_dags/example_trigger_target_dag.py took 0.050 seconds
[2025-05-31T21:03:22.126-0300] {processor.py:161} INFO - Started process (PID=33624) to work on /home/walterg/Documentos/Data_projects/Data-Warehouse-postgres-DBT-airflow-/.venv/lib/python3.11/site-packages/airflow/example_dags/example_trigger_target_dag.py
[2025-05-31T21:03:22.131-0300] {processor.py:830} INFO - Processing file /home/walterg/Documentos/Data_projects/Data-Warehouse-postgres-DBT-airflow-/.venv/lib/python3.11/site-packages/airflow/example_dags/example_trigger_target_dag.py for tasks to queue
[2025-05-31T21:03:22.132-0300] {logging_mixin.py:188} INFO - [2025-05-31T21:03:22.131-0300] {dagbag.py:538} INFO - Filling up the DagBag from /home/walterg/Documentos/Data_projects/Data-Warehouse-postgres-DBT-airflow-/.venv/lib/python3.11/site-packages/airflow/example_dags/example_trigger_target_dag.py
[2025-05-31T21:03:22.136-0300] {processor.py:840} INFO - DAG(s) 'example_trigger_target_dag' retrieved from /home/walterg/Documentos/Data_projects/Data-Warehouse-postgres-DBT-airflow-/.venv/lib/python3.11/site-packages/airflow/example_dags/example_trigger_target_dag.py
[2025-05-31T21:03:22.148-0300] {logging_mixin.py:188} INFO - [2025-05-31T21:03:22.148-0300] {dag.py:3036} INFO - Sync 1 DAGs
[2025-05-31T21:03:22.156-0300] {logging_mixin.py:188} INFO - [2025-05-31T21:03:22.156-0300] {dag.py:3823} INFO - Setting next_dagrun for example_trigger_target_dag to None, run_after=None
[2025-05-31T21:03:22.173-0300] {processor.py:183} INFO - Processing /home/walterg/Documentos/Data_projects/Data-Warehouse-postgres-DBT-airflow-/.venv/lib/python3.11/site-packages/airflow/example_dags/example_trigger_target_dag.py took 0.050 seconds
[2025-05-31T21:04:06.122-0300] {processor.py:161} INFO - Started process (PID=33749) to work on /home/walterg/Documentos/Data_projects/Data-Warehouse-postgres-DBT-airflow-/.venv/lib/python3.11/site-packages/airflow/example_dags/example_trigger_target_dag.py
[2025-05-31T21:04:06.123-0300] {processor.py:830} INFO - Processing file /home/walterg/Documentos/Data_projects/Data-Warehouse-postgres-DBT-airflow-/.venv/lib/python3.11/site-packages/airflow/example_dags/example_trigger_target_dag.py for tasks to queue
[2025-05-31T21:04:06.124-0300] {logging_mixin.py:188} INFO - [2025-05-31T21:04:06.124-0300] {dagbag.py:538} INFO - Filling up the DagBag from /home/walterg/Documentos/Data_projects/Data-Warehouse-postgres-DBT-airflow-/.venv/lib/python3.11/site-packages/airflow/example_dags/example_trigger_target_dag.py
[2025-05-31T21:04:06.129-0300] {processor.py:840} INFO - DAG(s) 'example_trigger_target_dag' retrieved from /home/walterg/Documentos/Data_projects/Data-Warehouse-postgres-DBT-airflow-/.venv/lib/python3.11/site-packages/airflow/example_dags/example_trigger_target_dag.py
[2025-05-31T21:04:06.141-0300] {logging_mixin.py:188} INFO - [2025-05-31T21:04:06.141-0300] {dag.py:3036} INFO - Sync 1 DAGs
[2025-05-31T21:04:06.149-0300] {logging_mixin.py:188} INFO - [2025-05-31T21:04:06.149-0300] {dag.py:3823} INFO - Setting next_dagrun for example_trigger_target_dag to None, run_after=None
[2025-05-31T21:04:06.166-0300] {processor.py:183} INFO - Processing /home/walterg/Documentos/Data_projects/Data-Warehouse-postgres-DBT-airflow-/.venv/lib/python3.11/site-packages/airflow/example_dags/example_trigger_target_dag.py took 0.046 seconds
[2025-05-31T21:04:46.320-0300] {processor.py:161} INFO - Started process (PID=33943) to work on /home/walterg/Documentos/Data_projects/Data-Warehouse-postgres-DBT-airflow-/.venv/lib/python3.11/site-packages/airflow/example_dags/example_trigger_target_dag.py
[2025-05-31T21:04:46.325-0300] {processor.py:830} INFO - Processing file /home/walterg/Documentos/Data_projects/Data-Warehouse-postgres-DBT-airflow-/.venv/lib/python3.11/site-packages/airflow/example_dags/example_trigger_target_dag.py for tasks to queue
[2025-05-31T21:04:46.326-0300] {logging_mixin.py:188} INFO - [2025-05-31T21:04:46.326-0300] {dagbag.py:538} INFO - Filling up the DagBag from /home/walterg/Documentos/Data_projects/Data-Warehouse-postgres-DBT-airflow-/.venv/lib/python3.11/site-packages/airflow/example_dags/example_trigger_target_dag.py
[2025-05-31T21:04:46.332-0300] {processor.py:840} INFO - DAG(s) 'example_trigger_target_dag' retrieved from /home/walterg/Documentos/Data_projects/Data-Warehouse-postgres-DBT-airflow-/.venv/lib/python3.11/site-packages/airflow/example_dags/example_trigger_target_dag.py
[2025-05-31T21:04:46.345-0300] {logging_mixin.py:188} INFO - [2025-05-31T21:04:46.344-0300] {dag.py:3036} INFO - Sync 1 DAGs
[2025-05-31T21:04:46.353-0300] {logging_mixin.py:188} INFO - [2025-05-31T21:04:46.353-0300] {dag.py:3823} INFO - Setting next_dagrun for example_trigger_target_dag to None, run_after=None
[2025-05-31T21:04:46.372-0300] {processor.py:183} INFO - Processing /home/walterg/Documentos/Data_projects/Data-Warehouse-postgres-DBT-airflow-/.venv/lib/python3.11/site-packages/airflow/example_dags/example_trigger_target_dag.py took 0.054 seconds
[2025-05-31T21:05:30.133-0300] {processor.py:161} INFO - Started process (PID=34197) to work on /home/walterg/Documentos/Data_projects/Data-Warehouse-postgres-DBT-airflow-/.venv/lib/python3.11/site-packages/airflow/example_dags/example_trigger_target_dag.py
[2025-05-31T21:05:30.138-0300] {processor.py:830} INFO - Processing file /home/walterg/Documentos/Data_projects/Data-Warehouse-postgres-DBT-airflow-/.venv/lib/python3.11/site-packages/airflow/example_dags/example_trigger_target_dag.py for tasks to queue
[2025-05-31T21:05:30.140-0300] {logging_mixin.py:188} INFO - [2025-05-31T21:05:30.139-0300] {dagbag.py:538} INFO - Filling up the DagBag from /home/walterg/Documentos/Data_projects/Data-Warehouse-postgres-DBT-airflow-/.venv/lib/python3.11/site-packages/airflow/example_dags/example_trigger_target_dag.py
[2025-05-31T21:05:30.144-0300] {processor.py:840} INFO - DAG(s) 'example_trigger_target_dag' retrieved from /home/walterg/Documentos/Data_projects/Data-Warehouse-postgres-DBT-airflow-/.venv/lib/python3.11/site-packages/airflow/example_dags/example_trigger_target_dag.py
[2025-05-31T21:05:30.157-0300] {logging_mixin.py:188} INFO - [2025-05-31T21:05:30.157-0300] {dag.py:3036} INFO - Sync 1 DAGs
[2025-05-31T21:05:30.164-0300] {logging_mixin.py:188} INFO - [2025-05-31T21:05:30.164-0300] {dag.py:3823} INFO - Setting next_dagrun for example_trigger_target_dag to None, run_after=None
[2025-05-31T21:05:30.181-0300] {processor.py:183} INFO - Processing /home/walterg/Documentos/Data_projects/Data-Warehouse-postgres-DBT-airflow-/.venv/lib/python3.11/site-packages/airflow/example_dags/example_trigger_target_dag.py took 0.050 seconds
[2025-05-31T21:06:14.063-0300] {processor.py:161} INFO - Started process (PID=34500) to work on /home/walterg/Documentos/Data_projects/Data-Warehouse-postgres-DBT-airflow-/.venv/lib/python3.11/site-packages/airflow/example_dags/example_trigger_target_dag.py
[2025-05-31T21:06:14.068-0300] {processor.py:830} INFO - Processing file /home/walterg/Documentos/Data_projects/Data-Warehouse-postgres-DBT-airflow-/.venv/lib/python3.11/site-packages/airflow/example_dags/example_trigger_target_dag.py for tasks to queue
[2025-05-31T21:06:14.069-0300] {logging_mixin.py:188} INFO - [2025-05-31T21:06:14.069-0300] {dagbag.py:538} INFO - Filling up the DagBag from /home/walterg/Documentos/Data_projects/Data-Warehouse-postgres-DBT-airflow-/.venv/lib/python3.11/site-packages/airflow/example_dags/example_trigger_target_dag.py
[2025-05-31T21:06:14.075-0300] {processor.py:840} INFO - DAG(s) 'example_trigger_target_dag' retrieved from /home/walterg/Documentos/Data_projects/Data-Warehouse-postgres-DBT-airflow-/.venv/lib/python3.11/site-packages/airflow/example_dags/example_trigger_target_dag.py
[2025-05-31T21:06:14.087-0300] {logging_mixin.py:188} INFO - [2025-05-31T21:06:14.087-0300] {dag.py:3036} INFO - Sync 1 DAGs
[2025-05-31T21:06:14.095-0300] {logging_mixin.py:188} INFO - [2025-05-31T21:06:14.094-0300] {dag.py:3823} INFO - Setting next_dagrun for example_trigger_target_dag to None, run_after=None
[2025-05-31T21:06:14.113-0300] {processor.py:183} INFO - Processing /home/walterg/Documentos/Data_projects/Data-Warehouse-postgres-DBT-airflow-/.venv/lib/python3.11/site-packages/airflow/example_dags/example_trigger_target_dag.py took 0.052 seconds
[2025-05-31T21:06:58.393-0300] {processor.py:161} INFO - Started process (PID=34609) to work on /home/walterg/Documentos/Data_projects/Data-Warehouse-postgres-DBT-airflow-/.venv/lib/python3.11/site-packages/airflow/example_dags/example_trigger_target_dag.py
[2025-05-31T21:06:58.398-0300] {processor.py:830} INFO - Processing file /home/walterg/Documentos/Data_projects/Data-Warehouse-postgres-DBT-airflow-/.venv/lib/python3.11/site-packages/airflow/example_dags/example_trigger_target_dag.py for tasks to queue
[2025-05-31T21:06:58.399-0300] {logging_mixin.py:188} INFO - [2025-05-31T21:06:58.399-0300] {dagbag.py:538} INFO - Filling up the DagBag from /home/walterg/Documentos/Data_projects/Data-Warehouse-postgres-DBT-airflow-/.venv/lib/python3.11/site-packages/airflow/example_dags/example_trigger_target_dag.py
[2025-05-31T21:06:58.404-0300] {processor.py:840} INFO - DAG(s) 'example_trigger_target_dag' retrieved from /home/walterg/Documentos/Data_projects/Data-Warehouse-postgres-DBT-airflow-/.venv/lib/python3.11/site-packages/airflow/example_dags/example_trigger_target_dag.py
[2025-05-31T21:06:58.416-0300] {logging_mixin.py:188} INFO - [2025-05-31T21:06:58.416-0300] {dag.py:3036} INFO - Sync 1 DAGs
[2025-05-31T21:06:58.423-0300] {logging_mixin.py:188} INFO - [2025-05-31T21:06:58.423-0300] {dag.py:3823} INFO - Setting next_dagrun for example_trigger_target_dag to None, run_after=None
[2025-05-31T21:06:58.440-0300] {processor.py:183} INFO - Processing /home/walterg/Documentos/Data_projects/Data-Warehouse-postgres-DBT-airflow-/.venv/lib/python3.11/site-packages/airflow/example_dags/example_trigger_target_dag.py took 0.050 seconds
[2025-05-31T21:07:42.694-0300] {processor.py:161} INFO - Started process (PID=34842) to work on /home/walterg/Documentos/Data_projects/Data-Warehouse-postgres-DBT-airflow-/.venv/lib/python3.11/site-packages/airflow/example_dags/example_trigger_target_dag.py
[2025-05-31T21:07:42.696-0300] {processor.py:830} INFO - Processing file /home/walterg/Documentos/Data_projects/Data-Warehouse-postgres-DBT-airflow-/.venv/lib/python3.11/site-packages/airflow/example_dags/example_trigger_target_dag.py for tasks to queue
[2025-05-31T21:07:42.696-0300] {logging_mixin.py:188} INFO - [2025-05-31T21:07:42.696-0300] {dagbag.py:538} INFO - Filling up the DagBag from /home/walterg/Documentos/Data_projects/Data-Warehouse-postgres-DBT-airflow-/.venv/lib/python3.11/site-packages/airflow/example_dags/example_trigger_target_dag.py
[2025-05-31T21:07:42.701-0300] {processor.py:840} INFO - DAG(s) 'example_trigger_target_dag' retrieved from /home/walterg/Documentos/Data_projects/Data-Warehouse-postgres-DBT-airflow-/.venv/lib/python3.11/site-packages/airflow/example_dags/example_trigger_target_dag.py
[2025-05-31T21:07:42.713-0300] {logging_mixin.py:188} INFO - [2025-05-31T21:07:42.713-0300] {dag.py:3036} INFO - Sync 1 DAGs
[2025-05-31T21:07:42.720-0300] {logging_mixin.py:188} INFO - [2025-05-31T21:07:42.720-0300] {dag.py:3823} INFO - Setting next_dagrun for example_trigger_target_dag to None, run_after=None
[2025-05-31T21:07:42.737-0300] {processor.py:183} INFO - Processing /home/walterg/Documentos/Data_projects/Data-Warehouse-postgres-DBT-airflow-/.venv/lib/python3.11/site-packages/airflow/example_dags/example_trigger_target_dag.py took 0.045 seconds
[2025-05-31T21:08:26.741-0300] {processor.py:161} INFO - Started process (PID=35125) to work on /home/walterg/Documentos/Data_projects/Data-Warehouse-postgres-DBT-airflow-/.venv/lib/python3.11/site-packages/airflow/example_dags/example_trigger_target_dag.py
[2025-05-31T21:08:26.746-0300] {processor.py:830} INFO - Processing file /home/walterg/Documentos/Data_projects/Data-Warehouse-postgres-DBT-airflow-/.venv/lib/python3.11/site-packages/airflow/example_dags/example_trigger_target_dag.py for tasks to queue
[2025-05-31T21:08:26.747-0300] {logging_mixin.py:188} INFO - [2025-05-31T21:08:26.746-0300] {dagbag.py:538} INFO - Filling up the DagBag from /home/walterg/Documentos/Data_projects/Data-Warehouse-postgres-DBT-airflow-/.venv/lib/python3.11/site-packages/airflow/example_dags/example_trigger_target_dag.py
[2025-05-31T21:08:26.751-0300] {processor.py:840} INFO - DAG(s) 'example_trigger_target_dag' retrieved from /home/walterg/Documentos/Data_projects/Data-Warehouse-postgres-DBT-airflow-/.venv/lib/python3.11/site-packages/airflow/example_dags/example_trigger_target_dag.py
[2025-05-31T21:08:26.764-0300] {logging_mixin.py:188} INFO - [2025-05-31T21:08:26.764-0300] {dag.py:3036} INFO - Sync 1 DAGs
[2025-05-31T21:08:26.773-0300] {logging_mixin.py:188} INFO - [2025-05-31T21:08:26.772-0300] {dag.py:3823} INFO - Setting next_dagrun for example_trigger_target_dag to None, run_after=None
[2025-05-31T21:08:26.789-0300] {processor.py:183} INFO - Processing /home/walterg/Documentos/Data_projects/Data-Warehouse-postgres-DBT-airflow-/.venv/lib/python3.11/site-packages/airflow/example_dags/example_trigger_target_dag.py took 0.051 seconds
[2025-05-31T21:09:07.359-0300] {processor.py:161} INFO - Started process (PID=35323) to work on /home/walterg/Documentos/Data_projects/Data-Warehouse-postgres-DBT-airflow-/.venv/lib/python3.11/site-packages/airflow/example_dags/example_trigger_target_dag.py
[2025-05-31T21:09:07.359-0300] {processor.py:830} INFO - Processing file /home/walterg/Documentos/Data_projects/Data-Warehouse-postgres-DBT-airflow-/.venv/lib/python3.11/site-packages/airflow/example_dags/example_trigger_target_dag.py for tasks to queue
[2025-05-31T21:09:07.360-0300] {logging_mixin.py:188} INFO - [2025-05-31T21:09:07.360-0300] {dagbag.py:538} INFO - Filling up the DagBag from /home/walterg/Documentos/Data_projects/Data-Warehouse-postgres-DBT-airflow-/.venv/lib/python3.11/site-packages/airflow/example_dags/example_trigger_target_dag.py
[2025-05-31T21:09:07.365-0300] {processor.py:840} INFO - DAG(s) 'example_trigger_target_dag' retrieved from /home/walterg/Documentos/Data_projects/Data-Warehouse-postgres-DBT-airflow-/.venv/lib/python3.11/site-packages/airflow/example_dags/example_trigger_target_dag.py
[2025-05-31T21:09:07.377-0300] {logging_mixin.py:188} INFO - [2025-05-31T21:09:07.377-0300] {dag.py:3036} INFO - Sync 1 DAGs
[2025-05-31T21:09:07.385-0300] {logging_mixin.py:188} INFO - [2025-05-31T21:09:07.385-0300] {dag.py:3823} INFO - Setting next_dagrun for example_trigger_target_dag to None, run_after=None
[2025-05-31T21:09:07.401-0300] {processor.py:183} INFO - Processing /home/walterg/Documentos/Data_projects/Data-Warehouse-postgres-DBT-airflow-/.venv/lib/python3.11/site-packages/airflow/example_dags/example_trigger_target_dag.py took 0.045 seconds
[2025-05-31T21:09:46.784-0300] {processor.py:161} INFO - Started process (PID=35497) to work on /home/walterg/Documentos/Data_projects/Data-Warehouse-postgres-DBT-airflow-/.venv/lib/python3.11/site-packages/airflow/example_dags/example_trigger_target_dag.py
[2025-05-31T21:09:46.789-0300] {processor.py:830} INFO - Processing file /home/walterg/Documentos/Data_projects/Data-Warehouse-postgres-DBT-airflow-/.venv/lib/python3.11/site-packages/airflow/example_dags/example_trigger_target_dag.py for tasks to queue
[2025-05-31T21:09:46.791-0300] {logging_mixin.py:188} INFO - [2025-05-31T21:09:46.790-0300] {dagbag.py:538} INFO - Filling up the DagBag from /home/walterg/Documentos/Data_projects/Data-Warehouse-postgres-DBT-airflow-/.venv/lib/python3.11/site-packages/airflow/example_dags/example_trigger_target_dag.py
[2025-05-31T21:09:46.796-0300] {processor.py:840} INFO - DAG(s) 'example_trigger_target_dag' retrieved from /home/walterg/Documentos/Data_projects/Data-Warehouse-postgres-DBT-airflow-/.venv/lib/python3.11/site-packages/airflow/example_dags/example_trigger_target_dag.py
[2025-05-31T21:09:46.808-0300] {logging_mixin.py:188} INFO - [2025-05-31T21:09:46.808-0300] {dag.py:3036} INFO - Sync 1 DAGs
[2025-05-31T21:09:46.815-0300] {logging_mixin.py:188} INFO - [2025-05-31T21:09:46.815-0300] {dag.py:3823} INFO - Setting next_dagrun for example_trigger_target_dag to None, run_after=None
[2025-05-31T21:09:46.833-0300] {processor.py:183} INFO - Processing /home/walterg/Documentos/Data_projects/Data-Warehouse-postgres-DBT-airflow-/.venv/lib/python3.11/site-packages/airflow/example_dags/example_trigger_target_dag.py took 0.051 seconds
[2025-05-31T21:10:29.868-0300] {processor.py:161} INFO - Started process (PID=35773) to work on /home/walterg/Documentos/Data_projects/Data-Warehouse-postgres-DBT-airflow-/.venv/lib/python3.11/site-packages/airflow/example_dags/example_trigger_target_dag.py
[2025-05-31T21:10:29.874-0300] {processor.py:830} INFO - Processing file /home/walterg/Documentos/Data_projects/Data-Warehouse-postgres-DBT-airflow-/.venv/lib/python3.11/site-packages/airflow/example_dags/example_trigger_target_dag.py for tasks to queue
[2025-05-31T21:10:29.875-0300] {logging_mixin.py:188} INFO - [2025-05-31T21:10:29.874-0300] {dagbag.py:538} INFO - Filling up the DagBag from /home/walterg/Documentos/Data_projects/Data-Warehouse-postgres-DBT-airflow-/.venv/lib/python3.11/site-packages/airflow/example_dags/example_trigger_target_dag.py
[2025-05-31T21:10:29.879-0300] {processor.py:840} INFO - DAG(s) 'example_trigger_target_dag' retrieved from /home/walterg/Documentos/Data_projects/Data-Warehouse-postgres-DBT-airflow-/.venv/lib/python3.11/site-packages/airflow/example_dags/example_trigger_target_dag.py
[2025-05-31T21:10:29.892-0300] {logging_mixin.py:188} INFO - [2025-05-31T21:10:29.892-0300] {dag.py:3036} INFO - Sync 1 DAGs
[2025-05-31T21:10:29.899-0300] {logging_mixin.py:188} INFO - [2025-05-31T21:10:29.899-0300] {dag.py:3823} INFO - Setting next_dagrun for example_trigger_target_dag to None, run_after=None
[2025-05-31T21:10:29.917-0300] {processor.py:183} INFO - Processing /home/walterg/Documentos/Data_projects/Data-Warehouse-postgres-DBT-airflow-/.venv/lib/python3.11/site-packages/airflow/example_dags/example_trigger_target_dag.py took 0.051 seconds
[2025-05-31T21:11:11.387-0300] {processor.py:161} INFO - Started process (PID=35993) to work on /home/walterg/Documentos/Data_projects/Data-Warehouse-postgres-DBT-airflow-/.venv/lib/python3.11/site-packages/airflow/example_dags/example_trigger_target_dag.py
[2025-05-31T21:11:11.392-0300] {processor.py:830} INFO - Processing file /home/walterg/Documentos/Data_projects/Data-Warehouse-postgres-DBT-airflow-/.venv/lib/python3.11/site-packages/airflow/example_dags/example_trigger_target_dag.py for tasks to queue
[2025-05-31T21:11:11.394-0300] {logging_mixin.py:188} INFO - [2025-05-31T21:11:11.393-0300] {dagbag.py:538} INFO - Filling up the DagBag from /home/walterg/Documentos/Data_projects/Data-Warehouse-postgres-DBT-airflow-/.venv/lib/python3.11/site-packages/airflow/example_dags/example_trigger_target_dag.py
[2025-05-31T21:11:11.399-0300] {processor.py:840} INFO - DAG(s) 'example_trigger_target_dag' retrieved from /home/walterg/Documentos/Data_projects/Data-Warehouse-postgres-DBT-airflow-/.venv/lib/python3.11/site-packages/airflow/example_dags/example_trigger_target_dag.py
[2025-05-31T21:11:11.411-0300] {logging_mixin.py:188} INFO - [2025-05-31T21:11:11.411-0300] {dag.py:3036} INFO - Sync 1 DAGs
[2025-05-31T21:11:11.418-0300] {logging_mixin.py:188} INFO - [2025-05-31T21:11:11.418-0300] {dag.py:3823} INFO - Setting next_dagrun for example_trigger_target_dag to None, run_after=None
[2025-05-31T21:11:11.435-0300] {processor.py:183} INFO - Processing /home/walterg/Documentos/Data_projects/Data-Warehouse-postgres-DBT-airflow-/.venv/lib/python3.11/site-packages/airflow/example_dags/example_trigger_target_dag.py took 0.051 seconds
[2025-05-31T21:11:54.244-0300] {processor.py:161} INFO - Started process (PID=36156) to work on /home/walterg/Documentos/Data_projects/Data-Warehouse-postgres-DBT-airflow-/.venv/lib/python3.11/site-packages/airflow/example_dags/example_trigger_target_dag.py
[2025-05-31T21:11:54.249-0300] {processor.py:830} INFO - Processing file /home/walterg/Documentos/Data_projects/Data-Warehouse-postgres-DBT-airflow-/.venv/lib/python3.11/site-packages/airflow/example_dags/example_trigger_target_dag.py for tasks to queue
[2025-05-31T21:11:54.250-0300] {logging_mixin.py:188} INFO - [2025-05-31T21:11:54.250-0300] {dagbag.py:538} INFO - Filling up the DagBag from /home/walterg/Documentos/Data_projects/Data-Warehouse-postgres-DBT-airflow-/.venv/lib/python3.11/site-packages/airflow/example_dags/example_trigger_target_dag.py
[2025-05-31T21:11:54.255-0300] {processor.py:840} INFO - DAG(s) 'example_trigger_target_dag' retrieved from /home/walterg/Documentos/Data_projects/Data-Warehouse-postgres-DBT-airflow-/.venv/lib/python3.11/site-packages/airflow/example_dags/example_trigger_target_dag.py
[2025-05-31T21:11:54.268-0300] {logging_mixin.py:188} INFO - [2025-05-31T21:11:54.268-0300] {dag.py:3036} INFO - Sync 1 DAGs
[2025-05-31T21:11:54.276-0300] {logging_mixin.py:188} INFO - [2025-05-31T21:11:54.275-0300] {dag.py:3823} INFO - Setting next_dagrun for example_trigger_target_dag to None, run_after=None
[2025-05-31T21:11:54.293-0300] {processor.py:183} INFO - Processing /home/walterg/Documentos/Data_projects/Data-Warehouse-postgres-DBT-airflow-/.venv/lib/python3.11/site-packages/airflow/example_dags/example_trigger_target_dag.py took 0.051 seconds
[2025-05-31T21:12:40.527-0300] {processor.py:161} INFO - Started process (PID=36377) to work on /home/walterg/Documentos/Data_projects/Data-Warehouse-postgres-DBT-airflow-/.venv/lib/python3.11/site-packages/airflow/example_dags/example_trigger_target_dag.py
[2025-05-31T21:12:40.532-0300] {processor.py:830} INFO - Processing file /home/walterg/Documentos/Data_projects/Data-Warehouse-postgres-DBT-airflow-/.venv/lib/python3.11/site-packages/airflow/example_dags/example_trigger_target_dag.py for tasks to queue
[2025-05-31T21:12:40.533-0300] {logging_mixin.py:188} INFO - [2025-05-31T21:12:40.533-0300] {dagbag.py:538} INFO - Filling up the DagBag from /home/walterg/Documentos/Data_projects/Data-Warehouse-postgres-DBT-airflow-/.venv/lib/python3.11/site-packages/airflow/example_dags/example_trigger_target_dag.py
[2025-05-31T21:12:40.538-0300] {processor.py:840} INFO - DAG(s) 'example_trigger_target_dag' retrieved from /home/walterg/Documentos/Data_projects/Data-Warehouse-postgres-DBT-airflow-/.venv/lib/python3.11/site-packages/airflow/example_dags/example_trigger_target_dag.py
[2025-05-31T21:12:40.550-0300] {logging_mixin.py:188} INFO - [2025-05-31T21:12:40.550-0300] {dag.py:3036} INFO - Sync 1 DAGs
[2025-05-31T21:12:40.557-0300] {logging_mixin.py:188} INFO - [2025-05-31T21:12:40.557-0300] {dag.py:3823} INFO - Setting next_dagrun for example_trigger_target_dag to None, run_after=None
[2025-05-31T21:12:40.575-0300] {processor.py:183} INFO - Processing /home/walterg/Documentos/Data_projects/Data-Warehouse-postgres-DBT-airflow-/.venv/lib/python3.11/site-packages/airflow/example_dags/example_trigger_target_dag.py took 0.050 seconds
[2025-05-31T21:13:20.484-0300] {processor.py:161} INFO - Started process (PID=36545) to work on /home/walterg/Documentos/Data_projects/Data-Warehouse-postgres-DBT-airflow-/.venv/lib/python3.11/site-packages/airflow/example_dags/example_trigger_target_dag.py
[2025-05-31T21:13:20.489-0300] {processor.py:830} INFO - Processing file /home/walterg/Documentos/Data_projects/Data-Warehouse-postgres-DBT-airflow-/.venv/lib/python3.11/site-packages/airflow/example_dags/example_trigger_target_dag.py for tasks to queue
[2025-05-31T21:13:20.491-0300] {logging_mixin.py:188} INFO - [2025-05-31T21:13:20.490-0300] {dagbag.py:538} INFO - Filling up the DagBag from /home/walterg/Documentos/Data_projects/Data-Warehouse-postgres-DBT-airflow-/.venv/lib/python3.11/site-packages/airflow/example_dags/example_trigger_target_dag.py
[2025-05-31T21:13:20.500-0300] {processor.py:840} INFO - DAG(s) 'example_trigger_target_dag' retrieved from /home/walterg/Documentos/Data_projects/Data-Warehouse-postgres-DBT-airflow-/.venv/lib/python3.11/site-packages/airflow/example_dags/example_trigger_target_dag.py
[2025-05-31T21:13:20.523-0300] {logging_mixin.py:188} INFO - [2025-05-31T21:13:20.522-0300] {dag.py:3036} INFO - Sync 1 DAGs
[2025-05-31T21:13:20.539-0300] {logging_mixin.py:188} INFO - [2025-05-31T21:13:20.538-0300] {dag.py:3823} INFO - Setting next_dagrun for example_trigger_target_dag to None, run_after=None
[2025-05-31T21:13:20.562-0300] {processor.py:183} INFO - Processing /home/walterg/Documentos/Data_projects/Data-Warehouse-postgres-DBT-airflow-/.venv/lib/python3.11/site-packages/airflow/example_dags/example_trigger_target_dag.py took 0.081 seconds
[2025-05-31T21:14:07.534-0300] {processor.py:161} INFO - Started process (PID=36771) to work on /home/walterg/Documentos/Data_projects/Data-Warehouse-postgres-DBT-airflow-/.venv/lib/python3.11/site-packages/airflow/example_dags/example_trigger_target_dag.py
[2025-05-31T21:14:07.538-0300] {processor.py:830} INFO - Processing file /home/walterg/Documentos/Data_projects/Data-Warehouse-postgres-DBT-airflow-/.venv/lib/python3.11/site-packages/airflow/example_dags/example_trigger_target_dag.py for tasks to queue
[2025-05-31T21:14:07.539-0300] {logging_mixin.py:188} INFO - [2025-05-31T21:14:07.539-0300] {dagbag.py:538} INFO - Filling up the DagBag from /home/walterg/Documentos/Data_projects/Data-Warehouse-postgres-DBT-airflow-/.venv/lib/python3.11/site-packages/airflow/example_dags/example_trigger_target_dag.py
[2025-05-31T21:14:07.544-0300] {processor.py:840} INFO - DAG(s) 'example_trigger_target_dag' retrieved from /home/walterg/Documentos/Data_projects/Data-Warehouse-postgres-DBT-airflow-/.venv/lib/python3.11/site-packages/airflow/example_dags/example_trigger_target_dag.py
[2025-05-31T21:14:07.556-0300] {logging_mixin.py:188} INFO - [2025-05-31T21:14:07.556-0300] {dag.py:3036} INFO - Sync 1 DAGs
[2025-05-31T21:14:07.564-0300] {logging_mixin.py:188} INFO - [2025-05-31T21:14:07.564-0300] {dag.py:3823} INFO - Setting next_dagrun for example_trigger_target_dag to None, run_after=None
[2025-05-31T21:14:07.581-0300] {processor.py:183} INFO - Processing /home/walterg/Documentos/Data_projects/Data-Warehouse-postgres-DBT-airflow-/.venv/lib/python3.11/site-packages/airflow/example_dags/example_trigger_target_dag.py took 0.049 seconds
[2025-05-31T21:14:48.558-0300] {processor.py:161} INFO - Started process (PID=36928) to work on /home/walterg/Documentos/Data_projects/Data-Warehouse-postgres-DBT-airflow-/.venv/lib/python3.11/site-packages/airflow/example_dags/example_trigger_target_dag.py
[2025-05-31T21:14:48.563-0300] {processor.py:830} INFO - Processing file /home/walterg/Documentos/Data_projects/Data-Warehouse-postgres-DBT-airflow-/.venv/lib/python3.11/site-packages/airflow/example_dags/example_trigger_target_dag.py for tasks to queue
[2025-05-31T21:14:48.564-0300] {logging_mixin.py:188} INFO - [2025-05-31T21:14:48.564-0300] {dagbag.py:538} INFO - Filling up the DagBag from /home/walterg/Documentos/Data_projects/Data-Warehouse-postgres-DBT-airflow-/.venv/lib/python3.11/site-packages/airflow/example_dags/example_trigger_target_dag.py
[2025-05-31T21:14:48.569-0300] {processor.py:840} INFO - DAG(s) 'example_trigger_target_dag' retrieved from /home/walterg/Documentos/Data_projects/Data-Warehouse-postgres-DBT-airflow-/.venv/lib/python3.11/site-packages/airflow/example_dags/example_trigger_target_dag.py
[2025-05-31T21:14:48.581-0300] {logging_mixin.py:188} INFO - [2025-05-31T21:14:48.581-0300] {dag.py:3036} INFO - Sync 1 DAGs
[2025-05-31T21:14:48.589-0300] {logging_mixin.py:188} INFO - [2025-05-31T21:14:48.589-0300] {dag.py:3823} INFO - Setting next_dagrun for example_trigger_target_dag to None, run_after=None
[2025-05-31T21:14:48.607-0300] {processor.py:183} INFO - Processing /home/walterg/Documentos/Data_projects/Data-Warehouse-postgres-DBT-airflow-/.venv/lib/python3.11/site-packages/airflow/example_dags/example_trigger_target_dag.py took 0.052 seconds
[2025-05-31T21:15:26.198-0300] {processor.py:161} INFO - Started process (PID=37236) to work on /home/walterg/Documentos/Data_projects/Data-Warehouse-postgres-DBT-airflow-/.venv/lib/python3.11/site-packages/airflow/example_dags/example_trigger_target_dag.py
[2025-05-31T21:15:26.203-0300] {processor.py:830} INFO - Processing file /home/walterg/Documentos/Data_projects/Data-Warehouse-postgres-DBT-airflow-/.venv/lib/python3.11/site-packages/airflow/example_dags/example_trigger_target_dag.py for tasks to queue
[2025-05-31T21:15:26.204-0300] {logging_mixin.py:188} INFO - [2025-05-31T21:15:26.203-0300] {dagbag.py:538} INFO - Filling up the DagBag from /home/walterg/Documentos/Data_projects/Data-Warehouse-postgres-DBT-airflow-/.venv/lib/python3.11/site-packages/airflow/example_dags/example_trigger_target_dag.py
[2025-05-31T21:15:26.210-0300] {processor.py:840} INFO - DAG(s) 'example_trigger_target_dag' retrieved from /home/walterg/Documentos/Data_projects/Data-Warehouse-postgres-DBT-airflow-/.venv/lib/python3.11/site-packages/airflow/example_dags/example_trigger_target_dag.py
[2025-05-31T21:15:26.223-0300] {logging_mixin.py:188} INFO - [2025-05-31T21:15:26.223-0300] {dag.py:3036} INFO - Sync 1 DAGs
[2025-05-31T21:15:26.232-0300] {logging_mixin.py:188} INFO - [2025-05-31T21:15:26.232-0300] {dag.py:3823} INFO - Setting next_dagrun for example_trigger_target_dag to None, run_after=None
[2025-05-31T21:15:26.260-0300] {processor.py:183} INFO - Processing /home/walterg/Documentos/Data_projects/Data-Warehouse-postgres-DBT-airflow-/.venv/lib/python3.11/site-packages/airflow/example_dags/example_trigger_target_dag.py took 0.065 seconds
[2025-05-31T21:16:08.854-0300] {processor.py:161} INFO - Started process (PID=37465) to work on /home/walterg/Documentos/Data_projects/Data-Warehouse-postgres-DBT-airflow-/.venv/lib/python3.11/site-packages/airflow/example_dags/example_trigger_target_dag.py
[2025-05-31T21:16:08.856-0300] {processor.py:830} INFO - Processing file /home/walterg/Documentos/Data_projects/Data-Warehouse-postgres-DBT-airflow-/.venv/lib/python3.11/site-packages/airflow/example_dags/example_trigger_target_dag.py for tasks to queue
[2025-05-31T21:16:08.856-0300] {logging_mixin.py:188} INFO - [2025-05-31T21:16:08.856-0300] {dagbag.py:538} INFO - Filling up the DagBag from /home/walterg/Documentos/Data_projects/Data-Warehouse-postgres-DBT-airflow-/.venv/lib/python3.11/site-packages/airflow/example_dags/example_trigger_target_dag.py
[2025-05-31T21:16:08.861-0300] {processor.py:840} INFO - DAG(s) 'example_trigger_target_dag' retrieved from /home/walterg/Documentos/Data_projects/Data-Warehouse-postgres-DBT-airflow-/.venv/lib/python3.11/site-packages/airflow/example_dags/example_trigger_target_dag.py
[2025-05-31T21:16:08.873-0300] {logging_mixin.py:188} INFO - [2025-05-31T21:16:08.873-0300] {dag.py:3036} INFO - Sync 1 DAGs
[2025-05-31T21:16:08.880-0300] {logging_mixin.py:188} INFO - [2025-05-31T21:16:08.880-0300] {dag.py:3823} INFO - Setting next_dagrun for example_trigger_target_dag to None, run_after=None
[2025-05-31T21:16:08.897-0300] {processor.py:183} INFO - Processing /home/walterg/Documentos/Data_projects/Data-Warehouse-postgres-DBT-airflow-/.venv/lib/python3.11/site-packages/airflow/example_dags/example_trigger_target_dag.py took 0.045 seconds
[2025-05-31T21:16:48.265-0300] {processor.py:161} INFO - Started process (PID=37669) to work on /home/walterg/Documentos/Data_projects/Data-Warehouse-postgres-DBT-airflow-/.venv/lib/python3.11/site-packages/airflow/example_dags/example_trigger_target_dag.py
[2025-05-31T21:16:48.270-0300] {processor.py:830} INFO - Processing file /home/walterg/Documentos/Data_projects/Data-Warehouse-postgres-DBT-airflow-/.venv/lib/python3.11/site-packages/airflow/example_dags/example_trigger_target_dag.py for tasks to queue
[2025-05-31T21:16:48.271-0300] {logging_mixin.py:188} INFO - [2025-05-31T21:16:48.271-0300] {dagbag.py:538} INFO - Filling up the DagBag from /home/walterg/Documentos/Data_projects/Data-Warehouse-postgres-DBT-airflow-/.venv/lib/python3.11/site-packages/airflow/example_dags/example_trigger_target_dag.py
[2025-05-31T21:16:48.276-0300] {processor.py:840} INFO - DAG(s) 'example_trigger_target_dag' retrieved from /home/walterg/Documentos/Data_projects/Data-Warehouse-postgres-DBT-airflow-/.venv/lib/python3.11/site-packages/airflow/example_dags/example_trigger_target_dag.py
[2025-05-31T21:16:48.288-0300] {logging_mixin.py:188} INFO - [2025-05-31T21:16:48.288-0300] {dag.py:3036} INFO - Sync 1 DAGs
[2025-05-31T21:16:48.296-0300] {logging_mixin.py:188} INFO - [2025-05-31T21:16:48.296-0300] {dag.py:3823} INFO - Setting next_dagrun for example_trigger_target_dag to None, run_after=None
[2025-05-31T21:16:48.313-0300] {processor.py:183} INFO - Processing /home/walterg/Documentos/Data_projects/Data-Warehouse-postgres-DBT-airflow-/.venv/lib/python3.11/site-packages/airflow/example_dags/example_trigger_target_dag.py took 0.050 seconds
[2025-05-31T21:17:32.646-0300] {processor.py:161} INFO - Started process (PID=37879) to work on /home/walterg/Documentos/Data_projects/Data-Warehouse-postgres-DBT-airflow-/.venv/lib/python3.11/site-packages/airflow/example_dags/example_trigger_target_dag.py
[2025-05-31T21:17:32.651-0300] {processor.py:830} INFO - Processing file /home/walterg/Documentos/Data_projects/Data-Warehouse-postgres-DBT-airflow-/.venv/lib/python3.11/site-packages/airflow/example_dags/example_trigger_target_dag.py for tasks to queue
[2025-05-31T21:17:32.652-0300] {logging_mixin.py:188} INFO - [2025-05-31T21:17:32.652-0300] {dagbag.py:538} INFO - Filling up the DagBag from /home/walterg/Documentos/Data_projects/Data-Warehouse-postgres-DBT-airflow-/.venv/lib/python3.11/site-packages/airflow/example_dags/example_trigger_target_dag.py
[2025-05-31T21:17:32.657-0300] {processor.py:840} INFO - DAG(s) 'example_trigger_target_dag' retrieved from /home/walterg/Documentos/Data_projects/Data-Warehouse-postgres-DBT-airflow-/.venv/lib/python3.11/site-packages/airflow/example_dags/example_trigger_target_dag.py
[2025-05-31T21:17:32.669-0300] {logging_mixin.py:188} INFO - [2025-05-31T21:17:32.669-0300] {dag.py:3036} INFO - Sync 1 DAGs
[2025-05-31T21:17:32.676-0300] {logging_mixin.py:188} INFO - [2025-05-31T21:17:32.676-0300] {dag.py:3823} INFO - Setting next_dagrun for example_trigger_target_dag to None, run_after=None
[2025-05-31T21:17:32.691-0300] {processor.py:183} INFO - Processing /home/walterg/Documentos/Data_projects/Data-Warehouse-postgres-DBT-airflow-/.venv/lib/python3.11/site-packages/airflow/example_dags/example_trigger_target_dag.py took 0.048 seconds
[2025-05-31T21:18:19.129-0300] {processor.py:161} INFO - Started process (PID=38080) to work on /home/walterg/Documentos/Data_projects/Data-Warehouse-postgres-DBT-airflow-/.venv/lib/python3.11/site-packages/airflow/example_dags/example_trigger_target_dag.py
[2025-05-31T21:18:19.131-0300] {processor.py:830} INFO - Processing file /home/walterg/Documentos/Data_projects/Data-Warehouse-postgres-DBT-airflow-/.venv/lib/python3.11/site-packages/airflow/example_dags/example_trigger_target_dag.py for tasks to queue
[2025-05-31T21:18:19.133-0300] {logging_mixin.py:188} INFO - [2025-05-31T21:18:19.132-0300] {dagbag.py:538} INFO - Filling up the DagBag from /home/walterg/Documentos/Data_projects/Data-Warehouse-postgres-DBT-airflow-/.venv/lib/python3.11/site-packages/airflow/example_dags/example_trigger_target_dag.py
[2025-05-31T21:18:19.141-0300] {processor.py:840} INFO - DAG(s) 'example_trigger_target_dag' retrieved from /home/walterg/Documentos/Data_projects/Data-Warehouse-postgres-DBT-airflow-/.venv/lib/python3.11/site-packages/airflow/example_dags/example_trigger_target_dag.py
[2025-05-31T21:18:19.162-0300] {logging_mixin.py:188} INFO - [2025-05-31T21:18:19.162-0300] {dag.py:3036} INFO - Sync 1 DAGs
[2025-05-31T21:18:19.175-0300] {logging_mixin.py:188} INFO - [2025-05-31T21:18:19.175-0300] {dag.py:3823} INFO - Setting next_dagrun for example_trigger_target_dag to None, run_after=None
[2025-05-31T21:18:19.194-0300] {processor.py:183} INFO - Processing /home/walterg/Documentos/Data_projects/Data-Warehouse-postgres-DBT-airflow-/.venv/lib/python3.11/site-packages/airflow/example_dags/example_trigger_target_dag.py took 0.068 seconds
[2025-05-31T21:19:00.281-0300] {processor.py:161} INFO - Started process (PID=38195) to work on /home/walterg/Documentos/Data_projects/Data-Warehouse-postgres-DBT-airflow-/.venv/lib/python3.11/site-packages/airflow/example_dags/example_trigger_target_dag.py
[2025-05-31T21:19:00.286-0300] {processor.py:830} INFO - Processing file /home/walterg/Documentos/Data_projects/Data-Warehouse-postgres-DBT-airflow-/.venv/lib/python3.11/site-packages/airflow/example_dags/example_trigger_target_dag.py for tasks to queue
[2025-05-31T21:19:00.287-0300] {logging_mixin.py:188} INFO - [2025-05-31T21:19:00.287-0300] {dagbag.py:538} INFO - Filling up the DagBag from /home/walterg/Documentos/Data_projects/Data-Warehouse-postgres-DBT-airflow-/.venv/lib/python3.11/site-packages/airflow/example_dags/example_trigger_target_dag.py
[2025-05-31T21:19:00.292-0300] {processor.py:840} INFO - DAG(s) 'example_trigger_target_dag' retrieved from /home/walterg/Documentos/Data_projects/Data-Warehouse-postgres-DBT-airflow-/.venv/lib/python3.11/site-packages/airflow/example_dags/example_trigger_target_dag.py
[2025-05-31T21:19:00.305-0300] {logging_mixin.py:188} INFO - [2025-05-31T21:19:00.304-0300] {dag.py:3036} INFO - Sync 1 DAGs
[2025-05-31T21:19:00.312-0300] {logging_mixin.py:188} INFO - [2025-05-31T21:19:00.312-0300] {dag.py:3823} INFO - Setting next_dagrun for example_trigger_target_dag to None, run_after=None
[2025-05-31T21:19:00.328-0300] {processor.py:183} INFO - Processing /home/walterg/Documentos/Data_projects/Data-Warehouse-postgres-DBT-airflow-/.venv/lib/python3.11/site-packages/airflow/example_dags/example_trigger_target_dag.py took 0.049 seconds
[2025-05-31T21:19:44.864-0300] {processor.py:161} INFO - Started process (PID=38425) to work on /home/walterg/Documentos/Data_projects/Data-Warehouse-postgres-DBT-airflow-/.venv/lib/python3.11/site-packages/airflow/example_dags/example_trigger_target_dag.py
[2025-05-31T21:19:44.869-0300] {processor.py:830} INFO - Processing file /home/walterg/Documentos/Data_projects/Data-Warehouse-postgres-DBT-airflow-/.venv/lib/python3.11/site-packages/airflow/example_dags/example_trigger_target_dag.py for tasks to queue
[2025-05-31T21:19:44.871-0300] {logging_mixin.py:188} INFO - [2025-05-31T21:19:44.870-0300] {dagbag.py:538} INFO - Filling up the DagBag from /home/walterg/Documentos/Data_projects/Data-Warehouse-postgres-DBT-airflow-/.venv/lib/python3.11/site-packages/airflow/example_dags/example_trigger_target_dag.py
[2025-05-31T21:19:44.875-0300] {processor.py:840} INFO - DAG(s) 'example_trigger_target_dag' retrieved from /home/walterg/Documentos/Data_projects/Data-Warehouse-postgres-DBT-airflow-/.venv/lib/python3.11/site-packages/airflow/example_dags/example_trigger_target_dag.py
[2025-05-31T21:19:44.888-0300] {logging_mixin.py:188} INFO - [2025-05-31T21:19:44.888-0300] {dag.py:3036} INFO - Sync 1 DAGs
[2025-05-31T21:19:44.895-0300] {logging_mixin.py:188} INFO - [2025-05-31T21:19:44.895-0300] {dag.py:3823} INFO - Setting next_dagrun for example_trigger_target_dag to None, run_after=None
[2025-05-31T21:19:44.912-0300] {processor.py:183} INFO - Processing /home/walterg/Documentos/Data_projects/Data-Warehouse-postgres-DBT-airflow-/.venv/lib/python3.11/site-packages/airflow/example_dags/example_trigger_target_dag.py took 0.051 seconds
[2025-05-31T21:20:25.923-0300] {processor.py:161} INFO - Started process (PID=38595) to work on /home/walterg/Documentos/Data_projects/Data-Warehouse-postgres-DBT-airflow-/.venv/lib/python3.11/site-packages/airflow/example_dags/example_trigger_target_dag.py
[2025-05-31T21:20:25.928-0300] {processor.py:830} INFO - Processing file /home/walterg/Documentos/Data_projects/Data-Warehouse-postgres-DBT-airflow-/.venv/lib/python3.11/site-packages/airflow/example_dags/example_trigger_target_dag.py for tasks to queue
[2025-05-31T21:20:25.929-0300] {logging_mixin.py:188} INFO - [2025-05-31T21:20:25.929-0300] {dagbag.py:538} INFO - Filling up the DagBag from /home/walterg/Documentos/Data_projects/Data-Warehouse-postgres-DBT-airflow-/.venv/lib/python3.11/site-packages/airflow/example_dags/example_trigger_target_dag.py
[2025-05-31T21:20:25.934-0300] {processor.py:840} INFO - DAG(s) 'example_trigger_target_dag' retrieved from /home/walterg/Documentos/Data_projects/Data-Warehouse-postgres-DBT-airflow-/.venv/lib/python3.11/site-packages/airflow/example_dags/example_trigger_target_dag.py
[2025-05-31T21:20:25.954-0300] {logging_mixin.py:188} INFO - [2025-05-31T21:20:25.954-0300] {dag.py:3036} INFO - Sync 1 DAGs
[2025-05-31T21:20:25.968-0300] {logging_mixin.py:188} INFO - [2025-05-31T21:20:25.968-0300] {dag.py:3823} INFO - Setting next_dagrun for example_trigger_target_dag to None, run_after=None
[2025-05-31T21:20:25.999-0300] {processor.py:183} INFO - Processing /home/walterg/Documentos/Data_projects/Data-Warehouse-postgres-DBT-airflow-/.venv/lib/python3.11/site-packages/airflow/example_dags/example_trigger_target_dag.py took 0.079 seconds
[2025-05-31T21:21:06.373-0300] {processor.py:161} INFO - Started process (PID=38757) to work on /home/walterg/Documentos/Data_projects/Data-Warehouse-postgres-DBT-airflow-/.venv/lib/python3.11/site-packages/airflow/example_dags/example_trigger_target_dag.py
[2025-05-31T21:21:06.378-0300] {processor.py:830} INFO - Processing file /home/walterg/Documentos/Data_projects/Data-Warehouse-postgres-DBT-airflow-/.venv/lib/python3.11/site-packages/airflow/example_dags/example_trigger_target_dag.py for tasks to queue
[2025-05-31T21:21:06.379-0300] {logging_mixin.py:188} INFO - [2025-05-31T21:21:06.379-0300] {dagbag.py:538} INFO - Filling up the DagBag from /home/walterg/Documentos/Data_projects/Data-Warehouse-postgres-DBT-airflow-/.venv/lib/python3.11/site-packages/airflow/example_dags/example_trigger_target_dag.py
[2025-05-31T21:21:06.385-0300] {processor.py:840} INFO - DAG(s) 'example_trigger_target_dag' retrieved from /home/walterg/Documentos/Data_projects/Data-Warehouse-postgres-DBT-airflow-/.venv/lib/python3.11/site-packages/airflow/example_dags/example_trigger_target_dag.py
[2025-05-31T21:21:06.398-0300] {logging_mixin.py:188} INFO - [2025-05-31T21:21:06.398-0300] {dag.py:3036} INFO - Sync 1 DAGs
[2025-05-31T21:21:06.406-0300] {logging_mixin.py:188} INFO - [2025-05-31T21:21:06.406-0300] {dag.py:3823} INFO - Setting next_dagrun for example_trigger_target_dag to None, run_after=None
[2025-05-31T21:21:06.425-0300] {processor.py:183} INFO - Processing /home/walterg/Documentos/Data_projects/Data-Warehouse-postgres-DBT-airflow-/.venv/lib/python3.11/site-packages/airflow/example_dags/example_trigger_target_dag.py took 0.054 seconds
[2025-05-31T21:21:48.159-0300] {processor.py:161} INFO - Started process (PID=38979) to work on /home/walterg/Documentos/Data_projects/Data-Warehouse-postgres-DBT-airflow-/.venv/lib/python3.11/site-packages/airflow/example_dags/example_trigger_target_dag.py
[2025-05-31T21:21:48.164-0300] {processor.py:830} INFO - Processing file /home/walterg/Documentos/Data_projects/Data-Warehouse-postgres-DBT-airflow-/.venv/lib/python3.11/site-packages/airflow/example_dags/example_trigger_target_dag.py for tasks to queue
[2025-05-31T21:21:48.165-0300] {logging_mixin.py:188} INFO - [2025-05-31T21:21:48.165-0300] {dagbag.py:538} INFO - Filling up the DagBag from /home/walterg/Documentos/Data_projects/Data-Warehouse-postgres-DBT-airflow-/.venv/lib/python3.11/site-packages/airflow/example_dags/example_trigger_target_dag.py
[2025-05-31T21:21:48.170-0300] {processor.py:840} INFO - DAG(s) 'example_trigger_target_dag' retrieved from /home/walterg/Documentos/Data_projects/Data-Warehouse-postgres-DBT-airflow-/.venv/lib/python3.11/site-packages/airflow/example_dags/example_trigger_target_dag.py
[2025-05-31T21:21:48.182-0300] {logging_mixin.py:188} INFO - [2025-05-31T21:21:48.182-0300] {dag.py:3036} INFO - Sync 1 DAGs
[2025-05-31T21:21:48.190-0300] {logging_mixin.py:188} INFO - [2025-05-31T21:21:48.190-0300] {dag.py:3823} INFO - Setting next_dagrun for example_trigger_target_dag to None, run_after=None
[2025-05-31T21:21:48.206-0300] {processor.py:183} INFO - Processing /home/walterg/Documentos/Data_projects/Data-Warehouse-postgres-DBT-airflow-/.venv/lib/python3.11/site-packages/airflow/example_dags/example_trigger_target_dag.py took 0.049 seconds
[2025-05-31T21:22:28.805-0300] {processor.py:161} INFO - Started process (PID=39282) to work on /home/walterg/Documentos/Data_projects/Data-Warehouse-postgres-DBT-airflow-/.venv/lib/python3.11/site-packages/airflow/example_dags/example_trigger_target_dag.py
[2025-05-31T21:22:28.810-0300] {processor.py:830} INFO - Processing file /home/walterg/Documentos/Data_projects/Data-Warehouse-postgres-DBT-airflow-/.venv/lib/python3.11/site-packages/airflow/example_dags/example_trigger_target_dag.py for tasks to queue
[2025-05-31T21:22:28.811-0300] {logging_mixin.py:188} INFO - [2025-05-31T21:22:28.811-0300] {dagbag.py:538} INFO - Filling up the DagBag from /home/walterg/Documentos/Data_projects/Data-Warehouse-postgres-DBT-airflow-/.venv/lib/python3.11/site-packages/airflow/example_dags/example_trigger_target_dag.py
[2025-05-31T21:22:28.816-0300] {processor.py:840} INFO - DAG(s) 'example_trigger_target_dag' retrieved from /home/walterg/Documentos/Data_projects/Data-Warehouse-postgres-DBT-airflow-/.venv/lib/python3.11/site-packages/airflow/example_dags/example_trigger_target_dag.py
[2025-05-31T21:22:28.828-0300] {logging_mixin.py:188} INFO - [2025-05-31T21:22:28.828-0300] {dag.py:3036} INFO - Sync 1 DAGs
[2025-05-31T21:22:28.836-0300] {logging_mixin.py:188} INFO - [2025-05-31T21:22:28.836-0300] {dag.py:3823} INFO - Setting next_dagrun for example_trigger_target_dag to None, run_after=None
[2025-05-31T21:22:28.857-0300] {processor.py:183} INFO - Processing /home/walterg/Documentos/Data_projects/Data-Warehouse-postgres-DBT-airflow-/.venv/lib/python3.11/site-packages/airflow/example_dags/example_trigger_target_dag.py took 0.054 seconds
[2025-05-31T21:23:15.243-0300] {processor.py:161} INFO - Started process (PID=39511) to work on /home/walterg/Documentos/Data_projects/Data-Warehouse-postgres-DBT-airflow-/.venv/lib/python3.11/site-packages/airflow/example_dags/example_trigger_target_dag.py
[2025-05-31T21:23:15.248-0300] {processor.py:830} INFO - Processing file /home/walterg/Documentos/Data_projects/Data-Warehouse-postgres-DBT-airflow-/.venv/lib/python3.11/site-packages/airflow/example_dags/example_trigger_target_dag.py for tasks to queue
[2025-05-31T21:23:15.248-0300] {logging_mixin.py:188} INFO - [2025-05-31T21:23:15.248-0300] {dagbag.py:538} INFO - Filling up the DagBag from /home/walterg/Documentos/Data_projects/Data-Warehouse-postgres-DBT-airflow-/.venv/lib/python3.11/site-packages/airflow/example_dags/example_trigger_target_dag.py
[2025-05-31T21:23:15.253-0300] {processor.py:840} INFO - DAG(s) 'example_trigger_target_dag' retrieved from /home/walterg/Documentos/Data_projects/Data-Warehouse-postgres-DBT-airflow-/.venv/lib/python3.11/site-packages/airflow/example_dags/example_trigger_target_dag.py
[2025-05-31T21:23:15.266-0300] {logging_mixin.py:188} INFO - [2025-05-31T21:23:15.265-0300] {dag.py:3036} INFO - Sync 1 DAGs
[2025-05-31T21:23:15.273-0300] {logging_mixin.py:188} INFO - [2025-05-31T21:23:15.273-0300] {dag.py:3823} INFO - Setting next_dagrun for example_trigger_target_dag to None, run_after=None
[2025-05-31T21:23:15.292-0300] {processor.py:183} INFO - Processing /home/walterg/Documentos/Data_projects/Data-Warehouse-postgres-DBT-airflow-/.venv/lib/python3.11/site-packages/airflow/example_dags/example_trigger_target_dag.py took 0.051 seconds
[2025-05-31T21:23:59.457-0300] {processor.py:161} INFO - Started process (PID=39612) to work on /home/walterg/Documentos/Data_projects/Data-Warehouse-postgres-DBT-airflow-/.venv/lib/python3.11/site-packages/airflow/example_dags/example_trigger_target_dag.py
[2025-05-31T21:23:59.461-0300] {processor.py:830} INFO - Processing file /home/walterg/Documentos/Data_projects/Data-Warehouse-postgres-DBT-airflow-/.venv/lib/python3.11/site-packages/airflow/example_dags/example_trigger_target_dag.py for tasks to queue
[2025-05-31T21:23:59.462-0300] {logging_mixin.py:188} INFO - [2025-05-31T21:23:59.462-0300] {dagbag.py:538} INFO - Filling up the DagBag from /home/walterg/Documentos/Data_projects/Data-Warehouse-postgres-DBT-airflow-/.venv/lib/python3.11/site-packages/airflow/example_dags/example_trigger_target_dag.py
[2025-05-31T21:23:59.467-0300] {processor.py:840} INFO - DAG(s) 'example_trigger_target_dag' retrieved from /home/walterg/Documentos/Data_projects/Data-Warehouse-postgres-DBT-airflow-/.venv/lib/python3.11/site-packages/airflow/example_dags/example_trigger_target_dag.py
[2025-05-31T21:23:59.479-0300] {logging_mixin.py:188} INFO - [2025-05-31T21:23:59.479-0300] {dag.py:3036} INFO - Sync 1 DAGs
[2025-05-31T21:23:59.487-0300] {logging_mixin.py:188} INFO - [2025-05-31T21:23:59.487-0300] {dag.py:3823} INFO - Setting next_dagrun for example_trigger_target_dag to None, run_after=None
[2025-05-31T21:23:59.601-0300] {processor.py:183} INFO - Processing /home/walterg/Documentos/Data_projects/Data-Warehouse-postgres-DBT-airflow-/.venv/lib/python3.11/site-packages/airflow/example_dags/example_trigger_target_dag.py took 0.147 seconds
[2025-05-31T21:24:50.675-0300] {processor.py:161} INFO - Started process (PID=39836) to work on /home/walterg/Documentos/Data_projects/Data-Warehouse-postgres-DBT-airflow-/.venv/lib/python3.11/site-packages/airflow/example_dags/example_trigger_target_dag.py
[2025-05-31T21:24:50.680-0300] {processor.py:830} INFO - Processing file /home/walterg/Documentos/Data_projects/Data-Warehouse-postgres-DBT-airflow-/.venv/lib/python3.11/site-packages/airflow/example_dags/example_trigger_target_dag.py for tasks to queue
[2025-05-31T21:24:50.681-0300] {logging_mixin.py:188} INFO - [2025-05-31T21:24:50.681-0300] {dagbag.py:538} INFO - Filling up the DagBag from /home/walterg/Documentos/Data_projects/Data-Warehouse-postgres-DBT-airflow-/.venv/lib/python3.11/site-packages/airflow/example_dags/example_trigger_target_dag.py
[2025-05-31T21:24:50.687-0300] {processor.py:840} INFO - DAG(s) 'example_trigger_target_dag' retrieved from /home/walterg/Documentos/Data_projects/Data-Warehouse-postgres-DBT-airflow-/.venv/lib/python3.11/site-packages/airflow/example_dags/example_trigger_target_dag.py
[2025-05-31T21:24:50.701-0300] {logging_mixin.py:188} INFO - [2025-05-31T21:24:50.701-0300] {dag.py:3036} INFO - Sync 1 DAGs
[2025-05-31T21:24:50.712-0300] {logging_mixin.py:188} INFO - [2025-05-31T21:24:50.712-0300] {dag.py:3823} INFO - Setting next_dagrun for example_trigger_target_dag to None, run_after=None
[2025-05-31T21:24:50.731-0300] {processor.py:183} INFO - Processing /home/walterg/Documentos/Data_projects/Data-Warehouse-postgres-DBT-airflow-/.venv/lib/python3.11/site-packages/airflow/example_dags/example_trigger_target_dag.py took 0.058 seconds
[2025-05-31T21:25:36.711-0300] {processor.py:161} INFO - Started process (PID=40157) to work on /home/walterg/Documentos/Data_projects/Data-Warehouse-postgres-DBT-airflow-/.venv/lib/python3.11/site-packages/airflow/example_dags/example_trigger_target_dag.py
[2025-05-31T21:25:36.716-0300] {processor.py:830} INFO - Processing file /home/walterg/Documentos/Data_projects/Data-Warehouse-postgres-DBT-airflow-/.venv/lib/python3.11/site-packages/airflow/example_dags/example_trigger_target_dag.py for tasks to queue
[2025-05-31T21:25:36.717-0300] {logging_mixin.py:188} INFO - [2025-05-31T21:25:36.717-0300] {dagbag.py:538} INFO - Filling up the DagBag from /home/walterg/Documentos/Data_projects/Data-Warehouse-postgres-DBT-airflow-/.venv/lib/python3.11/site-packages/airflow/example_dags/example_trigger_target_dag.py
[2025-05-31T21:25:36.722-0300] {processor.py:840} INFO - DAG(s) 'example_trigger_target_dag' retrieved from /home/walterg/Documentos/Data_projects/Data-Warehouse-postgres-DBT-airflow-/.venv/lib/python3.11/site-packages/airflow/example_dags/example_trigger_target_dag.py
[2025-05-31T21:25:36.735-0300] {logging_mixin.py:188} INFO - [2025-05-31T21:25:36.735-0300] {dag.py:3036} INFO - Sync 1 DAGs
[2025-05-31T21:25:36.743-0300] {logging_mixin.py:188} INFO - [2025-05-31T21:25:36.743-0300] {dag.py:3823} INFO - Setting next_dagrun for example_trigger_target_dag to None, run_after=None
[2025-05-31T21:25:36.760-0300] {processor.py:183} INFO - Processing /home/walterg/Documentos/Data_projects/Data-Warehouse-postgres-DBT-airflow-/.venv/lib/python3.11/site-packages/airflow/example_dags/example_trigger_target_dag.py took 0.052 seconds
[2025-05-31T21:26:15.996-0300] {processor.py:161} INFO - Started process (PID=40535) to work on /home/walterg/Documentos/Data_projects/Data-Warehouse-postgres-DBT-airflow-/.venv/lib/python3.11/site-packages/airflow/example_dags/example_trigger_target_dag.py
[2025-05-31T21:26:16.001-0300] {processor.py:830} INFO - Processing file /home/walterg/Documentos/Data_projects/Data-Warehouse-postgres-DBT-airflow-/.venv/lib/python3.11/site-packages/airflow/example_dags/example_trigger_target_dag.py for tasks to queue
[2025-05-31T21:26:16.002-0300] {logging_mixin.py:188} INFO - [2025-05-31T21:26:16.002-0300] {dagbag.py:538} INFO - Filling up the DagBag from /home/walterg/Documentos/Data_projects/Data-Warehouse-postgres-DBT-airflow-/.venv/lib/python3.11/site-packages/airflow/example_dags/example_trigger_target_dag.py
[2025-05-31T21:26:16.007-0300] {processor.py:840} INFO - DAG(s) 'example_trigger_target_dag' retrieved from /home/walterg/Documentos/Data_projects/Data-Warehouse-postgres-DBT-airflow-/.venv/lib/python3.11/site-packages/airflow/example_dags/example_trigger_target_dag.py
[2025-05-31T21:26:16.019-0300] {logging_mixin.py:188} INFO - [2025-05-31T21:26:16.019-0300] {dag.py:3036} INFO - Sync 1 DAGs
[2025-05-31T21:26:16.027-0300] {logging_mixin.py:188} INFO - [2025-05-31T21:26:16.027-0300] {dag.py:3823} INFO - Setting next_dagrun for example_trigger_target_dag to None, run_after=None
[2025-05-31T21:26:16.045-0300] {processor.py:183} INFO - Processing /home/walterg/Documentos/Data_projects/Data-Warehouse-postgres-DBT-airflow-/.venv/lib/python3.11/site-packages/airflow/example_dags/example_trigger_target_dag.py took 0.051 seconds
[2025-05-31T21:26:57.165-0300] {processor.py:161} INFO - Started process (PID=40698) to work on /home/walterg/Documentos/Data_projects/Data-Warehouse-postgres-DBT-airflow-/.venv/lib/python3.11/site-packages/airflow/example_dags/example_trigger_target_dag.py
[2025-05-31T21:26:57.170-0300] {processor.py:830} INFO - Processing file /home/walterg/Documentos/Data_projects/Data-Warehouse-postgres-DBT-airflow-/.venv/lib/python3.11/site-packages/airflow/example_dags/example_trigger_target_dag.py for tasks to queue
[2025-05-31T21:26:57.171-0300] {logging_mixin.py:188} INFO - [2025-05-31T21:26:57.170-0300] {dagbag.py:538} INFO - Filling up the DagBag from /home/walterg/Documentos/Data_projects/Data-Warehouse-postgres-DBT-airflow-/.venv/lib/python3.11/site-packages/airflow/example_dags/example_trigger_target_dag.py
[2025-05-31T21:26:57.178-0300] {processor.py:840} INFO - DAG(s) 'example_trigger_target_dag' retrieved from /home/walterg/Documentos/Data_projects/Data-Warehouse-postgres-DBT-airflow-/.venv/lib/python3.11/site-packages/airflow/example_dags/example_trigger_target_dag.py
[2025-05-31T21:26:57.196-0300] {logging_mixin.py:188} INFO - [2025-05-31T21:26:57.195-0300] {dag.py:3036} INFO - Sync 1 DAGs
[2025-05-31T21:26:57.207-0300] {logging_mixin.py:188} INFO - [2025-05-31T21:26:57.206-0300] {dag.py:3823} INFO - Setting next_dagrun for example_trigger_target_dag to None, run_after=None
[2025-05-31T21:26:57.232-0300] {processor.py:183} INFO - Processing /home/walterg/Documentos/Data_projects/Data-Warehouse-postgres-DBT-airflow-/.venv/lib/python3.11/site-packages/airflow/example_dags/example_trigger_target_dag.py took 0.071 seconds
[2025-05-31T21:27:37.910-0300] {processor.py:161} INFO - Started process (PID=41121) to work on /home/walterg/Documentos/Data_projects/Data-Warehouse-postgres-DBT-airflow-/.venv/lib/python3.11/site-packages/airflow/example_dags/example_trigger_target_dag.py
[2025-05-31T21:27:37.916-0300] {processor.py:830} INFO - Processing file /home/walterg/Documentos/Data_projects/Data-Warehouse-postgres-DBT-airflow-/.venv/lib/python3.11/site-packages/airflow/example_dags/example_trigger_target_dag.py for tasks to queue
[2025-05-31T21:27:37.917-0300] {logging_mixin.py:188} INFO - [2025-05-31T21:27:37.916-0300] {dagbag.py:538} INFO - Filling up the DagBag from /home/walterg/Documentos/Data_projects/Data-Warehouse-postgres-DBT-airflow-/.venv/lib/python3.11/site-packages/airflow/example_dags/example_trigger_target_dag.py
[2025-05-31T21:27:37.922-0300] {processor.py:840} INFO - DAG(s) 'example_trigger_target_dag' retrieved from /home/walterg/Documentos/Data_projects/Data-Warehouse-postgres-DBT-airflow-/.venv/lib/python3.11/site-packages/airflow/example_dags/example_trigger_target_dag.py
[2025-05-31T21:27:37.936-0300] {logging_mixin.py:188} INFO - [2025-05-31T21:27:37.935-0300] {dag.py:3036} INFO - Sync 1 DAGs
[2025-05-31T21:27:37.945-0300] {logging_mixin.py:188} INFO - [2025-05-31T21:27:37.944-0300] {dag.py:3823} INFO - Setting next_dagrun for example_trigger_target_dag to None, run_after=None
[2025-05-31T21:27:37.965-0300] {processor.py:183} INFO - Processing /home/walterg/Documentos/Data_projects/Data-Warehouse-postgres-DBT-airflow-/.venv/lib/python3.11/site-packages/airflow/example_dags/example_trigger_target_dag.py took 0.058 seconds
[2025-05-31T21:28:18.561-0300] {processor.py:161} INFO - Started process (PID=41389) to work on /home/walterg/Documentos/Data_projects/Data-Warehouse-postgres-DBT-airflow-/.venv/lib/python3.11/site-packages/airflow/example_dags/example_trigger_target_dag.py
[2025-05-31T21:28:18.562-0300] {processor.py:830} INFO - Processing file /home/walterg/Documentos/Data_projects/Data-Warehouse-postgres-DBT-airflow-/.venv/lib/python3.11/site-packages/airflow/example_dags/example_trigger_target_dag.py for tasks to queue
[2025-05-31T21:28:18.562-0300] {logging_mixin.py:188} INFO - [2025-05-31T21:28:18.562-0300] {dagbag.py:538} INFO - Filling up the DagBag from /home/walterg/Documentos/Data_projects/Data-Warehouse-postgres-DBT-airflow-/.venv/lib/python3.11/site-packages/airflow/example_dags/example_trigger_target_dag.py
[2025-05-31T21:28:18.567-0300] {processor.py:840} INFO - DAG(s) 'example_trigger_target_dag' retrieved from /home/walterg/Documentos/Data_projects/Data-Warehouse-postgres-DBT-airflow-/.venv/lib/python3.11/site-packages/airflow/example_dags/example_trigger_target_dag.py
[2025-05-31T21:28:18.580-0300] {logging_mixin.py:188} INFO - [2025-05-31T21:28:18.579-0300] {dag.py:3036} INFO - Sync 1 DAGs
[2025-05-31T21:28:18.587-0300] {logging_mixin.py:188} INFO - [2025-05-31T21:28:18.587-0300] {dag.py:3823} INFO - Setting next_dagrun for example_trigger_target_dag to None, run_after=None
[2025-05-31T21:28:18.604-0300] {processor.py:183} INFO - Processing /home/walterg/Documentos/Data_projects/Data-Warehouse-postgres-DBT-airflow-/.venv/lib/python3.11/site-packages/airflow/example_dags/example_trigger_target_dag.py took 0.046 seconds
[2025-05-31T21:28:57.968-0300] {processor.py:161} INFO - Started process (PID=41479) to work on /home/walterg/Documentos/Data_projects/Data-Warehouse-postgres-DBT-airflow-/.venv/lib/python3.11/site-packages/airflow/example_dags/example_trigger_target_dag.py
[2025-05-31T21:28:57.973-0300] {processor.py:830} INFO - Processing file /home/walterg/Documentos/Data_projects/Data-Warehouse-postgres-DBT-airflow-/.venv/lib/python3.11/site-packages/airflow/example_dags/example_trigger_target_dag.py for tasks to queue
[2025-05-31T21:28:57.974-0300] {logging_mixin.py:188} INFO - [2025-05-31T21:28:57.974-0300] {dagbag.py:538} INFO - Filling up the DagBag from /home/walterg/Documentos/Data_projects/Data-Warehouse-postgres-DBT-airflow-/.venv/lib/python3.11/site-packages/airflow/example_dags/example_trigger_target_dag.py
[2025-05-31T21:28:57.979-0300] {processor.py:840} INFO - DAG(s) 'example_trigger_target_dag' retrieved from /home/walterg/Documentos/Data_projects/Data-Warehouse-postgres-DBT-airflow-/.venv/lib/python3.11/site-packages/airflow/example_dags/example_trigger_target_dag.py
[2025-05-31T21:28:57.991-0300] {logging_mixin.py:188} INFO - [2025-05-31T21:28:57.991-0300] {dag.py:3036} INFO - Sync 1 DAGs
[2025-05-31T21:28:57.999-0300] {logging_mixin.py:188} INFO - [2025-05-31T21:28:57.999-0300] {dag.py:3823} INFO - Setting next_dagrun for example_trigger_target_dag to None, run_after=None
[2025-05-31T21:28:58.015-0300] {processor.py:183} INFO - Processing /home/walterg/Documentos/Data_projects/Data-Warehouse-postgres-DBT-airflow-/.venv/lib/python3.11/site-packages/airflow/example_dags/example_trigger_target_dag.py took 0.050 seconds
[2025-05-31T21:29:40.132-0300] {processor.py:161} INFO - Started process (PID=41681) to work on /home/walterg/Documentos/Data_projects/Data-Warehouse-postgres-DBT-airflow-/.venv/lib/python3.11/site-packages/airflow/example_dags/example_trigger_target_dag.py
[2025-05-31T21:29:40.137-0300] {processor.py:830} INFO - Processing file /home/walterg/Documentos/Data_projects/Data-Warehouse-postgres-DBT-airflow-/.venv/lib/python3.11/site-packages/airflow/example_dags/example_trigger_target_dag.py for tasks to queue
[2025-05-31T21:29:40.138-0300] {logging_mixin.py:188} INFO - [2025-05-31T21:29:40.138-0300] {dagbag.py:538} INFO - Filling up the DagBag from /home/walterg/Documentos/Data_projects/Data-Warehouse-postgres-DBT-airflow-/.venv/lib/python3.11/site-packages/airflow/example_dags/example_trigger_target_dag.py
[2025-05-31T21:29:40.143-0300] {processor.py:840} INFO - DAG(s) 'example_trigger_target_dag' retrieved from /home/walterg/Documentos/Data_projects/Data-Warehouse-postgres-DBT-airflow-/.venv/lib/python3.11/site-packages/airflow/example_dags/example_trigger_target_dag.py
[2025-05-31T21:29:40.156-0300] {logging_mixin.py:188} INFO - [2025-05-31T21:29:40.155-0300] {dag.py:3036} INFO - Sync 1 DAGs
[2025-05-31T21:29:40.163-0300] {logging_mixin.py:188} INFO - [2025-05-31T21:29:40.163-0300] {dag.py:3823} INFO - Setting next_dagrun for example_trigger_target_dag to None, run_after=None
[2025-05-31T21:29:40.181-0300] {processor.py:183} INFO - Processing /home/walterg/Documentos/Data_projects/Data-Warehouse-postgres-DBT-airflow-/.venv/lib/python3.11/site-packages/airflow/example_dags/example_trigger_target_dag.py took 0.051 seconds
[2025-05-31T21:30:19.006-0300] {processor.py:161} INFO - Started process (PID=41862) to work on /home/walterg/Documentos/Data_projects/Data-Warehouse-postgres-DBT-airflow-/.venv/lib/python3.11/site-packages/airflow/example_dags/example_trigger_target_dag.py
[2025-05-31T21:30:19.011-0300] {processor.py:830} INFO - Processing file /home/walterg/Documentos/Data_projects/Data-Warehouse-postgres-DBT-airflow-/.venv/lib/python3.11/site-packages/airflow/example_dags/example_trigger_target_dag.py for tasks to queue
[2025-05-31T21:30:19.012-0300] {logging_mixin.py:188} INFO - [2025-05-31T21:30:19.012-0300] {dagbag.py:538} INFO - Filling up the DagBag from /home/walterg/Documentos/Data_projects/Data-Warehouse-postgres-DBT-airflow-/.venv/lib/python3.11/site-packages/airflow/example_dags/example_trigger_target_dag.py
[2025-05-31T21:30:19.017-0300] {processor.py:840} INFO - DAG(s) 'example_trigger_target_dag' retrieved from /home/walterg/Documentos/Data_projects/Data-Warehouse-postgres-DBT-airflow-/.venv/lib/python3.11/site-packages/airflow/example_dags/example_trigger_target_dag.py
[2025-05-31T21:30:19.030-0300] {logging_mixin.py:188} INFO - [2025-05-31T21:30:19.030-0300] {dag.py:3036} INFO - Sync 1 DAGs
[2025-05-31T21:30:19.037-0300] {logging_mixin.py:188} INFO - [2025-05-31T21:30:19.037-0300] {dag.py:3823} INFO - Setting next_dagrun for example_trigger_target_dag to None, run_after=None
[2025-05-31T21:30:19.054-0300] {processor.py:183} INFO - Processing /home/walterg/Documentos/Data_projects/Data-Warehouse-postgres-DBT-airflow-/.venv/lib/python3.11/site-packages/airflow/example_dags/example_trigger_target_dag.py took 0.051 seconds
[2025-05-31T21:30:58.135-0300] {processor.py:161} INFO - Started process (PID=41991) to work on /home/walterg/Documentos/Data_projects/Data-Warehouse-postgres-DBT-airflow-/.venv/lib/python3.11/site-packages/airflow/example_dags/example_trigger_target_dag.py
[2025-05-31T21:30:58.140-0300] {processor.py:830} INFO - Processing file /home/walterg/Documentos/Data_projects/Data-Warehouse-postgres-DBT-airflow-/.venv/lib/python3.11/site-packages/airflow/example_dags/example_trigger_target_dag.py for tasks to queue
[2025-05-31T21:30:58.142-0300] {logging_mixin.py:188} INFO - [2025-05-31T21:30:58.141-0300] {dagbag.py:538} INFO - Filling up the DagBag from /home/walterg/Documentos/Data_projects/Data-Warehouse-postgres-DBT-airflow-/.venv/lib/python3.11/site-packages/airflow/example_dags/example_trigger_target_dag.py
[2025-05-31T21:30:58.147-0300] {processor.py:840} INFO - DAG(s) 'example_trigger_target_dag' retrieved from /home/walterg/Documentos/Data_projects/Data-Warehouse-postgres-DBT-airflow-/.venv/lib/python3.11/site-packages/airflow/example_dags/example_trigger_target_dag.py
[2025-05-31T21:30:58.159-0300] {logging_mixin.py:188} INFO - [2025-05-31T21:30:58.159-0300] {dag.py:3036} INFO - Sync 1 DAGs
[2025-05-31T21:30:58.167-0300] {logging_mixin.py:188} INFO - [2025-05-31T21:30:58.166-0300] {dag.py:3823} INFO - Setting next_dagrun for example_trigger_target_dag to None, run_after=None
[2025-05-31T21:30:58.184-0300] {processor.py:183} INFO - Processing /home/walterg/Documentos/Data_projects/Data-Warehouse-postgres-DBT-airflow-/.venv/lib/python3.11/site-packages/airflow/example_dags/example_trigger_target_dag.py took 0.052 seconds
[2025-05-31T21:31:38.767-0300] {processor.py:161} INFO - Started process (PID=42162) to work on /home/walterg/Documentos/Data_projects/Data-Warehouse-postgres-DBT-airflow-/.venv/lib/python3.11/site-packages/airflow/example_dags/example_trigger_target_dag.py
[2025-05-31T21:31:38.772-0300] {processor.py:830} INFO - Processing file /home/walterg/Documentos/Data_projects/Data-Warehouse-postgres-DBT-airflow-/.venv/lib/python3.11/site-packages/airflow/example_dags/example_trigger_target_dag.py for tasks to queue
[2025-05-31T21:31:38.773-0300] {logging_mixin.py:188} INFO - [2025-05-31T21:31:38.773-0300] {dagbag.py:538} INFO - Filling up the DagBag from /home/walterg/Documentos/Data_projects/Data-Warehouse-postgres-DBT-airflow-/.venv/lib/python3.11/site-packages/airflow/example_dags/example_trigger_target_dag.py
[2025-05-31T21:31:38.778-0300] {processor.py:840} INFO - DAG(s) 'example_trigger_target_dag' retrieved from /home/walterg/Documentos/Data_projects/Data-Warehouse-postgres-DBT-airflow-/.venv/lib/python3.11/site-packages/airflow/example_dags/example_trigger_target_dag.py
[2025-05-31T21:31:38.790-0300] {logging_mixin.py:188} INFO - [2025-05-31T21:31:38.790-0300] {dag.py:3036} INFO - Sync 1 DAGs
[2025-05-31T21:31:38.798-0300] {logging_mixin.py:188} INFO - [2025-05-31T21:31:38.798-0300] {dag.py:3823} INFO - Setting next_dagrun for example_trigger_target_dag to None, run_after=None
[2025-05-31T21:31:38.814-0300] {processor.py:183} INFO - Processing /home/walterg/Documentos/Data_projects/Data-Warehouse-postgres-DBT-airflow-/.venv/lib/python3.11/site-packages/airflow/example_dags/example_trigger_target_dag.py took 0.050 seconds
[2025-05-31T21:32:17.184-0300] {processor.py:161} INFO - Started process (PID=42383) to work on /home/walterg/Documentos/Data_projects/Data-Warehouse-postgres-DBT-airflow-/.venv/lib/python3.11/site-packages/airflow/example_dags/example_trigger_target_dag.py
[2025-05-31T21:32:17.186-0300] {processor.py:830} INFO - Processing file /home/walterg/Documentos/Data_projects/Data-Warehouse-postgres-DBT-airflow-/.venv/lib/python3.11/site-packages/airflow/example_dags/example_trigger_target_dag.py for tasks to queue
[2025-05-31T21:32:17.186-0300] {logging_mixin.py:188} INFO - [2025-05-31T21:32:17.186-0300] {dagbag.py:538} INFO - Filling up the DagBag from /home/walterg/Documentos/Data_projects/Data-Warehouse-postgres-DBT-airflow-/.venv/lib/python3.11/site-packages/airflow/example_dags/example_trigger_target_dag.py
[2025-05-31T21:32:17.192-0300] {processor.py:840} INFO - DAG(s) 'example_trigger_target_dag' retrieved from /home/walterg/Documentos/Data_projects/Data-Warehouse-postgres-DBT-airflow-/.venv/lib/python3.11/site-packages/airflow/example_dags/example_trigger_target_dag.py
[2025-05-31T21:32:17.206-0300] {logging_mixin.py:188} INFO - [2025-05-31T21:32:17.205-0300] {dag.py:3036} INFO - Sync 1 DAGs
[2025-05-31T21:32:17.215-0300] {logging_mixin.py:188} INFO - [2025-05-31T21:32:17.214-0300] {dag.py:3823} INFO - Setting next_dagrun for example_trigger_target_dag to None, run_after=None
[2025-05-31T21:32:17.232-0300] {processor.py:183} INFO - Processing /home/walterg/Documentos/Data_projects/Data-Warehouse-postgres-DBT-airflow-/.venv/lib/python3.11/site-packages/airflow/example_dags/example_trigger_target_dag.py took 0.050 seconds
[2025-05-31T21:33:00.691-0300] {processor.py:161} INFO - Started process (PID=42693) to work on /home/walterg/Documentos/Data_projects/Data-Warehouse-postgres-DBT-airflow-/.venv/lib/python3.11/site-packages/airflow/example_dags/example_trigger_target_dag.py
[2025-05-31T21:33:00.696-0300] {processor.py:830} INFO - Processing file /home/walterg/Documentos/Data_projects/Data-Warehouse-postgres-DBT-airflow-/.venv/lib/python3.11/site-packages/airflow/example_dags/example_trigger_target_dag.py for tasks to queue
[2025-05-31T21:33:00.697-0300] {logging_mixin.py:188} INFO - [2025-05-31T21:33:00.697-0300] {dagbag.py:538} INFO - Filling up the DagBag from /home/walterg/Documentos/Data_projects/Data-Warehouse-postgres-DBT-airflow-/.venv/lib/python3.11/site-packages/airflow/example_dags/example_trigger_target_dag.py
[2025-05-31T21:33:00.702-0300] {processor.py:840} INFO - DAG(s) 'example_trigger_target_dag' retrieved from /home/walterg/Documentos/Data_projects/Data-Warehouse-postgres-DBT-airflow-/.venv/lib/python3.11/site-packages/airflow/example_dags/example_trigger_target_dag.py
[2025-05-31T21:33:00.714-0300] {logging_mixin.py:188} INFO - [2025-05-31T21:33:00.714-0300] {dag.py:3036} INFO - Sync 1 DAGs
[2025-05-31T21:33:00.722-0300] {logging_mixin.py:188} INFO - [2025-05-31T21:33:00.722-0300] {dag.py:3823} INFO - Setting next_dagrun for example_trigger_target_dag to None, run_after=None
[2025-05-31T21:33:00.739-0300] {processor.py:183} INFO - Processing /home/walterg/Documentos/Data_projects/Data-Warehouse-postgres-DBT-airflow-/.venv/lib/python3.11/site-packages/airflow/example_dags/example_trigger_target_dag.py took 0.050 seconds
[2025-05-31T21:33:44.698-0300] {processor.py:161} INFO - Started process (PID=42902) to work on /home/walterg/Documentos/Data_projects/Data-Warehouse-postgres-DBT-airflow-/.venv/lib/python3.11/site-packages/airflow/example_dags/example_trigger_target_dag.py
[2025-05-31T21:33:44.703-0300] {processor.py:830} INFO - Processing file /home/walterg/Documentos/Data_projects/Data-Warehouse-postgres-DBT-airflow-/.venv/lib/python3.11/site-packages/airflow/example_dags/example_trigger_target_dag.py for tasks to queue
[2025-05-31T21:33:44.704-0300] {logging_mixin.py:188} INFO - [2025-05-31T21:33:44.704-0300] {dagbag.py:538} INFO - Filling up the DagBag from /home/walterg/Documentos/Data_projects/Data-Warehouse-postgres-DBT-airflow-/.venv/lib/python3.11/site-packages/airflow/example_dags/example_trigger_target_dag.py
[2025-05-31T21:33:44.709-0300] {processor.py:840} INFO - DAG(s) 'example_trigger_target_dag' retrieved from /home/walterg/Documentos/Data_projects/Data-Warehouse-postgres-DBT-airflow-/.venv/lib/python3.11/site-packages/airflow/example_dags/example_trigger_target_dag.py
[2025-05-31T21:33:44.722-0300] {logging_mixin.py:188} INFO - [2025-05-31T21:33:44.721-0300] {dag.py:3036} INFO - Sync 1 DAGs
[2025-05-31T21:33:44.729-0300] {logging_mixin.py:188} INFO - [2025-05-31T21:33:44.729-0300] {dag.py:3823} INFO - Setting next_dagrun for example_trigger_target_dag to None, run_after=None
[2025-05-31T21:33:44.746-0300] {processor.py:183} INFO - Processing /home/walterg/Documentos/Data_projects/Data-Warehouse-postgres-DBT-airflow-/.venv/lib/python3.11/site-packages/airflow/example_dags/example_trigger_target_dag.py took 0.051 seconds
[2025-05-31T21:34:20.969-0300] {processor.py:161} INFO - Started process (PID=42959) to work on /home/walterg/Documentos/Data_projects/Data-Warehouse-postgres-DBT-airflow-/.venv/lib/python3.11/site-packages/airflow/example_dags/example_trigger_target_dag.py
[2025-05-31T21:34:20.975-0300] {processor.py:830} INFO - Processing file /home/walterg/Documentos/Data_projects/Data-Warehouse-postgres-DBT-airflow-/.venv/lib/python3.11/site-packages/airflow/example_dags/example_trigger_target_dag.py for tasks to queue
[2025-05-31T21:34:20.976-0300] {logging_mixin.py:188} INFO - [2025-05-31T21:34:20.975-0300] {dagbag.py:538} INFO - Filling up the DagBag from /home/walterg/Documentos/Data_projects/Data-Warehouse-postgres-DBT-airflow-/.venv/lib/python3.11/site-packages/airflow/example_dags/example_trigger_target_dag.py
[2025-05-31T21:34:20.980-0300] {processor.py:840} INFO - DAG(s) 'example_trigger_target_dag' retrieved from /home/walterg/Documentos/Data_projects/Data-Warehouse-postgres-DBT-airflow-/.venv/lib/python3.11/site-packages/airflow/example_dags/example_trigger_target_dag.py
[2025-05-31T21:34:20.995-0300] {logging_mixin.py:188} INFO - [2025-05-31T21:34:20.994-0300] {dag.py:3036} INFO - Sync 1 DAGs
[2025-05-31T21:34:21.002-0300] {logging_mixin.py:188} INFO - [2025-05-31T21:34:21.002-0300] {dag.py:3823} INFO - Setting next_dagrun for example_trigger_target_dag to None, run_after=None
[2025-05-31T21:34:21.021-0300] {processor.py:183} INFO - Processing /home/walterg/Documentos/Data_projects/Data-Warehouse-postgres-DBT-airflow-/.venv/lib/python3.11/site-packages/airflow/example_dags/example_trigger_target_dag.py took 0.054 seconds
