[2025-05-31T21:00:41.378-0300] {processor.py:161} INFO - Started process (PID=32691) to work on /home/walterg/Documentos/Data_projects/Data-Warehouse-postgres-DBT-airflow-/.venv/lib/python3.11/site-packages/airflow/example_dags/example_params_trigger_ui.py
[2025-05-31T21:00:41.379-0300] {processor.py:830} INFO - Processing file /home/walterg/Documentos/Data_projects/Data-Warehouse-postgres-DBT-airflow-/.venv/lib/python3.11/site-packages/airflow/example_dags/example_params_trigger_ui.py for tasks to queue
[2025-05-31T21:00:41.380-0300] {logging_mixin.py:188} INFO - [2025-05-31T21:00:41.380-0300] {dagbag.py:538} INFO - Filling up the DagBag from /home/walterg/Documentos/Data_projects/Data-Warehouse-postgres-DBT-airflow-/.venv/lib/python3.11/site-packages/airflow/example_dags/example_params_trigger_ui.py
[2025-05-31T21:00:41.392-0300] {processor.py:840} INFO - DAG(s) 'example_params_trigger_ui' retrieved from /home/walterg/Documentos/Data_projects/Data-Warehouse-postgres-DBT-airflow-/.venv/lib/python3.11/site-packages/airflow/example_dags/example_params_trigger_ui.py
[2025-05-31T21:00:41.417-0300] {logging_mixin.py:188} INFO - [2025-05-31T21:00:41.417-0300] {dag.py:3036} INFO - Sync 1 DAGs
[2025-05-31T21:00:41.426-0300] {logging_mixin.py:188} INFO - [2025-05-31T21:00:41.426-0300] {dag.py:3823} INFO - Setting next_dagrun for example_params_trigger_ui to None, run_after=None
[2025-05-31T21:00:41.451-0300] {processor.py:183} INFO - Processing /home/walterg/Documentos/Data_projects/Data-Warehouse-postgres-DBT-airflow-/.venv/lib/python3.11/site-packages/airflow/example_dags/example_params_trigger_ui.py took 0.075 seconds
[2025-05-31T21:01:42.695-0300] {processor.py:161} INFO - Started process (PID=33055) to work on /home/walterg/Documentos/Data_projects/Data-Warehouse-postgres-DBT-airflow-/.venv/lib/python3.11/site-packages/airflow/example_dags/example_params_trigger_ui.py
[2025-05-31T21:01:42.696-0300] {processor.py:830} INFO - Processing file /home/walterg/Documentos/Data_projects/Data-Warehouse-postgres-DBT-airflow-/.venv/lib/python3.11/site-packages/airflow/example_dags/example_params_trigger_ui.py for tasks to queue
[2025-05-31T21:01:42.697-0300] {logging_mixin.py:188} INFO - [2025-05-31T21:01:42.697-0300] {dagbag.py:538} INFO - Filling up the DagBag from /home/walterg/Documentos/Data_projects/Data-Warehouse-postgres-DBT-airflow-/.venv/lib/python3.11/site-packages/airflow/example_dags/example_params_trigger_ui.py
[2025-05-31T21:01:42.708-0300] {processor.py:840} INFO - DAG(s) 'example_params_trigger_ui' retrieved from /home/walterg/Documentos/Data_projects/Data-Warehouse-postgres-DBT-airflow-/.venv/lib/python3.11/site-packages/airflow/example_dags/example_params_trigger_ui.py
[2025-05-31T21:01:42.732-0300] {logging_mixin.py:188} INFO - [2025-05-31T21:01:42.732-0300] {dag.py:3036} INFO - Sync 1 DAGs
[2025-05-31T21:01:42.739-0300] {logging_mixin.py:188} INFO - [2025-05-31T21:01:42.739-0300] {dag.py:3823} INFO - Setting next_dagrun for example_params_trigger_ui to None, run_after=None
[2025-05-31T21:01:42.757-0300] {processor.py:183} INFO - Processing /home/walterg/Documentos/Data_projects/Data-Warehouse-postgres-DBT-airflow-/.venv/lib/python3.11/site-packages/airflow/example_dags/example_params_trigger_ui.py took 0.064 seconds
[2025-05-31T21:02:48.159-0300] {processor.py:161} INFO - Started process (PID=33411) to work on /home/walterg/Documentos/Data_projects/Data-Warehouse-postgres-DBT-airflow-/.venv/lib/python3.11/site-packages/airflow/example_dags/example_params_trigger_ui.py
[2025-05-31T21:02:48.164-0300] {processor.py:830} INFO - Processing file /home/walterg/Documentos/Data_projects/Data-Warehouse-postgres-DBT-airflow-/.venv/lib/python3.11/site-packages/airflow/example_dags/example_params_trigger_ui.py for tasks to queue
[2025-05-31T21:02:48.165-0300] {logging_mixin.py:188} INFO - [2025-05-31T21:02:48.165-0300] {dagbag.py:538} INFO - Filling up the DagBag from /home/walterg/Documentos/Data_projects/Data-Warehouse-postgres-DBT-airflow-/.venv/lib/python3.11/site-packages/airflow/example_dags/example_params_trigger_ui.py
[2025-05-31T21:02:48.177-0300] {processor.py:840} INFO - DAG(s) 'example_params_trigger_ui' retrieved from /home/walterg/Documentos/Data_projects/Data-Warehouse-postgres-DBT-airflow-/.venv/lib/python3.11/site-packages/airflow/example_dags/example_params_trigger_ui.py
[2025-05-31T21:02:48.201-0300] {logging_mixin.py:188} INFO - [2025-05-31T21:02:48.201-0300] {dag.py:3036} INFO - Sync 1 DAGs
[2025-05-31T21:02:48.208-0300] {logging_mixin.py:188} INFO - [2025-05-31T21:02:48.208-0300] {dag.py:3823} INFO - Setting next_dagrun for example_params_trigger_ui to None, run_after=None
[2025-05-31T21:02:48.225-0300] {processor.py:183} INFO - Processing /home/walterg/Documentos/Data_projects/Data-Warehouse-postgres-DBT-airflow-/.venv/lib/python3.11/site-packages/airflow/example_dags/example_params_trigger_ui.py took 0.068 seconds
[2025-05-31T21:03:51.114-0300] {processor.py:161} INFO - Started process (PID=33698) to work on /home/walterg/Documentos/Data_projects/Data-Warehouse-postgres-DBT-airflow-/.venv/lib/python3.11/site-packages/airflow/example_dags/example_params_trigger_ui.py
[2025-05-31T21:03:51.119-0300] {processor.py:830} INFO - Processing file /home/walterg/Documentos/Data_projects/Data-Warehouse-postgres-DBT-airflow-/.venv/lib/python3.11/site-packages/airflow/example_dags/example_params_trigger_ui.py for tasks to queue
[2025-05-31T21:03:51.120-0300] {logging_mixin.py:188} INFO - [2025-05-31T21:03:51.120-0300] {dagbag.py:538} INFO - Filling up the DagBag from /home/walterg/Documentos/Data_projects/Data-Warehouse-postgres-DBT-airflow-/.venv/lib/python3.11/site-packages/airflow/example_dags/example_params_trigger_ui.py
[2025-05-31T21:03:51.132-0300] {processor.py:840} INFO - DAG(s) 'example_params_trigger_ui' retrieved from /home/walterg/Documentos/Data_projects/Data-Warehouse-postgres-DBT-airflow-/.venv/lib/python3.11/site-packages/airflow/example_dags/example_params_trigger_ui.py
[2025-05-31T21:03:51.156-0300] {logging_mixin.py:188} INFO - [2025-05-31T21:03:51.156-0300] {dag.py:3036} INFO - Sync 1 DAGs
[2025-05-31T21:03:51.164-0300] {logging_mixin.py:188} INFO - [2025-05-31T21:03:51.164-0300] {dag.py:3823} INFO - Setting next_dagrun for example_params_trigger_ui to None, run_after=None
[2025-05-31T21:03:51.181-0300] {processor.py:183} INFO - Processing /home/walterg/Documentos/Data_projects/Data-Warehouse-postgres-DBT-airflow-/.venv/lib/python3.11/site-packages/airflow/example_dags/example_params_trigger_ui.py took 0.070 seconds
[2025-05-31T21:04:53.756-0300] {processor.py:161} INFO - Started process (PID=33950) to work on /home/walterg/Documentos/Data_projects/Data-Warehouse-postgres-DBT-airflow-/.venv/lib/python3.11/site-packages/airflow/example_dags/example_params_trigger_ui.py
[2025-05-31T21:04:53.761-0300] {processor.py:830} INFO - Processing file /home/walterg/Documentos/Data_projects/Data-Warehouse-postgres-DBT-airflow-/.venv/lib/python3.11/site-packages/airflow/example_dags/example_params_trigger_ui.py for tasks to queue
[2025-05-31T21:04:53.762-0300] {logging_mixin.py:188} INFO - [2025-05-31T21:04:53.762-0300] {dagbag.py:538} INFO - Filling up the DagBag from /home/walterg/Documentos/Data_projects/Data-Warehouse-postgres-DBT-airflow-/.venv/lib/python3.11/site-packages/airflow/example_dags/example_params_trigger_ui.py
[2025-05-31T21:04:53.773-0300] {processor.py:840} INFO - DAG(s) 'example_params_trigger_ui' retrieved from /home/walterg/Documentos/Data_projects/Data-Warehouse-postgres-DBT-airflow-/.venv/lib/python3.11/site-packages/airflow/example_dags/example_params_trigger_ui.py
[2025-05-31T21:04:53.797-0300] {logging_mixin.py:188} INFO - [2025-05-31T21:04:53.797-0300] {dag.py:3036} INFO - Sync 1 DAGs
[2025-05-31T21:04:53.804-0300] {logging_mixin.py:188} INFO - [2025-05-31T21:04:53.804-0300] {dag.py:3823} INFO - Setting next_dagrun for example_params_trigger_ui to None, run_after=None
[2025-05-31T21:04:53.822-0300] {processor.py:183} INFO - Processing /home/walterg/Documentos/Data_projects/Data-Warehouse-postgres-DBT-airflow-/.venv/lib/python3.11/site-packages/airflow/example_dags/example_params_trigger_ui.py took 0.068 seconds
[2025-05-31T21:05:42.882-0300] {processor.py:161} INFO - Started process (PID=34212) to work on /home/walterg/Documentos/Data_projects/Data-Warehouse-postgres-DBT-airflow-/.venv/lib/python3.11/site-packages/airflow/example_dags/example_params_trigger_ui.py
[2025-05-31T21:05:42.884-0300] {processor.py:830} INFO - Processing file /home/walterg/Documentos/Data_projects/Data-Warehouse-postgres-DBT-airflow-/.venv/lib/python3.11/site-packages/airflow/example_dags/example_params_trigger_ui.py for tasks to queue
[2025-05-31T21:05:42.884-0300] {logging_mixin.py:188} INFO - [2025-05-31T21:05:42.884-0300] {dagbag.py:538} INFO - Filling up the DagBag from /home/walterg/Documentos/Data_projects/Data-Warehouse-postgres-DBT-airflow-/.venv/lib/python3.11/site-packages/airflow/example_dags/example_params_trigger_ui.py
[2025-05-31T21:05:42.895-0300] {processor.py:840} INFO - DAG(s) 'example_params_trigger_ui' retrieved from /home/walterg/Documentos/Data_projects/Data-Warehouse-postgres-DBT-airflow-/.venv/lib/python3.11/site-packages/airflow/example_dags/example_params_trigger_ui.py
[2025-05-31T21:05:42.919-0300] {logging_mixin.py:188} INFO - [2025-05-31T21:05:42.919-0300] {dag.py:3036} INFO - Sync 1 DAGs
[2025-05-31T21:05:42.926-0300] {logging_mixin.py:188} INFO - [2025-05-31T21:05:42.926-0300] {dag.py:3823} INFO - Setting next_dagrun for example_params_trigger_ui to None, run_after=None
[2025-05-31T21:05:42.944-0300] {processor.py:183} INFO - Processing /home/walterg/Documentos/Data_projects/Data-Warehouse-postgres-DBT-airflow-/.venv/lib/python3.11/site-packages/airflow/example_dags/example_params_trigger_ui.py took 0.064 seconds
[2025-05-31T21:06:48.105-0300] {processor.py:161} INFO - Started process (PID=34584) to work on /home/walterg/Documentos/Data_projects/Data-Warehouse-postgres-DBT-airflow-/.venv/lib/python3.11/site-packages/airflow/example_dags/example_params_trigger_ui.py
[2025-05-31T21:06:48.111-0300] {processor.py:830} INFO - Processing file /home/walterg/Documentos/Data_projects/Data-Warehouse-postgres-DBT-airflow-/.venv/lib/python3.11/site-packages/airflow/example_dags/example_params_trigger_ui.py for tasks to queue
[2025-05-31T21:06:48.112-0300] {logging_mixin.py:188} INFO - [2025-05-31T21:06:48.112-0300] {dagbag.py:538} INFO - Filling up the DagBag from /home/walterg/Documentos/Data_projects/Data-Warehouse-postgres-DBT-airflow-/.venv/lib/python3.11/site-packages/airflow/example_dags/example_params_trigger_ui.py
[2025-05-31T21:06:48.124-0300] {processor.py:840} INFO - DAG(s) 'example_params_trigger_ui' retrieved from /home/walterg/Documentos/Data_projects/Data-Warehouse-postgres-DBT-airflow-/.venv/lib/python3.11/site-packages/airflow/example_dags/example_params_trigger_ui.py
[2025-05-31T21:06:48.147-0300] {logging_mixin.py:188} INFO - [2025-05-31T21:06:48.147-0300] {dag.py:3036} INFO - Sync 1 DAGs
[2025-05-31T21:06:48.155-0300] {logging_mixin.py:188} INFO - [2025-05-31T21:06:48.155-0300] {dag.py:3823} INFO - Setting next_dagrun for example_params_trigger_ui to None, run_after=None
[2025-05-31T21:06:48.171-0300] {processor.py:183} INFO - Processing /home/walterg/Documentos/Data_projects/Data-Warehouse-postgres-DBT-airflow-/.venv/lib/python3.11/site-packages/airflow/example_dags/example_params_trigger_ui.py took 0.068 seconds
[2025-05-31T21:07:50.120-0300] {processor.py:161} INFO - Started process (PID=34854) to work on /home/walterg/Documentos/Data_projects/Data-Warehouse-postgres-DBT-airflow-/.venv/lib/python3.11/site-packages/airflow/example_dags/example_params_trigger_ui.py
[2025-05-31T21:07:50.125-0300] {processor.py:830} INFO - Processing file /home/walterg/Documentos/Data_projects/Data-Warehouse-postgres-DBT-airflow-/.venv/lib/python3.11/site-packages/airflow/example_dags/example_params_trigger_ui.py for tasks to queue
[2025-05-31T21:07:50.126-0300] {logging_mixin.py:188} INFO - [2025-05-31T21:07:50.125-0300] {dagbag.py:538} INFO - Filling up the DagBag from /home/walterg/Documentos/Data_projects/Data-Warehouse-postgres-DBT-airflow-/.venv/lib/python3.11/site-packages/airflow/example_dags/example_params_trigger_ui.py
[2025-05-31T21:07:50.138-0300] {processor.py:840} INFO - DAG(s) 'example_params_trigger_ui' retrieved from /home/walterg/Documentos/Data_projects/Data-Warehouse-postgres-DBT-airflow-/.venv/lib/python3.11/site-packages/airflow/example_dags/example_params_trigger_ui.py
[2025-05-31T21:07:50.162-0300] {logging_mixin.py:188} INFO - [2025-05-31T21:07:50.161-0300] {dag.py:3036} INFO - Sync 1 DAGs
[2025-05-31T21:07:50.170-0300] {logging_mixin.py:188} INFO - [2025-05-31T21:07:50.169-0300] {dag.py:3823} INFO - Setting next_dagrun for example_params_trigger_ui to None, run_after=None
[2025-05-31T21:07:50.185-0300] {processor.py:183} INFO - Processing /home/walterg/Documentos/Data_projects/Data-Warehouse-postgres-DBT-airflow-/.venv/lib/python3.11/site-packages/airflow/example_dags/example_params_trigger_ui.py took 0.068 seconds
[2025-05-31T21:08:37.314-0300] {processor.py:161} INFO - Started process (PID=35160) to work on /home/walterg/Documentos/Data_projects/Data-Warehouse-postgres-DBT-airflow-/.venv/lib/python3.11/site-packages/airflow/example_dags/example_params_trigger_ui.py
[2025-05-31T21:08:37.319-0300] {processor.py:830} INFO - Processing file /home/walterg/Documentos/Data_projects/Data-Warehouse-postgres-DBT-airflow-/.venv/lib/python3.11/site-packages/airflow/example_dags/example_params_trigger_ui.py for tasks to queue
[2025-05-31T21:08:37.321-0300] {logging_mixin.py:188} INFO - [2025-05-31T21:08:37.320-0300] {dagbag.py:538} INFO - Filling up the DagBag from /home/walterg/Documentos/Data_projects/Data-Warehouse-postgres-DBT-airflow-/.venv/lib/python3.11/site-packages/airflow/example_dags/example_params_trigger_ui.py
[2025-05-31T21:08:37.334-0300] {processor.py:840} INFO - DAG(s) 'example_params_trigger_ui' retrieved from /home/walterg/Documentos/Data_projects/Data-Warehouse-postgres-DBT-airflow-/.venv/lib/python3.11/site-packages/airflow/example_dags/example_params_trigger_ui.py
[2025-05-31T21:08:37.359-0300] {logging_mixin.py:188} INFO - [2025-05-31T21:08:37.359-0300] {dag.py:3036} INFO - Sync 1 DAGs
[2025-05-31T21:08:37.367-0300] {logging_mixin.py:188} INFO - [2025-05-31T21:08:37.367-0300] {dag.py:3823} INFO - Setting next_dagrun for example_params_trigger_ui to None, run_after=None
[2025-05-31T21:08:37.383-0300] {processor.py:183} INFO - Processing /home/walterg/Documentos/Data_projects/Data-Warehouse-postgres-DBT-airflow-/.venv/lib/python3.11/site-packages/airflow/example_dags/example_params_trigger_ui.py took 0.072 seconds
[2025-05-31T21:09:34.212-0300] {processor.py:161} INFO - Started process (PID=35454) to work on /home/walterg/Documentos/Data_projects/Data-Warehouse-postgres-DBT-airflow-/.venv/lib/python3.11/site-packages/airflow/example_dags/example_params_trigger_ui.py
[2025-05-31T21:09:34.218-0300] {processor.py:830} INFO - Processing file /home/walterg/Documentos/Data_projects/Data-Warehouse-postgres-DBT-airflow-/.venv/lib/python3.11/site-packages/airflow/example_dags/example_params_trigger_ui.py for tasks to queue
[2025-05-31T21:09:34.219-0300] {logging_mixin.py:188} INFO - [2025-05-31T21:09:34.219-0300] {dagbag.py:538} INFO - Filling up the DagBag from /home/walterg/Documentos/Data_projects/Data-Warehouse-postgres-DBT-airflow-/.venv/lib/python3.11/site-packages/airflow/example_dags/example_params_trigger_ui.py
[2025-05-31T21:09:34.232-0300] {processor.py:840} INFO - DAG(s) 'example_params_trigger_ui' retrieved from /home/walterg/Documentos/Data_projects/Data-Warehouse-postgres-DBT-airflow-/.venv/lib/python3.11/site-packages/airflow/example_dags/example_params_trigger_ui.py
[2025-05-31T21:09:34.257-0300] {logging_mixin.py:188} INFO - [2025-05-31T21:09:34.257-0300] {dag.py:3036} INFO - Sync 1 DAGs
[2025-05-31T21:09:34.265-0300] {logging_mixin.py:188} INFO - [2025-05-31T21:09:34.265-0300] {dag.py:3823} INFO - Setting next_dagrun for example_params_trigger_ui to None, run_after=None
[2025-05-31T21:09:34.282-0300] {processor.py:183} INFO - Processing /home/walterg/Documentos/Data_projects/Data-Warehouse-postgres-DBT-airflow-/.venv/lib/python3.11/site-packages/airflow/example_dags/example_params_trigger_ui.py took 0.073 seconds
[2025-05-31T21:10:40.008-0300] {processor.py:161} INFO - Started process (PID=35792) to work on /home/walterg/Documentos/Data_projects/Data-Warehouse-postgres-DBT-airflow-/.venv/lib/python3.11/site-packages/airflow/example_dags/example_params_trigger_ui.py
[2025-05-31T21:10:40.013-0300] {processor.py:830} INFO - Processing file /home/walterg/Documentos/Data_projects/Data-Warehouse-postgres-DBT-airflow-/.venv/lib/python3.11/site-packages/airflow/example_dags/example_params_trigger_ui.py for tasks to queue
[2025-05-31T21:10:40.014-0300] {logging_mixin.py:188} INFO - [2025-05-31T21:10:40.013-0300] {dagbag.py:538} INFO - Filling up the DagBag from /home/walterg/Documentos/Data_projects/Data-Warehouse-postgres-DBT-airflow-/.venv/lib/python3.11/site-packages/airflow/example_dags/example_params_trigger_ui.py
[2025-05-31T21:10:40.026-0300] {processor.py:840} INFO - DAG(s) 'example_params_trigger_ui' retrieved from /home/walterg/Documentos/Data_projects/Data-Warehouse-postgres-DBT-airflow-/.venv/lib/python3.11/site-packages/airflow/example_dags/example_params_trigger_ui.py
[2025-05-31T21:10:40.052-0300] {logging_mixin.py:188} INFO - [2025-05-31T21:10:40.052-0300] {dag.py:3036} INFO - Sync 1 DAGs
[2025-05-31T21:10:40.060-0300] {logging_mixin.py:188} INFO - [2025-05-31T21:10:40.060-0300] {dag.py:3823} INFO - Setting next_dagrun for example_params_trigger_ui to None, run_after=None
[2025-05-31T21:10:40.079-0300] {processor.py:183} INFO - Processing /home/walterg/Documentos/Data_projects/Data-Warehouse-postgres-DBT-airflow-/.venv/lib/python3.11/site-packages/airflow/example_dags/example_params_trigger_ui.py took 0.074 seconds
[2025-05-31T21:11:43.274-0300] {processor.py:161} INFO - Started process (PID=36117) to work on /home/walterg/Documentos/Data_projects/Data-Warehouse-postgres-DBT-airflow-/.venv/lib/python3.11/site-packages/airflow/example_dags/example_params_trigger_ui.py
[2025-05-31T21:11:43.278-0300] {processor.py:830} INFO - Processing file /home/walterg/Documentos/Data_projects/Data-Warehouse-postgres-DBT-airflow-/.venv/lib/python3.11/site-packages/airflow/example_dags/example_params_trigger_ui.py for tasks to queue
[2025-05-31T21:11:43.280-0300] {logging_mixin.py:188} INFO - [2025-05-31T21:11:43.279-0300] {dagbag.py:538} INFO - Filling up the DagBag from /home/walterg/Documentos/Data_projects/Data-Warehouse-postgres-DBT-airflow-/.venv/lib/python3.11/site-packages/airflow/example_dags/example_params_trigger_ui.py
[2025-05-31T21:11:43.291-0300] {processor.py:840} INFO - DAG(s) 'example_params_trigger_ui' retrieved from /home/walterg/Documentos/Data_projects/Data-Warehouse-postgres-DBT-airflow-/.venv/lib/python3.11/site-packages/airflow/example_dags/example_params_trigger_ui.py
[2025-05-31T21:11:43.315-0300] {logging_mixin.py:188} INFO - [2025-05-31T21:11:43.315-0300] {dag.py:3036} INFO - Sync 1 DAGs
[2025-05-31T21:11:43.323-0300] {logging_mixin.py:188} INFO - [2025-05-31T21:11:43.323-0300] {dag.py:3823} INFO - Setting next_dagrun for example_params_trigger_ui to None, run_after=None
[2025-05-31T21:11:43.339-0300] {processor.py:183} INFO - Processing /home/walterg/Documentos/Data_projects/Data-Warehouse-postgres-DBT-airflow-/.venv/lib/python3.11/site-packages/airflow/example_dags/example_params_trigger_ui.py took 0.068 seconds
[2025-05-31T21:12:48.258-0300] {processor.py:161} INFO - Started process (PID=36393) to work on /home/walterg/Documentos/Data_projects/Data-Warehouse-postgres-DBT-airflow-/.venv/lib/python3.11/site-packages/airflow/example_dags/example_params_trigger_ui.py
[2025-05-31T21:12:48.263-0300] {processor.py:830} INFO - Processing file /home/walterg/Documentos/Data_projects/Data-Warehouse-postgres-DBT-airflow-/.venv/lib/python3.11/site-packages/airflow/example_dags/example_params_trigger_ui.py for tasks to queue
[2025-05-31T21:12:48.265-0300] {logging_mixin.py:188} INFO - [2025-05-31T21:12:48.264-0300] {dagbag.py:538} INFO - Filling up the DagBag from /home/walterg/Documentos/Data_projects/Data-Warehouse-postgres-DBT-airflow-/.venv/lib/python3.11/site-packages/airflow/example_dags/example_params_trigger_ui.py
[2025-05-31T21:12:48.276-0300] {processor.py:840} INFO - DAG(s) 'example_params_trigger_ui' retrieved from /home/walterg/Documentos/Data_projects/Data-Warehouse-postgres-DBT-airflow-/.venv/lib/python3.11/site-packages/airflow/example_dags/example_params_trigger_ui.py
[2025-05-31T21:12:48.301-0300] {logging_mixin.py:188} INFO - [2025-05-31T21:12:48.300-0300] {dag.py:3036} INFO - Sync 1 DAGs
[2025-05-31T21:12:48.308-0300] {logging_mixin.py:188} INFO - [2025-05-31T21:12:48.308-0300] {dag.py:3823} INFO - Setting next_dagrun for example_params_trigger_ui to None, run_after=None
[2025-05-31T21:12:48.325-0300] {processor.py:183} INFO - Processing /home/walterg/Documentos/Data_projects/Data-Warehouse-postgres-DBT-airflow-/.venv/lib/python3.11/site-packages/airflow/example_dags/example_params_trigger_ui.py took 0.069 seconds
[2025-05-31T21:13:51.366-0300] {processor.py:161} INFO - Started process (PID=36650) to work on /home/walterg/Documentos/Data_projects/Data-Warehouse-postgres-DBT-airflow-/.venv/lib/python3.11/site-packages/airflow/example_dags/example_params_trigger_ui.py
[2025-05-31T21:13:51.371-0300] {processor.py:830} INFO - Processing file /home/walterg/Documentos/Data_projects/Data-Warehouse-postgres-DBT-airflow-/.venv/lib/python3.11/site-packages/airflow/example_dags/example_params_trigger_ui.py for tasks to queue
[2025-05-31T21:13:51.373-0300] {logging_mixin.py:188} INFO - [2025-05-31T21:13:51.372-0300] {dagbag.py:538} INFO - Filling up the DagBag from /home/walterg/Documentos/Data_projects/Data-Warehouse-postgres-DBT-airflow-/.venv/lib/python3.11/site-packages/airflow/example_dags/example_params_trigger_ui.py
[2025-05-31T21:13:51.384-0300] {processor.py:840} INFO - DAG(s) 'example_params_trigger_ui' retrieved from /home/walterg/Documentos/Data_projects/Data-Warehouse-postgres-DBT-airflow-/.venv/lib/python3.11/site-packages/airflow/example_dags/example_params_trigger_ui.py
[2025-05-31T21:13:51.408-0300] {logging_mixin.py:188} INFO - [2025-05-31T21:13:51.408-0300] {dag.py:3036} INFO - Sync 1 DAGs
[2025-05-31T21:13:51.415-0300] {logging_mixin.py:188} INFO - [2025-05-31T21:13:51.415-0300] {dag.py:3823} INFO - Setting next_dagrun for example_params_trigger_ui to None, run_after=None
[2025-05-31T21:13:51.432-0300] {processor.py:183} INFO - Processing /home/walterg/Documentos/Data_projects/Data-Warehouse-postgres-DBT-airflow-/.venv/lib/python3.11/site-packages/airflow/example_dags/example_params_trigger_ui.py took 0.068 seconds
[2025-05-31T21:14:53.700-0300] {processor.py:161} INFO - Started process (PID=36973) to work on /home/walterg/Documentos/Data_projects/Data-Warehouse-postgres-DBT-airflow-/.venv/lib/python3.11/site-packages/airflow/example_dags/example_params_trigger_ui.py
[2025-05-31T21:14:53.705-0300] {processor.py:830} INFO - Processing file /home/walterg/Documentos/Data_projects/Data-Warehouse-postgres-DBT-airflow-/.venv/lib/python3.11/site-packages/airflow/example_dags/example_params_trigger_ui.py for tasks to queue
[2025-05-31T21:14:53.707-0300] {logging_mixin.py:188} INFO - [2025-05-31T21:14:53.706-0300] {dagbag.py:538} INFO - Filling up the DagBag from /home/walterg/Documentos/Data_projects/Data-Warehouse-postgres-DBT-airflow-/.venv/lib/python3.11/site-packages/airflow/example_dags/example_params_trigger_ui.py
[2025-05-31T21:14:53.718-0300] {processor.py:840} INFO - DAG(s) 'example_params_trigger_ui' retrieved from /home/walterg/Documentos/Data_projects/Data-Warehouse-postgres-DBT-airflow-/.venv/lib/python3.11/site-packages/airflow/example_dags/example_params_trigger_ui.py
[2025-05-31T21:14:53.741-0300] {logging_mixin.py:188} INFO - [2025-05-31T21:14:53.741-0300] {dag.py:3036} INFO - Sync 1 DAGs
[2025-05-31T21:14:53.749-0300] {logging_mixin.py:188} INFO - [2025-05-31T21:14:53.749-0300] {dag.py:3823} INFO - Setting next_dagrun for example_params_trigger_ui to None, run_after=None
[2025-05-31T21:14:53.766-0300] {processor.py:183} INFO - Processing /home/walterg/Documentos/Data_projects/Data-Warehouse-postgres-DBT-airflow-/.venv/lib/python3.11/site-packages/airflow/example_dags/example_params_trigger_ui.py took 0.068 seconds
[2025-05-31T21:15:54.130-0300] {processor.py:161} INFO - Started process (PID=37369) to work on /home/walterg/Documentos/Data_projects/Data-Warehouse-postgres-DBT-airflow-/.venv/lib/python3.11/site-packages/airflow/example_dags/example_params_trigger_ui.py
[2025-05-31T21:15:54.135-0300] {processor.py:830} INFO - Processing file /home/walterg/Documentos/Data_projects/Data-Warehouse-postgres-DBT-airflow-/.venv/lib/python3.11/site-packages/airflow/example_dags/example_params_trigger_ui.py for tasks to queue
[2025-05-31T21:15:54.137-0300] {logging_mixin.py:188} INFO - [2025-05-31T21:15:54.136-0300] {dagbag.py:538} INFO - Filling up the DagBag from /home/walterg/Documentos/Data_projects/Data-Warehouse-postgres-DBT-airflow-/.venv/lib/python3.11/site-packages/airflow/example_dags/example_params_trigger_ui.py
[2025-05-31T21:15:54.148-0300] {processor.py:840} INFO - DAG(s) 'example_params_trigger_ui' retrieved from /home/walterg/Documentos/Data_projects/Data-Warehouse-postgres-DBT-airflow-/.venv/lib/python3.11/site-packages/airflow/example_dags/example_params_trigger_ui.py
[2025-05-31T21:15:54.171-0300] {logging_mixin.py:188} INFO - [2025-05-31T21:15:54.171-0300] {dag.py:3036} INFO - Sync 1 DAGs
[2025-05-31T21:15:54.179-0300] {logging_mixin.py:188} INFO - [2025-05-31T21:15:54.179-0300] {dag.py:3823} INFO - Setting next_dagrun for example_params_trigger_ui to None, run_after=None
[2025-05-31T21:15:54.196-0300] {processor.py:183} INFO - Processing /home/walterg/Documentos/Data_projects/Data-Warehouse-postgres-DBT-airflow-/.venv/lib/python3.11/site-packages/airflow/example_dags/example_params_trigger_ui.py took 0.068 seconds
[2025-05-31T21:16:55.741-0300] {processor.py:161} INFO - Started process (PID=37686) to work on /home/walterg/Documentos/Data_projects/Data-Warehouse-postgres-DBT-airflow-/.venv/lib/python3.11/site-packages/airflow/example_dags/example_params_trigger_ui.py
[2025-05-31T21:16:55.746-0300] {processor.py:830} INFO - Processing file /home/walterg/Documentos/Data_projects/Data-Warehouse-postgres-DBT-airflow-/.venv/lib/python3.11/site-packages/airflow/example_dags/example_params_trigger_ui.py for tasks to queue
[2025-05-31T21:16:55.748-0300] {logging_mixin.py:188} INFO - [2025-05-31T21:16:55.747-0300] {dagbag.py:538} INFO - Filling up the DagBag from /home/walterg/Documentos/Data_projects/Data-Warehouse-postgres-DBT-airflow-/.venv/lib/python3.11/site-packages/airflow/example_dags/example_params_trigger_ui.py
[2025-05-31T21:16:55.760-0300] {processor.py:840} INFO - DAG(s) 'example_params_trigger_ui' retrieved from /home/walterg/Documentos/Data_projects/Data-Warehouse-postgres-DBT-airflow-/.venv/lib/python3.11/site-packages/airflow/example_dags/example_params_trigger_ui.py
[2025-05-31T21:16:55.783-0300] {logging_mixin.py:188} INFO - [2025-05-31T21:16:55.783-0300] {dag.py:3036} INFO - Sync 1 DAGs
[2025-05-31T21:16:55.791-0300] {logging_mixin.py:188} INFO - [2025-05-31T21:16:55.790-0300] {dag.py:3823} INFO - Setting next_dagrun for example_params_trigger_ui to None, run_after=None
[2025-05-31T21:16:55.903-0300] {processor.py:183} INFO - Processing /home/walterg/Documentos/Data_projects/Data-Warehouse-postgres-DBT-airflow-/.venv/lib/python3.11/site-packages/airflow/example_dags/example_params_trigger_ui.py took 0.164 seconds
[2025-05-31T21:17:44.607-0300] {processor.py:161} INFO - Started process (PID=37896) to work on /home/walterg/Documentos/Data_projects/Data-Warehouse-postgres-DBT-airflow-/.venv/lib/python3.11/site-packages/airflow/example_dags/example_params_trigger_ui.py
[2025-05-31T21:17:44.612-0300] {processor.py:830} INFO - Processing file /home/walterg/Documentos/Data_projects/Data-Warehouse-postgres-DBT-airflow-/.venv/lib/python3.11/site-packages/airflow/example_dags/example_params_trigger_ui.py for tasks to queue
[2025-05-31T21:17:44.613-0300] {logging_mixin.py:188} INFO - [2025-05-31T21:17:44.613-0300] {dagbag.py:538} INFO - Filling up the DagBag from /home/walterg/Documentos/Data_projects/Data-Warehouse-postgres-DBT-airflow-/.venv/lib/python3.11/site-packages/airflow/example_dags/example_params_trigger_ui.py
[2025-05-31T21:17:44.624-0300] {processor.py:840} INFO - DAG(s) 'example_params_trigger_ui' retrieved from /home/walterg/Documentos/Data_projects/Data-Warehouse-postgres-DBT-airflow-/.venv/lib/python3.11/site-packages/airflow/example_dags/example_params_trigger_ui.py
[2025-05-31T21:17:44.648-0300] {logging_mixin.py:188} INFO - [2025-05-31T21:17:44.648-0300] {dag.py:3036} INFO - Sync 1 DAGs
[2025-05-31T21:17:44.656-0300] {logging_mixin.py:188} INFO - [2025-05-31T21:17:44.656-0300] {dag.py:3823} INFO - Setting next_dagrun for example_params_trigger_ui to None, run_after=None
[2025-05-31T21:17:44.674-0300] {processor.py:183} INFO - Processing /home/walterg/Documentos/Data_projects/Data-Warehouse-postgres-DBT-airflow-/.venv/lib/python3.11/site-packages/airflow/example_dags/example_params_trigger_ui.py took 0.069 seconds
[2025-05-31T21:18:51.281-0300] {processor.py:161} INFO - Started process (PID=38178) to work on /home/walterg/Documentos/Data_projects/Data-Warehouse-postgres-DBT-airflow-/.venv/lib/python3.11/site-packages/airflow/example_dags/example_params_trigger_ui.py
[2025-05-31T21:18:51.282-0300] {processor.py:830} INFO - Processing file /home/walterg/Documentos/Data_projects/Data-Warehouse-postgres-DBT-airflow-/.venv/lib/python3.11/site-packages/airflow/example_dags/example_params_trigger_ui.py for tasks to queue
[2025-05-31T21:18:51.283-0300] {logging_mixin.py:188} INFO - [2025-05-31T21:18:51.283-0300] {dagbag.py:538} INFO - Filling up the DagBag from /home/walterg/Documentos/Data_projects/Data-Warehouse-postgres-DBT-airflow-/.venv/lib/python3.11/site-packages/airflow/example_dags/example_params_trigger_ui.py
[2025-05-31T21:18:51.294-0300] {processor.py:840} INFO - DAG(s) 'example_params_trigger_ui' retrieved from /home/walterg/Documentos/Data_projects/Data-Warehouse-postgres-DBT-airflow-/.venv/lib/python3.11/site-packages/airflow/example_dags/example_params_trigger_ui.py
[2025-05-31T21:18:51.318-0300] {logging_mixin.py:188} INFO - [2025-05-31T21:18:51.318-0300] {dag.py:3036} INFO - Sync 1 DAGs
[2025-05-31T21:18:51.325-0300] {logging_mixin.py:188} INFO - [2025-05-31T21:18:51.325-0300] {dag.py:3823} INFO - Setting next_dagrun for example_params_trigger_ui to None, run_after=None
[2025-05-31T21:18:51.342-0300] {processor.py:183} INFO - Processing /home/walterg/Documentos/Data_projects/Data-Warehouse-postgres-DBT-airflow-/.venv/lib/python3.11/site-packages/airflow/example_dags/example_params_trigger_ui.py took 0.063 seconds
[2025-05-31T21:19:53.143-0300] {processor.py:161} INFO - Started process (PID=38441) to work on /home/walterg/Documentos/Data_projects/Data-Warehouse-postgres-DBT-airflow-/.venv/lib/python3.11/site-packages/airflow/example_dags/example_params_trigger_ui.py
[2025-05-31T21:19:53.148-0300] {processor.py:830} INFO - Processing file /home/walterg/Documentos/Data_projects/Data-Warehouse-postgres-DBT-airflow-/.venv/lib/python3.11/site-packages/airflow/example_dags/example_params_trigger_ui.py for tasks to queue
[2025-05-31T21:19:53.149-0300] {logging_mixin.py:188} INFO - [2025-05-31T21:19:53.149-0300] {dagbag.py:538} INFO - Filling up the DagBag from /home/walterg/Documentos/Data_projects/Data-Warehouse-postgres-DBT-airflow-/.venv/lib/python3.11/site-packages/airflow/example_dags/example_params_trigger_ui.py
[2025-05-31T21:19:53.160-0300] {processor.py:840} INFO - DAG(s) 'example_params_trigger_ui' retrieved from /home/walterg/Documentos/Data_projects/Data-Warehouse-postgres-DBT-airflow-/.venv/lib/python3.11/site-packages/airflow/example_dags/example_params_trigger_ui.py
[2025-05-31T21:19:53.285-0300] {logging_mixin.py:188} INFO - [2025-05-31T21:19:53.285-0300] {dag.py:3036} INFO - Sync 1 DAGs
[2025-05-31T21:19:53.291-0300] {logging_mixin.py:188} INFO - [2025-05-31T21:19:53.291-0300] {dag.py:3823} INFO - Setting next_dagrun for example_params_trigger_ui to None, run_after=None
[2025-05-31T21:19:53.310-0300] {processor.py:183} INFO - Processing /home/walterg/Documentos/Data_projects/Data-Warehouse-postgres-DBT-airflow-/.venv/lib/python3.11/site-packages/airflow/example_dags/example_params_trigger_ui.py took 0.170 seconds
[2025-05-31T21:20:52.808-0300] {processor.py:161} INFO - Started process (PID=38676) to work on /home/walterg/Documentos/Data_projects/Data-Warehouse-postgres-DBT-airflow-/.venv/lib/python3.11/site-packages/airflow/example_dags/example_params_trigger_ui.py
[2025-05-31T21:20:52.813-0300] {processor.py:830} INFO - Processing file /home/walterg/Documentos/Data_projects/Data-Warehouse-postgres-DBT-airflow-/.venv/lib/python3.11/site-packages/airflow/example_dags/example_params_trigger_ui.py for tasks to queue
[2025-05-31T21:20:52.815-0300] {logging_mixin.py:188} INFO - [2025-05-31T21:20:52.814-0300] {dagbag.py:538} INFO - Filling up the DagBag from /home/walterg/Documentos/Data_projects/Data-Warehouse-postgres-DBT-airflow-/.venv/lib/python3.11/site-packages/airflow/example_dags/example_params_trigger_ui.py
[2025-05-31T21:20:52.826-0300] {processor.py:840} INFO - DAG(s) 'example_params_trigger_ui' retrieved from /home/walterg/Documentos/Data_projects/Data-Warehouse-postgres-DBT-airflow-/.venv/lib/python3.11/site-packages/airflow/example_dags/example_params_trigger_ui.py
[2025-05-31T21:20:52.850-0300] {logging_mixin.py:188} INFO - [2025-05-31T21:20:52.849-0300] {dag.py:3036} INFO - Sync 1 DAGs
[2025-05-31T21:20:52.857-0300] {logging_mixin.py:188} INFO - [2025-05-31T21:20:52.856-0300] {dag.py:3823} INFO - Setting next_dagrun for example_params_trigger_ui to None, run_after=None
[2025-05-31T21:20:52.969-0300] {processor.py:183} INFO - Processing /home/walterg/Documentos/Data_projects/Data-Warehouse-postgres-DBT-airflow-/.venv/lib/python3.11/site-packages/airflow/example_dags/example_params_trigger_ui.py took 0.163 seconds
[2025-05-31T21:21:56.867-0300] {processor.py:161} INFO - Started process (PID=39035) to work on /home/walterg/Documentos/Data_projects/Data-Warehouse-postgres-DBT-airflow-/.venv/lib/python3.11/site-packages/airflow/example_dags/example_params_trigger_ui.py
[2025-05-31T21:21:56.872-0300] {processor.py:830} INFO - Processing file /home/walterg/Documentos/Data_projects/Data-Warehouse-postgres-DBT-airflow-/.venv/lib/python3.11/site-packages/airflow/example_dags/example_params_trigger_ui.py for tasks to queue
[2025-05-31T21:21:56.873-0300] {logging_mixin.py:188} INFO - [2025-05-31T21:21:56.872-0300] {dagbag.py:538} INFO - Filling up the DagBag from /home/walterg/Documentos/Data_projects/Data-Warehouse-postgres-DBT-airflow-/.venv/lib/python3.11/site-packages/airflow/example_dags/example_params_trigger_ui.py
[2025-05-31T21:21:56.884-0300] {processor.py:840} INFO - DAG(s) 'example_params_trigger_ui' retrieved from /home/walterg/Documentos/Data_projects/Data-Warehouse-postgres-DBT-airflow-/.venv/lib/python3.11/site-packages/airflow/example_dags/example_params_trigger_ui.py
[2025-05-31T21:21:56.908-0300] {logging_mixin.py:188} INFO - [2025-05-31T21:21:56.908-0300] {dag.py:3036} INFO - Sync 1 DAGs
[2025-05-31T21:21:56.916-0300] {logging_mixin.py:188} INFO - [2025-05-31T21:21:56.916-0300] {dag.py:3823} INFO - Setting next_dagrun for example_params_trigger_ui to None, run_after=None
[2025-05-31T21:21:56.935-0300] {processor.py:183} INFO - Processing /home/walterg/Documentos/Data_projects/Data-Warehouse-postgres-DBT-airflow-/.venv/lib/python3.11/site-packages/airflow/example_dags/example_params_trigger_ui.py took 0.071 seconds
[2025-05-31T21:23:01.244-0300] {processor.py:161} INFO - Started process (PID=39385) to work on /home/walterg/Documentos/Data_projects/Data-Warehouse-postgres-DBT-airflow-/.venv/lib/python3.11/site-packages/airflow/example_dags/example_params_trigger_ui.py
[2025-05-31T21:23:01.249-0300] {processor.py:830} INFO - Processing file /home/walterg/Documentos/Data_projects/Data-Warehouse-postgres-DBT-airflow-/.venv/lib/python3.11/site-packages/airflow/example_dags/example_params_trigger_ui.py for tasks to queue
[2025-05-31T21:23:01.250-0300] {logging_mixin.py:188} INFO - [2025-05-31T21:23:01.249-0300] {dagbag.py:538} INFO - Filling up the DagBag from /home/walterg/Documentos/Data_projects/Data-Warehouse-postgres-DBT-airflow-/.venv/lib/python3.11/site-packages/airflow/example_dags/example_params_trigger_ui.py
[2025-05-31T21:23:01.261-0300] {processor.py:840} INFO - DAG(s) 'example_params_trigger_ui' retrieved from /home/walterg/Documentos/Data_projects/Data-Warehouse-postgres-DBT-airflow-/.venv/lib/python3.11/site-packages/airflow/example_dags/example_params_trigger_ui.py
[2025-05-31T21:23:01.284-0300] {logging_mixin.py:188} INFO - [2025-05-31T21:23:01.284-0300] {dag.py:3036} INFO - Sync 1 DAGs
[2025-05-31T21:23:01.291-0300] {logging_mixin.py:188} INFO - [2025-05-31T21:23:01.291-0300] {dag.py:3823} INFO - Setting next_dagrun for example_params_trigger_ui to None, run_after=None
[2025-05-31T21:23:01.307-0300] {processor.py:183} INFO - Processing /home/walterg/Documentos/Data_projects/Data-Warehouse-postgres-DBT-airflow-/.venv/lib/python3.11/site-packages/airflow/example_dags/example_params_trigger_ui.py took 0.066 seconds
[2025-05-31T21:24:12.184-0300] {processor.py:161} INFO - Started process (PID=39716) to work on /home/walterg/Documentos/Data_projects/Data-Warehouse-postgres-DBT-airflow-/.venv/lib/python3.11/site-packages/airflow/example_dags/example_params_trigger_ui.py
[2025-05-31T21:24:12.189-0300] {processor.py:830} INFO - Processing file /home/walterg/Documentos/Data_projects/Data-Warehouse-postgres-DBT-airflow-/.venv/lib/python3.11/site-packages/airflow/example_dags/example_params_trigger_ui.py for tasks to queue
[2025-05-31T21:24:12.190-0300] {logging_mixin.py:188} INFO - [2025-05-31T21:24:12.190-0300] {dagbag.py:538} INFO - Filling up the DagBag from /home/walterg/Documentos/Data_projects/Data-Warehouse-postgres-DBT-airflow-/.venv/lib/python3.11/site-packages/airflow/example_dags/example_params_trigger_ui.py
[2025-05-31T21:24:12.201-0300] {processor.py:840} INFO - DAG(s) 'example_params_trigger_ui' retrieved from /home/walterg/Documentos/Data_projects/Data-Warehouse-postgres-DBT-airflow-/.venv/lib/python3.11/site-packages/airflow/example_dags/example_params_trigger_ui.py
[2025-05-31T21:24:12.320-0300] {logging_mixin.py:188} INFO - [2025-05-31T21:24:12.320-0300] {dag.py:3036} INFO - Sync 1 DAGs
[2025-05-31T21:24:12.327-0300] {logging_mixin.py:188} INFO - [2025-05-31T21:24:12.326-0300] {dag.py:3823} INFO - Setting next_dagrun for example_params_trigger_ui to None, run_after=None
[2025-05-31T21:24:12.346-0300] {processor.py:183} INFO - Processing /home/walterg/Documentos/Data_projects/Data-Warehouse-postgres-DBT-airflow-/.venv/lib/python3.11/site-packages/airflow/example_dags/example_params_trigger_ui.py took 0.164 seconds
[2025-05-31T21:24:58.915-0300] {processor.py:161} INFO - Started process (PID=39853) to work on /home/walterg/Documentos/Data_projects/Data-Warehouse-postgres-DBT-airflow-/.venv/lib/python3.11/site-packages/airflow/example_dags/example_params_trigger_ui.py
[2025-05-31T21:24:58.916-0300] {processor.py:830} INFO - Processing file /home/walterg/Documentos/Data_projects/Data-Warehouse-postgres-DBT-airflow-/.venv/lib/python3.11/site-packages/airflow/example_dags/example_params_trigger_ui.py for tasks to queue
[2025-05-31T21:24:58.917-0300] {logging_mixin.py:188} INFO - [2025-05-31T21:24:58.917-0300] {dagbag.py:538} INFO - Filling up the DagBag from /home/walterg/Documentos/Data_projects/Data-Warehouse-postgres-DBT-airflow-/.venv/lib/python3.11/site-packages/airflow/example_dags/example_params_trigger_ui.py
[2025-05-31T21:24:58.929-0300] {processor.py:840} INFO - DAG(s) 'example_params_trigger_ui' retrieved from /home/walterg/Documentos/Data_projects/Data-Warehouse-postgres-DBT-airflow-/.venv/lib/python3.11/site-packages/airflow/example_dags/example_params_trigger_ui.py
[2025-05-31T21:24:58.974-0300] {logging_mixin.py:188} INFO - [2025-05-31T21:24:58.973-0300] {dag.py:3036} INFO - Sync 1 DAGs
[2025-05-31T21:24:58.985-0300] {logging_mixin.py:188} INFO - [2025-05-31T21:24:58.985-0300] {dag.py:3823} INFO - Setting next_dagrun for example_params_trigger_ui to None, run_after=None
[2025-05-31T21:24:59.011-0300] {processor.py:183} INFO - Processing /home/walterg/Documentos/Data_projects/Data-Warehouse-postgres-DBT-airflow-/.venv/lib/python3.11/site-packages/airflow/example_dags/example_params_trigger_ui.py took 0.098 seconds
[2025-05-31T21:25:45.281-0300] {processor.py:161} INFO - Started process (PID=40224) to work on /home/walterg/Documentos/Data_projects/Data-Warehouse-postgres-DBT-airflow-/.venv/lib/python3.11/site-packages/airflow/example_dags/example_params_trigger_ui.py
[2025-05-31T21:25:45.286-0300] {processor.py:830} INFO - Processing file /home/walterg/Documentos/Data_projects/Data-Warehouse-postgres-DBT-airflow-/.venv/lib/python3.11/site-packages/airflow/example_dags/example_params_trigger_ui.py for tasks to queue
[2025-05-31T21:25:45.286-0300] {logging_mixin.py:188} INFO - [2025-05-31T21:25:45.286-0300] {dagbag.py:538} INFO - Filling up the DagBag from /home/walterg/Documentos/Data_projects/Data-Warehouse-postgres-DBT-airflow-/.venv/lib/python3.11/site-packages/airflow/example_dags/example_params_trigger_ui.py
[2025-05-31T21:25:45.298-0300] {processor.py:840} INFO - DAG(s) 'example_params_trigger_ui' retrieved from /home/walterg/Documentos/Data_projects/Data-Warehouse-postgres-DBT-airflow-/.venv/lib/python3.11/site-packages/airflow/example_dags/example_params_trigger_ui.py
[2025-05-31T21:25:45.321-0300] {logging_mixin.py:188} INFO - [2025-05-31T21:25:45.321-0300] {dag.py:3036} INFO - Sync 1 DAGs
[2025-05-31T21:25:45.328-0300] {logging_mixin.py:188} INFO - [2025-05-31T21:25:45.328-0300] {dag.py:3823} INFO - Setting next_dagrun for example_params_trigger_ui to None, run_after=None
[2025-05-31T21:25:45.345-0300] {processor.py:183} INFO - Processing /home/walterg/Documentos/Data_projects/Data-Warehouse-postgres-DBT-airflow-/.venv/lib/python3.11/site-packages/airflow/example_dags/example_params_trigger_ui.py took 0.067 seconds
[2025-05-31T21:26:45.151-0300] {processor.py:161} INFO - Started process (PID=40655) to work on /home/walterg/Documentos/Data_projects/Data-Warehouse-postgres-DBT-airflow-/.venv/lib/python3.11/site-packages/airflow/example_dags/example_params_trigger_ui.py
[2025-05-31T21:26:45.158-0300] {processor.py:830} INFO - Processing file /home/walterg/Documentos/Data_projects/Data-Warehouse-postgres-DBT-airflow-/.venv/lib/python3.11/site-packages/airflow/example_dags/example_params_trigger_ui.py for tasks to queue
[2025-05-31T21:26:45.159-0300] {logging_mixin.py:188} INFO - [2025-05-31T21:26:45.159-0300] {dagbag.py:538} INFO - Filling up the DagBag from /home/walterg/Documentos/Data_projects/Data-Warehouse-postgres-DBT-airflow-/.venv/lib/python3.11/site-packages/airflow/example_dags/example_params_trigger_ui.py
[2025-05-31T21:26:45.172-0300] {processor.py:840} INFO - DAG(s) 'example_params_trigger_ui' retrieved from /home/walterg/Documentos/Data_projects/Data-Warehouse-postgres-DBT-airflow-/.venv/lib/python3.11/site-packages/airflow/example_dags/example_params_trigger_ui.py
[2025-05-31T21:26:45.201-0300] {logging_mixin.py:188} INFO - [2025-05-31T21:26:45.200-0300] {dag.py:3036} INFO - Sync 1 DAGs
[2025-05-31T21:26:45.210-0300] {logging_mixin.py:188} INFO - [2025-05-31T21:26:45.210-0300] {dag.py:3823} INFO - Setting next_dagrun for example_params_trigger_ui to None, run_after=None
[2025-05-31T21:26:45.233-0300] {processor.py:183} INFO - Processing /home/walterg/Documentos/Data_projects/Data-Warehouse-postgres-DBT-airflow-/.venv/lib/python3.11/site-packages/airflow/example_dags/example_params_trigger_ui.py took 0.084 seconds
[2025-05-31T21:27:45.716-0300] {processor.py:161} INFO - Started process (PID=41172) to work on /home/walterg/Documentos/Data_projects/Data-Warehouse-postgres-DBT-airflow-/.venv/lib/python3.11/site-packages/airflow/example_dags/example_params_trigger_ui.py
[2025-05-31T21:27:45.717-0300] {processor.py:830} INFO - Processing file /home/walterg/Documentos/Data_projects/Data-Warehouse-postgres-DBT-airflow-/.venv/lib/python3.11/site-packages/airflow/example_dags/example_params_trigger_ui.py for tasks to queue
[2025-05-31T21:27:45.718-0300] {logging_mixin.py:188} INFO - [2025-05-31T21:27:45.718-0300] {dagbag.py:538} INFO - Filling up the DagBag from /home/walterg/Documentos/Data_projects/Data-Warehouse-postgres-DBT-airflow-/.venv/lib/python3.11/site-packages/airflow/example_dags/example_params_trigger_ui.py
[2025-05-31T21:27:45.729-0300] {processor.py:840} INFO - DAG(s) 'example_params_trigger_ui' retrieved from /home/walterg/Documentos/Data_projects/Data-Warehouse-postgres-DBT-airflow-/.venv/lib/python3.11/site-packages/airflow/example_dags/example_params_trigger_ui.py
[2025-05-31T21:27:45.753-0300] {logging_mixin.py:188} INFO - [2025-05-31T21:27:45.753-0300] {dag.py:3036} INFO - Sync 1 DAGs
[2025-05-31T21:27:45.761-0300] {logging_mixin.py:188} INFO - [2025-05-31T21:27:45.761-0300] {dag.py:3823} INFO - Setting next_dagrun for example_params_trigger_ui to None, run_after=None
[2025-05-31T21:27:45.779-0300] {processor.py:183} INFO - Processing /home/walterg/Documentos/Data_projects/Data-Warehouse-postgres-DBT-airflow-/.venv/lib/python3.11/site-packages/airflow/example_dags/example_params_trigger_ui.py took 0.065 seconds
[2025-05-31T21:28:46.699-0300] {processor.py:161} INFO - Started process (PID=41437) to work on /home/walterg/Documentos/Data_projects/Data-Warehouse-postgres-DBT-airflow-/.venv/lib/python3.11/site-packages/airflow/example_dags/example_params_trigger_ui.py
[2025-05-31T21:28:46.704-0300] {processor.py:830} INFO - Processing file /home/walterg/Documentos/Data_projects/Data-Warehouse-postgres-DBT-airflow-/.venv/lib/python3.11/site-packages/airflow/example_dags/example_params_trigger_ui.py for tasks to queue
[2025-05-31T21:28:46.705-0300] {logging_mixin.py:188} INFO - [2025-05-31T21:28:46.704-0300] {dagbag.py:538} INFO - Filling up the DagBag from /home/walterg/Documentos/Data_projects/Data-Warehouse-postgres-DBT-airflow-/.venv/lib/python3.11/site-packages/airflow/example_dags/example_params_trigger_ui.py
[2025-05-31T21:28:46.716-0300] {processor.py:840} INFO - DAG(s) 'example_params_trigger_ui' retrieved from /home/walterg/Documentos/Data_projects/Data-Warehouse-postgres-DBT-airflow-/.venv/lib/python3.11/site-packages/airflow/example_dags/example_params_trigger_ui.py
[2025-05-31T21:28:46.739-0300] {logging_mixin.py:188} INFO - [2025-05-31T21:28:46.739-0300] {dag.py:3036} INFO - Sync 1 DAGs
[2025-05-31T21:28:46.746-0300] {logging_mixin.py:188} INFO - [2025-05-31T21:28:46.746-0300] {dag.py:3823} INFO - Setting next_dagrun for example_params_trigger_ui to None, run_after=None
[2025-05-31T21:28:46.762-0300] {processor.py:183} INFO - Processing /home/walterg/Documentos/Data_projects/Data-Warehouse-postgres-DBT-airflow-/.venv/lib/python3.11/site-packages/airflow/example_dags/example_params_trigger_ui.py took 0.066 seconds
[2025-05-31T21:29:47.021-0300] {processor.py:161} INFO - Started process (PID=41702) to work on /home/walterg/Documentos/Data_projects/Data-Warehouse-postgres-DBT-airflow-/.venv/lib/python3.11/site-packages/airflow/example_dags/example_params_trigger_ui.py
[2025-05-31T21:29:47.026-0300] {processor.py:830} INFO - Processing file /home/walterg/Documentos/Data_projects/Data-Warehouse-postgres-DBT-airflow-/.venv/lib/python3.11/site-packages/airflow/example_dags/example_params_trigger_ui.py for tasks to queue
[2025-05-31T21:29:47.028-0300] {logging_mixin.py:188} INFO - [2025-05-31T21:29:47.027-0300] {dagbag.py:538} INFO - Filling up the DagBag from /home/walterg/Documentos/Data_projects/Data-Warehouse-postgres-DBT-airflow-/.venv/lib/python3.11/site-packages/airflow/example_dags/example_params_trigger_ui.py
[2025-05-31T21:29:47.038-0300] {processor.py:840} INFO - DAG(s) 'example_params_trigger_ui' retrieved from /home/walterg/Documentos/Data_projects/Data-Warehouse-postgres-DBT-airflow-/.venv/lib/python3.11/site-packages/airflow/example_dags/example_params_trigger_ui.py
[2025-05-31T21:29:47.068-0300] {logging_mixin.py:188} INFO - [2025-05-31T21:29:47.068-0300] {dag.py:3036} INFO - Sync 1 DAGs
[2025-05-31T21:29:47.076-0300] {logging_mixin.py:188} INFO - [2025-05-31T21:29:47.076-0300] {dag.py:3823} INFO - Setting next_dagrun for example_params_trigger_ui to None, run_after=None
[2025-05-31T21:29:47.096-0300] {processor.py:183} INFO - Processing /home/walterg/Documentos/Data_projects/Data-Warehouse-postgres-DBT-airflow-/.venv/lib/python3.11/site-packages/airflow/example_dags/example_params_trigger_ui.py took 0.077 seconds
[2025-05-31T21:30:46.698-0300] {processor.py:161} INFO - Started process (PID=41918) to work on /home/walterg/Documentos/Data_projects/Data-Warehouse-postgres-DBT-airflow-/.venv/lib/python3.11/site-packages/airflow/example_dags/example_params_trigger_ui.py
[2025-05-31T21:30:46.703-0300] {processor.py:830} INFO - Processing file /home/walterg/Documentos/Data_projects/Data-Warehouse-postgres-DBT-airflow-/.venv/lib/python3.11/site-packages/airflow/example_dags/example_params_trigger_ui.py for tasks to queue
[2025-05-31T21:30:46.704-0300] {logging_mixin.py:188} INFO - [2025-05-31T21:30:46.703-0300] {dagbag.py:538} INFO - Filling up the DagBag from /home/walterg/Documentos/Data_projects/Data-Warehouse-postgres-DBT-airflow-/.venv/lib/python3.11/site-packages/airflow/example_dags/example_params_trigger_ui.py
[2025-05-31T21:30:46.715-0300] {processor.py:840} INFO - DAG(s) 'example_params_trigger_ui' retrieved from /home/walterg/Documentos/Data_projects/Data-Warehouse-postgres-DBT-airflow-/.venv/lib/python3.11/site-packages/airflow/example_dags/example_params_trigger_ui.py
[2025-05-31T21:30:46.739-0300] {logging_mixin.py:188} INFO - [2025-05-31T21:30:46.739-0300] {dag.py:3036} INFO - Sync 1 DAGs
[2025-05-31T21:30:46.746-0300] {logging_mixin.py:188} INFO - [2025-05-31T21:30:46.746-0300] {dag.py:3823} INFO - Setting next_dagrun for example_params_trigger_ui to None, run_after=None
[2025-05-31T21:30:46.763-0300] {processor.py:183} INFO - Processing /home/walterg/Documentos/Data_projects/Data-Warehouse-postgres-DBT-airflow-/.venv/lib/python3.11/site-packages/airflow/example_dags/example_params_trigger_ui.py took 0.068 seconds
[2025-05-31T21:31:45.984-0300] {processor.py:161} INFO - Started process (PID=42178) to work on /home/walterg/Documentos/Data_projects/Data-Warehouse-postgres-DBT-airflow-/.venv/lib/python3.11/site-packages/airflow/example_dags/example_params_trigger_ui.py
[2025-05-31T21:31:45.989-0300] {processor.py:830} INFO - Processing file /home/walterg/Documentos/Data_projects/Data-Warehouse-postgres-DBT-airflow-/.venv/lib/python3.11/site-packages/airflow/example_dags/example_params_trigger_ui.py for tasks to queue
[2025-05-31T21:31:45.990-0300] {logging_mixin.py:188} INFO - [2025-05-31T21:31:45.990-0300] {dagbag.py:538} INFO - Filling up the DagBag from /home/walterg/Documentos/Data_projects/Data-Warehouse-postgres-DBT-airflow-/.venv/lib/python3.11/site-packages/airflow/example_dags/example_params_trigger_ui.py
[2025-05-31T21:31:46.002-0300] {processor.py:840} INFO - DAG(s) 'example_params_trigger_ui' retrieved from /home/walterg/Documentos/Data_projects/Data-Warehouse-postgres-DBT-airflow-/.venv/lib/python3.11/site-packages/airflow/example_dags/example_params_trigger_ui.py
[2025-05-31T21:31:46.026-0300] {logging_mixin.py:188} INFO - [2025-05-31T21:31:46.026-0300] {dag.py:3036} INFO - Sync 1 DAGs
[2025-05-31T21:31:46.034-0300] {logging_mixin.py:188} INFO - [2025-05-31T21:31:46.033-0300] {dag.py:3823} INFO - Setting next_dagrun for example_params_trigger_ui to None, run_after=None
[2025-05-31T21:31:46.050-0300] {processor.py:183} INFO - Processing /home/walterg/Documentos/Data_projects/Data-Warehouse-postgres-DBT-airflow-/.venv/lib/python3.11/site-packages/airflow/example_dags/example_params_trigger_ui.py took 0.068 seconds
[2025-05-31T21:32:49.205-0300] {processor.py:161} INFO - Started process (PID=42616) to work on /home/walterg/Documentos/Data_projects/Data-Warehouse-postgres-DBT-airflow-/.venv/lib/python3.11/site-packages/airflow/example_dags/example_params_trigger_ui.py
[2025-05-31T21:32:49.210-0300] {processor.py:830} INFO - Processing file /home/walterg/Documentos/Data_projects/Data-Warehouse-postgres-DBT-airflow-/.venv/lib/python3.11/site-packages/airflow/example_dags/example_params_trigger_ui.py for tasks to queue
[2025-05-31T21:32:49.210-0300] {logging_mixin.py:188} INFO - [2025-05-31T21:32:49.210-0300] {dagbag.py:538} INFO - Filling up the DagBag from /home/walterg/Documentos/Data_projects/Data-Warehouse-postgres-DBT-airflow-/.venv/lib/python3.11/site-packages/airflow/example_dags/example_params_trigger_ui.py
[2025-05-31T21:32:49.223-0300] {processor.py:840} INFO - DAG(s) 'example_params_trigger_ui' retrieved from /home/walterg/Documentos/Data_projects/Data-Warehouse-postgres-DBT-airflow-/.venv/lib/python3.11/site-packages/airflow/example_dags/example_params_trigger_ui.py
[2025-05-31T21:32:49.249-0300] {logging_mixin.py:188} INFO - [2025-05-31T21:32:49.249-0300] {dag.py:3036} INFO - Sync 1 DAGs
[2025-05-31T21:32:49.258-0300] {logging_mixin.py:188} INFO - [2025-05-31T21:32:49.258-0300] {dag.py:3823} INFO - Setting next_dagrun for example_params_trigger_ui to None, run_after=None
[2025-05-31T21:32:49.275-0300] {processor.py:183} INFO - Processing /home/walterg/Documentos/Data_projects/Data-Warehouse-postgres-DBT-airflow-/.venv/lib/python3.11/site-packages/airflow/example_dags/example_params_trigger_ui.py took 0.073 seconds
[2025-05-31T21:33:50.564-0300] {processor.py:161} INFO - Started process (PID=42908) to work on /home/walterg/Documentos/Data_projects/Data-Warehouse-postgres-DBT-airflow-/.venv/lib/python3.11/site-packages/airflow/example_dags/example_params_trigger_ui.py
[2025-05-31T21:33:50.569-0300] {processor.py:830} INFO - Processing file /home/walterg/Documentos/Data_projects/Data-Warehouse-postgres-DBT-airflow-/.venv/lib/python3.11/site-packages/airflow/example_dags/example_params_trigger_ui.py for tasks to queue
[2025-05-31T21:33:50.570-0300] {logging_mixin.py:188} INFO - [2025-05-31T21:33:50.569-0300] {dagbag.py:538} INFO - Filling up the DagBag from /home/walterg/Documentos/Data_projects/Data-Warehouse-postgres-DBT-airflow-/.venv/lib/python3.11/site-packages/airflow/example_dags/example_params_trigger_ui.py
[2025-05-31T21:33:50.582-0300] {processor.py:840} INFO - DAG(s) 'example_params_trigger_ui' retrieved from /home/walterg/Documentos/Data_projects/Data-Warehouse-postgres-DBT-airflow-/.venv/lib/python3.11/site-packages/airflow/example_dags/example_params_trigger_ui.py
[2025-05-31T21:33:50.606-0300] {logging_mixin.py:188} INFO - [2025-05-31T21:33:50.605-0300] {dag.py:3036} INFO - Sync 1 DAGs
[2025-05-31T21:33:50.613-0300] {logging_mixin.py:188} INFO - [2025-05-31T21:33:50.613-0300] {dag.py:3823} INFO - Setting next_dagrun for example_params_trigger_ui to None, run_after=None
[2025-05-31T21:33:50.628-0300] {processor.py:183} INFO - Processing /home/walterg/Documentos/Data_projects/Data-Warehouse-postgres-DBT-airflow-/.venv/lib/python3.11/site-packages/airflow/example_dags/example_params_trigger_ui.py took 0.067 seconds
[2025-05-31T21:34:44.130-0300] {processor.py:161} INFO - Started process (PID=43090) to work on /home/walterg/Documentos/Data_projects/Data-Warehouse-postgres-DBT-airflow-/.venv/lib/python3.11/site-packages/airflow/example_dags/example_params_trigger_ui.py
[2025-05-31T21:34:44.131-0300] {processor.py:830} INFO - Processing file /home/walterg/Documentos/Data_projects/Data-Warehouse-postgres-DBT-airflow-/.venv/lib/python3.11/site-packages/airflow/example_dags/example_params_trigger_ui.py for tasks to queue
[2025-05-31T21:34:44.131-0300] {logging_mixin.py:188} INFO - [2025-05-31T21:34:44.131-0300] {dagbag.py:538} INFO - Filling up the DagBag from /home/walterg/Documentos/Data_projects/Data-Warehouse-postgres-DBT-airflow-/.venv/lib/python3.11/site-packages/airflow/example_dags/example_params_trigger_ui.py
[2025-05-31T21:34:44.143-0300] {processor.py:840} INFO - DAG(s) 'example_params_trigger_ui' retrieved from /home/walterg/Documentos/Data_projects/Data-Warehouse-postgres-DBT-airflow-/.venv/lib/python3.11/site-packages/airflow/example_dags/example_params_trigger_ui.py
[2025-05-31T21:34:44.166-0300] {logging_mixin.py:188} INFO - [2025-05-31T21:34:44.166-0300] {dag.py:3036} INFO - Sync 1 DAGs
[2025-05-31T21:34:44.175-0300] {logging_mixin.py:188} INFO - [2025-05-31T21:34:44.175-0300] {dag.py:3823} INFO - Setting next_dagrun for example_params_trigger_ui to None, run_after=None
[2025-05-31T21:34:44.190-0300] {processor.py:183} INFO - Processing /home/walterg/Documentos/Data_projects/Data-Warehouse-postgres-DBT-airflow-/.venv/lib/python3.11/site-packages/airflow/example_dags/example_params_trigger_ui.py took 0.063 seconds
