[2025-05-31T21:00:33.970-0300] {processor.py:161} INFO - Started process (PID=32674) to work on /home/walterg/Documentos/Data_projects/Data-Warehouse-postgres-DBT-airflow-/.venv/lib/python3.11/site-packages/airflow/example_dags/example_short_circuit_operator.py
[2025-05-31T21:00:33.971-0300] {processor.py:830} INFO - Processing file /home/walterg/Documentos/Data_projects/Data-Warehouse-postgres-DBT-airflow-/.venv/lib/python3.11/site-packages/airflow/example_dags/example_short_circuit_operator.py for tasks to queue
[2025-05-31T21:00:33.971-0300] {logging_mixin.py:188} INFO - [2025-05-31T21:00:33.971-0300] {dagbag.py:538} INFO - Filling up the DagBag from /home/walterg/Documentos/Data_projects/Data-Warehouse-postgres-DBT-airflow-/.venv/lib/python3.11/site-packages/airflow/example_dags/example_short_circuit_operator.py
[2025-05-31T21:00:33.978-0300] {processor.py:840} INFO - DAG(s) 'example_short_circuit_operator' retrieved from /home/walterg/Documentos/Data_projects/Data-Warehouse-postgres-DBT-airflow-/.venv/lib/python3.11/site-packages/airflow/example_dags/example_short_circuit_operator.py
[2025-05-31T21:00:33.991-0300] {logging_mixin.py:188} INFO - [2025-05-31T21:00:33.991-0300] {dag.py:3036} INFO - Sync 1 DAGs
[2025-05-31T21:00:34.004-0300] {logging_mixin.py:188} INFO - [2025-05-31T21:00:34.004-0300] {dag.py:3823} INFO - Setting next_dagrun for example_short_circuit_operator to 2025-05-31 00:00:00+00:00, run_after=2025-06-01 00:00:00+00:00
[2025-05-31T21:00:34.025-0300] {processor.py:183} INFO - Processing /home/walterg/Documentos/Data_projects/Data-Warehouse-postgres-DBT-airflow-/.venv/lib/python3.11/site-packages/airflow/example_dags/example_short_circuit_operator.py took 0.058 seconds
[2025-05-31T21:01:16.968-0300] {processor.py:161} INFO - Started process (PID=32926) to work on /home/walterg/Documentos/Data_projects/Data-Warehouse-postgres-DBT-airflow-/.venv/lib/python3.11/site-packages/airflow/example_dags/example_short_circuit_operator.py
[2025-05-31T21:01:16.973-0300] {processor.py:830} INFO - Processing file /home/walterg/Documentos/Data_projects/Data-Warehouse-postgres-DBT-airflow-/.venv/lib/python3.11/site-packages/airflow/example_dags/example_short_circuit_operator.py for tasks to queue
[2025-05-31T21:01:16.975-0300] {logging_mixin.py:188} INFO - [2025-05-31T21:01:16.974-0300] {dagbag.py:538} INFO - Filling up the DagBag from /home/walterg/Documentos/Data_projects/Data-Warehouse-postgres-DBT-airflow-/.venv/lib/python3.11/site-packages/airflow/example_dags/example_short_circuit_operator.py
[2025-05-31T21:01:16.981-0300] {processor.py:840} INFO - DAG(s) 'example_short_circuit_operator' retrieved from /home/walterg/Documentos/Data_projects/Data-Warehouse-postgres-DBT-airflow-/.venv/lib/python3.11/site-packages/airflow/example_dags/example_short_circuit_operator.py
[2025-05-31T21:01:16.995-0300] {logging_mixin.py:188} INFO - [2025-05-31T21:01:16.995-0300] {dag.py:3036} INFO - Sync 1 DAGs
[2025-05-31T21:01:17.009-0300] {logging_mixin.py:188} INFO - [2025-05-31T21:01:17.009-0300] {dag.py:3823} INFO - Setting next_dagrun for example_short_circuit_operator to 2025-05-31 00:00:00+00:00, run_after=2025-06-01 00:00:00+00:00
[2025-05-31T21:01:17.025-0300] {processor.py:183} INFO - Processing /home/walterg/Documentos/Data_projects/Data-Warehouse-postgres-DBT-airflow-/.venv/lib/python3.11/site-packages/airflow/example_dags/example_short_circuit_operator.py took 0.060 seconds
[2025-05-31T21:01:59.285-0300] {processor.py:161} INFO - Started process (PID=33098) to work on /home/walterg/Documentos/Data_projects/Data-Warehouse-postgres-DBT-airflow-/.venv/lib/python3.11/site-packages/airflow/example_dags/example_short_circuit_operator.py
[2025-05-31T21:01:59.290-0300] {processor.py:830} INFO - Processing file /home/walterg/Documentos/Data_projects/Data-Warehouse-postgres-DBT-airflow-/.venv/lib/python3.11/site-packages/airflow/example_dags/example_short_circuit_operator.py for tasks to queue
[2025-05-31T21:01:59.291-0300] {logging_mixin.py:188} INFO - [2025-05-31T21:01:59.291-0300] {dagbag.py:538} INFO - Filling up the DagBag from /home/walterg/Documentos/Data_projects/Data-Warehouse-postgres-DBT-airflow-/.venv/lib/python3.11/site-packages/airflow/example_dags/example_short_circuit_operator.py
[2025-05-31T21:01:59.298-0300] {processor.py:840} INFO - DAG(s) 'example_short_circuit_operator' retrieved from /home/walterg/Documentos/Data_projects/Data-Warehouse-postgres-DBT-airflow-/.venv/lib/python3.11/site-packages/airflow/example_dags/example_short_circuit_operator.py
[2025-05-31T21:01:59.311-0300] {logging_mixin.py:188} INFO - [2025-05-31T21:01:59.311-0300] {dag.py:3036} INFO - Sync 1 DAGs
[2025-05-31T21:01:59.325-0300] {logging_mixin.py:188} INFO - [2025-05-31T21:01:59.325-0300] {dag.py:3823} INFO - Setting next_dagrun for example_short_circuit_operator to 2025-05-31 00:00:00+00:00, run_after=2025-06-01 00:00:00+00:00
[2025-05-31T21:01:59.342-0300] {processor.py:183} INFO - Processing /home/walterg/Documentos/Data_projects/Data-Warehouse-postgres-DBT-airflow-/.venv/lib/python3.11/site-packages/airflow/example_dags/example_short_circuit_operator.py took 0.060 seconds
[2025-05-31T21:02:43.988-0300] {processor.py:161} INFO - Started process (PID=33382) to work on /home/walterg/Documentos/Data_projects/Data-Warehouse-postgres-DBT-airflow-/.venv/lib/python3.11/site-packages/airflow/example_dags/example_short_circuit_operator.py
[2025-05-31T21:02:43.988-0300] {processor.py:830} INFO - Processing file /home/walterg/Documentos/Data_projects/Data-Warehouse-postgres-DBT-airflow-/.venv/lib/python3.11/site-packages/airflow/example_dags/example_short_circuit_operator.py for tasks to queue
[2025-05-31T21:02:43.989-0300] {logging_mixin.py:188} INFO - [2025-05-31T21:02:43.989-0300] {dagbag.py:538} INFO - Filling up the DagBag from /home/walterg/Documentos/Data_projects/Data-Warehouse-postgres-DBT-airflow-/.venv/lib/python3.11/site-packages/airflow/example_dags/example_short_circuit_operator.py
[2025-05-31T21:02:43.996-0300] {processor.py:840} INFO - DAG(s) 'example_short_circuit_operator' retrieved from /home/walterg/Documentos/Data_projects/Data-Warehouse-postgres-DBT-airflow-/.venv/lib/python3.11/site-packages/airflow/example_dags/example_short_circuit_operator.py
[2025-05-31T21:02:44.009-0300] {logging_mixin.py:188} INFO - [2025-05-31T21:02:44.009-0300] {dag.py:3036} INFO - Sync 1 DAGs
[2025-05-31T21:02:44.022-0300] {logging_mixin.py:188} INFO - [2025-05-31T21:02:44.022-0300] {dag.py:3823} INFO - Setting next_dagrun for example_short_circuit_operator to 2025-05-31 00:00:00+00:00, run_after=2025-06-01 00:00:00+00:00
[2025-05-31T21:02:44.038-0300] {processor.py:183} INFO - Processing /home/walterg/Documentos/Data_projects/Data-Warehouse-postgres-DBT-airflow-/.venv/lib/python3.11/site-packages/airflow/example_dags/example_short_circuit_operator.py took 0.053 seconds
[2025-05-31T21:03:28.364-0300] {processor.py:161} INFO - Started process (PID=33634) to work on /home/walterg/Documentos/Data_projects/Data-Warehouse-postgres-DBT-airflow-/.venv/lib/python3.11/site-packages/airflow/example_dags/example_short_circuit_operator.py
[2025-05-31T21:03:28.370-0300] {processor.py:830} INFO - Processing file /home/walterg/Documentos/Data_projects/Data-Warehouse-postgres-DBT-airflow-/.venv/lib/python3.11/site-packages/airflow/example_dags/example_short_circuit_operator.py for tasks to queue
[2025-05-31T21:03:28.370-0300] {logging_mixin.py:188} INFO - [2025-05-31T21:03:28.370-0300] {dagbag.py:538} INFO - Filling up the DagBag from /home/walterg/Documentos/Data_projects/Data-Warehouse-postgres-DBT-airflow-/.venv/lib/python3.11/site-packages/airflow/example_dags/example_short_circuit_operator.py
[2025-05-31T21:03:28.377-0300] {processor.py:840} INFO - DAG(s) 'example_short_circuit_operator' retrieved from /home/walterg/Documentos/Data_projects/Data-Warehouse-postgres-DBT-airflow-/.venv/lib/python3.11/site-packages/airflow/example_dags/example_short_circuit_operator.py
[2025-05-31T21:03:28.392-0300] {logging_mixin.py:188} INFO - [2025-05-31T21:03:28.391-0300] {dag.py:3036} INFO - Sync 1 DAGs
[2025-05-31T21:03:28.407-0300] {logging_mixin.py:188} INFO - [2025-05-31T21:03:28.407-0300] {dag.py:3823} INFO - Setting next_dagrun for example_short_circuit_operator to 2025-05-31 00:00:00+00:00, run_after=2025-06-01 00:00:00+00:00
[2025-05-31T21:03:28.424-0300] {processor.py:183} INFO - Processing /home/walterg/Documentos/Data_projects/Data-Warehouse-postgres-DBT-airflow-/.venv/lib/python3.11/site-packages/airflow/example_dags/example_short_circuit_operator.py took 0.062 seconds
[2025-05-31T21:04:29.388-0300] {processor.py:161} INFO - Started process (PID=33873) to work on /home/walterg/Documentos/Data_projects/Data-Warehouse-postgres-DBT-airflow-/.venv/lib/python3.11/site-packages/airflow/example_dags/example_short_circuit_operator.py
[2025-05-31T21:04:29.394-0300] {processor.py:830} INFO - Processing file /home/walterg/Documentos/Data_projects/Data-Warehouse-postgres-DBT-airflow-/.venv/lib/python3.11/site-packages/airflow/example_dags/example_short_circuit_operator.py for tasks to queue
[2025-05-31T21:04:29.396-0300] {logging_mixin.py:188} INFO - [2025-05-31T21:04:29.395-0300] {dagbag.py:538} INFO - Filling up the DagBag from /home/walterg/Documentos/Data_projects/Data-Warehouse-postgres-DBT-airflow-/.venv/lib/python3.11/site-packages/airflow/example_dags/example_short_circuit_operator.py
[2025-05-31T21:04:29.403-0300] {processor.py:840} INFO - DAG(s) 'example_short_circuit_operator' retrieved from /home/walterg/Documentos/Data_projects/Data-Warehouse-postgres-DBT-airflow-/.venv/lib/python3.11/site-packages/airflow/example_dags/example_short_circuit_operator.py
[2025-05-31T21:04:29.418-0300] {logging_mixin.py:188} INFO - [2025-05-31T21:04:29.418-0300] {dag.py:3036} INFO - Sync 1 DAGs
[2025-05-31T21:04:29.433-0300] {logging_mixin.py:188} INFO - [2025-05-31T21:04:29.433-0300] {dag.py:3823} INFO - Setting next_dagrun for example_short_circuit_operator to 2025-05-31 00:00:00+00:00, run_after=2025-06-01 00:00:00+00:00
[2025-05-31T21:04:29.451-0300] {processor.py:183} INFO - Processing /home/walterg/Documentos/Data_projects/Data-Warehouse-postgres-DBT-airflow-/.venv/lib/python3.11/site-packages/airflow/example_dags/example_short_circuit_operator.py took 0.065 seconds
[2025-05-31T21:05:16.511-0300] {processor.py:161} INFO - Started process (PID=34104) to work on /home/walterg/Documentos/Data_projects/Data-Warehouse-postgres-DBT-airflow-/.venv/lib/python3.11/site-packages/airflow/example_dags/example_short_circuit_operator.py
[2025-05-31T21:05:16.512-0300] {processor.py:830} INFO - Processing file /home/walterg/Documentos/Data_projects/Data-Warehouse-postgres-DBT-airflow-/.venv/lib/python3.11/site-packages/airflow/example_dags/example_short_circuit_operator.py for tasks to queue
[2025-05-31T21:05:16.513-0300] {logging_mixin.py:188} INFO - [2025-05-31T21:05:16.512-0300] {dagbag.py:538} INFO - Filling up the DagBag from /home/walterg/Documentos/Data_projects/Data-Warehouse-postgres-DBT-airflow-/.venv/lib/python3.11/site-packages/airflow/example_dags/example_short_circuit_operator.py
[2025-05-31T21:05:16.520-0300] {processor.py:840} INFO - DAG(s) 'example_short_circuit_operator' retrieved from /home/walterg/Documentos/Data_projects/Data-Warehouse-postgres-DBT-airflow-/.venv/lib/python3.11/site-packages/airflow/example_dags/example_short_circuit_operator.py
[2025-05-31T21:05:16.533-0300] {logging_mixin.py:188} INFO - [2025-05-31T21:05:16.533-0300] {dag.py:3036} INFO - Sync 1 DAGs
[2025-05-31T21:05:16.546-0300] {logging_mixin.py:188} INFO - [2025-05-31T21:05:16.546-0300] {dag.py:3823} INFO - Setting next_dagrun for example_short_circuit_operator to 2025-05-31 00:00:00+00:00, run_after=2025-06-01 00:00:00+00:00
[2025-05-31T21:05:16.563-0300] {processor.py:183} INFO - Processing /home/walterg/Documentos/Data_projects/Data-Warehouse-postgres-DBT-airflow-/.venv/lib/python3.11/site-packages/airflow/example_dags/example_short_circuit_operator.py took 0.055 seconds
[2025-05-31T21:05:58.229-0300] {processor.py:161} INFO - Started process (PID=34310) to work on /home/walterg/Documentos/Data_projects/Data-Warehouse-postgres-DBT-airflow-/.venv/lib/python3.11/site-packages/airflow/example_dags/example_short_circuit_operator.py
[2025-05-31T21:05:58.231-0300] {processor.py:830} INFO - Processing file /home/walterg/Documentos/Data_projects/Data-Warehouse-postgres-DBT-airflow-/.venv/lib/python3.11/site-packages/airflow/example_dags/example_short_circuit_operator.py for tasks to queue
[2025-05-31T21:05:58.232-0300] {logging_mixin.py:188} INFO - [2025-05-31T21:05:58.231-0300] {dagbag.py:538} INFO - Filling up the DagBag from /home/walterg/Documentos/Data_projects/Data-Warehouse-postgres-DBT-airflow-/.venv/lib/python3.11/site-packages/airflow/example_dags/example_short_circuit_operator.py
[2025-05-31T21:05:58.240-0300] {processor.py:840} INFO - DAG(s) 'example_short_circuit_operator' retrieved from /home/walterg/Documentos/Data_projects/Data-Warehouse-postgres-DBT-airflow-/.venv/lib/python3.11/site-packages/airflow/example_dags/example_short_circuit_operator.py
[2025-05-31T21:05:58.255-0300] {logging_mixin.py:188} INFO - [2025-05-31T21:05:58.255-0300] {dag.py:3036} INFO - Sync 1 DAGs
[2025-05-31T21:05:58.268-0300] {logging_mixin.py:188} INFO - [2025-05-31T21:05:58.268-0300] {dag.py:3823} INFO - Setting next_dagrun for example_short_circuit_operator to 2025-05-31 00:00:00+00:00, run_after=2025-06-01 00:00:00+00:00
[2025-05-31T21:05:58.284-0300] {processor.py:183} INFO - Processing /home/walterg/Documentos/Data_projects/Data-Warehouse-postgres-DBT-airflow-/.venv/lib/python3.11/site-packages/airflow/example_dags/example_short_circuit_operator.py took 0.058 seconds
[2025-05-31T21:06:42.343-0300] {processor.py:161} INFO - Started process (PID=34573) to work on /home/walterg/Documentos/Data_projects/Data-Warehouse-postgres-DBT-airflow-/.venv/lib/python3.11/site-packages/airflow/example_dags/example_short_circuit_operator.py
[2025-05-31T21:06:42.348-0300] {processor.py:830} INFO - Processing file /home/walterg/Documentos/Data_projects/Data-Warehouse-postgres-DBT-airflow-/.venv/lib/python3.11/site-packages/airflow/example_dags/example_short_circuit_operator.py for tasks to queue
[2025-05-31T21:06:42.350-0300] {logging_mixin.py:188} INFO - [2025-05-31T21:06:42.349-0300] {dagbag.py:538} INFO - Filling up the DagBag from /home/walterg/Documentos/Data_projects/Data-Warehouse-postgres-DBT-airflow-/.venv/lib/python3.11/site-packages/airflow/example_dags/example_short_circuit_operator.py
[2025-05-31T21:06:42.356-0300] {processor.py:840} INFO - DAG(s) 'example_short_circuit_operator' retrieved from /home/walterg/Documentos/Data_projects/Data-Warehouse-postgres-DBT-airflow-/.venv/lib/python3.11/site-packages/airflow/example_dags/example_short_circuit_operator.py
[2025-05-31T21:06:42.369-0300] {logging_mixin.py:188} INFO - [2025-05-31T21:06:42.369-0300] {dag.py:3036} INFO - Sync 1 DAGs
[2025-05-31T21:06:42.382-0300] {logging_mixin.py:188} INFO - [2025-05-31T21:06:42.382-0300] {dag.py:3823} INFO - Setting next_dagrun for example_short_circuit_operator to 2025-05-31 00:00:00+00:00, run_after=2025-06-01 00:00:00+00:00
[2025-05-31T21:06:42.400-0300] {processor.py:183} INFO - Processing /home/walterg/Documentos/Data_projects/Data-Warehouse-postgres-DBT-airflow-/.venv/lib/python3.11/site-packages/airflow/example_dags/example_short_circuit_operator.py took 0.059 seconds
[2025-05-31T21:07:26.551-0300] {processor.py:161} INFO - Started process (PID=34814) to work on /home/walterg/Documentos/Data_projects/Data-Warehouse-postgres-DBT-airflow-/.venv/lib/python3.11/site-packages/airflow/example_dags/example_short_circuit_operator.py
[2025-05-31T21:07:26.556-0300] {processor.py:830} INFO - Processing file /home/walterg/Documentos/Data_projects/Data-Warehouse-postgres-DBT-airflow-/.venv/lib/python3.11/site-packages/airflow/example_dags/example_short_circuit_operator.py for tasks to queue
[2025-05-31T21:07:26.556-0300] {logging_mixin.py:188} INFO - [2025-05-31T21:07:26.556-0300] {dagbag.py:538} INFO - Filling up the DagBag from /home/walterg/Documentos/Data_projects/Data-Warehouse-postgres-DBT-airflow-/.venv/lib/python3.11/site-packages/airflow/example_dags/example_short_circuit_operator.py
[2025-05-31T21:07:26.563-0300] {processor.py:840} INFO - DAG(s) 'example_short_circuit_operator' retrieved from /home/walterg/Documentos/Data_projects/Data-Warehouse-postgres-DBT-airflow-/.venv/lib/python3.11/site-packages/airflow/example_dags/example_short_circuit_operator.py
[2025-05-31T21:07:26.576-0300] {logging_mixin.py:188} INFO - [2025-05-31T21:07:26.576-0300] {dag.py:3036} INFO - Sync 1 DAGs
[2025-05-31T21:07:26.589-0300] {logging_mixin.py:188} INFO - [2025-05-31T21:07:26.589-0300] {dag.py:3823} INFO - Setting next_dagrun for example_short_circuit_operator to 2025-05-31 00:00:00+00:00, run_after=2025-06-01 00:00:00+00:00
[2025-05-31T21:07:26.605-0300] {processor.py:183} INFO - Processing /home/walterg/Documentos/Data_projects/Data-Warehouse-postgres-DBT-airflow-/.venv/lib/python3.11/site-packages/airflow/example_dags/example_short_circuit_operator.py took 0.056 seconds
[2025-05-31T21:08:14.227-0300] {processor.py:161} INFO - Started process (PID=35079) to work on /home/walterg/Documentos/Data_projects/Data-Warehouse-postgres-DBT-airflow-/.venv/lib/python3.11/site-packages/airflow/example_dags/example_short_circuit_operator.py
[2025-05-31T21:08:14.233-0300] {processor.py:830} INFO - Processing file /home/walterg/Documentos/Data_projects/Data-Warehouse-postgres-DBT-airflow-/.venv/lib/python3.11/site-packages/airflow/example_dags/example_short_circuit_operator.py for tasks to queue
[2025-05-31T21:08:14.234-0300] {logging_mixin.py:188} INFO - [2025-05-31T21:08:14.234-0300] {dagbag.py:538} INFO - Filling up the DagBag from /home/walterg/Documentos/Data_projects/Data-Warehouse-postgres-DBT-airflow-/.venv/lib/python3.11/site-packages/airflow/example_dags/example_short_circuit_operator.py
[2025-05-31T21:08:14.241-0300] {processor.py:840} INFO - DAG(s) 'example_short_circuit_operator' retrieved from /home/walterg/Documentos/Data_projects/Data-Warehouse-postgres-DBT-airflow-/.venv/lib/python3.11/site-packages/airflow/example_dags/example_short_circuit_operator.py
[2025-05-31T21:08:14.255-0300] {logging_mixin.py:188} INFO - [2025-05-31T21:08:14.255-0300] {dag.py:3036} INFO - Sync 1 DAGs
[2025-05-31T21:08:14.270-0300] {logging_mixin.py:188} INFO - [2025-05-31T21:08:14.269-0300] {dag.py:3823} INFO - Setting next_dagrun for example_short_circuit_operator to 2025-05-31 00:00:00+00:00, run_after=2025-06-01 00:00:00+00:00
[2025-05-31T21:08:14.286-0300] {processor.py:183} INFO - Processing /home/walterg/Documentos/Data_projects/Data-Warehouse-postgres-DBT-airflow-/.venv/lib/python3.11/site-packages/airflow/example_dags/example_short_circuit_operator.py took 0.061 seconds
[2025-05-31T21:09:11.126-0300] {processor.py:161} INFO - Started process (PID=35374) to work on /home/walterg/Documentos/Data_projects/Data-Warehouse-postgres-DBT-airflow-/.venv/lib/python3.11/site-packages/airflow/example_dags/example_short_circuit_operator.py
[2025-05-31T21:09:11.131-0300] {processor.py:830} INFO - Processing file /home/walterg/Documentos/Data_projects/Data-Warehouse-postgres-DBT-airflow-/.venv/lib/python3.11/site-packages/airflow/example_dags/example_short_circuit_operator.py for tasks to queue
[2025-05-31T21:09:11.132-0300] {logging_mixin.py:188} INFO - [2025-05-31T21:09:11.131-0300] {dagbag.py:538} INFO - Filling up the DagBag from /home/walterg/Documentos/Data_projects/Data-Warehouse-postgres-DBT-airflow-/.venv/lib/python3.11/site-packages/airflow/example_dags/example_short_circuit_operator.py
[2025-05-31T21:09:11.138-0300] {processor.py:840} INFO - DAG(s) 'example_short_circuit_operator' retrieved from /home/walterg/Documentos/Data_projects/Data-Warehouse-postgres-DBT-airflow-/.venv/lib/python3.11/site-packages/airflow/example_dags/example_short_circuit_operator.py
[2025-05-31T21:09:11.151-0300] {logging_mixin.py:188} INFO - [2025-05-31T21:09:11.151-0300] {dag.py:3036} INFO - Sync 1 DAGs
[2025-05-31T21:09:11.165-0300] {logging_mixin.py:188} INFO - [2025-05-31T21:09:11.165-0300] {dag.py:3823} INFO - Setting next_dagrun for example_short_circuit_operator to 2025-05-31 00:00:00+00:00, run_after=2025-06-01 00:00:00+00:00
[2025-05-31T21:09:11.185-0300] {processor.py:183} INFO - Processing /home/walterg/Documentos/Data_projects/Data-Warehouse-postgres-DBT-airflow-/.venv/lib/python3.11/site-packages/airflow/example_dags/example_short_circuit_operator.py took 0.061 seconds
[2025-05-31T21:10:12.721-0300] {processor.py:161} INFO - Started process (PID=35674) to work on /home/walterg/Documentos/Data_projects/Data-Warehouse-postgres-DBT-airflow-/.venv/lib/python3.11/site-packages/airflow/example_dags/example_short_circuit_operator.py
[2025-05-31T21:10:12.726-0300] {processor.py:830} INFO - Processing file /home/walterg/Documentos/Data_projects/Data-Warehouse-postgres-DBT-airflow-/.venv/lib/python3.11/site-packages/airflow/example_dags/example_short_circuit_operator.py for tasks to queue
[2025-05-31T21:10:12.726-0300] {logging_mixin.py:188} INFO - [2025-05-31T21:10:12.726-0300] {dagbag.py:538} INFO - Filling up the DagBag from /home/walterg/Documentos/Data_projects/Data-Warehouse-postgres-DBT-airflow-/.venv/lib/python3.11/site-packages/airflow/example_dags/example_short_circuit_operator.py
[2025-05-31T21:10:12.733-0300] {processor.py:840} INFO - DAG(s) 'example_short_circuit_operator' retrieved from /home/walterg/Documentos/Data_projects/Data-Warehouse-postgres-DBT-airflow-/.venv/lib/python3.11/site-packages/airflow/example_dags/example_short_circuit_operator.py
[2025-05-31T21:10:12.747-0300] {logging_mixin.py:188} INFO - [2025-05-31T21:10:12.746-0300] {dag.py:3036} INFO - Sync 1 DAGs
[2025-05-31T21:10:12.760-0300] {logging_mixin.py:188} INFO - [2025-05-31T21:10:12.760-0300] {dag.py:3823} INFO - Setting next_dagrun for example_short_circuit_operator to 2025-05-31 00:00:00+00:00, run_after=2025-06-01 00:00:00+00:00
[2025-05-31T21:10:12.777-0300] {processor.py:183} INFO - Processing /home/walterg/Documentos/Data_projects/Data-Warehouse-postgres-DBT-airflow-/.venv/lib/python3.11/site-packages/airflow/example_dags/example_short_circuit_operator.py took 0.059 seconds
[2025-05-31T21:10:54.275-0300] {processor.py:161} INFO - Started process (PID=35865) to work on /home/walterg/Documentos/Data_projects/Data-Warehouse-postgres-DBT-airflow-/.venv/lib/python3.11/site-packages/airflow/example_dags/example_short_circuit_operator.py
[2025-05-31T21:10:54.280-0300] {processor.py:830} INFO - Processing file /home/walterg/Documentos/Data_projects/Data-Warehouse-postgres-DBT-airflow-/.venv/lib/python3.11/site-packages/airflow/example_dags/example_short_circuit_operator.py for tasks to queue
[2025-05-31T21:10:54.281-0300] {logging_mixin.py:188} INFO - [2025-05-31T21:10:54.280-0300] {dagbag.py:538} INFO - Filling up the DagBag from /home/walterg/Documentos/Data_projects/Data-Warehouse-postgres-DBT-airflow-/.venv/lib/python3.11/site-packages/airflow/example_dags/example_short_circuit_operator.py
[2025-05-31T21:10:54.288-0300] {processor.py:840} INFO - DAG(s) 'example_short_circuit_operator' retrieved from /home/walterg/Documentos/Data_projects/Data-Warehouse-postgres-DBT-airflow-/.venv/lib/python3.11/site-packages/airflow/example_dags/example_short_circuit_operator.py
[2025-05-31T21:10:54.301-0300] {logging_mixin.py:188} INFO - [2025-05-31T21:10:54.301-0300] {dag.py:3036} INFO - Sync 1 DAGs
[2025-05-31T21:10:54.314-0300] {logging_mixin.py:188} INFO - [2025-05-31T21:10:54.314-0300] {dag.py:3823} INFO - Setting next_dagrun for example_short_circuit_operator to 2025-05-31 00:00:00+00:00, run_after=2025-06-01 00:00:00+00:00
[2025-05-31T21:10:54.330-0300] {processor.py:183} INFO - Processing /home/walterg/Documentos/Data_projects/Data-Warehouse-postgres-DBT-airflow-/.venv/lib/python3.11/site-packages/airflow/example_dags/example_short_circuit_operator.py took 0.058 seconds
[2025-05-31T21:11:37.975-0300] {processor.py:161} INFO - Started process (PID=36099) to work on /home/walterg/Documentos/Data_projects/Data-Warehouse-postgres-DBT-airflow-/.venv/lib/python3.11/site-packages/airflow/example_dags/example_short_circuit_operator.py
[2025-05-31T21:11:37.980-0300] {processor.py:830} INFO - Processing file /home/walterg/Documentos/Data_projects/Data-Warehouse-postgres-DBT-airflow-/.venv/lib/python3.11/site-packages/airflow/example_dags/example_short_circuit_operator.py for tasks to queue
[2025-05-31T21:11:37.981-0300] {logging_mixin.py:188} INFO - [2025-05-31T21:11:37.981-0300] {dagbag.py:538} INFO - Filling up the DagBag from /home/walterg/Documentos/Data_projects/Data-Warehouse-postgres-DBT-airflow-/.venv/lib/python3.11/site-packages/airflow/example_dags/example_short_circuit_operator.py
[2025-05-31T21:11:37.988-0300] {processor.py:840} INFO - DAG(s) 'example_short_circuit_operator' retrieved from /home/walterg/Documentos/Data_projects/Data-Warehouse-postgres-DBT-airflow-/.venv/lib/python3.11/site-packages/airflow/example_dags/example_short_circuit_operator.py
[2025-05-31T21:11:38.001-0300] {logging_mixin.py:188} INFO - [2025-05-31T21:11:38.001-0300] {dag.py:3036} INFO - Sync 1 DAGs
[2025-05-31T21:11:38.014-0300] {logging_mixin.py:188} INFO - [2025-05-31T21:11:38.014-0300] {dag.py:3823} INFO - Setting next_dagrun for example_short_circuit_operator to 2025-05-31 00:00:00+00:00, run_after=2025-06-01 00:00:00+00:00
[2025-05-31T21:11:38.030-0300] {processor.py:183} INFO - Processing /home/walterg/Documentos/Data_projects/Data-Warehouse-postgres-DBT-airflow-/.venv/lib/python3.11/site-packages/airflow/example_dags/example_short_circuit_operator.py took 0.057 seconds
[2025-05-31T21:12:23.381-0300] {processor.py:161} INFO - Started process (PID=36302) to work on /home/walterg/Documentos/Data_projects/Data-Warehouse-postgres-DBT-airflow-/.venv/lib/python3.11/site-packages/airflow/example_dags/example_short_circuit_operator.py
[2025-05-31T21:12:23.387-0300] {processor.py:830} INFO - Processing file /home/walterg/Documentos/Data_projects/Data-Warehouse-postgres-DBT-airflow-/.venv/lib/python3.11/site-packages/airflow/example_dags/example_short_circuit_operator.py for tasks to queue
[2025-05-31T21:12:23.388-0300] {logging_mixin.py:188} INFO - [2025-05-31T21:12:23.388-0300] {dagbag.py:538} INFO - Filling up the DagBag from /home/walterg/Documentos/Data_projects/Data-Warehouse-postgres-DBT-airflow-/.venv/lib/python3.11/site-packages/airflow/example_dags/example_short_circuit_operator.py
[2025-05-31T21:12:23.395-0300] {processor.py:840} INFO - DAG(s) 'example_short_circuit_operator' retrieved from /home/walterg/Documentos/Data_projects/Data-Warehouse-postgres-DBT-airflow-/.venv/lib/python3.11/site-packages/airflow/example_dags/example_short_circuit_operator.py
[2025-05-31T21:12:23.408-0300] {logging_mixin.py:188} INFO - [2025-05-31T21:12:23.408-0300] {dag.py:3036} INFO - Sync 1 DAGs
[2025-05-31T21:12:23.421-0300] {logging_mixin.py:188} INFO - [2025-05-31T21:12:23.421-0300] {dag.py:3823} INFO - Setting next_dagrun for example_short_circuit_operator to 2025-05-31 00:00:00+00:00, run_after=2025-06-01 00:00:00+00:00
[2025-05-31T21:12:23.437-0300] {processor.py:183} INFO - Processing /home/walterg/Documentos/Data_projects/Data-Warehouse-postgres-DBT-airflow-/.venv/lib/python3.11/site-packages/airflow/example_dags/example_short_circuit_operator.py took 0.059 seconds
[2025-05-31T21:13:23.925-0300] {processor.py:161} INFO - Started process (PID=36549) to work on /home/walterg/Documentos/Data_projects/Data-Warehouse-postgres-DBT-airflow-/.venv/lib/python3.11/site-packages/airflow/example_dags/example_short_circuit_operator.py
[2025-05-31T21:13:23.930-0300] {processor.py:830} INFO - Processing file /home/walterg/Documentos/Data_projects/Data-Warehouse-postgres-DBT-airflow-/.venv/lib/python3.11/site-packages/airflow/example_dags/example_short_circuit_operator.py for tasks to queue
[2025-05-31T21:13:23.931-0300] {logging_mixin.py:188} INFO - [2025-05-31T21:13:23.930-0300] {dagbag.py:538} INFO - Filling up the DagBag from /home/walterg/Documentos/Data_projects/Data-Warehouse-postgres-DBT-airflow-/.venv/lib/python3.11/site-packages/airflow/example_dags/example_short_circuit_operator.py
[2025-05-31T21:13:23.937-0300] {processor.py:840} INFO - DAG(s) 'example_short_circuit_operator' retrieved from /home/walterg/Documentos/Data_projects/Data-Warehouse-postgres-DBT-airflow-/.venv/lib/python3.11/site-packages/airflow/example_dags/example_short_circuit_operator.py
[2025-05-31T21:13:23.951-0300] {logging_mixin.py:188} INFO - [2025-05-31T21:13:23.951-0300] {dag.py:3036} INFO - Sync 1 DAGs
[2025-05-31T21:13:23.964-0300] {logging_mixin.py:188} INFO - [2025-05-31T21:13:23.964-0300] {dag.py:3823} INFO - Setting next_dagrun for example_short_circuit_operator to 2025-05-31 00:00:00+00:00, run_after=2025-06-01 00:00:00+00:00
[2025-05-31T21:13:23.982-0300] {processor.py:183} INFO - Processing /home/walterg/Documentos/Data_projects/Data-Warehouse-postgres-DBT-airflow-/.venv/lib/python3.11/site-packages/airflow/example_dags/example_short_circuit_operator.py took 0.060 seconds
[2025-05-31T21:14:11.388-0300] {processor.py:161} INFO - Started process (PID=36824) to work on /home/walterg/Documentos/Data_projects/Data-Warehouse-postgres-DBT-airflow-/.venv/lib/python3.11/site-packages/airflow/example_dags/example_short_circuit_operator.py
[2025-05-31T21:14:11.393-0300] {processor.py:830} INFO - Processing file /home/walterg/Documentos/Data_projects/Data-Warehouse-postgres-DBT-airflow-/.venv/lib/python3.11/site-packages/airflow/example_dags/example_short_circuit_operator.py for tasks to queue
[2025-05-31T21:14:11.394-0300] {logging_mixin.py:188} INFO - [2025-05-31T21:14:11.394-0300] {dagbag.py:538} INFO - Filling up the DagBag from /home/walterg/Documentos/Data_projects/Data-Warehouse-postgres-DBT-airflow-/.venv/lib/python3.11/site-packages/airflow/example_dags/example_short_circuit_operator.py
[2025-05-31T21:14:11.401-0300] {processor.py:840} INFO - DAG(s) 'example_short_circuit_operator' retrieved from /home/walterg/Documentos/Data_projects/Data-Warehouse-postgres-DBT-airflow-/.venv/lib/python3.11/site-packages/airflow/example_dags/example_short_circuit_operator.py
[2025-05-31T21:14:11.414-0300] {logging_mixin.py:188} INFO - [2025-05-31T21:14:11.414-0300] {dag.py:3036} INFO - Sync 1 DAGs
[2025-05-31T21:14:11.427-0300] {logging_mixin.py:188} INFO - [2025-05-31T21:14:11.427-0300] {dag.py:3823} INFO - Setting next_dagrun for example_short_circuit_operator to 2025-05-31 00:00:00+00:00, run_after=2025-06-01 00:00:00+00:00
[2025-05-31T21:14:11.444-0300] {processor.py:183} INFO - Processing /home/walterg/Documentos/Data_projects/Data-Warehouse-postgres-DBT-airflow-/.venv/lib/python3.11/site-packages/airflow/example_dags/example_short_circuit_operator.py took 0.059 seconds
[2025-05-31T21:14:52.391-0300] {processor.py:161} INFO - Started process (PID=36951) to work on /home/walterg/Documentos/Data_projects/Data-Warehouse-postgres-DBT-airflow-/.venv/lib/python3.11/site-packages/airflow/example_dags/example_short_circuit_operator.py
[2025-05-31T21:14:52.397-0300] {processor.py:830} INFO - Processing file /home/walterg/Documentos/Data_projects/Data-Warehouse-postgres-DBT-airflow-/.venv/lib/python3.11/site-packages/airflow/example_dags/example_short_circuit_operator.py for tasks to queue
[2025-05-31T21:14:52.398-0300] {logging_mixin.py:188} INFO - [2025-05-31T21:14:52.398-0300] {dagbag.py:538} INFO - Filling up the DagBag from /home/walterg/Documentos/Data_projects/Data-Warehouse-postgres-DBT-airflow-/.venv/lib/python3.11/site-packages/airflow/example_dags/example_short_circuit_operator.py
[2025-05-31T21:14:52.405-0300] {processor.py:840} INFO - DAG(s) 'example_short_circuit_operator' retrieved from /home/walterg/Documentos/Data_projects/Data-Warehouse-postgres-DBT-airflow-/.venv/lib/python3.11/site-packages/airflow/example_dags/example_short_circuit_operator.py
[2025-05-31T21:14:52.420-0300] {logging_mixin.py:188} INFO - [2025-05-31T21:14:52.419-0300] {dag.py:3036} INFO - Sync 1 DAGs
[2025-05-31T21:14:52.435-0300] {logging_mixin.py:188} INFO - [2025-05-31T21:14:52.434-0300] {dag.py:3823} INFO - Setting next_dagrun for example_short_circuit_operator to 2025-05-31 00:00:00+00:00, run_after=2025-06-01 00:00:00+00:00
[2025-05-31T21:14:52.452-0300] {processor.py:183} INFO - Processing /home/walterg/Documentos/Data_projects/Data-Warehouse-postgres-DBT-airflow-/.venv/lib/python3.11/site-packages/airflow/example_dags/example_short_circuit_operator.py took 0.063 seconds
[2025-05-31T21:15:51.752-0300] {processor.py:161} INFO - Started process (PID=37349) to work on /home/walterg/Documentos/Data_projects/Data-Warehouse-postgres-DBT-airflow-/.venv/lib/python3.11/site-packages/airflow/example_dags/example_short_circuit_operator.py
[2025-05-31T21:15:51.757-0300] {processor.py:830} INFO - Processing file /home/walterg/Documentos/Data_projects/Data-Warehouse-postgres-DBT-airflow-/.venv/lib/python3.11/site-packages/airflow/example_dags/example_short_circuit_operator.py for tasks to queue
[2025-05-31T21:15:51.758-0300] {logging_mixin.py:188} INFO - [2025-05-31T21:15:51.758-0300] {dagbag.py:538} INFO - Filling up the DagBag from /home/walterg/Documentos/Data_projects/Data-Warehouse-postgres-DBT-airflow-/.venv/lib/python3.11/site-packages/airflow/example_dags/example_short_circuit_operator.py
[2025-05-31T21:15:51.765-0300] {processor.py:840} INFO - DAG(s) 'example_short_circuit_operator' retrieved from /home/walterg/Documentos/Data_projects/Data-Warehouse-postgres-DBT-airflow-/.venv/lib/python3.11/site-packages/airflow/example_dags/example_short_circuit_operator.py
[2025-05-31T21:15:51.778-0300] {logging_mixin.py:188} INFO - [2025-05-31T21:15:51.778-0300] {dag.py:3036} INFO - Sync 1 DAGs
[2025-05-31T21:15:51.791-0300] {logging_mixin.py:188} INFO - [2025-05-31T21:15:51.791-0300] {dag.py:3823} INFO - Setting next_dagrun for example_short_circuit_operator to 2025-05-31 00:00:00+00:00, run_after=2025-06-01 00:00:00+00:00
[2025-05-31T21:15:51.904-0300] {processor.py:183} INFO - Processing /home/walterg/Documentos/Data_projects/Data-Warehouse-postgres-DBT-airflow-/.venv/lib/python3.11/site-packages/airflow/example_dags/example_short_circuit_operator.py took 0.154 seconds
[2025-05-31T21:16:51.836-0300] {processor.py:161} INFO - Started process (PID=37678) to work on /home/walterg/Documentos/Data_projects/Data-Warehouse-postgres-DBT-airflow-/.venv/lib/python3.11/site-packages/airflow/example_dags/example_short_circuit_operator.py
[2025-05-31T21:16:51.841-0300] {processor.py:830} INFO - Processing file /home/walterg/Documentos/Data_projects/Data-Warehouse-postgres-DBT-airflow-/.venv/lib/python3.11/site-packages/airflow/example_dags/example_short_circuit_operator.py for tasks to queue
[2025-05-31T21:16:51.842-0300] {logging_mixin.py:188} INFO - [2025-05-31T21:16:51.842-0300] {dagbag.py:538} INFO - Filling up the DagBag from /home/walterg/Documentos/Data_projects/Data-Warehouse-postgres-DBT-airflow-/.venv/lib/python3.11/site-packages/airflow/example_dags/example_short_circuit_operator.py
[2025-05-31T21:16:51.849-0300] {processor.py:840} INFO - DAG(s) 'example_short_circuit_operator' retrieved from /home/walterg/Documentos/Data_projects/Data-Warehouse-postgres-DBT-airflow-/.venv/lib/python3.11/site-packages/airflow/example_dags/example_short_circuit_operator.py
[2025-05-31T21:16:51.862-0300] {logging_mixin.py:188} INFO - [2025-05-31T21:16:51.862-0300] {dag.py:3036} INFO - Sync 1 DAGs
[2025-05-31T21:16:51.875-0300] {logging_mixin.py:188} INFO - [2025-05-31T21:16:51.875-0300] {dag.py:3823} INFO - Setting next_dagrun for example_short_circuit_operator to 2025-05-31 00:00:00+00:00, run_after=2025-06-01 00:00:00+00:00
[2025-05-31T21:16:51.892-0300] {processor.py:183} INFO - Processing /home/walterg/Documentos/Data_projects/Data-Warehouse-postgres-DBT-airflow-/.venv/lib/python3.11/site-packages/airflow/example_dags/example_short_circuit_operator.py took 0.058 seconds
[2025-05-31T21:17:36.660-0300] {processor.py:161} INFO - Started process (PID=37884) to work on /home/walterg/Documentos/Data_projects/Data-Warehouse-postgres-DBT-airflow-/.venv/lib/python3.11/site-packages/airflow/example_dags/example_short_circuit_operator.py
[2025-05-31T21:17:36.665-0300] {processor.py:830} INFO - Processing file /home/walterg/Documentos/Data_projects/Data-Warehouse-postgres-DBT-airflow-/.venv/lib/python3.11/site-packages/airflow/example_dags/example_short_circuit_operator.py for tasks to queue
[2025-05-31T21:17:36.666-0300] {logging_mixin.py:188} INFO - [2025-05-31T21:17:36.666-0300] {dagbag.py:538} INFO - Filling up the DagBag from /home/walterg/Documentos/Data_projects/Data-Warehouse-postgres-DBT-airflow-/.venv/lib/python3.11/site-packages/airflow/example_dags/example_short_circuit_operator.py
[2025-05-31T21:17:36.672-0300] {processor.py:840} INFO - DAG(s) 'example_short_circuit_operator' retrieved from /home/walterg/Documentos/Data_projects/Data-Warehouse-postgres-DBT-airflow-/.venv/lib/python3.11/site-packages/airflow/example_dags/example_short_circuit_operator.py
[2025-05-31T21:17:36.685-0300] {logging_mixin.py:188} INFO - [2025-05-31T21:17:36.685-0300] {dag.py:3036} INFO - Sync 1 DAGs
[2025-05-31T21:17:36.698-0300] {logging_mixin.py:188} INFO - [2025-05-31T21:17:36.697-0300] {dag.py:3823} INFO - Setting next_dagrun for example_short_circuit_operator to 2025-05-31 00:00:00+00:00, run_after=2025-06-01 00:00:00+00:00
[2025-05-31T21:17:36.714-0300] {processor.py:183} INFO - Processing /home/walterg/Documentos/Data_projects/Data-Warehouse-postgres-DBT-airflow-/.venv/lib/python3.11/site-packages/airflow/example_dags/example_short_circuit_operator.py took 0.056 seconds
[2025-05-31T21:18:23.231-0300] {processor.py:161} INFO - Started process (PID=38089) to work on /home/walterg/Documentos/Data_projects/Data-Warehouse-postgres-DBT-airflow-/.venv/lib/python3.11/site-packages/airflow/example_dags/example_short_circuit_operator.py
[2025-05-31T21:18:23.236-0300] {processor.py:830} INFO - Processing file /home/walterg/Documentos/Data_projects/Data-Warehouse-postgres-DBT-airflow-/.venv/lib/python3.11/site-packages/airflow/example_dags/example_short_circuit_operator.py for tasks to queue
[2025-05-31T21:18:23.237-0300] {logging_mixin.py:188} INFO - [2025-05-31T21:18:23.237-0300] {dagbag.py:538} INFO - Filling up the DagBag from /home/walterg/Documentos/Data_projects/Data-Warehouse-postgres-DBT-airflow-/.venv/lib/python3.11/site-packages/airflow/example_dags/example_short_circuit_operator.py
[2025-05-31T21:18:23.244-0300] {processor.py:840} INFO - DAG(s) 'example_short_circuit_operator' retrieved from /home/walterg/Documentos/Data_projects/Data-Warehouse-postgres-DBT-airflow-/.venv/lib/python3.11/site-packages/airflow/example_dags/example_short_circuit_operator.py
[2025-05-31T21:18:23.257-0300] {logging_mixin.py:188} INFO - [2025-05-31T21:18:23.257-0300] {dag.py:3036} INFO - Sync 1 DAGs
[2025-05-31T21:18:23.366-0300] {logging_mixin.py:188} INFO - [2025-05-31T21:18:23.365-0300] {dag.py:3823} INFO - Setting next_dagrun for example_short_circuit_operator to 2025-05-31 00:00:00+00:00, run_after=2025-06-01 00:00:00+00:00
[2025-05-31T21:18:23.385-0300] {processor.py:183} INFO - Processing /home/walterg/Documentos/Data_projects/Data-Warehouse-postgres-DBT-airflow-/.venv/lib/python3.11/site-packages/airflow/example_dags/example_short_circuit_operator.py took 0.157 seconds
[2025-05-31T21:19:07.753-0300] {processor.py:161} INFO - Started process (PID=38296) to work on /home/walterg/Documentos/Data_projects/Data-Warehouse-postgres-DBT-airflow-/.venv/lib/python3.11/site-packages/airflow/example_dags/example_short_circuit_operator.py
[2025-05-31T21:19:07.758-0300] {processor.py:830} INFO - Processing file /home/walterg/Documentos/Data_projects/Data-Warehouse-postgres-DBT-airflow-/.venv/lib/python3.11/site-packages/airflow/example_dags/example_short_circuit_operator.py for tasks to queue
[2025-05-31T21:19:07.760-0300] {logging_mixin.py:188} INFO - [2025-05-31T21:19:07.759-0300] {dagbag.py:538} INFO - Filling up the DagBag from /home/walterg/Documentos/Data_projects/Data-Warehouse-postgres-DBT-airflow-/.venv/lib/python3.11/site-packages/airflow/example_dags/example_short_circuit_operator.py
[2025-05-31T21:19:07.766-0300] {processor.py:840} INFO - DAG(s) 'example_short_circuit_operator' retrieved from /home/walterg/Documentos/Data_projects/Data-Warehouse-postgres-DBT-airflow-/.venv/lib/python3.11/site-packages/airflow/example_dags/example_short_circuit_operator.py
[2025-05-31T21:19:07.780-0300] {logging_mixin.py:188} INFO - [2025-05-31T21:19:07.780-0300] {dag.py:3036} INFO - Sync 1 DAGs
[2025-05-31T21:19:07.793-0300] {logging_mixin.py:188} INFO - [2025-05-31T21:19:07.793-0300] {dag.py:3823} INFO - Setting next_dagrun for example_short_circuit_operator to 2025-05-31 00:00:00+00:00, run_after=2025-06-01 00:00:00+00:00
[2025-05-31T21:19:07.810-0300] {processor.py:183} INFO - Processing /home/walterg/Documentos/Data_projects/Data-Warehouse-postgres-DBT-airflow-/.venv/lib/python3.11/site-packages/airflow/example_dags/example_short_circuit_operator.py took 0.059 seconds
[2025-05-31T21:19:50.471-0300] {processor.py:161} INFO - Started process (PID=38435) to work on /home/walterg/Documentos/Data_projects/Data-Warehouse-postgres-DBT-airflow-/.venv/lib/python3.11/site-packages/airflow/example_dags/example_short_circuit_operator.py
[2025-05-31T21:19:50.476-0300] {processor.py:830} INFO - Processing file /home/walterg/Documentos/Data_projects/Data-Warehouse-postgres-DBT-airflow-/.venv/lib/python3.11/site-packages/airflow/example_dags/example_short_circuit_operator.py for tasks to queue
[2025-05-31T21:19:50.478-0300] {logging_mixin.py:188} INFO - [2025-05-31T21:19:50.477-0300] {dagbag.py:538} INFO - Filling up the DagBag from /home/walterg/Documentos/Data_projects/Data-Warehouse-postgres-DBT-airflow-/.venv/lib/python3.11/site-packages/airflow/example_dags/example_short_circuit_operator.py
[2025-05-31T21:19:50.485-0300] {processor.py:840} INFO - DAG(s) 'example_short_circuit_operator' retrieved from /home/walterg/Documentos/Data_projects/Data-Warehouse-postgres-DBT-airflow-/.venv/lib/python3.11/site-packages/airflow/example_dags/example_short_circuit_operator.py
[2025-05-31T21:19:50.498-0300] {logging_mixin.py:188} INFO - [2025-05-31T21:19:50.498-0300] {dag.py:3036} INFO - Sync 1 DAGs
[2025-05-31T21:19:50.608-0300] {logging_mixin.py:188} INFO - [2025-05-31T21:19:50.608-0300] {dag.py:3823} INFO - Setting next_dagrun for example_short_circuit_operator to 2025-05-31 00:00:00+00:00, run_after=2025-06-01 00:00:00+00:00
[2025-05-31T21:19:50.628-0300] {processor.py:183} INFO - Processing /home/walterg/Documentos/Data_projects/Data-Warehouse-postgres-DBT-airflow-/.venv/lib/python3.11/site-packages/airflow/example_dags/example_short_circuit_operator.py took 0.159 seconds
[2025-05-31T21:20:32.212-0300] {processor.py:161} INFO - Started process (PID=38618) to work on /home/walterg/Documentos/Data_projects/Data-Warehouse-postgres-DBT-airflow-/.venv/lib/python3.11/site-packages/airflow/example_dags/example_short_circuit_operator.py
[2025-05-31T21:20:32.213-0300] {processor.py:830} INFO - Processing file /home/walterg/Documentos/Data_projects/Data-Warehouse-postgres-DBT-airflow-/.venv/lib/python3.11/site-packages/airflow/example_dags/example_short_circuit_operator.py for tasks to queue
[2025-05-31T21:20:32.214-0300] {logging_mixin.py:188} INFO - [2025-05-31T21:20:32.214-0300] {dagbag.py:538} INFO - Filling up the DagBag from /home/walterg/Documentos/Data_projects/Data-Warehouse-postgres-DBT-airflow-/.venv/lib/python3.11/site-packages/airflow/example_dags/example_short_circuit_operator.py
[2025-05-31T21:20:32.221-0300] {processor.py:840} INFO - DAG(s) 'example_short_circuit_operator' retrieved from /home/walterg/Documentos/Data_projects/Data-Warehouse-postgres-DBT-airflow-/.venv/lib/python3.11/site-packages/airflow/example_dags/example_short_circuit_operator.py
[2025-05-31T21:20:32.237-0300] {logging_mixin.py:188} INFO - [2025-05-31T21:20:32.237-0300] {dag.py:3036} INFO - Sync 1 DAGs
[2025-05-31T21:20:32.250-0300] {logging_mixin.py:188} INFO - [2025-05-31T21:20:32.250-0300] {dag.py:3823} INFO - Setting next_dagrun for example_short_circuit_operator to 2025-05-31 00:00:00+00:00, run_after=2025-06-01 00:00:00+00:00
[2025-05-31T21:20:32.267-0300] {processor.py:183} INFO - Processing /home/walterg/Documentos/Data_projects/Data-Warehouse-postgres-DBT-airflow-/.venv/lib/python3.11/site-packages/airflow/example_dags/example_short_circuit_operator.py took 0.057 seconds
[2025-05-31T21:21:33.522-0300] {processor.py:161} INFO - Started process (PID=38898) to work on /home/walterg/Documentos/Data_projects/Data-Warehouse-postgres-DBT-airflow-/.venv/lib/python3.11/site-packages/airflow/example_dags/example_short_circuit_operator.py
[2025-05-31T21:21:33.528-0300] {processor.py:830} INFO - Processing file /home/walterg/Documentos/Data_projects/Data-Warehouse-postgres-DBT-airflow-/.venv/lib/python3.11/site-packages/airflow/example_dags/example_short_circuit_operator.py for tasks to queue
[2025-05-31T21:21:33.528-0300] {logging_mixin.py:188} INFO - [2025-05-31T21:21:33.528-0300] {dagbag.py:538} INFO - Filling up the DagBag from /home/walterg/Documentos/Data_projects/Data-Warehouse-postgres-DBT-airflow-/.venv/lib/python3.11/site-packages/airflow/example_dags/example_short_circuit_operator.py
[2025-05-31T21:21:33.535-0300] {processor.py:840} INFO - DAG(s) 'example_short_circuit_operator' retrieved from /home/walterg/Documentos/Data_projects/Data-Warehouse-postgres-DBT-airflow-/.venv/lib/python3.11/site-packages/airflow/example_dags/example_short_circuit_operator.py
[2025-05-31T21:21:33.552-0300] {logging_mixin.py:188} INFO - [2025-05-31T21:21:33.552-0300] {dag.py:3036} INFO - Sync 1 DAGs
[2025-05-31T21:21:33.566-0300] {logging_mixin.py:188} INFO - [2025-05-31T21:21:33.566-0300] {dag.py:3823} INFO - Setting next_dagrun for example_short_circuit_operator to 2025-05-31 00:00:00+00:00, run_after=2025-06-01 00:00:00+00:00
[2025-05-31T21:21:33.583-0300] {processor.py:183} INFO - Processing /home/walterg/Documentos/Data_projects/Data-Warehouse-postgres-DBT-airflow-/.venv/lib/python3.11/site-packages/airflow/example_dags/example_short_circuit_operator.py took 0.063 seconds
[2025-05-31T21:22:33.743-0300] {processor.py:161} INFO - Started process (PID=39291) to work on /home/walterg/Documentos/Data_projects/Data-Warehouse-postgres-DBT-airflow-/.venv/lib/python3.11/site-packages/airflow/example_dags/example_short_circuit_operator.py
[2025-05-31T21:22:33.748-0300] {processor.py:830} INFO - Processing file /home/walterg/Documentos/Data_projects/Data-Warehouse-postgres-DBT-airflow-/.venv/lib/python3.11/site-packages/airflow/example_dags/example_short_circuit_operator.py for tasks to queue
[2025-05-31T21:22:33.749-0300] {logging_mixin.py:188} INFO - [2025-05-31T21:22:33.749-0300] {dagbag.py:538} INFO - Filling up the DagBag from /home/walterg/Documentos/Data_projects/Data-Warehouse-postgres-DBT-airflow-/.venv/lib/python3.11/site-packages/airflow/example_dags/example_short_circuit_operator.py
[2025-05-31T21:22:33.756-0300] {processor.py:840} INFO - DAG(s) 'example_short_circuit_operator' retrieved from /home/walterg/Documentos/Data_projects/Data-Warehouse-postgres-DBT-airflow-/.venv/lib/python3.11/site-packages/airflow/example_dags/example_short_circuit_operator.py
[2025-05-31T21:22:33.769-0300] {logging_mixin.py:188} INFO - [2025-05-31T21:22:33.769-0300] {dag.py:3036} INFO - Sync 1 DAGs
[2025-05-31T21:22:33.886-0300] {logging_mixin.py:188} INFO - [2025-05-31T21:22:33.886-0300] {dag.py:3823} INFO - Setting next_dagrun for example_short_circuit_operator to 2025-05-31 00:00:00+00:00, run_after=2025-06-01 00:00:00+00:00
[2025-05-31T21:22:33.905-0300] {processor.py:183} INFO - Processing /home/walterg/Documentos/Data_projects/Data-Warehouse-postgres-DBT-airflow-/.venv/lib/python3.11/site-packages/airflow/example_dags/example_short_circuit_operator.py took 0.164 seconds
[2025-05-31T21:23:19.941-0300] {processor.py:161} INFO - Started process (PID=39521) to work on /home/walterg/Documentos/Data_projects/Data-Warehouse-postgres-DBT-airflow-/.venv/lib/python3.11/site-packages/airflow/example_dags/example_short_circuit_operator.py
[2025-05-31T21:23:19.946-0300] {processor.py:830} INFO - Processing file /home/walterg/Documentos/Data_projects/Data-Warehouse-postgres-DBT-airflow-/.venv/lib/python3.11/site-packages/airflow/example_dags/example_short_circuit_operator.py for tasks to queue
[2025-05-31T21:23:19.947-0300] {logging_mixin.py:188} INFO - [2025-05-31T21:23:19.947-0300] {dagbag.py:538} INFO - Filling up the DagBag from /home/walterg/Documentos/Data_projects/Data-Warehouse-postgres-DBT-airflow-/.venv/lib/python3.11/site-packages/airflow/example_dags/example_short_circuit_operator.py
[2025-05-31T21:23:19.954-0300] {processor.py:840} INFO - DAG(s) 'example_short_circuit_operator' retrieved from /home/walterg/Documentos/Data_projects/Data-Warehouse-postgres-DBT-airflow-/.venv/lib/python3.11/site-packages/airflow/example_dags/example_short_circuit_operator.py
[2025-05-31T21:23:19.968-0300] {logging_mixin.py:188} INFO - [2025-05-31T21:23:19.967-0300] {dag.py:3036} INFO - Sync 1 DAGs
[2025-05-31T21:23:19.981-0300] {logging_mixin.py:188} INFO - [2025-05-31T21:23:19.981-0300] {dag.py:3823} INFO - Setting next_dagrun for example_short_circuit_operator to 2025-05-31 00:00:00+00:00, run_after=2025-06-01 00:00:00+00:00
[2025-05-31T21:23:19.997-0300] {processor.py:183} INFO - Processing /home/walterg/Documentos/Data_projects/Data-Warehouse-postgres-DBT-airflow-/.venv/lib/python3.11/site-packages/airflow/example_dags/example_short_circuit_operator.py took 0.059 seconds
[2025-05-31T21:24:08.512-0300] {processor.py:161} INFO - Started process (PID=39692) to work on /home/walterg/Documentos/Data_projects/Data-Warehouse-postgres-DBT-airflow-/.venv/lib/python3.11/site-packages/airflow/example_dags/example_short_circuit_operator.py
[2025-05-31T21:24:08.517-0300] {processor.py:830} INFO - Processing file /home/walterg/Documentos/Data_projects/Data-Warehouse-postgres-DBT-airflow-/.venv/lib/python3.11/site-packages/airflow/example_dags/example_short_circuit_operator.py for tasks to queue
[2025-05-31T21:24:08.519-0300] {logging_mixin.py:188} INFO - [2025-05-31T21:24:08.518-0300] {dagbag.py:538} INFO - Filling up the DagBag from /home/walterg/Documentos/Data_projects/Data-Warehouse-postgres-DBT-airflow-/.venv/lib/python3.11/site-packages/airflow/example_dags/example_short_circuit_operator.py
[2025-05-31T21:24:08.525-0300] {processor.py:840} INFO - DAG(s) 'example_short_circuit_operator' retrieved from /home/walterg/Documentos/Data_projects/Data-Warehouse-postgres-DBT-airflow-/.venv/lib/python3.11/site-packages/airflow/example_dags/example_short_circuit_operator.py
[2025-05-31T21:24:08.538-0300] {logging_mixin.py:188} INFO - [2025-05-31T21:24:08.538-0300] {dag.py:3036} INFO - Sync 1 DAGs
[2025-05-31T21:24:08.648-0300] {logging_mixin.py:188} INFO - [2025-05-31T21:24:08.647-0300] {dag.py:3823} INFO - Setting next_dagrun for example_short_circuit_operator to 2025-05-31 00:00:00+00:00, run_after=2025-06-01 00:00:00+00:00
[2025-05-31T21:24:08.668-0300] {processor.py:183} INFO - Processing /home/walterg/Documentos/Data_projects/Data-Warehouse-postgres-DBT-airflow-/.venv/lib/python3.11/site-packages/airflow/example_dags/example_short_circuit_operator.py took 0.159 seconds
[2025-05-31T21:24:56.029-0300] {processor.py:161} INFO - Started process (PID=39844) to work on /home/walterg/Documentos/Data_projects/Data-Warehouse-postgres-DBT-airflow-/.venv/lib/python3.11/site-packages/airflow/example_dags/example_short_circuit_operator.py
[2025-05-31T21:24:56.034-0300] {processor.py:830} INFO - Processing file /home/walterg/Documentos/Data_projects/Data-Warehouse-postgres-DBT-airflow-/.venv/lib/python3.11/site-packages/airflow/example_dags/example_short_circuit_operator.py for tasks to queue
[2025-05-31T21:24:56.035-0300] {logging_mixin.py:188} INFO - [2025-05-31T21:24:56.035-0300] {dagbag.py:538} INFO - Filling up the DagBag from /home/walterg/Documentos/Data_projects/Data-Warehouse-postgres-DBT-airflow-/.venv/lib/python3.11/site-packages/airflow/example_dags/example_short_circuit_operator.py
[2025-05-31T21:24:56.042-0300] {processor.py:840} INFO - DAG(s) 'example_short_circuit_operator' retrieved from /home/walterg/Documentos/Data_projects/Data-Warehouse-postgres-DBT-airflow-/.venv/lib/python3.11/site-packages/airflow/example_dags/example_short_circuit_operator.py
[2025-05-31T21:24:56.057-0300] {logging_mixin.py:188} INFO - [2025-05-31T21:24:56.057-0300] {dag.py:3036} INFO - Sync 1 DAGs
[2025-05-31T21:24:56.072-0300] {logging_mixin.py:188} INFO - [2025-05-31T21:24:56.072-0300] {dag.py:3823} INFO - Setting next_dagrun for example_short_circuit_operator to 2025-05-31 00:00:00+00:00, run_after=2025-06-01 00:00:00+00:00
[2025-05-31T21:24:56.089-0300] {processor.py:183} INFO - Processing /home/walterg/Documentos/Data_projects/Data-Warehouse-postgres-DBT-airflow-/.venv/lib/python3.11/site-packages/airflow/example_dags/example_short_circuit_operator.py took 0.063 seconds
[2025-05-31T21:25:41.415-0300] {processor.py:161} INFO - Started process (PID=40200) to work on /home/walterg/Documentos/Data_projects/Data-Warehouse-postgres-DBT-airflow-/.venv/lib/python3.11/site-packages/airflow/example_dags/example_short_circuit_operator.py
[2025-05-31T21:25:41.420-0300] {processor.py:830} INFO - Processing file /home/walterg/Documentos/Data_projects/Data-Warehouse-postgres-DBT-airflow-/.venv/lib/python3.11/site-packages/airflow/example_dags/example_short_circuit_operator.py for tasks to queue
[2025-05-31T21:25:41.421-0300] {logging_mixin.py:188} INFO - [2025-05-31T21:25:41.421-0300] {dagbag.py:538} INFO - Filling up the DagBag from /home/walterg/Documentos/Data_projects/Data-Warehouse-postgres-DBT-airflow-/.venv/lib/python3.11/site-packages/airflow/example_dags/example_short_circuit_operator.py
[2025-05-31T21:25:41.428-0300] {processor.py:840} INFO - DAG(s) 'example_short_circuit_operator' retrieved from /home/walterg/Documentos/Data_projects/Data-Warehouse-postgres-DBT-airflow-/.venv/lib/python3.11/site-packages/airflow/example_dags/example_short_circuit_operator.py
[2025-05-31T21:25:41.441-0300] {logging_mixin.py:188} INFO - [2025-05-31T21:25:41.441-0300] {dag.py:3036} INFO - Sync 1 DAGs
[2025-05-31T21:25:41.454-0300] {logging_mixin.py:188} INFO - [2025-05-31T21:25:41.453-0300] {dag.py:3823} INFO - Setting next_dagrun for example_short_circuit_operator to 2025-05-31 00:00:00+00:00, run_after=2025-06-01 00:00:00+00:00
[2025-05-31T21:25:41.470-0300] {processor.py:183} INFO - Processing /home/walterg/Documentos/Data_projects/Data-Warehouse-postgres-DBT-airflow-/.venv/lib/python3.11/site-packages/airflow/example_dags/example_short_circuit_operator.py took 0.057 seconds
[2025-05-31T21:26:40.578-0300] {processor.py:161} INFO - Started process (PID=40595) to work on /home/walterg/Documentos/Data_projects/Data-Warehouse-postgres-DBT-airflow-/.venv/lib/python3.11/site-packages/airflow/example_dags/example_short_circuit_operator.py
[2025-05-31T21:26:40.583-0300] {processor.py:830} INFO - Processing file /home/walterg/Documentos/Data_projects/Data-Warehouse-postgres-DBT-airflow-/.venv/lib/python3.11/site-packages/airflow/example_dags/example_short_circuit_operator.py for tasks to queue
[2025-05-31T21:26:40.585-0300] {logging_mixin.py:188} INFO - [2025-05-31T21:26:40.584-0300] {dagbag.py:538} INFO - Filling up the DagBag from /home/walterg/Documentos/Data_projects/Data-Warehouse-postgres-DBT-airflow-/.venv/lib/python3.11/site-packages/airflow/example_dags/example_short_circuit_operator.py
[2025-05-31T21:26:40.593-0300] {processor.py:840} INFO - DAG(s) 'example_short_circuit_operator' retrieved from /home/walterg/Documentos/Data_projects/Data-Warehouse-postgres-DBT-airflow-/.venv/lib/python3.11/site-packages/airflow/example_dags/example_short_circuit_operator.py
[2025-05-31T21:26:40.607-0300] {logging_mixin.py:188} INFO - [2025-05-31T21:26:40.607-0300] {dag.py:3036} INFO - Sync 1 DAGs
[2025-05-31T21:26:40.621-0300] {logging_mixin.py:188} INFO - [2025-05-31T21:26:40.621-0300] {dag.py:3823} INFO - Setting next_dagrun for example_short_circuit_operator to 2025-05-31 00:00:00+00:00, run_after=2025-06-01 00:00:00+00:00
[2025-05-31T21:26:40.641-0300] {processor.py:183} INFO - Processing /home/walterg/Documentos/Data_projects/Data-Warehouse-postgres-DBT-airflow-/.venv/lib/python3.11/site-packages/airflow/example_dags/example_short_circuit_operator.py took 0.066 seconds
[2025-05-31T21:27:22.773-0300] {processor.py:161} INFO - Started process (PID=40998) to work on /home/walterg/Documentos/Data_projects/Data-Warehouse-postgres-DBT-airflow-/.venv/lib/python3.11/site-packages/airflow/example_dags/example_short_circuit_operator.py
[2025-05-31T21:27:22.779-0300] {processor.py:830} INFO - Processing file /home/walterg/Documentos/Data_projects/Data-Warehouse-postgres-DBT-airflow-/.venv/lib/python3.11/site-packages/airflow/example_dags/example_short_circuit_operator.py for tasks to queue
[2025-05-31T21:27:22.780-0300] {logging_mixin.py:188} INFO - [2025-05-31T21:27:22.779-0300] {dagbag.py:538} INFO - Filling up the DagBag from /home/walterg/Documentos/Data_projects/Data-Warehouse-postgres-DBT-airflow-/.venv/lib/python3.11/site-packages/airflow/example_dags/example_short_circuit_operator.py
[2025-05-31T21:27:22.788-0300] {processor.py:840} INFO - DAG(s) 'example_short_circuit_operator' retrieved from /home/walterg/Documentos/Data_projects/Data-Warehouse-postgres-DBT-airflow-/.venv/lib/python3.11/site-packages/airflow/example_dags/example_short_circuit_operator.py
[2025-05-31T21:27:22.806-0300] {logging_mixin.py:188} INFO - [2025-05-31T21:27:22.806-0300] {dag.py:3036} INFO - Sync 1 DAGs
[2025-05-31T21:27:22.827-0300] {logging_mixin.py:188} INFO - [2025-05-31T21:27:22.827-0300] {dag.py:3823} INFO - Setting next_dagrun for example_short_circuit_operator to 2025-05-31 00:00:00+00:00, run_after=2025-06-01 00:00:00+00:00
[2025-05-31T21:27:22.851-0300] {processor.py:183} INFO - Processing /home/walterg/Documentos/Data_projects/Data-Warehouse-postgres-DBT-airflow-/.venv/lib/python3.11/site-packages/airflow/example_dags/example_short_circuit_operator.py took 0.081 seconds
[2025-05-31T21:28:23.316-0300] {processor.py:161} INFO - Started process (PID=41395) to work on /home/walterg/Documentos/Data_projects/Data-Warehouse-postgres-DBT-airflow-/.venv/lib/python3.11/site-packages/airflow/example_dags/example_short_circuit_operator.py
[2025-05-31T21:28:23.343-0300] {processor.py:830} INFO - Processing file /home/walterg/Documentos/Data_projects/Data-Warehouse-postgres-DBT-airflow-/.venv/lib/python3.11/site-packages/airflow/example_dags/example_short_circuit_operator.py for tasks to queue
[2025-05-31T21:28:23.344-0300] {logging_mixin.py:188} INFO - [2025-05-31T21:28:23.344-0300] {dagbag.py:538} INFO - Filling up the DagBag from /home/walterg/Documentos/Data_projects/Data-Warehouse-postgres-DBT-airflow-/.venv/lib/python3.11/site-packages/airflow/example_dags/example_short_circuit_operator.py
[2025-05-31T21:28:23.351-0300] {processor.py:840} INFO - DAG(s) 'example_short_circuit_operator' retrieved from /home/walterg/Documentos/Data_projects/Data-Warehouse-postgres-DBT-airflow-/.venv/lib/python3.11/site-packages/airflow/example_dags/example_short_circuit_operator.py
[2025-05-31T21:28:23.363-0300] {logging_mixin.py:188} INFO - [2025-05-31T21:28:23.363-0300] {dag.py:3036} INFO - Sync 1 DAGs
[2025-05-31T21:28:23.376-0300] {logging_mixin.py:188} INFO - [2025-05-31T21:28:23.376-0300] {dag.py:3823} INFO - Setting next_dagrun for example_short_circuit_operator to 2025-05-31 00:00:00+00:00, run_after=2025-06-01 00:00:00+00:00
[2025-05-31T21:28:23.392-0300] {processor.py:183} INFO - Processing /home/walterg/Documentos/Data_projects/Data-Warehouse-postgres-DBT-airflow-/.venv/lib/python3.11/site-packages/airflow/example_dags/example_short_circuit_operator.py took 0.079 seconds
[2025-05-31T21:29:24.988-0300] {processor.py:161} INFO - Started process (PID=41664) to work on /home/walterg/Documentos/Data_projects/Data-Warehouse-postgres-DBT-airflow-/.venv/lib/python3.11/site-packages/airflow/example_dags/example_short_circuit_operator.py
[2025-05-31T21:29:24.993-0300] {processor.py:830} INFO - Processing file /home/walterg/Documentos/Data_projects/Data-Warehouse-postgres-DBT-airflow-/.venv/lib/python3.11/site-packages/airflow/example_dags/example_short_circuit_operator.py for tasks to queue
[2025-05-31T21:29:24.994-0300] {logging_mixin.py:188} INFO - [2025-05-31T21:29:24.994-0300] {dagbag.py:538} INFO - Filling up the DagBag from /home/walterg/Documentos/Data_projects/Data-Warehouse-postgres-DBT-airflow-/.venv/lib/python3.11/site-packages/airflow/example_dags/example_short_circuit_operator.py
[2025-05-31T21:29:25.001-0300] {processor.py:840} INFO - DAG(s) 'example_short_circuit_operator' retrieved from /home/walterg/Documentos/Data_projects/Data-Warehouse-postgres-DBT-airflow-/.venv/lib/python3.11/site-packages/airflow/example_dags/example_short_circuit_operator.py
[2025-05-31T21:29:25.014-0300] {logging_mixin.py:188} INFO - [2025-05-31T21:29:25.014-0300] {dag.py:3036} INFO - Sync 1 DAGs
[2025-05-31T21:29:25.027-0300] {logging_mixin.py:188} INFO - [2025-05-31T21:29:25.027-0300] {dag.py:3823} INFO - Setting next_dagrun for example_short_circuit_operator to 2025-05-31 00:00:00+00:00, run_after=2025-06-01 00:00:00+00:00
[2025-05-31T21:29:25.044-0300] {processor.py:183} INFO - Processing /home/walterg/Documentos/Data_projects/Data-Warehouse-postgres-DBT-airflow-/.venv/lib/python3.11/site-packages/airflow/example_dags/example_short_circuit_operator.py took 0.058 seconds
[2025-05-31T21:30:23.146-0300] {processor.py:161} INFO - Started process (PID=41866) to work on /home/walterg/Documentos/Data_projects/Data-Warehouse-postgres-DBT-airflow-/.venv/lib/python3.11/site-packages/airflow/example_dags/example_short_circuit_operator.py
[2025-05-31T21:30:23.151-0300] {processor.py:830} INFO - Processing file /home/walterg/Documentos/Data_projects/Data-Warehouse-postgres-DBT-airflow-/.venv/lib/python3.11/site-packages/airflow/example_dags/example_short_circuit_operator.py for tasks to queue
[2025-05-31T21:30:23.152-0300] {logging_mixin.py:188} INFO - [2025-05-31T21:30:23.152-0300] {dagbag.py:538} INFO - Filling up the DagBag from /home/walterg/Documentos/Data_projects/Data-Warehouse-postgres-DBT-airflow-/.venv/lib/python3.11/site-packages/airflow/example_dags/example_short_circuit_operator.py
[2025-05-31T21:30:23.159-0300] {processor.py:840} INFO - DAG(s) 'example_short_circuit_operator' retrieved from /home/walterg/Documentos/Data_projects/Data-Warehouse-postgres-DBT-airflow-/.venv/lib/python3.11/site-packages/airflow/example_dags/example_short_circuit_operator.py
[2025-05-31T21:30:23.172-0300] {logging_mixin.py:188} INFO - [2025-05-31T21:30:23.172-0300] {dag.py:3036} INFO - Sync 1 DAGs
[2025-05-31T21:30:23.185-0300] {logging_mixin.py:188} INFO - [2025-05-31T21:30:23.185-0300] {dag.py:3823} INFO - Setting next_dagrun for example_short_circuit_operator to 2025-05-31 00:00:00+00:00, run_after=2025-06-01 00:00:00+00:00
[2025-05-31T21:30:23.202-0300] {processor.py:183} INFO - Processing /home/walterg/Documentos/Data_projects/Data-Warehouse-postgres-DBT-airflow-/.venv/lib/python3.11/site-packages/airflow/example_dags/example_short_circuit_operator.py took 0.059 seconds
[2025-05-31T21:31:23.630-0300] {processor.py:161} INFO - Started process (PID=42133) to work on /home/walterg/Documentos/Data_projects/Data-Warehouse-postgres-DBT-airflow-/.venv/lib/python3.11/site-packages/airflow/example_dags/example_short_circuit_operator.py
[2025-05-31T21:31:23.635-0300] {processor.py:830} INFO - Processing file /home/walterg/Documentos/Data_projects/Data-Warehouse-postgres-DBT-airflow-/.venv/lib/python3.11/site-packages/airflow/example_dags/example_short_circuit_operator.py for tasks to queue
[2025-05-31T21:31:23.637-0300] {logging_mixin.py:188} INFO - [2025-05-31T21:31:23.636-0300] {dagbag.py:538} INFO - Filling up the DagBag from /home/walterg/Documentos/Data_projects/Data-Warehouse-postgres-DBT-airflow-/.venv/lib/python3.11/site-packages/airflow/example_dags/example_short_circuit_operator.py
[2025-05-31T21:31:23.644-0300] {processor.py:840} INFO - DAG(s) 'example_short_circuit_operator' retrieved from /home/walterg/Documentos/Data_projects/Data-Warehouse-postgres-DBT-airflow-/.venv/lib/python3.11/site-packages/airflow/example_dags/example_short_circuit_operator.py
[2025-05-31T21:31:23.657-0300] {logging_mixin.py:188} INFO - [2025-05-31T21:31:23.656-0300] {dag.py:3036} INFO - Sync 1 DAGs
[2025-05-31T21:31:23.669-0300] {logging_mixin.py:188} INFO - [2025-05-31T21:31:23.669-0300] {dag.py:3823} INFO - Setting next_dagrun for example_short_circuit_operator to 2025-05-31 00:00:00+00:00, run_after=2025-06-01 00:00:00+00:00
[2025-05-31T21:31:23.686-0300] {processor.py:183} INFO - Processing /home/walterg/Documentos/Data_projects/Data-Warehouse-postgres-DBT-airflow-/.venv/lib/python3.11/site-packages/airflow/example_dags/example_short_circuit_operator.py took 0.058 seconds
[2025-05-31T21:32:22.338-0300] {processor.py:161} INFO - Started process (PID=42411) to work on /home/walterg/Documentos/Data_projects/Data-Warehouse-postgres-DBT-airflow-/.venv/lib/python3.11/site-packages/airflow/example_dags/example_short_circuit_operator.py
[2025-05-31T21:32:22.339-0300] {processor.py:830} INFO - Processing file /home/walterg/Documentos/Data_projects/Data-Warehouse-postgres-DBT-airflow-/.venv/lib/python3.11/site-packages/airflow/example_dags/example_short_circuit_operator.py for tasks to queue
[2025-05-31T21:32:22.340-0300] {logging_mixin.py:188} INFO - [2025-05-31T21:32:22.340-0300] {dagbag.py:538} INFO - Filling up the DagBag from /home/walterg/Documentos/Data_projects/Data-Warehouse-postgres-DBT-airflow-/.venv/lib/python3.11/site-packages/airflow/example_dags/example_short_circuit_operator.py
[2025-05-31T21:32:22.346-0300] {processor.py:840} INFO - DAG(s) 'example_short_circuit_operator' retrieved from /home/walterg/Documentos/Data_projects/Data-Warehouse-postgres-DBT-airflow-/.venv/lib/python3.11/site-packages/airflow/example_dags/example_short_circuit_operator.py
[2025-05-31T21:32:22.360-0300] {logging_mixin.py:188} INFO - [2025-05-31T21:32:22.360-0300] {dag.py:3036} INFO - Sync 1 DAGs
[2025-05-31T21:32:22.373-0300] {logging_mixin.py:188} INFO - [2025-05-31T21:32:22.372-0300] {dag.py:3823} INFO - Setting next_dagrun for example_short_circuit_operator to 2025-05-31 00:00:00+00:00, run_after=2025-06-01 00:00:00+00:00
[2025-05-31T21:32:22.388-0300] {processor.py:183} INFO - Processing /home/walterg/Documentos/Data_projects/Data-Warehouse-postgres-DBT-airflow-/.venv/lib/python3.11/site-packages/airflow/example_dags/example_short_circuit_operator.py took 0.052 seconds
[2025-05-31T21:33:09.765-0300] {processor.py:161} INFO - Started process (PID=42818) to work on /home/walterg/Documentos/Data_projects/Data-Warehouse-postgres-DBT-airflow-/.venv/lib/python3.11/site-packages/airflow/example_dags/example_short_circuit_operator.py
[2025-05-31T21:33:09.770-0300] {processor.py:830} INFO - Processing file /home/walterg/Documentos/Data_projects/Data-Warehouse-postgres-DBT-airflow-/.venv/lib/python3.11/site-packages/airflow/example_dags/example_short_circuit_operator.py for tasks to queue
[2025-05-31T21:33:09.771-0300] {logging_mixin.py:188} INFO - [2025-05-31T21:33:09.770-0300] {dagbag.py:538} INFO - Filling up the DagBag from /home/walterg/Documentos/Data_projects/Data-Warehouse-postgres-DBT-airflow-/.venv/lib/python3.11/site-packages/airflow/example_dags/example_short_circuit_operator.py
[2025-05-31T21:33:09.778-0300] {processor.py:840} INFO - DAG(s) 'example_short_circuit_operator' retrieved from /home/walterg/Documentos/Data_projects/Data-Warehouse-postgres-DBT-airflow-/.venv/lib/python3.11/site-packages/airflow/example_dags/example_short_circuit_operator.py
[2025-05-31T21:33:09.791-0300] {logging_mixin.py:188} INFO - [2025-05-31T21:33:09.791-0300] {dag.py:3036} INFO - Sync 1 DAGs
[2025-05-31T21:33:09.804-0300] {logging_mixin.py:188} INFO - [2025-05-31T21:33:09.804-0300] {dag.py:3823} INFO - Setting next_dagrun for example_short_circuit_operator to 2025-05-31 00:00:00+00:00, run_after=2025-06-01 00:00:00+00:00
[2025-05-31T21:33:09.821-0300] {processor.py:183} INFO - Processing /home/walterg/Documentos/Data_projects/Data-Warehouse-postgres-DBT-airflow-/.venv/lib/python3.11/site-packages/airflow/example_dags/example_short_circuit_operator.py took 0.059 seconds
[2025-05-31T21:34:07.514-0300] {processor.py:161} INFO - Started process (PID=42940) to work on /home/walterg/Documentos/Data_projects/Data-Warehouse-postgres-DBT-airflow-/.venv/lib/python3.11/site-packages/airflow/example_dags/example_short_circuit_operator.py
[2025-05-31T21:34:07.521-0300] {processor.py:830} INFO - Processing file /home/walterg/Documentos/Data_projects/Data-Warehouse-postgres-DBT-airflow-/.venv/lib/python3.11/site-packages/airflow/example_dags/example_short_circuit_operator.py for tasks to queue
[2025-05-31T21:34:07.522-0300] {logging_mixin.py:188} INFO - [2025-05-31T21:34:07.522-0300] {dagbag.py:538} INFO - Filling up the DagBag from /home/walterg/Documentos/Data_projects/Data-Warehouse-postgres-DBT-airflow-/.venv/lib/python3.11/site-packages/airflow/example_dags/example_short_circuit_operator.py
[2025-05-31T21:34:07.529-0300] {processor.py:840} INFO - DAG(s) 'example_short_circuit_operator' retrieved from /home/walterg/Documentos/Data_projects/Data-Warehouse-postgres-DBT-airflow-/.venv/lib/python3.11/site-packages/airflow/example_dags/example_short_circuit_operator.py
[2025-05-31T21:34:07.541-0300] {logging_mixin.py:188} INFO - [2025-05-31T21:34:07.541-0300] {dag.py:3036} INFO - Sync 1 DAGs
[2025-05-31T21:34:07.554-0300] {logging_mixin.py:188} INFO - [2025-05-31T21:34:07.554-0300] {dag.py:3823} INFO - Setting next_dagrun for example_short_circuit_operator to 2025-05-31 00:00:00+00:00, run_after=2025-06-01 00:00:00+00:00
[2025-05-31T21:34:07.571-0300] {processor.py:183} INFO - Processing /home/walterg/Documentos/Data_projects/Data-Warehouse-postgres-DBT-airflow-/.venv/lib/python3.11/site-packages/airflow/example_dags/example_short_circuit_operator.py took 0.059 seconds
