[2025-05-31T21:00:36.835-0300] {processor.py:161} INFO - Started process (PID=32687) to work on /home/walterg/Documentos/Data_projects/Data-Warehouse-postgres-DBT-airflow-/.venv/lib/python3.11/site-packages/airflow/example_dags/example_nested_branch_dag.py
[2025-05-31T21:00:36.836-0300] {processor.py:830} INFO - Processing file /home/walterg/Documentos/Data_projects/Data-Warehouse-postgres-DBT-airflow-/.venv/lib/python3.11/site-packages/airflow/example_dags/example_nested_branch_dag.py for tasks to queue
[2025-05-31T21:00:36.837-0300] {logging_mixin.py:188} INFO - [2025-05-31T21:00:36.836-0300] {dagbag.py:538} INFO - Filling up the DagBag from /home/walterg/Documentos/Data_projects/Data-Warehouse-postgres-DBT-airflow-/.venv/lib/python3.11/site-packages/airflow/example_dags/example_nested_branch_dag.py
[2025-05-31T21:00:36.845-0300] {processor.py:840} INFO - DAG(s) 'example_nested_branch_dag' retrieved from /home/walterg/Documentos/Data_projects/Data-Warehouse-postgres-DBT-airflow-/.venv/lib/python3.11/site-packages/airflow/example_dags/example_nested_branch_dag.py
[2025-05-31T21:00:36.857-0300] {logging_mixin.py:188} INFO - [2025-05-31T21:00:36.857-0300] {dag.py:3036} INFO - Sync 1 DAGs
[2025-05-31T21:00:36.871-0300] {logging_mixin.py:188} INFO - [2025-05-31T21:00:36.871-0300] {dag.py:3823} INFO - Setting next_dagrun for example_nested_branch_dag to 2025-05-31 00:00:00+00:00, run_after=2025-06-01 00:00:00+00:00
[2025-05-31T21:00:36.895-0300] {processor.py:183} INFO - Processing /home/walterg/Documentos/Data_projects/Data-Warehouse-postgres-DBT-airflow-/.venv/lib/python3.11/site-packages/airflow/example_dags/example_nested_branch_dag.py took 0.062 seconds
[2025-05-31T21:01:24.393-0300] {processor.py:161} INFO - Started process (PID=32952) to work on /home/walterg/Documentos/Data_projects/Data-Warehouse-postgres-DBT-airflow-/.venv/lib/python3.11/site-packages/airflow/example_dags/example_nested_branch_dag.py
[2025-05-31T21:01:24.399-0300] {processor.py:830} INFO - Processing file /home/walterg/Documentos/Data_projects/Data-Warehouse-postgres-DBT-airflow-/.venv/lib/python3.11/site-packages/airflow/example_dags/example_nested_branch_dag.py for tasks to queue
[2025-05-31T21:01:24.399-0300] {logging_mixin.py:188} INFO - [2025-05-31T21:01:24.399-0300] {dagbag.py:538} INFO - Filling up the DagBag from /home/walterg/Documentos/Data_projects/Data-Warehouse-postgres-DBT-airflow-/.venv/lib/python3.11/site-packages/airflow/example_dags/example_nested_branch_dag.py
[2025-05-31T21:01:24.407-0300] {processor.py:840} INFO - DAG(s) 'example_nested_branch_dag' retrieved from /home/walterg/Documentos/Data_projects/Data-Warehouse-postgres-DBT-airflow-/.venv/lib/python3.11/site-packages/airflow/example_dags/example_nested_branch_dag.py
[2025-05-31T21:01:24.420-0300] {logging_mixin.py:188} INFO - [2025-05-31T21:01:24.420-0300] {dag.py:3036} INFO - Sync 1 DAGs
[2025-05-31T21:01:24.434-0300] {logging_mixin.py:188} INFO - [2025-05-31T21:01:24.433-0300] {dag.py:3823} INFO - Setting next_dagrun for example_nested_branch_dag to 2025-05-31 00:00:00+00:00, run_after=2025-06-01 00:00:00+00:00
[2025-05-31T21:01:24.450-0300] {processor.py:183} INFO - Processing /home/walterg/Documentos/Data_projects/Data-Warehouse-postgres-DBT-airflow-/.venv/lib/python3.11/site-packages/airflow/example_dags/example_nested_branch_dag.py took 0.060 seconds
[2025-05-31T21:02:27.888-0300] {processor.py:161} INFO - Started process (PID=33353) to work on /home/walterg/Documentos/Data_projects/Data-Warehouse-postgres-DBT-airflow-/.venv/lib/python3.11/site-packages/airflow/example_dags/example_nested_branch_dag.py
[2025-05-31T21:02:27.893-0300] {processor.py:830} INFO - Processing file /home/walterg/Documentos/Data_projects/Data-Warehouse-postgres-DBT-airflow-/.venv/lib/python3.11/site-packages/airflow/example_dags/example_nested_branch_dag.py for tasks to queue
[2025-05-31T21:02:27.894-0300] {logging_mixin.py:188} INFO - [2025-05-31T21:02:27.894-0300] {dagbag.py:538} INFO - Filling up the DagBag from /home/walterg/Documentos/Data_projects/Data-Warehouse-postgres-DBT-airflow-/.venv/lib/python3.11/site-packages/airflow/example_dags/example_nested_branch_dag.py
[2025-05-31T21:02:27.902-0300] {processor.py:840} INFO - DAG(s) 'example_nested_branch_dag' retrieved from /home/walterg/Documentos/Data_projects/Data-Warehouse-postgres-DBT-airflow-/.venv/lib/python3.11/site-packages/airflow/example_dags/example_nested_branch_dag.py
[2025-05-31T21:02:27.915-0300] {logging_mixin.py:188} INFO - [2025-05-31T21:02:27.915-0300] {dag.py:3036} INFO - Sync 1 DAGs
[2025-05-31T21:02:27.929-0300] {logging_mixin.py:188} INFO - [2025-05-31T21:02:27.929-0300] {dag.py:3823} INFO - Setting next_dagrun for example_nested_branch_dag to 2025-05-31 00:00:00+00:00, run_after=2025-06-01 00:00:00+00:00
[2025-05-31T21:02:27.945-0300] {processor.py:183} INFO - Processing /home/walterg/Documentos/Data_projects/Data-Warehouse-postgres-DBT-airflow-/.venv/lib/python3.11/site-packages/airflow/example_dags/example_nested_branch_dag.py took 0.060 seconds
[2025-05-31T21:03:32.419-0300] {processor.py:161} INFO - Started process (PID=33643) to work on /home/walterg/Documentos/Data_projects/Data-Warehouse-postgres-DBT-airflow-/.venv/lib/python3.11/site-packages/airflow/example_dags/example_nested_branch_dag.py
[2025-05-31T21:03:32.424-0300] {processor.py:830} INFO - Processing file /home/walterg/Documentos/Data_projects/Data-Warehouse-postgres-DBT-airflow-/.venv/lib/python3.11/site-packages/airflow/example_dags/example_nested_branch_dag.py for tasks to queue
[2025-05-31T21:03:32.426-0300] {logging_mixin.py:188} INFO - [2025-05-31T21:03:32.425-0300] {dagbag.py:538} INFO - Filling up the DagBag from /home/walterg/Documentos/Data_projects/Data-Warehouse-postgres-DBT-airflow-/.venv/lib/python3.11/site-packages/airflow/example_dags/example_nested_branch_dag.py
[2025-05-31T21:03:32.435-0300] {processor.py:840} INFO - DAG(s) 'example_nested_branch_dag' retrieved from /home/walterg/Documentos/Data_projects/Data-Warehouse-postgres-DBT-airflow-/.venv/lib/python3.11/site-packages/airflow/example_dags/example_nested_branch_dag.py
[2025-05-31T21:03:32.450-0300] {logging_mixin.py:188} INFO - [2025-05-31T21:03:32.449-0300] {dag.py:3036} INFO - Sync 1 DAGs
[2025-05-31T21:03:32.464-0300] {logging_mixin.py:188} INFO - [2025-05-31T21:03:32.463-0300] {dag.py:3823} INFO - Setting next_dagrun for example_nested_branch_dag to 2025-05-31 00:00:00+00:00, run_after=2025-06-01 00:00:00+00:00
[2025-05-31T21:03:32.482-0300] {processor.py:183} INFO - Processing /home/walterg/Documentos/Data_projects/Data-Warehouse-postgres-DBT-airflow-/.venv/lib/python3.11/site-packages/airflow/example_dags/example_nested_branch_dag.py took 0.066 seconds
[2025-05-31T21:04:34.304-0300] {processor.py:161} INFO - Started process (PID=33901) to work on /home/walterg/Documentos/Data_projects/Data-Warehouse-postgres-DBT-airflow-/.venv/lib/python3.11/site-packages/airflow/example_dags/example_nested_branch_dag.py
[2025-05-31T21:04:34.305-0300] {processor.py:830} INFO - Processing file /home/walterg/Documentos/Data_projects/Data-Warehouse-postgres-DBT-airflow-/.venv/lib/python3.11/site-packages/airflow/example_dags/example_nested_branch_dag.py for tasks to queue
[2025-05-31T21:04:34.306-0300] {logging_mixin.py:188} INFO - [2025-05-31T21:04:34.306-0300] {dagbag.py:538} INFO - Filling up the DagBag from /home/walterg/Documentos/Data_projects/Data-Warehouse-postgres-DBT-airflow-/.venv/lib/python3.11/site-packages/airflow/example_dags/example_nested_branch_dag.py
[2025-05-31T21:04:34.314-0300] {processor.py:840} INFO - DAG(s) 'example_nested_branch_dag' retrieved from /home/walterg/Documentos/Data_projects/Data-Warehouse-postgres-DBT-airflow-/.venv/lib/python3.11/site-packages/airflow/example_dags/example_nested_branch_dag.py
[2025-05-31T21:04:34.327-0300] {logging_mixin.py:188} INFO - [2025-05-31T21:04:34.327-0300] {dag.py:3036} INFO - Sync 1 DAGs
[2025-05-31T21:04:34.341-0300] {logging_mixin.py:188} INFO - [2025-05-31T21:04:34.341-0300] {dag.py:3823} INFO - Setting next_dagrun for example_nested_branch_dag to 2025-05-31 00:00:00+00:00, run_after=2025-06-01 00:00:00+00:00
[2025-05-31T21:04:34.359-0300] {processor.py:183} INFO - Processing /home/walterg/Documentos/Data_projects/Data-Warehouse-postgres-DBT-airflow-/.venv/lib/python3.11/site-packages/airflow/example_dags/example_nested_branch_dag.py took 0.057 seconds
[2025-05-31T21:05:40.015-0300] {processor.py:161} INFO - Started process (PID=34208) to work on /home/walterg/Documentos/Data_projects/Data-Warehouse-postgres-DBT-airflow-/.venv/lib/python3.11/site-packages/airflow/example_dags/example_nested_branch_dag.py
[2025-05-31T21:05:40.020-0300] {processor.py:830} INFO - Processing file /home/walterg/Documentos/Data_projects/Data-Warehouse-postgres-DBT-airflow-/.venv/lib/python3.11/site-packages/airflow/example_dags/example_nested_branch_dag.py for tasks to queue
[2025-05-31T21:05:40.021-0300] {logging_mixin.py:188} INFO - [2025-05-31T21:05:40.021-0300] {dagbag.py:538} INFO - Filling up the DagBag from /home/walterg/Documentos/Data_projects/Data-Warehouse-postgres-DBT-airflow-/.venv/lib/python3.11/site-packages/airflow/example_dags/example_nested_branch_dag.py
[2025-05-31T21:05:40.029-0300] {processor.py:840} INFO - DAG(s) 'example_nested_branch_dag' retrieved from /home/walterg/Documentos/Data_projects/Data-Warehouse-postgres-DBT-airflow-/.venv/lib/python3.11/site-packages/airflow/example_dags/example_nested_branch_dag.py
[2025-05-31T21:05:40.042-0300] {logging_mixin.py:188} INFO - [2025-05-31T21:05:40.042-0300] {dag.py:3036} INFO - Sync 1 DAGs
[2025-05-31T21:05:40.055-0300] {logging_mixin.py:188} INFO - [2025-05-31T21:05:40.055-0300] {dag.py:3823} INFO - Setting next_dagrun for example_nested_branch_dag to 2025-05-31 00:00:00+00:00, run_after=2025-06-01 00:00:00+00:00
[2025-05-31T21:05:40.072-0300] {processor.py:183} INFO - Processing /home/walterg/Documentos/Data_projects/Data-Warehouse-postgres-DBT-airflow-/.venv/lib/python3.11/site-packages/airflow/example_dags/example_nested_branch_dag.py took 0.059 seconds
[2025-05-31T21:06:44.106-0300] {processor.py:161} INFO - Started process (PID=34575) to work on /home/walterg/Documentos/Data_projects/Data-Warehouse-postgres-DBT-airflow-/.venv/lib/python3.11/site-packages/airflow/example_dags/example_nested_branch_dag.py
[2025-05-31T21:06:44.111-0300] {processor.py:830} INFO - Processing file /home/walterg/Documentos/Data_projects/Data-Warehouse-postgres-DBT-airflow-/.venv/lib/python3.11/site-packages/airflow/example_dags/example_nested_branch_dag.py for tasks to queue
[2025-05-31T21:06:44.111-0300] {logging_mixin.py:188} INFO - [2025-05-31T21:06:44.111-0300] {dagbag.py:538} INFO - Filling up the DagBag from /home/walterg/Documentos/Data_projects/Data-Warehouse-postgres-DBT-airflow-/.venv/lib/python3.11/site-packages/airflow/example_dags/example_nested_branch_dag.py
[2025-05-31T21:06:44.120-0300] {processor.py:840} INFO - DAG(s) 'example_nested_branch_dag' retrieved from /home/walterg/Documentos/Data_projects/Data-Warehouse-postgres-DBT-airflow-/.venv/lib/python3.11/site-packages/airflow/example_dags/example_nested_branch_dag.py
[2025-05-31T21:06:44.133-0300] {logging_mixin.py:188} INFO - [2025-05-31T21:06:44.133-0300] {dag.py:3036} INFO - Sync 1 DAGs
[2025-05-31T21:06:44.146-0300] {logging_mixin.py:188} INFO - [2025-05-31T21:06:44.146-0300] {dag.py:3823} INFO - Setting next_dagrun for example_nested_branch_dag to 2025-05-31 00:00:00+00:00, run_after=2025-06-01 00:00:00+00:00
[2025-05-31T21:06:44.162-0300] {processor.py:183} INFO - Processing /home/walterg/Documentos/Data_projects/Data-Warehouse-postgres-DBT-airflow-/.venv/lib/python3.11/site-packages/airflow/example_dags/example_nested_branch_dag.py took 0.059 seconds
[2025-05-31T21:07:31.617-0300] {processor.py:161} INFO - Started process (PID=34823) to work on /home/walterg/Documentos/Data_projects/Data-Warehouse-postgres-DBT-airflow-/.venv/lib/python3.11/site-packages/airflow/example_dags/example_nested_branch_dag.py
[2025-05-31T21:07:31.622-0300] {processor.py:830} INFO - Processing file /home/walterg/Documentos/Data_projects/Data-Warehouse-postgres-DBT-airflow-/.venv/lib/python3.11/site-packages/airflow/example_dags/example_nested_branch_dag.py for tasks to queue
[2025-05-31T21:07:31.623-0300] {logging_mixin.py:188} INFO - [2025-05-31T21:07:31.623-0300] {dagbag.py:538} INFO - Filling up the DagBag from /home/walterg/Documentos/Data_projects/Data-Warehouse-postgres-DBT-airflow-/.venv/lib/python3.11/site-packages/airflow/example_dags/example_nested_branch_dag.py
[2025-05-31T21:07:31.631-0300] {processor.py:840} INFO - DAG(s) 'example_nested_branch_dag' retrieved from /home/walterg/Documentos/Data_projects/Data-Warehouse-postgres-DBT-airflow-/.venv/lib/python3.11/site-packages/airflow/example_dags/example_nested_branch_dag.py
[2025-05-31T21:07:31.643-0300] {logging_mixin.py:188} INFO - [2025-05-31T21:07:31.643-0300] {dag.py:3036} INFO - Sync 1 DAGs
[2025-05-31T21:07:31.656-0300] {logging_mixin.py:188} INFO - [2025-05-31T21:07:31.656-0300] {dag.py:3823} INFO - Setting next_dagrun for example_nested_branch_dag to 2025-05-31 00:00:00+00:00, run_after=2025-06-01 00:00:00+00:00
[2025-05-31T21:07:31.672-0300] {processor.py:183} INFO - Processing /home/walterg/Documentos/Data_projects/Data-Warehouse-postgres-DBT-airflow-/.venv/lib/python3.11/site-packages/airflow/example_dags/example_nested_branch_dag.py took 0.058 seconds
[2025-05-31T21:08:33.619-0300] {processor.py:161} INFO - Started process (PID=35138) to work on /home/walterg/Documentos/Data_projects/Data-Warehouse-postgres-DBT-airflow-/.venv/lib/python3.11/site-packages/airflow/example_dags/example_nested_branch_dag.py
[2025-05-31T21:08:33.624-0300] {processor.py:830} INFO - Processing file /home/walterg/Documentos/Data_projects/Data-Warehouse-postgres-DBT-airflow-/.venv/lib/python3.11/site-packages/airflow/example_dags/example_nested_branch_dag.py for tasks to queue
[2025-05-31T21:08:33.625-0300] {logging_mixin.py:188} INFO - [2025-05-31T21:08:33.625-0300] {dagbag.py:538} INFO - Filling up the DagBag from /home/walterg/Documentos/Data_projects/Data-Warehouse-postgres-DBT-airflow-/.venv/lib/python3.11/site-packages/airflow/example_dags/example_nested_branch_dag.py
[2025-05-31T21:08:33.634-0300] {processor.py:840} INFO - DAG(s) 'example_nested_branch_dag' retrieved from /home/walterg/Documentos/Data_projects/Data-Warehouse-postgres-DBT-airflow-/.venv/lib/python3.11/site-packages/airflow/example_dags/example_nested_branch_dag.py
[2025-05-31T21:08:33.648-0300] {logging_mixin.py:188} INFO - [2025-05-31T21:08:33.648-0300] {dag.py:3036} INFO - Sync 1 DAGs
[2025-05-31T21:08:33.662-0300] {logging_mixin.py:188} INFO - [2025-05-31T21:08:33.662-0300] {dag.py:3823} INFO - Setting next_dagrun for example_nested_branch_dag to 2025-05-31 00:00:00+00:00, run_after=2025-06-01 00:00:00+00:00
[2025-05-31T21:08:33.679-0300] {processor.py:183} INFO - Processing /home/walterg/Documentos/Data_projects/Data-Warehouse-postgres-DBT-airflow-/.venv/lib/python3.11/site-packages/airflow/example_dags/example_nested_branch_dag.py took 0.063 seconds
[2025-05-31T21:09:30.186-0300] {processor.py:161} INFO - Started process (PID=35436) to work on /home/walterg/Documentos/Data_projects/Data-Warehouse-postgres-DBT-airflow-/.venv/lib/python3.11/site-packages/airflow/example_dags/example_nested_branch_dag.py
[2025-05-31T21:09:30.191-0300] {processor.py:830} INFO - Processing file /home/walterg/Documentos/Data_projects/Data-Warehouse-postgres-DBT-airflow-/.venv/lib/python3.11/site-packages/airflow/example_dags/example_nested_branch_dag.py for tasks to queue
[2025-05-31T21:09:30.192-0300] {logging_mixin.py:188} INFO - [2025-05-31T21:09:30.192-0300] {dagbag.py:538} INFO - Filling up the DagBag from /home/walterg/Documentos/Data_projects/Data-Warehouse-postgres-DBT-airflow-/.venv/lib/python3.11/site-packages/airflow/example_dags/example_nested_branch_dag.py
[2025-05-31T21:09:30.200-0300] {processor.py:840} INFO - DAG(s) 'example_nested_branch_dag' retrieved from /home/walterg/Documentos/Data_projects/Data-Warehouse-postgres-DBT-airflow-/.venv/lib/python3.11/site-packages/airflow/example_dags/example_nested_branch_dag.py
[2025-05-31T21:09:30.213-0300] {logging_mixin.py:188} INFO - [2025-05-31T21:09:30.213-0300] {dag.py:3036} INFO - Sync 1 DAGs
[2025-05-31T21:09:30.227-0300] {logging_mixin.py:188} INFO - [2025-05-31T21:09:30.227-0300] {dag.py:3823} INFO - Setting next_dagrun for example_nested_branch_dag to 2025-05-31 00:00:00+00:00, run_after=2025-06-01 00:00:00+00:00
[2025-05-31T21:09:30.244-0300] {processor.py:183} INFO - Processing /home/walterg/Documentos/Data_projects/Data-Warehouse-postgres-DBT-airflow-/.venv/lib/python3.11/site-packages/airflow/example_dags/example_nested_branch_dag.py took 0.060 seconds
[2025-05-31T21:10:20.866-0300] {processor.py:161} INFO - Started process (PID=35743) to work on /home/walterg/Documentos/Data_projects/Data-Warehouse-postgres-DBT-airflow-/.venv/lib/python3.11/site-packages/airflow/example_dags/example_nested_branch_dag.py
[2025-05-31T21:10:20.867-0300] {processor.py:830} INFO - Processing file /home/walterg/Documentos/Data_projects/Data-Warehouse-postgres-DBT-airflow-/.venv/lib/python3.11/site-packages/airflow/example_dags/example_nested_branch_dag.py for tasks to queue
[2025-05-31T21:10:20.867-0300] {logging_mixin.py:188} INFO - [2025-05-31T21:10:20.867-0300] {dagbag.py:538} INFO - Filling up the DagBag from /home/walterg/Documentos/Data_projects/Data-Warehouse-postgres-DBT-airflow-/.venv/lib/python3.11/site-packages/airflow/example_dags/example_nested_branch_dag.py
[2025-05-31T21:10:20.875-0300] {processor.py:840} INFO - DAG(s) 'example_nested_branch_dag' retrieved from /home/walterg/Documentos/Data_projects/Data-Warehouse-postgres-DBT-airflow-/.venv/lib/python3.11/site-packages/airflow/example_dags/example_nested_branch_dag.py
[2025-05-31T21:10:20.888-0300] {logging_mixin.py:188} INFO - [2025-05-31T21:10:20.888-0300] {dag.py:3036} INFO - Sync 1 DAGs
[2025-05-31T21:10:20.902-0300] {logging_mixin.py:188} INFO - [2025-05-31T21:10:20.902-0300] {dag.py:3823} INFO - Setting next_dagrun for example_nested_branch_dag to 2025-05-31 00:00:00+00:00, run_after=2025-06-01 00:00:00+00:00
[2025-05-31T21:10:20.918-0300] {processor.py:183} INFO - Processing /home/walterg/Documentos/Data_projects/Data-Warehouse-postgres-DBT-airflow-/.venv/lib/python3.11/site-packages/airflow/example_dags/example_nested_branch_dag.py took 0.054 seconds
[2025-05-31T21:11:22.833-0300] {processor.py:161} INFO - Started process (PID=36058) to work on /home/walterg/Documentos/Data_projects/Data-Warehouse-postgres-DBT-airflow-/.venv/lib/python3.11/site-packages/airflow/example_dags/example_nested_branch_dag.py
[2025-05-31T21:11:22.838-0300] {processor.py:830} INFO - Processing file /home/walterg/Documentos/Data_projects/Data-Warehouse-postgres-DBT-airflow-/.venv/lib/python3.11/site-packages/airflow/example_dags/example_nested_branch_dag.py for tasks to queue
[2025-05-31T21:11:22.839-0300] {logging_mixin.py:188} INFO - [2025-05-31T21:11:22.839-0300] {dagbag.py:538} INFO - Filling up the DagBag from /home/walterg/Documentos/Data_projects/Data-Warehouse-postgres-DBT-airflow-/.venv/lib/python3.11/site-packages/airflow/example_dags/example_nested_branch_dag.py
[2025-05-31T21:11:22.848-0300] {processor.py:840} INFO - DAG(s) 'example_nested_branch_dag' retrieved from /home/walterg/Documentos/Data_projects/Data-Warehouse-postgres-DBT-airflow-/.venv/lib/python3.11/site-packages/airflow/example_dags/example_nested_branch_dag.py
[2025-05-31T21:11:22.862-0300] {logging_mixin.py:188} INFO - [2025-05-31T21:11:22.862-0300] {dag.py:3036} INFO - Sync 1 DAGs
[2025-05-31T21:11:22.876-0300] {logging_mixin.py:188} INFO - [2025-05-31T21:11:22.876-0300] {dag.py:3823} INFO - Setting next_dagrun for example_nested_branch_dag to 2025-05-31 00:00:00+00:00, run_after=2025-06-01 00:00:00+00:00
[2025-05-31T21:11:22.893-0300] {processor.py:183} INFO - Processing /home/walterg/Documentos/Data_projects/Data-Warehouse-postgres-DBT-airflow-/.venv/lib/python3.11/site-packages/airflow/example_dags/example_nested_branch_dag.py took 0.063 seconds
[2025-05-31T21:12:28.813-0300] {processor.py:161} INFO - Started process (PID=36307) to work on /home/walterg/Documentos/Data_projects/Data-Warehouse-postgres-DBT-airflow-/.venv/lib/python3.11/site-packages/airflow/example_dags/example_nested_branch_dag.py
[2025-05-31T21:12:28.818-0300] {processor.py:830} INFO - Processing file /home/walterg/Documentos/Data_projects/Data-Warehouse-postgres-DBT-airflow-/.venv/lib/python3.11/site-packages/airflow/example_dags/example_nested_branch_dag.py for tasks to queue
[2025-05-31T21:12:28.819-0300] {logging_mixin.py:188} INFO - [2025-05-31T21:12:28.819-0300] {dagbag.py:538} INFO - Filling up the DagBag from /home/walterg/Documentos/Data_projects/Data-Warehouse-postgres-DBT-airflow-/.venv/lib/python3.11/site-packages/airflow/example_dags/example_nested_branch_dag.py
[2025-05-31T21:12:28.827-0300] {processor.py:840} INFO - DAG(s) 'example_nested_branch_dag' retrieved from /home/walterg/Documentos/Data_projects/Data-Warehouse-postgres-DBT-airflow-/.venv/lib/python3.11/site-packages/airflow/example_dags/example_nested_branch_dag.py
[2025-05-31T21:12:28.840-0300] {logging_mixin.py:188} INFO - [2025-05-31T21:12:28.840-0300] {dag.py:3036} INFO - Sync 1 DAGs
[2025-05-31T21:12:28.854-0300] {logging_mixin.py:188} INFO - [2025-05-31T21:12:28.853-0300] {dag.py:3823} INFO - Setting next_dagrun for example_nested_branch_dag to 2025-05-31 00:00:00+00:00, run_after=2025-06-01 00:00:00+00:00
[2025-05-31T21:12:28.870-0300] {processor.py:183} INFO - Processing /home/walterg/Documentos/Data_projects/Data-Warehouse-postgres-DBT-airflow-/.venv/lib/python3.11/site-packages/airflow/example_dags/example_nested_branch_dag.py took 0.059 seconds
[2025-05-31T21:13:29.605-0300] {processor.py:161} INFO - Started process (PID=36554) to work on /home/walterg/Documentos/Data_projects/Data-Warehouse-postgres-DBT-airflow-/.venv/lib/python3.11/site-packages/airflow/example_dags/example_nested_branch_dag.py
[2025-05-31T21:13:29.610-0300] {processor.py:830} INFO - Processing file /home/walterg/Documentos/Data_projects/Data-Warehouse-postgres-DBT-airflow-/.venv/lib/python3.11/site-packages/airflow/example_dags/example_nested_branch_dag.py for tasks to queue
[2025-05-31T21:13:29.611-0300] {logging_mixin.py:188} INFO - [2025-05-31T21:13:29.610-0300] {dagbag.py:538} INFO - Filling up the DagBag from /home/walterg/Documentos/Data_projects/Data-Warehouse-postgres-DBT-airflow-/.venv/lib/python3.11/site-packages/airflow/example_dags/example_nested_branch_dag.py
[2025-05-31T21:13:29.619-0300] {processor.py:840} INFO - DAG(s) 'example_nested_branch_dag' retrieved from /home/walterg/Documentos/Data_projects/Data-Warehouse-postgres-DBT-airflow-/.venv/lib/python3.11/site-packages/airflow/example_dags/example_nested_branch_dag.py
[2025-05-31T21:13:29.632-0300] {logging_mixin.py:188} INFO - [2025-05-31T21:13:29.632-0300] {dag.py:3036} INFO - Sync 1 DAGs
[2025-05-31T21:13:29.645-0300] {logging_mixin.py:188} INFO - [2025-05-31T21:13:29.645-0300] {dag.py:3823} INFO - Setting next_dagrun for example_nested_branch_dag to 2025-05-31 00:00:00+00:00, run_after=2025-06-01 00:00:00+00:00
[2025-05-31T21:13:29.662-0300] {processor.py:183} INFO - Processing /home/walterg/Documentos/Data_projects/Data-Warehouse-postgres-DBT-airflow-/.venv/lib/python3.11/site-packages/airflow/example_dags/example_nested_branch_dag.py took 0.060 seconds
[2025-05-31T21:14:36.528-0300] {processor.py:161} INFO - Started process (PID=36889) to work on /home/walterg/Documentos/Data_projects/Data-Warehouse-postgres-DBT-airflow-/.venv/lib/python3.11/site-packages/airflow/example_dags/example_nested_branch_dag.py
[2025-05-31T21:14:36.533-0300] {processor.py:830} INFO - Processing file /home/walterg/Documentos/Data_projects/Data-Warehouse-postgres-DBT-airflow-/.venv/lib/python3.11/site-packages/airflow/example_dags/example_nested_branch_dag.py for tasks to queue
[2025-05-31T21:14:36.534-0300] {logging_mixin.py:188} INFO - [2025-05-31T21:14:36.533-0300] {dagbag.py:538} INFO - Filling up the DagBag from /home/walterg/Documentos/Data_projects/Data-Warehouse-postgres-DBT-airflow-/.venv/lib/python3.11/site-packages/airflow/example_dags/example_nested_branch_dag.py
[2025-05-31T21:14:36.542-0300] {processor.py:840} INFO - DAG(s) 'example_nested_branch_dag' retrieved from /home/walterg/Documentos/Data_projects/Data-Warehouse-postgres-DBT-airflow-/.venv/lib/python3.11/site-packages/airflow/example_dags/example_nested_branch_dag.py
[2025-05-31T21:14:36.555-0300] {logging_mixin.py:188} INFO - [2025-05-31T21:14:36.555-0300] {dag.py:3036} INFO - Sync 1 DAGs
[2025-05-31T21:14:36.568-0300] {logging_mixin.py:188} INFO - [2025-05-31T21:14:36.568-0300] {dag.py:3823} INFO - Setting next_dagrun for example_nested_branch_dag to 2025-05-31 00:00:00+00:00, run_after=2025-06-01 00:00:00+00:00
[2025-05-31T21:14:36.584-0300] {processor.py:183} INFO - Processing /home/walterg/Documentos/Data_projects/Data-Warehouse-postgres-DBT-airflow-/.venv/lib/python3.11/site-packages/airflow/example_dags/example_nested_branch_dag.py took 0.059 seconds
[2025-05-31T21:15:35.896-0300] {processor.py:161} INFO - Started process (PID=37275) to work on /home/walterg/Documentos/Data_projects/Data-Warehouse-postgres-DBT-airflow-/.venv/lib/python3.11/site-packages/airflow/example_dags/example_nested_branch_dag.py
[2025-05-31T21:15:35.901-0300] {processor.py:830} INFO - Processing file /home/walterg/Documentos/Data_projects/Data-Warehouse-postgres-DBT-airflow-/.venv/lib/python3.11/site-packages/airflow/example_dags/example_nested_branch_dag.py for tasks to queue
[2025-05-31T21:15:35.903-0300] {logging_mixin.py:188} INFO - [2025-05-31T21:15:35.902-0300] {dagbag.py:538} INFO - Filling up the DagBag from /home/walterg/Documentos/Data_projects/Data-Warehouse-postgres-DBT-airflow-/.venv/lib/python3.11/site-packages/airflow/example_dags/example_nested_branch_dag.py
[2025-05-31T21:15:35.911-0300] {processor.py:840} INFO - DAG(s) 'example_nested_branch_dag' retrieved from /home/walterg/Documentos/Data_projects/Data-Warehouse-postgres-DBT-airflow-/.venv/lib/python3.11/site-packages/airflow/example_dags/example_nested_branch_dag.py
[2025-05-31T21:15:35.924-0300] {logging_mixin.py:188} INFO - [2025-05-31T21:15:35.924-0300] {dag.py:3036} INFO - Sync 1 DAGs
[2025-05-31T21:15:35.937-0300] {logging_mixin.py:188} INFO - [2025-05-31T21:15:35.937-0300] {dag.py:3823} INFO - Setting next_dagrun for example_nested_branch_dag to 2025-05-31 00:00:00+00:00, run_after=2025-06-01 00:00:00+00:00
[2025-05-31T21:15:35.954-0300] {processor.py:183} INFO - Processing /home/walterg/Documentos/Data_projects/Data-Warehouse-postgres-DBT-airflow-/.venv/lib/python3.11/site-packages/airflow/example_dags/example_nested_branch_dag.py took 0.060 seconds
[2025-05-31T21:16:35.790-0300] {processor.py:161} INFO - Started process (PID=37648) to work on /home/walterg/Documentos/Data_projects/Data-Warehouse-postgres-DBT-airflow-/.venv/lib/python3.11/site-packages/airflow/example_dags/example_nested_branch_dag.py
[2025-05-31T21:16:35.796-0300] {processor.py:830} INFO - Processing file /home/walterg/Documentos/Data_projects/Data-Warehouse-postgres-DBT-airflow-/.venv/lib/python3.11/site-packages/airflow/example_dags/example_nested_branch_dag.py for tasks to queue
[2025-05-31T21:16:35.797-0300] {logging_mixin.py:188} INFO - [2025-05-31T21:16:35.797-0300] {dagbag.py:538} INFO - Filling up the DagBag from /home/walterg/Documentos/Data_projects/Data-Warehouse-postgres-DBT-airflow-/.venv/lib/python3.11/site-packages/airflow/example_dags/example_nested_branch_dag.py
[2025-05-31T21:16:35.805-0300] {processor.py:840} INFO - DAG(s) 'example_nested_branch_dag' retrieved from /home/walterg/Documentos/Data_projects/Data-Warehouse-postgres-DBT-airflow-/.venv/lib/python3.11/site-packages/airflow/example_dags/example_nested_branch_dag.py
[2025-05-31T21:16:35.820-0300] {logging_mixin.py:188} INFO - [2025-05-31T21:16:35.820-0300] {dag.py:3036} INFO - Sync 1 DAGs
[2025-05-31T21:16:35.836-0300] {logging_mixin.py:188} INFO - [2025-05-31T21:16:35.836-0300] {dag.py:3823} INFO - Setting next_dagrun for example_nested_branch_dag to 2025-05-31 00:00:00+00:00, run_after=2025-06-01 00:00:00+00:00
[2025-05-31T21:16:35.853-0300] {processor.py:183} INFO - Processing /home/walterg/Documentos/Data_projects/Data-Warehouse-postgres-DBT-airflow-/.venv/lib/python3.11/site-packages/airflow/example_dags/example_nested_branch_dag.py took 0.066 seconds
[2025-05-31T21:17:40.662-0300] {processor.py:161} INFO - Started process (PID=37888) to work on /home/walterg/Documentos/Data_projects/Data-Warehouse-postgres-DBT-airflow-/.venv/lib/python3.11/site-packages/airflow/example_dags/example_nested_branch_dag.py
[2025-05-31T21:17:40.663-0300] {processor.py:830} INFO - Processing file /home/walterg/Documentos/Data_projects/Data-Warehouse-postgres-DBT-airflow-/.venv/lib/python3.11/site-packages/airflow/example_dags/example_nested_branch_dag.py for tasks to queue
[2025-05-31T21:17:40.664-0300] {logging_mixin.py:188} INFO - [2025-05-31T21:17:40.664-0300] {dagbag.py:538} INFO - Filling up the DagBag from /home/walterg/Documentos/Data_projects/Data-Warehouse-postgres-DBT-airflow-/.venv/lib/python3.11/site-packages/airflow/example_dags/example_nested_branch_dag.py
[2025-05-31T21:17:40.672-0300] {processor.py:840} INFO - DAG(s) 'example_nested_branch_dag' retrieved from /home/walterg/Documentos/Data_projects/Data-Warehouse-postgres-DBT-airflow-/.venv/lib/python3.11/site-packages/airflow/example_dags/example_nested_branch_dag.py
[2025-05-31T21:17:40.685-0300] {logging_mixin.py:188} INFO - [2025-05-31T21:17:40.685-0300] {dag.py:3036} INFO - Sync 1 DAGs
[2025-05-31T21:17:40.698-0300] {logging_mixin.py:188} INFO - [2025-05-31T21:17:40.698-0300] {dag.py:3823} INFO - Setting next_dagrun for example_nested_branch_dag to 2025-05-31 00:00:00+00:00, run_after=2025-06-01 00:00:00+00:00
[2025-05-31T21:17:40.715-0300] {processor.py:183} INFO - Processing /home/walterg/Documentos/Data_projects/Data-Warehouse-postgres-DBT-airflow-/.venv/lib/python3.11/site-packages/airflow/example_dags/example_nested_branch_dag.py took 0.056 seconds
[2025-05-31T21:18:27.948-0300] {processor.py:161} INFO - Started process (PID=38109) to work on /home/walterg/Documentos/Data_projects/Data-Warehouse-postgres-DBT-airflow-/.venv/lib/python3.11/site-packages/airflow/example_dags/example_nested_branch_dag.py
[2025-05-31T21:18:27.953-0300] {processor.py:830} INFO - Processing file /home/walterg/Documentos/Data_projects/Data-Warehouse-postgres-DBT-airflow-/.venv/lib/python3.11/site-packages/airflow/example_dags/example_nested_branch_dag.py for tasks to queue
[2025-05-31T21:18:27.954-0300] {logging_mixin.py:188} INFO - [2025-05-31T21:18:27.954-0300] {dagbag.py:538} INFO - Filling up the DagBag from /home/walterg/Documentos/Data_projects/Data-Warehouse-postgres-DBT-airflow-/.venv/lib/python3.11/site-packages/airflow/example_dags/example_nested_branch_dag.py
[2025-05-31T21:18:27.963-0300] {processor.py:840} INFO - DAG(s) 'example_nested_branch_dag' retrieved from /home/walterg/Documentos/Data_projects/Data-Warehouse-postgres-DBT-airflow-/.venv/lib/python3.11/site-packages/airflow/example_dags/example_nested_branch_dag.py
[2025-05-31T21:18:27.976-0300] {logging_mixin.py:188} INFO - [2025-05-31T21:18:27.976-0300] {dag.py:3036} INFO - Sync 1 DAGs
[2025-05-31T21:18:28.087-0300] {logging_mixin.py:188} INFO - [2025-05-31T21:18:28.087-0300] {dag.py:3823} INFO - Setting next_dagrun for example_nested_branch_dag to 2025-05-31 00:00:00+00:00, run_after=2025-06-01 00:00:00+00:00
[2025-05-31T21:18:28.106-0300] {processor.py:183} INFO - Processing /home/walterg/Documentos/Data_projects/Data-Warehouse-postgres-DBT-airflow-/.venv/lib/python3.11/site-packages/airflow/example_dags/example_nested_branch_dag.py took 0.161 seconds
[2025-05-31T21:19:30.650-0300] {processor.py:161} INFO - Started process (PID=38375) to work on /home/walterg/Documentos/Data_projects/Data-Warehouse-postgres-DBT-airflow-/.venv/lib/python3.11/site-packages/airflow/example_dags/example_nested_branch_dag.py
[2025-05-31T21:19:30.655-0300] {processor.py:830} INFO - Processing file /home/walterg/Documentos/Data_projects/Data-Warehouse-postgres-DBT-airflow-/.venv/lib/python3.11/site-packages/airflow/example_dags/example_nested_branch_dag.py for tasks to queue
[2025-05-31T21:19:30.655-0300] {logging_mixin.py:188} INFO - [2025-05-31T21:19:30.655-0300] {dagbag.py:538} INFO - Filling up the DagBag from /home/walterg/Documentos/Data_projects/Data-Warehouse-postgres-DBT-airflow-/.venv/lib/python3.11/site-packages/airflow/example_dags/example_nested_branch_dag.py
[2025-05-31T21:19:30.663-0300] {processor.py:840} INFO - DAG(s) 'example_nested_branch_dag' retrieved from /home/walterg/Documentos/Data_projects/Data-Warehouse-postgres-DBT-airflow-/.venv/lib/python3.11/site-packages/airflow/example_dags/example_nested_branch_dag.py
[2025-05-31T21:19:30.680-0300] {logging_mixin.py:188} INFO - [2025-05-31T21:19:30.680-0300] {dag.py:3036} INFO - Sync 1 DAGs
[2025-05-31T21:19:30.694-0300] {logging_mixin.py:188} INFO - [2025-05-31T21:19:30.693-0300] {dag.py:3823} INFO - Setting next_dagrun for example_nested_branch_dag to 2025-05-31 00:00:00+00:00, run_after=2025-06-01 00:00:00+00:00
[2025-05-31T21:19:30.812-0300] {processor.py:183} INFO - Processing /home/walterg/Documentos/Data_projects/Data-Warehouse-postgres-DBT-airflow-/.venv/lib/python3.11/site-packages/airflow/example_dags/example_nested_branch_dag.py took 0.164 seconds
[2025-05-31T21:20:34.479-0300] {processor.py:161} INFO - Started process (PID=38620) to work on /home/walterg/Documentos/Data_projects/Data-Warehouse-postgres-DBT-airflow-/.venv/lib/python3.11/site-packages/airflow/example_dags/example_nested_branch_dag.py
[2025-05-31T21:20:34.484-0300] {processor.py:830} INFO - Processing file /home/walterg/Documentos/Data_projects/Data-Warehouse-postgres-DBT-airflow-/.venv/lib/python3.11/site-packages/airflow/example_dags/example_nested_branch_dag.py for tasks to queue
[2025-05-31T21:20:34.485-0300] {logging_mixin.py:188} INFO - [2025-05-31T21:20:34.485-0300] {dagbag.py:538} INFO - Filling up the DagBag from /home/walterg/Documentos/Data_projects/Data-Warehouse-postgres-DBT-airflow-/.venv/lib/python3.11/site-packages/airflow/example_dags/example_nested_branch_dag.py
[2025-05-31T21:20:34.494-0300] {processor.py:840} INFO - DAG(s) 'example_nested_branch_dag' retrieved from /home/walterg/Documentos/Data_projects/Data-Warehouse-postgres-DBT-airflow-/.venv/lib/python3.11/site-packages/airflow/example_dags/example_nested_branch_dag.py
[2025-05-31T21:20:34.507-0300] {logging_mixin.py:188} INFO - [2025-05-31T21:20:34.507-0300] {dag.py:3036} INFO - Sync 1 DAGs
[2025-05-31T21:20:34.520-0300] {logging_mixin.py:188} INFO - [2025-05-31T21:20:34.520-0300] {dag.py:3823} INFO - Setting next_dagrun for example_nested_branch_dag to 2025-05-31 00:00:00+00:00, run_after=2025-06-01 00:00:00+00:00
[2025-05-31T21:20:34.536-0300] {processor.py:183} INFO - Processing /home/walterg/Documentos/Data_projects/Data-Warehouse-postgres-DBT-airflow-/.venv/lib/python3.11/site-packages/airflow/example_dags/example_nested_branch_dag.py took 0.060 seconds
[2025-05-31T21:21:35.790-0300] {processor.py:161} INFO - Started process (PID=38904) to work on /home/walterg/Documentos/Data_projects/Data-Warehouse-postgres-DBT-airflow-/.venv/lib/python3.11/site-packages/airflow/example_dags/example_nested_branch_dag.py
[2025-05-31T21:21:35.795-0300] {processor.py:830} INFO - Processing file /home/walterg/Documentos/Data_projects/Data-Warehouse-postgres-DBT-airflow-/.venv/lib/python3.11/site-packages/airflow/example_dags/example_nested_branch_dag.py for tasks to queue
[2025-05-31T21:21:35.797-0300] {logging_mixin.py:188} INFO - [2025-05-31T21:21:35.796-0300] {dagbag.py:538} INFO - Filling up the DagBag from /home/walterg/Documentos/Data_projects/Data-Warehouse-postgres-DBT-airflow-/.venv/lib/python3.11/site-packages/airflow/example_dags/example_nested_branch_dag.py
[2025-05-31T21:21:35.808-0300] {processor.py:840} INFO - DAG(s) 'example_nested_branch_dag' retrieved from /home/walterg/Documentos/Data_projects/Data-Warehouse-postgres-DBT-airflow-/.venv/lib/python3.11/site-packages/airflow/example_dags/example_nested_branch_dag.py
[2025-05-31T21:21:35.822-0300] {logging_mixin.py:188} INFO - [2025-05-31T21:21:35.821-0300] {dag.py:3036} INFO - Sync 1 DAGs
[2025-05-31T21:21:35.835-0300] {logging_mixin.py:188} INFO - [2025-05-31T21:21:35.835-0300] {dag.py:3823} INFO - Setting next_dagrun for example_nested_branch_dag to 2025-05-31 00:00:00+00:00, run_after=2025-06-01 00:00:00+00:00
[2025-05-31T21:21:35.851-0300] {processor.py:183} INFO - Processing /home/walterg/Documentos/Data_projects/Data-Warehouse-postgres-DBT-airflow-/.venv/lib/python3.11/site-packages/airflow/example_dags/example_nested_branch_dag.py took 0.064 seconds
[2025-05-31T21:22:37.755-0300] {processor.py:161} INFO - Started process (PID=39300) to work on /home/walterg/Documentos/Data_projects/Data-Warehouse-postgres-DBT-airflow-/.venv/lib/python3.11/site-packages/airflow/example_dags/example_nested_branch_dag.py
[2025-05-31T21:22:37.756-0300] {processor.py:830} INFO - Processing file /home/walterg/Documentos/Data_projects/Data-Warehouse-postgres-DBT-airflow-/.venv/lib/python3.11/site-packages/airflow/example_dags/example_nested_branch_dag.py for tasks to queue
[2025-05-31T21:22:37.757-0300] {logging_mixin.py:188} INFO - [2025-05-31T21:22:37.756-0300] {dagbag.py:538} INFO - Filling up the DagBag from /home/walterg/Documentos/Data_projects/Data-Warehouse-postgres-DBT-airflow-/.venv/lib/python3.11/site-packages/airflow/example_dags/example_nested_branch_dag.py
[2025-05-31T21:22:37.766-0300] {processor.py:840} INFO - DAG(s) 'example_nested_branch_dag' retrieved from /home/walterg/Documentos/Data_projects/Data-Warehouse-postgres-DBT-airflow-/.venv/lib/python3.11/site-packages/airflow/example_dags/example_nested_branch_dag.py
[2025-05-31T21:22:37.779-0300] {logging_mixin.py:188} INFO - [2025-05-31T21:22:37.779-0300] {dag.py:3036} INFO - Sync 1 DAGs
[2025-05-31T21:22:37.894-0300] {logging_mixin.py:188} INFO - [2025-05-31T21:22:37.894-0300] {dag.py:3823} INFO - Setting next_dagrun for example_nested_branch_dag to 2025-05-31 00:00:00+00:00, run_after=2025-06-01 00:00:00+00:00
[2025-05-31T21:22:37.914-0300] {processor.py:183} INFO - Processing /home/walterg/Documentos/Data_projects/Data-Warehouse-postgres-DBT-airflow-/.venv/lib/python3.11/site-packages/airflow/example_dags/example_nested_branch_dag.py took 0.161 seconds
[2025-05-31T21:23:25.972-0300] {processor.py:161} INFO - Started process (PID=39542) to work on /home/walterg/Documentos/Data_projects/Data-Warehouse-postgres-DBT-airflow-/.venv/lib/python3.11/site-packages/airflow/example_dags/example_nested_branch_dag.py
[2025-05-31T21:23:25.977-0300] {processor.py:830} INFO - Processing file /home/walterg/Documentos/Data_projects/Data-Warehouse-postgres-DBT-airflow-/.venv/lib/python3.11/site-packages/airflow/example_dags/example_nested_branch_dag.py for tasks to queue
[2025-05-31T21:23:25.978-0300] {logging_mixin.py:188} INFO - [2025-05-31T21:23:25.977-0300] {dagbag.py:538} INFO - Filling up the DagBag from /home/walterg/Documentos/Data_projects/Data-Warehouse-postgres-DBT-airflow-/.venv/lib/python3.11/site-packages/airflow/example_dags/example_nested_branch_dag.py
[2025-05-31T21:23:25.987-0300] {processor.py:840} INFO - DAG(s) 'example_nested_branch_dag' retrieved from /home/walterg/Documentos/Data_projects/Data-Warehouse-postgres-DBT-airflow-/.venv/lib/python3.11/site-packages/airflow/example_dags/example_nested_branch_dag.py
[2025-05-31T21:23:26.000-0300] {logging_mixin.py:188} INFO - [2025-05-31T21:23:26.000-0300] {dag.py:3036} INFO - Sync 1 DAGs
[2025-05-31T21:23:26.015-0300] {logging_mixin.py:188} INFO - [2025-05-31T21:23:26.015-0300] {dag.py:3823} INFO - Setting next_dagrun for example_nested_branch_dag to 2025-05-31 00:00:00+00:00, run_after=2025-06-01 00:00:00+00:00
[2025-05-31T21:23:26.031-0300] {processor.py:183} INFO - Processing /home/walterg/Documentos/Data_projects/Data-Warehouse-postgres-DBT-airflow-/.venv/lib/python3.11/site-packages/airflow/example_dags/example_nested_branch_dag.py took 0.062 seconds
[2025-05-31T21:24:36.789-0300] {processor.py:161} INFO - Started process (PID=39778) to work on /home/walterg/Documentos/Data_projects/Data-Warehouse-postgres-DBT-airflow-/.venv/lib/python3.11/site-packages/airflow/example_dags/example_nested_branch_dag.py
[2025-05-31T21:24:36.794-0300] {processor.py:830} INFO - Processing file /home/walterg/Documentos/Data_projects/Data-Warehouse-postgres-DBT-airflow-/.venv/lib/python3.11/site-packages/airflow/example_dags/example_nested_branch_dag.py for tasks to queue
[2025-05-31T21:24:36.795-0300] {logging_mixin.py:188} INFO - [2025-05-31T21:24:36.795-0300] {dagbag.py:538} INFO - Filling up the DagBag from /home/walterg/Documentos/Data_projects/Data-Warehouse-postgres-DBT-airflow-/.venv/lib/python3.11/site-packages/airflow/example_dags/example_nested_branch_dag.py
[2025-05-31T21:24:36.918-0300] {processor.py:840} INFO - DAG(s) 'example_nested_branch_dag' retrieved from /home/walterg/Documentos/Data_projects/Data-Warehouse-postgres-DBT-airflow-/.venv/lib/python3.11/site-packages/airflow/example_dags/example_nested_branch_dag.py
[2025-05-31T21:24:36.927-0300] {logging_mixin.py:188} INFO - [2025-05-31T21:24:36.927-0300] {dag.py:3036} INFO - Sync 1 DAGs
[2025-05-31T21:24:36.942-0300] {logging_mixin.py:188} INFO - [2025-05-31T21:24:36.942-0300] {dag.py:3823} INFO - Setting next_dagrun for example_nested_branch_dag to 2025-05-31 00:00:00+00:00, run_after=2025-06-01 00:00:00+00:00
[2025-05-31T21:24:36.964-0300] {processor.py:183} INFO - Processing /home/walterg/Documentos/Data_projects/Data-Warehouse-postgres-DBT-airflow-/.venv/lib/python3.11/site-packages/airflow/example_dags/example_nested_branch_dag.py took 0.178 seconds
[2025-05-31T21:25:25.825-0300] {processor.py:161} INFO - Started process (PID=40099) to work on /home/walterg/Documentos/Data_projects/Data-Warehouse-postgres-DBT-airflow-/.venv/lib/python3.11/site-packages/airflow/example_dags/example_nested_branch_dag.py
[2025-05-31T21:25:25.830-0300] {processor.py:830} INFO - Processing file /home/walterg/Documentos/Data_projects/Data-Warehouse-postgres-DBT-airflow-/.venv/lib/python3.11/site-packages/airflow/example_dags/example_nested_branch_dag.py for tasks to queue
[2025-05-31T21:25:25.831-0300] {logging_mixin.py:188} INFO - [2025-05-31T21:25:25.831-0300] {dagbag.py:538} INFO - Filling up the DagBag from /home/walterg/Documentos/Data_projects/Data-Warehouse-postgres-DBT-airflow-/.venv/lib/python3.11/site-packages/airflow/example_dags/example_nested_branch_dag.py
[2025-05-31T21:25:25.839-0300] {processor.py:840} INFO - DAG(s) 'example_nested_branch_dag' retrieved from /home/walterg/Documentos/Data_projects/Data-Warehouse-postgres-DBT-airflow-/.venv/lib/python3.11/site-packages/airflow/example_dags/example_nested_branch_dag.py
[2025-05-31T21:25:25.852-0300] {logging_mixin.py:188} INFO - [2025-05-31T21:25:25.852-0300] {dag.py:3036} INFO - Sync 1 DAGs
[2025-05-31T21:25:25.866-0300] {logging_mixin.py:188} INFO - [2025-05-31T21:25:25.866-0300] {dag.py:3823} INFO - Setting next_dagrun for example_nested_branch_dag to 2025-05-31 00:00:00+00:00, run_after=2025-06-01 00:00:00+00:00
[2025-05-31T21:25:25.882-0300] {processor.py:183} INFO - Processing /home/walterg/Documentos/Data_projects/Data-Warehouse-postgres-DBT-airflow-/.venv/lib/python3.11/site-packages/airflow/example_dags/example_nested_branch_dag.py took 0.060 seconds
[2025-05-31T21:26:24.517-0300] {processor.py:161} INFO - Started process (PID=40547) to work on /home/walterg/Documentos/Data_projects/Data-Warehouse-postgres-DBT-airflow-/.venv/lib/python3.11/site-packages/airflow/example_dags/example_nested_branch_dag.py
[2025-05-31T21:26:24.523-0300] {processor.py:830} INFO - Processing file /home/walterg/Documentos/Data_projects/Data-Warehouse-postgres-DBT-airflow-/.venv/lib/python3.11/site-packages/airflow/example_dags/example_nested_branch_dag.py for tasks to queue
[2025-05-31T21:26:24.524-0300] {logging_mixin.py:188} INFO - [2025-05-31T21:26:24.524-0300] {dagbag.py:538} INFO - Filling up the DagBag from /home/walterg/Documentos/Data_projects/Data-Warehouse-postgres-DBT-airflow-/.venv/lib/python3.11/site-packages/airflow/example_dags/example_nested_branch_dag.py
[2025-05-31T21:26:24.532-0300] {processor.py:840} INFO - DAG(s) 'example_nested_branch_dag' retrieved from /home/walterg/Documentos/Data_projects/Data-Warehouse-postgres-DBT-airflow-/.venv/lib/python3.11/site-packages/airflow/example_dags/example_nested_branch_dag.py
[2025-05-31T21:26:24.545-0300] {logging_mixin.py:188} INFO - [2025-05-31T21:26:24.545-0300] {dag.py:3036} INFO - Sync 1 DAGs
[2025-05-31T21:26:24.559-0300] {logging_mixin.py:188} INFO - [2025-05-31T21:26:24.559-0300] {dag.py:3823} INFO - Setting next_dagrun for example_nested_branch_dag to 2025-05-31 00:00:00+00:00, run_after=2025-06-01 00:00:00+00:00
[2025-05-31T21:26:24.576-0300] {processor.py:183} INFO - Processing /home/walterg/Documentos/Data_projects/Data-Warehouse-postgres-DBT-airflow-/.venv/lib/python3.11/site-packages/airflow/example_dags/example_nested_branch_dag.py took 0.061 seconds
[2025-05-31T21:27:26.769-0300] {processor.py:161} INFO - Started process (PID=41018) to work on /home/walterg/Documentos/Data_projects/Data-Warehouse-postgres-DBT-airflow-/.venv/lib/python3.11/site-packages/airflow/example_dags/example_nested_branch_dag.py
[2025-05-31T21:27:26.775-0300] {processor.py:830} INFO - Processing file /home/walterg/Documentos/Data_projects/Data-Warehouse-postgres-DBT-airflow-/.venv/lib/python3.11/site-packages/airflow/example_dags/example_nested_branch_dag.py for tasks to queue
[2025-05-31T21:27:26.775-0300] {logging_mixin.py:188} INFO - [2025-05-31T21:27:26.775-0300] {dagbag.py:538} INFO - Filling up the DagBag from /home/walterg/Documentos/Data_projects/Data-Warehouse-postgres-DBT-airflow-/.venv/lib/python3.11/site-packages/airflow/example_dags/example_nested_branch_dag.py
[2025-05-31T21:27:26.783-0300] {processor.py:840} INFO - DAG(s) 'example_nested_branch_dag' retrieved from /home/walterg/Documentos/Data_projects/Data-Warehouse-postgres-DBT-airflow-/.venv/lib/python3.11/site-packages/airflow/example_dags/example_nested_branch_dag.py
[2025-05-31T21:27:26.797-0300] {logging_mixin.py:188} INFO - [2025-05-31T21:27:26.797-0300] {dag.py:3036} INFO - Sync 1 DAGs
[2025-05-31T21:27:26.812-0300] {logging_mixin.py:188} INFO - [2025-05-31T21:27:26.812-0300] {dag.py:3823} INFO - Setting next_dagrun for example_nested_branch_dag to 2025-05-31 00:00:00+00:00, run_after=2025-06-01 00:00:00+00:00
[2025-05-31T21:27:26.830-0300] {processor.py:183} INFO - Processing /home/walterg/Documentos/Data_projects/Data-Warehouse-postgres-DBT-airflow-/.venv/lib/python3.11/site-packages/airflow/example_dags/example_nested_branch_dag.py took 0.063 seconds
[2025-05-31T21:28:27.565-0300] {processor.py:161} INFO - Started process (PID=41399) to work on /home/walterg/Documentos/Data_projects/Data-Warehouse-postgres-DBT-airflow-/.venv/lib/python3.11/site-packages/airflow/example_dags/example_nested_branch_dag.py
[2025-05-31T21:28:27.570-0300] {processor.py:830} INFO - Processing file /home/walterg/Documentos/Data_projects/Data-Warehouse-postgres-DBT-airflow-/.venv/lib/python3.11/site-packages/airflow/example_dags/example_nested_branch_dag.py for tasks to queue
[2025-05-31T21:28:27.572-0300] {logging_mixin.py:188} INFO - [2025-05-31T21:28:27.571-0300] {dagbag.py:538} INFO - Filling up the DagBag from /home/walterg/Documentos/Data_projects/Data-Warehouse-postgres-DBT-airflow-/.venv/lib/python3.11/site-packages/airflow/example_dags/example_nested_branch_dag.py
[2025-05-31T21:28:27.579-0300] {processor.py:840} INFO - DAG(s) 'example_nested_branch_dag' retrieved from /home/walterg/Documentos/Data_projects/Data-Warehouse-postgres-DBT-airflow-/.venv/lib/python3.11/site-packages/airflow/example_dags/example_nested_branch_dag.py
[2025-05-31T21:28:27.593-0300] {logging_mixin.py:188} INFO - [2025-05-31T21:28:27.593-0300] {dag.py:3036} INFO - Sync 1 DAGs
[2025-05-31T21:28:27.606-0300] {logging_mixin.py:188} INFO - [2025-05-31T21:28:27.606-0300] {dag.py:3823} INFO - Setting next_dagrun for example_nested_branch_dag to 2025-05-31 00:00:00+00:00, run_after=2025-06-01 00:00:00+00:00
[2025-05-31T21:28:27.623-0300] {processor.py:183} INFO - Processing /home/walterg/Documentos/Data_projects/Data-Warehouse-postgres-DBT-airflow-/.venv/lib/python3.11/site-packages/airflow/example_dags/example_nested_branch_dag.py took 0.061 seconds
[2025-05-31T21:29:28.323-0300] {processor.py:161} INFO - Started process (PID=41668) to work on /home/walterg/Documentos/Data_projects/Data-Warehouse-postgres-DBT-airflow-/.venv/lib/python3.11/site-packages/airflow/example_dags/example_nested_branch_dag.py
[2025-05-31T21:29:28.329-0300] {processor.py:830} INFO - Processing file /home/walterg/Documentos/Data_projects/Data-Warehouse-postgres-DBT-airflow-/.venv/lib/python3.11/site-packages/airflow/example_dags/example_nested_branch_dag.py for tasks to queue
[2025-05-31T21:29:28.330-0300] {logging_mixin.py:188} INFO - [2025-05-31T21:29:28.330-0300] {dagbag.py:538} INFO - Filling up the DagBag from /home/walterg/Documentos/Data_projects/Data-Warehouse-postgres-DBT-airflow-/.venv/lib/python3.11/site-packages/airflow/example_dags/example_nested_branch_dag.py
[2025-05-31T21:29:28.338-0300] {processor.py:840} INFO - DAG(s) 'example_nested_branch_dag' retrieved from /home/walterg/Documentos/Data_projects/Data-Warehouse-postgres-DBT-airflow-/.venv/lib/python3.11/site-packages/airflow/example_dags/example_nested_branch_dag.py
[2025-05-31T21:29:28.351-0300] {logging_mixin.py:188} INFO - [2025-05-31T21:29:28.351-0300] {dag.py:3036} INFO - Sync 1 DAGs
[2025-05-31T21:29:28.369-0300] {logging_mixin.py:188} INFO - [2025-05-31T21:29:28.368-0300] {dag.py:3823} INFO - Setting next_dagrun for example_nested_branch_dag to 2025-05-31 00:00:00+00:00, run_after=2025-06-01 00:00:00+00:00
[2025-05-31T21:29:28.389-0300] {processor.py:183} INFO - Processing /home/walterg/Documentos/Data_projects/Data-Warehouse-postgres-DBT-airflow-/.venv/lib/python3.11/site-packages/airflow/example_dags/example_nested_branch_dag.py took 0.068 seconds
[2025-05-31T21:30:27.160-0300] {processor.py:161} INFO - Started process (PID=41870) to work on /home/walterg/Documentos/Data_projects/Data-Warehouse-postgres-DBT-airflow-/.venv/lib/python3.11/site-packages/airflow/example_dags/example_nested_branch_dag.py
[2025-05-31T21:30:27.162-0300] {processor.py:830} INFO - Processing file /home/walterg/Documentos/Data_projects/Data-Warehouse-postgres-DBT-airflow-/.venv/lib/python3.11/site-packages/airflow/example_dags/example_nested_branch_dag.py for tasks to queue
[2025-05-31T21:30:27.162-0300] {logging_mixin.py:188} INFO - [2025-05-31T21:30:27.162-0300] {dagbag.py:538} INFO - Filling up the DagBag from /home/walterg/Documentos/Data_projects/Data-Warehouse-postgres-DBT-airflow-/.venv/lib/python3.11/site-packages/airflow/example_dags/example_nested_branch_dag.py
[2025-05-31T21:30:27.170-0300] {processor.py:840} INFO - DAG(s) 'example_nested_branch_dag' retrieved from /home/walterg/Documentos/Data_projects/Data-Warehouse-postgres-DBT-airflow-/.venv/lib/python3.11/site-packages/airflow/example_dags/example_nested_branch_dag.py
[2025-05-31T21:30:27.184-0300] {logging_mixin.py:188} INFO - [2025-05-31T21:30:27.183-0300] {dag.py:3036} INFO - Sync 1 DAGs
[2025-05-31T21:30:27.198-0300] {logging_mixin.py:188} INFO - [2025-05-31T21:30:27.198-0300] {dag.py:3823} INFO - Setting next_dagrun for example_nested_branch_dag to 2025-05-31 00:00:00+00:00, run_after=2025-06-01 00:00:00+00:00
[2025-05-31T21:30:27.214-0300] {processor.py:183} INFO - Processing /home/walterg/Documentos/Data_projects/Data-Warehouse-postgres-DBT-airflow-/.venv/lib/python3.11/site-packages/airflow/example_dags/example_nested_branch_dag.py took 0.056 seconds
[2025-05-31T21:31:27.190-0300] {processor.py:161} INFO - Started process (PID=42141) to work on /home/walterg/Documentos/Data_projects/Data-Warehouse-postgres-DBT-airflow-/.venv/lib/python3.11/site-packages/airflow/example_dags/example_nested_branch_dag.py
[2025-05-31T21:31:27.196-0300] {processor.py:830} INFO - Processing file /home/walterg/Documentos/Data_projects/Data-Warehouse-postgres-DBT-airflow-/.venv/lib/python3.11/site-packages/airflow/example_dags/example_nested_branch_dag.py for tasks to queue
[2025-05-31T21:31:27.198-0300] {logging_mixin.py:188} INFO - [2025-05-31T21:31:27.197-0300] {dagbag.py:538} INFO - Filling up the DagBag from /home/walterg/Documentos/Data_projects/Data-Warehouse-postgres-DBT-airflow-/.venv/lib/python3.11/site-packages/airflow/example_dags/example_nested_branch_dag.py
[2025-05-31T21:31:27.206-0300] {processor.py:840} INFO - DAG(s) 'example_nested_branch_dag' retrieved from /home/walterg/Documentos/Data_projects/Data-Warehouse-postgres-DBT-airflow-/.venv/lib/python3.11/site-packages/airflow/example_dags/example_nested_branch_dag.py
[2025-05-31T21:31:27.219-0300] {logging_mixin.py:188} INFO - [2025-05-31T21:31:27.219-0300] {dag.py:3036} INFO - Sync 1 DAGs
[2025-05-31T21:31:27.233-0300] {logging_mixin.py:188} INFO - [2025-05-31T21:31:27.233-0300] {dag.py:3823} INFO - Setting next_dagrun for example_nested_branch_dag to 2025-05-31 00:00:00+00:00, run_after=2025-06-01 00:00:00+00:00
[2025-05-31T21:31:27.249-0300] {processor.py:183} INFO - Processing /home/walterg/Documentos/Data_projects/Data-Warehouse-postgres-DBT-airflow-/.venv/lib/python3.11/site-packages/airflow/example_dags/example_nested_branch_dag.py took 0.061 seconds
[2025-05-31T21:32:26.339-0300] {processor.py:161} INFO - Started process (PID=42419) to work on /home/walterg/Documentos/Data_projects/Data-Warehouse-postgres-DBT-airflow-/.venv/lib/python3.11/site-packages/airflow/example_dags/example_nested_branch_dag.py
[2025-05-31T21:32:26.345-0300] {processor.py:830} INFO - Processing file /home/walterg/Documentos/Data_projects/Data-Warehouse-postgres-DBT-airflow-/.venv/lib/python3.11/site-packages/airflow/example_dags/example_nested_branch_dag.py for tasks to queue
[2025-05-31T21:32:26.346-0300] {logging_mixin.py:188} INFO - [2025-05-31T21:32:26.345-0300] {dagbag.py:538} INFO - Filling up the DagBag from /home/walterg/Documentos/Data_projects/Data-Warehouse-postgres-DBT-airflow-/.venv/lib/python3.11/site-packages/airflow/example_dags/example_nested_branch_dag.py
[2025-05-31T21:32:26.355-0300] {processor.py:840} INFO - DAG(s) 'example_nested_branch_dag' retrieved from /home/walterg/Documentos/Data_projects/Data-Warehouse-postgres-DBT-airflow-/.venv/lib/python3.11/site-packages/airflow/example_dags/example_nested_branch_dag.py
[2025-05-31T21:32:26.368-0300] {logging_mixin.py:188} INFO - [2025-05-31T21:32:26.368-0300] {dag.py:3036} INFO - Sync 1 DAGs
[2025-05-31T21:32:26.383-0300] {logging_mixin.py:188} INFO - [2025-05-31T21:32:26.383-0300] {dag.py:3823} INFO - Setting next_dagrun for example_nested_branch_dag to 2025-05-31 00:00:00+00:00, run_after=2025-06-01 00:00:00+00:00
[2025-05-31T21:32:26.401-0300] {processor.py:183} INFO - Processing /home/walterg/Documentos/Data_projects/Data-Warehouse-postgres-DBT-airflow-/.venv/lib/python3.11/site-packages/airflow/example_dags/example_nested_branch_dag.py took 0.065 seconds
[2025-05-31T21:33:33.174-0300] {processor.py:161} INFO - Started process (PID=42890) to work on /home/walterg/Documentos/Data_projects/Data-Warehouse-postgres-DBT-airflow-/.venv/lib/python3.11/site-packages/airflow/example_dags/example_nested_branch_dag.py
[2025-05-31T21:33:33.179-0300] {processor.py:830} INFO - Processing file /home/walterg/Documentos/Data_projects/Data-Warehouse-postgres-DBT-airflow-/.venv/lib/python3.11/site-packages/airflow/example_dags/example_nested_branch_dag.py for tasks to queue
[2025-05-31T21:33:33.179-0300] {logging_mixin.py:188} INFO - [2025-05-31T21:33:33.179-0300] {dagbag.py:538} INFO - Filling up the DagBag from /home/walterg/Documentos/Data_projects/Data-Warehouse-postgres-DBT-airflow-/.venv/lib/python3.11/site-packages/airflow/example_dags/example_nested_branch_dag.py
[2025-05-31T21:33:33.188-0300] {processor.py:840} INFO - DAG(s) 'example_nested_branch_dag' retrieved from /home/walterg/Documentos/Data_projects/Data-Warehouse-postgres-DBT-airflow-/.venv/lib/python3.11/site-packages/airflow/example_dags/example_nested_branch_dag.py
[2025-05-31T21:33:33.200-0300] {logging_mixin.py:188} INFO - [2025-05-31T21:33:33.200-0300] {dag.py:3036} INFO - Sync 1 DAGs
[2025-05-31T21:33:33.214-0300] {logging_mixin.py:188} INFO - [2025-05-31T21:33:33.213-0300] {dag.py:3823} INFO - Setting next_dagrun for example_nested_branch_dag to 2025-05-31 00:00:00+00:00, run_after=2025-06-01 00:00:00+00:00
[2025-05-31T21:33:33.230-0300] {processor.py:183} INFO - Processing /home/walterg/Documentos/Data_projects/Data-Warehouse-postgres-DBT-airflow-/.venv/lib/python3.11/site-packages/airflow/example_dags/example_nested_branch_dag.py took 0.059 seconds
[2025-05-31T21:34:26.584-0300] {processor.py:161} INFO - Started process (PID=42970) to work on /home/walterg/Documentos/Data_projects/Data-Warehouse-postgres-DBT-airflow-/.venv/lib/python3.11/site-packages/airflow/example_dags/example_nested_branch_dag.py
[2025-05-31T21:34:26.589-0300] {processor.py:830} INFO - Processing file /home/walterg/Documentos/Data_projects/Data-Warehouse-postgres-DBT-airflow-/.venv/lib/python3.11/site-packages/airflow/example_dags/example_nested_branch_dag.py for tasks to queue
[2025-05-31T21:34:26.590-0300] {logging_mixin.py:188} INFO - [2025-05-31T21:34:26.589-0300] {dagbag.py:538} INFO - Filling up the DagBag from /home/walterg/Documentos/Data_projects/Data-Warehouse-postgres-DBT-airflow-/.venv/lib/python3.11/site-packages/airflow/example_dags/example_nested_branch_dag.py
[2025-05-31T21:34:26.598-0300] {processor.py:840} INFO - DAG(s) 'example_nested_branch_dag' retrieved from /home/walterg/Documentos/Data_projects/Data-Warehouse-postgres-DBT-airflow-/.venv/lib/python3.11/site-packages/airflow/example_dags/example_nested_branch_dag.py
[2025-05-31T21:34:26.612-0300] {logging_mixin.py:188} INFO - [2025-05-31T21:34:26.611-0300] {dag.py:3036} INFO - Sync 1 DAGs
[2025-05-31T21:34:26.625-0300] {logging_mixin.py:188} INFO - [2025-05-31T21:34:26.624-0300] {dag.py:3823} INFO - Setting next_dagrun for example_nested_branch_dag to 2025-05-31 00:00:00+00:00, run_after=2025-06-01 00:00:00+00:00
[2025-05-31T21:34:26.641-0300] {processor.py:183} INFO - Processing /home/walterg/Documentos/Data_projects/Data-Warehouse-postgres-DBT-airflow-/.venv/lib/python3.11/site-packages/airflow/example_dags/example_nested_branch_dag.py took 0.060 seconds
