[2025-05-31T21:00:57.419-0300] {processor.py:161} INFO - Started process (PID=32782) to work on /home/walterg/Documentos/Data_projects/Data-Warehouse-postgres-DBT-airflow-/.venv/lib/python3.11/site-packages/airflow/example_dags/example_latest_only.py
[2025-05-31T21:00:57.419-0300] {processor.py:830} INFO - Processing file /home/walterg/Documentos/Data_projects/Data-Warehouse-postgres-DBT-airflow-/.venv/lib/python3.11/site-packages/airflow/example_dags/example_latest_only.py for tasks to queue
[2025-05-31T21:00:57.420-0300] {logging_mixin.py:188} INFO - [2025-05-31T21:00:57.420-0300] {dagbag.py:538} INFO - Filling up the DagBag from /home/walterg/Documentos/Data_projects/Data-Warehouse-postgres-DBT-airflow-/.venv/lib/python3.11/site-packages/airflow/example_dags/example_latest_only.py
[2025-05-31T21:00:57.424-0300] {processor.py:840} INFO - DAG(s) 'latest_only' retrieved from /home/walterg/Documentos/Data_projects/Data-Warehouse-postgres-DBT-airflow-/.venv/lib/python3.11/site-packages/airflow/example_dags/example_latest_only.py
[2025-05-31T21:00:57.437-0300] {logging_mixin.py:188} INFO - [2025-05-31T21:00:57.437-0300] {dag.py:3036} INFO - Sync 1 DAGs
[2025-05-31T21:00:57.450-0300] {logging_mixin.py:188} INFO - [2025-05-31T21:00:57.449-0300] {dag.py:3823} INFO - Setting next_dagrun for latest_only to 2025-05-31 20:00:00+00:00, run_after=2025-06-01 00:00:00+00:00
[2025-05-31T21:00:57.470-0300] {processor.py:183} INFO - Processing /home/walterg/Documentos/Data_projects/Data-Warehouse-postgres-DBT-airflow-/.venv/lib/python3.11/site-packages/airflow/example_dags/example_latest_only.py took 0.053 seconds
[2025-05-31T21:02:01.551-0300] {processor.py:161} INFO - Started process (PID=33104) to work on /home/walterg/Documentos/Data_projects/Data-Warehouse-postgres-DBT-airflow-/.venv/lib/python3.11/site-packages/airflow/example_dags/example_latest_only.py
[2025-05-31T21:02:01.556-0300] {processor.py:830} INFO - Processing file /home/walterg/Documentos/Data_projects/Data-Warehouse-postgres-DBT-airflow-/.venv/lib/python3.11/site-packages/airflow/example_dags/example_latest_only.py for tasks to queue
[2025-05-31T21:02:01.557-0300] {logging_mixin.py:188} INFO - [2025-05-31T21:02:01.557-0300] {dagbag.py:538} INFO - Filling up the DagBag from /home/walterg/Documentos/Data_projects/Data-Warehouse-postgres-DBT-airflow-/.venv/lib/python3.11/site-packages/airflow/example_dags/example_latest_only.py
[2025-05-31T21:02:01.562-0300] {processor.py:840} INFO - DAG(s) 'latest_only' retrieved from /home/walterg/Documentos/Data_projects/Data-Warehouse-postgres-DBT-airflow-/.venv/lib/python3.11/site-packages/airflow/example_dags/example_latest_only.py
[2025-05-31T21:02:01.575-0300] {logging_mixin.py:188} INFO - [2025-05-31T21:02:01.575-0300] {dag.py:3036} INFO - Sync 1 DAGs
[2025-05-31T21:02:01.588-0300] {logging_mixin.py:188} INFO - [2025-05-31T21:02:01.588-0300] {dag.py:3823} INFO - Setting next_dagrun for latest_only to 2025-05-31 20:00:00+00:00, run_after=2025-06-01 00:00:00+00:00
[2025-05-31T21:02:01.605-0300] {processor.py:183} INFO - Processing /home/walterg/Documentos/Data_projects/Data-Warehouse-postgres-DBT-airflow-/.venv/lib/python3.11/site-packages/airflow/example_dags/example_latest_only.py took 0.056 seconds
[2025-05-31T21:02:50.427-0300] {processor.py:161} INFO - Started process (PID=33413) to work on /home/walterg/Documentos/Data_projects/Data-Warehouse-postgres-DBT-airflow-/.venv/lib/python3.11/site-packages/airflow/example_dags/example_latest_only.py
[2025-05-31T21:02:50.432-0300] {processor.py:830} INFO - Processing file /home/walterg/Documentos/Data_projects/Data-Warehouse-postgres-DBT-airflow-/.venv/lib/python3.11/site-packages/airflow/example_dags/example_latest_only.py for tasks to queue
[2025-05-31T21:02:50.433-0300] {logging_mixin.py:188} INFO - [2025-05-31T21:02:50.433-0300] {dagbag.py:538} INFO - Filling up the DagBag from /home/walterg/Documentos/Data_projects/Data-Warehouse-postgres-DBT-airflow-/.venv/lib/python3.11/site-packages/airflow/example_dags/example_latest_only.py
[2025-05-31T21:02:50.438-0300] {processor.py:840} INFO - DAG(s) 'latest_only' retrieved from /home/walterg/Documentos/Data_projects/Data-Warehouse-postgres-DBT-airflow-/.venv/lib/python3.11/site-packages/airflow/example_dags/example_latest_only.py
[2025-05-31T21:02:50.450-0300] {logging_mixin.py:188} INFO - [2025-05-31T21:02:50.449-0300] {dag.py:3036} INFO - Sync 1 DAGs
[2025-05-31T21:02:50.462-0300] {logging_mixin.py:188} INFO - [2025-05-31T21:02:50.462-0300] {dag.py:3823} INFO - Setting next_dagrun for latest_only to 2025-05-31 20:00:00+00:00, run_after=2025-06-01 00:00:00+00:00
[2025-05-31T21:02:50.479-0300] {processor.py:183} INFO - Processing /home/walterg/Documentos/Data_projects/Data-Warehouse-postgres-DBT-airflow-/.venv/lib/python3.11/site-packages/airflow/example_dags/example_latest_only.py took 0.054 seconds
[2025-05-31T21:03:53.011-0300] {processor.py:161} INFO - Started process (PID=33700) to work on /home/walterg/Documentos/Data_projects/Data-Warehouse-postgres-DBT-airflow-/.venv/lib/python3.11/site-packages/airflow/example_dags/example_latest_only.py
[2025-05-31T21:03:53.016-0300] {processor.py:830} INFO - Processing file /home/walterg/Documentos/Data_projects/Data-Warehouse-postgres-DBT-airflow-/.venv/lib/python3.11/site-packages/airflow/example_dags/example_latest_only.py for tasks to queue
[2025-05-31T21:03:53.017-0300] {logging_mixin.py:188} INFO - [2025-05-31T21:03:53.017-0300] {dagbag.py:538} INFO - Filling up the DagBag from /home/walterg/Documentos/Data_projects/Data-Warehouse-postgres-DBT-airflow-/.venv/lib/python3.11/site-packages/airflow/example_dags/example_latest_only.py
[2025-05-31T21:03:53.022-0300] {processor.py:840} INFO - DAG(s) 'latest_only' retrieved from /home/walterg/Documentos/Data_projects/Data-Warehouse-postgres-DBT-airflow-/.venv/lib/python3.11/site-packages/airflow/example_dags/example_latest_only.py
[2025-05-31T21:03:53.034-0300] {logging_mixin.py:188} INFO - [2025-05-31T21:03:53.034-0300] {dag.py:3036} INFO - Sync 1 DAGs
[2025-05-31T21:03:53.047-0300] {logging_mixin.py:188} INFO - [2025-05-31T21:03:53.047-0300] {dag.py:3823} INFO - Setting next_dagrun for latest_only to 2025-05-31 20:00:00+00:00, run_after=2025-06-01 00:00:00+00:00
[2025-05-31T21:03:53.065-0300] {processor.py:183} INFO - Processing /home/walterg/Documentos/Data_projects/Data-Warehouse-postgres-DBT-airflow-/.venv/lib/python3.11/site-packages/airflow/example_dags/example_latest_only.py took 0.056 seconds
[2025-05-31T21:04:56.021-0300] {processor.py:161} INFO - Started process (PID=33953) to work on /home/walterg/Documentos/Data_projects/Data-Warehouse-postgres-DBT-airflow-/.venv/lib/python3.11/site-packages/airflow/example_dags/example_latest_only.py
[2025-05-31T21:04:56.026-0300] {processor.py:830} INFO - Processing file /home/walterg/Documentos/Data_projects/Data-Warehouse-postgres-DBT-airflow-/.venv/lib/python3.11/site-packages/airflow/example_dags/example_latest_only.py for tasks to queue
[2025-05-31T21:04:56.027-0300] {logging_mixin.py:188} INFO - [2025-05-31T21:04:56.027-0300] {dagbag.py:538} INFO - Filling up the DagBag from /home/walterg/Documentos/Data_projects/Data-Warehouse-postgres-DBT-airflow-/.venv/lib/python3.11/site-packages/airflow/example_dags/example_latest_only.py
[2025-05-31T21:04:56.032-0300] {processor.py:840} INFO - DAG(s) 'latest_only' retrieved from /home/walterg/Documentos/Data_projects/Data-Warehouse-postgres-DBT-airflow-/.venv/lib/python3.11/site-packages/airflow/example_dags/example_latest_only.py
[2025-05-31T21:04:56.044-0300] {logging_mixin.py:188} INFO - [2025-05-31T21:04:56.044-0300] {dag.py:3036} INFO - Sync 1 DAGs
[2025-05-31T21:04:56.057-0300] {logging_mixin.py:188} INFO - [2025-05-31T21:04:56.057-0300] {dag.py:3823} INFO - Setting next_dagrun for latest_only to 2025-05-31 20:00:00+00:00, run_after=2025-06-01 00:00:00+00:00
[2025-05-31T21:04:56.075-0300] {processor.py:183} INFO - Processing /home/walterg/Documentos/Data_projects/Data-Warehouse-postgres-DBT-airflow-/.venv/lib/python3.11/site-packages/airflow/example_dags/example_latest_only.py took 0.057 seconds
[2025-05-31T21:05:59.653-0300] {processor.py:161} INFO - Started process (PID=34321) to work on /home/walterg/Documentos/Data_projects/Data-Warehouse-postgres-DBT-airflow-/.venv/lib/python3.11/site-packages/airflow/example_dags/example_latest_only.py
[2025-05-31T21:05:59.658-0300] {processor.py:830} INFO - Processing file /home/walterg/Documentos/Data_projects/Data-Warehouse-postgres-DBT-airflow-/.venv/lib/python3.11/site-packages/airflow/example_dags/example_latest_only.py for tasks to queue
[2025-05-31T21:05:59.659-0300] {logging_mixin.py:188} INFO - [2025-05-31T21:05:59.659-0300] {dagbag.py:538} INFO - Filling up the DagBag from /home/walterg/Documentos/Data_projects/Data-Warehouse-postgres-DBT-airflow-/.venv/lib/python3.11/site-packages/airflow/example_dags/example_latest_only.py
[2025-05-31T21:05:59.664-0300] {processor.py:840} INFO - DAG(s) 'latest_only' retrieved from /home/walterg/Documentos/Data_projects/Data-Warehouse-postgres-DBT-airflow-/.venv/lib/python3.11/site-packages/airflow/example_dags/example_latest_only.py
[2025-05-31T21:05:59.675-0300] {logging_mixin.py:188} INFO - [2025-05-31T21:05:59.675-0300] {dag.py:3036} INFO - Sync 1 DAGs
[2025-05-31T21:05:59.688-0300] {logging_mixin.py:188} INFO - [2025-05-31T21:05:59.688-0300] {dag.py:3823} INFO - Setting next_dagrun for latest_only to 2025-05-31 20:00:00+00:00, run_after=2025-06-01 00:00:00+00:00
[2025-05-31T21:05:59.705-0300] {processor.py:183} INFO - Processing /home/walterg/Documentos/Data_projects/Data-Warehouse-postgres-DBT-airflow-/.venv/lib/python3.11/site-packages/airflow/example_dags/example_latest_only.py took 0.054 seconds
[2025-05-31T21:06:50.380-0300] {processor.py:161} INFO - Started process (PID=34588) to work on /home/walterg/Documentos/Data_projects/Data-Warehouse-postgres-DBT-airflow-/.venv/lib/python3.11/site-packages/airflow/example_dags/example_latest_only.py
[2025-05-31T21:06:50.381-0300] {processor.py:830} INFO - Processing file /home/walterg/Documentos/Data_projects/Data-Warehouse-postgres-DBT-airflow-/.venv/lib/python3.11/site-packages/airflow/example_dags/example_latest_only.py for tasks to queue
[2025-05-31T21:06:50.382-0300] {logging_mixin.py:188} INFO - [2025-05-31T21:06:50.382-0300] {dagbag.py:538} INFO - Filling up the DagBag from /home/walterg/Documentos/Data_projects/Data-Warehouse-postgres-DBT-airflow-/.venv/lib/python3.11/site-packages/airflow/example_dags/example_latest_only.py
[2025-05-31T21:06:50.387-0300] {processor.py:840} INFO - DAG(s) 'latest_only' retrieved from /home/walterg/Documentos/Data_projects/Data-Warehouse-postgres-DBT-airflow-/.venv/lib/python3.11/site-packages/airflow/example_dags/example_latest_only.py
[2025-05-31T21:06:50.401-0300] {logging_mixin.py:188} INFO - [2025-05-31T21:06:50.400-0300] {dag.py:3036} INFO - Sync 1 DAGs
[2025-05-31T21:06:50.415-0300] {logging_mixin.py:188} INFO - [2025-05-31T21:06:50.415-0300] {dag.py:3823} INFO - Setting next_dagrun for latest_only to 2025-05-31 20:00:00+00:00, run_after=2025-06-01 00:00:00+00:00
[2025-05-31T21:06:50.434-0300] {processor.py:183} INFO - Processing /home/walterg/Documentos/Data_projects/Data-Warehouse-postgres-DBT-airflow-/.venv/lib/python3.11/site-packages/airflow/example_dags/example_latest_only.py took 0.056 seconds
[2025-05-31T21:07:52.387-0300] {processor.py:161} INFO - Started process (PID=34861) to work on /home/walterg/Documentos/Data_projects/Data-Warehouse-postgres-DBT-airflow-/.venv/lib/python3.11/site-packages/airflow/example_dags/example_latest_only.py
[2025-05-31T21:07:52.388-0300] {processor.py:830} INFO - Processing file /home/walterg/Documentos/Data_projects/Data-Warehouse-postgres-DBT-airflow-/.venv/lib/python3.11/site-packages/airflow/example_dags/example_latest_only.py for tasks to queue
[2025-05-31T21:07:52.389-0300] {logging_mixin.py:188} INFO - [2025-05-31T21:07:52.389-0300] {dagbag.py:538} INFO - Filling up the DagBag from /home/walterg/Documentos/Data_projects/Data-Warehouse-postgres-DBT-airflow-/.venv/lib/python3.11/site-packages/airflow/example_dags/example_latest_only.py
[2025-05-31T21:07:52.394-0300] {processor.py:840} INFO - DAG(s) 'latest_only' retrieved from /home/walterg/Documentos/Data_projects/Data-Warehouse-postgres-DBT-airflow-/.venv/lib/python3.11/site-packages/airflow/example_dags/example_latest_only.py
[2025-05-31T21:07:52.407-0300] {logging_mixin.py:188} INFO - [2025-05-31T21:07:52.407-0300] {dag.py:3036} INFO - Sync 1 DAGs
[2025-05-31T21:07:52.423-0300] {logging_mixin.py:188} INFO - [2025-05-31T21:07:52.423-0300] {dag.py:3823} INFO - Setting next_dagrun for latest_only to 2025-05-31 20:00:00+00:00, run_after=2025-06-01 00:00:00+00:00
[2025-05-31T21:07:52.440-0300] {processor.py:183} INFO - Processing /home/walterg/Documentos/Data_projects/Data-Warehouse-postgres-DBT-airflow-/.venv/lib/python3.11/site-packages/airflow/example_dags/example_latest_only.py took 0.056 seconds
[2025-05-31T21:08:54.202-0300] {processor.py:161} INFO - Started process (PID=35249) to work on /home/walterg/Documentos/Data_projects/Data-Warehouse-postgres-DBT-airflow-/.venv/lib/python3.11/site-packages/airflow/example_dags/example_latest_only.py
[2025-05-31T21:08:54.207-0300] {processor.py:830} INFO - Processing file /home/walterg/Documentos/Data_projects/Data-Warehouse-postgres-DBT-airflow-/.venv/lib/python3.11/site-packages/airflow/example_dags/example_latest_only.py for tasks to queue
[2025-05-31T21:08:54.208-0300] {logging_mixin.py:188} INFO - [2025-05-31T21:08:54.208-0300] {dagbag.py:538} INFO - Filling up the DagBag from /home/walterg/Documentos/Data_projects/Data-Warehouse-postgres-DBT-airflow-/.venv/lib/python3.11/site-packages/airflow/example_dags/example_latest_only.py
[2025-05-31T21:08:54.213-0300] {processor.py:840} INFO - DAG(s) 'latest_only' retrieved from /home/walterg/Documentos/Data_projects/Data-Warehouse-postgres-DBT-airflow-/.venv/lib/python3.11/site-packages/airflow/example_dags/example_latest_only.py
[2025-05-31T21:08:54.226-0300] {logging_mixin.py:188} INFO - [2025-05-31T21:08:54.226-0300] {dag.py:3036} INFO - Sync 1 DAGs
[2025-05-31T21:08:54.239-0300] {logging_mixin.py:188} INFO - [2025-05-31T21:08:54.239-0300] {dag.py:3823} INFO - Setting next_dagrun for latest_only to 2025-05-31 20:00:00+00:00, run_after=2025-06-01 00:00:00+00:00
[2025-05-31T21:08:54.256-0300] {processor.py:183} INFO - Processing /home/walterg/Documentos/Data_projects/Data-Warehouse-postgres-DBT-airflow-/.venv/lib/python3.11/site-packages/airflow/example_dags/example_latest_only.py took 0.056 seconds
[2025-05-31T21:09:55.934-0300] {processor.py:161} INFO - Started process (PID=35521) to work on /home/walterg/Documentos/Data_projects/Data-Warehouse-postgres-DBT-airflow-/.venv/lib/python3.11/site-packages/airflow/example_dags/example_latest_only.py
[2025-05-31T21:09:55.935-0300] {processor.py:830} INFO - Processing file /home/walterg/Documentos/Data_projects/Data-Warehouse-postgres-DBT-airflow-/.venv/lib/python3.11/site-packages/airflow/example_dags/example_latest_only.py for tasks to queue
[2025-05-31T21:09:55.935-0300] {logging_mixin.py:188} INFO - [2025-05-31T21:09:55.935-0300] {dagbag.py:538} INFO - Filling up the DagBag from /home/walterg/Documentos/Data_projects/Data-Warehouse-postgres-DBT-airflow-/.venv/lib/python3.11/site-packages/airflow/example_dags/example_latest_only.py
[2025-05-31T21:09:55.940-0300] {processor.py:840} INFO - DAG(s) 'latest_only' retrieved from /home/walterg/Documentos/Data_projects/Data-Warehouse-postgres-DBT-airflow-/.venv/lib/python3.11/site-packages/airflow/example_dags/example_latest_only.py
[2025-05-31T21:09:55.952-0300] {logging_mixin.py:188} INFO - [2025-05-31T21:09:55.952-0300] {dag.py:3036} INFO - Sync 1 DAGs
[2025-05-31T21:09:55.965-0300] {logging_mixin.py:188} INFO - [2025-05-31T21:09:55.965-0300] {dag.py:3823} INFO - Setting next_dagrun for latest_only to 2025-05-31 20:00:00+00:00, run_after=2025-06-01 00:00:00+00:00
[2025-05-31T21:09:55.981-0300] {processor.py:183} INFO - Processing /home/walterg/Documentos/Data_projects/Data-Warehouse-postgres-DBT-airflow-/.venv/lib/python3.11/site-packages/airflow/example_dags/example_latest_only.py took 0.050 seconds
[2025-05-31T21:10:57.674-0300] {processor.py:161} INFO - Started process (PID=35868) to work on /home/walterg/Documentos/Data_projects/Data-Warehouse-postgres-DBT-airflow-/.venv/lib/python3.11/site-packages/airflow/example_dags/example_latest_only.py
[2025-05-31T21:10:57.675-0300] {processor.py:830} INFO - Processing file /home/walterg/Documentos/Data_projects/Data-Warehouse-postgres-DBT-airflow-/.venv/lib/python3.11/site-packages/airflow/example_dags/example_latest_only.py for tasks to queue
[2025-05-31T21:10:57.676-0300] {logging_mixin.py:188} INFO - [2025-05-31T21:10:57.675-0300] {dagbag.py:538} INFO - Filling up the DagBag from /home/walterg/Documentos/Data_projects/Data-Warehouse-postgres-DBT-airflow-/.venv/lib/python3.11/site-packages/airflow/example_dags/example_latest_only.py
[2025-05-31T21:10:57.680-0300] {processor.py:840} INFO - DAG(s) 'latest_only' retrieved from /home/walterg/Documentos/Data_projects/Data-Warehouse-postgres-DBT-airflow-/.venv/lib/python3.11/site-packages/airflow/example_dags/example_latest_only.py
[2025-05-31T21:10:57.693-0300] {logging_mixin.py:188} INFO - [2025-05-31T21:10:57.692-0300] {dag.py:3036} INFO - Sync 1 DAGs
[2025-05-31T21:10:57.706-0300] {logging_mixin.py:188} INFO - [2025-05-31T21:10:57.706-0300] {dag.py:3823} INFO - Setting next_dagrun for latest_only to 2025-05-31 20:00:00+00:00, run_after=2025-06-01 00:00:00+00:00
[2025-05-31T21:10:57.722-0300] {processor.py:183} INFO - Processing /home/walterg/Documentos/Data_projects/Data-Warehouse-postgres-DBT-airflow-/.venv/lib/python3.11/site-packages/airflow/example_dags/example_latest_only.py took 0.050 seconds
[2025-05-31T21:12:07.340-0300] {processor.py:161} INFO - Started process (PID=36229) to work on /home/walterg/Documentos/Data_projects/Data-Warehouse-postgres-DBT-airflow-/.venv/lib/python3.11/site-packages/airflow/example_dags/example_latest_only.py
[2025-05-31T21:12:07.345-0300] {processor.py:830} INFO - Processing file /home/walterg/Documentos/Data_projects/Data-Warehouse-postgres-DBT-airflow-/.venv/lib/python3.11/site-packages/airflow/example_dags/example_latest_only.py for tasks to queue
[2025-05-31T21:12:07.346-0300] {logging_mixin.py:188} INFO - [2025-05-31T21:12:07.345-0300] {dagbag.py:538} INFO - Filling up the DagBag from /home/walterg/Documentos/Data_projects/Data-Warehouse-postgres-DBT-airflow-/.venv/lib/python3.11/site-packages/airflow/example_dags/example_latest_only.py
[2025-05-31T21:12:07.350-0300] {processor.py:840} INFO - DAG(s) 'latest_only' retrieved from /home/walterg/Documentos/Data_projects/Data-Warehouse-postgres-DBT-airflow-/.venv/lib/python3.11/site-packages/airflow/example_dags/example_latest_only.py
[2025-05-31T21:12:07.363-0300] {logging_mixin.py:188} INFO - [2025-05-31T21:12:07.362-0300] {dag.py:3036} INFO - Sync 1 DAGs
[2025-05-31T21:12:07.386-0300] {logging_mixin.py:188} INFO - [2025-05-31T21:12:07.386-0300] {dag.py:3823} INFO - Setting next_dagrun for latest_only to 2025-05-31 20:00:00+00:00, run_after=2025-06-01 00:00:00+00:00
[2025-05-31T21:12:07.409-0300] {processor.py:183} INFO - Processing /home/walterg/Documentos/Data_projects/Data-Warehouse-postgres-DBT-airflow-/.venv/lib/python3.11/site-packages/airflow/example_dags/example_latest_only.py took 0.072 seconds
[2025-05-31T21:13:08.790-0300] {processor.py:161} INFO - Started process (PID=36503) to work on /home/walterg/Documentos/Data_projects/Data-Warehouse-postgres-DBT-airflow-/.venv/lib/python3.11/site-packages/airflow/example_dags/example_latest_only.py
[2025-05-31T21:13:08.795-0300] {processor.py:830} INFO - Processing file /home/walterg/Documentos/Data_projects/Data-Warehouse-postgres-DBT-airflow-/.venv/lib/python3.11/site-packages/airflow/example_dags/example_latest_only.py for tasks to queue
[2025-05-31T21:13:08.797-0300] {logging_mixin.py:188} INFO - [2025-05-31T21:13:08.796-0300] {dagbag.py:538} INFO - Filling up the DagBag from /home/walterg/Documentos/Data_projects/Data-Warehouse-postgres-DBT-airflow-/.venv/lib/python3.11/site-packages/airflow/example_dags/example_latest_only.py
[2025-05-31T21:13:08.801-0300] {processor.py:840} INFO - DAG(s) 'latest_only' retrieved from /home/walterg/Documentos/Data_projects/Data-Warehouse-postgres-DBT-airflow-/.venv/lib/python3.11/site-packages/airflow/example_dags/example_latest_only.py
[2025-05-31T21:13:08.814-0300] {logging_mixin.py:188} INFO - [2025-05-31T21:13:08.814-0300] {dag.py:3036} INFO - Sync 1 DAGs
[2025-05-31T21:13:08.827-0300] {logging_mixin.py:188} INFO - [2025-05-31T21:13:08.827-0300] {dag.py:3823} INFO - Setting next_dagrun for latest_only to 2025-05-31 20:00:00+00:00, run_after=2025-06-01 00:00:00+00:00
[2025-05-31T21:13:08.845-0300] {processor.py:183} INFO - Processing /home/walterg/Documentos/Data_projects/Data-Warehouse-postgres-DBT-airflow-/.venv/lib/python3.11/site-packages/airflow/example_dags/example_latest_only.py took 0.058 seconds
[2025-05-31T21:14:16.388-0300] {processor.py:161} INFO - Started process (PID=36836) to work on /home/walterg/Documentos/Data_projects/Data-Warehouse-postgres-DBT-airflow-/.venv/lib/python3.11/site-packages/airflow/example_dags/example_latest_only.py
[2025-05-31T21:14:16.393-0300] {processor.py:830} INFO - Processing file /home/walterg/Documentos/Data_projects/Data-Warehouse-postgres-DBT-airflow-/.venv/lib/python3.11/site-packages/airflow/example_dags/example_latest_only.py for tasks to queue
[2025-05-31T21:14:16.393-0300] {logging_mixin.py:188} INFO - [2025-05-31T21:14:16.393-0300] {dagbag.py:538} INFO - Filling up the DagBag from /home/walterg/Documentos/Data_projects/Data-Warehouse-postgres-DBT-airflow-/.venv/lib/python3.11/site-packages/airflow/example_dags/example_latest_only.py
[2025-05-31T21:14:16.398-0300] {processor.py:840} INFO - DAG(s) 'latest_only' retrieved from /home/walterg/Documentos/Data_projects/Data-Warehouse-postgres-DBT-airflow-/.venv/lib/python3.11/site-packages/airflow/example_dags/example_latest_only.py
[2025-05-31T21:14:16.410-0300] {logging_mixin.py:188} INFO - [2025-05-31T21:14:16.410-0300] {dag.py:3036} INFO - Sync 1 DAGs
[2025-05-31T21:14:16.423-0300] {logging_mixin.py:188} INFO - [2025-05-31T21:14:16.423-0300] {dag.py:3823} INFO - Setting next_dagrun for latest_only to 2025-05-31 20:00:00+00:00, run_after=2025-06-01 00:00:00+00:00
[2025-05-31T21:14:16.440-0300] {processor.py:183} INFO - Processing /home/walterg/Documentos/Data_projects/Data-Warehouse-postgres-DBT-airflow-/.venv/lib/python3.11/site-packages/airflow/example_dags/example_latest_only.py took 0.055 seconds
[2025-05-31T21:15:15.906-0300] {processor.py:161} INFO - Started process (PID=37200) to work on /home/walterg/Documentos/Data_projects/Data-Warehouse-postgres-DBT-airflow-/.venv/lib/python3.11/site-packages/airflow/example_dags/example_latest_only.py
[2025-05-31T21:15:15.914-0300] {processor.py:830} INFO - Processing file /home/walterg/Documentos/Data_projects/Data-Warehouse-postgres-DBT-airflow-/.venv/lib/python3.11/site-packages/airflow/example_dags/example_latest_only.py for tasks to queue
[2025-05-31T21:15:15.915-0300] {logging_mixin.py:188} INFO - [2025-05-31T21:15:15.915-0300] {dagbag.py:538} INFO - Filling up the DagBag from /home/walterg/Documentos/Data_projects/Data-Warehouse-postgres-DBT-airflow-/.venv/lib/python3.11/site-packages/airflow/example_dags/example_latest_only.py
[2025-05-31T21:15:15.923-0300] {processor.py:840} INFO - DAG(s) 'latest_only' retrieved from /home/walterg/Documentos/Data_projects/Data-Warehouse-postgres-DBT-airflow-/.venv/lib/python3.11/site-packages/airflow/example_dags/example_latest_only.py
[2025-05-31T21:15:15.946-0300] {logging_mixin.py:188} INFO - [2025-05-31T21:15:15.946-0300] {dag.py:3036} INFO - Sync 1 DAGs
[2025-05-31T21:15:15.970-0300] {logging_mixin.py:188} INFO - [2025-05-31T21:15:15.970-0300] {dag.py:3823} INFO - Setting next_dagrun for latest_only to 2025-05-31 20:00:00+00:00, run_after=2025-06-01 00:00:00+00:00
[2025-05-31T21:15:15.989-0300] {processor.py:183} INFO - Processing /home/walterg/Documentos/Data_projects/Data-Warehouse-postgres-DBT-airflow-/.venv/lib/python3.11/site-packages/airflow/example_dags/example_latest_only.py took 0.086 seconds
[2025-05-31T21:16:15.205-0300] {processor.py:161} INFO - Started process (PID=37506) to work on /home/walterg/Documentos/Data_projects/Data-Warehouse-postgres-DBT-airflow-/.venv/lib/python3.11/site-packages/airflow/example_dags/example_latest_only.py
[2025-05-31T21:16:15.213-0300] {processor.py:830} INFO - Processing file /home/walterg/Documentos/Data_projects/Data-Warehouse-postgres-DBT-airflow-/.venv/lib/python3.11/site-packages/airflow/example_dags/example_latest_only.py for tasks to queue
[2025-05-31T21:16:15.214-0300] {logging_mixin.py:188} INFO - [2025-05-31T21:16:15.213-0300] {dagbag.py:538} INFO - Filling up the DagBag from /home/walterg/Documentos/Data_projects/Data-Warehouse-postgres-DBT-airflow-/.venv/lib/python3.11/site-packages/airflow/example_dags/example_latest_only.py
[2025-05-31T21:16:15.218-0300] {processor.py:840} INFO - DAG(s) 'latest_only' retrieved from /home/walterg/Documentos/Data_projects/Data-Warehouse-postgres-DBT-airflow-/.venv/lib/python3.11/site-packages/airflow/example_dags/example_latest_only.py
[2025-05-31T21:16:15.230-0300] {logging_mixin.py:188} INFO - [2025-05-31T21:16:15.230-0300] {dag.py:3036} INFO - Sync 1 DAGs
[2025-05-31T21:16:15.244-0300] {logging_mixin.py:188} INFO - [2025-05-31T21:16:15.243-0300] {dag.py:3823} INFO - Setting next_dagrun for latest_only to 2025-05-31 20:00:00+00:00, run_after=2025-06-01 00:00:00+00:00
[2025-05-31T21:16:15.261-0300] {processor.py:183} INFO - Processing /home/walterg/Documentos/Data_projects/Data-Warehouse-postgres-DBT-airflow-/.venv/lib/python3.11/site-packages/airflow/example_dags/example_latest_only.py took 0.058 seconds
[2025-05-31T21:17:22.364-0300] {processor.py:161} INFO - Started process (PID=37868) to work on /home/walterg/Documentos/Data_projects/Data-Warehouse-postgres-DBT-airflow-/.venv/lib/python3.11/site-packages/airflow/example_dags/example_latest_only.py
[2025-05-31T21:17:22.369-0300] {processor.py:830} INFO - Processing file /home/walterg/Documentos/Data_projects/Data-Warehouse-postgres-DBT-airflow-/.venv/lib/python3.11/site-packages/airflow/example_dags/example_latest_only.py for tasks to queue
[2025-05-31T21:17:22.371-0300] {logging_mixin.py:188} INFO - [2025-05-31T21:17:22.370-0300] {dagbag.py:538} INFO - Filling up the DagBag from /home/walterg/Documentos/Data_projects/Data-Warehouse-postgres-DBT-airflow-/.venv/lib/python3.11/site-packages/airflow/example_dags/example_latest_only.py
[2025-05-31T21:17:22.377-0300] {processor.py:840} INFO - DAG(s) 'latest_only' retrieved from /home/walterg/Documentos/Data_projects/Data-Warehouse-postgres-DBT-airflow-/.venv/lib/python3.11/site-packages/airflow/example_dags/example_latest_only.py
[2025-05-31T21:17:22.393-0300] {logging_mixin.py:188} INFO - [2025-05-31T21:17:22.393-0300] {dag.py:3036} INFO - Sync 1 DAGs
[2025-05-31T21:17:22.417-0300] {logging_mixin.py:188} INFO - [2025-05-31T21:17:22.417-0300] {dag.py:3823} INFO - Setting next_dagrun for latest_only to 2025-05-31 20:00:00+00:00, run_after=2025-06-01 00:00:00+00:00
[2025-05-31T21:17:22.450-0300] {processor.py:183} INFO - Processing /home/walterg/Documentos/Data_projects/Data-Warehouse-postgres-DBT-airflow-/.venv/lib/python3.11/site-packages/airflow/example_dags/example_latest_only.py took 0.089 seconds
[2025-05-31T21:18:31.047-0300] {processor.py:161} INFO - Started process (PID=38112) to work on /home/walterg/Documentos/Data_projects/Data-Warehouse-postgres-DBT-airflow-/.venv/lib/python3.11/site-packages/airflow/example_dags/example_latest_only.py
[2025-05-31T21:18:31.052-0300] {processor.py:830} INFO - Processing file /home/walterg/Documentos/Data_projects/Data-Warehouse-postgres-DBT-airflow-/.venv/lib/python3.11/site-packages/airflow/example_dags/example_latest_only.py for tasks to queue
[2025-05-31T21:18:31.054-0300] {logging_mixin.py:188} INFO - [2025-05-31T21:18:31.053-0300] {dagbag.py:538} INFO - Filling up the DagBag from /home/walterg/Documentos/Data_projects/Data-Warehouse-postgres-DBT-airflow-/.venv/lib/python3.11/site-packages/airflow/example_dags/example_latest_only.py
[2025-05-31T21:18:31.058-0300] {processor.py:840} INFO - DAG(s) 'latest_only' retrieved from /home/walterg/Documentos/Data_projects/Data-Warehouse-postgres-DBT-airflow-/.venv/lib/python3.11/site-packages/airflow/example_dags/example_latest_only.py
[2025-05-31T21:18:31.071-0300] {logging_mixin.py:188} INFO - [2025-05-31T21:18:31.071-0300] {dag.py:3036} INFO - Sync 1 DAGs
[2025-05-31T21:18:31.181-0300] {logging_mixin.py:188} INFO - [2025-05-31T21:18:31.180-0300] {dag.py:3823} INFO - Setting next_dagrun for latest_only to 2025-05-31 20:00:00+00:00, run_after=2025-06-01 00:00:00+00:00
[2025-05-31T21:18:31.200-0300] {processor.py:183} INFO - Processing /home/walterg/Documentos/Data_projects/Data-Warehouse-postgres-DBT-airflow-/.venv/lib/python3.11/site-packages/airflow/example_dags/example_latest_only.py took 0.155 seconds
[2025-05-31T21:19:33.385-0300] {processor.py:161} INFO - Started process (PID=38378) to work on /home/walterg/Documentos/Data_projects/Data-Warehouse-postgres-DBT-airflow-/.venv/lib/python3.11/site-packages/airflow/example_dags/example_latest_only.py
[2025-05-31T21:19:33.390-0300] {processor.py:830} INFO - Processing file /home/walterg/Documentos/Data_projects/Data-Warehouse-postgres-DBT-airflow-/.venv/lib/python3.11/site-packages/airflow/example_dags/example_latest_only.py for tasks to queue
[2025-05-31T21:19:33.392-0300] {logging_mixin.py:188} INFO - [2025-05-31T21:19:33.391-0300] {dagbag.py:538} INFO - Filling up the DagBag from /home/walterg/Documentos/Data_projects/Data-Warehouse-postgres-DBT-airflow-/.venv/lib/python3.11/site-packages/airflow/example_dags/example_latest_only.py
[2025-05-31T21:19:33.397-0300] {processor.py:840} INFO - DAG(s) 'latest_only' retrieved from /home/walterg/Documentos/Data_projects/Data-Warehouse-postgres-DBT-airflow-/.venv/lib/python3.11/site-packages/airflow/example_dags/example_latest_only.py
[2025-05-31T21:19:33.409-0300] {logging_mixin.py:188} INFO - [2025-05-31T21:19:33.409-0300] {dag.py:3036} INFO - Sync 1 DAGs
[2025-05-31T21:19:33.427-0300] {logging_mixin.py:188} INFO - [2025-05-31T21:19:33.427-0300] {dag.py:3823} INFO - Setting next_dagrun for latest_only to 2025-05-31 20:00:00+00:00, run_after=2025-06-01 00:00:00+00:00
[2025-05-31T21:19:33.443-0300] {processor.py:183} INFO - Processing /home/walterg/Documentos/Data_projects/Data-Warehouse-postgres-DBT-airflow-/.venv/lib/python3.11/site-packages/airflow/example_dags/example_latest_only.py took 0.060 seconds
[2025-05-31T21:20:36.210-0300] {processor.py:161} INFO - Started process (PID=38623) to work on /home/walterg/Documentos/Data_projects/Data-Warehouse-postgres-DBT-airflow-/.venv/lib/python3.11/site-packages/airflow/example_dags/example_latest_only.py
[2025-05-31T21:20:36.211-0300] {processor.py:830} INFO - Processing file /home/walterg/Documentos/Data_projects/Data-Warehouse-postgres-DBT-airflow-/.venv/lib/python3.11/site-packages/airflow/example_dags/example_latest_only.py for tasks to queue
[2025-05-31T21:20:36.212-0300] {logging_mixin.py:188} INFO - [2025-05-31T21:20:36.212-0300] {dagbag.py:538} INFO - Filling up the DagBag from /home/walterg/Documentos/Data_projects/Data-Warehouse-postgres-DBT-airflow-/.venv/lib/python3.11/site-packages/airflow/example_dags/example_latest_only.py
[2025-05-31T21:20:36.217-0300] {processor.py:840} INFO - DAG(s) 'latest_only' retrieved from /home/walterg/Documentos/Data_projects/Data-Warehouse-postgres-DBT-airflow-/.venv/lib/python3.11/site-packages/airflow/example_dags/example_latest_only.py
[2025-05-31T21:20:36.229-0300] {logging_mixin.py:188} INFO - [2025-05-31T21:20:36.229-0300] {dag.py:3036} INFO - Sync 1 DAGs
[2025-05-31T21:20:36.246-0300] {logging_mixin.py:188} INFO - [2025-05-31T21:20:36.246-0300] {dag.py:3823} INFO - Setting next_dagrun for latest_only to 2025-05-31 20:00:00+00:00, run_after=2025-06-01 00:00:00+00:00
[2025-05-31T21:20:36.262-0300] {processor.py:183} INFO - Processing /home/walterg/Documentos/Data_projects/Data-Warehouse-postgres-DBT-airflow-/.venv/lib/python3.11/site-packages/airflow/example_dags/example_latest_only.py took 0.054 seconds
[2025-05-31T21:21:38.025-0300] {processor.py:161} INFO - Started process (PID=38907) to work on /home/walterg/Documentos/Data_projects/Data-Warehouse-postgres-DBT-airflow-/.venv/lib/python3.11/site-packages/airflow/example_dags/example_latest_only.py
[2025-05-31T21:21:38.030-0300] {processor.py:830} INFO - Processing file /home/walterg/Documentos/Data_projects/Data-Warehouse-postgres-DBT-airflow-/.venv/lib/python3.11/site-packages/airflow/example_dags/example_latest_only.py for tasks to queue
[2025-05-31T21:21:38.031-0300] {logging_mixin.py:188} INFO - [2025-05-31T21:21:38.030-0300] {dagbag.py:538} INFO - Filling up the DagBag from /home/walterg/Documentos/Data_projects/Data-Warehouse-postgres-DBT-airflow-/.venv/lib/python3.11/site-packages/airflow/example_dags/example_latest_only.py
[2025-05-31T21:21:38.036-0300] {processor.py:840} INFO - DAG(s) 'latest_only' retrieved from /home/walterg/Documentos/Data_projects/Data-Warehouse-postgres-DBT-airflow-/.venv/lib/python3.11/site-packages/airflow/example_dags/example_latest_only.py
[2025-05-31T21:21:38.056-0300] {logging_mixin.py:188} INFO - [2025-05-31T21:21:38.055-0300] {dag.py:3036} INFO - Sync 1 DAGs
[2025-05-31T21:21:38.071-0300] {logging_mixin.py:188} INFO - [2025-05-31T21:21:38.070-0300] {dag.py:3823} INFO - Setting next_dagrun for latest_only to 2025-05-31 20:00:00+00:00, run_after=2025-06-01 00:00:00+00:00
[2025-05-31T21:21:38.089-0300] {processor.py:183} INFO - Processing /home/walterg/Documentos/Data_projects/Data-Warehouse-postgres-DBT-airflow-/.venv/lib/python3.11/site-packages/airflow/example_dags/example_latest_only.py took 0.068 seconds
[2025-05-31T21:22:41.458-0300] {processor.py:161} INFO - Started process (PID=39320) to work on /home/walterg/Documentos/Data_projects/Data-Warehouse-postgres-DBT-airflow-/.venv/lib/python3.11/site-packages/airflow/example_dags/example_latest_only.py
[2025-05-31T21:22:41.463-0300] {processor.py:830} INFO - Processing file /home/walterg/Documentos/Data_projects/Data-Warehouse-postgres-DBT-airflow-/.venv/lib/python3.11/site-packages/airflow/example_dags/example_latest_only.py for tasks to queue
[2025-05-31T21:22:41.464-0300] {logging_mixin.py:188} INFO - [2025-05-31T21:22:41.464-0300] {dagbag.py:538} INFO - Filling up the DagBag from /home/walterg/Documentos/Data_projects/Data-Warehouse-postgres-DBT-airflow-/.venv/lib/python3.11/site-packages/airflow/example_dags/example_latest_only.py
[2025-05-31T21:22:41.470-0300] {processor.py:840} INFO - DAG(s) 'latest_only' retrieved from /home/walterg/Documentos/Data_projects/Data-Warehouse-postgres-DBT-airflow-/.venv/lib/python3.11/site-packages/airflow/example_dags/example_latest_only.py
[2025-05-31T21:22:41.484-0300] {logging_mixin.py:188} INFO - [2025-05-31T21:22:41.483-0300] {dag.py:3036} INFO - Sync 1 DAGs
[2025-05-31T21:22:41.602-0300] {logging_mixin.py:188} INFO - [2025-05-31T21:22:41.602-0300] {dag.py:3823} INFO - Setting next_dagrun for latest_only to 2025-05-31 20:00:00+00:00, run_after=2025-06-01 00:00:00+00:00
[2025-05-31T21:22:41.621-0300] {processor.py:183} INFO - Processing /home/walterg/Documentos/Data_projects/Data-Warehouse-postgres-DBT-airflow-/.venv/lib/python3.11/site-packages/airflow/example_dags/example_latest_only.py took 0.166 seconds
[2025-05-31T21:23:47.696-0300] {processor.py:161} INFO - Started process (PID=39600) to work on /home/walterg/Documentos/Data_projects/Data-Warehouse-postgres-DBT-airflow-/.venv/lib/python3.11/site-packages/airflow/example_dags/example_latest_only.py
[2025-05-31T21:23:47.697-0300] {processor.py:830} INFO - Processing file /home/walterg/Documentos/Data_projects/Data-Warehouse-postgres-DBT-airflow-/.venv/lib/python3.11/site-packages/airflow/example_dags/example_latest_only.py for tasks to queue
[2025-05-31T21:23:47.698-0300] {logging_mixin.py:188} INFO - [2025-05-31T21:23:47.697-0300] {dagbag.py:538} INFO - Filling up the DagBag from /home/walterg/Documentos/Data_projects/Data-Warehouse-postgres-DBT-airflow-/.venv/lib/python3.11/site-packages/airflow/example_dags/example_latest_only.py
[2025-05-31T21:23:47.702-0300] {processor.py:840} INFO - DAG(s) 'latest_only' retrieved from /home/walterg/Documentos/Data_projects/Data-Warehouse-postgres-DBT-airflow-/.venv/lib/python3.11/site-packages/airflow/example_dags/example_latest_only.py
[2025-05-31T21:23:47.714-0300] {logging_mixin.py:188} INFO - [2025-05-31T21:23:47.714-0300] {dag.py:3036} INFO - Sync 1 DAGs
[2025-05-31T21:23:47.728-0300] {logging_mixin.py:188} INFO - [2025-05-31T21:23:47.728-0300] {dag.py:3823} INFO - Setting next_dagrun for latest_only to 2025-05-31 20:00:00+00:00, run_after=2025-06-01 00:00:00+00:00
[2025-05-31T21:23:47.849-0300] {processor.py:183} INFO - Processing /home/walterg/Documentos/Data_projects/Data-Warehouse-postgres-DBT-airflow-/.venv/lib/python3.11/site-packages/airflow/example_dags/example_latest_only.py took 0.156 seconds
[2025-05-31T21:25:00.817-0300] {processor.py:161} INFO - Started process (PID=39855) to work on /home/walterg/Documentos/Data_projects/Data-Warehouse-postgres-DBT-airflow-/.venv/lib/python3.11/site-packages/airflow/example_dags/example_latest_only.py
[2025-05-31T21:25:00.822-0300] {processor.py:830} INFO - Processing file /home/walterg/Documentos/Data_projects/Data-Warehouse-postgres-DBT-airflow-/.venv/lib/python3.11/site-packages/airflow/example_dags/example_latest_only.py for tasks to queue
[2025-05-31T21:25:00.823-0300] {logging_mixin.py:188} INFO - [2025-05-31T21:25:00.822-0300] {dagbag.py:538} INFO - Filling up the DagBag from /home/walterg/Documentos/Data_projects/Data-Warehouse-postgres-DBT-airflow-/.venv/lib/python3.11/site-packages/airflow/example_dags/example_latest_only.py
[2025-05-31T21:25:00.829-0300] {processor.py:840} INFO - DAG(s) 'latest_only' retrieved from /home/walterg/Documentos/Data_projects/Data-Warehouse-postgres-DBT-airflow-/.venv/lib/python3.11/site-packages/airflow/example_dags/example_latest_only.py
[2025-05-31T21:25:00.841-0300] {logging_mixin.py:188} INFO - [2025-05-31T21:25:00.841-0300] {dag.py:3036} INFO - Sync 1 DAGs
[2025-05-31T21:25:00.856-0300] {logging_mixin.py:188} INFO - [2025-05-31T21:25:00.856-0300] {dag.py:3823} INFO - Setting next_dagrun for latest_only to 2025-05-31 20:00:00+00:00, run_after=2025-06-01 00:00:00+00:00
[2025-05-31T21:25:00.875-0300] {processor.py:183} INFO - Processing /home/walterg/Documentos/Data_projects/Data-Warehouse-postgres-DBT-airflow-/.venv/lib/python3.11/site-packages/airflow/example_dags/example_latest_only.py took 0.063 seconds
[2025-05-31T21:25:47.012-0300] {processor.py:161} INFO - Started process (PID=40233) to work on /home/walterg/Documentos/Data_projects/Data-Warehouse-postgres-DBT-airflow-/.venv/lib/python3.11/site-packages/airflow/example_dags/example_latest_only.py
[2025-05-31T21:25:47.014-0300] {processor.py:830} INFO - Processing file /home/walterg/Documentos/Data_projects/Data-Warehouse-postgres-DBT-airflow-/.venv/lib/python3.11/site-packages/airflow/example_dags/example_latest_only.py for tasks to queue
[2025-05-31T21:25:47.014-0300] {logging_mixin.py:188} INFO - [2025-05-31T21:25:47.014-0300] {dagbag.py:538} INFO - Filling up the DagBag from /home/walterg/Documentos/Data_projects/Data-Warehouse-postgres-DBT-airflow-/.venv/lib/python3.11/site-packages/airflow/example_dags/example_latest_only.py
[2025-05-31T21:25:47.019-0300] {processor.py:840} INFO - DAG(s) 'latest_only' retrieved from /home/walterg/Documentos/Data_projects/Data-Warehouse-postgres-DBT-airflow-/.venv/lib/python3.11/site-packages/airflow/example_dags/example_latest_only.py
[2025-05-31T21:25:47.031-0300] {logging_mixin.py:188} INFO - [2025-05-31T21:25:47.031-0300] {dag.py:3036} INFO - Sync 1 DAGs
[2025-05-31T21:25:47.044-0300] {logging_mixin.py:188} INFO - [2025-05-31T21:25:47.044-0300] {dag.py:3823} INFO - Setting next_dagrun for latest_only to 2025-05-31 20:00:00+00:00, run_after=2025-06-01 00:00:00+00:00
[2025-05-31T21:25:47.061-0300] {processor.py:183} INFO - Processing /home/walterg/Documentos/Data_projects/Data-Warehouse-postgres-DBT-airflow-/.venv/lib/python3.11/site-packages/airflow/example_dags/example_latest_only.py took 0.051 seconds
[2025-05-31T21:26:46.871-0300] {processor.py:161} INFO - Started process (PID=40677) to work on /home/walterg/Documentos/Data_projects/Data-Warehouse-postgres-DBT-airflow-/.venv/lib/python3.11/site-packages/airflow/example_dags/example_latest_only.py
[2025-05-31T21:26:46.873-0300] {processor.py:830} INFO - Processing file /home/walterg/Documentos/Data_projects/Data-Warehouse-postgres-DBT-airflow-/.venv/lib/python3.11/site-packages/airflow/example_dags/example_latest_only.py for tasks to queue
[2025-05-31T21:26:46.874-0300] {logging_mixin.py:188} INFO - [2025-05-31T21:26:46.874-0300] {dagbag.py:538} INFO - Filling up the DagBag from /home/walterg/Documentos/Data_projects/Data-Warehouse-postgres-DBT-airflow-/.venv/lib/python3.11/site-packages/airflow/example_dags/example_latest_only.py
[2025-05-31T21:26:46.879-0300] {processor.py:840} INFO - DAG(s) 'latest_only' retrieved from /home/walterg/Documentos/Data_projects/Data-Warehouse-postgres-DBT-airflow-/.venv/lib/python3.11/site-packages/airflow/example_dags/example_latest_only.py
[2025-05-31T21:26:46.892-0300] {logging_mixin.py:188} INFO - [2025-05-31T21:26:46.892-0300] {dag.py:3036} INFO - Sync 1 DAGs
[2025-05-31T21:26:46.907-0300] {logging_mixin.py:188} INFO - [2025-05-31T21:26:46.907-0300] {dag.py:3823} INFO - Setting next_dagrun for latest_only to 2025-05-31 20:00:00+00:00, run_after=2025-06-01 00:00:00+00:00
[2025-05-31T21:26:46.927-0300] {processor.py:183} INFO - Processing /home/walterg/Documentos/Data_projects/Data-Warehouse-postgres-DBT-airflow-/.venv/lib/python3.11/site-packages/airflow/example_dags/example_latest_only.py took 0.059 seconds
[2025-05-31T21:27:46.306-0300] {processor.py:161} INFO - Started process (PID=41174) to work on /home/walterg/Documentos/Data_projects/Data-Warehouse-postgres-DBT-airflow-/.venv/lib/python3.11/site-packages/airflow/example_dags/example_latest_only.py
[2025-05-31T21:27:46.307-0300] {processor.py:830} INFO - Processing file /home/walterg/Documentos/Data_projects/Data-Warehouse-postgres-DBT-airflow-/.venv/lib/python3.11/site-packages/airflow/example_dags/example_latest_only.py for tasks to queue
[2025-05-31T21:27:46.308-0300] {logging_mixin.py:188} INFO - [2025-05-31T21:27:46.308-0300] {dagbag.py:538} INFO - Filling up the DagBag from /home/walterg/Documentos/Data_projects/Data-Warehouse-postgres-DBT-airflow-/.venv/lib/python3.11/site-packages/airflow/example_dags/example_latest_only.py
[2025-05-31T21:27:46.313-0300] {processor.py:840} INFO - DAG(s) 'latest_only' retrieved from /home/walterg/Documentos/Data_projects/Data-Warehouse-postgres-DBT-airflow-/.venv/lib/python3.11/site-packages/airflow/example_dags/example_latest_only.py
[2025-05-31T21:27:46.325-0300] {logging_mixin.py:188} INFO - [2025-05-31T21:27:46.325-0300] {dag.py:3036} INFO - Sync 1 DAGs
[2025-05-31T21:27:46.338-0300] {logging_mixin.py:188} INFO - [2025-05-31T21:27:46.338-0300] {dag.py:3823} INFO - Setting next_dagrun for latest_only to 2025-05-31 20:00:00+00:00, run_after=2025-06-01 00:00:00+00:00
[2025-05-31T21:27:46.354-0300] {processor.py:183} INFO - Processing /home/walterg/Documentos/Data_projects/Data-Warehouse-postgres-DBT-airflow-/.venv/lib/python3.11/site-packages/airflow/example_dags/example_latest_only.py took 0.050 seconds
[2025-05-31T21:28:48.966-0300] {processor.py:161} INFO - Started process (PID=41440) to work on /home/walterg/Documentos/Data_projects/Data-Warehouse-postgres-DBT-airflow-/.venv/lib/python3.11/site-packages/airflow/example_dags/example_latest_only.py
[2025-05-31T21:28:48.971-0300] {processor.py:830} INFO - Processing file /home/walterg/Documentos/Data_projects/Data-Warehouse-postgres-DBT-airflow-/.venv/lib/python3.11/site-packages/airflow/example_dags/example_latest_only.py for tasks to queue
[2025-05-31T21:28:48.972-0300] {logging_mixin.py:188} INFO - [2025-05-31T21:28:48.972-0300] {dagbag.py:538} INFO - Filling up the DagBag from /home/walterg/Documentos/Data_projects/Data-Warehouse-postgres-DBT-airflow-/.venv/lib/python3.11/site-packages/airflow/example_dags/example_latest_only.py
[2025-05-31T21:28:48.977-0300] {processor.py:840} INFO - DAG(s) 'latest_only' retrieved from /home/walterg/Documentos/Data_projects/Data-Warehouse-postgres-DBT-airflow-/.venv/lib/python3.11/site-packages/airflow/example_dags/example_latest_only.py
[2025-05-31T21:28:48.989-0300] {logging_mixin.py:188} INFO - [2025-05-31T21:28:48.988-0300] {dag.py:3036} INFO - Sync 1 DAGs
[2025-05-31T21:28:49.002-0300] {logging_mixin.py:188} INFO - [2025-05-31T21:28:49.001-0300] {dag.py:3823} INFO - Setting next_dagrun for latest_only to 2025-05-31 20:00:00+00:00, run_after=2025-06-01 00:00:00+00:00
[2025-05-31T21:28:49.018-0300] {processor.py:183} INFO - Processing /home/walterg/Documentos/Data_projects/Data-Warehouse-postgres-DBT-airflow-/.venv/lib/python3.11/site-packages/airflow/example_dags/example_latest_only.py took 0.054 seconds
[2025-05-31T21:29:48.600-0300] {processor.py:161} INFO - Started process (PID=41704) to work on /home/walterg/Documentos/Data_projects/Data-Warehouse-postgres-DBT-airflow-/.venv/lib/python3.11/site-packages/airflow/example_dags/example_latest_only.py
[2025-05-31T21:29:48.605-0300] {processor.py:830} INFO - Processing file /home/walterg/Documentos/Data_projects/Data-Warehouse-postgres-DBT-airflow-/.venv/lib/python3.11/site-packages/airflow/example_dags/example_latest_only.py for tasks to queue
[2025-05-31T21:29:48.605-0300] {logging_mixin.py:188} INFO - [2025-05-31T21:29:48.605-0300] {dagbag.py:538} INFO - Filling up the DagBag from /home/walterg/Documentos/Data_projects/Data-Warehouse-postgres-DBT-airflow-/.venv/lib/python3.11/site-packages/airflow/example_dags/example_latest_only.py
[2025-05-31T21:29:48.610-0300] {processor.py:840} INFO - DAG(s) 'latest_only' retrieved from /home/walterg/Documentos/Data_projects/Data-Warehouse-postgres-DBT-airflow-/.venv/lib/python3.11/site-packages/airflow/example_dags/example_latest_only.py
[2025-05-31T21:29:48.622-0300] {logging_mixin.py:188} INFO - [2025-05-31T21:29:48.622-0300] {dag.py:3036} INFO - Sync 1 DAGs
[2025-05-31T21:29:48.635-0300] {logging_mixin.py:188} INFO - [2025-05-31T21:29:48.635-0300] {dag.py:3823} INFO - Setting next_dagrun for latest_only to 2025-05-31 20:00:00+00:00, run_after=2025-06-01 00:00:00+00:00
[2025-05-31T21:29:48.652-0300] {processor.py:183} INFO - Processing /home/walterg/Documentos/Data_projects/Data-Warehouse-postgres-DBT-airflow-/.venv/lib/python3.11/site-packages/airflow/example_dags/example_latest_only.py took 0.054 seconds
[2025-05-31T21:30:48.277-0300] {processor.py:161} INFO - Started process (PID=41920) to work on /home/walterg/Documentos/Data_projects/Data-Warehouse-postgres-DBT-airflow-/.venv/lib/python3.11/site-packages/airflow/example_dags/example_latest_only.py
[2025-05-31T21:30:48.282-0300] {processor.py:830} INFO - Processing file /home/walterg/Documentos/Data_projects/Data-Warehouse-postgres-DBT-airflow-/.venv/lib/python3.11/site-packages/airflow/example_dags/example_latest_only.py for tasks to queue
[2025-05-31T21:30:48.283-0300] {logging_mixin.py:188} INFO - [2025-05-31T21:30:48.283-0300] {dagbag.py:538} INFO - Filling up the DagBag from /home/walterg/Documentos/Data_projects/Data-Warehouse-postgres-DBT-airflow-/.venv/lib/python3.11/site-packages/airflow/example_dags/example_latest_only.py
[2025-05-31T21:30:48.288-0300] {processor.py:840} INFO - DAG(s) 'latest_only' retrieved from /home/walterg/Documentos/Data_projects/Data-Warehouse-postgres-DBT-airflow-/.venv/lib/python3.11/site-packages/airflow/example_dags/example_latest_only.py
[2025-05-31T21:30:48.301-0300] {logging_mixin.py:188} INFO - [2025-05-31T21:30:48.301-0300] {dag.py:3036} INFO - Sync 1 DAGs
[2025-05-31T21:30:48.316-0300] {logging_mixin.py:188} INFO - [2025-05-31T21:30:48.316-0300] {dag.py:3823} INFO - Setting next_dagrun for latest_only to 2025-05-31 20:00:00+00:00, run_after=2025-06-01 00:00:00+00:00
[2025-05-31T21:30:48.332-0300] {processor.py:183} INFO - Processing /home/walterg/Documentos/Data_projects/Data-Warehouse-postgres-DBT-airflow-/.venv/lib/python3.11/site-packages/airflow/example_dags/example_latest_only.py took 0.059 seconds
[2025-05-31T21:31:47.727-0300] {processor.py:161} INFO - Started process (PID=42180) to work on /home/walterg/Documentos/Data_projects/Data-Warehouse-postgres-DBT-airflow-/.venv/lib/python3.11/site-packages/airflow/example_dags/example_latest_only.py
[2025-05-31T21:31:47.731-0300] {processor.py:830} INFO - Processing file /home/walterg/Documentos/Data_projects/Data-Warehouse-postgres-DBT-airflow-/.venv/lib/python3.11/site-packages/airflow/example_dags/example_latest_only.py for tasks to queue
[2025-05-31T21:31:47.732-0300] {logging_mixin.py:188} INFO - [2025-05-31T21:31:47.732-0300] {dagbag.py:538} INFO - Filling up the DagBag from /home/walterg/Documentos/Data_projects/Data-Warehouse-postgres-DBT-airflow-/.venv/lib/python3.11/site-packages/airflow/example_dags/example_latest_only.py
[2025-05-31T21:31:47.737-0300] {processor.py:840} INFO - DAG(s) 'latest_only' retrieved from /home/walterg/Documentos/Data_projects/Data-Warehouse-postgres-DBT-airflow-/.venv/lib/python3.11/site-packages/airflow/example_dags/example_latest_only.py
[2025-05-31T21:31:47.750-0300] {logging_mixin.py:188} INFO - [2025-05-31T21:31:47.749-0300] {dag.py:3036} INFO - Sync 1 DAGs
[2025-05-31T21:31:47.763-0300] {logging_mixin.py:188} INFO - [2025-05-31T21:31:47.763-0300] {dag.py:3823} INFO - Setting next_dagrun for latest_only to 2025-05-31 20:00:00+00:00, run_after=2025-06-01 00:00:00+00:00
[2025-05-31T21:31:47.779-0300] {processor.py:183} INFO - Processing /home/walterg/Documentos/Data_projects/Data-Warehouse-postgres-DBT-airflow-/.venv/lib/python3.11/site-packages/airflow/example_dags/example_latest_only.py took 0.055 seconds
[2025-05-31T21:32:50.836-0300] {processor.py:161} INFO - Started process (PID=42630) to work on /home/walterg/Documentos/Data_projects/Data-Warehouse-postgres-DBT-airflow-/.venv/lib/python3.11/site-packages/airflow/example_dags/example_latest_only.py
[2025-05-31T21:32:50.841-0300] {processor.py:830} INFO - Processing file /home/walterg/Documentos/Data_projects/Data-Warehouse-postgres-DBT-airflow-/.venv/lib/python3.11/site-packages/airflow/example_dags/example_latest_only.py for tasks to queue
[2025-05-31T21:32:50.842-0300] {logging_mixin.py:188} INFO - [2025-05-31T21:32:50.842-0300] {dagbag.py:538} INFO - Filling up the DagBag from /home/walterg/Documentos/Data_projects/Data-Warehouse-postgres-DBT-airflow-/.venv/lib/python3.11/site-packages/airflow/example_dags/example_latest_only.py
[2025-05-31T21:32:50.848-0300] {processor.py:840} INFO - DAG(s) 'latest_only' retrieved from /home/walterg/Documentos/Data_projects/Data-Warehouse-postgres-DBT-airflow-/.venv/lib/python3.11/site-packages/airflow/example_dags/example_latest_only.py
[2025-05-31T21:32:50.861-0300] {logging_mixin.py:188} INFO - [2025-05-31T21:32:50.861-0300] {dag.py:3036} INFO - Sync 1 DAGs
[2025-05-31T21:32:50.876-0300] {logging_mixin.py:188} INFO - [2025-05-31T21:32:50.876-0300] {dag.py:3823} INFO - Setting next_dagrun for latest_only to 2025-05-31 20:00:00+00:00, run_after=2025-06-01 00:00:00+00:00
[2025-05-31T21:32:50.895-0300] {processor.py:183} INFO - Processing /home/walterg/Documentos/Data_projects/Data-Warehouse-postgres-DBT-airflow-/.venv/lib/python3.11/site-packages/airflow/example_dags/example_latest_only.py took 0.062 seconds
[2025-05-31T21:33:52.710-0300] {processor.py:161} INFO - Started process (PID=42910) to work on /home/walterg/Documentos/Data_projects/Data-Warehouse-postgres-DBT-airflow-/.venv/lib/python3.11/site-packages/airflow/example_dags/example_latest_only.py
[2025-05-31T21:33:52.715-0300] {processor.py:830} INFO - Processing file /home/walterg/Documentos/Data_projects/Data-Warehouse-postgres-DBT-airflow-/.venv/lib/python3.11/site-packages/airflow/example_dags/example_latest_only.py for tasks to queue
[2025-05-31T21:33:52.716-0300] {logging_mixin.py:188} INFO - [2025-05-31T21:33:52.716-0300] {dagbag.py:538} INFO - Filling up the DagBag from /home/walterg/Documentos/Data_projects/Data-Warehouse-postgres-DBT-airflow-/.venv/lib/python3.11/site-packages/airflow/example_dags/example_latest_only.py
[2025-05-31T21:33:52.721-0300] {processor.py:840} INFO - DAG(s) 'latest_only' retrieved from /home/walterg/Documentos/Data_projects/Data-Warehouse-postgres-DBT-airflow-/.venv/lib/python3.11/site-packages/airflow/example_dags/example_latest_only.py
[2025-05-31T21:33:52.734-0300] {logging_mixin.py:188} INFO - [2025-05-31T21:33:52.733-0300] {dag.py:3036} INFO - Sync 1 DAGs
[2025-05-31T21:33:52.746-0300] {logging_mixin.py:188} INFO - [2025-05-31T21:33:52.746-0300] {dag.py:3823} INFO - Setting next_dagrun for latest_only to 2025-05-31 20:00:00+00:00, run_after=2025-06-01 00:00:00+00:00
[2025-05-31T21:33:52.763-0300] {processor.py:183} INFO - Processing /home/walterg/Documentos/Data_projects/Data-Warehouse-postgres-DBT-airflow-/.venv/lib/python3.11/site-packages/airflow/example_dags/example_latest_only.py took 0.055 seconds
[2025-05-31T21:34:46.409-0300] {processor.py:161} INFO - Started process (PID=43092) to work on /home/walterg/Documentos/Data_projects/Data-Warehouse-postgres-DBT-airflow-/.venv/lib/python3.11/site-packages/airflow/example_dags/example_latest_only.py
[2025-05-31T21:34:46.414-0300] {processor.py:830} INFO - Processing file /home/walterg/Documentos/Data_projects/Data-Warehouse-postgres-DBT-airflow-/.venv/lib/python3.11/site-packages/airflow/example_dags/example_latest_only.py for tasks to queue
[2025-05-31T21:34:46.416-0300] {logging_mixin.py:188} INFO - [2025-05-31T21:34:46.415-0300] {dagbag.py:538} INFO - Filling up the DagBag from /home/walterg/Documentos/Data_projects/Data-Warehouse-postgres-DBT-airflow-/.venv/lib/python3.11/site-packages/airflow/example_dags/example_latest_only.py
[2025-05-31T21:34:46.421-0300] {processor.py:840} INFO - DAG(s) 'latest_only' retrieved from /home/walterg/Documentos/Data_projects/Data-Warehouse-postgres-DBT-airflow-/.venv/lib/python3.11/site-packages/airflow/example_dags/example_latest_only.py
[2025-05-31T21:34:46.434-0300] {logging_mixin.py:188} INFO - [2025-05-31T21:34:46.434-0300] {dag.py:3036} INFO - Sync 1 DAGs
[2025-05-31T21:34:46.448-0300] {logging_mixin.py:188} INFO - [2025-05-31T21:34:46.448-0300] {dag.py:3823} INFO - Setting next_dagrun for latest_only to 2025-05-31 20:00:00+00:00, run_after=2025-06-01 00:00:00+00:00
[2025-05-31T21:34:46.463-0300] {processor.py:183} INFO - Processing /home/walterg/Documentos/Data_projects/Data-Warehouse-postgres-DBT-airflow-/.venv/lib/python3.11/site-packages/airflow/example_dags/example_latest_only.py took 0.057 seconds
