[2025-05-31T21:00:36.489-0300] {processor.py:161} INFO - Started process (PID=32686) to work on /home/walterg/Documentos/Data_projects/Data-Warehouse-postgres-DBT-airflow-/.venv/lib/python3.11/site-packages/airflow/example_dags/example_latest_only_with_trigger.py
[2025-05-31T21:00:36.490-0300] {processor.py:830} INFO - Processing file /home/walterg/Documentos/Data_projects/Data-Warehouse-postgres-DBT-airflow-/.venv/lib/python3.11/site-packages/airflow/example_dags/example_latest_only_with_trigger.py for tasks to queue
[2025-05-31T21:00:36.491-0300] {logging_mixin.py:188} INFO - [2025-05-31T21:00:36.491-0300] {dagbag.py:538} INFO - Filling up the DagBag from /home/walterg/Documentos/Data_projects/Data-Warehouse-postgres-DBT-airflow-/.venv/lib/python3.11/site-packages/airflow/example_dags/example_latest_only_with_trigger.py
[2025-05-31T21:00:36.497-0300] {processor.py:840} INFO - DAG(s) 'latest_only_with_trigger' retrieved from /home/walterg/Documentos/Data_projects/Data-Warehouse-postgres-DBT-airflow-/.venv/lib/python3.11/site-packages/airflow/example_dags/example_latest_only_with_trigger.py
[2025-05-31T21:00:36.510-0300] {logging_mixin.py:188} INFO - [2025-05-31T21:00:36.510-0300] {dag.py:3036} INFO - Sync 1 DAGs
[2025-05-31T21:00:36.524-0300] {logging_mixin.py:188} INFO - [2025-05-31T21:00:36.524-0300] {dag.py:3823} INFO - Setting next_dagrun for latest_only_with_trigger to 2025-05-31 20:00:00+00:00, run_after=2025-06-01 00:00:00+00:00
[2025-05-31T21:00:36.544-0300] {processor.py:183} INFO - Processing /home/walterg/Documentos/Data_projects/Data-Warehouse-postgres-DBT-airflow-/.venv/lib/python3.11/site-packages/airflow/example_dags/example_latest_only_with_trigger.py took 0.058 seconds
[2025-05-31T21:01:23.261-0300] {processor.py:161} INFO - Started process (PID=32942) to work on /home/walterg/Documentos/Data_projects/Data-Warehouse-postgres-DBT-airflow-/.venv/lib/python3.11/site-packages/airflow/example_dags/example_latest_only_with_trigger.py
[2025-05-31T21:01:23.267-0300] {processor.py:830} INFO - Processing file /home/walterg/Documentos/Data_projects/Data-Warehouse-postgres-DBT-airflow-/.venv/lib/python3.11/site-packages/airflow/example_dags/example_latest_only_with_trigger.py for tasks to queue
[2025-05-31T21:01:23.267-0300] {logging_mixin.py:188} INFO - [2025-05-31T21:01:23.267-0300] {dagbag.py:538} INFO - Filling up the DagBag from /home/walterg/Documentos/Data_projects/Data-Warehouse-postgres-DBT-airflow-/.venv/lib/python3.11/site-packages/airflow/example_dags/example_latest_only_with_trigger.py
[2025-05-31T21:01:23.272-0300] {processor.py:840} INFO - DAG(s) 'latest_only_with_trigger' retrieved from /home/walterg/Documentos/Data_projects/Data-Warehouse-postgres-DBT-airflow-/.venv/lib/python3.11/site-packages/airflow/example_dags/example_latest_only_with_trigger.py
[2025-05-31T21:01:23.284-0300] {logging_mixin.py:188} INFO - [2025-05-31T21:01:23.284-0300] {dag.py:3036} INFO - Sync 1 DAGs
[2025-05-31T21:01:23.297-0300] {logging_mixin.py:188} INFO - [2025-05-31T21:01:23.297-0300] {dag.py:3823} INFO - Setting next_dagrun for latest_only_with_trigger to 2025-05-31 20:00:00+00:00, run_after=2025-06-01 00:00:00+00:00
[2025-05-31T21:01:23.313-0300] {processor.py:183} INFO - Processing /home/walterg/Documentos/Data_projects/Data-Warehouse-postgres-DBT-airflow-/.venv/lib/python3.11/site-packages/airflow/example_dags/example_latest_only_with_trigger.py took 0.054 seconds
[2025-05-31T21:02:27.614-0300] {processor.py:161} INFO - Started process (PID=33352) to work on /home/walterg/Documentos/Data_projects/Data-Warehouse-postgres-DBT-airflow-/.venv/lib/python3.11/site-packages/airflow/example_dags/example_latest_only_with_trigger.py
[2025-05-31T21:02:27.619-0300] {processor.py:830} INFO - Processing file /home/walterg/Documentos/Data_projects/Data-Warehouse-postgres-DBT-airflow-/.venv/lib/python3.11/site-packages/airflow/example_dags/example_latest_only_with_trigger.py for tasks to queue
[2025-05-31T21:02:27.620-0300] {logging_mixin.py:188} INFO - [2025-05-31T21:02:27.620-0300] {dagbag.py:538} INFO - Filling up the DagBag from /home/walterg/Documentos/Data_projects/Data-Warehouse-postgres-DBT-airflow-/.venv/lib/python3.11/site-packages/airflow/example_dags/example_latest_only_with_trigger.py
[2025-05-31T21:02:27.625-0300] {processor.py:840} INFO - DAG(s) 'latest_only_with_trigger' retrieved from /home/walterg/Documentos/Data_projects/Data-Warehouse-postgres-DBT-airflow-/.venv/lib/python3.11/site-packages/airflow/example_dags/example_latest_only_with_trigger.py
[2025-05-31T21:02:27.638-0300] {logging_mixin.py:188} INFO - [2025-05-31T21:02:27.638-0300] {dag.py:3036} INFO - Sync 1 DAGs
[2025-05-31T21:02:27.650-0300] {logging_mixin.py:188} INFO - [2025-05-31T21:02:27.650-0300] {dag.py:3823} INFO - Setting next_dagrun for latest_only_with_trigger to 2025-05-31 20:00:00+00:00, run_after=2025-06-01 00:00:00+00:00
[2025-05-31T21:02:27.667-0300] {processor.py:183} INFO - Processing /home/walterg/Documentos/Data_projects/Data-Warehouse-postgres-DBT-airflow-/.venv/lib/python3.11/site-packages/airflow/example_dags/example_latest_only_with_trigger.py took 0.055 seconds
[2025-05-31T21:03:32.108-0300] {processor.py:161} INFO - Started process (PID=33642) to work on /home/walterg/Documentos/Data_projects/Data-Warehouse-postgres-DBT-airflow-/.venv/lib/python3.11/site-packages/airflow/example_dags/example_latest_only_with_trigger.py
[2025-05-31T21:03:32.113-0300] {processor.py:830} INFO - Processing file /home/walterg/Documentos/Data_projects/Data-Warehouse-postgres-DBT-airflow-/.venv/lib/python3.11/site-packages/airflow/example_dags/example_latest_only_with_trigger.py for tasks to queue
[2025-05-31T21:03:32.114-0300] {logging_mixin.py:188} INFO - [2025-05-31T21:03:32.113-0300] {dagbag.py:538} INFO - Filling up the DagBag from /home/walterg/Documentos/Data_projects/Data-Warehouse-postgres-DBT-airflow-/.venv/lib/python3.11/site-packages/airflow/example_dags/example_latest_only_with_trigger.py
[2025-05-31T21:03:32.119-0300] {processor.py:840} INFO - DAG(s) 'latest_only_with_trigger' retrieved from /home/walterg/Documentos/Data_projects/Data-Warehouse-postgres-DBT-airflow-/.venv/lib/python3.11/site-packages/airflow/example_dags/example_latest_only_with_trigger.py
[2025-05-31T21:03:32.131-0300] {logging_mixin.py:188} INFO - [2025-05-31T21:03:32.131-0300] {dag.py:3036} INFO - Sync 1 DAGs
[2025-05-31T21:03:32.144-0300] {logging_mixin.py:188} INFO - [2025-05-31T21:03:32.144-0300] {dag.py:3823} INFO - Setting next_dagrun for latest_only_with_trigger to 2025-05-31 20:00:00+00:00, run_after=2025-06-01 00:00:00+00:00
[2025-05-31T21:03:32.161-0300] {processor.py:183} INFO - Processing /home/walterg/Documentos/Data_projects/Data-Warehouse-postgres-DBT-airflow-/.venv/lib/python3.11/site-packages/airflow/example_dags/example_latest_only_with_trigger.py took 0.055 seconds
[2025-05-31T21:04:33.171-0300] {processor.py:161} INFO - Started process (PID=33899) to work on /home/walterg/Documentos/Data_projects/Data-Warehouse-postgres-DBT-airflow-/.venv/lib/python3.11/site-packages/airflow/example_dags/example_latest_only_with_trigger.py
[2025-05-31T21:04:33.176-0300] {processor.py:830} INFO - Processing file /home/walterg/Documentos/Data_projects/Data-Warehouse-postgres-DBT-airflow-/.venv/lib/python3.11/site-packages/airflow/example_dags/example_latest_only_with_trigger.py for tasks to queue
[2025-05-31T21:04:33.177-0300] {logging_mixin.py:188} INFO - [2025-05-31T21:04:33.177-0300] {dagbag.py:538} INFO - Filling up the DagBag from /home/walterg/Documentos/Data_projects/Data-Warehouse-postgres-DBT-airflow-/.venv/lib/python3.11/site-packages/airflow/example_dags/example_latest_only_with_trigger.py
[2025-05-31T21:04:33.182-0300] {processor.py:840} INFO - DAG(s) 'latest_only_with_trigger' retrieved from /home/walterg/Documentos/Data_projects/Data-Warehouse-postgres-DBT-airflow-/.venv/lib/python3.11/site-packages/airflow/example_dags/example_latest_only_with_trigger.py
[2025-05-31T21:04:33.195-0300] {logging_mixin.py:188} INFO - [2025-05-31T21:04:33.195-0300] {dag.py:3036} INFO - Sync 1 DAGs
[2025-05-31T21:04:33.208-0300] {logging_mixin.py:188} INFO - [2025-05-31T21:04:33.208-0300] {dag.py:3823} INFO - Setting next_dagrun for latest_only_with_trigger to 2025-05-31 20:00:00+00:00, run_after=2025-06-01 00:00:00+00:00
[2025-05-31T21:04:33.228-0300] {processor.py:183} INFO - Processing /home/walterg/Documentos/Data_projects/Data-Warehouse-postgres-DBT-airflow-/.venv/lib/python3.11/site-packages/airflow/example_dags/example_latest_only_with_trigger.py took 0.060 seconds
[2025-05-31T21:05:38.881-0300] {processor.py:161} INFO - Started process (PID=34207) to work on /home/walterg/Documentos/Data_projects/Data-Warehouse-postgres-DBT-airflow-/.venv/lib/python3.11/site-packages/airflow/example_dags/example_latest_only_with_trigger.py
[2025-05-31T21:05:38.886-0300] {processor.py:830} INFO - Processing file /home/walterg/Documentos/Data_projects/Data-Warehouse-postgres-DBT-airflow-/.venv/lib/python3.11/site-packages/airflow/example_dags/example_latest_only_with_trigger.py for tasks to queue
[2025-05-31T21:05:38.887-0300] {logging_mixin.py:188} INFO - [2025-05-31T21:05:38.887-0300] {dagbag.py:538} INFO - Filling up the DagBag from /home/walterg/Documentos/Data_projects/Data-Warehouse-postgres-DBT-airflow-/.venv/lib/python3.11/site-packages/airflow/example_dags/example_latest_only_with_trigger.py
[2025-05-31T21:05:38.892-0300] {processor.py:840} INFO - DAG(s) 'latest_only_with_trigger' retrieved from /home/walterg/Documentos/Data_projects/Data-Warehouse-postgres-DBT-airflow-/.venv/lib/python3.11/site-packages/airflow/example_dags/example_latest_only_with_trigger.py
[2025-05-31T21:05:38.905-0300] {logging_mixin.py:188} INFO - [2025-05-31T21:05:38.904-0300] {dag.py:3036} INFO - Sync 1 DAGs
[2025-05-31T21:05:38.918-0300] {logging_mixin.py:188} INFO - [2025-05-31T21:05:38.918-0300] {dag.py:3823} INFO - Setting next_dagrun for latest_only_with_trigger to 2025-05-31 20:00:00+00:00, run_after=2025-06-01 00:00:00+00:00
[2025-05-31T21:05:38.934-0300] {processor.py:183} INFO - Processing /home/walterg/Documentos/Data_projects/Data-Warehouse-postgres-DBT-airflow-/.venv/lib/python3.11/site-packages/airflow/example_dags/example_latest_only_with_trigger.py took 0.055 seconds
[2025-05-31T21:06:26.617-0300] {processor.py:161} INFO - Started process (PID=34521) to work on /home/walterg/Documentos/Data_projects/Data-Warehouse-postgres-DBT-airflow-/.venv/lib/python3.11/site-packages/airflow/example_dags/example_latest_only_with_trigger.py
[2025-05-31T21:06:26.622-0300] {processor.py:830} INFO - Processing file /home/walterg/Documentos/Data_projects/Data-Warehouse-postgres-DBT-airflow-/.venv/lib/python3.11/site-packages/airflow/example_dags/example_latest_only_with_trigger.py for tasks to queue
[2025-05-31T21:06:26.623-0300] {logging_mixin.py:188} INFO - [2025-05-31T21:06:26.623-0300] {dagbag.py:538} INFO - Filling up the DagBag from /home/walterg/Documentos/Data_projects/Data-Warehouse-postgres-DBT-airflow-/.venv/lib/python3.11/site-packages/airflow/example_dags/example_latest_only_with_trigger.py
[2025-05-31T21:06:26.629-0300] {processor.py:840} INFO - DAG(s) 'latest_only_with_trigger' retrieved from /home/walterg/Documentos/Data_projects/Data-Warehouse-postgres-DBT-airflow-/.venv/lib/python3.11/site-packages/airflow/example_dags/example_latest_only_with_trigger.py
[2025-05-31T21:06:26.641-0300] {logging_mixin.py:188} INFO - [2025-05-31T21:06:26.641-0300] {dag.py:3036} INFO - Sync 1 DAGs
[2025-05-31T21:06:26.655-0300] {logging_mixin.py:188} INFO - [2025-05-31T21:06:26.655-0300] {dag.py:3823} INFO - Setting next_dagrun for latest_only_with_trigger to 2025-05-31 20:00:00+00:00, run_after=2025-06-01 00:00:00+00:00
[2025-05-31T21:06:26.672-0300] {processor.py:183} INFO - Processing /home/walterg/Documentos/Data_projects/Data-Warehouse-postgres-DBT-airflow-/.venv/lib/python3.11/site-packages/airflow/example_dags/example_latest_only_with_trigger.py took 0.057 seconds
[2025-05-31T21:07:30.480-0300] {processor.py:161} INFO - Started process (PID=34822) to work on /home/walterg/Documentos/Data_projects/Data-Warehouse-postgres-DBT-airflow-/.venv/lib/python3.11/site-packages/airflow/example_dags/example_latest_only_with_trigger.py
[2025-05-31T21:07:30.486-0300] {processor.py:830} INFO - Processing file /home/walterg/Documentos/Data_projects/Data-Warehouse-postgres-DBT-airflow-/.venv/lib/python3.11/site-packages/airflow/example_dags/example_latest_only_with_trigger.py for tasks to queue
[2025-05-31T21:07:30.486-0300] {logging_mixin.py:188} INFO - [2025-05-31T21:07:30.486-0300] {dagbag.py:538} INFO - Filling up the DagBag from /home/walterg/Documentos/Data_projects/Data-Warehouse-postgres-DBT-airflow-/.venv/lib/python3.11/site-packages/airflow/example_dags/example_latest_only_with_trigger.py
[2025-05-31T21:07:30.491-0300] {processor.py:840} INFO - DAG(s) 'latest_only_with_trigger' retrieved from /home/walterg/Documentos/Data_projects/Data-Warehouse-postgres-DBT-airflow-/.venv/lib/python3.11/site-packages/airflow/example_dags/example_latest_only_with_trigger.py
[2025-05-31T21:07:30.503-0300] {logging_mixin.py:188} INFO - [2025-05-31T21:07:30.503-0300] {dag.py:3036} INFO - Sync 1 DAGs
[2025-05-31T21:07:30.516-0300] {logging_mixin.py:188} INFO - [2025-05-31T21:07:30.516-0300] {dag.py:3823} INFO - Setting next_dagrun for latest_only_with_trigger to 2025-05-31 20:00:00+00:00, run_after=2025-06-01 00:00:00+00:00
[2025-05-31T21:07:30.532-0300] {processor.py:183} INFO - Processing /home/walterg/Documentos/Data_projects/Data-Warehouse-postgres-DBT-airflow-/.venv/lib/python3.11/site-packages/airflow/example_dags/example_latest_only_with_trigger.py took 0.054 seconds
[2025-05-31T21:08:32.466-0300] {processor.py:161} INFO - Started process (PID=35133) to work on /home/walterg/Documentos/Data_projects/Data-Warehouse-postgres-DBT-airflow-/.venv/lib/python3.11/site-packages/airflow/example_dags/example_latest_only_with_trigger.py
[2025-05-31T21:08:32.471-0300] {processor.py:830} INFO - Processing file /home/walterg/Documentos/Data_projects/Data-Warehouse-postgres-DBT-airflow-/.venv/lib/python3.11/site-packages/airflow/example_dags/example_latest_only_with_trigger.py for tasks to queue
[2025-05-31T21:08:32.472-0300] {logging_mixin.py:188} INFO - [2025-05-31T21:08:32.471-0300] {dagbag.py:538} INFO - Filling up the DagBag from /home/walterg/Documentos/Data_projects/Data-Warehouse-postgres-DBT-airflow-/.venv/lib/python3.11/site-packages/airflow/example_dags/example_latest_only_with_trigger.py
[2025-05-31T21:08:32.477-0300] {processor.py:840} INFO - DAG(s) 'latest_only_with_trigger' retrieved from /home/walterg/Documentos/Data_projects/Data-Warehouse-postgres-DBT-airflow-/.venv/lib/python3.11/site-packages/airflow/example_dags/example_latest_only_with_trigger.py
[2025-05-31T21:08:32.490-0300] {logging_mixin.py:188} INFO - [2025-05-31T21:08:32.490-0300] {dag.py:3036} INFO - Sync 1 DAGs
[2025-05-31T21:08:32.504-0300] {logging_mixin.py:188} INFO - [2025-05-31T21:08:32.504-0300] {dag.py:3823} INFO - Setting next_dagrun for latest_only_with_trigger to 2025-05-31 20:00:00+00:00, run_after=2025-06-01 00:00:00+00:00
[2025-05-31T21:08:32.520-0300] {processor.py:183} INFO - Processing /home/walterg/Documentos/Data_projects/Data-Warehouse-postgres-DBT-airflow-/.venv/lib/python3.11/site-packages/airflow/example_dags/example_latest_only_with_trigger.py took 0.058 seconds
[2025-05-31T21:09:29.051-0300] {processor.py:161} INFO - Started process (PID=35435) to work on /home/walterg/Documentos/Data_projects/Data-Warehouse-postgres-DBT-airflow-/.venv/lib/python3.11/site-packages/airflow/example_dags/example_latest_only_with_trigger.py
[2025-05-31T21:09:29.052-0300] {processor.py:830} INFO - Processing file /home/walterg/Documentos/Data_projects/Data-Warehouse-postgres-DBT-airflow-/.venv/lib/python3.11/site-packages/airflow/example_dags/example_latest_only_with_trigger.py for tasks to queue
[2025-05-31T21:09:29.053-0300] {logging_mixin.py:188} INFO - [2025-05-31T21:09:29.053-0300] {dagbag.py:538} INFO - Filling up the DagBag from /home/walterg/Documentos/Data_projects/Data-Warehouse-postgres-DBT-airflow-/.venv/lib/python3.11/site-packages/airflow/example_dags/example_latest_only_with_trigger.py
[2025-05-31T21:09:29.058-0300] {processor.py:840} INFO - DAG(s) 'latest_only_with_trigger' retrieved from /home/walterg/Documentos/Data_projects/Data-Warehouse-postgres-DBT-airflow-/.venv/lib/python3.11/site-packages/airflow/example_dags/example_latest_only_with_trigger.py
[2025-05-31T21:09:29.070-0300] {logging_mixin.py:188} INFO - [2025-05-31T21:09:29.070-0300] {dag.py:3036} INFO - Sync 1 DAGs
[2025-05-31T21:09:29.083-0300] {logging_mixin.py:188} INFO - [2025-05-31T21:09:29.083-0300] {dag.py:3823} INFO - Setting next_dagrun for latest_only_with_trigger to 2025-05-31 20:00:00+00:00, run_after=2025-06-01 00:00:00+00:00
[2025-05-31T21:09:29.099-0300] {processor.py:183} INFO - Processing /home/walterg/Documentos/Data_projects/Data-Warehouse-postgres-DBT-airflow-/.venv/lib/python3.11/site-packages/airflow/example_dags/example_latest_only_with_trigger.py took 0.050 seconds
[2025-05-31T21:10:19.734-0300] {processor.py:161} INFO - Started process (PID=35741) to work on /home/walterg/Documentos/Data_projects/Data-Warehouse-postgres-DBT-airflow-/.venv/lib/python3.11/site-packages/airflow/example_dags/example_latest_only_with_trigger.py
[2025-05-31T21:10:19.735-0300] {processor.py:830} INFO - Processing file /home/walterg/Documentos/Data_projects/Data-Warehouse-postgres-DBT-airflow-/.venv/lib/python3.11/site-packages/airflow/example_dags/example_latest_only_with_trigger.py for tasks to queue
[2025-05-31T21:10:19.736-0300] {logging_mixin.py:188} INFO - [2025-05-31T21:10:19.736-0300] {dagbag.py:538} INFO - Filling up the DagBag from /home/walterg/Documentos/Data_projects/Data-Warehouse-postgres-DBT-airflow-/.venv/lib/python3.11/site-packages/airflow/example_dags/example_latest_only_with_trigger.py
[2025-05-31T21:10:19.741-0300] {processor.py:840} INFO - DAG(s) 'latest_only_with_trigger' retrieved from /home/walterg/Documentos/Data_projects/Data-Warehouse-postgres-DBT-airflow-/.venv/lib/python3.11/site-packages/airflow/example_dags/example_latest_only_with_trigger.py
[2025-05-31T21:10:19.754-0300] {logging_mixin.py:188} INFO - [2025-05-31T21:10:19.754-0300] {dag.py:3036} INFO - Sync 1 DAGs
[2025-05-31T21:10:19.767-0300] {logging_mixin.py:188} INFO - [2025-05-31T21:10:19.767-0300] {dag.py:3823} INFO - Setting next_dagrun for latest_only_with_trigger to 2025-05-31 20:00:00+00:00, run_after=2025-06-01 00:00:00+00:00
[2025-05-31T21:10:19.787-0300] {processor.py:183} INFO - Processing /home/walterg/Documentos/Data_projects/Data-Warehouse-postgres-DBT-airflow-/.venv/lib/python3.11/site-packages/airflow/example_dags/example_latest_only_with_trigger.py took 0.057 seconds
[2025-05-31T21:11:21.680-0300] {processor.py:161} INFO - Started process (PID=36057) to work on /home/walterg/Documentos/Data_projects/Data-Warehouse-postgres-DBT-airflow-/.venv/lib/python3.11/site-packages/airflow/example_dags/example_latest_only_with_trigger.py
[2025-05-31T21:11:21.685-0300] {processor.py:830} INFO - Processing file /home/walterg/Documentos/Data_projects/Data-Warehouse-postgres-DBT-airflow-/.venv/lib/python3.11/site-packages/airflow/example_dags/example_latest_only_with_trigger.py for tasks to queue
[2025-05-31T21:11:21.686-0300] {logging_mixin.py:188} INFO - [2025-05-31T21:11:21.686-0300] {dagbag.py:538} INFO - Filling up the DagBag from /home/walterg/Documentos/Data_projects/Data-Warehouse-postgres-DBT-airflow-/.venv/lib/python3.11/site-packages/airflow/example_dags/example_latest_only_with_trigger.py
[2025-05-31T21:11:21.691-0300] {processor.py:840} INFO - DAG(s) 'latest_only_with_trigger' retrieved from /home/walterg/Documentos/Data_projects/Data-Warehouse-postgres-DBT-airflow-/.venv/lib/python3.11/site-packages/airflow/example_dags/example_latest_only_with_trigger.py
[2025-05-31T21:11:21.703-0300] {logging_mixin.py:188} INFO - [2025-05-31T21:11:21.703-0300] {dag.py:3036} INFO - Sync 1 DAGs
[2025-05-31T21:11:21.716-0300] {logging_mixin.py:188} INFO - [2025-05-31T21:11:21.716-0300] {dag.py:3823} INFO - Setting next_dagrun for latest_only_with_trigger to 2025-05-31 20:00:00+00:00, run_after=2025-06-01 00:00:00+00:00
[2025-05-31T21:11:21.733-0300] {processor.py:183} INFO - Processing /home/walterg/Documentos/Data_projects/Data-Warehouse-postgres-DBT-airflow-/.venv/lib/python3.11/site-packages/airflow/example_dags/example_latest_only_with_trigger.py took 0.056 seconds
[2025-05-31T21:12:27.682-0300] {processor.py:161} INFO - Started process (PID=36306) to work on /home/walterg/Documentos/Data_projects/Data-Warehouse-postgres-DBT-airflow-/.venv/lib/python3.11/site-packages/airflow/example_dags/example_latest_only_with_trigger.py
[2025-05-31T21:12:27.687-0300] {processor.py:830} INFO - Processing file /home/walterg/Documentos/Data_projects/Data-Warehouse-postgres-DBT-airflow-/.venv/lib/python3.11/site-packages/airflow/example_dags/example_latest_only_with_trigger.py for tasks to queue
[2025-05-31T21:12:27.688-0300] {logging_mixin.py:188} INFO - [2025-05-31T21:12:27.688-0300] {dagbag.py:538} INFO - Filling up the DagBag from /home/walterg/Documentos/Data_projects/Data-Warehouse-postgres-DBT-airflow-/.venv/lib/python3.11/site-packages/airflow/example_dags/example_latest_only_with_trigger.py
[2025-05-31T21:12:27.694-0300] {processor.py:840} INFO - DAG(s) 'latest_only_with_trigger' retrieved from /home/walterg/Documentos/Data_projects/Data-Warehouse-postgres-DBT-airflow-/.venv/lib/python3.11/site-packages/airflow/example_dags/example_latest_only_with_trigger.py
[2025-05-31T21:12:27.707-0300] {logging_mixin.py:188} INFO - [2025-05-31T21:12:27.707-0300] {dag.py:3036} INFO - Sync 1 DAGs
[2025-05-31T21:12:27.723-0300] {logging_mixin.py:188} INFO - [2025-05-31T21:12:27.723-0300] {dag.py:3823} INFO - Setting next_dagrun for latest_only_with_trigger to 2025-05-31 20:00:00+00:00, run_after=2025-06-01 00:00:00+00:00
[2025-05-31T21:12:27.740-0300] {processor.py:183} INFO - Processing /home/walterg/Documentos/Data_projects/Data-Warehouse-postgres-DBT-airflow-/.venv/lib/python3.11/site-packages/airflow/example_dags/example_latest_only_with_trigger.py took 0.061 seconds
[2025-05-31T21:13:28.470-0300] {processor.py:161} INFO - Started process (PID=36553) to work on /home/walterg/Documentos/Data_projects/Data-Warehouse-postgres-DBT-airflow-/.venv/lib/python3.11/site-packages/airflow/example_dags/example_latest_only_with_trigger.py
[2025-05-31T21:13:28.476-0300] {processor.py:830} INFO - Processing file /home/walterg/Documentos/Data_projects/Data-Warehouse-postgres-DBT-airflow-/.venv/lib/python3.11/site-packages/airflow/example_dags/example_latest_only_with_trigger.py for tasks to queue
[2025-05-31T21:13:28.477-0300] {logging_mixin.py:188} INFO - [2025-05-31T21:13:28.476-0300] {dagbag.py:538} INFO - Filling up the DagBag from /home/walterg/Documentos/Data_projects/Data-Warehouse-postgres-DBT-airflow-/.venv/lib/python3.11/site-packages/airflow/example_dags/example_latest_only_with_trigger.py
[2025-05-31T21:13:28.482-0300] {processor.py:840} INFO - DAG(s) 'latest_only_with_trigger' retrieved from /home/walterg/Documentos/Data_projects/Data-Warehouse-postgres-DBT-airflow-/.venv/lib/python3.11/site-packages/airflow/example_dags/example_latest_only_with_trigger.py
[2025-05-31T21:13:28.494-0300] {logging_mixin.py:188} INFO - [2025-05-31T21:13:28.494-0300] {dag.py:3036} INFO - Sync 1 DAGs
[2025-05-31T21:13:28.507-0300] {logging_mixin.py:188} INFO - [2025-05-31T21:13:28.507-0300] {dag.py:3823} INFO - Setting next_dagrun for latest_only_with_trigger to 2025-05-31 20:00:00+00:00, run_after=2025-06-01 00:00:00+00:00
[2025-05-31T21:13:28.523-0300] {processor.py:183} INFO - Processing /home/walterg/Documentos/Data_projects/Data-Warehouse-postgres-DBT-airflow-/.venv/lib/python3.11/site-packages/airflow/example_dags/example_latest_only_with_trigger.py took 0.055 seconds
[2025-05-31T21:14:35.394-0300] {processor.py:161} INFO - Started process (PID=36884) to work on /home/walterg/Documentos/Data_projects/Data-Warehouse-postgres-DBT-airflow-/.venv/lib/python3.11/site-packages/airflow/example_dags/example_latest_only_with_trigger.py
[2025-05-31T21:14:35.399-0300] {processor.py:830} INFO - Processing file /home/walterg/Documentos/Data_projects/Data-Warehouse-postgres-DBT-airflow-/.venv/lib/python3.11/site-packages/airflow/example_dags/example_latest_only_with_trigger.py for tasks to queue
[2025-05-31T21:14:35.400-0300] {logging_mixin.py:188} INFO - [2025-05-31T21:14:35.400-0300] {dagbag.py:538} INFO - Filling up the DagBag from /home/walterg/Documentos/Data_projects/Data-Warehouse-postgres-DBT-airflow-/.venv/lib/python3.11/site-packages/airflow/example_dags/example_latest_only_with_trigger.py
[2025-05-31T21:14:35.406-0300] {processor.py:840} INFO - DAG(s) 'latest_only_with_trigger' retrieved from /home/walterg/Documentos/Data_projects/Data-Warehouse-postgres-DBT-airflow-/.venv/lib/python3.11/site-packages/airflow/example_dags/example_latest_only_with_trigger.py
[2025-05-31T21:14:35.419-0300] {logging_mixin.py:188} INFO - [2025-05-31T21:14:35.419-0300] {dag.py:3036} INFO - Sync 1 DAGs
[2025-05-31T21:14:35.433-0300] {logging_mixin.py:188} INFO - [2025-05-31T21:14:35.433-0300] {dag.py:3823} INFO - Setting next_dagrun for latest_only_with_trigger to 2025-05-31 20:00:00+00:00, run_after=2025-06-01 00:00:00+00:00
[2025-05-31T21:14:35.452-0300] {processor.py:183} INFO - Processing /home/walterg/Documentos/Data_projects/Data-Warehouse-postgres-DBT-airflow-/.venv/lib/python3.11/site-packages/airflow/example_dags/example_latest_only_with_trigger.py took 0.061 seconds
[2025-05-31T21:15:34.763-0300] {processor.py:161} INFO - Started process (PID=37270) to work on /home/walterg/Documentos/Data_projects/Data-Warehouse-postgres-DBT-airflow-/.venv/lib/python3.11/site-packages/airflow/example_dags/example_latest_only_with_trigger.py
[2025-05-31T21:15:34.768-0300] {processor.py:830} INFO - Processing file /home/walterg/Documentos/Data_projects/Data-Warehouse-postgres-DBT-airflow-/.venv/lib/python3.11/site-packages/airflow/example_dags/example_latest_only_with_trigger.py for tasks to queue
[2025-05-31T21:15:34.769-0300] {logging_mixin.py:188} INFO - [2025-05-31T21:15:34.769-0300] {dagbag.py:538} INFO - Filling up the DagBag from /home/walterg/Documentos/Data_projects/Data-Warehouse-postgres-DBT-airflow-/.venv/lib/python3.11/site-packages/airflow/example_dags/example_latest_only_with_trigger.py
[2025-05-31T21:15:34.774-0300] {processor.py:840} INFO - DAG(s) 'latest_only_with_trigger' retrieved from /home/walterg/Documentos/Data_projects/Data-Warehouse-postgres-DBT-airflow-/.venv/lib/python3.11/site-packages/airflow/example_dags/example_latest_only_with_trigger.py
[2025-05-31T21:15:34.787-0300] {logging_mixin.py:188} INFO - [2025-05-31T21:15:34.787-0300] {dag.py:3036} INFO - Sync 1 DAGs
[2025-05-31T21:15:34.799-0300] {logging_mixin.py:188} INFO - [2025-05-31T21:15:34.799-0300] {dag.py:3823} INFO - Setting next_dagrun for latest_only_with_trigger to 2025-05-31 20:00:00+00:00, run_after=2025-06-01 00:00:00+00:00
[2025-05-31T21:15:34.818-0300] {processor.py:183} INFO - Processing /home/walterg/Documentos/Data_projects/Data-Warehouse-postgres-DBT-airflow-/.venv/lib/python3.11/site-packages/airflow/example_dags/example_latest_only_with_trigger.py took 0.057 seconds
[2025-05-31T21:16:34.653-0300] {processor.py:161} INFO - Started process (PID=37647) to work on /home/walterg/Documentos/Data_projects/Data-Warehouse-postgres-DBT-airflow-/.venv/lib/python3.11/site-packages/airflow/example_dags/example_latest_only_with_trigger.py
[2025-05-31T21:16:34.658-0300] {processor.py:830} INFO - Processing file /home/walterg/Documentos/Data_projects/Data-Warehouse-postgres-DBT-airflow-/.venv/lib/python3.11/site-packages/airflow/example_dags/example_latest_only_with_trigger.py for tasks to queue
[2025-05-31T21:16:34.659-0300] {logging_mixin.py:188} INFO - [2025-05-31T21:16:34.659-0300] {dagbag.py:538} INFO - Filling up the DagBag from /home/walterg/Documentos/Data_projects/Data-Warehouse-postgres-DBT-airflow-/.venv/lib/python3.11/site-packages/airflow/example_dags/example_latest_only_with_trigger.py
[2025-05-31T21:16:34.665-0300] {processor.py:840} INFO - DAG(s) 'latest_only_with_trigger' retrieved from /home/walterg/Documentos/Data_projects/Data-Warehouse-postgres-DBT-airflow-/.venv/lib/python3.11/site-packages/airflow/example_dags/example_latest_only_with_trigger.py
[2025-05-31T21:16:34.678-0300] {logging_mixin.py:188} INFO - [2025-05-31T21:16:34.678-0300] {dag.py:3036} INFO - Sync 1 DAGs
[2025-05-31T21:16:34.692-0300] {logging_mixin.py:188} INFO - [2025-05-31T21:16:34.692-0300] {dag.py:3823} INFO - Setting next_dagrun for latest_only_with_trigger to 2025-05-31 20:00:00+00:00, run_after=2025-06-01 00:00:00+00:00
[2025-05-31T21:16:34.711-0300] {processor.py:183} INFO - Processing /home/walterg/Documentos/Data_projects/Data-Warehouse-postgres-DBT-airflow-/.venv/lib/python3.11/site-packages/airflow/example_dags/example_latest_only_with_trigger.py took 0.061 seconds
[2025-05-31T21:17:21.224-0300] {processor.py:161} INFO - Started process (PID=37867) to work on /home/walterg/Documentos/Data_projects/Data-Warehouse-postgres-DBT-airflow-/.venv/lib/python3.11/site-packages/airflow/example_dags/example_latest_only_with_trigger.py
[2025-05-31T21:17:21.229-0300] {processor.py:830} INFO - Processing file /home/walterg/Documentos/Data_projects/Data-Warehouse-postgres-DBT-airflow-/.venv/lib/python3.11/site-packages/airflow/example_dags/example_latest_only_with_trigger.py for tasks to queue
[2025-05-31T21:17:21.230-0300] {logging_mixin.py:188} INFO - [2025-05-31T21:17:21.230-0300] {dagbag.py:538} INFO - Filling up the DagBag from /home/walterg/Documentos/Data_projects/Data-Warehouse-postgres-DBT-airflow-/.venv/lib/python3.11/site-packages/airflow/example_dags/example_latest_only_with_trigger.py
[2025-05-31T21:17:21.235-0300] {processor.py:840} INFO - DAG(s) 'latest_only_with_trigger' retrieved from /home/walterg/Documentos/Data_projects/Data-Warehouse-postgres-DBT-airflow-/.venv/lib/python3.11/site-packages/airflow/example_dags/example_latest_only_with_trigger.py
[2025-05-31T21:17:21.249-0300] {logging_mixin.py:188} INFO - [2025-05-31T21:17:21.248-0300] {dag.py:3036} INFO - Sync 1 DAGs
[2025-05-31T21:17:21.262-0300] {logging_mixin.py:188} INFO - [2025-05-31T21:17:21.262-0300] {dag.py:3823} INFO - Setting next_dagrun for latest_only_with_trigger to 2025-05-31 20:00:00+00:00, run_after=2025-06-01 00:00:00+00:00
[2025-05-31T21:17:21.279-0300] {processor.py:183} INFO - Processing /home/walterg/Documentos/Data_projects/Data-Warehouse-postgres-DBT-airflow-/.venv/lib/python3.11/site-packages/airflow/example_dags/example_latest_only_with_trigger.py took 0.057 seconds
[2025-05-31T21:18:26.712-0300] {processor.py:161} INFO - Started process (PID=38108) to work on /home/walterg/Documentos/Data_projects/Data-Warehouse-postgres-DBT-airflow-/.venv/lib/python3.11/site-packages/airflow/example_dags/example_latest_only_with_trigger.py
[2025-05-31T21:18:26.718-0300] {processor.py:830} INFO - Processing file /home/walterg/Documentos/Data_projects/Data-Warehouse-postgres-DBT-airflow-/.venv/lib/python3.11/site-packages/airflow/example_dags/example_latest_only_with_trigger.py for tasks to queue
[2025-05-31T21:18:26.719-0300] {logging_mixin.py:188} INFO - [2025-05-31T21:18:26.719-0300] {dagbag.py:538} INFO - Filling up the DagBag from /home/walterg/Documentos/Data_projects/Data-Warehouse-postgres-DBT-airflow-/.venv/lib/python3.11/site-packages/airflow/example_dags/example_latest_only_with_trigger.py
[2025-05-31T21:18:26.725-0300] {processor.py:840} INFO - DAG(s) 'latest_only_with_trigger' retrieved from /home/walterg/Documentos/Data_projects/Data-Warehouse-postgres-DBT-airflow-/.venv/lib/python3.11/site-packages/airflow/example_dags/example_latest_only_with_trigger.py
[2025-05-31T21:18:26.738-0300] {logging_mixin.py:188} INFO - [2025-05-31T21:18:26.738-0300] {dag.py:3036} INFO - Sync 1 DAGs
[2025-05-31T21:18:26.848-0300] {logging_mixin.py:188} INFO - [2025-05-31T21:18:26.847-0300] {dag.py:3823} INFO - Setting next_dagrun for latest_only_with_trigger to 2025-05-31 20:00:00+00:00, run_after=2025-06-01 00:00:00+00:00
[2025-05-31T21:18:26.867-0300] {processor.py:183} INFO - Processing /home/walterg/Documentos/Data_projects/Data-Warehouse-postgres-DBT-airflow-/.venv/lib/python3.11/site-packages/airflow/example_dags/example_latest_only_with_trigger.py took 0.157 seconds
[2025-05-31T21:19:29.625-0300] {processor.py:161} INFO - Started process (PID=38374) to work on /home/walterg/Documentos/Data_projects/Data-Warehouse-postgres-DBT-airflow-/.venv/lib/python3.11/site-packages/airflow/example_dags/example_latest_only_with_trigger.py
[2025-05-31T21:19:29.630-0300] {processor.py:830} INFO - Processing file /home/walterg/Documentos/Data_projects/Data-Warehouse-postgres-DBT-airflow-/.venv/lib/python3.11/site-packages/airflow/example_dags/example_latest_only_with_trigger.py for tasks to queue
[2025-05-31T21:19:29.631-0300] {logging_mixin.py:188} INFO - [2025-05-31T21:19:29.630-0300] {dagbag.py:538} INFO - Filling up the DagBag from /home/walterg/Documentos/Data_projects/Data-Warehouse-postgres-DBT-airflow-/.venv/lib/python3.11/site-packages/airflow/example_dags/example_latest_only_with_trigger.py
[2025-05-31T21:19:29.637-0300] {processor.py:840} INFO - DAG(s) 'latest_only_with_trigger' retrieved from /home/walterg/Documentos/Data_projects/Data-Warehouse-postgres-DBT-airflow-/.venv/lib/python3.11/site-packages/airflow/example_dags/example_latest_only_with_trigger.py
[2025-05-31T21:19:29.649-0300] {logging_mixin.py:188} INFO - [2025-05-31T21:19:29.649-0300] {dag.py:3036} INFO - Sync 1 DAGs
[2025-05-31T21:19:29.662-0300] {logging_mixin.py:188} INFO - [2025-05-31T21:19:29.662-0300] {dag.py:3823} INFO - Setting next_dagrun for latest_only_with_trigger to 2025-05-31 20:00:00+00:00, run_after=2025-06-01 00:00:00+00:00
[2025-05-31T21:19:29.684-0300] {processor.py:183} INFO - Processing /home/walterg/Documentos/Data_projects/Data-Warehouse-postgres-DBT-airflow-/.venv/lib/python3.11/site-packages/airflow/example_dags/example_latest_only_with_trigger.py took 0.062 seconds
[2025-05-31T21:20:33.345-0300] {processor.py:161} INFO - Started process (PID=38619) to work on /home/walterg/Documentos/Data_projects/Data-Warehouse-postgres-DBT-airflow-/.venv/lib/python3.11/site-packages/airflow/example_dags/example_latest_only_with_trigger.py
[2025-05-31T21:20:33.350-0300] {processor.py:830} INFO - Processing file /home/walterg/Documentos/Data_projects/Data-Warehouse-postgres-DBT-airflow-/.venv/lib/python3.11/site-packages/airflow/example_dags/example_latest_only_with_trigger.py for tasks to queue
[2025-05-31T21:20:33.352-0300] {logging_mixin.py:188} INFO - [2025-05-31T21:20:33.351-0300] {dagbag.py:538} INFO - Filling up the DagBag from /home/walterg/Documentos/Data_projects/Data-Warehouse-postgres-DBT-airflow-/.venv/lib/python3.11/site-packages/airflow/example_dags/example_latest_only_with_trigger.py
[2025-05-31T21:20:33.357-0300] {processor.py:840} INFO - DAG(s) 'latest_only_with_trigger' retrieved from /home/walterg/Documentos/Data_projects/Data-Warehouse-postgres-DBT-airflow-/.venv/lib/python3.11/site-packages/airflow/example_dags/example_latest_only_with_trigger.py
[2025-05-31T21:20:33.369-0300] {logging_mixin.py:188} INFO - [2025-05-31T21:20:33.369-0300] {dag.py:3036} INFO - Sync 1 DAGs
[2025-05-31T21:20:33.388-0300] {logging_mixin.py:188} INFO - [2025-05-31T21:20:33.388-0300] {dag.py:3823} INFO - Setting next_dagrun for latest_only_with_trigger to 2025-05-31 20:00:00+00:00, run_after=2025-06-01 00:00:00+00:00
[2025-05-31T21:20:33.410-0300] {processor.py:183} INFO - Processing /home/walterg/Documentos/Data_projects/Data-Warehouse-postgres-DBT-airflow-/.venv/lib/python3.11/site-packages/airflow/example_dags/example_latest_only_with_trigger.py took 0.068 seconds
[2025-05-31T21:21:34.656-0300] {processor.py:161} INFO - Started process (PID=38899) to work on /home/walterg/Documentos/Data_projects/Data-Warehouse-postgres-DBT-airflow-/.venv/lib/python3.11/site-packages/airflow/example_dags/example_latest_only_with_trigger.py
[2025-05-31T21:21:34.661-0300] {processor.py:830} INFO - Processing file /home/walterg/Documentos/Data_projects/Data-Warehouse-postgres-DBT-airflow-/.venv/lib/python3.11/site-packages/airflow/example_dags/example_latest_only_with_trigger.py for tasks to queue
[2025-05-31T21:21:34.663-0300] {logging_mixin.py:188} INFO - [2025-05-31T21:21:34.662-0300] {dagbag.py:538} INFO - Filling up the DagBag from /home/walterg/Documentos/Data_projects/Data-Warehouse-postgres-DBT-airflow-/.venv/lib/python3.11/site-packages/airflow/example_dags/example_latest_only_with_trigger.py
[2025-05-31T21:21:34.668-0300] {processor.py:840} INFO - DAG(s) 'latest_only_with_trigger' retrieved from /home/walterg/Documentos/Data_projects/Data-Warehouse-postgres-DBT-airflow-/.venv/lib/python3.11/site-packages/airflow/example_dags/example_latest_only_with_trigger.py
[2025-05-31T21:21:34.681-0300] {logging_mixin.py:188} INFO - [2025-05-31T21:21:34.681-0300] {dag.py:3036} INFO - Sync 1 DAGs
[2025-05-31T21:21:34.694-0300] {logging_mixin.py:188} INFO - [2025-05-31T21:21:34.694-0300] {dag.py:3823} INFO - Setting next_dagrun for latest_only_with_trigger to 2025-05-31 20:00:00+00:00, run_after=2025-06-01 00:00:00+00:00
[2025-05-31T21:21:34.712-0300] {processor.py:183} INFO - Processing /home/walterg/Documentos/Data_projects/Data-Warehouse-postgres-DBT-airflow-/.venv/lib/python3.11/site-packages/airflow/example_dags/example_latest_only_with_trigger.py took 0.058 seconds
[2025-05-31T21:22:36.509-0300] {processor.py:161} INFO - Started process (PID=39298) to work on /home/walterg/Documentos/Data_projects/Data-Warehouse-postgres-DBT-airflow-/.venv/lib/python3.11/site-packages/airflow/example_dags/example_latest_only_with_trigger.py
[2025-05-31T21:22:36.514-0300] {processor.py:830} INFO - Processing file /home/walterg/Documentos/Data_projects/Data-Warehouse-postgres-DBT-airflow-/.venv/lib/python3.11/site-packages/airflow/example_dags/example_latest_only_with_trigger.py for tasks to queue
[2025-05-31T21:22:36.516-0300] {logging_mixin.py:188} INFO - [2025-05-31T21:22:36.515-0300] {dagbag.py:538} INFO - Filling up the DagBag from /home/walterg/Documentos/Data_projects/Data-Warehouse-postgres-DBT-airflow-/.venv/lib/python3.11/site-packages/airflow/example_dags/example_latest_only_with_trigger.py
[2025-05-31T21:22:36.523-0300] {processor.py:840} INFO - DAG(s) 'latest_only_with_trigger' retrieved from /home/walterg/Documentos/Data_projects/Data-Warehouse-postgres-DBT-airflow-/.venv/lib/python3.11/site-packages/airflow/example_dags/example_latest_only_with_trigger.py
[2025-05-31T21:22:36.538-0300] {logging_mixin.py:188} INFO - [2025-05-31T21:22:36.538-0300] {dag.py:3036} INFO - Sync 1 DAGs
[2025-05-31T21:22:36.650-0300] {logging_mixin.py:188} INFO - [2025-05-31T21:22:36.650-0300] {dag.py:3823} INFO - Setting next_dagrun for latest_only_with_trigger to 2025-05-31 20:00:00+00:00, run_after=2025-06-01 00:00:00+00:00
[2025-05-31T21:22:36.670-0300] {processor.py:183} INFO - Processing /home/walterg/Documentos/Data_projects/Data-Warehouse-postgres-DBT-airflow-/.venv/lib/python3.11/site-packages/airflow/example_dags/example_latest_only_with_trigger.py took 0.163 seconds
[2025-05-31T21:23:25.379-0300] {processor.py:161} INFO - Started process (PID=39541) to work on /home/walterg/Documentos/Data_projects/Data-Warehouse-postgres-DBT-airflow-/.venv/lib/python3.11/site-packages/airflow/example_dags/example_latest_only_with_trigger.py
[2025-05-31T21:23:25.384-0300] {processor.py:830} INFO - Processing file /home/walterg/Documentos/Data_projects/Data-Warehouse-postgres-DBT-airflow-/.venv/lib/python3.11/site-packages/airflow/example_dags/example_latest_only_with_trigger.py for tasks to queue
[2025-05-31T21:23:25.385-0300] {logging_mixin.py:188} INFO - [2025-05-31T21:23:25.385-0300] {dagbag.py:538} INFO - Filling up the DagBag from /home/walterg/Documentos/Data_projects/Data-Warehouse-postgres-DBT-airflow-/.venv/lib/python3.11/site-packages/airflow/example_dags/example_latest_only_with_trigger.py
[2025-05-31T21:23:25.391-0300] {processor.py:840} INFO - DAG(s) 'latest_only_with_trigger' retrieved from /home/walterg/Documentos/Data_projects/Data-Warehouse-postgres-DBT-airflow-/.venv/lib/python3.11/site-packages/airflow/example_dags/example_latest_only_with_trigger.py
[2025-05-31T21:23:25.403-0300] {logging_mixin.py:188} INFO - [2025-05-31T21:23:25.403-0300] {dag.py:3036} INFO - Sync 1 DAGs
[2025-05-31T21:23:25.417-0300] {logging_mixin.py:188} INFO - [2025-05-31T21:23:25.417-0300] {dag.py:3823} INFO - Setting next_dagrun for latest_only_with_trigger to 2025-05-31 20:00:00+00:00, run_after=2025-06-01 00:00:00+00:00
[2025-05-31T21:23:25.433-0300] {processor.py:183} INFO - Processing /home/walterg/Documentos/Data_projects/Data-Warehouse-postgres-DBT-airflow-/.venv/lib/python3.11/site-packages/airflow/example_dags/example_latest_only_with_trigger.py took 0.057 seconds
[2025-05-31T21:24:35.554-0300] {processor.py:161} INFO - Started process (PID=39777) to work on /home/walterg/Documentos/Data_projects/Data-Warehouse-postgres-DBT-airflow-/.venv/lib/python3.11/site-packages/airflow/example_dags/example_latest_only_with_trigger.py
[2025-05-31T21:24:35.559-0300] {processor.py:830} INFO - Processing file /home/walterg/Documentos/Data_projects/Data-Warehouse-postgres-DBT-airflow-/.venv/lib/python3.11/site-packages/airflow/example_dags/example_latest_only_with_trigger.py for tasks to queue
[2025-05-31T21:24:35.561-0300] {logging_mixin.py:188} INFO - [2025-05-31T21:24:35.560-0300] {dagbag.py:538} INFO - Filling up the DagBag from /home/walterg/Documentos/Data_projects/Data-Warehouse-postgres-DBT-airflow-/.venv/lib/python3.11/site-packages/airflow/example_dags/example_latest_only_with_trigger.py
[2025-05-31T21:24:35.566-0300] {processor.py:840} INFO - DAG(s) 'latest_only_with_trigger' retrieved from /home/walterg/Documentos/Data_projects/Data-Warehouse-postgres-DBT-airflow-/.venv/lib/python3.11/site-packages/airflow/example_dags/example_latest_only_with_trigger.py
[2025-05-31T21:24:35.696-0300] {logging_mixin.py:188} INFO - [2025-05-31T21:24:35.695-0300] {dag.py:3036} INFO - Sync 1 DAGs
[2025-05-31T21:24:35.708-0300] {logging_mixin.py:188} INFO - [2025-05-31T21:24:35.708-0300] {dag.py:3823} INFO - Setting next_dagrun for latest_only_with_trigger to 2025-05-31 20:00:00+00:00, run_after=2025-06-01 00:00:00+00:00
[2025-05-31T21:24:35.728-0300] {processor.py:183} INFO - Processing /home/walterg/Documentos/Data_projects/Data-Warehouse-postgres-DBT-airflow-/.venv/lib/python3.11/site-packages/airflow/example_dags/example_latest_only_with_trigger.py took 0.176 seconds
[2025-05-31T21:25:24.692-0300] {processor.py:161} INFO - Started process (PID=40094) to work on /home/walterg/Documentos/Data_projects/Data-Warehouse-postgres-DBT-airflow-/.venv/lib/python3.11/site-packages/airflow/example_dags/example_latest_only_with_trigger.py
[2025-05-31T21:25:24.697-0300] {processor.py:830} INFO - Processing file /home/walterg/Documentos/Data_projects/Data-Warehouse-postgres-DBT-airflow-/.venv/lib/python3.11/site-packages/airflow/example_dags/example_latest_only_with_trigger.py for tasks to queue
[2025-05-31T21:25:24.697-0300] {logging_mixin.py:188} INFO - [2025-05-31T21:25:24.697-0300] {dagbag.py:538} INFO - Filling up the DagBag from /home/walterg/Documentos/Data_projects/Data-Warehouse-postgres-DBT-airflow-/.venv/lib/python3.11/site-packages/airflow/example_dags/example_latest_only_with_trigger.py
[2025-05-31T21:25:24.702-0300] {processor.py:840} INFO - DAG(s) 'latest_only_with_trigger' retrieved from /home/walterg/Documentos/Data_projects/Data-Warehouse-postgres-DBT-airflow-/.venv/lib/python3.11/site-packages/airflow/example_dags/example_latest_only_with_trigger.py
[2025-05-31T21:25:24.714-0300] {logging_mixin.py:188} INFO - [2025-05-31T21:25:24.714-0300] {dag.py:3036} INFO - Sync 1 DAGs
[2025-05-31T21:25:24.728-0300] {logging_mixin.py:188} INFO - [2025-05-31T21:25:24.728-0300] {dag.py:3823} INFO - Setting next_dagrun for latest_only_with_trigger to 2025-05-31 20:00:00+00:00, run_after=2025-06-01 00:00:00+00:00
[2025-05-31T21:25:24.745-0300] {processor.py:183} INFO - Processing /home/walterg/Documentos/Data_projects/Data-Warehouse-postgres-DBT-airflow-/.venv/lib/python3.11/site-packages/airflow/example_dags/example_latest_only_with_trigger.py took 0.055 seconds
[2025-05-31T21:26:23.383-0300] {processor.py:161} INFO - Started process (PID=40546) to work on /home/walterg/Documentos/Data_projects/Data-Warehouse-postgres-DBT-airflow-/.venv/lib/python3.11/site-packages/airflow/example_dags/example_latest_only_with_trigger.py
[2025-05-31T21:26:23.388-0300] {processor.py:830} INFO - Processing file /home/walterg/Documentos/Data_projects/Data-Warehouse-postgres-DBT-airflow-/.venv/lib/python3.11/site-packages/airflow/example_dags/example_latest_only_with_trigger.py for tasks to queue
[2025-05-31T21:26:23.388-0300] {logging_mixin.py:188} INFO - [2025-05-31T21:26:23.388-0300] {dagbag.py:538} INFO - Filling up the DagBag from /home/walterg/Documentos/Data_projects/Data-Warehouse-postgres-DBT-airflow-/.venv/lib/python3.11/site-packages/airflow/example_dags/example_latest_only_with_trigger.py
[2025-05-31T21:26:23.394-0300] {processor.py:840} INFO - DAG(s) 'latest_only_with_trigger' retrieved from /home/walterg/Documentos/Data_projects/Data-Warehouse-postgres-DBT-airflow-/.venv/lib/python3.11/site-packages/airflow/example_dags/example_latest_only_with_trigger.py
[2025-05-31T21:26:23.409-0300] {logging_mixin.py:188} INFO - [2025-05-31T21:26:23.409-0300] {dag.py:3036} INFO - Sync 1 DAGs
[2025-05-31T21:26:23.424-0300] {logging_mixin.py:188} INFO - [2025-05-31T21:26:23.423-0300] {dag.py:3823} INFO - Setting next_dagrun for latest_only_with_trigger to 2025-05-31 20:00:00+00:00, run_after=2025-06-01 00:00:00+00:00
[2025-05-31T21:26:23.442-0300] {processor.py:183} INFO - Processing /home/walterg/Documentos/Data_projects/Data-Warehouse-postgres-DBT-airflow-/.venv/lib/python3.11/site-packages/airflow/example_dags/example_latest_only_with_trigger.py took 0.062 seconds
[2025-05-31T21:27:25.621-0300] {processor.py:161} INFO - Started process (PID=41016) to work on /home/walterg/Documentos/Data_projects/Data-Warehouse-postgres-DBT-airflow-/.venv/lib/python3.11/site-packages/airflow/example_dags/example_latest_only_with_trigger.py
[2025-05-31T21:27:25.626-0300] {processor.py:830} INFO - Processing file /home/walterg/Documentos/Data_projects/Data-Warehouse-postgres-DBT-airflow-/.venv/lib/python3.11/site-packages/airflow/example_dags/example_latest_only_with_trigger.py for tasks to queue
[2025-05-31T21:27:25.627-0300] {logging_mixin.py:188} INFO - [2025-05-31T21:27:25.627-0300] {dagbag.py:538} INFO - Filling up the DagBag from /home/walterg/Documentos/Data_projects/Data-Warehouse-postgres-DBT-airflow-/.venv/lib/python3.11/site-packages/airflow/example_dags/example_latest_only_with_trigger.py
[2025-05-31T21:27:25.632-0300] {processor.py:840} INFO - DAG(s) 'latest_only_with_trigger' retrieved from /home/walterg/Documentos/Data_projects/Data-Warehouse-postgres-DBT-airflow-/.venv/lib/python3.11/site-packages/airflow/example_dags/example_latest_only_with_trigger.py
[2025-05-31T21:27:25.645-0300] {logging_mixin.py:188} INFO - [2025-05-31T21:27:25.645-0300] {dag.py:3036} INFO - Sync 1 DAGs
[2025-05-31T21:27:25.658-0300] {logging_mixin.py:188} INFO - [2025-05-31T21:27:25.658-0300] {dag.py:3823} INFO - Setting next_dagrun for latest_only_with_trigger to 2025-05-31 20:00:00+00:00, run_after=2025-06-01 00:00:00+00:00
[2025-05-31T21:27:25.674-0300] {processor.py:183} INFO - Processing /home/walterg/Documentos/Data_projects/Data-Warehouse-postgres-DBT-airflow-/.venv/lib/python3.11/site-packages/airflow/example_dags/example_latest_only_with_trigger.py took 0.056 seconds
[2025-05-31T21:28:26.428-0300] {processor.py:161} INFO - Started process (PID=41398) to work on /home/walterg/Documentos/Data_projects/Data-Warehouse-postgres-DBT-airflow-/.venv/lib/python3.11/site-packages/airflow/example_dags/example_latest_only_with_trigger.py
[2025-05-31T21:28:26.433-0300] {processor.py:830} INFO - Processing file /home/walterg/Documentos/Data_projects/Data-Warehouse-postgres-DBT-airflow-/.venv/lib/python3.11/site-packages/airflow/example_dags/example_latest_only_with_trigger.py for tasks to queue
[2025-05-31T21:28:26.435-0300] {logging_mixin.py:188} INFO - [2025-05-31T21:28:26.434-0300] {dagbag.py:538} INFO - Filling up the DagBag from /home/walterg/Documentos/Data_projects/Data-Warehouse-postgres-DBT-airflow-/.venv/lib/python3.11/site-packages/airflow/example_dags/example_latest_only_with_trigger.py
[2025-05-31T21:28:26.440-0300] {processor.py:840} INFO - DAG(s) 'latest_only_with_trigger' retrieved from /home/walterg/Documentos/Data_projects/Data-Warehouse-postgres-DBT-airflow-/.venv/lib/python3.11/site-packages/airflow/example_dags/example_latest_only_with_trigger.py
[2025-05-31T21:28:26.452-0300] {logging_mixin.py:188} INFO - [2025-05-31T21:28:26.452-0300] {dag.py:3036} INFO - Sync 1 DAGs
[2025-05-31T21:28:26.465-0300] {logging_mixin.py:188} INFO - [2025-05-31T21:28:26.464-0300] {dag.py:3823} INFO - Setting next_dagrun for latest_only_with_trigger to 2025-05-31 20:00:00+00:00, run_after=2025-06-01 00:00:00+00:00
[2025-05-31T21:28:26.481-0300] {processor.py:183} INFO - Processing /home/walterg/Documentos/Data_projects/Data-Warehouse-postgres-DBT-airflow-/.venv/lib/python3.11/site-packages/airflow/example_dags/example_latest_only_with_trigger.py took 0.055 seconds
[2025-05-31T21:29:27.186-0300] {processor.py:161} INFO - Started process (PID=41667) to work on /home/walterg/Documentos/Data_projects/Data-Warehouse-postgres-DBT-airflow-/.venv/lib/python3.11/site-packages/airflow/example_dags/example_latest_only_with_trigger.py
[2025-05-31T21:29:27.191-0300] {processor.py:830} INFO - Processing file /home/walterg/Documentos/Data_projects/Data-Warehouse-postgres-DBT-airflow-/.venv/lib/python3.11/site-packages/airflow/example_dags/example_latest_only_with_trigger.py for tasks to queue
[2025-05-31T21:29:27.192-0300] {logging_mixin.py:188} INFO - [2025-05-31T21:29:27.192-0300] {dagbag.py:538} INFO - Filling up the DagBag from /home/walterg/Documentos/Data_projects/Data-Warehouse-postgres-DBT-airflow-/.venv/lib/python3.11/site-packages/airflow/example_dags/example_latest_only_with_trigger.py
[2025-05-31T21:29:27.197-0300] {processor.py:840} INFO - DAG(s) 'latest_only_with_trigger' retrieved from /home/walterg/Documentos/Data_projects/Data-Warehouse-postgres-DBT-airflow-/.venv/lib/python3.11/site-packages/airflow/example_dags/example_latest_only_with_trigger.py
[2025-05-31T21:29:27.210-0300] {logging_mixin.py:188} INFO - [2025-05-31T21:29:27.209-0300] {dag.py:3036} INFO - Sync 1 DAGs
[2025-05-31T21:29:27.223-0300] {logging_mixin.py:188} INFO - [2025-05-31T21:29:27.223-0300] {dag.py:3823} INFO - Setting next_dagrun for latest_only_with_trigger to 2025-05-31 20:00:00+00:00, run_after=2025-06-01 00:00:00+00:00
[2025-05-31T21:29:27.239-0300] {processor.py:183} INFO - Processing /home/walterg/Documentos/Data_projects/Data-Warehouse-postgres-DBT-airflow-/.venv/lib/python3.11/site-packages/airflow/example_dags/example_latest_only_with_trigger.py took 0.056 seconds
[2025-05-31T21:30:26.013-0300] {processor.py:161} INFO - Started process (PID=41869) to work on /home/walterg/Documentos/Data_projects/Data-Warehouse-postgres-DBT-airflow-/.venv/lib/python3.11/site-packages/airflow/example_dags/example_latest_only_with_trigger.py
[2025-05-31T21:30:26.018-0300] {processor.py:830} INFO - Processing file /home/walterg/Documentos/Data_projects/Data-Warehouse-postgres-DBT-airflow-/.venv/lib/python3.11/site-packages/airflow/example_dags/example_latest_only_with_trigger.py for tasks to queue
[2025-05-31T21:30:26.019-0300] {logging_mixin.py:188} INFO - [2025-05-31T21:30:26.019-0300] {dagbag.py:538} INFO - Filling up the DagBag from /home/walterg/Documentos/Data_projects/Data-Warehouse-postgres-DBT-airflow-/.venv/lib/python3.11/site-packages/airflow/example_dags/example_latest_only_with_trigger.py
[2025-05-31T21:30:26.024-0300] {processor.py:840} INFO - DAG(s) 'latest_only_with_trigger' retrieved from /home/walterg/Documentos/Data_projects/Data-Warehouse-postgres-DBT-airflow-/.venv/lib/python3.11/site-packages/airflow/example_dags/example_latest_only_with_trigger.py
[2025-05-31T21:30:26.037-0300] {logging_mixin.py:188} INFO - [2025-05-31T21:30:26.037-0300] {dag.py:3036} INFO - Sync 1 DAGs
[2025-05-31T21:30:26.050-0300] {logging_mixin.py:188} INFO - [2025-05-31T21:30:26.050-0300] {dag.py:3823} INFO - Setting next_dagrun for latest_only_with_trigger to 2025-05-31 20:00:00+00:00, run_after=2025-06-01 00:00:00+00:00
[2025-05-31T21:30:26.066-0300] {processor.py:183} INFO - Processing /home/walterg/Documentos/Data_projects/Data-Warehouse-postgres-DBT-airflow-/.venv/lib/python3.11/site-packages/airflow/example_dags/example_latest_only_with_trigger.py took 0.056 seconds
[2025-05-31T21:31:26.044-0300] {processor.py:161} INFO - Started process (PID=42136) to work on /home/walterg/Documentos/Data_projects/Data-Warehouse-postgres-DBT-airflow-/.venv/lib/python3.11/site-packages/airflow/example_dags/example_latest_only_with_trigger.py
[2025-05-31T21:31:26.049-0300] {processor.py:830} INFO - Processing file /home/walterg/Documentos/Data_projects/Data-Warehouse-postgres-DBT-airflow-/.venv/lib/python3.11/site-packages/airflow/example_dags/example_latest_only_with_trigger.py for tasks to queue
[2025-05-31T21:31:26.050-0300] {logging_mixin.py:188} INFO - [2025-05-31T21:31:26.050-0300] {dagbag.py:538} INFO - Filling up the DagBag from /home/walterg/Documentos/Data_projects/Data-Warehouse-postgres-DBT-airflow-/.venv/lib/python3.11/site-packages/airflow/example_dags/example_latest_only_with_trigger.py
[2025-05-31T21:31:26.055-0300] {processor.py:840} INFO - DAG(s) 'latest_only_with_trigger' retrieved from /home/walterg/Documentos/Data_projects/Data-Warehouse-postgres-DBT-airflow-/.venv/lib/python3.11/site-packages/airflow/example_dags/example_latest_only_with_trigger.py
[2025-05-31T21:31:26.068-0300] {logging_mixin.py:188} INFO - [2025-05-31T21:31:26.068-0300] {dag.py:3036} INFO - Sync 1 DAGs
[2025-05-31T21:31:26.081-0300] {logging_mixin.py:188} INFO - [2025-05-31T21:31:26.081-0300] {dag.py:3823} INFO - Setting next_dagrun for latest_only_with_trigger to 2025-05-31 20:00:00+00:00, run_after=2025-06-01 00:00:00+00:00
[2025-05-31T21:31:26.098-0300] {processor.py:183} INFO - Processing /home/walterg/Documentos/Data_projects/Data-Warehouse-postgres-DBT-airflow-/.venv/lib/python3.11/site-packages/airflow/example_dags/example_latest_only_with_trigger.py took 0.057 seconds
[2025-05-31T21:32:25.566-0300] {processor.py:161} INFO - Started process (PID=42414) to work on /home/walterg/Documentos/Data_projects/Data-Warehouse-postgres-DBT-airflow-/.venv/lib/python3.11/site-packages/airflow/example_dags/example_latest_only_with_trigger.py
[2025-05-31T21:32:25.567-0300] {processor.py:830} INFO - Processing file /home/walterg/Documentos/Data_projects/Data-Warehouse-postgres-DBT-airflow-/.venv/lib/python3.11/site-packages/airflow/example_dags/example_latest_only_with_trigger.py for tasks to queue
[2025-05-31T21:32:25.568-0300] {logging_mixin.py:188} INFO - [2025-05-31T21:32:25.567-0300] {dagbag.py:538} INFO - Filling up the DagBag from /home/walterg/Documentos/Data_projects/Data-Warehouse-postgres-DBT-airflow-/.venv/lib/python3.11/site-packages/airflow/example_dags/example_latest_only_with_trigger.py
[2025-05-31T21:32:25.573-0300] {processor.py:840} INFO - DAG(s) 'latest_only_with_trigger' retrieved from /home/walterg/Documentos/Data_projects/Data-Warehouse-postgres-DBT-airflow-/.venv/lib/python3.11/site-packages/airflow/example_dags/example_latest_only_with_trigger.py
[2025-05-31T21:32:25.586-0300] {logging_mixin.py:188} INFO - [2025-05-31T21:32:25.586-0300] {dag.py:3036} INFO - Sync 1 DAGs
[2025-05-31T21:32:25.601-0300] {logging_mixin.py:188} INFO - [2025-05-31T21:32:25.601-0300] {dag.py:3823} INFO - Setting next_dagrun for latest_only_with_trigger to 2025-05-31 20:00:00+00:00, run_after=2025-06-01 00:00:00+00:00
[2025-05-31T21:32:25.618-0300] {processor.py:183} INFO - Processing /home/walterg/Documentos/Data_projects/Data-Warehouse-postgres-DBT-airflow-/.venv/lib/python3.11/site-packages/airflow/example_dags/example_latest_only_with_trigger.py took 0.054 seconds
[2025-05-31T21:33:12.587-0300] {processor.py:161} INFO - Started process (PID=42834) to work on /home/walterg/Documentos/Data_projects/Data-Warehouse-postgres-DBT-airflow-/.venv/lib/python3.11/site-packages/airflow/example_dags/example_latest_only_with_trigger.py
[2025-05-31T21:33:12.592-0300] {processor.py:830} INFO - Processing file /home/walterg/Documentos/Data_projects/Data-Warehouse-postgres-DBT-airflow-/.venv/lib/python3.11/site-packages/airflow/example_dags/example_latest_only_with_trigger.py for tasks to queue
[2025-05-31T21:33:12.593-0300] {logging_mixin.py:188} INFO - [2025-05-31T21:33:12.593-0300] {dagbag.py:538} INFO - Filling up the DagBag from /home/walterg/Documentos/Data_projects/Data-Warehouse-postgres-DBT-airflow-/.venv/lib/python3.11/site-packages/airflow/example_dags/example_latest_only_with_trigger.py
[2025-05-31T21:33:12.598-0300] {processor.py:840} INFO - DAG(s) 'latest_only_with_trigger' retrieved from /home/walterg/Documentos/Data_projects/Data-Warehouse-postgres-DBT-airflow-/.venv/lib/python3.11/site-packages/airflow/example_dags/example_latest_only_with_trigger.py
[2025-05-31T21:33:12.611-0300] {logging_mixin.py:188} INFO - [2025-05-31T21:33:12.611-0300] {dag.py:3036} INFO - Sync 1 DAGs
[2025-05-31T21:33:12.625-0300] {logging_mixin.py:188} INFO - [2025-05-31T21:33:12.625-0300] {dag.py:3823} INFO - Setting next_dagrun for latest_only_with_trigger to 2025-05-31 20:00:00+00:00, run_after=2025-06-01 00:00:00+00:00
[2025-05-31T21:33:12.642-0300] {processor.py:183} INFO - Processing /home/walterg/Documentos/Data_projects/Data-Warehouse-postgres-DBT-airflow-/.venv/lib/python3.11/site-packages/airflow/example_dags/example_latest_only_with_trigger.py took 0.058 seconds
[2025-05-31T21:34:10.834-0300] {processor.py:161} INFO - Started process (PID=42944) to work on /home/walterg/Documentos/Data_projects/Data-Warehouse-postgres-DBT-airflow-/.venv/lib/python3.11/site-packages/airflow/example_dags/example_latest_only_with_trigger.py
[2025-05-31T21:34:10.839-0300] {processor.py:830} INFO - Processing file /home/walterg/Documentos/Data_projects/Data-Warehouse-postgres-DBT-airflow-/.venv/lib/python3.11/site-packages/airflow/example_dags/example_latest_only_with_trigger.py for tasks to queue
[2025-05-31T21:34:10.840-0300] {logging_mixin.py:188} INFO - [2025-05-31T21:34:10.840-0300] {dagbag.py:538} INFO - Filling up the DagBag from /home/walterg/Documentos/Data_projects/Data-Warehouse-postgres-DBT-airflow-/.venv/lib/python3.11/site-packages/airflow/example_dags/example_latest_only_with_trigger.py
[2025-05-31T21:34:10.845-0300] {processor.py:840} INFO - DAG(s) 'latest_only_with_trigger' retrieved from /home/walterg/Documentos/Data_projects/Data-Warehouse-postgres-DBT-airflow-/.venv/lib/python3.11/site-packages/airflow/example_dags/example_latest_only_with_trigger.py
[2025-05-31T21:34:10.858-0300] {logging_mixin.py:188} INFO - [2025-05-31T21:34:10.858-0300] {dag.py:3036} INFO - Sync 1 DAGs
[2025-05-31T21:34:10.871-0300] {logging_mixin.py:188} INFO - [2025-05-31T21:34:10.871-0300] {dag.py:3823} INFO - Setting next_dagrun for latest_only_with_trigger to 2025-05-31 20:00:00+00:00, run_after=2025-06-01 00:00:00+00:00
[2025-05-31T21:34:10.888-0300] {processor.py:183} INFO - Processing /home/walterg/Documentos/Data_projects/Data-Warehouse-postgres-DBT-airflow-/.venv/lib/python3.11/site-packages/airflow/example_dags/example_latest_only_with_trigger.py took 0.057 seconds
