[2025-05-31T21:00:44.259-0300] {processor.py:161} INFO - Started process (PID=32698) to work on /home/walterg/Documentos/Data_projects/Data-Warehouse-postgres-DBT-airflow-/.venv/lib/python3.11/site-packages/airflow/example_dags/example_dag_decorator.py
[2025-05-31T21:00:44.260-0300] {processor.py:830} INFO - Processing file /home/walterg/Documentos/Data_projects/Data-Warehouse-postgres-DBT-airflow-/.venv/lib/python3.11/site-packages/airflow/example_dags/example_dag_decorator.py for tasks to queue
[2025-05-31T21:00:44.261-0300] {logging_mixin.py:188} INFO - [2025-05-31T21:00:44.260-0300] {dagbag.py:538} INFO - Filling up the DagBag from /home/walterg/Documentos/Data_projects/Data-Warehouse-postgres-DBT-airflow-/.venv/lib/python3.11/site-packages/airflow/example_dags/example_dag_decorator.py
[2025-05-31T21:00:44.318-0300] {processor.py:840} INFO - DAG(s) 'example_dag_decorator' retrieved from /home/walterg/Documentos/Data_projects/Data-Warehouse-postgres-DBT-airflow-/.venv/lib/python3.11/site-packages/airflow/example_dags/example_dag_decorator.py
[2025-05-31T21:00:44.383-0300] {logging_mixin.py:188} INFO - [2025-05-31T21:00:44.383-0300] {dag.py:3036} INFO - Sync 1 DAGs
[2025-05-31T21:00:44.488-0300] {logging_mixin.py:188} INFO - [2025-05-31T21:00:44.488-0300] {dag.py:3823} INFO - Setting next_dagrun for example_dag_decorator to None, run_after=None
[2025-05-31T21:00:44.509-0300] {processor.py:183} INFO - Processing /home/walterg/Documentos/Data_projects/Data-Warehouse-postgres-DBT-airflow-/.venv/lib/python3.11/site-packages/airflow/example_dags/example_dag_decorator.py took 0.252 seconds
[2025-05-31T21:01:47.245-0300] {processor.py:161} INFO - Started process (PID=33059) to work on /home/walterg/Documentos/Data_projects/Data-Warehouse-postgres-DBT-airflow-/.venv/lib/python3.11/site-packages/airflow/example_dags/example_dag_decorator.py
[2025-05-31T21:01:47.250-0300] {processor.py:830} INFO - Processing file /home/walterg/Documentos/Data_projects/Data-Warehouse-postgres-DBT-airflow-/.venv/lib/python3.11/site-packages/airflow/example_dags/example_dag_decorator.py for tasks to queue
[2025-05-31T21:01:47.251-0300] {logging_mixin.py:188} INFO - [2025-05-31T21:01:47.251-0300] {dagbag.py:538} INFO - Filling up the DagBag from /home/walterg/Documentos/Data_projects/Data-Warehouse-postgres-DBT-airflow-/.venv/lib/python3.11/site-packages/airflow/example_dags/example_dag_decorator.py
[2025-05-31T21:01:47.326-0300] {processor.py:840} INFO - DAG(s) 'example_dag_decorator' retrieved from /home/walterg/Documentos/Data_projects/Data-Warehouse-postgres-DBT-airflow-/.venv/lib/python3.11/site-packages/airflow/example_dags/example_dag_decorator.py
[2025-05-31T21:01:47.392-0300] {logging_mixin.py:188} INFO - [2025-05-31T21:01:47.392-0300] {dag.py:3036} INFO - Sync 1 DAGs
[2025-05-31T21:01:47.398-0300] {logging_mixin.py:188} INFO - [2025-05-31T21:01:47.398-0300] {dag.py:3823} INFO - Setting next_dagrun for example_dag_decorator to None, run_after=None
[2025-05-31T21:01:47.519-0300] {processor.py:183} INFO - Processing /home/walterg/Documentos/Data_projects/Data-Warehouse-postgres-DBT-airflow-/.venv/lib/python3.11/site-packages/airflow/example_dags/example_dag_decorator.py took 0.278 seconds
[2025-05-31T21:02:53.677-0300] {processor.py:161} INFO - Started process (PID=33420) to work on /home/walterg/Documentos/Data_projects/Data-Warehouse-postgres-DBT-airflow-/.venv/lib/python3.11/site-packages/airflow/example_dags/example_dag_decorator.py
[2025-05-31T21:02:53.682-0300] {processor.py:830} INFO - Processing file /home/walterg/Documentos/Data_projects/Data-Warehouse-postgres-DBT-airflow-/.venv/lib/python3.11/site-packages/airflow/example_dags/example_dag_decorator.py for tasks to queue
[2025-05-31T21:02:53.683-0300] {logging_mixin.py:188} INFO - [2025-05-31T21:02:53.682-0300] {dagbag.py:538} INFO - Filling up the DagBag from /home/walterg/Documentos/Data_projects/Data-Warehouse-postgres-DBT-airflow-/.venv/lib/python3.11/site-packages/airflow/example_dags/example_dag_decorator.py
[2025-05-31T21:02:53.746-0300] {processor.py:840} INFO - DAG(s) 'example_dag_decorator' retrieved from /home/walterg/Documentos/Data_projects/Data-Warehouse-postgres-DBT-airflow-/.venv/lib/python3.11/site-packages/airflow/example_dags/example_dag_decorator.py
[2025-05-31T21:02:53.952-0300] {logging_mixin.py:188} INFO - [2025-05-31T21:02:53.951-0300] {dag.py:3036} INFO - Sync 1 DAGs
[2025-05-31T21:02:53.958-0300] {logging_mixin.py:188} INFO - [2025-05-31T21:02:53.957-0300] {dag.py:3823} INFO - Setting next_dagrun for example_dag_decorator to None, run_after=None
[2025-05-31T21:02:53.979-0300] {processor.py:183} INFO - Processing /home/walterg/Documentos/Data_projects/Data-Warehouse-postgres-DBT-airflow-/.venv/lib/python3.11/site-packages/airflow/example_dags/example_dag_decorator.py took 0.305 seconds
[2025-05-31T21:03:56.431-0300] {processor.py:161} INFO - Started process (PID=33703) to work on /home/walterg/Documentos/Data_projects/Data-Warehouse-postgres-DBT-airflow-/.venv/lib/python3.11/site-packages/airflow/example_dags/example_dag_decorator.py
[2025-05-31T21:03:56.437-0300] {processor.py:830} INFO - Processing file /home/walterg/Documentos/Data_projects/Data-Warehouse-postgres-DBT-airflow-/.venv/lib/python3.11/site-packages/airflow/example_dags/example_dag_decorator.py for tasks to queue
[2025-05-31T21:03:56.438-0300] {logging_mixin.py:188} INFO - [2025-05-31T21:03:56.437-0300] {dagbag.py:538} INFO - Filling up the DagBag from /home/walterg/Documentos/Data_projects/Data-Warehouse-postgres-DBT-airflow-/.venv/lib/python3.11/site-packages/airflow/example_dags/example_dag_decorator.py
[2025-05-31T21:03:56.500-0300] {processor.py:840} INFO - DAG(s) 'example_dag_decorator' retrieved from /home/walterg/Documentos/Data_projects/Data-Warehouse-postgres-DBT-airflow-/.venv/lib/python3.11/site-packages/airflow/example_dags/example_dag_decorator.py
[2025-05-31T21:03:56.673-0300] {logging_mixin.py:188} INFO - [2025-05-31T21:03:56.673-0300] {dag.py:3036} INFO - Sync 1 DAGs
[2025-05-31T21:03:56.679-0300] {logging_mixin.py:188} INFO - [2025-05-31T21:03:56.678-0300] {dag.py:3823} INFO - Setting next_dagrun for example_dag_decorator to None, run_after=None
[2025-05-31T21:03:56.698-0300] {processor.py:183} INFO - Processing /home/walterg/Documentos/Data_projects/Data-Warehouse-postgres-DBT-airflow-/.venv/lib/python3.11/site-packages/airflow/example_dags/example_dag_decorator.py took 0.271 seconds
[2025-05-31T21:04:58.900-0300] {processor.py:161} INFO - Started process (PID=33961) to work on /home/walterg/Documentos/Data_projects/Data-Warehouse-postgres-DBT-airflow-/.venv/lib/python3.11/site-packages/airflow/example_dags/example_dag_decorator.py
[2025-05-31T21:04:58.905-0300] {processor.py:830} INFO - Processing file /home/walterg/Documentos/Data_projects/Data-Warehouse-postgres-DBT-airflow-/.venv/lib/python3.11/site-packages/airflow/example_dags/example_dag_decorator.py for tasks to queue
[2025-05-31T21:04:58.906-0300] {logging_mixin.py:188} INFO - [2025-05-31T21:04:58.905-0300] {dagbag.py:538} INFO - Filling up the DagBag from /home/walterg/Documentos/Data_projects/Data-Warehouse-postgres-DBT-airflow-/.venv/lib/python3.11/site-packages/airflow/example_dags/example_dag_decorator.py
[2025-05-31T21:04:58.962-0300] {processor.py:840} INFO - DAG(s) 'example_dag_decorator' retrieved from /home/walterg/Documentos/Data_projects/Data-Warehouse-postgres-DBT-airflow-/.venv/lib/python3.11/site-packages/airflow/example_dags/example_dag_decorator.py
[2025-05-31T21:04:59.026-0300] {logging_mixin.py:188} INFO - [2025-05-31T21:04:59.026-0300] {dag.py:3036} INFO - Sync 1 DAGs
[2025-05-31T21:04:59.128-0300] {logging_mixin.py:188} INFO - [2025-05-31T21:04:59.127-0300] {dag.py:3823} INFO - Setting next_dagrun for example_dag_decorator to None, run_after=None
[2025-05-31T21:04:59.148-0300] {processor.py:183} INFO - Processing /home/walterg/Documentos/Data_projects/Data-Warehouse-postgres-DBT-airflow-/.venv/lib/python3.11/site-packages/airflow/example_dags/example_dag_decorator.py took 0.250 seconds
[2025-05-31T21:06:06.793-0300] {processor.py:161} INFO - Started process (PID=34420) to work on /home/walterg/Documentos/Data_projects/Data-Warehouse-postgres-DBT-airflow-/.venv/lib/python3.11/site-packages/airflow/example_dags/example_dag_decorator.py
[2025-05-31T21:06:06.795-0300] {processor.py:830} INFO - Processing file /home/walterg/Documentos/Data_projects/Data-Warehouse-postgres-DBT-airflow-/.venv/lib/python3.11/site-packages/airflow/example_dags/example_dag_decorator.py for tasks to queue
[2025-05-31T21:06:06.797-0300] {logging_mixin.py:188} INFO - [2025-05-31T21:06:06.796-0300] {dagbag.py:538} INFO - Filling up the DagBag from /home/walterg/Documentos/Data_projects/Data-Warehouse-postgres-DBT-airflow-/.venv/lib/python3.11/site-packages/airflow/example_dags/example_dag_decorator.py
[2025-05-31T21:06:06.874-0300] {processor.py:840} INFO - DAG(s) 'example_dag_decorator' retrieved from /home/walterg/Documentos/Data_projects/Data-Warehouse-postgres-DBT-airflow-/.venv/lib/python3.11/site-packages/airflow/example_dags/example_dag_decorator.py
[2025-05-31T21:06:07.055-0300] {logging_mixin.py:188} INFO - [2025-05-31T21:06:07.055-0300] {dag.py:3036} INFO - Sync 1 DAGs
[2025-05-31T21:06:07.061-0300] {logging_mixin.py:188} INFO - [2025-05-31T21:06:07.061-0300] {dag.py:3823} INFO - Setting next_dagrun for example_dag_decorator to None, run_after=None
[2025-05-31T21:06:07.079-0300] {processor.py:183} INFO - Processing /home/walterg/Documentos/Data_projects/Data-Warehouse-postgres-DBT-airflow-/.venv/lib/python3.11/site-packages/airflow/example_dags/example_dag_decorator.py took 0.291 seconds
[2025-05-31T21:07:13.697-0300] {processor.py:161} INFO - Started process (PID=34765) to work on /home/walterg/Documentos/Data_projects/Data-Warehouse-postgres-DBT-airflow-/.venv/lib/python3.11/site-packages/airflow/example_dags/example_dag_decorator.py
[2025-05-31T21:07:13.702-0300] {processor.py:830} INFO - Processing file /home/walterg/Documentos/Data_projects/Data-Warehouse-postgres-DBT-airflow-/.venv/lib/python3.11/site-packages/airflow/example_dags/example_dag_decorator.py for tasks to queue
[2025-05-31T21:07:13.703-0300] {logging_mixin.py:188} INFO - [2025-05-31T21:07:13.702-0300] {dagbag.py:538} INFO - Filling up the DagBag from /home/walterg/Documentos/Data_projects/Data-Warehouse-postgres-DBT-airflow-/.venv/lib/python3.11/site-packages/airflow/example_dags/example_dag_decorator.py
[2025-05-31T21:07:13.761-0300] {processor.py:840} INFO - DAG(s) 'example_dag_decorator' retrieved from /home/walterg/Documentos/Data_projects/Data-Warehouse-postgres-DBT-airflow-/.venv/lib/python3.11/site-packages/airflow/example_dags/example_dag_decorator.py
[2025-05-31T21:07:13.933-0300] {logging_mixin.py:188} INFO - [2025-05-31T21:07:13.933-0300] {dag.py:3036} INFO - Sync 1 DAGs
[2025-05-31T21:07:13.939-0300] {logging_mixin.py:188} INFO - [2025-05-31T21:07:13.939-0300] {dag.py:3823} INFO - Setting next_dagrun for example_dag_decorator to None, run_after=None
[2025-05-31T21:07:13.955-0300] {processor.py:183} INFO - Processing /home/walterg/Documentos/Data_projects/Data-Warehouse-postgres-DBT-airflow-/.venv/lib/python3.11/site-packages/airflow/example_dags/example_dag_decorator.py took 0.261 seconds
[2025-05-31T21:08:19.311-0300] {processor.py:161} INFO - Started process (PID=35118) to work on /home/walterg/Documentos/Data_projects/Data-Warehouse-postgres-DBT-airflow-/.venv/lib/python3.11/site-packages/airflow/example_dags/example_dag_decorator.py
[2025-05-31T21:08:19.312-0300] {processor.py:830} INFO - Processing file /home/walterg/Documentos/Data_projects/Data-Warehouse-postgres-DBT-airflow-/.venv/lib/python3.11/site-packages/airflow/example_dags/example_dag_decorator.py for tasks to queue
[2025-05-31T21:08:19.313-0300] {logging_mixin.py:188} INFO - [2025-05-31T21:08:19.313-0300] {dagbag.py:538} INFO - Filling up the DagBag from /home/walterg/Documentos/Data_projects/Data-Warehouse-postgres-DBT-airflow-/.venv/lib/python3.11/site-packages/airflow/example_dags/example_dag_decorator.py
[2025-05-31T21:08:19.372-0300] {processor.py:840} INFO - DAG(s) 'example_dag_decorator' retrieved from /home/walterg/Documentos/Data_projects/Data-Warehouse-postgres-DBT-airflow-/.venv/lib/python3.11/site-packages/airflow/example_dags/example_dag_decorator.py
[2025-05-31T21:08:19.532-0300] {logging_mixin.py:188} INFO - [2025-05-31T21:08:19.532-0300] {dag.py:3036} INFO - Sync 1 DAGs
[2025-05-31T21:08:19.537-0300] {logging_mixin.py:188} INFO - [2025-05-31T21:08:19.537-0300] {dag.py:3823} INFO - Setting next_dagrun for example_dag_decorator to None, run_after=None
[2025-05-31T21:08:19.556-0300] {processor.py:183} INFO - Processing /home/walterg/Documentos/Data_projects/Data-Warehouse-postgres-DBT-airflow-/.venv/lib/python3.11/site-packages/airflow/example_dags/example_dag_decorator.py took 0.247 seconds
[2025-05-31T21:09:16.273-0300] {processor.py:161} INFO - Started process (PID=35396) to work on /home/walterg/Documentos/Data_projects/Data-Warehouse-postgres-DBT-airflow-/.venv/lib/python3.11/site-packages/airflow/example_dags/example_dag_decorator.py
[2025-05-31T21:09:16.274-0300] {processor.py:830} INFO - Processing file /home/walterg/Documentos/Data_projects/Data-Warehouse-postgres-DBT-airflow-/.venv/lib/python3.11/site-packages/airflow/example_dags/example_dag_decorator.py for tasks to queue
[2025-05-31T21:09:16.274-0300] {logging_mixin.py:188} INFO - [2025-05-31T21:09:16.274-0300] {dagbag.py:538} INFO - Filling up the DagBag from /home/walterg/Documentos/Data_projects/Data-Warehouse-postgres-DBT-airflow-/.venv/lib/python3.11/site-packages/airflow/example_dags/example_dag_decorator.py
[2025-05-31T21:09:16.331-0300] {processor.py:840} INFO - DAG(s) 'example_dag_decorator' retrieved from /home/walterg/Documentos/Data_projects/Data-Warehouse-postgres-DBT-airflow-/.venv/lib/python3.11/site-packages/airflow/example_dags/example_dag_decorator.py
[2025-05-31T21:09:16.492-0300] {logging_mixin.py:188} INFO - [2025-05-31T21:09:16.492-0300] {dag.py:3036} INFO - Sync 1 DAGs
[2025-05-31T21:09:16.497-0300] {logging_mixin.py:188} INFO - [2025-05-31T21:09:16.497-0300] {dag.py:3823} INFO - Setting next_dagrun for example_dag_decorator to None, run_after=None
[2025-05-31T21:09:16.519-0300] {processor.py:183} INFO - Processing /home/walterg/Documentos/Data_projects/Data-Warehouse-postgres-DBT-airflow-/.venv/lib/python3.11/site-packages/airflow/example_dags/example_dag_decorator.py took 0.249 seconds
[2025-05-31T21:10:22.129-0300] {processor.py:161} INFO - Started process (PID=35745) to work on /home/walterg/Documentos/Data_projects/Data-Warehouse-postgres-DBT-airflow-/.venv/lib/python3.11/site-packages/airflow/example_dags/example_dag_decorator.py
[2025-05-31T21:10:22.135-0300] {processor.py:830} INFO - Processing file /home/walterg/Documentos/Data_projects/Data-Warehouse-postgres-DBT-airflow-/.venv/lib/python3.11/site-packages/airflow/example_dags/example_dag_decorator.py for tasks to queue
[2025-05-31T21:10:22.136-0300] {logging_mixin.py:188} INFO - [2025-05-31T21:10:22.136-0300] {dagbag.py:538} INFO - Filling up the DagBag from /home/walterg/Documentos/Data_projects/Data-Warehouse-postgres-DBT-airflow-/.venv/lib/python3.11/site-packages/airflow/example_dags/example_dag_decorator.py
[2025-05-31T21:10:22.196-0300] {processor.py:840} INFO - DAG(s) 'example_dag_decorator' retrieved from /home/walterg/Documentos/Data_projects/Data-Warehouse-postgres-DBT-airflow-/.venv/lib/python3.11/site-packages/airflow/example_dags/example_dag_decorator.py
[2025-05-31T21:10:22.371-0300] {logging_mixin.py:188} INFO - [2025-05-31T21:10:22.370-0300] {dag.py:3036} INFO - Sync 1 DAGs
[2025-05-31T21:10:22.376-0300] {logging_mixin.py:188} INFO - [2025-05-31T21:10:22.376-0300] {dag.py:3823} INFO - Setting next_dagrun for example_dag_decorator to None, run_after=None
[2025-05-31T21:10:22.398-0300] {processor.py:183} INFO - Processing /home/walterg/Documentos/Data_projects/Data-Warehouse-postgres-DBT-airflow-/.venv/lib/python3.11/site-packages/airflow/example_dags/example_dag_decorator.py took 0.272 seconds
[2025-05-31T21:11:25.111-0300] {processor.py:161} INFO - Started process (PID=36060) to work on /home/walterg/Documentos/Data_projects/Data-Warehouse-postgres-DBT-airflow-/.venv/lib/python3.11/site-packages/airflow/example_dags/example_dag_decorator.py
[2025-05-31T21:11:25.116-0300] {processor.py:830} INFO - Processing file /home/walterg/Documentos/Data_projects/Data-Warehouse-postgres-DBT-airflow-/.venv/lib/python3.11/site-packages/airflow/example_dags/example_dag_decorator.py for tasks to queue
[2025-05-31T21:11:25.117-0300] {logging_mixin.py:188} INFO - [2025-05-31T21:11:25.117-0300] {dagbag.py:538} INFO - Filling up the DagBag from /home/walterg/Documentos/Data_projects/Data-Warehouse-postgres-DBT-airflow-/.venv/lib/python3.11/site-packages/airflow/example_dags/example_dag_decorator.py
[2025-05-31T21:11:25.183-0300] {processor.py:840} INFO - DAG(s) 'example_dag_decorator' retrieved from /home/walterg/Documentos/Data_projects/Data-Warehouse-postgres-DBT-airflow-/.venv/lib/python3.11/site-packages/airflow/example_dags/example_dag_decorator.py
[2025-05-31T21:11:25.358-0300] {logging_mixin.py:188} INFO - [2025-05-31T21:11:25.358-0300] {dag.py:3036} INFO - Sync 1 DAGs
[2025-05-31T21:11:25.363-0300] {logging_mixin.py:188} INFO - [2025-05-31T21:11:25.363-0300] {dag.py:3823} INFO - Setting next_dagrun for example_dag_decorator to None, run_after=None
[2025-05-31T21:11:25.382-0300] {processor.py:183} INFO - Processing /home/walterg/Documentos/Data_projects/Data-Warehouse-postgres-DBT-airflow-/.venv/lib/python3.11/site-packages/airflow/example_dags/example_dag_decorator.py took 0.273 seconds
[2025-05-31T21:12:32.827-0300] {processor.py:161} INFO - Started process (PID=36333) to work on /home/walterg/Documentos/Data_projects/Data-Warehouse-postgres-DBT-airflow-/.venv/lib/python3.11/site-packages/airflow/example_dags/example_dag_decorator.py
[2025-05-31T21:12:32.832-0300] {processor.py:830} INFO - Processing file /home/walterg/Documentos/Data_projects/Data-Warehouse-postgres-DBT-airflow-/.venv/lib/python3.11/site-packages/airflow/example_dags/example_dag_decorator.py for tasks to queue
[2025-05-31T21:12:32.833-0300] {logging_mixin.py:188} INFO - [2025-05-31T21:12:32.832-0300] {dagbag.py:538} INFO - Filling up the DagBag from /home/walterg/Documentos/Data_projects/Data-Warehouse-postgres-DBT-airflow-/.venv/lib/python3.11/site-packages/airflow/example_dags/example_dag_decorator.py
[2025-05-31T21:12:32.895-0300] {processor.py:840} INFO - DAG(s) 'example_dag_decorator' retrieved from /home/walterg/Documentos/Data_projects/Data-Warehouse-postgres-DBT-airflow-/.venv/lib/python3.11/site-packages/airflow/example_dags/example_dag_decorator.py
[2025-05-31T21:12:33.072-0300] {logging_mixin.py:188} INFO - [2025-05-31T21:12:33.072-0300] {dag.py:3036} INFO - Sync 1 DAGs
[2025-05-31T21:12:33.078-0300] {logging_mixin.py:188} INFO - [2025-05-31T21:12:33.078-0300] {dag.py:3823} INFO - Setting next_dagrun for example_dag_decorator to None, run_after=None
[2025-05-31T21:12:33.100-0300] {processor.py:183} INFO - Processing /home/walterg/Documentos/Data_projects/Data-Warehouse-postgres-DBT-airflow-/.venv/lib/python3.11/site-packages/airflow/example_dags/example_dag_decorator.py took 0.276 seconds
[2025-05-31T21:13:34.626-0300] {processor.py:161} INFO - Started process (PID=36563) to work on /home/walterg/Documentos/Data_projects/Data-Warehouse-postgres-DBT-airflow-/.venv/lib/python3.11/site-packages/airflow/example_dags/example_dag_decorator.py
[2025-05-31T21:13:34.631-0300] {processor.py:830} INFO - Processing file /home/walterg/Documentos/Data_projects/Data-Warehouse-postgres-DBT-airflow-/.venv/lib/python3.11/site-packages/airflow/example_dags/example_dag_decorator.py for tasks to queue
[2025-05-31T21:13:34.632-0300] {logging_mixin.py:188} INFO - [2025-05-31T21:13:34.631-0300] {dagbag.py:538} INFO - Filling up the DagBag from /home/walterg/Documentos/Data_projects/Data-Warehouse-postgres-DBT-airflow-/.venv/lib/python3.11/site-packages/airflow/example_dags/example_dag_decorator.py
[2025-05-31T21:13:34.688-0300] {processor.py:840} INFO - DAG(s) 'example_dag_decorator' retrieved from /home/walterg/Documentos/Data_projects/Data-Warehouse-postgres-DBT-airflow-/.venv/lib/python3.11/site-packages/airflow/example_dags/example_dag_decorator.py
[2025-05-31T21:13:34.702-0300] {logging_mixin.py:188} INFO - [2025-05-31T21:13:34.702-0300] {dag.py:3036} INFO - Sync 1 DAGs
[2025-05-31T21:13:34.710-0300] {logging_mixin.py:188} INFO - [2025-05-31T21:13:34.710-0300] {dag.py:3823} INFO - Setting next_dagrun for example_dag_decorator to None, run_after=None
[2025-05-31T21:13:34.826-0300] {processor.py:183} INFO - Processing /home/walterg/Documentos/Data_projects/Data-Warehouse-postgres-DBT-airflow-/.venv/lib/python3.11/site-packages/airflow/example_dags/example_dag_decorator.py took 0.202 seconds
[2025-05-31T21:14:40.547-0300] {processor.py:161} INFO - Started process (PID=36899) to work on /home/walterg/Documentos/Data_projects/Data-Warehouse-postgres-DBT-airflow-/.venv/lib/python3.11/site-packages/airflow/example_dags/example_dag_decorator.py
[2025-05-31T21:14:40.552-0300] {processor.py:830} INFO - Processing file /home/walterg/Documentos/Data_projects/Data-Warehouse-postgres-DBT-airflow-/.venv/lib/python3.11/site-packages/airflow/example_dags/example_dag_decorator.py for tasks to queue
[2025-05-31T21:14:40.553-0300] {logging_mixin.py:188} INFO - [2025-05-31T21:14:40.553-0300] {dagbag.py:538} INFO - Filling up the DagBag from /home/walterg/Documentos/Data_projects/Data-Warehouse-postgres-DBT-airflow-/.venv/lib/python3.11/site-packages/airflow/example_dags/example_dag_decorator.py
[2025-05-31T21:14:40.611-0300] {processor.py:840} INFO - DAG(s) 'example_dag_decorator' retrieved from /home/walterg/Documentos/Data_projects/Data-Warehouse-postgres-DBT-airflow-/.venv/lib/python3.11/site-packages/airflow/example_dags/example_dag_decorator.py
[2025-05-31T21:14:40.770-0300] {logging_mixin.py:188} INFO - [2025-05-31T21:14:40.770-0300] {dag.py:3036} INFO - Sync 1 DAGs
[2025-05-31T21:14:40.775-0300] {logging_mixin.py:188} INFO - [2025-05-31T21:14:40.775-0300] {dag.py:3823} INFO - Setting next_dagrun for example_dag_decorator to None, run_after=None
[2025-05-31T21:14:40.797-0300] {processor.py:183} INFO - Processing /home/walterg/Documentos/Data_projects/Data-Warehouse-postgres-DBT-airflow-/.venv/lib/python3.11/site-packages/airflow/example_dags/example_dag_decorator.py took 0.252 seconds
[2025-05-31T21:15:39.961-0300] {processor.py:161} INFO - Started process (PID=37280) to work on /home/walterg/Documentos/Data_projects/Data-Warehouse-postgres-DBT-airflow-/.venv/lib/python3.11/site-packages/airflow/example_dags/example_dag_decorator.py
[2025-05-31T21:15:39.966-0300] {processor.py:830} INFO - Processing file /home/walterg/Documentos/Data_projects/Data-Warehouse-postgres-DBT-airflow-/.venv/lib/python3.11/site-packages/airflow/example_dags/example_dag_decorator.py for tasks to queue
[2025-05-31T21:15:39.967-0300] {logging_mixin.py:188} INFO - [2025-05-31T21:15:39.967-0300] {dagbag.py:538} INFO - Filling up the DagBag from /home/walterg/Documentos/Data_projects/Data-Warehouse-postgres-DBT-airflow-/.venv/lib/python3.11/site-packages/airflow/example_dags/example_dag_decorator.py
[2025-05-31T21:15:40.025-0300] {processor.py:840} INFO - DAG(s) 'example_dag_decorator' retrieved from /home/walterg/Documentos/Data_projects/Data-Warehouse-postgres-DBT-airflow-/.venv/lib/python3.11/site-packages/airflow/example_dags/example_dag_decorator.py
[2025-05-31T21:15:40.038-0300] {logging_mixin.py:188} INFO - [2025-05-31T21:15:40.038-0300] {dag.py:3036} INFO - Sync 1 DAGs
[2025-05-31T21:15:40.045-0300] {logging_mixin.py:188} INFO - [2025-05-31T21:15:40.045-0300] {dag.py:3823} INFO - Setting next_dagrun for example_dag_decorator to None, run_after=None
[2025-05-31T21:15:40.063-0300] {processor.py:183} INFO - Processing /home/walterg/Documentos/Data_projects/Data-Warehouse-postgres-DBT-airflow-/.venv/lib/python3.11/site-packages/airflow/example_dags/example_dag_decorator.py took 0.105 seconds
[2025-05-31T21:16:40.403-0300] {processor.py:161} INFO - Started process (PID=37657) to work on /home/walterg/Documentos/Data_projects/Data-Warehouse-postgres-DBT-airflow-/.venv/lib/python3.11/site-packages/airflow/example_dags/example_dag_decorator.py
[2025-05-31T21:16:40.407-0300] {processor.py:830} INFO - Processing file /home/walterg/Documentos/Data_projects/Data-Warehouse-postgres-DBT-airflow-/.venv/lib/python3.11/site-packages/airflow/example_dags/example_dag_decorator.py for tasks to queue
[2025-05-31T21:16:40.409-0300] {logging_mixin.py:188} INFO - [2025-05-31T21:16:40.408-0300] {dagbag.py:538} INFO - Filling up the DagBag from /home/walterg/Documentos/Data_projects/Data-Warehouse-postgres-DBT-airflow-/.venv/lib/python3.11/site-packages/airflow/example_dags/example_dag_decorator.py
[2025-05-31T21:16:40.571-0300] {processor.py:840} INFO - DAG(s) 'example_dag_decorator' retrieved from /home/walterg/Documentos/Data_projects/Data-Warehouse-postgres-DBT-airflow-/.venv/lib/python3.11/site-packages/airflow/example_dags/example_dag_decorator.py
[2025-05-31T21:16:40.581-0300] {logging_mixin.py:188} INFO - [2025-05-31T21:16:40.581-0300] {dag.py:3036} INFO - Sync 1 DAGs
[2025-05-31T21:16:40.587-0300] {logging_mixin.py:188} INFO - [2025-05-31T21:16:40.587-0300] {dag.py:3823} INFO - Setting next_dagrun for example_dag_decorator to None, run_after=None
[2025-05-31T21:16:40.607-0300] {processor.py:183} INFO - Processing /home/walterg/Documentos/Data_projects/Data-Warehouse-postgres-DBT-airflow-/.venv/lib/python3.11/site-packages/airflow/example_dags/example_dag_decorator.py took 0.207 seconds
[2025-05-31T21:17:48.016-0300] {processor.py:161} INFO - Started process (PID=37903) to work on /home/walterg/Documentos/Data_projects/Data-Warehouse-postgres-DBT-airflow-/.venv/lib/python3.11/site-packages/airflow/example_dags/example_dag_decorator.py
[2025-05-31T21:17:48.022-0300] {processor.py:830} INFO - Processing file /home/walterg/Documentos/Data_projects/Data-Warehouse-postgres-DBT-airflow-/.venv/lib/python3.11/site-packages/airflow/example_dags/example_dag_decorator.py for tasks to queue
[2025-05-31T21:17:48.023-0300] {logging_mixin.py:188} INFO - [2025-05-31T21:17:48.022-0300] {dagbag.py:538} INFO - Filling up the DagBag from /home/walterg/Documentos/Data_projects/Data-Warehouse-postgres-DBT-airflow-/.venv/lib/python3.11/site-packages/airflow/example_dags/example_dag_decorator.py
[2025-05-31T21:17:48.178-0300] {processor.py:840} INFO - DAG(s) 'example_dag_decorator' retrieved from /home/walterg/Documentos/Data_projects/Data-Warehouse-postgres-DBT-airflow-/.venv/lib/python3.11/site-packages/airflow/example_dags/example_dag_decorator.py
[2025-05-31T21:17:48.188-0300] {logging_mixin.py:188} INFO - [2025-05-31T21:17:48.188-0300] {dag.py:3036} INFO - Sync 1 DAGs
[2025-05-31T21:17:48.194-0300] {logging_mixin.py:188} INFO - [2025-05-31T21:17:48.194-0300] {dag.py:3823} INFO - Setting next_dagrun for example_dag_decorator to None, run_after=None
[2025-05-31T21:17:48.215-0300] {processor.py:183} INFO - Processing /home/walterg/Documentos/Data_projects/Data-Warehouse-postgres-DBT-airflow-/.venv/lib/python3.11/site-packages/airflow/example_dags/example_dag_decorator.py took 0.201 seconds
[2025-05-31T21:18:53.809-0300] {processor.py:161} INFO - Started process (PID=38181) to work on /home/walterg/Documentos/Data_projects/Data-Warehouse-postgres-DBT-airflow-/.venv/lib/python3.11/site-packages/airflow/example_dags/example_dag_decorator.py
[2025-05-31T21:18:53.814-0300] {processor.py:830} INFO - Processing file /home/walterg/Documentos/Data_projects/Data-Warehouse-postgres-DBT-airflow-/.venv/lib/python3.11/site-packages/airflow/example_dags/example_dag_decorator.py for tasks to queue
[2025-05-31T21:18:53.815-0300] {logging_mixin.py:188} INFO - [2025-05-31T21:18:53.815-0300] {dagbag.py:538} INFO - Filling up the DagBag from /home/walterg/Documentos/Data_projects/Data-Warehouse-postgres-DBT-airflow-/.venv/lib/python3.11/site-packages/airflow/example_dags/example_dag_decorator.py
[2025-05-31T21:18:53.873-0300] {processor.py:840} INFO - DAG(s) 'example_dag_decorator' retrieved from /home/walterg/Documentos/Data_projects/Data-Warehouse-postgres-DBT-airflow-/.venv/lib/python3.11/site-packages/airflow/example_dags/example_dag_decorator.py
[2025-05-31T21:18:54.034-0300] {logging_mixin.py:188} INFO - [2025-05-31T21:18:54.033-0300] {dag.py:3036} INFO - Sync 1 DAGs
[2025-05-31T21:18:54.039-0300] {logging_mixin.py:188} INFO - [2025-05-31T21:18:54.039-0300] {dag.py:3823} INFO - Setting next_dagrun for example_dag_decorator to None, run_after=None
[2025-05-31T21:18:54.058-0300] {processor.py:183} INFO - Processing /home/walterg/Documentos/Data_projects/Data-Warehouse-postgres-DBT-airflow-/.venv/lib/python3.11/site-packages/airflow/example_dags/example_dag_decorator.py took 0.252 seconds
[2025-05-31T21:19:56.748-0300] {processor.py:161} INFO - Started process (PID=38447) to work on /home/walterg/Documentos/Data_projects/Data-Warehouse-postgres-DBT-airflow-/.venv/lib/python3.11/site-packages/airflow/example_dags/example_dag_decorator.py
[2025-05-31T21:19:56.753-0300] {processor.py:830} INFO - Processing file /home/walterg/Documentos/Data_projects/Data-Warehouse-postgres-DBT-airflow-/.venv/lib/python3.11/site-packages/airflow/example_dags/example_dag_decorator.py for tasks to queue
[2025-05-31T21:19:56.754-0300] {logging_mixin.py:188} INFO - [2025-05-31T21:19:56.754-0300] {dagbag.py:538} INFO - Filling up the DagBag from /home/walterg/Documentos/Data_projects/Data-Warehouse-postgres-DBT-airflow-/.venv/lib/python3.11/site-packages/airflow/example_dags/example_dag_decorator.py
[2025-05-31T21:19:56.811-0300] {processor.py:840} INFO - DAG(s) 'example_dag_decorator' retrieved from /home/walterg/Documentos/Data_projects/Data-Warehouse-postgres-DBT-airflow-/.venv/lib/python3.11/site-packages/airflow/example_dags/example_dag_decorator.py
[2025-05-31T21:19:56.981-0300] {logging_mixin.py:188} INFO - [2025-05-31T21:19:56.980-0300] {dag.py:3036} INFO - Sync 1 DAGs
[2025-05-31T21:19:56.986-0300] {logging_mixin.py:188} INFO - [2025-05-31T21:19:56.986-0300] {dag.py:3823} INFO - Setting next_dagrun for example_dag_decorator to None, run_after=None
[2025-05-31T21:19:57.006-0300] {processor.py:183} INFO - Processing /home/walterg/Documentos/Data_projects/Data-Warehouse-postgres-DBT-airflow-/.venv/lib/python3.11/site-packages/airflow/example_dags/example_dag_decorator.py took 0.260 seconds
[2025-05-31T21:20:56.036-0300] {processor.py:161} INFO - Started process (PID=38693) to work on /home/walterg/Documentos/Data_projects/Data-Warehouse-postgres-DBT-airflow-/.venv/lib/python3.11/site-packages/airflow/example_dags/example_dag_decorator.py
[2025-05-31T21:20:56.041-0300] {processor.py:830} INFO - Processing file /home/walterg/Documentos/Data_projects/Data-Warehouse-postgres-DBT-airflow-/.venv/lib/python3.11/site-packages/airflow/example_dags/example_dag_decorator.py for tasks to queue
[2025-05-31T21:20:56.042-0300] {logging_mixin.py:188} INFO - [2025-05-31T21:20:56.042-0300] {dagbag.py:538} INFO - Filling up the DagBag from /home/walterg/Documentos/Data_projects/Data-Warehouse-postgres-DBT-airflow-/.venv/lib/python3.11/site-packages/airflow/example_dags/example_dag_decorator.py
[2025-05-31T21:20:56.200-0300] {processor.py:840} INFO - DAG(s) 'example_dag_decorator' retrieved from /home/walterg/Documentos/Data_projects/Data-Warehouse-postgres-DBT-airflow-/.venv/lib/python3.11/site-packages/airflow/example_dags/example_dag_decorator.py
[2025-05-31T21:20:56.262-0300] {logging_mixin.py:188} INFO - [2025-05-31T21:20:56.262-0300] {dag.py:3036} INFO - Sync 1 DAGs
[2025-05-31T21:20:56.268-0300] {logging_mixin.py:188} INFO - [2025-05-31T21:20:56.268-0300] {dag.py:3823} INFO - Setting next_dagrun for example_dag_decorator to None, run_after=None
[2025-05-31T21:20:56.284-0300] {processor.py:183} INFO - Processing /home/walterg/Documentos/Data_projects/Data-Warehouse-postgres-DBT-airflow-/.venv/lib/python3.11/site-packages/airflow/example_dags/example_dag_decorator.py took 0.250 seconds
[2025-05-31T21:21:59.139-0300] {processor.py:161} INFO - Started process (PID=39043) to work on /home/walterg/Documentos/Data_projects/Data-Warehouse-postgres-DBT-airflow-/.venv/lib/python3.11/site-packages/airflow/example_dags/example_dag_decorator.py
[2025-05-31T21:21:59.141-0300] {processor.py:830} INFO - Processing file /home/walterg/Documentos/Data_projects/Data-Warehouse-postgres-DBT-airflow-/.venv/lib/python3.11/site-packages/airflow/example_dags/example_dag_decorator.py for tasks to queue
[2025-05-31T21:21:59.142-0300] {logging_mixin.py:188} INFO - [2025-05-31T21:21:59.141-0300] {dagbag.py:538} INFO - Filling up the DagBag from /home/walterg/Documentos/Data_projects/Data-Warehouse-postgres-DBT-airflow-/.venv/lib/python3.11/site-packages/airflow/example_dags/example_dag_decorator.py
[2025-05-31T21:21:59.296-0300] {processor.py:840} INFO - DAG(s) 'example_dag_decorator' retrieved from /home/walterg/Documentos/Data_projects/Data-Warehouse-postgres-DBT-airflow-/.venv/lib/python3.11/site-packages/airflow/example_dags/example_dag_decorator.py
[2025-05-31T21:21:59.356-0300] {logging_mixin.py:188} INFO - [2025-05-31T21:21:59.356-0300] {dag.py:3036} INFO - Sync 1 DAGs
[2025-05-31T21:21:59.361-0300] {logging_mixin.py:188} INFO - [2025-05-31T21:21:59.361-0300] {dag.py:3823} INFO - Setting next_dagrun for example_dag_decorator to None, run_after=None
[2025-05-31T21:21:59.380-0300] {processor.py:183} INFO - Processing /home/walterg/Documentos/Data_projects/Data-Warehouse-postgres-DBT-airflow-/.venv/lib/python3.11/site-packages/airflow/example_dags/example_dag_decorator.py took 0.243 seconds
[2025-05-31T21:23:07.809-0300] {processor.py:161} INFO - Started process (PID=39473) to work on /home/walterg/Documentos/Data_projects/Data-Warehouse-postgres-DBT-airflow-/.venv/lib/python3.11/site-packages/airflow/example_dags/example_dag_decorator.py
[2025-05-31T21:23:07.814-0300] {processor.py:830} INFO - Processing file /home/walterg/Documentos/Data_projects/Data-Warehouse-postgres-DBT-airflow-/.venv/lib/python3.11/site-packages/airflow/example_dags/example_dag_decorator.py for tasks to queue
[2025-05-31T21:23:07.816-0300] {logging_mixin.py:188} INFO - [2025-05-31T21:23:07.815-0300] {dagbag.py:538} INFO - Filling up the DagBag from /home/walterg/Documentos/Data_projects/Data-Warehouse-postgres-DBT-airflow-/.venv/lib/python3.11/site-packages/airflow/example_dags/example_dag_decorator.py
[2025-05-31T21:23:07.878-0300] {processor.py:840} INFO - DAG(s) 'example_dag_decorator' retrieved from /home/walterg/Documentos/Data_projects/Data-Warehouse-postgres-DBT-airflow-/.venv/lib/python3.11/site-packages/airflow/example_dags/example_dag_decorator.py
[2025-05-31T21:23:08.042-0300] {logging_mixin.py:188} INFO - [2025-05-31T21:23:08.042-0300] {dag.py:3036} INFO - Sync 1 DAGs
[2025-05-31T21:23:08.047-0300] {logging_mixin.py:188} INFO - [2025-05-31T21:23:08.047-0300] {dag.py:3823} INFO - Setting next_dagrun for example_dag_decorator to None, run_after=None
[2025-05-31T21:23:08.068-0300] {processor.py:183} INFO - Processing /home/walterg/Documentos/Data_projects/Data-Warehouse-postgres-DBT-airflow-/.venv/lib/python3.11/site-packages/airflow/example_dags/example_dag_decorator.py took 0.262 seconds
[2025-05-31T21:24:15.783-0300] {processor.py:161} INFO - Started process (PID=39728) to work on /home/walterg/Documentos/Data_projects/Data-Warehouse-postgres-DBT-airflow-/.venv/lib/python3.11/site-packages/airflow/example_dags/example_dag_decorator.py
[2025-05-31T21:24:15.788-0300] {processor.py:830} INFO - Processing file /home/walterg/Documentos/Data_projects/Data-Warehouse-postgres-DBT-airflow-/.venv/lib/python3.11/site-packages/airflow/example_dags/example_dag_decorator.py for tasks to queue
[2025-05-31T21:24:15.789-0300] {logging_mixin.py:188} INFO - [2025-05-31T21:24:15.789-0300] {dagbag.py:538} INFO - Filling up the DagBag from /home/walterg/Documentos/Data_projects/Data-Warehouse-postgres-DBT-airflow-/.venv/lib/python3.11/site-packages/airflow/example_dags/example_dag_decorator.py
[2025-05-31T21:24:15.944-0300] {processor.py:840} INFO - DAG(s) 'example_dag_decorator' retrieved from /home/walterg/Documentos/Data_projects/Data-Warehouse-postgres-DBT-airflow-/.venv/lib/python3.11/site-packages/airflow/example_dags/example_dag_decorator.py
[2025-05-31T21:24:16.002-0300] {logging_mixin.py:188} INFO - [2025-05-31T21:24:16.002-0300] {dag.py:3036} INFO - Sync 1 DAGs
[2025-05-31T21:24:16.007-0300] {logging_mixin.py:188} INFO - [2025-05-31T21:24:16.007-0300] {dag.py:3823} INFO - Setting next_dagrun for example_dag_decorator to None, run_after=None
[2025-05-31T21:24:16.027-0300] {processor.py:183} INFO - Processing /home/walterg/Documentos/Data_projects/Data-Warehouse-postgres-DBT-airflow-/.venv/lib/python3.11/site-packages/airflow/example_dags/example_dag_decorator.py took 0.246 seconds
[2025-05-31T21:25:29.832-0300] {processor.py:161} INFO - Started process (PID=40103) to work on /home/walterg/Documentos/Data_projects/Data-Warehouse-postgres-DBT-airflow-/.venv/lib/python3.11/site-packages/airflow/example_dags/example_dag_decorator.py
[2025-05-31T21:25:29.837-0300] {processor.py:830} INFO - Processing file /home/walterg/Documentos/Data_projects/Data-Warehouse-postgres-DBT-airflow-/.venv/lib/python3.11/site-packages/airflow/example_dags/example_dag_decorator.py for tasks to queue
[2025-05-31T21:25:29.838-0300] {logging_mixin.py:188} INFO - [2025-05-31T21:25:29.838-0300] {dagbag.py:538} INFO - Filling up the DagBag from /home/walterg/Documentos/Data_projects/Data-Warehouse-postgres-DBT-airflow-/.venv/lib/python3.11/site-packages/airflow/example_dags/example_dag_decorator.py
[2025-05-31T21:25:29.898-0300] {processor.py:840} INFO - DAG(s) 'example_dag_decorator' retrieved from /home/walterg/Documentos/Data_projects/Data-Warehouse-postgres-DBT-airflow-/.venv/lib/python3.11/site-packages/airflow/example_dags/example_dag_decorator.py
[2025-05-31T21:25:29.964-0300] {logging_mixin.py:188} INFO - [2025-05-31T21:25:29.964-0300] {dag.py:3036} INFO - Sync 1 DAGs
[2025-05-31T21:25:29.970-0300] {logging_mixin.py:188} INFO - [2025-05-31T21:25:29.970-0300] {dag.py:3823} INFO - Setting next_dagrun for example_dag_decorator to None, run_after=None
[2025-05-31T21:25:29.992-0300] {processor.py:183} INFO - Processing /home/walterg/Documentos/Data_projects/Data-Warehouse-postgres-DBT-airflow-/.venv/lib/python3.11/site-packages/airflow/example_dags/example_dag_decorator.py took 0.162 seconds
[2025-05-31T21:26:27.422-0300] {processor.py:161} INFO - Started process (PID=40555) to work on /home/walterg/Documentos/Data_projects/Data-Warehouse-postgres-DBT-airflow-/.venv/lib/python3.11/site-packages/airflow/example_dags/example_dag_decorator.py
[2025-05-31T21:26:27.427-0300] {processor.py:830} INFO - Processing file /home/walterg/Documentos/Data_projects/Data-Warehouse-postgres-DBT-airflow-/.venv/lib/python3.11/site-packages/airflow/example_dags/example_dag_decorator.py for tasks to queue
[2025-05-31T21:26:27.428-0300] {logging_mixin.py:188} INFO - [2025-05-31T21:26:27.428-0300] {dagbag.py:538} INFO - Filling up the DagBag from /home/walterg/Documentos/Data_projects/Data-Warehouse-postgres-DBT-airflow-/.venv/lib/python3.11/site-packages/airflow/example_dags/example_dag_decorator.py
[2025-05-31T21:26:27.484-0300] {processor.py:840} INFO - DAG(s) 'example_dag_decorator' retrieved from /home/walterg/Documentos/Data_projects/Data-Warehouse-postgres-DBT-airflow-/.venv/lib/python3.11/site-packages/airflow/example_dags/example_dag_decorator.py
[2025-05-31T21:26:27.550-0300] {logging_mixin.py:188} INFO - [2025-05-31T21:26:27.550-0300] {dag.py:3036} INFO - Sync 1 DAGs
[2025-05-31T21:26:27.556-0300] {logging_mixin.py:188} INFO - [2025-05-31T21:26:27.556-0300] {dag.py:3823} INFO - Setting next_dagrun for example_dag_decorator to None, run_after=None
[2025-05-31T21:26:27.577-0300] {processor.py:183} INFO - Processing /home/walterg/Documentos/Data_projects/Data-Warehouse-postgres-DBT-airflow-/.venv/lib/python3.11/site-packages/airflow/example_dags/example_dag_decorator.py took 0.157 seconds
[2025-05-31T21:27:30.768-0300] {processor.py:161} INFO - Started process (PID=41045) to work on /home/walterg/Documentos/Data_projects/Data-Warehouse-postgres-DBT-airflow-/.venv/lib/python3.11/site-packages/airflow/example_dags/example_dag_decorator.py
[2025-05-31T21:27:30.773-0300] {processor.py:830} INFO - Processing file /home/walterg/Documentos/Data_projects/Data-Warehouse-postgres-DBT-airflow-/.venv/lib/python3.11/site-packages/airflow/example_dags/example_dag_decorator.py for tasks to queue
[2025-05-31T21:27:30.774-0300] {logging_mixin.py:188} INFO - [2025-05-31T21:27:30.773-0300] {dagbag.py:538} INFO - Filling up the DagBag from /home/walterg/Documentos/Data_projects/Data-Warehouse-postgres-DBT-airflow-/.venv/lib/python3.11/site-packages/airflow/example_dags/example_dag_decorator.py
[2025-05-31T21:27:30.831-0300] {processor.py:840} INFO - DAG(s) 'example_dag_decorator' retrieved from /home/walterg/Documentos/Data_projects/Data-Warehouse-postgres-DBT-airflow-/.venv/lib/python3.11/site-packages/airflow/example_dags/example_dag_decorator.py
[2025-05-31T21:27:30.899-0300] {logging_mixin.py:188} INFO - [2025-05-31T21:27:30.898-0300] {dag.py:3036} INFO - Sync 1 DAGs
[2025-05-31T21:27:30.904-0300] {logging_mixin.py:188} INFO - [2025-05-31T21:27:30.904-0300] {dag.py:3823} INFO - Setting next_dagrun for example_dag_decorator to None, run_after=None
[2025-05-31T21:27:30.925-0300] {processor.py:183} INFO - Processing /home/walterg/Documentos/Data_projects/Data-Warehouse-postgres-DBT-airflow-/.venv/lib/python3.11/site-packages/airflow/example_dags/example_dag_decorator.py took 0.160 seconds
[2025-05-31T21:28:31.740-0300] {processor.py:161} INFO - Started process (PID=41403) to work on /home/walterg/Documentos/Data_projects/Data-Warehouse-postgres-DBT-airflow-/.venv/lib/python3.11/site-packages/airflow/example_dags/example_dag_decorator.py
[2025-05-31T21:28:31.745-0300] {processor.py:830} INFO - Processing file /home/walterg/Documentos/Data_projects/Data-Warehouse-postgres-DBT-airflow-/.venv/lib/python3.11/site-packages/airflow/example_dags/example_dag_decorator.py for tasks to queue
[2025-05-31T21:28:31.746-0300] {logging_mixin.py:188} INFO - [2025-05-31T21:28:31.746-0300] {dagbag.py:538} INFO - Filling up the DagBag from /home/walterg/Documentos/Data_projects/Data-Warehouse-postgres-DBT-airflow-/.venv/lib/python3.11/site-packages/airflow/example_dags/example_dag_decorator.py
[2025-05-31T21:28:31.803-0300] {processor.py:840} INFO - DAG(s) 'example_dag_decorator' retrieved from /home/walterg/Documentos/Data_projects/Data-Warehouse-postgres-DBT-airflow-/.venv/lib/python3.11/site-packages/airflow/example_dags/example_dag_decorator.py
[2025-05-31T21:28:31.867-0300] {logging_mixin.py:188} INFO - [2025-05-31T21:28:31.866-0300] {dag.py:3036} INFO - Sync 1 DAGs
[2025-05-31T21:28:31.872-0300] {logging_mixin.py:188} INFO - [2025-05-31T21:28:31.872-0300] {dag.py:3823} INFO - Setting next_dagrun for example_dag_decorator to None, run_after=None
[2025-05-31T21:28:31.893-0300] {processor.py:183} INFO - Processing /home/walterg/Documentos/Data_projects/Data-Warehouse-postgres-DBT-airflow-/.venv/lib/python3.11/site-packages/airflow/example_dags/example_dag_decorator.py took 0.156 seconds
[2025-05-31T21:29:32.711-0300] {processor.py:161} INFO - Started process (PID=41672) to work on /home/walterg/Documentos/Data_projects/Data-Warehouse-postgres-DBT-airflow-/.venv/lib/python3.11/site-packages/airflow/example_dags/example_dag_decorator.py
[2025-05-31T21:29:32.716-0300] {processor.py:830} INFO - Processing file /home/walterg/Documentos/Data_projects/Data-Warehouse-postgres-DBT-airflow-/.venv/lib/python3.11/site-packages/airflow/example_dags/example_dag_decorator.py for tasks to queue
[2025-05-31T21:29:32.716-0300] {logging_mixin.py:188} INFO - [2025-05-31T21:29:32.716-0300] {dagbag.py:538} INFO - Filling up the DagBag from /home/walterg/Documentos/Data_projects/Data-Warehouse-postgres-DBT-airflow-/.venv/lib/python3.11/site-packages/airflow/example_dags/example_dag_decorator.py
[2025-05-31T21:29:32.778-0300] {processor.py:840} INFO - DAG(s) 'example_dag_decorator' retrieved from /home/walterg/Documentos/Data_projects/Data-Warehouse-postgres-DBT-airflow-/.venv/lib/python3.11/site-packages/airflow/example_dags/example_dag_decorator.py
[2025-05-31T21:29:32.849-0300] {logging_mixin.py:188} INFO - [2025-05-31T21:29:32.849-0300] {dag.py:3036} INFO - Sync 1 DAGs
[2025-05-31T21:29:32.855-0300] {logging_mixin.py:188} INFO - [2025-05-31T21:29:32.855-0300] {dag.py:3823} INFO - Setting next_dagrun for example_dag_decorator to None, run_after=None
[2025-05-31T21:29:32.877-0300] {processor.py:183} INFO - Processing /home/walterg/Documentos/Data_projects/Data-Warehouse-postgres-DBT-airflow-/.venv/lib/python3.11/site-packages/airflow/example_dags/example_dag_decorator.py took 0.169 seconds
[2025-05-31T21:30:31.161-0300] {processor.py:161} INFO - Started process (PID=41874) to work on /home/walterg/Documentos/Data_projects/Data-Warehouse-postgres-DBT-airflow-/.venv/lib/python3.11/site-packages/airflow/example_dags/example_dag_decorator.py
[2025-05-31T21:30:31.162-0300] {processor.py:830} INFO - Processing file /home/walterg/Documentos/Data_projects/Data-Warehouse-postgres-DBT-airflow-/.venv/lib/python3.11/site-packages/airflow/example_dags/example_dag_decorator.py for tasks to queue
[2025-05-31T21:30:31.163-0300] {logging_mixin.py:188} INFO - [2025-05-31T21:30:31.162-0300] {dagbag.py:538} INFO - Filling up the DagBag from /home/walterg/Documentos/Data_projects/Data-Warehouse-postgres-DBT-airflow-/.venv/lib/python3.11/site-packages/airflow/example_dags/example_dag_decorator.py
[2025-05-31T21:30:31.220-0300] {processor.py:840} INFO - DAG(s) 'example_dag_decorator' retrieved from /home/walterg/Documentos/Data_projects/Data-Warehouse-postgres-DBT-airflow-/.venv/lib/python3.11/site-packages/airflow/example_dags/example_dag_decorator.py
[2025-05-31T21:30:31.288-0300] {logging_mixin.py:188} INFO - [2025-05-31T21:30:31.288-0300] {dag.py:3036} INFO - Sync 1 DAGs
[2025-05-31T21:30:31.294-0300] {logging_mixin.py:188} INFO - [2025-05-31T21:30:31.294-0300] {dag.py:3823} INFO - Setting next_dagrun for example_dag_decorator to None, run_after=None
[2025-05-31T21:30:31.315-0300] {processor.py:183} INFO - Processing /home/walterg/Documentos/Data_projects/Data-Warehouse-postgres-DBT-airflow-/.venv/lib/python3.11/site-packages/airflow/example_dags/example_dag_decorator.py took 0.157 seconds
[2025-05-31T21:31:31.042-0300] {processor.py:161} INFO - Started process (PID=42150) to work on /home/walterg/Documentos/Data_projects/Data-Warehouse-postgres-DBT-airflow-/.venv/lib/python3.11/site-packages/airflow/example_dags/example_dag_decorator.py
[2025-05-31T21:31:31.047-0300] {processor.py:830} INFO - Processing file /home/walterg/Documentos/Data_projects/Data-Warehouse-postgres-DBT-airflow-/.venv/lib/python3.11/site-packages/airflow/example_dags/example_dag_decorator.py for tasks to queue
[2025-05-31T21:31:31.049-0300] {logging_mixin.py:188} INFO - [2025-05-31T21:31:31.048-0300] {dagbag.py:538} INFO - Filling up the DagBag from /home/walterg/Documentos/Data_projects/Data-Warehouse-postgres-DBT-airflow-/.venv/lib/python3.11/site-packages/airflow/example_dags/example_dag_decorator.py
[2025-05-31T21:31:31.108-0300] {processor.py:840} INFO - DAG(s) 'example_dag_decorator' retrieved from /home/walterg/Documentos/Data_projects/Data-Warehouse-postgres-DBT-airflow-/.venv/lib/python3.11/site-packages/airflow/example_dags/example_dag_decorator.py
[2025-05-31T21:31:31.178-0300] {logging_mixin.py:188} INFO - [2025-05-31T21:31:31.178-0300] {dag.py:3036} INFO - Sync 1 DAGs
[2025-05-31T21:31:31.184-0300] {logging_mixin.py:188} INFO - [2025-05-31T21:31:31.184-0300] {dag.py:3823} INFO - Setting next_dagrun for example_dag_decorator to None, run_after=None
[2025-05-31T21:31:31.207-0300] {processor.py:183} INFO - Processing /home/walterg/Documentos/Data_projects/Data-Warehouse-postgres-DBT-airflow-/.venv/lib/python3.11/site-packages/airflow/example_dags/example_dag_decorator.py took 0.168 seconds
[2025-05-31T21:32:30.697-0300] {processor.py:161} INFO - Started process (PID=42458) to work on /home/walterg/Documentos/Data_projects/Data-Warehouse-postgres-DBT-airflow-/.venv/lib/python3.11/site-packages/airflow/example_dags/example_dag_decorator.py
[2025-05-31T21:32:30.702-0300] {processor.py:830} INFO - Processing file /home/walterg/Documentos/Data_projects/Data-Warehouse-postgres-DBT-airflow-/.venv/lib/python3.11/site-packages/airflow/example_dags/example_dag_decorator.py for tasks to queue
[2025-05-31T21:32:30.703-0300] {logging_mixin.py:188} INFO - [2025-05-31T21:32:30.703-0300] {dagbag.py:538} INFO - Filling up the DagBag from /home/walterg/Documentos/Data_projects/Data-Warehouse-postgres-DBT-airflow-/.venv/lib/python3.11/site-packages/airflow/example_dags/example_dag_decorator.py
[2025-05-31T21:32:30.760-0300] {processor.py:840} INFO - DAG(s) 'example_dag_decorator' retrieved from /home/walterg/Documentos/Data_projects/Data-Warehouse-postgres-DBT-airflow-/.venv/lib/python3.11/site-packages/airflow/example_dags/example_dag_decorator.py
[2025-05-31T21:32:30.823-0300] {logging_mixin.py:188} INFO - [2025-05-31T21:32:30.823-0300] {dag.py:3036} INFO - Sync 1 DAGs
[2025-05-31T21:32:30.829-0300] {logging_mixin.py:188} INFO - [2025-05-31T21:32:30.829-0300] {dag.py:3823} INFO - Setting next_dagrun for example_dag_decorator to None, run_after=None
[2025-05-31T21:32:30.850-0300] {processor.py:183} INFO - Processing /home/walterg/Documentos/Data_projects/Data-Warehouse-postgres-DBT-airflow-/.venv/lib/python3.11/site-packages/airflow/example_dags/example_dag_decorator.py took 0.156 seconds
[2025-05-31T21:33:37.174-0300] {processor.py:161} INFO - Started process (PID=42894) to work on /home/walterg/Documentos/Data_projects/Data-Warehouse-postgres-DBT-airflow-/.venv/lib/python3.11/site-packages/airflow/example_dags/example_dag_decorator.py
[2025-05-31T21:33:37.180-0300] {processor.py:830} INFO - Processing file /home/walterg/Documentos/Data_projects/Data-Warehouse-postgres-DBT-airflow-/.venv/lib/python3.11/site-packages/airflow/example_dags/example_dag_decorator.py for tasks to queue
[2025-05-31T21:33:37.181-0300] {logging_mixin.py:188} INFO - [2025-05-31T21:33:37.180-0300] {dagbag.py:538} INFO - Filling up the DagBag from /home/walterg/Documentos/Data_projects/Data-Warehouse-postgres-DBT-airflow-/.venv/lib/python3.11/site-packages/airflow/example_dags/example_dag_decorator.py
[2025-05-31T21:33:37.237-0300] {processor.py:840} INFO - DAG(s) 'example_dag_decorator' retrieved from /home/walterg/Documentos/Data_projects/Data-Warehouse-postgres-DBT-airflow-/.venv/lib/python3.11/site-packages/airflow/example_dags/example_dag_decorator.py
[2025-05-31T21:33:37.302-0300] {logging_mixin.py:188} INFO - [2025-05-31T21:33:37.301-0300] {dag.py:3036} INFO - Sync 1 DAGs
[2025-05-31T21:33:37.307-0300] {logging_mixin.py:188} INFO - [2025-05-31T21:33:37.307-0300] {dag.py:3823} INFO - Setting next_dagrun for example_dag_decorator to None, run_after=None
[2025-05-31T21:33:37.328-0300] {processor.py:183} INFO - Processing /home/walterg/Documentos/Data_projects/Data-Warehouse-postgres-DBT-airflow-/.venv/lib/python3.11/site-packages/airflow/example_dags/example_dag_decorator.py took 0.156 seconds
[2025-05-31T21:34:30.975-0300] {processor.py:161} INFO - Started process (PID=43010) to work on /home/walterg/Documentos/Data_projects/Data-Warehouse-postgres-DBT-airflow-/.venv/lib/python3.11/site-packages/airflow/example_dags/example_dag_decorator.py
[2025-05-31T21:34:30.976-0300] {processor.py:830} INFO - Processing file /home/walterg/Documentos/Data_projects/Data-Warehouse-postgres-DBT-airflow-/.venv/lib/python3.11/site-packages/airflow/example_dags/example_dag_decorator.py for tasks to queue
[2025-05-31T21:34:30.976-0300] {logging_mixin.py:188} INFO - [2025-05-31T21:34:30.976-0300] {dagbag.py:538} INFO - Filling up the DagBag from /home/walterg/Documentos/Data_projects/Data-Warehouse-postgres-DBT-airflow-/.venv/lib/python3.11/site-packages/airflow/example_dags/example_dag_decorator.py
[2025-05-31T21:34:31.034-0300] {processor.py:840} INFO - DAG(s) 'example_dag_decorator' retrieved from /home/walterg/Documentos/Data_projects/Data-Warehouse-postgres-DBT-airflow-/.venv/lib/python3.11/site-packages/airflow/example_dags/example_dag_decorator.py
[2025-05-31T21:34:31.100-0300] {logging_mixin.py:188} INFO - [2025-05-31T21:34:31.100-0300] {dag.py:3036} INFO - Sync 1 DAGs
[2025-05-31T21:34:31.107-0300] {logging_mixin.py:188} INFO - [2025-05-31T21:34:31.107-0300] {dag.py:3823} INFO - Setting next_dagrun for example_dag_decorator to None, run_after=None
[2025-05-31T21:34:31.124-0300] {processor.py:183} INFO - Processing /home/walterg/Documentos/Data_projects/Data-Warehouse-postgres-DBT-airflow-/.venv/lib/python3.11/site-packages/airflow/example_dags/example_dag_decorator.py took 0.151 seconds
