[2025-05-31T21:00:39.113-0300] {processor.py:161} INFO - Started process (PID=32689) to work on /home/walterg/Documentos/Data_projects/Data-Warehouse-postgres-DBT-airflow-/.venv/lib/python3.11/site-packages/airflow/example_dags/example_external_task_marker_dag.py
[2025-05-31T21:00:39.113-0300] {processor.py:830} INFO - Processing file /home/walterg/Documentos/Data_projects/Data-Warehouse-postgres-DBT-airflow-/.venv/lib/python3.11/site-packages/airflow/example_dags/example_external_task_marker_dag.py for tasks to queue
[2025-05-31T21:00:39.114-0300] {logging_mixin.py:188} INFO - [2025-05-31T21:00:39.114-0300] {dagbag.py:538} INFO - Filling up the DagBag from /home/walterg/Documentos/Data_projects/Data-Warehouse-postgres-DBT-airflow-/.venv/lib/python3.11/site-packages/airflow/example_dags/example_external_task_marker_dag.py
[2025-05-31T21:00:39.119-0300] {processor.py:840} INFO - DAG(s) 'example_external_task_marker_child', 'example_external_task_marker_parent' retrieved from /home/walterg/Documentos/Data_projects/Data-Warehouse-postgres-DBT-airflow-/.venv/lib/python3.11/site-packages/airflow/example_dags/example_external_task_marker_dag.py
[2025-05-31T21:00:39.134-0300] {logging_mixin.py:188} INFO - [2025-05-31T21:00:39.133-0300] {dag.py:3036} INFO - Sync 2 DAGs
[2025-05-31T21:00:39.142-0300] {logging_mixin.py:188} INFO - [2025-05-31T21:00:39.141-0300] {dag.py:3823} INFO - Setting next_dagrun for example_external_task_marker_child to None, run_after=None
[2025-05-31T21:00:39.144-0300] {logging_mixin.py:188} INFO - [2025-05-31T21:00:39.144-0300] {dag.py:3823} INFO - Setting next_dagrun for example_external_task_marker_parent to None, run_after=None
[2025-05-31T21:00:39.164-0300] {processor.py:183} INFO - Processing /home/walterg/Documentos/Data_projects/Data-Warehouse-postgres-DBT-airflow-/.venv/lib/python3.11/site-packages/airflow/example_dags/example_external_task_marker_dag.py took 0.054 seconds
[2025-05-31T21:01:40.969-0300] {processor.py:161} INFO - Started process (PID=33052) to work on /home/walterg/Documentos/Data_projects/Data-Warehouse-postgres-DBT-airflow-/.venv/lib/python3.11/site-packages/airflow/example_dags/example_external_task_marker_dag.py
[2025-05-31T21:01:40.974-0300] {processor.py:830} INFO - Processing file /home/walterg/Documentos/Data_projects/Data-Warehouse-postgres-DBT-airflow-/.venv/lib/python3.11/site-packages/airflow/example_dags/example_external_task_marker_dag.py for tasks to queue
[2025-05-31T21:01:40.974-0300] {logging_mixin.py:188} INFO - [2025-05-31T21:01:40.974-0300] {dagbag.py:538} INFO - Filling up the DagBag from /home/walterg/Documentos/Data_projects/Data-Warehouse-postgres-DBT-airflow-/.venv/lib/python3.11/site-packages/airflow/example_dags/example_external_task_marker_dag.py
[2025-05-31T21:01:40.979-0300] {processor.py:840} INFO - DAG(s) 'example_external_task_marker_child', 'example_external_task_marker_parent' retrieved from /home/walterg/Documentos/Data_projects/Data-Warehouse-postgres-DBT-airflow-/.venv/lib/python3.11/site-packages/airflow/example_dags/example_external_task_marker_dag.py
[2025-05-31T21:01:40.993-0300] {logging_mixin.py:188} INFO - [2025-05-31T21:01:40.993-0300] {dag.py:3036} INFO - Sync 2 DAGs
[2025-05-31T21:01:41.001-0300] {logging_mixin.py:188} INFO - [2025-05-31T21:01:41.001-0300] {dag.py:3823} INFO - Setting next_dagrun for example_external_task_marker_child to None, run_after=None
[2025-05-31T21:01:41.003-0300] {logging_mixin.py:188} INFO - [2025-05-31T21:01:41.003-0300] {dag.py:3823} INFO - Setting next_dagrun for example_external_task_marker_parent to None, run_after=None
[2025-05-31T21:01:41.018-0300] {processor.py:183} INFO - Processing /home/walterg/Documentos/Data_projects/Data-Warehouse-postgres-DBT-airflow-/.venv/lib/python3.11/site-packages/airflow/example_dags/example_external_task_marker_dag.py took 0.052 seconds
[2025-05-31T21:02:46.253-0300] {processor.py:161} INFO - Started process (PID=33385) to work on /home/walterg/Documentos/Data_projects/Data-Warehouse-postgres-DBT-airflow-/.venv/lib/python3.11/site-packages/airflow/example_dags/example_external_task_marker_dag.py
[2025-05-31T21:02:46.258-0300] {processor.py:830} INFO - Processing file /home/walterg/Documentos/Data_projects/Data-Warehouse-postgres-DBT-airflow-/.venv/lib/python3.11/site-packages/airflow/example_dags/example_external_task_marker_dag.py for tasks to queue
[2025-05-31T21:02:46.259-0300] {logging_mixin.py:188} INFO - [2025-05-31T21:02:46.259-0300] {dagbag.py:538} INFO - Filling up the DagBag from /home/walterg/Documentos/Data_projects/Data-Warehouse-postgres-DBT-airflow-/.venv/lib/python3.11/site-packages/airflow/example_dags/example_external_task_marker_dag.py
[2025-05-31T21:02:46.265-0300] {processor.py:840} INFO - DAG(s) 'example_external_task_marker_parent', 'example_external_task_marker_child' retrieved from /home/walterg/Documentos/Data_projects/Data-Warehouse-postgres-DBT-airflow-/.venv/lib/python3.11/site-packages/airflow/example_dags/example_external_task_marker_dag.py
[2025-05-31T21:02:46.279-0300] {logging_mixin.py:188} INFO - [2025-05-31T21:02:46.279-0300] {dag.py:3036} INFO - Sync 2 DAGs
[2025-05-31T21:02:46.287-0300] {logging_mixin.py:188} INFO - [2025-05-31T21:02:46.286-0300] {dag.py:3823} INFO - Setting next_dagrun for example_external_task_marker_child to None, run_after=None
[2025-05-31T21:02:46.289-0300] {logging_mixin.py:188} INFO - [2025-05-31T21:02:46.289-0300] {dag.py:3823} INFO - Setting next_dagrun for example_external_task_marker_parent to None, run_after=None
[2025-05-31T21:02:46.305-0300] {processor.py:183} INFO - Processing /home/walterg/Documentos/Data_projects/Data-Warehouse-postgres-DBT-airflow-/.venv/lib/python3.11/site-packages/airflow/example_dags/example_external_task_marker_dag.py took 0.055 seconds
[2025-05-31T21:03:34.700-0300] {processor.py:161} INFO - Started process (PID=33649) to work on /home/walterg/Documentos/Data_projects/Data-Warehouse-postgres-DBT-airflow-/.venv/lib/python3.11/site-packages/airflow/example_dags/example_external_task_marker_dag.py
[2025-05-31T21:03:34.705-0300] {processor.py:830} INFO - Processing file /home/walterg/Documentos/Data_projects/Data-Warehouse-postgres-DBT-airflow-/.venv/lib/python3.11/site-packages/airflow/example_dags/example_external_task_marker_dag.py for tasks to queue
[2025-05-31T21:03:34.707-0300] {logging_mixin.py:188} INFO - [2025-05-31T21:03:34.706-0300] {dagbag.py:538} INFO - Filling up the DagBag from /home/walterg/Documentos/Data_projects/Data-Warehouse-postgres-DBT-airflow-/.venv/lib/python3.11/site-packages/airflow/example_dags/example_external_task_marker_dag.py
[2025-05-31T21:03:34.712-0300] {processor.py:840} INFO - DAG(s) 'example_external_task_marker_child', 'example_external_task_marker_parent' retrieved from /home/walterg/Documentos/Data_projects/Data-Warehouse-postgres-DBT-airflow-/.venv/lib/python3.11/site-packages/airflow/example_dags/example_external_task_marker_dag.py
[2025-05-31T21:03:34.726-0300] {logging_mixin.py:188} INFO - [2025-05-31T21:03:34.726-0300] {dag.py:3036} INFO - Sync 2 DAGs
[2025-05-31T21:03:34.734-0300] {logging_mixin.py:188} INFO - [2025-05-31T21:03:34.734-0300] {dag.py:3823} INFO - Setting next_dagrun for example_external_task_marker_child to None, run_after=None
[2025-05-31T21:03:34.736-0300] {logging_mixin.py:188} INFO - [2025-05-31T21:03:34.736-0300] {dag.py:3823} INFO - Setting next_dagrun for example_external_task_marker_parent to None, run_after=None
[2025-05-31T21:03:34.752-0300] {processor.py:183} INFO - Processing /home/walterg/Documentos/Data_projects/Data-Warehouse-postgres-DBT-airflow-/.venv/lib/python3.11/site-packages/airflow/example_dags/example_external_task_marker_dag.py took 0.054 seconds
[2025-05-31T21:04:36.571-0300] {processor.py:161} INFO - Started process (PID=33912) to work on /home/walterg/Documentos/Data_projects/Data-Warehouse-postgres-DBT-airflow-/.venv/lib/python3.11/site-packages/airflow/example_dags/example_external_task_marker_dag.py
[2025-05-31T21:04:36.576-0300] {processor.py:830} INFO - Processing file /home/walterg/Documentos/Data_projects/Data-Warehouse-postgres-DBT-airflow-/.venv/lib/python3.11/site-packages/airflow/example_dags/example_external_task_marker_dag.py for tasks to queue
[2025-05-31T21:04:36.578-0300] {logging_mixin.py:188} INFO - [2025-05-31T21:04:36.577-0300] {dagbag.py:538} INFO - Filling up the DagBag from /home/walterg/Documentos/Data_projects/Data-Warehouse-postgres-DBT-airflow-/.venv/lib/python3.11/site-packages/airflow/example_dags/example_external_task_marker_dag.py
[2025-05-31T21:04:36.583-0300] {processor.py:840} INFO - DAG(s) 'example_external_task_marker_parent', 'example_external_task_marker_child' retrieved from /home/walterg/Documentos/Data_projects/Data-Warehouse-postgres-DBT-airflow-/.venv/lib/python3.11/site-packages/airflow/example_dags/example_external_task_marker_dag.py
[2025-05-31T21:04:36.598-0300] {logging_mixin.py:188} INFO - [2025-05-31T21:04:36.597-0300] {dag.py:3036} INFO - Sync 2 DAGs
[2025-05-31T21:04:36.605-0300] {logging_mixin.py:188} INFO - [2025-05-31T21:04:36.605-0300] {dag.py:3823} INFO - Setting next_dagrun for example_external_task_marker_child to None, run_after=None
[2025-05-31T21:04:36.608-0300] {logging_mixin.py:188} INFO - [2025-05-31T21:04:36.607-0300] {dag.py:3823} INFO - Setting next_dagrun for example_external_task_marker_parent to None, run_after=None
[2025-05-31T21:04:36.624-0300] {processor.py:183} INFO - Processing /home/walterg/Documentos/Data_projects/Data-Warehouse-postgres-DBT-airflow-/.venv/lib/python3.11/site-packages/airflow/example_dags/example_external_task_marker_dag.py took 0.055 seconds
[2025-05-31T21:05:41.405-0300] {processor.py:161} INFO - Started process (PID=34210) to work on /home/walterg/Documentos/Data_projects/Data-Warehouse-postgres-DBT-airflow-/.venv/lib/python3.11/site-packages/airflow/example_dags/example_external_task_marker_dag.py
[2025-05-31T21:05:41.410-0300] {processor.py:830} INFO - Processing file /home/walterg/Documentos/Data_projects/Data-Warehouse-postgres-DBT-airflow-/.venv/lib/python3.11/site-packages/airflow/example_dags/example_external_task_marker_dag.py for tasks to queue
[2025-05-31T21:05:41.411-0300] {logging_mixin.py:188} INFO - [2025-05-31T21:05:41.410-0300] {dagbag.py:538} INFO - Filling up the DagBag from /home/walterg/Documentos/Data_projects/Data-Warehouse-postgres-DBT-airflow-/.venv/lib/python3.11/site-packages/airflow/example_dags/example_external_task_marker_dag.py
[2025-05-31T21:05:41.415-0300] {processor.py:840} INFO - DAG(s) 'example_external_task_marker_child', 'example_external_task_marker_parent' retrieved from /home/walterg/Documentos/Data_projects/Data-Warehouse-postgres-DBT-airflow-/.venv/lib/python3.11/site-packages/airflow/example_dags/example_external_task_marker_dag.py
[2025-05-31T21:05:41.429-0300] {logging_mixin.py:188} INFO - [2025-05-31T21:05:41.429-0300] {dag.py:3036} INFO - Sync 2 DAGs
[2025-05-31T21:05:41.437-0300] {logging_mixin.py:188} INFO - [2025-05-31T21:05:41.437-0300] {dag.py:3823} INFO - Setting next_dagrun for example_external_task_marker_child to None, run_after=None
[2025-05-31T21:05:41.439-0300] {logging_mixin.py:188} INFO - [2025-05-31T21:05:41.439-0300] {dag.py:3823} INFO - Setting next_dagrun for example_external_task_marker_parent to None, run_after=None
[2025-05-31T21:05:41.454-0300] {processor.py:183} INFO - Processing /home/walterg/Documentos/Data_projects/Data-Warehouse-postgres-DBT-airflow-/.venv/lib/python3.11/site-packages/airflow/example_dags/example_external_task_marker_dag.py took 0.052 seconds
[2025-05-31T21:06:46.207-0300] {processor.py:161} INFO - Started process (PID=34582) to work on /home/walterg/Documentos/Data_projects/Data-Warehouse-postgres-DBT-airflow-/.venv/lib/python3.11/site-packages/airflow/example_dags/example_external_task_marker_dag.py
[2025-05-31T21:06:46.212-0300] {processor.py:830} INFO - Processing file /home/walterg/Documentos/Data_projects/Data-Warehouse-postgres-DBT-airflow-/.venv/lib/python3.11/site-packages/airflow/example_dags/example_external_task_marker_dag.py for tasks to queue
[2025-05-31T21:06:46.213-0300] {logging_mixin.py:188} INFO - [2025-05-31T21:06:46.212-0300] {dagbag.py:538} INFO - Filling up the DagBag from /home/walterg/Documentos/Data_projects/Data-Warehouse-postgres-DBT-airflow-/.venv/lib/python3.11/site-packages/airflow/example_dags/example_external_task_marker_dag.py
[2025-05-31T21:06:46.218-0300] {processor.py:840} INFO - DAG(s) 'example_external_task_marker_child', 'example_external_task_marker_parent' retrieved from /home/walterg/Documentos/Data_projects/Data-Warehouse-postgres-DBT-airflow-/.venv/lib/python3.11/site-packages/airflow/example_dags/example_external_task_marker_dag.py
[2025-05-31T21:06:46.233-0300] {logging_mixin.py:188} INFO - [2025-05-31T21:06:46.233-0300] {dag.py:3036} INFO - Sync 2 DAGs
[2025-05-31T21:06:46.242-0300] {logging_mixin.py:188} INFO - [2025-05-31T21:06:46.242-0300] {dag.py:3823} INFO - Setting next_dagrun for example_external_task_marker_child to None, run_after=None
[2025-05-31T21:06:46.245-0300] {logging_mixin.py:188} INFO - [2025-05-31T21:06:46.244-0300] {dag.py:3823} INFO - Setting next_dagrun for example_external_task_marker_parent to None, run_after=None
[2025-05-31T21:06:46.261-0300] {processor.py:183} INFO - Processing /home/walterg/Documentos/Data_projects/Data-Warehouse-postgres-DBT-airflow-/.venv/lib/python3.11/site-packages/airflow/example_dags/example_external_task_marker_dag.py took 0.056 seconds
[2025-05-31T21:07:47.840-0300] {processor.py:161} INFO - Started process (PID=34852) to work on /home/walterg/Documentos/Data_projects/Data-Warehouse-postgres-DBT-airflow-/.venv/lib/python3.11/site-packages/airflow/example_dags/example_external_task_marker_dag.py
[2025-05-31T21:07:47.845-0300] {processor.py:830} INFO - Processing file /home/walterg/Documentos/Data_projects/Data-Warehouse-postgres-DBT-airflow-/.venv/lib/python3.11/site-packages/airflow/example_dags/example_external_task_marker_dag.py for tasks to queue
[2025-05-31T21:07:47.846-0300] {logging_mixin.py:188} INFO - [2025-05-31T21:07:47.846-0300] {dagbag.py:538} INFO - Filling up the DagBag from /home/walterg/Documentos/Data_projects/Data-Warehouse-postgres-DBT-airflow-/.venv/lib/python3.11/site-packages/airflow/example_dags/example_external_task_marker_dag.py
[2025-05-31T21:07:47.851-0300] {processor.py:840} INFO - DAG(s) 'example_external_task_marker_parent', 'example_external_task_marker_child' retrieved from /home/walterg/Documentos/Data_projects/Data-Warehouse-postgres-DBT-airflow-/.venv/lib/python3.11/site-packages/airflow/example_dags/example_external_task_marker_dag.py
[2025-05-31T21:07:47.865-0300] {logging_mixin.py:188} INFO - [2025-05-31T21:07:47.865-0300] {dag.py:3036} INFO - Sync 2 DAGs
[2025-05-31T21:07:47.873-0300] {logging_mixin.py:188} INFO - [2025-05-31T21:07:47.873-0300] {dag.py:3823} INFO - Setting next_dagrun for example_external_task_marker_child to None, run_after=None
[2025-05-31T21:07:47.876-0300] {logging_mixin.py:188} INFO - [2025-05-31T21:07:47.875-0300] {dag.py:3823} INFO - Setting next_dagrun for example_external_task_marker_parent to None, run_after=None
[2025-05-31T21:07:47.891-0300] {processor.py:183} INFO - Processing /home/walterg/Documentos/Data_projects/Data-Warehouse-postgres-DBT-airflow-/.venv/lib/python3.11/site-packages/airflow/example_dags/example_external_task_marker_dag.py took 0.054 seconds
[2025-05-31T21:08:35.885-0300] {processor.py:161} INFO - Started process (PID=35155) to work on /home/walterg/Documentos/Data_projects/Data-Warehouse-postgres-DBT-airflow-/.venv/lib/python3.11/site-packages/airflow/example_dags/example_external_task_marker_dag.py
[2025-05-31T21:08:35.890-0300] {processor.py:830} INFO - Processing file /home/walterg/Documentos/Data_projects/Data-Warehouse-postgres-DBT-airflow-/.venv/lib/python3.11/site-packages/airflow/example_dags/example_external_task_marker_dag.py for tasks to queue
[2025-05-31T21:08:35.891-0300] {logging_mixin.py:188} INFO - [2025-05-31T21:08:35.890-0300] {dagbag.py:538} INFO - Filling up the DagBag from /home/walterg/Documentos/Data_projects/Data-Warehouse-postgres-DBT-airflow-/.venv/lib/python3.11/site-packages/airflow/example_dags/example_external_task_marker_dag.py
[2025-05-31T21:08:35.898-0300] {processor.py:840} INFO - DAG(s) 'example_external_task_marker_parent', 'example_external_task_marker_child' retrieved from /home/walterg/Documentos/Data_projects/Data-Warehouse-postgres-DBT-airflow-/.venv/lib/python3.11/site-packages/airflow/example_dags/example_external_task_marker_dag.py
[2025-05-31T21:08:35.916-0300] {logging_mixin.py:188} INFO - [2025-05-31T21:08:35.916-0300] {dag.py:3036} INFO - Sync 2 DAGs
[2025-05-31T21:08:35.924-0300] {logging_mixin.py:188} INFO - [2025-05-31T21:08:35.924-0300] {dag.py:3823} INFO - Setting next_dagrun for example_external_task_marker_child to None, run_after=None
[2025-05-31T21:08:35.926-0300] {logging_mixin.py:188} INFO - [2025-05-31T21:08:35.926-0300] {dag.py:3823} INFO - Setting next_dagrun for example_external_task_marker_parent to None, run_after=None
[2025-05-31T21:08:35.941-0300] {processor.py:183} INFO - Processing /home/walterg/Documentos/Data_projects/Data-Warehouse-postgres-DBT-airflow-/.venv/lib/python3.11/site-packages/airflow/example_dags/example_external_task_marker_dag.py took 0.059 seconds
[2025-05-31T21:09:31.915-0300] {processor.py:161} INFO - Started process (PID=35442) to work on /home/walterg/Documentos/Data_projects/Data-Warehouse-postgres-DBT-airflow-/.venv/lib/python3.11/site-packages/airflow/example_dags/example_external_task_marker_dag.py
[2025-05-31T21:09:31.920-0300] {processor.py:830} INFO - Processing file /home/walterg/Documentos/Data_projects/Data-Warehouse-postgres-DBT-airflow-/.venv/lib/python3.11/site-packages/airflow/example_dags/example_external_task_marker_dag.py for tasks to queue
[2025-05-31T21:09:31.922-0300] {logging_mixin.py:188} INFO - [2025-05-31T21:09:31.921-0300] {dagbag.py:538} INFO - Filling up the DagBag from /home/walterg/Documentos/Data_projects/Data-Warehouse-postgres-DBT-airflow-/.venv/lib/python3.11/site-packages/airflow/example_dags/example_external_task_marker_dag.py
[2025-05-31T21:09:31.928-0300] {processor.py:840} INFO - DAG(s) 'example_external_task_marker_child', 'example_external_task_marker_parent' retrieved from /home/walterg/Documentos/Data_projects/Data-Warehouse-postgres-DBT-airflow-/.venv/lib/python3.11/site-packages/airflow/example_dags/example_external_task_marker_dag.py
[2025-05-31T21:09:31.943-0300] {logging_mixin.py:188} INFO - [2025-05-31T21:09:31.943-0300] {dag.py:3036} INFO - Sync 2 DAGs
[2025-05-31T21:09:31.952-0300] {logging_mixin.py:188} INFO - [2025-05-31T21:09:31.951-0300] {dag.py:3823} INFO - Setting next_dagrun for example_external_task_marker_child to None, run_after=None
[2025-05-31T21:09:31.954-0300] {logging_mixin.py:188} INFO - [2025-05-31T21:09:31.954-0300] {dag.py:3823} INFO - Setting next_dagrun for example_external_task_marker_parent to None, run_after=None
[2025-05-31T21:09:31.977-0300] {processor.py:183} INFO - Processing /home/walterg/Documentos/Data_projects/Data-Warehouse-postgres-DBT-airflow-/.venv/lib/python3.11/site-packages/airflow/example_dags/example_external_task_marker_dag.py took 0.065 seconds
[2025-05-31T21:10:38.601-0300] {processor.py:161} INFO - Started process (PID=35786) to work on /home/walterg/Documentos/Data_projects/Data-Warehouse-postgres-DBT-airflow-/.venv/lib/python3.11/site-packages/airflow/example_dags/example_external_task_marker_dag.py
[2025-05-31T21:10:38.606-0300] {processor.py:830} INFO - Processing file /home/walterg/Documentos/Data_projects/Data-Warehouse-postgres-DBT-airflow-/.venv/lib/python3.11/site-packages/airflow/example_dags/example_external_task_marker_dag.py for tasks to queue
[2025-05-31T21:10:38.607-0300] {logging_mixin.py:188} INFO - [2025-05-31T21:10:38.607-0300] {dagbag.py:538} INFO - Filling up the DagBag from /home/walterg/Documentos/Data_projects/Data-Warehouse-postgres-DBT-airflow-/.venv/lib/python3.11/site-packages/airflow/example_dags/example_external_task_marker_dag.py
[2025-05-31T21:10:38.612-0300] {processor.py:840} INFO - DAG(s) 'example_external_task_marker_child', 'example_external_task_marker_parent' retrieved from /home/walterg/Documentos/Data_projects/Data-Warehouse-postgres-DBT-airflow-/.venv/lib/python3.11/site-packages/airflow/example_dags/example_external_task_marker_dag.py
[2025-05-31T21:10:38.626-0300] {logging_mixin.py:188} INFO - [2025-05-31T21:10:38.626-0300] {dag.py:3036} INFO - Sync 2 DAGs
[2025-05-31T21:10:38.634-0300] {logging_mixin.py:188} INFO - [2025-05-31T21:10:38.634-0300] {dag.py:3823} INFO - Setting next_dagrun for example_external_task_marker_child to None, run_after=None
[2025-05-31T21:10:38.636-0300] {logging_mixin.py:188} INFO - [2025-05-31T21:10:38.636-0300] {dag.py:3823} INFO - Setting next_dagrun for example_external_task_marker_parent to None, run_after=None
[2025-05-31T21:10:38.650-0300] {processor.py:183} INFO - Processing /home/walterg/Documentos/Data_projects/Data-Warehouse-postgres-DBT-airflow-/.venv/lib/python3.11/site-packages/airflow/example_dags/example_external_task_marker_dag.py took 0.052 seconds
[2025-05-31T21:11:41.985-0300] {processor.py:161} INFO - Started process (PID=36110) to work on /home/walterg/Documentos/Data_projects/Data-Warehouse-postgres-DBT-airflow-/.venv/lib/python3.11/site-packages/airflow/example_dags/example_external_task_marker_dag.py
[2025-05-31T21:11:41.990-0300] {processor.py:830} INFO - Processing file /home/walterg/Documentos/Data_projects/Data-Warehouse-postgres-DBT-airflow-/.venv/lib/python3.11/site-packages/airflow/example_dags/example_external_task_marker_dag.py for tasks to queue
[2025-05-31T21:11:41.991-0300] {logging_mixin.py:188} INFO - [2025-05-31T21:11:41.991-0300] {dagbag.py:538} INFO - Filling up the DagBag from /home/walterg/Documentos/Data_projects/Data-Warehouse-postgres-DBT-airflow-/.venv/lib/python3.11/site-packages/airflow/example_dags/example_external_task_marker_dag.py
[2025-05-31T21:11:41.996-0300] {processor.py:840} INFO - DAG(s) 'example_external_task_marker_parent', 'example_external_task_marker_child' retrieved from /home/walterg/Documentos/Data_projects/Data-Warehouse-postgres-DBT-airflow-/.venv/lib/python3.11/site-packages/airflow/example_dags/example_external_task_marker_dag.py
[2025-05-31T21:11:42.010-0300] {logging_mixin.py:188} INFO - [2025-05-31T21:11:42.010-0300] {dag.py:3036} INFO - Sync 2 DAGs
[2025-05-31T21:11:42.018-0300] {logging_mixin.py:188} INFO - [2025-05-31T21:11:42.018-0300] {dag.py:3823} INFO - Setting next_dagrun for example_external_task_marker_child to None, run_after=None
[2025-05-31T21:11:42.021-0300] {logging_mixin.py:188} INFO - [2025-05-31T21:11:42.020-0300] {dag.py:3823} INFO - Setting next_dagrun for example_external_task_marker_parent to None, run_after=None
[2025-05-31T21:11:42.036-0300] {processor.py:183} INFO - Processing /home/walterg/Documentos/Data_projects/Data-Warehouse-postgres-DBT-airflow-/.venv/lib/python3.11/site-packages/airflow/example_dags/example_external_task_marker_dag.py took 0.054 seconds
[2025-05-31T21:12:30.390-0300] {processor.py:161} INFO - Started process (PID=36326) to work on /home/walterg/Documentos/Data_projects/Data-Warehouse-postgres-DBT-airflow-/.venv/lib/python3.11/site-packages/airflow/example_dags/example_external_task_marker_dag.py
[2025-05-31T21:12:30.395-0300] {processor.py:830} INFO - Processing file /home/walterg/Documentos/Data_projects/Data-Warehouse-postgres-DBT-airflow-/.venv/lib/python3.11/site-packages/airflow/example_dags/example_external_task_marker_dag.py for tasks to queue
[2025-05-31T21:12:30.396-0300] {logging_mixin.py:188} INFO - [2025-05-31T21:12:30.396-0300] {dagbag.py:538} INFO - Filling up the DagBag from /home/walterg/Documentos/Data_projects/Data-Warehouse-postgres-DBT-airflow-/.venv/lib/python3.11/site-packages/airflow/example_dags/example_external_task_marker_dag.py
[2025-05-31T21:12:30.401-0300] {processor.py:840} INFO - DAG(s) 'example_external_task_marker_parent', 'example_external_task_marker_child' retrieved from /home/walterg/Documentos/Data_projects/Data-Warehouse-postgres-DBT-airflow-/.venv/lib/python3.11/site-packages/airflow/example_dags/example_external_task_marker_dag.py
[2025-05-31T21:12:30.415-0300] {logging_mixin.py:188} INFO - [2025-05-31T21:12:30.415-0300] {dag.py:3036} INFO - Sync 2 DAGs
[2025-05-31T21:12:30.423-0300] {logging_mixin.py:188} INFO - [2025-05-31T21:12:30.423-0300] {dag.py:3823} INFO - Setting next_dagrun for example_external_task_marker_child to None, run_after=None
[2025-05-31T21:12:30.425-0300] {logging_mixin.py:188} INFO - [2025-05-31T21:12:30.425-0300] {dag.py:3823} INFO - Setting next_dagrun for example_external_task_marker_parent to None, run_after=None
[2025-05-31T21:12:30.441-0300] {processor.py:183} INFO - Processing /home/walterg/Documentos/Data_projects/Data-Warehouse-postgres-DBT-airflow-/.venv/lib/python3.11/site-packages/airflow/example_dags/example_external_task_marker_dag.py took 0.054 seconds
[2025-05-31T21:13:31.213-0300] {processor.py:161} INFO - Started process (PID=36556) to work on /home/walterg/Documentos/Data_projects/Data-Warehouse-postgres-DBT-airflow-/.venv/lib/python3.11/site-packages/airflow/example_dags/example_external_task_marker_dag.py
[2025-05-31T21:13:31.219-0300] {processor.py:830} INFO - Processing file /home/walterg/Documentos/Data_projects/Data-Warehouse-postgres-DBT-airflow-/.venv/lib/python3.11/site-packages/airflow/example_dags/example_external_task_marker_dag.py for tasks to queue
[2025-05-31T21:13:31.220-0300] {logging_mixin.py:188} INFO - [2025-05-31T21:13:31.220-0300] {dagbag.py:538} INFO - Filling up the DagBag from /home/walterg/Documentos/Data_projects/Data-Warehouse-postgres-DBT-airflow-/.venv/lib/python3.11/site-packages/airflow/example_dags/example_external_task_marker_dag.py
[2025-05-31T21:13:31.225-0300] {processor.py:840} INFO - DAG(s) 'example_external_task_marker_child', 'example_external_task_marker_parent' retrieved from /home/walterg/Documentos/Data_projects/Data-Warehouse-postgres-DBT-airflow-/.venv/lib/python3.11/site-packages/airflow/example_dags/example_external_task_marker_dag.py
[2025-05-31T21:13:31.239-0300] {logging_mixin.py:188} INFO - [2025-05-31T21:13:31.239-0300] {dag.py:3036} INFO - Sync 2 DAGs
[2025-05-31T21:13:31.247-0300] {logging_mixin.py:188} INFO - [2025-05-31T21:13:31.247-0300] {dag.py:3823} INFO - Setting next_dagrun for example_external_task_marker_child to None, run_after=None
[2025-05-31T21:13:31.249-0300] {logging_mixin.py:188} INFO - [2025-05-31T21:13:31.249-0300] {dag.py:3823} INFO - Setting next_dagrun for example_external_task_marker_parent to None, run_after=None
[2025-05-31T21:13:31.265-0300] {processor.py:183} INFO - Processing /home/walterg/Documentos/Data_projects/Data-Warehouse-postgres-DBT-airflow-/.venv/lib/python3.11/site-packages/airflow/example_dags/example_external_task_marker_dag.py took 0.055 seconds
[2025-05-31T21:14:37.126-0300] {processor.py:161} INFO - Started process (PID=36891) to work on /home/walterg/Documentos/Data_projects/Data-Warehouse-postgres-DBT-airflow-/.venv/lib/python3.11/site-packages/airflow/example_dags/example_external_task_marker_dag.py
[2025-05-31T21:14:37.132-0300] {processor.py:830} INFO - Processing file /home/walterg/Documentos/Data_projects/Data-Warehouse-postgres-DBT-airflow-/.venv/lib/python3.11/site-packages/airflow/example_dags/example_external_task_marker_dag.py for tasks to queue
[2025-05-31T21:14:37.133-0300] {logging_mixin.py:188} INFO - [2025-05-31T21:14:37.133-0300] {dagbag.py:538} INFO - Filling up the DagBag from /home/walterg/Documentos/Data_projects/Data-Warehouse-postgres-DBT-airflow-/.venv/lib/python3.11/site-packages/airflow/example_dags/example_external_task_marker_dag.py
[2025-05-31T21:14:37.138-0300] {processor.py:840} INFO - DAG(s) 'example_external_task_marker_child', 'example_external_task_marker_parent' retrieved from /home/walterg/Documentos/Data_projects/Data-Warehouse-postgres-DBT-airflow-/.venv/lib/python3.11/site-packages/airflow/example_dags/example_external_task_marker_dag.py
[2025-05-31T21:14:37.154-0300] {logging_mixin.py:188} INFO - [2025-05-31T21:14:37.153-0300] {dag.py:3036} INFO - Sync 2 DAGs
[2025-05-31T21:14:37.162-0300] {logging_mixin.py:188} INFO - [2025-05-31T21:14:37.162-0300] {dag.py:3823} INFO - Setting next_dagrun for example_external_task_marker_child to None, run_after=None
[2025-05-31T21:14:37.165-0300] {logging_mixin.py:188} INFO - [2025-05-31T21:14:37.164-0300] {dag.py:3823} INFO - Setting next_dagrun for example_external_task_marker_parent to None, run_after=None
[2025-05-31T21:14:37.182-0300] {processor.py:183} INFO - Processing /home/walterg/Documentos/Data_projects/Data-Warehouse-postgres-DBT-airflow-/.venv/lib/python3.11/site-packages/airflow/example_dags/example_external_task_marker_dag.py took 0.059 seconds
[2025-05-31T21:15:37.309-0300] {processor.py:161} INFO - Started process (PID=37277) to work on /home/walterg/Documentos/Data_projects/Data-Warehouse-postgres-DBT-airflow-/.venv/lib/python3.11/site-packages/airflow/example_dags/example_external_task_marker_dag.py
[2025-05-31T21:15:37.310-0300] {processor.py:830} INFO - Processing file /home/walterg/Documentos/Data_projects/Data-Warehouse-postgres-DBT-airflow-/.venv/lib/python3.11/site-packages/airflow/example_dags/example_external_task_marker_dag.py for tasks to queue
[2025-05-31T21:15:37.311-0300] {logging_mixin.py:188} INFO - [2025-05-31T21:15:37.311-0300] {dagbag.py:538} INFO - Filling up the DagBag from /home/walterg/Documentos/Data_projects/Data-Warehouse-postgres-DBT-airflow-/.venv/lib/python3.11/site-packages/airflow/example_dags/example_external_task_marker_dag.py
[2025-05-31T21:15:37.317-0300] {processor.py:840} INFO - DAG(s) 'example_external_task_marker_parent', 'example_external_task_marker_child' retrieved from /home/walterg/Documentos/Data_projects/Data-Warehouse-postgres-DBT-airflow-/.venv/lib/python3.11/site-packages/airflow/example_dags/example_external_task_marker_dag.py
[2025-05-31T21:15:37.335-0300] {logging_mixin.py:188} INFO - [2025-05-31T21:15:37.335-0300] {dag.py:3036} INFO - Sync 2 DAGs
[2025-05-31T21:15:37.345-0300] {logging_mixin.py:188} INFO - [2025-05-31T21:15:37.345-0300] {dag.py:3823} INFO - Setting next_dagrun for example_external_task_marker_child to None, run_after=None
[2025-05-31T21:15:37.348-0300] {logging_mixin.py:188} INFO - [2025-05-31T21:15:37.347-0300] {dag.py:3823} INFO - Setting next_dagrun for example_external_task_marker_parent to None, run_after=None
[2025-05-31T21:15:37.365-0300] {processor.py:183} INFO - Processing /home/walterg/Documentos/Data_projects/Data-Warehouse-postgres-DBT-airflow-/.venv/lib/python3.11/site-packages/airflow/example_dags/example_external_task_marker_dag.py took 0.058 seconds
[2025-05-31T21:16:37.534-0300] {processor.py:161} INFO - Started process (PID=37650) to work on /home/walterg/Documentos/Data_projects/Data-Warehouse-postgres-DBT-airflow-/.venv/lib/python3.11/site-packages/airflow/example_dags/example_external_task_marker_dag.py
[2025-05-31T21:16:37.539-0300] {processor.py:830} INFO - Processing file /home/walterg/Documentos/Data_projects/Data-Warehouse-postgres-DBT-airflow-/.venv/lib/python3.11/site-packages/airflow/example_dags/example_external_task_marker_dag.py for tasks to queue
[2025-05-31T21:16:37.541-0300] {logging_mixin.py:188} INFO - [2025-05-31T21:16:37.540-0300] {dagbag.py:538} INFO - Filling up the DagBag from /home/walterg/Documentos/Data_projects/Data-Warehouse-postgres-DBT-airflow-/.venv/lib/python3.11/site-packages/airflow/example_dags/example_external_task_marker_dag.py
[2025-05-31T21:16:37.546-0300] {processor.py:840} INFO - DAG(s) 'example_external_task_marker_child', 'example_external_task_marker_parent' retrieved from /home/walterg/Documentos/Data_projects/Data-Warehouse-postgres-DBT-airflow-/.venv/lib/python3.11/site-packages/airflow/example_dags/example_external_task_marker_dag.py
[2025-05-31T21:16:37.560-0300] {logging_mixin.py:188} INFO - [2025-05-31T21:16:37.560-0300] {dag.py:3036} INFO - Sync 2 DAGs
[2025-05-31T21:16:37.568-0300] {logging_mixin.py:188} INFO - [2025-05-31T21:16:37.568-0300] {dag.py:3823} INFO - Setting next_dagrun for example_external_task_marker_child to None, run_after=None
[2025-05-31T21:16:37.570-0300] {logging_mixin.py:188} INFO - [2025-05-31T21:16:37.570-0300] {dag.py:3823} INFO - Setting next_dagrun for example_external_task_marker_parent to None, run_after=None
[2025-05-31T21:16:37.585-0300] {processor.py:183} INFO - Processing /home/walterg/Documentos/Data_projects/Data-Warehouse-postgres-DBT-airflow-/.venv/lib/python3.11/site-packages/airflow/example_dags/example_external_task_marker_dag.py took 0.053 seconds
[2025-05-31T21:17:42.338-0300] {processor.py:161} INFO - Started process (PID=37894) to work on /home/walterg/Documentos/Data_projects/Data-Warehouse-postgres-DBT-airflow-/.venv/lib/python3.11/site-packages/airflow/example_dags/example_external_task_marker_dag.py
[2025-05-31T21:17:42.343-0300] {processor.py:830} INFO - Processing file /home/walterg/Documentos/Data_projects/Data-Warehouse-postgres-DBT-airflow-/.venv/lib/python3.11/site-packages/airflow/example_dags/example_external_task_marker_dag.py for tasks to queue
[2025-05-31T21:17:42.343-0300] {logging_mixin.py:188} INFO - [2025-05-31T21:17:42.343-0300] {dagbag.py:538} INFO - Filling up the DagBag from /home/walterg/Documentos/Data_projects/Data-Warehouse-postgres-DBT-airflow-/.venv/lib/python3.11/site-packages/airflow/example_dags/example_external_task_marker_dag.py
[2025-05-31T21:17:42.349-0300] {processor.py:840} INFO - DAG(s) 'example_external_task_marker_parent', 'example_external_task_marker_child' retrieved from /home/walterg/Documentos/Data_projects/Data-Warehouse-postgres-DBT-airflow-/.venv/lib/python3.11/site-packages/airflow/example_dags/example_external_task_marker_dag.py
[2025-05-31T21:17:42.364-0300] {logging_mixin.py:188} INFO - [2025-05-31T21:17:42.364-0300] {dag.py:3036} INFO - Sync 2 DAGs
[2025-05-31T21:17:42.372-0300] {logging_mixin.py:188} INFO - [2025-05-31T21:17:42.372-0300] {dag.py:3823} INFO - Setting next_dagrun for example_external_task_marker_child to None, run_after=None
[2025-05-31T21:17:42.375-0300] {logging_mixin.py:188} INFO - [2025-05-31T21:17:42.374-0300] {dag.py:3823} INFO - Setting next_dagrun for example_external_task_marker_parent to None, run_after=None
[2025-05-31T21:17:42.390-0300] {processor.py:183} INFO - Processing /home/walterg/Documentos/Data_projects/Data-Warehouse-postgres-DBT-airflow-/.venv/lib/python3.11/site-packages/airflow/example_dags/example_external_task_marker_dag.py took 0.055 seconds
[2025-05-31T21:18:29.811-0300] {processor.py:161} INFO - Started process (PID=38111) to work on /home/walterg/Documentos/Data_projects/Data-Warehouse-postgres-DBT-airflow-/.venv/lib/python3.11/site-packages/airflow/example_dags/example_external_task_marker_dag.py
[2025-05-31T21:18:29.816-0300] {processor.py:830} INFO - Processing file /home/walterg/Documentos/Data_projects/Data-Warehouse-postgres-DBT-airflow-/.venv/lib/python3.11/site-packages/airflow/example_dags/example_external_task_marker_dag.py for tasks to queue
[2025-05-31T21:18:29.817-0300] {logging_mixin.py:188} INFO - [2025-05-31T21:18:29.817-0300] {dagbag.py:538} INFO - Filling up the DagBag from /home/walterg/Documentos/Data_projects/Data-Warehouse-postgres-DBT-airflow-/.venv/lib/python3.11/site-packages/airflow/example_dags/example_external_task_marker_dag.py
[2025-05-31T21:18:29.822-0300] {processor.py:840} INFO - DAG(s) 'example_external_task_marker_parent', 'example_external_task_marker_child' retrieved from /home/walterg/Documentos/Data_projects/Data-Warehouse-postgres-DBT-airflow-/.venv/lib/python3.11/site-packages/airflow/example_dags/example_external_task_marker_dag.py
[2025-05-31T21:18:29.836-0300] {logging_mixin.py:188} INFO - [2025-05-31T21:18:29.836-0300] {dag.py:3036} INFO - Sync 2 DAGs
[2025-05-31T21:18:29.844-0300] {logging_mixin.py:188} INFO - [2025-05-31T21:18:29.844-0300] {dag.py:3823} INFO - Setting next_dagrun for example_external_task_marker_child to None, run_after=None
[2025-05-31T21:18:29.846-0300] {logging_mixin.py:188} INFO - [2025-05-31T21:18:29.846-0300] {dag.py:3823} INFO - Setting next_dagrun for example_external_task_marker_parent to None, run_after=None
[2025-05-31T21:18:29.959-0300] {processor.py:183} INFO - Processing /home/walterg/Documentos/Data_projects/Data-Warehouse-postgres-DBT-airflow-/.venv/lib/python3.11/site-packages/airflow/example_dags/example_external_task_marker_dag.py took 0.150 seconds
[2025-05-31T21:19:32.249-0300] {processor.py:161} INFO - Started process (PID=38377) to work on /home/walterg/Documentos/Data_projects/Data-Warehouse-postgres-DBT-airflow-/.venv/lib/python3.11/site-packages/airflow/example_dags/example_external_task_marker_dag.py
[2025-05-31T21:19:32.250-0300] {processor.py:830} INFO - Processing file /home/walterg/Documentos/Data_projects/Data-Warehouse-postgres-DBT-airflow-/.venv/lib/python3.11/site-packages/airflow/example_dags/example_external_task_marker_dag.py for tasks to queue
[2025-05-31T21:19:32.251-0300] {logging_mixin.py:188} INFO - [2025-05-31T21:19:32.250-0300] {dagbag.py:538} INFO - Filling up the DagBag from /home/walterg/Documentos/Data_projects/Data-Warehouse-postgres-DBT-airflow-/.venv/lib/python3.11/site-packages/airflow/example_dags/example_external_task_marker_dag.py
[2025-05-31T21:19:32.256-0300] {processor.py:840} INFO - DAG(s) 'example_external_task_marker_parent', 'example_external_task_marker_child' retrieved from /home/walterg/Documentos/Data_projects/Data-Warehouse-postgres-DBT-airflow-/.venv/lib/python3.11/site-packages/airflow/example_dags/example_external_task_marker_dag.py
[2025-05-31T21:19:32.272-0300] {logging_mixin.py:188} INFO - [2025-05-31T21:19:32.272-0300] {dag.py:3036} INFO - Sync 2 DAGs
[2025-05-31T21:19:32.281-0300] {logging_mixin.py:188} INFO - [2025-05-31T21:19:32.281-0300] {dag.py:3823} INFO - Setting next_dagrun for example_external_task_marker_child to None, run_after=None
[2025-05-31T21:19:32.283-0300] {logging_mixin.py:188} INFO - [2025-05-31T21:19:32.283-0300] {dag.py:3823} INFO - Setting next_dagrun for example_external_task_marker_parent to None, run_after=None
[2025-05-31T21:19:32.300-0300] {processor.py:183} INFO - Processing /home/walterg/Documentos/Data_projects/Data-Warehouse-postgres-DBT-airflow-/.venv/lib/python3.11/site-packages/airflow/example_dags/example_external_task_marker_dag.py took 0.054 seconds
[2025-05-31T21:20:35.763-0300] {processor.py:161} INFO - Started process (PID=38622) to work on /home/walterg/Documentos/Data_projects/Data-Warehouse-postgres-DBT-airflow-/.venv/lib/python3.11/site-packages/airflow/example_dags/example_external_task_marker_dag.py
[2025-05-31T21:20:35.768-0300] {processor.py:830} INFO - Processing file /home/walterg/Documentos/Data_projects/Data-Warehouse-postgres-DBT-airflow-/.venv/lib/python3.11/site-packages/airflow/example_dags/example_external_task_marker_dag.py for tasks to queue
[2025-05-31T21:20:35.769-0300] {logging_mixin.py:188} INFO - [2025-05-31T21:20:35.769-0300] {dagbag.py:538} INFO - Filling up the DagBag from /home/walterg/Documentos/Data_projects/Data-Warehouse-postgres-DBT-airflow-/.venv/lib/python3.11/site-packages/airflow/example_dags/example_external_task_marker_dag.py
[2025-05-31T21:20:35.775-0300] {processor.py:840} INFO - DAG(s) 'example_external_task_marker_child', 'example_external_task_marker_parent' retrieved from /home/walterg/Documentos/Data_projects/Data-Warehouse-postgres-DBT-airflow-/.venv/lib/python3.11/site-packages/airflow/example_dags/example_external_task_marker_dag.py
[2025-05-31T21:20:35.789-0300] {logging_mixin.py:188} INFO - [2025-05-31T21:20:35.789-0300] {dag.py:3036} INFO - Sync 2 DAGs
[2025-05-31T21:20:35.796-0300] {logging_mixin.py:188} INFO - [2025-05-31T21:20:35.796-0300] {dag.py:3823} INFO - Setting next_dagrun for example_external_task_marker_child to None, run_after=None
[2025-05-31T21:20:35.799-0300] {logging_mixin.py:188} INFO - [2025-05-31T21:20:35.798-0300] {dag.py:3823} INFO - Setting next_dagrun for example_external_task_marker_parent to None, run_after=None
[2025-05-31T21:20:35.815-0300] {processor.py:183} INFO - Processing /home/walterg/Documentos/Data_projects/Data-Warehouse-postgres-DBT-airflow-/.venv/lib/python3.11/site-packages/airflow/example_dags/example_external_task_marker_dag.py took 0.055 seconds
[2025-05-31T21:21:36.885-0300] {processor.py:161} INFO - Started process (PID=38906) to work on /home/walterg/Documentos/Data_projects/Data-Warehouse-postgres-DBT-airflow-/.venv/lib/python3.11/site-packages/airflow/example_dags/example_external_task_marker_dag.py
[2025-05-31T21:21:36.890-0300] {processor.py:830} INFO - Processing file /home/walterg/Documentos/Data_projects/Data-Warehouse-postgres-DBT-airflow-/.venv/lib/python3.11/site-packages/airflow/example_dags/example_external_task_marker_dag.py for tasks to queue
[2025-05-31T21:21:36.892-0300] {logging_mixin.py:188} INFO - [2025-05-31T21:21:36.891-0300] {dagbag.py:538} INFO - Filling up the DagBag from /home/walterg/Documentos/Data_projects/Data-Warehouse-postgres-DBT-airflow-/.venv/lib/python3.11/site-packages/airflow/example_dags/example_external_task_marker_dag.py
[2025-05-31T21:21:36.898-0300] {processor.py:840} INFO - DAG(s) 'example_external_task_marker_parent', 'example_external_task_marker_child' retrieved from /home/walterg/Documentos/Data_projects/Data-Warehouse-postgres-DBT-airflow-/.venv/lib/python3.11/site-packages/airflow/example_dags/example_external_task_marker_dag.py
[2025-05-31T21:21:36.914-0300] {logging_mixin.py:188} INFO - [2025-05-31T21:21:36.914-0300] {dag.py:3036} INFO - Sync 2 DAGs
[2025-05-31T21:21:36.922-0300] {logging_mixin.py:188} INFO - [2025-05-31T21:21:36.921-0300] {dag.py:3823} INFO - Setting next_dagrun for example_external_task_marker_child to None, run_after=None
[2025-05-31T21:21:36.924-0300] {logging_mixin.py:188} INFO - [2025-05-31T21:21:36.924-0300] {dag.py:3823} INFO - Setting next_dagrun for example_external_task_marker_parent to None, run_after=None
[2025-05-31T21:21:36.941-0300] {processor.py:183} INFO - Processing /home/walterg/Documentos/Data_projects/Data-Warehouse-postgres-DBT-airflow-/.venv/lib/python3.11/site-packages/airflow/example_dags/example_external_task_marker_dag.py took 0.058 seconds
[2025-05-31T21:22:40.224-0300] {processor.py:161} INFO - Started process (PID=39302) to work on /home/walterg/Documentos/Data_projects/Data-Warehouse-postgres-DBT-airflow-/.venv/lib/python3.11/site-packages/airflow/example_dags/example_external_task_marker_dag.py
[2025-05-31T21:22:40.229-0300] {processor.py:830} INFO - Processing file /home/walterg/Documentos/Data_projects/Data-Warehouse-postgres-DBT-airflow-/.venv/lib/python3.11/site-packages/airflow/example_dags/example_external_task_marker_dag.py for tasks to queue
[2025-05-31T21:22:40.231-0300] {logging_mixin.py:188} INFO - [2025-05-31T21:22:40.230-0300] {dagbag.py:538} INFO - Filling up the DagBag from /home/walterg/Documentos/Data_projects/Data-Warehouse-postgres-DBT-airflow-/.venv/lib/python3.11/site-packages/airflow/example_dags/example_external_task_marker_dag.py
[2025-05-31T21:22:40.236-0300] {processor.py:840} INFO - DAG(s) 'example_external_task_marker_parent', 'example_external_task_marker_child' retrieved from /home/walterg/Documentos/Data_projects/Data-Warehouse-postgres-DBT-airflow-/.venv/lib/python3.11/site-packages/airflow/example_dags/example_external_task_marker_dag.py
[2025-05-31T21:22:40.250-0300] {logging_mixin.py:188} INFO - [2025-05-31T21:22:40.250-0300] {dag.py:3036} INFO - Sync 2 DAGs
[2025-05-31T21:22:40.258-0300] {logging_mixin.py:188} INFO - [2025-05-31T21:22:40.258-0300] {dag.py:3823} INFO - Setting next_dagrun for example_external_task_marker_child to None, run_after=None
[2025-05-31T21:22:40.260-0300] {logging_mixin.py:188} INFO - [2025-05-31T21:22:40.260-0300] {dag.py:3823} INFO - Setting next_dagrun for example_external_task_marker_parent to None, run_after=None
[2025-05-31T21:22:40.372-0300] {processor.py:183} INFO - Processing /home/walterg/Documentos/Data_projects/Data-Warehouse-postgres-DBT-airflow-/.venv/lib/python3.11/site-packages/airflow/example_dags/example_external_task_marker_dag.py took 0.150 seconds
[2025-05-31T21:23:45.519-0300] {processor.py:161} INFO - Started process (PID=39596) to work on /home/walterg/Documentos/Data_projects/Data-Warehouse-postgres-DBT-airflow-/.venv/lib/python3.11/site-packages/airflow/example_dags/example_external_task_marker_dag.py
[2025-05-31T21:23:45.525-0300] {processor.py:830} INFO - Processing file /home/walterg/Documentos/Data_projects/Data-Warehouse-postgres-DBT-airflow-/.venv/lib/python3.11/site-packages/airflow/example_dags/example_external_task_marker_dag.py for tasks to queue
[2025-05-31T21:23:45.526-0300] {logging_mixin.py:188} INFO - [2025-05-31T21:23:45.526-0300] {dagbag.py:538} INFO - Filling up the DagBag from /home/walterg/Documentos/Data_projects/Data-Warehouse-postgres-DBT-airflow-/.venv/lib/python3.11/site-packages/airflow/example_dags/example_external_task_marker_dag.py
[2025-05-31T21:23:45.531-0300] {processor.py:840} INFO - DAG(s) 'example_external_task_marker_parent', 'example_external_task_marker_child' retrieved from /home/walterg/Documentos/Data_projects/Data-Warehouse-postgres-DBT-airflow-/.venv/lib/python3.11/site-packages/airflow/example_dags/example_external_task_marker_dag.py
[2025-05-31T21:23:45.545-0300] {logging_mixin.py:188} INFO - [2025-05-31T21:23:45.545-0300] {dag.py:3036} INFO - Sync 2 DAGs
[2025-05-31T21:23:45.553-0300] {logging_mixin.py:188} INFO - [2025-05-31T21:23:45.553-0300] {dag.py:3823} INFO - Setting next_dagrun for example_external_task_marker_child to None, run_after=None
[2025-05-31T21:23:45.555-0300] {logging_mixin.py:188} INFO - [2025-05-31T21:23:45.555-0300] {dag.py:3823} INFO - Setting next_dagrun for example_external_task_marker_parent to None, run_after=None
[2025-05-31T21:23:45.570-0300] {processor.py:183} INFO - Processing /home/walterg/Documentos/Data_projects/Data-Warehouse-postgres-DBT-airflow-/.venv/lib/python3.11/site-packages/airflow/example_dags/example_external_task_marker_dag.py took 0.053 seconds
[2025-05-31T21:24:38.331-0300] {processor.py:161} INFO - Started process (PID=39784) to work on /home/walterg/Documentos/Data_projects/Data-Warehouse-postgres-DBT-airflow-/.venv/lib/python3.11/site-packages/airflow/example_dags/example_external_task_marker_dag.py
[2025-05-31T21:24:38.336-0300] {processor.py:830} INFO - Processing file /home/walterg/Documentos/Data_projects/Data-Warehouse-postgres-DBT-airflow-/.venv/lib/python3.11/site-packages/airflow/example_dags/example_external_task_marker_dag.py for tasks to queue
[2025-05-31T21:24:38.337-0300] {logging_mixin.py:188} INFO - [2025-05-31T21:24:38.337-0300] {dagbag.py:538} INFO - Filling up the DagBag from /home/walterg/Documentos/Data_projects/Data-Warehouse-postgres-DBT-airflow-/.venv/lib/python3.11/site-packages/airflow/example_dags/example_external_task_marker_dag.py
[2025-05-31T21:24:38.463-0300] {processor.py:840} INFO - DAG(s) 'example_external_task_marker_child', 'example_external_task_marker_parent' retrieved from /home/walterg/Documentos/Data_projects/Data-Warehouse-postgres-DBT-airflow-/.venv/lib/python3.11/site-packages/airflow/example_dags/example_external_task_marker_dag.py
[2025-05-31T21:24:38.473-0300] {logging_mixin.py:188} INFO - [2025-05-31T21:24:38.473-0300] {dag.py:3036} INFO - Sync 2 DAGs
[2025-05-31T21:24:38.480-0300] {logging_mixin.py:188} INFO - [2025-05-31T21:24:38.480-0300] {dag.py:3823} INFO - Setting next_dagrun for example_external_task_marker_child to None, run_after=None
[2025-05-31T21:24:38.483-0300] {logging_mixin.py:188} INFO - [2025-05-31T21:24:38.483-0300] {dag.py:3823} INFO - Setting next_dagrun for example_external_task_marker_parent to None, run_after=None
[2025-05-31T21:24:38.502-0300] {processor.py:183} INFO - Processing /home/walterg/Documentos/Data_projects/Data-Warehouse-postgres-DBT-airflow-/.venv/lib/python3.11/site-packages/airflow/example_dags/example_external_task_marker_dag.py took 0.174 seconds
[2025-05-31T21:25:27.565-0300] {processor.py:161} INFO - Started process (PID=40101) to work on /home/walterg/Documentos/Data_projects/Data-Warehouse-postgres-DBT-airflow-/.venv/lib/python3.11/site-packages/airflow/example_dags/example_external_task_marker_dag.py
[2025-05-31T21:25:27.570-0300] {processor.py:830} INFO - Processing file /home/walterg/Documentos/Data_projects/Data-Warehouse-postgres-DBT-airflow-/.venv/lib/python3.11/site-packages/airflow/example_dags/example_external_task_marker_dag.py for tasks to queue
[2025-05-31T21:25:27.571-0300] {logging_mixin.py:188} INFO - [2025-05-31T21:25:27.571-0300] {dagbag.py:538} INFO - Filling up the DagBag from /home/walterg/Documentos/Data_projects/Data-Warehouse-postgres-DBT-airflow-/.venv/lib/python3.11/site-packages/airflow/example_dags/example_external_task_marker_dag.py
[2025-05-31T21:25:27.576-0300] {processor.py:840} INFO - DAG(s) 'example_external_task_marker_child', 'example_external_task_marker_parent' retrieved from /home/walterg/Documentos/Data_projects/Data-Warehouse-postgres-DBT-airflow-/.venv/lib/python3.11/site-packages/airflow/example_dags/example_external_task_marker_dag.py
[2025-05-31T21:25:27.590-0300] {logging_mixin.py:188} INFO - [2025-05-31T21:25:27.590-0300] {dag.py:3036} INFO - Sync 2 DAGs
[2025-05-31T21:25:27.598-0300] {logging_mixin.py:188} INFO - [2025-05-31T21:25:27.598-0300] {dag.py:3823} INFO - Setting next_dagrun for example_external_task_marker_child to None, run_after=None
[2025-05-31T21:25:27.600-0300] {logging_mixin.py:188} INFO - [2025-05-31T21:25:27.600-0300] {dag.py:3823} INFO - Setting next_dagrun for example_external_task_marker_parent to None, run_after=None
[2025-05-31T21:25:27.615-0300] {processor.py:183} INFO - Processing /home/walterg/Documentos/Data_projects/Data-Warehouse-postgres-DBT-airflow-/.venv/lib/python3.11/site-packages/airflow/example_dags/example_external_task_marker_dag.py took 0.052 seconds
[2025-05-31T21:26:25.140-0300] {processor.py:161} INFO - Started process (PID=40553) to work on /home/walterg/Documentos/Data_projects/Data-Warehouse-postgres-DBT-airflow-/.venv/lib/python3.11/site-packages/airflow/example_dags/example_external_task_marker_dag.py
[2025-05-31T21:26:25.145-0300] {processor.py:830} INFO - Processing file /home/walterg/Documentos/Data_projects/Data-Warehouse-postgres-DBT-airflow-/.venv/lib/python3.11/site-packages/airflow/example_dags/example_external_task_marker_dag.py for tasks to queue
[2025-05-31T21:26:25.146-0300] {logging_mixin.py:188} INFO - [2025-05-31T21:26:25.145-0300] {dagbag.py:538} INFO - Filling up the DagBag from /home/walterg/Documentos/Data_projects/Data-Warehouse-postgres-DBT-airflow-/.venv/lib/python3.11/site-packages/airflow/example_dags/example_external_task_marker_dag.py
[2025-05-31T21:26:25.151-0300] {processor.py:840} INFO - DAG(s) 'example_external_task_marker_child', 'example_external_task_marker_parent' retrieved from /home/walterg/Documentos/Data_projects/Data-Warehouse-postgres-DBT-airflow-/.venv/lib/python3.11/site-packages/airflow/example_dags/example_external_task_marker_dag.py
[2025-05-31T21:26:25.164-0300] {logging_mixin.py:188} INFO - [2025-05-31T21:26:25.164-0300] {dag.py:3036} INFO - Sync 2 DAGs
[2025-05-31T21:26:25.172-0300] {logging_mixin.py:188} INFO - [2025-05-31T21:26:25.172-0300] {dag.py:3823} INFO - Setting next_dagrun for example_external_task_marker_child to None, run_after=None
[2025-05-31T21:26:25.174-0300] {logging_mixin.py:188} INFO - [2025-05-31T21:26:25.174-0300] {dag.py:3823} INFO - Setting next_dagrun for example_external_task_marker_parent to None, run_after=None
[2025-05-31T21:26:25.190-0300] {processor.py:183} INFO - Processing /home/walterg/Documentos/Data_projects/Data-Warehouse-postgres-DBT-airflow-/.venv/lib/python3.11/site-packages/airflow/example_dags/example_external_task_marker_dag.py took 0.053 seconds
[2025-05-31T21:27:29.036-0300] {processor.py:161} INFO - Started process (PID=41022) to work on /home/walterg/Documentos/Data_projects/Data-Warehouse-postgres-DBT-airflow-/.venv/lib/python3.11/site-packages/airflow/example_dags/example_external_task_marker_dag.py
[2025-05-31T21:27:29.041-0300] {processor.py:830} INFO - Processing file /home/walterg/Documentos/Data_projects/Data-Warehouse-postgres-DBT-airflow-/.venv/lib/python3.11/site-packages/airflow/example_dags/example_external_task_marker_dag.py for tasks to queue
[2025-05-31T21:27:29.042-0300] {logging_mixin.py:188} INFO - [2025-05-31T21:27:29.042-0300] {dagbag.py:538} INFO - Filling up the DagBag from /home/walterg/Documentos/Data_projects/Data-Warehouse-postgres-DBT-airflow-/.venv/lib/python3.11/site-packages/airflow/example_dags/example_external_task_marker_dag.py
[2025-05-31T21:27:29.047-0300] {processor.py:840} INFO - DAG(s) 'example_external_task_marker_parent', 'example_external_task_marker_child' retrieved from /home/walterg/Documentos/Data_projects/Data-Warehouse-postgres-DBT-airflow-/.venv/lib/python3.11/site-packages/airflow/example_dags/example_external_task_marker_dag.py
[2025-05-31T21:27:29.062-0300] {logging_mixin.py:188} INFO - [2025-05-31T21:27:29.062-0300] {dag.py:3036} INFO - Sync 2 DAGs
[2025-05-31T21:27:29.069-0300] {logging_mixin.py:188} INFO - [2025-05-31T21:27:29.069-0300] {dag.py:3823} INFO - Setting next_dagrun for example_external_task_marker_child to None, run_after=None
[2025-05-31T21:27:29.071-0300] {logging_mixin.py:188} INFO - [2025-05-31T21:27:29.071-0300] {dag.py:3823} INFO - Setting next_dagrun for example_external_task_marker_parent to None, run_after=None
[2025-05-31T21:27:29.088-0300] {processor.py:183} INFO - Processing /home/walterg/Documentos/Data_projects/Data-Warehouse-postgres-DBT-airflow-/.venv/lib/python3.11/site-packages/airflow/example_dags/example_external_task_marker_dag.py took 0.055 seconds
[2025-05-31T21:28:29.831-0300] {processor.py:161} INFO - Started process (PID=41401) to work on /home/walterg/Documentos/Data_projects/Data-Warehouse-postgres-DBT-airflow-/.venv/lib/python3.11/site-packages/airflow/example_dags/example_external_task_marker_dag.py
[2025-05-31T21:28:29.833-0300] {processor.py:830} INFO - Processing file /home/walterg/Documentos/Data_projects/Data-Warehouse-postgres-DBT-airflow-/.venv/lib/python3.11/site-packages/airflow/example_dags/example_external_task_marker_dag.py for tasks to queue
[2025-05-31T21:28:29.834-0300] {logging_mixin.py:188} INFO - [2025-05-31T21:28:29.833-0300] {dagbag.py:538} INFO - Filling up the DagBag from /home/walterg/Documentos/Data_projects/Data-Warehouse-postgres-DBT-airflow-/.venv/lib/python3.11/site-packages/airflow/example_dags/example_external_task_marker_dag.py
[2025-05-31T21:28:29.839-0300] {processor.py:840} INFO - DAG(s) 'example_external_task_marker_child', 'example_external_task_marker_parent' retrieved from /home/walterg/Documentos/Data_projects/Data-Warehouse-postgres-DBT-airflow-/.venv/lib/python3.11/site-packages/airflow/example_dags/example_external_task_marker_dag.py
[2025-05-31T21:28:29.854-0300] {logging_mixin.py:188} INFO - [2025-05-31T21:28:29.854-0300] {dag.py:3036} INFO - Sync 2 DAGs
[2025-05-31T21:28:29.862-0300] {logging_mixin.py:188} INFO - [2025-05-31T21:28:29.862-0300] {dag.py:3823} INFO - Setting next_dagrun for example_external_task_marker_child to None, run_after=None
[2025-05-31T21:28:29.864-0300] {logging_mixin.py:188} INFO - [2025-05-31T21:28:29.864-0300] {dag.py:3823} INFO - Setting next_dagrun for example_external_task_marker_parent to None, run_after=None
[2025-05-31T21:28:29.880-0300] {processor.py:183} INFO - Processing /home/walterg/Documentos/Data_projects/Data-Warehouse-postgres-DBT-airflow-/.venv/lib/python3.11/site-packages/airflow/example_dags/example_external_task_marker_dag.py took 0.051 seconds
[2025-05-31T21:29:30.590-0300] {processor.py:161} INFO - Started process (PID=41670) to work on /home/walterg/Documentos/Data_projects/Data-Warehouse-postgres-DBT-airflow-/.venv/lib/python3.11/site-packages/airflow/example_dags/example_external_task_marker_dag.py
[2025-05-31T21:29:30.595-0300] {processor.py:830} INFO - Processing file /home/walterg/Documentos/Data_projects/Data-Warehouse-postgres-DBT-airflow-/.venv/lib/python3.11/site-packages/airflow/example_dags/example_external_task_marker_dag.py for tasks to queue
[2025-05-31T21:29:30.597-0300] {logging_mixin.py:188} INFO - [2025-05-31T21:29:30.596-0300] {dagbag.py:538} INFO - Filling up the DagBag from /home/walterg/Documentos/Data_projects/Data-Warehouse-postgres-DBT-airflow-/.venv/lib/python3.11/site-packages/airflow/example_dags/example_external_task_marker_dag.py
[2025-05-31T21:29:30.602-0300] {processor.py:840} INFO - DAG(s) 'example_external_task_marker_parent', 'example_external_task_marker_child' retrieved from /home/walterg/Documentos/Data_projects/Data-Warehouse-postgres-DBT-airflow-/.venv/lib/python3.11/site-packages/airflow/example_dags/example_external_task_marker_dag.py
[2025-05-31T21:29:30.616-0300] {logging_mixin.py:188} INFO - [2025-05-31T21:29:30.615-0300] {dag.py:3036} INFO - Sync 2 DAGs
[2025-05-31T21:29:30.624-0300] {logging_mixin.py:188} INFO - [2025-05-31T21:29:30.623-0300] {dag.py:3823} INFO - Setting next_dagrun for example_external_task_marker_child to None, run_after=None
[2025-05-31T21:29:30.626-0300] {logging_mixin.py:188} INFO - [2025-05-31T21:29:30.626-0300] {dag.py:3823} INFO - Setting next_dagrun for example_external_task_marker_parent to None, run_after=None
[2025-05-31T21:29:30.640-0300] {processor.py:183} INFO - Processing /home/walterg/Documentos/Data_projects/Data-Warehouse-postgres-DBT-airflow-/.venv/lib/python3.11/site-packages/airflow/example_dags/example_external_task_marker_dag.py took 0.052 seconds
[2025-05-31T21:30:29.141-0300] {processor.py:161} INFO - Started process (PID=41872) to work on /home/walterg/Documentos/Data_projects/Data-Warehouse-postgres-DBT-airflow-/.venv/lib/python3.11/site-packages/airflow/example_dags/example_external_task_marker_dag.py
[2025-05-31T21:30:29.146-0300] {processor.py:830} INFO - Processing file /home/walterg/Documentos/Data_projects/Data-Warehouse-postgres-DBT-airflow-/.venv/lib/python3.11/site-packages/airflow/example_dags/example_external_task_marker_dag.py for tasks to queue
[2025-05-31T21:30:29.147-0300] {logging_mixin.py:188} INFO - [2025-05-31T21:30:29.147-0300] {dagbag.py:538} INFO - Filling up the DagBag from /home/walterg/Documentos/Data_projects/Data-Warehouse-postgres-DBT-airflow-/.venv/lib/python3.11/site-packages/airflow/example_dags/example_external_task_marker_dag.py
[2025-05-31T21:30:29.152-0300] {processor.py:840} INFO - DAG(s) 'example_external_task_marker_child', 'example_external_task_marker_parent' retrieved from /home/walterg/Documentos/Data_projects/Data-Warehouse-postgres-DBT-airflow-/.venv/lib/python3.11/site-packages/airflow/example_dags/example_external_task_marker_dag.py
[2025-05-31T21:30:29.166-0300] {logging_mixin.py:188} INFO - [2025-05-31T21:30:29.165-0300] {dag.py:3036} INFO - Sync 2 DAGs
[2025-05-31T21:30:29.173-0300] {logging_mixin.py:188} INFO - [2025-05-31T21:30:29.173-0300] {dag.py:3823} INFO - Setting next_dagrun for example_external_task_marker_child to None, run_after=None
[2025-05-31T21:30:29.175-0300] {logging_mixin.py:188} INFO - [2025-05-31T21:30:29.175-0300] {dag.py:3823} INFO - Setting next_dagrun for example_external_task_marker_parent to None, run_after=None
[2025-05-31T21:30:29.190-0300] {processor.py:183} INFO - Processing /home/walterg/Documentos/Data_projects/Data-Warehouse-postgres-DBT-airflow-/.venv/lib/python3.11/site-packages/airflow/example_dags/example_external_task_marker_dag.py took 0.052 seconds
[2025-05-31T21:31:28.771-0300] {processor.py:161} INFO - Started process (PID=42144) to work on /home/walterg/Documentos/Data_projects/Data-Warehouse-postgres-DBT-airflow-/.venv/lib/python3.11/site-packages/airflow/example_dags/example_external_task_marker_dag.py
[2025-05-31T21:31:28.776-0300] {processor.py:830} INFO - Processing file /home/walterg/Documentos/Data_projects/Data-Warehouse-postgres-DBT-airflow-/.venv/lib/python3.11/site-packages/airflow/example_dags/example_external_task_marker_dag.py for tasks to queue
[2025-05-31T21:31:28.777-0300] {logging_mixin.py:188} INFO - [2025-05-31T21:31:28.777-0300] {dagbag.py:538} INFO - Filling up the DagBag from /home/walterg/Documentos/Data_projects/Data-Warehouse-postgres-DBT-airflow-/.venv/lib/python3.11/site-packages/airflow/example_dags/example_external_task_marker_dag.py
[2025-05-31T21:31:28.782-0300] {processor.py:840} INFO - DAG(s) 'example_external_task_marker_child', 'example_external_task_marker_parent' retrieved from /home/walterg/Documentos/Data_projects/Data-Warehouse-postgres-DBT-airflow-/.venv/lib/python3.11/site-packages/airflow/example_dags/example_external_task_marker_dag.py
[2025-05-31T21:31:28.797-0300] {logging_mixin.py:188} INFO - [2025-05-31T21:31:28.797-0300] {dag.py:3036} INFO - Sync 2 DAGs
[2025-05-31T21:31:28.806-0300] {logging_mixin.py:188} INFO - [2025-05-31T21:31:28.806-0300] {dag.py:3823} INFO - Setting next_dagrun for example_external_task_marker_child to None, run_after=None
[2025-05-31T21:31:28.809-0300] {logging_mixin.py:188} INFO - [2025-05-31T21:31:28.808-0300] {dag.py:3823} INFO - Setting next_dagrun for example_external_task_marker_parent to None, run_after=None
[2025-05-31T21:31:28.825-0300] {processor.py:183} INFO - Processing /home/walterg/Documentos/Data_projects/Data-Warehouse-postgres-DBT-airflow-/.venv/lib/python3.11/site-packages/airflow/example_dags/example_external_task_marker_dag.py took 0.057 seconds
[2025-05-31T21:32:28.622-0300] {processor.py:161} INFO - Started process (PID=42423) to work on /home/walterg/Documentos/Data_projects/Data-Warehouse-postgres-DBT-airflow-/.venv/lib/python3.11/site-packages/airflow/example_dags/example_external_task_marker_dag.py
[2025-05-31T21:32:28.627-0300] {processor.py:830} INFO - Processing file /home/walterg/Documentos/Data_projects/Data-Warehouse-postgres-DBT-airflow-/.venv/lib/python3.11/site-packages/airflow/example_dags/example_external_task_marker_dag.py for tasks to queue
[2025-05-31T21:32:28.629-0300] {logging_mixin.py:188} INFO - [2025-05-31T21:32:28.628-0300] {dagbag.py:538} INFO - Filling up the DagBag from /home/walterg/Documentos/Data_projects/Data-Warehouse-postgres-DBT-airflow-/.venv/lib/python3.11/site-packages/airflow/example_dags/example_external_task_marker_dag.py
[2025-05-31T21:32:28.634-0300] {processor.py:840} INFO - DAG(s) 'example_external_task_marker_parent', 'example_external_task_marker_child' retrieved from /home/walterg/Documentos/Data_projects/Data-Warehouse-postgres-DBT-airflow-/.venv/lib/python3.11/site-packages/airflow/example_dags/example_external_task_marker_dag.py
[2025-05-31T21:32:28.654-0300] {logging_mixin.py:188} INFO - [2025-05-31T21:32:28.654-0300] {dag.py:3036} INFO - Sync 2 DAGs
[2025-05-31T21:32:28.668-0300] {logging_mixin.py:188} INFO - [2025-05-31T21:32:28.667-0300] {dag.py:3823} INFO - Setting next_dagrun for example_external_task_marker_child to None, run_after=None
[2025-05-31T21:32:28.672-0300] {logging_mixin.py:188} INFO - [2025-05-31T21:32:28.671-0300] {dag.py:3823} INFO - Setting next_dagrun for example_external_task_marker_parent to None, run_after=None
[2025-05-31T21:32:28.695-0300] {processor.py:183} INFO - Processing /home/walterg/Documentos/Data_projects/Data-Warehouse-postgres-DBT-airflow-/.venv/lib/python3.11/site-packages/airflow/example_dags/example_external_task_marker_dag.py took 0.076 seconds
[2025-05-31T21:33:35.440-0300] {processor.py:161} INFO - Started process (PID=42892) to work on /home/walterg/Documentos/Data_projects/Data-Warehouse-postgres-DBT-airflow-/.venv/lib/python3.11/site-packages/airflow/example_dags/example_external_task_marker_dag.py
[2025-05-31T21:33:35.447-0300] {processor.py:830} INFO - Processing file /home/walterg/Documentos/Data_projects/Data-Warehouse-postgres-DBT-airflow-/.venv/lib/python3.11/site-packages/airflow/example_dags/example_external_task_marker_dag.py for tasks to queue
[2025-05-31T21:33:35.449-0300] {logging_mixin.py:188} INFO - [2025-05-31T21:33:35.448-0300] {dagbag.py:538} INFO - Filling up the DagBag from /home/walterg/Documentos/Data_projects/Data-Warehouse-postgres-DBT-airflow-/.venv/lib/python3.11/site-packages/airflow/example_dags/example_external_task_marker_dag.py
[2025-05-31T21:33:35.454-0300] {processor.py:840} INFO - DAG(s) 'example_external_task_marker_parent', 'example_external_task_marker_child' retrieved from /home/walterg/Documentos/Data_projects/Data-Warehouse-postgres-DBT-airflow-/.venv/lib/python3.11/site-packages/airflow/example_dags/example_external_task_marker_dag.py
[2025-05-31T21:33:35.468-0300] {logging_mixin.py:188} INFO - [2025-05-31T21:33:35.468-0300] {dag.py:3036} INFO - Sync 2 DAGs
[2025-05-31T21:33:35.476-0300] {logging_mixin.py:188} INFO - [2025-05-31T21:33:35.476-0300] {dag.py:3823} INFO - Setting next_dagrun for example_external_task_marker_child to None, run_after=None
[2025-05-31T21:33:35.479-0300] {logging_mixin.py:188} INFO - [2025-05-31T21:33:35.478-0300] {dag.py:3823} INFO - Setting next_dagrun for example_external_task_marker_parent to None, run_after=None
[2025-05-31T21:33:35.494-0300] {processor.py:183} INFO - Processing /home/walterg/Documentos/Data_projects/Data-Warehouse-postgres-DBT-airflow-/.venv/lib/python3.11/site-packages/airflow/example_dags/example_external_task_marker_dag.py took 0.056 seconds
[2025-05-31T21:34:28.695-0300] {processor.py:161} INFO - Started process (PID=42985) to work on /home/walterg/Documentos/Data_projects/Data-Warehouse-postgres-DBT-airflow-/.venv/lib/python3.11/site-packages/airflow/example_dags/example_external_task_marker_dag.py
[2025-05-31T21:34:28.700-0300] {processor.py:830} INFO - Processing file /home/walterg/Documentos/Data_projects/Data-Warehouse-postgres-DBT-airflow-/.venv/lib/python3.11/site-packages/airflow/example_dags/example_external_task_marker_dag.py for tasks to queue
[2025-05-31T21:34:28.702-0300] {logging_mixin.py:188} INFO - [2025-05-31T21:34:28.701-0300] {dagbag.py:538} INFO - Filling up the DagBag from /home/walterg/Documentos/Data_projects/Data-Warehouse-postgres-DBT-airflow-/.venv/lib/python3.11/site-packages/airflow/example_dags/example_external_task_marker_dag.py
[2025-05-31T21:34:28.708-0300] {processor.py:840} INFO - DAG(s) 'example_external_task_marker_child', 'example_external_task_marker_parent' retrieved from /home/walterg/Documentos/Data_projects/Data-Warehouse-postgres-DBT-airflow-/.venv/lib/python3.11/site-packages/airflow/example_dags/example_external_task_marker_dag.py
[2025-05-31T21:34:28.722-0300] {logging_mixin.py:188} INFO - [2025-05-31T21:34:28.722-0300] {dag.py:3036} INFO - Sync 2 DAGs
[2025-05-31T21:34:28.730-0300] {logging_mixin.py:188} INFO - [2025-05-31T21:34:28.730-0300] {dag.py:3823} INFO - Setting next_dagrun for example_external_task_marker_child to None, run_after=None
[2025-05-31T21:34:28.733-0300] {logging_mixin.py:188} INFO - [2025-05-31T21:34:28.732-0300] {dag.py:3823} INFO - Setting next_dagrun for example_external_task_marker_parent to None, run_after=None
[2025-05-31T21:34:28.748-0300] {processor.py:183} INFO - Processing /home/walterg/Documentos/Data_projects/Data-Warehouse-postgres-DBT-airflow-/.venv/lib/python3.11/site-packages/airflow/example_dags/example_external_task_marker_dag.py took 0.056 seconds
