[2025-05-31T21:00:31.096-0300] {processor.py:161} INFO - Started process (PID=32667) to work on /home/walterg/Documentos/Data_projects/Data-Warehouse-postgres-DBT-airflow-/.venv/lib/python3.11/site-packages/airflow/example_dags/example_xcom.py
[2025-05-31T21:00:31.097-0300] {processor.py:830} INFO - Processing file /home/walterg/Documentos/Data_projects/Data-Warehouse-postgres-DBT-airflow-/.venv/lib/python3.11/site-packages/airflow/example_dags/example_xcom.py for tasks to queue
[2025-05-31T21:00:31.097-0300] {logging_mixin.py:188} INFO - [2025-05-31T21:00:31.097-0300] {dagbag.py:538} INFO - Filling up the DagBag from /home/walterg/Documentos/Data_projects/Data-Warehouse-postgres-DBT-airflow-/.venv/lib/python3.11/site-packages/airflow/example_dags/example_xcom.py
[2025-05-31T21:00:31.104-0300] {processor.py:840} INFO - DAG(s) 'example_xcom' retrieved from /home/walterg/Documentos/Data_projects/Data-Warehouse-postgres-DBT-airflow-/.venv/lib/python3.11/site-packages/airflow/example_dags/example_xcom.py
[2025-05-31T21:00:31.116-0300] {logging_mixin.py:188} INFO - [2025-05-31T21:00:31.116-0300] {dag.py:3036} INFO - Sync 1 DAGs
[2025-05-31T21:00:31.129-0300] {logging_mixin.py:188} INFO - [2025-05-31T21:00:31.129-0300] {dag.py:3823} INFO - Setting next_dagrun for example_xcom to 2021-01-01 00:00:00+00:00, run_after=2021-01-01 00:00:00+00:00
[2025-05-31T21:00:31.144-0300] {processor.py:183} INFO - Processing /home/walterg/Documentos/Data_projects/Data-Warehouse-postgres-DBT-airflow-/.venv/lib/python3.11/site-packages/airflow/example_dags/example_xcom.py took 0.051 seconds
[2025-05-31T21:01:14.243-0300] {processor.py:161} INFO - Started process (PID=32919) to work on /home/walterg/Documentos/Data_projects/Data-Warehouse-postgres-DBT-airflow-/.venv/lib/python3.11/site-packages/airflow/example_dags/example_xcom.py
[2025-05-31T21:01:14.249-0300] {processor.py:830} INFO - Processing file /home/walterg/Documentos/Data_projects/Data-Warehouse-postgres-DBT-airflow-/.venv/lib/python3.11/site-packages/airflow/example_dags/example_xcom.py for tasks to queue
[2025-05-31T21:01:14.249-0300] {logging_mixin.py:188} INFO - [2025-05-31T21:01:14.249-0300] {dagbag.py:538} INFO - Filling up the DagBag from /home/walterg/Documentos/Data_projects/Data-Warehouse-postgres-DBT-airflow-/.venv/lib/python3.11/site-packages/airflow/example_dags/example_xcom.py
[2025-05-31T21:01:14.255-0300] {processor.py:840} INFO - DAG(s) 'example_xcom' retrieved from /home/walterg/Documentos/Data_projects/Data-Warehouse-postgres-DBT-airflow-/.venv/lib/python3.11/site-packages/airflow/example_dags/example_xcom.py
[2025-05-31T21:01:14.268-0300] {logging_mixin.py:188} INFO - [2025-05-31T21:01:14.267-0300] {dag.py:3036} INFO - Sync 1 DAGs
[2025-05-31T21:01:14.280-0300] {logging_mixin.py:188} INFO - [2025-05-31T21:01:14.280-0300] {dag.py:3823} INFO - Setting next_dagrun for example_xcom to 2021-01-01 00:00:00+00:00, run_after=2021-01-01 00:00:00+00:00
[2025-05-31T21:01:14.297-0300] {processor.py:183} INFO - Processing /home/walterg/Documentos/Data_projects/Data-Warehouse-postgres-DBT-airflow-/.venv/lib/python3.11/site-packages/airflow/example_dags/example_xcom.py took 0.057 seconds
[2025-05-31T21:01:56.935-0300] {processor.py:161} INFO - Started process (PID=33095) to work on /home/walterg/Documentos/Data_projects/Data-Warehouse-postgres-DBT-airflow-/.venv/lib/python3.11/site-packages/airflow/example_dags/example_xcom.py
[2025-05-31T21:01:56.940-0300] {processor.py:830} INFO - Processing file /home/walterg/Documentos/Data_projects/Data-Warehouse-postgres-DBT-airflow-/.venv/lib/python3.11/site-packages/airflow/example_dags/example_xcom.py for tasks to queue
[2025-05-31T21:01:56.941-0300] {logging_mixin.py:188} INFO - [2025-05-31T21:01:56.941-0300] {dagbag.py:538} INFO - Filling up the DagBag from /home/walterg/Documentos/Data_projects/Data-Warehouse-postgres-DBT-airflow-/.venv/lib/python3.11/site-packages/airflow/example_dags/example_xcom.py
[2025-05-31T21:01:56.948-0300] {processor.py:840} INFO - DAG(s) 'example_xcom' retrieved from /home/walterg/Documentos/Data_projects/Data-Warehouse-postgres-DBT-airflow-/.venv/lib/python3.11/site-packages/airflow/example_dags/example_xcom.py
[2025-05-31T21:01:56.963-0300] {logging_mixin.py:188} INFO - [2025-05-31T21:01:56.963-0300] {dag.py:3036} INFO - Sync 1 DAGs
[2025-05-31T21:01:56.976-0300] {logging_mixin.py:188} INFO - [2025-05-31T21:01:56.976-0300] {dag.py:3823} INFO - Setting next_dagrun for example_xcom to 2021-01-01 00:00:00+00:00, run_after=2021-01-01 00:00:00+00:00
[2025-05-31T21:01:56.993-0300] {processor.py:183} INFO - Processing /home/walterg/Documentos/Data_projects/Data-Warehouse-postgres-DBT-airflow-/.venv/lib/python3.11/site-packages/airflow/example_dags/example_xcom.py took 0.061 seconds
[2025-05-31T21:02:41.425-0300] {processor.py:161} INFO - Started process (PID=33374) to work on /home/walterg/Documentos/Data_projects/Data-Warehouse-postgres-DBT-airflow-/.venv/lib/python3.11/site-packages/airflow/example_dags/example_xcom.py
[2025-05-31T21:02:41.430-0300] {processor.py:830} INFO - Processing file /home/walterg/Documentos/Data_projects/Data-Warehouse-postgres-DBT-airflow-/.venv/lib/python3.11/site-packages/airflow/example_dags/example_xcom.py for tasks to queue
[2025-05-31T21:02:41.431-0300] {logging_mixin.py:188} INFO - [2025-05-31T21:02:41.431-0300] {dagbag.py:538} INFO - Filling up the DagBag from /home/walterg/Documentos/Data_projects/Data-Warehouse-postgres-DBT-airflow-/.venv/lib/python3.11/site-packages/airflow/example_dags/example_xcom.py
[2025-05-31T21:02:41.437-0300] {processor.py:840} INFO - DAG(s) 'example_xcom' retrieved from /home/walterg/Documentos/Data_projects/Data-Warehouse-postgres-DBT-airflow-/.venv/lib/python3.11/site-packages/airflow/example_dags/example_xcom.py
[2025-05-31T21:02:41.450-0300] {logging_mixin.py:188} INFO - [2025-05-31T21:02:41.450-0300] {dag.py:3036} INFO - Sync 1 DAGs
[2025-05-31T21:02:41.463-0300] {logging_mixin.py:188} INFO - [2025-05-31T21:02:41.463-0300] {dag.py:3823} INFO - Setting next_dagrun for example_xcom to 2021-01-01 00:00:00+00:00, run_after=2021-01-01 00:00:00+00:00
[2025-05-31T21:02:41.480-0300] {processor.py:183} INFO - Processing /home/walterg/Documentos/Data_projects/Data-Warehouse-postgres-DBT-airflow-/.venv/lib/python3.11/site-packages/airflow/example_dags/example_xcom.py took 0.057 seconds
[2025-05-31T21:03:25.544-0300] {processor.py:161} INFO - Started process (PID=33631) to work on /home/walterg/Documentos/Data_projects/Data-Warehouse-postgres-DBT-airflow-/.venv/lib/python3.11/site-packages/airflow/example_dags/example_xcom.py
[2025-05-31T21:03:25.549-0300] {processor.py:830} INFO - Processing file /home/walterg/Documentos/Data_projects/Data-Warehouse-postgres-DBT-airflow-/.venv/lib/python3.11/site-packages/airflow/example_dags/example_xcom.py for tasks to queue
[2025-05-31T21:03:25.550-0300] {logging_mixin.py:188} INFO - [2025-05-31T21:03:25.550-0300] {dagbag.py:538} INFO - Filling up the DagBag from /home/walterg/Documentos/Data_projects/Data-Warehouse-postgres-DBT-airflow-/.venv/lib/python3.11/site-packages/airflow/example_dags/example_xcom.py
[2025-05-31T21:03:25.557-0300] {processor.py:840} INFO - DAG(s) 'example_xcom' retrieved from /home/walterg/Documentos/Data_projects/Data-Warehouse-postgres-DBT-airflow-/.venv/lib/python3.11/site-packages/airflow/example_dags/example_xcom.py
[2025-05-31T21:03:25.569-0300] {logging_mixin.py:188} INFO - [2025-05-31T21:03:25.569-0300] {dag.py:3036} INFO - Sync 1 DAGs
[2025-05-31T21:03:25.583-0300] {logging_mixin.py:188} INFO - [2025-05-31T21:03:25.582-0300] {dag.py:3823} INFO - Setting next_dagrun for example_xcom to 2021-01-01 00:00:00+00:00, run_after=2021-01-01 00:00:00+00:00
[2025-05-31T21:03:25.599-0300] {processor.py:183} INFO - Processing /home/walterg/Documentos/Data_projects/Data-Warehouse-postgres-DBT-airflow-/.venv/lib/python3.11/site-packages/airflow/example_dags/example_xcom.py took 0.057 seconds
[2025-05-31T21:04:09.114-0300] {processor.py:161} INFO - Started process (PID=33794) to work on /home/walterg/Documentos/Data_projects/Data-Warehouse-postgres-DBT-airflow-/.venv/lib/python3.11/site-packages/airflow/example_dags/example_xcom.py
[2025-05-31T21:04:09.119-0300] {processor.py:830} INFO - Processing file /home/walterg/Documentos/Data_projects/Data-Warehouse-postgres-DBT-airflow-/.venv/lib/python3.11/site-packages/airflow/example_dags/example_xcom.py for tasks to queue
[2025-05-31T21:04:09.120-0300] {logging_mixin.py:188} INFO - [2025-05-31T21:04:09.120-0300] {dagbag.py:538} INFO - Filling up the DagBag from /home/walterg/Documentos/Data_projects/Data-Warehouse-postgres-DBT-airflow-/.venv/lib/python3.11/site-packages/airflow/example_dags/example_xcom.py
[2025-05-31T21:04:09.126-0300] {processor.py:840} INFO - DAG(s) 'example_xcom' retrieved from /home/walterg/Documentos/Data_projects/Data-Warehouse-postgres-DBT-airflow-/.venv/lib/python3.11/site-packages/airflow/example_dags/example_xcom.py
[2025-05-31T21:04:09.140-0300] {logging_mixin.py:188} INFO - [2025-05-31T21:04:09.139-0300] {dag.py:3036} INFO - Sync 1 DAGs
[2025-05-31T21:04:09.153-0300] {logging_mixin.py:188} INFO - [2025-05-31T21:04:09.152-0300] {dag.py:3823} INFO - Setting next_dagrun for example_xcom to 2021-01-01 00:00:00+00:00, run_after=2021-01-01 00:00:00+00:00
[2025-05-31T21:04:09.169-0300] {processor.py:183} INFO - Processing /home/walterg/Documentos/Data_projects/Data-Warehouse-postgres-DBT-airflow-/.venv/lib/python3.11/site-packages/airflow/example_dags/example_xcom.py took 0.058 seconds
[2025-05-31T21:04:49.584-0300] {processor.py:161} INFO - Started process (PID=33946) to work on /home/walterg/Documentos/Data_projects/Data-Warehouse-postgres-DBT-airflow-/.venv/lib/python3.11/site-packages/airflow/example_dags/example_xcom.py
[2025-05-31T21:04:49.592-0300] {processor.py:830} INFO - Processing file /home/walterg/Documentos/Data_projects/Data-Warehouse-postgres-DBT-airflow-/.venv/lib/python3.11/site-packages/airflow/example_dags/example_xcom.py for tasks to queue
[2025-05-31T21:04:49.592-0300] {logging_mixin.py:188} INFO - [2025-05-31T21:04:49.592-0300] {dagbag.py:538} INFO - Filling up the DagBag from /home/walterg/Documentos/Data_projects/Data-Warehouse-postgres-DBT-airflow-/.venv/lib/python3.11/site-packages/airflow/example_dags/example_xcom.py
[2025-05-31T21:04:49.599-0300] {processor.py:840} INFO - DAG(s) 'example_xcom' retrieved from /home/walterg/Documentos/Data_projects/Data-Warehouse-postgres-DBT-airflow-/.venv/lib/python3.11/site-packages/airflow/example_dags/example_xcom.py
[2025-05-31T21:04:49.612-0300] {logging_mixin.py:188} INFO - [2025-05-31T21:04:49.612-0300] {dag.py:3036} INFO - Sync 1 DAGs
[2025-05-31T21:04:49.625-0300] {logging_mixin.py:188} INFO - [2025-05-31T21:04:49.625-0300] {dag.py:3823} INFO - Setting next_dagrun for example_xcom to 2021-01-01 00:00:00+00:00, run_after=2021-01-01 00:00:00+00:00
[2025-05-31T21:04:49.643-0300] {processor.py:183} INFO - Processing /home/walterg/Documentos/Data_projects/Data-Warehouse-postgres-DBT-airflow-/.venv/lib/python3.11/site-packages/airflow/example_dags/example_xcom.py took 0.061 seconds
[2025-05-31T21:05:32.581-0300] {processor.py:161} INFO - Started process (PID=34200) to work on /home/walterg/Documentos/Data_projects/Data-Warehouse-postgres-DBT-airflow-/.venv/lib/python3.11/site-packages/airflow/example_dags/example_xcom.py
[2025-05-31T21:05:32.582-0300] {processor.py:830} INFO - Processing file /home/walterg/Documentos/Data_projects/Data-Warehouse-postgres-DBT-airflow-/.venv/lib/python3.11/site-packages/airflow/example_dags/example_xcom.py for tasks to queue
[2025-05-31T21:05:32.582-0300] {logging_mixin.py:188} INFO - [2025-05-31T21:05:32.582-0300] {dagbag.py:538} INFO - Filling up the DagBag from /home/walterg/Documentos/Data_projects/Data-Warehouse-postgres-DBT-airflow-/.venv/lib/python3.11/site-packages/airflow/example_dags/example_xcom.py
[2025-05-31T21:05:32.590-0300] {processor.py:840} INFO - DAG(s) 'example_xcom' retrieved from /home/walterg/Documentos/Data_projects/Data-Warehouse-postgres-DBT-airflow-/.venv/lib/python3.11/site-packages/airflow/example_dags/example_xcom.py
[2025-05-31T21:05:32.604-0300] {logging_mixin.py:188} INFO - [2025-05-31T21:05:32.603-0300] {dag.py:3036} INFO - Sync 1 DAGs
[2025-05-31T21:05:32.618-0300] {logging_mixin.py:188} INFO - [2025-05-31T21:05:32.618-0300] {dag.py:3823} INFO - Setting next_dagrun for example_xcom to 2021-01-01 00:00:00+00:00, run_after=2021-01-01 00:00:00+00:00
[2025-05-31T21:05:32.638-0300] {processor.py:183} INFO - Processing /home/walterg/Documentos/Data_projects/Data-Warehouse-postgres-DBT-airflow-/.venv/lib/python3.11/site-packages/airflow/example_dags/example_xcom.py took 0.060 seconds
[2025-05-31T21:06:16.928-0300] {processor.py:161} INFO - Started process (PID=34504) to work on /home/walterg/Documentos/Data_projects/Data-Warehouse-postgres-DBT-airflow-/.venv/lib/python3.11/site-packages/airflow/example_dags/example_xcom.py
[2025-05-31T21:06:16.933-0300] {processor.py:830} INFO - Processing file /home/walterg/Documentos/Data_projects/Data-Warehouse-postgres-DBT-airflow-/.venv/lib/python3.11/site-packages/airflow/example_dags/example_xcom.py for tasks to queue
[2025-05-31T21:06:16.934-0300] {logging_mixin.py:188} INFO - [2025-05-31T21:06:16.933-0300] {dagbag.py:538} INFO - Filling up the DagBag from /home/walterg/Documentos/Data_projects/Data-Warehouse-postgres-DBT-airflow-/.venv/lib/python3.11/site-packages/airflow/example_dags/example_xcom.py
[2025-05-31T21:06:16.940-0300] {processor.py:840} INFO - DAG(s) 'example_xcom' retrieved from /home/walterg/Documentos/Data_projects/Data-Warehouse-postgres-DBT-airflow-/.venv/lib/python3.11/site-packages/airflow/example_dags/example_xcom.py
[2025-05-31T21:06:16.953-0300] {logging_mixin.py:188} INFO - [2025-05-31T21:06:16.953-0300] {dag.py:3036} INFO - Sync 1 DAGs
[2025-05-31T21:06:16.967-0300] {logging_mixin.py:188} INFO - [2025-05-31T21:06:16.967-0300] {dag.py:3823} INFO - Setting next_dagrun for example_xcom to 2021-01-01 00:00:00+00:00, run_after=2021-01-01 00:00:00+00:00
[2025-05-31T21:06:16.984-0300] {processor.py:183} INFO - Processing /home/walterg/Documentos/Data_projects/Data-Warehouse-postgres-DBT-airflow-/.venv/lib/python3.11/site-packages/airflow/example_dags/example_xcom.py took 0.058 seconds
[2025-05-31T21:07:01.344-0300] {processor.py:161} INFO - Started process (PID=34612) to work on /home/walterg/Documentos/Data_projects/Data-Warehouse-postgres-DBT-airflow-/.venv/lib/python3.11/site-packages/airflow/example_dags/example_xcom.py
[2025-05-31T21:07:01.349-0300] {processor.py:830} INFO - Processing file /home/walterg/Documentos/Data_projects/Data-Warehouse-postgres-DBT-airflow-/.venv/lib/python3.11/site-packages/airflow/example_dags/example_xcom.py for tasks to queue
[2025-05-31T21:07:01.351-0300] {logging_mixin.py:188} INFO - [2025-05-31T21:07:01.350-0300] {dagbag.py:538} INFO - Filling up the DagBag from /home/walterg/Documentos/Data_projects/Data-Warehouse-postgres-DBT-airflow-/.venv/lib/python3.11/site-packages/airflow/example_dags/example_xcom.py
[2025-05-31T21:07:01.357-0300] {processor.py:840} INFO - DAG(s) 'example_xcom' retrieved from /home/walterg/Documentos/Data_projects/Data-Warehouse-postgres-DBT-airflow-/.venv/lib/python3.11/site-packages/airflow/example_dags/example_xcom.py
[2025-05-31T21:07:01.369-0300] {logging_mixin.py:188} INFO - [2025-05-31T21:07:01.369-0300] {dag.py:3036} INFO - Sync 1 DAGs
[2025-05-31T21:07:01.381-0300] {logging_mixin.py:188} INFO - [2025-05-31T21:07:01.381-0300] {dag.py:3823} INFO - Setting next_dagrun for example_xcom to 2021-01-01 00:00:00+00:00, run_after=2021-01-01 00:00:00+00:00
[2025-05-31T21:07:01.399-0300] {processor.py:183} INFO - Processing /home/walterg/Documentos/Data_projects/Data-Warehouse-postgres-DBT-airflow-/.venv/lib/python3.11/site-packages/airflow/example_dags/example_xcom.py took 0.057 seconds
[2025-05-31T21:07:45.619-0300] {processor.py:161} INFO - Started process (PID=34849) to work on /home/walterg/Documentos/Data_projects/Data-Warehouse-postgres-DBT-airflow-/.venv/lib/python3.11/site-packages/airflow/example_dags/example_xcom.py
[2025-05-31T21:07:45.624-0300] {processor.py:830} INFO - Processing file /home/walterg/Documentos/Data_projects/Data-Warehouse-postgres-DBT-airflow-/.venv/lib/python3.11/site-packages/airflow/example_dags/example_xcom.py for tasks to queue
[2025-05-31T21:07:45.625-0300] {logging_mixin.py:188} INFO - [2025-05-31T21:07:45.625-0300] {dagbag.py:538} INFO - Filling up the DagBag from /home/walterg/Documentos/Data_projects/Data-Warehouse-postgres-DBT-airflow-/.venv/lib/python3.11/site-packages/airflow/example_dags/example_xcom.py
[2025-05-31T21:07:45.632-0300] {processor.py:840} INFO - DAG(s) 'example_xcom' retrieved from /home/walterg/Documentos/Data_projects/Data-Warehouse-postgres-DBT-airflow-/.venv/lib/python3.11/site-packages/airflow/example_dags/example_xcom.py
[2025-05-31T21:07:45.645-0300] {logging_mixin.py:188} INFO - [2025-05-31T21:07:45.644-0300] {dag.py:3036} INFO - Sync 1 DAGs
[2025-05-31T21:07:45.657-0300] {logging_mixin.py:188} INFO - [2025-05-31T21:07:45.657-0300] {dag.py:3823} INFO - Setting next_dagrun for example_xcom to 2021-01-01 00:00:00+00:00, run_after=2021-01-01 00:00:00+00:00
[2025-05-31T21:07:45.674-0300] {processor.py:183} INFO - Processing /home/walterg/Documentos/Data_projects/Data-Warehouse-postgres-DBT-airflow-/.venv/lib/python3.11/site-packages/airflow/example_dags/example_xcom.py took 0.057 seconds
[2025-05-31T21:08:28.465-0300] {processor.py:161} INFO - Started process (PID=35128) to work on /home/walterg/Documentos/Data_projects/Data-Warehouse-postgres-DBT-airflow-/.venv/lib/python3.11/site-packages/airflow/example_dags/example_xcom.py
[2025-05-31T21:08:28.470-0300] {processor.py:830} INFO - Processing file /home/walterg/Documentos/Data_projects/Data-Warehouse-postgres-DBT-airflow-/.venv/lib/python3.11/site-packages/airflow/example_dags/example_xcom.py for tasks to queue
[2025-05-31T21:08:28.472-0300] {logging_mixin.py:188} INFO - [2025-05-31T21:08:28.471-0300] {dagbag.py:538} INFO - Filling up the DagBag from /home/walterg/Documentos/Data_projects/Data-Warehouse-postgres-DBT-airflow-/.venv/lib/python3.11/site-packages/airflow/example_dags/example_xcom.py
[2025-05-31T21:08:28.478-0300] {processor.py:840} INFO - DAG(s) 'example_xcom' retrieved from /home/walterg/Documentos/Data_projects/Data-Warehouse-postgres-DBT-airflow-/.venv/lib/python3.11/site-packages/airflow/example_dags/example_xcom.py
[2025-05-31T21:08:28.491-0300] {logging_mixin.py:188} INFO - [2025-05-31T21:08:28.491-0300] {dag.py:3036} INFO - Sync 1 DAGs
[2025-05-31T21:08:28.504-0300] {logging_mixin.py:188} INFO - [2025-05-31T21:08:28.503-0300] {dag.py:3823} INFO - Setting next_dagrun for example_xcom to 2021-01-01 00:00:00+00:00, run_after=2021-01-01 00:00:00+00:00
[2025-05-31T21:08:28.520-0300] {processor.py:183} INFO - Processing /home/walterg/Documentos/Data_projects/Data-Warehouse-postgres-DBT-airflow-/.venv/lib/python3.11/site-packages/airflow/example_dags/example_xcom.py took 0.057 seconds
[2025-05-31T21:09:23.907-0300] {processor.py:161} INFO - Started process (PID=35426) to work on /home/walterg/Documentos/Data_projects/Data-Warehouse-postgres-DBT-airflow-/.venv/lib/python3.11/site-packages/airflow/example_dags/example_xcom.py
[2025-05-31T21:09:23.912-0300] {processor.py:830} INFO - Processing file /home/walterg/Documentos/Data_projects/Data-Warehouse-postgres-DBT-airflow-/.venv/lib/python3.11/site-packages/airflow/example_dags/example_xcom.py for tasks to queue
[2025-05-31T21:09:23.914-0300] {logging_mixin.py:188} INFO - [2025-05-31T21:09:23.913-0300] {dagbag.py:538} INFO - Filling up the DagBag from /home/walterg/Documentos/Data_projects/Data-Warehouse-postgres-DBT-airflow-/.venv/lib/python3.11/site-packages/airflow/example_dags/example_xcom.py
[2025-05-31T21:09:23.920-0300] {processor.py:840} INFO - DAG(s) 'example_xcom' retrieved from /home/walterg/Documentos/Data_projects/Data-Warehouse-postgres-DBT-airflow-/.venv/lib/python3.11/site-packages/airflow/example_dags/example_xcom.py
[2025-05-31T21:09:23.933-0300] {logging_mixin.py:188} INFO - [2025-05-31T21:09:23.933-0300] {dag.py:3036} INFO - Sync 1 DAGs
[2025-05-31T21:09:23.946-0300] {logging_mixin.py:188} INFO - [2025-05-31T21:09:23.946-0300] {dag.py:3823} INFO - Setting next_dagrun for example_xcom to 2021-01-01 00:00:00+00:00, run_after=2021-01-01 00:00:00+00:00
[2025-05-31T21:09:23.962-0300] {processor.py:183} INFO - Processing /home/walterg/Documentos/Data_projects/Data-Warehouse-postgres-DBT-airflow-/.venv/lib/python3.11/site-packages/airflow/example_dags/example_xcom.py took 0.058 seconds
[2025-05-31T21:10:10.733-0300] {processor.py:161} INFO - Started process (PID=35667) to work on /home/walterg/Documentos/Data_projects/Data-Warehouse-postgres-DBT-airflow-/.venv/lib/python3.11/site-packages/airflow/example_dags/example_xcom.py
[2025-05-31T21:10:10.739-0300] {processor.py:830} INFO - Processing file /home/walterg/Documentos/Data_projects/Data-Warehouse-postgres-DBT-airflow-/.venv/lib/python3.11/site-packages/airflow/example_dags/example_xcom.py for tasks to queue
[2025-05-31T21:10:10.740-0300] {logging_mixin.py:188} INFO - [2025-05-31T21:10:10.740-0300] {dagbag.py:538} INFO - Filling up the DagBag from /home/walterg/Documentos/Data_projects/Data-Warehouse-postgres-DBT-airflow-/.venv/lib/python3.11/site-packages/airflow/example_dags/example_xcom.py
[2025-05-31T21:10:10.747-0300] {processor.py:840} INFO - DAG(s) 'example_xcom' retrieved from /home/walterg/Documentos/Data_projects/Data-Warehouse-postgres-DBT-airflow-/.venv/lib/python3.11/site-packages/airflow/example_dags/example_xcom.py
[2025-05-31T21:10:10.761-0300] {logging_mixin.py:188} INFO - [2025-05-31T21:10:10.761-0300] {dag.py:3036} INFO - Sync 1 DAGs
[2025-05-31T21:10:10.775-0300] {logging_mixin.py:188} INFO - [2025-05-31T21:10:10.775-0300] {dag.py:3823} INFO - Setting next_dagrun for example_xcom to 2021-01-01 00:00:00+00:00, run_after=2021-01-01 00:00:00+00:00
[2025-05-31T21:10:10.793-0300] {processor.py:183} INFO - Processing /home/walterg/Documentos/Data_projects/Data-Warehouse-postgres-DBT-airflow-/.venv/lib/python3.11/site-packages/airflow/example_dags/example_xcom.py took 0.063 seconds
[2025-05-31T21:10:52.115-0300] {processor.py:161} INFO - Started process (PID=35848) to work on /home/walterg/Documentos/Data_projects/Data-Warehouse-postgres-DBT-airflow-/.venv/lib/python3.11/site-packages/airflow/example_dags/example_xcom.py
[2025-05-31T21:10:52.116-0300] {processor.py:830} INFO - Processing file /home/walterg/Documentos/Data_projects/Data-Warehouse-postgres-DBT-airflow-/.venv/lib/python3.11/site-packages/airflow/example_dags/example_xcom.py for tasks to queue
[2025-05-31T21:10:52.117-0300] {logging_mixin.py:188} INFO - [2025-05-31T21:10:52.116-0300] {dagbag.py:538} INFO - Filling up the DagBag from /home/walterg/Documentos/Data_projects/Data-Warehouse-postgres-DBT-airflow-/.venv/lib/python3.11/site-packages/airflow/example_dags/example_xcom.py
[2025-05-31T21:10:52.124-0300] {processor.py:840} INFO - DAG(s) 'example_xcom' retrieved from /home/walterg/Documentos/Data_projects/Data-Warehouse-postgres-DBT-airflow-/.venv/lib/python3.11/site-packages/airflow/example_dags/example_xcom.py
[2025-05-31T21:10:52.138-0300] {logging_mixin.py:188} INFO - [2025-05-31T21:10:52.138-0300] {dag.py:3036} INFO - Sync 1 DAGs
[2025-05-31T21:10:52.151-0300] {logging_mixin.py:188} INFO - [2025-05-31T21:10:52.151-0300] {dag.py:3823} INFO - Setting next_dagrun for example_xcom to 2021-01-01 00:00:00+00:00, run_after=2021-01-01 00:00:00+00:00
[2025-05-31T21:10:52.168-0300] {processor.py:183} INFO - Processing /home/walterg/Documentos/Data_projects/Data-Warehouse-postgres-DBT-airflow-/.venv/lib/python3.11/site-packages/airflow/example_dags/example_xcom.py took 0.056 seconds
[2025-05-31T21:11:32.984-0300] {processor.py:161} INFO - Started process (PID=36090) to work on /home/walterg/Documentos/Data_projects/Data-Warehouse-postgres-DBT-airflow-/.venv/lib/python3.11/site-packages/airflow/example_dags/example_xcom.py
[2025-05-31T21:11:32.989-0300] {processor.py:830} INFO - Processing file /home/walterg/Documentos/Data_projects/Data-Warehouse-postgres-DBT-airflow-/.venv/lib/python3.11/site-packages/airflow/example_dags/example_xcom.py for tasks to queue
[2025-05-31T21:11:32.990-0300] {logging_mixin.py:188} INFO - [2025-05-31T21:11:32.989-0300] {dagbag.py:538} INFO - Filling up the DagBag from /home/walterg/Documentos/Data_projects/Data-Warehouse-postgres-DBT-airflow-/.venv/lib/python3.11/site-packages/airflow/example_dags/example_xcom.py
[2025-05-31T21:11:32.996-0300] {processor.py:840} INFO - DAG(s) 'example_xcom' retrieved from /home/walterg/Documentos/Data_projects/Data-Warehouse-postgres-DBT-airflow-/.venv/lib/python3.11/site-packages/airflow/example_dags/example_xcom.py
[2025-05-31T21:11:33.009-0300] {logging_mixin.py:188} INFO - [2025-05-31T21:11:33.009-0300] {dag.py:3036} INFO - Sync 1 DAGs
[2025-05-31T21:11:33.022-0300] {logging_mixin.py:188} INFO - [2025-05-31T21:11:33.022-0300] {dag.py:3823} INFO - Setting next_dagrun for example_xcom to 2021-01-01 00:00:00+00:00, run_after=2021-01-01 00:00:00+00:00
[2025-05-31T21:11:33.039-0300] {processor.py:183} INFO - Processing /home/walterg/Documentos/Data_projects/Data-Warehouse-postgres-DBT-airflow-/.venv/lib/python3.11/site-packages/airflow/example_dags/example_xcom.py took 0.058 seconds
[2025-05-31T21:12:18.619-0300] {processor.py:161} INFO - Started process (PID=36297) to work on /home/walterg/Documentos/Data_projects/Data-Warehouse-postgres-DBT-airflow-/.venv/lib/python3.11/site-packages/airflow/example_dags/example_xcom.py
[2025-05-31T21:12:18.624-0300] {processor.py:830} INFO - Processing file /home/walterg/Documentos/Data_projects/Data-Warehouse-postgres-DBT-airflow-/.venv/lib/python3.11/site-packages/airflow/example_dags/example_xcom.py for tasks to queue
[2025-05-31T21:12:18.626-0300] {logging_mixin.py:188} INFO - [2025-05-31T21:12:18.625-0300] {dagbag.py:538} INFO - Filling up the DagBag from /home/walterg/Documentos/Data_projects/Data-Warehouse-postgres-DBT-airflow-/.venv/lib/python3.11/site-packages/airflow/example_dags/example_xcom.py
[2025-05-31T21:12:18.632-0300] {processor.py:840} INFO - DAG(s) 'example_xcom' retrieved from /home/walterg/Documentos/Data_projects/Data-Warehouse-postgres-DBT-airflow-/.venv/lib/python3.11/site-packages/airflow/example_dags/example_xcom.py
[2025-05-31T21:12:18.645-0300] {logging_mixin.py:188} INFO - [2025-05-31T21:12:18.645-0300] {dag.py:3036} INFO - Sync 1 DAGs
[2025-05-31T21:12:18.659-0300] {logging_mixin.py:188} INFO - [2025-05-31T21:12:18.659-0300] {dag.py:3823} INFO - Setting next_dagrun for example_xcom to 2021-01-01 00:00:00+00:00, run_after=2021-01-01 00:00:00+00:00
[2025-05-31T21:12:18.675-0300] {processor.py:183} INFO - Processing /home/walterg/Documentos/Data_projects/Data-Warehouse-postgres-DBT-airflow-/.venv/lib/python3.11/site-packages/airflow/example_dags/example_xcom.py took 0.058 seconds
[2025-05-31T21:12:59.085-0300] {processor.py:161} INFO - Started process (PID=36420) to work on /home/walterg/Documentos/Data_projects/Data-Warehouse-postgres-DBT-airflow-/.venv/lib/python3.11/site-packages/airflow/example_dags/example_xcom.py
[2025-05-31T21:12:59.090-0300] {processor.py:830} INFO - Processing file /home/walterg/Documentos/Data_projects/Data-Warehouse-postgres-DBT-airflow-/.venv/lib/python3.11/site-packages/airflow/example_dags/example_xcom.py for tasks to queue
[2025-05-31T21:12:59.091-0300] {logging_mixin.py:188} INFO - [2025-05-31T21:12:59.090-0300] {dagbag.py:538} INFO - Filling up the DagBag from /home/walterg/Documentos/Data_projects/Data-Warehouse-postgres-DBT-airflow-/.venv/lib/python3.11/site-packages/airflow/example_dags/example_xcom.py
[2025-05-31T21:12:59.099-0300] {processor.py:840} INFO - DAG(s) 'example_xcom' retrieved from /home/walterg/Documentos/Data_projects/Data-Warehouse-postgres-DBT-airflow-/.venv/lib/python3.11/site-packages/airflow/example_dags/example_xcom.py
[2025-05-31T21:12:59.113-0300] {logging_mixin.py:188} INFO - [2025-05-31T21:12:59.113-0300] {dag.py:3036} INFO - Sync 1 DAGs
[2025-05-31T21:12:59.126-0300] {logging_mixin.py:188} INFO - [2025-05-31T21:12:59.126-0300] {dag.py:3823} INFO - Setting next_dagrun for example_xcom to 2021-01-01 00:00:00+00:00, run_after=2021-01-01 00:00:00+00:00
[2025-05-31T21:12:59.141-0300] {processor.py:183} INFO - Processing /home/walterg/Documentos/Data_projects/Data-Warehouse-postgres-DBT-airflow-/.venv/lib/python3.11/site-packages/airflow/example_dags/example_xcom.py took 0.059 seconds
[2025-05-31T21:13:42.634-0300] {processor.py:161} INFO - Started process (PID=36593) to work on /home/walterg/Documentos/Data_projects/Data-Warehouse-postgres-DBT-airflow-/.venv/lib/python3.11/site-packages/airflow/example_dags/example_xcom.py
[2025-05-31T21:13:42.639-0300] {processor.py:830} INFO - Processing file /home/walterg/Documentos/Data_projects/Data-Warehouse-postgres-DBT-airflow-/.venv/lib/python3.11/site-packages/airflow/example_dags/example_xcom.py for tasks to queue
[2025-05-31T21:13:42.641-0300] {logging_mixin.py:188} INFO - [2025-05-31T21:13:42.640-0300] {dagbag.py:538} INFO - Filling up the DagBag from /home/walterg/Documentos/Data_projects/Data-Warehouse-postgres-DBT-airflow-/.venv/lib/python3.11/site-packages/airflow/example_dags/example_xcom.py
[2025-05-31T21:13:42.648-0300] {processor.py:840} INFO - DAG(s) 'example_xcom' retrieved from /home/walterg/Documentos/Data_projects/Data-Warehouse-postgres-DBT-airflow-/.venv/lib/python3.11/site-packages/airflow/example_dags/example_xcom.py
[2025-05-31T21:13:42.662-0300] {logging_mixin.py:188} INFO - [2025-05-31T21:13:42.662-0300] {dag.py:3036} INFO - Sync 1 DAGs
[2025-05-31T21:13:42.675-0300] {logging_mixin.py:188} INFO - [2025-05-31T21:13:42.675-0300] {dag.py:3823} INFO - Setting next_dagrun for example_xcom to 2021-01-01 00:00:00+00:00, run_after=2021-01-01 00:00:00+00:00
[2025-05-31T21:13:42.691-0300] {processor.py:183} INFO - Processing /home/walterg/Documentos/Data_projects/Data-Warehouse-postgres-DBT-airflow-/.venv/lib/python3.11/site-packages/airflow/example_dags/example_xcom.py took 0.059 seconds
[2025-05-31T21:14:26.831-0300] {processor.py:161} INFO - Started process (PID=36871) to work on /home/walterg/Documentos/Data_projects/Data-Warehouse-postgres-DBT-airflow-/.venv/lib/python3.11/site-packages/airflow/example_dags/example_xcom.py
[2025-05-31T21:14:26.836-0300] {processor.py:830} INFO - Processing file /home/walterg/Documentos/Data_projects/Data-Warehouse-postgres-DBT-airflow-/.venv/lib/python3.11/site-packages/airflow/example_dags/example_xcom.py for tasks to queue
[2025-05-31T21:14:26.837-0300] {logging_mixin.py:188} INFO - [2025-05-31T21:14:26.837-0300] {dagbag.py:538} INFO - Filling up the DagBag from /home/walterg/Documentos/Data_projects/Data-Warehouse-postgres-DBT-airflow-/.venv/lib/python3.11/site-packages/airflow/example_dags/example_xcom.py
[2025-05-31T21:14:26.844-0300] {processor.py:840} INFO - DAG(s) 'example_xcom' retrieved from /home/walterg/Documentos/Data_projects/Data-Warehouse-postgres-DBT-airflow-/.venv/lib/python3.11/site-packages/airflow/example_dags/example_xcom.py
[2025-05-31T21:14:26.856-0300] {logging_mixin.py:188} INFO - [2025-05-31T21:14:26.856-0300] {dag.py:3036} INFO - Sync 1 DAGs
[2025-05-31T21:14:26.869-0300] {logging_mixin.py:188} INFO - [2025-05-31T21:14:26.869-0300] {dag.py:3823} INFO - Setting next_dagrun for example_xcom to 2021-01-01 00:00:00+00:00, run_after=2021-01-01 00:00:00+00:00
[2025-05-31T21:14:26.885-0300] {processor.py:183} INFO - Processing /home/walterg/Documentos/Data_projects/Data-Warehouse-postgres-DBT-airflow-/.venv/lib/python3.11/site-packages/airflow/example_dags/example_xcom.py took 0.057 seconds
[2025-05-31T21:15:09.172-0300] {processor.py:161} INFO - Started process (PID=37152) to work on /home/walterg/Documentos/Data_projects/Data-Warehouse-postgres-DBT-airflow-/.venv/lib/python3.11/site-packages/airflow/example_dags/example_xcom.py
[2025-05-31T21:15:09.177-0300] {processor.py:830} INFO - Processing file /home/walterg/Documentos/Data_projects/Data-Warehouse-postgres-DBT-airflow-/.venv/lib/python3.11/site-packages/airflow/example_dags/example_xcom.py for tasks to queue
[2025-05-31T21:15:09.178-0300] {logging_mixin.py:188} INFO - [2025-05-31T21:15:09.178-0300] {dagbag.py:538} INFO - Filling up the DagBag from /home/walterg/Documentos/Data_projects/Data-Warehouse-postgres-DBT-airflow-/.venv/lib/python3.11/site-packages/airflow/example_dags/example_xcom.py
[2025-05-31T21:15:09.184-0300] {processor.py:840} INFO - DAG(s) 'example_xcom' retrieved from /home/walterg/Documentos/Data_projects/Data-Warehouse-postgres-DBT-airflow-/.venv/lib/python3.11/site-packages/airflow/example_dags/example_xcom.py
[2025-05-31T21:15:09.197-0300] {logging_mixin.py:188} INFO - [2025-05-31T21:15:09.197-0300] {dag.py:3036} INFO - Sync 1 DAGs
[2025-05-31T21:15:09.210-0300] {logging_mixin.py:188} INFO - [2025-05-31T21:15:09.209-0300] {dag.py:3823} INFO - Setting next_dagrun for example_xcom to 2021-01-01 00:00:00+00:00, run_after=2021-01-01 00:00:00+00:00
[2025-05-31T21:15:09.228-0300] {processor.py:183} INFO - Processing /home/walterg/Documentos/Data_projects/Data-Warehouse-postgres-DBT-airflow-/.venv/lib/python3.11/site-packages/airflow/example_dags/example_xcom.py took 0.058 seconds
[2025-05-31T21:15:47.447-0300] {processor.py:161} INFO - Started process (PID=37316) to work on /home/walterg/Documentos/Data_projects/Data-Warehouse-postgres-DBT-airflow-/.venv/lib/python3.11/site-packages/airflow/example_dags/example_xcom.py
[2025-05-31T21:15:47.452-0300] {processor.py:830} INFO - Processing file /home/walterg/Documentos/Data_projects/Data-Warehouse-postgres-DBT-airflow-/.venv/lib/python3.11/site-packages/airflow/example_dags/example_xcom.py for tasks to queue
[2025-05-31T21:15:47.453-0300] {logging_mixin.py:188} INFO - [2025-05-31T21:15:47.452-0300] {dagbag.py:538} INFO - Filling up the DagBag from /home/walterg/Documentos/Data_projects/Data-Warehouse-postgres-DBT-airflow-/.venv/lib/python3.11/site-packages/airflow/example_dags/example_xcom.py
[2025-05-31T21:15:47.459-0300] {processor.py:840} INFO - DAG(s) 'example_xcom' retrieved from /home/walterg/Documentos/Data_projects/Data-Warehouse-postgres-DBT-airflow-/.venv/lib/python3.11/site-packages/airflow/example_dags/example_xcom.py
[2025-05-31T21:15:47.472-0300] {logging_mixin.py:188} INFO - [2025-05-31T21:15:47.472-0300] {dag.py:3036} INFO - Sync 1 DAGs
[2025-05-31T21:15:47.485-0300] {logging_mixin.py:188} INFO - [2025-05-31T21:15:47.485-0300] {dag.py:3823} INFO - Setting next_dagrun for example_xcom to 2021-01-01 00:00:00+00:00, run_after=2021-01-01 00:00:00+00:00
[2025-05-31T21:15:47.504-0300] {processor.py:183} INFO - Processing /home/walterg/Documentos/Data_projects/Data-Warehouse-postgres-DBT-airflow-/.venv/lib/python3.11/site-packages/airflow/example_dags/example_xcom.py took 0.059 seconds
[2025-05-31T21:16:26.094-0300] {processor.py:161} INFO - Started process (PID=37603) to work on /home/walterg/Documentos/Data_projects/Data-Warehouse-postgres-DBT-airflow-/.venv/lib/python3.11/site-packages/airflow/example_dags/example_xcom.py
[2025-05-31T21:16:26.100-0300] {processor.py:830} INFO - Processing file /home/walterg/Documentos/Data_projects/Data-Warehouse-postgres-DBT-airflow-/.venv/lib/python3.11/site-packages/airflow/example_dags/example_xcom.py for tasks to queue
[2025-05-31T21:16:26.101-0300] {logging_mixin.py:188} INFO - [2025-05-31T21:16:26.101-0300] {dagbag.py:538} INFO - Filling up the DagBag from /home/walterg/Documentos/Data_projects/Data-Warehouse-postgres-DBT-airflow-/.venv/lib/python3.11/site-packages/airflow/example_dags/example_xcom.py
[2025-05-31T21:16:26.107-0300] {processor.py:840} INFO - DAG(s) 'example_xcom' retrieved from /home/walterg/Documentos/Data_projects/Data-Warehouse-postgres-DBT-airflow-/.venv/lib/python3.11/site-packages/airflow/example_dags/example_xcom.py
[2025-05-31T21:16:26.120-0300] {logging_mixin.py:188} INFO - [2025-05-31T21:16:26.120-0300] {dag.py:3036} INFO - Sync 1 DAGs
[2025-05-31T21:16:26.132-0300] {logging_mixin.py:188} INFO - [2025-05-31T21:16:26.132-0300] {dag.py:3823} INFO - Setting next_dagrun for example_xcom to 2021-01-01 00:00:00+00:00, run_after=2021-01-01 00:00:00+00:00
[2025-05-31T21:16:26.150-0300] {processor.py:183} INFO - Processing /home/walterg/Documentos/Data_projects/Data-Warehouse-postgres-DBT-airflow-/.venv/lib/python3.11/site-packages/airflow/example_dags/example_xcom.py took 0.058 seconds
[2025-05-31T21:17:12.066-0300] {processor.py:161} INFO - Started process (PID=37833) to work on /home/walterg/Documentos/Data_projects/Data-Warehouse-postgres-DBT-airflow-/.venv/lib/python3.11/site-packages/airflow/example_dags/example_xcom.py
[2025-05-31T21:17:12.071-0300] {processor.py:830} INFO - Processing file /home/walterg/Documentos/Data_projects/Data-Warehouse-postgres-DBT-airflow-/.venv/lib/python3.11/site-packages/airflow/example_dags/example_xcom.py for tasks to queue
[2025-05-31T21:17:12.072-0300] {logging_mixin.py:188} INFO - [2025-05-31T21:17:12.072-0300] {dagbag.py:538} INFO - Filling up the DagBag from /home/walterg/Documentos/Data_projects/Data-Warehouse-postgres-DBT-airflow-/.venv/lib/python3.11/site-packages/airflow/example_dags/example_xcom.py
[2025-05-31T21:17:12.079-0300] {processor.py:840} INFO - DAG(s) 'example_xcom' retrieved from /home/walterg/Documentos/Data_projects/Data-Warehouse-postgres-DBT-airflow-/.venv/lib/python3.11/site-packages/airflow/example_dags/example_xcom.py
[2025-05-31T21:17:12.092-0300] {logging_mixin.py:188} INFO - [2025-05-31T21:17:12.092-0300] {dag.py:3036} INFO - Sync 1 DAGs
[2025-05-31T21:17:12.105-0300] {logging_mixin.py:188} INFO - [2025-05-31T21:17:12.105-0300] {dag.py:3823} INFO - Setting next_dagrun for example_xcom to 2021-01-01 00:00:00+00:00, run_after=2021-01-01 00:00:00+00:00
[2025-05-31T21:17:12.123-0300] {processor.py:183} INFO - Processing /home/walterg/Documentos/Data_projects/Data-Warehouse-postgres-DBT-airflow-/.venv/lib/python3.11/site-packages/airflow/example_dags/example_xcom.py took 0.059 seconds
[2025-05-31T21:17:56.026-0300] {processor.py:161} INFO - Started process (PID=37943) to work on /home/walterg/Documentos/Data_projects/Data-Warehouse-postgres-DBT-airflow-/.venv/lib/python3.11/site-packages/airflow/example_dags/example_xcom.py
[2025-05-31T21:17:56.027-0300] {processor.py:830} INFO - Processing file /home/walterg/Documentos/Data_projects/Data-Warehouse-postgres-DBT-airflow-/.venv/lib/python3.11/site-packages/airflow/example_dags/example_xcom.py for tasks to queue
[2025-05-31T21:17:56.028-0300] {logging_mixin.py:188} INFO - [2025-05-31T21:17:56.028-0300] {dagbag.py:538} INFO - Filling up the DagBag from /home/walterg/Documentos/Data_projects/Data-Warehouse-postgres-DBT-airflow-/.venv/lib/python3.11/site-packages/airflow/example_dags/example_xcom.py
[2025-05-31T21:17:56.034-0300] {processor.py:840} INFO - DAG(s) 'example_xcom' retrieved from /home/walterg/Documentos/Data_projects/Data-Warehouse-postgres-DBT-airflow-/.venv/lib/python3.11/site-packages/airflow/example_dags/example_xcom.py
[2025-05-31T21:17:56.047-0300] {logging_mixin.py:188} INFO - [2025-05-31T21:17:56.047-0300] {dag.py:3036} INFO - Sync 1 DAGs
[2025-05-31T21:17:56.059-0300] {logging_mixin.py:188} INFO - [2025-05-31T21:17:56.059-0300] {dag.py:3823} INFO - Setting next_dagrun for example_xcom to 2021-01-01 00:00:00+00:00, run_after=2021-01-01 00:00:00+00:00
[2025-05-31T21:17:56.075-0300] {processor.py:183} INFO - Processing /home/walterg/Documentos/Data_projects/Data-Warehouse-postgres-DBT-airflow-/.venv/lib/python3.11/site-packages/airflow/example_dags/example_xcom.py took 0.052 seconds
[2025-05-31T21:18:41.947-0300] {processor.py:161} INFO - Started process (PID=38139) to work on /home/walterg/Documentos/Data_projects/Data-Warehouse-postgres-DBT-airflow-/.venv/lib/python3.11/site-packages/airflow/example_dags/example_xcom.py
[2025-05-31T21:18:41.952-0300] {processor.py:830} INFO - Processing file /home/walterg/Documentos/Data_projects/Data-Warehouse-postgres-DBT-airflow-/.venv/lib/python3.11/site-packages/airflow/example_dags/example_xcom.py for tasks to queue
[2025-05-31T21:18:41.954-0300] {logging_mixin.py:188} INFO - [2025-05-31T21:18:41.953-0300] {dagbag.py:538} INFO - Filling up the DagBag from /home/walterg/Documentos/Data_projects/Data-Warehouse-postgres-DBT-airflow-/.venv/lib/python3.11/site-packages/airflow/example_dags/example_xcom.py
[2025-05-31T21:18:41.960-0300] {processor.py:840} INFO - DAG(s) 'example_xcom' retrieved from /home/walterg/Documentos/Data_projects/Data-Warehouse-postgres-DBT-airflow-/.venv/lib/python3.11/site-packages/airflow/example_dags/example_xcom.py
[2025-05-31T21:18:41.973-0300] {logging_mixin.py:188} INFO - [2025-05-31T21:18:41.973-0300] {dag.py:3036} INFO - Sync 1 DAGs
[2025-05-31T21:18:41.986-0300] {logging_mixin.py:188} INFO - [2025-05-31T21:18:41.985-0300] {dag.py:3823} INFO - Setting next_dagrun for example_xcom to 2021-01-01 00:00:00+00:00, run_after=2021-01-01 00:00:00+00:00
[2025-05-31T21:18:42.002-0300] {processor.py:183} INFO - Processing /home/walterg/Documentos/Data_projects/Data-Warehouse-postgres-DBT-airflow-/.venv/lib/python3.11/site-packages/airflow/example_dags/example_xcom.py took 0.057 seconds
[2025-05-31T21:19:24.124-0300] {processor.py:161} INFO - Started process (PID=38360) to work on /home/walterg/Documentos/Data_projects/Data-Warehouse-postgres-DBT-airflow-/.venv/lib/python3.11/site-packages/airflow/example_dags/example_xcom.py
[2025-05-31T21:19:24.126-0300] {processor.py:830} INFO - Processing file /home/walterg/Documentos/Data_projects/Data-Warehouse-postgres-DBT-airflow-/.venv/lib/python3.11/site-packages/airflow/example_dags/example_xcom.py for tasks to queue
[2025-05-31T21:19:24.127-0300] {logging_mixin.py:188} INFO - [2025-05-31T21:19:24.126-0300] {dagbag.py:538} INFO - Filling up the DagBag from /home/walterg/Documentos/Data_projects/Data-Warehouse-postgres-DBT-airflow-/.venv/lib/python3.11/site-packages/airflow/example_dags/example_xcom.py
[2025-05-31T21:19:24.133-0300] {processor.py:840} INFO - DAG(s) 'example_xcom' retrieved from /home/walterg/Documentos/Data_projects/Data-Warehouse-postgres-DBT-airflow-/.venv/lib/python3.11/site-packages/airflow/example_dags/example_xcom.py
[2025-05-31T21:19:24.147-0300] {logging_mixin.py:188} INFO - [2025-05-31T21:19:24.146-0300] {dag.py:3036} INFO - Sync 1 DAGs
[2025-05-31T21:19:24.162-0300] {logging_mixin.py:188} INFO - [2025-05-31T21:19:24.161-0300] {dag.py:3823} INFO - Setting next_dagrun for example_xcom to 2021-01-01 00:00:00+00:00, run_after=2021-01-01 00:00:00+00:00
[2025-05-31T21:19:24.181-0300] {processor.py:183} INFO - Processing /home/walterg/Documentos/Data_projects/Data-Warehouse-postgres-DBT-airflow-/.venv/lib/python3.11/site-packages/airflow/example_dags/example_xcom.py took 0.059 seconds
[2025-05-31T21:20:07.775-0300] {processor.py:161} INFO - Started process (PID=38545) to work on /home/walterg/Documentos/Data_projects/Data-Warehouse-postgres-DBT-airflow-/.venv/lib/python3.11/site-packages/airflow/example_dags/example_xcom.py
[2025-05-31T21:20:07.780-0300] {processor.py:830} INFO - Processing file /home/walterg/Documentos/Data_projects/Data-Warehouse-postgres-DBT-airflow-/.venv/lib/python3.11/site-packages/airflow/example_dags/example_xcom.py for tasks to queue
[2025-05-31T21:20:07.780-0300] {logging_mixin.py:188} INFO - [2025-05-31T21:20:07.780-0300] {dagbag.py:538} INFO - Filling up the DagBag from /home/walterg/Documentos/Data_projects/Data-Warehouse-postgres-DBT-airflow-/.venv/lib/python3.11/site-packages/airflow/example_dags/example_xcom.py
[2025-05-31T21:20:07.787-0300] {processor.py:840} INFO - DAG(s) 'example_xcom' retrieved from /home/walterg/Documentos/Data_projects/Data-Warehouse-postgres-DBT-airflow-/.venv/lib/python3.11/site-packages/airflow/example_dags/example_xcom.py
[2025-05-31T21:20:07.800-0300] {logging_mixin.py:188} INFO - [2025-05-31T21:20:07.799-0300] {dag.py:3036} INFO - Sync 1 DAGs
[2025-05-31T21:20:07.812-0300] {logging_mixin.py:188} INFO - [2025-05-31T21:20:07.812-0300] {dag.py:3823} INFO - Setting next_dagrun for example_xcom to 2021-01-01 00:00:00+00:00, run_after=2021-01-01 00:00:00+00:00
[2025-05-31T21:20:07.828-0300] {processor.py:183} INFO - Processing /home/walterg/Documentos/Data_projects/Data-Warehouse-postgres-DBT-airflow-/.venv/lib/python3.11/site-packages/airflow/example_dags/example_xcom.py took 0.056 seconds
[2025-05-31T21:20:46.517-0300] {processor.py:161} INFO - Started process (PID=38649) to work on /home/walterg/Documentos/Data_projects/Data-Warehouse-postgres-DBT-airflow-/.venv/lib/python3.11/site-packages/airflow/example_dags/example_xcom.py
[2025-05-31T21:20:46.518-0300] {processor.py:830} INFO - Processing file /home/walterg/Documentos/Data_projects/Data-Warehouse-postgres-DBT-airflow-/.venv/lib/python3.11/site-packages/airflow/example_dags/example_xcom.py for tasks to queue
[2025-05-31T21:20:46.519-0300] {logging_mixin.py:188} INFO - [2025-05-31T21:20:46.518-0300] {dagbag.py:538} INFO - Filling up the DagBag from /home/walterg/Documentos/Data_projects/Data-Warehouse-postgres-DBT-airflow-/.venv/lib/python3.11/site-packages/airflow/example_dags/example_xcom.py
[2025-05-31T21:20:46.525-0300] {processor.py:840} INFO - DAG(s) 'example_xcom' retrieved from /home/walterg/Documentos/Data_projects/Data-Warehouse-postgres-DBT-airflow-/.venv/lib/python3.11/site-packages/airflow/example_dags/example_xcom.py
[2025-05-31T21:20:46.537-0300] {logging_mixin.py:188} INFO - [2025-05-31T21:20:46.537-0300] {dag.py:3036} INFO - Sync 1 DAGs
[2025-05-31T21:20:46.556-0300] {logging_mixin.py:188} INFO - [2025-05-31T21:20:46.556-0300] {dag.py:3823} INFO - Setting next_dagrun for example_xcom to 2021-01-01 00:00:00+00:00, run_after=2021-01-01 00:00:00+00:00
[2025-05-31T21:20:46.573-0300] {processor.py:183} INFO - Processing /home/walterg/Documentos/Data_projects/Data-Warehouse-postgres-DBT-airflow-/.venv/lib/python3.11/site-packages/airflow/example_dags/example_xcom.py took 0.058 seconds
[2025-05-31T21:21:26.160-0300] {processor.py:161} INFO - Started process (PID=38887) to work on /home/walterg/Documentos/Data_projects/Data-Warehouse-postgres-DBT-airflow-/.venv/lib/python3.11/site-packages/airflow/example_dags/example_xcom.py
[2025-05-31T21:21:26.165-0300] {processor.py:830} INFO - Processing file /home/walterg/Documentos/Data_projects/Data-Warehouse-postgres-DBT-airflow-/.venv/lib/python3.11/site-packages/airflow/example_dags/example_xcom.py for tasks to queue
[2025-05-31T21:21:26.166-0300] {logging_mixin.py:188} INFO - [2025-05-31T21:21:26.166-0300] {dagbag.py:538} INFO - Filling up the DagBag from /home/walterg/Documentos/Data_projects/Data-Warehouse-postgres-DBT-airflow-/.venv/lib/python3.11/site-packages/airflow/example_dags/example_xcom.py
[2025-05-31T21:21:26.172-0300] {processor.py:840} INFO - DAG(s) 'example_xcom' retrieved from /home/walterg/Documentos/Data_projects/Data-Warehouse-postgres-DBT-airflow-/.venv/lib/python3.11/site-packages/airflow/example_dags/example_xcom.py
[2025-05-31T21:21:26.185-0300] {logging_mixin.py:188} INFO - [2025-05-31T21:21:26.185-0300] {dag.py:3036} INFO - Sync 1 DAGs
[2025-05-31T21:21:26.198-0300] {logging_mixin.py:188} INFO - [2025-05-31T21:21:26.198-0300] {dag.py:3823} INFO - Setting next_dagrun for example_xcom to 2021-01-01 00:00:00+00:00, run_after=2021-01-01 00:00:00+00:00
[2025-05-31T21:21:26.214-0300] {processor.py:183} INFO - Processing /home/walterg/Documentos/Data_projects/Data-Warehouse-postgres-DBT-airflow-/.venv/lib/python3.11/site-packages/airflow/example_dags/example_xcom.py took 0.057 seconds
[2025-05-31T21:22:10.557-0300] {processor.py:161} INFO - Started process (PID=39183) to work on /home/walterg/Documentos/Data_projects/Data-Warehouse-postgres-DBT-airflow-/.venv/lib/python3.11/site-packages/airflow/example_dags/example_xcom.py
[2025-05-31T21:22:10.559-0300] {processor.py:830} INFO - Processing file /home/walterg/Documentos/Data_projects/Data-Warehouse-postgres-DBT-airflow-/.venv/lib/python3.11/site-packages/airflow/example_dags/example_xcom.py for tasks to queue
[2025-05-31T21:22:10.560-0300] {logging_mixin.py:188} INFO - [2025-05-31T21:22:10.560-0300] {dagbag.py:538} INFO - Filling up the DagBag from /home/walterg/Documentos/Data_projects/Data-Warehouse-postgres-DBT-airflow-/.venv/lib/python3.11/site-packages/airflow/example_dags/example_xcom.py
[2025-05-31T21:22:10.567-0300] {processor.py:840} INFO - DAG(s) 'example_xcom' retrieved from /home/walterg/Documentos/Data_projects/Data-Warehouse-postgres-DBT-airflow-/.venv/lib/python3.11/site-packages/airflow/example_dags/example_xcom.py
[2025-05-31T21:22:10.580-0300] {logging_mixin.py:188} INFO - [2025-05-31T21:22:10.579-0300] {dag.py:3036} INFO - Sync 1 DAGs
[2025-05-31T21:22:10.598-0300] {logging_mixin.py:188} INFO - [2025-05-31T21:22:10.598-0300] {dag.py:3823} INFO - Setting next_dagrun for example_xcom to 2021-01-01 00:00:00+00:00, run_after=2021-01-01 00:00:00+00:00
[2025-05-31T21:22:10.614-0300] {processor.py:183} INFO - Processing /home/walterg/Documentos/Data_projects/Data-Warehouse-postgres-DBT-airflow-/.venv/lib/python3.11/site-packages/airflow/example_dags/example_xcom.py took 0.060 seconds
[2025-05-31T21:22:52.051-0300] {processor.py:161} INFO - Started process (PID=39372) to work on /home/walterg/Documentos/Data_projects/Data-Warehouse-postgres-DBT-airflow-/.venv/lib/python3.11/site-packages/airflow/example_dags/example_xcom.py
[2025-05-31T21:22:52.056-0300] {processor.py:830} INFO - Processing file /home/walterg/Documentos/Data_projects/Data-Warehouse-postgres-DBT-airflow-/.venv/lib/python3.11/site-packages/airflow/example_dags/example_xcom.py for tasks to queue
[2025-05-31T21:22:52.057-0300] {logging_mixin.py:188} INFO - [2025-05-31T21:22:52.057-0300] {dagbag.py:538} INFO - Filling up the DagBag from /home/walterg/Documentos/Data_projects/Data-Warehouse-postgres-DBT-airflow-/.venv/lib/python3.11/site-packages/airflow/example_dags/example_xcom.py
[2025-05-31T21:22:52.064-0300] {processor.py:840} INFO - DAG(s) 'example_xcom' retrieved from /home/walterg/Documentos/Data_projects/Data-Warehouse-postgres-DBT-airflow-/.venv/lib/python3.11/site-packages/airflow/example_dags/example_xcom.py
[2025-05-31T21:22:52.185-0300] {logging_mixin.py:188} INFO - [2025-05-31T21:22:52.185-0300] {dag.py:3036} INFO - Sync 1 DAGs
[2025-05-31T21:22:52.197-0300] {logging_mixin.py:188} INFO - [2025-05-31T21:22:52.197-0300] {dag.py:3823} INFO - Setting next_dagrun for example_xcom to 2021-01-01 00:00:00+00:00, run_after=2021-01-01 00:00:00+00:00
[2025-05-31T21:22:52.217-0300] {processor.py:183} INFO - Processing /home/walterg/Documentos/Data_projects/Data-Warehouse-postgres-DBT-airflow-/.venv/lib/python3.11/site-packages/airflow/example_dags/example_xcom.py took 0.169 seconds
[2025-05-31T21:23:37.402-0300] {processor.py:161} INFO - Started process (PID=39585) to work on /home/walterg/Documentos/Data_projects/Data-Warehouse-postgres-DBT-airflow-/.venv/lib/python3.11/site-packages/airflow/example_dags/example_xcom.py
[2025-05-31T21:23:37.408-0300] {processor.py:830} INFO - Processing file /home/walterg/Documentos/Data_projects/Data-Warehouse-postgres-DBT-airflow-/.venv/lib/python3.11/site-packages/airflow/example_dags/example_xcom.py for tasks to queue
[2025-05-31T21:23:37.409-0300] {logging_mixin.py:188} INFO - [2025-05-31T21:23:37.408-0300] {dagbag.py:538} INFO - Filling up the DagBag from /home/walterg/Documentos/Data_projects/Data-Warehouse-postgres-DBT-airflow-/.venv/lib/python3.11/site-packages/airflow/example_dags/example_xcom.py
[2025-05-31T21:23:37.415-0300] {processor.py:840} INFO - DAG(s) 'example_xcom' retrieved from /home/walterg/Documentos/Data_projects/Data-Warehouse-postgres-DBT-airflow-/.venv/lib/python3.11/site-packages/airflow/example_dags/example_xcom.py
[2025-05-31T21:23:37.428-0300] {logging_mixin.py:188} INFO - [2025-05-31T21:23:37.428-0300] {dag.py:3036} INFO - Sync 1 DAGs
[2025-05-31T21:23:37.441-0300] {logging_mixin.py:188} INFO - [2025-05-31T21:23:37.441-0300] {dag.py:3823} INFO - Setting next_dagrun for example_xcom to 2021-01-01 00:00:00+00:00, run_after=2021-01-01 00:00:00+00:00
[2025-05-31T21:23:37.457-0300] {processor.py:183} INFO - Processing /home/walterg/Documentos/Data_projects/Data-Warehouse-postgres-DBT-airflow-/.venv/lib/python3.11/site-packages/airflow/example_dags/example_xcom.py took 0.057 seconds
[2025-05-31T21:24:24.968-0300] {processor.py:161} INFO - Started process (PID=39759) to work on /home/walterg/Documentos/Data_projects/Data-Warehouse-postgres-DBT-airflow-/.venv/lib/python3.11/site-packages/airflow/example_dags/example_xcom.py
[2025-05-31T21:24:24.973-0300] {processor.py:830} INFO - Processing file /home/walterg/Documentos/Data_projects/Data-Warehouse-postgres-DBT-airflow-/.venv/lib/python3.11/site-packages/airflow/example_dags/example_xcom.py for tasks to queue
[2025-05-31T21:24:24.975-0300] {logging_mixin.py:188} INFO - [2025-05-31T21:24:24.974-0300] {dagbag.py:538} INFO - Filling up the DagBag from /home/walterg/Documentos/Data_projects/Data-Warehouse-postgres-DBT-airflow-/.venv/lib/python3.11/site-packages/airflow/example_dags/example_xcom.py
[2025-05-31T21:24:24.981-0300] {processor.py:840} INFO - DAG(s) 'example_xcom' retrieved from /home/walterg/Documentos/Data_projects/Data-Warehouse-postgres-DBT-airflow-/.venv/lib/python3.11/site-packages/airflow/example_dags/example_xcom.py
[2025-05-31T21:24:25.092-0300] {logging_mixin.py:188} INFO - [2025-05-31T21:24:25.091-0300] {dag.py:3036} INFO - Sync 1 DAGs
[2025-05-31T21:24:25.102-0300] {logging_mixin.py:188} INFO - [2025-05-31T21:24:25.102-0300] {dag.py:3823} INFO - Setting next_dagrun for example_xcom to 2021-01-01 00:00:00+00:00, run_after=2021-01-01 00:00:00+00:00
[2025-05-31T21:24:25.119-0300] {processor.py:183} INFO - Processing /home/walterg/Documentos/Data_projects/Data-Warehouse-postgres-DBT-airflow-/.venv/lib/python3.11/site-packages/airflow/example_dags/example_xcom.py took 0.153 seconds
[2025-05-31T21:25:15.552-0300] {processor.py:161} INFO - Started process (PID=40019) to work on /home/walterg/Documentos/Data_projects/Data-Warehouse-postgres-DBT-airflow-/.venv/lib/python3.11/site-packages/airflow/example_dags/example_xcom.py
[2025-05-31T21:25:15.557-0300] {processor.py:830} INFO - Processing file /home/walterg/Documentos/Data_projects/Data-Warehouse-postgres-DBT-airflow-/.venv/lib/python3.11/site-packages/airflow/example_dags/example_xcom.py for tasks to queue
[2025-05-31T21:25:15.558-0300] {logging_mixin.py:188} INFO - [2025-05-31T21:25:15.558-0300] {dagbag.py:538} INFO - Filling up the DagBag from /home/walterg/Documentos/Data_projects/Data-Warehouse-postgres-DBT-airflow-/.venv/lib/python3.11/site-packages/airflow/example_dags/example_xcom.py
[2025-05-31T21:25:15.567-0300] {processor.py:840} INFO - DAG(s) 'example_xcom' retrieved from /home/walterg/Documentos/Data_projects/Data-Warehouse-postgres-DBT-airflow-/.venv/lib/python3.11/site-packages/airflow/example_dags/example_xcom.py
[2025-05-31T21:25:15.585-0300] {logging_mixin.py:188} INFO - [2025-05-31T21:25:15.585-0300] {dag.py:3036} INFO - Sync 1 DAGs
[2025-05-31T21:25:15.603-0300] {logging_mixin.py:188} INFO - [2025-05-31T21:25:15.603-0300] {dag.py:3823} INFO - Setting next_dagrun for example_xcom to 2021-01-01 00:00:00+00:00, run_after=2021-01-01 00:00:00+00:00
[2025-05-31T21:25:15.620-0300] {processor.py:183} INFO - Processing /home/walterg/Documentos/Data_projects/Data-Warehouse-postgres-DBT-airflow-/.venv/lib/python3.11/site-packages/airflow/example_dags/example_xcom.py took 0.071 seconds
[2025-05-31T21:25:56.919-0300] {processor.py:161} INFO - Started process (PID=40330) to work on /home/walterg/Documentos/Data_projects/Data-Warehouse-postgres-DBT-airflow-/.venv/lib/python3.11/site-packages/airflow/example_dags/example_xcom.py
[2025-05-31T21:25:56.924-0300] {processor.py:830} INFO - Processing file /home/walterg/Documentos/Data_projects/Data-Warehouse-postgres-DBT-airflow-/.venv/lib/python3.11/site-packages/airflow/example_dags/example_xcom.py for tasks to queue
[2025-05-31T21:25:56.925-0300] {logging_mixin.py:188} INFO - [2025-05-31T21:25:56.925-0300] {dagbag.py:538} INFO - Filling up the DagBag from /home/walterg/Documentos/Data_projects/Data-Warehouse-postgres-DBT-airflow-/.venv/lib/python3.11/site-packages/airflow/example_dags/example_xcom.py
[2025-05-31T21:25:56.933-0300] {processor.py:840} INFO - DAG(s) 'example_xcom' retrieved from /home/walterg/Documentos/Data_projects/Data-Warehouse-postgres-DBT-airflow-/.venv/lib/python3.11/site-packages/airflow/example_dags/example_xcom.py
[2025-05-31T21:25:56.946-0300] {logging_mixin.py:188} INFO - [2025-05-31T21:25:56.945-0300] {dag.py:3036} INFO - Sync 1 DAGs
[2025-05-31T21:25:56.958-0300] {logging_mixin.py:188} INFO - [2025-05-31T21:25:56.958-0300] {dag.py:3823} INFO - Setting next_dagrun for example_xcom to 2021-01-01 00:00:00+00:00, run_after=2021-01-01 00:00:00+00:00
[2025-05-31T21:25:56.975-0300] {processor.py:183} INFO - Processing /home/walterg/Documentos/Data_projects/Data-Warehouse-postgres-DBT-airflow-/.venv/lib/python3.11/site-packages/airflow/example_dags/example_xcom.py took 0.059 seconds
[2025-05-31T21:26:35.430-0300] {processor.py:161} INFO - Started process (PID=40586) to work on /home/walterg/Documentos/Data_projects/Data-Warehouse-postgres-DBT-airflow-/.venv/lib/python3.11/site-packages/airflow/example_dags/example_xcom.py
[2025-05-31T21:26:35.436-0300] {processor.py:830} INFO - Processing file /home/walterg/Documentos/Data_projects/Data-Warehouse-postgres-DBT-airflow-/.venv/lib/python3.11/site-packages/airflow/example_dags/example_xcom.py for tasks to queue
[2025-05-31T21:26:35.437-0300] {logging_mixin.py:188} INFO - [2025-05-31T21:26:35.437-0300] {dagbag.py:538} INFO - Filling up the DagBag from /home/walterg/Documentos/Data_projects/Data-Warehouse-postgres-DBT-airflow-/.venv/lib/python3.11/site-packages/airflow/example_dags/example_xcom.py
[2025-05-31T21:26:35.443-0300] {processor.py:840} INFO - DAG(s) 'example_xcom' retrieved from /home/walterg/Documentos/Data_projects/Data-Warehouse-postgres-DBT-airflow-/.venv/lib/python3.11/site-packages/airflow/example_dags/example_xcom.py
[2025-05-31T21:26:35.456-0300] {logging_mixin.py:188} INFO - [2025-05-31T21:26:35.456-0300] {dag.py:3036} INFO - Sync 1 DAGs
[2025-05-31T21:26:35.468-0300] {logging_mixin.py:188} INFO - [2025-05-31T21:26:35.468-0300] {dag.py:3823} INFO - Setting next_dagrun for example_xcom to 2021-01-01 00:00:00+00:00, run_after=2021-01-01 00:00:00+00:00
[2025-05-31T21:26:35.485-0300] {processor.py:183} INFO - Processing /home/walterg/Documentos/Data_projects/Data-Warehouse-postgres-DBT-airflow-/.venv/lib/python3.11/site-packages/airflow/example_dags/example_xcom.py took 0.057 seconds
[2025-05-31T21:27:17.849-0300] {processor.py:161} INFO - Started process (PID=40885) to work on /home/walterg/Documentos/Data_projects/Data-Warehouse-postgres-DBT-airflow-/.venv/lib/python3.11/site-packages/airflow/example_dags/example_xcom.py
[2025-05-31T21:27:17.850-0300] {processor.py:830} INFO - Processing file /home/walterg/Documentos/Data_projects/Data-Warehouse-postgres-DBT-airflow-/.venv/lib/python3.11/site-packages/airflow/example_dags/example_xcom.py for tasks to queue
[2025-05-31T21:27:17.851-0300] {logging_mixin.py:188} INFO - [2025-05-31T21:27:17.850-0300] {dagbag.py:538} INFO - Filling up the DagBag from /home/walterg/Documentos/Data_projects/Data-Warehouse-postgres-DBT-airflow-/.venv/lib/python3.11/site-packages/airflow/example_dags/example_xcom.py
[2025-05-31T21:27:17.859-0300] {processor.py:840} INFO - DAG(s) 'example_xcom' retrieved from /home/walterg/Documentos/Data_projects/Data-Warehouse-postgres-DBT-airflow-/.venv/lib/python3.11/site-packages/airflow/example_dags/example_xcom.py
[2025-05-31T21:27:17.878-0300] {logging_mixin.py:188} INFO - [2025-05-31T21:27:17.877-0300] {dag.py:3036} INFO - Sync 1 DAGs
[2025-05-31T21:27:17.894-0300] {logging_mixin.py:188} INFO - [2025-05-31T21:27:17.894-0300] {dag.py:3823} INFO - Setting next_dagrun for example_xcom to 2021-01-01 00:00:00+00:00, run_after=2021-01-01 00:00:00+00:00
[2025-05-31T21:27:17.914-0300] {processor.py:183} INFO - Processing /home/walterg/Documentos/Data_projects/Data-Warehouse-postgres-DBT-airflow-/.venv/lib/python3.11/site-packages/airflow/example_dags/example_xcom.py took 0.069 seconds
[2025-05-31T21:27:56.600-0300] {processor.py:161} INFO - Started process (PID=41243) to work on /home/walterg/Documentos/Data_projects/Data-Warehouse-postgres-DBT-airflow-/.venv/lib/python3.11/site-packages/airflow/example_dags/example_xcom.py
[2025-05-31T21:27:56.601-0300] {processor.py:830} INFO - Processing file /home/walterg/Documentos/Data_projects/Data-Warehouse-postgres-DBT-airflow-/.venv/lib/python3.11/site-packages/airflow/example_dags/example_xcom.py for tasks to queue
[2025-05-31T21:27:56.602-0300] {logging_mixin.py:188} INFO - [2025-05-31T21:27:56.601-0300] {dagbag.py:538} INFO - Filling up the DagBag from /home/walterg/Documentos/Data_projects/Data-Warehouse-postgres-DBT-airflow-/.venv/lib/python3.11/site-packages/airflow/example_dags/example_xcom.py
[2025-05-31T21:27:56.609-0300] {processor.py:840} INFO - DAG(s) 'example_xcom' retrieved from /home/walterg/Documentos/Data_projects/Data-Warehouse-postgres-DBT-airflow-/.venv/lib/python3.11/site-packages/airflow/example_dags/example_xcom.py
[2025-05-31T21:27:56.622-0300] {logging_mixin.py:188} INFO - [2025-05-31T21:27:56.621-0300] {dag.py:3036} INFO - Sync 1 DAGs
[2025-05-31T21:27:56.634-0300] {logging_mixin.py:188} INFO - [2025-05-31T21:27:56.634-0300] {dag.py:3823} INFO - Setting next_dagrun for example_xcom to 2021-01-01 00:00:00+00:00, run_after=2021-01-01 00:00:00+00:00
[2025-05-31T21:27:56.653-0300] {processor.py:183} INFO - Processing /home/walterg/Documentos/Data_projects/Data-Warehouse-postgres-DBT-airflow-/.venv/lib/python3.11/site-packages/airflow/example_dags/example_xcom.py took 0.056 seconds
[2025-05-31T21:28:39.583-0300] {processor.py:161} INFO - Started process (PID=41428) to work on /home/walterg/Documentos/Data_projects/Data-Warehouse-postgres-DBT-airflow-/.venv/lib/python3.11/site-packages/airflow/example_dags/example_xcom.py
[2025-05-31T21:28:39.588-0300] {processor.py:830} INFO - Processing file /home/walterg/Documentos/Data_projects/Data-Warehouse-postgres-DBT-airflow-/.venv/lib/python3.11/site-packages/airflow/example_dags/example_xcom.py for tasks to queue
[2025-05-31T21:28:39.589-0300] {logging_mixin.py:188} INFO - [2025-05-31T21:28:39.588-0300] {dagbag.py:538} INFO - Filling up the DagBag from /home/walterg/Documentos/Data_projects/Data-Warehouse-postgres-DBT-airflow-/.venv/lib/python3.11/site-packages/airflow/example_dags/example_xcom.py
[2025-05-31T21:28:39.595-0300] {processor.py:840} INFO - DAG(s) 'example_xcom' retrieved from /home/walterg/Documentos/Data_projects/Data-Warehouse-postgres-DBT-airflow-/.venv/lib/python3.11/site-packages/airflow/example_dags/example_xcom.py
[2025-05-31T21:28:39.608-0300] {logging_mixin.py:188} INFO - [2025-05-31T21:28:39.608-0300] {dag.py:3036} INFO - Sync 1 DAGs
[2025-05-31T21:28:39.621-0300] {logging_mixin.py:188} INFO - [2025-05-31T21:28:39.621-0300] {dag.py:3823} INFO - Setting next_dagrun for example_xcom to 2021-01-01 00:00:00+00:00, run_after=2021-01-01 00:00:00+00:00
[2025-05-31T21:28:39.636-0300] {processor.py:183} INFO - Processing /home/walterg/Documentos/Data_projects/Data-Warehouse-postgres-DBT-airflow-/.venv/lib/python3.11/site-packages/airflow/example_dags/example_xcom.py took 0.055 seconds
[2025-05-31T21:29:20.455-0300] {processor.py:161} INFO - Started process (PID=41642) to work on /home/walterg/Documentos/Data_projects/Data-Warehouse-postgres-DBT-airflow-/.venv/lib/python3.11/site-packages/airflow/example_dags/example_xcom.py
[2025-05-31T21:29:20.460-0300] {processor.py:830} INFO - Processing file /home/walterg/Documentos/Data_projects/Data-Warehouse-postgres-DBT-airflow-/.venv/lib/python3.11/site-packages/airflow/example_dags/example_xcom.py for tasks to queue
[2025-05-31T21:29:20.462-0300] {logging_mixin.py:188} INFO - [2025-05-31T21:29:20.461-0300] {dagbag.py:538} INFO - Filling up the DagBag from /home/walterg/Documentos/Data_projects/Data-Warehouse-postgres-DBT-airflow-/.venv/lib/python3.11/site-packages/airflow/example_dags/example_xcom.py
[2025-05-31T21:29:20.468-0300] {processor.py:840} INFO - DAG(s) 'example_xcom' retrieved from /home/walterg/Documentos/Data_projects/Data-Warehouse-postgres-DBT-airflow-/.venv/lib/python3.11/site-packages/airflow/example_dags/example_xcom.py
[2025-05-31T21:29:20.482-0300] {logging_mixin.py:188} INFO - [2025-05-31T21:29:20.481-0300] {dag.py:3036} INFO - Sync 1 DAGs
[2025-05-31T21:29:20.496-0300] {logging_mixin.py:188} INFO - [2025-05-31T21:29:20.495-0300] {dag.py:3823} INFO - Setting next_dagrun for example_xcom to 2021-01-01 00:00:00+00:00, run_after=2021-01-01 00:00:00+00:00
[2025-05-31T21:29:20.514-0300] {processor.py:183} INFO - Processing /home/walterg/Documentos/Data_projects/Data-Warehouse-postgres-DBT-airflow-/.venv/lib/python3.11/site-packages/airflow/example_dags/example_xcom.py took 0.062 seconds
[2025-05-31T21:29:58.735-0300] {processor.py:161} INFO - Started process (PID=41740) to work on /home/walterg/Documentos/Data_projects/Data-Warehouse-postgres-DBT-airflow-/.venv/lib/python3.11/site-packages/airflow/example_dags/example_xcom.py
[2025-05-31T21:29:58.740-0300] {processor.py:830} INFO - Processing file /home/walterg/Documentos/Data_projects/Data-Warehouse-postgres-DBT-airflow-/.venv/lib/python3.11/site-packages/airflow/example_dags/example_xcom.py for tasks to queue
[2025-05-31T21:29:58.742-0300] {logging_mixin.py:188} INFO - [2025-05-31T21:29:58.741-0300] {dagbag.py:538} INFO - Filling up the DagBag from /home/walterg/Documentos/Data_projects/Data-Warehouse-postgres-DBT-airflow-/.venv/lib/python3.11/site-packages/airflow/example_dags/example_xcom.py
[2025-05-31T21:29:58.748-0300] {processor.py:840} INFO - DAG(s) 'example_xcom' retrieved from /home/walterg/Documentos/Data_projects/Data-Warehouse-postgres-DBT-airflow-/.venv/lib/python3.11/site-packages/airflow/example_dags/example_xcom.py
[2025-05-31T21:29:58.761-0300] {logging_mixin.py:188} INFO - [2025-05-31T21:29:58.761-0300] {dag.py:3036} INFO - Sync 1 DAGs
[2025-05-31T21:29:58.774-0300] {logging_mixin.py:188} INFO - [2025-05-31T21:29:58.774-0300] {dag.py:3823} INFO - Setting next_dagrun for example_xcom to 2021-01-01 00:00:00+00:00, run_after=2021-01-01 00:00:00+00:00
[2025-05-31T21:29:58.792-0300] {processor.py:183} INFO - Processing /home/walterg/Documentos/Data_projects/Data-Warehouse-postgres-DBT-airflow-/.venv/lib/python3.11/site-packages/airflow/example_dags/example_xcom.py took 0.059 seconds
[2025-05-31T21:30:38.283-0300] {processor.py:161} INFO - Started process (PID=41901) to work on /home/walterg/Documentos/Data_projects/Data-Warehouse-postgres-DBT-airflow-/.venv/lib/python3.11/site-packages/airflow/example_dags/example_xcom.py
[2025-05-31T21:30:38.288-0300] {processor.py:830} INFO - Processing file /home/walterg/Documentos/Data_projects/Data-Warehouse-postgres-DBT-airflow-/.venv/lib/python3.11/site-packages/airflow/example_dags/example_xcom.py for tasks to queue
[2025-05-31T21:30:38.288-0300] {logging_mixin.py:188} INFO - [2025-05-31T21:30:38.288-0300] {dagbag.py:538} INFO - Filling up the DagBag from /home/walterg/Documentos/Data_projects/Data-Warehouse-postgres-DBT-airflow-/.venv/lib/python3.11/site-packages/airflow/example_dags/example_xcom.py
[2025-05-31T21:30:38.295-0300] {processor.py:840} INFO - DAG(s) 'example_xcom' retrieved from /home/walterg/Documentos/Data_projects/Data-Warehouse-postgres-DBT-airflow-/.venv/lib/python3.11/site-packages/airflow/example_dags/example_xcom.py
[2025-05-31T21:30:38.308-0300] {logging_mixin.py:188} INFO - [2025-05-31T21:30:38.308-0300] {dag.py:3036} INFO - Sync 1 DAGs
[2025-05-31T21:30:38.321-0300] {logging_mixin.py:188} INFO - [2025-05-31T21:30:38.321-0300] {dag.py:3823} INFO - Setting next_dagrun for example_xcom to 2021-01-01 00:00:00+00:00, run_after=2021-01-01 00:00:00+00:00
[2025-05-31T21:30:38.338-0300] {processor.py:183} INFO - Processing /home/walterg/Documentos/Data_projects/Data-Warehouse-postgres-DBT-airflow-/.venv/lib/python3.11/site-packages/airflow/example_dags/example_xcom.py took 0.058 seconds
[2025-05-31T21:31:18.632-0300] {processor.py:161} INFO - Started process (PID=42128) to work on /home/walterg/Documentos/Data_projects/Data-Warehouse-postgres-DBT-airflow-/.venv/lib/python3.11/site-packages/airflow/example_dags/example_xcom.py
[2025-05-31T21:31:18.637-0300] {processor.py:830} INFO - Processing file /home/walterg/Documentos/Data_projects/Data-Warehouse-postgres-DBT-airflow-/.venv/lib/python3.11/site-packages/airflow/example_dags/example_xcom.py for tasks to queue
[2025-05-31T21:31:18.638-0300] {logging_mixin.py:188} INFO - [2025-05-31T21:31:18.638-0300] {dagbag.py:538} INFO - Filling up the DagBag from /home/walterg/Documentos/Data_projects/Data-Warehouse-postgres-DBT-airflow-/.venv/lib/python3.11/site-packages/airflow/example_dags/example_xcom.py
[2025-05-31T21:31:18.645-0300] {processor.py:840} INFO - DAG(s) 'example_xcom' retrieved from /home/walterg/Documentos/Data_projects/Data-Warehouse-postgres-DBT-airflow-/.venv/lib/python3.11/site-packages/airflow/example_dags/example_xcom.py
[2025-05-31T21:31:18.657-0300] {logging_mixin.py:188} INFO - [2025-05-31T21:31:18.657-0300] {dag.py:3036} INFO - Sync 1 DAGs
[2025-05-31T21:31:18.671-0300] {logging_mixin.py:188} INFO - [2025-05-31T21:31:18.671-0300] {dag.py:3823} INFO - Setting next_dagrun for example_xcom to 2021-01-01 00:00:00+00:00, run_after=2021-01-01 00:00:00+00:00
[2025-05-31T21:31:18.689-0300] {processor.py:183} INFO - Processing /home/walterg/Documentos/Data_projects/Data-Warehouse-postgres-DBT-airflow-/.venv/lib/python3.11/site-packages/airflow/example_dags/example_xcom.py took 0.059 seconds
[2025-05-31T21:31:58.017-0300] {processor.py:161} INFO - Started process (PID=42214) to work on /home/walterg/Documentos/Data_projects/Data-Warehouse-postgres-DBT-airflow-/.venv/lib/python3.11/site-packages/airflow/example_dags/example_xcom.py
[2025-05-31T21:31:58.022-0300] {processor.py:830} INFO - Processing file /home/walterg/Documentos/Data_projects/Data-Warehouse-postgres-DBT-airflow-/.venv/lib/python3.11/site-packages/airflow/example_dags/example_xcom.py for tasks to queue
[2025-05-31T21:31:58.023-0300] {logging_mixin.py:188} INFO - [2025-05-31T21:31:58.023-0300] {dagbag.py:538} INFO - Filling up the DagBag from /home/walterg/Documentos/Data_projects/Data-Warehouse-postgres-DBT-airflow-/.venv/lib/python3.11/site-packages/airflow/example_dags/example_xcom.py
[2025-05-31T21:31:58.030-0300] {processor.py:840} INFO - DAG(s) 'example_xcom' retrieved from /home/walterg/Documentos/Data_projects/Data-Warehouse-postgres-DBT-airflow-/.venv/lib/python3.11/site-packages/airflow/example_dags/example_xcom.py
[2025-05-31T21:31:58.045-0300] {logging_mixin.py:188} INFO - [2025-05-31T21:31:58.045-0300] {dag.py:3036} INFO - Sync 1 DAGs
[2025-05-31T21:31:58.059-0300] {logging_mixin.py:188} INFO - [2025-05-31T21:31:58.059-0300] {dag.py:3823} INFO - Setting next_dagrun for example_xcom to 2021-01-01 00:00:00+00:00, run_after=2021-01-01 00:00:00+00:00
[2025-05-31T21:31:58.079-0300] {processor.py:183} INFO - Processing /home/walterg/Documentos/Data_projects/Data-Warehouse-postgres-DBT-airflow-/.venv/lib/python3.11/site-packages/airflow/example_dags/example_xcom.py took 0.064 seconds
[2025-05-31T21:32:38.911-0300] {processor.py:161} INFO - Started process (PID=42544) to work on /home/walterg/Documentos/Data_projects/Data-Warehouse-postgres-DBT-airflow-/.venv/lib/python3.11/site-packages/airflow/example_dags/example_xcom.py
[2025-05-31T21:32:38.912-0300] {processor.py:830} INFO - Processing file /home/walterg/Documentos/Data_projects/Data-Warehouse-postgres-DBT-airflow-/.venv/lib/python3.11/site-packages/airflow/example_dags/example_xcom.py for tasks to queue
[2025-05-31T21:32:38.913-0300] {logging_mixin.py:188} INFO - [2025-05-31T21:32:38.912-0300] {dagbag.py:538} INFO - Filling up the DagBag from /home/walterg/Documentos/Data_projects/Data-Warehouse-postgres-DBT-airflow-/.venv/lib/python3.11/site-packages/airflow/example_dags/example_xcom.py
[2025-05-31T21:32:38.919-0300] {processor.py:840} INFO - DAG(s) 'example_xcom' retrieved from /home/walterg/Documentos/Data_projects/Data-Warehouse-postgres-DBT-airflow-/.venv/lib/python3.11/site-packages/airflow/example_dags/example_xcom.py
[2025-05-31T21:32:38.932-0300] {logging_mixin.py:188} INFO - [2025-05-31T21:32:38.932-0300] {dag.py:3036} INFO - Sync 1 DAGs
[2025-05-31T21:32:38.946-0300] {logging_mixin.py:188} INFO - [2025-05-31T21:32:38.946-0300] {dag.py:3823} INFO - Setting next_dagrun for example_xcom to 2021-01-01 00:00:00+00:00, run_after=2021-01-01 00:00:00+00:00
[2025-05-31T21:32:38.962-0300] {processor.py:183} INFO - Processing /home/walterg/Documentos/Data_projects/Data-Warehouse-postgres-DBT-airflow-/.venv/lib/python3.11/site-packages/airflow/example_dags/example_xcom.py took 0.054 seconds
[2025-05-31T21:33:24.014-0300] {processor.py:161} INFO - Started process (PID=42876) to work on /home/walterg/Documentos/Data_projects/Data-Warehouse-postgres-DBT-airflow-/.venv/lib/python3.11/site-packages/airflow/example_dags/example_xcom.py
[2025-05-31T21:33:24.019-0300] {processor.py:830} INFO - Processing file /home/walterg/Documentos/Data_projects/Data-Warehouse-postgres-DBT-airflow-/.venv/lib/python3.11/site-packages/airflow/example_dags/example_xcom.py for tasks to queue
[2025-05-31T21:33:24.021-0300] {logging_mixin.py:188} INFO - [2025-05-31T21:33:24.020-0300] {dagbag.py:538} INFO - Filling up the DagBag from /home/walterg/Documentos/Data_projects/Data-Warehouse-postgres-DBT-airflow-/.venv/lib/python3.11/site-packages/airflow/example_dags/example_xcom.py
[2025-05-31T21:33:24.027-0300] {processor.py:840} INFO - DAG(s) 'example_xcom' retrieved from /home/walterg/Documentos/Data_projects/Data-Warehouse-postgres-DBT-airflow-/.venv/lib/python3.11/site-packages/airflow/example_dags/example_xcom.py
[2025-05-31T21:33:24.039-0300] {logging_mixin.py:188} INFO - [2025-05-31T21:33:24.039-0300] {dag.py:3036} INFO - Sync 1 DAGs
[2025-05-31T21:33:24.052-0300] {logging_mixin.py:188} INFO - [2025-05-31T21:33:24.052-0300] {dag.py:3823} INFO - Setting next_dagrun for example_xcom to 2021-01-01 00:00:00+00:00, run_after=2021-01-01 00:00:00+00:00
[2025-05-31T21:33:24.068-0300] {processor.py:183} INFO - Processing /home/walterg/Documentos/Data_projects/Data-Warehouse-postgres-DBT-airflow-/.venv/lib/python3.11/site-packages/airflow/example_dags/example_xcom.py took 0.057 seconds
[2025-05-31T21:34:02.969-0300] {processor.py:161} INFO - Started process (PID=42936) to work on /home/walterg/Documentos/Data_projects/Data-Warehouse-postgres-DBT-airflow-/.venv/lib/python3.11/site-packages/airflow/example_dags/example_xcom.py
[2025-05-31T21:34:02.974-0300] {processor.py:830} INFO - Processing file /home/walterg/Documentos/Data_projects/Data-Warehouse-postgres-DBT-airflow-/.venv/lib/python3.11/site-packages/airflow/example_dags/example_xcom.py for tasks to queue
[2025-05-31T21:34:02.974-0300] {logging_mixin.py:188} INFO - [2025-05-31T21:34:02.974-0300] {dagbag.py:538} INFO - Filling up the DagBag from /home/walterg/Documentos/Data_projects/Data-Warehouse-postgres-DBT-airflow-/.venv/lib/python3.11/site-packages/airflow/example_dags/example_xcom.py
[2025-05-31T21:34:02.981-0300] {processor.py:840} INFO - DAG(s) 'example_xcom' retrieved from /home/walterg/Documentos/Data_projects/Data-Warehouse-postgres-DBT-airflow-/.venv/lib/python3.11/site-packages/airflow/example_dags/example_xcom.py
[2025-05-31T21:34:02.993-0300] {logging_mixin.py:188} INFO - [2025-05-31T21:34:02.993-0300] {dag.py:3036} INFO - Sync 1 DAGs
[2025-05-31T21:34:03.005-0300] {logging_mixin.py:188} INFO - [2025-05-31T21:34:03.005-0300] {dag.py:3823} INFO - Setting next_dagrun for example_xcom to 2021-01-01 00:00:00+00:00, run_after=2021-01-01 00:00:00+00:00
[2025-05-31T21:34:03.021-0300] {processor.py:183} INFO - Processing /home/walterg/Documentos/Data_projects/Data-Warehouse-postgres-DBT-airflow-/.venv/lib/python3.11/site-packages/airflow/example_dags/example_xcom.py took 0.055 seconds
[2025-05-31T21:34:40.584-0300] {processor.py:161} INFO - Started process (PID=43068) to work on /home/walterg/Documentos/Data_projects/Data-Warehouse-postgres-DBT-airflow-/.venv/lib/python3.11/site-packages/airflow/example_dags/example_xcom.py
[2025-05-31T21:34:40.585-0300] {processor.py:830} INFO - Processing file /home/walterg/Documentos/Data_projects/Data-Warehouse-postgres-DBT-airflow-/.venv/lib/python3.11/site-packages/airflow/example_dags/example_xcom.py for tasks to queue
[2025-05-31T21:34:40.586-0300] {logging_mixin.py:188} INFO - [2025-05-31T21:34:40.585-0300] {dagbag.py:538} INFO - Filling up the DagBag from /home/walterg/Documentos/Data_projects/Data-Warehouse-postgres-DBT-airflow-/.venv/lib/python3.11/site-packages/airflow/example_dags/example_xcom.py
[2025-05-31T21:34:40.593-0300] {processor.py:840} INFO - DAG(s) 'example_xcom' retrieved from /home/walterg/Documentos/Data_projects/Data-Warehouse-postgres-DBT-airflow-/.venv/lib/python3.11/site-packages/airflow/example_dags/example_xcom.py
[2025-05-31T21:34:40.605-0300] {logging_mixin.py:188} INFO - [2025-05-31T21:34:40.605-0300] {dag.py:3036} INFO - Sync 1 DAGs
[2025-05-31T21:34:40.619-0300] {logging_mixin.py:188} INFO - [2025-05-31T21:34:40.619-0300] {dag.py:3823} INFO - Setting next_dagrun for example_xcom to 2021-01-01 00:00:00+00:00, run_after=2021-01-01 00:00:00+00:00
[2025-05-31T21:34:40.637-0300] {processor.py:183} INFO - Processing /home/walterg/Documentos/Data_projects/Data-Warehouse-postgres-DBT-airflow-/.venv/lib/python3.11/site-packages/airflow/example_dags/example_xcom.py took 0.056 seconds
