[2025-05-31T21:00:22.542-0300] {processor.py:161} INFO - Started process (PID=32651) to work on /home/walterg/Documentos/Data_projects/Data-Warehouse-postgres-DBT-airflow-/.venv/lib/python3.11/site-packages/airflow/example_dags/example_branch_python_dop_operator_3.py
[2025-05-31T21:00:22.542-0300] {processor.py:830} INFO - Processing file /home/walterg/Documentos/Data_projects/Data-Warehouse-postgres-DBT-airflow-/.venv/lib/python3.11/site-packages/airflow/example_dags/example_branch_python_dop_operator_3.py for tasks to queue
[2025-05-31T21:00:22.543-0300] {logging_mixin.py:188} INFO - [2025-05-31T21:00:22.543-0300] {dagbag.py:538} INFO - Filling up the DagBag from /home/walterg/Documentos/Data_projects/Data-Warehouse-postgres-DBT-airflow-/.venv/lib/python3.11/site-packages/airflow/example_dags/example_branch_python_dop_operator_3.py
[2025-05-31T21:00:22.550-0300] {processor.py:840} INFO - DAG(s) 'example_branch_dop_operator_v3' retrieved from /home/walterg/Documentos/Data_projects/Data-Warehouse-postgres-DBT-airflow-/.venv/lib/python3.11/site-packages/airflow/example_dags/example_branch_python_dop_operator_3.py
[2025-05-31T21:00:22.562-0300] {logging_mixin.py:188} INFO - [2025-05-31T21:00:22.562-0300] {dag.py:3036} INFO - Sync 1 DAGs
[2025-05-31T21:00:22.577-0300] {logging_mixin.py:188} INFO - [2025-05-31T21:00:22.577-0300] {dag.py:3823} INFO - Setting next_dagrun for example_branch_dop_operator_v3 to 2025-05-31 23:59:00+00:00, run_after=2025-06-01 00:00:00+00:00
[2025-05-31T21:00:22.598-0300] {processor.py:183} INFO - Processing /home/walterg/Documentos/Data_projects/Data-Warehouse-postgres-DBT-airflow-/.venv/lib/python3.11/site-packages/airflow/example_dags/example_branch_python_dop_operator_3.py took 0.059 seconds
[2025-05-31T21:01:27.115-0300] {processor.py:161} INFO - Started process (PID=32967) to work on /home/walterg/Documentos/Data_projects/Data-Warehouse-postgres-DBT-airflow-/.venv/lib/python3.11/site-packages/airflow/example_dags/example_branch_python_dop_operator_3.py
[2025-05-31T21:01:27.120-0300] {processor.py:830} INFO - Processing file /home/walterg/Documentos/Data_projects/Data-Warehouse-postgres-DBT-airflow-/.venv/lib/python3.11/site-packages/airflow/example_dags/example_branch_python_dop_operator_3.py for tasks to queue
[2025-05-31T21:01:27.121-0300] {logging_mixin.py:188} INFO - [2025-05-31T21:01:27.120-0300] {dagbag.py:538} INFO - Filling up the DagBag from /home/walterg/Documentos/Data_projects/Data-Warehouse-postgres-DBT-airflow-/.venv/lib/python3.11/site-packages/airflow/example_dags/example_branch_python_dop_operator_3.py
[2025-05-31T21:01:27.128-0300] {processor.py:840} INFO - DAG(s) 'example_branch_dop_operator_v3' retrieved from /home/walterg/Documentos/Data_projects/Data-Warehouse-postgres-DBT-airflow-/.venv/lib/python3.11/site-packages/airflow/example_dags/example_branch_python_dop_operator_3.py
[2025-05-31T21:01:27.140-0300] {logging_mixin.py:188} INFO - [2025-05-31T21:01:27.140-0300] {dag.py:3036} INFO - Sync 1 DAGs
[2025-05-31T21:01:27.155-0300] {logging_mixin.py:188} INFO - [2025-05-31T21:01:27.155-0300] {dag.py:3823} INFO - Setting next_dagrun for example_branch_dop_operator_v3 to 2025-06-01 00:00:00+00:00, run_after=2025-06-01 00:01:00+00:00
[2025-05-31T21:01:27.172-0300] {processor.py:183} INFO - Processing /home/walterg/Documentos/Data_projects/Data-Warehouse-postgres-DBT-airflow-/.venv/lib/python3.11/site-packages/airflow/example_dags/example_branch_python_dop_operator_3.py took 0.060 seconds
[2025-05-31T21:02:32.049-0300] {processor.py:161} INFO - Started process (PID=33361) to work on /home/walterg/Documentos/Data_projects/Data-Warehouse-postgres-DBT-airflow-/.venv/lib/python3.11/site-packages/airflow/example_dags/example_branch_python_dop_operator_3.py
[2025-05-31T21:02:32.055-0300] {processor.py:830} INFO - Processing file /home/walterg/Documentos/Data_projects/Data-Warehouse-postgres-DBT-airflow-/.venv/lib/python3.11/site-packages/airflow/example_dags/example_branch_python_dop_operator_3.py for tasks to queue
[2025-05-31T21:02:32.056-0300] {logging_mixin.py:188} INFO - [2025-05-31T21:02:32.056-0300] {dagbag.py:538} INFO - Filling up the DagBag from /home/walterg/Documentos/Data_projects/Data-Warehouse-postgres-DBT-airflow-/.venv/lib/python3.11/site-packages/airflow/example_dags/example_branch_python_dop_operator_3.py
[2025-05-31T21:02:32.063-0300] {processor.py:840} INFO - DAG(s) 'example_branch_dop_operator_v3' retrieved from /home/walterg/Documentos/Data_projects/Data-Warehouse-postgres-DBT-airflow-/.venv/lib/python3.11/site-packages/airflow/example_dags/example_branch_python_dop_operator_3.py
[2025-05-31T21:02:32.077-0300] {logging_mixin.py:188} INFO - [2025-05-31T21:02:32.077-0300] {dag.py:3036} INFO - Sync 1 DAGs
[2025-05-31T21:02:32.093-0300] {logging_mixin.py:188} INFO - [2025-05-31T21:02:32.093-0300] {dag.py:3823} INFO - Setting next_dagrun for example_branch_dop_operator_v3 to 2025-06-01 00:01:00+00:00, run_after=2025-06-01 00:02:00+00:00
[2025-05-31T21:02:32.110-0300] {processor.py:183} INFO - Processing /home/walterg/Documentos/Data_projects/Data-Warehouse-postgres-DBT-airflow-/.venv/lib/python3.11/site-packages/airflow/example_dags/example_branch_python_dop_operator_3.py took 0.064 seconds
[2025-05-31T21:03:38.707-0300] {processor.py:161} INFO - Started process (PID=33657) to work on /home/walterg/Documentos/Data_projects/Data-Warehouse-postgres-DBT-airflow-/.venv/lib/python3.11/site-packages/airflow/example_dags/example_branch_python_dop_operator_3.py
[2025-05-31T21:03:38.712-0300] {processor.py:830} INFO - Processing file /home/walterg/Documentos/Data_projects/Data-Warehouse-postgres-DBT-airflow-/.venv/lib/python3.11/site-packages/airflow/example_dags/example_branch_python_dop_operator_3.py for tasks to queue
[2025-05-31T21:03:38.713-0300] {logging_mixin.py:188} INFO - [2025-05-31T21:03:38.712-0300] {dagbag.py:538} INFO - Filling up the DagBag from /home/walterg/Documentos/Data_projects/Data-Warehouse-postgres-DBT-airflow-/.venv/lib/python3.11/site-packages/airflow/example_dags/example_branch_python_dop_operator_3.py
[2025-05-31T21:03:38.720-0300] {processor.py:840} INFO - DAG(s) 'example_branch_dop_operator_v3' retrieved from /home/walterg/Documentos/Data_projects/Data-Warehouse-postgres-DBT-airflow-/.venv/lib/python3.11/site-packages/airflow/example_dags/example_branch_python_dop_operator_3.py
[2025-05-31T21:03:38.733-0300] {logging_mixin.py:188} INFO - [2025-05-31T21:03:38.733-0300] {dag.py:3036} INFO - Sync 1 DAGs
[2025-05-31T21:03:38.748-0300] {logging_mixin.py:188} INFO - [2025-05-31T21:03:38.748-0300] {dag.py:3823} INFO - Setting next_dagrun for example_branch_dop_operator_v3 to 2025-06-01 00:02:00+00:00, run_after=2025-06-01 00:03:00+00:00
[2025-05-31T21:03:38.765-0300] {processor.py:183} INFO - Processing /home/walterg/Documentos/Data_projects/Data-Warehouse-postgres-DBT-airflow-/.venv/lib/python3.11/site-packages/airflow/example_dags/example_branch_python_dop_operator_3.py took 0.061 seconds
[2025-05-31T21:04:40.585-0300] {processor.py:161} INFO - Started process (PID=33923) to work on /home/walterg/Documentos/Data_projects/Data-Warehouse-postgres-DBT-airflow-/.venv/lib/python3.11/site-packages/airflow/example_dags/example_branch_python_dop_operator_3.py
[2025-05-31T21:04:40.590-0300] {processor.py:830} INFO - Processing file /home/walterg/Documentos/Data_projects/Data-Warehouse-postgres-DBT-airflow-/.venv/lib/python3.11/site-packages/airflow/example_dags/example_branch_python_dop_operator_3.py for tasks to queue
[2025-05-31T21:04:40.591-0300] {logging_mixin.py:188} INFO - [2025-05-31T21:04:40.591-0300] {dagbag.py:538} INFO - Filling up the DagBag from /home/walterg/Documentos/Data_projects/Data-Warehouse-postgres-DBT-airflow-/.venv/lib/python3.11/site-packages/airflow/example_dags/example_branch_python_dop_operator_3.py
[2025-05-31T21:04:40.599-0300] {processor.py:840} INFO - DAG(s) 'example_branch_dop_operator_v3' retrieved from /home/walterg/Documentos/Data_projects/Data-Warehouse-postgres-DBT-airflow-/.venv/lib/python3.11/site-packages/airflow/example_dags/example_branch_python_dop_operator_3.py
[2025-05-31T21:04:40.612-0300] {logging_mixin.py:188} INFO - [2025-05-31T21:04:40.612-0300] {dag.py:3036} INFO - Sync 1 DAGs
[2025-05-31T21:04:40.628-0300] {logging_mixin.py:188} INFO - [2025-05-31T21:04:40.628-0300] {dag.py:3823} INFO - Setting next_dagrun for example_branch_dop_operator_v3 to 2025-06-01 00:03:00+00:00, run_after=2025-06-01 00:04:00+00:00
[2025-05-31T21:04:40.647-0300] {processor.py:183} INFO - Processing /home/walterg/Documentos/Data_projects/Data-Warehouse-postgres-DBT-airflow-/.venv/lib/python3.11/site-packages/airflow/example_dags/example_branch_python_dop_operator_3.py took 0.064 seconds
[2025-05-31T21:05:46.787-0300] {processor.py:161} INFO - Started process (PID=34216) to work on /home/walterg/Documentos/Data_projects/Data-Warehouse-postgres-DBT-airflow-/.venv/lib/python3.11/site-packages/airflow/example_dags/example_branch_python_dop_operator_3.py
[2025-05-31T21:05:46.792-0300] {processor.py:830} INFO - Processing file /home/walterg/Documentos/Data_projects/Data-Warehouse-postgres-DBT-airflow-/.venv/lib/python3.11/site-packages/airflow/example_dags/example_branch_python_dop_operator_3.py for tasks to queue
[2025-05-31T21:05:46.794-0300] {logging_mixin.py:188} INFO - [2025-05-31T21:05:46.793-0300] {dagbag.py:538} INFO - Filling up the DagBag from /home/walterg/Documentos/Data_projects/Data-Warehouse-postgres-DBT-airflow-/.venv/lib/python3.11/site-packages/airflow/example_dags/example_branch_python_dop_operator_3.py
[2025-05-31T21:05:46.800-0300] {processor.py:840} INFO - DAG(s) 'example_branch_dop_operator_v3' retrieved from /home/walterg/Documentos/Data_projects/Data-Warehouse-postgres-DBT-airflow-/.venv/lib/python3.11/site-packages/airflow/example_dags/example_branch_python_dop_operator_3.py
[2025-05-31T21:05:46.813-0300] {logging_mixin.py:188} INFO - [2025-05-31T21:05:46.813-0300] {dag.py:3036} INFO - Sync 1 DAGs
[2025-05-31T21:05:46.828-0300] {logging_mixin.py:188} INFO - [2025-05-31T21:05:46.828-0300] {dag.py:3823} INFO - Setting next_dagrun for example_branch_dop_operator_v3 to 2025-06-01 00:04:00+00:00, run_after=2025-06-01 00:05:00+00:00
[2025-05-31T21:05:46.844-0300] {processor.py:183} INFO - Processing /home/walterg/Documentos/Data_projects/Data-Warehouse-postgres-DBT-airflow-/.venv/lib/python3.11/site-packages/airflow/example_dags/example_branch_python_dop_operator_3.py took 0.059 seconds
[2025-05-31T21:06:53.247-0300] {processor.py:161} INFO - Started process (PID=34597) to work on /home/walterg/Documentos/Data_projects/Data-Warehouse-postgres-DBT-airflow-/.venv/lib/python3.11/site-packages/airflow/example_dags/example_branch_python_dop_operator_3.py
[2025-05-31T21:06:53.252-0300] {processor.py:830} INFO - Processing file /home/walterg/Documentos/Data_projects/Data-Warehouse-postgres-DBT-airflow-/.venv/lib/python3.11/site-packages/airflow/example_dags/example_branch_python_dop_operator_3.py for tasks to queue
[2025-05-31T21:06:53.254-0300] {logging_mixin.py:188} INFO - [2025-05-31T21:06:53.253-0300] {dagbag.py:538} INFO - Filling up the DagBag from /home/walterg/Documentos/Data_projects/Data-Warehouse-postgres-DBT-airflow-/.venv/lib/python3.11/site-packages/airflow/example_dags/example_branch_python_dop_operator_3.py
[2025-05-31T21:06:53.261-0300] {processor.py:840} INFO - DAG(s) 'example_branch_dop_operator_v3' retrieved from /home/walterg/Documentos/Data_projects/Data-Warehouse-postgres-DBT-airflow-/.venv/lib/python3.11/site-packages/airflow/example_dags/example_branch_python_dop_operator_3.py
[2025-05-31T21:06:53.273-0300] {logging_mixin.py:188} INFO - [2025-05-31T21:06:53.273-0300] {dag.py:3036} INFO - Sync 1 DAGs
[2025-05-31T21:06:53.288-0300] {logging_mixin.py:188} INFO - [2025-05-31T21:06:53.288-0300] {dag.py:3823} INFO - Setting next_dagrun for example_branch_dop_operator_v3 to 2025-06-01 00:05:00+00:00, run_after=2025-06-01 00:06:00+00:00
[2025-05-31T21:06:53.305-0300] {processor.py:183} INFO - Processing /home/walterg/Documentos/Data_projects/Data-Warehouse-postgres-DBT-airflow-/.venv/lib/python3.11/site-packages/airflow/example_dags/example_branch_python_dop_operator_3.py took 0.061 seconds
[2025-05-31T21:07:56.401-0300] {processor.py:161} INFO - Started process (PID=34869) to work on /home/walterg/Documentos/Data_projects/Data-Warehouse-postgres-DBT-airflow-/.venv/lib/python3.11/site-packages/airflow/example_dags/example_branch_python_dop_operator_3.py
[2025-05-31T21:07:56.406-0300] {processor.py:830} INFO - Processing file /home/walterg/Documentos/Data_projects/Data-Warehouse-postgres-DBT-airflow-/.venv/lib/python3.11/site-packages/airflow/example_dags/example_branch_python_dop_operator_3.py for tasks to queue
[2025-05-31T21:07:56.407-0300] {logging_mixin.py:188} INFO - [2025-05-31T21:07:56.407-0300] {dagbag.py:538} INFO - Filling up the DagBag from /home/walterg/Documentos/Data_projects/Data-Warehouse-postgres-DBT-airflow-/.venv/lib/python3.11/site-packages/airflow/example_dags/example_branch_python_dop_operator_3.py
[2025-05-31T21:07:56.415-0300] {processor.py:840} INFO - DAG(s) 'example_branch_dop_operator_v3' retrieved from /home/walterg/Documentos/Data_projects/Data-Warehouse-postgres-DBT-airflow-/.venv/lib/python3.11/site-packages/airflow/example_dags/example_branch_python_dop_operator_3.py
[2025-05-31T21:07:56.429-0300] {logging_mixin.py:188} INFO - [2025-05-31T21:07:56.429-0300] {dag.py:3036} INFO - Sync 1 DAGs
[2025-05-31T21:07:56.446-0300] {logging_mixin.py:188} INFO - [2025-05-31T21:07:56.446-0300] {dag.py:3823} INFO - Setting next_dagrun for example_branch_dop_operator_v3 to 2025-06-01 00:06:00+00:00, run_after=2025-06-01 00:07:00+00:00
[2025-05-31T21:07:56.463-0300] {processor.py:183} INFO - Processing /home/walterg/Documentos/Data_projects/Data-Warehouse-postgres-DBT-airflow-/.venv/lib/python3.11/site-packages/airflow/example_dags/example_branch_python_dop_operator_3.py took 0.064 seconds
[2025-05-31T21:08:57.586-0300] {processor.py:161} INFO - Started process (PID=35253) to work on /home/walterg/Documentos/Data_projects/Data-Warehouse-postgres-DBT-airflow-/.venv/lib/python3.11/site-packages/airflow/example_dags/example_branch_python_dop_operator_3.py
[2025-05-31T21:08:57.591-0300] {processor.py:830} INFO - Processing file /home/walterg/Documentos/Data_projects/Data-Warehouse-postgres-DBT-airflow-/.venv/lib/python3.11/site-packages/airflow/example_dags/example_branch_python_dop_operator_3.py for tasks to queue
[2025-05-31T21:08:57.593-0300] {logging_mixin.py:188} INFO - [2025-05-31T21:08:57.592-0300] {dagbag.py:538} INFO - Filling up the DagBag from /home/walterg/Documentos/Data_projects/Data-Warehouse-postgres-DBT-airflow-/.venv/lib/python3.11/site-packages/airflow/example_dags/example_branch_python_dop_operator_3.py
[2025-05-31T21:08:57.599-0300] {processor.py:840} INFO - DAG(s) 'example_branch_dop_operator_v3' retrieved from /home/walterg/Documentos/Data_projects/Data-Warehouse-postgres-DBT-airflow-/.venv/lib/python3.11/site-packages/airflow/example_dags/example_branch_python_dop_operator_3.py
[2025-05-31T21:08:57.615-0300] {logging_mixin.py:188} INFO - [2025-05-31T21:08:57.615-0300] {dag.py:3036} INFO - Sync 1 DAGs
[2025-05-31T21:08:57.630-0300] {logging_mixin.py:188} INFO - [2025-05-31T21:08:57.630-0300] {dag.py:3823} INFO - Setting next_dagrun for example_branch_dop_operator_v3 to 2025-06-01 00:07:00+00:00, run_after=2025-06-01 00:08:00+00:00
[2025-05-31T21:08:57.647-0300] {processor.py:183} INFO - Processing /home/walterg/Documentos/Data_projects/Data-Warehouse-postgres-DBT-airflow-/.venv/lib/python3.11/site-packages/airflow/example_dags/example_branch_python_dop_operator_3.py took 0.063 seconds
[2025-05-31T21:09:59.461-0300] {processor.py:161} INFO - Started process (PID=35530) to work on /home/walterg/Documentos/Data_projects/Data-Warehouse-postgres-DBT-airflow-/.venv/lib/python3.11/site-packages/airflow/example_dags/example_branch_python_dop_operator_3.py
[2025-05-31T21:09:59.466-0300] {processor.py:830} INFO - Processing file /home/walterg/Documentos/Data_projects/Data-Warehouse-postgres-DBT-airflow-/.venv/lib/python3.11/site-packages/airflow/example_dags/example_branch_python_dop_operator_3.py for tasks to queue
[2025-05-31T21:09:59.467-0300] {logging_mixin.py:188} INFO - [2025-05-31T21:09:59.467-0300] {dagbag.py:538} INFO - Filling up the DagBag from /home/walterg/Documentos/Data_projects/Data-Warehouse-postgres-DBT-airflow-/.venv/lib/python3.11/site-packages/airflow/example_dags/example_branch_python_dop_operator_3.py
[2025-05-31T21:09:59.474-0300] {processor.py:840} INFO - DAG(s) 'example_branch_dop_operator_v3' retrieved from /home/walterg/Documentos/Data_projects/Data-Warehouse-postgres-DBT-airflow-/.venv/lib/python3.11/site-packages/airflow/example_dags/example_branch_python_dop_operator_3.py
[2025-05-31T21:09:59.487-0300] {logging_mixin.py:188} INFO - [2025-05-31T21:09:59.487-0300] {dag.py:3036} INFO - Sync 1 DAGs
[2025-05-31T21:09:59.503-0300] {logging_mixin.py:188} INFO - [2025-05-31T21:09:59.503-0300] {dag.py:3823} INFO - Setting next_dagrun for example_branch_dop_operator_v3 to 2025-06-01 00:08:00+00:00, run_after=2025-06-01 00:09:00+00:00
[2025-05-31T21:09:59.519-0300] {processor.py:183} INFO - Processing /home/walterg/Documentos/Data_projects/Data-Warehouse-postgres-DBT-airflow-/.venv/lib/python3.11/site-packages/airflow/example_dags/example_branch_python_dop_operator_3.py took 0.061 seconds
[2025-05-31T21:11:01.432-0300] {processor.py:161} INFO - Started process (PID=35874) to work on /home/walterg/Documentos/Data_projects/Data-Warehouse-postgres-DBT-airflow-/.venv/lib/python3.11/site-packages/airflow/example_dags/example_branch_python_dop_operator_3.py
[2025-05-31T21:11:01.437-0300] {processor.py:830} INFO - Processing file /home/walterg/Documentos/Data_projects/Data-Warehouse-postgres-DBT-airflow-/.venv/lib/python3.11/site-packages/airflow/example_dags/example_branch_python_dop_operator_3.py for tasks to queue
[2025-05-31T21:11:01.438-0300] {logging_mixin.py:188} INFO - [2025-05-31T21:11:01.437-0300] {dagbag.py:538} INFO - Filling up the DagBag from /home/walterg/Documentos/Data_projects/Data-Warehouse-postgres-DBT-airflow-/.venv/lib/python3.11/site-packages/airflow/example_dags/example_branch_python_dop_operator_3.py
[2025-05-31T21:11:01.444-0300] {processor.py:840} INFO - DAG(s) 'example_branch_dop_operator_v3' retrieved from /home/walterg/Documentos/Data_projects/Data-Warehouse-postgres-DBT-airflow-/.venv/lib/python3.11/site-packages/airflow/example_dags/example_branch_python_dop_operator_3.py
[2025-05-31T21:11:01.457-0300] {logging_mixin.py:188} INFO - [2025-05-31T21:11:01.456-0300] {dag.py:3036} INFO - Sync 1 DAGs
[2025-05-31T21:11:01.472-0300] {logging_mixin.py:188} INFO - [2025-05-31T21:11:01.471-0300] {dag.py:3823} INFO - Setting next_dagrun for example_branch_dop_operator_v3 to 2025-06-01 00:10:00+00:00, run_after=2025-06-01 00:11:00+00:00
[2025-05-31T21:11:01.488-0300] {processor.py:183} INFO - Processing /home/walterg/Documentos/Data_projects/Data-Warehouse-postgres-DBT-airflow-/.venv/lib/python3.11/site-packages/airflow/example_dags/example_branch_python_dop_operator_3.py took 0.059 seconds
[2025-05-31T21:12:11.193-0300] {processor.py:161} INFO - Started process (PID=36251) to work on /home/walterg/Documentos/Data_projects/Data-Warehouse-postgres-DBT-airflow-/.venv/lib/python3.11/site-packages/airflow/example_dags/example_branch_python_dop_operator_3.py
[2025-05-31T21:12:11.199-0300] {processor.py:830} INFO - Processing file /home/walterg/Documentos/Data_projects/Data-Warehouse-postgres-DBT-airflow-/.venv/lib/python3.11/site-packages/airflow/example_dags/example_branch_python_dop_operator_3.py for tasks to queue
[2025-05-31T21:12:11.199-0300] {logging_mixin.py:188} INFO - [2025-05-31T21:12:11.199-0300] {dagbag.py:538} INFO - Filling up the DagBag from /home/walterg/Documentos/Data_projects/Data-Warehouse-postgres-DBT-airflow-/.venv/lib/python3.11/site-packages/airflow/example_dags/example_branch_python_dop_operator_3.py
[2025-05-31T21:12:11.206-0300] {processor.py:840} INFO - DAG(s) 'example_branch_dop_operator_v3' retrieved from /home/walterg/Documentos/Data_projects/Data-Warehouse-postgres-DBT-airflow-/.venv/lib/python3.11/site-packages/airflow/example_dags/example_branch_python_dop_operator_3.py
[2025-05-31T21:12:11.219-0300] {logging_mixin.py:188} INFO - [2025-05-31T21:12:11.219-0300] {dag.py:3036} INFO - Sync 1 DAGs
[2025-05-31T21:12:11.234-0300] {logging_mixin.py:188} INFO - [2025-05-31T21:12:11.234-0300] {dag.py:3823} INFO - Setting next_dagrun for example_branch_dop_operator_v3 to 2025-06-01 00:11:00+00:00, run_after=2025-06-01 00:12:00+00:00
[2025-05-31T21:12:11.252-0300] {processor.py:183} INFO - Processing /home/walterg/Documentos/Data_projects/Data-Warehouse-postgres-DBT-airflow-/.venv/lib/python3.11/site-packages/airflow/example_dags/example_branch_python_dop_operator_3.py took 0.061 seconds
[2025-05-31T21:13:13.072-0300] {processor.py:161} INFO - Started process (PID=36520) to work on /home/walterg/Documentos/Data_projects/Data-Warehouse-postgres-DBT-airflow-/.venv/lib/python3.11/site-packages/airflow/example_dags/example_branch_python_dop_operator_3.py
[2025-05-31T21:13:13.078-0300] {processor.py:830} INFO - Processing file /home/walterg/Documentos/Data_projects/Data-Warehouse-postgres-DBT-airflow-/.venv/lib/python3.11/site-packages/airflow/example_dags/example_branch_python_dop_operator_3.py for tasks to queue
[2025-05-31T21:13:13.079-0300] {logging_mixin.py:188} INFO - [2025-05-31T21:13:13.078-0300] {dagbag.py:538} INFO - Filling up the DagBag from /home/walterg/Documentos/Data_projects/Data-Warehouse-postgres-DBT-airflow-/.venv/lib/python3.11/site-packages/airflow/example_dags/example_branch_python_dop_operator_3.py
[2025-05-31T21:13:13.086-0300] {processor.py:840} INFO - DAG(s) 'example_branch_dop_operator_v3' retrieved from /home/walterg/Documentos/Data_projects/Data-Warehouse-postgres-DBT-airflow-/.venv/lib/python3.11/site-packages/airflow/example_dags/example_branch_python_dop_operator_3.py
[2025-05-31T21:13:13.099-0300] {logging_mixin.py:188} INFO - [2025-05-31T21:13:13.099-0300] {dag.py:3036} INFO - Sync 1 DAGs
[2025-05-31T21:13:13.113-0300] {logging_mixin.py:188} INFO - [2025-05-31T21:13:13.113-0300] {dag.py:3823} INFO - Setting next_dagrun for example_branch_dop_operator_v3 to 2025-06-01 00:12:00+00:00, run_after=2025-06-01 00:13:00+00:00
[2025-05-31T21:13:13.130-0300] {processor.py:183} INFO - Processing /home/walterg/Documentos/Data_projects/Data-Warehouse-postgres-DBT-airflow-/.venv/lib/python3.11/site-packages/airflow/example_dags/example_branch_python_dop_operator_3.py took 0.060 seconds
[2025-05-31T21:14:19.964-0300] {processor.py:161} INFO - Started process (PID=36840) to work on /home/walterg/Documentos/Data_projects/Data-Warehouse-postgres-DBT-airflow-/.venv/lib/python3.11/site-packages/airflow/example_dags/example_branch_python_dop_operator_3.py
[2025-05-31T21:14:19.969-0300] {processor.py:830} INFO - Processing file /home/walterg/Documentos/Data_projects/Data-Warehouse-postgres-DBT-airflow-/.venv/lib/python3.11/site-packages/airflow/example_dags/example_branch_python_dop_operator_3.py for tasks to queue
[2025-05-31T21:14:19.969-0300] {logging_mixin.py:188} INFO - [2025-05-31T21:14:19.969-0300] {dagbag.py:538} INFO - Filling up the DagBag from /home/walterg/Documentos/Data_projects/Data-Warehouse-postgres-DBT-airflow-/.venv/lib/python3.11/site-packages/airflow/example_dags/example_branch_python_dop_operator_3.py
[2025-05-31T21:14:19.976-0300] {processor.py:840} INFO - DAG(s) 'example_branch_dop_operator_v3' retrieved from /home/walterg/Documentos/Data_projects/Data-Warehouse-postgres-DBT-airflow-/.venv/lib/python3.11/site-packages/airflow/example_dags/example_branch_python_dop_operator_3.py
[2025-05-31T21:14:19.989-0300] {logging_mixin.py:188} INFO - [2025-05-31T21:14:19.989-0300] {dag.py:3036} INFO - Sync 1 DAGs
[2025-05-31T21:14:20.004-0300] {logging_mixin.py:188} INFO - [2025-05-31T21:14:20.004-0300] {dag.py:3823} INFO - Setting next_dagrun for example_branch_dop_operator_v3 to 2025-06-01 00:13:00+00:00, run_after=2025-06-01 00:14:00+00:00
[2025-05-31T21:14:20.021-0300] {processor.py:183} INFO - Processing /home/walterg/Documentos/Data_projects/Data-Warehouse-postgres-DBT-airflow-/.venv/lib/python3.11/site-packages/airflow/example_dags/example_branch_python_dop_operator_3.py took 0.060 seconds
[2025-05-31T21:15:20.440-0300] {processor.py:161} INFO - Started process (PID=37221) to work on /home/walterg/Documentos/Data_projects/Data-Warehouse-postgres-DBT-airflow-/.venv/lib/python3.11/site-packages/airflow/example_dags/example_branch_python_dop_operator_3.py
[2025-05-31T21:15:20.446-0300] {processor.py:830} INFO - Processing file /home/walterg/Documentos/Data_projects/Data-Warehouse-postgres-DBT-airflow-/.venv/lib/python3.11/site-packages/airflow/example_dags/example_branch_python_dop_operator_3.py for tasks to queue
[2025-05-31T21:15:20.447-0300] {logging_mixin.py:188} INFO - [2025-05-31T21:15:20.446-0300] {dagbag.py:538} INFO - Filling up the DagBag from /home/walterg/Documentos/Data_projects/Data-Warehouse-postgres-DBT-airflow-/.venv/lib/python3.11/site-packages/airflow/example_dags/example_branch_python_dop_operator_3.py
[2025-05-31T21:15:20.454-0300] {processor.py:840} INFO - DAG(s) 'example_branch_dop_operator_v3' retrieved from /home/walterg/Documentos/Data_projects/Data-Warehouse-postgres-DBT-airflow-/.venv/lib/python3.11/site-packages/airflow/example_dags/example_branch_python_dop_operator_3.py
[2025-05-31T21:15:20.466-0300] {logging_mixin.py:188} INFO - [2025-05-31T21:15:20.466-0300] {dag.py:3036} INFO - Sync 1 DAGs
[2025-05-31T21:15:20.481-0300] {logging_mixin.py:188} INFO - [2025-05-31T21:15:20.481-0300] {dag.py:3823} INFO - Setting next_dagrun for example_branch_dop_operator_v3 to 2025-06-01 00:14:00+00:00, run_after=2025-06-01 00:15:00+00:00
[2025-05-31T21:15:20.497-0300] {processor.py:183} INFO - Processing /home/walterg/Documentos/Data_projects/Data-Warehouse-postgres-DBT-airflow-/.venv/lib/python3.11/site-packages/airflow/example_dags/example_branch_python_dop_operator_3.py took 0.059 seconds
[2025-05-31T21:16:18.993-0300] {processor.py:161} INFO - Started process (PID=37551) to work on /home/walterg/Documentos/Data_projects/Data-Warehouse-postgres-DBT-airflow-/.venv/lib/python3.11/site-packages/airflow/example_dags/example_branch_python_dop_operator_3.py
[2025-05-31T21:16:18.994-0300] {processor.py:830} INFO - Processing file /home/walterg/Documentos/Data_projects/Data-Warehouse-postgres-DBT-airflow-/.venv/lib/python3.11/site-packages/airflow/example_dags/example_branch_python_dop_operator_3.py for tasks to queue
[2025-05-31T21:16:18.995-0300] {logging_mixin.py:188} INFO - [2025-05-31T21:16:18.995-0300] {dagbag.py:538} INFO - Filling up the DagBag from /home/walterg/Documentos/Data_projects/Data-Warehouse-postgres-DBT-airflow-/.venv/lib/python3.11/site-packages/airflow/example_dags/example_branch_python_dop_operator_3.py
[2025-05-31T21:16:19.002-0300] {processor.py:840} INFO - DAG(s) 'example_branch_dop_operator_v3' retrieved from /home/walterg/Documentos/Data_projects/Data-Warehouse-postgres-DBT-airflow-/.venv/lib/python3.11/site-packages/airflow/example_dags/example_branch_python_dop_operator_3.py
[2025-05-31T21:16:19.014-0300] {logging_mixin.py:188} INFO - [2025-05-31T21:16:19.014-0300] {dag.py:3036} INFO - Sync 1 DAGs
[2025-05-31T21:16:19.032-0300] {logging_mixin.py:188} INFO - [2025-05-31T21:16:19.032-0300] {dag.py:3823} INFO - Setting next_dagrun for example_branch_dop_operator_v3 to 2025-06-01 00:15:00+00:00, run_after=2025-06-01 00:16:00+00:00
[2025-05-31T21:16:19.051-0300] {processor.py:183} INFO - Processing /home/walterg/Documentos/Data_projects/Data-Warehouse-postgres-DBT-airflow-/.venv/lib/python3.11/site-packages/airflow/example_dags/example_branch_python_dop_operator_3.py took 0.060 seconds
[2025-05-31T21:17:26.065-0300] {processor.py:161} INFO - Started process (PID=37872) to work on /home/walterg/Documentos/Data_projects/Data-Warehouse-postgres-DBT-airflow-/.venv/lib/python3.11/site-packages/airflow/example_dags/example_branch_python_dop_operator_3.py
[2025-05-31T21:17:26.070-0300] {processor.py:830} INFO - Processing file /home/walterg/Documentos/Data_projects/Data-Warehouse-postgres-DBT-airflow-/.venv/lib/python3.11/site-packages/airflow/example_dags/example_branch_python_dop_operator_3.py for tasks to queue
[2025-05-31T21:17:26.071-0300] {logging_mixin.py:188} INFO - [2025-05-31T21:17:26.070-0300] {dagbag.py:538} INFO - Filling up the DagBag from /home/walterg/Documentos/Data_projects/Data-Warehouse-postgres-DBT-airflow-/.venv/lib/python3.11/site-packages/airflow/example_dags/example_branch_python_dop_operator_3.py
[2025-05-31T21:17:26.077-0300] {processor.py:840} INFO - DAG(s) 'example_branch_dop_operator_v3' retrieved from /home/walterg/Documentos/Data_projects/Data-Warehouse-postgres-DBT-airflow-/.venv/lib/python3.11/site-packages/airflow/example_dags/example_branch_python_dop_operator_3.py
[2025-05-31T21:17:26.090-0300] {logging_mixin.py:188} INFO - [2025-05-31T21:17:26.090-0300] {dag.py:3036} INFO - Sync 1 DAGs
[2025-05-31T21:17:26.104-0300] {logging_mixin.py:188} INFO - [2025-05-31T21:17:26.104-0300] {dag.py:3823} INFO - Setting next_dagrun for example_branch_dop_operator_v3 to 2025-06-01 00:16:00+00:00, run_after=2025-06-01 00:17:00+00:00
[2025-05-31T21:17:26.120-0300] {processor.py:183} INFO - Processing /home/walterg/Documentos/Data_projects/Data-Warehouse-postgres-DBT-airflow-/.venv/lib/python3.11/site-packages/airflow/example_dags/example_branch_python_dop_operator_3.py took 0.058 seconds
[2025-05-31T21:18:35.691-0300] {processor.py:161} INFO - Started process (PID=38117) to work on /home/walterg/Documentos/Data_projects/Data-Warehouse-postgres-DBT-airflow-/.venv/lib/python3.11/site-packages/airflow/example_dags/example_branch_python_dop_operator_3.py
[2025-05-31T21:18:35.697-0300] {processor.py:830} INFO - Processing file /home/walterg/Documentos/Data_projects/Data-Warehouse-postgres-DBT-airflow-/.venv/lib/python3.11/site-packages/airflow/example_dags/example_branch_python_dop_operator_3.py for tasks to queue
[2025-05-31T21:18:35.698-0300] {logging_mixin.py:188} INFO - [2025-05-31T21:18:35.697-0300] {dagbag.py:538} INFO - Filling up the DagBag from /home/walterg/Documentos/Data_projects/Data-Warehouse-postgres-DBT-airflow-/.venv/lib/python3.11/site-packages/airflow/example_dags/example_branch_python_dop_operator_3.py
[2025-05-31T21:18:35.704-0300] {processor.py:840} INFO - DAG(s) 'example_branch_dop_operator_v3' retrieved from /home/walterg/Documentos/Data_projects/Data-Warehouse-postgres-DBT-airflow-/.venv/lib/python3.11/site-packages/airflow/example_dags/example_branch_python_dop_operator_3.py
[2025-05-31T21:18:35.716-0300] {logging_mixin.py:188} INFO - [2025-05-31T21:18:35.716-0300] {dag.py:3036} INFO - Sync 1 DAGs
[2025-05-31T21:18:35.731-0300] {logging_mixin.py:188} INFO - [2025-05-31T21:18:35.731-0300] {dag.py:3823} INFO - Setting next_dagrun for example_branch_dop_operator_v3 to 2025-06-01 00:17:00+00:00, run_after=2025-06-01 00:18:00+00:00
[2025-05-31T21:18:35.747-0300] {processor.py:183} INFO - Processing /home/walterg/Documentos/Data_projects/Data-Warehouse-postgres-DBT-airflow-/.venv/lib/python3.11/site-packages/airflow/example_dags/example_branch_python_dop_operator_3.py took 0.058 seconds
[2025-05-31T21:19:37.499-0300] {processor.py:161} INFO - Started process (PID=38393) to work on /home/walterg/Documentos/Data_projects/Data-Warehouse-postgres-DBT-airflow-/.venv/lib/python3.11/site-packages/airflow/example_dags/example_branch_python_dop_operator_3.py
[2025-05-31T21:19:37.504-0300] {processor.py:830} INFO - Processing file /home/walterg/Documentos/Data_projects/Data-Warehouse-postgres-DBT-airflow-/.venv/lib/python3.11/site-packages/airflow/example_dags/example_branch_python_dop_operator_3.py for tasks to queue
[2025-05-31T21:19:37.505-0300] {logging_mixin.py:188} INFO - [2025-05-31T21:19:37.504-0300] {dagbag.py:538} INFO - Filling up the DagBag from /home/walterg/Documentos/Data_projects/Data-Warehouse-postgres-DBT-airflow-/.venv/lib/python3.11/site-packages/airflow/example_dags/example_branch_python_dop_operator_3.py
[2025-05-31T21:19:37.512-0300] {processor.py:840} INFO - DAG(s) 'example_branch_dop_operator_v3' retrieved from /home/walterg/Documentos/Data_projects/Data-Warehouse-postgres-DBT-airflow-/.venv/lib/python3.11/site-packages/airflow/example_dags/example_branch_python_dop_operator_3.py
[2025-05-31T21:19:37.524-0300] {logging_mixin.py:188} INFO - [2025-05-31T21:19:37.524-0300] {dag.py:3036} INFO - Sync 1 DAGs
[2025-05-31T21:19:37.539-0300] {logging_mixin.py:188} INFO - [2025-05-31T21:19:37.539-0300] {dag.py:3823} INFO - Setting next_dagrun for example_branch_dop_operator_v3 to 2025-06-01 00:18:00+00:00, run_after=2025-06-01 00:19:00+00:00
[2025-05-31T21:19:37.661-0300] {processor.py:183} INFO - Processing /home/walterg/Documentos/Data_projects/Data-Warehouse-postgres-DBT-airflow-/.venv/lib/python3.11/site-packages/airflow/example_dags/example_branch_python_dop_operator_3.py took 0.164 seconds
[2025-05-31T21:20:40.776-0300] {processor.py:161} INFO - Started process (PID=38627) to work on /home/walterg/Documentos/Data_projects/Data-Warehouse-postgres-DBT-airflow-/.venv/lib/python3.11/site-packages/airflow/example_dags/example_branch_python_dop_operator_3.py
[2025-05-31T21:20:40.781-0300] {processor.py:830} INFO - Processing file /home/walterg/Documentos/Data_projects/Data-Warehouse-postgres-DBT-airflow-/.venv/lib/python3.11/site-packages/airflow/example_dags/example_branch_python_dop_operator_3.py for tasks to queue
[2025-05-31T21:20:40.782-0300] {logging_mixin.py:188} INFO - [2025-05-31T21:20:40.782-0300] {dagbag.py:538} INFO - Filling up the DagBag from /home/walterg/Documentos/Data_projects/Data-Warehouse-postgres-DBT-airflow-/.venv/lib/python3.11/site-packages/airflow/example_dags/example_branch_python_dop_operator_3.py
[2025-05-31T21:20:40.789-0300] {processor.py:840} INFO - DAG(s) 'example_branch_dop_operator_v3' retrieved from /home/walterg/Documentos/Data_projects/Data-Warehouse-postgres-DBT-airflow-/.venv/lib/python3.11/site-packages/airflow/example_dags/example_branch_python_dop_operator_3.py
[2025-05-31T21:20:40.801-0300] {logging_mixin.py:188} INFO - [2025-05-31T21:20:40.801-0300] {dag.py:3036} INFO - Sync 1 DAGs
[2025-05-31T21:20:40.816-0300] {logging_mixin.py:188} INFO - [2025-05-31T21:20:40.816-0300] {dag.py:3823} INFO - Setting next_dagrun for example_branch_dop_operator_v3 to 2025-06-01 00:19:00+00:00, run_after=2025-06-01 00:20:00+00:00
[2025-05-31T21:20:40.834-0300] {processor.py:183} INFO - Processing /home/walterg/Documentos/Data_projects/Data-Warehouse-postgres-DBT-airflow-/.venv/lib/python3.11/site-packages/airflow/example_dags/example_branch_python_dop_operator_3.py took 0.061 seconds
[2025-05-31T21:21:42.574-0300] {processor.py:161} INFO - Started process (PID=38934) to work on /home/walterg/Documentos/Data_projects/Data-Warehouse-postgres-DBT-airflow-/.venv/lib/python3.11/site-packages/airflow/example_dags/example_branch_python_dop_operator_3.py
[2025-05-31T21:21:42.579-0300] {processor.py:830} INFO - Processing file /home/walterg/Documentos/Data_projects/Data-Warehouse-postgres-DBT-airflow-/.venv/lib/python3.11/site-packages/airflow/example_dags/example_branch_python_dop_operator_3.py for tasks to queue
[2025-05-31T21:21:42.581-0300] {logging_mixin.py:188} INFO - [2025-05-31T21:21:42.580-0300] {dagbag.py:538} INFO - Filling up the DagBag from /home/walterg/Documentos/Data_projects/Data-Warehouse-postgres-DBT-airflow-/.venv/lib/python3.11/site-packages/airflow/example_dags/example_branch_python_dop_operator_3.py
[2025-05-31T21:21:42.588-0300] {processor.py:840} INFO - DAG(s) 'example_branch_dop_operator_v3' retrieved from /home/walterg/Documentos/Data_projects/Data-Warehouse-postgres-DBT-airflow-/.venv/lib/python3.11/site-packages/airflow/example_dags/example_branch_python_dop_operator_3.py
[2025-05-31T21:21:42.600-0300] {logging_mixin.py:188} INFO - [2025-05-31T21:21:42.600-0300] {dag.py:3036} INFO - Sync 1 DAGs
[2025-05-31T21:21:42.615-0300] {logging_mixin.py:188} INFO - [2025-05-31T21:21:42.615-0300] {dag.py:3823} INFO - Setting next_dagrun for example_branch_dop_operator_v3 to 2025-06-01 00:20:00+00:00, run_after=2025-06-01 00:21:00+00:00
[2025-05-31T21:21:42.632-0300] {processor.py:183} INFO - Processing /home/walterg/Documentos/Data_projects/Data-Warehouse-postgres-DBT-airflow-/.venv/lib/python3.11/site-packages/airflow/example_dags/example_branch_python_dop_operator_3.py took 0.061 seconds
[2025-05-31T21:22:44.863-0300] {processor.py:161} INFO - Started process (PID=39325) to work on /home/walterg/Documentos/Data_projects/Data-Warehouse-postgres-DBT-airflow-/.venv/lib/python3.11/site-packages/airflow/example_dags/example_branch_python_dop_operator_3.py
[2025-05-31T21:22:44.868-0300] {processor.py:830} INFO - Processing file /home/walterg/Documentos/Data_projects/Data-Warehouse-postgres-DBT-airflow-/.venv/lib/python3.11/site-packages/airflow/example_dags/example_branch_python_dop_operator_3.py for tasks to queue
[2025-05-31T21:22:44.868-0300] {logging_mixin.py:188} INFO - [2025-05-31T21:22:44.868-0300] {dagbag.py:538} INFO - Filling up the DagBag from /home/walterg/Documentos/Data_projects/Data-Warehouse-postgres-DBT-airflow-/.venv/lib/python3.11/site-packages/airflow/example_dags/example_branch_python_dop_operator_3.py
[2025-05-31T21:22:44.875-0300] {processor.py:840} INFO - DAG(s) 'example_branch_dop_operator_v3' retrieved from /home/walterg/Documentos/Data_projects/Data-Warehouse-postgres-DBT-airflow-/.venv/lib/python3.11/site-packages/airflow/example_dags/example_branch_python_dop_operator_3.py
[2025-05-31T21:22:44.887-0300] {logging_mixin.py:188} INFO - [2025-05-31T21:22:44.887-0300] {dag.py:3036} INFO - Sync 1 DAGs
[2025-05-31T21:22:45.000-0300] {logging_mixin.py:188} INFO - [2025-05-31T21:22:45.000-0300] {dag.py:3823} INFO - Setting next_dagrun for example_branch_dop_operator_v3 to 2025-06-01 00:21:00+00:00, run_after=2025-06-01 00:22:00+00:00
[2025-05-31T21:22:45.019-0300] {processor.py:183} INFO - Processing /home/walterg/Documentos/Data_projects/Data-Warehouse-postgres-DBT-airflow-/.venv/lib/python3.11/site-packages/airflow/example_dags/example_branch_python_dop_operator_3.py took 0.159 seconds
[2025-05-31T21:23:51.692-0300] {processor.py:161} INFO - Started process (PID=39605) to work on /home/walterg/Documentos/Data_projects/Data-Warehouse-postgres-DBT-airflow-/.venv/lib/python3.11/site-packages/airflow/example_dags/example_branch_python_dop_operator_3.py
[2025-05-31T21:23:51.697-0300] {processor.py:830} INFO - Processing file /home/walterg/Documentos/Data_projects/Data-Warehouse-postgres-DBT-airflow-/.venv/lib/python3.11/site-packages/airflow/example_dags/example_branch_python_dop_operator_3.py for tasks to queue
[2025-05-31T21:23:51.698-0300] {logging_mixin.py:188} INFO - [2025-05-31T21:23:51.698-0300] {dagbag.py:538} INFO - Filling up the DagBag from /home/walterg/Documentos/Data_projects/Data-Warehouse-postgres-DBT-airflow-/.venv/lib/python3.11/site-packages/airflow/example_dags/example_branch_python_dop_operator_3.py
[2025-05-31T21:23:51.706-0300] {processor.py:840} INFO - DAG(s) 'example_branch_dop_operator_v3' retrieved from /home/walterg/Documentos/Data_projects/Data-Warehouse-postgres-DBT-airflow-/.venv/lib/python3.11/site-packages/airflow/example_dags/example_branch_python_dop_operator_3.py
[2025-05-31T21:23:51.721-0300] {logging_mixin.py:188} INFO - [2025-05-31T21:23:51.721-0300] {dag.py:3036} INFO - Sync 1 DAGs
[2025-05-31T21:23:51.741-0300] {logging_mixin.py:188} INFO - [2025-05-31T21:23:51.740-0300] {dag.py:3823} INFO - Setting next_dagrun for example_branch_dop_operator_v3 to 2025-06-01 00:22:00+00:00, run_after=2025-06-01 00:23:00+00:00
[2025-05-31T21:23:51.891-0300] {processor.py:183} INFO - Processing /home/walterg/Documentos/Data_projects/Data-Warehouse-postgres-DBT-airflow-/.venv/lib/python3.11/site-packages/airflow/example_dags/example_branch_python_dop_operator_3.py took 0.203 seconds
[2025-05-31T21:25:08.069-0300] {processor.py:161} INFO - Started process (PID=39938) to work on /home/walterg/Documentos/Data_projects/Data-Warehouse-postgres-DBT-airflow-/.venv/lib/python3.11/site-packages/airflow/example_dags/example_branch_python_dop_operator_3.py
[2025-05-31T21:25:08.070-0300] {processor.py:830} INFO - Processing file /home/walterg/Documentos/Data_projects/Data-Warehouse-postgres-DBT-airflow-/.venv/lib/python3.11/site-packages/airflow/example_dags/example_branch_python_dop_operator_3.py for tasks to queue
[2025-05-31T21:25:08.071-0300] {logging_mixin.py:188} INFO - [2025-05-31T21:25:08.070-0300] {dagbag.py:538} INFO - Filling up the DagBag from /home/walterg/Documentos/Data_projects/Data-Warehouse-postgres-DBT-airflow-/.venv/lib/python3.11/site-packages/airflow/example_dags/example_branch_python_dop_operator_3.py
[2025-05-31T21:25:08.078-0300] {processor.py:840} INFO - DAG(s) 'example_branch_dop_operator_v3' retrieved from /home/walterg/Documentos/Data_projects/Data-Warehouse-postgres-DBT-airflow-/.venv/lib/python3.11/site-packages/airflow/example_dags/example_branch_python_dop_operator_3.py
[2025-05-31T21:25:08.091-0300] {logging_mixin.py:188} INFO - [2025-05-31T21:25:08.090-0300] {dag.py:3036} INFO - Sync 1 DAGs
[2025-05-31T21:25:08.107-0300] {logging_mixin.py:188} INFO - [2025-05-31T21:25:08.106-0300] {dag.py:3823} INFO - Setting next_dagrun for example_branch_dop_operator_v3 to 2025-06-01 00:24:00+00:00, run_after=2025-06-01 00:25:00+00:00
[2025-05-31T21:25:08.123-0300] {processor.py:183} INFO - Processing /home/walterg/Documentos/Data_projects/Data-Warehouse-postgres-DBT-airflow-/.venv/lib/python3.11/site-packages/airflow/example_dags/example_branch_python_dop_operator_3.py took 0.057 seconds
[2025-05-31T21:26:09.389-0300] {processor.py:161} INFO - Started process (PID=40439) to work on /home/walterg/Documentos/Data_projects/Data-Warehouse-postgres-DBT-airflow-/.venv/lib/python3.11/site-packages/airflow/example_dags/example_branch_python_dop_operator_3.py
[2025-05-31T21:26:09.394-0300] {processor.py:830} INFO - Processing file /home/walterg/Documentos/Data_projects/Data-Warehouse-postgres-DBT-airflow-/.venv/lib/python3.11/site-packages/airflow/example_dags/example_branch_python_dop_operator_3.py for tasks to queue
[2025-05-31T21:26:09.395-0300] {logging_mixin.py:188} INFO - [2025-05-31T21:26:09.395-0300] {dagbag.py:538} INFO - Filling up the DagBag from /home/walterg/Documentos/Data_projects/Data-Warehouse-postgres-DBT-airflow-/.venv/lib/python3.11/site-packages/airflow/example_dags/example_branch_python_dop_operator_3.py
[2025-05-31T21:26:09.403-0300] {processor.py:840} INFO - DAG(s) 'example_branch_dop_operator_v3' retrieved from /home/walterg/Documentos/Data_projects/Data-Warehouse-postgres-DBT-airflow-/.venv/lib/python3.11/site-packages/airflow/example_dags/example_branch_python_dop_operator_3.py
[2025-05-31T21:26:09.416-0300] {logging_mixin.py:188} INFO - [2025-05-31T21:26:09.415-0300] {dag.py:3036} INFO - Sync 1 DAGs
[2025-05-31T21:26:09.432-0300] {logging_mixin.py:188} INFO - [2025-05-31T21:26:09.432-0300] {dag.py:3823} INFO - Setting next_dagrun for example_branch_dop_operator_v3 to 2025-06-01 00:25:00+00:00, run_after=2025-06-01 00:26:00+00:00
[2025-05-31T21:26:09.450-0300] {processor.py:183} INFO - Processing /home/walterg/Documentos/Data_projects/Data-Warehouse-postgres-DBT-airflow-/.venv/lib/python3.11/site-packages/airflow/example_dags/example_branch_python_dop_operator_3.py took 0.064 seconds
[2025-05-31T21:27:11.322-0300] {processor.py:161} INFO - Started process (PID=40814) to work on /home/walterg/Documentos/Data_projects/Data-Warehouse-postgres-DBT-airflow-/.venv/lib/python3.11/site-packages/airflow/example_dags/example_branch_python_dop_operator_3.py
[2025-05-31T21:27:11.327-0300] {processor.py:830} INFO - Processing file /home/walterg/Documentos/Data_projects/Data-Warehouse-postgres-DBT-airflow-/.venv/lib/python3.11/site-packages/airflow/example_dags/example_branch_python_dop_operator_3.py for tasks to queue
[2025-05-31T21:27:11.328-0300] {logging_mixin.py:188} INFO - [2025-05-31T21:27:11.328-0300] {dagbag.py:538} INFO - Filling up the DagBag from /home/walterg/Documentos/Data_projects/Data-Warehouse-postgres-DBT-airflow-/.venv/lib/python3.11/site-packages/airflow/example_dags/example_branch_python_dop_operator_3.py
[2025-05-31T21:27:11.335-0300] {processor.py:840} INFO - DAG(s) 'example_branch_dop_operator_v3' retrieved from /home/walterg/Documentos/Data_projects/Data-Warehouse-postgres-DBT-airflow-/.venv/lib/python3.11/site-packages/airflow/example_dags/example_branch_python_dop_operator_3.py
[2025-05-31T21:27:11.348-0300] {logging_mixin.py:188} INFO - [2025-05-31T21:27:11.348-0300] {dag.py:3036} INFO - Sync 1 DAGs
[2025-05-31T21:27:11.363-0300] {logging_mixin.py:188} INFO - [2025-05-31T21:27:11.363-0300] {dag.py:3823} INFO - Setting next_dagrun for example_branch_dop_operator_v3 to 2025-06-01 00:26:00+00:00, run_after=2025-06-01 00:27:00+00:00
[2025-05-31T21:27:11.378-0300] {processor.py:183} INFO - Processing /home/walterg/Documentos/Data_projects/Data-Warehouse-postgres-DBT-airflow-/.venv/lib/python3.11/site-packages/airflow/example_dags/example_branch_python_dop_operator_3.py took 0.059 seconds
[2025-05-31T21:28:11.155-0300] {processor.py:161} INFO - Started process (PID=41362) to work on /home/walterg/Documentos/Data_projects/Data-Warehouse-postgres-DBT-airflow-/.venv/lib/python3.11/site-packages/airflow/example_dags/example_branch_python_dop_operator_3.py
[2025-05-31T21:28:11.160-0300] {processor.py:830} INFO - Processing file /home/walterg/Documentos/Data_projects/Data-Warehouse-postgres-DBT-airflow-/.venv/lib/python3.11/site-packages/airflow/example_dags/example_branch_python_dop_operator_3.py for tasks to queue
[2025-05-31T21:28:11.161-0300] {logging_mixin.py:188} INFO - [2025-05-31T21:28:11.161-0300] {dagbag.py:538} INFO - Filling up the DagBag from /home/walterg/Documentos/Data_projects/Data-Warehouse-postgres-DBT-airflow-/.venv/lib/python3.11/site-packages/airflow/example_dags/example_branch_python_dop_operator_3.py
[2025-05-31T21:28:11.168-0300] {processor.py:840} INFO - DAG(s) 'example_branch_dop_operator_v3' retrieved from /home/walterg/Documentos/Data_projects/Data-Warehouse-postgres-DBT-airflow-/.venv/lib/python3.11/site-packages/airflow/example_dags/example_branch_python_dop_operator_3.py
[2025-05-31T21:28:11.182-0300] {logging_mixin.py:188} INFO - [2025-05-31T21:28:11.182-0300] {dag.py:3036} INFO - Sync 1 DAGs
[2025-05-31T21:28:11.198-0300] {logging_mixin.py:188} INFO - [2025-05-31T21:28:11.198-0300] {dag.py:3823} INFO - Setting next_dagrun for example_branch_dop_operator_v3 to 2025-06-01 00:27:00+00:00, run_after=2025-06-01 00:28:00+00:00
[2025-05-31T21:28:11.215-0300] {processor.py:183} INFO - Processing /home/walterg/Documentos/Data_projects/Data-Warehouse-postgres-DBT-airflow-/.venv/lib/python3.11/site-packages/airflow/example_dags/example_branch_python_dop_operator_3.py took 0.062 seconds
[2025-05-31T21:29:13.054-0300] {processor.py:161} INFO - Started process (PID=41611) to work on /home/walterg/Documentos/Data_projects/Data-Warehouse-postgres-DBT-airflow-/.venv/lib/python3.11/site-packages/airflow/example_dags/example_branch_python_dop_operator_3.py
[2025-05-31T21:29:13.059-0300] {processor.py:830} INFO - Processing file /home/walterg/Documentos/Data_projects/Data-Warehouse-postgres-DBT-airflow-/.venv/lib/python3.11/site-packages/airflow/example_dags/example_branch_python_dop_operator_3.py for tasks to queue
[2025-05-31T21:29:13.061-0300] {logging_mixin.py:188} INFO - [2025-05-31T21:29:13.060-0300] {dagbag.py:538} INFO - Filling up the DagBag from /home/walterg/Documentos/Data_projects/Data-Warehouse-postgres-DBT-airflow-/.venv/lib/python3.11/site-packages/airflow/example_dags/example_branch_python_dop_operator_3.py
[2025-05-31T21:29:13.068-0300] {processor.py:840} INFO - DAG(s) 'example_branch_dop_operator_v3' retrieved from /home/walterg/Documentos/Data_projects/Data-Warehouse-postgres-DBT-airflow-/.venv/lib/python3.11/site-packages/airflow/example_dags/example_branch_python_dop_operator_3.py
[2025-05-31T21:29:13.080-0300] {logging_mixin.py:188} INFO - [2025-05-31T21:29:13.080-0300] {dag.py:3036} INFO - Sync 1 DAGs
[2025-05-31T21:29:13.096-0300] {logging_mixin.py:188} INFO - [2025-05-31T21:29:13.096-0300] {dag.py:3823} INFO - Setting next_dagrun for example_branch_dop_operator_v3 to 2025-06-01 00:28:00+00:00, run_after=2025-06-01 00:29:00+00:00
[2025-05-31T21:29:13.112-0300] {processor.py:183} INFO - Processing /home/walterg/Documentos/Data_projects/Data-Warehouse-postgres-DBT-airflow-/.venv/lib/python3.11/site-packages/airflow/example_dags/example_branch_python_dop_operator_3.py took 0.060 seconds
[2025-05-31T21:30:11.722-0300] {processor.py:161} INFO - Started process (PID=41846) to work on /home/walterg/Documentos/Data_projects/Data-Warehouse-postgres-DBT-airflow-/.venv/lib/python3.11/site-packages/airflow/example_dags/example_branch_python_dop_operator_3.py
[2025-05-31T21:30:11.727-0300] {processor.py:830} INFO - Processing file /home/walterg/Documentos/Data_projects/Data-Warehouse-postgres-DBT-airflow-/.venv/lib/python3.11/site-packages/airflow/example_dags/example_branch_python_dop_operator_3.py for tasks to queue
[2025-05-31T21:30:11.728-0300] {logging_mixin.py:188} INFO - [2025-05-31T21:30:11.727-0300] {dagbag.py:538} INFO - Filling up the DagBag from /home/walterg/Documentos/Data_projects/Data-Warehouse-postgres-DBT-airflow-/.venv/lib/python3.11/site-packages/airflow/example_dags/example_branch_python_dop_operator_3.py
[2025-05-31T21:30:11.735-0300] {processor.py:840} INFO - DAG(s) 'example_branch_dop_operator_v3' retrieved from /home/walterg/Documentos/Data_projects/Data-Warehouse-postgres-DBT-airflow-/.venv/lib/python3.11/site-packages/airflow/example_dags/example_branch_python_dop_operator_3.py
[2025-05-31T21:30:11.747-0300] {logging_mixin.py:188} INFO - [2025-05-31T21:30:11.747-0300] {dag.py:3036} INFO - Sync 1 DAGs
[2025-05-31T21:30:11.763-0300] {logging_mixin.py:188} INFO - [2025-05-31T21:30:11.762-0300] {dag.py:3823} INFO - Setting next_dagrun for example_branch_dop_operator_v3 to 2025-06-01 00:29:00+00:00, run_after=2025-06-01 00:30:00+00:00
[2025-05-31T21:30:11.780-0300] {processor.py:183} INFO - Processing /home/walterg/Documentos/Data_projects/Data-Warehouse-postgres-DBT-airflow-/.venv/lib/python3.11/site-packages/airflow/example_dags/example_branch_python_dop_operator_3.py took 0.061 seconds
[2025-05-31T21:31:11.814-0300] {processor.py:161} INFO - Started process (PID=42097) to work on /home/walterg/Documentos/Data_projects/Data-Warehouse-postgres-DBT-airflow-/.venv/lib/python3.11/site-packages/airflow/example_dags/example_branch_python_dop_operator_3.py
[2025-05-31T21:31:11.819-0300] {processor.py:830} INFO - Processing file /home/walterg/Documentos/Data_projects/Data-Warehouse-postgres-DBT-airflow-/.venv/lib/python3.11/site-packages/airflow/example_dags/example_branch_python_dop_operator_3.py for tasks to queue
[2025-05-31T21:31:11.820-0300] {logging_mixin.py:188} INFO - [2025-05-31T21:31:11.819-0300] {dagbag.py:538} INFO - Filling up the DagBag from /home/walterg/Documentos/Data_projects/Data-Warehouse-postgres-DBT-airflow-/.venv/lib/python3.11/site-packages/airflow/example_dags/example_branch_python_dop_operator_3.py
[2025-05-31T21:31:11.827-0300] {processor.py:840} INFO - DAG(s) 'example_branch_dop_operator_v3' retrieved from /home/walterg/Documentos/Data_projects/Data-Warehouse-postgres-DBT-airflow-/.venv/lib/python3.11/site-packages/airflow/example_dags/example_branch_python_dop_operator_3.py
[2025-05-31T21:31:11.839-0300] {logging_mixin.py:188} INFO - [2025-05-31T21:31:11.839-0300] {dag.py:3036} INFO - Sync 1 DAGs
[2025-05-31T21:31:11.855-0300] {logging_mixin.py:188} INFO - [2025-05-31T21:31:11.855-0300] {dag.py:3823} INFO - Setting next_dagrun for example_branch_dop_operator_v3 to 2025-06-01 00:30:00+00:00, run_after=2025-06-01 00:31:00+00:00
[2025-05-31T21:31:11.872-0300] {processor.py:183} INFO - Processing /home/walterg/Documentos/Data_projects/Data-Warehouse-postgres-DBT-airflow-/.venv/lib/python3.11/site-packages/airflow/example_dags/example_branch_python_dop_operator_3.py took 0.061 seconds
[2025-05-31T21:32:10.425-0300] {processor.py:161} INFO - Started process (PID=42315) to work on /home/walterg/Documentos/Data_projects/Data-Warehouse-postgres-DBT-airflow-/.venv/lib/python3.11/site-packages/airflow/example_dags/example_branch_python_dop_operator_3.py
[2025-05-31T21:32:10.430-0300] {processor.py:830} INFO - Processing file /home/walterg/Documentos/Data_projects/Data-Warehouse-postgres-DBT-airflow-/.venv/lib/python3.11/site-packages/airflow/example_dags/example_branch_python_dop_operator_3.py for tasks to queue
[2025-05-31T21:32:10.431-0300] {logging_mixin.py:188} INFO - [2025-05-31T21:32:10.431-0300] {dagbag.py:538} INFO - Filling up the DagBag from /home/walterg/Documentos/Data_projects/Data-Warehouse-postgres-DBT-airflow-/.venv/lib/python3.11/site-packages/airflow/example_dags/example_branch_python_dop_operator_3.py
[2025-05-31T21:32:10.438-0300] {processor.py:840} INFO - DAG(s) 'example_branch_dop_operator_v3' retrieved from /home/walterg/Documentos/Data_projects/Data-Warehouse-postgres-DBT-airflow-/.venv/lib/python3.11/site-packages/airflow/example_dags/example_branch_python_dop_operator_3.py
[2025-05-31T21:32:10.452-0300] {logging_mixin.py:188} INFO - [2025-05-31T21:32:10.452-0300] {dag.py:3036} INFO - Sync 1 DAGs
[2025-05-31T21:32:10.468-0300] {logging_mixin.py:188} INFO - [2025-05-31T21:32:10.468-0300] {dag.py:3823} INFO - Setting next_dagrun for example_branch_dop_operator_v3 to 2025-06-01 00:31:00+00:00, run_after=2025-06-01 00:32:00+00:00
[2025-05-31T21:32:10.485-0300] {processor.py:183} INFO - Processing /home/walterg/Documentos/Data_projects/Data-Warehouse-postgres-DBT-airflow-/.venv/lib/python3.11/site-packages/airflow/example_dags/example_branch_python_dop_operator_3.py took 0.063 seconds
[2025-05-31T21:33:16.587-0300] {processor.py:161} INFO - Started process (PID=42847) to work on /home/walterg/Documentos/Data_projects/Data-Warehouse-postgres-DBT-airflow-/.venv/lib/python3.11/site-packages/airflow/example_dags/example_branch_python_dop_operator_3.py
[2025-05-31T21:33:16.587-0300] {processor.py:830} INFO - Processing file /home/walterg/Documentos/Data_projects/Data-Warehouse-postgres-DBT-airflow-/.venv/lib/python3.11/site-packages/airflow/example_dags/example_branch_python_dop_operator_3.py for tasks to queue
[2025-05-31T21:33:16.588-0300] {logging_mixin.py:188} INFO - [2025-05-31T21:33:16.588-0300] {dagbag.py:538} INFO - Filling up the DagBag from /home/walterg/Documentos/Data_projects/Data-Warehouse-postgres-DBT-airflow-/.venv/lib/python3.11/site-packages/airflow/example_dags/example_branch_python_dop_operator_3.py
[2025-05-31T21:33:16.595-0300] {processor.py:840} INFO - DAG(s) 'example_branch_dop_operator_v3' retrieved from /home/walterg/Documentos/Data_projects/Data-Warehouse-postgres-DBT-airflow-/.venv/lib/python3.11/site-packages/airflow/example_dags/example_branch_python_dop_operator_3.py
[2025-05-31T21:33:16.608-0300] {logging_mixin.py:188} INFO - [2025-05-31T21:33:16.608-0300] {dag.py:3036} INFO - Sync 1 DAGs
[2025-05-31T21:33:16.624-0300] {logging_mixin.py:188} INFO - [2025-05-31T21:33:16.624-0300] {dag.py:3823} INFO - Setting next_dagrun for example_branch_dop_operator_v3 to 2025-06-01 00:32:00+00:00, run_after=2025-06-01 00:33:00+00:00
[2025-05-31T21:33:16.640-0300] {processor.py:183} INFO - Processing /home/walterg/Documentos/Data_projects/Data-Warehouse-postgres-DBT-airflow-/.venv/lib/python3.11/site-packages/airflow/example_dags/example_branch_python_dop_operator_3.py took 0.056 seconds
[2025-05-31T21:34:14.404-0300] {processor.py:161} INFO - Started process (PID=42948) to work on /home/walterg/Documentos/Data_projects/Data-Warehouse-postgres-DBT-airflow-/.venv/lib/python3.11/site-packages/airflow/example_dags/example_branch_python_dop_operator_3.py
[2025-05-31T21:34:14.405-0300] {processor.py:830} INFO - Processing file /home/walterg/Documentos/Data_projects/Data-Warehouse-postgres-DBT-airflow-/.venv/lib/python3.11/site-packages/airflow/example_dags/example_branch_python_dop_operator_3.py for tasks to queue
[2025-05-31T21:34:14.406-0300] {logging_mixin.py:188} INFO - [2025-05-31T21:34:14.406-0300] {dagbag.py:538} INFO - Filling up the DagBag from /home/walterg/Documentos/Data_projects/Data-Warehouse-postgres-DBT-airflow-/.venv/lib/python3.11/site-packages/airflow/example_dags/example_branch_python_dop_operator_3.py
[2025-05-31T21:34:14.413-0300] {processor.py:840} INFO - DAG(s) 'example_branch_dop_operator_v3' retrieved from /home/walterg/Documentos/Data_projects/Data-Warehouse-postgres-DBT-airflow-/.venv/lib/python3.11/site-packages/airflow/example_dags/example_branch_python_dop_operator_3.py
[2025-05-31T21:34:14.425-0300] {logging_mixin.py:188} INFO - [2025-05-31T21:34:14.425-0300] {dag.py:3036} INFO - Sync 1 DAGs
[2025-05-31T21:34:14.440-0300] {logging_mixin.py:188} INFO - [2025-05-31T21:34:14.439-0300] {dag.py:3823} INFO - Setting next_dagrun for example_branch_dop_operator_v3 to 2025-06-01 00:33:00+00:00, run_after=2025-06-01 00:34:00+00:00
[2025-05-31T21:34:14.457-0300] {processor.py:183} INFO - Processing /home/walterg/Documentos/Data_projects/Data-Warehouse-postgres-DBT-airflow-/.venv/lib/python3.11/site-packages/airflow/example_dags/example_branch_python_dop_operator_3.py took 0.055 seconds
