[2025-05-31T21:00:29.961-0300] {processor.py:161} INFO - Started process (PID=32666) to work on /home/walterg/Documentos/Data_projects/Data-Warehouse-postgres-DBT-airflow-/.venv/lib/python3.11/site-packages/airflow/example_dags/example_task_group_decorator.py
[2025-05-31T21:00:29.961-0300] {processor.py:830} INFO - Processing file /home/walterg/Documentos/Data_projects/Data-Warehouse-postgres-DBT-airflow-/.venv/lib/python3.11/site-packages/airflow/example_dags/example_task_group_decorator.py for tasks to queue
[2025-05-31T21:00:29.962-0300] {logging_mixin.py:188} INFO - [2025-05-31T21:00:29.962-0300] {dagbag.py:538} INFO - Filling up the DagBag from /home/walterg/Documentos/Data_projects/Data-Warehouse-postgres-DBT-airflow-/.venv/lib/python3.11/site-packages/airflow/example_dags/example_task_group_decorator.py
[2025-05-31T21:00:29.975-0300] {processor.py:840} INFO - DAG(s) 'example_task_group_decorator' retrieved from /home/walterg/Documentos/Data_projects/Data-Warehouse-postgres-DBT-airflow-/.venv/lib/python3.11/site-packages/airflow/example_dags/example_task_group_decorator.py
[2025-05-31T21:00:29.990-0300] {logging_mixin.py:188} INFO - [2025-05-31T21:00:29.990-0300] {dag.py:3036} INFO - Sync 1 DAGs
[2025-05-31T21:00:30.006-0300] {logging_mixin.py:188} INFO - [2025-05-31T21:00:30.005-0300] {dag.py:3823} INFO - Setting next_dagrun for example_task_group_decorator to 2025-05-31 00:00:00+00:00, run_after=2025-06-01 00:00:00+00:00
[2025-05-31T21:00:30.022-0300] {processor.py:183} INFO - Processing /home/walterg/Documentos/Data_projects/Data-Warehouse-postgres-DBT-airflow-/.venv/lib/python3.11/site-packages/airflow/example_dags/example_task_group_decorator.py took 0.064 seconds
[2025-05-31T21:01:13.109-0300] {processor.py:161} INFO - Started process (PID=32901) to work on /home/walterg/Documentos/Data_projects/Data-Warehouse-postgres-DBT-airflow-/.venv/lib/python3.11/site-packages/airflow/example_dags/example_task_group_decorator.py
[2025-05-31T21:01:13.114-0300] {processor.py:830} INFO - Processing file /home/walterg/Documentos/Data_projects/Data-Warehouse-postgres-DBT-airflow-/.venv/lib/python3.11/site-packages/airflow/example_dags/example_task_group_decorator.py for tasks to queue
[2025-05-31T21:01:13.116-0300] {logging_mixin.py:188} INFO - [2025-05-31T21:01:13.115-0300] {dagbag.py:538} INFO - Filling up the DagBag from /home/walterg/Documentos/Data_projects/Data-Warehouse-postgres-DBT-airflow-/.venv/lib/python3.11/site-packages/airflow/example_dags/example_task_group_decorator.py
[2025-05-31T21:01:13.127-0300] {processor.py:840} INFO - DAG(s) 'example_task_group_decorator' retrieved from /home/walterg/Documentos/Data_projects/Data-Warehouse-postgres-DBT-airflow-/.venv/lib/python3.11/site-packages/airflow/example_dags/example_task_group_decorator.py
[2025-05-31T21:01:13.140-0300] {logging_mixin.py:188} INFO - [2025-05-31T21:01:13.140-0300] {dag.py:3036} INFO - Sync 1 DAGs
[2025-05-31T21:01:13.153-0300] {logging_mixin.py:188} INFO - [2025-05-31T21:01:13.153-0300] {dag.py:3823} INFO - Setting next_dagrun for example_task_group_decorator to 2025-05-31 00:00:00+00:00, run_after=2025-06-01 00:00:00+00:00
[2025-05-31T21:01:13.169-0300] {processor.py:183} INFO - Processing /home/walterg/Documentos/Data_projects/Data-Warehouse-postgres-DBT-airflow-/.venv/lib/python3.11/site-packages/airflow/example_dags/example_task_group_decorator.py took 0.063 seconds
[2025-05-31T21:01:56.398-0300] {processor.py:161} INFO - Started process (PID=33094) to work on /home/walterg/Documentos/Data_projects/Data-Warehouse-postgres-DBT-airflow-/.venv/lib/python3.11/site-packages/airflow/example_dags/example_task_group_decorator.py
[2025-05-31T21:01:56.403-0300] {processor.py:830} INFO - Processing file /home/walterg/Documentos/Data_projects/Data-Warehouse-postgres-DBT-airflow-/.venv/lib/python3.11/site-packages/airflow/example_dags/example_task_group_decorator.py for tasks to queue
[2025-05-31T21:01:56.404-0300] {logging_mixin.py:188} INFO - [2025-05-31T21:01:56.403-0300] {dagbag.py:538} INFO - Filling up the DagBag from /home/walterg/Documentos/Data_projects/Data-Warehouse-postgres-DBT-airflow-/.venv/lib/python3.11/site-packages/airflow/example_dags/example_task_group_decorator.py
[2025-05-31T21:01:56.414-0300] {processor.py:840} INFO - DAG(s) 'example_task_group_decorator' retrieved from /home/walterg/Documentos/Data_projects/Data-Warehouse-postgres-DBT-airflow-/.venv/lib/python3.11/site-packages/airflow/example_dags/example_task_group_decorator.py
[2025-05-31T21:01:56.428-0300] {logging_mixin.py:188} INFO - [2025-05-31T21:01:56.428-0300] {dag.py:3036} INFO - Sync 1 DAGs
[2025-05-31T21:01:56.442-0300] {logging_mixin.py:188} INFO - [2025-05-31T21:01:56.442-0300] {dag.py:3823} INFO - Setting next_dagrun for example_task_group_decorator to 2025-05-31 00:00:00+00:00, run_after=2025-06-01 00:00:00+00:00
[2025-05-31T21:01:56.458-0300] {processor.py:183} INFO - Processing /home/walterg/Documentos/Data_projects/Data-Warehouse-postgres-DBT-airflow-/.venv/lib/python3.11/site-packages/airflow/example_dags/example_task_group_decorator.py took 0.063 seconds
[2025-05-31T21:02:40.292-0300] {processor.py:161} INFO - Started process (PID=33373) to work on /home/walterg/Documentos/Data_projects/Data-Warehouse-postgres-DBT-airflow-/.venv/lib/python3.11/site-packages/airflow/example_dags/example_task_group_decorator.py
[2025-05-31T21:02:40.297-0300] {processor.py:830} INFO - Processing file /home/walterg/Documentos/Data_projects/Data-Warehouse-postgres-DBT-airflow-/.venv/lib/python3.11/site-packages/airflow/example_dags/example_task_group_decorator.py for tasks to queue
[2025-05-31T21:02:40.298-0300] {logging_mixin.py:188} INFO - [2025-05-31T21:02:40.298-0300] {dagbag.py:538} INFO - Filling up the DagBag from /home/walterg/Documentos/Data_projects/Data-Warehouse-postgres-DBT-airflow-/.venv/lib/python3.11/site-packages/airflow/example_dags/example_task_group_decorator.py
[2025-05-31T21:02:40.308-0300] {processor.py:840} INFO - DAG(s) 'example_task_group_decorator' retrieved from /home/walterg/Documentos/Data_projects/Data-Warehouse-postgres-DBT-airflow-/.venv/lib/python3.11/site-packages/airflow/example_dags/example_task_group_decorator.py
[2025-05-31T21:02:40.322-0300] {logging_mixin.py:188} INFO - [2025-05-31T21:02:40.322-0300] {dag.py:3036} INFO - Sync 1 DAGs
[2025-05-31T21:02:40.335-0300] {logging_mixin.py:188} INFO - [2025-05-31T21:02:40.334-0300] {dag.py:3823} INFO - Setting next_dagrun for example_task_group_decorator to 2025-05-31 00:00:00+00:00, run_after=2025-06-01 00:00:00+00:00
[2025-05-31T21:02:40.352-0300] {processor.py:183} INFO - Processing /home/walterg/Documentos/Data_projects/Data-Warehouse-postgres-DBT-airflow-/.venv/lib/python3.11/site-packages/airflow/example_dags/example_task_group_decorator.py took 0.063 seconds
[2025-05-31T21:03:24.407-0300] {processor.py:161} INFO - Started process (PID=33630) to work on /home/walterg/Documentos/Data_projects/Data-Warehouse-postgres-DBT-airflow-/.venv/lib/python3.11/site-packages/airflow/example_dags/example_task_group_decorator.py
[2025-05-31T21:03:24.412-0300] {processor.py:830} INFO - Processing file /home/walterg/Documentos/Data_projects/Data-Warehouse-postgres-DBT-airflow-/.venv/lib/python3.11/site-packages/airflow/example_dags/example_task_group_decorator.py for tasks to queue
[2025-05-31T21:03:24.413-0300] {logging_mixin.py:188} INFO - [2025-05-31T21:03:24.413-0300] {dagbag.py:538} INFO - Filling up the DagBag from /home/walterg/Documentos/Data_projects/Data-Warehouse-postgres-DBT-airflow-/.venv/lib/python3.11/site-packages/airflow/example_dags/example_task_group_decorator.py
[2025-05-31T21:03:24.425-0300] {processor.py:840} INFO - DAG(s) 'example_task_group_decorator' retrieved from /home/walterg/Documentos/Data_projects/Data-Warehouse-postgres-DBT-airflow-/.venv/lib/python3.11/site-packages/airflow/example_dags/example_task_group_decorator.py
[2025-05-31T21:03:24.439-0300] {logging_mixin.py:188} INFO - [2025-05-31T21:03:24.439-0300] {dag.py:3036} INFO - Sync 1 DAGs
[2025-05-31T21:03:24.454-0300] {logging_mixin.py:188} INFO - [2025-05-31T21:03:24.454-0300] {dag.py:3823} INFO - Setting next_dagrun for example_task_group_decorator to 2025-05-31 00:00:00+00:00, run_after=2025-06-01 00:00:00+00:00
[2025-05-31T21:03:24.471-0300] {processor.py:183} INFO - Processing /home/walterg/Documentos/Data_projects/Data-Warehouse-postgres-DBT-airflow-/.venv/lib/python3.11/site-packages/airflow/example_dags/example_task_group_decorator.py took 0.066 seconds
[2025-05-31T21:04:08.404-0300] {processor.py:161} INFO - Started process (PID=33784) to work on /home/walterg/Documentos/Data_projects/Data-Warehouse-postgres-DBT-airflow-/.venv/lib/python3.11/site-packages/airflow/example_dags/example_task_group_decorator.py
[2025-05-31T21:04:08.409-0300] {processor.py:830} INFO - Processing file /home/walterg/Documentos/Data_projects/Data-Warehouse-postgres-DBT-airflow-/.venv/lib/python3.11/site-packages/airflow/example_dags/example_task_group_decorator.py for tasks to queue
[2025-05-31T21:04:08.410-0300] {logging_mixin.py:188} INFO - [2025-05-31T21:04:08.409-0300] {dagbag.py:538} INFO - Filling up the DagBag from /home/walterg/Documentos/Data_projects/Data-Warehouse-postgres-DBT-airflow-/.venv/lib/python3.11/site-packages/airflow/example_dags/example_task_group_decorator.py
[2025-05-31T21:04:08.422-0300] {processor.py:840} INFO - DAG(s) 'example_task_group_decorator' retrieved from /home/walterg/Documentos/Data_projects/Data-Warehouse-postgres-DBT-airflow-/.venv/lib/python3.11/site-packages/airflow/example_dags/example_task_group_decorator.py
[2025-05-31T21:04:08.436-0300] {logging_mixin.py:188} INFO - [2025-05-31T21:04:08.436-0300] {dag.py:3036} INFO - Sync 1 DAGs
[2025-05-31T21:04:08.450-0300] {logging_mixin.py:188} INFO - [2025-05-31T21:04:08.450-0300] {dag.py:3823} INFO - Setting next_dagrun for example_task_group_decorator to 2025-05-31 00:00:00+00:00, run_after=2025-06-01 00:00:00+00:00
[2025-05-31T21:04:08.468-0300] {processor.py:183} INFO - Processing /home/walterg/Documentos/Data_projects/Data-Warehouse-postgres-DBT-airflow-/.venv/lib/python3.11/site-packages/airflow/example_dags/example_task_group_decorator.py took 0.067 seconds
[2025-05-31T21:04:48.602-0300] {processor.py:161} INFO - Started process (PID=33945) to work on /home/walterg/Documentos/Data_projects/Data-Warehouse-postgres-DBT-airflow-/.venv/lib/python3.11/site-packages/airflow/example_dags/example_task_group_decorator.py
[2025-05-31T21:04:48.603-0300] {processor.py:830} INFO - Processing file /home/walterg/Documentos/Data_projects/Data-Warehouse-postgres-DBT-airflow-/.venv/lib/python3.11/site-packages/airflow/example_dags/example_task_group_decorator.py for tasks to queue
[2025-05-31T21:04:48.604-0300] {logging_mixin.py:188} INFO - [2025-05-31T21:04:48.604-0300] {dagbag.py:538} INFO - Filling up the DagBag from /home/walterg/Documentos/Data_projects/Data-Warehouse-postgres-DBT-airflow-/.venv/lib/python3.11/site-packages/airflow/example_dags/example_task_group_decorator.py
[2025-05-31T21:04:48.614-0300] {processor.py:840} INFO - DAG(s) 'example_task_group_decorator' retrieved from /home/walterg/Documentos/Data_projects/Data-Warehouse-postgres-DBT-airflow-/.venv/lib/python3.11/site-packages/airflow/example_dags/example_task_group_decorator.py
[2025-05-31T21:04:48.628-0300] {logging_mixin.py:188} INFO - [2025-05-31T21:04:48.628-0300] {dag.py:3036} INFO - Sync 1 DAGs
[2025-05-31T21:04:48.641-0300] {logging_mixin.py:188} INFO - [2025-05-31T21:04:48.641-0300] {dag.py:3823} INFO - Setting next_dagrun for example_task_group_decorator to 2025-05-31 00:00:00+00:00, run_after=2025-06-01 00:00:00+00:00
[2025-05-31T21:04:48.657-0300] {processor.py:183} INFO - Processing /home/walterg/Documentos/Data_projects/Data-Warehouse-postgres-DBT-airflow-/.venv/lib/python3.11/site-packages/airflow/example_dags/example_task_group_decorator.py took 0.056 seconds
[2025-05-31T21:05:32.401-0300] {processor.py:161} INFO - Started process (PID=34199) to work on /home/walterg/Documentos/Data_projects/Data-Warehouse-postgres-DBT-airflow-/.venv/lib/python3.11/site-packages/airflow/example_dags/example_task_group_decorator.py
[2025-05-31T21:05:32.406-0300] {processor.py:830} INFO - Processing file /home/walterg/Documentos/Data_projects/Data-Warehouse-postgres-DBT-airflow-/.venv/lib/python3.11/site-packages/airflow/example_dags/example_task_group_decorator.py for tasks to queue
[2025-05-31T21:05:32.407-0300] {logging_mixin.py:188} INFO - [2025-05-31T21:05:32.407-0300] {dagbag.py:538} INFO - Filling up the DagBag from /home/walterg/Documentos/Data_projects/Data-Warehouse-postgres-DBT-airflow-/.venv/lib/python3.11/site-packages/airflow/example_dags/example_task_group_decorator.py
[2025-05-31T21:05:32.418-0300] {processor.py:840} INFO - DAG(s) 'example_task_group_decorator' retrieved from /home/walterg/Documentos/Data_projects/Data-Warehouse-postgres-DBT-airflow-/.venv/lib/python3.11/site-packages/airflow/example_dags/example_task_group_decorator.py
[2025-05-31T21:05:32.433-0300] {logging_mixin.py:188} INFO - [2025-05-31T21:05:32.433-0300] {dag.py:3036} INFO - Sync 1 DAGs
[2025-05-31T21:05:32.448-0300] {logging_mixin.py:188} INFO - [2025-05-31T21:05:32.447-0300] {dag.py:3823} INFO - Setting next_dagrun for example_task_group_decorator to 2025-05-31 00:00:00+00:00, run_after=2025-06-01 00:00:00+00:00
[2025-05-31T21:05:32.469-0300] {processor.py:183} INFO - Processing /home/walterg/Documentos/Data_projects/Data-Warehouse-postgres-DBT-airflow-/.venv/lib/python3.11/site-packages/airflow/example_dags/example_task_group_decorator.py took 0.071 seconds
[2025-05-31T21:06:15.928-0300] {processor.py:161} INFO - Started process (PID=34503) to work on /home/walterg/Documentos/Data_projects/Data-Warehouse-postgres-DBT-airflow-/.venv/lib/python3.11/site-packages/airflow/example_dags/example_task_group_decorator.py
[2025-05-31T21:06:15.933-0300] {processor.py:830} INFO - Processing file /home/walterg/Documentos/Data_projects/Data-Warehouse-postgres-DBT-airflow-/.venv/lib/python3.11/site-packages/airflow/example_dags/example_task_group_decorator.py for tasks to queue
[2025-05-31T21:06:15.933-0300] {logging_mixin.py:188} INFO - [2025-05-31T21:06:15.933-0300] {dagbag.py:538} INFO - Filling up the DagBag from /home/walterg/Documentos/Data_projects/Data-Warehouse-postgres-DBT-airflow-/.venv/lib/python3.11/site-packages/airflow/example_dags/example_task_group_decorator.py
[2025-05-31T21:06:15.944-0300] {processor.py:840} INFO - DAG(s) 'example_task_group_decorator' retrieved from /home/walterg/Documentos/Data_projects/Data-Warehouse-postgres-DBT-airflow-/.venv/lib/python3.11/site-packages/airflow/example_dags/example_task_group_decorator.py
[2025-05-31T21:06:15.959-0300] {logging_mixin.py:188} INFO - [2025-05-31T21:06:15.959-0300] {dag.py:3036} INFO - Sync 1 DAGs
[2025-05-31T21:06:15.973-0300] {logging_mixin.py:188} INFO - [2025-05-31T21:06:15.972-0300] {dag.py:3823} INFO - Setting next_dagrun for example_task_group_decorator to 2025-05-31 00:00:00+00:00, run_after=2025-06-01 00:00:00+00:00
[2025-05-31T21:06:15.989-0300] {processor.py:183} INFO - Processing /home/walterg/Documentos/Data_projects/Data-Warehouse-postgres-DBT-airflow-/.venv/lib/python3.11/site-packages/airflow/example_dags/example_task_group_decorator.py took 0.064 seconds
[2025-05-31T21:07:00.208-0300] {processor.py:161} INFO - Started process (PID=34611) to work on /home/walterg/Documentos/Data_projects/Data-Warehouse-postgres-DBT-airflow-/.venv/lib/python3.11/site-packages/airflow/example_dags/example_task_group_decorator.py
[2025-05-31T21:07:00.213-0300] {processor.py:830} INFO - Processing file /home/walterg/Documentos/Data_projects/Data-Warehouse-postgres-DBT-airflow-/.venv/lib/python3.11/site-packages/airflow/example_dags/example_task_group_decorator.py for tasks to queue
[2025-05-31T21:07:00.214-0300] {logging_mixin.py:188} INFO - [2025-05-31T21:07:00.214-0300] {dagbag.py:538} INFO - Filling up the DagBag from /home/walterg/Documentos/Data_projects/Data-Warehouse-postgres-DBT-airflow-/.venv/lib/python3.11/site-packages/airflow/example_dags/example_task_group_decorator.py
[2025-05-31T21:07:00.226-0300] {processor.py:840} INFO - DAG(s) 'example_task_group_decorator' retrieved from /home/walterg/Documentos/Data_projects/Data-Warehouse-postgres-DBT-airflow-/.venv/lib/python3.11/site-packages/airflow/example_dags/example_task_group_decorator.py
[2025-05-31T21:07:00.240-0300] {logging_mixin.py:188} INFO - [2025-05-31T21:07:00.240-0300] {dag.py:3036} INFO - Sync 1 DAGs
[2025-05-31T21:07:00.254-0300] {logging_mixin.py:188} INFO - [2025-05-31T21:07:00.254-0300] {dag.py:3823} INFO - Setting next_dagrun for example_task_group_decorator to 2025-05-31 00:00:00+00:00, run_after=2025-06-01 00:00:00+00:00
[2025-05-31T21:07:00.270-0300] {processor.py:183} INFO - Processing /home/walterg/Documentos/Data_projects/Data-Warehouse-postgres-DBT-airflow-/.venv/lib/python3.11/site-packages/airflow/example_dags/example_task_group_decorator.py took 0.064 seconds
[2025-05-31T21:07:44.975-0300] {processor.py:161} INFO - Started process (PID=34844) to work on /home/walterg/Documentos/Data_projects/Data-Warehouse-postgres-DBT-airflow-/.venv/lib/python3.11/site-packages/airflow/example_dags/example_task_group_decorator.py
[2025-05-31T21:07:44.980-0300] {processor.py:830} INFO - Processing file /home/walterg/Documentos/Data_projects/Data-Warehouse-postgres-DBT-airflow-/.venv/lib/python3.11/site-packages/airflow/example_dags/example_task_group_decorator.py for tasks to queue
[2025-05-31T21:07:44.981-0300] {logging_mixin.py:188} INFO - [2025-05-31T21:07:44.980-0300] {dagbag.py:538} INFO - Filling up the DagBag from /home/walterg/Documentos/Data_projects/Data-Warehouse-postgres-DBT-airflow-/.venv/lib/python3.11/site-packages/airflow/example_dags/example_task_group_decorator.py
[2025-05-31T21:07:44.992-0300] {processor.py:840} INFO - DAG(s) 'example_task_group_decorator' retrieved from /home/walterg/Documentos/Data_projects/Data-Warehouse-postgres-DBT-airflow-/.venv/lib/python3.11/site-packages/airflow/example_dags/example_task_group_decorator.py
[2025-05-31T21:07:45.008-0300] {logging_mixin.py:188} INFO - [2025-05-31T21:07:45.008-0300] {dag.py:3036} INFO - Sync 1 DAGs
[2025-05-31T21:07:45.022-0300] {logging_mixin.py:188} INFO - [2025-05-31T21:07:45.022-0300] {dag.py:3823} INFO - Setting next_dagrun for example_task_group_decorator to 2025-05-31 00:00:00+00:00, run_after=2025-06-01 00:00:00+00:00
[2025-05-31T21:07:45.039-0300] {processor.py:183} INFO - Processing /home/walterg/Documentos/Data_projects/Data-Warehouse-postgres-DBT-airflow-/.venv/lib/python3.11/site-packages/airflow/example_dags/example_task_group_decorator.py took 0.066 seconds
[2025-05-31T21:08:27.319-0300] {processor.py:161} INFO - Started process (PID=35127) to work on /home/walterg/Documentos/Data_projects/Data-Warehouse-postgres-DBT-airflow-/.venv/lib/python3.11/site-packages/airflow/example_dags/example_task_group_decorator.py
[2025-05-31T21:08:27.324-0300] {processor.py:830} INFO - Processing file /home/walterg/Documentos/Data_projects/Data-Warehouse-postgres-DBT-airflow-/.venv/lib/python3.11/site-packages/airflow/example_dags/example_task_group_decorator.py for tasks to queue
[2025-05-31T21:08:27.325-0300] {logging_mixin.py:188} INFO - [2025-05-31T21:08:27.325-0300] {dagbag.py:538} INFO - Filling up the DagBag from /home/walterg/Documentos/Data_projects/Data-Warehouse-postgres-DBT-airflow-/.venv/lib/python3.11/site-packages/airflow/example_dags/example_task_group_decorator.py
[2025-05-31T21:08:27.336-0300] {processor.py:840} INFO - DAG(s) 'example_task_group_decorator' retrieved from /home/walterg/Documentos/Data_projects/Data-Warehouse-postgres-DBT-airflow-/.venv/lib/python3.11/site-packages/airflow/example_dags/example_task_group_decorator.py
[2025-05-31T21:08:27.350-0300] {logging_mixin.py:188} INFO - [2025-05-31T21:08:27.350-0300] {dag.py:3036} INFO - Sync 1 DAGs
[2025-05-31T21:08:27.363-0300] {logging_mixin.py:188} INFO - [2025-05-31T21:08:27.363-0300] {dag.py:3823} INFO - Setting next_dagrun for example_task_group_decorator to 2025-05-31 00:00:00+00:00, run_after=2025-06-01 00:00:00+00:00
[2025-05-31T21:08:27.380-0300] {processor.py:183} INFO - Processing /home/walterg/Documentos/Data_projects/Data-Warehouse-postgres-DBT-airflow-/.venv/lib/python3.11/site-packages/airflow/example_dags/example_task_group_decorator.py took 0.064 seconds
[2025-05-31T21:09:08.859-0300] {processor.py:161} INFO - Started process (PID=35365) to work on /home/walterg/Documentos/Data_projects/Data-Warehouse-postgres-DBT-airflow-/.venv/lib/python3.11/site-packages/airflow/example_dags/example_task_group_decorator.py
[2025-05-31T21:09:08.864-0300] {processor.py:830} INFO - Processing file /home/walterg/Documentos/Data_projects/Data-Warehouse-postgres-DBT-airflow-/.venv/lib/python3.11/site-packages/airflow/example_dags/example_task_group_decorator.py for tasks to queue
[2025-05-31T21:09:08.865-0300] {logging_mixin.py:188} INFO - [2025-05-31T21:09:08.865-0300] {dagbag.py:538} INFO - Filling up the DagBag from /home/walterg/Documentos/Data_projects/Data-Warehouse-postgres-DBT-airflow-/.venv/lib/python3.11/site-packages/airflow/example_dags/example_task_group_decorator.py
[2025-05-31T21:09:08.876-0300] {processor.py:840} INFO - DAG(s) 'example_task_group_decorator' retrieved from /home/walterg/Documentos/Data_projects/Data-Warehouse-postgres-DBT-airflow-/.venv/lib/python3.11/site-packages/airflow/example_dags/example_task_group_decorator.py
[2025-05-31T21:09:08.890-0300] {logging_mixin.py:188} INFO - [2025-05-31T21:09:08.889-0300] {dag.py:3036} INFO - Sync 1 DAGs
[2025-05-31T21:09:08.902-0300] {logging_mixin.py:188} INFO - [2025-05-31T21:09:08.902-0300] {dag.py:3823} INFO - Setting next_dagrun for example_task_group_decorator to 2025-05-31 00:00:00+00:00, run_after=2025-06-01 00:00:00+00:00
[2025-05-31T21:09:08.919-0300] {processor.py:183} INFO - Processing /home/walterg/Documentos/Data_projects/Data-Warehouse-postgres-DBT-airflow-/.venv/lib/python3.11/site-packages/airflow/example_dags/example_task_group_decorator.py took 0.063 seconds
[2025-05-31T21:09:48.189-0300] {processor.py:161} INFO - Started process (PID=35499) to work on /home/walterg/Documentos/Data_projects/Data-Warehouse-postgres-DBT-airflow-/.venv/lib/python3.11/site-packages/airflow/example_dags/example_task_group_decorator.py
[2025-05-31T21:09:48.194-0300] {processor.py:830} INFO - Processing file /home/walterg/Documentos/Data_projects/Data-Warehouse-postgres-DBT-airflow-/.venv/lib/python3.11/site-packages/airflow/example_dags/example_task_group_decorator.py for tasks to queue
[2025-05-31T21:09:48.196-0300] {logging_mixin.py:188} INFO - [2025-05-31T21:09:48.195-0300] {dagbag.py:538} INFO - Filling up the DagBag from /home/walterg/Documentos/Data_projects/Data-Warehouse-postgres-DBT-airflow-/.venv/lib/python3.11/site-packages/airflow/example_dags/example_task_group_decorator.py
[2025-05-31T21:09:48.206-0300] {processor.py:840} INFO - DAG(s) 'example_task_group_decorator' retrieved from /home/walterg/Documentos/Data_projects/Data-Warehouse-postgres-DBT-airflow-/.venv/lib/python3.11/site-packages/airflow/example_dags/example_task_group_decorator.py
[2025-05-31T21:09:48.220-0300] {logging_mixin.py:188} INFO - [2025-05-31T21:09:48.220-0300] {dag.py:3036} INFO - Sync 1 DAGs
[2025-05-31T21:09:48.233-0300] {logging_mixin.py:188} INFO - [2025-05-31T21:09:48.232-0300] {dag.py:3823} INFO - Setting next_dagrun for example_task_group_decorator to 2025-05-31 00:00:00+00:00, run_after=2025-06-01 00:00:00+00:00
[2025-05-31T21:09:48.249-0300] {processor.py:183} INFO - Processing /home/walterg/Documentos/Data_projects/Data-Warehouse-postgres-DBT-airflow-/.venv/lib/python3.11/site-packages/airflow/example_dags/example_task_group_decorator.py took 0.063 seconds
[2025-05-31T21:10:32.136-0300] {processor.py:161} INFO - Started process (PID=35775) to work on /home/walterg/Documentos/Data_projects/Data-Warehouse-postgres-DBT-airflow-/.venv/lib/python3.11/site-packages/airflow/example_dags/example_task_group_decorator.py
[2025-05-31T21:10:32.141-0300] {processor.py:830} INFO - Processing file /home/walterg/Documentos/Data_projects/Data-Warehouse-postgres-DBT-airflow-/.venv/lib/python3.11/site-packages/airflow/example_dags/example_task_group_decorator.py for tasks to queue
[2025-05-31T21:10:32.142-0300] {logging_mixin.py:188} INFO - [2025-05-31T21:10:32.141-0300] {dagbag.py:538} INFO - Filling up the DagBag from /home/walterg/Documentos/Data_projects/Data-Warehouse-postgres-DBT-airflow-/.venv/lib/python3.11/site-packages/airflow/example_dags/example_task_group_decorator.py
[2025-05-31T21:10:32.153-0300] {processor.py:840} INFO - DAG(s) 'example_task_group_decorator' retrieved from /home/walterg/Documentos/Data_projects/Data-Warehouse-postgres-DBT-airflow-/.venv/lib/python3.11/site-packages/airflow/example_dags/example_task_group_decorator.py
[2025-05-31T21:10:32.167-0300] {logging_mixin.py:188} INFO - [2025-05-31T21:10:32.167-0300] {dag.py:3036} INFO - Sync 1 DAGs
[2025-05-31T21:10:32.180-0300] {logging_mixin.py:188} INFO - [2025-05-31T21:10:32.180-0300] {dag.py:3823} INFO - Setting next_dagrun for example_task_group_decorator to 2025-05-31 00:00:00+00:00, run_after=2025-06-01 00:00:00+00:00
[2025-05-31T21:10:32.197-0300] {processor.py:183} INFO - Processing /home/walterg/Documentos/Data_projects/Data-Warehouse-postgres-DBT-airflow-/.venv/lib/python3.11/site-packages/airflow/example_dags/example_task_group_decorator.py took 0.064 seconds
[2025-05-31T21:11:13.666-0300] {processor.py:161} INFO - Started process (PID=36007) to work on /home/walterg/Documentos/Data_projects/Data-Warehouse-postgres-DBT-airflow-/.venv/lib/python3.11/site-packages/airflow/example_dags/example_task_group_decorator.py
[2025-05-31T21:11:13.671-0300] {processor.py:830} INFO - Processing file /home/walterg/Documentos/Data_projects/Data-Warehouse-postgres-DBT-airflow-/.venv/lib/python3.11/site-packages/airflow/example_dags/example_task_group_decorator.py for tasks to queue
[2025-05-31T21:11:13.672-0300] {logging_mixin.py:188} INFO - [2025-05-31T21:11:13.672-0300] {dagbag.py:538} INFO - Filling up the DagBag from /home/walterg/Documentos/Data_projects/Data-Warehouse-postgres-DBT-airflow-/.venv/lib/python3.11/site-packages/airflow/example_dags/example_task_group_decorator.py
[2025-05-31T21:11:13.683-0300] {processor.py:840} INFO - DAG(s) 'example_task_group_decorator' retrieved from /home/walterg/Documentos/Data_projects/Data-Warehouse-postgres-DBT-airflow-/.venv/lib/python3.11/site-packages/airflow/example_dags/example_task_group_decorator.py
[2025-05-31T21:11:13.697-0300] {logging_mixin.py:188} INFO - [2025-05-31T21:11:13.696-0300] {dag.py:3036} INFO - Sync 1 DAGs
[2025-05-31T21:11:13.710-0300] {logging_mixin.py:188} INFO - [2025-05-31T21:11:13.709-0300] {dag.py:3823} INFO - Setting next_dagrun for example_task_group_decorator to 2025-05-31 00:00:00+00:00, run_after=2025-06-01 00:00:00+00:00
[2025-05-31T21:11:13.727-0300] {processor.py:183} INFO - Processing /home/walterg/Documentos/Data_projects/Data-Warehouse-postgres-DBT-airflow-/.venv/lib/python3.11/site-packages/airflow/example_dags/example_task_group_decorator.py took 0.064 seconds
[2025-05-31T21:11:56.512-0300] {processor.py:161} INFO - Started process (PID=36158) to work on /home/walterg/Documentos/Data_projects/Data-Warehouse-postgres-DBT-airflow-/.venv/lib/python3.11/site-packages/airflow/example_dags/example_task_group_decorator.py
[2025-05-31T21:11:56.516-0300] {processor.py:830} INFO - Processing file /home/walterg/Documentos/Data_projects/Data-Warehouse-postgres-DBT-airflow-/.venv/lib/python3.11/site-packages/airflow/example_dags/example_task_group_decorator.py for tasks to queue
[2025-05-31T21:11:56.518-0300] {logging_mixin.py:188} INFO - [2025-05-31T21:11:56.517-0300] {dagbag.py:538} INFO - Filling up the DagBag from /home/walterg/Documentos/Data_projects/Data-Warehouse-postgres-DBT-airflow-/.venv/lib/python3.11/site-packages/airflow/example_dags/example_task_group_decorator.py
[2025-05-31T21:11:56.529-0300] {processor.py:840} INFO - DAG(s) 'example_task_group_decorator' retrieved from /home/walterg/Documentos/Data_projects/Data-Warehouse-postgres-DBT-airflow-/.venv/lib/python3.11/site-packages/airflow/example_dags/example_task_group_decorator.py
[2025-05-31T21:11:56.542-0300] {logging_mixin.py:188} INFO - [2025-05-31T21:11:56.542-0300] {dag.py:3036} INFO - Sync 1 DAGs
[2025-05-31T21:11:56.556-0300] {logging_mixin.py:188} INFO - [2025-05-31T21:11:56.555-0300] {dag.py:3823} INFO - Setting next_dagrun for example_task_group_decorator to 2025-05-31 00:00:00+00:00, run_after=2025-06-01 00:00:00+00:00
[2025-05-31T21:11:56.572-0300] {processor.py:183} INFO - Processing /home/walterg/Documentos/Data_projects/Data-Warehouse-postgres-DBT-airflow-/.venv/lib/python3.11/site-packages/airflow/example_dags/example_task_group_decorator.py took 0.063 seconds
[2025-05-31T21:12:41.971-0300] {processor.py:161} INFO - Started process (PID=36379) to work on /home/walterg/Documentos/Data_projects/Data-Warehouse-postgres-DBT-airflow-/.venv/lib/python3.11/site-packages/airflow/example_dags/example_task_group_decorator.py
[2025-05-31T21:12:41.977-0300] {processor.py:830} INFO - Processing file /home/walterg/Documentos/Data_projects/Data-Warehouse-postgres-DBT-airflow-/.venv/lib/python3.11/site-packages/airflow/example_dags/example_task_group_decorator.py for tasks to queue
[2025-05-31T21:12:41.977-0300] {logging_mixin.py:188} INFO - [2025-05-31T21:12:41.977-0300] {dagbag.py:538} INFO - Filling up the DagBag from /home/walterg/Documentos/Data_projects/Data-Warehouse-postgres-DBT-airflow-/.venv/lib/python3.11/site-packages/airflow/example_dags/example_task_group_decorator.py
[2025-05-31T21:12:41.988-0300] {processor.py:840} INFO - DAG(s) 'example_task_group_decorator' retrieved from /home/walterg/Documentos/Data_projects/Data-Warehouse-postgres-DBT-airflow-/.venv/lib/python3.11/site-packages/airflow/example_dags/example_task_group_decorator.py
[2025-05-31T21:12:42.001-0300] {logging_mixin.py:188} INFO - [2025-05-31T21:12:42.001-0300] {dag.py:3036} INFO - Sync 1 DAGs
[2025-05-31T21:12:42.014-0300] {logging_mixin.py:188} INFO - [2025-05-31T21:12:42.014-0300] {dag.py:3823} INFO - Setting next_dagrun for example_task_group_decorator to 2025-05-31 00:00:00+00:00, run_after=2025-06-01 00:00:00+00:00
[2025-05-31T21:12:42.031-0300] {processor.py:183} INFO - Processing /home/walterg/Documentos/Data_projects/Data-Warehouse-postgres-DBT-airflow-/.venv/lib/python3.11/site-packages/airflow/example_dags/example_task_group_decorator.py took 0.062 seconds
[2025-05-31T21:13:22.213-0300] {processor.py:161} INFO - Started process (PID=36547) to work on /home/walterg/Documentos/Data_projects/Data-Warehouse-postgres-DBT-airflow-/.venv/lib/python3.11/site-packages/airflow/example_dags/example_task_group_decorator.py
[2025-05-31T21:13:22.218-0300] {processor.py:830} INFO - Processing file /home/walterg/Documentos/Data_projects/Data-Warehouse-postgres-DBT-airflow-/.venv/lib/python3.11/site-packages/airflow/example_dags/example_task_group_decorator.py for tasks to queue
[2025-05-31T21:13:22.219-0300] {logging_mixin.py:188} INFO - [2025-05-31T21:13:22.219-0300] {dagbag.py:538} INFO - Filling up the DagBag from /home/walterg/Documentos/Data_projects/Data-Warehouse-postgres-DBT-airflow-/.venv/lib/python3.11/site-packages/airflow/example_dags/example_task_group_decorator.py
[2025-05-31T21:13:22.230-0300] {processor.py:840} INFO - DAG(s) 'example_task_group_decorator' retrieved from /home/walterg/Documentos/Data_projects/Data-Warehouse-postgres-DBT-airflow-/.venv/lib/python3.11/site-packages/airflow/example_dags/example_task_group_decorator.py
[2025-05-31T21:13:22.244-0300] {logging_mixin.py:188} INFO - [2025-05-31T21:13:22.244-0300] {dag.py:3036} INFO - Sync 1 DAGs
[2025-05-31T21:13:22.256-0300] {logging_mixin.py:188} INFO - [2025-05-31T21:13:22.256-0300] {dag.py:3823} INFO - Setting next_dagrun for example_task_group_decorator to 2025-05-31 00:00:00+00:00, run_after=2025-06-01 00:00:00+00:00
[2025-05-31T21:13:22.273-0300] {processor.py:183} INFO - Processing /home/walterg/Documentos/Data_projects/Data-Warehouse-postgres-DBT-airflow-/.venv/lib/python3.11/site-packages/airflow/example_dags/example_task_group_decorator.py took 0.063 seconds
[2025-05-31T21:14:09.206-0300] {processor.py:161} INFO - Started process (PID=36804) to work on /home/walterg/Documentos/Data_projects/Data-Warehouse-postgres-DBT-airflow-/.venv/lib/python3.11/site-packages/airflow/example_dags/example_task_group_decorator.py
[2025-05-31T21:14:09.211-0300] {processor.py:830} INFO - Processing file /home/walterg/Documentos/Data_projects/Data-Warehouse-postgres-DBT-airflow-/.venv/lib/python3.11/site-packages/airflow/example_dags/example_task_group_decorator.py for tasks to queue
[2025-05-31T21:14:09.213-0300] {logging_mixin.py:188} INFO - [2025-05-31T21:14:09.212-0300] {dagbag.py:538} INFO - Filling up the DagBag from /home/walterg/Documentos/Data_projects/Data-Warehouse-postgres-DBT-airflow-/.venv/lib/python3.11/site-packages/airflow/example_dags/example_task_group_decorator.py
[2025-05-31T21:14:09.224-0300] {processor.py:840} INFO - DAG(s) 'example_task_group_decorator' retrieved from /home/walterg/Documentos/Data_projects/Data-Warehouse-postgres-DBT-airflow-/.venv/lib/python3.11/site-packages/airflow/example_dags/example_task_group_decorator.py
[2025-05-31T21:14:09.239-0300] {logging_mixin.py:188} INFO - [2025-05-31T21:14:09.239-0300] {dag.py:3036} INFO - Sync 1 DAGs
[2025-05-31T21:14:09.253-0300] {logging_mixin.py:188} INFO - [2025-05-31T21:14:09.253-0300] {dag.py:3823} INFO - Setting next_dagrun for example_task_group_decorator to 2025-05-31 00:00:00+00:00, run_after=2025-06-01 00:00:00+00:00
[2025-05-31T21:14:09.271-0300] {processor.py:183} INFO - Processing /home/walterg/Documentos/Data_projects/Data-Warehouse-postgres-DBT-airflow-/.venv/lib/python3.11/site-packages/airflow/example_dags/example_task_group_decorator.py took 0.067 seconds
[2025-05-31T21:14:50.828-0300] {processor.py:161} INFO - Started process (PID=36934) to work on /home/walterg/Documentos/Data_projects/Data-Warehouse-postgres-DBT-airflow-/.venv/lib/python3.11/site-packages/airflow/example_dags/example_task_group_decorator.py
[2025-05-31T21:14:50.833-0300] {processor.py:830} INFO - Processing file /home/walterg/Documentos/Data_projects/Data-Warehouse-postgres-DBT-airflow-/.venv/lib/python3.11/site-packages/airflow/example_dags/example_task_group_decorator.py for tasks to queue
[2025-05-31T21:14:50.834-0300] {logging_mixin.py:188} INFO - [2025-05-31T21:14:50.833-0300] {dagbag.py:538} INFO - Filling up the DagBag from /home/walterg/Documentos/Data_projects/Data-Warehouse-postgres-DBT-airflow-/.venv/lib/python3.11/site-packages/airflow/example_dags/example_task_group_decorator.py
[2025-05-31T21:14:50.845-0300] {processor.py:840} INFO - DAG(s) 'example_task_group_decorator' retrieved from /home/walterg/Documentos/Data_projects/Data-Warehouse-postgres-DBT-airflow-/.venv/lib/python3.11/site-packages/airflow/example_dags/example_task_group_decorator.py
[2025-05-31T21:14:50.858-0300] {logging_mixin.py:188} INFO - [2025-05-31T21:14:50.858-0300] {dag.py:3036} INFO - Sync 1 DAGs
[2025-05-31T21:14:50.871-0300] {logging_mixin.py:188} INFO - [2025-05-31T21:14:50.871-0300] {dag.py:3823} INFO - Setting next_dagrun for example_task_group_decorator to 2025-05-31 00:00:00+00:00, run_after=2025-06-01 00:00:00+00:00
[2025-05-31T21:14:50.888-0300] {processor.py:183} INFO - Processing /home/walterg/Documentos/Data_projects/Data-Warehouse-postgres-DBT-airflow-/.venv/lib/python3.11/site-packages/airflow/example_dags/example_task_group_decorator.py took 0.062 seconds
[2025-05-31T21:15:28.318-0300] {processor.py:161} INFO - Started process (PID=37260) to work on /home/walterg/Documentos/Data_projects/Data-Warehouse-postgres-DBT-airflow-/.venv/lib/python3.11/site-packages/airflow/example_dags/example_task_group_decorator.py
[2025-05-31T21:15:28.323-0300] {processor.py:830} INFO - Processing file /home/walterg/Documentos/Data_projects/Data-Warehouse-postgres-DBT-airflow-/.venv/lib/python3.11/site-packages/airflow/example_dags/example_task_group_decorator.py for tasks to queue
[2025-05-31T21:15:28.324-0300] {logging_mixin.py:188} INFO - [2025-05-31T21:15:28.324-0300] {dagbag.py:538} INFO - Filling up the DagBag from /home/walterg/Documentos/Data_projects/Data-Warehouse-postgres-DBT-airflow-/.venv/lib/python3.11/site-packages/airflow/example_dags/example_task_group_decorator.py
[2025-05-31T21:15:28.341-0300] {processor.py:840} INFO - DAG(s) 'example_task_group_decorator' retrieved from /home/walterg/Documentos/Data_projects/Data-Warehouse-postgres-DBT-airflow-/.venv/lib/python3.11/site-packages/airflow/example_dags/example_task_group_decorator.py
[2025-05-31T21:15:28.361-0300] {logging_mixin.py:188} INFO - [2025-05-31T21:15:28.361-0300] {dag.py:3036} INFO - Sync 1 DAGs
[2025-05-31T21:15:28.380-0300] {logging_mixin.py:188} INFO - [2025-05-31T21:15:28.380-0300] {dag.py:3823} INFO - Setting next_dagrun for example_task_group_decorator to 2025-05-31 00:00:00+00:00, run_after=2025-06-01 00:00:00+00:00
[2025-05-31T21:15:28.399-0300] {processor.py:183} INFO - Processing /home/walterg/Documentos/Data_projects/Data-Warehouse-postgres-DBT-airflow-/.venv/lib/python3.11/site-packages/airflow/example_dags/example_task_group_decorator.py took 0.084 seconds
[2025-05-31T21:16:10.334-0300] {processor.py:161} INFO - Started process (PID=37476) to work on /home/walterg/Documentos/Data_projects/Data-Warehouse-postgres-DBT-airflow-/.venv/lib/python3.11/site-packages/airflow/example_dags/example_task_group_decorator.py
[2025-05-31T21:16:10.339-0300] {processor.py:830} INFO - Processing file /home/walterg/Documentos/Data_projects/Data-Warehouse-postgres-DBT-airflow-/.venv/lib/python3.11/site-packages/airflow/example_dags/example_task_group_decorator.py for tasks to queue
[2025-05-31T21:16:10.341-0300] {logging_mixin.py:188} INFO - [2025-05-31T21:16:10.340-0300] {dagbag.py:538} INFO - Filling up the DagBag from /home/walterg/Documentos/Data_projects/Data-Warehouse-postgres-DBT-airflow-/.venv/lib/python3.11/site-packages/airflow/example_dags/example_task_group_decorator.py
[2025-05-31T21:16:10.351-0300] {processor.py:840} INFO - DAG(s) 'example_task_group_decorator' retrieved from /home/walterg/Documentos/Data_projects/Data-Warehouse-postgres-DBT-airflow-/.venv/lib/python3.11/site-packages/airflow/example_dags/example_task_group_decorator.py
[2025-05-31T21:16:10.365-0300] {logging_mixin.py:188} INFO - [2025-05-31T21:16:10.365-0300] {dag.py:3036} INFO - Sync 1 DAGs
[2025-05-31T21:16:10.378-0300] {logging_mixin.py:188} INFO - [2025-05-31T21:16:10.378-0300] {dag.py:3823} INFO - Setting next_dagrun for example_task_group_decorator to 2025-05-31 00:00:00+00:00, run_after=2025-06-01 00:00:00+00:00
[2025-05-31T21:16:10.395-0300] {processor.py:183} INFO - Processing /home/walterg/Documentos/Data_projects/Data-Warehouse-postgres-DBT-airflow-/.venv/lib/python3.11/site-packages/airflow/example_dags/example_task_group_decorator.py took 0.063 seconds
[2025-05-31T21:16:50.538-0300] {processor.py:161} INFO - Started process (PID=37676) to work on /home/walterg/Documentos/Data_projects/Data-Warehouse-postgres-DBT-airflow-/.venv/lib/python3.11/site-packages/airflow/example_dags/example_task_group_decorator.py
[2025-05-31T21:16:50.543-0300] {processor.py:830} INFO - Processing file /home/walterg/Documentos/Data_projects/Data-Warehouse-postgres-DBT-airflow-/.venv/lib/python3.11/site-packages/airflow/example_dags/example_task_group_decorator.py for tasks to queue
[2025-05-31T21:16:50.544-0300] {logging_mixin.py:188} INFO - [2025-05-31T21:16:50.543-0300] {dagbag.py:538} INFO - Filling up the DagBag from /home/walterg/Documentos/Data_projects/Data-Warehouse-postgres-DBT-airflow-/.venv/lib/python3.11/site-packages/airflow/example_dags/example_task_group_decorator.py
[2025-05-31T21:16:50.555-0300] {processor.py:840} INFO - DAG(s) 'example_task_group_decorator' retrieved from /home/walterg/Documentos/Data_projects/Data-Warehouse-postgres-DBT-airflow-/.venv/lib/python3.11/site-packages/airflow/example_dags/example_task_group_decorator.py
[2025-05-31T21:16:50.568-0300] {logging_mixin.py:188} INFO - [2025-05-31T21:16:50.568-0300] {dag.py:3036} INFO - Sync 1 DAGs
[2025-05-31T21:16:50.580-0300] {logging_mixin.py:188} INFO - [2025-05-31T21:16:50.580-0300] {dag.py:3823} INFO - Setting next_dagrun for example_task_group_decorator to 2025-05-31 00:00:00+00:00, run_after=2025-06-01 00:00:00+00:00
[2025-05-31T21:16:50.597-0300] {processor.py:183} INFO - Processing /home/walterg/Documentos/Data_projects/Data-Warehouse-postgres-DBT-airflow-/.venv/lib/python3.11/site-packages/airflow/example_dags/example_task_group_decorator.py took 0.062 seconds
[2025-05-31T21:17:34.912-0300] {processor.py:161} INFO - Started process (PID=37882) to work on /home/walterg/Documentos/Data_projects/Data-Warehouse-postgres-DBT-airflow-/.venv/lib/python3.11/site-packages/airflow/example_dags/example_task_group_decorator.py
[2025-05-31T21:17:34.917-0300] {processor.py:830} INFO - Processing file /home/walterg/Documentos/Data_projects/Data-Warehouse-postgres-DBT-airflow-/.venv/lib/python3.11/site-packages/airflow/example_dags/example_task_group_decorator.py for tasks to queue
[2025-05-31T21:17:34.919-0300] {logging_mixin.py:188} INFO - [2025-05-31T21:17:34.918-0300] {dagbag.py:538} INFO - Filling up the DagBag from /home/walterg/Documentos/Data_projects/Data-Warehouse-postgres-DBT-airflow-/.venv/lib/python3.11/site-packages/airflow/example_dags/example_task_group_decorator.py
[2025-05-31T21:17:34.930-0300] {processor.py:840} INFO - DAG(s) 'example_task_group_decorator' retrieved from /home/walterg/Documentos/Data_projects/Data-Warehouse-postgres-DBT-airflow-/.venv/lib/python3.11/site-packages/airflow/example_dags/example_task_group_decorator.py
[2025-05-31T21:17:34.943-0300] {logging_mixin.py:188} INFO - [2025-05-31T21:17:34.943-0300] {dag.py:3036} INFO - Sync 1 DAGs
[2025-05-31T21:17:34.956-0300] {logging_mixin.py:188} INFO - [2025-05-31T21:17:34.956-0300] {dag.py:3823} INFO - Setting next_dagrun for example_task_group_decorator to 2025-05-31 00:00:00+00:00, run_after=2025-06-01 00:00:00+00:00
[2025-05-31T21:17:34.971-0300] {processor.py:183} INFO - Processing /home/walterg/Documentos/Data_projects/Data-Warehouse-postgres-DBT-airflow-/.venv/lib/python3.11/site-packages/airflow/example_dags/example_task_group_decorator.py took 0.062 seconds
[2025-05-31T21:18:20.751-0300] {processor.py:161} INFO - Started process (PID=38087) to work on /home/walterg/Documentos/Data_projects/Data-Warehouse-postgres-DBT-airflow-/.venv/lib/python3.11/site-packages/airflow/example_dags/example_task_group_decorator.py
[2025-05-31T21:18:20.752-0300] {processor.py:830} INFO - Processing file /home/walterg/Documentos/Data_projects/Data-Warehouse-postgres-DBT-airflow-/.venv/lib/python3.11/site-packages/airflow/example_dags/example_task_group_decorator.py for tasks to queue
[2025-05-31T21:18:20.753-0300] {logging_mixin.py:188} INFO - [2025-05-31T21:18:20.753-0300] {dagbag.py:538} INFO - Filling up the DagBag from /home/walterg/Documentos/Data_projects/Data-Warehouse-postgres-DBT-airflow-/.venv/lib/python3.11/site-packages/airflow/example_dags/example_task_group_decorator.py
[2025-05-31T21:18:20.764-0300] {processor.py:840} INFO - DAG(s) 'example_task_group_decorator' retrieved from /home/walterg/Documentos/Data_projects/Data-Warehouse-postgres-DBT-airflow-/.venv/lib/python3.11/site-packages/airflow/example_dags/example_task_group_decorator.py
[2025-05-31T21:18:20.777-0300] {logging_mixin.py:188} INFO - [2025-05-31T21:18:20.777-0300] {dag.py:3036} INFO - Sync 1 DAGs
[2025-05-31T21:18:20.890-0300] {logging_mixin.py:188} INFO - [2025-05-31T21:18:20.890-0300] {dag.py:3823} INFO - Setting next_dagrun for example_task_group_decorator to 2025-05-31 00:00:00+00:00, run_after=2025-06-01 00:00:00+00:00
[2025-05-31T21:18:20.910-0300] {processor.py:183} INFO - Processing /home/walterg/Documentos/Data_projects/Data-Warehouse-postgres-DBT-airflow-/.venv/lib/python3.11/site-packages/airflow/example_dags/example_task_group_decorator.py took 0.162 seconds
[2025-05-31T21:19:05.476-0300] {processor.py:161} INFO - Started process (PID=38260) to work on /home/walterg/Documentos/Data_projects/Data-Warehouse-postgres-DBT-airflow-/.venv/lib/python3.11/site-packages/airflow/example_dags/example_task_group_decorator.py
[2025-05-31T21:19:05.477-0300] {processor.py:830} INFO - Processing file /home/walterg/Documentos/Data_projects/Data-Warehouse-postgres-DBT-airflow-/.venv/lib/python3.11/site-packages/airflow/example_dags/example_task_group_decorator.py for tasks to queue
[2025-05-31T21:19:05.477-0300] {logging_mixin.py:188} INFO - [2025-05-31T21:19:05.477-0300] {dagbag.py:538} INFO - Filling up the DagBag from /home/walterg/Documentos/Data_projects/Data-Warehouse-postgres-DBT-airflow-/.venv/lib/python3.11/site-packages/airflow/example_dags/example_task_group_decorator.py
[2025-05-31T21:19:05.488-0300] {processor.py:840} INFO - DAG(s) 'example_task_group_decorator' retrieved from /home/walterg/Documentos/Data_projects/Data-Warehouse-postgres-DBT-airflow-/.venv/lib/python3.11/site-packages/airflow/example_dags/example_task_group_decorator.py
[2025-05-31T21:19:05.503-0300] {logging_mixin.py:188} INFO - [2025-05-31T21:19:05.502-0300] {dag.py:3036} INFO - Sync 1 DAGs
[2025-05-31T21:19:05.516-0300] {logging_mixin.py:188} INFO - [2025-05-31T21:19:05.516-0300] {dag.py:3823} INFO - Setting next_dagrun for example_task_group_decorator to 2025-05-31 00:00:00+00:00, run_after=2025-06-01 00:00:00+00:00
[2025-05-31T21:19:05.533-0300] {processor.py:183} INFO - Processing /home/walterg/Documentos/Data_projects/Data-Warehouse-postgres-DBT-airflow-/.venv/lib/python3.11/site-packages/airflow/example_dags/example_task_group_decorator.py took 0.060 seconds
[2025-05-31T21:19:46.748-0300] {processor.py:161} INFO - Started process (PID=38429) to work on /home/walterg/Documentos/Data_projects/Data-Warehouse-postgres-DBT-airflow-/.venv/lib/python3.11/site-packages/airflow/example_dags/example_task_group_decorator.py
[2025-05-31T21:19:46.753-0300] {processor.py:830} INFO - Processing file /home/walterg/Documentos/Data_projects/Data-Warehouse-postgres-DBT-airflow-/.venv/lib/python3.11/site-packages/airflow/example_dags/example_task_group_decorator.py for tasks to queue
[2025-05-31T21:19:46.754-0300] {logging_mixin.py:188} INFO - [2025-05-31T21:19:46.753-0300] {dagbag.py:538} INFO - Filling up the DagBag from /home/walterg/Documentos/Data_projects/Data-Warehouse-postgres-DBT-airflow-/.venv/lib/python3.11/site-packages/airflow/example_dags/example_task_group_decorator.py
[2025-05-31T21:19:46.764-0300] {processor.py:840} INFO - DAG(s) 'example_task_group_decorator' retrieved from /home/walterg/Documentos/Data_projects/Data-Warehouse-postgres-DBT-airflow-/.venv/lib/python3.11/site-packages/airflow/example_dags/example_task_group_decorator.py
[2025-05-31T21:19:46.778-0300] {logging_mixin.py:188} INFO - [2025-05-31T21:19:46.778-0300] {dag.py:3036} INFO - Sync 1 DAGs
[2025-05-31T21:19:46.888-0300] {logging_mixin.py:188} INFO - [2025-05-31T21:19:46.887-0300] {dag.py:3823} INFO - Setting next_dagrun for example_task_group_decorator to 2025-05-31 00:00:00+00:00, run_after=2025-06-01 00:00:00+00:00
[2025-05-31T21:19:46.907-0300] {processor.py:183} INFO - Processing /home/walterg/Documentos/Data_projects/Data-Warehouse-postgres-DBT-airflow-/.venv/lib/python3.11/site-packages/airflow/example_dags/example_task_group_decorator.py took 0.161 seconds
[2025-05-31T21:20:27.913-0300] {processor.py:161} INFO - Started process (PID=38597) to work on /home/walterg/Documentos/Data_projects/Data-Warehouse-postgres-DBT-airflow-/.venv/lib/python3.11/site-packages/airflow/example_dags/example_task_group_decorator.py
[2025-05-31T21:20:27.918-0300] {processor.py:830} INFO - Processing file /home/walterg/Documentos/Data_projects/Data-Warehouse-postgres-DBT-airflow-/.venv/lib/python3.11/site-packages/airflow/example_dags/example_task_group_decorator.py for tasks to queue
[2025-05-31T21:20:27.919-0300] {logging_mixin.py:188} INFO - [2025-05-31T21:20:27.918-0300] {dagbag.py:538} INFO - Filling up the DagBag from /home/walterg/Documentos/Data_projects/Data-Warehouse-postgres-DBT-airflow-/.venv/lib/python3.11/site-packages/airflow/example_dags/example_task_group_decorator.py
[2025-05-31T21:20:27.930-0300] {processor.py:840} INFO - DAG(s) 'example_task_group_decorator' retrieved from /home/walterg/Documentos/Data_projects/Data-Warehouse-postgres-DBT-airflow-/.venv/lib/python3.11/site-packages/airflow/example_dags/example_task_group_decorator.py
[2025-05-31T21:20:27.944-0300] {logging_mixin.py:188} INFO - [2025-05-31T21:20:27.944-0300] {dag.py:3036} INFO - Sync 1 DAGs
[2025-05-31T21:20:27.957-0300] {logging_mixin.py:188} INFO - [2025-05-31T21:20:27.956-0300] {dag.py:3823} INFO - Setting next_dagrun for example_task_group_decorator to 2025-05-31 00:00:00+00:00, run_after=2025-06-01 00:00:00+00:00
[2025-05-31T21:20:27.977-0300] {processor.py:183} INFO - Processing /home/walterg/Documentos/Data_projects/Data-Warehouse-postgres-DBT-airflow-/.venv/lib/python3.11/site-packages/airflow/example_dags/example_task_group_decorator.py took 0.066 seconds
[2025-05-31T21:21:08.742-0300] {processor.py:161} INFO - Started process (PID=38790) to work on /home/walterg/Documentos/Data_projects/Data-Warehouse-postgres-DBT-airflow-/.venv/lib/python3.11/site-packages/airflow/example_dags/example_task_group_decorator.py
[2025-05-31T21:21:08.747-0300] {processor.py:830} INFO - Processing file /home/walterg/Documentos/Data_projects/Data-Warehouse-postgres-DBT-airflow-/.venv/lib/python3.11/site-packages/airflow/example_dags/example_task_group_decorator.py for tasks to queue
[2025-05-31T21:21:08.748-0300] {logging_mixin.py:188} INFO - [2025-05-31T21:21:08.747-0300] {dagbag.py:538} INFO - Filling up the DagBag from /home/walterg/Documentos/Data_projects/Data-Warehouse-postgres-DBT-airflow-/.venv/lib/python3.11/site-packages/airflow/example_dags/example_task_group_decorator.py
[2025-05-31T21:21:08.759-0300] {processor.py:840} INFO - DAG(s) 'example_task_group_decorator' retrieved from /home/walterg/Documentos/Data_projects/Data-Warehouse-postgres-DBT-airflow-/.venv/lib/python3.11/site-packages/airflow/example_dags/example_task_group_decorator.py
[2025-05-31T21:21:08.776-0300] {logging_mixin.py:188} INFO - [2025-05-31T21:21:08.776-0300] {dag.py:3036} INFO - Sync 1 DAGs
[2025-05-31T21:21:08.889-0300] {logging_mixin.py:188} INFO - [2025-05-31T21:21:08.889-0300] {dag.py:3823} INFO - Setting next_dagrun for example_task_group_decorator to 2025-05-31 00:00:00+00:00, run_after=2025-06-01 00:00:00+00:00
[2025-05-31T21:21:08.909-0300] {processor.py:183} INFO - Processing /home/walterg/Documentos/Data_projects/Data-Warehouse-postgres-DBT-airflow-/.venv/lib/python3.11/site-packages/airflow/example_dags/example_task_group_decorator.py took 0.170 seconds
[2025-05-31T21:21:50.425-0300] {processor.py:161} INFO - Started process (PID=39001) to work on /home/walterg/Documentos/Data_projects/Data-Warehouse-postgres-DBT-airflow-/.venv/lib/python3.11/site-packages/airflow/example_dags/example_task_group_decorator.py
[2025-05-31T21:21:50.430-0300] {processor.py:830} INFO - Processing file /home/walterg/Documentos/Data_projects/Data-Warehouse-postgres-DBT-airflow-/.venv/lib/python3.11/site-packages/airflow/example_dags/example_task_group_decorator.py for tasks to queue
[2025-05-31T21:21:50.431-0300] {logging_mixin.py:188} INFO - [2025-05-31T21:21:50.430-0300] {dagbag.py:538} INFO - Filling up the DagBag from /home/walterg/Documentos/Data_projects/Data-Warehouse-postgres-DBT-airflow-/.venv/lib/python3.11/site-packages/airflow/example_dags/example_task_group_decorator.py
[2025-05-31T21:21:50.442-0300] {processor.py:840} INFO - DAG(s) 'example_task_group_decorator' retrieved from /home/walterg/Documentos/Data_projects/Data-Warehouse-postgres-DBT-airflow-/.venv/lib/python3.11/site-packages/airflow/example_dags/example_task_group_decorator.py
[2025-05-31T21:21:50.456-0300] {logging_mixin.py:188} INFO - [2025-05-31T21:21:50.455-0300] {dag.py:3036} INFO - Sync 1 DAGs
[2025-05-31T21:21:50.468-0300] {logging_mixin.py:188} INFO - [2025-05-31T21:21:50.468-0300] {dag.py:3823} INFO - Setting next_dagrun for example_task_group_decorator to 2025-05-31 00:00:00+00:00, run_after=2025-06-01 00:00:00+00:00
[2025-05-31T21:21:50.485-0300] {processor.py:183} INFO - Processing /home/walterg/Documentos/Data_projects/Data-Warehouse-postgres-DBT-airflow-/.venv/lib/python3.11/site-packages/airflow/example_dags/example_task_group_decorator.py took 0.063 seconds
[2025-05-31T21:22:30.866-0300] {processor.py:161} INFO - Started process (PID=39284) to work on /home/walterg/Documentos/Data_projects/Data-Warehouse-postgres-DBT-airflow-/.venv/lib/python3.11/site-packages/airflow/example_dags/example_task_group_decorator.py
[2025-05-31T21:22:30.871-0300] {processor.py:830} INFO - Processing file /home/walterg/Documentos/Data_projects/Data-Warehouse-postgres-DBT-airflow-/.venv/lib/python3.11/site-packages/airflow/example_dags/example_task_group_decorator.py for tasks to queue
[2025-05-31T21:22:30.872-0300] {logging_mixin.py:188} INFO - [2025-05-31T21:22:30.872-0300] {dagbag.py:538} INFO - Filling up the DagBag from /home/walterg/Documentos/Data_projects/Data-Warehouse-postgres-DBT-airflow-/.venv/lib/python3.11/site-packages/airflow/example_dags/example_task_group_decorator.py
[2025-05-31T21:22:30.883-0300] {processor.py:840} INFO - DAG(s) 'example_task_group_decorator' retrieved from /home/walterg/Documentos/Data_projects/Data-Warehouse-postgres-DBT-airflow-/.venv/lib/python3.11/site-packages/airflow/example_dags/example_task_group_decorator.py
[2025-05-31T21:22:30.896-0300] {logging_mixin.py:188} INFO - [2025-05-31T21:22:30.896-0300] {dag.py:3036} INFO - Sync 1 DAGs
[2025-05-31T21:22:31.005-0300] {logging_mixin.py:188} INFO - [2025-05-31T21:22:31.004-0300] {dag.py:3823} INFO - Setting next_dagrun for example_task_group_decorator to 2025-05-31 00:00:00+00:00, run_after=2025-06-01 00:00:00+00:00
[2025-05-31T21:22:31.021-0300] {processor.py:183} INFO - Processing /home/walterg/Documentos/Data_projects/Data-Warehouse-postgres-DBT-airflow-/.venv/lib/python3.11/site-packages/airflow/example_dags/example_task_group_decorator.py took 0.158 seconds
[2025-05-31T21:23:16.826-0300] {processor.py:161} INFO - Started process (PID=39518) to work on /home/walterg/Documentos/Data_projects/Data-Warehouse-postgres-DBT-airflow-/.venv/lib/python3.11/site-packages/airflow/example_dags/example_task_group_decorator.py
[2025-05-31T21:23:16.831-0300] {processor.py:830} INFO - Processing file /home/walterg/Documentos/Data_projects/Data-Warehouse-postgres-DBT-airflow-/.venv/lib/python3.11/site-packages/airflow/example_dags/example_task_group_decorator.py for tasks to queue
[2025-05-31T21:23:16.833-0300] {logging_mixin.py:188} INFO - [2025-05-31T21:23:16.832-0300] {dagbag.py:538} INFO - Filling up the DagBag from /home/walterg/Documentos/Data_projects/Data-Warehouse-postgres-DBT-airflow-/.venv/lib/python3.11/site-packages/airflow/example_dags/example_task_group_decorator.py
[2025-05-31T21:23:16.844-0300] {processor.py:840} INFO - DAG(s) 'example_task_group_decorator' retrieved from /home/walterg/Documentos/Data_projects/Data-Warehouse-postgres-DBT-airflow-/.venv/lib/python3.11/site-packages/airflow/example_dags/example_task_group_decorator.py
[2025-05-31T21:23:16.862-0300] {logging_mixin.py:188} INFO - [2025-05-31T21:23:16.862-0300] {dag.py:3036} INFO - Sync 1 DAGs
[2025-05-31T21:23:16.887-0300] {logging_mixin.py:188} INFO - [2025-05-31T21:23:16.887-0300] {dag.py:3823} INFO - Setting next_dagrun for example_task_group_decorator to 2025-05-31 00:00:00+00:00, run_after=2025-06-01 00:00:00+00:00
[2025-05-31T21:23:16.909-0300] {processor.py:183} INFO - Processing /home/walterg/Documentos/Data_projects/Data-Warehouse-postgres-DBT-airflow-/.venv/lib/python3.11/site-packages/airflow/example_dags/example_task_group_decorator.py took 0.085 seconds
[2025-05-31T21:24:01.898-0300] {processor.py:161} INFO - Started process (PID=39614) to work on /home/walterg/Documentos/Data_projects/Data-Warehouse-postgres-DBT-airflow-/.venv/lib/python3.11/site-packages/airflow/example_dags/example_task_group_decorator.py
[2025-05-31T21:24:01.904-0300] {processor.py:830} INFO - Processing file /home/walterg/Documentos/Data_projects/Data-Warehouse-postgres-DBT-airflow-/.venv/lib/python3.11/site-packages/airflow/example_dags/example_task_group_decorator.py for tasks to queue
[2025-05-31T21:24:01.905-0300] {logging_mixin.py:188} INFO - [2025-05-31T21:24:01.904-0300] {dagbag.py:538} INFO - Filling up the DagBag from /home/walterg/Documentos/Data_projects/Data-Warehouse-postgres-DBT-airflow-/.venv/lib/python3.11/site-packages/airflow/example_dags/example_task_group_decorator.py
[2025-05-31T21:24:01.917-0300] {processor.py:840} INFO - DAG(s) 'example_task_group_decorator' retrieved from /home/walterg/Documentos/Data_projects/Data-Warehouse-postgres-DBT-airflow-/.venv/lib/python3.11/site-packages/airflow/example_dags/example_task_group_decorator.py
[2025-05-31T21:24:01.932-0300] {logging_mixin.py:188} INFO - [2025-05-31T21:24:01.931-0300] {dag.py:3036} INFO - Sync 1 DAGs
[2025-05-31T21:24:02.055-0300] {logging_mixin.py:188} INFO - [2025-05-31T21:24:02.054-0300] {dag.py:3823} INFO - Setting next_dagrun for example_task_group_decorator to 2025-05-31 00:00:00+00:00, run_after=2025-06-01 00:00:00+00:00
[2025-05-31T21:24:02.076-0300] {processor.py:183} INFO - Processing /home/walterg/Documentos/Data_projects/Data-Warehouse-postgres-DBT-airflow-/.venv/lib/python3.11/site-packages/airflow/example_dags/example_task_group_decorator.py took 0.182 seconds
[2025-05-31T21:24:52.619-0300] {processor.py:161} INFO - Started process (PID=39840) to work on /home/walterg/Documentos/Data_projects/Data-Warehouse-postgres-DBT-airflow-/.venv/lib/python3.11/site-packages/airflow/example_dags/example_task_group_decorator.py
[2025-05-31T21:24:52.624-0300] {processor.py:830} INFO - Processing file /home/walterg/Documentos/Data_projects/Data-Warehouse-postgres-DBT-airflow-/.venv/lib/python3.11/site-packages/airflow/example_dags/example_task_group_decorator.py for tasks to queue
[2025-05-31T21:24:52.625-0300] {logging_mixin.py:188} INFO - [2025-05-31T21:24:52.624-0300] {dagbag.py:538} INFO - Filling up the DagBag from /home/walterg/Documentos/Data_projects/Data-Warehouse-postgres-DBT-airflow-/.venv/lib/python3.11/site-packages/airflow/example_dags/example_task_group_decorator.py
[2025-05-31T21:24:52.636-0300] {processor.py:840} INFO - DAG(s) 'example_task_group_decorator' retrieved from /home/walterg/Documentos/Data_projects/Data-Warehouse-postgres-DBT-airflow-/.venv/lib/python3.11/site-packages/airflow/example_dags/example_task_group_decorator.py
[2025-05-31T21:24:52.649-0300] {logging_mixin.py:188} INFO - [2025-05-31T21:24:52.649-0300] {dag.py:3036} INFO - Sync 1 DAGs
[2025-05-31T21:24:52.662-0300] {logging_mixin.py:188} INFO - [2025-05-31T21:24:52.661-0300] {dag.py:3823} INFO - Setting next_dagrun for example_task_group_decorator to 2025-05-31 00:00:00+00:00, run_after=2025-06-01 00:00:00+00:00
[2025-05-31T21:24:52.679-0300] {processor.py:183} INFO - Processing /home/walterg/Documentos/Data_projects/Data-Warehouse-postgres-DBT-airflow-/.venv/lib/python3.11/site-packages/airflow/example_dags/example_task_group_decorator.py took 0.062 seconds
[2025-05-31T21:25:38.992-0300] {processor.py:161} INFO - Started process (PID=40186) to work on /home/walterg/Documentos/Data_projects/Data-Warehouse-postgres-DBT-airflow-/.venv/lib/python3.11/site-packages/airflow/example_dags/example_task_group_decorator.py
[2025-05-31T21:25:38.997-0300] {processor.py:830} INFO - Processing file /home/walterg/Documentos/Data_projects/Data-Warehouse-postgres-DBT-airflow-/.venv/lib/python3.11/site-packages/airflow/example_dags/example_task_group_decorator.py for tasks to queue
[2025-05-31T21:25:38.999-0300] {logging_mixin.py:188} INFO - [2025-05-31T21:25:38.998-0300] {dagbag.py:538} INFO - Filling up the DagBag from /home/walterg/Documentos/Data_projects/Data-Warehouse-postgres-DBT-airflow-/.venv/lib/python3.11/site-packages/airflow/example_dags/example_task_group_decorator.py
[2025-05-31T21:25:39.010-0300] {processor.py:840} INFO - DAG(s) 'example_task_group_decorator' retrieved from /home/walterg/Documentos/Data_projects/Data-Warehouse-postgres-DBT-airflow-/.venv/lib/python3.11/site-packages/airflow/example_dags/example_task_group_decorator.py
[2025-05-31T21:25:39.024-0300] {logging_mixin.py:188} INFO - [2025-05-31T21:25:39.024-0300] {dag.py:3036} INFO - Sync 1 DAGs
[2025-05-31T21:25:39.039-0300] {logging_mixin.py:188} INFO - [2025-05-31T21:25:39.039-0300] {dag.py:3823} INFO - Setting next_dagrun for example_task_group_decorator to 2025-05-31 00:00:00+00:00, run_after=2025-06-01 00:00:00+00:00
[2025-05-31T21:25:39.055-0300] {processor.py:183} INFO - Processing /home/walterg/Documentos/Data_projects/Data-Warehouse-postgres-DBT-airflow-/.venv/lib/python3.11/site-packages/airflow/example_dags/example_task_group_decorator.py took 0.066 seconds
[2025-05-31T21:26:18.263-0300] {processor.py:161} INFO - Started process (PID=40537) to work on /home/walterg/Documentos/Data_projects/Data-Warehouse-postgres-DBT-airflow-/.venv/lib/python3.11/site-packages/airflow/example_dags/example_task_group_decorator.py
[2025-05-31T21:26:18.268-0300] {processor.py:830} INFO - Processing file /home/walterg/Documentos/Data_projects/Data-Warehouse-postgres-DBT-airflow-/.venv/lib/python3.11/site-packages/airflow/example_dags/example_task_group_decorator.py for tasks to queue
[2025-05-31T21:26:18.268-0300] {logging_mixin.py:188} INFO - [2025-05-31T21:26:18.268-0300] {dagbag.py:538} INFO - Filling up the DagBag from /home/walterg/Documentos/Data_projects/Data-Warehouse-postgres-DBT-airflow-/.venv/lib/python3.11/site-packages/airflow/example_dags/example_task_group_decorator.py
[2025-05-31T21:26:18.279-0300] {processor.py:840} INFO - DAG(s) 'example_task_group_decorator' retrieved from /home/walterg/Documentos/Data_projects/Data-Warehouse-postgres-DBT-airflow-/.venv/lib/python3.11/site-packages/airflow/example_dags/example_task_group_decorator.py
[2025-05-31T21:26:18.294-0300] {logging_mixin.py:188} INFO - [2025-05-31T21:26:18.294-0300] {dag.py:3036} INFO - Sync 1 DAGs
[2025-05-31T21:26:18.307-0300] {logging_mixin.py:188} INFO - [2025-05-31T21:26:18.307-0300] {dag.py:3823} INFO - Setting next_dagrun for example_task_group_decorator to 2025-05-31 00:00:00+00:00, run_after=2025-06-01 00:00:00+00:00
[2025-05-31T21:26:18.324-0300] {processor.py:183} INFO - Processing /home/walterg/Documentos/Data_projects/Data-Warehouse-postgres-DBT-airflow-/.venv/lib/python3.11/site-packages/airflow/example_dags/example_task_group_decorator.py took 0.063 seconds
[2025-05-31T21:26:59.432-0300] {processor.py:161} INFO - Started process (PID=40701) to work on /home/walterg/Documentos/Data_projects/Data-Warehouse-postgres-DBT-airflow-/.venv/lib/python3.11/site-packages/airflow/example_dags/example_task_group_decorator.py
[2025-05-31T21:26:59.438-0300] {processor.py:830} INFO - Processing file /home/walterg/Documentos/Data_projects/Data-Warehouse-postgres-DBT-airflow-/.venv/lib/python3.11/site-packages/airflow/example_dags/example_task_group_decorator.py for tasks to queue
[2025-05-31T21:26:59.440-0300] {logging_mixin.py:188} INFO - [2025-05-31T21:26:59.439-0300] {dagbag.py:538} INFO - Filling up the DagBag from /home/walterg/Documentos/Data_projects/Data-Warehouse-postgres-DBT-airflow-/.venv/lib/python3.11/site-packages/airflow/example_dags/example_task_group_decorator.py
[2025-05-31T21:26:59.451-0300] {processor.py:840} INFO - DAG(s) 'example_task_group_decorator' retrieved from /home/walterg/Documentos/Data_projects/Data-Warehouse-postgres-DBT-airflow-/.venv/lib/python3.11/site-packages/airflow/example_dags/example_task_group_decorator.py
[2025-05-31T21:26:59.465-0300] {logging_mixin.py:188} INFO - [2025-05-31T21:26:59.465-0300] {dag.py:3036} INFO - Sync 1 DAGs
[2025-05-31T21:26:59.478-0300] {logging_mixin.py:188} INFO - [2025-05-31T21:26:59.478-0300] {dag.py:3823} INFO - Setting next_dagrun for example_task_group_decorator to 2025-05-31 00:00:00+00:00, run_after=2025-06-01 00:00:00+00:00
[2025-05-31T21:26:59.496-0300] {processor.py:183} INFO - Processing /home/walterg/Documentos/Data_projects/Data-Warehouse-postgres-DBT-airflow-/.venv/lib/python3.11/site-packages/airflow/example_dags/example_task_group_decorator.py took 0.066 seconds
[2025-05-31T21:27:40.184-0300] {processor.py:161} INFO - Started process (PID=41144) to work on /home/walterg/Documentos/Data_projects/Data-Warehouse-postgres-DBT-airflow-/.venv/lib/python3.11/site-packages/airflow/example_dags/example_task_group_decorator.py
[2025-05-31T21:27:40.186-0300] {processor.py:830} INFO - Processing file /home/walterg/Documentos/Data_projects/Data-Warehouse-postgres-DBT-airflow-/.venv/lib/python3.11/site-packages/airflow/example_dags/example_task_group_decorator.py for tasks to queue
[2025-05-31T21:27:40.186-0300] {logging_mixin.py:188} INFO - [2025-05-31T21:27:40.186-0300] {dagbag.py:538} INFO - Filling up the DagBag from /home/walterg/Documentos/Data_projects/Data-Warehouse-postgres-DBT-airflow-/.venv/lib/python3.11/site-packages/airflow/example_dags/example_task_group_decorator.py
[2025-05-31T21:27:40.200-0300] {processor.py:840} INFO - DAG(s) 'example_task_group_decorator' retrieved from /home/walterg/Documentos/Data_projects/Data-Warehouse-postgres-DBT-airflow-/.venv/lib/python3.11/site-packages/airflow/example_dags/example_task_group_decorator.py
[2025-05-31T21:27:40.215-0300] {logging_mixin.py:188} INFO - [2025-05-31T21:27:40.215-0300] {dag.py:3036} INFO - Sync 1 DAGs
[2025-05-31T21:27:40.231-0300] {logging_mixin.py:188} INFO - [2025-05-31T21:27:40.231-0300] {dag.py:3823} INFO - Setting next_dagrun for example_task_group_decorator to 2025-05-31 00:00:00+00:00, run_after=2025-06-01 00:00:00+00:00
[2025-05-31T21:27:40.250-0300] {processor.py:183} INFO - Processing /home/walterg/Documentos/Data_projects/Data-Warehouse-postgres-DBT-airflow-/.venv/lib/python3.11/site-packages/airflow/example_dags/example_task_group_decorator.py took 0.069 seconds
[2025-05-31T21:28:20.301-0300] {processor.py:161} INFO - Started process (PID=41391) to work on /home/walterg/Documentos/Data_projects/Data-Warehouse-postgres-DBT-airflow-/.venv/lib/python3.11/site-packages/airflow/example_dags/example_task_group_decorator.py
[2025-05-31T21:28:20.306-0300] {processor.py:830} INFO - Processing file /home/walterg/Documentos/Data_projects/Data-Warehouse-postgres-DBT-airflow-/.venv/lib/python3.11/site-packages/airflow/example_dags/example_task_group_decorator.py for tasks to queue
[2025-05-31T21:28:20.307-0300] {logging_mixin.py:188} INFO - [2025-05-31T21:28:20.307-0300] {dagbag.py:538} INFO - Filling up the DagBag from /home/walterg/Documentos/Data_projects/Data-Warehouse-postgres-DBT-airflow-/.venv/lib/python3.11/site-packages/airflow/example_dags/example_task_group_decorator.py
[2025-05-31T21:28:20.318-0300] {processor.py:840} INFO - DAG(s) 'example_task_group_decorator' retrieved from /home/walterg/Documentos/Data_projects/Data-Warehouse-postgres-DBT-airflow-/.venv/lib/python3.11/site-packages/airflow/example_dags/example_task_group_decorator.py
[2025-05-31T21:28:20.332-0300] {logging_mixin.py:188} INFO - [2025-05-31T21:28:20.331-0300] {dag.py:3036} INFO - Sync 1 DAGs
[2025-05-31T21:28:20.345-0300] {logging_mixin.py:188} INFO - [2025-05-31T21:28:20.344-0300] {dag.py:3823} INFO - Setting next_dagrun for example_task_group_decorator to 2025-05-31 00:00:00+00:00, run_after=2025-06-01 00:00:00+00:00
[2025-05-31T21:28:20.361-0300] {processor.py:183} INFO - Processing /home/walterg/Documentos/Data_projects/Data-Warehouse-postgres-DBT-airflow-/.venv/lib/python3.11/site-packages/airflow/example_dags/example_task_group_decorator.py took 0.063 seconds
[2025-05-31T21:29:00.146-0300] {processor.py:161} INFO - Started process (PID=41485) to work on /home/walterg/Documentos/Data_projects/Data-Warehouse-postgres-DBT-airflow-/.venv/lib/python3.11/site-packages/airflow/example_dags/example_task_group_decorator.py
[2025-05-31T21:29:00.152-0300] {processor.py:830} INFO - Processing file /home/walterg/Documentos/Data_projects/Data-Warehouse-postgres-DBT-airflow-/.venv/lib/python3.11/site-packages/airflow/example_dags/example_task_group_decorator.py for tasks to queue
[2025-05-31T21:29:00.153-0300] {logging_mixin.py:188} INFO - [2025-05-31T21:29:00.152-0300] {dagbag.py:538} INFO - Filling up the DagBag from /home/walterg/Documentos/Data_projects/Data-Warehouse-postgres-DBT-airflow-/.venv/lib/python3.11/site-packages/airflow/example_dags/example_task_group_decorator.py
[2025-05-31T21:29:00.164-0300] {processor.py:840} INFO - DAG(s) 'example_task_group_decorator' retrieved from /home/walterg/Documentos/Data_projects/Data-Warehouse-postgres-DBT-airflow-/.venv/lib/python3.11/site-packages/airflow/example_dags/example_task_group_decorator.py
[2025-05-31T21:29:00.177-0300] {logging_mixin.py:188} INFO - [2025-05-31T21:29:00.177-0300] {dag.py:3036} INFO - Sync 1 DAGs
[2025-05-31T21:29:00.191-0300] {logging_mixin.py:188} INFO - [2025-05-31T21:29:00.191-0300] {dag.py:3823} INFO - Setting next_dagrun for example_task_group_decorator to 2025-05-31 00:00:00+00:00, run_after=2025-06-01 00:00:00+00:00
[2025-05-31T21:29:00.207-0300] {processor.py:183} INFO - Processing /home/walterg/Documentos/Data_projects/Data-Warehouse-postgres-DBT-airflow-/.venv/lib/python3.11/site-packages/airflow/example_dags/example_task_group_decorator.py took 0.063 seconds
[2025-05-31T21:29:41.868-0300] {processor.py:161} INFO - Started process (PID=41697) to work on /home/walterg/Documentos/Data_projects/Data-Warehouse-postgres-DBT-airflow-/.venv/lib/python3.11/site-packages/airflow/example_dags/example_task_group_decorator.py
[2025-05-31T21:29:41.873-0300] {processor.py:830} INFO - Processing file /home/walterg/Documentos/Data_projects/Data-Warehouse-postgres-DBT-airflow-/.venv/lib/python3.11/site-packages/airflow/example_dags/example_task_group_decorator.py for tasks to queue
[2025-05-31T21:29:41.873-0300] {logging_mixin.py:188} INFO - [2025-05-31T21:29:41.873-0300] {dagbag.py:538} INFO - Filling up the DagBag from /home/walterg/Documentos/Data_projects/Data-Warehouse-postgres-DBT-airflow-/.venv/lib/python3.11/site-packages/airflow/example_dags/example_task_group_decorator.py
[2025-05-31T21:29:41.885-0300] {processor.py:840} INFO - DAG(s) 'example_task_group_decorator' retrieved from /home/walterg/Documentos/Data_projects/Data-Warehouse-postgres-DBT-airflow-/.venv/lib/python3.11/site-packages/airflow/example_dags/example_task_group_decorator.py
[2025-05-31T21:29:41.900-0300] {logging_mixin.py:188} INFO - [2025-05-31T21:29:41.899-0300] {dag.py:3036} INFO - Sync 1 DAGs
[2025-05-31T21:29:41.913-0300] {logging_mixin.py:188} INFO - [2025-05-31T21:29:41.912-0300] {dag.py:3823} INFO - Setting next_dagrun for example_task_group_decorator to 2025-05-31 00:00:00+00:00, run_after=2025-06-01 00:00:00+00:00
[2025-05-31T21:29:41.930-0300] {processor.py:183} INFO - Processing /home/walterg/Documentos/Data_projects/Data-Warehouse-postgres-DBT-airflow-/.venv/lib/python3.11/site-packages/airflow/example_dags/example_task_group_decorator.py took 0.065 seconds
[2025-05-31T21:30:20.866-0300] {processor.py:161} INFO - Started process (PID=41864) to work on /home/walterg/Documentos/Data_projects/Data-Warehouse-postgres-DBT-airflow-/.venv/lib/python3.11/site-packages/airflow/example_dags/example_task_group_decorator.py
[2025-05-31T21:30:20.871-0300] {processor.py:830} INFO - Processing file /home/walterg/Documentos/Data_projects/Data-Warehouse-postgres-DBT-airflow-/.venv/lib/python3.11/site-packages/airflow/example_dags/example_task_group_decorator.py for tasks to queue
[2025-05-31T21:30:20.872-0300] {logging_mixin.py:188} INFO - [2025-05-31T21:30:20.872-0300] {dagbag.py:538} INFO - Filling up the DagBag from /home/walterg/Documentos/Data_projects/Data-Warehouse-postgres-DBT-airflow-/.venv/lib/python3.11/site-packages/airflow/example_dags/example_task_group_decorator.py
[2025-05-31T21:30:20.884-0300] {processor.py:840} INFO - DAG(s) 'example_task_group_decorator' retrieved from /home/walterg/Documentos/Data_projects/Data-Warehouse-postgres-DBT-airflow-/.venv/lib/python3.11/site-packages/airflow/example_dags/example_task_group_decorator.py
[2025-05-31T21:30:20.897-0300] {logging_mixin.py:188} INFO - [2025-05-31T21:30:20.897-0300] {dag.py:3036} INFO - Sync 1 DAGs
[2025-05-31T21:30:20.910-0300] {logging_mixin.py:188} INFO - [2025-05-31T21:30:20.910-0300] {dag.py:3823} INFO - Setting next_dagrun for example_task_group_decorator to 2025-05-31 00:00:00+00:00, run_after=2025-06-01 00:00:00+00:00
[2025-05-31T21:30:20.928-0300] {processor.py:183} INFO - Processing /home/walterg/Documentos/Data_projects/Data-Warehouse-postgres-DBT-airflow-/.venv/lib/python3.11/site-packages/airflow/example_dags/example_task_group_decorator.py took 0.065 seconds
[2025-05-31T21:30:59.558-0300] {processor.py:161} INFO - Started process (PID=41994) to work on /home/walterg/Documentos/Data_projects/Data-Warehouse-postgres-DBT-airflow-/.venv/lib/python3.11/site-packages/airflow/example_dags/example_task_group_decorator.py
[2025-05-31T21:30:59.563-0300] {processor.py:830} INFO - Processing file /home/walterg/Documentos/Data_projects/Data-Warehouse-postgres-DBT-airflow-/.venv/lib/python3.11/site-packages/airflow/example_dags/example_task_group_decorator.py for tasks to queue
[2025-05-31T21:30:59.565-0300] {logging_mixin.py:188} INFO - [2025-05-31T21:30:59.564-0300] {dagbag.py:538} INFO - Filling up the DagBag from /home/walterg/Documentos/Data_projects/Data-Warehouse-postgres-DBT-airflow-/.venv/lib/python3.11/site-packages/airflow/example_dags/example_task_group_decorator.py
[2025-05-31T21:30:59.576-0300] {processor.py:840} INFO - DAG(s) 'example_task_group_decorator' retrieved from /home/walterg/Documentos/Data_projects/Data-Warehouse-postgres-DBT-airflow-/.venv/lib/python3.11/site-packages/airflow/example_dags/example_task_group_decorator.py
[2025-05-31T21:30:59.589-0300] {logging_mixin.py:188} INFO - [2025-05-31T21:30:59.589-0300] {dag.py:3036} INFO - Sync 1 DAGs
[2025-05-31T21:30:59.601-0300] {logging_mixin.py:188} INFO - [2025-05-31T21:30:59.601-0300] {dag.py:3823} INFO - Setting next_dagrun for example_task_group_decorator to 2025-05-31 00:00:00+00:00, run_after=2025-06-01 00:00:00+00:00
[2025-05-31T21:30:59.618-0300] {processor.py:183} INFO - Processing /home/walterg/Documentos/Data_projects/Data-Warehouse-postgres-DBT-airflow-/.venv/lib/python3.11/site-packages/airflow/example_dags/example_task_group_decorator.py took 0.063 seconds
[2025-05-31T21:31:40.044-0300] {processor.py:161} INFO - Started process (PID=42168) to work on /home/walterg/Documentos/Data_projects/Data-Warehouse-postgres-DBT-airflow-/.venv/lib/python3.11/site-packages/airflow/example_dags/example_task_group_decorator.py
[2025-05-31T21:31:40.049-0300] {processor.py:830} INFO - Processing file /home/walterg/Documentos/Data_projects/Data-Warehouse-postgres-DBT-airflow-/.venv/lib/python3.11/site-packages/airflow/example_dags/example_task_group_decorator.py for tasks to queue
[2025-05-31T21:31:40.050-0300] {logging_mixin.py:188} INFO - [2025-05-31T21:31:40.050-0300] {dagbag.py:538} INFO - Filling up the DagBag from /home/walterg/Documentos/Data_projects/Data-Warehouse-postgres-DBT-airflow-/.venv/lib/python3.11/site-packages/airflow/example_dags/example_task_group_decorator.py
[2025-05-31T21:31:40.061-0300] {processor.py:840} INFO - DAG(s) 'example_task_group_decorator' retrieved from /home/walterg/Documentos/Data_projects/Data-Warehouse-postgres-DBT-airflow-/.venv/lib/python3.11/site-packages/airflow/example_dags/example_task_group_decorator.py
[2025-05-31T21:31:40.074-0300] {logging_mixin.py:188} INFO - [2025-05-31T21:31:40.074-0300] {dag.py:3036} INFO - Sync 1 DAGs
[2025-05-31T21:31:40.087-0300] {logging_mixin.py:188} INFO - [2025-05-31T21:31:40.087-0300] {dag.py:3823} INFO - Setting next_dagrun for example_task_group_decorator to 2025-05-31 00:00:00+00:00, run_after=2025-06-01 00:00:00+00:00
[2025-05-31T21:31:40.104-0300] {processor.py:183} INFO - Processing /home/walterg/Documentos/Data_projects/Data-Warehouse-postgres-DBT-airflow-/.venv/lib/python3.11/site-packages/airflow/example_dags/example_task_group_decorator.py took 0.062 seconds
[2025-05-31T21:32:19.426-0300] {processor.py:161} INFO - Started process (PID=42394) to work on /home/walterg/Documentos/Data_projects/Data-Warehouse-postgres-DBT-airflow-/.venv/lib/python3.11/site-packages/airflow/example_dags/example_task_group_decorator.py
[2025-05-31T21:32:19.430-0300] {processor.py:830} INFO - Processing file /home/walterg/Documentos/Data_projects/Data-Warehouse-postgres-DBT-airflow-/.venv/lib/python3.11/site-packages/airflow/example_dags/example_task_group_decorator.py for tasks to queue
[2025-05-31T21:32:19.432-0300] {logging_mixin.py:188} INFO - [2025-05-31T21:32:19.431-0300] {dagbag.py:538} INFO - Filling up the DagBag from /home/walterg/Documentos/Data_projects/Data-Warehouse-postgres-DBT-airflow-/.venv/lib/python3.11/site-packages/airflow/example_dags/example_task_group_decorator.py
[2025-05-31T21:32:19.444-0300] {processor.py:840} INFO - DAG(s) 'example_task_group_decorator' retrieved from /home/walterg/Documentos/Data_projects/Data-Warehouse-postgres-DBT-airflow-/.venv/lib/python3.11/site-packages/airflow/example_dags/example_task_group_decorator.py
[2025-05-31T21:32:19.459-0300] {logging_mixin.py:188} INFO - [2025-05-31T21:32:19.458-0300] {dag.py:3036} INFO - Sync 1 DAGs
[2025-05-31T21:32:19.473-0300] {logging_mixin.py:188} INFO - [2025-05-31T21:32:19.473-0300] {dag.py:3823} INFO - Setting next_dagrun for example_task_group_decorator to 2025-05-31 00:00:00+00:00, run_after=2025-06-01 00:00:00+00:00
[2025-05-31T21:32:19.492-0300] {processor.py:183} INFO - Processing /home/walterg/Documentos/Data_projects/Data-Warehouse-postgres-DBT-airflow-/.venv/lib/python3.11/site-packages/airflow/example_dags/example_task_group_decorator.py took 0.069 seconds
[2025-05-31T21:33:06.441-0300] {processor.py:161} INFO - Started process (PID=42765) to work on /home/walterg/Documentos/Data_projects/Data-Warehouse-postgres-DBT-airflow-/.venv/lib/python3.11/site-packages/airflow/example_dags/example_task_group_decorator.py
[2025-05-31T21:33:06.442-0300] {processor.py:830} INFO - Processing file /home/walterg/Documentos/Data_projects/Data-Warehouse-postgres-DBT-airflow-/.venv/lib/python3.11/site-packages/airflow/example_dags/example_task_group_decorator.py for tasks to queue
[2025-05-31T21:33:06.443-0300] {logging_mixin.py:188} INFO - [2025-05-31T21:33:06.442-0300] {dagbag.py:538} INFO - Filling up the DagBag from /home/walterg/Documentos/Data_projects/Data-Warehouse-postgres-DBT-airflow-/.venv/lib/python3.11/site-packages/airflow/example_dags/example_task_group_decorator.py
[2025-05-31T21:33:06.454-0300] {processor.py:840} INFO - DAG(s) 'example_task_group_decorator' retrieved from /home/walterg/Documentos/Data_projects/Data-Warehouse-postgres-DBT-airflow-/.venv/lib/python3.11/site-packages/airflow/example_dags/example_task_group_decorator.py
[2025-05-31T21:33:06.467-0300] {logging_mixin.py:188} INFO - [2025-05-31T21:33:06.467-0300] {dag.py:3036} INFO - Sync 1 DAGs
[2025-05-31T21:33:06.482-0300] {logging_mixin.py:188} INFO - [2025-05-31T21:33:06.481-0300] {dag.py:3823} INFO - Setting next_dagrun for example_task_group_decorator to 2025-05-31 00:00:00+00:00, run_after=2025-06-01 00:00:00+00:00
[2025-05-31T21:33:06.498-0300] {processor.py:183} INFO - Processing /home/walterg/Documentos/Data_projects/Data-Warehouse-postgres-DBT-airflow-/.venv/lib/python3.11/site-packages/airflow/example_dags/example_task_group_decorator.py took 0.059 seconds
[2025-05-31T21:33:46.963-0300] {processor.py:161} INFO - Started process (PID=42904) to work on /home/walterg/Documentos/Data_projects/Data-Warehouse-postgres-DBT-airflow-/.venv/lib/python3.11/site-packages/airflow/example_dags/example_task_group_decorator.py
[2025-05-31T21:33:46.968-0300] {processor.py:830} INFO - Processing file /home/walterg/Documentos/Data_projects/Data-Warehouse-postgres-DBT-airflow-/.venv/lib/python3.11/site-packages/airflow/example_dags/example_task_group_decorator.py for tasks to queue
[2025-05-31T21:33:46.969-0300] {logging_mixin.py:188} INFO - [2025-05-31T21:33:46.969-0300] {dagbag.py:538} INFO - Filling up the DagBag from /home/walterg/Documentos/Data_projects/Data-Warehouse-postgres-DBT-airflow-/.venv/lib/python3.11/site-packages/airflow/example_dags/example_task_group_decorator.py
[2025-05-31T21:33:46.980-0300] {processor.py:840} INFO - DAG(s) 'example_task_group_decorator' retrieved from /home/walterg/Documentos/Data_projects/Data-Warehouse-postgres-DBT-airflow-/.venv/lib/python3.11/site-packages/airflow/example_dags/example_task_group_decorator.py
[2025-05-31T21:33:46.994-0300] {logging_mixin.py:188} INFO - [2025-05-31T21:33:46.994-0300] {dag.py:3036} INFO - Sync 1 DAGs
[2025-05-31T21:33:47.007-0300] {logging_mixin.py:188} INFO - [2025-05-31T21:33:47.007-0300] {dag.py:3823} INFO - Setting next_dagrun for example_task_group_decorator to 2025-05-31 00:00:00+00:00, run_after=2025-06-01 00:00:00+00:00
[2025-05-31T21:33:47.024-0300] {processor.py:183} INFO - Processing /home/walterg/Documentos/Data_projects/Data-Warehouse-postgres-DBT-airflow-/.venv/lib/python3.11/site-packages/airflow/example_dags/example_task_group_decorator.py took 0.064 seconds
[2025-05-31T21:34:40.129-0300] {processor.py:161} INFO - Started process (PID=43067) to work on /home/walterg/Documentos/Data_projects/Data-Warehouse-postgres-DBT-airflow-/.venv/lib/python3.11/site-packages/airflow/example_dags/example_task_group_decorator.py
[2025-05-31T21:34:40.134-0300] {processor.py:830} INFO - Processing file /home/walterg/Documentos/Data_projects/Data-Warehouse-postgres-DBT-airflow-/.venv/lib/python3.11/site-packages/airflow/example_dags/example_task_group_decorator.py for tasks to queue
[2025-05-31T21:34:40.135-0300] {logging_mixin.py:188} INFO - [2025-05-31T21:34:40.135-0300] {dagbag.py:538} INFO - Filling up the DagBag from /home/walterg/Documentos/Data_projects/Data-Warehouse-postgres-DBT-airflow-/.venv/lib/python3.11/site-packages/airflow/example_dags/example_task_group_decorator.py
[2025-05-31T21:34:40.147-0300] {processor.py:840} INFO - DAG(s) 'example_task_group_decorator' retrieved from /home/walterg/Documentos/Data_projects/Data-Warehouse-postgres-DBT-airflow-/.venv/lib/python3.11/site-packages/airflow/example_dags/example_task_group_decorator.py
[2025-05-31T21:34:40.161-0300] {logging_mixin.py:188} INFO - [2025-05-31T21:34:40.161-0300] {dag.py:3036} INFO - Sync 1 DAGs
[2025-05-31T21:34:40.175-0300] {logging_mixin.py:188} INFO - [2025-05-31T21:34:40.175-0300] {dag.py:3823} INFO - Setting next_dagrun for example_task_group_decorator to 2025-05-31 00:00:00+00:00, run_after=2025-06-01 00:00:00+00:00
[2025-05-31T21:34:40.193-0300] {processor.py:183} INFO - Processing /home/walterg/Documentos/Data_projects/Data-Warehouse-postgres-DBT-airflow-/.venv/lib/python3.11/site-packages/airflow/example_dags/example_task_group_decorator.py took 0.067 seconds
