[2025-05-31T21:00:55.685-0300] {processor.py:161} INFO - Started process (PID=32774) to work on /home/walterg/Documentos/Data_projects/Data-Warehouse-postgres-DBT-airflow-/.venv/lib/python3.11/site-packages/airflow/example_dags/example_short_circuit_decorator.py
[2025-05-31T21:00:55.685-0300] {processor.py:830} INFO - Processing file /home/walterg/Documentos/Data_projects/Data-Warehouse-postgres-DBT-airflow-/.venv/lib/python3.11/site-packages/airflow/example_dags/example_short_circuit_decorator.py for tasks to queue
[2025-05-31T21:00:55.686-0300] {logging_mixin.py:188} INFO - [2025-05-31T21:00:55.686-0300] {dagbag.py:538} INFO - Filling up the DagBag from /home/walterg/Documentos/Data_projects/Data-Warehouse-postgres-DBT-airflow-/.venv/lib/python3.11/site-packages/airflow/example_dags/example_short_circuit_decorator.py
[2025-05-31T21:00:55.694-0300] {processor.py:840} INFO - DAG(s) 'example_short_circuit_decorator' retrieved from /home/walterg/Documentos/Data_projects/Data-Warehouse-postgres-DBT-airflow-/.venv/lib/python3.11/site-packages/airflow/example_dags/example_short_circuit_decorator.py
[2025-05-31T21:00:55.707-0300] {logging_mixin.py:188} INFO - [2025-05-31T21:00:55.707-0300] {dag.py:3036} INFO - Sync 1 DAGs
[2025-05-31T21:00:55.720-0300] {logging_mixin.py:188} INFO - [2025-05-31T21:00:55.720-0300] {dag.py:3823} INFO - Setting next_dagrun for example_short_circuit_decorator to 2025-05-31 00:00:00+00:00, run_after=2025-06-01 00:00:00+00:00
[2025-05-31T21:00:55.741-0300] {processor.py:183} INFO - Processing /home/walterg/Documentos/Data_projects/Data-Warehouse-postgres-DBT-airflow-/.venv/lib/python3.11/site-packages/airflow/example_dags/example_short_circuit_decorator.py took 0.059 seconds
[2025-05-31T21:01:37.251-0300] {processor.py:161} INFO - Started process (PID=33031) to work on /home/walterg/Documentos/Data_projects/Data-Warehouse-postgres-DBT-airflow-/.venv/lib/python3.11/site-packages/airflow/example_dags/example_short_circuit_decorator.py
[2025-05-31T21:01:37.256-0300] {processor.py:830} INFO - Processing file /home/walterg/Documentos/Data_projects/Data-Warehouse-postgres-DBT-airflow-/.venv/lib/python3.11/site-packages/airflow/example_dags/example_short_circuit_decorator.py for tasks to queue
[2025-05-31T21:01:37.257-0300] {logging_mixin.py:188} INFO - [2025-05-31T21:01:37.257-0300] {dagbag.py:538} INFO - Filling up the DagBag from /home/walterg/Documentos/Data_projects/Data-Warehouse-postgres-DBT-airflow-/.venv/lib/python3.11/site-packages/airflow/example_dags/example_short_circuit_decorator.py
[2025-05-31T21:01:37.265-0300] {processor.py:840} INFO - DAG(s) 'example_short_circuit_decorator' retrieved from /home/walterg/Documentos/Data_projects/Data-Warehouse-postgres-DBT-airflow-/.venv/lib/python3.11/site-packages/airflow/example_dags/example_short_circuit_decorator.py
[2025-05-31T21:01:37.278-0300] {logging_mixin.py:188} INFO - [2025-05-31T21:01:37.277-0300] {dag.py:3036} INFO - Sync 1 DAGs
[2025-05-31T21:01:37.290-0300] {logging_mixin.py:188} INFO - [2025-05-31T21:01:37.290-0300] {dag.py:3823} INFO - Setting next_dagrun for example_short_circuit_decorator to 2025-05-31 00:00:00+00:00, run_after=2025-06-01 00:00:00+00:00
[2025-05-31T21:01:37.307-0300] {processor.py:183} INFO - Processing /home/walterg/Documentos/Data_projects/Data-Warehouse-postgres-DBT-airflow-/.venv/lib/python3.11/site-packages/airflow/example_dags/example_short_circuit_decorator.py took 0.059 seconds
[2025-05-31T21:02:21.155-0300] {processor.py:161} INFO - Started process (PID=33345) to work on /home/walterg/Documentos/Data_projects/Data-Warehouse-postgres-DBT-airflow-/.venv/lib/python3.11/site-packages/airflow/example_dags/example_short_circuit_decorator.py
[2025-05-31T21:02:21.160-0300] {processor.py:830} INFO - Processing file /home/walterg/Documentos/Data_projects/Data-Warehouse-postgres-DBT-airflow-/.venv/lib/python3.11/site-packages/airflow/example_dags/example_short_circuit_decorator.py for tasks to queue
[2025-05-31T21:02:21.162-0300] {logging_mixin.py:188} INFO - [2025-05-31T21:02:21.161-0300] {dagbag.py:538} INFO - Filling up the DagBag from /home/walterg/Documentos/Data_projects/Data-Warehouse-postgres-DBT-airflow-/.venv/lib/python3.11/site-packages/airflow/example_dags/example_short_circuit_decorator.py
[2025-05-31T21:02:21.169-0300] {processor.py:840} INFO - DAG(s) 'example_short_circuit_decorator' retrieved from /home/walterg/Documentos/Data_projects/Data-Warehouse-postgres-DBT-airflow-/.venv/lib/python3.11/site-packages/airflow/example_dags/example_short_circuit_decorator.py
[2025-05-31T21:02:21.182-0300] {logging_mixin.py:188} INFO - [2025-05-31T21:02:21.182-0300] {dag.py:3036} INFO - Sync 1 DAGs
[2025-05-31T21:02:21.195-0300] {logging_mixin.py:188} INFO - [2025-05-31T21:02:21.194-0300] {dag.py:3823} INFO - Setting next_dagrun for example_short_circuit_decorator to 2025-05-31 00:00:00+00:00, run_after=2025-06-01 00:00:00+00:00
[2025-05-31T21:02:21.211-0300] {processor.py:183} INFO - Processing /home/walterg/Documentos/Data_projects/Data-Warehouse-postgres-DBT-airflow-/.venv/lib/python3.11/site-packages/airflow/example_dags/example_short_circuit_decorator.py took 0.058 seconds
[2025-05-31T21:03:09.570-0300] {processor.py:161} INFO - Started process (PID=33544) to work on /home/walterg/Documentos/Data_projects/Data-Warehouse-postgres-DBT-airflow-/.venv/lib/python3.11/site-packages/airflow/example_dags/example_short_circuit_decorator.py
[2025-05-31T21:03:09.575-0300] {processor.py:830} INFO - Processing file /home/walterg/Documentos/Data_projects/Data-Warehouse-postgres-DBT-airflow-/.venv/lib/python3.11/site-packages/airflow/example_dags/example_short_circuit_decorator.py for tasks to queue
[2025-05-31T21:03:09.575-0300] {logging_mixin.py:188} INFO - [2025-05-31T21:03:09.575-0300] {dagbag.py:538} INFO - Filling up the DagBag from /home/walterg/Documentos/Data_projects/Data-Warehouse-postgres-DBT-airflow-/.venv/lib/python3.11/site-packages/airflow/example_dags/example_short_circuit_decorator.py
[2025-05-31T21:03:09.585-0300] {processor.py:840} INFO - DAG(s) 'example_short_circuit_decorator' retrieved from /home/walterg/Documentos/Data_projects/Data-Warehouse-postgres-DBT-airflow-/.venv/lib/python3.11/site-packages/airflow/example_dags/example_short_circuit_decorator.py
[2025-05-31T21:03:09.598-0300] {logging_mixin.py:188} INFO - [2025-05-31T21:03:09.598-0300] {dag.py:3036} INFO - Sync 1 DAGs
[2025-05-31T21:03:09.613-0300] {logging_mixin.py:188} INFO - [2025-05-31T21:03:09.613-0300] {dag.py:3823} INFO - Setting next_dagrun for example_short_circuit_decorator to 2025-05-31 00:00:00+00:00, run_after=2025-06-01 00:00:00+00:00
[2025-05-31T21:03:09.632-0300] {processor.py:183} INFO - Processing /home/walterg/Documentos/Data_projects/Data-Warehouse-postgres-DBT-airflow-/.venv/lib/python3.11/site-packages/airflow/example_dags/example_short_circuit_decorator.py took 0.065 seconds
[2025-05-31T21:03:49.979-0300] {processor.py:161} INFO - Started process (PID=33697) to work on /home/walterg/Documentos/Data_projects/Data-Warehouse-postgres-DBT-airflow-/.venv/lib/python3.11/site-packages/airflow/example_dags/example_short_circuit_decorator.py
[2025-05-31T21:03:49.984-0300] {processor.py:830} INFO - Processing file /home/walterg/Documentos/Data_projects/Data-Warehouse-postgres-DBT-airflow-/.venv/lib/python3.11/site-packages/airflow/example_dags/example_short_circuit_decorator.py for tasks to queue
[2025-05-31T21:03:49.985-0300] {logging_mixin.py:188} INFO - [2025-05-31T21:03:49.985-0300] {dagbag.py:538} INFO - Filling up the DagBag from /home/walterg/Documentos/Data_projects/Data-Warehouse-postgres-DBT-airflow-/.venv/lib/python3.11/site-packages/airflow/example_dags/example_short_circuit_decorator.py
[2025-05-31T21:03:49.994-0300] {processor.py:840} INFO - DAG(s) 'example_short_circuit_decorator' retrieved from /home/walterg/Documentos/Data_projects/Data-Warehouse-postgres-DBT-airflow-/.venv/lib/python3.11/site-packages/airflow/example_dags/example_short_circuit_decorator.py
[2025-05-31T21:03:50.007-0300] {logging_mixin.py:188} INFO - [2025-05-31T21:03:50.006-0300] {dag.py:3036} INFO - Sync 1 DAGs
[2025-05-31T21:03:50.022-0300] {logging_mixin.py:188} INFO - [2025-05-31T21:03:50.021-0300] {dag.py:3823} INFO - Setting next_dagrun for example_short_circuit_decorator to 2025-05-31 00:00:00+00:00, run_after=2025-06-01 00:00:00+00:00
[2025-05-31T21:03:50.039-0300] {processor.py:183} INFO - Processing /home/walterg/Documentos/Data_projects/Data-Warehouse-postgres-DBT-airflow-/.venv/lib/python3.11/site-packages/airflow/example_dags/example_short_circuit_decorator.py took 0.063 seconds
[2025-05-31T21:04:52.603-0300] {processor.py:161} INFO - Started process (PID=33949) to work on /home/walterg/Documentos/Data_projects/Data-Warehouse-postgres-DBT-airflow-/.venv/lib/python3.11/site-packages/airflow/example_dags/example_short_circuit_decorator.py
[2025-05-31T21:04:52.604-0300] {processor.py:830} INFO - Processing file /home/walterg/Documentos/Data_projects/Data-Warehouse-postgres-DBT-airflow-/.venv/lib/python3.11/site-packages/airflow/example_dags/example_short_circuit_decorator.py for tasks to queue
[2025-05-31T21:04:52.604-0300] {logging_mixin.py:188} INFO - [2025-05-31T21:04:52.604-0300] {dagbag.py:538} INFO - Filling up the DagBag from /home/walterg/Documentos/Data_projects/Data-Warehouse-postgres-DBT-airflow-/.venv/lib/python3.11/site-packages/airflow/example_dags/example_short_circuit_decorator.py
[2025-05-31T21:04:52.612-0300] {processor.py:840} INFO - DAG(s) 'example_short_circuit_decorator' retrieved from /home/walterg/Documentos/Data_projects/Data-Warehouse-postgres-DBT-airflow-/.venv/lib/python3.11/site-packages/airflow/example_dags/example_short_circuit_decorator.py
[2025-05-31T21:04:52.625-0300] {logging_mixin.py:188} INFO - [2025-05-31T21:04:52.625-0300] {dag.py:3036} INFO - Sync 1 DAGs
[2025-05-31T21:04:52.638-0300] {logging_mixin.py:188} INFO - [2025-05-31T21:04:52.638-0300] {dag.py:3823} INFO - Setting next_dagrun for example_short_circuit_decorator to 2025-05-31 00:00:00+00:00, run_after=2025-06-01 00:00:00+00:00
[2025-05-31T21:04:52.655-0300] {processor.py:183} INFO - Processing /home/walterg/Documentos/Data_projects/Data-Warehouse-postgres-DBT-airflow-/.venv/lib/python3.11/site-packages/airflow/example_dags/example_short_circuit_decorator.py took 0.055 seconds
[2025-05-31T21:05:35.996-0300] {processor.py:161} INFO - Started process (PID=34203) to work on /home/walterg/Documentos/Data_projects/Data-Warehouse-postgres-DBT-airflow-/.venv/lib/python3.11/site-packages/airflow/example_dags/example_short_circuit_decorator.py
[2025-05-31T21:05:36.001-0300] {processor.py:830} INFO - Processing file /home/walterg/Documentos/Data_projects/Data-Warehouse-postgres-DBT-airflow-/.venv/lib/python3.11/site-packages/airflow/example_dags/example_short_circuit_decorator.py for tasks to queue
[2025-05-31T21:05:36.002-0300] {logging_mixin.py:188} INFO - [2025-05-31T21:05:36.002-0300] {dagbag.py:538} INFO - Filling up the DagBag from /home/walterg/Documentos/Data_projects/Data-Warehouse-postgres-DBT-airflow-/.venv/lib/python3.11/site-packages/airflow/example_dags/example_short_circuit_decorator.py
[2025-05-31T21:05:36.010-0300] {processor.py:840} INFO - DAG(s) 'example_short_circuit_decorator' retrieved from /home/walterg/Documentos/Data_projects/Data-Warehouse-postgres-DBT-airflow-/.venv/lib/python3.11/site-packages/airflow/example_dags/example_short_circuit_decorator.py
[2025-05-31T21:05:36.023-0300] {logging_mixin.py:188} INFO - [2025-05-31T21:05:36.022-0300] {dag.py:3036} INFO - Sync 1 DAGs
[2025-05-31T21:05:36.035-0300] {logging_mixin.py:188} INFO - [2025-05-31T21:05:36.035-0300] {dag.py:3823} INFO - Setting next_dagrun for example_short_circuit_decorator to 2025-05-31 00:00:00+00:00, run_after=2025-06-01 00:00:00+00:00
[2025-05-31T21:05:36.054-0300] {processor.py:183} INFO - Processing /home/walterg/Documentos/Data_projects/Data-Warehouse-postgres-DBT-airflow-/.venv/lib/python3.11/site-packages/airflow/example_dags/example_short_circuit_decorator.py took 0.061 seconds
[2025-05-31T21:06:20.347-0300] {processor.py:161} INFO - Started process (PID=34511) to work on /home/walterg/Documentos/Data_projects/Data-Warehouse-postgres-DBT-airflow-/.venv/lib/python3.11/site-packages/airflow/example_dags/example_short_circuit_decorator.py
[2025-05-31T21:06:20.352-0300] {processor.py:830} INFO - Processing file /home/walterg/Documentos/Data_projects/Data-Warehouse-postgres-DBT-airflow-/.venv/lib/python3.11/site-packages/airflow/example_dags/example_short_circuit_decorator.py for tasks to queue
[2025-05-31T21:06:20.354-0300] {logging_mixin.py:188} INFO - [2025-05-31T21:06:20.353-0300] {dagbag.py:538} INFO - Filling up the DagBag from /home/walterg/Documentos/Data_projects/Data-Warehouse-postgres-DBT-airflow-/.venv/lib/python3.11/site-packages/airflow/example_dags/example_short_circuit_decorator.py
[2025-05-31T21:06:20.361-0300] {processor.py:840} INFO - DAG(s) 'example_short_circuit_decorator' retrieved from /home/walterg/Documentos/Data_projects/Data-Warehouse-postgres-DBT-airflow-/.venv/lib/python3.11/site-packages/airflow/example_dags/example_short_circuit_decorator.py
[2025-05-31T21:06:20.374-0300] {logging_mixin.py:188} INFO - [2025-05-31T21:06:20.374-0300] {dag.py:3036} INFO - Sync 1 DAGs
[2025-05-31T21:06:20.388-0300] {logging_mixin.py:188} INFO - [2025-05-31T21:06:20.388-0300] {dag.py:3823} INFO - Setting next_dagrun for example_short_circuit_decorator to 2025-05-31 00:00:00+00:00, run_after=2025-06-01 00:00:00+00:00
[2025-05-31T21:06:20.404-0300] {processor.py:183} INFO - Processing /home/walterg/Documentos/Data_projects/Data-Warehouse-postgres-DBT-airflow-/.venv/lib/python3.11/site-packages/airflow/example_dags/example_short_circuit_decorator.py took 0.060 seconds
[2025-05-31T21:07:08.698-0300] {processor.py:161} INFO - Started process (PID=34719) to work on /home/walterg/Documentos/Data_projects/Data-Warehouse-postgres-DBT-airflow-/.venv/lib/python3.11/site-packages/airflow/example_dags/example_short_circuit_decorator.py
[2025-05-31T21:07:08.703-0300] {processor.py:830} INFO - Processing file /home/walterg/Documentos/Data_projects/Data-Warehouse-postgres-DBT-airflow-/.venv/lib/python3.11/site-packages/airflow/example_dags/example_short_circuit_decorator.py for tasks to queue
[2025-05-31T21:07:08.704-0300] {logging_mixin.py:188} INFO - [2025-05-31T21:07:08.704-0300] {dagbag.py:538} INFO - Filling up the DagBag from /home/walterg/Documentos/Data_projects/Data-Warehouse-postgres-DBT-airflow-/.venv/lib/python3.11/site-packages/airflow/example_dags/example_short_circuit_decorator.py
[2025-05-31T21:07:08.711-0300] {processor.py:840} INFO - DAG(s) 'example_short_circuit_decorator' retrieved from /home/walterg/Documentos/Data_projects/Data-Warehouse-postgres-DBT-airflow-/.venv/lib/python3.11/site-packages/airflow/example_dags/example_short_circuit_decorator.py
[2025-05-31T21:07:08.724-0300] {logging_mixin.py:188} INFO - [2025-05-31T21:07:08.724-0300] {dag.py:3036} INFO - Sync 1 DAGs
[2025-05-31T21:07:08.738-0300] {logging_mixin.py:188} INFO - [2025-05-31T21:07:08.737-0300] {dag.py:3823} INFO - Setting next_dagrun for example_short_circuit_decorator to 2025-05-31 00:00:00+00:00, run_after=2025-06-01 00:00:00+00:00
[2025-05-31T21:07:08.754-0300] {processor.py:183} INFO - Processing /home/walterg/Documentos/Data_projects/Data-Warehouse-postgres-DBT-airflow-/.venv/lib/python3.11/site-packages/airflow/example_dags/example_short_circuit_decorator.py took 0.059 seconds
[2025-05-31T21:08:11.945-0300] {processor.py:161} INFO - Started process (PID=35056) to work on /home/walterg/Documentos/Data_projects/Data-Warehouse-postgres-DBT-airflow-/.venv/lib/python3.11/site-packages/airflow/example_dags/example_short_circuit_decorator.py
[2025-05-31T21:08:11.951-0300] {processor.py:830} INFO - Processing file /home/walterg/Documentos/Data_projects/Data-Warehouse-postgres-DBT-airflow-/.venv/lib/python3.11/site-packages/airflow/example_dags/example_short_circuit_decorator.py for tasks to queue
[2025-05-31T21:08:11.951-0300] {logging_mixin.py:188} INFO - [2025-05-31T21:08:11.951-0300] {dagbag.py:538} INFO - Filling up the DagBag from /home/walterg/Documentos/Data_projects/Data-Warehouse-postgres-DBT-airflow-/.venv/lib/python3.11/site-packages/airflow/example_dags/example_short_circuit_decorator.py
[2025-05-31T21:08:11.959-0300] {processor.py:840} INFO - DAG(s) 'example_short_circuit_decorator' retrieved from /home/walterg/Documentos/Data_projects/Data-Warehouse-postgres-DBT-airflow-/.venv/lib/python3.11/site-packages/airflow/example_dags/example_short_circuit_decorator.py
[2025-05-31T21:08:11.972-0300] {logging_mixin.py:188} INFO - [2025-05-31T21:08:11.972-0300] {dag.py:3036} INFO - Sync 1 DAGs
[2025-05-31T21:08:11.984-0300] {logging_mixin.py:188} INFO - [2025-05-31T21:08:11.984-0300] {dag.py:3823} INFO - Setting next_dagrun for example_short_circuit_decorator to 2025-05-31 00:00:00+00:00, run_after=2025-06-01 00:00:00+00:00
[2025-05-31T21:08:12.001-0300] {processor.py:183} INFO - Processing /home/walterg/Documentos/Data_projects/Data-Warehouse-postgres-DBT-airflow-/.venv/lib/python3.11/site-packages/airflow/example_dags/example_short_circuit_decorator.py took 0.058 seconds
[2025-05-31T21:08:53.056-0300] {processor.py:161} INFO - Started process (PID=35248) to work on /home/walterg/Documentos/Data_projects/Data-Warehouse-postgres-DBT-airflow-/.venv/lib/python3.11/site-packages/airflow/example_dags/example_short_circuit_decorator.py
[2025-05-31T21:08:53.061-0300] {processor.py:830} INFO - Processing file /home/walterg/Documentos/Data_projects/Data-Warehouse-postgres-DBT-airflow-/.venv/lib/python3.11/site-packages/airflow/example_dags/example_short_circuit_decorator.py for tasks to queue
[2025-05-31T21:08:53.062-0300] {logging_mixin.py:188} INFO - [2025-05-31T21:08:53.062-0300] {dagbag.py:538} INFO - Filling up the DagBag from /home/walterg/Documentos/Data_projects/Data-Warehouse-postgres-DBT-airflow-/.venv/lib/python3.11/site-packages/airflow/example_dags/example_short_circuit_decorator.py
[2025-05-31T21:08:53.070-0300] {processor.py:840} INFO - DAG(s) 'example_short_circuit_decorator' retrieved from /home/walterg/Documentos/Data_projects/Data-Warehouse-postgres-DBT-airflow-/.venv/lib/python3.11/site-packages/airflow/example_dags/example_short_circuit_decorator.py
[2025-05-31T21:08:53.083-0300] {logging_mixin.py:188} INFO - [2025-05-31T21:08:53.083-0300] {dag.py:3036} INFO - Sync 1 DAGs
[2025-05-31T21:08:53.097-0300] {logging_mixin.py:188} INFO - [2025-05-31T21:08:53.097-0300] {dag.py:3823} INFO - Setting next_dagrun for example_short_circuit_decorator to 2025-05-31 00:00:00+00:00, run_after=2025-06-01 00:00:00+00:00
[2025-05-31T21:08:53.114-0300] {processor.py:183} INFO - Processing /home/walterg/Documentos/Data_projects/Data-Warehouse-postgres-DBT-airflow-/.venv/lib/python3.11/site-packages/airflow/example_dags/example_short_circuit_decorator.py took 0.061 seconds
[2025-05-31T21:09:53.669-0300] {processor.py:161} INFO - Started process (PID=35512) to work on /home/walterg/Documentos/Data_projects/Data-Warehouse-postgres-DBT-airflow-/.venv/lib/python3.11/site-packages/airflow/example_dags/example_short_circuit_decorator.py
[2025-05-31T21:09:53.674-0300] {processor.py:830} INFO - Processing file /home/walterg/Documentos/Data_projects/Data-Warehouse-postgres-DBT-airflow-/.venv/lib/python3.11/site-packages/airflow/example_dags/example_short_circuit_decorator.py for tasks to queue
[2025-05-31T21:09:53.675-0300] {logging_mixin.py:188} INFO - [2025-05-31T21:09:53.675-0300] {dagbag.py:538} INFO - Filling up the DagBag from /home/walterg/Documentos/Data_projects/Data-Warehouse-postgres-DBT-airflow-/.venv/lib/python3.11/site-packages/airflow/example_dags/example_short_circuit_decorator.py
[2025-05-31T21:09:53.683-0300] {processor.py:840} INFO - DAG(s) 'example_short_circuit_decorator' retrieved from /home/walterg/Documentos/Data_projects/Data-Warehouse-postgres-DBT-airflow-/.venv/lib/python3.11/site-packages/airflow/example_dags/example_short_circuit_decorator.py
[2025-05-31T21:09:53.696-0300] {logging_mixin.py:188} INFO - [2025-05-31T21:09:53.696-0300] {dag.py:3036} INFO - Sync 1 DAGs
[2025-05-31T21:09:53.709-0300] {logging_mixin.py:188} INFO - [2025-05-31T21:09:53.709-0300] {dag.py:3823} INFO - Setting next_dagrun for example_short_circuit_decorator to 2025-05-31 00:00:00+00:00, run_after=2025-06-01 00:00:00+00:00
[2025-05-31T21:09:53.726-0300] {processor.py:183} INFO - Processing /home/walterg/Documentos/Data_projects/Data-Warehouse-postgres-DBT-airflow-/.venv/lib/python3.11/site-packages/airflow/example_dags/example_short_circuit_decorator.py took 0.060 seconds
[2025-05-31T21:10:37.286-0300] {processor.py:161} INFO - Started process (PID=35784) to work on /home/walterg/Documentos/Data_projects/Data-Warehouse-postgres-DBT-airflow-/.venv/lib/python3.11/site-packages/airflow/example_dags/example_short_circuit_decorator.py
[2025-05-31T21:10:37.291-0300] {processor.py:830} INFO - Processing file /home/walterg/Documentos/Data_projects/Data-Warehouse-postgres-DBT-airflow-/.venv/lib/python3.11/site-packages/airflow/example_dags/example_short_circuit_decorator.py for tasks to queue
[2025-05-31T21:10:37.293-0300] {logging_mixin.py:188} INFO - [2025-05-31T21:10:37.292-0300] {dagbag.py:538} INFO - Filling up the DagBag from /home/walterg/Documentos/Data_projects/Data-Warehouse-postgres-DBT-airflow-/.venv/lib/python3.11/site-packages/airflow/example_dags/example_short_circuit_decorator.py
[2025-05-31T21:10:37.302-0300] {processor.py:840} INFO - DAG(s) 'example_short_circuit_decorator' retrieved from /home/walterg/Documentos/Data_projects/Data-Warehouse-postgres-DBT-airflow-/.venv/lib/python3.11/site-packages/airflow/example_dags/example_short_circuit_decorator.py
[2025-05-31T21:10:37.316-0300] {logging_mixin.py:188} INFO - [2025-05-31T21:10:37.316-0300] {dag.py:3036} INFO - Sync 1 DAGs
[2025-05-31T21:10:37.329-0300] {logging_mixin.py:188} INFO - [2025-05-31T21:10:37.329-0300] {dag.py:3823} INFO - Setting next_dagrun for example_short_circuit_decorator to 2025-05-31 00:00:00+00:00, run_after=2025-06-01 00:00:00+00:00
[2025-05-31T21:10:37.346-0300] {processor.py:183} INFO - Processing /home/walterg/Documentos/Data_projects/Data-Warehouse-postgres-DBT-airflow-/.venv/lib/python3.11/site-packages/airflow/example_dags/example_short_circuit_decorator.py took 0.063 seconds
[2025-05-31T21:11:36.382-0300] {processor.py:161} INFO - Started process (PID=36093) to work on /home/walterg/Documentos/Data_projects/Data-Warehouse-postgres-DBT-airflow-/.venv/lib/python3.11/site-packages/airflow/example_dags/example_short_circuit_decorator.py
[2025-05-31T21:11:36.387-0300] {processor.py:830} INFO - Processing file /home/walterg/Documentos/Data_projects/Data-Warehouse-postgres-DBT-airflow-/.venv/lib/python3.11/site-packages/airflow/example_dags/example_short_circuit_decorator.py for tasks to queue
[2025-05-31T21:11:36.388-0300] {logging_mixin.py:188} INFO - [2025-05-31T21:11:36.388-0300] {dagbag.py:538} INFO - Filling up the DagBag from /home/walterg/Documentos/Data_projects/Data-Warehouse-postgres-DBT-airflow-/.venv/lib/python3.11/site-packages/airflow/example_dags/example_short_circuit_decorator.py
[2025-05-31T21:11:36.396-0300] {processor.py:840} INFO - DAG(s) 'example_short_circuit_decorator' retrieved from /home/walterg/Documentos/Data_projects/Data-Warehouse-postgres-DBT-airflow-/.venv/lib/python3.11/site-packages/airflow/example_dags/example_short_circuit_decorator.py
[2025-05-31T21:11:36.410-0300] {logging_mixin.py:188} INFO - [2025-05-31T21:11:36.410-0300] {dag.py:3036} INFO - Sync 1 DAGs
[2025-05-31T21:11:36.424-0300] {logging_mixin.py:188} INFO - [2025-05-31T21:11:36.424-0300] {dag.py:3823} INFO - Setting next_dagrun for example_short_circuit_decorator to 2025-05-31 00:00:00+00:00, run_after=2025-06-01 00:00:00+00:00
[2025-05-31T21:11:36.442-0300] {processor.py:183} INFO - Processing /home/walterg/Documentos/Data_projects/Data-Warehouse-postgres-DBT-airflow-/.venv/lib/python3.11/site-packages/airflow/example_dags/example_short_circuit_decorator.py took 0.063 seconds
[2025-05-31T21:12:21.390-0300] {processor.py:161} INFO - Started process (PID=36300) to work on /home/walterg/Documentos/Data_projects/Data-Warehouse-postgres-DBT-airflow-/.venv/lib/python3.11/site-packages/airflow/example_dags/example_short_circuit_decorator.py
[2025-05-31T21:12:21.395-0300] {processor.py:830} INFO - Processing file /home/walterg/Documentos/Data_projects/Data-Warehouse-postgres-DBT-airflow-/.venv/lib/python3.11/site-packages/airflow/example_dags/example_short_circuit_decorator.py for tasks to queue
[2025-05-31T21:12:21.395-0300] {logging_mixin.py:188} INFO - [2025-05-31T21:12:21.395-0300] {dagbag.py:538} INFO - Filling up the DagBag from /home/walterg/Documentos/Data_projects/Data-Warehouse-postgres-DBT-airflow-/.venv/lib/python3.11/site-packages/airflow/example_dags/example_short_circuit_decorator.py
[2025-05-31T21:12:21.403-0300] {processor.py:840} INFO - DAG(s) 'example_short_circuit_decorator' retrieved from /home/walterg/Documentos/Data_projects/Data-Warehouse-postgres-DBT-airflow-/.venv/lib/python3.11/site-packages/airflow/example_dags/example_short_circuit_decorator.py
[2025-05-31T21:12:21.416-0300] {logging_mixin.py:188} INFO - [2025-05-31T21:12:21.416-0300] {dag.py:3036} INFO - Sync 1 DAGs
[2025-05-31T21:12:21.430-0300] {logging_mixin.py:188} INFO - [2025-05-31T21:12:21.430-0300] {dag.py:3823} INFO - Setting next_dagrun for example_short_circuit_decorator to 2025-05-31 00:00:00+00:00, run_after=2025-06-01 00:00:00+00:00
[2025-05-31T21:12:21.447-0300] {processor.py:183} INFO - Processing /home/walterg/Documentos/Data_projects/Data-Warehouse-postgres-DBT-airflow-/.venv/lib/python3.11/site-packages/airflow/example_dags/example_short_circuit_decorator.py took 0.059 seconds
[2025-05-31T21:13:01.941-0300] {processor.py:161} INFO - Started process (PID=36428) to work on /home/walterg/Documentos/Data_projects/Data-Warehouse-postgres-DBT-airflow-/.venv/lib/python3.11/site-packages/airflow/example_dags/example_short_circuit_decorator.py
[2025-05-31T21:13:01.946-0300] {processor.py:830} INFO - Processing file /home/walterg/Documentos/Data_projects/Data-Warehouse-postgres-DBT-airflow-/.venv/lib/python3.11/site-packages/airflow/example_dags/example_short_circuit_decorator.py for tasks to queue
[2025-05-31T21:13:01.947-0300] {logging_mixin.py:188} INFO - [2025-05-31T21:13:01.947-0300] {dagbag.py:538} INFO - Filling up the DagBag from /home/walterg/Documentos/Data_projects/Data-Warehouse-postgres-DBT-airflow-/.venv/lib/python3.11/site-packages/airflow/example_dags/example_short_circuit_decorator.py
[2025-05-31T21:13:01.954-0300] {processor.py:840} INFO - DAG(s) 'example_short_circuit_decorator' retrieved from /home/walterg/Documentos/Data_projects/Data-Warehouse-postgres-DBT-airflow-/.venv/lib/python3.11/site-packages/airflow/example_dags/example_short_circuit_decorator.py
[2025-05-31T21:13:01.967-0300] {logging_mixin.py:188} INFO - [2025-05-31T21:13:01.967-0300] {dag.py:3036} INFO - Sync 1 DAGs
[2025-05-31T21:13:01.980-0300] {logging_mixin.py:188} INFO - [2025-05-31T21:13:01.980-0300] {dag.py:3823} INFO - Setting next_dagrun for example_short_circuit_decorator to 2025-05-31 00:00:00+00:00, run_after=2025-06-01 00:00:00+00:00
[2025-05-31T21:13:01.997-0300] {processor.py:183} INFO - Processing /home/walterg/Documentos/Data_projects/Data-Warehouse-postgres-DBT-airflow-/.venv/lib/python3.11/site-packages/airflow/example_dags/example_short_circuit_decorator.py took 0.059 seconds
[2025-05-31T21:13:47.779-0300] {processor.py:161} INFO - Started process (PID=36617) to work on /home/walterg/Documentos/Data_projects/Data-Warehouse-postgres-DBT-airflow-/.venv/lib/python3.11/site-packages/airflow/example_dags/example_short_circuit_decorator.py
[2025-05-31T21:13:47.784-0300] {processor.py:830} INFO - Processing file /home/walterg/Documentos/Data_projects/Data-Warehouse-postgres-DBT-airflow-/.venv/lib/python3.11/site-packages/airflow/example_dags/example_short_circuit_decorator.py for tasks to queue
[2025-05-31T21:13:47.785-0300] {logging_mixin.py:188} INFO - [2025-05-31T21:13:47.785-0300] {dagbag.py:538} INFO - Filling up the DagBag from /home/walterg/Documentos/Data_projects/Data-Warehouse-postgres-DBT-airflow-/.venv/lib/python3.11/site-packages/airflow/example_dags/example_short_circuit_decorator.py
[2025-05-31T21:13:47.796-0300] {processor.py:840} INFO - DAG(s) 'example_short_circuit_decorator' retrieved from /home/walterg/Documentos/Data_projects/Data-Warehouse-postgres-DBT-airflow-/.venv/lib/python3.11/site-packages/airflow/example_dags/example_short_circuit_decorator.py
[2025-05-31T21:13:47.811-0300] {logging_mixin.py:188} INFO - [2025-05-31T21:13:47.810-0300] {dag.py:3036} INFO - Sync 1 DAGs
[2025-05-31T21:13:47.824-0300] {logging_mixin.py:188} INFO - [2025-05-31T21:13:47.824-0300] {dag.py:3823} INFO - Setting next_dagrun for example_short_circuit_decorator to 2025-05-31 00:00:00+00:00, run_after=2025-06-01 00:00:00+00:00
[2025-05-31T21:13:47.840-0300] {processor.py:183} INFO - Processing /home/walterg/Documentos/Data_projects/Data-Warehouse-postgres-DBT-airflow-/.venv/lib/python3.11/site-packages/airflow/example_dags/example_short_circuit_decorator.py took 0.064 seconds
[2025-05-31T21:14:31.977-0300] {processor.py:161} INFO - Started process (PID=36880) to work on /home/walterg/Documentos/Data_projects/Data-Warehouse-postgres-DBT-airflow-/.venv/lib/python3.11/site-packages/airflow/example_dags/example_short_circuit_decorator.py
[2025-05-31T21:14:31.982-0300] {processor.py:830} INFO - Processing file /home/walterg/Documentos/Data_projects/Data-Warehouse-postgres-DBT-airflow-/.venv/lib/python3.11/site-packages/airflow/example_dags/example_short_circuit_decorator.py for tasks to queue
[2025-05-31T21:14:31.983-0300] {logging_mixin.py:188} INFO - [2025-05-31T21:14:31.983-0300] {dagbag.py:538} INFO - Filling up the DagBag from /home/walterg/Documentos/Data_projects/Data-Warehouse-postgres-DBT-airflow-/.venv/lib/python3.11/site-packages/airflow/example_dags/example_short_circuit_decorator.py
[2025-05-31T21:14:31.991-0300] {processor.py:840} INFO - DAG(s) 'example_short_circuit_decorator' retrieved from /home/walterg/Documentos/Data_projects/Data-Warehouse-postgres-DBT-airflow-/.venv/lib/python3.11/site-packages/airflow/example_dags/example_short_circuit_decorator.py
[2025-05-31T21:14:32.004-0300] {logging_mixin.py:188} INFO - [2025-05-31T21:14:32.004-0300] {dag.py:3036} INFO - Sync 1 DAGs
[2025-05-31T21:14:32.017-0300] {logging_mixin.py:188} INFO - [2025-05-31T21:14:32.017-0300] {dag.py:3823} INFO - Setting next_dagrun for example_short_circuit_decorator to 2025-05-31 00:00:00+00:00, run_after=2025-06-01 00:00:00+00:00
[2025-05-31T21:14:32.033-0300] {processor.py:183} INFO - Processing /home/walterg/Documentos/Data_projects/Data-Warehouse-postgres-DBT-airflow-/.venv/lib/python3.11/site-packages/airflow/example_dags/example_short_circuit_decorator.py took 0.059 seconds
[2025-05-31T21:15:31.349-0300] {processor.py:161} INFO - Started process (PID=37267) to work on /home/walterg/Documentos/Data_projects/Data-Warehouse-postgres-DBT-airflow-/.venv/lib/python3.11/site-packages/airflow/example_dags/example_short_circuit_decorator.py
[2025-05-31T21:15:31.354-0300] {processor.py:830} INFO - Processing file /home/walterg/Documentos/Data_projects/Data-Warehouse-postgres-DBT-airflow-/.venv/lib/python3.11/site-packages/airflow/example_dags/example_short_circuit_decorator.py for tasks to queue
[2025-05-31T21:15:31.355-0300] {logging_mixin.py:188} INFO - [2025-05-31T21:15:31.355-0300] {dagbag.py:538} INFO - Filling up the DagBag from /home/walterg/Documentos/Data_projects/Data-Warehouse-postgres-DBT-airflow-/.venv/lib/python3.11/site-packages/airflow/example_dags/example_short_circuit_decorator.py
[2025-05-31T21:15:31.363-0300] {processor.py:840} INFO - DAG(s) 'example_short_circuit_decorator' retrieved from /home/walterg/Documentos/Data_projects/Data-Warehouse-postgres-DBT-airflow-/.venv/lib/python3.11/site-packages/airflow/example_dags/example_short_circuit_decorator.py
[2025-05-31T21:15:31.376-0300] {logging_mixin.py:188} INFO - [2025-05-31T21:15:31.376-0300] {dag.py:3036} INFO - Sync 1 DAGs
[2025-05-31T21:15:31.389-0300] {logging_mixin.py:188} INFO - [2025-05-31T21:15:31.388-0300] {dag.py:3823} INFO - Setting next_dagrun for example_short_circuit_decorator to 2025-05-31 00:00:00+00:00, run_after=2025-06-01 00:00:00+00:00
[2025-05-31T21:15:31.405-0300] {processor.py:183} INFO - Processing /home/walterg/Documentos/Data_projects/Data-Warehouse-postgres-DBT-airflow-/.venv/lib/python3.11/site-packages/airflow/example_dags/example_short_circuit_decorator.py took 0.058 seconds
[2025-05-31T21:16:31.242-0300] {processor.py:161} INFO - Started process (PID=37628) to work on /home/walterg/Documentos/Data_projects/Data-Warehouse-postgres-DBT-airflow-/.venv/lib/python3.11/site-packages/airflow/example_dags/example_short_circuit_decorator.py
[2025-05-31T21:16:31.247-0300] {processor.py:830} INFO - Processing file /home/walterg/Documentos/Data_projects/Data-Warehouse-postgres-DBT-airflow-/.venv/lib/python3.11/site-packages/airflow/example_dags/example_short_circuit_decorator.py for tasks to queue
[2025-05-31T21:16:31.249-0300] {logging_mixin.py:188} INFO - [2025-05-31T21:16:31.248-0300] {dagbag.py:538} INFO - Filling up the DagBag from /home/walterg/Documentos/Data_projects/Data-Warehouse-postgres-DBT-airflow-/.venv/lib/python3.11/site-packages/airflow/example_dags/example_short_circuit_decorator.py
[2025-05-31T21:16:31.256-0300] {processor.py:840} INFO - DAG(s) 'example_short_circuit_decorator' retrieved from /home/walterg/Documentos/Data_projects/Data-Warehouse-postgres-DBT-airflow-/.venv/lib/python3.11/site-packages/airflow/example_dags/example_short_circuit_decorator.py
[2025-05-31T21:16:31.270-0300] {logging_mixin.py:188} INFO - [2025-05-31T21:16:31.269-0300] {dag.py:3036} INFO - Sync 1 DAGs
[2025-05-31T21:16:31.282-0300] {logging_mixin.py:188} INFO - [2025-05-31T21:16:31.282-0300] {dag.py:3823} INFO - Setting next_dagrun for example_short_circuit_decorator to 2025-05-31 00:00:00+00:00, run_after=2025-06-01 00:00:00+00:00
[2025-05-31T21:16:31.297-0300] {processor.py:183} INFO - Processing /home/walterg/Documentos/Data_projects/Data-Warehouse-postgres-DBT-airflow-/.venv/lib/python3.11/site-packages/airflow/example_dags/example_short_circuit_decorator.py took 0.057 seconds
[2025-05-31T21:17:17.209-0300] {processor.py:161} INFO - Started process (PID=37860) to work on /home/walterg/Documentos/Data_projects/Data-Warehouse-postgres-DBT-airflow-/.venv/lib/python3.11/site-packages/airflow/example_dags/example_short_circuit_decorator.py
[2025-05-31T21:17:17.210-0300] {processor.py:830} INFO - Processing file /home/walterg/Documentos/Data_projects/Data-Warehouse-postgres-DBT-airflow-/.venv/lib/python3.11/site-packages/airflow/example_dags/example_short_circuit_decorator.py for tasks to queue
[2025-05-31T21:17:17.210-0300] {logging_mixin.py:188} INFO - [2025-05-31T21:17:17.210-0300] {dagbag.py:538} INFO - Filling up the DagBag from /home/walterg/Documentos/Data_projects/Data-Warehouse-postgres-DBT-airflow-/.venv/lib/python3.11/site-packages/airflow/example_dags/example_short_circuit_decorator.py
[2025-05-31T21:17:17.218-0300] {processor.py:840} INFO - DAG(s) 'example_short_circuit_decorator' retrieved from /home/walterg/Documentos/Data_projects/Data-Warehouse-postgres-DBT-airflow-/.venv/lib/python3.11/site-packages/airflow/example_dags/example_short_circuit_decorator.py
[2025-05-31T21:17:17.232-0300] {logging_mixin.py:188} INFO - [2025-05-31T21:17:17.232-0300] {dag.py:3036} INFO - Sync 1 DAGs
[2025-05-31T21:17:17.245-0300] {logging_mixin.py:188} INFO - [2025-05-31T21:17:17.245-0300] {dag.py:3823} INFO - Setting next_dagrun for example_short_circuit_decorator to 2025-05-31 00:00:00+00:00, run_after=2025-06-01 00:00:00+00:00
[2025-05-31T21:17:17.261-0300] {processor.py:183} INFO - Processing /home/walterg/Documentos/Data_projects/Data-Warehouse-postgres-DBT-airflow-/.venv/lib/python3.11/site-packages/airflow/example_dags/example_short_circuit_decorator.py took 0.055 seconds
[2025-05-31T21:18:00.339-0300] {processor.py:161} INFO - Started process (PID=37949) to work on /home/walterg/Documentos/Data_projects/Data-Warehouse-postgres-DBT-airflow-/.venv/lib/python3.11/site-packages/airflow/example_dags/example_short_circuit_decorator.py
[2025-05-31T21:18:00.344-0300] {processor.py:830} INFO - Processing file /home/walterg/Documentos/Data_projects/Data-Warehouse-postgres-DBT-airflow-/.venv/lib/python3.11/site-packages/airflow/example_dags/example_short_circuit_decorator.py for tasks to queue
[2025-05-31T21:18:00.345-0300] {logging_mixin.py:188} INFO - [2025-05-31T21:18:00.344-0300] {dagbag.py:538} INFO - Filling up the DagBag from /home/walterg/Documentos/Data_projects/Data-Warehouse-postgres-DBT-airflow-/.venv/lib/python3.11/site-packages/airflow/example_dags/example_short_circuit_decorator.py
[2025-05-31T21:18:00.356-0300] {processor.py:840} INFO - DAG(s) 'example_short_circuit_decorator' retrieved from /home/walterg/Documentos/Data_projects/Data-Warehouse-postgres-DBT-airflow-/.venv/lib/python3.11/site-packages/airflow/example_dags/example_short_circuit_decorator.py
[2025-05-31T21:18:00.374-0300] {logging_mixin.py:188} INFO - [2025-05-31T21:18:00.374-0300] {dag.py:3036} INFO - Sync 1 DAGs
[2025-05-31T21:18:00.392-0300] {logging_mixin.py:188} INFO - [2025-05-31T21:18:00.391-0300] {dag.py:3823} INFO - Setting next_dagrun for example_short_circuit_decorator to 2025-05-31 00:00:00+00:00, run_after=2025-06-01 00:00:00+00:00
[2025-05-31T21:18:00.415-0300] {processor.py:183} INFO - Processing /home/walterg/Documentos/Data_projects/Data-Warehouse-postgres-DBT-airflow-/.venv/lib/python3.11/site-packages/airflow/example_dags/example_short_circuit_decorator.py took 0.078 seconds
[2025-05-31T21:18:47.628-0300] {processor.py:161} INFO - Started process (PID=38147) to work on /home/walterg/Documentos/Data_projects/Data-Warehouse-postgres-DBT-airflow-/.venv/lib/python3.11/site-packages/airflow/example_dags/example_short_circuit_decorator.py
[2025-05-31T21:18:47.633-0300] {processor.py:830} INFO - Processing file /home/walterg/Documentos/Data_projects/Data-Warehouse-postgres-DBT-airflow-/.venv/lib/python3.11/site-packages/airflow/example_dags/example_short_circuit_decorator.py for tasks to queue
[2025-05-31T21:18:47.634-0300] {logging_mixin.py:188} INFO - [2025-05-31T21:18:47.633-0300] {dagbag.py:538} INFO - Filling up the DagBag from /home/walterg/Documentos/Data_projects/Data-Warehouse-postgres-DBT-airflow-/.venv/lib/python3.11/site-packages/airflow/example_dags/example_short_circuit_decorator.py
[2025-05-31T21:18:47.642-0300] {processor.py:840} INFO - DAG(s) 'example_short_circuit_decorator' retrieved from /home/walterg/Documentos/Data_projects/Data-Warehouse-postgres-DBT-airflow-/.venv/lib/python3.11/site-packages/airflow/example_dags/example_short_circuit_decorator.py
[2025-05-31T21:18:47.655-0300] {logging_mixin.py:188} INFO - [2025-05-31T21:18:47.655-0300] {dag.py:3036} INFO - Sync 1 DAGs
[2025-05-31T21:18:47.668-0300] {logging_mixin.py:188} INFO - [2025-05-31T21:18:47.668-0300] {dag.py:3823} INFO - Setting next_dagrun for example_short_circuit_decorator to 2025-05-31 00:00:00+00:00, run_after=2025-06-01 00:00:00+00:00
[2025-05-31T21:18:47.684-0300] {processor.py:183} INFO - Processing /home/walterg/Documentos/Data_projects/Data-Warehouse-postgres-DBT-airflow-/.venv/lib/python3.11/site-packages/airflow/example_dags/example_short_circuit_decorator.py took 0.059 seconds
[2025-05-31T21:19:28.493-0300] {processor.py:161} INFO - Started process (PID=38373) to work on /home/walterg/Documentos/Data_projects/Data-Warehouse-postgres-DBT-airflow-/.venv/lib/python3.11/site-packages/airflow/example_dags/example_short_circuit_decorator.py
[2025-05-31T21:19:28.498-0300] {processor.py:830} INFO - Processing file /home/walterg/Documentos/Data_projects/Data-Warehouse-postgres-DBT-airflow-/.venv/lib/python3.11/site-packages/airflow/example_dags/example_short_circuit_decorator.py for tasks to queue
[2025-05-31T21:19:28.499-0300] {logging_mixin.py:188} INFO - [2025-05-31T21:19:28.499-0300] {dagbag.py:538} INFO - Filling up the DagBag from /home/walterg/Documentos/Data_projects/Data-Warehouse-postgres-DBT-airflow-/.venv/lib/python3.11/site-packages/airflow/example_dags/example_short_circuit_decorator.py
[2025-05-31T21:19:28.509-0300] {processor.py:840} INFO - DAG(s) 'example_short_circuit_decorator' retrieved from /home/walterg/Documentos/Data_projects/Data-Warehouse-postgres-DBT-airflow-/.venv/lib/python3.11/site-packages/airflow/example_dags/example_short_circuit_decorator.py
[2025-05-31T21:19:28.523-0300] {logging_mixin.py:188} INFO - [2025-05-31T21:19:28.523-0300] {dag.py:3036} INFO - Sync 1 DAGs
[2025-05-31T21:19:28.539-0300] {logging_mixin.py:188} INFO - [2025-05-31T21:19:28.539-0300] {dag.py:3823} INFO - Setting next_dagrun for example_short_circuit_decorator to 2025-05-31 00:00:00+00:00, run_after=2025-06-01 00:00:00+00:00
[2025-05-31T21:19:28.556-0300] {processor.py:183} INFO - Processing /home/walterg/Documentos/Data_projects/Data-Warehouse-postgres-DBT-airflow-/.venv/lib/python3.11/site-packages/airflow/example_dags/example_short_circuit_decorator.py took 0.067 seconds
[2025-05-31T21:20:30.182-0300] {processor.py:161} INFO - Started process (PID=38616) to work on /home/walterg/Documentos/Data_projects/Data-Warehouse-postgres-DBT-airflow-/.venv/lib/python3.11/site-packages/airflow/example_dags/example_short_circuit_decorator.py
[2025-05-31T21:20:30.183-0300] {processor.py:830} INFO - Processing file /home/walterg/Documentos/Data_projects/Data-Warehouse-postgres-DBT-airflow-/.venv/lib/python3.11/site-packages/airflow/example_dags/example_short_circuit_decorator.py for tasks to queue
[2025-05-31T21:20:30.183-0300] {logging_mixin.py:188} INFO - [2025-05-31T21:20:30.183-0300] {dagbag.py:538} INFO - Filling up the DagBag from /home/walterg/Documentos/Data_projects/Data-Warehouse-postgres-DBT-airflow-/.venv/lib/python3.11/site-packages/airflow/example_dags/example_short_circuit_decorator.py
[2025-05-31T21:20:30.191-0300] {processor.py:840} INFO - DAG(s) 'example_short_circuit_decorator' retrieved from /home/walterg/Documentos/Data_projects/Data-Warehouse-postgres-DBT-airflow-/.venv/lib/python3.11/site-packages/airflow/example_dags/example_short_circuit_decorator.py
[2025-05-31T21:20:30.204-0300] {logging_mixin.py:188} INFO - [2025-05-31T21:20:30.204-0300] {dag.py:3036} INFO - Sync 1 DAGs
[2025-05-31T21:20:30.217-0300] {logging_mixin.py:188} INFO - [2025-05-31T21:20:30.216-0300] {dag.py:3823} INFO - Setting next_dagrun for example_short_circuit_decorator to 2025-05-31 00:00:00+00:00, run_after=2025-06-01 00:00:00+00:00
[2025-05-31T21:20:30.234-0300] {processor.py:183} INFO - Processing /home/walterg/Documentos/Data_projects/Data-Warehouse-postgres-DBT-airflow-/.venv/lib/python3.11/site-packages/airflow/example_dags/example_short_circuit_decorator.py took 0.055 seconds
[2025-05-31T21:21:31.247-0300] {processor.py:161} INFO - Started process (PID=38896) to work on /home/walterg/Documentos/Data_projects/Data-Warehouse-postgres-DBT-airflow-/.venv/lib/python3.11/site-packages/airflow/example_dags/example_short_circuit_decorator.py
[2025-05-31T21:21:31.252-0300] {processor.py:830} INFO - Processing file /home/walterg/Documentos/Data_projects/Data-Warehouse-postgres-DBT-airflow-/.venv/lib/python3.11/site-packages/airflow/example_dags/example_short_circuit_decorator.py for tasks to queue
[2025-05-31T21:21:31.254-0300] {logging_mixin.py:188} INFO - [2025-05-31T21:21:31.253-0300] {dagbag.py:538} INFO - Filling up the DagBag from /home/walterg/Documentos/Data_projects/Data-Warehouse-postgres-DBT-airflow-/.venv/lib/python3.11/site-packages/airflow/example_dags/example_short_circuit_decorator.py
[2025-05-31T21:21:31.263-0300] {processor.py:840} INFO - DAG(s) 'example_short_circuit_decorator' retrieved from /home/walterg/Documentos/Data_projects/Data-Warehouse-postgres-DBT-airflow-/.venv/lib/python3.11/site-packages/airflow/example_dags/example_short_circuit_decorator.py
[2025-05-31T21:21:31.277-0300] {logging_mixin.py:188} INFO - [2025-05-31T21:21:31.277-0300] {dag.py:3036} INFO - Sync 1 DAGs
[2025-05-31T21:21:31.294-0300] {logging_mixin.py:188} INFO - [2025-05-31T21:21:31.293-0300] {dag.py:3823} INFO - Setting next_dagrun for example_short_circuit_decorator to 2025-05-31 00:00:00+00:00, run_after=2025-06-01 00:00:00+00:00
[2025-05-31T21:21:31.313-0300] {processor.py:183} INFO - Processing /home/walterg/Documentos/Data_projects/Data-Warehouse-postgres-DBT-airflow-/.venv/lib/python3.11/site-packages/airflow/example_dags/example_short_circuit_decorator.py took 0.069 seconds
[2025-05-31T21:22:15.628-0300] {processor.py:161} INFO - Started process (PID=39232) to work on /home/walterg/Documentos/Data_projects/Data-Warehouse-postgres-DBT-airflow-/.venv/lib/python3.11/site-packages/airflow/example_dags/example_short_circuit_decorator.py
[2025-05-31T21:22:15.629-0300] {processor.py:830} INFO - Processing file /home/walterg/Documentos/Data_projects/Data-Warehouse-postgres-DBT-airflow-/.venv/lib/python3.11/site-packages/airflow/example_dags/example_short_circuit_decorator.py for tasks to queue
[2025-05-31T21:22:15.630-0300] {logging_mixin.py:188} INFO - [2025-05-31T21:22:15.630-0300] {dagbag.py:538} INFO - Filling up the DagBag from /home/walterg/Documentos/Data_projects/Data-Warehouse-postgres-DBT-airflow-/.venv/lib/python3.11/site-packages/airflow/example_dags/example_short_circuit_decorator.py
[2025-05-31T21:22:15.637-0300] {processor.py:840} INFO - DAG(s) 'example_short_circuit_decorator' retrieved from /home/walterg/Documentos/Data_projects/Data-Warehouse-postgres-DBT-airflow-/.venv/lib/python3.11/site-packages/airflow/example_dags/example_short_circuit_decorator.py
[2025-05-31T21:22:15.650-0300] {logging_mixin.py:188} INFO - [2025-05-31T21:22:15.650-0300] {dag.py:3036} INFO - Sync 1 DAGs
[2025-05-31T21:22:15.662-0300] {logging_mixin.py:188} INFO - [2025-05-31T21:22:15.662-0300] {dag.py:3823} INFO - Setting next_dagrun for example_short_circuit_decorator to 2025-05-31 00:00:00+00:00, run_after=2025-06-01 00:00:00+00:00
[2025-05-31T21:22:15.680-0300] {processor.py:183} INFO - Processing /home/walterg/Documentos/Data_projects/Data-Warehouse-postgres-DBT-airflow-/.venv/lib/python3.11/site-packages/airflow/example_dags/example_short_circuit_decorator.py took 0.054 seconds
[2025-05-31T21:22:57.296-0300] {processor.py:161} INFO - Started process (PID=39377) to work on /home/walterg/Documentos/Data_projects/Data-Warehouse-postgres-DBT-airflow-/.venv/lib/python3.11/site-packages/airflow/example_dags/example_short_circuit_decorator.py
[2025-05-31T21:22:57.301-0300] {processor.py:830} INFO - Processing file /home/walterg/Documentos/Data_projects/Data-Warehouse-postgres-DBT-airflow-/.venv/lib/python3.11/site-packages/airflow/example_dags/example_short_circuit_decorator.py for tasks to queue
[2025-05-31T21:22:57.302-0300] {logging_mixin.py:188} INFO - [2025-05-31T21:22:57.302-0300] {dagbag.py:538} INFO - Filling up the DagBag from /home/walterg/Documentos/Data_projects/Data-Warehouse-postgres-DBT-airflow-/.venv/lib/python3.11/site-packages/airflow/example_dags/example_short_circuit_decorator.py
[2025-05-31T21:22:57.309-0300] {processor.py:840} INFO - DAG(s) 'example_short_circuit_decorator' retrieved from /home/walterg/Documentos/Data_projects/Data-Warehouse-postgres-DBT-airflow-/.venv/lib/python3.11/site-packages/airflow/example_dags/example_short_circuit_decorator.py
[2025-05-31T21:22:57.424-0300] {logging_mixin.py:188} INFO - [2025-05-31T21:22:57.423-0300] {dag.py:3036} INFO - Sync 1 DAGs
[2025-05-31T21:22:57.434-0300] {logging_mixin.py:188} INFO - [2025-05-31T21:22:57.434-0300] {dag.py:3823} INFO - Setting next_dagrun for example_short_circuit_decorator to 2025-05-31 00:00:00+00:00, run_after=2025-06-01 00:00:00+00:00
[2025-05-31T21:22:57.453-0300] {processor.py:183} INFO - Processing /home/walterg/Documentos/Data_projects/Data-Warehouse-postgres-DBT-airflow-/.venv/lib/python3.11/site-packages/airflow/example_dags/example_short_circuit_decorator.py took 0.160 seconds
[2025-05-31T21:23:42.558-0300] {processor.py:161} INFO - Started process (PID=39590) to work on /home/walterg/Documentos/Data_projects/Data-Warehouse-postgres-DBT-airflow-/.venv/lib/python3.11/site-packages/airflow/example_dags/example_short_circuit_decorator.py
[2025-05-31T21:23:42.559-0300] {processor.py:830} INFO - Processing file /home/walterg/Documentos/Data_projects/Data-Warehouse-postgres-DBT-airflow-/.venv/lib/python3.11/site-packages/airflow/example_dags/example_short_circuit_decorator.py for tasks to queue
[2025-05-31T21:23:42.560-0300] {logging_mixin.py:188} INFO - [2025-05-31T21:23:42.559-0300] {dagbag.py:538} INFO - Filling up the DagBag from /home/walterg/Documentos/Data_projects/Data-Warehouse-postgres-DBT-airflow-/.venv/lib/python3.11/site-packages/airflow/example_dags/example_short_circuit_decorator.py
[2025-05-31T21:23:42.568-0300] {processor.py:840} INFO - DAG(s) 'example_short_circuit_decorator' retrieved from /home/walterg/Documentos/Data_projects/Data-Warehouse-postgres-DBT-airflow-/.venv/lib/python3.11/site-packages/airflow/example_dags/example_short_circuit_decorator.py
[2025-05-31T21:23:42.582-0300] {logging_mixin.py:188} INFO - [2025-05-31T21:23:42.581-0300] {dag.py:3036} INFO - Sync 1 DAGs
[2025-05-31T21:23:42.594-0300] {logging_mixin.py:188} INFO - [2025-05-31T21:23:42.594-0300] {dag.py:3823} INFO - Setting next_dagrun for example_short_circuit_decorator to 2025-05-31 00:00:00+00:00, run_after=2025-06-01 00:00:00+00:00
[2025-05-31T21:23:42.610-0300] {processor.py:183} INFO - Processing /home/walterg/Documentos/Data_projects/Data-Warehouse-postgres-DBT-airflow-/.venv/lib/python3.11/site-packages/airflow/example_dags/example_short_circuit_decorator.py took 0.055 seconds
[2025-05-31T21:24:30.303-0300] {processor.py:161} INFO - Started process (PID=39768) to work on /home/walterg/Documentos/Data_projects/Data-Warehouse-postgres-DBT-airflow-/.venv/lib/python3.11/site-packages/airflow/example_dags/example_short_circuit_decorator.py
[2025-05-31T21:24:30.304-0300] {processor.py:830} INFO - Processing file /home/walterg/Documentos/Data_projects/Data-Warehouse-postgres-DBT-airflow-/.venv/lib/python3.11/site-packages/airflow/example_dags/example_short_circuit_decorator.py for tasks to queue
[2025-05-31T21:24:30.304-0300] {logging_mixin.py:188} INFO - [2025-05-31T21:24:30.304-0300] {dagbag.py:538} INFO - Filling up the DagBag from /home/walterg/Documentos/Data_projects/Data-Warehouse-postgres-DBT-airflow-/.venv/lib/python3.11/site-packages/airflow/example_dags/example_short_circuit_decorator.py
[2025-05-31T21:24:30.313-0300] {processor.py:840} INFO - DAG(s) 'example_short_circuit_decorator' retrieved from /home/walterg/Documentos/Data_projects/Data-Warehouse-postgres-DBT-airflow-/.venv/lib/python3.11/site-packages/airflow/example_dags/example_short_circuit_decorator.py
[2025-05-31T21:24:30.423-0300] {logging_mixin.py:188} INFO - [2025-05-31T21:24:30.423-0300] {dag.py:3036} INFO - Sync 1 DAGs
[2025-05-31T21:24:30.438-0300] {logging_mixin.py:188} INFO - [2025-05-31T21:24:30.438-0300] {dag.py:3823} INFO - Setting next_dagrun for example_short_circuit_decorator to 2025-05-31 00:00:00+00:00, run_after=2025-06-01 00:00:00+00:00
[2025-05-31T21:24:30.458-0300] {processor.py:183} INFO - Processing /home/walterg/Documentos/Data_projects/Data-Warehouse-postgres-DBT-airflow-/.venv/lib/python3.11/site-packages/airflow/example_dags/example_short_circuit_decorator.py took 0.158 seconds
[2025-05-31T21:25:20.690-0300] {processor.py:161} INFO - Started process (PID=40028) to work on /home/walterg/Documentos/Data_projects/Data-Warehouse-postgres-DBT-airflow-/.venv/lib/python3.11/site-packages/airflow/example_dags/example_short_circuit_decorator.py
[2025-05-31T21:25:20.692-0300] {processor.py:830} INFO - Processing file /home/walterg/Documentos/Data_projects/Data-Warehouse-postgres-DBT-airflow-/.venv/lib/python3.11/site-packages/airflow/example_dags/example_short_circuit_decorator.py for tasks to queue
[2025-05-31T21:25:20.692-0300] {logging_mixin.py:188} INFO - [2025-05-31T21:25:20.692-0300] {dagbag.py:538} INFO - Filling up the DagBag from /home/walterg/Documentos/Data_projects/Data-Warehouse-postgres-DBT-airflow-/.venv/lib/python3.11/site-packages/airflow/example_dags/example_short_circuit_decorator.py
[2025-05-31T21:25:20.700-0300] {processor.py:840} INFO - DAG(s) 'example_short_circuit_decorator' retrieved from /home/walterg/Documentos/Data_projects/Data-Warehouse-postgres-DBT-airflow-/.venv/lib/python3.11/site-packages/airflow/example_dags/example_short_circuit_decorator.py
[2025-05-31T21:25:20.713-0300] {logging_mixin.py:188} INFO - [2025-05-31T21:25:20.713-0300] {dag.py:3036} INFO - Sync 1 DAGs
[2025-05-31T21:25:20.727-0300] {logging_mixin.py:188} INFO - [2025-05-31T21:25:20.727-0300] {dag.py:3823} INFO - Setting next_dagrun for example_short_circuit_decorator to 2025-05-31 00:00:00+00:00, run_after=2025-06-01 00:00:00+00:00
[2025-05-31T21:25:20.744-0300] {processor.py:183} INFO - Processing /home/walterg/Documentos/Data_projects/Data-Warehouse-postgres-DBT-airflow-/.venv/lib/python3.11/site-packages/airflow/example_dags/example_short_circuit_decorator.py took 0.056 seconds
[2025-05-31T21:26:04.832-0300] {processor.py:161} INFO - Started process (PID=40392) to work on /home/walterg/Documentos/Data_projects/Data-Warehouse-postgres-DBT-airflow-/.venv/lib/python3.11/site-packages/airflow/example_dags/example_short_circuit_decorator.py
[2025-05-31T21:26:04.833-0300] {processor.py:830} INFO - Processing file /home/walterg/Documentos/Data_projects/Data-Warehouse-postgres-DBT-airflow-/.venv/lib/python3.11/site-packages/airflow/example_dags/example_short_circuit_decorator.py for tasks to queue
[2025-05-31T21:26:04.834-0300] {logging_mixin.py:188} INFO - [2025-05-31T21:26:04.834-0300] {dagbag.py:538} INFO - Filling up the DagBag from /home/walterg/Documentos/Data_projects/Data-Warehouse-postgres-DBT-airflow-/.venv/lib/python3.11/site-packages/airflow/example_dags/example_short_circuit_decorator.py
[2025-05-31T21:26:04.842-0300] {processor.py:840} INFO - DAG(s) 'example_short_circuit_decorator' retrieved from /home/walterg/Documentos/Data_projects/Data-Warehouse-postgres-DBT-airflow-/.venv/lib/python3.11/site-packages/airflow/example_dags/example_short_circuit_decorator.py
[2025-05-31T21:26:04.855-0300] {logging_mixin.py:188} INFO - [2025-05-31T21:26:04.854-0300] {dag.py:3036} INFO - Sync 1 DAGs
[2025-05-31T21:26:04.867-0300] {logging_mixin.py:188} INFO - [2025-05-31T21:26:04.867-0300] {dag.py:3823} INFO - Setting next_dagrun for example_short_circuit_decorator to 2025-05-31 00:00:00+00:00, run_after=2025-06-01 00:00:00+00:00
[2025-05-31T21:26:04.885-0300] {processor.py:183} INFO - Processing /home/walterg/Documentos/Data_projects/Data-Warehouse-postgres-DBT-airflow-/.venv/lib/python3.11/site-packages/airflow/example_dags/example_short_circuit_decorator.py took 0.056 seconds
[2025-05-31T21:27:05.177-0300] {processor.py:161} INFO - Started process (PID=40751) to work on /home/walterg/Documentos/Data_projects/Data-Warehouse-postgres-DBT-airflow-/.venv/lib/python3.11/site-packages/airflow/example_dags/example_short_circuit_decorator.py
[2025-05-31T21:27:05.179-0300] {processor.py:830} INFO - Processing file /home/walterg/Documentos/Data_projects/Data-Warehouse-postgres-DBT-airflow-/.venv/lib/python3.11/site-packages/airflow/example_dags/example_short_circuit_decorator.py for tasks to queue
[2025-05-31T21:27:05.180-0300] {logging_mixin.py:188} INFO - [2025-05-31T21:27:05.179-0300] {dagbag.py:538} INFO - Filling up the DagBag from /home/walterg/Documentos/Data_projects/Data-Warehouse-postgres-DBT-airflow-/.venv/lib/python3.11/site-packages/airflow/example_dags/example_short_circuit_decorator.py
[2025-05-31T21:27:05.188-0300] {processor.py:840} INFO - DAG(s) 'example_short_circuit_decorator' retrieved from /home/walterg/Documentos/Data_projects/Data-Warehouse-postgres-DBT-airflow-/.venv/lib/python3.11/site-packages/airflow/example_dags/example_short_circuit_decorator.py
[2025-05-31T21:27:05.202-0300] {logging_mixin.py:188} INFO - [2025-05-31T21:27:05.201-0300] {dag.py:3036} INFO - Sync 1 DAGs
[2025-05-31T21:27:05.215-0300] {logging_mixin.py:188} INFO - [2025-05-31T21:27:05.215-0300] {dag.py:3823} INFO - Setting next_dagrun for example_short_circuit_decorator to 2025-05-31 00:00:00+00:00, run_after=2025-06-01 00:00:00+00:00
[2025-05-31T21:27:05.232-0300] {processor.py:183} INFO - Processing /home/walterg/Documentos/Data_projects/Data-Warehouse-postgres-DBT-airflow-/.venv/lib/python3.11/site-packages/airflow/example_dags/example_short_circuit_decorator.py took 0.059 seconds
[2025-05-31T21:28:01.149-0300] {processor.py:161} INFO - Started process (PID=41247) to work on /home/walterg/Documentos/Data_projects/Data-Warehouse-postgres-DBT-airflow-/.venv/lib/python3.11/site-packages/airflow/example_dags/example_short_circuit_decorator.py
[2025-05-31T21:28:01.154-0300] {processor.py:830} INFO - Processing file /home/walterg/Documentos/Data_projects/Data-Warehouse-postgres-DBT-airflow-/.venv/lib/python3.11/site-packages/airflow/example_dags/example_short_circuit_decorator.py for tasks to queue
[2025-05-31T21:28:01.155-0300] {logging_mixin.py:188} INFO - [2025-05-31T21:28:01.155-0300] {dagbag.py:538} INFO - Filling up the DagBag from /home/walterg/Documentos/Data_projects/Data-Warehouse-postgres-DBT-airflow-/.venv/lib/python3.11/site-packages/airflow/example_dags/example_short_circuit_decorator.py
[2025-05-31T21:28:01.164-0300] {processor.py:840} INFO - DAG(s) 'example_short_circuit_decorator' retrieved from /home/walterg/Documentos/Data_projects/Data-Warehouse-postgres-DBT-airflow-/.venv/lib/python3.11/site-packages/airflow/example_dags/example_short_circuit_decorator.py
[2025-05-31T21:28:01.177-0300] {logging_mixin.py:188} INFO - [2025-05-31T21:28:01.176-0300] {dag.py:3036} INFO - Sync 1 DAGs
[2025-05-31T21:28:01.190-0300] {logging_mixin.py:188} INFO - [2025-05-31T21:28:01.190-0300] {dag.py:3823} INFO - Setting next_dagrun for example_short_circuit_decorator to 2025-05-31 00:00:00+00:00, run_after=2025-06-01 00:00:00+00:00
[2025-05-31T21:28:01.210-0300] {processor.py:183} INFO - Processing /home/walterg/Documentos/Data_projects/Data-Warehouse-postgres-DBT-airflow-/.venv/lib/python3.11/site-packages/airflow/example_dags/example_short_circuit_decorator.py took 0.063 seconds
[2025-05-31T21:28:44.499-0300] {processor.py:161} INFO - Started process (PID=41434) to work on /home/walterg/Documentos/Data_projects/Data-Warehouse-postgres-DBT-airflow-/.venv/lib/python3.11/site-packages/airflow/example_dags/example_short_circuit_decorator.py
[2025-05-31T21:28:44.504-0300] {processor.py:830} INFO - Processing file /home/walterg/Documentos/Data_projects/Data-Warehouse-postgres-DBT-airflow-/.venv/lib/python3.11/site-packages/airflow/example_dags/example_short_circuit_decorator.py for tasks to queue
[2025-05-31T21:28:44.506-0300] {logging_mixin.py:188} INFO - [2025-05-31T21:28:44.505-0300] {dagbag.py:538} INFO - Filling up the DagBag from /home/walterg/Documentos/Data_projects/Data-Warehouse-postgres-DBT-airflow-/.venv/lib/python3.11/site-packages/airflow/example_dags/example_short_circuit_decorator.py
[2025-05-31T21:28:44.513-0300] {processor.py:840} INFO - DAG(s) 'example_short_circuit_decorator' retrieved from /home/walterg/Documentos/Data_projects/Data-Warehouse-postgres-DBT-airflow-/.venv/lib/python3.11/site-packages/airflow/example_dags/example_short_circuit_decorator.py
[2025-05-31T21:28:44.526-0300] {logging_mixin.py:188} INFO - [2025-05-31T21:28:44.526-0300] {dag.py:3036} INFO - Sync 1 DAGs
[2025-05-31T21:28:44.539-0300] {logging_mixin.py:188} INFO - [2025-05-31T21:28:44.539-0300] {dag.py:3823} INFO - Setting next_dagrun for example_short_circuit_decorator to 2025-05-31 00:00:00+00:00, run_after=2025-06-01 00:00:00+00:00
[2025-05-31T21:28:44.555-0300] {processor.py:183} INFO - Processing /home/walterg/Documentos/Data_projects/Data-Warehouse-postgres-DBT-airflow-/.venv/lib/python3.11/site-packages/airflow/example_dags/example_short_circuit_decorator.py took 0.059 seconds
[2025-05-31T21:29:44.155-0300] {processor.py:161} INFO - Started process (PID=41699) to work on /home/walterg/Documentos/Data_projects/Data-Warehouse-postgres-DBT-airflow-/.venv/lib/python3.11/site-packages/airflow/example_dags/example_short_circuit_decorator.py
[2025-05-31T21:29:44.156-0300] {processor.py:830} INFO - Processing file /home/walterg/Documentos/Data_projects/Data-Warehouse-postgres-DBT-airflow-/.venv/lib/python3.11/site-packages/airflow/example_dags/example_short_circuit_decorator.py for tasks to queue
[2025-05-31T21:29:44.157-0300] {logging_mixin.py:188} INFO - [2025-05-31T21:29:44.157-0300] {dagbag.py:538} INFO - Filling up the DagBag from /home/walterg/Documentos/Data_projects/Data-Warehouse-postgres-DBT-airflow-/.venv/lib/python3.11/site-packages/airflow/example_dags/example_short_circuit_decorator.py
[2025-05-31T21:29:44.165-0300] {processor.py:840} INFO - DAG(s) 'example_short_circuit_decorator' retrieved from /home/walterg/Documentos/Data_projects/Data-Warehouse-postgres-DBT-airflow-/.venv/lib/python3.11/site-packages/airflow/example_dags/example_short_circuit_decorator.py
[2025-05-31T21:29:44.179-0300] {logging_mixin.py:188} INFO - [2025-05-31T21:29:44.179-0300] {dag.py:3036} INFO - Sync 1 DAGs
[2025-05-31T21:29:44.194-0300] {logging_mixin.py:188} INFO - [2025-05-31T21:29:44.194-0300] {dag.py:3823} INFO - Setting next_dagrun for example_short_circuit_decorator to 2025-05-31 00:00:00+00:00, run_after=2025-06-01 00:00:00+00:00
[2025-05-31T21:29:44.211-0300] {processor.py:183} INFO - Processing /home/walterg/Documentos/Data_projects/Data-Warehouse-postgres-DBT-airflow-/.venv/lib/python3.11/site-packages/airflow/example_dags/example_short_circuit_decorator.py took 0.058 seconds
[2025-05-31T21:30:43.829-0300] {processor.py:161} INFO - Started process (PID=41915) to work on /home/walterg/Documentos/Data_projects/Data-Warehouse-postgres-DBT-airflow-/.venv/lib/python3.11/site-packages/airflow/example_dags/example_short_circuit_decorator.py
[2025-05-31T21:30:43.834-0300] {processor.py:830} INFO - Processing file /home/walterg/Documentos/Data_projects/Data-Warehouse-postgres-DBT-airflow-/.venv/lib/python3.11/site-packages/airflow/example_dags/example_short_circuit_decorator.py for tasks to queue
[2025-05-31T21:30:43.835-0300] {logging_mixin.py:188} INFO - [2025-05-31T21:30:43.835-0300] {dagbag.py:538} INFO - Filling up the DagBag from /home/walterg/Documentos/Data_projects/Data-Warehouse-postgres-DBT-airflow-/.venv/lib/python3.11/site-packages/airflow/example_dags/example_short_circuit_decorator.py
[2025-05-31T21:30:43.843-0300] {processor.py:840} INFO - DAG(s) 'example_short_circuit_decorator' retrieved from /home/walterg/Documentos/Data_projects/Data-Warehouse-postgres-DBT-airflow-/.venv/lib/python3.11/site-packages/airflow/example_dags/example_short_circuit_decorator.py
[2025-05-31T21:30:43.856-0300] {logging_mixin.py:188} INFO - [2025-05-31T21:30:43.856-0300] {dag.py:3036} INFO - Sync 1 DAGs
[2025-05-31T21:30:43.870-0300] {logging_mixin.py:188} INFO - [2025-05-31T21:30:43.869-0300] {dag.py:3823} INFO - Setting next_dagrun for example_short_circuit_decorator to 2025-05-31 00:00:00+00:00, run_after=2025-06-01 00:00:00+00:00
[2025-05-31T21:30:43.886-0300] {processor.py:183} INFO - Processing /home/walterg/Documentos/Data_projects/Data-Warehouse-postgres-DBT-airflow-/.venv/lib/python3.11/site-packages/airflow/example_dags/example_short_circuit_decorator.py took 0.060 seconds
[2025-05-31T21:31:41.436-0300] {processor.py:161} INFO - Started process (PID=42170) to work on /home/walterg/Documentos/Data_projects/Data-Warehouse-postgres-DBT-airflow-/.venv/lib/python3.11/site-packages/airflow/example_dags/example_short_circuit_decorator.py
[2025-05-31T21:31:41.441-0300] {processor.py:830} INFO - Processing file /home/walterg/Documentos/Data_projects/Data-Warehouse-postgres-DBT-airflow-/.venv/lib/python3.11/site-packages/airflow/example_dags/example_short_circuit_decorator.py for tasks to queue
[2025-05-31T21:31:41.442-0300] {logging_mixin.py:188} INFO - [2025-05-31T21:31:41.442-0300] {dagbag.py:538} INFO - Filling up the DagBag from /home/walterg/Documentos/Data_projects/Data-Warehouse-postgres-DBT-airflow-/.venv/lib/python3.11/site-packages/airflow/example_dags/example_short_circuit_decorator.py
[2025-05-31T21:31:41.451-0300] {processor.py:840} INFO - DAG(s) 'example_short_circuit_decorator' retrieved from /home/walterg/Documentos/Data_projects/Data-Warehouse-postgres-DBT-airflow-/.venv/lib/python3.11/site-packages/airflow/example_dags/example_short_circuit_decorator.py
[2025-05-31T21:31:41.463-0300] {logging_mixin.py:188} INFO - [2025-05-31T21:31:41.463-0300] {dag.py:3036} INFO - Sync 1 DAGs
[2025-05-31T21:31:41.476-0300] {logging_mixin.py:188} INFO - [2025-05-31T21:31:41.476-0300] {dag.py:3823} INFO - Setting next_dagrun for example_short_circuit_decorator to 2025-05-31 00:00:00+00:00, run_after=2025-06-01 00:00:00+00:00
[2025-05-31T21:31:41.495-0300] {processor.py:183} INFO - Processing /home/walterg/Documentos/Data_projects/Data-Warehouse-postgres-DBT-airflow-/.venv/lib/python3.11/site-packages/airflow/example_dags/example_short_circuit_decorator.py took 0.061 seconds
[2025-05-31T21:32:42.924-0300] {processor.py:161} INFO - Started process (PID=42564) to work on /home/walterg/Documentos/Data_projects/Data-Warehouse-postgres-DBT-airflow-/.venv/lib/python3.11/site-packages/airflow/example_dags/example_short_circuit_decorator.py
[2025-05-31T21:32:42.929-0300] {processor.py:830} INFO - Processing file /home/walterg/Documentos/Data_projects/Data-Warehouse-postgres-DBT-airflow-/.venv/lib/python3.11/site-packages/airflow/example_dags/example_short_circuit_decorator.py for tasks to queue
[2025-05-31T21:32:42.930-0300] {logging_mixin.py:188} INFO - [2025-05-31T21:32:42.930-0300] {dagbag.py:538} INFO - Filling up the DagBag from /home/walterg/Documentos/Data_projects/Data-Warehouse-postgres-DBT-airflow-/.venv/lib/python3.11/site-packages/airflow/example_dags/example_short_circuit_decorator.py
[2025-05-31T21:32:42.938-0300] {processor.py:840} INFO - DAG(s) 'example_short_circuit_decorator' retrieved from /home/walterg/Documentos/Data_projects/Data-Warehouse-postgres-DBT-airflow-/.venv/lib/python3.11/site-packages/airflow/example_dags/example_short_circuit_decorator.py
[2025-05-31T21:32:42.950-0300] {logging_mixin.py:188} INFO - [2025-05-31T21:32:42.950-0300] {dag.py:3036} INFO - Sync 1 DAGs
[2025-05-31T21:32:42.963-0300] {logging_mixin.py:188} INFO - [2025-05-31T21:32:42.963-0300] {dag.py:3823} INFO - Setting next_dagrun for example_short_circuit_decorator to 2025-05-31 00:00:00+00:00, run_after=2025-06-01 00:00:00+00:00
[2025-05-31T21:32:42.979-0300] {processor.py:183} INFO - Processing /home/walterg/Documentos/Data_projects/Data-Warehouse-postgres-DBT-airflow-/.venv/lib/python3.11/site-packages/airflow/example_dags/example_short_circuit_decorator.py took 0.058 seconds
[2025-05-31T21:33:28.029-0300] {processor.py:161} INFO - Started process (PID=42880) to work on /home/walterg/Documentos/Data_projects/Data-Warehouse-postgres-DBT-airflow-/.venv/lib/python3.11/site-packages/airflow/example_dags/example_short_circuit_decorator.py
[2025-05-31T21:33:28.034-0300] {processor.py:830} INFO - Processing file /home/walterg/Documentos/Data_projects/Data-Warehouse-postgres-DBT-airflow-/.venv/lib/python3.11/site-packages/airflow/example_dags/example_short_circuit_decorator.py for tasks to queue
[2025-05-31T21:33:28.035-0300] {logging_mixin.py:188} INFO - [2025-05-31T21:33:28.035-0300] {dagbag.py:538} INFO - Filling up the DagBag from /home/walterg/Documentos/Data_projects/Data-Warehouse-postgres-DBT-airflow-/.venv/lib/python3.11/site-packages/airflow/example_dags/example_short_circuit_decorator.py
[2025-05-31T21:33:28.042-0300] {processor.py:840} INFO - DAG(s) 'example_short_circuit_decorator' retrieved from /home/walterg/Documentos/Data_projects/Data-Warehouse-postgres-DBT-airflow-/.venv/lib/python3.11/site-packages/airflow/example_dags/example_short_circuit_decorator.py
[2025-05-31T21:33:28.055-0300] {logging_mixin.py:188} INFO - [2025-05-31T21:33:28.055-0300] {dag.py:3036} INFO - Sync 1 DAGs
[2025-05-31T21:33:28.068-0300] {logging_mixin.py:188} INFO - [2025-05-31T21:33:28.068-0300] {dag.py:3823} INFO - Setting next_dagrun for example_short_circuit_decorator to 2025-05-31 00:00:00+00:00, run_after=2025-06-01 00:00:00+00:00
[2025-05-31T21:33:28.085-0300] {processor.py:183} INFO - Processing /home/walterg/Documentos/Data_projects/Data-Warehouse-postgres-DBT-airflow-/.venv/lib/python3.11/site-packages/airflow/example_dags/example_short_circuit_decorator.py took 0.059 seconds
[2025-05-31T21:34:22.107-0300] {processor.py:161} INFO - Started process (PID=42960) to work on /home/walterg/Documentos/Data_projects/Data-Warehouse-postgres-DBT-airflow-/.venv/lib/python3.11/site-packages/airflow/example_dags/example_short_circuit_decorator.py
[2025-05-31T21:34:22.112-0300] {processor.py:830} INFO - Processing file /home/walterg/Documentos/Data_projects/Data-Warehouse-postgres-DBT-airflow-/.venv/lib/python3.11/site-packages/airflow/example_dags/example_short_circuit_decorator.py for tasks to queue
[2025-05-31T21:34:22.113-0300] {logging_mixin.py:188} INFO - [2025-05-31T21:34:22.113-0300] {dagbag.py:538} INFO - Filling up the DagBag from /home/walterg/Documentos/Data_projects/Data-Warehouse-postgres-DBT-airflow-/.venv/lib/python3.11/site-packages/airflow/example_dags/example_short_circuit_decorator.py
[2025-05-31T21:34:22.121-0300] {processor.py:840} INFO - DAG(s) 'example_short_circuit_decorator' retrieved from /home/walterg/Documentos/Data_projects/Data-Warehouse-postgres-DBT-airflow-/.venv/lib/python3.11/site-packages/airflow/example_dags/example_short_circuit_decorator.py
[2025-05-31T21:34:22.134-0300] {logging_mixin.py:188} INFO - [2025-05-31T21:34:22.134-0300] {dag.py:3036} INFO - Sync 1 DAGs
[2025-05-31T21:34:22.147-0300] {logging_mixin.py:188} INFO - [2025-05-31T21:34:22.147-0300] {dag.py:3823} INFO - Setting next_dagrun for example_short_circuit_decorator to 2025-05-31 00:00:00+00:00, run_after=2025-06-01 00:00:00+00:00
[2025-05-31T21:34:22.166-0300] {processor.py:183} INFO - Processing /home/walterg/Documentos/Data_projects/Data-Warehouse-postgres-DBT-airflow-/.venv/lib/python3.11/site-packages/airflow/example_dags/example_short_circuit_decorator.py took 0.061 seconds
