[2025-05-31T21:00:07.804-0300] {processor.py:161} INFO - Started process (PID=32593) to work on /home/walterg/Documentos/Data_projects/Data-Warehouse-postgres-DBT-airflow-/.venv/lib/python3.11/site-packages/airflow/example_dags/tutorial_objectstorage.py
[2025-05-31T21:00:07.804-0300] {processor.py:830} INFO - Processing file /home/walterg/Documentos/Data_projects/Data-Warehouse-postgres-DBT-airflow-/.venv/lib/python3.11/site-packages/airflow/example_dags/tutorial_objectstorage.py for tasks to queue
[2025-05-31T21:00:07.805-0300] {logging_mixin.py:188} INFO - [2025-05-31T21:00:07.805-0300] {dagbag.py:538} INFO - Filling up the DagBag from /home/walterg/Documentos/Data_projects/Data-Warehouse-postgres-DBT-airflow-/.venv/lib/python3.11/site-packages/airflow/example_dags/tutorial_objectstorage.py
[2025-05-31T21:00:07.811-0300] {processor.py:840} INFO - DAG(s) 'tutorial_objectstorage' retrieved from /home/walterg/Documentos/Data_projects/Data-Warehouse-postgres-DBT-airflow-/.venv/lib/python3.11/site-packages/airflow/example_dags/tutorial_objectstorage.py
[2025-05-31T21:00:07.824-0300] {logging_mixin.py:188} INFO - [2025-05-31T21:00:07.824-0300] {dag.py:3036} INFO - Sync 1 DAGs
[2025-05-31T21:00:07.832-0300] {logging_mixin.py:188} INFO - [2025-05-31T21:00:07.832-0300] {dag.py:3823} INFO - Setting next_dagrun for tutorial_objectstorage to None, run_after=None
[2025-05-31T21:00:07.854-0300] {processor.py:183} INFO - Processing /home/walterg/Documentos/Data_projects/Data-Warehouse-postgres-DBT-airflow-/.venv/lib/python3.11/site-packages/airflow/example_dags/tutorial_objectstorage.py took 0.053 seconds
[2025-05-31T21:00:49.069-0300] {processor.py:161} INFO - Started process (PID=32733) to work on /home/walterg/Documentos/Data_projects/Data-Warehouse-postgres-DBT-airflow-/.venv/lib/python3.11/site-packages/airflow/example_dags/tutorial_objectstorage.py
[2025-05-31T21:00:49.074-0300] {processor.py:830} INFO - Processing file /home/walterg/Documentos/Data_projects/Data-Warehouse-postgres-DBT-airflow-/.venv/lib/python3.11/site-packages/airflow/example_dags/tutorial_objectstorage.py for tasks to queue
[2025-05-31T21:00:49.075-0300] {logging_mixin.py:188} INFO - [2025-05-31T21:00:49.075-0300] {dagbag.py:538} INFO - Filling up the DagBag from /home/walterg/Documentos/Data_projects/Data-Warehouse-postgres-DBT-airflow-/.venv/lib/python3.11/site-packages/airflow/example_dags/tutorial_objectstorage.py
[2025-05-31T21:00:49.082-0300] {processor.py:840} INFO - DAG(s) 'tutorial_objectstorage' retrieved from /home/walterg/Documentos/Data_projects/Data-Warehouse-postgres-DBT-airflow-/.venv/lib/python3.11/site-packages/airflow/example_dags/tutorial_objectstorage.py
[2025-05-31T21:00:49.093-0300] {logging_mixin.py:188} INFO - [2025-05-31T21:00:49.093-0300] {dag.py:3036} INFO - Sync 1 DAGs
[2025-05-31T21:00:49.101-0300] {logging_mixin.py:188} INFO - [2025-05-31T21:00:49.101-0300] {dag.py:3823} INFO - Setting next_dagrun for tutorial_objectstorage to None, run_after=None
[2025-05-31T21:00:49.118-0300] {processor.py:183} INFO - Processing /home/walterg/Documentos/Data_projects/Data-Warehouse-postgres-DBT-airflow-/.venv/lib/python3.11/site-packages/airflow/example_dags/tutorial_objectstorage.py took 0.052 seconds
[2025-05-31T21:01:31.077-0300] {processor.py:161} INFO - Started process (PID=33001) to work on /home/walterg/Documentos/Data_projects/Data-Warehouse-postgres-DBT-airflow-/.venv/lib/python3.11/site-packages/airflow/example_dags/tutorial_objectstorage.py
[2025-05-31T21:01:31.082-0300] {processor.py:830} INFO - Processing file /home/walterg/Documentos/Data_projects/Data-Warehouse-postgres-DBT-airflow-/.venv/lib/python3.11/site-packages/airflow/example_dags/tutorial_objectstorage.py for tasks to queue
[2025-05-31T21:01:31.083-0300] {logging_mixin.py:188} INFO - [2025-05-31T21:01:31.083-0300] {dagbag.py:538} INFO - Filling up the DagBag from /home/walterg/Documentos/Data_projects/Data-Warehouse-postgres-DBT-airflow-/.venv/lib/python3.11/site-packages/airflow/example_dags/tutorial_objectstorage.py
[2025-05-31T21:01:31.089-0300] {processor.py:840} INFO - DAG(s) 'tutorial_objectstorage' retrieved from /home/walterg/Documentos/Data_projects/Data-Warehouse-postgres-DBT-airflow-/.venv/lib/python3.11/site-packages/airflow/example_dags/tutorial_objectstorage.py
[2025-05-31T21:01:31.101-0300] {logging_mixin.py:188} INFO - [2025-05-31T21:01:31.101-0300] {dag.py:3036} INFO - Sync 1 DAGs
[2025-05-31T21:01:31.108-0300] {logging_mixin.py:188} INFO - [2025-05-31T21:01:31.108-0300] {dag.py:3823} INFO - Setting next_dagrun for tutorial_objectstorage to None, run_after=None
[2025-05-31T21:01:31.126-0300] {processor.py:183} INFO - Processing /home/walterg/Documentos/Data_projects/Data-Warehouse-postgres-DBT-airflow-/.venv/lib/python3.11/site-packages/airflow/example_dags/tutorial_objectstorage.py took 0.052 seconds
[2025-05-31T21:02:13.614-0300] {processor.py:161} INFO - Started process (PID=33304) to work on /home/walterg/Documentos/Data_projects/Data-Warehouse-postgres-DBT-airflow-/.venv/lib/python3.11/site-packages/airflow/example_dags/tutorial_objectstorage.py
[2025-05-31T21:02:13.615-0300] {processor.py:830} INFO - Processing file /home/walterg/Documentos/Data_projects/Data-Warehouse-postgres-DBT-airflow-/.venv/lib/python3.11/site-packages/airflow/example_dags/tutorial_objectstorage.py for tasks to queue
[2025-05-31T21:02:13.616-0300] {logging_mixin.py:188} INFO - [2025-05-31T21:02:13.616-0300] {dagbag.py:538} INFO - Filling up the DagBag from /home/walterg/Documentos/Data_projects/Data-Warehouse-postgres-DBT-airflow-/.venv/lib/python3.11/site-packages/airflow/example_dags/tutorial_objectstorage.py
[2025-05-31T21:02:13.622-0300] {processor.py:840} INFO - DAG(s) 'tutorial_objectstorage' retrieved from /home/walterg/Documentos/Data_projects/Data-Warehouse-postgres-DBT-airflow-/.venv/lib/python3.11/site-packages/airflow/example_dags/tutorial_objectstorage.py
[2025-05-31T21:02:13.634-0300] {logging_mixin.py:188} INFO - [2025-05-31T21:02:13.634-0300] {dag.py:3036} INFO - Sync 1 DAGs
[2025-05-31T21:02:13.642-0300] {logging_mixin.py:188} INFO - [2025-05-31T21:02:13.642-0300] {dag.py:3823} INFO - Setting next_dagrun for tutorial_objectstorage to None, run_after=None
[2025-05-31T21:02:13.663-0300] {processor.py:183} INFO - Processing /home/walterg/Documentos/Data_projects/Data-Warehouse-postgres-DBT-airflow-/.venv/lib/python3.11/site-packages/airflow/example_dags/tutorial_objectstorage.py took 0.051 seconds
[2025-05-31T21:02:58.295-0300] {processor.py:161} INFO - Started process (PID=33447) to work on /home/walterg/Documentos/Data_projects/Data-Warehouse-postgres-DBT-airflow-/.venv/lib/python3.11/site-packages/airflow/example_dags/tutorial_objectstorage.py
[2025-05-31T21:02:58.300-0300] {processor.py:830} INFO - Processing file /home/walterg/Documentos/Data_projects/Data-Warehouse-postgres-DBT-airflow-/.venv/lib/python3.11/site-packages/airflow/example_dags/tutorial_objectstorage.py for tasks to queue
[2025-05-31T21:02:58.301-0300] {logging_mixin.py:188} INFO - [2025-05-31T21:02:58.300-0300] {dagbag.py:538} INFO - Filling up the DagBag from /home/walterg/Documentos/Data_projects/Data-Warehouse-postgres-DBT-airflow-/.venv/lib/python3.11/site-packages/airflow/example_dags/tutorial_objectstorage.py
[2025-05-31T21:02:58.307-0300] {processor.py:840} INFO - DAG(s) 'tutorial_objectstorage' retrieved from /home/walterg/Documentos/Data_projects/Data-Warehouse-postgres-DBT-airflow-/.venv/lib/python3.11/site-packages/airflow/example_dags/tutorial_objectstorage.py
[2025-05-31T21:02:58.320-0300] {logging_mixin.py:188} INFO - [2025-05-31T21:02:58.319-0300] {dag.py:3036} INFO - Sync 1 DAGs
[2025-05-31T21:02:58.328-0300] {logging_mixin.py:188} INFO - [2025-05-31T21:02:58.328-0300] {dag.py:3823} INFO - Setting next_dagrun for tutorial_objectstorage to None, run_after=None
[2025-05-31T21:02:58.346-0300] {processor.py:183} INFO - Processing /home/walterg/Documentos/Data_projects/Data-Warehouse-postgres-DBT-airflow-/.venv/lib/python3.11/site-packages/airflow/example_dags/tutorial_objectstorage.py took 0.054 seconds
[2025-05-31T21:03:42.707-0300] {processor.py:161} INFO - Started process (PID=33676) to work on /home/walterg/Documentos/Data_projects/Data-Warehouse-postgres-DBT-airflow-/.venv/lib/python3.11/site-packages/airflow/example_dags/tutorial_objectstorage.py
[2025-05-31T21:03:42.712-0300] {processor.py:830} INFO - Processing file /home/walterg/Documentos/Data_projects/Data-Warehouse-postgres-DBT-airflow-/.venv/lib/python3.11/site-packages/airflow/example_dags/tutorial_objectstorage.py for tasks to queue
[2025-05-31T21:03:42.713-0300] {logging_mixin.py:188} INFO - [2025-05-31T21:03:42.713-0300] {dagbag.py:538} INFO - Filling up the DagBag from /home/walterg/Documentos/Data_projects/Data-Warehouse-postgres-DBT-airflow-/.venv/lib/python3.11/site-packages/airflow/example_dags/tutorial_objectstorage.py
[2025-05-31T21:03:42.720-0300] {processor.py:840} INFO - DAG(s) 'tutorial_objectstorage' retrieved from /home/walterg/Documentos/Data_projects/Data-Warehouse-postgres-DBT-airflow-/.venv/lib/python3.11/site-packages/airflow/example_dags/tutorial_objectstorage.py
[2025-05-31T21:03:42.732-0300] {logging_mixin.py:188} INFO - [2025-05-31T21:03:42.732-0300] {dag.py:3036} INFO - Sync 1 DAGs
[2025-05-31T21:03:42.739-0300] {logging_mixin.py:188} INFO - [2025-05-31T21:03:42.739-0300] {dag.py:3823} INFO - Setting next_dagrun for tutorial_objectstorage to None, run_after=None
[2025-05-31T21:03:42.756-0300] {processor.py:183} INFO - Processing /home/walterg/Documentos/Data_projects/Data-Warehouse-postgres-DBT-airflow-/.venv/lib/python3.11/site-packages/airflow/example_dags/tutorial_objectstorage.py took 0.052 seconds
[2025-05-31T21:04:22.877-0300] {processor.py:161} INFO - Started process (PID=33845) to work on /home/walterg/Documentos/Data_projects/Data-Warehouse-postgres-DBT-airflow-/.venv/lib/python3.11/site-packages/airflow/example_dags/tutorial_objectstorage.py
[2025-05-31T21:04:22.882-0300] {processor.py:830} INFO - Processing file /home/walterg/Documentos/Data_projects/Data-Warehouse-postgres-DBT-airflow-/.venv/lib/python3.11/site-packages/airflow/example_dags/tutorial_objectstorage.py for tasks to queue
[2025-05-31T21:04:22.883-0300] {logging_mixin.py:188} INFO - [2025-05-31T21:04:22.883-0300] {dagbag.py:538} INFO - Filling up the DagBag from /home/walterg/Documentos/Data_projects/Data-Warehouse-postgres-DBT-airflow-/.venv/lib/python3.11/site-packages/airflow/example_dags/tutorial_objectstorage.py
[2025-05-31T21:04:22.890-0300] {processor.py:840} INFO - DAG(s) 'tutorial_objectstorage' retrieved from /home/walterg/Documentos/Data_projects/Data-Warehouse-postgres-DBT-airflow-/.venv/lib/python3.11/site-packages/airflow/example_dags/tutorial_objectstorage.py
[2025-05-31T21:04:22.901-0300] {logging_mixin.py:188} INFO - [2025-05-31T21:04:22.901-0300] {dag.py:3036} INFO - Sync 1 DAGs
[2025-05-31T21:04:22.909-0300] {logging_mixin.py:188} INFO - [2025-05-31T21:04:22.908-0300] {dag.py:3823} INFO - Setting next_dagrun for tutorial_objectstorage to None, run_after=None
[2025-05-31T21:04:22.925-0300] {processor.py:183} INFO - Processing /home/walterg/Documentos/Data_projects/Data-Warehouse-postgres-DBT-airflow-/.venv/lib/python3.11/site-packages/airflow/example_dags/tutorial_objectstorage.py took 0.051 seconds
[2025-05-31T21:05:08.515-0300] {processor.py:161} INFO - Started process (PID=34052) to work on /home/walterg/Documentos/Data_projects/Data-Warehouse-postgres-DBT-airflow-/.venv/lib/python3.11/site-packages/airflow/example_dags/tutorial_objectstorage.py
[2025-05-31T21:05:08.516-0300] {processor.py:830} INFO - Processing file /home/walterg/Documentos/Data_projects/Data-Warehouse-postgres-DBT-airflow-/.venv/lib/python3.11/site-packages/airflow/example_dags/tutorial_objectstorage.py for tasks to queue
[2025-05-31T21:05:08.517-0300] {logging_mixin.py:188} INFO - [2025-05-31T21:05:08.517-0300] {dagbag.py:538} INFO - Filling up the DagBag from /home/walterg/Documentos/Data_projects/Data-Warehouse-postgres-DBT-airflow-/.venv/lib/python3.11/site-packages/airflow/example_dags/tutorial_objectstorage.py
[2025-05-31T21:05:08.524-0300] {processor.py:840} INFO - DAG(s) 'tutorial_objectstorage' retrieved from /home/walterg/Documentos/Data_projects/Data-Warehouse-postgres-DBT-airflow-/.venv/lib/python3.11/site-packages/airflow/example_dags/tutorial_objectstorage.py
[2025-05-31T21:05:08.537-0300] {logging_mixin.py:188} INFO - [2025-05-31T21:05:08.537-0300] {dag.py:3036} INFO - Sync 1 DAGs
[2025-05-31T21:05:08.546-0300] {logging_mixin.py:188} INFO - [2025-05-31T21:05:08.546-0300] {dag.py:3823} INFO - Setting next_dagrun for tutorial_objectstorage to None, run_after=None
[2025-05-31T21:05:08.564-0300] {processor.py:183} INFO - Processing /home/walterg/Documentos/Data_projects/Data-Warehouse-postgres-DBT-airflow-/.venv/lib/python3.11/site-packages/airflow/example_dags/tutorial_objectstorage.py took 0.051 seconds
[2025-05-31T21:05:51.663-0300] {processor.py:161} INFO - Started process (PID=34258) to work on /home/walterg/Documentos/Data_projects/Data-Warehouse-postgres-DBT-airflow-/.venv/lib/python3.11/site-packages/airflow/example_dags/tutorial_objectstorage.py
[2025-05-31T21:05:51.668-0300] {processor.py:830} INFO - Processing file /home/walterg/Documentos/Data_projects/Data-Warehouse-postgres-DBT-airflow-/.venv/lib/python3.11/site-packages/airflow/example_dags/tutorial_objectstorage.py for tasks to queue
[2025-05-31T21:05:51.669-0300] {logging_mixin.py:188} INFO - [2025-05-31T21:05:51.669-0300] {dagbag.py:538} INFO - Filling up the DagBag from /home/walterg/Documentos/Data_projects/Data-Warehouse-postgres-DBT-airflow-/.venv/lib/python3.11/site-packages/airflow/example_dags/tutorial_objectstorage.py
[2025-05-31T21:05:51.676-0300] {processor.py:840} INFO - DAG(s) 'tutorial_objectstorage' retrieved from /home/walterg/Documentos/Data_projects/Data-Warehouse-postgres-DBT-airflow-/.venv/lib/python3.11/site-packages/airflow/example_dags/tutorial_objectstorage.py
[2025-05-31T21:05:51.688-0300] {logging_mixin.py:188} INFO - [2025-05-31T21:05:51.687-0300] {dag.py:3036} INFO - Sync 1 DAGs
[2025-05-31T21:05:51.696-0300] {logging_mixin.py:188} INFO - [2025-05-31T21:05:51.696-0300] {dag.py:3823} INFO - Setting next_dagrun for tutorial_objectstorage to None, run_after=None
[2025-05-31T21:05:51.715-0300] {processor.py:183} INFO - Processing /home/walterg/Documentos/Data_projects/Data-Warehouse-postgres-DBT-airflow-/.venv/lib/python3.11/site-packages/airflow/example_dags/tutorial_objectstorage.py took 0.055 seconds
[2025-05-31T21:06:33.815-0300] {processor.py:161} INFO - Started process (PID=34556) to work on /home/walterg/Documentos/Data_projects/Data-Warehouse-postgres-DBT-airflow-/.venv/lib/python3.11/site-packages/airflow/example_dags/tutorial_objectstorage.py
[2025-05-31T21:06:33.821-0300] {processor.py:830} INFO - Processing file /home/walterg/Documentos/Data_projects/Data-Warehouse-postgres-DBT-airflow-/.venv/lib/python3.11/site-packages/airflow/example_dags/tutorial_objectstorage.py for tasks to queue
[2025-05-31T21:06:33.822-0300] {logging_mixin.py:188} INFO - [2025-05-31T21:06:33.821-0300] {dagbag.py:538} INFO - Filling up the DagBag from /home/walterg/Documentos/Data_projects/Data-Warehouse-postgres-DBT-airflow-/.venv/lib/python3.11/site-packages/airflow/example_dags/tutorial_objectstorage.py
[2025-05-31T21:06:33.828-0300] {processor.py:840} INFO - DAG(s) 'tutorial_objectstorage' retrieved from /home/walterg/Documentos/Data_projects/Data-Warehouse-postgres-DBT-airflow-/.venv/lib/python3.11/site-packages/airflow/example_dags/tutorial_objectstorage.py
[2025-05-31T21:06:33.841-0300] {logging_mixin.py:188} INFO - [2025-05-31T21:06:33.841-0300] {dag.py:3036} INFO - Sync 1 DAGs
[2025-05-31T21:06:33.850-0300] {logging_mixin.py:188} INFO - [2025-05-31T21:06:33.850-0300] {dag.py:3823} INFO - Setting next_dagrun for tutorial_objectstorage to None, run_after=None
[2025-05-31T21:06:33.866-0300] {processor.py:183} INFO - Processing /home/walterg/Documentos/Data_projects/Data-Warehouse-postgres-DBT-airflow-/.venv/lib/python3.11/site-packages/airflow/example_dags/tutorial_objectstorage.py took 0.055 seconds
[2025-05-31T21:07:18.113-0300] {processor.py:161} INFO - Started process (PID=34789) to work on /home/walterg/Documentos/Data_projects/Data-Warehouse-postgres-DBT-airflow-/.venv/lib/python3.11/site-packages/airflow/example_dags/tutorial_objectstorage.py
[2025-05-31T21:07:18.118-0300] {processor.py:830} INFO - Processing file /home/walterg/Documentos/Data_projects/Data-Warehouse-postgres-DBT-airflow-/.venv/lib/python3.11/site-packages/airflow/example_dags/tutorial_objectstorage.py for tasks to queue
[2025-05-31T21:07:18.119-0300] {logging_mixin.py:188} INFO - [2025-05-31T21:07:18.118-0300] {dagbag.py:538} INFO - Filling up the DagBag from /home/walterg/Documentos/Data_projects/Data-Warehouse-postgres-DBT-airflow-/.venv/lib/python3.11/site-packages/airflow/example_dags/tutorial_objectstorage.py
[2025-05-31T21:07:18.125-0300] {processor.py:840} INFO - DAG(s) 'tutorial_objectstorage' retrieved from /home/walterg/Documentos/Data_projects/Data-Warehouse-postgres-DBT-airflow-/.venv/lib/python3.11/site-packages/airflow/example_dags/tutorial_objectstorage.py
[2025-05-31T21:07:18.139-0300] {logging_mixin.py:188} INFO - [2025-05-31T21:07:18.139-0300] {dag.py:3036} INFO - Sync 1 DAGs
[2025-05-31T21:07:18.148-0300] {logging_mixin.py:188} INFO - [2025-05-31T21:07:18.148-0300] {dag.py:3823} INFO - Setting next_dagrun for tutorial_objectstorage to None, run_after=None
[2025-05-31T21:07:18.167-0300] {processor.py:183} INFO - Processing /home/walterg/Documentos/Data_projects/Data-Warehouse-postgres-DBT-airflow-/.venv/lib/python3.11/site-packages/airflow/example_dags/tutorial_objectstorage.py took 0.058 seconds
[2025-05-31T21:07:59.693-0300] {processor.py:161} INFO - Started process (PID=34913) to work on /home/walterg/Documentos/Data_projects/Data-Warehouse-postgres-DBT-airflow-/.venv/lib/python3.11/site-packages/airflow/example_dags/tutorial_objectstorage.py
[2025-05-31T21:07:59.698-0300] {processor.py:830} INFO - Processing file /home/walterg/Documentos/Data_projects/Data-Warehouse-postgres-DBT-airflow-/.venv/lib/python3.11/site-packages/airflow/example_dags/tutorial_objectstorage.py for tasks to queue
[2025-05-31T21:07:59.699-0300] {logging_mixin.py:188} INFO - [2025-05-31T21:07:59.699-0300] {dagbag.py:538} INFO - Filling up the DagBag from /home/walterg/Documentos/Data_projects/Data-Warehouse-postgres-DBT-airflow-/.venv/lib/python3.11/site-packages/airflow/example_dags/tutorial_objectstorage.py
[2025-05-31T21:07:59.707-0300] {processor.py:840} INFO - DAG(s) 'tutorial_objectstorage' retrieved from /home/walterg/Documentos/Data_projects/Data-Warehouse-postgres-DBT-airflow-/.venv/lib/python3.11/site-packages/airflow/example_dags/tutorial_objectstorage.py
[2025-05-31T21:07:59.724-0300] {logging_mixin.py:188} INFO - [2025-05-31T21:07:59.724-0300] {dag.py:3036} INFO - Sync 1 DAGs
[2025-05-31T21:07:59.736-0300] {logging_mixin.py:188} INFO - [2025-05-31T21:07:59.736-0300] {dag.py:3823} INFO - Setting next_dagrun for tutorial_objectstorage to None, run_after=None
[2025-05-31T21:07:59.770-0300] {processor.py:183} INFO - Processing /home/walterg/Documentos/Data_projects/Data-Warehouse-postgres-DBT-airflow-/.venv/lib/python3.11/site-packages/airflow/example_dags/tutorial_objectstorage.py took 0.081 seconds
[2025-05-31T21:08:46.170-0300] {processor.py:161} INFO - Started process (PID=35223) to work on /home/walterg/Documentos/Data_projects/Data-Warehouse-postgres-DBT-airflow-/.venv/lib/python3.11/site-packages/airflow/example_dags/tutorial_objectstorage.py
[2025-05-31T21:08:46.175-0300] {processor.py:830} INFO - Processing file /home/walterg/Documentos/Data_projects/Data-Warehouse-postgres-DBT-airflow-/.venv/lib/python3.11/site-packages/airflow/example_dags/tutorial_objectstorage.py for tasks to queue
[2025-05-31T21:08:46.176-0300] {logging_mixin.py:188} INFO - [2025-05-31T21:08:46.176-0300] {dagbag.py:538} INFO - Filling up the DagBag from /home/walterg/Documentos/Data_projects/Data-Warehouse-postgres-DBT-airflow-/.venv/lib/python3.11/site-packages/airflow/example_dags/tutorial_objectstorage.py
[2025-05-31T21:08:46.182-0300] {processor.py:840} INFO - DAG(s) 'tutorial_objectstorage' retrieved from /home/walterg/Documentos/Data_projects/Data-Warehouse-postgres-DBT-airflow-/.venv/lib/python3.11/site-packages/airflow/example_dags/tutorial_objectstorage.py
[2025-05-31T21:08:46.194-0300] {logging_mixin.py:188} INFO - [2025-05-31T21:08:46.194-0300] {dag.py:3036} INFO - Sync 1 DAGs
[2025-05-31T21:08:46.201-0300] {logging_mixin.py:188} INFO - [2025-05-31T21:08:46.201-0300] {dag.py:3823} INFO - Setting next_dagrun for tutorial_objectstorage to None, run_after=None
[2025-05-31T21:08:46.219-0300] {processor.py:183} INFO - Processing /home/walterg/Documentos/Data_projects/Data-Warehouse-postgres-DBT-airflow-/.venv/lib/python3.11/site-packages/airflow/example_dags/tutorial_objectstorage.py took 0.052 seconds
[2025-05-31T21:09:21.209-0300] {processor.py:161} INFO - Started process (PID=35423) to work on /home/walterg/Documentos/Data_projects/Data-Warehouse-postgres-DBT-airflow-/.venv/lib/python3.11/site-packages/airflow/example_dags/tutorial_objectstorage.py
[2025-05-31T21:09:21.214-0300] {processor.py:830} INFO - Processing file /home/walterg/Documentos/Data_projects/Data-Warehouse-postgres-DBT-airflow-/.venv/lib/python3.11/site-packages/airflow/example_dags/tutorial_objectstorage.py for tasks to queue
[2025-05-31T21:09:21.216-0300] {logging_mixin.py:188} INFO - [2025-05-31T21:09:21.215-0300] {dagbag.py:538} INFO - Filling up the DagBag from /home/walterg/Documentos/Data_projects/Data-Warehouse-postgres-DBT-airflow-/.venv/lib/python3.11/site-packages/airflow/example_dags/tutorial_objectstorage.py
[2025-05-31T21:09:21.222-0300] {processor.py:840} INFO - DAG(s) 'tutorial_objectstorage' retrieved from /home/walterg/Documentos/Data_projects/Data-Warehouse-postgres-DBT-airflow-/.venv/lib/python3.11/site-packages/airflow/example_dags/tutorial_objectstorage.py
[2025-05-31T21:09:21.236-0300] {logging_mixin.py:188} INFO - [2025-05-31T21:09:21.235-0300] {dag.py:3036} INFO - Sync 1 DAGs
[2025-05-31T21:09:21.243-0300] {logging_mixin.py:188} INFO - [2025-05-31T21:09:21.243-0300] {dag.py:3823} INFO - Setting next_dagrun for tutorial_objectstorage to None, run_after=None
[2025-05-31T21:09:21.262-0300] {processor.py:183} INFO - Processing /home/walterg/Documentos/Data_projects/Data-Warehouse-postgres-DBT-airflow-/.venv/lib/python3.11/site-packages/airflow/example_dags/tutorial_objectstorage.py took 0.055 seconds
[2025-05-31T21:10:08.129-0300] {processor.py:161} INFO - Started process (PID=35634) to work on /home/walterg/Documentos/Data_projects/Data-Warehouse-postgres-DBT-airflow-/.venv/lib/python3.11/site-packages/airflow/example_dags/tutorial_objectstorage.py
[2025-05-31T21:10:08.135-0300] {processor.py:830} INFO - Processing file /home/walterg/Documentos/Data_projects/Data-Warehouse-postgres-DBT-airflow-/.venv/lib/python3.11/site-packages/airflow/example_dags/tutorial_objectstorage.py for tasks to queue
[2025-05-31T21:10:08.135-0300] {logging_mixin.py:188} INFO - [2025-05-31T21:10:08.135-0300] {dagbag.py:538} INFO - Filling up the DagBag from /home/walterg/Documentos/Data_projects/Data-Warehouse-postgres-DBT-airflow-/.venv/lib/python3.11/site-packages/airflow/example_dags/tutorial_objectstorage.py
[2025-05-31T21:10:08.142-0300] {processor.py:840} INFO - DAG(s) 'tutorial_objectstorage' retrieved from /home/walterg/Documentos/Data_projects/Data-Warehouse-postgres-DBT-airflow-/.venv/lib/python3.11/site-packages/airflow/example_dags/tutorial_objectstorage.py
[2025-05-31T21:10:08.154-0300] {logging_mixin.py:188} INFO - [2025-05-31T21:10:08.154-0300] {dag.py:3036} INFO - Sync 1 DAGs
[2025-05-31T21:10:08.162-0300] {logging_mixin.py:188} INFO - [2025-05-31T21:10:08.162-0300] {dag.py:3823} INFO - Setting next_dagrun for tutorial_objectstorage to None, run_after=None
[2025-05-31T21:10:08.178-0300] {processor.py:183} INFO - Processing /home/walterg/Documentos/Data_projects/Data-Warehouse-postgres-DBT-airflow-/.venv/lib/python3.11/site-packages/airflow/example_dags/tutorial_objectstorage.py took 0.051 seconds
[2025-05-31T21:10:49.027-0300] {processor.py:161} INFO - Started process (PID=35824) to work on /home/walterg/Documentos/Data_projects/Data-Warehouse-postgres-DBT-airflow-/.venv/lib/python3.11/site-packages/airflow/example_dags/tutorial_objectstorage.py
[2025-05-31T21:10:49.032-0300] {processor.py:830} INFO - Processing file /home/walterg/Documentos/Data_projects/Data-Warehouse-postgres-DBT-airflow-/.venv/lib/python3.11/site-packages/airflow/example_dags/tutorial_objectstorage.py for tasks to queue
[2025-05-31T21:10:49.033-0300] {logging_mixin.py:188} INFO - [2025-05-31T21:10:49.033-0300] {dagbag.py:538} INFO - Filling up the DagBag from /home/walterg/Documentos/Data_projects/Data-Warehouse-postgres-DBT-airflow-/.venv/lib/python3.11/site-packages/airflow/example_dags/tutorial_objectstorage.py
[2025-05-31T21:10:49.040-0300] {processor.py:840} INFO - DAG(s) 'tutorial_objectstorage' retrieved from /home/walterg/Documentos/Data_projects/Data-Warehouse-postgres-DBT-airflow-/.venv/lib/python3.11/site-packages/airflow/example_dags/tutorial_objectstorage.py
[2025-05-31T21:10:49.052-0300] {logging_mixin.py:188} INFO - [2025-05-31T21:10:49.052-0300] {dag.py:3036} INFO - Sync 1 DAGs
[2025-05-31T21:10:49.061-0300] {logging_mixin.py:188} INFO - [2025-05-31T21:10:49.061-0300] {dag.py:3823} INFO - Setting next_dagrun for tutorial_objectstorage to None, run_after=None
[2025-05-31T21:10:49.078-0300] {processor.py:183} INFO - Processing /home/walterg/Documentos/Data_projects/Data-Warehouse-postgres-DBT-airflow-/.venv/lib/python3.11/site-packages/airflow/example_dags/tutorial_objectstorage.py took 0.054 seconds
[2025-05-31T21:11:29.574-0300] {processor.py:161} INFO - Started process (PID=36080) to work on /home/walterg/Documentos/Data_projects/Data-Warehouse-postgres-DBT-airflow-/.venv/lib/python3.11/site-packages/airflow/example_dags/tutorial_objectstorage.py
[2025-05-31T21:11:29.580-0300] {processor.py:830} INFO - Processing file /home/walterg/Documentos/Data_projects/Data-Warehouse-postgres-DBT-airflow-/.venv/lib/python3.11/site-packages/airflow/example_dags/tutorial_objectstorage.py for tasks to queue
[2025-05-31T21:11:29.581-0300] {logging_mixin.py:188} INFO - [2025-05-31T21:11:29.580-0300] {dagbag.py:538} INFO - Filling up the DagBag from /home/walterg/Documentos/Data_projects/Data-Warehouse-postgres-DBT-airflow-/.venv/lib/python3.11/site-packages/airflow/example_dags/tutorial_objectstorage.py
[2025-05-31T21:11:29.587-0300] {processor.py:840} INFO - DAG(s) 'tutorial_objectstorage' retrieved from /home/walterg/Documentos/Data_projects/Data-Warehouse-postgres-DBT-airflow-/.venv/lib/python3.11/site-packages/airflow/example_dags/tutorial_objectstorage.py
[2025-05-31T21:11:29.598-0300] {logging_mixin.py:188} INFO - [2025-05-31T21:11:29.598-0300] {dag.py:3036} INFO - Sync 1 DAGs
[2025-05-31T21:11:29.605-0300] {logging_mixin.py:188} INFO - [2025-05-31T21:11:29.605-0300] {dag.py:3823} INFO - Setting next_dagrun for tutorial_objectstorage to None, run_after=None
[2025-05-31T21:11:29.621-0300] {processor.py:183} INFO - Processing /home/walterg/Documentos/Data_projects/Data-Warehouse-postgres-DBT-airflow-/.venv/lib/python3.11/site-packages/airflow/example_dags/tutorial_objectstorage.py took 0.049 seconds
[2025-05-31T21:12:16.046-0300] {processor.py:161} INFO - Started process (PID=36294) to work on /home/walterg/Documentos/Data_projects/Data-Warehouse-postgres-DBT-airflow-/.venv/lib/python3.11/site-packages/airflow/example_dags/tutorial_objectstorage.py
[2025-05-31T21:12:16.051-0300] {processor.py:830} INFO - Processing file /home/walterg/Documentos/Data_projects/Data-Warehouse-postgres-DBT-airflow-/.venv/lib/python3.11/site-packages/airflow/example_dags/tutorial_objectstorage.py for tasks to queue
[2025-05-31T21:12:16.052-0300] {logging_mixin.py:188} INFO - [2025-05-31T21:12:16.051-0300] {dagbag.py:538} INFO - Filling up the DagBag from /home/walterg/Documentos/Data_projects/Data-Warehouse-postgres-DBT-airflow-/.venv/lib/python3.11/site-packages/airflow/example_dags/tutorial_objectstorage.py
[2025-05-31T21:12:16.058-0300] {processor.py:840} INFO - DAG(s) 'tutorial_objectstorage' retrieved from /home/walterg/Documentos/Data_projects/Data-Warehouse-postgres-DBT-airflow-/.venv/lib/python3.11/site-packages/airflow/example_dags/tutorial_objectstorage.py
[2025-05-31T21:12:16.070-0300] {logging_mixin.py:188} INFO - [2025-05-31T21:12:16.069-0300] {dag.py:3036} INFO - Sync 1 DAGs
[2025-05-31T21:12:16.077-0300] {logging_mixin.py:188} INFO - [2025-05-31T21:12:16.077-0300] {dag.py:3823} INFO - Setting next_dagrun for tutorial_objectstorage to None, run_after=None
[2025-05-31T21:12:16.095-0300] {processor.py:183} INFO - Processing /home/walterg/Documentos/Data_projects/Data-Warehouse-postgres-DBT-airflow-/.venv/lib/python3.11/site-packages/airflow/example_dags/tutorial_objectstorage.py took 0.052 seconds
[2025-05-31T21:12:56.326-0300] {processor.py:161} INFO - Started process (PID=36417) to work on /home/walterg/Documentos/Data_projects/Data-Warehouse-postgres-DBT-airflow-/.venv/lib/python3.11/site-packages/airflow/example_dags/tutorial_objectstorage.py
[2025-05-31T21:12:56.331-0300] {processor.py:830} INFO - Processing file /home/walterg/Documentos/Data_projects/Data-Warehouse-postgres-DBT-airflow-/.venv/lib/python3.11/site-packages/airflow/example_dags/tutorial_objectstorage.py for tasks to queue
[2025-05-31T21:12:56.332-0300] {logging_mixin.py:188} INFO - [2025-05-31T21:12:56.331-0300] {dagbag.py:538} INFO - Filling up the DagBag from /home/walterg/Documentos/Data_projects/Data-Warehouse-postgres-DBT-airflow-/.venv/lib/python3.11/site-packages/airflow/example_dags/tutorial_objectstorage.py
[2025-05-31T21:12:56.338-0300] {processor.py:840} INFO - DAG(s) 'tutorial_objectstorage' retrieved from /home/walterg/Documentos/Data_projects/Data-Warehouse-postgres-DBT-airflow-/.venv/lib/python3.11/site-packages/airflow/example_dags/tutorial_objectstorage.py
[2025-05-31T21:12:56.350-0300] {logging_mixin.py:188} INFO - [2025-05-31T21:12:56.350-0300] {dag.py:3036} INFO - Sync 1 DAGs
[2025-05-31T21:12:56.358-0300] {logging_mixin.py:188} INFO - [2025-05-31T21:12:56.358-0300] {dag.py:3823} INFO - Setting next_dagrun for tutorial_objectstorage to None, run_after=None
[2025-05-31T21:12:56.375-0300] {processor.py:183} INFO - Processing /home/walterg/Documentos/Data_projects/Data-Warehouse-postgres-DBT-airflow-/.venv/lib/python3.11/site-packages/airflow/example_dags/tutorial_objectstorage.py took 0.052 seconds
[2025-05-31T21:13:40.092-0300] {processor.py:161} INFO - Started process (PID=36585) to work on /home/walterg/Documentos/Data_projects/Data-Warehouse-postgres-DBT-airflow-/.venv/lib/python3.11/site-packages/airflow/example_dags/tutorial_objectstorage.py
[2025-05-31T21:13:40.097-0300] {processor.py:830} INFO - Processing file /home/walterg/Documentos/Data_projects/Data-Warehouse-postgres-DBT-airflow-/.venv/lib/python3.11/site-packages/airflow/example_dags/tutorial_objectstorage.py for tasks to queue
[2025-05-31T21:13:40.098-0300] {logging_mixin.py:188} INFO - [2025-05-31T21:13:40.098-0300] {dagbag.py:538} INFO - Filling up the DagBag from /home/walterg/Documentos/Data_projects/Data-Warehouse-postgres-DBT-airflow-/.venv/lib/python3.11/site-packages/airflow/example_dags/tutorial_objectstorage.py
[2025-05-31T21:13:40.104-0300] {processor.py:840} INFO - DAG(s) 'tutorial_objectstorage' retrieved from /home/walterg/Documentos/Data_projects/Data-Warehouse-postgres-DBT-airflow-/.venv/lib/python3.11/site-packages/airflow/example_dags/tutorial_objectstorage.py
[2025-05-31T21:13:40.118-0300] {logging_mixin.py:188} INFO - [2025-05-31T21:13:40.118-0300] {dag.py:3036} INFO - Sync 1 DAGs
[2025-05-31T21:13:40.127-0300] {logging_mixin.py:188} INFO - [2025-05-31T21:13:40.127-0300] {dag.py:3823} INFO - Setting next_dagrun for tutorial_objectstorage to None, run_after=None
[2025-05-31T21:13:40.149-0300] {processor.py:183} INFO - Processing /home/walterg/Documentos/Data_projects/Data-Warehouse-postgres-DBT-airflow-/.venv/lib/python3.11/site-packages/airflow/example_dags/tutorial_objectstorage.py took 0.059 seconds
[2025-05-31T21:14:24.273-0300] {processor.py:161} INFO - Started process (PID=36863) to work on /home/walterg/Documentos/Data_projects/Data-Warehouse-postgres-DBT-airflow-/.venv/lib/python3.11/site-packages/airflow/example_dags/tutorial_objectstorage.py
[2025-05-31T21:14:24.278-0300] {processor.py:830} INFO - Processing file /home/walterg/Documentos/Data_projects/Data-Warehouse-postgres-DBT-airflow-/.venv/lib/python3.11/site-packages/airflow/example_dags/tutorial_objectstorage.py for tasks to queue
[2025-05-31T21:14:24.279-0300] {logging_mixin.py:188} INFO - [2025-05-31T21:14:24.278-0300] {dagbag.py:538} INFO - Filling up the DagBag from /home/walterg/Documentos/Data_projects/Data-Warehouse-postgres-DBT-airflow-/.venv/lib/python3.11/site-packages/airflow/example_dags/tutorial_objectstorage.py
[2025-05-31T21:14:24.285-0300] {processor.py:840} INFO - DAG(s) 'tutorial_objectstorage' retrieved from /home/walterg/Documentos/Data_projects/Data-Warehouse-postgres-DBT-airflow-/.venv/lib/python3.11/site-packages/airflow/example_dags/tutorial_objectstorage.py
[2025-05-31T21:14:24.297-0300] {logging_mixin.py:188} INFO - [2025-05-31T21:14:24.297-0300] {dag.py:3036} INFO - Sync 1 DAGs
[2025-05-31T21:14:24.304-0300] {logging_mixin.py:188} INFO - [2025-05-31T21:14:24.304-0300] {dag.py:3823} INFO - Setting next_dagrun for tutorial_objectstorage to None, run_after=None
[2025-05-31T21:14:24.321-0300] {processor.py:183} INFO - Processing /home/walterg/Documentos/Data_projects/Data-Warehouse-postgres-DBT-airflow-/.venv/lib/python3.11/site-packages/airflow/example_dags/tutorial_objectstorage.py took 0.051 seconds
[2025-05-31T21:15:05.757-0300] {processor.py:161} INFO - Started process (PID=37100) to work on /home/walterg/Documentos/Data_projects/Data-Warehouse-postgres-DBT-airflow-/.venv/lib/python3.11/site-packages/airflow/example_dags/tutorial_objectstorage.py
[2025-05-31T21:15:05.758-0300] {processor.py:830} INFO - Processing file /home/walterg/Documentos/Data_projects/Data-Warehouse-postgres-DBT-airflow-/.venv/lib/python3.11/site-packages/airflow/example_dags/tutorial_objectstorage.py for tasks to queue
[2025-05-31T21:15:05.759-0300] {logging_mixin.py:188} INFO - [2025-05-31T21:15:05.759-0300] {dagbag.py:538} INFO - Filling up the DagBag from /home/walterg/Documentos/Data_projects/Data-Warehouse-postgres-DBT-airflow-/.venv/lib/python3.11/site-packages/airflow/example_dags/tutorial_objectstorage.py
[2025-05-31T21:15:05.765-0300] {processor.py:840} INFO - DAG(s) 'tutorial_objectstorage' retrieved from /home/walterg/Documentos/Data_projects/Data-Warehouse-postgres-DBT-airflow-/.venv/lib/python3.11/site-packages/airflow/example_dags/tutorial_objectstorage.py
[2025-05-31T21:15:05.777-0300] {logging_mixin.py:188} INFO - [2025-05-31T21:15:05.777-0300] {dag.py:3036} INFO - Sync 1 DAGs
[2025-05-31T21:15:05.785-0300] {logging_mixin.py:188} INFO - [2025-05-31T21:15:05.784-0300] {dag.py:3823} INFO - Setting next_dagrun for tutorial_objectstorage to None, run_after=None
[2025-05-31T21:15:05.801-0300] {processor.py:183} INFO - Processing /home/walterg/Documentos/Data_projects/Data-Warehouse-postgres-DBT-airflow-/.venv/lib/python3.11/site-packages/airflow/example_dags/tutorial_objectstorage.py took 0.046 seconds
[2025-05-31T21:15:45.374-0300] {processor.py:161} INFO - Started process (PID=37304) to work on /home/walterg/Documentos/Data_projects/Data-Warehouse-postgres-DBT-airflow-/.venv/lib/python3.11/site-packages/airflow/example_dags/tutorial_objectstorage.py
[2025-05-31T21:15:45.379-0300] {processor.py:830} INFO - Processing file /home/walterg/Documentos/Data_projects/Data-Warehouse-postgres-DBT-airflow-/.venv/lib/python3.11/site-packages/airflow/example_dags/tutorial_objectstorage.py for tasks to queue
[2025-05-31T21:15:45.380-0300] {logging_mixin.py:188} INFO - [2025-05-31T21:15:45.380-0300] {dagbag.py:538} INFO - Filling up the DagBag from /home/walterg/Documentos/Data_projects/Data-Warehouse-postgres-DBT-airflow-/.venv/lib/python3.11/site-packages/airflow/example_dags/tutorial_objectstorage.py
[2025-05-31T21:15:45.386-0300] {processor.py:840} INFO - DAG(s) 'tutorial_objectstorage' retrieved from /home/walterg/Documentos/Data_projects/Data-Warehouse-postgres-DBT-airflow-/.venv/lib/python3.11/site-packages/airflow/example_dags/tutorial_objectstorage.py
[2025-05-31T21:15:45.398-0300] {logging_mixin.py:188} INFO - [2025-05-31T21:15:45.398-0300] {dag.py:3036} INFO - Sync 1 DAGs
[2025-05-31T21:15:45.406-0300] {logging_mixin.py:188} INFO - [2025-05-31T21:15:45.405-0300] {dag.py:3823} INFO - Setting next_dagrun for tutorial_objectstorage to None, run_after=None
[2025-05-31T21:15:45.423-0300] {processor.py:183} INFO - Processing /home/walterg/Documentos/Data_projects/Data-Warehouse-postgres-DBT-airflow-/.venv/lib/python3.11/site-packages/airflow/example_dags/tutorial_objectstorage.py took 0.051 seconds
[2025-05-31T21:16:23.535-0300] {processor.py:161} INFO - Started process (PID=37589) to work on /home/walterg/Documentos/Data_projects/Data-Warehouse-postgres-DBT-airflow-/.venv/lib/python3.11/site-packages/airflow/example_dags/tutorial_objectstorage.py
[2025-05-31T21:16:23.540-0300] {processor.py:830} INFO - Processing file /home/walterg/Documentos/Data_projects/Data-Warehouse-postgres-DBT-airflow-/.venv/lib/python3.11/site-packages/airflow/example_dags/tutorial_objectstorage.py for tasks to queue
[2025-05-31T21:16:23.541-0300] {logging_mixin.py:188} INFO - [2025-05-31T21:16:23.541-0300] {dagbag.py:538} INFO - Filling up the DagBag from /home/walterg/Documentos/Data_projects/Data-Warehouse-postgres-DBT-airflow-/.venv/lib/python3.11/site-packages/airflow/example_dags/tutorial_objectstorage.py
[2025-05-31T21:16:23.547-0300] {processor.py:840} INFO - DAG(s) 'tutorial_objectstorage' retrieved from /home/walterg/Documentos/Data_projects/Data-Warehouse-postgres-DBT-airflow-/.venv/lib/python3.11/site-packages/airflow/example_dags/tutorial_objectstorage.py
[2025-05-31T21:16:23.559-0300] {logging_mixin.py:188} INFO - [2025-05-31T21:16:23.559-0300] {dag.py:3036} INFO - Sync 1 DAGs
[2025-05-31T21:16:23.567-0300] {logging_mixin.py:188} INFO - [2025-05-31T21:16:23.566-0300] {dag.py:3823} INFO - Setting next_dagrun for tutorial_objectstorage to None, run_after=None
[2025-05-31T21:16:23.583-0300] {processor.py:183} INFO - Processing /home/walterg/Documentos/Data_projects/Data-Warehouse-postgres-DBT-airflow-/.venv/lib/python3.11/site-packages/airflow/example_dags/tutorial_objectstorage.py took 0.050 seconds
[2025-05-31T21:17:08.639-0300] {processor.py:161} INFO - Started process (PID=37805) to work on /home/walterg/Documentos/Data_projects/Data-Warehouse-postgres-DBT-airflow-/.venv/lib/python3.11/site-packages/airflow/example_dags/tutorial_objectstorage.py
[2025-05-31T21:17:08.644-0300] {processor.py:830} INFO - Processing file /home/walterg/Documentos/Data_projects/Data-Warehouse-postgres-DBT-airflow-/.venv/lib/python3.11/site-packages/airflow/example_dags/tutorial_objectstorage.py for tasks to queue
[2025-05-31T21:17:08.645-0300] {logging_mixin.py:188} INFO - [2025-05-31T21:17:08.645-0300] {dagbag.py:538} INFO - Filling up the DagBag from /home/walterg/Documentos/Data_projects/Data-Warehouse-postgres-DBT-airflow-/.venv/lib/python3.11/site-packages/airflow/example_dags/tutorial_objectstorage.py
[2025-05-31T21:17:08.651-0300] {processor.py:840} INFO - DAG(s) 'tutorial_objectstorage' retrieved from /home/walterg/Documentos/Data_projects/Data-Warehouse-postgres-DBT-airflow-/.venv/lib/python3.11/site-packages/airflow/example_dags/tutorial_objectstorage.py
[2025-05-31T21:17:08.663-0300] {logging_mixin.py:188} INFO - [2025-05-31T21:17:08.663-0300] {dag.py:3036} INFO - Sync 1 DAGs
[2025-05-31T21:17:08.672-0300] {logging_mixin.py:188} INFO - [2025-05-31T21:17:08.671-0300] {dag.py:3823} INFO - Setting next_dagrun for tutorial_objectstorage to None, run_after=None
[2025-05-31T21:17:08.689-0300] {processor.py:183} INFO - Processing /home/walterg/Documentos/Data_projects/Data-Warehouse-postgres-DBT-airflow-/.venv/lib/python3.11/site-packages/airflow/example_dags/tutorial_objectstorage.py took 0.053 seconds
[2025-05-31T21:17:53.475-0300] {processor.py:161} INFO - Started process (PID=37940) to work on /home/walterg/Documentos/Data_projects/Data-Warehouse-postgres-DBT-airflow-/.venv/lib/python3.11/site-packages/airflow/example_dags/tutorial_objectstorage.py
[2025-05-31T21:17:53.476-0300] {processor.py:830} INFO - Processing file /home/walterg/Documentos/Data_projects/Data-Warehouse-postgres-DBT-airflow-/.venv/lib/python3.11/site-packages/airflow/example_dags/tutorial_objectstorage.py for tasks to queue
[2025-05-31T21:17:53.477-0300] {logging_mixin.py:188} INFO - [2025-05-31T21:17:53.477-0300] {dagbag.py:538} INFO - Filling up the DagBag from /home/walterg/Documentos/Data_projects/Data-Warehouse-postgres-DBT-airflow-/.venv/lib/python3.11/site-packages/airflow/example_dags/tutorial_objectstorage.py
[2025-05-31T21:17:53.483-0300] {processor.py:840} INFO - DAG(s) 'tutorial_objectstorage' retrieved from /home/walterg/Documentos/Data_projects/Data-Warehouse-postgres-DBT-airflow-/.venv/lib/python3.11/site-packages/airflow/example_dags/tutorial_objectstorage.py
[2025-05-31T21:17:53.495-0300] {logging_mixin.py:188} INFO - [2025-05-31T21:17:53.495-0300] {dag.py:3036} INFO - Sync 1 DAGs
[2025-05-31T21:17:53.503-0300] {logging_mixin.py:188} INFO - [2025-05-31T21:17:53.503-0300] {dag.py:3823} INFO - Setting next_dagrun for tutorial_objectstorage to None, run_after=None
[2025-05-31T21:17:53.519-0300] {processor.py:183} INFO - Processing /home/walterg/Documentos/Data_projects/Data-Warehouse-postgres-DBT-airflow-/.venv/lib/python3.11/site-packages/airflow/example_dags/tutorial_objectstorage.py took 0.046 seconds
[2025-05-31T21:18:40.009-0300] {processor.py:161} INFO - Started process (PID=38136) to work on /home/walterg/Documentos/Data_projects/Data-Warehouse-postgres-DBT-airflow-/.venv/lib/python3.11/site-packages/airflow/example_dags/tutorial_objectstorage.py
[2025-05-31T21:18:40.010-0300] {processor.py:830} INFO - Processing file /home/walterg/Documentos/Data_projects/Data-Warehouse-postgres-DBT-airflow-/.venv/lib/python3.11/site-packages/airflow/example_dags/tutorial_objectstorage.py for tasks to queue
[2025-05-31T21:18:40.010-0300] {logging_mixin.py:188} INFO - [2025-05-31T21:18:40.010-0300] {dagbag.py:538} INFO - Filling up the DagBag from /home/walterg/Documentos/Data_projects/Data-Warehouse-postgres-DBT-airflow-/.venv/lib/python3.11/site-packages/airflow/example_dags/tutorial_objectstorage.py
[2025-05-31T21:18:40.017-0300] {processor.py:840} INFO - DAG(s) 'tutorial_objectstorage' retrieved from /home/walterg/Documentos/Data_projects/Data-Warehouse-postgres-DBT-airflow-/.venv/lib/python3.11/site-packages/airflow/example_dags/tutorial_objectstorage.py
[2025-05-31T21:18:40.028-0300] {logging_mixin.py:188} INFO - [2025-05-31T21:18:40.028-0300] {dag.py:3036} INFO - Sync 1 DAGs
[2025-05-31T21:18:40.036-0300] {logging_mixin.py:188} INFO - [2025-05-31T21:18:40.036-0300] {dag.py:3823} INFO - Setting next_dagrun for tutorial_objectstorage to None, run_after=None
[2025-05-31T21:18:40.052-0300] {processor.py:183} INFO - Processing /home/walterg/Documentos/Data_projects/Data-Warehouse-postgres-DBT-airflow-/.venv/lib/python3.11/site-packages/airflow/example_dags/tutorial_objectstorage.py took 0.046 seconds
[2025-05-31T21:19:20.717-0300] {processor.py:161} INFO - Started process (PID=38357) to work on /home/walterg/Documentos/Data_projects/Data-Warehouse-postgres-DBT-airflow-/.venv/lib/python3.11/site-packages/airflow/example_dags/tutorial_objectstorage.py
[2025-05-31T21:19:20.721-0300] {processor.py:830} INFO - Processing file /home/walterg/Documentos/Data_projects/Data-Warehouse-postgres-DBT-airflow-/.venv/lib/python3.11/site-packages/airflow/example_dags/tutorial_objectstorage.py for tasks to queue
[2025-05-31T21:19:20.723-0300] {logging_mixin.py:188} INFO - [2025-05-31T21:19:20.722-0300] {dagbag.py:538} INFO - Filling up the DagBag from /home/walterg/Documentos/Data_projects/Data-Warehouse-postgres-DBT-airflow-/.venv/lib/python3.11/site-packages/airflow/example_dags/tutorial_objectstorage.py
[2025-05-31T21:19:20.729-0300] {processor.py:840} INFO - DAG(s) 'tutorial_objectstorage' retrieved from /home/walterg/Documentos/Data_projects/Data-Warehouse-postgres-DBT-airflow-/.venv/lib/python3.11/site-packages/airflow/example_dags/tutorial_objectstorage.py
[2025-05-31T21:19:20.741-0300] {logging_mixin.py:188} INFO - [2025-05-31T21:19:20.741-0300] {dag.py:3036} INFO - Sync 1 DAGs
[2025-05-31T21:19:20.749-0300] {logging_mixin.py:188} INFO - [2025-05-31T21:19:20.749-0300] {dag.py:3823} INFO - Setting next_dagrun for tutorial_objectstorage to None, run_after=None
[2025-05-31T21:19:20.765-0300] {processor.py:183} INFO - Processing /home/walterg/Documentos/Data_projects/Data-Warehouse-postgres-DBT-airflow-/.venv/lib/python3.11/site-packages/airflow/example_dags/tutorial_objectstorage.py took 0.051 seconds
[2025-05-31T21:20:01.258-0300] {processor.py:161} INFO - Started process (PID=38467) to work on /home/walterg/Documentos/Data_projects/Data-Warehouse-postgres-DBT-airflow-/.venv/lib/python3.11/site-packages/airflow/example_dags/tutorial_objectstorage.py
[2025-05-31T21:20:01.263-0300] {processor.py:830} INFO - Processing file /home/walterg/Documentos/Data_projects/Data-Warehouse-postgres-DBT-airflow-/.venv/lib/python3.11/site-packages/airflow/example_dags/tutorial_objectstorage.py for tasks to queue
[2025-05-31T21:20:01.264-0300] {logging_mixin.py:188} INFO - [2025-05-31T21:20:01.263-0300] {dagbag.py:538} INFO - Filling up the DagBag from /home/walterg/Documentos/Data_projects/Data-Warehouse-postgres-DBT-airflow-/.venv/lib/python3.11/site-packages/airflow/example_dags/tutorial_objectstorage.py
[2025-05-31T21:20:01.270-0300] {processor.py:840} INFO - DAG(s) 'tutorial_objectstorage' retrieved from /home/walterg/Documentos/Data_projects/Data-Warehouse-postgres-DBT-airflow-/.venv/lib/python3.11/site-packages/airflow/example_dags/tutorial_objectstorage.py
[2025-05-31T21:20:01.282-0300] {logging_mixin.py:188} INFO - [2025-05-31T21:20:01.282-0300] {dag.py:3036} INFO - Sync 1 DAGs
[2025-05-31T21:20:01.290-0300] {logging_mixin.py:188} INFO - [2025-05-31T21:20:01.290-0300] {dag.py:3823} INFO - Setting next_dagrun for tutorial_objectstorage to None, run_after=None
[2025-05-31T21:20:01.307-0300] {processor.py:183} INFO - Processing /home/walterg/Documentos/Data_projects/Data-Warehouse-postgres-DBT-airflow-/.venv/lib/python3.11/site-packages/airflow/example_dags/tutorial_objectstorage.py took 0.052 seconds
[2025-05-31T21:20:44.588-0300] {processor.py:161} INFO - Started process (PID=38646) to work on /home/walterg/Documentos/Data_projects/Data-Warehouse-postgres-DBT-airflow-/.venv/lib/python3.11/site-packages/airflow/example_dags/tutorial_objectstorage.py
[2025-05-31T21:20:44.593-0300] {processor.py:830} INFO - Processing file /home/walterg/Documentos/Data_projects/Data-Warehouse-postgres-DBT-airflow-/.venv/lib/python3.11/site-packages/airflow/example_dags/tutorial_objectstorage.py for tasks to queue
[2025-05-31T21:20:44.595-0300] {logging_mixin.py:188} INFO - [2025-05-31T21:20:44.594-0300] {dagbag.py:538} INFO - Filling up the DagBag from /home/walterg/Documentos/Data_projects/Data-Warehouse-postgres-DBT-airflow-/.venv/lib/python3.11/site-packages/airflow/example_dags/tutorial_objectstorage.py
[2025-05-31T21:20:44.601-0300] {processor.py:840} INFO - DAG(s) 'tutorial_objectstorage' retrieved from /home/walterg/Documentos/Data_projects/Data-Warehouse-postgres-DBT-airflow-/.venv/lib/python3.11/site-packages/airflow/example_dags/tutorial_objectstorage.py
[2025-05-31T21:20:44.613-0300] {logging_mixin.py:188} INFO - [2025-05-31T21:20:44.613-0300] {dag.py:3036} INFO - Sync 1 DAGs
[2025-05-31T21:20:44.620-0300] {logging_mixin.py:188} INFO - [2025-05-31T21:20:44.620-0300] {dag.py:3823} INFO - Setting next_dagrun for tutorial_objectstorage to None, run_after=None
[2025-05-31T21:20:44.637-0300] {processor.py:183} INFO - Processing /home/walterg/Documentos/Data_projects/Data-Warehouse-postgres-DBT-airflow-/.venv/lib/python3.11/site-packages/airflow/example_dags/tutorial_objectstorage.py took 0.052 seconds
[2025-05-31T21:21:23.711-0300] {processor.py:161} INFO - Started process (PID=38880) to work on /home/walterg/Documentos/Data_projects/Data-Warehouse-postgres-DBT-airflow-/.venv/lib/python3.11/site-packages/airflow/example_dags/tutorial_objectstorage.py
[2025-05-31T21:21:23.716-0300] {processor.py:830} INFO - Processing file /home/walterg/Documentos/Data_projects/Data-Warehouse-postgres-DBT-airflow-/.venv/lib/python3.11/site-packages/airflow/example_dags/tutorial_objectstorage.py for tasks to queue
[2025-05-31T21:21:23.717-0300] {logging_mixin.py:188} INFO - [2025-05-31T21:21:23.717-0300] {dagbag.py:538} INFO - Filling up the DagBag from /home/walterg/Documentos/Data_projects/Data-Warehouse-postgres-DBT-airflow-/.venv/lib/python3.11/site-packages/airflow/example_dags/tutorial_objectstorage.py
[2025-05-31T21:21:23.724-0300] {processor.py:840} INFO - DAG(s) 'tutorial_objectstorage' retrieved from /home/walterg/Documentos/Data_projects/Data-Warehouse-postgres-DBT-airflow-/.venv/lib/python3.11/site-packages/airflow/example_dags/tutorial_objectstorage.py
[2025-05-31T21:21:23.736-0300] {logging_mixin.py:188} INFO - [2025-05-31T21:21:23.736-0300] {dag.py:3036} INFO - Sync 1 DAGs
[2025-05-31T21:21:23.744-0300] {logging_mixin.py:188} INFO - [2025-05-31T21:21:23.744-0300] {dag.py:3823} INFO - Setting next_dagrun for tutorial_objectstorage to None, run_after=None
[2025-05-31T21:21:23.761-0300] {processor.py:183} INFO - Processing /home/walterg/Documentos/Data_projects/Data-Warehouse-postgres-DBT-airflow-/.venv/lib/python3.11/site-packages/airflow/example_dags/tutorial_objectstorage.py took 0.053 seconds
[2025-05-31T21:22:07.294-0300] {processor.py:161} INFO - Started process (PID=39142) to work on /home/walterg/Documentos/Data_projects/Data-Warehouse-postgres-DBT-airflow-/.venv/lib/python3.11/site-packages/airflow/example_dags/tutorial_objectstorage.py
[2025-05-31T21:22:07.299-0300] {processor.py:830} INFO - Processing file /home/walterg/Documentos/Data_projects/Data-Warehouse-postgres-DBT-airflow-/.venv/lib/python3.11/site-packages/airflow/example_dags/tutorial_objectstorage.py for tasks to queue
[2025-05-31T21:22:07.300-0300] {logging_mixin.py:188} INFO - [2025-05-31T21:22:07.300-0300] {dagbag.py:538} INFO - Filling up the DagBag from /home/walterg/Documentos/Data_projects/Data-Warehouse-postgres-DBT-airflow-/.venv/lib/python3.11/site-packages/airflow/example_dags/tutorial_objectstorage.py
[2025-05-31T21:22:07.308-0300] {processor.py:840} INFO - DAG(s) 'tutorial_objectstorage' retrieved from /home/walterg/Documentos/Data_projects/Data-Warehouse-postgres-DBT-airflow-/.venv/lib/python3.11/site-packages/airflow/example_dags/tutorial_objectstorage.py
[2025-05-31T21:22:07.319-0300] {logging_mixin.py:188} INFO - [2025-05-31T21:22:07.319-0300] {dag.py:3036} INFO - Sync 1 DAGs
[2025-05-31T21:22:07.328-0300] {logging_mixin.py:188} INFO - [2025-05-31T21:22:07.328-0300] {dag.py:3823} INFO - Setting next_dagrun for tutorial_objectstorage to None, run_after=None
[2025-05-31T21:22:07.348-0300] {processor.py:183} INFO - Processing /home/walterg/Documentos/Data_projects/Data-Warehouse-postgres-DBT-airflow-/.venv/lib/python3.11/site-packages/airflow/example_dags/tutorial_objectstorage.py took 0.057 seconds
[2025-05-31T21:22:49.531-0300] {processor.py:161} INFO - Started process (PID=39365) to work on /home/walterg/Documentos/Data_projects/Data-Warehouse-postgres-DBT-airflow-/.venv/lib/python3.11/site-packages/airflow/example_dags/tutorial_objectstorage.py
[2025-05-31T21:22:49.532-0300] {processor.py:830} INFO - Processing file /home/walterg/Documentos/Data_projects/Data-Warehouse-postgres-DBT-airflow-/.venv/lib/python3.11/site-packages/airflow/example_dags/tutorial_objectstorage.py for tasks to queue
[2025-05-31T21:22:49.533-0300] {logging_mixin.py:188} INFO - [2025-05-31T21:22:49.533-0300] {dagbag.py:538} INFO - Filling up the DagBag from /home/walterg/Documentos/Data_projects/Data-Warehouse-postgres-DBT-airflow-/.venv/lib/python3.11/site-packages/airflow/example_dags/tutorial_objectstorage.py
[2025-05-31T21:22:49.539-0300] {processor.py:840} INFO - DAG(s) 'tutorial_objectstorage' retrieved from /home/walterg/Documentos/Data_projects/Data-Warehouse-postgres-DBT-airflow-/.venv/lib/python3.11/site-packages/airflow/example_dags/tutorial_objectstorage.py
[2025-05-31T21:22:49.551-0300] {logging_mixin.py:188} INFO - [2025-05-31T21:22:49.551-0300] {dag.py:3036} INFO - Sync 1 DAGs
[2025-05-31T21:22:49.663-0300] {logging_mixin.py:188} INFO - [2025-05-31T21:22:49.663-0300] {dag.py:3823} INFO - Setting next_dagrun for tutorial_objectstorage to None, run_after=None
[2025-05-31T21:22:49.683-0300] {processor.py:183} INFO - Processing /home/walterg/Documentos/Data_projects/Data-Warehouse-postgres-DBT-airflow-/.venv/lib/python3.11/site-packages/airflow/example_dags/tutorial_objectstorage.py took 0.154 seconds
[2025-05-31T21:23:34.939-0300] {processor.py:161} INFO - Started process (PID=39574) to work on /home/walterg/Documentos/Data_projects/Data-Warehouse-postgres-DBT-airflow-/.venv/lib/python3.11/site-packages/airflow/example_dags/tutorial_objectstorage.py
[2025-05-31T21:23:34.944-0300] {processor.py:830} INFO - Processing file /home/walterg/Documentos/Data_projects/Data-Warehouse-postgres-DBT-airflow-/.venv/lib/python3.11/site-packages/airflow/example_dags/tutorial_objectstorage.py for tasks to queue
[2025-05-31T21:23:34.944-0300] {logging_mixin.py:188} INFO - [2025-05-31T21:23:34.944-0300] {dagbag.py:538} INFO - Filling up the DagBag from /home/walterg/Documentos/Data_projects/Data-Warehouse-postgres-DBT-airflow-/.venv/lib/python3.11/site-packages/airflow/example_dags/tutorial_objectstorage.py
[2025-05-31T21:23:34.951-0300] {processor.py:840} INFO - DAG(s) 'tutorial_objectstorage' retrieved from /home/walterg/Documentos/Data_projects/Data-Warehouse-postgres-DBT-airflow-/.venv/lib/python3.11/site-packages/airflow/example_dags/tutorial_objectstorage.py
[2025-05-31T21:23:34.963-0300] {logging_mixin.py:188} INFO - [2025-05-31T21:23:34.963-0300] {dag.py:3036} INFO - Sync 1 DAGs
[2025-05-31T21:23:34.971-0300] {logging_mixin.py:188} INFO - [2025-05-31T21:23:34.971-0300] {dag.py:3823} INFO - Setting next_dagrun for tutorial_objectstorage to None, run_after=None
[2025-05-31T21:23:34.988-0300] {processor.py:183} INFO - Processing /home/walterg/Documentos/Data_projects/Data-Warehouse-postgres-DBT-airflow-/.venv/lib/python3.11/site-packages/airflow/example_dags/tutorial_objectstorage.py took 0.052 seconds
[2025-05-31T21:24:21.341-0300] {processor.py:161} INFO - Started process (PID=39752) to work on /home/walterg/Documentos/Data_projects/Data-Warehouse-postgres-DBT-airflow-/.venv/lib/python3.11/site-packages/airflow/example_dags/tutorial_objectstorage.py
[2025-05-31T21:24:21.346-0300] {processor.py:830} INFO - Processing file /home/walterg/Documentos/Data_projects/Data-Warehouse-postgres-DBT-airflow-/.venv/lib/python3.11/site-packages/airflow/example_dags/tutorial_objectstorage.py for tasks to queue
[2025-05-31T21:24:21.347-0300] {logging_mixin.py:188} INFO - [2025-05-31T21:24:21.347-0300] {dagbag.py:538} INFO - Filling up the DagBag from /home/walterg/Documentos/Data_projects/Data-Warehouse-postgres-DBT-airflow-/.venv/lib/python3.11/site-packages/airflow/example_dags/tutorial_objectstorage.py
[2025-05-31T21:24:21.353-0300] {processor.py:840} INFO - DAG(s) 'tutorial_objectstorage' retrieved from /home/walterg/Documentos/Data_projects/Data-Warehouse-postgres-DBT-airflow-/.venv/lib/python3.11/site-packages/airflow/example_dags/tutorial_objectstorage.py
[2025-05-31T21:24:21.366-0300] {logging_mixin.py:188} INFO - [2025-05-31T21:24:21.365-0300] {dag.py:3036} INFO - Sync 1 DAGs
[2025-05-31T21:24:21.486-0300] {logging_mixin.py:188} INFO - [2025-05-31T21:24:21.486-0300] {dag.py:3823} INFO - Setting next_dagrun for tutorial_objectstorage to None, run_after=None
[2025-05-31T21:24:21.508-0300] {processor.py:183} INFO - Processing /home/walterg/Documentos/Data_projects/Data-Warehouse-postgres-DBT-airflow-/.venv/lib/python3.11/site-packages/airflow/example_dags/tutorial_objectstorage.py took 0.170 seconds
[2025-05-31T21:25:12.143-0300] {processor.py:161} INFO - Started process (PID=40000) to work on /home/walterg/Documentos/Data_projects/Data-Warehouse-postgres-DBT-airflow-/.venv/lib/python3.11/site-packages/airflow/example_dags/tutorial_objectstorage.py
[2025-05-31T21:25:12.148-0300] {processor.py:830} INFO - Processing file /home/walterg/Documentos/Data_projects/Data-Warehouse-postgres-DBT-airflow-/.venv/lib/python3.11/site-packages/airflow/example_dags/tutorial_objectstorage.py for tasks to queue
[2025-05-31T21:25:12.148-0300] {logging_mixin.py:188} INFO - [2025-05-31T21:25:12.148-0300] {dagbag.py:538} INFO - Filling up the DagBag from /home/walterg/Documentos/Data_projects/Data-Warehouse-postgres-DBT-airflow-/.venv/lib/python3.11/site-packages/airflow/example_dags/tutorial_objectstorage.py
[2025-05-31T21:25:12.155-0300] {processor.py:840} INFO - DAG(s) 'tutorial_objectstorage' retrieved from /home/walterg/Documentos/Data_projects/Data-Warehouse-postgres-DBT-airflow-/.venv/lib/python3.11/site-packages/airflow/example_dags/tutorial_objectstorage.py
[2025-05-31T21:25:12.169-0300] {logging_mixin.py:188} INFO - [2025-05-31T21:25:12.168-0300] {dag.py:3036} INFO - Sync 1 DAGs
[2025-05-31T21:25:12.177-0300] {logging_mixin.py:188} INFO - [2025-05-31T21:25:12.177-0300] {dag.py:3823} INFO - Setting next_dagrun for tutorial_objectstorage to None, run_after=None
[2025-05-31T21:25:12.194-0300] {processor.py:183} INFO - Processing /home/walterg/Documentos/Data_projects/Data-Warehouse-postgres-DBT-airflow-/.venv/lib/python3.11/site-packages/airflow/example_dags/tutorial_objectstorage.py took 0.054 seconds
[2025-05-31T21:25:53.521-0300] {processor.py:161} INFO - Started process (PID=40306) to work on /home/walterg/Documentos/Data_projects/Data-Warehouse-postgres-DBT-airflow-/.venv/lib/python3.11/site-packages/airflow/example_dags/tutorial_objectstorage.py
[2025-05-31T21:25:53.526-0300] {processor.py:830} INFO - Processing file /home/walterg/Documentos/Data_projects/Data-Warehouse-postgres-DBT-airflow-/.venv/lib/python3.11/site-packages/airflow/example_dags/tutorial_objectstorage.py for tasks to queue
[2025-05-31T21:25:53.527-0300] {logging_mixin.py:188} INFO - [2025-05-31T21:25:53.527-0300] {dagbag.py:538} INFO - Filling up the DagBag from /home/walterg/Documentos/Data_projects/Data-Warehouse-postgres-DBT-airflow-/.venv/lib/python3.11/site-packages/airflow/example_dags/tutorial_objectstorage.py
[2025-05-31T21:25:53.533-0300] {processor.py:840} INFO - DAG(s) 'tutorial_objectstorage' retrieved from /home/walterg/Documentos/Data_projects/Data-Warehouse-postgres-DBT-airflow-/.venv/lib/python3.11/site-packages/airflow/example_dags/tutorial_objectstorage.py
[2025-05-31T21:25:53.545-0300] {logging_mixin.py:188} INFO - [2025-05-31T21:25:53.545-0300] {dag.py:3036} INFO - Sync 1 DAGs
[2025-05-31T21:25:53.553-0300] {logging_mixin.py:188} INFO - [2025-05-31T21:25:53.553-0300] {dag.py:3823} INFO - Setting next_dagrun for tutorial_objectstorage to None, run_after=None
[2025-05-31T21:25:53.569-0300] {processor.py:183} INFO - Processing /home/walterg/Documentos/Data_projects/Data-Warehouse-postgres-DBT-airflow-/.venv/lib/python3.11/site-packages/airflow/example_dags/tutorial_objectstorage.py took 0.050 seconds
[2025-05-31T21:26:32.771-0300] {processor.py:161} INFO - Started process (PID=40579) to work on /home/walterg/Documentos/Data_projects/Data-Warehouse-postgres-DBT-airflow-/.venv/lib/python3.11/site-packages/airflow/example_dags/tutorial_objectstorage.py
[2025-05-31T21:26:32.776-0300] {processor.py:830} INFO - Processing file /home/walterg/Documentos/Data_projects/Data-Warehouse-postgres-DBT-airflow-/.venv/lib/python3.11/site-packages/airflow/example_dags/tutorial_objectstorage.py for tasks to queue
[2025-05-31T21:26:32.778-0300] {logging_mixin.py:188} INFO - [2025-05-31T21:26:32.777-0300] {dagbag.py:538} INFO - Filling up the DagBag from /home/walterg/Documentos/Data_projects/Data-Warehouse-postgres-DBT-airflow-/.venv/lib/python3.11/site-packages/airflow/example_dags/tutorial_objectstorage.py
[2025-05-31T21:26:32.784-0300] {processor.py:840} INFO - DAG(s) 'tutorial_objectstorage' retrieved from /home/walterg/Documentos/Data_projects/Data-Warehouse-postgres-DBT-airflow-/.venv/lib/python3.11/site-packages/airflow/example_dags/tutorial_objectstorage.py
[2025-05-31T21:26:32.795-0300] {logging_mixin.py:188} INFO - [2025-05-31T21:26:32.795-0300] {dag.py:3036} INFO - Sync 1 DAGs
[2025-05-31T21:26:32.803-0300] {logging_mixin.py:188} INFO - [2025-05-31T21:26:32.803-0300] {dag.py:3823} INFO - Setting next_dagrun for tutorial_objectstorage to None, run_after=None
[2025-05-31T21:26:32.819-0300] {processor.py:183} INFO - Processing /home/walterg/Documentos/Data_projects/Data-Warehouse-postgres-DBT-airflow-/.venv/lib/python3.11/site-packages/airflow/example_dags/tutorial_objectstorage.py took 0.050 seconds
[2025-05-31T21:27:15.321-0300] {processor.py:161} INFO - Started process (PID=40848) to work on /home/walterg/Documentos/Data_projects/Data-Warehouse-postgres-DBT-airflow-/.venv/lib/python3.11/site-packages/airflow/example_dags/tutorial_objectstorage.py
[2025-05-31T21:27:15.326-0300] {processor.py:830} INFO - Processing file /home/walterg/Documentos/Data_projects/Data-Warehouse-postgres-DBT-airflow-/.venv/lib/python3.11/site-packages/airflow/example_dags/tutorial_objectstorage.py for tasks to queue
[2025-05-31T21:27:15.327-0300] {logging_mixin.py:188} INFO - [2025-05-31T21:27:15.327-0300] {dagbag.py:538} INFO - Filling up the DagBag from /home/walterg/Documentos/Data_projects/Data-Warehouse-postgres-DBT-airflow-/.venv/lib/python3.11/site-packages/airflow/example_dags/tutorial_objectstorage.py
[2025-05-31T21:27:15.334-0300] {processor.py:840} INFO - DAG(s) 'tutorial_objectstorage' retrieved from /home/walterg/Documentos/Data_projects/Data-Warehouse-postgres-DBT-airflow-/.venv/lib/python3.11/site-packages/airflow/example_dags/tutorial_objectstorage.py
[2025-05-31T21:27:15.346-0300] {logging_mixin.py:188} INFO - [2025-05-31T21:27:15.346-0300] {dag.py:3036} INFO - Sync 1 DAGs
[2025-05-31T21:27:15.353-0300] {logging_mixin.py:188} INFO - [2025-05-31T21:27:15.353-0300] {dag.py:3823} INFO - Setting next_dagrun for tutorial_objectstorage to None, run_after=None
[2025-05-31T21:27:15.371-0300] {processor.py:183} INFO - Processing /home/walterg/Documentos/Data_projects/Data-Warehouse-postgres-DBT-airflow-/.venv/lib/python3.11/site-packages/airflow/example_dags/tutorial_objectstorage.py took 0.052 seconds
[2025-05-31T21:27:54.386-0300] {processor.py:161} INFO - Started process (PID=41240) to work on /home/walterg/Documentos/Data_projects/Data-Warehouse-postgres-DBT-airflow-/.venv/lib/python3.11/site-packages/airflow/example_dags/tutorial_objectstorage.py
[2025-05-31T21:27:54.392-0300] {processor.py:830} INFO - Processing file /home/walterg/Documentos/Data_projects/Data-Warehouse-postgres-DBT-airflow-/.venv/lib/python3.11/site-packages/airflow/example_dags/tutorial_objectstorage.py for tasks to queue
[2025-05-31T21:27:54.393-0300] {logging_mixin.py:188} INFO - [2025-05-31T21:27:54.392-0300] {dagbag.py:538} INFO - Filling up the DagBag from /home/walterg/Documentos/Data_projects/Data-Warehouse-postgres-DBT-airflow-/.venv/lib/python3.11/site-packages/airflow/example_dags/tutorial_objectstorage.py
[2025-05-31T21:27:54.399-0300] {processor.py:840} INFO - DAG(s) 'tutorial_objectstorage' retrieved from /home/walterg/Documentos/Data_projects/Data-Warehouse-postgres-DBT-airflow-/.venv/lib/python3.11/site-packages/airflow/example_dags/tutorial_objectstorage.py
[2025-05-31T21:27:54.410-0300] {logging_mixin.py:188} INFO - [2025-05-31T21:27:54.410-0300] {dag.py:3036} INFO - Sync 1 DAGs
[2025-05-31T21:27:54.418-0300] {logging_mixin.py:188} INFO - [2025-05-31T21:27:54.418-0300] {dag.py:3823} INFO - Setting next_dagrun for tutorial_objectstorage to None, run_after=None
[2025-05-31T21:27:54.435-0300] {processor.py:183} INFO - Processing /home/walterg/Documentos/Data_projects/Data-Warehouse-postgres-DBT-airflow-/.venv/lib/python3.11/site-packages/airflow/example_dags/tutorial_objectstorage.py took 0.052 seconds
[2025-05-31T21:28:36.563-0300] {processor.py:161} INFO - Started process (PID=41425) to work on /home/walterg/Documentos/Data_projects/Data-Warehouse-postgres-DBT-airflow-/.venv/lib/python3.11/site-packages/airflow/example_dags/tutorial_objectstorage.py
[2025-05-31T21:28:36.568-0300] {processor.py:830} INFO - Processing file /home/walterg/Documentos/Data_projects/Data-Warehouse-postgres-DBT-airflow-/.venv/lib/python3.11/site-packages/airflow/example_dags/tutorial_objectstorage.py for tasks to queue
[2025-05-31T21:28:36.569-0300] {logging_mixin.py:188} INFO - [2025-05-31T21:28:36.569-0300] {dagbag.py:538} INFO - Filling up the DagBag from /home/walterg/Documentos/Data_projects/Data-Warehouse-postgres-DBT-airflow-/.venv/lib/python3.11/site-packages/airflow/example_dags/tutorial_objectstorage.py
[2025-05-31T21:28:36.575-0300] {processor.py:840} INFO - DAG(s) 'tutorial_objectstorage' retrieved from /home/walterg/Documentos/Data_projects/Data-Warehouse-postgres-DBT-airflow-/.venv/lib/python3.11/site-packages/airflow/example_dags/tutorial_objectstorage.py
[2025-05-31T21:28:36.587-0300] {logging_mixin.py:188} INFO - [2025-05-31T21:28:36.587-0300] {dag.py:3036} INFO - Sync 1 DAGs
[2025-05-31T21:28:36.594-0300] {logging_mixin.py:188} INFO - [2025-05-31T21:28:36.594-0300] {dag.py:3823} INFO - Setting next_dagrun for tutorial_objectstorage to None, run_after=None
[2025-05-31T21:28:36.611-0300] {processor.py:183} INFO - Processing /home/walterg/Documentos/Data_projects/Data-Warehouse-postgres-DBT-airflow-/.venv/lib/python3.11/site-packages/airflow/example_dags/tutorial_objectstorage.py took 0.050 seconds
[2025-05-31T21:29:17.053-0300] {processor.py:161} INFO - Started process (PID=41634) to work on /home/walterg/Documentos/Data_projects/Data-Warehouse-postgres-DBT-airflow-/.venv/lib/python3.11/site-packages/airflow/example_dags/tutorial_objectstorage.py
[2025-05-31T21:29:17.058-0300] {processor.py:830} INFO - Processing file /home/walterg/Documentos/Data_projects/Data-Warehouse-postgres-DBT-airflow-/.venv/lib/python3.11/site-packages/airflow/example_dags/tutorial_objectstorage.py for tasks to queue
[2025-05-31T21:29:17.059-0300] {logging_mixin.py:188} INFO - [2025-05-31T21:29:17.059-0300] {dagbag.py:538} INFO - Filling up the DagBag from /home/walterg/Documentos/Data_projects/Data-Warehouse-postgres-DBT-airflow-/.venv/lib/python3.11/site-packages/airflow/example_dags/tutorial_objectstorage.py
[2025-05-31T21:29:17.065-0300] {processor.py:840} INFO - DAG(s) 'tutorial_objectstorage' retrieved from /home/walterg/Documentos/Data_projects/Data-Warehouse-postgres-DBT-airflow-/.venv/lib/python3.11/site-packages/airflow/example_dags/tutorial_objectstorage.py
[2025-05-31T21:29:17.077-0300] {logging_mixin.py:188} INFO - [2025-05-31T21:29:17.077-0300] {dag.py:3036} INFO - Sync 1 DAGs
[2025-05-31T21:29:17.085-0300] {logging_mixin.py:188} INFO - [2025-05-31T21:29:17.084-0300] {dag.py:3823} INFO - Setting next_dagrun for tutorial_objectstorage to None, run_after=None
[2025-05-31T21:29:17.102-0300] {processor.py:183} INFO - Processing /home/walterg/Documentos/Data_projects/Data-Warehouse-postgres-DBT-airflow-/.venv/lib/python3.11/site-packages/airflow/example_dags/tutorial_objectstorage.py took 0.052 seconds
[2025-05-31T21:29:56.601-0300] {processor.py:161} INFO - Started process (PID=41737) to work on /home/walterg/Documentos/Data_projects/Data-Warehouse-postgres-DBT-airflow-/.venv/lib/python3.11/site-packages/airflow/example_dags/tutorial_objectstorage.py
[2025-05-31T21:29:56.605-0300] {processor.py:830} INFO - Processing file /home/walterg/Documentos/Data_projects/Data-Warehouse-postgres-DBT-airflow-/.venv/lib/python3.11/site-packages/airflow/example_dags/tutorial_objectstorage.py for tasks to queue
[2025-05-31T21:29:56.606-0300] {logging_mixin.py:188} INFO - [2025-05-31T21:29:56.606-0300] {dagbag.py:538} INFO - Filling up the DagBag from /home/walterg/Documentos/Data_projects/Data-Warehouse-postgres-DBT-airflow-/.venv/lib/python3.11/site-packages/airflow/example_dags/tutorial_objectstorage.py
[2025-05-31T21:29:56.612-0300] {processor.py:840} INFO - DAG(s) 'tutorial_objectstorage' retrieved from /home/walterg/Documentos/Data_projects/Data-Warehouse-postgres-DBT-airflow-/.venv/lib/python3.11/site-packages/airflow/example_dags/tutorial_objectstorage.py
[2025-05-31T21:29:56.624-0300] {logging_mixin.py:188} INFO - [2025-05-31T21:29:56.624-0300] {dag.py:3036} INFO - Sync 1 DAGs
[2025-05-31T21:29:56.631-0300] {logging_mixin.py:188} INFO - [2025-05-31T21:29:56.631-0300] {dag.py:3823} INFO - Setting next_dagrun for tutorial_objectstorage to None, run_after=None
[2025-05-31T21:29:56.647-0300] {processor.py:183} INFO - Processing /home/walterg/Documentos/Data_projects/Data-Warehouse-postgres-DBT-airflow-/.venv/lib/python3.11/site-packages/airflow/example_dags/tutorial_objectstorage.py took 0.049 seconds
[2025-05-31T21:30:36.405-0300] {processor.py:161} INFO - Started process (PID=41898) to work on /home/walterg/Documentos/Data_projects/Data-Warehouse-postgres-DBT-airflow-/.venv/lib/python3.11/site-packages/airflow/example_dags/tutorial_objectstorage.py
[2025-05-31T21:30:36.411-0300] {processor.py:830} INFO - Processing file /home/walterg/Documentos/Data_projects/Data-Warehouse-postgres-DBT-airflow-/.venv/lib/python3.11/site-packages/airflow/example_dags/tutorial_objectstorage.py for tasks to queue
[2025-05-31T21:30:36.412-0300] {logging_mixin.py:188} INFO - [2025-05-31T21:30:36.411-0300] {dagbag.py:538} INFO - Filling up the DagBag from /home/walterg/Documentos/Data_projects/Data-Warehouse-postgres-DBT-airflow-/.venv/lib/python3.11/site-packages/airflow/example_dags/tutorial_objectstorage.py
[2025-05-31T21:30:36.418-0300] {processor.py:840} INFO - DAG(s) 'tutorial_objectstorage' retrieved from /home/walterg/Documentos/Data_projects/Data-Warehouse-postgres-DBT-airflow-/.venv/lib/python3.11/site-packages/airflow/example_dags/tutorial_objectstorage.py
[2025-05-31T21:30:36.430-0300] {logging_mixin.py:188} INFO - [2025-05-31T21:30:36.429-0300] {dag.py:3036} INFO - Sync 1 DAGs
[2025-05-31T21:30:36.438-0300] {logging_mixin.py:188} INFO - [2025-05-31T21:30:36.438-0300] {dag.py:3823} INFO - Setting next_dagrun for tutorial_objectstorage to None, run_after=None
[2025-05-31T21:30:36.455-0300] {processor.py:183} INFO - Processing /home/walterg/Documentos/Data_projects/Data-Warehouse-postgres-DBT-airflow-/.venv/lib/python3.11/site-packages/airflow/example_dags/tutorial_objectstorage.py took 0.052 seconds
[2025-05-31T21:31:15.814-0300] {processor.py:161} INFO - Started process (PID=42125) to work on /home/walterg/Documentos/Data_projects/Data-Warehouse-postgres-DBT-airflow-/.venv/lib/python3.11/site-packages/airflow/example_dags/tutorial_objectstorage.py
[2025-05-31T21:31:15.815-0300] {processor.py:830} INFO - Processing file /home/walterg/Documentos/Data_projects/Data-Warehouse-postgres-DBT-airflow-/.venv/lib/python3.11/site-packages/airflow/example_dags/tutorial_objectstorage.py for tasks to queue
[2025-05-31T21:31:15.816-0300] {logging_mixin.py:188} INFO - [2025-05-31T21:31:15.815-0300] {dagbag.py:538} INFO - Filling up the DagBag from /home/walterg/Documentos/Data_projects/Data-Warehouse-postgres-DBT-airflow-/.venv/lib/python3.11/site-packages/airflow/example_dags/tutorial_objectstorage.py
[2025-05-31T21:31:15.822-0300] {processor.py:840} INFO - DAG(s) 'tutorial_objectstorage' retrieved from /home/walterg/Documentos/Data_projects/Data-Warehouse-postgres-DBT-airflow-/.venv/lib/python3.11/site-packages/airflow/example_dags/tutorial_objectstorage.py
[2025-05-31T21:31:15.834-0300] {logging_mixin.py:188} INFO - [2025-05-31T21:31:15.834-0300] {dag.py:3036} INFO - Sync 1 DAGs
[2025-05-31T21:31:15.842-0300] {logging_mixin.py:188} INFO - [2025-05-31T21:31:15.842-0300] {dag.py:3823} INFO - Setting next_dagrun for tutorial_objectstorage to None, run_after=None
[2025-05-31T21:31:15.858-0300] {processor.py:183} INFO - Processing /home/walterg/Documentos/Data_projects/Data-Warehouse-postgres-DBT-airflow-/.venv/lib/python3.11/site-packages/airflow/example_dags/tutorial_objectstorage.py took 0.047 seconds
[2025-05-31T21:31:55.347-0300] {processor.py:161} INFO - Started process (PID=42211) to work on /home/walterg/Documentos/Data_projects/Data-Warehouse-postgres-DBT-airflow-/.venv/lib/python3.11/site-packages/airflow/example_dags/tutorial_objectstorage.py
[2025-05-31T21:31:55.353-0300] {processor.py:830} INFO - Processing file /home/walterg/Documentos/Data_projects/Data-Warehouse-postgres-DBT-airflow-/.venv/lib/python3.11/site-packages/airflow/example_dags/tutorial_objectstorage.py for tasks to queue
[2025-05-31T21:31:55.353-0300] {logging_mixin.py:188} INFO - [2025-05-31T21:31:55.353-0300] {dagbag.py:538} INFO - Filling up the DagBag from /home/walterg/Documentos/Data_projects/Data-Warehouse-postgres-DBT-airflow-/.venv/lib/python3.11/site-packages/airflow/example_dags/tutorial_objectstorage.py
[2025-05-31T21:31:55.360-0300] {processor.py:840} INFO - DAG(s) 'tutorial_objectstorage' retrieved from /home/walterg/Documentos/Data_projects/Data-Warehouse-postgres-DBT-airflow-/.venv/lib/python3.11/site-packages/airflow/example_dags/tutorial_objectstorage.py
[2025-05-31T21:31:55.372-0300] {logging_mixin.py:188} INFO - [2025-05-31T21:31:55.372-0300] {dag.py:3036} INFO - Sync 1 DAGs
[2025-05-31T21:31:55.381-0300] {logging_mixin.py:188} INFO - [2025-05-31T21:31:55.381-0300] {dag.py:3823} INFO - Setting next_dagrun for tutorial_objectstorage to None, run_after=None
[2025-05-31T21:31:55.397-0300] {processor.py:183} INFO - Processing /home/walterg/Documentos/Data_projects/Data-Warehouse-postgres-DBT-airflow-/.venv/lib/python3.11/site-packages/airflow/example_dags/tutorial_objectstorage.py took 0.052 seconds
[2025-05-31T21:32:36.334-0300] {processor.py:161} INFO - Started process (PID=42529) to work on /home/walterg/Documentos/Data_projects/Data-Warehouse-postgres-DBT-airflow-/.venv/lib/python3.11/site-packages/airflow/example_dags/tutorial_objectstorage.py
[2025-05-31T21:32:36.339-0300] {processor.py:830} INFO - Processing file /home/walterg/Documentos/Data_projects/Data-Warehouse-postgres-DBT-airflow-/.venv/lib/python3.11/site-packages/airflow/example_dags/tutorial_objectstorage.py for tasks to queue
[2025-05-31T21:32:36.341-0300] {logging_mixin.py:188} INFO - [2025-05-31T21:32:36.340-0300] {dagbag.py:538} INFO - Filling up the DagBag from /home/walterg/Documentos/Data_projects/Data-Warehouse-postgres-DBT-airflow-/.venv/lib/python3.11/site-packages/airflow/example_dags/tutorial_objectstorage.py
[2025-05-31T21:32:36.347-0300] {processor.py:840} INFO - DAG(s) 'tutorial_objectstorage' retrieved from /home/walterg/Documentos/Data_projects/Data-Warehouse-postgres-DBT-airflow-/.venv/lib/python3.11/site-packages/airflow/example_dags/tutorial_objectstorage.py
[2025-05-31T21:32:36.360-0300] {logging_mixin.py:188} INFO - [2025-05-31T21:32:36.360-0300] {dag.py:3036} INFO - Sync 1 DAGs
[2025-05-31T21:32:36.368-0300] {logging_mixin.py:188} INFO - [2025-05-31T21:32:36.367-0300] {dag.py:3823} INFO - Setting next_dagrun for tutorial_objectstorage to None, run_after=None
[2025-05-31T21:32:36.385-0300] {processor.py:183} INFO - Processing /home/walterg/Documentos/Data_projects/Data-Warehouse-postgres-DBT-airflow-/.venv/lib/python3.11/site-packages/airflow/example_dags/tutorial_objectstorage.py took 0.054 seconds
[2025-05-31T21:33:21.340-0300] {processor.py:161} INFO - Started process (PID=42868) to work on /home/walterg/Documentos/Data_projects/Data-Warehouse-postgres-DBT-airflow-/.venv/lib/python3.11/site-packages/airflow/example_dags/tutorial_objectstorage.py
[2025-05-31T21:33:21.345-0300] {processor.py:830} INFO - Processing file /home/walterg/Documentos/Data_projects/Data-Warehouse-postgres-DBT-airflow-/.venv/lib/python3.11/site-packages/airflow/example_dags/tutorial_objectstorage.py for tasks to queue
[2025-05-31T21:33:21.346-0300] {logging_mixin.py:188} INFO - [2025-05-31T21:33:21.346-0300] {dagbag.py:538} INFO - Filling up the DagBag from /home/walterg/Documentos/Data_projects/Data-Warehouse-postgres-DBT-airflow-/.venv/lib/python3.11/site-packages/airflow/example_dags/tutorial_objectstorage.py
[2025-05-31T21:33:21.352-0300] {processor.py:840} INFO - DAG(s) 'tutorial_objectstorage' retrieved from /home/walterg/Documentos/Data_projects/Data-Warehouse-postgres-DBT-airflow-/.venv/lib/python3.11/site-packages/airflow/example_dags/tutorial_objectstorage.py
[2025-05-31T21:33:21.364-0300] {logging_mixin.py:188} INFO - [2025-05-31T21:33:21.363-0300] {dag.py:3036} INFO - Sync 1 DAGs
[2025-05-31T21:33:21.372-0300] {logging_mixin.py:188} INFO - [2025-05-31T21:33:21.372-0300] {dag.py:3823} INFO - Setting next_dagrun for tutorial_objectstorage to None, run_after=None
[2025-05-31T21:33:21.387-0300] {processor.py:183} INFO - Processing /home/walterg/Documentos/Data_projects/Data-Warehouse-postgres-DBT-airflow-/.venv/lib/python3.11/site-packages/airflow/example_dags/tutorial_objectstorage.py took 0.049 seconds
[2025-05-31T21:34:00.335-0300] {processor.py:161} INFO - Started process (PID=42933) to work on /home/walterg/Documentos/Data_projects/Data-Warehouse-postgres-DBT-airflow-/.venv/lib/python3.11/site-packages/airflow/example_dags/tutorial_objectstorage.py
[2025-05-31T21:34:00.341-0300] {processor.py:830} INFO - Processing file /home/walterg/Documentos/Data_projects/Data-Warehouse-postgres-DBT-airflow-/.venv/lib/python3.11/site-packages/airflow/example_dags/tutorial_objectstorage.py for tasks to queue
[2025-05-31T21:34:00.342-0300] {logging_mixin.py:188} INFO - [2025-05-31T21:34:00.341-0300] {dagbag.py:538} INFO - Filling up the DagBag from /home/walterg/Documentos/Data_projects/Data-Warehouse-postgres-DBT-airflow-/.venv/lib/python3.11/site-packages/airflow/example_dags/tutorial_objectstorage.py
[2025-05-31T21:34:00.348-0300] {processor.py:840} INFO - DAG(s) 'tutorial_objectstorage' retrieved from /home/walterg/Documentos/Data_projects/Data-Warehouse-postgres-DBT-airflow-/.venv/lib/python3.11/site-packages/airflow/example_dags/tutorial_objectstorage.py
[2025-05-31T21:34:00.359-0300] {logging_mixin.py:188} INFO - [2025-05-31T21:34:00.359-0300] {dag.py:3036} INFO - Sync 1 DAGs
[2025-05-31T21:34:00.366-0300] {logging_mixin.py:188} INFO - [2025-05-31T21:34:00.366-0300] {dag.py:3823} INFO - Setting next_dagrun for tutorial_objectstorage to None, run_after=None
[2025-05-31T21:34:00.383-0300] {processor.py:183} INFO - Processing /home/walterg/Documentos/Data_projects/Data-Warehouse-postgres-DBT-airflow-/.venv/lib/python3.11/site-packages/airflow/example_dags/tutorial_objectstorage.py took 0.050 seconds
[2025-05-31T21:34:36.323-0300] {processor.py:161} INFO - Started process (PID=43047) to work on /home/walterg/Documentos/Data_projects/Data-Warehouse-postgres-DBT-airflow-/.venv/lib/python3.11/site-packages/airflow/example_dags/tutorial_objectstorage.py
[2025-05-31T21:34:36.328-0300] {processor.py:830} INFO - Processing file /home/walterg/Documentos/Data_projects/Data-Warehouse-postgres-DBT-airflow-/.venv/lib/python3.11/site-packages/airflow/example_dags/tutorial_objectstorage.py for tasks to queue
[2025-05-31T21:34:36.329-0300] {logging_mixin.py:188} INFO - [2025-05-31T21:34:36.328-0300] {dagbag.py:538} INFO - Filling up the DagBag from /home/walterg/Documentos/Data_projects/Data-Warehouse-postgres-DBT-airflow-/.venv/lib/python3.11/site-packages/airflow/example_dags/tutorial_objectstorage.py
[2025-05-31T21:34:36.335-0300] {processor.py:840} INFO - DAG(s) 'tutorial_objectstorage' retrieved from /home/walterg/Documentos/Data_projects/Data-Warehouse-postgres-DBT-airflow-/.venv/lib/python3.11/site-packages/airflow/example_dags/tutorial_objectstorage.py
[2025-05-31T21:34:36.347-0300] {logging_mixin.py:188} INFO - [2025-05-31T21:34:36.347-0300] {dag.py:3036} INFO - Sync 1 DAGs
[2025-05-31T21:34:36.355-0300] {logging_mixin.py:188} INFO - [2025-05-31T21:34:36.354-0300] {dag.py:3823} INFO - Setting next_dagrun for tutorial_objectstorage to None, run_after=None
[2025-05-31T21:34:36.372-0300] {processor.py:183} INFO - Processing /home/walterg/Documentos/Data_projects/Data-Warehouse-postgres-DBT-airflow-/.venv/lib/python3.11/site-packages/airflow/example_dags/tutorial_objectstorage.py took 0.052 seconds
