[2025-05-31T21:00:28.827-0300] {processor.py:161} INFO - Started process (PID=32665) to work on /home/walterg/Documentos/Data_projects/Data-Warehouse-postgres-DBT-airflow-/.venv/lib/python3.11/site-packages/airflow/example_dags/tutorial.py
[2025-05-31T21:00:28.827-0300] {processor.py:830} INFO - Processing file /home/walterg/Documentos/Data_projects/Data-Warehouse-postgres-DBT-airflow-/.venv/lib/python3.11/site-packages/airflow/example_dags/tutorial.py for tasks to queue
[2025-05-31T21:00:28.828-0300] {logging_mixin.py:188} INFO - [2025-05-31T21:00:28.828-0300] {dagbag.py:538} INFO - Filling up the DagBag from /home/walterg/Documentos/Data_projects/Data-Warehouse-postgres-DBT-airflow-/.venv/lib/python3.11/site-packages/airflow/example_dags/tutorial.py
[2025-05-31T21:00:28.834-0300] {processor.py:840} INFO - DAG(s) 'tutorial' retrieved from /home/walterg/Documentos/Data_projects/Data-Warehouse-postgres-DBT-airflow-/.venv/lib/python3.11/site-packages/airflow/example_dags/tutorial.py
[2025-05-31T21:00:28.846-0300] {logging_mixin.py:188} INFO - [2025-05-31T21:00:28.846-0300] {dag.py:3036} INFO - Sync 1 DAGs
[2025-05-31T21:00:28.859-0300] {logging_mixin.py:188} INFO - [2025-05-31T21:00:28.859-0300] {dag.py:3823} INFO - Setting next_dagrun for tutorial to 2025-05-31 00:00:00+00:00, run_after=2025-06-01 00:00:00+00:00
[2025-05-31T21:00:28.880-0300] {processor.py:183} INFO - Processing /home/walterg/Documentos/Data_projects/Data-Warehouse-postgres-DBT-airflow-/.venv/lib/python3.11/site-packages/airflow/example_dags/tutorial.py took 0.056 seconds
[2025-05-31T21:01:11.963-0300] {processor.py:161} INFO - Started process (PID=32896) to work on /home/walterg/Documentos/Data_projects/Data-Warehouse-postgres-DBT-airflow-/.venv/lib/python3.11/site-packages/airflow/example_dags/tutorial.py
[2025-05-31T21:01:11.964-0300] {processor.py:830} INFO - Processing file /home/walterg/Documentos/Data_projects/Data-Warehouse-postgres-DBT-airflow-/.venv/lib/python3.11/site-packages/airflow/example_dags/tutorial.py for tasks to queue
[2025-05-31T21:01:11.965-0300] {logging_mixin.py:188} INFO - [2025-05-31T21:01:11.965-0300] {dagbag.py:538} INFO - Filling up the DagBag from /home/walterg/Documentos/Data_projects/Data-Warehouse-postgres-DBT-airflow-/.venv/lib/python3.11/site-packages/airflow/example_dags/tutorial.py
[2025-05-31T21:01:11.970-0300] {processor.py:840} INFO - DAG(s) 'tutorial' retrieved from /home/walterg/Documentos/Data_projects/Data-Warehouse-postgres-DBT-airflow-/.venv/lib/python3.11/site-packages/airflow/example_dags/tutorial.py
[2025-05-31T21:01:11.982-0300] {logging_mixin.py:188} INFO - [2025-05-31T21:01:11.982-0300] {dag.py:3036} INFO - Sync 1 DAGs
[2025-05-31T21:01:11.995-0300] {logging_mixin.py:188} INFO - [2025-05-31T21:01:11.995-0300] {dag.py:3823} INFO - Setting next_dagrun for tutorial to 2025-05-31 00:00:00+00:00, run_after=2025-06-01 00:00:00+00:00
[2025-05-31T21:01:12.011-0300] {processor.py:183} INFO - Processing /home/walterg/Documentos/Data_projects/Data-Warehouse-postgres-DBT-airflow-/.venv/lib/python3.11/site-packages/airflow/example_dags/tutorial.py took 0.050 seconds
[2025-05-31T21:01:55.266-0300] {processor.py:161} INFO - Started process (PID=33093) to work on /home/walterg/Documentos/Data_projects/Data-Warehouse-postgres-DBT-airflow-/.venv/lib/python3.11/site-packages/airflow/example_dags/tutorial.py
[2025-05-31T21:01:55.271-0300] {processor.py:830} INFO - Processing file /home/walterg/Documentos/Data_projects/Data-Warehouse-postgres-DBT-airflow-/.venv/lib/python3.11/site-packages/airflow/example_dags/tutorial.py for tasks to queue
[2025-05-31T21:01:55.272-0300] {logging_mixin.py:188} INFO - [2025-05-31T21:01:55.271-0300] {dagbag.py:538} INFO - Filling up the DagBag from /home/walterg/Documentos/Data_projects/Data-Warehouse-postgres-DBT-airflow-/.venv/lib/python3.11/site-packages/airflow/example_dags/tutorial.py
[2025-05-31T21:01:55.278-0300] {processor.py:840} INFO - DAG(s) 'tutorial' retrieved from /home/walterg/Documentos/Data_projects/Data-Warehouse-postgres-DBT-airflow-/.venv/lib/python3.11/site-packages/airflow/example_dags/tutorial.py
[2025-05-31T21:01:55.289-0300] {logging_mixin.py:188} INFO - [2025-05-31T21:01:55.289-0300] {dag.py:3036} INFO - Sync 1 DAGs
[2025-05-31T21:01:55.302-0300] {logging_mixin.py:188} INFO - [2025-05-31T21:01:55.302-0300] {dag.py:3823} INFO - Setting next_dagrun for tutorial to 2025-05-31 00:00:00+00:00, run_after=2025-06-01 00:00:00+00:00
[2025-05-31T21:01:55.317-0300] {processor.py:183} INFO - Processing /home/walterg/Documentos/Data_projects/Data-Warehouse-postgres-DBT-airflow-/.venv/lib/python3.11/site-packages/airflow/example_dags/tutorial.py took 0.054 seconds
[2025-05-31T21:02:39.159-0300] {processor.py:161} INFO - Started process (PID=33372) to work on /home/walterg/Documentos/Data_projects/Data-Warehouse-postgres-DBT-airflow-/.venv/lib/python3.11/site-packages/airflow/example_dags/tutorial.py
[2025-05-31T21:02:39.164-0300] {processor.py:830} INFO - Processing file /home/walterg/Documentos/Data_projects/Data-Warehouse-postgres-DBT-airflow-/.venv/lib/python3.11/site-packages/airflow/example_dags/tutorial.py for tasks to queue
[2025-05-31T21:02:39.165-0300] {logging_mixin.py:188} INFO - [2025-05-31T21:02:39.164-0300] {dagbag.py:538} INFO - Filling up the DagBag from /home/walterg/Documentos/Data_projects/Data-Warehouse-postgres-DBT-airflow-/.venv/lib/python3.11/site-packages/airflow/example_dags/tutorial.py
[2025-05-31T21:02:39.171-0300] {processor.py:840} INFO - DAG(s) 'tutorial' retrieved from /home/walterg/Documentos/Data_projects/Data-Warehouse-postgres-DBT-airflow-/.venv/lib/python3.11/site-packages/airflow/example_dags/tutorial.py
[2025-05-31T21:02:39.183-0300] {logging_mixin.py:188} INFO - [2025-05-31T21:02:39.183-0300] {dag.py:3036} INFO - Sync 1 DAGs
[2025-05-31T21:02:39.197-0300] {logging_mixin.py:188} INFO - [2025-05-31T21:02:39.197-0300] {dag.py:3823} INFO - Setting next_dagrun for tutorial to 2025-05-31 00:00:00+00:00, run_after=2025-06-01 00:00:00+00:00
[2025-05-31T21:02:39.214-0300] {processor.py:183} INFO - Processing /home/walterg/Documentos/Data_projects/Data-Warehouse-postgres-DBT-airflow-/.venv/lib/python3.11/site-packages/airflow/example_dags/tutorial.py took 0.058 seconds
[2025-05-31T21:03:23.272-0300] {processor.py:161} INFO - Started process (PID=33625) to work on /home/walterg/Documentos/Data_projects/Data-Warehouse-postgres-DBT-airflow-/.venv/lib/python3.11/site-packages/airflow/example_dags/tutorial.py
[2025-05-31T21:03:23.277-0300] {processor.py:830} INFO - Processing file /home/walterg/Documentos/Data_projects/Data-Warehouse-postgres-DBT-airflow-/.venv/lib/python3.11/site-packages/airflow/example_dags/tutorial.py for tasks to queue
[2025-05-31T21:03:23.278-0300] {logging_mixin.py:188} INFO - [2025-05-31T21:03:23.278-0300] {dagbag.py:538} INFO - Filling up the DagBag from /home/walterg/Documentos/Data_projects/Data-Warehouse-postgres-DBT-airflow-/.venv/lib/python3.11/site-packages/airflow/example_dags/tutorial.py
[2025-05-31T21:03:23.285-0300] {processor.py:840} INFO - DAG(s) 'tutorial' retrieved from /home/walterg/Documentos/Data_projects/Data-Warehouse-postgres-DBT-airflow-/.venv/lib/python3.11/site-packages/airflow/example_dags/tutorial.py
[2025-05-31T21:03:23.298-0300] {logging_mixin.py:188} INFO - [2025-05-31T21:03:23.298-0300] {dag.py:3036} INFO - Sync 1 DAGs
[2025-05-31T21:03:23.312-0300] {logging_mixin.py:188} INFO - [2025-05-31T21:03:23.312-0300] {dag.py:3823} INFO - Setting next_dagrun for tutorial to 2025-05-31 00:00:00+00:00, run_after=2025-06-01 00:00:00+00:00
[2025-05-31T21:03:23.328-0300] {processor.py:183} INFO - Processing /home/walterg/Documentos/Data_projects/Data-Warehouse-postgres-DBT-airflow-/.venv/lib/python3.11/site-packages/airflow/example_dags/tutorial.py took 0.058 seconds
[2025-05-31T21:04:07.268-0300] {processor.py:161} INFO - Started process (PID=33762) to work on /home/walterg/Documentos/Data_projects/Data-Warehouse-postgres-DBT-airflow-/.venv/lib/python3.11/site-packages/airflow/example_dags/tutorial.py
[2025-05-31T21:04:07.273-0300] {processor.py:830} INFO - Processing file /home/walterg/Documentos/Data_projects/Data-Warehouse-postgres-DBT-airflow-/.venv/lib/python3.11/site-packages/airflow/example_dags/tutorial.py for tasks to queue
[2025-05-31T21:04:07.274-0300] {logging_mixin.py:188} INFO - [2025-05-31T21:04:07.274-0300] {dagbag.py:538} INFO - Filling up the DagBag from /home/walterg/Documentos/Data_projects/Data-Warehouse-postgres-DBT-airflow-/.venv/lib/python3.11/site-packages/airflow/example_dags/tutorial.py
[2025-05-31T21:04:07.280-0300] {processor.py:840} INFO - DAG(s) 'tutorial' retrieved from /home/walterg/Documentos/Data_projects/Data-Warehouse-postgres-DBT-airflow-/.venv/lib/python3.11/site-packages/airflow/example_dags/tutorial.py
[2025-05-31T21:04:07.292-0300] {logging_mixin.py:188} INFO - [2025-05-31T21:04:07.292-0300] {dag.py:3036} INFO - Sync 1 DAGs
[2025-05-31T21:04:07.305-0300] {logging_mixin.py:188} INFO - [2025-05-31T21:04:07.305-0300] {dag.py:3823} INFO - Setting next_dagrun for tutorial to 2025-05-31 00:00:00+00:00, run_after=2025-06-01 00:00:00+00:00
[2025-05-31T21:04:07.322-0300] {processor.py:183} INFO - Processing /home/walterg/Documentos/Data_projects/Data-Warehouse-postgres-DBT-airflow-/.venv/lib/python3.11/site-packages/airflow/example_dags/tutorial.py took 0.056 seconds
[2025-05-31T21:04:47.456-0300] {processor.py:161} INFO - Started process (PID=33944) to work on /home/walterg/Documentos/Data_projects/Data-Warehouse-postgres-DBT-airflow-/.venv/lib/python3.11/site-packages/airflow/example_dags/tutorial.py
[2025-05-31T21:04:47.461-0300] {processor.py:830} INFO - Processing file /home/walterg/Documentos/Data_projects/Data-Warehouse-postgres-DBT-airflow-/.venv/lib/python3.11/site-packages/airflow/example_dags/tutorial.py for tasks to queue
[2025-05-31T21:04:47.462-0300] {logging_mixin.py:188} INFO - [2025-05-31T21:04:47.462-0300] {dagbag.py:538} INFO - Filling up the DagBag from /home/walterg/Documentos/Data_projects/Data-Warehouse-postgres-DBT-airflow-/.venv/lib/python3.11/site-packages/airflow/example_dags/tutorial.py
[2025-05-31T21:04:47.467-0300] {processor.py:840} INFO - DAG(s) 'tutorial' retrieved from /home/walterg/Documentos/Data_projects/Data-Warehouse-postgres-DBT-airflow-/.venv/lib/python3.11/site-packages/airflow/example_dags/tutorial.py
[2025-05-31T21:04:47.479-0300] {logging_mixin.py:188} INFO - [2025-05-31T21:04:47.479-0300] {dag.py:3036} INFO - Sync 1 DAGs
[2025-05-31T21:04:47.492-0300] {logging_mixin.py:188} INFO - [2025-05-31T21:04:47.492-0300] {dag.py:3823} INFO - Setting next_dagrun for tutorial to 2025-05-31 00:00:00+00:00, run_after=2025-06-01 00:00:00+00:00
[2025-05-31T21:04:47.509-0300] {processor.py:183} INFO - Processing /home/walterg/Documentos/Data_projects/Data-Warehouse-postgres-DBT-airflow-/.venv/lib/python3.11/site-packages/airflow/example_dags/tutorial.py took 0.055 seconds
[2025-05-31T21:05:31.269-0300] {processor.py:161} INFO - Started process (PID=34198) to work on /home/walterg/Documentos/Data_projects/Data-Warehouse-postgres-DBT-airflow-/.venv/lib/python3.11/site-packages/airflow/example_dags/tutorial.py
[2025-05-31T21:05:31.274-0300] {processor.py:830} INFO - Processing file /home/walterg/Documentos/Data_projects/Data-Warehouse-postgres-DBT-airflow-/.venv/lib/python3.11/site-packages/airflow/example_dags/tutorial.py for tasks to queue
[2025-05-31T21:05:31.275-0300] {logging_mixin.py:188} INFO - [2025-05-31T21:05:31.275-0300] {dagbag.py:538} INFO - Filling up the DagBag from /home/walterg/Documentos/Data_projects/Data-Warehouse-postgres-DBT-airflow-/.venv/lib/python3.11/site-packages/airflow/example_dags/tutorial.py
[2025-05-31T21:05:31.281-0300] {processor.py:840} INFO - DAG(s) 'tutorial' retrieved from /home/walterg/Documentos/Data_projects/Data-Warehouse-postgres-DBT-airflow-/.venv/lib/python3.11/site-packages/airflow/example_dags/tutorial.py
[2025-05-31T21:05:31.293-0300] {logging_mixin.py:188} INFO - [2025-05-31T21:05:31.293-0300] {dag.py:3036} INFO - Sync 1 DAGs
[2025-05-31T21:05:31.307-0300] {logging_mixin.py:188} INFO - [2025-05-31T21:05:31.307-0300] {dag.py:3823} INFO - Setting next_dagrun for tutorial to 2025-05-31 00:00:00+00:00, run_after=2025-06-01 00:00:00+00:00
[2025-05-31T21:05:31.323-0300] {processor.py:183} INFO - Processing /home/walterg/Documentos/Data_projects/Data-Warehouse-postgres-DBT-airflow-/.venv/lib/python3.11/site-packages/airflow/example_dags/tutorial.py took 0.057 seconds
[2025-05-31T21:06:14.790-0300] {processor.py:161} INFO - Started process (PID=34502) to work on /home/walterg/Documentos/Data_projects/Data-Warehouse-postgres-DBT-airflow-/.venv/lib/python3.11/site-packages/airflow/example_dags/tutorial.py
[2025-05-31T21:06:14.796-0300] {processor.py:830} INFO - Processing file /home/walterg/Documentos/Data_projects/Data-Warehouse-postgres-DBT-airflow-/.venv/lib/python3.11/site-packages/airflow/example_dags/tutorial.py for tasks to queue
[2025-05-31T21:06:14.796-0300] {logging_mixin.py:188} INFO - [2025-05-31T21:06:14.796-0300] {dagbag.py:538} INFO - Filling up the DagBag from /home/walterg/Documentos/Data_projects/Data-Warehouse-postgres-DBT-airflow-/.venv/lib/python3.11/site-packages/airflow/example_dags/tutorial.py
[2025-05-31T21:06:14.802-0300] {processor.py:840} INFO - DAG(s) 'tutorial' retrieved from /home/walterg/Documentos/Data_projects/Data-Warehouse-postgres-DBT-airflow-/.venv/lib/python3.11/site-packages/airflow/example_dags/tutorial.py
[2025-05-31T21:06:14.813-0300] {logging_mixin.py:188} INFO - [2025-05-31T21:06:14.813-0300] {dag.py:3036} INFO - Sync 1 DAGs
[2025-05-31T21:06:14.826-0300] {logging_mixin.py:188} INFO - [2025-05-31T21:06:14.826-0300] {dag.py:3823} INFO - Setting next_dagrun for tutorial to 2025-05-31 00:00:00+00:00, run_after=2025-06-01 00:00:00+00:00
[2025-05-31T21:06:14.843-0300] {processor.py:183} INFO - Processing /home/walterg/Documentos/Data_projects/Data-Warehouse-postgres-DBT-airflow-/.venv/lib/python3.11/site-packages/airflow/example_dags/tutorial.py took 0.055 seconds
[2025-05-31T21:06:59.539-0300] {processor.py:161} INFO - Started process (PID=34610) to work on /home/walterg/Documentos/Data_projects/Data-Warehouse-postgres-DBT-airflow-/.venv/lib/python3.11/site-packages/airflow/example_dags/tutorial.py
[2025-05-31T21:06:59.544-0300] {processor.py:830} INFO - Processing file /home/walterg/Documentos/Data_projects/Data-Warehouse-postgres-DBT-airflow-/.venv/lib/python3.11/site-packages/airflow/example_dags/tutorial.py for tasks to queue
[2025-05-31T21:06:59.545-0300] {logging_mixin.py:188} INFO - [2025-05-31T21:06:59.544-0300] {dagbag.py:538} INFO - Filling up the DagBag from /home/walterg/Documentos/Data_projects/Data-Warehouse-postgres-DBT-airflow-/.venv/lib/python3.11/site-packages/airflow/example_dags/tutorial.py
[2025-05-31T21:06:59.550-0300] {processor.py:840} INFO - DAG(s) 'tutorial' retrieved from /home/walterg/Documentos/Data_projects/Data-Warehouse-postgres-DBT-airflow-/.venv/lib/python3.11/site-packages/airflow/example_dags/tutorial.py
[2025-05-31T21:06:59.563-0300] {logging_mixin.py:188} INFO - [2025-05-31T21:06:59.562-0300] {dag.py:3036} INFO - Sync 1 DAGs
[2025-05-31T21:06:59.575-0300] {logging_mixin.py:188} INFO - [2025-05-31T21:06:59.575-0300] {dag.py:3823} INFO - Setting next_dagrun for tutorial to 2025-05-31 00:00:00+00:00, run_after=2025-06-01 00:00:00+00:00
[2025-05-31T21:06:59.592-0300] {processor.py:183} INFO - Processing /home/walterg/Documentos/Data_projects/Data-Warehouse-postgres-DBT-airflow-/.venv/lib/python3.11/site-packages/airflow/example_dags/tutorial.py took 0.055 seconds
[2025-05-31T21:07:43.841-0300] {processor.py:161} INFO - Started process (PID=34843) to work on /home/walterg/Documentos/Data_projects/Data-Warehouse-postgres-DBT-airflow-/.venv/lib/python3.11/site-packages/airflow/example_dags/tutorial.py
[2025-05-31T21:07:43.842-0300] {processor.py:830} INFO - Processing file /home/walterg/Documentos/Data_projects/Data-Warehouse-postgres-DBT-airflow-/.venv/lib/python3.11/site-packages/airflow/example_dags/tutorial.py for tasks to queue
[2025-05-31T21:07:43.843-0300] {logging_mixin.py:188} INFO - [2025-05-31T21:07:43.842-0300] {dagbag.py:538} INFO - Filling up the DagBag from /home/walterg/Documentos/Data_projects/Data-Warehouse-postgres-DBT-airflow-/.venv/lib/python3.11/site-packages/airflow/example_dags/tutorial.py
[2025-05-31T21:07:43.848-0300] {processor.py:840} INFO - DAG(s) 'tutorial' retrieved from /home/walterg/Documentos/Data_projects/Data-Warehouse-postgres-DBT-airflow-/.venv/lib/python3.11/site-packages/airflow/example_dags/tutorial.py
[2025-05-31T21:07:43.860-0300] {logging_mixin.py:188} INFO - [2025-05-31T21:07:43.860-0300] {dag.py:3036} INFO - Sync 1 DAGs
[2025-05-31T21:07:43.874-0300] {logging_mixin.py:188} INFO - [2025-05-31T21:07:43.873-0300] {dag.py:3823} INFO - Setting next_dagrun for tutorial to 2025-05-31 00:00:00+00:00, run_after=2025-06-01 00:00:00+00:00
[2025-05-31T21:07:43.890-0300] {processor.py:183} INFO - Processing /home/walterg/Documentos/Data_projects/Data-Warehouse-postgres-DBT-airflow-/.venv/lib/python3.11/site-packages/airflow/example_dags/tutorial.py took 0.052 seconds
[2025-05-31T21:08:27.177-0300] {processor.py:161} INFO - Started process (PID=35126) to work on /home/walterg/Documentos/Data_projects/Data-Warehouse-postgres-DBT-airflow-/.venv/lib/python3.11/site-packages/airflow/example_dags/tutorial.py
[2025-05-31T21:08:27.178-0300] {processor.py:830} INFO - Processing file /home/walterg/Documentos/Data_projects/Data-Warehouse-postgres-DBT-airflow-/.venv/lib/python3.11/site-packages/airflow/example_dags/tutorial.py for tasks to queue
[2025-05-31T21:08:27.179-0300] {logging_mixin.py:188} INFO - [2025-05-31T21:08:27.178-0300] {dagbag.py:538} INFO - Filling up the DagBag from /home/walterg/Documentos/Data_projects/Data-Warehouse-postgres-DBT-airflow-/.venv/lib/python3.11/site-packages/airflow/example_dags/tutorial.py
[2025-05-31T21:08:27.184-0300] {processor.py:840} INFO - DAG(s) 'tutorial' retrieved from /home/walterg/Documentos/Data_projects/Data-Warehouse-postgres-DBT-airflow-/.venv/lib/python3.11/site-packages/airflow/example_dags/tutorial.py
[2025-05-31T21:08:27.196-0300] {logging_mixin.py:188} INFO - [2025-05-31T21:08:27.195-0300] {dag.py:3036} INFO - Sync 1 DAGs
[2025-05-31T21:08:27.209-0300] {logging_mixin.py:188} INFO - [2025-05-31T21:08:27.209-0300] {dag.py:3823} INFO - Setting next_dagrun for tutorial to 2025-05-31 00:00:00+00:00, run_after=2025-06-01 00:00:00+00:00
[2025-05-31T21:08:27.225-0300] {processor.py:183} INFO - Processing /home/walterg/Documentos/Data_projects/Data-Warehouse-postgres-DBT-airflow-/.venv/lib/python3.11/site-packages/airflow/example_dags/tutorial.py took 0.050 seconds
[2025-05-31T21:09:07.722-0300] {processor.py:161} INFO - Started process (PID=35345) to work on /home/walterg/Documentos/Data_projects/Data-Warehouse-postgres-DBT-airflow-/.venv/lib/python3.11/site-packages/airflow/example_dags/tutorial.py
[2025-05-31T21:09:07.728-0300] {processor.py:830} INFO - Processing file /home/walterg/Documentos/Data_projects/Data-Warehouse-postgres-DBT-airflow-/.venv/lib/python3.11/site-packages/airflow/example_dags/tutorial.py for tasks to queue
[2025-05-31T21:09:07.729-0300] {logging_mixin.py:188} INFO - [2025-05-31T21:09:07.728-0300] {dagbag.py:538} INFO - Filling up the DagBag from /home/walterg/Documentos/Data_projects/Data-Warehouse-postgres-DBT-airflow-/.venv/lib/python3.11/site-packages/airflow/example_dags/tutorial.py
[2025-05-31T21:09:07.734-0300] {processor.py:840} INFO - DAG(s) 'tutorial' retrieved from /home/walterg/Documentos/Data_projects/Data-Warehouse-postgres-DBT-airflow-/.venv/lib/python3.11/site-packages/airflow/example_dags/tutorial.py
[2025-05-31T21:09:07.746-0300] {logging_mixin.py:188} INFO - [2025-05-31T21:09:07.746-0300] {dag.py:3036} INFO - Sync 1 DAGs
[2025-05-31T21:09:07.759-0300] {logging_mixin.py:188} INFO - [2025-05-31T21:09:07.759-0300] {dag.py:3823} INFO - Setting next_dagrun for tutorial to 2025-05-31 00:00:00+00:00, run_after=2025-06-01 00:00:00+00:00
[2025-05-31T21:09:07.775-0300] {processor.py:183} INFO - Processing /home/walterg/Documentos/Data_projects/Data-Warehouse-postgres-DBT-airflow-/.venv/lib/python3.11/site-packages/airflow/example_dags/tutorial.py took 0.055 seconds
[2025-05-31T21:09:47.375-0300] {processor.py:161} INFO - Started process (PID=35498) to work on /home/walterg/Documentos/Data_projects/Data-Warehouse-postgres-DBT-airflow-/.venv/lib/python3.11/site-packages/airflow/example_dags/tutorial.py
[2025-05-31T21:09:47.380-0300] {processor.py:830} INFO - Processing file /home/walterg/Documentos/Data_projects/Data-Warehouse-postgres-DBT-airflow-/.venv/lib/python3.11/site-packages/airflow/example_dags/tutorial.py for tasks to queue
[2025-05-31T21:09:47.381-0300] {logging_mixin.py:188} INFO - [2025-05-31T21:09:47.381-0300] {dagbag.py:538} INFO - Filling up the DagBag from /home/walterg/Documentos/Data_projects/Data-Warehouse-postgres-DBT-airflow-/.venv/lib/python3.11/site-packages/airflow/example_dags/tutorial.py
[2025-05-31T21:09:47.387-0300] {processor.py:840} INFO - DAG(s) 'tutorial' retrieved from /home/walterg/Documentos/Data_projects/Data-Warehouse-postgres-DBT-airflow-/.venv/lib/python3.11/site-packages/airflow/example_dags/tutorial.py
[2025-05-31T21:09:47.399-0300] {logging_mixin.py:188} INFO - [2025-05-31T21:09:47.398-0300] {dag.py:3036} INFO - Sync 1 DAGs
[2025-05-31T21:09:47.412-0300] {logging_mixin.py:188} INFO - [2025-05-31T21:09:47.412-0300] {dag.py:3823} INFO - Setting next_dagrun for tutorial to 2025-05-31 00:00:00+00:00, run_after=2025-06-01 00:00:00+00:00
[2025-05-31T21:09:47.428-0300] {processor.py:183} INFO - Processing /home/walterg/Documentos/Data_projects/Data-Warehouse-postgres-DBT-airflow-/.venv/lib/python3.11/site-packages/airflow/example_dags/tutorial.py took 0.055 seconds
[2025-05-31T21:10:31.002-0300] {processor.py:161} INFO - Started process (PID=35774) to work on /home/walterg/Documentos/Data_projects/Data-Warehouse-postgres-DBT-airflow-/.venv/lib/python3.11/site-packages/airflow/example_dags/tutorial.py
[2025-05-31T21:10:31.007-0300] {processor.py:830} INFO - Processing file /home/walterg/Documentos/Data_projects/Data-Warehouse-postgres-DBT-airflow-/.venv/lib/python3.11/site-packages/airflow/example_dags/tutorial.py for tasks to queue
[2025-05-31T21:10:31.008-0300] {logging_mixin.py:188} INFO - [2025-05-31T21:10:31.008-0300] {dagbag.py:538} INFO - Filling up the DagBag from /home/walterg/Documentos/Data_projects/Data-Warehouse-postgres-DBT-airflow-/.venv/lib/python3.11/site-packages/airflow/example_dags/tutorial.py
[2025-05-31T21:10:31.014-0300] {processor.py:840} INFO - DAG(s) 'tutorial' retrieved from /home/walterg/Documentos/Data_projects/Data-Warehouse-postgres-DBT-airflow-/.venv/lib/python3.11/site-packages/airflow/example_dags/tutorial.py
[2025-05-31T21:10:31.025-0300] {logging_mixin.py:188} INFO - [2025-05-31T21:10:31.025-0300] {dag.py:3036} INFO - Sync 1 DAGs
[2025-05-31T21:10:31.038-0300] {logging_mixin.py:188} INFO - [2025-05-31T21:10:31.038-0300] {dag.py:3823} INFO - Setting next_dagrun for tutorial to 2025-05-31 00:00:00+00:00, run_after=2025-06-01 00:00:00+00:00
[2025-05-31T21:10:31.055-0300] {processor.py:183} INFO - Processing /home/walterg/Documentos/Data_projects/Data-Warehouse-postgres-DBT-airflow-/.venv/lib/python3.11/site-packages/airflow/example_dags/tutorial.py took 0.055 seconds
[2025-05-31T21:11:12.533-0300] {processor.py:161} INFO - Started process (PID=36003) to work on /home/walterg/Documentos/Data_projects/Data-Warehouse-postgres-DBT-airflow-/.venv/lib/python3.11/site-packages/airflow/example_dags/tutorial.py
[2025-05-31T21:11:12.538-0300] {processor.py:830} INFO - Processing file /home/walterg/Documentos/Data_projects/Data-Warehouse-postgres-DBT-airflow-/.venv/lib/python3.11/site-packages/airflow/example_dags/tutorial.py for tasks to queue
[2025-05-31T21:11:12.540-0300] {logging_mixin.py:188} INFO - [2025-05-31T21:11:12.539-0300] {dagbag.py:538} INFO - Filling up the DagBag from /home/walterg/Documentos/Data_projects/Data-Warehouse-postgres-DBT-airflow-/.venv/lib/python3.11/site-packages/airflow/example_dags/tutorial.py
[2025-05-31T21:11:12.546-0300] {processor.py:840} INFO - DAG(s) 'tutorial' retrieved from /home/walterg/Documentos/Data_projects/Data-Warehouse-postgres-DBT-airflow-/.venv/lib/python3.11/site-packages/airflow/example_dags/tutorial.py
[2025-05-31T21:11:12.558-0300] {logging_mixin.py:188} INFO - [2025-05-31T21:11:12.557-0300] {dag.py:3036} INFO - Sync 1 DAGs
[2025-05-31T21:11:12.571-0300] {logging_mixin.py:188} INFO - [2025-05-31T21:11:12.571-0300] {dag.py:3823} INFO - Setting next_dagrun for tutorial to 2025-05-31 00:00:00+00:00, run_after=2025-06-01 00:00:00+00:00
[2025-05-31T21:11:12.588-0300] {processor.py:183} INFO - Processing /home/walterg/Documentos/Data_projects/Data-Warehouse-postgres-DBT-airflow-/.venv/lib/python3.11/site-packages/airflow/example_dags/tutorial.py took 0.057 seconds
[2025-05-31T21:11:55.378-0300] {processor.py:161} INFO - Started process (PID=36157) to work on /home/walterg/Documentos/Data_projects/Data-Warehouse-postgres-DBT-airflow-/.venv/lib/python3.11/site-packages/airflow/example_dags/tutorial.py
[2025-05-31T21:11:55.383-0300] {processor.py:830} INFO - Processing file /home/walterg/Documentos/Data_projects/Data-Warehouse-postgres-DBT-airflow-/.venv/lib/python3.11/site-packages/airflow/example_dags/tutorial.py for tasks to queue
[2025-05-31T21:11:55.384-0300] {logging_mixin.py:188} INFO - [2025-05-31T21:11:55.383-0300] {dagbag.py:538} INFO - Filling up the DagBag from /home/walterg/Documentos/Data_projects/Data-Warehouse-postgres-DBT-airflow-/.venv/lib/python3.11/site-packages/airflow/example_dags/tutorial.py
[2025-05-31T21:11:55.389-0300] {processor.py:840} INFO - DAG(s) 'tutorial' retrieved from /home/walterg/Documentos/Data_projects/Data-Warehouse-postgres-DBT-airflow-/.venv/lib/python3.11/site-packages/airflow/example_dags/tutorial.py
[2025-05-31T21:11:55.402-0300] {logging_mixin.py:188} INFO - [2025-05-31T21:11:55.402-0300] {dag.py:3036} INFO - Sync 1 DAGs
[2025-05-31T21:11:55.415-0300] {logging_mixin.py:188} INFO - [2025-05-31T21:11:55.415-0300] {dag.py:3823} INFO - Setting next_dagrun for tutorial to 2025-05-31 00:00:00+00:00, run_after=2025-06-01 00:00:00+00:00
[2025-05-31T21:11:55.433-0300] {processor.py:183} INFO - Processing /home/walterg/Documentos/Data_projects/Data-Warehouse-postgres-DBT-airflow-/.venv/lib/python3.11/site-packages/airflow/example_dags/tutorial.py took 0.057 seconds
[2025-05-31T21:12:41.663-0300] {processor.py:161} INFO - Started process (PID=36378) to work on /home/walterg/Documentos/Data_projects/Data-Warehouse-postgres-DBT-airflow-/.venv/lib/python3.11/site-packages/airflow/example_dags/tutorial.py
[2025-05-31T21:12:41.669-0300] {processor.py:830} INFO - Processing file /home/walterg/Documentos/Data_projects/Data-Warehouse-postgres-DBT-airflow-/.venv/lib/python3.11/site-packages/airflow/example_dags/tutorial.py for tasks to queue
[2025-05-31T21:12:41.669-0300] {logging_mixin.py:188} INFO - [2025-05-31T21:12:41.669-0300] {dagbag.py:538} INFO - Filling up the DagBag from /home/walterg/Documentos/Data_projects/Data-Warehouse-postgres-DBT-airflow-/.venv/lib/python3.11/site-packages/airflow/example_dags/tutorial.py
[2025-05-31T21:12:41.675-0300] {processor.py:840} INFO - DAG(s) 'tutorial' retrieved from /home/walterg/Documentos/Data_projects/Data-Warehouse-postgres-DBT-airflow-/.venv/lib/python3.11/site-packages/airflow/example_dags/tutorial.py
[2025-05-31T21:12:41.687-0300] {logging_mixin.py:188} INFO - [2025-05-31T21:12:41.687-0300] {dag.py:3036} INFO - Sync 1 DAGs
[2025-05-31T21:12:41.700-0300] {logging_mixin.py:188} INFO - [2025-05-31T21:12:41.700-0300] {dag.py:3823} INFO - Setting next_dagrun for tutorial to 2025-05-31 00:00:00+00:00, run_after=2025-06-01 00:00:00+00:00
[2025-05-31T21:12:41.716-0300] {processor.py:183} INFO - Processing /home/walterg/Documentos/Data_projects/Data-Warehouse-postgres-DBT-airflow-/.venv/lib/python3.11/site-packages/airflow/example_dags/tutorial.py took 0.055 seconds
[2025-05-31T21:13:21.078-0300] {processor.py:161} INFO - Started process (PID=36546) to work on /home/walterg/Documentos/Data_projects/Data-Warehouse-postgres-DBT-airflow-/.venv/lib/python3.11/site-packages/airflow/example_dags/tutorial.py
[2025-05-31T21:13:21.079-0300] {processor.py:830} INFO - Processing file /home/walterg/Documentos/Data_projects/Data-Warehouse-postgres-DBT-airflow-/.venv/lib/python3.11/site-packages/airflow/example_dags/tutorial.py for tasks to queue
[2025-05-31T21:13:21.080-0300] {logging_mixin.py:188} INFO - [2025-05-31T21:13:21.079-0300] {dagbag.py:538} INFO - Filling up the DagBag from /home/walterg/Documentos/Data_projects/Data-Warehouse-postgres-DBT-airflow-/.venv/lib/python3.11/site-packages/airflow/example_dags/tutorial.py
[2025-05-31T21:13:21.086-0300] {processor.py:840} INFO - DAG(s) 'tutorial' retrieved from /home/walterg/Documentos/Data_projects/Data-Warehouse-postgres-DBT-airflow-/.venv/lib/python3.11/site-packages/airflow/example_dags/tutorial.py
[2025-05-31T21:13:21.099-0300] {logging_mixin.py:188} INFO - [2025-05-31T21:13:21.099-0300] {dag.py:3036} INFO - Sync 1 DAGs
[2025-05-31T21:13:21.114-0300] {logging_mixin.py:188} INFO - [2025-05-31T21:13:21.114-0300] {dag.py:3823} INFO - Setting next_dagrun for tutorial to 2025-05-31 00:00:00+00:00, run_after=2025-06-01 00:00:00+00:00
[2025-05-31T21:13:21.133-0300] {processor.py:183} INFO - Processing /home/walterg/Documentos/Data_projects/Data-Warehouse-postgres-DBT-airflow-/.venv/lib/python3.11/site-packages/airflow/example_dags/tutorial.py took 0.059 seconds
[2025-05-31T21:14:08.668-0300] {processor.py:161} INFO - Started process (PID=36803) to work on /home/walterg/Documentos/Data_projects/Data-Warehouse-postgres-DBT-airflow-/.venv/lib/python3.11/site-packages/airflow/example_dags/tutorial.py
[2025-05-31T21:14:08.675-0300] {processor.py:830} INFO - Processing file /home/walterg/Documentos/Data_projects/Data-Warehouse-postgres-DBT-airflow-/.venv/lib/python3.11/site-packages/airflow/example_dags/tutorial.py for tasks to queue
[2025-05-31T21:14:08.676-0300] {logging_mixin.py:188} INFO - [2025-05-31T21:14:08.676-0300] {dagbag.py:538} INFO - Filling up the DagBag from /home/walterg/Documentos/Data_projects/Data-Warehouse-postgres-DBT-airflow-/.venv/lib/python3.11/site-packages/airflow/example_dags/tutorial.py
[2025-05-31T21:14:08.683-0300] {processor.py:840} INFO - DAG(s) 'tutorial' retrieved from /home/walterg/Documentos/Data_projects/Data-Warehouse-postgres-DBT-airflow-/.venv/lib/python3.11/site-packages/airflow/example_dags/tutorial.py
[2025-05-31T21:14:08.696-0300] {logging_mixin.py:188} INFO - [2025-05-31T21:14:08.696-0300] {dag.py:3036} INFO - Sync 1 DAGs
[2025-05-31T21:14:08.709-0300] {logging_mixin.py:188} INFO - [2025-05-31T21:14:08.709-0300] {dag.py:3823} INFO - Setting next_dagrun for tutorial to 2025-05-31 00:00:00+00:00, run_after=2025-06-01 00:00:00+00:00
[2025-05-31T21:14:08.730-0300] {processor.py:183} INFO - Processing /home/walterg/Documentos/Data_projects/Data-Warehouse-postgres-DBT-airflow-/.venv/lib/python3.11/site-packages/airflow/example_dags/tutorial.py took 0.064 seconds
[2025-05-31T21:14:49.696-0300] {processor.py:161} INFO - Started process (PID=36933) to work on /home/walterg/Documentos/Data_projects/Data-Warehouse-postgres-DBT-airflow-/.venv/lib/python3.11/site-packages/airflow/example_dags/tutorial.py
[2025-05-31T21:14:49.697-0300] {processor.py:830} INFO - Processing file /home/walterg/Documentos/Data_projects/Data-Warehouse-postgres-DBT-airflow-/.venv/lib/python3.11/site-packages/airflow/example_dags/tutorial.py for tasks to queue
[2025-05-31T21:14:49.698-0300] {logging_mixin.py:188} INFO - [2025-05-31T21:14:49.698-0300] {dagbag.py:538} INFO - Filling up the DagBag from /home/walterg/Documentos/Data_projects/Data-Warehouse-postgres-DBT-airflow-/.venv/lib/python3.11/site-packages/airflow/example_dags/tutorial.py
[2025-05-31T21:14:49.703-0300] {processor.py:840} INFO - DAG(s) 'tutorial' retrieved from /home/walterg/Documentos/Data_projects/Data-Warehouse-postgres-DBT-airflow-/.venv/lib/python3.11/site-packages/airflow/example_dags/tutorial.py
[2025-05-31T21:14:49.715-0300] {logging_mixin.py:188} INFO - [2025-05-31T21:14:49.715-0300] {dag.py:3036} INFO - Sync 1 DAGs
[2025-05-31T21:14:49.729-0300] {logging_mixin.py:188} INFO - [2025-05-31T21:14:49.728-0300] {dag.py:3823} INFO - Setting next_dagrun for tutorial to 2025-05-31 00:00:00+00:00, run_after=2025-06-01 00:00:00+00:00
[2025-05-31T21:14:49.746-0300] {processor.py:183} INFO - Processing /home/walterg/Documentos/Data_projects/Data-Warehouse-postgres-DBT-airflow-/.venv/lib/python3.11/site-packages/airflow/example_dags/tutorial.py took 0.053 seconds
[2025-05-31T21:15:27.174-0300] {processor.py:161} INFO - Started process (PID=37257) to work on /home/walterg/Documentos/Data_projects/Data-Warehouse-postgres-DBT-airflow-/.venv/lib/python3.11/site-packages/airflow/example_dags/tutorial.py
[2025-05-31T21:15:27.179-0300] {processor.py:830} INFO - Processing file /home/walterg/Documentos/Data_projects/Data-Warehouse-postgres-DBT-airflow-/.venv/lib/python3.11/site-packages/airflow/example_dags/tutorial.py for tasks to queue
[2025-05-31T21:15:27.180-0300] {logging_mixin.py:188} INFO - [2025-05-31T21:15:27.179-0300] {dagbag.py:538} INFO - Filling up the DagBag from /home/walterg/Documentos/Data_projects/Data-Warehouse-postgres-DBT-airflow-/.venv/lib/python3.11/site-packages/airflow/example_dags/tutorial.py
[2025-05-31T21:15:27.186-0300] {processor.py:840} INFO - DAG(s) 'tutorial' retrieved from /home/walterg/Documentos/Data_projects/Data-Warehouse-postgres-DBT-airflow-/.venv/lib/python3.11/site-packages/airflow/example_dags/tutorial.py
[2025-05-31T21:15:27.198-0300] {logging_mixin.py:188} INFO - [2025-05-31T21:15:27.198-0300] {dag.py:3036} INFO - Sync 1 DAGs
[2025-05-31T21:15:27.216-0300] {logging_mixin.py:188} INFO - [2025-05-31T21:15:27.216-0300] {dag.py:3823} INFO - Setting next_dagrun for tutorial to 2025-05-31 00:00:00+00:00, run_after=2025-06-01 00:00:00+00:00
[2025-05-31T21:15:27.234-0300] {processor.py:183} INFO - Processing /home/walterg/Documentos/Data_projects/Data-Warehouse-postgres-DBT-airflow-/.venv/lib/python3.11/site-packages/airflow/example_dags/tutorial.py took 0.063 seconds
[2025-05-31T21:16:09.990-0300] {processor.py:161} INFO - Started process (PID=37475) to work on /home/walterg/Documentos/Data_projects/Data-Warehouse-postgres-DBT-airflow-/.venv/lib/python3.11/site-packages/airflow/example_dags/tutorial.py
[2025-05-31T21:16:09.995-0300] {processor.py:830} INFO - Processing file /home/walterg/Documentos/Data_projects/Data-Warehouse-postgres-DBT-airflow-/.venv/lib/python3.11/site-packages/airflow/example_dags/tutorial.py for tasks to queue
[2025-05-31T21:16:09.997-0300] {logging_mixin.py:188} INFO - [2025-05-31T21:16:09.996-0300] {dagbag.py:538} INFO - Filling up the DagBag from /home/walterg/Documentos/Data_projects/Data-Warehouse-postgres-DBT-airflow-/.venv/lib/python3.11/site-packages/airflow/example_dags/tutorial.py
[2025-05-31T21:16:10.003-0300] {processor.py:840} INFO - DAG(s) 'tutorial' retrieved from /home/walterg/Documentos/Data_projects/Data-Warehouse-postgres-DBT-airflow-/.venv/lib/python3.11/site-packages/airflow/example_dags/tutorial.py
[2025-05-31T21:16:10.014-0300] {logging_mixin.py:188} INFO - [2025-05-31T21:16:10.014-0300] {dag.py:3036} INFO - Sync 1 DAGs
[2025-05-31T21:16:10.027-0300] {logging_mixin.py:188} INFO - [2025-05-31T21:16:10.027-0300] {dag.py:3823} INFO - Setting next_dagrun for tutorial to 2025-05-31 00:00:00+00:00, run_after=2025-06-01 00:00:00+00:00
[2025-05-31T21:16:10.043-0300] {processor.py:183} INFO - Processing /home/walterg/Documentos/Data_projects/Data-Warehouse-postgres-DBT-airflow-/.venv/lib/python3.11/site-packages/airflow/example_dags/tutorial.py took 0.056 seconds
[2025-05-31T21:16:49.402-0300] {processor.py:161} INFO - Started process (PID=37674) to work on /home/walterg/Documentos/Data_projects/Data-Warehouse-postgres-DBT-airflow-/.venv/lib/python3.11/site-packages/airflow/example_dags/tutorial.py
[2025-05-31T21:16:49.407-0300] {processor.py:830} INFO - Processing file /home/walterg/Documentos/Data_projects/Data-Warehouse-postgres-DBT-airflow-/.venv/lib/python3.11/site-packages/airflow/example_dags/tutorial.py for tasks to queue
[2025-05-31T21:16:49.409-0300] {logging_mixin.py:188} INFO - [2025-05-31T21:16:49.408-0300] {dagbag.py:538} INFO - Filling up the DagBag from /home/walterg/Documentos/Data_projects/Data-Warehouse-postgres-DBT-airflow-/.venv/lib/python3.11/site-packages/airflow/example_dags/tutorial.py
[2025-05-31T21:16:49.414-0300] {processor.py:840} INFO - DAG(s) 'tutorial' retrieved from /home/walterg/Documentos/Data_projects/Data-Warehouse-postgres-DBT-airflow-/.venv/lib/python3.11/site-packages/airflow/example_dags/tutorial.py
[2025-05-31T21:16:49.428-0300] {logging_mixin.py:188} INFO - [2025-05-31T21:16:49.428-0300] {dag.py:3036} INFO - Sync 1 DAGs
[2025-05-31T21:16:49.443-0300] {logging_mixin.py:188} INFO - [2025-05-31T21:16:49.443-0300] {dag.py:3823} INFO - Setting next_dagrun for tutorial to 2025-05-31 00:00:00+00:00, run_after=2025-06-01 00:00:00+00:00
[2025-05-31T21:16:49.463-0300] {processor.py:183} INFO - Processing /home/walterg/Documentos/Data_projects/Data-Warehouse-postgres-DBT-airflow-/.venv/lib/python3.11/site-packages/airflow/example_dags/tutorial.py took 0.063 seconds
[2025-05-31T21:17:33.779-0300] {processor.py:161} INFO - Started process (PID=37881) to work on /home/walterg/Documentos/Data_projects/Data-Warehouse-postgres-DBT-airflow-/.venv/lib/python3.11/site-packages/airflow/example_dags/tutorial.py
[2025-05-31T21:17:33.784-0300] {processor.py:830} INFO - Processing file /home/walterg/Documentos/Data_projects/Data-Warehouse-postgres-DBT-airflow-/.venv/lib/python3.11/site-packages/airflow/example_dags/tutorial.py for tasks to queue
[2025-05-31T21:17:33.785-0300] {logging_mixin.py:188} INFO - [2025-05-31T21:17:33.784-0300] {dagbag.py:538} INFO - Filling up the DagBag from /home/walterg/Documentos/Data_projects/Data-Warehouse-postgres-DBT-airflow-/.venv/lib/python3.11/site-packages/airflow/example_dags/tutorial.py
[2025-05-31T21:17:33.791-0300] {processor.py:840} INFO - DAG(s) 'tutorial' retrieved from /home/walterg/Documentos/Data_projects/Data-Warehouse-postgres-DBT-airflow-/.venv/lib/python3.11/site-packages/airflow/example_dags/tutorial.py
[2025-05-31T21:17:33.803-0300] {logging_mixin.py:188} INFO - [2025-05-31T21:17:33.802-0300] {dag.py:3036} INFO - Sync 1 DAGs
[2025-05-31T21:17:33.815-0300] {logging_mixin.py:188} INFO - [2025-05-31T21:17:33.815-0300] {dag.py:3823} INFO - Setting next_dagrun for tutorial to 2025-05-31 00:00:00+00:00, run_after=2025-06-01 00:00:00+00:00
[2025-05-31T21:17:33.832-0300] {processor.py:183} INFO - Processing /home/walterg/Documentos/Data_projects/Data-Warehouse-postgres-DBT-airflow-/.venv/lib/python3.11/site-packages/airflow/example_dags/tutorial.py took 0.056 seconds
[2025-05-31T21:18:19.576-0300] {processor.py:161} INFO - Started process (PID=38081) to work on /home/walterg/Documentos/Data_projects/Data-Warehouse-postgres-DBT-airflow-/.venv/lib/python3.11/site-packages/airflow/example_dags/tutorial.py
[2025-05-31T21:18:19.581-0300] {processor.py:830} INFO - Processing file /home/walterg/Documentos/Data_projects/Data-Warehouse-postgres-DBT-airflow-/.venv/lib/python3.11/site-packages/airflow/example_dags/tutorial.py for tasks to queue
[2025-05-31T21:18:19.582-0300] {logging_mixin.py:188} INFO - [2025-05-31T21:18:19.582-0300] {dagbag.py:538} INFO - Filling up the DagBag from /home/walterg/Documentos/Data_projects/Data-Warehouse-postgres-DBT-airflow-/.venv/lib/python3.11/site-packages/airflow/example_dags/tutorial.py
[2025-05-31T21:18:19.588-0300] {processor.py:840} INFO - DAG(s) 'tutorial' retrieved from /home/walterg/Documentos/Data_projects/Data-Warehouse-postgres-DBT-airflow-/.venv/lib/python3.11/site-packages/airflow/example_dags/tutorial.py
[2025-05-31T21:18:19.600-0300] {logging_mixin.py:188} INFO - [2025-05-31T21:18:19.600-0300] {dag.py:3036} INFO - Sync 1 DAGs
[2025-05-31T21:18:19.715-0300] {logging_mixin.py:188} INFO - [2025-05-31T21:18:19.714-0300] {dag.py:3823} INFO - Setting next_dagrun for tutorial to 2025-05-31 00:00:00+00:00, run_after=2025-06-01 00:00:00+00:00
[2025-05-31T21:18:19.734-0300] {processor.py:183} INFO - Processing /home/walterg/Documentos/Data_projects/Data-Warehouse-postgres-DBT-airflow-/.venv/lib/python3.11/site-packages/airflow/example_dags/tutorial.py took 0.161 seconds
[2025-05-31T21:19:01.422-0300] {processor.py:161} INFO - Started process (PID=38196) to work on /home/walterg/Documentos/Data_projects/Data-Warehouse-postgres-DBT-airflow-/.venv/lib/python3.11/site-packages/airflow/example_dags/tutorial.py
[2025-05-31T21:19:01.427-0300] {processor.py:830} INFO - Processing file /home/walterg/Documentos/Data_projects/Data-Warehouse-postgres-DBT-airflow-/.venv/lib/python3.11/site-packages/airflow/example_dags/tutorial.py for tasks to queue
[2025-05-31T21:19:01.429-0300] {logging_mixin.py:188} INFO - [2025-05-31T21:19:01.428-0300] {dagbag.py:538} INFO - Filling up the DagBag from /home/walterg/Documentos/Data_projects/Data-Warehouse-postgres-DBT-airflow-/.venv/lib/python3.11/site-packages/airflow/example_dags/tutorial.py
[2025-05-31T21:19:01.435-0300] {processor.py:840} INFO - DAG(s) 'tutorial' retrieved from /home/walterg/Documentos/Data_projects/Data-Warehouse-postgres-DBT-airflow-/.venv/lib/python3.11/site-packages/airflow/example_dags/tutorial.py
[2025-05-31T21:19:01.447-0300] {logging_mixin.py:188} INFO - [2025-05-31T21:19:01.447-0300] {dag.py:3036} INFO - Sync 1 DAGs
[2025-05-31T21:19:01.460-0300] {logging_mixin.py:188} INFO - [2025-05-31T21:19:01.459-0300] {dag.py:3823} INFO - Setting next_dagrun for tutorial to 2025-05-31 00:00:00+00:00, run_after=2025-06-01 00:00:00+00:00
[2025-05-31T21:19:01.475-0300] {processor.py:183} INFO - Processing /home/walterg/Documentos/Data_projects/Data-Warehouse-postgres-DBT-airflow-/.venv/lib/python3.11/site-packages/airflow/example_dags/tutorial.py took 0.056 seconds
[2025-05-31T21:19:45.996-0300] {processor.py:161} INFO - Started process (PID=38427) to work on /home/walterg/Documentos/Data_projects/Data-Warehouse-postgres-DBT-airflow-/.venv/lib/python3.11/site-packages/airflow/example_dags/tutorial.py
[2025-05-31T21:19:46.001-0300] {processor.py:830} INFO - Processing file /home/walterg/Documentos/Data_projects/Data-Warehouse-postgres-DBT-airflow-/.venv/lib/python3.11/site-packages/airflow/example_dags/tutorial.py for tasks to queue
[2025-05-31T21:19:46.001-0300] {logging_mixin.py:188} INFO - [2025-05-31T21:19:46.001-0300] {dagbag.py:538} INFO - Filling up the DagBag from /home/walterg/Documentos/Data_projects/Data-Warehouse-postgres-DBT-airflow-/.venv/lib/python3.11/site-packages/airflow/example_dags/tutorial.py
[2025-05-31T21:19:46.007-0300] {processor.py:840} INFO - DAG(s) 'tutorial' retrieved from /home/walterg/Documentos/Data_projects/Data-Warehouse-postgres-DBT-airflow-/.venv/lib/python3.11/site-packages/airflow/example_dags/tutorial.py
[2025-05-31T21:19:46.019-0300] {logging_mixin.py:188} INFO - [2025-05-31T21:19:46.019-0300] {dag.py:3036} INFO - Sync 1 DAGs
[2025-05-31T21:19:46.128-0300] {logging_mixin.py:188} INFO - [2025-05-31T21:19:46.128-0300] {dag.py:3823} INFO - Setting next_dagrun for tutorial to 2025-05-31 00:00:00+00:00, run_after=2025-06-01 00:00:00+00:00
[2025-05-31T21:19:46.145-0300] {processor.py:183} INFO - Processing /home/walterg/Documentos/Data_projects/Data-Warehouse-postgres-DBT-airflow-/.venv/lib/python3.11/site-packages/airflow/example_dags/tutorial.py took 0.152 seconds
[2025-05-31T21:20:27.066-0300] {processor.py:161} INFO - Started process (PID=38596) to work on /home/walterg/Documentos/Data_projects/Data-Warehouse-postgres-DBT-airflow-/.venv/lib/python3.11/site-packages/airflow/example_dags/tutorial.py
[2025-05-31T21:20:27.067-0300] {processor.py:830} INFO - Processing file /home/walterg/Documentos/Data_projects/Data-Warehouse-postgres-DBT-airflow-/.venv/lib/python3.11/site-packages/airflow/example_dags/tutorial.py for tasks to queue
[2025-05-31T21:20:27.067-0300] {logging_mixin.py:188} INFO - [2025-05-31T21:20:27.067-0300] {dagbag.py:538} INFO - Filling up the DagBag from /home/walterg/Documentos/Data_projects/Data-Warehouse-postgres-DBT-airflow-/.venv/lib/python3.11/site-packages/airflow/example_dags/tutorial.py
[2025-05-31T21:20:27.073-0300] {processor.py:840} INFO - DAG(s) 'tutorial' retrieved from /home/walterg/Documentos/Data_projects/Data-Warehouse-postgres-DBT-airflow-/.venv/lib/python3.11/site-packages/airflow/example_dags/tutorial.py
[2025-05-31T21:20:27.085-0300] {logging_mixin.py:188} INFO - [2025-05-31T21:20:27.085-0300] {dag.py:3036} INFO - Sync 1 DAGs
[2025-05-31T21:20:27.097-0300] {logging_mixin.py:188} INFO - [2025-05-31T21:20:27.097-0300] {dag.py:3823} INFO - Setting next_dagrun for tutorial to 2025-05-31 00:00:00+00:00, run_after=2025-06-01 00:00:00+00:00
[2025-05-31T21:20:27.114-0300] {processor.py:183} INFO - Processing /home/walterg/Documentos/Data_projects/Data-Warehouse-postgres-DBT-airflow-/.venv/lib/python3.11/site-packages/airflow/example_dags/tutorial.py took 0.051 seconds
[2025-05-31T21:21:07.508-0300] {processor.py:161} INFO - Started process (PID=38771) to work on /home/walterg/Documentos/Data_projects/Data-Warehouse-postgres-DBT-airflow-/.venv/lib/python3.11/site-packages/airflow/example_dags/tutorial.py
[2025-05-31T21:21:07.510-0300] {processor.py:830} INFO - Processing file /home/walterg/Documentos/Data_projects/Data-Warehouse-postgres-DBT-airflow-/.venv/lib/python3.11/site-packages/airflow/example_dags/tutorial.py for tasks to queue
[2025-05-31T21:21:07.511-0300] {logging_mixin.py:188} INFO - [2025-05-31T21:21:07.510-0300] {dagbag.py:538} INFO - Filling up the DagBag from /home/walterg/Documentos/Data_projects/Data-Warehouse-postgres-DBT-airflow-/.venv/lib/python3.11/site-packages/airflow/example_dags/tutorial.py
[2025-05-31T21:21:07.520-0300] {processor.py:840} INFO - DAG(s) 'tutorial' retrieved from /home/walterg/Documentos/Data_projects/Data-Warehouse-postgres-DBT-airflow-/.venv/lib/python3.11/site-packages/airflow/example_dags/tutorial.py
[2025-05-31T21:21:07.532-0300] {logging_mixin.py:188} INFO - [2025-05-31T21:21:07.531-0300] {dag.py:3036} INFO - Sync 1 DAGs
[2025-05-31T21:21:07.650-0300] {logging_mixin.py:188} INFO - [2025-05-31T21:21:07.650-0300] {dag.py:3823} INFO - Setting next_dagrun for tutorial to 2025-05-31 00:00:00+00:00, run_after=2025-06-01 00:00:00+00:00
[2025-05-31T21:21:07.672-0300] {processor.py:183} INFO - Processing /home/walterg/Documentos/Data_projects/Data-Warehouse-postgres-DBT-airflow-/.venv/lib/python3.11/site-packages/airflow/example_dags/tutorial.py took 0.166 seconds
[2025-05-31T21:21:49.292-0300] {processor.py:161} INFO - Started process (PID=38981) to work on /home/walterg/Documentos/Data_projects/Data-Warehouse-postgres-DBT-airflow-/.venv/lib/python3.11/site-packages/airflow/example_dags/tutorial.py
[2025-05-31T21:21:49.297-0300] {processor.py:830} INFO - Processing file /home/walterg/Documentos/Data_projects/Data-Warehouse-postgres-DBT-airflow-/.venv/lib/python3.11/site-packages/airflow/example_dags/tutorial.py for tasks to queue
[2025-05-31T21:21:49.298-0300] {logging_mixin.py:188} INFO - [2025-05-31T21:21:49.298-0300] {dagbag.py:538} INFO - Filling up the DagBag from /home/walterg/Documentos/Data_projects/Data-Warehouse-postgres-DBT-airflow-/.venv/lib/python3.11/site-packages/airflow/example_dags/tutorial.py
[2025-05-31T21:21:49.304-0300] {processor.py:840} INFO - DAG(s) 'tutorial' retrieved from /home/walterg/Documentos/Data_projects/Data-Warehouse-postgres-DBT-airflow-/.venv/lib/python3.11/site-packages/airflow/example_dags/tutorial.py
[2025-05-31T21:21:49.320-0300] {logging_mixin.py:188} INFO - [2025-05-31T21:21:49.320-0300] {dag.py:3036} INFO - Sync 1 DAGs
[2025-05-31T21:21:49.333-0300] {logging_mixin.py:188} INFO - [2025-05-31T21:21:49.333-0300] {dag.py:3823} INFO - Setting next_dagrun for tutorial to 2025-05-31 00:00:00+00:00, run_after=2025-06-01 00:00:00+00:00
[2025-05-31T21:21:49.350-0300] {processor.py:183} INFO - Processing /home/walterg/Documentos/Data_projects/Data-Warehouse-postgres-DBT-airflow-/.venv/lib/python3.11/site-packages/airflow/example_dags/tutorial.py took 0.060 seconds
[2025-05-31T21:22:29.629-0300] {processor.py:161} INFO - Started process (PID=39283) to work on /home/walterg/Documentos/Data_projects/Data-Warehouse-postgres-DBT-airflow-/.venv/lib/python3.11/site-packages/airflow/example_dags/tutorial.py
[2025-05-31T21:22:29.634-0300] {processor.py:830} INFO - Processing file /home/walterg/Documentos/Data_projects/Data-Warehouse-postgres-DBT-airflow-/.venv/lib/python3.11/site-packages/airflow/example_dags/tutorial.py for tasks to queue
[2025-05-31T21:22:29.635-0300] {logging_mixin.py:188} INFO - [2025-05-31T21:22:29.635-0300] {dagbag.py:538} INFO - Filling up the DagBag from /home/walterg/Documentos/Data_projects/Data-Warehouse-postgres-DBT-airflow-/.venv/lib/python3.11/site-packages/airflow/example_dags/tutorial.py
[2025-05-31T21:22:29.641-0300] {processor.py:840} INFO - DAG(s) 'tutorial' retrieved from /home/walterg/Documentos/Data_projects/Data-Warehouse-postgres-DBT-airflow-/.venv/lib/python3.11/site-packages/airflow/example_dags/tutorial.py
[2025-05-31T21:22:29.653-0300] {logging_mixin.py:188} INFO - [2025-05-31T21:22:29.652-0300] {dag.py:3036} INFO - Sync 1 DAGs
[2025-05-31T21:22:29.763-0300] {logging_mixin.py:188} INFO - [2025-05-31T21:22:29.762-0300] {dag.py:3823} INFO - Setting next_dagrun for tutorial to 2025-05-31 00:00:00+00:00, run_after=2025-06-01 00:00:00+00:00
[2025-05-31T21:22:29.782-0300] {processor.py:183} INFO - Processing /home/walterg/Documentos/Data_projects/Data-Warehouse-postgres-DBT-airflow-/.venv/lib/python3.11/site-packages/airflow/example_dags/tutorial.py took 0.156 seconds
[2025-05-31T21:23:15.676-0300] {processor.py:161} INFO - Started process (PID=39516) to work on /home/walterg/Documentos/Data_projects/Data-Warehouse-postgres-DBT-airflow-/.venv/lib/python3.11/site-packages/airflow/example_dags/tutorial.py
[2025-05-31T21:23:15.682-0300] {processor.py:830} INFO - Processing file /home/walterg/Documentos/Data_projects/Data-Warehouse-postgres-DBT-airflow-/.venv/lib/python3.11/site-packages/airflow/example_dags/tutorial.py for tasks to queue
[2025-05-31T21:23:15.682-0300] {logging_mixin.py:188} INFO - [2025-05-31T21:23:15.682-0300] {dagbag.py:538} INFO - Filling up the DagBag from /home/walterg/Documentos/Data_projects/Data-Warehouse-postgres-DBT-airflow-/.venv/lib/python3.11/site-packages/airflow/example_dags/tutorial.py
[2025-05-31T21:23:15.688-0300] {processor.py:840} INFO - DAG(s) 'tutorial' retrieved from /home/walterg/Documentos/Data_projects/Data-Warehouse-postgres-DBT-airflow-/.venv/lib/python3.11/site-packages/airflow/example_dags/tutorial.py
[2025-05-31T21:23:15.700-0300] {logging_mixin.py:188} INFO - [2025-05-31T21:23:15.700-0300] {dag.py:3036} INFO - Sync 1 DAGs
[2025-05-31T21:23:15.715-0300] {logging_mixin.py:188} INFO - [2025-05-31T21:23:15.715-0300] {dag.py:3823} INFO - Setting next_dagrun for tutorial to 2025-05-31 00:00:00+00:00, run_after=2025-06-01 00:00:00+00:00
[2025-05-31T21:23:15.736-0300] {processor.py:183} INFO - Processing /home/walterg/Documentos/Data_projects/Data-Warehouse-postgres-DBT-airflow-/.venv/lib/python3.11/site-packages/airflow/example_dags/tutorial.py took 0.062 seconds
[2025-05-31T21:24:00.659-0300] {processor.py:161} INFO - Started process (PID=39613) to work on /home/walterg/Documentos/Data_projects/Data-Warehouse-postgres-DBT-airflow-/.venv/lib/python3.11/site-packages/airflow/example_dags/tutorial.py
[2025-05-31T21:24:00.665-0300] {processor.py:830} INFO - Processing file /home/walterg/Documentos/Data_projects/Data-Warehouse-postgres-DBT-airflow-/.venv/lib/python3.11/site-packages/airflow/example_dags/tutorial.py for tasks to queue
[2025-05-31T21:24:00.666-0300] {logging_mixin.py:188} INFO - [2025-05-31T21:24:00.666-0300] {dagbag.py:538} INFO - Filling up the DagBag from /home/walterg/Documentos/Data_projects/Data-Warehouse-postgres-DBT-airflow-/.venv/lib/python3.11/site-packages/airflow/example_dags/tutorial.py
[2025-05-31T21:24:00.672-0300] {processor.py:840} INFO - DAG(s) 'tutorial' retrieved from /home/walterg/Documentos/Data_projects/Data-Warehouse-postgres-DBT-airflow-/.venv/lib/python3.11/site-packages/airflow/example_dags/tutorial.py
[2025-05-31T21:24:00.684-0300] {logging_mixin.py:188} INFO - [2025-05-31T21:24:00.684-0300] {dag.py:3036} INFO - Sync 1 DAGs
[2025-05-31T21:24:00.793-0300] {logging_mixin.py:188} INFO - [2025-05-31T21:24:00.793-0300] {dag.py:3823} INFO - Setting next_dagrun for tutorial to 2025-05-31 00:00:00+00:00, run_after=2025-06-01 00:00:00+00:00
[2025-05-31T21:24:00.809-0300] {processor.py:183} INFO - Processing /home/walterg/Documentos/Data_projects/Data-Warehouse-postgres-DBT-airflow-/.venv/lib/python3.11/site-packages/airflow/example_dags/tutorial.py took 0.152 seconds
[2025-05-31T21:24:51.813-0300] {processor.py:161} INFO - Started process (PID=39839) to work on /home/walterg/Documentos/Data_projects/Data-Warehouse-postgres-DBT-airflow-/.venv/lib/python3.11/site-packages/airflow/example_dags/tutorial.py
[2025-05-31T21:24:51.819-0300] {processor.py:830} INFO - Processing file /home/walterg/Documentos/Data_projects/Data-Warehouse-postgres-DBT-airflow-/.venv/lib/python3.11/site-packages/airflow/example_dags/tutorial.py for tasks to queue
[2025-05-31T21:24:51.820-0300] {logging_mixin.py:188} INFO - [2025-05-31T21:24:51.819-0300] {dagbag.py:538} INFO - Filling up the DagBag from /home/walterg/Documentos/Data_projects/Data-Warehouse-postgres-DBT-airflow-/.venv/lib/python3.11/site-packages/airflow/example_dags/tutorial.py
[2025-05-31T21:24:51.826-0300] {processor.py:840} INFO - DAG(s) 'tutorial' retrieved from /home/walterg/Documentos/Data_projects/Data-Warehouse-postgres-DBT-airflow-/.venv/lib/python3.11/site-packages/airflow/example_dags/tutorial.py
[2025-05-31T21:24:51.838-0300] {logging_mixin.py:188} INFO - [2025-05-31T21:24:51.837-0300] {dag.py:3036} INFO - Sync 1 DAGs
[2025-05-31T21:24:51.850-0300] {logging_mixin.py:188} INFO - [2025-05-31T21:24:51.850-0300] {dag.py:3823} INFO - Setting next_dagrun for tutorial to 2025-05-31 00:00:00+00:00, run_after=2025-06-01 00:00:00+00:00
[2025-05-31T21:24:51.868-0300] {processor.py:183} INFO - Processing /home/walterg/Documentos/Data_projects/Data-Warehouse-postgres-DBT-airflow-/.venv/lib/python3.11/site-packages/airflow/example_dags/tutorial.py took 0.057 seconds
[2025-05-31T21:25:37.857-0300] {processor.py:161} INFO - Started process (PID=40159) to work on /home/walterg/Documentos/Data_projects/Data-Warehouse-postgres-DBT-airflow-/.venv/lib/python3.11/site-packages/airflow/example_dags/tutorial.py
[2025-05-31T21:25:37.862-0300] {processor.py:830} INFO - Processing file /home/walterg/Documentos/Data_projects/Data-Warehouse-postgres-DBT-airflow-/.venv/lib/python3.11/site-packages/airflow/example_dags/tutorial.py for tasks to queue
[2025-05-31T21:25:37.864-0300] {logging_mixin.py:188} INFO - [2025-05-31T21:25:37.863-0300] {dagbag.py:538} INFO - Filling up the DagBag from /home/walterg/Documentos/Data_projects/Data-Warehouse-postgres-DBT-airflow-/.venv/lib/python3.11/site-packages/airflow/example_dags/tutorial.py
[2025-05-31T21:25:37.870-0300] {processor.py:840} INFO - DAG(s) 'tutorial' retrieved from /home/walterg/Documentos/Data_projects/Data-Warehouse-postgres-DBT-airflow-/.venv/lib/python3.11/site-packages/airflow/example_dags/tutorial.py
[2025-05-31T21:25:37.882-0300] {logging_mixin.py:188} INFO - [2025-05-31T21:25:37.881-0300] {dag.py:3036} INFO - Sync 1 DAGs
[2025-05-31T21:25:37.895-0300] {logging_mixin.py:188} INFO - [2025-05-31T21:25:37.895-0300] {dag.py:3823} INFO - Setting next_dagrun for tutorial to 2025-05-31 00:00:00+00:00, run_after=2025-06-01 00:00:00+00:00
[2025-05-31T21:25:37.913-0300] {processor.py:183} INFO - Processing /home/walterg/Documentos/Data_projects/Data-Warehouse-postgres-DBT-airflow-/.venv/lib/python3.11/site-packages/airflow/example_dags/tutorial.py took 0.059 seconds
[2025-05-31T21:26:17.129-0300] {processor.py:161} INFO - Started process (PID=40536) to work on /home/walterg/Documentos/Data_projects/Data-Warehouse-postgres-DBT-airflow-/.venv/lib/python3.11/site-packages/airflow/example_dags/tutorial.py
[2025-05-31T21:26:17.134-0300] {processor.py:830} INFO - Processing file /home/walterg/Documentos/Data_projects/Data-Warehouse-postgres-DBT-airflow-/.venv/lib/python3.11/site-packages/airflow/example_dags/tutorial.py for tasks to queue
[2025-05-31T21:26:17.135-0300] {logging_mixin.py:188} INFO - [2025-05-31T21:26:17.135-0300] {dagbag.py:538} INFO - Filling up the DagBag from /home/walterg/Documentos/Data_projects/Data-Warehouse-postgres-DBT-airflow-/.venv/lib/python3.11/site-packages/airflow/example_dags/tutorial.py
[2025-05-31T21:26:17.141-0300] {processor.py:840} INFO - DAG(s) 'tutorial' retrieved from /home/walterg/Documentos/Data_projects/Data-Warehouse-postgres-DBT-airflow-/.venv/lib/python3.11/site-packages/airflow/example_dags/tutorial.py
[2025-05-31T21:26:17.154-0300] {logging_mixin.py:188} INFO - [2025-05-31T21:26:17.154-0300] {dag.py:3036} INFO - Sync 1 DAGs
[2025-05-31T21:26:17.167-0300] {logging_mixin.py:188} INFO - [2025-05-31T21:26:17.167-0300] {dag.py:3823} INFO - Setting next_dagrun for tutorial to 2025-05-31 00:00:00+00:00, run_after=2025-06-01 00:00:00+00:00
[2025-05-31T21:26:17.184-0300] {processor.py:183} INFO - Processing /home/walterg/Documentos/Data_projects/Data-Warehouse-postgres-DBT-airflow-/.venv/lib/python3.11/site-packages/airflow/example_dags/tutorial.py took 0.058 seconds
[2025-05-31T21:26:58.300-0300] {processor.py:161} INFO - Started process (PID=40700) to work on /home/walterg/Documentos/Data_projects/Data-Warehouse-postgres-DBT-airflow-/.venv/lib/python3.11/site-packages/airflow/example_dags/tutorial.py
[2025-05-31T21:26:58.304-0300] {processor.py:830} INFO - Processing file /home/walterg/Documentos/Data_projects/Data-Warehouse-postgres-DBT-airflow-/.venv/lib/python3.11/site-packages/airflow/example_dags/tutorial.py for tasks to queue
[2025-05-31T21:26:58.306-0300] {logging_mixin.py:188} INFO - [2025-05-31T21:26:58.305-0300] {dagbag.py:538} INFO - Filling up the DagBag from /home/walterg/Documentos/Data_projects/Data-Warehouse-postgres-DBT-airflow-/.venv/lib/python3.11/site-packages/airflow/example_dags/tutorial.py
[2025-05-31T21:26:58.311-0300] {processor.py:840} INFO - DAG(s) 'tutorial' retrieved from /home/walterg/Documentos/Data_projects/Data-Warehouse-postgres-DBT-airflow-/.venv/lib/python3.11/site-packages/airflow/example_dags/tutorial.py
[2025-05-31T21:26:58.324-0300] {logging_mixin.py:188} INFO - [2025-05-31T21:26:58.324-0300] {dag.py:3036} INFO - Sync 1 DAGs
[2025-05-31T21:26:58.337-0300] {logging_mixin.py:188} INFO - [2025-05-31T21:26:58.337-0300] {dag.py:3823} INFO - Setting next_dagrun for tutorial to 2025-05-31 00:00:00+00:00, run_after=2025-06-01 00:00:00+00:00
[2025-05-31T21:26:58.355-0300] {processor.py:183} INFO - Processing /home/walterg/Documentos/Data_projects/Data-Warehouse-postgres-DBT-airflow-/.venv/lib/python3.11/site-packages/airflow/example_dags/tutorial.py took 0.057 seconds
[2025-05-31T21:27:39.046-0300] {processor.py:161} INFO - Started process (PID=41122) to work on /home/walterg/Documentos/Data_projects/Data-Warehouse-postgres-DBT-airflow-/.venv/lib/python3.11/site-packages/airflow/example_dags/tutorial.py
[2025-05-31T21:27:39.047-0300] {processor.py:830} INFO - Processing file /home/walterg/Documentos/Data_projects/Data-Warehouse-postgres-DBT-airflow-/.venv/lib/python3.11/site-packages/airflow/example_dags/tutorial.py for tasks to queue
[2025-05-31T21:27:39.048-0300] {logging_mixin.py:188} INFO - [2025-05-31T21:27:39.048-0300] {dagbag.py:538} INFO - Filling up the DagBag from /home/walterg/Documentos/Data_projects/Data-Warehouse-postgres-DBT-airflow-/.venv/lib/python3.11/site-packages/airflow/example_dags/tutorial.py
[2025-05-31T21:27:39.055-0300] {processor.py:840} INFO - DAG(s) 'tutorial' retrieved from /home/walterg/Documentos/Data_projects/Data-Warehouse-postgres-DBT-airflow-/.venv/lib/python3.11/site-packages/airflow/example_dags/tutorial.py
[2025-05-31T21:27:39.070-0300] {logging_mixin.py:188} INFO - [2025-05-31T21:27:39.069-0300] {dag.py:3036} INFO - Sync 1 DAGs
[2025-05-31T21:27:39.086-0300] {logging_mixin.py:188} INFO - [2025-05-31T21:27:39.085-0300] {dag.py:3823} INFO - Setting next_dagrun for tutorial to 2025-05-31 00:00:00+00:00, run_after=2025-06-01 00:00:00+00:00
[2025-05-31T21:27:39.109-0300] {processor.py:183} INFO - Processing /home/walterg/Documentos/Data_projects/Data-Warehouse-postgres-DBT-airflow-/.venv/lib/python3.11/site-packages/airflow/example_dags/tutorial.py took 0.066 seconds
[2025-05-31T21:28:19.693-0300] {processor.py:161} INFO - Started process (PID=41390) to work on /home/walterg/Documentos/Data_projects/Data-Warehouse-postgres-DBT-airflow-/.venv/lib/python3.11/site-packages/airflow/example_dags/tutorial.py
[2025-05-31T21:28:19.700-0300] {processor.py:830} INFO - Processing file /home/walterg/Documentos/Data_projects/Data-Warehouse-postgres-DBT-airflow-/.venv/lib/python3.11/site-packages/airflow/example_dags/tutorial.py for tasks to queue
[2025-05-31T21:28:19.701-0300] {logging_mixin.py:188} INFO - [2025-05-31T21:28:19.701-0300] {dagbag.py:538} INFO - Filling up the DagBag from /home/walterg/Documentos/Data_projects/Data-Warehouse-postgres-DBT-airflow-/.venv/lib/python3.11/site-packages/airflow/example_dags/tutorial.py
[2025-05-31T21:28:19.707-0300] {processor.py:840} INFO - DAG(s) 'tutorial' retrieved from /home/walterg/Documentos/Data_projects/Data-Warehouse-postgres-DBT-airflow-/.venv/lib/python3.11/site-packages/airflow/example_dags/tutorial.py
[2025-05-31T21:28:19.719-0300] {logging_mixin.py:188} INFO - [2025-05-31T21:28:19.719-0300] {dag.py:3036} INFO - Sync 1 DAGs
[2025-05-31T21:28:19.732-0300] {logging_mixin.py:188} INFO - [2025-05-31T21:28:19.731-0300] {dag.py:3823} INFO - Setting next_dagrun for tutorial to 2025-05-31 00:00:00+00:00, run_after=2025-06-01 00:00:00+00:00
[2025-05-31T21:28:19.749-0300] {processor.py:183} INFO - Processing /home/walterg/Documentos/Data_projects/Data-Warehouse-postgres-DBT-airflow-/.venv/lib/python3.11/site-packages/airflow/example_dags/tutorial.py took 0.058 seconds
[2025-05-31T21:28:59.101-0300] {processor.py:161} INFO - Started process (PID=41484) to work on /home/walterg/Documentos/Data_projects/Data-Warehouse-postgres-DBT-airflow-/.venv/lib/python3.11/site-packages/airflow/example_dags/tutorial.py
[2025-05-31T21:28:59.102-0300] {processor.py:830} INFO - Processing file /home/walterg/Documentos/Data_projects/Data-Warehouse-postgres-DBT-airflow-/.venv/lib/python3.11/site-packages/airflow/example_dags/tutorial.py for tasks to queue
[2025-05-31T21:28:59.102-0300] {logging_mixin.py:188} INFO - [2025-05-31T21:28:59.102-0300] {dagbag.py:538} INFO - Filling up the DagBag from /home/walterg/Documentos/Data_projects/Data-Warehouse-postgres-DBT-airflow-/.venv/lib/python3.11/site-packages/airflow/example_dags/tutorial.py
[2025-05-31T21:28:59.108-0300] {processor.py:840} INFO - DAG(s) 'tutorial' retrieved from /home/walterg/Documentos/Data_projects/Data-Warehouse-postgres-DBT-airflow-/.venv/lib/python3.11/site-packages/airflow/example_dags/tutorial.py
[2025-05-31T21:28:59.120-0300] {logging_mixin.py:188} INFO - [2025-05-31T21:28:59.120-0300] {dag.py:3036} INFO - Sync 1 DAGs
[2025-05-31T21:28:59.133-0300] {logging_mixin.py:188} INFO - [2025-05-31T21:28:59.133-0300] {dag.py:3823} INFO - Setting next_dagrun for tutorial to 2025-05-31 00:00:00+00:00, run_after=2025-06-01 00:00:00+00:00
[2025-05-31T21:28:59.151-0300] {processor.py:183} INFO - Processing /home/walterg/Documentos/Data_projects/Data-Warehouse-postgres-DBT-airflow-/.venv/lib/python3.11/site-packages/airflow/example_dags/tutorial.py took 0.053 seconds
[2025-05-31T21:29:41.276-0300] {processor.py:161} INFO - Started process (PID=41682) to work on /home/walterg/Documentos/Data_projects/Data-Warehouse-postgres-DBT-airflow-/.venv/lib/python3.11/site-packages/airflow/example_dags/tutorial.py
[2025-05-31T21:29:41.282-0300] {processor.py:830} INFO - Processing file /home/walterg/Documentos/Data_projects/Data-Warehouse-postgres-DBT-airflow-/.venv/lib/python3.11/site-packages/airflow/example_dags/tutorial.py for tasks to queue
[2025-05-31T21:29:41.283-0300] {logging_mixin.py:188} INFO - [2025-05-31T21:29:41.282-0300] {dagbag.py:538} INFO - Filling up the DagBag from /home/walterg/Documentos/Data_projects/Data-Warehouse-postgres-DBT-airflow-/.venv/lib/python3.11/site-packages/airflow/example_dags/tutorial.py
[2025-05-31T21:29:41.288-0300] {processor.py:840} INFO - DAG(s) 'tutorial' retrieved from /home/walterg/Documentos/Data_projects/Data-Warehouse-postgres-DBT-airflow-/.venv/lib/python3.11/site-packages/airflow/example_dags/tutorial.py
[2025-05-31T21:29:41.300-0300] {logging_mixin.py:188} INFO - [2025-05-31T21:29:41.300-0300] {dag.py:3036} INFO - Sync 1 DAGs
[2025-05-31T21:29:41.313-0300] {logging_mixin.py:188} INFO - [2025-05-31T21:29:41.313-0300] {dag.py:3823} INFO - Setting next_dagrun for tutorial to 2025-05-31 00:00:00+00:00, run_after=2025-06-01 00:00:00+00:00
[2025-05-31T21:29:41.328-0300] {processor.py:183} INFO - Processing /home/walterg/Documentos/Data_projects/Data-Warehouse-postgres-DBT-airflow-/.venv/lib/python3.11/site-packages/airflow/example_dags/tutorial.py took 0.055 seconds
[2025-05-31T21:30:20.138-0300] {processor.py:161} INFO - Started process (PID=41863) to work on /home/walterg/Documentos/Data_projects/Data-Warehouse-postgres-DBT-airflow-/.venv/lib/python3.11/site-packages/airflow/example_dags/tutorial.py
[2025-05-31T21:30:20.143-0300] {processor.py:830} INFO - Processing file /home/walterg/Documentos/Data_projects/Data-Warehouse-postgres-DBT-airflow-/.venv/lib/python3.11/site-packages/airflow/example_dags/tutorial.py for tasks to queue
[2025-05-31T21:30:20.144-0300] {logging_mixin.py:188} INFO - [2025-05-31T21:30:20.144-0300] {dagbag.py:538} INFO - Filling up the DagBag from /home/walterg/Documentos/Data_projects/Data-Warehouse-postgres-DBT-airflow-/.venv/lib/python3.11/site-packages/airflow/example_dags/tutorial.py
[2025-05-31T21:30:20.150-0300] {processor.py:840} INFO - DAG(s) 'tutorial' retrieved from /home/walterg/Documentos/Data_projects/Data-Warehouse-postgres-DBT-airflow-/.venv/lib/python3.11/site-packages/airflow/example_dags/tutorial.py
[2025-05-31T21:30:20.162-0300] {logging_mixin.py:188} INFO - [2025-05-31T21:30:20.162-0300] {dag.py:3036} INFO - Sync 1 DAGs
[2025-05-31T21:30:20.175-0300] {logging_mixin.py:188} INFO - [2025-05-31T21:30:20.175-0300] {dag.py:3823} INFO - Setting next_dagrun for tutorial to 2025-05-31 00:00:00+00:00, run_after=2025-06-01 00:00:00+00:00
[2025-05-31T21:30:20.193-0300] {processor.py:183} INFO - Processing /home/walterg/Documentos/Data_projects/Data-Warehouse-postgres-DBT-airflow-/.venv/lib/python3.11/site-packages/airflow/example_dags/tutorial.py took 0.057 seconds
[2025-05-31T21:30:58.412-0300] {processor.py:161} INFO - Started process (PID=41992) to work on /home/walterg/Documentos/Data_projects/Data-Warehouse-postgres-DBT-airflow-/.venv/lib/python3.11/site-packages/airflow/example_dags/tutorial.py
[2025-05-31T21:30:58.417-0300] {processor.py:830} INFO - Processing file /home/walterg/Documentos/Data_projects/Data-Warehouse-postgres-DBT-airflow-/.venv/lib/python3.11/site-packages/airflow/example_dags/tutorial.py for tasks to queue
[2025-05-31T21:30:58.419-0300] {logging_mixin.py:188} INFO - [2025-05-31T21:30:58.418-0300] {dagbag.py:538} INFO - Filling up the DagBag from /home/walterg/Documentos/Data_projects/Data-Warehouse-postgres-DBT-airflow-/.venv/lib/python3.11/site-packages/airflow/example_dags/tutorial.py
[2025-05-31T21:30:58.424-0300] {processor.py:840} INFO - DAG(s) 'tutorial' retrieved from /home/walterg/Documentos/Data_projects/Data-Warehouse-postgres-DBT-airflow-/.venv/lib/python3.11/site-packages/airflow/example_dags/tutorial.py
[2025-05-31T21:30:58.436-0300] {logging_mixin.py:188} INFO - [2025-05-31T21:30:58.436-0300] {dag.py:3036} INFO - Sync 1 DAGs
[2025-05-31T21:30:58.449-0300] {logging_mixin.py:188} INFO - [2025-05-31T21:30:58.449-0300] {dag.py:3823} INFO - Setting next_dagrun for tutorial to 2025-05-31 00:00:00+00:00, run_after=2025-06-01 00:00:00+00:00
[2025-05-31T21:30:58.467-0300] {processor.py:183} INFO - Processing /home/walterg/Documentos/Data_projects/Data-Warehouse-postgres-DBT-airflow-/.venv/lib/python3.11/site-packages/airflow/example_dags/tutorial.py took 0.057 seconds
[2025-05-31T21:31:38.907-0300] {processor.py:161} INFO - Started process (PID=42163) to work on /home/walterg/Documentos/Data_projects/Data-Warehouse-postgres-DBT-airflow-/.venv/lib/python3.11/site-packages/airflow/example_dags/tutorial.py
[2025-05-31T21:31:38.912-0300] {processor.py:830} INFO - Processing file /home/walterg/Documentos/Data_projects/Data-Warehouse-postgres-DBT-airflow-/.venv/lib/python3.11/site-packages/airflow/example_dags/tutorial.py for tasks to queue
[2025-05-31T21:31:38.914-0300] {logging_mixin.py:188} INFO - [2025-05-31T21:31:38.913-0300] {dagbag.py:538} INFO - Filling up the DagBag from /home/walterg/Documentos/Data_projects/Data-Warehouse-postgres-DBT-airflow-/.venv/lib/python3.11/site-packages/airflow/example_dags/tutorial.py
[2025-05-31T21:31:38.920-0300] {processor.py:840} INFO - DAG(s) 'tutorial' retrieved from /home/walterg/Documentos/Data_projects/Data-Warehouse-postgres-DBT-airflow-/.venv/lib/python3.11/site-packages/airflow/example_dags/tutorial.py
[2025-05-31T21:31:38.933-0300] {logging_mixin.py:188} INFO - [2025-05-31T21:31:38.933-0300] {dag.py:3036} INFO - Sync 1 DAGs
[2025-05-31T21:31:38.947-0300] {logging_mixin.py:188} INFO - [2025-05-31T21:31:38.946-0300] {dag.py:3823} INFO - Setting next_dagrun for tutorial to 2025-05-31 00:00:00+00:00, run_after=2025-06-01 00:00:00+00:00
[2025-05-31T21:31:38.964-0300] {processor.py:183} INFO - Processing /home/walterg/Documentos/Data_projects/Data-Warehouse-postgres-DBT-airflow-/.venv/lib/python3.11/site-packages/airflow/example_dags/tutorial.py took 0.059 seconds
[2025-05-31T21:32:18.320-0300] {processor.py:161} INFO - Started process (PID=42393) to work on /home/walterg/Documentos/Data_projects/Data-Warehouse-postgres-DBT-airflow-/.venv/lib/python3.11/site-packages/airflow/example_dags/tutorial.py
[2025-05-31T21:32:18.325-0300] {processor.py:830} INFO - Processing file /home/walterg/Documentos/Data_projects/Data-Warehouse-postgres-DBT-airflow-/.venv/lib/python3.11/site-packages/airflow/example_dags/tutorial.py for tasks to queue
[2025-05-31T21:32:18.326-0300] {logging_mixin.py:188} INFO - [2025-05-31T21:32:18.325-0300] {dagbag.py:538} INFO - Filling up the DagBag from /home/walterg/Documentos/Data_projects/Data-Warehouse-postgres-DBT-airflow-/.venv/lib/python3.11/site-packages/airflow/example_dags/tutorial.py
[2025-05-31T21:32:18.332-0300] {processor.py:840} INFO - DAG(s) 'tutorial' retrieved from /home/walterg/Documentos/Data_projects/Data-Warehouse-postgres-DBT-airflow-/.venv/lib/python3.11/site-packages/airflow/example_dags/tutorial.py
[2025-05-31T21:32:18.344-0300] {logging_mixin.py:188} INFO - [2025-05-31T21:32:18.344-0300] {dag.py:3036} INFO - Sync 1 DAGs
[2025-05-31T21:32:18.357-0300] {logging_mixin.py:188} INFO - [2025-05-31T21:32:18.357-0300] {dag.py:3823} INFO - Setting next_dagrun for tutorial to 2025-05-31 00:00:00+00:00, run_after=2025-06-01 00:00:00+00:00
[2025-05-31T21:32:18.374-0300] {processor.py:183} INFO - Processing /home/walterg/Documentos/Data_projects/Data-Warehouse-postgres-DBT-airflow-/.venv/lib/python3.11/site-packages/airflow/example_dags/tutorial.py took 0.057 seconds
[2025-05-31T21:33:01.829-0300] {processor.py:161} INFO - Started process (PID=42715) to work on /home/walterg/Documentos/Data_projects/Data-Warehouse-postgres-DBT-airflow-/.venv/lib/python3.11/site-packages/airflow/example_dags/tutorial.py
[2025-05-31T21:33:01.830-0300] {processor.py:830} INFO - Processing file /home/walterg/Documentos/Data_projects/Data-Warehouse-postgres-DBT-airflow-/.venv/lib/python3.11/site-packages/airflow/example_dags/tutorial.py for tasks to queue
[2025-05-31T21:33:01.831-0300] {logging_mixin.py:188} INFO - [2025-05-31T21:33:01.831-0300] {dagbag.py:538} INFO - Filling up the DagBag from /home/walterg/Documentos/Data_projects/Data-Warehouse-postgres-DBT-airflow-/.venv/lib/python3.11/site-packages/airflow/example_dags/tutorial.py
[2025-05-31T21:33:01.838-0300] {processor.py:840} INFO - DAG(s) 'tutorial' retrieved from /home/walterg/Documentos/Data_projects/Data-Warehouse-postgres-DBT-airflow-/.venv/lib/python3.11/site-packages/airflow/example_dags/tutorial.py
[2025-05-31T21:33:01.930-0300] {logging_mixin.py:188} INFO - [2025-05-31T21:33:01.930-0300] {dag.py:3036} INFO - Sync 1 DAGs
[2025-05-31T21:33:01.949-0300] {logging_mixin.py:188} INFO - [2025-05-31T21:33:01.948-0300] {dag.py:3823} INFO - Setting next_dagrun for tutorial to 2025-05-31 00:00:00+00:00, run_after=2025-06-01 00:00:00+00:00
[2025-05-31T21:33:02.042-0300] {processor.py:183} INFO - Processing /home/walterg/Documentos/Data_projects/Data-Warehouse-postgres-DBT-airflow-/.venv/lib/python3.11/site-packages/airflow/example_dags/tutorial.py took 0.216 seconds
[2025-05-31T21:33:45.830-0300] {processor.py:161} INFO - Started process (PID=42903) to work on /home/walterg/Documentos/Data_projects/Data-Warehouse-postgres-DBT-airflow-/.venv/lib/python3.11/site-packages/airflow/example_dags/tutorial.py
[2025-05-31T21:33:45.831-0300] {processor.py:830} INFO - Processing file /home/walterg/Documentos/Data_projects/Data-Warehouse-postgres-DBT-airflow-/.venv/lib/python3.11/site-packages/airflow/example_dags/tutorial.py for tasks to queue
[2025-05-31T21:33:45.832-0300] {logging_mixin.py:188} INFO - [2025-05-31T21:33:45.831-0300] {dagbag.py:538} INFO - Filling up the DagBag from /home/walterg/Documentos/Data_projects/Data-Warehouse-postgres-DBT-airflow-/.venv/lib/python3.11/site-packages/airflow/example_dags/tutorial.py
[2025-05-31T21:33:45.837-0300] {processor.py:840} INFO - DAG(s) 'tutorial' retrieved from /home/walterg/Documentos/Data_projects/Data-Warehouse-postgres-DBT-airflow-/.venv/lib/python3.11/site-packages/airflow/example_dags/tutorial.py
[2025-05-31T21:33:45.849-0300] {logging_mixin.py:188} INFO - [2025-05-31T21:33:45.849-0300] {dag.py:3036} INFO - Sync 1 DAGs
[2025-05-31T21:33:45.861-0300] {logging_mixin.py:188} INFO - [2025-05-31T21:33:45.861-0300] {dag.py:3823} INFO - Setting next_dagrun for tutorial to 2025-05-31 00:00:00+00:00, run_after=2025-06-01 00:00:00+00:00
[2025-05-31T21:33:45.877-0300] {processor.py:183} INFO - Processing /home/walterg/Documentos/Data_projects/Data-Warehouse-postgres-DBT-airflow-/.venv/lib/python3.11/site-packages/airflow/example_dags/tutorial.py took 0.049 seconds
[2025-05-31T21:34:38.983-0300] {processor.py:161} INFO - Started process (PID=43066) to work on /home/walterg/Documentos/Data_projects/Data-Warehouse-postgres-DBT-airflow-/.venv/lib/python3.11/site-packages/airflow/example_dags/tutorial.py
[2025-05-31T21:34:38.984-0300] {processor.py:830} INFO - Processing file /home/walterg/Documentos/Data_projects/Data-Warehouse-postgres-DBT-airflow-/.venv/lib/python3.11/site-packages/airflow/example_dags/tutorial.py for tasks to queue
[2025-05-31T21:34:38.984-0300] {logging_mixin.py:188} INFO - [2025-05-31T21:34:38.984-0300] {dagbag.py:538} INFO - Filling up the DagBag from /home/walterg/Documentos/Data_projects/Data-Warehouse-postgres-DBT-airflow-/.venv/lib/python3.11/site-packages/airflow/example_dags/tutorial.py
[2025-05-31T21:34:38.990-0300] {processor.py:840} INFO - DAG(s) 'tutorial' retrieved from /home/walterg/Documentos/Data_projects/Data-Warehouse-postgres-DBT-airflow-/.venv/lib/python3.11/site-packages/airflow/example_dags/tutorial.py
[2025-05-31T21:34:39.002-0300] {logging_mixin.py:188} INFO - [2025-05-31T21:34:39.002-0300] {dag.py:3036} INFO - Sync 1 DAGs
[2025-05-31T21:34:39.015-0300] {logging_mixin.py:188} INFO - [2025-05-31T21:34:39.015-0300] {dag.py:3823} INFO - Setting next_dagrun for tutorial to 2025-05-31 00:00:00+00:00, run_after=2025-06-01 00:00:00+00:00
[2025-05-31T21:34:39.031-0300] {processor.py:183} INFO - Processing /home/walterg/Documentos/Data_projects/Data-Warehouse-postgres-DBT-airflow-/.venv/lib/python3.11/site-packages/airflow/example_dags/tutorial.py took 0.051 seconds
