[2025-05-31T21:00:10.069-0300] {processor.py:161} INFO - Started process (PID=32608) to work on /home/walterg/Documentos/Data_projects/Data-Warehouse-postgres-DBT-airflow-/.venv/lib/python3.11/site-packages/airflow/example_dags/tutorial_taskflow_api_virtualenv.py
[2025-05-31T21:00:10.070-0300] {processor.py:830} INFO - Processing file /home/walterg/Documentos/Data_projects/Data-Warehouse-postgres-DBT-airflow-/.venv/lib/python3.11/site-packages/airflow/example_dags/tutorial_taskflow_api_virtualenv.py for tasks to queue
[2025-05-31T21:00:10.070-0300] {logging_mixin.py:188} INFO - [2025-05-31T21:00:10.070-0300] {dagbag.py:538} INFO - Filling up the DagBag from /home/walterg/Documentos/Data_projects/Data-Warehouse-postgres-DBT-airflow-/.venv/lib/python3.11/site-packages/airflow/example_dags/tutorial_taskflow_api_virtualenv.py
[2025-05-31T21:00:10.072-0300] {logging_mixin.py:188} INFO - [2025-05-31T21:00:10.072-0300] {tutorial_taskflow_api_virtualenv.py:29} WARNING - The tutorial_taskflow_api_virtualenv example DAG requires virtualenv, please install it.
[2025-05-31T21:00:10.073-0300] {processor.py:842} WARNING - No viable dags retrieved from /home/walterg/Documentos/Data_projects/Data-Warehouse-postgres-DBT-airflow-/.venv/lib/python3.11/site-packages/airflow/example_dags/tutorial_taskflow_api_virtualenv.py
[2025-05-31T21:00:10.081-0300] {processor.py:183} INFO - Processing /home/walterg/Documentos/Data_projects/Data-Warehouse-postgres-DBT-airflow-/.venv/lib/python3.11/site-packages/airflow/example_dags/tutorial_taskflow_api_virtualenv.py took 0.015 seconds
[2025-05-31T21:00:50.338-0300] {processor.py:161} INFO - Started process (PID=32755) to work on /home/walterg/Documentos/Data_projects/Data-Warehouse-postgres-DBT-airflow-/.venv/lib/python3.11/site-packages/airflow/example_dags/tutorial_taskflow_api_virtualenv.py
[2025-05-31T21:00:50.343-0300] {processor.py:830} INFO - Processing file /home/walterg/Documentos/Data_projects/Data-Warehouse-postgres-DBT-airflow-/.venv/lib/python3.11/site-packages/airflow/example_dags/tutorial_taskflow_api_virtualenv.py for tasks to queue
[2025-05-31T21:00:50.344-0300] {logging_mixin.py:188} INFO - [2025-05-31T21:00:50.344-0300] {dagbag.py:538} INFO - Filling up the DagBag from /home/walterg/Documentos/Data_projects/Data-Warehouse-postgres-DBT-airflow-/.venv/lib/python3.11/site-packages/airflow/example_dags/tutorial_taskflow_api_virtualenv.py
[2025-05-31T21:00:50.347-0300] {logging_mixin.py:188} INFO - [2025-05-31T21:00:50.346-0300] {tutorial_taskflow_api_virtualenv.py:29} WARNING - The tutorial_taskflow_api_virtualenv example DAG requires virtualenv, please install it.
[2025-05-31T21:00:50.347-0300] {processor.py:842} WARNING - No viable dags retrieved from /home/walterg/Documentos/Data_projects/Data-Warehouse-postgres-DBT-airflow-/.venv/lib/python3.11/site-packages/airflow/example_dags/tutorial_taskflow_api_virtualenv.py
[2025-05-31T21:00:50.355-0300] {processor.py:183} INFO - Processing /home/walterg/Documentos/Data_projects/Data-Warehouse-postgres-DBT-airflow-/.venv/lib/python3.11/site-packages/airflow/example_dags/tutorial_taskflow_api_virtualenv.py took 0.020 seconds
[2025-05-31T21:01:32.407-0300] {processor.py:161} INFO - Started process (PID=33009) to work on /home/walterg/Documentos/Data_projects/Data-Warehouse-postgres-DBT-airflow-/.venv/lib/python3.11/site-packages/airflow/example_dags/tutorial_taskflow_api_virtualenv.py
[2025-05-31T21:01:32.412-0300] {processor.py:830} INFO - Processing file /home/walterg/Documentos/Data_projects/Data-Warehouse-postgres-DBT-airflow-/.venv/lib/python3.11/site-packages/airflow/example_dags/tutorial_taskflow_api_virtualenv.py for tasks to queue
[2025-05-31T21:01:32.413-0300] {logging_mixin.py:188} INFO - [2025-05-31T21:01:32.413-0300] {dagbag.py:538} INFO - Filling up the DagBag from /home/walterg/Documentos/Data_projects/Data-Warehouse-postgres-DBT-airflow-/.venv/lib/python3.11/site-packages/airflow/example_dags/tutorial_taskflow_api_virtualenv.py
[2025-05-31T21:01:32.416-0300] {logging_mixin.py:188} INFO - [2025-05-31T21:01:32.416-0300] {tutorial_taskflow_api_virtualenv.py:29} WARNING - The tutorial_taskflow_api_virtualenv example DAG requires virtualenv, please install it.
[2025-05-31T21:01:32.416-0300] {processor.py:842} WARNING - No viable dags retrieved from /home/walterg/Documentos/Data_projects/Data-Warehouse-postgres-DBT-airflow-/.venv/lib/python3.11/site-packages/airflow/example_dags/tutorial_taskflow_api_virtualenv.py
[2025-05-31T21:01:32.425-0300] {processor.py:183} INFO - Processing /home/walterg/Documentos/Data_projects/Data-Warehouse-postgres-DBT-airflow-/.venv/lib/python3.11/site-packages/airflow/example_dags/tutorial_taskflow_api_virtualenv.py took 0.021 seconds
[2025-05-31T21:02:15.889-0300] {processor.py:161} INFO - Started process (PID=33308) to work on /home/walterg/Documentos/Data_projects/Data-Warehouse-postgres-DBT-airflow-/.venv/lib/python3.11/site-packages/airflow/example_dags/tutorial_taskflow_api_virtualenv.py
[2025-05-31T21:02:15.894-0300] {processor.py:830} INFO - Processing file /home/walterg/Documentos/Data_projects/Data-Warehouse-postgres-DBT-airflow-/.venv/lib/python3.11/site-packages/airflow/example_dags/tutorial_taskflow_api_virtualenv.py for tasks to queue
[2025-05-31T21:02:15.895-0300] {logging_mixin.py:188} INFO - [2025-05-31T21:02:15.895-0300] {dagbag.py:538} INFO - Filling up the DagBag from /home/walterg/Documentos/Data_projects/Data-Warehouse-postgres-DBT-airflow-/.venv/lib/python3.11/site-packages/airflow/example_dags/tutorial_taskflow_api_virtualenv.py
[2025-05-31T21:02:15.898-0300] {logging_mixin.py:188} INFO - [2025-05-31T21:02:15.897-0300] {tutorial_taskflow_api_virtualenv.py:29} WARNING - The tutorial_taskflow_api_virtualenv example DAG requires virtualenv, please install it.
[2025-05-31T21:02:15.898-0300] {processor.py:842} WARNING - No viable dags retrieved from /home/walterg/Documentos/Data_projects/Data-Warehouse-postgres-DBT-airflow-/.venv/lib/python3.11/site-packages/airflow/example_dags/tutorial_taskflow_api_virtualenv.py
[2025-05-31T21:02:15.906-0300] {processor.py:183} INFO - Processing /home/walterg/Documentos/Data_projects/Data-Warehouse-postgres-DBT-airflow-/.venv/lib/python3.11/site-packages/airflow/example_dags/tutorial_taskflow_api_virtualenv.py took 0.020 seconds
[2025-05-31T21:03:00.568-0300] {processor.py:161} INFO - Started process (PID=33449) to work on /home/walterg/Documentos/Data_projects/Data-Warehouse-postgres-DBT-airflow-/.venv/lib/python3.11/site-packages/airflow/example_dags/tutorial_taskflow_api_virtualenv.py
[2025-05-31T21:03:00.569-0300] {processor.py:830} INFO - Processing file /home/walterg/Documentos/Data_projects/Data-Warehouse-postgres-DBT-airflow-/.venv/lib/python3.11/site-packages/airflow/example_dags/tutorial_taskflow_api_virtualenv.py for tasks to queue
[2025-05-31T21:03:00.570-0300] {logging_mixin.py:188} INFO - [2025-05-31T21:03:00.569-0300] {dagbag.py:538} INFO - Filling up the DagBag from /home/walterg/Documentos/Data_projects/Data-Warehouse-postgres-DBT-airflow-/.venv/lib/python3.11/site-packages/airflow/example_dags/tutorial_taskflow_api_virtualenv.py
[2025-05-31T21:03:00.572-0300] {logging_mixin.py:188} INFO - [2025-05-31T21:03:00.572-0300] {tutorial_taskflow_api_virtualenv.py:29} WARNING - The tutorial_taskflow_api_virtualenv example DAG requires virtualenv, please install it.
[2025-05-31T21:03:00.572-0300] {processor.py:842} WARNING - No viable dags retrieved from /home/walterg/Documentos/Data_projects/Data-Warehouse-postgres-DBT-airflow-/.venv/lib/python3.11/site-packages/airflow/example_dags/tutorial_taskflow_api_virtualenv.py
[2025-05-31T21:03:00.581-0300] {processor.py:183} INFO - Processing /home/walterg/Documentos/Data_projects/Data-Warehouse-postgres-DBT-airflow-/.venv/lib/python3.11/site-packages/airflow/example_dags/tutorial_taskflow_api_virtualenv.py took 0.016 seconds
[2025-05-31T21:03:44.638-0300] {processor.py:161} INFO - Started process (PID=33691) to work on /home/walterg/Documentos/Data_projects/Data-Warehouse-postgres-DBT-airflow-/.venv/lib/python3.11/site-packages/airflow/example_dags/tutorial_taskflow_api_virtualenv.py
[2025-05-31T21:03:44.643-0300] {processor.py:830} INFO - Processing file /home/walterg/Documentos/Data_projects/Data-Warehouse-postgres-DBT-airflow-/.venv/lib/python3.11/site-packages/airflow/example_dags/tutorial_taskflow_api_virtualenv.py for tasks to queue
[2025-05-31T21:03:44.644-0300] {logging_mixin.py:188} INFO - [2025-05-31T21:03:44.644-0300] {dagbag.py:538} INFO - Filling up the DagBag from /home/walterg/Documentos/Data_projects/Data-Warehouse-postgres-DBT-airflow-/.venv/lib/python3.11/site-packages/airflow/example_dags/tutorial_taskflow_api_virtualenv.py
[2025-05-31T21:03:44.646-0300] {logging_mixin.py:188} INFO - [2025-05-31T21:03:44.646-0300] {tutorial_taskflow_api_virtualenv.py:29} WARNING - The tutorial_taskflow_api_virtualenv example DAG requires virtualenv, please install it.
[2025-05-31T21:03:44.647-0300] {processor.py:842} WARNING - No viable dags retrieved from /home/walterg/Documentos/Data_projects/Data-Warehouse-postgres-DBT-airflow-/.venv/lib/python3.11/site-packages/airflow/example_dags/tutorial_taskflow_api_virtualenv.py
[2025-05-31T21:03:44.655-0300] {processor.py:183} INFO - Processing /home/walterg/Documentos/Data_projects/Data-Warehouse-postgres-DBT-airflow-/.venv/lib/python3.11/site-packages/airflow/example_dags/tutorial_taskflow_api_virtualenv.py took 0.019 seconds
[2025-05-31T21:04:25.143-0300] {processor.py:161} INFO - Started process (PID=33847) to work on /home/walterg/Documentos/Data_projects/Data-Warehouse-postgres-DBT-airflow-/.venv/lib/python3.11/site-packages/airflow/example_dags/tutorial_taskflow_api_virtualenv.py
[2025-05-31T21:04:25.148-0300] {processor.py:830} INFO - Processing file /home/walterg/Documentos/Data_projects/Data-Warehouse-postgres-DBT-airflow-/.venv/lib/python3.11/site-packages/airflow/example_dags/tutorial_taskflow_api_virtualenv.py for tasks to queue
[2025-05-31T21:04:25.149-0300] {logging_mixin.py:188} INFO - [2025-05-31T21:04:25.149-0300] {dagbag.py:538} INFO - Filling up the DagBag from /home/walterg/Documentos/Data_projects/Data-Warehouse-postgres-DBT-airflow-/.venv/lib/python3.11/site-packages/airflow/example_dags/tutorial_taskflow_api_virtualenv.py
[2025-05-31T21:04:25.152-0300] {logging_mixin.py:188} INFO - [2025-05-31T21:04:25.151-0300] {tutorial_taskflow_api_virtualenv.py:29} WARNING - The tutorial_taskflow_api_virtualenv example DAG requires virtualenv, please install it.
[2025-05-31T21:04:25.152-0300] {processor.py:842} WARNING - No viable dags retrieved from /home/walterg/Documentos/Data_projects/Data-Warehouse-postgres-DBT-airflow-/.venv/lib/python3.11/site-packages/airflow/example_dags/tutorial_taskflow_api_virtualenv.py
[2025-05-31T21:04:25.160-0300] {processor.py:183} INFO - Processing /home/walterg/Documentos/Data_projects/Data-Warehouse-postgres-DBT-airflow-/.venv/lib/python3.11/site-packages/airflow/example_dags/tutorial_taskflow_api_virtualenv.py took 0.020 seconds
[2025-05-31T21:05:09.864-0300] {processor.py:161} INFO - Started process (PID=34072) to work on /home/walterg/Documentos/Data_projects/Data-Warehouse-postgres-DBT-airflow-/.venv/lib/python3.11/site-packages/airflow/example_dags/tutorial_taskflow_api_virtualenv.py
[2025-05-31T21:05:09.869-0300] {processor.py:830} INFO - Processing file /home/walterg/Documentos/Data_projects/Data-Warehouse-postgres-DBT-airflow-/.venv/lib/python3.11/site-packages/airflow/example_dags/tutorial_taskflow_api_virtualenv.py for tasks to queue
[2025-05-31T21:05:09.870-0300] {logging_mixin.py:188} INFO - [2025-05-31T21:05:09.870-0300] {dagbag.py:538} INFO - Filling up the DagBag from /home/walterg/Documentos/Data_projects/Data-Warehouse-postgres-DBT-airflow-/.venv/lib/python3.11/site-packages/airflow/example_dags/tutorial_taskflow_api_virtualenv.py
[2025-05-31T21:05:09.873-0300] {logging_mixin.py:188} INFO - [2025-05-31T21:05:09.873-0300] {tutorial_taskflow_api_virtualenv.py:29} WARNING - The tutorial_taskflow_api_virtualenv example DAG requires virtualenv, please install it.
[2025-05-31T21:05:09.873-0300] {processor.py:842} WARNING - No viable dags retrieved from /home/walterg/Documentos/Data_projects/Data-Warehouse-postgres-DBT-airflow-/.venv/lib/python3.11/site-packages/airflow/example_dags/tutorial_taskflow_api_virtualenv.py
[2025-05-31T21:05:09.882-0300] {processor.py:183} INFO - Processing /home/walterg/Documentos/Data_projects/Data-Warehouse-postgres-DBT-airflow-/.venv/lib/python3.11/site-packages/airflow/example_dags/tutorial_taskflow_api_virtualenv.py took 0.021 seconds
[2025-05-31T21:05:53.083-0300] {processor.py:161} INFO - Started process (PID=34260) to work on /home/walterg/Documentos/Data_projects/Data-Warehouse-postgres-DBT-airflow-/.venv/lib/python3.11/site-packages/airflow/example_dags/tutorial_taskflow_api_virtualenv.py
[2025-05-31T21:05:53.084-0300] {processor.py:830} INFO - Processing file /home/walterg/Documentos/Data_projects/Data-Warehouse-postgres-DBT-airflow-/.venv/lib/python3.11/site-packages/airflow/example_dags/tutorial_taskflow_api_virtualenv.py for tasks to queue
[2025-05-31T21:05:53.085-0300] {logging_mixin.py:188} INFO - [2025-05-31T21:05:53.085-0300] {dagbag.py:538} INFO - Filling up the DagBag from /home/walterg/Documentos/Data_projects/Data-Warehouse-postgres-DBT-airflow-/.venv/lib/python3.11/site-packages/airflow/example_dags/tutorial_taskflow_api_virtualenv.py
[2025-05-31T21:05:53.087-0300] {logging_mixin.py:188} INFO - [2025-05-31T21:05:53.087-0300] {tutorial_taskflow_api_virtualenv.py:29} WARNING - The tutorial_taskflow_api_virtualenv example DAG requires virtualenv, please install it.
[2025-05-31T21:05:53.088-0300] {processor.py:842} WARNING - No viable dags retrieved from /home/walterg/Documentos/Data_projects/Data-Warehouse-postgres-DBT-airflow-/.venv/lib/python3.11/site-packages/airflow/example_dags/tutorial_taskflow_api_virtualenv.py
[2025-05-31T21:05:53.096-0300] {processor.py:183} INFO - Processing /home/walterg/Documentos/Data_projects/Data-Warehouse-postgres-DBT-airflow-/.venv/lib/python3.11/site-packages/airflow/example_dags/tutorial_taskflow_api_virtualenv.py took 0.015 seconds
[2025-05-31T21:06:36.081-0300] {processor.py:161} INFO - Started process (PID=34562) to work on /home/walterg/Documentos/Data_projects/Data-Warehouse-postgres-DBT-airflow-/.venv/lib/python3.11/site-packages/airflow/example_dags/tutorial_taskflow_api_virtualenv.py
[2025-05-31T21:06:36.083-0300] {processor.py:830} INFO - Processing file /home/walterg/Documentos/Data_projects/Data-Warehouse-postgres-DBT-airflow-/.venv/lib/python3.11/site-packages/airflow/example_dags/tutorial_taskflow_api_virtualenv.py for tasks to queue
[2025-05-31T21:06:36.083-0300] {logging_mixin.py:188} INFO - [2025-05-31T21:06:36.083-0300] {dagbag.py:538} INFO - Filling up the DagBag from /home/walterg/Documentos/Data_projects/Data-Warehouse-postgres-DBT-airflow-/.venv/lib/python3.11/site-packages/airflow/example_dags/tutorial_taskflow_api_virtualenv.py
[2025-05-31T21:06:36.086-0300] {logging_mixin.py:188} INFO - [2025-05-31T21:06:36.085-0300] {tutorial_taskflow_api_virtualenv.py:29} WARNING - The tutorial_taskflow_api_virtualenv example DAG requires virtualenv, please install it.
[2025-05-31T21:06:36.086-0300] {processor.py:842} WARNING - No viable dags retrieved from /home/walterg/Documentos/Data_projects/Data-Warehouse-postgres-DBT-airflow-/.venv/lib/python3.11/site-packages/airflow/example_dags/tutorial_taskflow_api_virtualenv.py
[2025-05-31T21:06:36.094-0300] {processor.py:183} INFO - Processing /home/walterg/Documentos/Data_projects/Data-Warehouse-postgres-DBT-airflow-/.venv/lib/python3.11/site-packages/airflow/example_dags/tutorial_taskflow_api_virtualenv.py took 0.015 seconds
[2025-05-31T21:07:20.381-0300] {processor.py:161} INFO - Started process (PID=34791) to work on /home/walterg/Documentos/Data_projects/Data-Warehouse-postgres-DBT-airflow-/.venv/lib/python3.11/site-packages/airflow/example_dags/tutorial_taskflow_api_virtualenv.py
[2025-05-31T21:07:20.385-0300] {processor.py:830} INFO - Processing file /home/walterg/Documentos/Data_projects/Data-Warehouse-postgres-DBT-airflow-/.venv/lib/python3.11/site-packages/airflow/example_dags/tutorial_taskflow_api_virtualenv.py for tasks to queue
[2025-05-31T21:07:20.386-0300] {logging_mixin.py:188} INFO - [2025-05-31T21:07:20.386-0300] {dagbag.py:538} INFO - Filling up the DagBag from /home/walterg/Documentos/Data_projects/Data-Warehouse-postgres-DBT-airflow-/.venv/lib/python3.11/site-packages/airflow/example_dags/tutorial_taskflow_api_virtualenv.py
[2025-05-31T21:07:20.389-0300] {logging_mixin.py:188} INFO - [2025-05-31T21:07:20.389-0300] {tutorial_taskflow_api_virtualenv.py:29} WARNING - The tutorial_taskflow_api_virtualenv example DAG requires virtualenv, please install it.
[2025-05-31T21:07:20.389-0300] {processor.py:842} WARNING - No viable dags retrieved from /home/walterg/Documentos/Data_projects/Data-Warehouse-postgres-DBT-airflow-/.venv/lib/python3.11/site-packages/airflow/example_dags/tutorial_taskflow_api_virtualenv.py
[2025-05-31T21:07:20.398-0300] {processor.py:183} INFO - Processing /home/walterg/Documentos/Data_projects/Data-Warehouse-postgres-DBT-airflow-/.venv/lib/python3.11/site-packages/airflow/example_dags/tutorial_taskflow_api_virtualenv.py took 0.020 seconds
[2025-05-31T21:08:01.897-0300] {processor.py:161} INFO - Started process (PID=34924) to work on /home/walterg/Documentos/Data_projects/Data-Warehouse-postgres-DBT-airflow-/.venv/lib/python3.11/site-packages/airflow/example_dags/tutorial_taskflow_api_virtualenv.py
[2025-05-31T21:08:01.901-0300] {processor.py:830} INFO - Processing file /home/walterg/Documentos/Data_projects/Data-Warehouse-postgres-DBT-airflow-/.venv/lib/python3.11/site-packages/airflow/example_dags/tutorial_taskflow_api_virtualenv.py for tasks to queue
[2025-05-31T21:08:01.903-0300] {logging_mixin.py:188} INFO - [2025-05-31T21:08:01.902-0300] {dagbag.py:538} INFO - Filling up the DagBag from /home/walterg/Documentos/Data_projects/Data-Warehouse-postgres-DBT-airflow-/.venv/lib/python3.11/site-packages/airflow/example_dags/tutorial_taskflow_api_virtualenv.py
[2025-05-31T21:08:01.905-0300] {logging_mixin.py:188} INFO - [2025-05-31T21:08:01.905-0300] {tutorial_taskflow_api_virtualenv.py:29} WARNING - The tutorial_taskflow_api_virtualenv example DAG requires virtualenv, please install it.
[2025-05-31T21:08:01.905-0300] {processor.py:842} WARNING - No viable dags retrieved from /home/walterg/Documentos/Data_projects/Data-Warehouse-postgres-DBT-airflow-/.venv/lib/python3.11/site-packages/airflow/example_dags/tutorial_taskflow_api_virtualenv.py
[2025-05-31T21:08:01.914-0300] {processor.py:183} INFO - Processing /home/walterg/Documentos/Data_projects/Data-Warehouse-postgres-DBT-airflow-/.venv/lib/python3.11/site-packages/airflow/example_dags/tutorial_taskflow_api_virtualenv.py took 0.020 seconds
[2025-05-31T21:08:47.451-0300] {processor.py:161} INFO - Started process (PID=35225) to work on /home/walterg/Documentos/Data_projects/Data-Warehouse-postgres-DBT-airflow-/.venv/lib/python3.11/site-packages/airflow/example_dags/tutorial_taskflow_api_virtualenv.py
[2025-05-31T21:08:47.456-0300] {processor.py:830} INFO - Processing file /home/walterg/Documentos/Data_projects/Data-Warehouse-postgres-DBT-airflow-/.venv/lib/python3.11/site-packages/airflow/example_dags/tutorial_taskflow_api_virtualenv.py for tasks to queue
[2025-05-31T21:08:47.457-0300] {logging_mixin.py:188} INFO - [2025-05-31T21:08:47.457-0300] {dagbag.py:538} INFO - Filling up the DagBag from /home/walterg/Documentos/Data_projects/Data-Warehouse-postgres-DBT-airflow-/.venv/lib/python3.11/site-packages/airflow/example_dags/tutorial_taskflow_api_virtualenv.py
[2025-05-31T21:08:47.459-0300] {logging_mixin.py:188} INFO - [2025-05-31T21:08:47.459-0300] {tutorial_taskflow_api_virtualenv.py:29} WARNING - The tutorial_taskflow_api_virtualenv example DAG requires virtualenv, please install it.
[2025-05-31T21:08:47.460-0300] {processor.py:842} WARNING - No viable dags retrieved from /home/walterg/Documentos/Data_projects/Data-Warehouse-postgres-DBT-airflow-/.venv/lib/python3.11/site-packages/airflow/example_dags/tutorial_taskflow_api_virtualenv.py
[2025-05-31T21:08:47.469-0300] {processor.py:183} INFO - Processing /home/walterg/Documentos/Data_projects/Data-Warehouse-postgres-DBT-airflow-/.venv/lib/python3.11/site-packages/airflow/example_dags/tutorial_taskflow_api_virtualenv.py took 0.020 seconds
[2025-05-31T21:09:22.772-0300] {processor.py:161} INFO - Started process (PID=35425) to work on /home/walterg/Documentos/Data_projects/Data-Warehouse-postgres-DBT-airflow-/.venv/lib/python3.11/site-packages/airflow/example_dags/tutorial_taskflow_api_virtualenv.py
[2025-05-31T21:09:22.777-0300] {processor.py:830} INFO - Processing file /home/walterg/Documentos/Data_projects/Data-Warehouse-postgres-DBT-airflow-/.venv/lib/python3.11/site-packages/airflow/example_dags/tutorial_taskflow_api_virtualenv.py for tasks to queue
[2025-05-31T21:09:22.779-0300] {logging_mixin.py:188} INFO - [2025-05-31T21:09:22.778-0300] {dagbag.py:538} INFO - Filling up the DagBag from /home/walterg/Documentos/Data_projects/Data-Warehouse-postgres-DBT-airflow-/.venv/lib/python3.11/site-packages/airflow/example_dags/tutorial_taskflow_api_virtualenv.py
[2025-05-31T21:09:22.781-0300] {logging_mixin.py:188} INFO - [2025-05-31T21:09:22.781-0300] {tutorial_taskflow_api_virtualenv.py:29} WARNING - The tutorial_taskflow_api_virtualenv example DAG requires virtualenv, please install it.
[2025-05-31T21:09:22.781-0300] {processor.py:842} WARNING - No viable dags retrieved from /home/walterg/Documentos/Data_projects/Data-Warehouse-postgres-DBT-airflow-/.venv/lib/python3.11/site-packages/airflow/example_dags/tutorial_taskflow_api_virtualenv.py
[2025-05-31T21:09:22.789-0300] {processor.py:183} INFO - Processing /home/walterg/Documentos/Data_projects/Data-Warehouse-postgres-DBT-airflow-/.venv/lib/python3.11/site-packages/airflow/example_dags/tutorial_taskflow_api_virtualenv.py took 0.020 seconds
[2025-05-31T21:10:09.598-0300] {processor.py:161} INFO - Started process (PID=35658) to work on /home/walterg/Documentos/Data_projects/Data-Warehouse-postgres-DBT-airflow-/.venv/lib/python3.11/site-packages/airflow/example_dags/tutorial_taskflow_api_virtualenv.py
[2025-05-31T21:10:09.603-0300] {processor.py:830} INFO - Processing file /home/walterg/Documentos/Data_projects/Data-Warehouse-postgres-DBT-airflow-/.venv/lib/python3.11/site-packages/airflow/example_dags/tutorial_taskflow_api_virtualenv.py for tasks to queue
[2025-05-31T21:10:09.604-0300] {logging_mixin.py:188} INFO - [2025-05-31T21:10:09.604-0300] {dagbag.py:538} INFO - Filling up the DagBag from /home/walterg/Documentos/Data_projects/Data-Warehouse-postgres-DBT-airflow-/.venv/lib/python3.11/site-packages/airflow/example_dags/tutorial_taskflow_api_virtualenv.py
[2025-05-31T21:10:09.607-0300] {logging_mixin.py:188} INFO - [2025-05-31T21:10:09.606-0300] {tutorial_taskflow_api_virtualenv.py:29} WARNING - The tutorial_taskflow_api_virtualenv example DAG requires virtualenv, please install it.
[2025-05-31T21:10:09.607-0300] {processor.py:842} WARNING - No viable dags retrieved from /home/walterg/Documentos/Data_projects/Data-Warehouse-postgres-DBT-airflow-/.venv/lib/python3.11/site-packages/airflow/example_dags/tutorial_taskflow_api_virtualenv.py
[2025-05-31T21:10:09.617-0300] {processor.py:183} INFO - Processing /home/walterg/Documentos/Data_projects/Data-Warehouse-postgres-DBT-airflow-/.venv/lib/python3.11/site-packages/airflow/example_dags/tutorial_taskflow_api_virtualenv.py took 0.021 seconds
[2025-05-31T21:10:50.968-0300] {processor.py:161} INFO - Started process (PID=35847) to work on /home/walterg/Documentos/Data_projects/Data-Warehouse-postgres-DBT-airflow-/.venv/lib/python3.11/site-packages/airflow/example_dags/tutorial_taskflow_api_virtualenv.py
[2025-05-31T21:10:50.970-0300] {processor.py:830} INFO - Processing file /home/walterg/Documentos/Data_projects/Data-Warehouse-postgres-DBT-airflow-/.venv/lib/python3.11/site-packages/airflow/example_dags/tutorial_taskflow_api_virtualenv.py for tasks to queue
[2025-05-31T21:10:50.970-0300] {logging_mixin.py:188} INFO - [2025-05-31T21:10:50.970-0300] {dagbag.py:538} INFO - Filling up the DagBag from /home/walterg/Documentos/Data_projects/Data-Warehouse-postgres-DBT-airflow-/.venv/lib/python3.11/site-packages/airflow/example_dags/tutorial_taskflow_api_virtualenv.py
[2025-05-31T21:10:50.973-0300] {logging_mixin.py:188} INFO - [2025-05-31T21:10:50.973-0300] {tutorial_taskflow_api_virtualenv.py:29} WARNING - The tutorial_taskflow_api_virtualenv example DAG requires virtualenv, please install it.
[2025-05-31T21:10:50.973-0300] {processor.py:842} WARNING - No viable dags retrieved from /home/walterg/Documentos/Data_projects/Data-Warehouse-postgres-DBT-airflow-/.venv/lib/python3.11/site-packages/airflow/example_dags/tutorial_taskflow_api_virtualenv.py
[2025-05-31T21:10:50.982-0300] {processor.py:183} INFO - Processing /home/walterg/Documentos/Data_projects/Data-Warehouse-postgres-DBT-airflow-/.venv/lib/python3.11/site-packages/airflow/example_dags/tutorial_taskflow_api_virtualenv.py took 0.016 seconds
[2025-05-31T21:11:31.842-0300] {processor.py:161} INFO - Started process (PID=36088) to work on /home/walterg/Documentos/Data_projects/Data-Warehouse-postgres-DBT-airflow-/.venv/lib/python3.11/site-packages/airflow/example_dags/tutorial_taskflow_api_virtualenv.py
[2025-05-31T21:11:31.847-0300] {processor.py:830} INFO - Processing file /home/walterg/Documentos/Data_projects/Data-Warehouse-postgres-DBT-airflow-/.venv/lib/python3.11/site-packages/airflow/example_dags/tutorial_taskflow_api_virtualenv.py for tasks to queue
[2025-05-31T21:11:31.848-0300] {logging_mixin.py:188} INFO - [2025-05-31T21:11:31.847-0300] {dagbag.py:538} INFO - Filling up the DagBag from /home/walterg/Documentos/Data_projects/Data-Warehouse-postgres-DBT-airflow-/.venv/lib/python3.11/site-packages/airflow/example_dags/tutorial_taskflow_api_virtualenv.py
[2025-05-31T21:11:31.850-0300] {logging_mixin.py:188} INFO - [2025-05-31T21:11:31.850-0300] {tutorial_taskflow_api_virtualenv.py:29} WARNING - The tutorial_taskflow_api_virtualenv example DAG requires virtualenv, please install it.
[2025-05-31T21:11:31.850-0300] {processor.py:842} WARNING - No viable dags retrieved from /home/walterg/Documentos/Data_projects/Data-Warehouse-postgres-DBT-airflow-/.venv/lib/python3.11/site-packages/airflow/example_dags/tutorial_taskflow_api_virtualenv.py
[2025-05-31T21:11:31.858-0300] {processor.py:183} INFO - Processing /home/walterg/Documentos/Data_projects/Data-Warehouse-postgres-DBT-airflow-/.venv/lib/python3.11/site-packages/airflow/example_dags/tutorial_taskflow_api_virtualenv.py took 0.018 seconds
[2025-05-31T21:12:17.485-0300] {processor.py:161} INFO - Started process (PID=36296) to work on /home/walterg/Documentos/Data_projects/Data-Warehouse-postgres-DBT-airflow-/.venv/lib/python3.11/site-packages/airflow/example_dags/tutorial_taskflow_api_virtualenv.py
[2025-05-31T21:12:17.490-0300] {processor.py:830} INFO - Processing file /home/walterg/Documentos/Data_projects/Data-Warehouse-postgres-DBT-airflow-/.venv/lib/python3.11/site-packages/airflow/example_dags/tutorial_taskflow_api_virtualenv.py for tasks to queue
[2025-05-31T21:12:17.492-0300] {logging_mixin.py:188} INFO - [2025-05-31T21:12:17.491-0300] {dagbag.py:538} INFO - Filling up the DagBag from /home/walterg/Documentos/Data_projects/Data-Warehouse-postgres-DBT-airflow-/.venv/lib/python3.11/site-packages/airflow/example_dags/tutorial_taskflow_api_virtualenv.py
[2025-05-31T21:12:17.495-0300] {logging_mixin.py:188} INFO - [2025-05-31T21:12:17.495-0300] {tutorial_taskflow_api_virtualenv.py:29} WARNING - The tutorial_taskflow_api_virtualenv example DAG requires virtualenv, please install it.
[2025-05-31T21:12:17.496-0300] {processor.py:842} WARNING - No viable dags retrieved from /home/walterg/Documentos/Data_projects/Data-Warehouse-postgres-DBT-airflow-/.venv/lib/python3.11/site-packages/airflow/example_dags/tutorial_taskflow_api_virtualenv.py
[2025-05-31T21:12:17.504-0300] {processor.py:183} INFO - Processing /home/walterg/Documentos/Data_projects/Data-Warehouse-postgres-DBT-airflow-/.venv/lib/python3.11/site-packages/airflow/example_dags/tutorial_taskflow_api_virtualenv.py took 0.021 seconds
[2025-05-31T21:12:57.946-0300] {processor.py:161} INFO - Started process (PID=36419) to work on /home/walterg/Documentos/Data_projects/Data-Warehouse-postgres-DBT-airflow-/.venv/lib/python3.11/site-packages/airflow/example_dags/tutorial_taskflow_api_virtualenv.py
[2025-05-31T21:12:57.950-0300] {processor.py:830} INFO - Processing file /home/walterg/Documentos/Data_projects/Data-Warehouse-postgres-DBT-airflow-/.venv/lib/python3.11/site-packages/airflow/example_dags/tutorial_taskflow_api_virtualenv.py for tasks to queue
[2025-05-31T21:12:57.951-0300] {logging_mixin.py:188} INFO - [2025-05-31T21:12:57.951-0300] {dagbag.py:538} INFO - Filling up the DagBag from /home/walterg/Documentos/Data_projects/Data-Warehouse-postgres-DBT-airflow-/.venv/lib/python3.11/site-packages/airflow/example_dags/tutorial_taskflow_api_virtualenv.py
[2025-05-31T21:12:57.954-0300] {logging_mixin.py:188} INFO - [2025-05-31T21:12:57.954-0300] {tutorial_taskflow_api_virtualenv.py:29} WARNING - The tutorial_taskflow_api_virtualenv example DAG requires virtualenv, please install it.
[2025-05-31T21:12:57.954-0300] {processor.py:842} WARNING - No viable dags retrieved from /home/walterg/Documentos/Data_projects/Data-Warehouse-postgres-DBT-airflow-/.venv/lib/python3.11/site-packages/airflow/example_dags/tutorial_taskflow_api_virtualenv.py
[2025-05-31T21:12:57.963-0300] {processor.py:183} INFO - Processing /home/walterg/Documentos/Data_projects/Data-Warehouse-postgres-DBT-airflow-/.venv/lib/python3.11/site-packages/airflow/example_dags/tutorial_taskflow_api_virtualenv.py took 0.020 seconds
[2025-05-31T21:13:42.366-0300] {processor.py:161} INFO - Started process (PID=36592) to work on /home/walterg/Documentos/Data_projects/Data-Warehouse-postgres-DBT-airflow-/.venv/lib/python3.11/site-packages/airflow/example_dags/tutorial_taskflow_api_virtualenv.py
[2025-05-31T21:13:42.371-0300] {processor.py:830} INFO - Processing file /home/walterg/Documentos/Data_projects/Data-Warehouse-postgres-DBT-airflow-/.venv/lib/python3.11/site-packages/airflow/example_dags/tutorial_taskflow_api_virtualenv.py for tasks to queue
[2025-05-31T21:13:42.372-0300] {logging_mixin.py:188} INFO - [2025-05-31T21:13:42.372-0300] {dagbag.py:538} INFO - Filling up the DagBag from /home/walterg/Documentos/Data_projects/Data-Warehouse-postgres-DBT-airflow-/.venv/lib/python3.11/site-packages/airflow/example_dags/tutorial_taskflow_api_virtualenv.py
[2025-05-31T21:13:42.375-0300] {logging_mixin.py:188} INFO - [2025-05-31T21:13:42.374-0300] {tutorial_taskflow_api_virtualenv.py:29} WARNING - The tutorial_taskflow_api_virtualenv example DAG requires virtualenv, please install it.
[2025-05-31T21:13:42.375-0300] {processor.py:842} WARNING - No viable dags retrieved from /home/walterg/Documentos/Data_projects/Data-Warehouse-postgres-DBT-airflow-/.venv/lib/python3.11/site-packages/airflow/example_dags/tutorial_taskflow_api_virtualenv.py
[2025-05-31T21:13:42.385-0300] {processor.py:183} INFO - Processing /home/walterg/Documentos/Data_projects/Data-Warehouse-postgres-DBT-airflow-/.venv/lib/python3.11/site-packages/airflow/example_dags/tutorial_taskflow_api_virtualenv.py took 0.021 seconds
[2025-05-31T21:14:26.525-0300] {processor.py:161} INFO - Started process (PID=36870) to work on /home/walterg/Documentos/Data_projects/Data-Warehouse-postgres-DBT-airflow-/.venv/lib/python3.11/site-packages/airflow/example_dags/tutorial_taskflow_api_virtualenv.py
[2025-05-31T21:14:26.530-0300] {processor.py:830} INFO - Processing file /home/walterg/Documentos/Data_projects/Data-Warehouse-postgres-DBT-airflow-/.venv/lib/python3.11/site-packages/airflow/example_dags/tutorial_taskflow_api_virtualenv.py for tasks to queue
[2025-05-31T21:14:26.532-0300] {logging_mixin.py:188} INFO - [2025-05-31T21:14:26.531-0300] {dagbag.py:538} INFO - Filling up the DagBag from /home/walterg/Documentos/Data_projects/Data-Warehouse-postgres-DBT-airflow-/.venv/lib/python3.11/site-packages/airflow/example_dags/tutorial_taskflow_api_virtualenv.py
[2025-05-31T21:14:26.534-0300] {logging_mixin.py:188} INFO - [2025-05-31T21:14:26.534-0300] {tutorial_taskflow_api_virtualenv.py:29} WARNING - The tutorial_taskflow_api_virtualenv example DAG requires virtualenv, please install it.
[2025-05-31T21:14:26.534-0300] {processor.py:842} WARNING - No viable dags retrieved from /home/walterg/Documentos/Data_projects/Data-Warehouse-postgres-DBT-airflow-/.venv/lib/python3.11/site-packages/airflow/example_dags/tutorial_taskflow_api_virtualenv.py
[2025-05-31T21:14:26.543-0300] {processor.py:183} INFO - Processing /home/walterg/Documentos/Data_projects/Data-Warehouse-postgres-DBT-airflow-/.venv/lib/python3.11/site-packages/airflow/example_dags/tutorial_taskflow_api_virtualenv.py took 0.020 seconds
[2025-05-31T21:15:08.038-0300] {processor.py:161} INFO - Started process (PID=37128) to work on /home/walterg/Documentos/Data_projects/Data-Warehouse-postgres-DBT-airflow-/.venv/lib/python3.11/site-packages/airflow/example_dags/tutorial_taskflow_api_virtualenv.py
[2025-05-31T21:15:08.043-0300] {processor.py:830} INFO - Processing file /home/walterg/Documentos/Data_projects/Data-Warehouse-postgres-DBT-airflow-/.venv/lib/python3.11/site-packages/airflow/example_dags/tutorial_taskflow_api_virtualenv.py for tasks to queue
[2025-05-31T21:15:08.044-0300] {logging_mixin.py:188} INFO - [2025-05-31T21:15:08.044-0300] {dagbag.py:538} INFO - Filling up the DagBag from /home/walterg/Documentos/Data_projects/Data-Warehouse-postgres-DBT-airflow-/.venv/lib/python3.11/site-packages/airflow/example_dags/tutorial_taskflow_api_virtualenv.py
[2025-05-31T21:15:08.046-0300] {logging_mixin.py:188} INFO - [2025-05-31T21:15:08.046-0300] {tutorial_taskflow_api_virtualenv.py:29} WARNING - The tutorial_taskflow_api_virtualenv example DAG requires virtualenv, please install it.
[2025-05-31T21:15:08.046-0300] {processor.py:842} WARNING - No viable dags retrieved from /home/walterg/Documentos/Data_projects/Data-Warehouse-postgres-DBT-airflow-/.venv/lib/python3.11/site-packages/airflow/example_dags/tutorial_taskflow_api_virtualenv.py
[2025-05-31T21:15:08.054-0300] {processor.py:183} INFO - Processing /home/walterg/Documentos/Data_projects/Data-Warehouse-postgres-DBT-airflow-/.venv/lib/python3.11/site-packages/airflow/example_dags/tutorial_taskflow_api_virtualenv.py took 0.018 seconds
[2025-05-31T21:15:46.785-0300] {processor.py:161} INFO - Started process (PID=37315) to work on /home/walterg/Documentos/Data_projects/Data-Warehouse-postgres-DBT-airflow-/.venv/lib/python3.11/site-packages/airflow/example_dags/tutorial_taskflow_api_virtualenv.py
[2025-05-31T21:15:46.786-0300] {processor.py:830} INFO - Processing file /home/walterg/Documentos/Data_projects/Data-Warehouse-postgres-DBT-airflow-/.venv/lib/python3.11/site-packages/airflow/example_dags/tutorial_taskflow_api_virtualenv.py for tasks to queue
[2025-05-31T21:15:46.786-0300] {logging_mixin.py:188} INFO - [2025-05-31T21:15:46.786-0300] {dagbag.py:538} INFO - Filling up the DagBag from /home/walterg/Documentos/Data_projects/Data-Warehouse-postgres-DBT-airflow-/.venv/lib/python3.11/site-packages/airflow/example_dags/tutorial_taskflow_api_virtualenv.py
[2025-05-31T21:15:46.789-0300] {logging_mixin.py:188} INFO - [2025-05-31T21:15:46.788-0300] {tutorial_taskflow_api_virtualenv.py:29} WARNING - The tutorial_taskflow_api_virtualenv example DAG requires virtualenv, please install it.
[2025-05-31T21:15:46.789-0300] {processor.py:842} WARNING - No viable dags retrieved from /home/walterg/Documentos/Data_projects/Data-Warehouse-postgres-DBT-airflow-/.venv/lib/python3.11/site-packages/airflow/example_dags/tutorial_taskflow_api_virtualenv.py
[2025-05-31T21:15:46.797-0300] {processor.py:183} INFO - Processing /home/walterg/Documentos/Data_projects/Data-Warehouse-postgres-DBT-airflow-/.venv/lib/python3.11/site-packages/airflow/example_dags/tutorial_taskflow_api_virtualenv.py took 0.015 seconds
[2025-05-31T21:16:25.471-0300] {processor.py:161} INFO - Started process (PID=37602) to work on /home/walterg/Documentos/Data_projects/Data-Warehouse-postgres-DBT-airflow-/.venv/lib/python3.11/site-packages/airflow/example_dags/tutorial_taskflow_api_virtualenv.py
[2025-05-31T21:16:25.476-0300] {processor.py:830} INFO - Processing file /home/walterg/Documentos/Data_projects/Data-Warehouse-postgres-DBT-airflow-/.venv/lib/python3.11/site-packages/airflow/example_dags/tutorial_taskflow_api_virtualenv.py for tasks to queue
[2025-05-31T21:16:25.477-0300] {logging_mixin.py:188} INFO - [2025-05-31T21:16:25.477-0300] {dagbag.py:538} INFO - Filling up the DagBag from /home/walterg/Documentos/Data_projects/Data-Warehouse-postgres-DBT-airflow-/.venv/lib/python3.11/site-packages/airflow/example_dags/tutorial_taskflow_api_virtualenv.py
[2025-05-31T21:16:25.479-0300] {logging_mixin.py:188} INFO - [2025-05-31T21:16:25.479-0300] {tutorial_taskflow_api_virtualenv.py:29} WARNING - The tutorial_taskflow_api_virtualenv example DAG requires virtualenv, please install it.
[2025-05-31T21:16:25.479-0300] {processor.py:842} WARNING - No viable dags retrieved from /home/walterg/Documentos/Data_projects/Data-Warehouse-postgres-DBT-airflow-/.venv/lib/python3.11/site-packages/airflow/example_dags/tutorial_taskflow_api_virtualenv.py
[2025-05-31T21:16:25.488-0300] {processor.py:183} INFO - Processing /home/walterg/Documentos/Data_projects/Data-Warehouse-postgres-DBT-airflow-/.venv/lib/python3.11/site-packages/airflow/example_dags/tutorial_taskflow_api_virtualenv.py took 0.019 seconds
[2025-05-31T21:17:10.929-0300] {processor.py:161} INFO - Started process (PID=37823) to work on /home/walterg/Documentos/Data_projects/Data-Warehouse-postgres-DBT-airflow-/.venv/lib/python3.11/site-packages/airflow/example_dags/tutorial_taskflow_api_virtualenv.py
[2025-05-31T21:17:10.934-0300] {processor.py:830} INFO - Processing file /home/walterg/Documentos/Data_projects/Data-Warehouse-postgres-DBT-airflow-/.venv/lib/python3.11/site-packages/airflow/example_dags/tutorial_taskflow_api_virtualenv.py for tasks to queue
[2025-05-31T21:17:10.935-0300] {logging_mixin.py:188} INFO - [2025-05-31T21:17:10.935-0300] {dagbag.py:538} INFO - Filling up the DagBag from /home/walterg/Documentos/Data_projects/Data-Warehouse-postgres-DBT-airflow-/.venv/lib/python3.11/site-packages/airflow/example_dags/tutorial_taskflow_api_virtualenv.py
[2025-05-31T21:17:10.938-0300] {logging_mixin.py:188} INFO - [2025-05-31T21:17:10.937-0300] {tutorial_taskflow_api_virtualenv.py:29} WARNING - The tutorial_taskflow_api_virtualenv example DAG requires virtualenv, please install it.
[2025-05-31T21:17:10.938-0300] {processor.py:842} WARNING - No viable dags retrieved from /home/walterg/Documentos/Data_projects/Data-Warehouse-postgres-DBT-airflow-/.venv/lib/python3.11/site-packages/airflow/example_dags/tutorial_taskflow_api_virtualenv.py
[2025-05-31T21:17:10.946-0300] {processor.py:183} INFO - Processing /home/walterg/Documentos/Data_projects/Data-Warehouse-postgres-DBT-airflow-/.venv/lib/python3.11/site-packages/airflow/example_dags/tutorial_taskflow_api_virtualenv.py took 0.019 seconds
[2025-05-31T21:17:55.741-0300] {processor.py:161} INFO - Started process (PID=37942) to work on /home/walterg/Documentos/Data_projects/Data-Warehouse-postgres-DBT-airflow-/.venv/lib/python3.11/site-packages/airflow/example_dags/tutorial_taskflow_api_virtualenv.py
[2025-05-31T21:17:55.746-0300] {processor.py:830} INFO - Processing file /home/walterg/Documentos/Data_projects/Data-Warehouse-postgres-DBT-airflow-/.venv/lib/python3.11/site-packages/airflow/example_dags/tutorial_taskflow_api_virtualenv.py for tasks to queue
[2025-05-31T21:17:55.747-0300] {logging_mixin.py:188} INFO - [2025-05-31T21:17:55.747-0300] {dagbag.py:538} INFO - Filling up the DagBag from /home/walterg/Documentos/Data_projects/Data-Warehouse-postgres-DBT-airflow-/.venv/lib/python3.11/site-packages/airflow/example_dags/tutorial_taskflow_api_virtualenv.py
[2025-05-31T21:17:55.750-0300] {logging_mixin.py:188} INFO - [2025-05-31T21:17:55.750-0300] {tutorial_taskflow_api_virtualenv.py:29} WARNING - The tutorial_taskflow_api_virtualenv example DAG requires virtualenv, please install it.
[2025-05-31T21:17:55.750-0300] {processor.py:842} WARNING - No viable dags retrieved from /home/walterg/Documentos/Data_projects/Data-Warehouse-postgres-DBT-airflow-/.venv/lib/python3.11/site-packages/airflow/example_dags/tutorial_taskflow_api_virtualenv.py
[2025-05-31T21:17:55.758-0300] {processor.py:183} INFO - Processing /home/walterg/Documentos/Data_projects/Data-Warehouse-postgres-DBT-airflow-/.venv/lib/python3.11/site-packages/airflow/example_dags/tutorial_taskflow_api_virtualenv.py took 0.020 seconds
[2025-05-31T21:18:41.431-0300] {processor.py:161} INFO - Started process (PID=38138) to work on /home/walterg/Documentos/Data_projects/Data-Warehouse-postgres-DBT-airflow-/.venv/lib/python3.11/site-packages/airflow/example_dags/tutorial_taskflow_api_virtualenv.py
[2025-05-31T21:18:41.436-0300] {processor.py:830} INFO - Processing file /home/walterg/Documentos/Data_projects/Data-Warehouse-postgres-DBT-airflow-/.venv/lib/python3.11/site-packages/airflow/example_dags/tutorial_taskflow_api_virtualenv.py for tasks to queue
[2025-05-31T21:18:41.436-0300] {logging_mixin.py:188} INFO - [2025-05-31T21:18:41.436-0300] {dagbag.py:538} INFO - Filling up the DagBag from /home/walterg/Documentos/Data_projects/Data-Warehouse-postgres-DBT-airflow-/.venv/lib/python3.11/site-packages/airflow/example_dags/tutorial_taskflow_api_virtualenv.py
[2025-05-31T21:18:41.440-0300] {logging_mixin.py:188} INFO - [2025-05-31T21:18:41.439-0300] {tutorial_taskflow_api_virtualenv.py:29} WARNING - The tutorial_taskflow_api_virtualenv example DAG requires virtualenv, please install it.
[2025-05-31T21:18:41.440-0300] {processor.py:842} WARNING - No viable dags retrieved from /home/walterg/Documentos/Data_projects/Data-Warehouse-postgres-DBT-airflow-/.venv/lib/python3.11/site-packages/airflow/example_dags/tutorial_taskflow_api_virtualenv.py
[2025-05-31T21:18:41.448-0300] {processor.py:183} INFO - Processing /home/walterg/Documentos/Data_projects/Data-Warehouse-postgres-DBT-airflow-/.venv/lib/python3.11/site-packages/airflow/example_dags/tutorial_taskflow_api_virtualenv.py took 0.020 seconds
[2025-05-31T21:19:22.993-0300] {processor.py:161} INFO - Started process (PID=38359) to work on /home/walterg/Documentos/Data_projects/Data-Warehouse-postgres-DBT-airflow-/.venv/lib/python3.11/site-packages/airflow/example_dags/tutorial_taskflow_api_virtualenv.py
[2025-05-31T21:19:22.994-0300] {processor.py:830} INFO - Processing file /home/walterg/Documentos/Data_projects/Data-Warehouse-postgres-DBT-airflow-/.venv/lib/python3.11/site-packages/airflow/example_dags/tutorial_taskflow_api_virtualenv.py for tasks to queue
[2025-05-31T21:19:22.995-0300] {logging_mixin.py:188} INFO - [2025-05-31T21:19:22.994-0300] {dagbag.py:538} INFO - Filling up the DagBag from /home/walterg/Documentos/Data_projects/Data-Warehouse-postgres-DBT-airflow-/.venv/lib/python3.11/site-packages/airflow/example_dags/tutorial_taskflow_api_virtualenv.py
[2025-05-31T21:19:22.997-0300] {logging_mixin.py:188} INFO - [2025-05-31T21:19:22.997-0300] {tutorial_taskflow_api_virtualenv.py:29} WARNING - The tutorial_taskflow_api_virtualenv example DAG requires virtualenv, please install it.
[2025-05-31T21:19:22.997-0300] {processor.py:842} WARNING - No viable dags retrieved from /home/walterg/Documentos/Data_projects/Data-Warehouse-postgres-DBT-airflow-/.venv/lib/python3.11/site-packages/airflow/example_dags/tutorial_taskflow_api_virtualenv.py
[2025-05-31T21:19:23.006-0300] {processor.py:183} INFO - Processing /home/walterg/Documentos/Data_projects/Data-Warehouse-postgres-DBT-airflow-/.venv/lib/python3.11/site-packages/airflow/example_dags/tutorial_taskflow_api_virtualenv.py took 0.015 seconds
[2025-05-31T21:20:06.642-0300] {processor.py:161} INFO - Started process (PID=38523) to work on /home/walterg/Documentos/Data_projects/Data-Warehouse-postgres-DBT-airflow-/.venv/lib/python3.11/site-packages/airflow/example_dags/tutorial_taskflow_api_virtualenv.py
[2025-05-31T21:20:06.647-0300] {processor.py:830} INFO - Processing file /home/walterg/Documentos/Data_projects/Data-Warehouse-postgres-DBT-airflow-/.venv/lib/python3.11/site-packages/airflow/example_dags/tutorial_taskflow_api_virtualenv.py for tasks to queue
[2025-05-31T21:20:06.648-0300] {logging_mixin.py:188} INFO - [2025-05-31T21:20:06.647-0300] {dagbag.py:538} INFO - Filling up the DagBag from /home/walterg/Documentos/Data_projects/Data-Warehouse-postgres-DBT-airflow-/.venv/lib/python3.11/site-packages/airflow/example_dags/tutorial_taskflow_api_virtualenv.py
[2025-05-31T21:20:06.650-0300] {logging_mixin.py:188} INFO - [2025-05-31T21:20:06.650-0300] {tutorial_taskflow_api_virtualenv.py:29} WARNING - The tutorial_taskflow_api_virtualenv example DAG requires virtualenv, please install it.
[2025-05-31T21:20:06.650-0300] {processor.py:842} WARNING - No viable dags retrieved from /home/walterg/Documentos/Data_projects/Data-Warehouse-postgres-DBT-airflow-/.venv/lib/python3.11/site-packages/airflow/example_dags/tutorial_taskflow_api_virtualenv.py
[2025-05-31T21:20:06.659-0300] {processor.py:183} INFO - Processing /home/walterg/Documentos/Data_projects/Data-Warehouse-postgres-DBT-airflow-/.venv/lib/python3.11/site-packages/airflow/example_dags/tutorial_taskflow_api_virtualenv.py took 0.020 seconds
[2025-05-31T21:20:45.899-0300] {processor.py:161} INFO - Started process (PID=38648) to work on /home/walterg/Documentos/Data_projects/Data-Warehouse-postgres-DBT-airflow-/.venv/lib/python3.11/site-packages/airflow/example_dags/tutorial_taskflow_api_virtualenv.py
[2025-05-31T21:20:45.903-0300] {processor.py:830} INFO - Processing file /home/walterg/Documentos/Data_projects/Data-Warehouse-postgres-DBT-airflow-/.venv/lib/python3.11/site-packages/airflow/example_dags/tutorial_taskflow_api_virtualenv.py for tasks to queue
[2025-05-31T21:20:45.905-0300] {logging_mixin.py:188} INFO - [2025-05-31T21:20:45.904-0300] {dagbag.py:538} INFO - Filling up the DagBag from /home/walterg/Documentos/Data_projects/Data-Warehouse-postgres-DBT-airflow-/.venv/lib/python3.11/site-packages/airflow/example_dags/tutorial_taskflow_api_virtualenv.py
[2025-05-31T21:20:45.907-0300] {logging_mixin.py:188} INFO - [2025-05-31T21:20:45.907-0300] {tutorial_taskflow_api_virtualenv.py:29} WARNING - The tutorial_taskflow_api_virtualenv example DAG requires virtualenv, please install it.
[2025-05-31T21:20:45.907-0300] {processor.py:842} WARNING - No viable dags retrieved from /home/walterg/Documentos/Data_projects/Data-Warehouse-postgres-DBT-airflow-/.venv/lib/python3.11/site-packages/airflow/example_dags/tutorial_taskflow_api_virtualenv.py
[2025-05-31T21:20:45.915-0300] {processor.py:183} INFO - Processing /home/walterg/Documentos/Data_projects/Data-Warehouse-postgres-DBT-airflow-/.venv/lib/python3.11/site-packages/airflow/example_dags/tutorial_taskflow_api_virtualenv.py took 0.019 seconds
[2025-05-31T21:21:25.977-0300] {processor.py:161} INFO - Started process (PID=38886) to work on /home/walterg/Documentos/Data_projects/Data-Warehouse-postgres-DBT-airflow-/.venv/lib/python3.11/site-packages/airflow/example_dags/tutorial_taskflow_api_virtualenv.py
[2025-05-31T21:21:25.982-0300] {processor.py:830} INFO - Processing file /home/walterg/Documentos/Data_projects/Data-Warehouse-postgres-DBT-airflow-/.venv/lib/python3.11/site-packages/airflow/example_dags/tutorial_taskflow_api_virtualenv.py for tasks to queue
[2025-05-31T21:21:25.983-0300] {logging_mixin.py:188} INFO - [2025-05-31T21:21:25.983-0300] {dagbag.py:538} INFO - Filling up the DagBag from /home/walterg/Documentos/Data_projects/Data-Warehouse-postgres-DBT-airflow-/.venv/lib/python3.11/site-packages/airflow/example_dags/tutorial_taskflow_api_virtualenv.py
[2025-05-31T21:21:25.986-0300] {logging_mixin.py:188} INFO - [2025-05-31T21:21:25.986-0300] {tutorial_taskflow_api_virtualenv.py:29} WARNING - The tutorial_taskflow_api_virtualenv example DAG requires virtualenv, please install it.
[2025-05-31T21:21:25.986-0300] {processor.py:842} WARNING - No viable dags retrieved from /home/walterg/Documentos/Data_projects/Data-Warehouse-postgres-DBT-airflow-/.venv/lib/python3.11/site-packages/airflow/example_dags/tutorial_taskflow_api_virtualenv.py
[2025-05-31T21:21:25.995-0300] {processor.py:183} INFO - Processing /home/walterg/Documentos/Data_projects/Data-Warehouse-postgres-DBT-airflow-/.venv/lib/python3.11/site-packages/airflow/example_dags/tutorial_taskflow_api_virtualenv.py took 0.020 seconds
[2025-05-31T21:22:09.564-0300] {processor.py:161} INFO - Started process (PID=39182) to work on /home/walterg/Documentos/Data_projects/Data-Warehouse-postgres-DBT-airflow-/.venv/lib/python3.11/site-packages/airflow/example_dags/tutorial_taskflow_api_virtualenv.py
[2025-05-31T21:22:09.569-0300] {processor.py:830} INFO - Processing file /home/walterg/Documentos/Data_projects/Data-Warehouse-postgres-DBT-airflow-/.venv/lib/python3.11/site-packages/airflow/example_dags/tutorial_taskflow_api_virtualenv.py for tasks to queue
[2025-05-31T21:22:09.570-0300] {logging_mixin.py:188} INFO - [2025-05-31T21:22:09.569-0300] {dagbag.py:538} INFO - Filling up the DagBag from /home/walterg/Documentos/Data_projects/Data-Warehouse-postgres-DBT-airflow-/.venv/lib/python3.11/site-packages/airflow/example_dags/tutorial_taskflow_api_virtualenv.py
[2025-05-31T21:22:09.572-0300] {logging_mixin.py:188} INFO - [2025-05-31T21:22:09.572-0300] {tutorial_taskflow_api_virtualenv.py:29} WARNING - The tutorial_taskflow_api_virtualenv example DAG requires virtualenv, please install it.
[2025-05-31T21:22:09.572-0300] {processor.py:842} WARNING - No viable dags retrieved from /home/walterg/Documentos/Data_projects/Data-Warehouse-postgres-DBT-airflow-/.venv/lib/python3.11/site-packages/airflow/example_dags/tutorial_taskflow_api_virtualenv.py
[2025-05-31T21:22:09.581-0300] {processor.py:183} INFO - Processing /home/walterg/Documentos/Data_projects/Data-Warehouse-postgres-DBT-airflow-/.venv/lib/python3.11/site-packages/airflow/example_dags/tutorial_taskflow_api_virtualenv.py took 0.020 seconds
[2025-05-31T21:22:51.807-0300] {processor.py:161} INFO - Started process (PID=39371) to work on /home/walterg/Documentos/Data_projects/Data-Warehouse-postgres-DBT-airflow-/.venv/lib/python3.11/site-packages/airflow/example_dags/tutorial_taskflow_api_virtualenv.py
[2025-05-31T21:22:51.813-0300] {processor.py:830} INFO - Processing file /home/walterg/Documentos/Data_projects/Data-Warehouse-postgres-DBT-airflow-/.venv/lib/python3.11/site-packages/airflow/example_dags/tutorial_taskflow_api_virtualenv.py for tasks to queue
[2025-05-31T21:22:51.814-0300] {logging_mixin.py:188} INFO - [2025-05-31T21:22:51.814-0300] {dagbag.py:538} INFO - Filling up the DagBag from /home/walterg/Documentos/Data_projects/Data-Warehouse-postgres-DBT-airflow-/.venv/lib/python3.11/site-packages/airflow/example_dags/tutorial_taskflow_api_virtualenv.py
[2025-05-31T21:22:51.816-0300] {logging_mixin.py:188} INFO - [2025-05-31T21:22:51.816-0300] {tutorial_taskflow_api_virtualenv.py:29} WARNING - The tutorial_taskflow_api_virtualenv example DAG requires virtualenv, please install it.
[2025-05-31T21:22:51.816-0300] {processor.py:842} WARNING - No viable dags retrieved from /home/walterg/Documentos/Data_projects/Data-Warehouse-postgres-DBT-airflow-/.venv/lib/python3.11/site-packages/airflow/example_dags/tutorial_taskflow_api_virtualenv.py
[2025-05-31T21:22:51.825-0300] {processor.py:183} INFO - Processing /home/walterg/Documentos/Data_projects/Data-Warehouse-postgres-DBT-airflow-/.venv/lib/python3.11/site-packages/airflow/example_dags/tutorial_taskflow_api_virtualenv.py took 0.020 seconds
[2025-05-31T21:23:36.263-0300] {processor.py:161} INFO - Started process (PID=39584) to work on /home/walterg/Documentos/Data_projects/Data-Warehouse-postgres-DBT-airflow-/.venv/lib/python3.11/site-packages/airflow/example_dags/tutorial_taskflow_api_virtualenv.py
[2025-05-31T21:23:36.268-0300] {processor.py:830} INFO - Processing file /home/walterg/Documentos/Data_projects/Data-Warehouse-postgres-DBT-airflow-/.venv/lib/python3.11/site-packages/airflow/example_dags/tutorial_taskflow_api_virtualenv.py for tasks to queue
[2025-05-31T21:23:36.269-0300] {logging_mixin.py:188} INFO - [2025-05-31T21:23:36.269-0300] {dagbag.py:538} INFO - Filling up the DagBag from /home/walterg/Documentos/Data_projects/Data-Warehouse-postgres-DBT-airflow-/.venv/lib/python3.11/site-packages/airflow/example_dags/tutorial_taskflow_api_virtualenv.py
[2025-05-31T21:23:36.272-0300] {logging_mixin.py:188} INFO - [2025-05-31T21:23:36.272-0300] {tutorial_taskflow_api_virtualenv.py:29} WARNING - The tutorial_taskflow_api_virtualenv example DAG requires virtualenv, please install it.
[2025-05-31T21:23:36.272-0300] {processor.py:842} WARNING - No viable dags retrieved from /home/walterg/Documentos/Data_projects/Data-Warehouse-postgres-DBT-airflow-/.venv/lib/python3.11/site-packages/airflow/example_dags/tutorial_taskflow_api_virtualenv.py
[2025-05-31T21:23:36.282-0300] {processor.py:183} INFO - Processing /home/walterg/Documentos/Data_projects/Data-Warehouse-postgres-DBT-airflow-/.venv/lib/python3.11/site-packages/airflow/example_dags/tutorial_taskflow_api_virtualenv.py took 0.022 seconds
[2025-05-31T21:24:23.826-0300] {processor.py:161} INFO - Started process (PID=39758) to work on /home/walterg/Documentos/Data_projects/Data-Warehouse-postgres-DBT-airflow-/.venv/lib/python3.11/site-packages/airflow/example_dags/tutorial_taskflow_api_virtualenv.py
[2025-05-31T21:24:23.831-0300] {processor.py:830} INFO - Processing file /home/walterg/Documentos/Data_projects/Data-Warehouse-postgres-DBT-airflow-/.venv/lib/python3.11/site-packages/airflow/example_dags/tutorial_taskflow_api_virtualenv.py for tasks to queue
[2025-05-31T21:24:23.832-0300] {logging_mixin.py:188} INFO - [2025-05-31T21:24:23.832-0300] {dagbag.py:538} INFO - Filling up the DagBag from /home/walterg/Documentos/Data_projects/Data-Warehouse-postgres-DBT-airflow-/.venv/lib/python3.11/site-packages/airflow/example_dags/tutorial_taskflow_api_virtualenv.py
[2025-05-31T21:24:23.835-0300] {logging_mixin.py:188} INFO - [2025-05-31T21:24:23.835-0300] {tutorial_taskflow_api_virtualenv.py:29} WARNING - The tutorial_taskflow_api_virtualenv example DAG requires virtualenv, please install it.
[2025-05-31T21:24:23.835-0300] {processor.py:842} WARNING - No viable dags retrieved from /home/walterg/Documentos/Data_projects/Data-Warehouse-postgres-DBT-airflow-/.venv/lib/python3.11/site-packages/airflow/example_dags/tutorial_taskflow_api_virtualenv.py
[2025-05-31T21:24:23.844-0300] {processor.py:183} INFO - Processing /home/walterg/Documentos/Data_projects/Data-Warehouse-postgres-DBT-airflow-/.venv/lib/python3.11/site-packages/airflow/example_dags/tutorial_taskflow_api_virtualenv.py took 0.021 seconds
[2025-05-31T21:25:14.409-0300] {processor.py:161} INFO - Started process (PID=40014) to work on /home/walterg/Documentos/Data_projects/Data-Warehouse-postgres-DBT-airflow-/.venv/lib/python3.11/site-packages/airflow/example_dags/tutorial_taskflow_api_virtualenv.py
[2025-05-31T21:25:14.415-0300] {processor.py:830} INFO - Processing file /home/walterg/Documentos/Data_projects/Data-Warehouse-postgres-DBT-airflow-/.venv/lib/python3.11/site-packages/airflow/example_dags/tutorial_taskflow_api_virtualenv.py for tasks to queue
[2025-05-31T21:25:14.416-0300] {logging_mixin.py:188} INFO - [2025-05-31T21:25:14.416-0300] {dagbag.py:538} INFO - Filling up the DagBag from /home/walterg/Documentos/Data_projects/Data-Warehouse-postgres-DBT-airflow-/.venv/lib/python3.11/site-packages/airflow/example_dags/tutorial_taskflow_api_virtualenv.py
[2025-05-31T21:25:14.418-0300] {logging_mixin.py:188} INFO - [2025-05-31T21:25:14.418-0300] {tutorial_taskflow_api_virtualenv.py:29} WARNING - The tutorial_taskflow_api_virtualenv example DAG requires virtualenv, please install it.
[2025-05-31T21:25:14.418-0300] {processor.py:842} WARNING - No viable dags retrieved from /home/walterg/Documentos/Data_projects/Data-Warehouse-postgres-DBT-airflow-/.venv/lib/python3.11/site-packages/airflow/example_dags/tutorial_taskflow_api_virtualenv.py
[2025-05-31T21:25:14.427-0300] {processor.py:183} INFO - Processing /home/walterg/Documentos/Data_projects/Data-Warehouse-postgres-DBT-airflow-/.venv/lib/python3.11/site-packages/airflow/example_dags/tutorial_taskflow_api_virtualenv.py took 0.020 seconds
[2025-05-31T21:25:55.786-0300] {processor.py:161} INFO - Started process (PID=40329) to work on /home/walterg/Documentos/Data_projects/Data-Warehouse-postgres-DBT-airflow-/.venv/lib/python3.11/site-packages/airflow/example_dags/tutorial_taskflow_api_virtualenv.py
[2025-05-31T21:25:55.791-0300] {processor.py:830} INFO - Processing file /home/walterg/Documentos/Data_projects/Data-Warehouse-postgres-DBT-airflow-/.venv/lib/python3.11/site-packages/airflow/example_dags/tutorial_taskflow_api_virtualenv.py for tasks to queue
[2025-05-31T21:25:55.792-0300] {logging_mixin.py:188} INFO - [2025-05-31T21:25:55.791-0300] {dagbag.py:538} INFO - Filling up the DagBag from /home/walterg/Documentos/Data_projects/Data-Warehouse-postgres-DBT-airflow-/.venv/lib/python3.11/site-packages/airflow/example_dags/tutorial_taskflow_api_virtualenv.py
[2025-05-31T21:25:55.794-0300] {logging_mixin.py:188} INFO - [2025-05-31T21:25:55.794-0300] {tutorial_taskflow_api_virtualenv.py:29} WARNING - The tutorial_taskflow_api_virtualenv example DAG requires virtualenv, please install it.
[2025-05-31T21:25:55.794-0300] {processor.py:842} WARNING - No viable dags retrieved from /home/walterg/Documentos/Data_projects/Data-Warehouse-postgres-DBT-airflow-/.venv/lib/python3.11/site-packages/airflow/example_dags/tutorial_taskflow_api_virtualenv.py
[2025-05-31T21:25:55.802-0300] {processor.py:183} INFO - Processing /home/walterg/Documentos/Data_projects/Data-Warehouse-postgres-DBT-airflow-/.venv/lib/python3.11/site-packages/airflow/example_dags/tutorial_taskflow_api_virtualenv.py took 0.019 seconds
[2025-05-31T21:26:35.038-0300] {processor.py:161} INFO - Started process (PID=40585) to work on /home/walterg/Documentos/Data_projects/Data-Warehouse-postgres-DBT-airflow-/.venv/lib/python3.11/site-packages/airflow/example_dags/tutorial_taskflow_api_virtualenv.py
[2025-05-31T21:26:35.044-0300] {processor.py:830} INFO - Processing file /home/walterg/Documentos/Data_projects/Data-Warehouse-postgres-DBT-airflow-/.venv/lib/python3.11/site-packages/airflow/example_dags/tutorial_taskflow_api_virtualenv.py for tasks to queue
[2025-05-31T21:26:35.045-0300] {logging_mixin.py:188} INFO - [2025-05-31T21:26:35.045-0300] {dagbag.py:538} INFO - Filling up the DagBag from /home/walterg/Documentos/Data_projects/Data-Warehouse-postgres-DBT-airflow-/.venv/lib/python3.11/site-packages/airflow/example_dags/tutorial_taskflow_api_virtualenv.py
[2025-05-31T21:26:35.050-0300] {logging_mixin.py:188} INFO - [2025-05-31T21:26:35.050-0300] {tutorial_taskflow_api_virtualenv.py:29} WARNING - The tutorial_taskflow_api_virtualenv example DAG requires virtualenv, please install it.
[2025-05-31T21:26:35.050-0300] {processor.py:842} WARNING - No viable dags retrieved from /home/walterg/Documentos/Data_projects/Data-Warehouse-postgres-DBT-airflow-/.venv/lib/python3.11/site-packages/airflow/example_dags/tutorial_taskflow_api_virtualenv.py
[2025-05-31T21:26:35.063-0300] {processor.py:183} INFO - Processing /home/walterg/Documentos/Data_projects/Data-Warehouse-postgres-DBT-airflow-/.venv/lib/python3.11/site-packages/airflow/example_dags/tutorial_taskflow_api_virtualenv.py took 0.028 seconds
[2025-05-31T21:27:16.702-0300] {processor.py:161} INFO - Started process (PID=40864) to work on /home/walterg/Documentos/Data_projects/Data-Warehouse-postgres-DBT-airflow-/.venv/lib/python3.11/site-packages/airflow/example_dags/tutorial_taskflow_api_virtualenv.py
[2025-05-31T21:27:16.707-0300] {processor.py:830} INFO - Processing file /home/walterg/Documentos/Data_projects/Data-Warehouse-postgres-DBT-airflow-/.venv/lib/python3.11/site-packages/airflow/example_dags/tutorial_taskflow_api_virtualenv.py for tasks to queue
[2025-05-31T21:27:16.708-0300] {logging_mixin.py:188} INFO - [2025-05-31T21:27:16.708-0300] {dagbag.py:538} INFO - Filling up the DagBag from /home/walterg/Documentos/Data_projects/Data-Warehouse-postgres-DBT-airflow-/.venv/lib/python3.11/site-packages/airflow/example_dags/tutorial_taskflow_api_virtualenv.py
[2025-05-31T21:27:16.711-0300] {logging_mixin.py:188} INFO - [2025-05-31T21:27:16.711-0300] {tutorial_taskflow_api_virtualenv.py:29} WARNING - The tutorial_taskflow_api_virtualenv example DAG requires virtualenv, please install it.
[2025-05-31T21:27:16.711-0300] {processor.py:842} WARNING - No viable dags retrieved from /home/walterg/Documentos/Data_projects/Data-Warehouse-postgres-DBT-airflow-/.venv/lib/python3.11/site-packages/airflow/example_dags/tutorial_taskflow_api_virtualenv.py
[2025-05-31T21:27:16.719-0300] {processor.py:183} INFO - Processing /home/walterg/Documentos/Data_projects/Data-Warehouse-postgres-DBT-airflow-/.venv/lib/python3.11/site-packages/airflow/example_dags/tutorial_taskflow_api_virtualenv.py took 0.020 seconds
[2025-05-31T21:27:56.044-0300] {processor.py:161} INFO - Started process (PID=41242) to work on /home/walterg/Documentos/Data_projects/Data-Warehouse-postgres-DBT-airflow-/.venv/lib/python3.11/site-packages/airflow/example_dags/tutorial_taskflow_api_virtualenv.py
[2025-05-31T21:27:56.049-0300] {processor.py:830} INFO - Processing file /home/walterg/Documentos/Data_projects/Data-Warehouse-postgres-DBT-airflow-/.venv/lib/python3.11/site-packages/airflow/example_dags/tutorial_taskflow_api_virtualenv.py for tasks to queue
[2025-05-31T21:27:56.050-0300] {logging_mixin.py:188} INFO - [2025-05-31T21:27:56.050-0300] {dagbag.py:538} INFO - Filling up the DagBag from /home/walterg/Documentos/Data_projects/Data-Warehouse-postgres-DBT-airflow-/.venv/lib/python3.11/site-packages/airflow/example_dags/tutorial_taskflow_api_virtualenv.py
[2025-05-31T21:27:56.053-0300] {logging_mixin.py:188} INFO - [2025-05-31T21:27:56.053-0300] {tutorial_taskflow_api_virtualenv.py:29} WARNING - The tutorial_taskflow_api_virtualenv example DAG requires virtualenv, please install it.
[2025-05-31T21:27:56.053-0300] {processor.py:842} WARNING - No viable dags retrieved from /home/walterg/Documentos/Data_projects/Data-Warehouse-postgres-DBT-airflow-/.venv/lib/python3.11/site-packages/airflow/example_dags/tutorial_taskflow_api_virtualenv.py
[2025-05-31T21:27:56.062-0300] {processor.py:183} INFO - Processing /home/walterg/Documentos/Data_projects/Data-Warehouse-postgres-DBT-airflow-/.venv/lib/python3.11/site-packages/airflow/example_dags/tutorial_taskflow_api_virtualenv.py took 0.021 seconds
[2025-05-31T21:28:38.451-0300] {processor.py:161} INFO - Started process (PID=41427) to work on /home/walterg/Documentos/Data_projects/Data-Warehouse-postgres-DBT-airflow-/.venv/lib/python3.11/site-packages/airflow/example_dags/tutorial_taskflow_api_virtualenv.py
[2025-05-31T21:28:38.456-0300] {processor.py:830} INFO - Processing file /home/walterg/Documentos/Data_projects/Data-Warehouse-postgres-DBT-airflow-/.venv/lib/python3.11/site-packages/airflow/example_dags/tutorial_taskflow_api_virtualenv.py for tasks to queue
[2025-05-31T21:28:38.457-0300] {logging_mixin.py:188} INFO - [2025-05-31T21:28:38.457-0300] {dagbag.py:538} INFO - Filling up the DagBag from /home/walterg/Documentos/Data_projects/Data-Warehouse-postgres-DBT-airflow-/.venv/lib/python3.11/site-packages/airflow/example_dags/tutorial_taskflow_api_virtualenv.py
[2025-05-31T21:28:38.460-0300] {logging_mixin.py:188} INFO - [2025-05-31T21:28:38.459-0300] {tutorial_taskflow_api_virtualenv.py:29} WARNING - The tutorial_taskflow_api_virtualenv example DAG requires virtualenv, please install it.
[2025-05-31T21:28:38.460-0300] {processor.py:842} WARNING - No viable dags retrieved from /home/walterg/Documentos/Data_projects/Data-Warehouse-postgres-DBT-airflow-/.venv/lib/python3.11/site-packages/airflow/example_dags/tutorial_taskflow_api_virtualenv.py
[2025-05-31T21:28:38.468-0300] {processor.py:183} INFO - Processing /home/walterg/Documentos/Data_projects/Data-Warehouse-postgres-DBT-airflow-/.venv/lib/python3.11/site-packages/airflow/example_dags/tutorial_taskflow_api_virtualenv.py took 0.020 seconds
[2025-05-31T21:29:19.322-0300] {processor.py:161} INFO - Started process (PID=41641) to work on /home/walterg/Documentos/Data_projects/Data-Warehouse-postgres-DBT-airflow-/.venv/lib/python3.11/site-packages/airflow/example_dags/tutorial_taskflow_api_virtualenv.py
[2025-05-31T21:29:19.328-0300] {processor.py:830} INFO - Processing file /home/walterg/Documentos/Data_projects/Data-Warehouse-postgres-DBT-airflow-/.venv/lib/python3.11/site-packages/airflow/example_dags/tutorial_taskflow_api_virtualenv.py for tasks to queue
[2025-05-31T21:29:19.329-0300] {logging_mixin.py:188} INFO - [2025-05-31T21:29:19.328-0300] {dagbag.py:538} INFO - Filling up the DagBag from /home/walterg/Documentos/Data_projects/Data-Warehouse-postgres-DBT-airflow-/.venv/lib/python3.11/site-packages/airflow/example_dags/tutorial_taskflow_api_virtualenv.py
[2025-05-31T21:29:19.331-0300] {logging_mixin.py:188} INFO - [2025-05-31T21:29:19.331-0300] {tutorial_taskflow_api_virtualenv.py:29} WARNING - The tutorial_taskflow_api_virtualenv example DAG requires virtualenv, please install it.
[2025-05-31T21:29:19.332-0300] {processor.py:842} WARNING - No viable dags retrieved from /home/walterg/Documentos/Data_projects/Data-Warehouse-postgres-DBT-airflow-/.venv/lib/python3.11/site-packages/airflow/example_dags/tutorial_taskflow_api_virtualenv.py
[2025-05-31T21:29:19.340-0300] {processor.py:183} INFO - Processing /home/walterg/Documentos/Data_projects/Data-Warehouse-postgres-DBT-airflow-/.venv/lib/python3.11/site-packages/airflow/example_dags/tutorial_taskflow_api_virtualenv.py took 0.020 seconds
[2025-05-31T21:29:57.600-0300] {processor.py:161} INFO - Started process (PID=41739) to work on /home/walterg/Documentos/Data_projects/Data-Warehouse-postgres-DBT-airflow-/.venv/lib/python3.11/site-packages/airflow/example_dags/tutorial_taskflow_api_virtualenv.py
[2025-05-31T21:29:57.606-0300] {processor.py:830} INFO - Processing file /home/walterg/Documentos/Data_projects/Data-Warehouse-postgres-DBT-airflow-/.venv/lib/python3.11/site-packages/airflow/example_dags/tutorial_taskflow_api_virtualenv.py for tasks to queue
[2025-05-31T21:29:57.606-0300] {logging_mixin.py:188} INFO - [2025-05-31T21:29:57.606-0300] {dagbag.py:538} INFO - Filling up the DagBag from /home/walterg/Documentos/Data_projects/Data-Warehouse-postgres-DBT-airflow-/.venv/lib/python3.11/site-packages/airflow/example_dags/tutorial_taskflow_api_virtualenv.py
[2025-05-31T21:29:57.609-0300] {logging_mixin.py:188} INFO - [2025-05-31T21:29:57.609-0300] {tutorial_taskflow_api_virtualenv.py:29} WARNING - The tutorial_taskflow_api_virtualenv example DAG requires virtualenv, please install it.
[2025-05-31T21:29:57.609-0300] {processor.py:842} WARNING - No viable dags retrieved from /home/walterg/Documentos/Data_projects/Data-Warehouse-postgres-DBT-airflow-/.venv/lib/python3.11/site-packages/airflow/example_dags/tutorial_taskflow_api_virtualenv.py
[2025-05-31T21:29:57.618-0300] {processor.py:183} INFO - Processing /home/walterg/Documentos/Data_projects/Data-Warehouse-postgres-DBT-airflow-/.venv/lib/python3.11/site-packages/airflow/example_dags/tutorial_taskflow_api_virtualenv.py took 0.020 seconds
[2025-05-31T21:30:38.142-0300] {processor.py:161} INFO - Started process (PID=41900) to work on /home/walterg/Documentos/Data_projects/Data-Warehouse-postgres-DBT-airflow-/.venv/lib/python3.11/site-packages/airflow/example_dags/tutorial_taskflow_api_virtualenv.py
[2025-05-31T21:30:38.147-0300] {processor.py:830} INFO - Processing file /home/walterg/Documentos/Data_projects/Data-Warehouse-postgres-DBT-airflow-/.venv/lib/python3.11/site-packages/airflow/example_dags/tutorial_taskflow_api_virtualenv.py for tasks to queue
[2025-05-31T21:30:38.148-0300] {logging_mixin.py:188} INFO - [2025-05-31T21:30:38.148-0300] {dagbag.py:538} INFO - Filling up the DagBag from /home/walterg/Documentos/Data_projects/Data-Warehouse-postgres-DBT-airflow-/.venv/lib/python3.11/site-packages/airflow/example_dags/tutorial_taskflow_api_virtualenv.py
[2025-05-31T21:30:38.150-0300] {logging_mixin.py:188} INFO - [2025-05-31T21:30:38.150-0300] {tutorial_taskflow_api_virtualenv.py:29} WARNING - The tutorial_taskflow_api_virtualenv example DAG requires virtualenv, please install it.
[2025-05-31T21:30:38.150-0300] {processor.py:842} WARNING - No viable dags retrieved from /home/walterg/Documentos/Data_projects/Data-Warehouse-postgres-DBT-airflow-/.venv/lib/python3.11/site-packages/airflow/example_dags/tutorial_taskflow_api_virtualenv.py
[2025-05-31T21:30:38.158-0300] {processor.py:183} INFO - Processing /home/walterg/Documentos/Data_projects/Data-Warehouse-postgres-DBT-airflow-/.venv/lib/python3.11/site-packages/airflow/example_dags/tutorial_taskflow_api_virtualenv.py took 0.019 seconds
[2025-05-31T21:31:18.098-0300] {processor.py:161} INFO - Started process (PID=42127) to work on /home/walterg/Documentos/Data_projects/Data-Warehouse-postgres-DBT-airflow-/.venv/lib/python3.11/site-packages/airflow/example_dags/tutorial_taskflow_api_virtualenv.py
[2025-05-31T21:31:18.103-0300] {processor.py:830} INFO - Processing file /home/walterg/Documentos/Data_projects/Data-Warehouse-postgres-DBT-airflow-/.venv/lib/python3.11/site-packages/airflow/example_dags/tutorial_taskflow_api_virtualenv.py for tasks to queue
[2025-05-31T21:31:18.105-0300] {logging_mixin.py:188} INFO - [2025-05-31T21:31:18.104-0300] {dagbag.py:538} INFO - Filling up the DagBag from /home/walterg/Documentos/Data_projects/Data-Warehouse-postgres-DBT-airflow-/.venv/lib/python3.11/site-packages/airflow/example_dags/tutorial_taskflow_api_virtualenv.py
[2025-05-31T21:31:18.107-0300] {logging_mixin.py:188} INFO - [2025-05-31T21:31:18.107-0300] {tutorial_taskflow_api_virtualenv.py:29} WARNING - The tutorial_taskflow_api_virtualenv example DAG requires virtualenv, please install it.
[2025-05-31T21:31:18.107-0300] {processor.py:842} WARNING - No viable dags retrieved from /home/walterg/Documentos/Data_projects/Data-Warehouse-postgres-DBT-airflow-/.venv/lib/python3.11/site-packages/airflow/example_dags/tutorial_taskflow_api_virtualenv.py
[2025-05-31T21:31:18.116-0300] {processor.py:183} INFO - Processing /home/walterg/Documentos/Data_projects/Data-Warehouse-postgres-DBT-airflow-/.venv/lib/python3.11/site-packages/airflow/example_dags/tutorial_taskflow_api_virtualenv.py took 0.020 seconds
[2025-05-31T21:31:56.875-0300] {processor.py:161} INFO - Started process (PID=42213) to work on /home/walterg/Documentos/Data_projects/Data-Warehouse-postgres-DBT-airflow-/.venv/lib/python3.11/site-packages/airflow/example_dags/tutorial_taskflow_api_virtualenv.py
[2025-05-31T21:31:56.880-0300] {processor.py:830} INFO - Processing file /home/walterg/Documentos/Data_projects/Data-Warehouse-postgres-DBT-airflow-/.venv/lib/python3.11/site-packages/airflow/example_dags/tutorial_taskflow_api_virtualenv.py for tasks to queue
[2025-05-31T21:31:56.882-0300] {logging_mixin.py:188} INFO - [2025-05-31T21:31:56.881-0300] {dagbag.py:538} INFO - Filling up the DagBag from /home/walterg/Documentos/Data_projects/Data-Warehouse-postgres-DBT-airflow-/.venv/lib/python3.11/site-packages/airflow/example_dags/tutorial_taskflow_api_virtualenv.py
[2025-05-31T21:31:56.884-0300] {logging_mixin.py:188} INFO - [2025-05-31T21:31:56.884-0300] {tutorial_taskflow_api_virtualenv.py:29} WARNING - The tutorial_taskflow_api_virtualenv example DAG requires virtualenv, please install it.
[2025-05-31T21:31:56.884-0300] {processor.py:842} WARNING - No viable dags retrieved from /home/walterg/Documentos/Data_projects/Data-Warehouse-postgres-DBT-airflow-/.venv/lib/python3.11/site-packages/airflow/example_dags/tutorial_taskflow_api_virtualenv.py
[2025-05-31T21:31:56.894-0300] {processor.py:183} INFO - Processing /home/walterg/Documentos/Data_projects/Data-Warehouse-postgres-DBT-airflow-/.venv/lib/python3.11/site-packages/airflow/example_dags/tutorial_taskflow_api_virtualenv.py took 0.023 seconds
[2025-05-31T21:32:37.778-0300] {processor.py:161} INFO - Started process (PID=42534) to work on /home/walterg/Documentos/Data_projects/Data-Warehouse-postgres-DBT-airflow-/.venv/lib/python3.11/site-packages/airflow/example_dags/tutorial_taskflow_api_virtualenv.py
[2025-05-31T21:32:37.783-0300] {processor.py:830} INFO - Processing file /home/walterg/Documentos/Data_projects/Data-Warehouse-postgres-DBT-airflow-/.venv/lib/python3.11/site-packages/airflow/example_dags/tutorial_taskflow_api_virtualenv.py for tasks to queue
[2025-05-31T21:32:37.784-0300] {logging_mixin.py:188} INFO - [2025-05-31T21:32:37.784-0300] {dagbag.py:538} INFO - Filling up the DagBag from /home/walterg/Documentos/Data_projects/Data-Warehouse-postgres-DBT-airflow-/.venv/lib/python3.11/site-packages/airflow/example_dags/tutorial_taskflow_api_virtualenv.py
[2025-05-31T21:32:37.786-0300] {logging_mixin.py:188} INFO - [2025-05-31T21:32:37.786-0300] {tutorial_taskflow_api_virtualenv.py:29} WARNING - The tutorial_taskflow_api_virtualenv example DAG requires virtualenv, please install it.
[2025-05-31T21:32:37.786-0300] {processor.py:842} WARNING - No viable dags retrieved from /home/walterg/Documentos/Data_projects/Data-Warehouse-postgres-DBT-airflow-/.venv/lib/python3.11/site-packages/airflow/example_dags/tutorial_taskflow_api_virtualenv.py
[2025-05-31T21:32:37.795-0300] {processor.py:183} INFO - Processing /home/walterg/Documentos/Data_projects/Data-Warehouse-postgres-DBT-airflow-/.venv/lib/python3.11/site-packages/airflow/example_dags/tutorial_taskflow_api_virtualenv.py took 0.019 seconds
[2025-05-31T21:33:22.879-0300] {processor.py:161} INFO - Started process (PID=42875) to work on /home/walterg/Documentos/Data_projects/Data-Warehouse-postgres-DBT-airflow-/.venv/lib/python3.11/site-packages/airflow/example_dags/tutorial_taskflow_api_virtualenv.py
[2025-05-31T21:33:22.885-0300] {processor.py:830} INFO - Processing file /home/walterg/Documentos/Data_projects/Data-Warehouse-postgres-DBT-airflow-/.venv/lib/python3.11/site-packages/airflow/example_dags/tutorial_taskflow_api_virtualenv.py for tasks to queue
[2025-05-31T21:33:22.886-0300] {logging_mixin.py:188} INFO - [2025-05-31T21:33:22.885-0300] {dagbag.py:538} INFO - Filling up the DagBag from /home/walterg/Documentos/Data_projects/Data-Warehouse-postgres-DBT-airflow-/.venv/lib/python3.11/site-packages/airflow/example_dags/tutorial_taskflow_api_virtualenv.py
[2025-05-31T21:33:22.888-0300] {logging_mixin.py:188} INFO - [2025-05-31T21:33:22.888-0300] {tutorial_taskflow_api_virtualenv.py:29} WARNING - The tutorial_taskflow_api_virtualenv example DAG requires virtualenv, please install it.
[2025-05-31T21:33:22.888-0300] {processor.py:842} WARNING - No viable dags retrieved from /home/walterg/Documentos/Data_projects/Data-Warehouse-postgres-DBT-airflow-/.venv/lib/python3.11/site-packages/airflow/example_dags/tutorial_taskflow_api_virtualenv.py
[2025-05-31T21:33:22.897-0300] {processor.py:183} INFO - Processing /home/walterg/Documentos/Data_projects/Data-Warehouse-postgres-DBT-airflow-/.venv/lib/python3.11/site-packages/airflow/example_dags/tutorial_taskflow_api_virtualenv.py took 0.020 seconds
[2025-05-31T21:34:01.836-0300] {processor.py:161} INFO - Started process (PID=42935) to work on /home/walterg/Documentos/Data_projects/Data-Warehouse-postgres-DBT-airflow-/.venv/lib/python3.11/site-packages/airflow/example_dags/tutorial_taskflow_api_virtualenv.py
[2025-05-31T21:34:01.840-0300] {processor.py:830} INFO - Processing file /home/walterg/Documentos/Data_projects/Data-Warehouse-postgres-DBT-airflow-/.venv/lib/python3.11/site-packages/airflow/example_dags/tutorial_taskflow_api_virtualenv.py for tasks to queue
[2025-05-31T21:34:01.841-0300] {logging_mixin.py:188} INFO - [2025-05-31T21:34:01.841-0300] {dagbag.py:538} INFO - Filling up the DagBag from /home/walterg/Documentos/Data_projects/Data-Warehouse-postgres-DBT-airflow-/.venv/lib/python3.11/site-packages/airflow/example_dags/tutorial_taskflow_api_virtualenv.py
[2025-05-31T21:34:01.843-0300] {logging_mixin.py:188} INFO - [2025-05-31T21:34:01.843-0300] {tutorial_taskflow_api_virtualenv.py:29} WARNING - The tutorial_taskflow_api_virtualenv example DAG requires virtualenv, please install it.
[2025-05-31T21:34:01.844-0300] {processor.py:842} WARNING - No viable dags retrieved from /home/walterg/Documentos/Data_projects/Data-Warehouse-postgres-DBT-airflow-/.venv/lib/python3.11/site-packages/airflow/example_dags/tutorial_taskflow_api_virtualenv.py
[2025-05-31T21:34:01.852-0300] {processor.py:183} INFO - Processing /home/walterg/Documentos/Data_projects/Data-Warehouse-postgres-DBT-airflow-/.venv/lib/python3.11/site-packages/airflow/example_dags/tutorial_taskflow_api_virtualenv.py took 0.019 seconds
[2025-05-31T21:34:38.590-0300] {processor.py:161} INFO - Started process (PID=43065) to work on /home/walterg/Documentos/Data_projects/Data-Warehouse-postgres-DBT-airflow-/.venv/lib/python3.11/site-packages/airflow/example_dags/tutorial_taskflow_api_virtualenv.py
[2025-05-31T21:34:38.597-0300] {processor.py:830} INFO - Processing file /home/walterg/Documentos/Data_projects/Data-Warehouse-postgres-DBT-airflow-/.venv/lib/python3.11/site-packages/airflow/example_dags/tutorial_taskflow_api_virtualenv.py for tasks to queue
[2025-05-31T21:34:38.598-0300] {logging_mixin.py:188} INFO - [2025-05-31T21:34:38.598-0300] {dagbag.py:538} INFO - Filling up the DagBag from /home/walterg/Documentos/Data_projects/Data-Warehouse-postgres-DBT-airflow-/.venv/lib/python3.11/site-packages/airflow/example_dags/tutorial_taskflow_api_virtualenv.py
[2025-05-31T21:34:38.600-0300] {logging_mixin.py:188} INFO - [2025-05-31T21:34:38.600-0300] {tutorial_taskflow_api_virtualenv.py:29} WARNING - The tutorial_taskflow_api_virtualenv example DAG requires virtualenv, please install it.
[2025-05-31T21:34:38.601-0300] {processor.py:842} WARNING - No viable dags retrieved from /home/walterg/Documentos/Data_projects/Data-Warehouse-postgres-DBT-airflow-/.venv/lib/python3.11/site-packages/airflow/example_dags/tutorial_taskflow_api_virtualenv.py
[2025-05-31T21:34:38.609-0300] {processor.py:183} INFO - Processing /home/walterg/Documentos/Data_projects/Data-Warehouse-postgres-DBT-airflow-/.venv/lib/python3.11/site-packages/airflow/example_dags/tutorial_taskflow_api_virtualenv.py took 0.022 seconds
