[2025-05-31T21:00:11.202-0300] {processor.py:161} INFO - Started process (PID=32609) to work on /home/walterg/Documentos/Data_projects/Data-Warehouse-postgres-DBT-airflow-/.venv/lib/python3.11/site-packages/airflow/example_dags/tutorial_dag.py
[2025-05-31T21:00:11.203-0300] {processor.py:830} INFO - Processing file /home/walterg/Documentos/Data_projects/Data-Warehouse-postgres-DBT-airflow-/.venv/lib/python3.11/site-packages/airflow/example_dags/tutorial_dag.py for tasks to queue
[2025-05-31T21:00:11.204-0300] {logging_mixin.py:188} INFO - [2025-05-31T21:00:11.203-0300] {dagbag.py:538} INFO - Filling up the DagBag from /home/walterg/Documentos/Data_projects/Data-Warehouse-postgres-DBT-airflow-/.venv/lib/python3.11/site-packages/airflow/example_dags/tutorial_dag.py
[2025-05-31T21:00:11.208-0300] {processor.py:840} INFO - DAG(s) 'tutorial_dag' retrieved from /home/walterg/Documentos/Data_projects/Data-Warehouse-postgres-DBT-airflow-/.venv/lib/python3.11/site-packages/airflow/example_dags/tutorial_dag.py
[2025-05-31T21:00:11.220-0300] {logging_mixin.py:188} INFO - [2025-05-31T21:00:11.220-0300] {dag.py:3036} INFO - Sync 1 DAGs
[2025-05-31T21:00:11.228-0300] {logging_mixin.py:188} INFO - [2025-05-31T21:00:11.227-0300] {dag.py:3823} INFO - Setting next_dagrun for tutorial_dag to None, run_after=None
[2025-05-31T21:00:11.248-0300] {processor.py:183} INFO - Processing /home/walterg/Documentos/Data_projects/Data-Warehouse-postgres-DBT-airflow-/.venv/lib/python3.11/site-packages/airflow/example_dags/tutorial_dag.py took 0.048 seconds
[2025-05-31T21:00:51.473-0300] {processor.py:161} INFO - Started process (PID=32756) to work on /home/walterg/Documentos/Data_projects/Data-Warehouse-postgres-DBT-airflow-/.venv/lib/python3.11/site-packages/airflow/example_dags/tutorial_dag.py
[2025-05-31T21:00:51.478-0300] {processor.py:830} INFO - Processing file /home/walterg/Documentos/Data_projects/Data-Warehouse-postgres-DBT-airflow-/.venv/lib/python3.11/site-packages/airflow/example_dags/tutorial_dag.py for tasks to queue
[2025-05-31T21:00:51.479-0300] {logging_mixin.py:188} INFO - [2025-05-31T21:00:51.479-0300] {dagbag.py:538} INFO - Filling up the DagBag from /home/walterg/Documentos/Data_projects/Data-Warehouse-postgres-DBT-airflow-/.venv/lib/python3.11/site-packages/airflow/example_dags/tutorial_dag.py
[2025-05-31T21:00:51.484-0300] {processor.py:840} INFO - DAG(s) 'tutorial_dag' retrieved from /home/walterg/Documentos/Data_projects/Data-Warehouse-postgres-DBT-airflow-/.venv/lib/python3.11/site-packages/airflow/example_dags/tutorial_dag.py
[2025-05-31T21:00:51.497-0300] {logging_mixin.py:188} INFO - [2025-05-31T21:00:51.497-0300] {dag.py:3036} INFO - Sync 1 DAGs
[2025-05-31T21:00:51.505-0300] {logging_mixin.py:188} INFO - [2025-05-31T21:00:51.505-0300] {dag.py:3823} INFO - Setting next_dagrun for tutorial_dag to None, run_after=None
[2025-05-31T21:00:51.524-0300] {processor.py:183} INFO - Processing /home/walterg/Documentos/Data_projects/Data-Warehouse-postgres-DBT-airflow-/.venv/lib/python3.11/site-packages/airflow/example_dags/tutorial_dag.py took 0.053 seconds
[2025-05-31T21:01:33.555-0300] {processor.py:161} INFO - Started process (PID=33022) to work on /home/walterg/Documentos/Data_projects/Data-Warehouse-postgres-DBT-airflow-/.venv/lib/python3.11/site-packages/airflow/example_dags/tutorial_dag.py
[2025-05-31T21:01:33.560-0300] {processor.py:830} INFO - Processing file /home/walterg/Documentos/Data_projects/Data-Warehouse-postgres-DBT-airflow-/.venv/lib/python3.11/site-packages/airflow/example_dags/tutorial_dag.py for tasks to queue
[2025-05-31T21:01:33.562-0300] {logging_mixin.py:188} INFO - [2025-05-31T21:01:33.561-0300] {dagbag.py:538} INFO - Filling up the DagBag from /home/walterg/Documentos/Data_projects/Data-Warehouse-postgres-DBT-airflow-/.venv/lib/python3.11/site-packages/airflow/example_dags/tutorial_dag.py
[2025-05-31T21:01:33.566-0300] {processor.py:840} INFO - DAG(s) 'tutorial_dag' retrieved from /home/walterg/Documentos/Data_projects/Data-Warehouse-postgres-DBT-airflow-/.venv/lib/python3.11/site-packages/airflow/example_dags/tutorial_dag.py
[2025-05-31T21:01:33.579-0300] {logging_mixin.py:188} INFO - [2025-05-31T21:01:33.578-0300] {dag.py:3036} INFO - Sync 1 DAGs
[2025-05-31T21:01:33.586-0300] {logging_mixin.py:188} INFO - [2025-05-31T21:01:33.586-0300] {dag.py:3823} INFO - Setting next_dagrun for tutorial_dag to None, run_after=None
[2025-05-31T21:01:33.603-0300] {processor.py:183} INFO - Processing /home/walterg/Documentos/Data_projects/Data-Warehouse-postgres-DBT-airflow-/.venv/lib/python3.11/site-packages/airflow/example_dags/tutorial_dag.py took 0.051 seconds
[2025-05-31T21:02:16.607-0300] {processor.py:161} INFO - Started process (PID=33309) to work on /home/walterg/Documentos/Data_projects/Data-Warehouse-postgres-DBT-airflow-/.venv/lib/python3.11/site-packages/airflow/example_dags/tutorial_dag.py
[2025-05-31T21:02:16.612-0300] {processor.py:830} INFO - Processing file /home/walterg/Documentos/Data_projects/Data-Warehouse-postgres-DBT-airflow-/.venv/lib/python3.11/site-packages/airflow/example_dags/tutorial_dag.py for tasks to queue
[2025-05-31T21:02:16.613-0300] {logging_mixin.py:188} INFO - [2025-05-31T21:02:16.612-0300] {dagbag.py:538} INFO - Filling up the DagBag from /home/walterg/Documentos/Data_projects/Data-Warehouse-postgres-DBT-airflow-/.venv/lib/python3.11/site-packages/airflow/example_dags/tutorial_dag.py
[2025-05-31T21:02:16.617-0300] {processor.py:840} INFO - DAG(s) 'tutorial_dag' retrieved from /home/walterg/Documentos/Data_projects/Data-Warehouse-postgres-DBT-airflow-/.venv/lib/python3.11/site-packages/airflow/example_dags/tutorial_dag.py
[2025-05-31T21:02:16.630-0300] {logging_mixin.py:188} INFO - [2025-05-31T21:02:16.629-0300] {dag.py:3036} INFO - Sync 1 DAGs
[2025-05-31T21:02:16.640-0300] {logging_mixin.py:188} INFO - [2025-05-31T21:02:16.640-0300] {dag.py:3823} INFO - Setting next_dagrun for tutorial_dag to None, run_after=None
[2025-05-31T21:02:16.659-0300] {processor.py:183} INFO - Processing /home/walterg/Documentos/Data_projects/Data-Warehouse-postgres-DBT-airflow-/.venv/lib/python3.11/site-packages/airflow/example_dags/tutorial_dag.py took 0.054 seconds
[2025-05-31T21:03:01.701-0300] {processor.py:161} INFO - Started process (PID=33450) to work on /home/walterg/Documentos/Data_projects/Data-Warehouse-postgres-DBT-airflow-/.venv/lib/python3.11/site-packages/airflow/example_dags/tutorial_dag.py
[2025-05-31T21:03:01.706-0300] {processor.py:830} INFO - Processing file /home/walterg/Documentos/Data_projects/Data-Warehouse-postgres-DBT-airflow-/.venv/lib/python3.11/site-packages/airflow/example_dags/tutorial_dag.py for tasks to queue
[2025-05-31T21:03:01.707-0300] {logging_mixin.py:188} INFO - [2025-05-31T21:03:01.707-0300] {dagbag.py:538} INFO - Filling up the DagBag from /home/walterg/Documentos/Data_projects/Data-Warehouse-postgres-DBT-airflow-/.venv/lib/python3.11/site-packages/airflow/example_dags/tutorial_dag.py
[2025-05-31T21:03:01.712-0300] {processor.py:840} INFO - DAG(s) 'tutorial_dag' retrieved from /home/walterg/Documentos/Data_projects/Data-Warehouse-postgres-DBT-airflow-/.venv/lib/python3.11/site-packages/airflow/example_dags/tutorial_dag.py
[2025-05-31T21:03:01.725-0300] {logging_mixin.py:188} INFO - [2025-05-31T21:03:01.724-0300] {dag.py:3036} INFO - Sync 1 DAGs
[2025-05-31T21:03:01.732-0300] {logging_mixin.py:188} INFO - [2025-05-31T21:03:01.732-0300] {dag.py:3823} INFO - Setting next_dagrun for tutorial_dag to None, run_after=None
[2025-05-31T21:03:01.750-0300] {processor.py:183} INFO - Processing /home/walterg/Documentos/Data_projects/Data-Warehouse-postgres-DBT-airflow-/.venv/lib/python3.11/site-packages/airflow/example_dags/tutorial_dag.py took 0.051 seconds
[2025-05-31T21:03:45.773-0300] {processor.py:161} INFO - Started process (PID=33692) to work on /home/walterg/Documentos/Data_projects/Data-Warehouse-postgres-DBT-airflow-/.venv/lib/python3.11/site-packages/airflow/example_dags/tutorial_dag.py
[2025-05-31T21:03:45.780-0300] {processor.py:830} INFO - Processing file /home/walterg/Documentos/Data_projects/Data-Warehouse-postgres-DBT-airflow-/.venv/lib/python3.11/site-packages/airflow/example_dags/tutorial_dag.py for tasks to queue
[2025-05-31T21:03:45.781-0300] {logging_mixin.py:188} INFO - [2025-05-31T21:03:45.780-0300] {dagbag.py:538} INFO - Filling up the DagBag from /home/walterg/Documentos/Data_projects/Data-Warehouse-postgres-DBT-airflow-/.venv/lib/python3.11/site-packages/airflow/example_dags/tutorial_dag.py
[2025-05-31T21:03:45.785-0300] {processor.py:840} INFO - DAG(s) 'tutorial_dag' retrieved from /home/walterg/Documentos/Data_projects/Data-Warehouse-postgres-DBT-airflow-/.venv/lib/python3.11/site-packages/airflow/example_dags/tutorial_dag.py
[2025-05-31T21:03:45.798-0300] {logging_mixin.py:188} INFO - [2025-05-31T21:03:45.798-0300] {dag.py:3036} INFO - Sync 1 DAGs
[2025-05-31T21:03:45.806-0300] {logging_mixin.py:188} INFO - [2025-05-31T21:03:45.806-0300] {dag.py:3823} INFO - Setting next_dagrun for tutorial_dag to None, run_after=None
[2025-05-31T21:03:45.821-0300] {processor.py:183} INFO - Processing /home/walterg/Documentos/Data_projects/Data-Warehouse-postgres-DBT-airflow-/.venv/lib/python3.11/site-packages/airflow/example_dags/tutorial_dag.py took 0.051 seconds
[2025-05-31T21:04:26.275-0300] {processor.py:161} INFO - Started process (PID=33848) to work on /home/walterg/Documentos/Data_projects/Data-Warehouse-postgres-DBT-airflow-/.venv/lib/python3.11/site-packages/airflow/example_dags/tutorial_dag.py
[2025-05-31T21:04:26.280-0300] {processor.py:830} INFO - Processing file /home/walterg/Documentos/Data_projects/Data-Warehouse-postgres-DBT-airflow-/.venv/lib/python3.11/site-packages/airflow/example_dags/tutorial_dag.py for tasks to queue
[2025-05-31T21:04:26.281-0300] {logging_mixin.py:188} INFO - [2025-05-31T21:04:26.281-0300] {dagbag.py:538} INFO - Filling up the DagBag from /home/walterg/Documentos/Data_projects/Data-Warehouse-postgres-DBT-airflow-/.venv/lib/python3.11/site-packages/airflow/example_dags/tutorial_dag.py
[2025-05-31T21:04:26.286-0300] {processor.py:840} INFO - DAG(s) 'tutorial_dag' retrieved from /home/walterg/Documentos/Data_projects/Data-Warehouse-postgres-DBT-airflow-/.venv/lib/python3.11/site-packages/airflow/example_dags/tutorial_dag.py
[2025-05-31T21:04:26.298-0300] {logging_mixin.py:188} INFO - [2025-05-31T21:04:26.298-0300] {dag.py:3036} INFO - Sync 1 DAGs
[2025-05-31T21:04:26.306-0300] {logging_mixin.py:188} INFO - [2025-05-31T21:04:26.305-0300] {dag.py:3823} INFO - Setting next_dagrun for tutorial_dag to None, run_after=None
[2025-05-31T21:04:26.322-0300] {processor.py:183} INFO - Processing /home/walterg/Documentos/Data_projects/Data-Warehouse-postgres-DBT-airflow-/.venv/lib/python3.11/site-packages/airflow/example_dags/tutorial_dag.py took 0.049 seconds
[2025-05-31T21:05:10.999-0300] {processor.py:161} INFO - Started process (PID=34073) to work on /home/walterg/Documentos/Data_projects/Data-Warehouse-postgres-DBT-airflow-/.venv/lib/python3.11/site-packages/airflow/example_dags/tutorial_dag.py
[2025-05-31T21:05:11.004-0300] {processor.py:830} INFO - Processing file /home/walterg/Documentos/Data_projects/Data-Warehouse-postgres-DBT-airflow-/.venv/lib/python3.11/site-packages/airflow/example_dags/tutorial_dag.py for tasks to queue
[2025-05-31T21:05:11.005-0300] {logging_mixin.py:188} INFO - [2025-05-31T21:05:11.004-0300] {dagbag.py:538} INFO - Filling up the DagBag from /home/walterg/Documentos/Data_projects/Data-Warehouse-postgres-DBT-airflow-/.venv/lib/python3.11/site-packages/airflow/example_dags/tutorial_dag.py
[2025-05-31T21:05:11.010-0300] {processor.py:840} INFO - DAG(s) 'tutorial_dag' retrieved from /home/walterg/Documentos/Data_projects/Data-Warehouse-postgres-DBT-airflow-/.venv/lib/python3.11/site-packages/airflow/example_dags/tutorial_dag.py
[2025-05-31T21:05:11.023-0300] {logging_mixin.py:188} INFO - [2025-05-31T21:05:11.023-0300] {dag.py:3036} INFO - Sync 1 DAGs
[2025-05-31T21:05:11.031-0300] {logging_mixin.py:188} INFO - [2025-05-31T21:05:11.031-0300] {dag.py:3823} INFO - Setting next_dagrun for tutorial_dag to None, run_after=None
[2025-05-31T21:05:11.048-0300] {processor.py:183} INFO - Processing /home/walterg/Documentos/Data_projects/Data-Warehouse-postgres-DBT-airflow-/.venv/lib/python3.11/site-packages/airflow/example_dags/tutorial_dag.py took 0.052 seconds
[2025-05-31T21:05:54.228-0300] {processor.py:161} INFO - Started process (PID=34279) to work on /home/walterg/Documentos/Data_projects/Data-Warehouse-postgres-DBT-airflow-/.venv/lib/python3.11/site-packages/airflow/example_dags/tutorial_dag.py
[2025-05-31T21:05:54.233-0300] {processor.py:830} INFO - Processing file /home/walterg/Documentos/Data_projects/Data-Warehouse-postgres-DBT-airflow-/.venv/lib/python3.11/site-packages/airflow/example_dags/tutorial_dag.py for tasks to queue
[2025-05-31T21:05:54.234-0300] {logging_mixin.py:188} INFO - [2025-05-31T21:05:54.234-0300] {dagbag.py:538} INFO - Filling up the DagBag from /home/walterg/Documentos/Data_projects/Data-Warehouse-postgres-DBT-airflow-/.venv/lib/python3.11/site-packages/airflow/example_dags/tutorial_dag.py
[2025-05-31T21:05:54.239-0300] {processor.py:840} INFO - DAG(s) 'tutorial_dag' retrieved from /home/walterg/Documentos/Data_projects/Data-Warehouse-postgres-DBT-airflow-/.venv/lib/python3.11/site-packages/airflow/example_dags/tutorial_dag.py
[2025-05-31T21:05:54.253-0300] {logging_mixin.py:188} INFO - [2025-05-31T21:05:54.253-0300] {dag.py:3036} INFO - Sync 1 DAGs
[2025-05-31T21:05:54.262-0300] {logging_mixin.py:188} INFO - [2025-05-31T21:05:54.261-0300] {dag.py:3823} INFO - Setting next_dagrun for tutorial_dag to None, run_after=None
[2025-05-31T21:05:54.279-0300] {processor.py:183} INFO - Processing /home/walterg/Documentos/Data_projects/Data-Warehouse-postgres-DBT-airflow-/.venv/lib/python3.11/site-packages/airflow/example_dags/tutorial_dag.py took 0.054 seconds
[2025-05-31T21:06:37.215-0300] {processor.py:161} INFO - Started process (PID=34563) to work on /home/walterg/Documentos/Data_projects/Data-Warehouse-postgres-DBT-airflow-/.venv/lib/python3.11/site-packages/airflow/example_dags/tutorial_dag.py
[2025-05-31T21:06:37.220-0300] {processor.py:830} INFO - Processing file /home/walterg/Documentos/Data_projects/Data-Warehouse-postgres-DBT-airflow-/.venv/lib/python3.11/site-packages/airflow/example_dags/tutorial_dag.py for tasks to queue
[2025-05-31T21:06:37.222-0300] {logging_mixin.py:188} INFO - [2025-05-31T21:06:37.221-0300] {dagbag.py:538} INFO - Filling up the DagBag from /home/walterg/Documentos/Data_projects/Data-Warehouse-postgres-DBT-airflow-/.venv/lib/python3.11/site-packages/airflow/example_dags/tutorial_dag.py
[2025-05-31T21:06:37.226-0300] {processor.py:840} INFO - DAG(s) 'tutorial_dag' retrieved from /home/walterg/Documentos/Data_projects/Data-Warehouse-postgres-DBT-airflow-/.venv/lib/python3.11/site-packages/airflow/example_dags/tutorial_dag.py
[2025-05-31T21:06:37.239-0300] {logging_mixin.py:188} INFO - [2025-05-31T21:06:37.239-0300] {dag.py:3036} INFO - Sync 1 DAGs
[2025-05-31T21:06:37.246-0300] {logging_mixin.py:188} INFO - [2025-05-31T21:06:37.246-0300] {dag.py:3823} INFO - Setting next_dagrun for tutorial_dag to None, run_after=None
[2025-05-31T21:06:37.262-0300] {processor.py:183} INFO - Processing /home/walterg/Documentos/Data_projects/Data-Warehouse-postgres-DBT-airflow-/.venv/lib/python3.11/site-packages/airflow/example_dags/tutorial_dag.py took 0.050 seconds
[2025-05-31T21:07:21.512-0300] {processor.py:161} INFO - Started process (PID=34809) to work on /home/walterg/Documentos/Data_projects/Data-Warehouse-postgres-DBT-airflow-/.venv/lib/python3.11/site-packages/airflow/example_dags/tutorial_dag.py
[2025-05-31T21:07:21.517-0300] {processor.py:830} INFO - Processing file /home/walterg/Documentos/Data_projects/Data-Warehouse-postgres-DBT-airflow-/.venv/lib/python3.11/site-packages/airflow/example_dags/tutorial_dag.py for tasks to queue
[2025-05-31T21:07:21.519-0300] {logging_mixin.py:188} INFO - [2025-05-31T21:07:21.518-0300] {dagbag.py:538} INFO - Filling up the DagBag from /home/walterg/Documentos/Data_projects/Data-Warehouse-postgres-DBT-airflow-/.venv/lib/python3.11/site-packages/airflow/example_dags/tutorial_dag.py
[2025-05-31T21:07:21.524-0300] {processor.py:840} INFO - DAG(s) 'tutorial_dag' retrieved from /home/walterg/Documentos/Data_projects/Data-Warehouse-postgres-DBT-airflow-/.venv/lib/python3.11/site-packages/airflow/example_dags/tutorial_dag.py
[2025-05-31T21:07:21.536-0300] {logging_mixin.py:188} INFO - [2025-05-31T21:07:21.536-0300] {dag.py:3036} INFO - Sync 1 DAGs
[2025-05-31T21:07:21.544-0300] {logging_mixin.py:188} INFO - [2025-05-31T21:07:21.544-0300] {dag.py:3823} INFO - Setting next_dagrun for tutorial_dag to None, run_after=None
[2025-05-31T21:07:21.561-0300] {processor.py:183} INFO - Processing /home/walterg/Documentos/Data_projects/Data-Warehouse-postgres-DBT-airflow-/.venv/lib/python3.11/site-packages/airflow/example_dags/tutorial_dag.py took 0.051 seconds
[2025-05-31T21:08:06.945-0300] {processor.py:161} INFO - Started process (PID=34983) to work on /home/walterg/Documentos/Data_projects/Data-Warehouse-postgres-DBT-airflow-/.venv/lib/python3.11/site-packages/airflow/example_dags/tutorial_dag.py
[2025-05-31T21:08:06.946-0300] {processor.py:830} INFO - Processing file /home/walterg/Documentos/Data_projects/Data-Warehouse-postgres-DBT-airflow-/.venv/lib/python3.11/site-packages/airflow/example_dags/tutorial_dag.py for tasks to queue
[2025-05-31T21:08:06.947-0300] {logging_mixin.py:188} INFO - [2025-05-31T21:08:06.947-0300] {dagbag.py:538} INFO - Filling up the DagBag from /home/walterg/Documentos/Data_projects/Data-Warehouse-postgres-DBT-airflow-/.venv/lib/python3.11/site-packages/airflow/example_dags/tutorial_dag.py
[2025-05-31T21:08:06.951-0300] {processor.py:840} INFO - DAG(s) 'tutorial_dag' retrieved from /home/walterg/Documentos/Data_projects/Data-Warehouse-postgres-DBT-airflow-/.venv/lib/python3.11/site-packages/airflow/example_dags/tutorial_dag.py
[2025-05-31T21:08:06.964-0300] {logging_mixin.py:188} INFO - [2025-05-31T21:08:06.964-0300] {dag.py:3036} INFO - Sync 1 DAGs
[2025-05-31T21:08:06.972-0300] {logging_mixin.py:188} INFO - [2025-05-31T21:08:06.972-0300] {dag.py:3823} INFO - Setting next_dagrun for tutorial_dag to None, run_after=None
[2025-05-31T21:08:06.988-0300] {processor.py:183} INFO - Processing /home/walterg/Documentos/Data_projects/Data-Warehouse-postgres-DBT-airflow-/.venv/lib/python3.11/site-packages/airflow/example_dags/tutorial_dag.py took 0.046 seconds
[2025-05-31T21:08:47.909-0300] {processor.py:161} INFO - Started process (PID=35230) to work on /home/walterg/Documentos/Data_projects/Data-Warehouse-postgres-DBT-airflow-/.venv/lib/python3.11/site-packages/airflow/example_dags/tutorial_dag.py
[2025-05-31T21:08:47.914-0300] {processor.py:830} INFO - Processing file /home/walterg/Documentos/Data_projects/Data-Warehouse-postgres-DBT-airflow-/.venv/lib/python3.11/site-packages/airflow/example_dags/tutorial_dag.py for tasks to queue
[2025-05-31T21:08:47.915-0300] {logging_mixin.py:188} INFO - [2025-05-31T21:08:47.914-0300] {dagbag.py:538} INFO - Filling up the DagBag from /home/walterg/Documentos/Data_projects/Data-Warehouse-postgres-DBT-airflow-/.venv/lib/python3.11/site-packages/airflow/example_dags/tutorial_dag.py
[2025-05-31T21:08:47.920-0300] {processor.py:840} INFO - DAG(s) 'tutorial_dag' retrieved from /home/walterg/Documentos/Data_projects/Data-Warehouse-postgres-DBT-airflow-/.venv/lib/python3.11/site-packages/airflow/example_dags/tutorial_dag.py
[2025-05-31T21:08:47.934-0300] {logging_mixin.py:188} INFO - [2025-05-31T21:08:47.933-0300] {dag.py:3036} INFO - Sync 1 DAGs
[2025-05-31T21:08:47.942-0300] {logging_mixin.py:188} INFO - [2025-05-31T21:08:47.942-0300] {dag.py:3823} INFO - Setting next_dagrun for tutorial_dag to None, run_after=None
[2025-05-31T21:08:47.960-0300] {processor.py:183} INFO - Processing /home/walterg/Documentos/Data_projects/Data-Warehouse-postgres-DBT-airflow-/.venv/lib/python3.11/site-packages/airflow/example_dags/tutorial_dag.py took 0.054 seconds
[2025-05-31T21:09:44.512-0300] {processor.py:161} INFO - Started process (PID=35495) to work on /home/walterg/Documentos/Data_projects/Data-Warehouse-postgres-DBT-airflow-/.venv/lib/python3.11/site-packages/airflow/example_dags/tutorial_dag.py
[2025-05-31T21:09:44.517-0300] {processor.py:830} INFO - Processing file /home/walterg/Documentos/Data_projects/Data-Warehouse-postgres-DBT-airflow-/.venv/lib/python3.11/site-packages/airflow/example_dags/tutorial_dag.py for tasks to queue
[2025-05-31T21:09:44.518-0300] {logging_mixin.py:188} INFO - [2025-05-31T21:09:44.518-0300] {dagbag.py:538} INFO - Filling up the DagBag from /home/walterg/Documentos/Data_projects/Data-Warehouse-postgres-DBT-airflow-/.venv/lib/python3.11/site-packages/airflow/example_dags/tutorial_dag.py
[2025-05-31T21:09:44.522-0300] {processor.py:840} INFO - DAG(s) 'tutorial_dag' retrieved from /home/walterg/Documentos/Data_projects/Data-Warehouse-postgres-DBT-airflow-/.venv/lib/python3.11/site-packages/airflow/example_dags/tutorial_dag.py
[2025-05-31T21:09:44.538-0300] {logging_mixin.py:188} INFO - [2025-05-31T21:09:44.538-0300] {dag.py:3036} INFO - Sync 1 DAGs
[2025-05-31T21:09:44.546-0300] {logging_mixin.py:188} INFO - [2025-05-31T21:09:44.546-0300] {dag.py:3823} INFO - Setting next_dagrun for tutorial_dag to None, run_after=None
[2025-05-31T21:09:44.563-0300] {processor.py:183} INFO - Processing /home/walterg/Documentos/Data_projects/Data-Warehouse-postgres-DBT-airflow-/.venv/lib/python3.11/site-packages/airflow/example_dags/tutorial_dag.py took 0.054 seconds
[2025-05-31T21:10:28.155-0300] {processor.py:161} INFO - Started process (PID=35767) to work on /home/walterg/Documentos/Data_projects/Data-Warehouse-postgres-DBT-airflow-/.venv/lib/python3.11/site-packages/airflow/example_dags/tutorial_dag.py
[2025-05-31T21:10:28.156-0300] {processor.py:830} INFO - Processing file /home/walterg/Documentos/Data_projects/Data-Warehouse-postgres-DBT-airflow-/.venv/lib/python3.11/site-packages/airflow/example_dags/tutorial_dag.py for tasks to queue
[2025-05-31T21:10:28.157-0300] {logging_mixin.py:188} INFO - [2025-05-31T21:10:28.156-0300] {dagbag.py:538} INFO - Filling up the DagBag from /home/walterg/Documentos/Data_projects/Data-Warehouse-postgres-DBT-airflow-/.venv/lib/python3.11/site-packages/airflow/example_dags/tutorial_dag.py
[2025-05-31T21:10:28.161-0300] {processor.py:840} INFO - DAG(s) 'tutorial_dag' retrieved from /home/walterg/Documentos/Data_projects/Data-Warehouse-postgres-DBT-airflow-/.venv/lib/python3.11/site-packages/airflow/example_dags/tutorial_dag.py
[2025-05-31T21:10:28.174-0300] {logging_mixin.py:188} INFO - [2025-05-31T21:10:28.174-0300] {dag.py:3036} INFO - Sync 1 DAGs
[2025-05-31T21:10:28.181-0300] {logging_mixin.py:188} INFO - [2025-05-31T21:10:28.181-0300] {dag.py:3823} INFO - Setting next_dagrun for tutorial_dag to None, run_after=None
[2025-05-31T21:10:28.197-0300] {processor.py:183} INFO - Processing /home/walterg/Documentos/Data_projects/Data-Warehouse-postgres-DBT-airflow-/.venv/lib/python3.11/site-packages/airflow/example_dags/tutorial_dag.py took 0.044 seconds
[2025-05-31T21:11:09.300-0300] {processor.py:161} INFO - Started process (PID=35979) to work on /home/walterg/Documentos/Data_projects/Data-Warehouse-postgres-DBT-airflow-/.venv/lib/python3.11/site-packages/airflow/example_dags/tutorial_dag.py
[2025-05-31T21:11:09.301-0300] {processor.py:830} INFO - Processing file /home/walterg/Documentos/Data_projects/Data-Warehouse-postgres-DBT-airflow-/.venv/lib/python3.11/site-packages/airflow/example_dags/tutorial_dag.py for tasks to queue
[2025-05-31T21:11:09.302-0300] {logging_mixin.py:188} INFO - [2025-05-31T21:11:09.301-0300] {dagbag.py:538} INFO - Filling up the DagBag from /home/walterg/Documentos/Data_projects/Data-Warehouse-postgres-DBT-airflow-/.venv/lib/python3.11/site-packages/airflow/example_dags/tutorial_dag.py
[2025-05-31T21:11:09.306-0300] {processor.py:840} INFO - DAG(s) 'tutorial_dag' retrieved from /home/walterg/Documentos/Data_projects/Data-Warehouse-postgres-DBT-airflow-/.venv/lib/python3.11/site-packages/airflow/example_dags/tutorial_dag.py
[2025-05-31T21:11:09.320-0300] {logging_mixin.py:188} INFO - [2025-05-31T21:11:09.320-0300] {dag.py:3036} INFO - Sync 1 DAGs
[2025-05-31T21:11:09.328-0300] {logging_mixin.py:188} INFO - [2025-05-31T21:11:09.328-0300] {dag.py:3823} INFO - Setting next_dagrun for tutorial_dag to None, run_after=None
[2025-05-31T21:11:09.345-0300] {processor.py:183} INFO - Processing /home/walterg/Documentos/Data_projects/Data-Warehouse-postgres-DBT-airflow-/.venv/lib/python3.11/site-packages/airflow/example_dags/tutorial_dag.py took 0.047 seconds
[2025-05-31T21:11:52.419-0300] {processor.py:161} INFO - Started process (PID=36154) to work on /home/walterg/Documentos/Data_projects/Data-Warehouse-postgres-DBT-airflow-/.venv/lib/python3.11/site-packages/airflow/example_dags/tutorial_dag.py
[2025-05-31T21:11:52.420-0300] {processor.py:830} INFO - Processing file /home/walterg/Documentos/Data_projects/Data-Warehouse-postgres-DBT-airflow-/.venv/lib/python3.11/site-packages/airflow/example_dags/tutorial_dag.py for tasks to queue
[2025-05-31T21:11:52.422-0300] {logging_mixin.py:188} INFO - [2025-05-31T21:11:52.421-0300] {dagbag.py:538} INFO - Filling up the DagBag from /home/walterg/Documentos/Data_projects/Data-Warehouse-postgres-DBT-airflow-/.venv/lib/python3.11/site-packages/airflow/example_dags/tutorial_dag.py
[2025-05-31T21:11:52.426-0300] {processor.py:840} INFO - DAG(s) 'tutorial_dag' retrieved from /home/walterg/Documentos/Data_projects/Data-Warehouse-postgres-DBT-airflow-/.venv/lib/python3.11/site-packages/airflow/example_dags/tutorial_dag.py
[2025-05-31T21:11:52.439-0300] {logging_mixin.py:188} INFO - [2025-05-31T21:11:52.439-0300] {dag.py:3036} INFO - Sync 1 DAGs
[2025-05-31T21:11:52.447-0300] {logging_mixin.py:188} INFO - [2025-05-31T21:11:52.447-0300] {dag.py:3823} INFO - Setting next_dagrun for tutorial_dag to None, run_after=None
[2025-05-31T21:11:52.463-0300] {processor.py:183} INFO - Processing /home/walterg/Documentos/Data_projects/Data-Warehouse-postgres-DBT-airflow-/.venv/lib/python3.11/site-packages/airflow/example_dags/tutorial_dag.py took 0.047 seconds
[2025-05-31T21:12:38.520-0300] {processor.py:161} INFO - Started process (PID=36363) to work on /home/walterg/Documentos/Data_projects/Data-Warehouse-postgres-DBT-airflow-/.venv/lib/python3.11/site-packages/airflow/example_dags/tutorial_dag.py
[2025-05-31T21:12:38.521-0300] {processor.py:830} INFO - Processing file /home/walterg/Documentos/Data_projects/Data-Warehouse-postgres-DBT-airflow-/.venv/lib/python3.11/site-packages/airflow/example_dags/tutorial_dag.py for tasks to queue
[2025-05-31T21:12:38.522-0300] {logging_mixin.py:188} INFO - [2025-05-31T21:12:38.521-0300] {dagbag.py:538} INFO - Filling up the DagBag from /home/walterg/Documentos/Data_projects/Data-Warehouse-postgres-DBT-airflow-/.venv/lib/python3.11/site-packages/airflow/example_dags/tutorial_dag.py
[2025-05-31T21:12:38.526-0300] {processor.py:840} INFO - DAG(s) 'tutorial_dag' retrieved from /home/walterg/Documentos/Data_projects/Data-Warehouse-postgres-DBT-airflow-/.venv/lib/python3.11/site-packages/airflow/example_dags/tutorial_dag.py
[2025-05-31T21:12:38.539-0300] {logging_mixin.py:188} INFO - [2025-05-31T21:12:38.539-0300] {dag.py:3036} INFO - Sync 1 DAGs
[2025-05-31T21:12:38.547-0300] {logging_mixin.py:188} INFO - [2025-05-31T21:12:38.546-0300] {dag.py:3823} INFO - Setting next_dagrun for tutorial_dag to None, run_after=None
[2025-05-31T21:12:38.564-0300] {processor.py:183} INFO - Processing /home/walterg/Documentos/Data_projects/Data-Warehouse-postgres-DBT-airflow-/.venv/lib/python3.11/site-packages/airflow/example_dags/tutorial_dag.py took 0.046 seconds
[2025-05-31T21:13:18.218-0300] {processor.py:161} INFO - Started process (PID=36542) to work on /home/walterg/Documentos/Data_projects/Data-Warehouse-postgres-DBT-airflow-/.venv/lib/python3.11/site-packages/airflow/example_dags/tutorial_dag.py
[2025-05-31T21:13:18.223-0300] {processor.py:830} INFO - Processing file /home/walterg/Documentos/Data_projects/Data-Warehouse-postgres-DBT-airflow-/.venv/lib/python3.11/site-packages/airflow/example_dags/tutorial_dag.py for tasks to queue
[2025-05-31T21:13:18.224-0300] {logging_mixin.py:188} INFO - [2025-05-31T21:13:18.224-0300] {dagbag.py:538} INFO - Filling up the DagBag from /home/walterg/Documentos/Data_projects/Data-Warehouse-postgres-DBT-airflow-/.venv/lib/python3.11/site-packages/airflow/example_dags/tutorial_dag.py
[2025-05-31T21:13:18.229-0300] {processor.py:840} INFO - DAG(s) 'tutorial_dag' retrieved from /home/walterg/Documentos/Data_projects/Data-Warehouse-postgres-DBT-airflow-/.venv/lib/python3.11/site-packages/airflow/example_dags/tutorial_dag.py
[2025-05-31T21:13:18.241-0300] {logging_mixin.py:188} INFO - [2025-05-31T21:13:18.241-0300] {dag.py:3036} INFO - Sync 1 DAGs
[2025-05-31T21:13:18.249-0300] {logging_mixin.py:188} INFO - [2025-05-31T21:13:18.249-0300] {dag.py:3823} INFO - Setting next_dagrun for tutorial_dag to None, run_after=None
[2025-05-31T21:13:18.265-0300] {processor.py:183} INFO - Processing /home/walterg/Documentos/Data_projects/Data-Warehouse-postgres-DBT-airflow-/.venv/lib/python3.11/site-packages/airflow/example_dags/tutorial_dag.py took 0.050 seconds
[2025-05-31T21:14:01.483-0300] {processor.py:161} INFO - Started process (PID=36711) to work on /home/walterg/Documentos/Data_projects/Data-Warehouse-postgres-DBT-airflow-/.venv/lib/python3.11/site-packages/airflow/example_dags/tutorial_dag.py
[2025-05-31T21:14:01.484-0300] {processor.py:830} INFO - Processing file /home/walterg/Documentos/Data_projects/Data-Warehouse-postgres-DBT-airflow-/.venv/lib/python3.11/site-packages/airflow/example_dags/tutorial_dag.py for tasks to queue
[2025-05-31T21:14:01.485-0300] {logging_mixin.py:188} INFO - [2025-05-31T21:14:01.485-0300] {dagbag.py:538} INFO - Filling up the DagBag from /home/walterg/Documentos/Data_projects/Data-Warehouse-postgres-DBT-airflow-/.venv/lib/python3.11/site-packages/airflow/example_dags/tutorial_dag.py
[2025-05-31T21:14:01.489-0300] {processor.py:840} INFO - DAG(s) 'tutorial_dag' retrieved from /home/walterg/Documentos/Data_projects/Data-Warehouse-postgres-DBT-airflow-/.venv/lib/python3.11/site-packages/airflow/example_dags/tutorial_dag.py
[2025-05-31T21:14:01.502-0300] {logging_mixin.py:188} INFO - [2025-05-31T21:14:01.502-0300] {dag.py:3036} INFO - Sync 1 DAGs
[2025-05-31T21:14:01.511-0300] {logging_mixin.py:188} INFO - [2025-05-31T21:14:01.511-0300] {dag.py:3823} INFO - Setting next_dagrun for tutorial_dag to None, run_after=None
[2025-05-31T21:14:01.527-0300] {processor.py:183} INFO - Processing /home/walterg/Documentos/Data_projects/Data-Warehouse-postgres-DBT-airflow-/.venv/lib/python3.11/site-packages/airflow/example_dags/tutorial_dag.py took 0.047 seconds
[2025-05-31T21:14:46.796-0300] {processor.py:161} INFO - Started process (PID=36926) to work on /home/walterg/Documentos/Data_projects/Data-Warehouse-postgres-DBT-airflow-/.venv/lib/python3.11/site-packages/airflow/example_dags/tutorial_dag.py
[2025-05-31T21:14:46.801-0300] {processor.py:830} INFO - Processing file /home/walterg/Documentos/Data_projects/Data-Warehouse-postgres-DBT-airflow-/.venv/lib/python3.11/site-packages/airflow/example_dags/tutorial_dag.py for tasks to queue
[2025-05-31T21:14:46.802-0300] {logging_mixin.py:188} INFO - [2025-05-31T21:14:46.801-0300] {dagbag.py:538} INFO - Filling up the DagBag from /home/walterg/Documentos/Data_projects/Data-Warehouse-postgres-DBT-airflow-/.venv/lib/python3.11/site-packages/airflow/example_dags/tutorial_dag.py
[2025-05-31T21:14:46.806-0300] {processor.py:840} INFO - DAG(s) 'tutorial_dag' retrieved from /home/walterg/Documentos/Data_projects/Data-Warehouse-postgres-DBT-airflow-/.venv/lib/python3.11/site-packages/airflow/example_dags/tutorial_dag.py
[2025-05-31T21:14:46.819-0300] {logging_mixin.py:188} INFO - [2025-05-31T21:14:46.819-0300] {dag.py:3036} INFO - Sync 1 DAGs
[2025-05-31T21:14:46.826-0300] {logging_mixin.py:188} INFO - [2025-05-31T21:14:46.826-0300] {dag.py:3823} INFO - Setting next_dagrun for tutorial_dag to None, run_after=None
[2025-05-31T21:14:46.842-0300] {processor.py:183} INFO - Processing /home/walterg/Documentos/Data_projects/Data-Warehouse-postgres-DBT-airflow-/.venv/lib/python3.11/site-packages/airflow/example_dags/tutorial_dag.py took 0.049 seconds
[2025-05-31T21:15:24.825-0300] {processor.py:161} INFO - Started process (PID=37226) to work on /home/walterg/Documentos/Data_projects/Data-Warehouse-postgres-DBT-airflow-/.venv/lib/python3.11/site-packages/airflow/example_dags/tutorial_dag.py
[2025-05-31T21:15:24.831-0300] {processor.py:830} INFO - Processing file /home/walterg/Documentos/Data_projects/Data-Warehouse-postgres-DBT-airflow-/.venv/lib/python3.11/site-packages/airflow/example_dags/tutorial_dag.py for tasks to queue
[2025-05-31T21:15:24.833-0300] {logging_mixin.py:188} INFO - [2025-05-31T21:15:24.832-0300] {dagbag.py:538} INFO - Filling up the DagBag from /home/walterg/Documentos/Data_projects/Data-Warehouse-postgres-DBT-airflow-/.venv/lib/python3.11/site-packages/airflow/example_dags/tutorial_dag.py
[2025-05-31T21:15:24.837-0300] {processor.py:840} INFO - DAG(s) 'tutorial_dag' retrieved from /home/walterg/Documentos/Data_projects/Data-Warehouse-postgres-DBT-airflow-/.venv/lib/python3.11/site-packages/airflow/example_dags/tutorial_dag.py
[2025-05-31T21:15:24.852-0300] {logging_mixin.py:188} INFO - [2025-05-31T21:15:24.851-0300] {dag.py:3036} INFO - Sync 1 DAGs
[2025-05-31T21:15:24.861-0300] {logging_mixin.py:188} INFO - [2025-05-31T21:15:24.861-0300] {dag.py:3823} INFO - Setting next_dagrun for tutorial_dag to None, run_after=None
[2025-05-31T21:15:24.880-0300] {processor.py:183} INFO - Processing /home/walterg/Documentos/Data_projects/Data-Warehouse-postgres-DBT-airflow-/.venv/lib/python3.11/site-packages/airflow/example_dags/tutorial_dag.py took 0.058 seconds
[2025-05-31T21:16:06.805-0300] {processor.py:161} INFO - Started process (PID=37438) to work on /home/walterg/Documentos/Data_projects/Data-Warehouse-postgres-DBT-airflow-/.venv/lib/python3.11/site-packages/airflow/example_dags/tutorial_dag.py
[2025-05-31T21:16:06.810-0300] {processor.py:830} INFO - Processing file /home/walterg/Documentos/Data_projects/Data-Warehouse-postgres-DBT-airflow-/.venv/lib/python3.11/site-packages/airflow/example_dags/tutorial_dag.py for tasks to queue
[2025-05-31T21:16:06.811-0300] {logging_mixin.py:188} INFO - [2025-05-31T21:16:06.811-0300] {dagbag.py:538} INFO - Filling up the DagBag from /home/walterg/Documentos/Data_projects/Data-Warehouse-postgres-DBT-airflow-/.venv/lib/python3.11/site-packages/airflow/example_dags/tutorial_dag.py
[2025-05-31T21:16:06.816-0300] {processor.py:840} INFO - DAG(s) 'tutorial_dag' retrieved from /home/walterg/Documentos/Data_projects/Data-Warehouse-postgres-DBT-airflow-/.venv/lib/python3.11/site-packages/airflow/example_dags/tutorial_dag.py
[2025-05-31T21:16:06.829-0300] {logging_mixin.py:188} INFO - [2025-05-31T21:16:06.828-0300] {dag.py:3036} INFO - Sync 1 DAGs
[2025-05-31T21:16:06.837-0300] {logging_mixin.py:188} INFO - [2025-05-31T21:16:06.836-0300] {dag.py:3823} INFO - Setting next_dagrun for tutorial_dag to None, run_after=None
[2025-05-31T21:16:06.853-0300] {processor.py:183} INFO - Processing /home/walterg/Documentos/Data_projects/Data-Warehouse-postgres-DBT-airflow-/.venv/lib/python3.11/site-packages/airflow/example_dags/tutorial_dag.py took 0.050 seconds
[2025-05-31T21:16:46.687-0300] {processor.py:161} INFO - Started process (PID=37667) to work on /home/walterg/Documentos/Data_projects/Data-Warehouse-postgres-DBT-airflow-/.venv/lib/python3.11/site-packages/airflow/example_dags/tutorial_dag.py
[2025-05-31T21:16:46.693-0300] {processor.py:830} INFO - Processing file /home/walterg/Documentos/Data_projects/Data-Warehouse-postgres-DBT-airflow-/.venv/lib/python3.11/site-packages/airflow/example_dags/tutorial_dag.py for tasks to queue
[2025-05-31T21:16:46.694-0300] {logging_mixin.py:188} INFO - [2025-05-31T21:16:46.693-0300] {dagbag.py:538} INFO - Filling up the DagBag from /home/walterg/Documentos/Data_projects/Data-Warehouse-postgres-DBT-airflow-/.venv/lib/python3.11/site-packages/airflow/example_dags/tutorial_dag.py
[2025-05-31T21:16:46.699-0300] {processor.py:840} INFO - DAG(s) 'tutorial_dag' retrieved from /home/walterg/Documentos/Data_projects/Data-Warehouse-postgres-DBT-airflow-/.venv/lib/python3.11/site-packages/airflow/example_dags/tutorial_dag.py
[2025-05-31T21:16:46.712-0300] {logging_mixin.py:188} INFO - [2025-05-31T21:16:46.712-0300] {dag.py:3036} INFO - Sync 1 DAGs
[2025-05-31T21:16:46.720-0300] {logging_mixin.py:188} INFO - [2025-05-31T21:16:46.719-0300] {dag.py:3823} INFO - Setting next_dagrun for tutorial_dag to None, run_after=None
[2025-05-31T21:16:46.737-0300] {processor.py:183} INFO - Processing /home/walterg/Documentos/Data_projects/Data-Warehouse-postgres-DBT-airflow-/.venv/lib/python3.11/site-packages/airflow/example_dags/tutorial_dag.py took 0.052 seconds
[2025-05-31T21:17:30.368-0300] {processor.py:161} INFO - Started process (PID=37877) to work on /home/walterg/Documentos/Data_projects/Data-Warehouse-postgres-DBT-airflow-/.venv/lib/python3.11/site-packages/airflow/example_dags/tutorial_dag.py
[2025-05-31T21:17:30.369-0300] {processor.py:830} INFO - Processing file /home/walterg/Documentos/Data_projects/Data-Warehouse-postgres-DBT-airflow-/.venv/lib/python3.11/site-packages/airflow/example_dags/tutorial_dag.py for tasks to queue
[2025-05-31T21:17:30.370-0300] {logging_mixin.py:188} INFO - [2025-05-31T21:17:30.370-0300] {dagbag.py:538} INFO - Filling up the DagBag from /home/walterg/Documentos/Data_projects/Data-Warehouse-postgres-DBT-airflow-/.venv/lib/python3.11/site-packages/airflow/example_dags/tutorial_dag.py
[2025-05-31T21:17:30.375-0300] {processor.py:840} INFO - DAG(s) 'tutorial_dag' retrieved from /home/walterg/Documentos/Data_projects/Data-Warehouse-postgres-DBT-airflow-/.venv/lib/python3.11/site-packages/airflow/example_dags/tutorial_dag.py
[2025-05-31T21:17:30.387-0300] {logging_mixin.py:188} INFO - [2025-05-31T21:17:30.387-0300] {dag.py:3036} INFO - Sync 1 DAGs
[2025-05-31T21:17:30.395-0300] {logging_mixin.py:188} INFO - [2025-05-31T21:17:30.395-0300] {dag.py:3823} INFO - Setting next_dagrun for tutorial_dag to None, run_after=None
[2025-05-31T21:17:30.411-0300] {processor.py:183} INFO - Processing /home/walterg/Documentos/Data_projects/Data-Warehouse-postgres-DBT-airflow-/.venv/lib/python3.11/site-packages/airflow/example_dags/tutorial_dag.py took 0.045 seconds
[2025-05-31T21:18:16.753-0300] {processor.py:161} INFO - Started process (PID=38072) to work on /home/walterg/Documentos/Data_projects/Data-Warehouse-postgres-DBT-airflow-/.venv/lib/python3.11/site-packages/airflow/example_dags/tutorial_dag.py
[2025-05-31T21:18:16.758-0300] {processor.py:830} INFO - Processing file /home/walterg/Documentos/Data_projects/Data-Warehouse-postgres-DBT-airflow-/.venv/lib/python3.11/site-packages/airflow/example_dags/tutorial_dag.py for tasks to queue
[2025-05-31T21:18:16.760-0300] {logging_mixin.py:188} INFO - [2025-05-31T21:18:16.759-0300] {dagbag.py:538} INFO - Filling up the DagBag from /home/walterg/Documentos/Data_projects/Data-Warehouse-postgres-DBT-airflow-/.venv/lib/python3.11/site-packages/airflow/example_dags/tutorial_dag.py
[2025-05-31T21:18:16.764-0300] {processor.py:840} INFO - DAG(s) 'tutorial_dag' retrieved from /home/walterg/Documentos/Data_projects/Data-Warehouse-postgres-DBT-airflow-/.venv/lib/python3.11/site-packages/airflow/example_dags/tutorial_dag.py
[2025-05-31T21:18:16.778-0300] {logging_mixin.py:188} INFO - [2025-05-31T21:18:16.778-0300] {dag.py:3036} INFO - Sync 1 DAGs
[2025-05-31T21:18:16.786-0300] {logging_mixin.py:188} INFO - [2025-05-31T21:18:16.786-0300] {dag.py:3823} INFO - Setting next_dagrun for tutorial_dag to None, run_after=None
[2025-05-31T21:18:16.804-0300] {processor.py:183} INFO - Processing /home/walterg/Documentos/Data_projects/Data-Warehouse-postgres-DBT-airflow-/.venv/lib/python3.11/site-packages/airflow/example_dags/tutorial_dag.py took 0.054 seconds
[2025-05-31T21:18:58.752-0300] {processor.py:161} INFO - Started process (PID=38193) to work on /home/walterg/Documentos/Data_projects/Data-Warehouse-postgres-DBT-airflow-/.venv/lib/python3.11/site-packages/airflow/example_dags/tutorial_dag.py
[2025-05-31T21:18:58.757-0300] {processor.py:830} INFO - Processing file /home/walterg/Documentos/Data_projects/Data-Warehouse-postgres-DBT-airflow-/.venv/lib/python3.11/site-packages/airflow/example_dags/tutorial_dag.py for tasks to queue
[2025-05-31T21:18:58.758-0300] {logging_mixin.py:188} INFO - [2025-05-31T21:18:58.758-0300] {dagbag.py:538} INFO - Filling up the DagBag from /home/walterg/Documentos/Data_projects/Data-Warehouse-postgres-DBT-airflow-/.venv/lib/python3.11/site-packages/airflow/example_dags/tutorial_dag.py
[2025-05-31T21:18:58.763-0300] {processor.py:840} INFO - DAG(s) 'tutorial_dag' retrieved from /home/walterg/Documentos/Data_projects/Data-Warehouse-postgres-DBT-airflow-/.venv/lib/python3.11/site-packages/airflow/example_dags/tutorial_dag.py
[2025-05-31T21:18:58.776-0300] {logging_mixin.py:188} INFO - [2025-05-31T21:18:58.775-0300] {dag.py:3036} INFO - Sync 1 DAGs
[2025-05-31T21:18:58.783-0300] {logging_mixin.py:188} INFO - [2025-05-31T21:18:58.783-0300] {dag.py:3823} INFO - Setting next_dagrun for tutorial_dag to None, run_after=None
[2025-05-31T21:18:58.799-0300] {processor.py:183} INFO - Processing /home/walterg/Documentos/Data_projects/Data-Warehouse-postgres-DBT-airflow-/.venv/lib/python3.11/site-packages/airflow/example_dags/tutorial_dag.py took 0.050 seconds
[2025-05-31T21:19:42.490-0300] {processor.py:161} INFO - Started process (PID=38415) to work on /home/walterg/Documentos/Data_projects/Data-Warehouse-postgres-DBT-airflow-/.venv/lib/python3.11/site-packages/airflow/example_dags/tutorial_dag.py
[2025-05-31T21:19:42.495-0300] {processor.py:830} INFO - Processing file /home/walterg/Documentos/Data_projects/Data-Warehouse-postgres-DBT-airflow-/.venv/lib/python3.11/site-packages/airflow/example_dags/tutorial_dag.py for tasks to queue
[2025-05-31T21:19:42.496-0300] {logging_mixin.py:188} INFO - [2025-05-31T21:19:42.496-0300] {dagbag.py:538} INFO - Filling up the DagBag from /home/walterg/Documentos/Data_projects/Data-Warehouse-postgres-DBT-airflow-/.venv/lib/python3.11/site-packages/airflow/example_dags/tutorial_dag.py
[2025-05-31T21:19:42.501-0300] {processor.py:840} INFO - DAG(s) 'tutorial_dag' retrieved from /home/walterg/Documentos/Data_projects/Data-Warehouse-postgres-DBT-airflow-/.venv/lib/python3.11/site-packages/airflow/example_dags/tutorial_dag.py
[2025-05-31T21:19:42.513-0300] {logging_mixin.py:188} INFO - [2025-05-31T21:19:42.513-0300] {dag.py:3036} INFO - Sync 1 DAGs
[2025-05-31T21:19:42.520-0300] {logging_mixin.py:188} INFO - [2025-05-31T21:19:42.520-0300] {dag.py:3823} INFO - Setting next_dagrun for tutorial_dag to None, run_after=None
[2025-05-31T21:19:42.537-0300] {processor.py:183} INFO - Processing /home/walterg/Documentos/Data_projects/Data-Warehouse-postgres-DBT-airflow-/.venv/lib/python3.11/site-packages/airflow/example_dags/tutorial_dag.py took 0.049 seconds
[2025-05-31T21:20:25.322-0300] {processor.py:161} INFO - Started process (PID=38593) to work on /home/walterg/Documentos/Data_projects/Data-Warehouse-postgres-DBT-airflow-/.venv/lib/python3.11/site-packages/airflow/example_dags/tutorial_dag.py
[2025-05-31T21:20:25.328-0300] {processor.py:830} INFO - Processing file /home/walterg/Documentos/Data_projects/Data-Warehouse-postgres-DBT-airflow-/.venv/lib/python3.11/site-packages/airflow/example_dags/tutorial_dag.py for tasks to queue
[2025-05-31T21:20:25.328-0300] {logging_mixin.py:188} INFO - [2025-05-31T21:20:25.328-0300] {dagbag.py:538} INFO - Filling up the DagBag from /home/walterg/Documentos/Data_projects/Data-Warehouse-postgres-DBT-airflow-/.venv/lib/python3.11/site-packages/airflow/example_dags/tutorial_dag.py
[2025-05-31T21:20:25.333-0300] {processor.py:840} INFO - DAG(s) 'tutorial_dag' retrieved from /home/walterg/Documentos/Data_projects/Data-Warehouse-postgres-DBT-airflow-/.venv/lib/python3.11/site-packages/airflow/example_dags/tutorial_dag.py
[2025-05-31T21:20:25.345-0300] {logging_mixin.py:188} INFO - [2025-05-31T21:20:25.345-0300] {dag.py:3036} INFO - Sync 1 DAGs
[2025-05-31T21:20:25.352-0300] {logging_mixin.py:188} INFO - [2025-05-31T21:20:25.352-0300] {dag.py:3823} INFO - Setting next_dagrun for tutorial_dag to None, run_after=None
[2025-05-31T21:20:25.367-0300] {processor.py:183} INFO - Processing /home/walterg/Documentos/Data_projects/Data-Warehouse-postgres-DBT-airflow-/.venv/lib/python3.11/site-packages/airflow/example_dags/tutorial_dag.py took 0.047 seconds
[2025-05-31T21:21:01.375-0300] {processor.py:161} INFO - Started process (PID=38699) to work on /home/walterg/Documentos/Data_projects/Data-Warehouse-postgres-DBT-airflow-/.venv/lib/python3.11/site-packages/airflow/example_dags/tutorial_dag.py
[2025-05-31T21:21:01.376-0300] {processor.py:830} INFO - Processing file /home/walterg/Documentos/Data_projects/Data-Warehouse-postgres-DBT-airflow-/.venv/lib/python3.11/site-packages/airflow/example_dags/tutorial_dag.py for tasks to queue
[2025-05-31T21:21:01.377-0300] {logging_mixin.py:188} INFO - [2025-05-31T21:21:01.376-0300] {dagbag.py:538} INFO - Filling up the DagBag from /home/walterg/Documentos/Data_projects/Data-Warehouse-postgres-DBT-airflow-/.venv/lib/python3.11/site-packages/airflow/example_dags/tutorial_dag.py
[2025-05-31T21:21:01.381-0300] {processor.py:840} INFO - DAG(s) 'tutorial_dag' retrieved from /home/walterg/Documentos/Data_projects/Data-Warehouse-postgres-DBT-airflow-/.venv/lib/python3.11/site-packages/airflow/example_dags/tutorial_dag.py
[2025-05-31T21:21:01.394-0300] {logging_mixin.py:188} INFO - [2025-05-31T21:21:01.394-0300] {dag.py:3036} INFO - Sync 1 DAGs
[2025-05-31T21:21:01.402-0300] {logging_mixin.py:188} INFO - [2025-05-31T21:21:01.402-0300] {dag.py:3823} INFO - Setting next_dagrun for tutorial_dag to None, run_after=None
[2025-05-31T21:21:01.420-0300] {processor.py:183} INFO - Processing /home/walterg/Documentos/Data_projects/Data-Warehouse-postgres-DBT-airflow-/.venv/lib/python3.11/site-packages/airflow/example_dags/tutorial_dag.py took 0.048 seconds
[2025-05-31T21:21:46.576-0300] {processor.py:161} INFO - Started process (PID=38977) to work on /home/walterg/Documentos/Data_projects/Data-Warehouse-postgres-DBT-airflow-/.venv/lib/python3.11/site-packages/airflow/example_dags/tutorial_dag.py
[2025-05-31T21:21:46.581-0300] {processor.py:830} INFO - Processing file /home/walterg/Documentos/Data_projects/Data-Warehouse-postgres-DBT-airflow-/.venv/lib/python3.11/site-packages/airflow/example_dags/tutorial_dag.py for tasks to queue
[2025-05-31T21:21:46.581-0300] {logging_mixin.py:188} INFO - [2025-05-31T21:21:46.581-0300] {dagbag.py:538} INFO - Filling up the DagBag from /home/walterg/Documentos/Data_projects/Data-Warehouse-postgres-DBT-airflow-/.venv/lib/python3.11/site-packages/airflow/example_dags/tutorial_dag.py
[2025-05-31T21:21:46.586-0300] {processor.py:840} INFO - DAG(s) 'tutorial_dag' retrieved from /home/walterg/Documentos/Data_projects/Data-Warehouse-postgres-DBT-airflow-/.venv/lib/python3.11/site-packages/airflow/example_dags/tutorial_dag.py
[2025-05-31T21:21:46.598-0300] {logging_mixin.py:188} INFO - [2025-05-31T21:21:46.598-0300] {dag.py:3036} INFO - Sync 1 DAGs
[2025-05-31T21:21:46.606-0300] {logging_mixin.py:188} INFO - [2025-05-31T21:21:46.606-0300] {dag.py:3823} INFO - Setting next_dagrun for tutorial_dag to None, run_after=None
[2025-05-31T21:21:46.622-0300] {processor.py:183} INFO - Processing /home/walterg/Documentos/Data_projects/Data-Warehouse-postgres-DBT-airflow-/.venv/lib/python3.11/site-packages/airflow/example_dags/tutorial_dag.py took 0.049 seconds
[2025-05-31T21:22:27.265-0300] {processor.py:161} INFO - Started process (PID=39280) to work on /home/walterg/Documentos/Data_projects/Data-Warehouse-postgres-DBT-airflow-/.venv/lib/python3.11/site-packages/airflow/example_dags/tutorial_dag.py
[2025-05-31T21:22:27.270-0300] {processor.py:830} INFO - Processing file /home/walterg/Documentos/Data_projects/Data-Warehouse-postgres-DBT-airflow-/.venv/lib/python3.11/site-packages/airflow/example_dags/tutorial_dag.py for tasks to queue
[2025-05-31T21:22:27.271-0300] {logging_mixin.py:188} INFO - [2025-05-31T21:22:27.271-0300] {dagbag.py:538} INFO - Filling up the DagBag from /home/walterg/Documentos/Data_projects/Data-Warehouse-postgres-DBT-airflow-/.venv/lib/python3.11/site-packages/airflow/example_dags/tutorial_dag.py
[2025-05-31T21:22:27.276-0300] {processor.py:840} INFO - DAG(s) 'tutorial_dag' retrieved from /home/walterg/Documentos/Data_projects/Data-Warehouse-postgres-DBT-airflow-/.venv/lib/python3.11/site-packages/airflow/example_dags/tutorial_dag.py
[2025-05-31T21:22:27.289-0300] {logging_mixin.py:188} INFO - [2025-05-31T21:22:27.289-0300] {dag.py:3036} INFO - Sync 1 DAGs
[2025-05-31T21:22:27.297-0300] {logging_mixin.py:188} INFO - [2025-05-31T21:22:27.297-0300] {dag.py:3823} INFO - Setting next_dagrun for tutorial_dag to None, run_after=None
[2025-05-31T21:22:27.315-0300] {processor.py:183} INFO - Processing /home/walterg/Documentos/Data_projects/Data-Warehouse-postgres-DBT-airflow-/.venv/lib/python3.11/site-packages/airflow/example_dags/tutorial_dag.py took 0.053 seconds
[2025-05-31T21:23:13.948-0300] {processor.py:161} INFO - Started process (PID=39509) to work on /home/walterg/Documentos/Data_projects/Data-Warehouse-postgres-DBT-airflow-/.venv/lib/python3.11/site-packages/airflow/example_dags/tutorial_dag.py
[2025-05-31T21:23:13.953-0300] {processor.py:830} INFO - Processing file /home/walterg/Documentos/Data_projects/Data-Warehouse-postgres-DBT-airflow-/.venv/lib/python3.11/site-packages/airflow/example_dags/tutorial_dag.py for tasks to queue
[2025-05-31T21:23:13.954-0300] {logging_mixin.py:188} INFO - [2025-05-31T21:23:13.954-0300] {dagbag.py:538} INFO - Filling up the DagBag from /home/walterg/Documentos/Data_projects/Data-Warehouse-postgres-DBT-airflow-/.venv/lib/python3.11/site-packages/airflow/example_dags/tutorial_dag.py
[2025-05-31T21:23:13.959-0300] {processor.py:840} INFO - DAG(s) 'tutorial_dag' retrieved from /home/walterg/Documentos/Data_projects/Data-Warehouse-postgres-DBT-airflow-/.venv/lib/python3.11/site-packages/airflow/example_dags/tutorial_dag.py
[2025-05-31T21:23:13.971-0300] {logging_mixin.py:188} INFO - [2025-05-31T21:23:13.971-0300] {dag.py:3036} INFO - Sync 1 DAGs
[2025-05-31T21:23:13.979-0300] {logging_mixin.py:188} INFO - [2025-05-31T21:23:13.979-0300] {dag.py:3823} INFO - Setting next_dagrun for tutorial_dag to None, run_after=None
[2025-05-31T21:23:13.996-0300] {processor.py:183} INFO - Processing /home/walterg/Documentos/Data_projects/Data-Warehouse-postgres-DBT-airflow-/.venv/lib/python3.11/site-packages/airflow/example_dags/tutorial_dag.py took 0.051 seconds
[2025-05-31T21:23:57.040-0300] {processor.py:161} INFO - Started process (PID=39610) to work on /home/walterg/Documentos/Data_projects/Data-Warehouse-postgres-DBT-airflow-/.venv/lib/python3.11/site-packages/airflow/example_dags/tutorial_dag.py
[2025-05-31T21:23:57.045-0300] {processor.py:830} INFO - Processing file /home/walterg/Documentos/Data_projects/Data-Warehouse-postgres-DBT-airflow-/.venv/lib/python3.11/site-packages/airflow/example_dags/tutorial_dag.py for tasks to queue
[2025-05-31T21:23:57.046-0300] {logging_mixin.py:188} INFO - [2025-05-31T21:23:57.046-0300] {dagbag.py:538} INFO - Filling up the DagBag from /home/walterg/Documentos/Data_projects/Data-Warehouse-postgres-DBT-airflow-/.venv/lib/python3.11/site-packages/airflow/example_dags/tutorial_dag.py
[2025-05-31T21:23:57.052-0300] {processor.py:840} INFO - DAG(s) 'tutorial_dag' retrieved from /home/walterg/Documentos/Data_projects/Data-Warehouse-postgres-DBT-airflow-/.venv/lib/python3.11/site-packages/airflow/example_dags/tutorial_dag.py
[2025-05-31T21:23:57.065-0300] {logging_mixin.py:188} INFO - [2025-05-31T21:23:57.065-0300] {dag.py:3036} INFO - Sync 1 DAGs
[2025-05-31T21:23:57.073-0300] {logging_mixin.py:188} INFO - [2025-05-31T21:23:57.073-0300] {dag.py:3823} INFO - Setting next_dagrun for tutorial_dag to None, run_after=None
[2025-05-31T21:23:57.203-0300] {processor.py:183} INFO - Processing /home/walterg/Documentos/Data_projects/Data-Warehouse-postgres-DBT-airflow-/.venv/lib/python3.11/site-packages/airflow/example_dags/tutorial_dag.py took 0.165 seconds
[2025-05-31T21:24:48.619-0300] {processor.py:161} INFO - Started process (PID=39834) to work on /home/walterg/Documentos/Data_projects/Data-Warehouse-postgres-DBT-airflow-/.venv/lib/python3.11/site-packages/airflow/example_dags/tutorial_dag.py
[2025-05-31T21:24:48.620-0300] {processor.py:830} INFO - Processing file /home/walterg/Documentos/Data_projects/Data-Warehouse-postgres-DBT-airflow-/.venv/lib/python3.11/site-packages/airflow/example_dags/tutorial_dag.py for tasks to queue
[2025-05-31T21:24:48.620-0300] {logging_mixin.py:188} INFO - [2025-05-31T21:24:48.620-0300] {dagbag.py:538} INFO - Filling up the DagBag from /home/walterg/Documentos/Data_projects/Data-Warehouse-postgres-DBT-airflow-/.venv/lib/python3.11/site-packages/airflow/example_dags/tutorial_dag.py
[2025-05-31T21:24:48.625-0300] {processor.py:840} INFO - DAG(s) 'tutorial_dag' retrieved from /home/walterg/Documentos/Data_projects/Data-Warehouse-postgres-DBT-airflow-/.venv/lib/python3.11/site-packages/airflow/example_dags/tutorial_dag.py
[2025-05-31T21:24:48.638-0300] {logging_mixin.py:188} INFO - [2025-05-31T21:24:48.637-0300] {dag.py:3036} INFO - Sync 1 DAGs
[2025-05-31T21:24:48.645-0300] {logging_mixin.py:188} INFO - [2025-05-31T21:24:48.645-0300] {dag.py:3823} INFO - Setting next_dagrun for tutorial_dag to None, run_after=None
[2025-05-31T21:24:48.661-0300] {processor.py:183} INFO - Processing /home/walterg/Documentos/Data_projects/Data-Warehouse-postgres-DBT-airflow-/.venv/lib/python3.11/site-packages/airflow/example_dags/tutorial_dag.py took 0.045 seconds
[2025-05-31T21:25:34.975-0300] {processor.py:161} INFO - Started process (PID=40147) to work on /home/walterg/Documentos/Data_projects/Data-Warehouse-postgres-DBT-airflow-/.venv/lib/python3.11/site-packages/airflow/example_dags/tutorial_dag.py
[2025-05-31T21:25:34.980-0300] {processor.py:830} INFO - Processing file /home/walterg/Documentos/Data_projects/Data-Warehouse-postgres-DBT-airflow-/.venv/lib/python3.11/site-packages/airflow/example_dags/tutorial_dag.py for tasks to queue
[2025-05-31T21:25:34.981-0300] {logging_mixin.py:188} INFO - [2025-05-31T21:25:34.981-0300] {dagbag.py:538} INFO - Filling up the DagBag from /home/walterg/Documentos/Data_projects/Data-Warehouse-postgres-DBT-airflow-/.venv/lib/python3.11/site-packages/airflow/example_dags/tutorial_dag.py
[2025-05-31T21:25:34.986-0300] {processor.py:840} INFO - DAG(s) 'tutorial_dag' retrieved from /home/walterg/Documentos/Data_projects/Data-Warehouse-postgres-DBT-airflow-/.venv/lib/python3.11/site-packages/airflow/example_dags/tutorial_dag.py
[2025-05-31T21:25:34.998-0300] {logging_mixin.py:188} INFO - [2025-05-31T21:25:34.998-0300] {dag.py:3036} INFO - Sync 1 DAGs
[2025-05-31T21:25:35.006-0300] {logging_mixin.py:188} INFO - [2025-05-31T21:25:35.006-0300] {dag.py:3823} INFO - Setting next_dagrun for tutorial_dag to None, run_after=None
[2025-05-31T21:25:35.026-0300] {processor.py:183} INFO - Processing /home/walterg/Documentos/Data_projects/Data-Warehouse-postgres-DBT-airflow-/.venv/lib/python3.11/site-packages/airflow/example_dags/tutorial_dag.py took 0.054 seconds
[2025-05-31T21:26:14.387-0300] {processor.py:161} INFO - Started process (PID=40529) to work on /home/walterg/Documentos/Data_projects/Data-Warehouse-postgres-DBT-airflow-/.venv/lib/python3.11/site-packages/airflow/example_dags/tutorial_dag.py
[2025-05-31T21:26:14.392-0300] {processor.py:830} INFO - Processing file /home/walterg/Documentos/Data_projects/Data-Warehouse-postgres-DBT-airflow-/.venv/lib/python3.11/site-packages/airflow/example_dags/tutorial_dag.py for tasks to queue
[2025-05-31T21:26:14.393-0300] {logging_mixin.py:188} INFO - [2025-05-31T21:26:14.392-0300] {dagbag.py:538} INFO - Filling up the DagBag from /home/walterg/Documentos/Data_projects/Data-Warehouse-postgres-DBT-airflow-/.venv/lib/python3.11/site-packages/airflow/example_dags/tutorial_dag.py
[2025-05-31T21:26:14.398-0300] {processor.py:840} INFO - DAG(s) 'tutorial_dag' retrieved from /home/walterg/Documentos/Data_projects/Data-Warehouse-postgres-DBT-airflow-/.venv/lib/python3.11/site-packages/airflow/example_dags/tutorial_dag.py
[2025-05-31T21:26:14.414-0300] {logging_mixin.py:188} INFO - [2025-05-31T21:26:14.413-0300] {dag.py:3036} INFO - Sync 1 DAGs
[2025-05-31T21:26:14.422-0300] {logging_mixin.py:188} INFO - [2025-05-31T21:26:14.421-0300] {dag.py:3823} INFO - Setting next_dagrun for tutorial_dag to None, run_after=None
[2025-05-31T21:26:14.443-0300] {processor.py:183} INFO - Processing /home/walterg/Documentos/Data_projects/Data-Warehouse-postgres-DBT-airflow-/.venv/lib/python3.11/site-packages/airflow/example_dags/tutorial_dag.py took 0.059 seconds
[2025-05-31T21:26:55.295-0300] {processor.py:161} INFO - Started process (PID=40696) to work on /home/walterg/Documentos/Data_projects/Data-Warehouse-postgres-DBT-airflow-/.venv/lib/python3.11/site-packages/airflow/example_dags/tutorial_dag.py
[2025-05-31T21:26:55.300-0300] {processor.py:830} INFO - Processing file /home/walterg/Documentos/Data_projects/Data-Warehouse-postgres-DBT-airflow-/.venv/lib/python3.11/site-packages/airflow/example_dags/tutorial_dag.py for tasks to queue
[2025-05-31T21:26:55.301-0300] {logging_mixin.py:188} INFO - [2025-05-31T21:26:55.301-0300] {dagbag.py:538} INFO - Filling up the DagBag from /home/walterg/Documentos/Data_projects/Data-Warehouse-postgres-DBT-airflow-/.venv/lib/python3.11/site-packages/airflow/example_dags/tutorial_dag.py
[2025-05-31T21:26:55.305-0300] {processor.py:840} INFO - DAG(s) 'tutorial_dag' retrieved from /home/walterg/Documentos/Data_projects/Data-Warehouse-postgres-DBT-airflow-/.venv/lib/python3.11/site-packages/airflow/example_dags/tutorial_dag.py
[2025-05-31T21:26:55.318-0300] {logging_mixin.py:188} INFO - [2025-05-31T21:26:55.318-0300] {dag.py:3036} INFO - Sync 1 DAGs
[2025-05-31T21:26:55.326-0300] {logging_mixin.py:188} INFO - [2025-05-31T21:26:55.326-0300] {dag.py:3823} INFO - Setting next_dagrun for tutorial_dag to None, run_after=None
[2025-05-31T21:26:55.345-0300] {processor.py:183} INFO - Processing /home/walterg/Documentos/Data_projects/Data-Warehouse-postgres-DBT-airflow-/.venv/lib/python3.11/site-packages/airflow/example_dags/tutorial_dag.py took 0.053 seconds
[2025-05-31T21:27:36.014-0300] {processor.py:161} INFO - Started process (PID=41118) to work on /home/walterg/Documentos/Data_projects/Data-Warehouse-postgres-DBT-airflow-/.venv/lib/python3.11/site-packages/airflow/example_dags/tutorial_dag.py
[2025-05-31T21:27:36.014-0300] {processor.py:830} INFO - Processing file /home/walterg/Documentos/Data_projects/Data-Warehouse-postgres-DBT-airflow-/.venv/lib/python3.11/site-packages/airflow/example_dags/tutorial_dag.py for tasks to queue
[2025-05-31T21:27:36.015-0300] {logging_mixin.py:188} INFO - [2025-05-31T21:27:36.015-0300] {dagbag.py:538} INFO - Filling up the DagBag from /home/walterg/Documentos/Data_projects/Data-Warehouse-postgres-DBT-airflow-/.venv/lib/python3.11/site-packages/airflow/example_dags/tutorial_dag.py
[2025-05-31T21:27:36.020-0300] {processor.py:840} INFO - DAG(s) 'tutorial_dag' retrieved from /home/walterg/Documentos/Data_projects/Data-Warehouse-postgres-DBT-airflow-/.venv/lib/python3.11/site-packages/airflow/example_dags/tutorial_dag.py
[2025-05-31T21:27:36.038-0300] {logging_mixin.py:188} INFO - [2025-05-31T21:27:36.038-0300] {dag.py:3036} INFO - Sync 1 DAGs
[2025-05-31T21:27:36.048-0300] {logging_mixin.py:188} INFO - [2025-05-31T21:27:36.048-0300] {dag.py:3823} INFO - Setting next_dagrun for tutorial_dag to None, run_after=None
[2025-05-31T21:27:36.073-0300] {processor.py:183} INFO - Processing /home/walterg/Documentos/Data_projects/Data-Warehouse-postgres-DBT-airflow-/.venv/lib/python3.11/site-packages/airflow/example_dags/tutorial_dag.py took 0.062 seconds
[2025-05-31T21:28:16.293-0300] {processor.py:161} INFO - Started process (PID=41380) to work on /home/walterg/Documentos/Data_projects/Data-Warehouse-postgres-DBT-airflow-/.venv/lib/python3.11/site-packages/airflow/example_dags/tutorial_dag.py
[2025-05-31T21:28:16.294-0300] {processor.py:830} INFO - Processing file /home/walterg/Documentos/Data_projects/Data-Warehouse-postgres-DBT-airflow-/.venv/lib/python3.11/site-packages/airflow/example_dags/tutorial_dag.py for tasks to queue
[2025-05-31T21:28:16.294-0300] {logging_mixin.py:188} INFO - [2025-05-31T21:28:16.294-0300] {dagbag.py:538} INFO - Filling up the DagBag from /home/walterg/Documentos/Data_projects/Data-Warehouse-postgres-DBT-airflow-/.venv/lib/python3.11/site-packages/airflow/example_dags/tutorial_dag.py
[2025-05-31T21:28:16.299-0300] {processor.py:840} INFO - DAG(s) 'tutorial_dag' retrieved from /home/walterg/Documentos/Data_projects/Data-Warehouse-postgres-DBT-airflow-/.venv/lib/python3.11/site-packages/airflow/example_dags/tutorial_dag.py
[2025-05-31T21:28:16.312-0300] {logging_mixin.py:188} INFO - [2025-05-31T21:28:16.311-0300] {dag.py:3036} INFO - Sync 1 DAGs
[2025-05-31T21:28:16.320-0300] {logging_mixin.py:188} INFO - [2025-05-31T21:28:16.319-0300] {dag.py:3823} INFO - Setting next_dagrun for tutorial_dag to None, run_after=None
[2025-05-31T21:28:16.336-0300] {processor.py:183} INFO - Processing /home/walterg/Documentos/Data_projects/Data-Warehouse-postgres-DBT-airflow-/.venv/lib/python3.11/site-packages/airflow/example_dags/tutorial_dag.py took 0.046 seconds
[2025-05-31T21:28:56.523-0300] {processor.py:161} INFO - Started process (PID=41477) to work on /home/walterg/Documentos/Data_projects/Data-Warehouse-postgres-DBT-airflow-/.venv/lib/python3.11/site-packages/airflow/example_dags/tutorial_dag.py
[2025-05-31T21:28:56.525-0300] {processor.py:830} INFO - Processing file /home/walterg/Documentos/Data_projects/Data-Warehouse-postgres-DBT-airflow-/.venv/lib/python3.11/site-packages/airflow/example_dags/tutorial_dag.py for tasks to queue
[2025-05-31T21:28:56.525-0300] {logging_mixin.py:188} INFO - [2025-05-31T21:28:56.525-0300] {dagbag.py:538} INFO - Filling up the DagBag from /home/walterg/Documentos/Data_projects/Data-Warehouse-postgres-DBT-airflow-/.venv/lib/python3.11/site-packages/airflow/example_dags/tutorial_dag.py
[2025-05-31T21:28:56.530-0300] {processor.py:840} INFO - DAG(s) 'tutorial_dag' retrieved from /home/walterg/Documentos/Data_projects/Data-Warehouse-postgres-DBT-airflow-/.venv/lib/python3.11/site-packages/airflow/example_dags/tutorial_dag.py
[2025-05-31T21:28:56.548-0300] {logging_mixin.py:188} INFO - [2025-05-31T21:28:56.548-0300] {dag.py:3036} INFO - Sync 1 DAGs
[2025-05-31T21:28:56.555-0300] {logging_mixin.py:188} INFO - [2025-05-31T21:28:56.555-0300] {dag.py:3823} INFO - Setting next_dagrun for tutorial_dag to None, run_after=None
[2025-05-31T21:28:56.572-0300] {processor.py:183} INFO - Processing /home/walterg/Documentos/Data_projects/Data-Warehouse-postgres-DBT-airflow-/.venv/lib/python3.11/site-packages/airflow/example_dags/tutorial_dag.py took 0.051 seconds
[2025-05-31T21:29:37.858-0300] {processor.py:161} INFO - Started process (PID=41679) to work on /home/walterg/Documentos/Data_projects/Data-Warehouse-postgres-DBT-airflow-/.venv/lib/python3.11/site-packages/airflow/example_dags/tutorial_dag.py
[2025-05-31T21:29:37.863-0300] {processor.py:830} INFO - Processing file /home/walterg/Documentos/Data_projects/Data-Warehouse-postgres-DBT-airflow-/.venv/lib/python3.11/site-packages/airflow/example_dags/tutorial_dag.py for tasks to queue
[2025-05-31T21:29:37.864-0300] {logging_mixin.py:188} INFO - [2025-05-31T21:29:37.864-0300] {dagbag.py:538} INFO - Filling up the DagBag from /home/walterg/Documentos/Data_projects/Data-Warehouse-postgres-DBT-airflow-/.venv/lib/python3.11/site-packages/airflow/example_dags/tutorial_dag.py
[2025-05-31T21:29:37.869-0300] {processor.py:840} INFO - DAG(s) 'tutorial_dag' retrieved from /home/walterg/Documentos/Data_projects/Data-Warehouse-postgres-DBT-airflow-/.venv/lib/python3.11/site-packages/airflow/example_dags/tutorial_dag.py
[2025-05-31T21:29:37.882-0300] {logging_mixin.py:188} INFO - [2025-05-31T21:29:37.882-0300] {dag.py:3036} INFO - Sync 1 DAGs
[2025-05-31T21:29:37.890-0300] {logging_mixin.py:188} INFO - [2025-05-31T21:29:37.890-0300] {dag.py:3823} INFO - Setting next_dagrun for tutorial_dag to None, run_after=None
[2025-05-31T21:29:37.909-0300] {processor.py:183} INFO - Processing /home/walterg/Documentos/Data_projects/Data-Warehouse-postgres-DBT-airflow-/.venv/lib/python3.11/site-packages/airflow/example_dags/tutorial_dag.py took 0.055 seconds
[2025-05-31T21:30:16.865-0300] {processor.py:161} INFO - Started process (PID=41860) to work on /home/walterg/Documentos/Data_projects/Data-Warehouse-postgres-DBT-airflow-/.venv/lib/python3.11/site-packages/airflow/example_dags/tutorial_dag.py
[2025-05-31T21:30:16.870-0300] {processor.py:830} INFO - Processing file /home/walterg/Documentos/Data_projects/Data-Warehouse-postgres-DBT-airflow-/.venv/lib/python3.11/site-packages/airflow/example_dags/tutorial_dag.py for tasks to queue
[2025-05-31T21:30:16.871-0300] {logging_mixin.py:188} INFO - [2025-05-31T21:30:16.870-0300] {dagbag.py:538} INFO - Filling up the DagBag from /home/walterg/Documentos/Data_projects/Data-Warehouse-postgres-DBT-airflow-/.venv/lib/python3.11/site-packages/airflow/example_dags/tutorial_dag.py
[2025-05-31T21:30:16.876-0300] {processor.py:840} INFO - DAG(s) 'tutorial_dag' retrieved from /home/walterg/Documentos/Data_projects/Data-Warehouse-postgres-DBT-airflow-/.venv/lib/python3.11/site-packages/airflow/example_dags/tutorial_dag.py
[2025-05-31T21:30:16.889-0300] {logging_mixin.py:188} INFO - [2025-05-31T21:30:16.888-0300] {dag.py:3036} INFO - Sync 1 DAGs
[2025-05-31T21:30:16.896-0300] {logging_mixin.py:188} INFO - [2025-05-31T21:30:16.896-0300] {dag.py:3823} INFO - Setting next_dagrun for tutorial_dag to None, run_after=None
[2025-05-31T21:30:16.913-0300] {processor.py:183} INFO - Processing /home/walterg/Documentos/Data_projects/Data-Warehouse-postgres-DBT-airflow-/.venv/lib/python3.11/site-packages/airflow/example_dags/tutorial_dag.py took 0.051 seconds
[2025-05-31T21:30:56.764-0300] {processor.py:161} INFO - Started process (PID=41988) to work on /home/walterg/Documentos/Data_projects/Data-Warehouse-postgres-DBT-airflow-/.venv/lib/python3.11/site-packages/airflow/example_dags/tutorial_dag.py
[2025-05-31T21:30:56.769-0300] {processor.py:830} INFO - Processing file /home/walterg/Documentos/Data_projects/Data-Warehouse-postgres-DBT-airflow-/.venv/lib/python3.11/site-packages/airflow/example_dags/tutorial_dag.py for tasks to queue
[2025-05-31T21:30:56.770-0300] {logging_mixin.py:188} INFO - [2025-05-31T21:30:56.770-0300] {dagbag.py:538} INFO - Filling up the DagBag from /home/walterg/Documentos/Data_projects/Data-Warehouse-postgres-DBT-airflow-/.venv/lib/python3.11/site-packages/airflow/example_dags/tutorial_dag.py
[2025-05-31T21:30:56.775-0300] {processor.py:840} INFO - DAG(s) 'tutorial_dag' retrieved from /home/walterg/Documentos/Data_projects/Data-Warehouse-postgres-DBT-airflow-/.venv/lib/python3.11/site-packages/airflow/example_dags/tutorial_dag.py
[2025-05-31T21:30:56.789-0300] {logging_mixin.py:188} INFO - [2025-05-31T21:30:56.789-0300] {dag.py:3036} INFO - Sync 1 DAGs
[2025-05-31T21:30:56.797-0300] {logging_mixin.py:188} INFO - [2025-05-31T21:30:56.797-0300] {dag.py:3823} INFO - Setting next_dagrun for tutorial_dag to None, run_after=None
[2025-05-31T21:30:56.815-0300] {processor.py:183} INFO - Processing /home/walterg/Documentos/Data_projects/Data-Warehouse-postgres-DBT-airflow-/.venv/lib/python3.11/site-packages/airflow/example_dags/tutorial_dag.py took 0.054 seconds
[2025-05-31T21:31:37.436-0300] {processor.py:161} INFO - Started process (PID=42160) to work on /home/walterg/Documentos/Data_projects/Data-Warehouse-postgres-DBT-airflow-/.venv/lib/python3.11/site-packages/airflow/example_dags/tutorial_dag.py
[2025-05-31T21:31:37.442-0300] {processor.py:830} INFO - Processing file /home/walterg/Documentos/Data_projects/Data-Warehouse-postgres-DBT-airflow-/.venv/lib/python3.11/site-packages/airflow/example_dags/tutorial_dag.py for tasks to queue
[2025-05-31T21:31:37.443-0300] {logging_mixin.py:188} INFO - [2025-05-31T21:31:37.442-0300] {dagbag.py:538} INFO - Filling up the DagBag from /home/walterg/Documentos/Data_projects/Data-Warehouse-postgres-DBT-airflow-/.venv/lib/python3.11/site-packages/airflow/example_dags/tutorial_dag.py
[2025-05-31T21:31:37.447-0300] {processor.py:840} INFO - DAG(s) 'tutorial_dag' retrieved from /home/walterg/Documentos/Data_projects/Data-Warehouse-postgres-DBT-airflow-/.venv/lib/python3.11/site-packages/airflow/example_dags/tutorial_dag.py
[2025-05-31T21:31:37.460-0300] {logging_mixin.py:188} INFO - [2025-05-31T21:31:37.460-0300] {dag.py:3036} INFO - Sync 1 DAGs
[2025-05-31T21:31:37.468-0300] {logging_mixin.py:188} INFO - [2025-05-31T21:31:37.468-0300] {dag.py:3823} INFO - Setting next_dagrun for tutorial_dag to None, run_after=None
[2025-05-31T21:31:37.484-0300] {processor.py:183} INFO - Processing /home/walterg/Documentos/Data_projects/Data-Warehouse-postgres-DBT-airflow-/.venv/lib/python3.11/site-packages/airflow/example_dags/tutorial_dag.py took 0.051 seconds
[2025-05-31T21:32:15.472-0300] {processor.py:161} INFO - Started process (PID=42364) to work on /home/walterg/Documentos/Data_projects/Data-Warehouse-postgres-DBT-airflow-/.venv/lib/python3.11/site-packages/airflow/example_dags/tutorial_dag.py
[2025-05-31T21:32:15.477-0300] {processor.py:830} INFO - Processing file /home/walterg/Documentos/Data_projects/Data-Warehouse-postgres-DBT-airflow-/.venv/lib/python3.11/site-packages/airflow/example_dags/tutorial_dag.py for tasks to queue
[2025-05-31T21:32:15.477-0300] {logging_mixin.py:188} INFO - [2025-05-31T21:32:15.477-0300] {dagbag.py:538} INFO - Filling up the DagBag from /home/walterg/Documentos/Data_projects/Data-Warehouse-postgres-DBT-airflow-/.venv/lib/python3.11/site-packages/airflow/example_dags/tutorial_dag.py
[2025-05-31T21:32:15.482-0300] {processor.py:840} INFO - DAG(s) 'tutorial_dag' retrieved from /home/walterg/Documentos/Data_projects/Data-Warehouse-postgres-DBT-airflow-/.venv/lib/python3.11/site-packages/airflow/example_dags/tutorial_dag.py
[2025-05-31T21:32:15.495-0300] {logging_mixin.py:188} INFO - [2025-05-31T21:32:15.495-0300] {dag.py:3036} INFO - Sync 1 DAGs
[2025-05-31T21:32:15.503-0300] {logging_mixin.py:188} INFO - [2025-05-31T21:32:15.503-0300] {dag.py:3823} INFO - Setting next_dagrun for tutorial_dag to None, run_after=None
[2025-05-31T21:32:15.520-0300] {processor.py:183} INFO - Processing /home/walterg/Documentos/Data_projects/Data-Warehouse-postgres-DBT-airflow-/.venv/lib/python3.11/site-packages/airflow/example_dags/tutorial_dag.py took 0.051 seconds
[2025-05-31T21:32:59.400-0300] {processor.py:161} INFO - Started process (PID=42691) to work on /home/walterg/Documentos/Data_projects/Data-Warehouse-postgres-DBT-airflow-/.venv/lib/python3.11/site-packages/airflow/example_dags/tutorial_dag.py
[2025-05-31T21:32:59.404-0300] {processor.py:830} INFO - Processing file /home/walterg/Documentos/Data_projects/Data-Warehouse-postgres-DBT-airflow-/.venv/lib/python3.11/site-packages/airflow/example_dags/tutorial_dag.py for tasks to queue
[2025-05-31T21:32:59.406-0300] {logging_mixin.py:188} INFO - [2025-05-31T21:32:59.405-0300] {dagbag.py:538} INFO - Filling up the DagBag from /home/walterg/Documentos/Data_projects/Data-Warehouse-postgres-DBT-airflow-/.venv/lib/python3.11/site-packages/airflow/example_dags/tutorial_dag.py
[2025-05-31T21:32:59.410-0300] {processor.py:840} INFO - DAG(s) 'tutorial_dag' retrieved from /home/walterg/Documentos/Data_projects/Data-Warehouse-postgres-DBT-airflow-/.venv/lib/python3.11/site-packages/airflow/example_dags/tutorial_dag.py
[2025-05-31T21:32:59.423-0300] {logging_mixin.py:188} INFO - [2025-05-31T21:32:59.423-0300] {dag.py:3036} INFO - Sync 1 DAGs
[2025-05-31T21:32:59.431-0300] {logging_mixin.py:188} INFO - [2025-05-31T21:32:59.431-0300] {dag.py:3823} INFO - Setting next_dagrun for tutorial_dag to None, run_after=None
[2025-05-31T21:32:59.448-0300] {processor.py:183} INFO - Processing /home/walterg/Documentos/Data_projects/Data-Warehouse-postgres-DBT-airflow-/.venv/lib/python3.11/site-packages/airflow/example_dags/tutorial_dag.py took 0.051 seconds
[2025-05-31T21:33:42.419-0300] {processor.py:161} INFO - Started process (PID=42900) to work on /home/walterg/Documentos/Data_projects/Data-Warehouse-postgres-DBT-airflow-/.venv/lib/python3.11/site-packages/airflow/example_dags/tutorial_dag.py
[2025-05-31T21:33:42.425-0300] {processor.py:830} INFO - Processing file /home/walterg/Documentos/Data_projects/Data-Warehouse-postgres-DBT-airflow-/.venv/lib/python3.11/site-packages/airflow/example_dags/tutorial_dag.py for tasks to queue
[2025-05-31T21:33:42.426-0300] {logging_mixin.py:188} INFO - [2025-05-31T21:33:42.425-0300] {dagbag.py:538} INFO - Filling up the DagBag from /home/walterg/Documentos/Data_projects/Data-Warehouse-postgres-DBT-airflow-/.venv/lib/python3.11/site-packages/airflow/example_dags/tutorial_dag.py
[2025-05-31T21:33:42.431-0300] {processor.py:840} INFO - DAG(s) 'tutorial_dag' retrieved from /home/walterg/Documentos/Data_projects/Data-Warehouse-postgres-DBT-airflow-/.venv/lib/python3.11/site-packages/airflow/example_dags/tutorial_dag.py
[2025-05-31T21:33:42.443-0300] {logging_mixin.py:188} INFO - [2025-05-31T21:33:42.443-0300] {dag.py:3036} INFO - Sync 1 DAGs
[2025-05-31T21:33:42.450-0300] {logging_mixin.py:188} INFO - [2025-05-31T21:33:42.450-0300] {dag.py:3823} INFO - Setting next_dagrun for tutorial_dag to None, run_after=None
[2025-05-31T21:33:42.467-0300] {processor.py:183} INFO - Processing /home/walterg/Documentos/Data_projects/Data-Warehouse-postgres-DBT-airflow-/.venv/lib/python3.11/site-packages/airflow/example_dags/tutorial_dag.py took 0.050 seconds
[2025-05-31T21:34:19.551-0300] {processor.py:161} INFO - Started process (PID=42957) to work on /home/walterg/Documentos/Data_projects/Data-Warehouse-postgres-DBT-airflow-/.venv/lib/python3.11/site-packages/airflow/example_dags/tutorial_dag.py
[2025-05-31T21:34:19.552-0300] {processor.py:830} INFO - Processing file /home/walterg/Documentos/Data_projects/Data-Warehouse-postgres-DBT-airflow-/.venv/lib/python3.11/site-packages/airflow/example_dags/tutorial_dag.py for tasks to queue
[2025-05-31T21:34:19.553-0300] {logging_mixin.py:188} INFO - [2025-05-31T21:34:19.552-0300] {dagbag.py:538} INFO - Filling up the DagBag from /home/walterg/Documentos/Data_projects/Data-Warehouse-postgres-DBT-airflow-/.venv/lib/python3.11/site-packages/airflow/example_dags/tutorial_dag.py
[2025-05-31T21:34:19.558-0300] {processor.py:840} INFO - DAG(s) 'tutorial_dag' retrieved from /home/walterg/Documentos/Data_projects/Data-Warehouse-postgres-DBT-airflow-/.venv/lib/python3.11/site-packages/airflow/example_dags/tutorial_dag.py
[2025-05-31T21:34:19.573-0300] {logging_mixin.py:188} INFO - [2025-05-31T21:34:19.573-0300] {dag.py:3036} INFO - Sync 1 DAGs
[2025-05-31T21:34:19.581-0300] {logging_mixin.py:188} INFO - [2025-05-31T21:34:19.581-0300] {dag.py:3823} INFO - Setting next_dagrun for tutorial_dag to None, run_after=None
[2025-05-31T21:34:19.598-0300] {processor.py:183} INFO - Processing /home/walterg/Documentos/Data_projects/Data-Warehouse-postgres-DBT-airflow-/.venv/lib/python3.11/site-packages/airflow/example_dags/tutorial_dag.py took 0.050 seconds
