[2025-05-31T21:00:06.254-0300] {processor.py:161} INFO - Started process (PID=32544) to work on /home/walterg/Documentos/Data_projects/Data-Warehouse-postgres-DBT-airflow-/.venv/lib/python3.11/site-packages/airflow/example_dags/plugins/workday.py
[2025-05-31T21:00:06.254-0300] {processor.py:830} INFO - Processing file /home/walterg/Documentos/Data_projects/Data-Warehouse-postgres-DBT-airflow-/.venv/lib/python3.11/site-packages/airflow/example_dags/plugins/workday.py for tasks to queue
[2025-05-31T21:00:06.255-0300] {logging_mixin.py:188} INFO - [2025-05-31T21:00:06.255-0300] {dagbag.py:538} INFO - Filling up the DagBag from /home/walterg/Documentos/Data_projects/Data-Warehouse-postgres-DBT-airflow-/.venv/lib/python3.11/site-packages/airflow/example_dags/plugins/workday.py
[2025-05-31T21:00:06.705-0300] {processor.py:842} WARNING - No viable dags retrieved from /home/walterg/Documentos/Data_projects/Data-Warehouse-postgres-DBT-airflow-/.venv/lib/python3.11/site-packages/airflow/example_dags/plugins/workday.py
[2025-05-31T21:00:06.710-0300] {processor.py:183} INFO - Processing /home/walterg/Documentos/Data_projects/Data-Warehouse-postgres-DBT-airflow-/.venv/lib/python3.11/site-packages/airflow/example_dags/plugins/workday.py took 0.459 seconds
[2025-05-31T21:00:47.618-0300] {processor.py:161} INFO - Started process (PID=32714) to work on /home/walterg/Documentos/Data_projects/Data-Warehouse-postgres-DBT-airflow-/.venv/lib/python3.11/site-packages/airflow/example_dags/plugins/workday.py
[2025-05-31T21:00:47.623-0300] {processor.py:830} INFO - Processing file /home/walterg/Documentos/Data_projects/Data-Warehouse-postgres-DBT-airflow-/.venv/lib/python3.11/site-packages/airflow/example_dags/plugins/workday.py for tasks to queue
[2025-05-31T21:00:47.624-0300] {logging_mixin.py:188} INFO - [2025-05-31T21:00:47.624-0300] {dagbag.py:538} INFO - Filling up the DagBag from /home/walterg/Documentos/Data_projects/Data-Warehouse-postgres-DBT-airflow-/.venv/lib/python3.11/site-packages/airflow/example_dags/plugins/workday.py
[2025-05-31T21:00:48.003-0300] {processor.py:842} WARNING - No viable dags retrieved from /home/walterg/Documentos/Data_projects/Data-Warehouse-postgres-DBT-airflow-/.venv/lib/python3.11/site-packages/airflow/example_dags/plugins/workday.py
[2025-05-31T21:00:48.008-0300] {processor.py:183} INFO - Processing /home/walterg/Documentos/Data_projects/Data-Warehouse-postgres-DBT-airflow-/.venv/lib/python3.11/site-packages/airflow/example_dags/plugins/workday.py took 0.392 seconds
[2025-05-31T21:01:29.540-0300] {processor.py:161} INFO - Started process (PID=32984) to work on /home/walterg/Documentos/Data_projects/Data-Warehouse-postgres-DBT-airflow-/.venv/lib/python3.11/site-packages/airflow/example_dags/plugins/workday.py
[2025-05-31T21:01:29.545-0300] {processor.py:830} INFO - Processing file /home/walterg/Documentos/Data_projects/Data-Warehouse-postgres-DBT-airflow-/.venv/lib/python3.11/site-packages/airflow/example_dags/plugins/workday.py for tasks to queue
[2025-05-31T21:01:29.546-0300] {logging_mixin.py:188} INFO - [2025-05-31T21:01:29.546-0300] {dagbag.py:538} INFO - Filling up the DagBag from /home/walterg/Documentos/Data_projects/Data-Warehouse-postgres-DBT-airflow-/.venv/lib/python3.11/site-packages/airflow/example_dags/plugins/workday.py
[2025-05-31T21:01:29.940-0300] {processor.py:842} WARNING - No viable dags retrieved from /home/walterg/Documentos/Data_projects/Data-Warehouse-postgres-DBT-airflow-/.venv/lib/python3.11/site-packages/airflow/example_dags/plugins/workday.py
[2025-05-31T21:01:29.946-0300] {processor.py:183} INFO - Processing /home/walterg/Documentos/Data_projects/Data-Warehouse-postgres-DBT-airflow-/.venv/lib/python3.11/site-packages/airflow/example_dags/plugins/workday.py took 0.408 seconds
[2025-05-31T21:02:12.073-0300] {processor.py:161} INFO - Started process (PID=33288) to work on /home/walterg/Documentos/Data_projects/Data-Warehouse-postgres-DBT-airflow-/.venv/lib/python3.11/site-packages/airflow/example_dags/plugins/workday.py
[2025-05-31T21:02:12.079-0300] {processor.py:830} INFO - Processing file /home/walterg/Documentos/Data_projects/Data-Warehouse-postgres-DBT-airflow-/.venv/lib/python3.11/site-packages/airflow/example_dags/plugins/workday.py for tasks to queue
[2025-05-31T21:02:12.080-0300] {logging_mixin.py:188} INFO - [2025-05-31T21:02:12.080-0300] {dagbag.py:538} INFO - Filling up the DagBag from /home/walterg/Documentos/Data_projects/Data-Warehouse-postgres-DBT-airflow-/.venv/lib/python3.11/site-packages/airflow/example_dags/plugins/workday.py
[2025-05-31T21:02:12.486-0300] {processor.py:842} WARNING - No viable dags retrieved from /home/walterg/Documentos/Data_projects/Data-Warehouse-postgres-DBT-airflow-/.venv/lib/python3.11/site-packages/airflow/example_dags/plugins/workday.py
[2025-05-31T21:02:12.491-0300] {processor.py:183} INFO - Processing /home/walterg/Documentos/Data_projects/Data-Warehouse-postgres-DBT-airflow-/.venv/lib/python3.11/site-packages/airflow/example_dags/plugins/workday.py took 0.421 seconds
[2025-05-31T21:02:57.672-0300] {processor.py:161} INFO - Started process (PID=33427) to work on /home/walterg/Documentos/Data_projects/Data-Warehouse-postgres-DBT-airflow-/.venv/lib/python3.11/site-packages/airflow/example_dags/plugins/workday.py
[2025-05-31T21:02:57.677-0300] {processor.py:830} INFO - Processing file /home/walterg/Documentos/Data_projects/Data-Warehouse-postgres-DBT-airflow-/.venv/lib/python3.11/site-packages/airflow/example_dags/plugins/workday.py for tasks to queue
[2025-05-31T21:02:57.678-0300] {logging_mixin.py:188} INFO - [2025-05-31T21:02:57.677-0300] {dagbag.py:538} INFO - Filling up the DagBag from /home/walterg/Documentos/Data_projects/Data-Warehouse-postgres-DBT-airflow-/.venv/lib/python3.11/site-packages/airflow/example_dags/plugins/workday.py
[2025-05-31T21:02:58.065-0300] {processor.py:842} WARNING - No viable dags retrieved from /home/walterg/Documentos/Data_projects/Data-Warehouse-postgres-DBT-airflow-/.venv/lib/python3.11/site-packages/airflow/example_dags/plugins/workday.py
[2025-05-31T21:02:58.071-0300] {processor.py:183} INFO - Processing /home/walterg/Documentos/Data_projects/Data-Warehouse-postgres-DBT-airflow-/.venv/lib/python3.11/site-packages/airflow/example_dags/plugins/workday.py took 0.401 seconds
[2025-05-31T21:03:42.114-0300] {processor.py:161} INFO - Started process (PID=33660) to work on /home/walterg/Documentos/Data_projects/Data-Warehouse-postgres-DBT-airflow-/.venv/lib/python3.11/site-packages/airflow/example_dags/plugins/workday.py
[2025-05-31T21:03:42.119-0300] {processor.py:830} INFO - Processing file /home/walterg/Documentos/Data_projects/Data-Warehouse-postgres-DBT-airflow-/.venv/lib/python3.11/site-packages/airflow/example_dags/plugins/workday.py for tasks to queue
[2025-05-31T21:03:42.120-0300] {logging_mixin.py:188} INFO - [2025-05-31T21:03:42.119-0300] {dagbag.py:538} INFO - Filling up the DagBag from /home/walterg/Documentos/Data_projects/Data-Warehouse-postgres-DBT-airflow-/.venv/lib/python3.11/site-packages/airflow/example_dags/plugins/workday.py
[2025-05-31T21:03:42.512-0300] {processor.py:842} WARNING - No viable dags retrieved from /home/walterg/Documentos/Data_projects/Data-Warehouse-postgres-DBT-airflow-/.venv/lib/python3.11/site-packages/airflow/example_dags/plugins/workday.py
[2025-05-31T21:03:42.517-0300] {processor.py:183} INFO - Processing /home/walterg/Documentos/Data_projects/Data-Warehouse-postgres-DBT-airflow-/.venv/lib/python3.11/site-packages/airflow/example_dags/plugins/workday.py took 0.406 seconds
[2025-05-31T21:04:21.415-0300] {processor.py:161} INFO - Started process (PID=33825) to work on /home/walterg/Documentos/Data_projects/Data-Warehouse-postgres-DBT-airflow-/.venv/lib/python3.11/site-packages/airflow/example_dags/plugins/workday.py
[2025-05-31T21:04:21.420-0300] {processor.py:830} INFO - Processing file /home/walterg/Documentos/Data_projects/Data-Warehouse-postgres-DBT-airflow-/.venv/lib/python3.11/site-packages/airflow/example_dags/plugins/workday.py for tasks to queue
[2025-05-31T21:04:21.420-0300] {logging_mixin.py:188} INFO - [2025-05-31T21:04:21.420-0300] {dagbag.py:538} INFO - Filling up the DagBag from /home/walterg/Documentos/Data_projects/Data-Warehouse-postgres-DBT-airflow-/.venv/lib/python3.11/site-packages/airflow/example_dags/plugins/workday.py
[2025-05-31T21:04:21.800-0300] {processor.py:842} WARNING - No viable dags retrieved from /home/walterg/Documentos/Data_projects/Data-Warehouse-postgres-DBT-airflow-/.venv/lib/python3.11/site-packages/airflow/example_dags/plugins/workday.py
[2025-05-31T21:04:21.805-0300] {processor.py:183} INFO - Processing /home/walterg/Documentos/Data_projects/Data-Warehouse-postgres-DBT-airflow-/.venv/lib/python3.11/site-packages/airflow/example_dags/plugins/workday.py took 0.393 seconds
[2025-05-31T21:05:07.055-0300] {processor.py:161} INFO - Started process (PID=34004) to work on /home/walterg/Documentos/Data_projects/Data-Warehouse-postgres-DBT-airflow-/.venv/lib/python3.11/site-packages/airflow/example_dags/plugins/workday.py
[2025-05-31T21:05:07.056-0300] {processor.py:830} INFO - Processing file /home/walterg/Documentos/Data_projects/Data-Warehouse-postgres-DBT-airflow-/.venv/lib/python3.11/site-packages/airflow/example_dags/plugins/workday.py for tasks to queue
[2025-05-31T21:05:07.057-0300] {logging_mixin.py:188} INFO - [2025-05-31T21:05:07.056-0300] {dagbag.py:538} INFO - Filling up the DagBag from /home/walterg/Documentos/Data_projects/Data-Warehouse-postgres-DBT-airflow-/.venv/lib/python3.11/site-packages/airflow/example_dags/plugins/workday.py
[2025-05-31T21:05:07.436-0300] {processor.py:842} WARNING - No viable dags retrieved from /home/walterg/Documentos/Data_projects/Data-Warehouse-postgres-DBT-airflow-/.venv/lib/python3.11/site-packages/airflow/example_dags/plugins/workday.py
[2025-05-31T21:05:07.442-0300] {processor.py:183} INFO - Processing /home/walterg/Documentos/Data_projects/Data-Warehouse-postgres-DBT-airflow-/.venv/lib/python3.11/site-packages/airflow/example_dags/plugins/workday.py took 0.389 seconds
[2025-05-31T21:05:50.221-0300] {processor.py:161} INFO - Started process (PID=34242) to work on /home/walterg/Documentos/Data_projects/Data-Warehouse-postgres-DBT-airflow-/.venv/lib/python3.11/site-packages/airflow/example_dags/plugins/workday.py
[2025-05-31T21:05:50.225-0300] {processor.py:830} INFO - Processing file /home/walterg/Documentos/Data_projects/Data-Warehouse-postgres-DBT-airflow-/.venv/lib/python3.11/site-packages/airflow/example_dags/plugins/workday.py for tasks to queue
[2025-05-31T21:05:50.226-0300] {logging_mixin.py:188} INFO - [2025-05-31T21:05:50.226-0300] {dagbag.py:538} INFO - Filling up the DagBag from /home/walterg/Documentos/Data_projects/Data-Warehouse-postgres-DBT-airflow-/.venv/lib/python3.11/site-packages/airflow/example_dags/plugins/workday.py
[2025-05-31T21:05:50.596-0300] {processor.py:842} WARNING - No viable dags retrieved from /home/walterg/Documentos/Data_projects/Data-Warehouse-postgres-DBT-airflow-/.venv/lib/python3.11/site-packages/airflow/example_dags/plugins/workday.py
[2025-05-31T21:05:50.601-0300] {processor.py:183} INFO - Processing /home/walterg/Documentos/Data_projects/Data-Warehouse-postgres-DBT-airflow-/.venv/lib/python3.11/site-packages/airflow/example_dags/plugins/workday.py took 0.383 seconds
[2025-05-31T21:06:32.357-0300] {processor.py:161} INFO - Started process (PID=34540) to work on /home/walterg/Documentos/Data_projects/Data-Warehouse-postgres-DBT-airflow-/.venv/lib/python3.11/site-packages/airflow/example_dags/plugins/workday.py
[2025-05-31T21:06:32.362-0300] {processor.py:830} INFO - Processing file /home/walterg/Documentos/Data_projects/Data-Warehouse-postgres-DBT-airflow-/.venv/lib/python3.11/site-packages/airflow/example_dags/plugins/workday.py for tasks to queue
[2025-05-31T21:06:32.363-0300] {logging_mixin.py:188} INFO - [2025-05-31T21:06:32.363-0300] {dagbag.py:538} INFO - Filling up the DagBag from /home/walterg/Documentos/Data_projects/Data-Warehouse-postgres-DBT-airflow-/.venv/lib/python3.11/site-packages/airflow/example_dags/plugins/workday.py
[2025-05-31T21:06:32.738-0300] {processor.py:842} WARNING - No viable dags retrieved from /home/walterg/Documentos/Data_projects/Data-Warehouse-postgres-DBT-airflow-/.venv/lib/python3.11/site-packages/airflow/example_dags/plugins/workday.py
[2025-05-31T21:06:32.743-0300] {processor.py:183} INFO - Processing /home/walterg/Documentos/Data_projects/Data-Warehouse-postgres-DBT-airflow-/.venv/lib/python3.11/site-packages/airflow/example_dags/plugins/workday.py took 0.388 seconds
[2025-05-31T21:07:16.566-0300] {processor.py:161} INFO - Started process (PID=34769) to work on /home/walterg/Documentos/Data_projects/Data-Warehouse-postgres-DBT-airflow-/.venv/lib/python3.11/site-packages/airflow/example_dags/plugins/workday.py
[2025-05-31T21:07:16.571-0300] {processor.py:830} INFO - Processing file /home/walterg/Documentos/Data_projects/Data-Warehouse-postgres-DBT-airflow-/.venv/lib/python3.11/site-packages/airflow/example_dags/plugins/workday.py for tasks to queue
[2025-05-31T21:07:16.572-0300] {logging_mixin.py:188} INFO - [2025-05-31T21:07:16.571-0300] {dagbag.py:538} INFO - Filling up the DagBag from /home/walterg/Documentos/Data_projects/Data-Warehouse-postgres-DBT-airflow-/.venv/lib/python3.11/site-packages/airflow/example_dags/plugins/workday.py
[2025-05-31T21:07:16.963-0300] {processor.py:842} WARNING - No viable dags retrieved from /home/walterg/Documentos/Data_projects/Data-Warehouse-postgres-DBT-airflow-/.venv/lib/python3.11/site-packages/airflow/example_dags/plugins/workday.py
[2025-05-31T21:07:16.972-0300] {processor.py:183} INFO - Processing /home/walterg/Documentos/Data_projects/Data-Warehouse-postgres-DBT-airflow-/.venv/lib/python3.11/site-packages/airflow/example_dags/plugins/workday.py took 0.408 seconds
[2025-05-31T21:07:58.134-0300] {processor.py:161} INFO - Started process (PID=34876) to work on /home/walterg/Documentos/Data_projects/Data-Warehouse-postgres-DBT-airflow-/.venv/lib/python3.11/site-packages/airflow/example_dags/plugins/workday.py
[2025-05-31T21:07:58.139-0300] {processor.py:830} INFO - Processing file /home/walterg/Documentos/Data_projects/Data-Warehouse-postgres-DBT-airflow-/.venv/lib/python3.11/site-packages/airflow/example_dags/plugins/workday.py for tasks to queue
[2025-05-31T21:07:58.141-0300] {logging_mixin.py:188} INFO - [2025-05-31T21:07:58.140-0300] {dagbag.py:538} INFO - Filling up the DagBag from /home/walterg/Documentos/Data_projects/Data-Warehouse-postgres-DBT-airflow-/.venv/lib/python3.11/site-packages/airflow/example_dags/plugins/workday.py
[2025-05-31T21:07:58.534-0300] {processor.py:842} WARNING - No viable dags retrieved from /home/walterg/Documentos/Data_projects/Data-Warehouse-postgres-DBT-airflow-/.venv/lib/python3.11/site-packages/airflow/example_dags/plugins/workday.py
[2025-05-31T21:07:58.539-0300] {processor.py:183} INFO - Processing /home/walterg/Documentos/Data_projects/Data-Warehouse-postgres-DBT-airflow-/.venv/lib/python3.11/site-packages/airflow/example_dags/plugins/workday.py took 0.408 seconds
[2025-05-31T21:08:45.044-0300] {processor.py:161} INFO - Started process (PID=35204) to work on /home/walterg/Documentos/Data_projects/Data-Warehouse-postgres-DBT-airflow-/.venv/lib/python3.11/site-packages/airflow/example_dags/plugins/workday.py
[2025-05-31T21:08:45.049-0300] {processor.py:830} INFO - Processing file /home/walterg/Documentos/Data_projects/Data-Warehouse-postgres-DBT-airflow-/.venv/lib/python3.11/site-packages/airflow/example_dags/plugins/workday.py for tasks to queue
[2025-05-31T21:08:45.051-0300] {logging_mixin.py:188} INFO - [2025-05-31T21:08:45.050-0300] {dagbag.py:538} INFO - Filling up the DagBag from /home/walterg/Documentos/Data_projects/Data-Warehouse-postgres-DBT-airflow-/.venv/lib/python3.11/site-packages/airflow/example_dags/plugins/workday.py
[2025-05-31T21:08:45.446-0300] {processor.py:842} WARNING - No viable dags retrieved from /home/walterg/Documentos/Data_projects/Data-Warehouse-postgres-DBT-airflow-/.venv/lib/python3.11/site-packages/airflow/example_dags/plugins/workday.py
[2025-05-31T21:08:45.451-0300] {processor.py:183} INFO - Processing /home/walterg/Documentos/Data_projects/Data-Warehouse-postgres-DBT-airflow-/.venv/lib/python3.11/site-packages/airflow/example_dags/plugins/workday.py took 0.409 seconds
[2025-05-31T21:09:20.128-0300] {processor.py:161} INFO - Started process (PID=35403) to work on /home/walterg/Documentos/Data_projects/Data-Warehouse-postgres-DBT-airflow-/.venv/lib/python3.11/site-packages/airflow/example_dags/plugins/workday.py
[2025-05-31T21:09:20.133-0300] {processor.py:830} INFO - Processing file /home/walterg/Documentos/Data_projects/Data-Warehouse-postgres-DBT-airflow-/.venv/lib/python3.11/site-packages/airflow/example_dags/plugins/workday.py for tasks to queue
[2025-05-31T21:09:20.135-0300] {logging_mixin.py:188} INFO - [2025-05-31T21:09:20.134-0300] {dagbag.py:538} INFO - Filling up the DagBag from /home/walterg/Documentos/Data_projects/Data-Warehouse-postgres-DBT-airflow-/.venv/lib/python3.11/site-packages/airflow/example_dags/plugins/workday.py
[2025-05-31T21:09:20.509-0300] {processor.py:842} WARNING - No viable dags retrieved from /home/walterg/Documentos/Data_projects/Data-Warehouse-postgres-DBT-airflow-/.venv/lib/python3.11/site-packages/airflow/example_dags/plugins/workday.py
[2025-05-31T21:09:20.514-0300] {processor.py:183} INFO - Processing /home/walterg/Documentos/Data_projects/Data-Warehouse-postgres-DBT-airflow-/.venv/lib/python3.11/site-packages/airflow/example_dags/plugins/workday.py took 0.388 seconds
[2025-05-31T21:10:06.577-0300] {processor.py:161} INFO - Started process (PID=35585) to work on /home/walterg/Documentos/Data_projects/Data-Warehouse-postgres-DBT-airflow-/.venv/lib/python3.11/site-packages/airflow/example_dags/plugins/workday.py
[2025-05-31T21:10:06.579-0300] {processor.py:830} INFO - Processing file /home/walterg/Documentos/Data_projects/Data-Warehouse-postgres-DBT-airflow-/.venv/lib/python3.11/site-packages/airflow/example_dags/plugins/workday.py for tasks to queue
[2025-05-31T21:10:06.580-0300] {logging_mixin.py:188} INFO - [2025-05-31T21:10:06.579-0300] {dagbag.py:538} INFO - Filling up the DagBag from /home/walterg/Documentos/Data_projects/Data-Warehouse-postgres-DBT-airflow-/.venv/lib/python3.11/site-packages/airflow/example_dags/plugins/workday.py
[2025-05-31T21:10:06.980-0300] {processor.py:842} WARNING - No viable dags retrieved from /home/walterg/Documentos/Data_projects/Data-Warehouse-postgres-DBT-airflow-/.venv/lib/python3.11/site-packages/airflow/example_dags/plugins/workday.py
[2025-05-31T21:10:06.985-0300] {processor.py:183} INFO - Processing /home/walterg/Documentos/Data_projects/Data-Warehouse-postgres-DBT-airflow-/.venv/lib/python3.11/site-packages/airflow/example_dags/plugins/workday.py took 0.410 seconds
[2025-05-31T21:10:47.575-0300] {processor.py:161} INFO - Started process (PID=35807) to work on /home/walterg/Documentos/Data_projects/Data-Warehouse-postgres-DBT-airflow-/.venv/lib/python3.11/site-packages/airflow/example_dags/plugins/workday.py
[2025-05-31T21:10:47.580-0300] {processor.py:830} INFO - Processing file /home/walterg/Documentos/Data_projects/Data-Warehouse-postgres-DBT-airflow-/.venv/lib/python3.11/site-packages/airflow/example_dags/plugins/workday.py for tasks to queue
[2025-05-31T21:10:47.581-0300] {logging_mixin.py:188} INFO - [2025-05-31T21:10:47.581-0300] {dagbag.py:538} INFO - Filling up the DagBag from /home/walterg/Documentos/Data_projects/Data-Warehouse-postgres-DBT-airflow-/.venv/lib/python3.11/site-packages/airflow/example_dags/plugins/workday.py
[2025-05-31T21:10:48.001-0300] {processor.py:842} WARNING - No viable dags retrieved from /home/walterg/Documentos/Data_projects/Data-Warehouse-postgres-DBT-airflow-/.venv/lib/python3.11/site-packages/airflow/example_dags/plugins/workday.py
[2025-05-31T21:10:48.006-0300] {processor.py:183} INFO - Processing /home/walterg/Documentos/Data_projects/Data-Warehouse-postgres-DBT-airflow-/.venv/lib/python3.11/site-packages/airflow/example_dags/plugins/workday.py took 0.434 seconds
[2025-05-31T21:11:29.116-0300] {processor.py:161} INFO - Started process (PID=36064) to work on /home/walterg/Documentos/Data_projects/Data-Warehouse-postgres-DBT-airflow-/.venv/lib/python3.11/site-packages/airflow/example_dags/plugins/workday.py
[2025-05-31T21:11:29.121-0300] {processor.py:830} INFO - Processing file /home/walterg/Documentos/Data_projects/Data-Warehouse-postgres-DBT-airflow-/.venv/lib/python3.11/site-packages/airflow/example_dags/plugins/workday.py for tasks to queue
[2025-05-31T21:11:29.123-0300] {logging_mixin.py:188} INFO - [2025-05-31T21:11:29.122-0300] {dagbag.py:538} INFO - Filling up the DagBag from /home/walterg/Documentos/Data_projects/Data-Warehouse-postgres-DBT-airflow-/.venv/lib/python3.11/site-packages/airflow/example_dags/plugins/workday.py
[2025-05-31T21:11:29.507-0300] {processor.py:842} WARNING - No viable dags retrieved from /home/walterg/Documentos/Data_projects/Data-Warehouse-postgres-DBT-airflow-/.venv/lib/python3.11/site-packages/airflow/example_dags/plugins/workday.py
[2025-05-31T21:11:29.512-0300] {processor.py:183} INFO - Processing /home/walterg/Documentos/Data_projects/Data-Warehouse-postgres-DBT-airflow-/.venv/lib/python3.11/site-packages/airflow/example_dags/plugins/workday.py took 0.399 seconds
[2025-05-31T21:12:14.608-0300] {processor.py:161} INFO - Started process (PID=36278) to work on /home/walterg/Documentos/Data_projects/Data-Warehouse-postgres-DBT-airflow-/.venv/lib/python3.11/site-packages/airflow/example_dags/plugins/workday.py
[2025-05-31T21:12:14.613-0300] {processor.py:830} INFO - Processing file /home/walterg/Documentos/Data_projects/Data-Warehouse-postgres-DBT-airflow-/.venv/lib/python3.11/site-packages/airflow/example_dags/plugins/workday.py for tasks to queue
[2025-05-31T21:12:14.615-0300] {logging_mixin.py:188} INFO - [2025-05-31T21:12:14.614-0300] {dagbag.py:538} INFO - Filling up the DagBag from /home/walterg/Documentos/Data_projects/Data-Warehouse-postgres-DBT-airflow-/.venv/lib/python3.11/site-packages/airflow/example_dags/plugins/workday.py
[2025-05-31T21:12:14.983-0300] {processor.py:842} WARNING - No viable dags retrieved from /home/walterg/Documentos/Data_projects/Data-Warehouse-postgres-DBT-airflow-/.venv/lib/python3.11/site-packages/airflow/example_dags/plugins/workday.py
[2025-05-31T21:12:14.988-0300] {processor.py:183} INFO - Processing /home/walterg/Documentos/Data_projects/Data-Warehouse-postgres-DBT-airflow-/.venv/lib/python3.11/site-packages/airflow/example_dags/plugins/workday.py took 0.382 seconds
[2025-05-31T21:12:54.790-0300] {processor.py:161} INFO - Started process (PID=36401) to work on /home/walterg/Documentos/Data_projects/Data-Warehouse-postgres-DBT-airflow-/.venv/lib/python3.11/site-packages/airflow/example_dags/plugins/workday.py
[2025-05-31T21:12:54.795-0300] {processor.py:830} INFO - Processing file /home/walterg/Documentos/Data_projects/Data-Warehouse-postgres-DBT-airflow-/.venv/lib/python3.11/site-packages/airflow/example_dags/plugins/workday.py for tasks to queue
[2025-05-31T21:12:54.796-0300] {logging_mixin.py:188} INFO - [2025-05-31T21:12:54.795-0300] {dagbag.py:538} INFO - Filling up the DagBag from /home/walterg/Documentos/Data_projects/Data-Warehouse-postgres-DBT-airflow-/.venv/lib/python3.11/site-packages/airflow/example_dags/plugins/workday.py
[2025-05-31T21:12:55.212-0300] {processor.py:842} WARNING - No viable dags retrieved from /home/walterg/Documentos/Data_projects/Data-Warehouse-postgres-DBT-airflow-/.venv/lib/python3.11/site-packages/airflow/example_dags/plugins/workday.py
[2025-05-31T21:12:55.217-0300] {processor.py:183} INFO - Processing /home/walterg/Documentos/Data_projects/Data-Warehouse-postgres-DBT-airflow-/.venv/lib/python3.11/site-packages/airflow/example_dags/plugins/workday.py took 0.430 seconds
[2025-05-31T21:13:38.637-0300] {processor.py:161} INFO - Started process (PID=36568) to work on /home/walterg/Documentos/Data_projects/Data-Warehouse-postgres-DBT-airflow-/.venv/lib/python3.11/site-packages/airflow/example_dags/plugins/workday.py
[2025-05-31T21:13:38.642-0300] {processor.py:830} INFO - Processing file /home/walterg/Documentos/Data_projects/Data-Warehouse-postgres-DBT-airflow-/.venv/lib/python3.11/site-packages/airflow/example_dags/plugins/workday.py for tasks to queue
[2025-05-31T21:13:38.644-0300] {logging_mixin.py:188} INFO - [2025-05-31T21:13:38.643-0300] {dagbag.py:538} INFO - Filling up the DagBag from /home/walterg/Documentos/Data_projects/Data-Warehouse-postgres-DBT-airflow-/.venv/lib/python3.11/site-packages/airflow/example_dags/plugins/workday.py
[2025-05-31T21:13:39.024-0300] {processor.py:842} WARNING - No viable dags retrieved from /home/walterg/Documentos/Data_projects/Data-Warehouse-postgres-DBT-airflow-/.venv/lib/python3.11/site-packages/airflow/example_dags/plugins/workday.py
[2025-05-31T21:13:39.029-0300] {processor.py:183} INFO - Processing /home/walterg/Documentos/Data_projects/Data-Warehouse-postgres-DBT-airflow-/.venv/lib/python3.11/site-packages/airflow/example_dags/plugins/workday.py took 0.394 seconds
[2025-05-31T21:14:22.831-0300] {processor.py:161} INFO - Started process (PID=36847) to work on /home/walterg/Documentos/Data_projects/Data-Warehouse-postgres-DBT-airflow-/.venv/lib/python3.11/site-packages/airflow/example_dags/plugins/workday.py
[2025-05-31T21:14:22.836-0300] {processor.py:830} INFO - Processing file /home/walterg/Documentos/Data_projects/Data-Warehouse-postgres-DBT-airflow-/.venv/lib/python3.11/site-packages/airflow/example_dags/plugins/workday.py for tasks to queue
[2025-05-31T21:14:22.837-0300] {logging_mixin.py:188} INFO - [2025-05-31T21:14:22.836-0300] {dagbag.py:538} INFO - Filling up the DagBag from /home/walterg/Documentos/Data_projects/Data-Warehouse-postgres-DBT-airflow-/.venv/lib/python3.11/site-packages/airflow/example_dags/plugins/workday.py
[2025-05-31T21:14:23.211-0300] {processor.py:842} WARNING - No viable dags retrieved from /home/walterg/Documentos/Data_projects/Data-Warehouse-postgres-DBT-airflow-/.venv/lib/python3.11/site-packages/airflow/example_dags/plugins/workday.py
[2025-05-31T21:14:23.216-0300] {processor.py:183} INFO - Processing /home/walterg/Documentos/Data_projects/Data-Warehouse-postgres-DBT-airflow-/.venv/lib/python3.11/site-packages/airflow/example_dags/plugins/workday.py took 0.387 seconds
[2025-05-31T21:15:01.626-0300] {processor.py:161} INFO - Started process (PID=37023) to work on /home/walterg/Documentos/Data_projects/Data-Warehouse-postgres-DBT-airflow-/.venv/lib/python3.11/site-packages/airflow/example_dags/plugins/workday.py
[2025-05-31T21:15:01.627-0300] {processor.py:830} INFO - Processing file /home/walterg/Documentos/Data_projects/Data-Warehouse-postgres-DBT-airflow-/.venv/lib/python3.11/site-packages/airflow/example_dags/plugins/workday.py for tasks to queue
[2025-05-31T21:15:01.628-0300] {logging_mixin.py:188} INFO - [2025-05-31T21:15:01.627-0300] {dagbag.py:538} INFO - Filling up the DagBag from /home/walterg/Documentos/Data_projects/Data-Warehouse-postgres-DBT-airflow-/.venv/lib/python3.11/site-packages/airflow/example_dags/plugins/workday.py
[2025-05-31T21:15:02.002-0300] {processor.py:842} WARNING - No viable dags retrieved from /home/walterg/Documentos/Data_projects/Data-Warehouse-postgres-DBT-airflow-/.venv/lib/python3.11/site-packages/airflow/example_dags/plugins/workday.py
[2025-05-31T21:15:02.007-0300] {processor.py:183} INFO - Processing /home/walterg/Documentos/Data_projects/Data-Warehouse-postgres-DBT-airflow-/.venv/lib/python3.11/site-packages/airflow/example_dags/plugins/workday.py took 0.383 seconds
[2025-05-31T21:15:43.919-0300] {processor.py:161} INFO - Started process (PID=37288) to work on /home/walterg/Documentos/Data_projects/Data-Warehouse-postgres-DBT-airflow-/.venv/lib/python3.11/site-packages/airflow/example_dags/plugins/workday.py
[2025-05-31T21:15:43.924-0300] {processor.py:830} INFO - Processing file /home/walterg/Documentos/Data_projects/Data-Warehouse-postgres-DBT-airflow-/.venv/lib/python3.11/site-packages/airflow/example_dags/plugins/workday.py for tasks to queue
[2025-05-31T21:15:43.925-0300] {logging_mixin.py:188} INFO - [2025-05-31T21:15:43.925-0300] {dagbag.py:538} INFO - Filling up the DagBag from /home/walterg/Documentos/Data_projects/Data-Warehouse-postgres-DBT-airflow-/.venv/lib/python3.11/site-packages/airflow/example_dags/plugins/workday.py
[2025-05-31T21:15:44.309-0300] {processor.py:842} WARNING - No viable dags retrieved from /home/walterg/Documentos/Data_projects/Data-Warehouse-postgres-DBT-airflow-/.venv/lib/python3.11/site-packages/airflow/example_dags/plugins/workday.py
[2025-05-31T21:15:44.315-0300] {processor.py:183} INFO - Processing /home/walterg/Documentos/Data_projects/Data-Warehouse-postgres-DBT-airflow-/.venv/lib/python3.11/site-packages/airflow/example_dags/plugins/workday.py took 0.398 seconds
[2025-05-31T21:16:22.094-0300] {processor.py:161} INFO - Started process (PID=37562) to work on /home/walterg/Documentos/Data_projects/Data-Warehouse-postgres-DBT-airflow-/.venv/lib/python3.11/site-packages/airflow/example_dags/plugins/workday.py
[2025-05-31T21:16:22.099-0300] {processor.py:830} INFO - Processing file /home/walterg/Documentos/Data_projects/Data-Warehouse-postgres-DBT-airflow-/.venv/lib/python3.11/site-packages/airflow/example_dags/plugins/workday.py for tasks to queue
[2025-05-31T21:16:22.101-0300] {logging_mixin.py:188} INFO - [2025-05-31T21:16:22.100-0300] {dagbag.py:538} INFO - Filling up the DagBag from /home/walterg/Documentos/Data_projects/Data-Warehouse-postgres-DBT-airflow-/.venv/lib/python3.11/site-packages/airflow/example_dags/plugins/workday.py
[2025-05-31T21:16:22.471-0300] {processor.py:842} WARNING - No viable dags retrieved from /home/walterg/Documentos/Data_projects/Data-Warehouse-postgres-DBT-airflow-/.venv/lib/python3.11/site-packages/airflow/example_dags/plugins/workday.py
[2025-05-31T21:16:22.476-0300] {processor.py:183} INFO - Processing /home/walterg/Documentos/Data_projects/Data-Warehouse-postgres-DBT-airflow-/.venv/lib/python3.11/site-packages/airflow/example_dags/plugins/workday.py took 0.385 seconds
[2025-05-31T21:17:07.161-0300] {processor.py:161} INFO - Started process (PID=37780) to work on /home/walterg/Documentos/Data_projects/Data-Warehouse-postgres-DBT-airflow-/.venv/lib/python3.11/site-packages/airflow/example_dags/plugins/workday.py
[2025-05-31T21:17:07.167-0300] {processor.py:830} INFO - Processing file /home/walterg/Documentos/Data_projects/Data-Warehouse-postgres-DBT-airflow-/.venv/lib/python3.11/site-packages/airflow/example_dags/plugins/workday.py for tasks to queue
[2025-05-31T21:17:07.168-0300] {logging_mixin.py:188} INFO - [2025-05-31T21:17:07.167-0300] {dagbag.py:538} INFO - Filling up the DagBag from /home/walterg/Documentos/Data_projects/Data-Warehouse-postgres-DBT-airflow-/.venv/lib/python3.11/site-packages/airflow/example_dags/plugins/workday.py
[2025-05-31T21:17:07.571-0300] {processor.py:842} WARNING - No viable dags retrieved from /home/walterg/Documentos/Data_projects/Data-Warehouse-postgres-DBT-airflow-/.venv/lib/python3.11/site-packages/airflow/example_dags/plugins/workday.py
[2025-05-31T21:17:07.576-0300] {processor.py:183} INFO - Processing /home/walterg/Documentos/Data_projects/Data-Warehouse-postgres-DBT-airflow-/.venv/lib/python3.11/site-packages/airflow/example_dags/plugins/workday.py took 0.418 seconds
[2025-05-31T21:17:52.027-0300] {processor.py:161} INFO - Started process (PID=37924) to work on /home/walterg/Documentos/Data_projects/Data-Warehouse-postgres-DBT-airflow-/.venv/lib/python3.11/site-packages/airflow/example_dags/plugins/workday.py
[2025-05-31T21:17:52.032-0300] {processor.py:830} INFO - Processing file /home/walterg/Documentos/Data_projects/Data-Warehouse-postgres-DBT-airflow-/.venv/lib/python3.11/site-packages/airflow/example_dags/plugins/workday.py for tasks to queue
[2025-05-31T21:17:52.032-0300] {logging_mixin.py:188} INFO - [2025-05-31T21:17:52.032-0300] {dagbag.py:538} INFO - Filling up the DagBag from /home/walterg/Documentos/Data_projects/Data-Warehouse-postgres-DBT-airflow-/.venv/lib/python3.11/site-packages/airflow/example_dags/plugins/workday.py
[2025-05-31T21:17:52.411-0300] {processor.py:842} WARNING - No viable dags retrieved from /home/walterg/Documentos/Data_projects/Data-Warehouse-postgres-DBT-airflow-/.venv/lib/python3.11/site-packages/airflow/example_dags/plugins/workday.py
[2025-05-31T21:17:52.417-0300] {processor.py:183} INFO - Processing /home/walterg/Documentos/Data_projects/Data-Warehouse-postgres-DBT-airflow-/.venv/lib/python3.11/site-packages/airflow/example_dags/plugins/workday.py took 0.393 seconds
[2025-05-31T21:18:38.563-0300] {processor.py:161} INFO - Started process (PID=38120) to work on /home/walterg/Documentos/Data_projects/Data-Warehouse-postgres-DBT-airflow-/.venv/lib/python3.11/site-packages/airflow/example_dags/plugins/workday.py
[2025-05-31T21:18:38.568-0300] {processor.py:830} INFO - Processing file /home/walterg/Documentos/Data_projects/Data-Warehouse-postgres-DBT-airflow-/.venv/lib/python3.11/site-packages/airflow/example_dags/plugins/workday.py for tasks to queue
[2025-05-31T21:18:38.570-0300] {logging_mixin.py:188} INFO - [2025-05-31T21:18:38.569-0300] {dagbag.py:538} INFO - Filling up the DagBag from /home/walterg/Documentos/Data_projects/Data-Warehouse-postgres-DBT-airflow-/.venv/lib/python3.11/site-packages/airflow/example_dags/plugins/workday.py
[2025-05-31T21:18:38.947-0300] {processor.py:842} WARNING - No viable dags retrieved from /home/walterg/Documentos/Data_projects/Data-Warehouse-postgres-DBT-airflow-/.venv/lib/python3.11/site-packages/airflow/example_dags/plugins/workday.py
[2025-05-31T21:18:38.952-0300] {processor.py:183} INFO - Processing /home/walterg/Documentos/Data_projects/Data-Warehouse-postgres-DBT-airflow-/.venv/lib/python3.11/site-packages/airflow/example_dags/plugins/workday.py took 0.392 seconds
[2025-05-31T21:19:20.114-0300] {processor.py:161} INFO - Started process (PID=38341) to work on /home/walterg/Documentos/Data_projects/Data-Warehouse-postgres-DBT-airflow-/.venv/lib/python3.11/site-packages/airflow/example_dags/plugins/workday.py
[2025-05-31T21:19:20.119-0300] {processor.py:830} INFO - Processing file /home/walterg/Documentos/Data_projects/Data-Warehouse-postgres-DBT-airflow-/.venv/lib/python3.11/site-packages/airflow/example_dags/plugins/workday.py for tasks to queue
[2025-05-31T21:19:20.120-0300] {logging_mixin.py:188} INFO - [2025-05-31T21:19:20.120-0300] {dagbag.py:538} INFO - Filling up the DagBag from /home/walterg/Documentos/Data_projects/Data-Warehouse-postgres-DBT-airflow-/.venv/lib/python3.11/site-packages/airflow/example_dags/plugins/workday.py
[2025-05-31T21:19:20.520-0300] {processor.py:842} WARNING - No viable dags retrieved from /home/walterg/Documentos/Data_projects/Data-Warehouse-postgres-DBT-airflow-/.venv/lib/python3.11/site-packages/airflow/example_dags/plugins/workday.py
[2025-05-31T21:19:20.525-0300] {processor.py:183} INFO - Processing /home/walterg/Documentos/Data_projects/Data-Warehouse-postgres-DBT-airflow-/.venv/lib/python3.11/site-packages/airflow/example_dags/plugins/workday.py took 0.414 seconds
[2025-05-31T21:20:00.008-0300] {processor.py:161} INFO - Started process (PID=38451) to work on /home/walterg/Documentos/Data_projects/Data-Warehouse-postgres-DBT-airflow-/.venv/lib/python3.11/site-packages/airflow/example_dags/plugins/workday.py
[2025-05-31T21:20:00.014-0300] {processor.py:830} INFO - Processing file /home/walterg/Documentos/Data_projects/Data-Warehouse-postgres-DBT-airflow-/.venv/lib/python3.11/site-packages/airflow/example_dags/plugins/workday.py for tasks to queue
[2025-05-31T21:20:00.016-0300] {logging_mixin.py:188} INFO - [2025-05-31T21:20:00.015-0300] {dagbag.py:538} INFO - Filling up the DagBag from /home/walterg/Documentos/Data_projects/Data-Warehouse-postgres-DBT-airflow-/.venv/lib/python3.11/site-packages/airflow/example_dags/plugins/workday.py
[2025-05-31T21:20:00.451-0300] {processor.py:842} WARNING - No viable dags retrieved from /home/walterg/Documentos/Data_projects/Data-Warehouse-postgres-DBT-airflow-/.venv/lib/python3.11/site-packages/airflow/example_dags/plugins/workday.py
[2025-05-31T21:20:00.456-0300] {processor.py:183} INFO - Processing /home/walterg/Documentos/Data_projects/Data-Warehouse-postgres-DBT-airflow-/.venv/lib/python3.11/site-packages/airflow/example_dags/plugins/workday.py took 0.451 seconds
[2025-05-31T21:20:43.048-0300] {processor.py:161} INFO - Started process (PID=38630) to work on /home/walterg/Documentos/Data_projects/Data-Warehouse-postgres-DBT-airflow-/.venv/lib/python3.11/site-packages/airflow/example_dags/plugins/workday.py
[2025-05-31T21:20:43.053-0300] {processor.py:830} INFO - Processing file /home/walterg/Documentos/Data_projects/Data-Warehouse-postgres-DBT-airflow-/.venv/lib/python3.11/site-packages/airflow/example_dags/plugins/workday.py for tasks to queue
[2025-05-31T21:20:43.053-0300] {logging_mixin.py:188} INFO - [2025-05-31T21:20:43.053-0300] {dagbag.py:538} INFO - Filling up the DagBag from /home/walterg/Documentos/Data_projects/Data-Warehouse-postgres-DBT-airflow-/.venv/lib/python3.11/site-packages/airflow/example_dags/plugins/workday.py
[2025-05-31T21:20:43.483-0300] {processor.py:842} WARNING - No viable dags retrieved from /home/walterg/Documentos/Data_projects/Data-Warehouse-postgres-DBT-airflow-/.venv/lib/python3.11/site-packages/airflow/example_dags/plugins/workday.py
[2025-05-31T21:20:43.490-0300] {processor.py:183} INFO - Processing /home/walterg/Documentos/Data_projects/Data-Warehouse-postgres-DBT-airflow-/.venv/lib/python3.11/site-packages/airflow/example_dags/plugins/workday.py took 0.445 seconds
[2025-05-31T21:21:22.160-0300] {processor.py:161} INFO - Started process (PID=38846) to work on /home/walterg/Documentos/Data_projects/Data-Warehouse-postgres-DBT-airflow-/.venv/lib/python3.11/site-packages/airflow/example_dags/plugins/workday.py
[2025-05-31T21:21:22.165-0300] {processor.py:830} INFO - Processing file /home/walterg/Documentos/Data_projects/Data-Warehouse-postgres-DBT-airflow-/.venv/lib/python3.11/site-packages/airflow/example_dags/plugins/workday.py for tasks to queue
[2025-05-31T21:21:22.167-0300] {logging_mixin.py:188} INFO - [2025-05-31T21:21:22.166-0300] {dagbag.py:538} INFO - Filling up the DagBag from /home/walterg/Documentos/Data_projects/Data-Warehouse-postgres-DBT-airflow-/.venv/lib/python3.11/site-packages/airflow/example_dags/plugins/workday.py
[2025-05-31T21:21:22.645-0300] {processor.py:842} WARNING - No viable dags retrieved from /home/walterg/Documentos/Data_projects/Data-Warehouse-postgres-DBT-airflow-/.venv/lib/python3.11/site-packages/airflow/example_dags/plugins/workday.py
[2025-05-31T21:21:22.650-0300] {processor.py:183} INFO - Processing /home/walterg/Documentos/Data_projects/Data-Warehouse-postgres-DBT-airflow-/.venv/lib/python3.11/site-packages/airflow/example_dags/plugins/workday.py took 0.492 seconds
[2025-05-31T21:22:06.701-0300] {processor.py:161} INFO - Started process (PID=39117) to work on /home/walterg/Documentos/Data_projects/Data-Warehouse-postgres-DBT-airflow-/.venv/lib/python3.11/site-packages/airflow/example_dags/plugins/workday.py
[2025-05-31T21:22:06.706-0300] {processor.py:830} INFO - Processing file /home/walterg/Documentos/Data_projects/Data-Warehouse-postgres-DBT-airflow-/.venv/lib/python3.11/site-packages/airflow/example_dags/plugins/workday.py for tasks to queue
[2025-05-31T21:22:06.707-0300] {logging_mixin.py:188} INFO - [2025-05-31T21:22:06.707-0300] {dagbag.py:538} INFO - Filling up the DagBag from /home/walterg/Documentos/Data_projects/Data-Warehouse-postgres-DBT-airflow-/.venv/lib/python3.11/site-packages/airflow/example_dags/plugins/workday.py
[2025-05-31T21:22:07.101-0300] {processor.py:842} WARNING - No viable dags retrieved from /home/walterg/Documentos/Data_projects/Data-Warehouse-postgres-DBT-airflow-/.venv/lib/python3.11/site-packages/airflow/example_dags/plugins/workday.py
[2025-05-31T21:22:07.107-0300] {processor.py:183} INFO - Processing /home/walterg/Documentos/Data_projects/Data-Warehouse-postgres-DBT-airflow-/.venv/lib/python3.11/site-packages/airflow/example_dags/plugins/workday.py took 0.408 seconds
[2025-05-31T21:22:47.992-0300] {processor.py:161} INFO - Started process (PID=39349) to work on /home/walterg/Documentos/Data_projects/Data-Warehouse-postgres-DBT-airflow-/.venv/lib/python3.11/site-packages/airflow/example_dags/plugins/workday.py
[2025-05-31T21:22:47.997-0300] {processor.py:830} INFO - Processing file /home/walterg/Documentos/Data_projects/Data-Warehouse-postgres-DBT-airflow-/.venv/lib/python3.11/site-packages/airflow/example_dags/plugins/workday.py for tasks to queue
[2025-05-31T21:22:47.998-0300] {logging_mixin.py:188} INFO - [2025-05-31T21:22:47.998-0300] {dagbag.py:538} INFO - Filling up the DagBag from /home/walterg/Documentos/Data_projects/Data-Warehouse-postgres-DBT-airflow-/.venv/lib/python3.11/site-packages/airflow/example_dags/plugins/workday.py
[2025-05-31T21:22:48.398-0300] {processor.py:842} WARNING - No viable dags retrieved from /home/walterg/Documentos/Data_projects/Data-Warehouse-postgres-DBT-airflow-/.venv/lib/python3.11/site-packages/airflow/example_dags/plugins/workday.py
[2025-05-31T21:22:48.403-0300] {processor.py:183} INFO - Processing /home/walterg/Documentos/Data_projects/Data-Warehouse-postgres-DBT-airflow-/.venv/lib/python3.11/site-packages/airflow/example_dags/plugins/workday.py took 0.414 seconds
[2025-05-31T21:23:33.401-0300] {processor.py:161} INFO - Started process (PID=39558) to work on /home/walterg/Documentos/Data_projects/Data-Warehouse-postgres-DBT-airflow-/.venv/lib/python3.11/site-packages/airflow/example_dags/plugins/workday.py
[2025-05-31T21:23:33.402-0300] {processor.py:830} INFO - Processing file /home/walterg/Documentos/Data_projects/Data-Warehouse-postgres-DBT-airflow-/.venv/lib/python3.11/site-packages/airflow/example_dags/plugins/workday.py for tasks to queue
[2025-05-31T21:23:33.403-0300] {logging_mixin.py:188} INFO - [2025-05-31T21:23:33.403-0300] {dagbag.py:538} INFO - Filling up the DagBag from /home/walterg/Documentos/Data_projects/Data-Warehouse-postgres-DBT-airflow-/.venv/lib/python3.11/site-packages/airflow/example_dags/plugins/workday.py
[2025-05-31T21:23:33.828-0300] {processor.py:842} WARNING - No viable dags retrieved from /home/walterg/Documentos/Data_projects/Data-Warehouse-postgres-DBT-airflow-/.venv/lib/python3.11/site-packages/airflow/example_dags/plugins/workday.py
[2025-05-31T21:23:33.833-0300] {processor.py:183} INFO - Processing /home/walterg/Documentos/Data_projects/Data-Warehouse-postgres-DBT-airflow-/.venv/lib/python3.11/site-packages/airflow/example_dags/plugins/workday.py took 0.435 seconds
[2025-05-31T21:24:19.804-0300] {processor.py:161} INFO - Started process (PID=39736) to work on /home/walterg/Documentos/Data_projects/Data-Warehouse-postgres-DBT-airflow-/.venv/lib/python3.11/site-packages/airflow/example_dags/plugins/workday.py
[2025-05-31T21:24:19.809-0300] {processor.py:830} INFO - Processing file /home/walterg/Documentos/Data_projects/Data-Warehouse-postgres-DBT-airflow-/.venv/lib/python3.11/site-packages/airflow/example_dags/plugins/workday.py for tasks to queue
[2025-05-31T21:24:19.810-0300] {logging_mixin.py:188} INFO - [2025-05-31T21:24:19.810-0300] {dagbag.py:538} INFO - Filling up the DagBag from /home/walterg/Documentos/Data_projects/Data-Warehouse-postgres-DBT-airflow-/.venv/lib/python3.11/site-packages/airflow/example_dags/plugins/workday.py
[2025-05-31T21:24:20.219-0300] {processor.py:842} WARNING - No viable dags retrieved from /home/walterg/Documentos/Data_projects/Data-Warehouse-postgres-DBT-airflow-/.venv/lib/python3.11/site-packages/airflow/example_dags/plugins/workday.py
[2025-05-31T21:24:20.224-0300] {processor.py:183} INFO - Processing /home/walterg/Documentos/Data_projects/Data-Warehouse-postgres-DBT-airflow-/.venv/lib/python3.11/site-packages/airflow/example_dags/plugins/workday.py took 0.422 seconds
[2025-05-31T21:25:10.786-0300] {processor.py:161} INFO - Started process (PID=39957) to work on /home/walterg/Documentos/Data_projects/Data-Warehouse-postgres-DBT-airflow-/.venv/lib/python3.11/site-packages/airflow/example_dags/plugins/workday.py
[2025-05-31T21:25:10.792-0300] {processor.py:830} INFO - Processing file /home/walterg/Documentos/Data_projects/Data-Warehouse-postgres-DBT-airflow-/.venv/lib/python3.11/site-packages/airflow/example_dags/plugins/workday.py for tasks to queue
[2025-05-31T21:25:10.793-0300] {logging_mixin.py:188} INFO - [2025-05-31T21:25:10.793-0300] {dagbag.py:538} INFO - Filling up the DagBag from /home/walterg/Documentos/Data_projects/Data-Warehouse-postgres-DBT-airflow-/.venv/lib/python3.11/site-packages/airflow/example_dags/plugins/workday.py
[2025-05-31T21:25:11.066-0300] {processor.py:842} WARNING - No viable dags retrieved from /home/walterg/Documentos/Data_projects/Data-Warehouse-postgres-DBT-airflow-/.venv/lib/python3.11/site-packages/airflow/example_dags/plugins/workday.py
[2025-05-31T21:25:11.075-0300] {processor.py:183} INFO - Processing /home/walterg/Documentos/Data_projects/Data-Warehouse-postgres-DBT-airflow-/.venv/lib/python3.11/site-packages/airflow/example_dags/plugins/workday.py took 0.291 seconds
[2025-05-31T21:25:52.161-0300] {processor.py:161} INFO - Started process (PID=40281) to work on /home/walterg/Documentos/Data_projects/Data-Warehouse-postgres-DBT-airflow-/.venv/lib/python3.11/site-packages/airflow/example_dags/plugins/workday.py
[2025-05-31T21:25:52.162-0300] {processor.py:830} INFO - Processing file /home/walterg/Documentos/Data_projects/Data-Warehouse-postgres-DBT-airflow-/.venv/lib/python3.11/site-packages/airflow/example_dags/plugins/workday.py for tasks to queue
[2025-05-31T21:25:52.162-0300] {logging_mixin.py:188} INFO - [2025-05-31T21:25:52.162-0300] {dagbag.py:538} INFO - Filling up the DagBag from /home/walterg/Documentos/Data_projects/Data-Warehouse-postgres-DBT-airflow-/.venv/lib/python3.11/site-packages/airflow/example_dags/plugins/workday.py
[2025-05-31T21:25:52.443-0300] {processor.py:842} WARNING - No viable dags retrieved from /home/walterg/Documentos/Data_projects/Data-Warehouse-postgres-DBT-airflow-/.venv/lib/python3.11/site-packages/airflow/example_dags/plugins/workday.py
[2025-05-31T21:25:52.451-0300] {processor.py:183} INFO - Processing /home/walterg/Documentos/Data_projects/Data-Warehouse-postgres-DBT-airflow-/.venv/lib/python3.11/site-packages/airflow/example_dags/plugins/workday.py took 0.294 seconds
[2025-05-31T21:26:31.432-0300] {processor.py:161} INFO - Started process (PID=40563) to work on /home/walterg/Documentos/Data_projects/Data-Warehouse-postgres-DBT-airflow-/.venv/lib/python3.11/site-packages/airflow/example_dags/plugins/workday.py
[2025-05-31T21:26:31.437-0300] {processor.py:830} INFO - Processing file /home/walterg/Documentos/Data_projects/Data-Warehouse-postgres-DBT-airflow-/.venv/lib/python3.11/site-packages/airflow/example_dags/plugins/workday.py for tasks to queue
[2025-05-31T21:26:31.438-0300] {logging_mixin.py:188} INFO - [2025-05-31T21:26:31.438-0300] {dagbag.py:538} INFO - Filling up the DagBag from /home/walterg/Documentos/Data_projects/Data-Warehouse-postgres-DBT-airflow-/.venv/lib/python3.11/site-packages/airflow/example_dags/plugins/workday.py
[2025-05-31T21:26:31.709-0300] {processor.py:842} WARNING - No viable dags retrieved from /home/walterg/Documentos/Data_projects/Data-Warehouse-postgres-DBT-airflow-/.venv/lib/python3.11/site-packages/airflow/example_dags/plugins/workday.py
[2025-05-31T21:26:31.718-0300] {processor.py:183} INFO - Processing /home/walterg/Documentos/Data_projects/Data-Warehouse-postgres-DBT-airflow-/.venv/lib/python3.11/site-packages/airflow/example_dags/plugins/workday.py took 0.288 seconds
[2025-05-31T21:27:14.729-0300] {processor.py:161} INFO - Started process (PID=40832) to work on /home/walterg/Documentos/Data_projects/Data-Warehouse-postgres-DBT-airflow-/.venv/lib/python3.11/site-packages/airflow/example_dags/plugins/workday.py
[2025-05-31T21:27:14.730-0300] {processor.py:830} INFO - Processing file /home/walterg/Documentos/Data_projects/Data-Warehouse-postgres-DBT-airflow-/.venv/lib/python3.11/site-packages/airflow/example_dags/plugins/workday.py for tasks to queue
[2025-05-31T21:27:14.731-0300] {logging_mixin.py:188} INFO - [2025-05-31T21:27:14.731-0300] {dagbag.py:538} INFO - Filling up the DagBag from /home/walterg/Documentos/Data_projects/Data-Warehouse-postgres-DBT-airflow-/.venv/lib/python3.11/site-packages/airflow/example_dags/plugins/workday.py
[2025-05-31T21:27:15.057-0300] {processor.py:842} WARNING - No viable dags retrieved from /home/walterg/Documentos/Data_projects/Data-Warehouse-postgres-DBT-airflow-/.venv/lib/python3.11/site-packages/airflow/example_dags/plugins/workday.py
[2025-05-31T21:27:15.064-0300] {processor.py:183} INFO - Processing /home/walterg/Documentos/Data_projects/Data-Warehouse-postgres-DBT-airflow-/.venv/lib/python3.11/site-packages/airflow/example_dags/plugins/workday.py took 0.339 seconds
[2025-05-31T21:27:53.047-0300] {processor.py:161} INFO - Started process (PID=41224) to work on /home/walterg/Documentos/Data_projects/Data-Warehouse-postgres-DBT-airflow-/.venv/lib/python3.11/site-packages/airflow/example_dags/plugins/workday.py
[2025-05-31T21:27:53.048-0300] {processor.py:830} INFO - Processing file /home/walterg/Documentos/Data_projects/Data-Warehouse-postgres-DBT-airflow-/.venv/lib/python3.11/site-packages/airflow/example_dags/plugins/workday.py for tasks to queue
[2025-05-31T21:27:53.049-0300] {logging_mixin.py:188} INFO - [2025-05-31T21:27:53.049-0300] {dagbag.py:538} INFO - Filling up the DagBag from /home/walterg/Documentos/Data_projects/Data-Warehouse-postgres-DBT-airflow-/.venv/lib/python3.11/site-packages/airflow/example_dags/plugins/workday.py
[2025-05-31T21:27:53.317-0300] {processor.py:842} WARNING - No viable dags retrieved from /home/walterg/Documentos/Data_projects/Data-Warehouse-postgres-DBT-airflow-/.venv/lib/python3.11/site-packages/airflow/example_dags/plugins/workday.py
[2025-05-31T21:27:53.325-0300] {processor.py:183} INFO - Processing /home/walterg/Documentos/Data_projects/Data-Warehouse-postgres-DBT-airflow-/.venv/lib/python3.11/site-packages/airflow/example_dags/plugins/workday.py took 0.281 seconds
[2025-05-31T21:28:35.740-0300] {processor.py:161} INFO - Started process (PID=41409) to work on /home/walterg/Documentos/Data_projects/Data-Warehouse-postgres-DBT-airflow-/.venv/lib/python3.11/site-packages/airflow/example_dags/plugins/workday.py
[2025-05-31T21:28:35.745-0300] {processor.py:830} INFO - Processing file /home/walterg/Documentos/Data_projects/Data-Warehouse-postgres-DBT-airflow-/.venv/lib/python3.11/site-packages/airflow/example_dags/plugins/workday.py for tasks to queue
[2025-05-31T21:28:35.747-0300] {logging_mixin.py:188} INFO - [2025-05-31T21:28:35.746-0300] {dagbag.py:538} INFO - Filling up the DagBag from /home/walterg/Documentos/Data_projects/Data-Warehouse-postgres-DBT-airflow-/.venv/lib/python3.11/site-packages/airflow/example_dags/plugins/workday.py
[2025-05-31T21:28:36.013-0300] {processor.py:842} WARNING - No viable dags retrieved from /home/walterg/Documentos/Data_projects/Data-Warehouse-postgres-DBT-airflow-/.venv/lib/python3.11/site-packages/airflow/example_dags/plugins/workday.py
[2025-05-31T21:28:36.021-0300] {processor.py:183} INFO - Processing /home/walterg/Documentos/Data_projects/Data-Warehouse-postgres-DBT-airflow-/.venv/lib/python3.11/site-packages/airflow/example_dags/plugins/workday.py took 0.283 seconds
[2025-05-31T21:29:15.921-0300] {processor.py:161} INFO - Started process (PID=41618) to work on /home/walterg/Documentos/Data_projects/Data-Warehouse-postgres-DBT-airflow-/.venv/lib/python3.11/site-packages/airflow/example_dags/plugins/workday.py
[2025-05-31T21:29:15.922-0300] {processor.py:830} INFO - Processing file /home/walterg/Documentos/Data_projects/Data-Warehouse-postgres-DBT-airflow-/.venv/lib/python3.11/site-packages/airflow/example_dags/plugins/workday.py for tasks to queue
[2025-05-31T21:29:15.922-0300] {logging_mixin.py:188} INFO - [2025-05-31T21:29:15.922-0300] {dagbag.py:538} INFO - Filling up the DagBag from /home/walterg/Documentos/Data_projects/Data-Warehouse-postgres-DBT-airflow-/.venv/lib/python3.11/site-packages/airflow/example_dags/plugins/workday.py
[2025-05-31T21:29:16.189-0300] {processor.py:842} WARNING - No viable dags retrieved from /home/walterg/Documentos/Data_projects/Data-Warehouse-postgres-DBT-airflow-/.venv/lib/python3.11/site-packages/airflow/example_dags/plugins/workday.py
[2025-05-31T21:29:16.198-0300] {processor.py:183} INFO - Processing /home/walterg/Documentos/Data_projects/Data-Warehouse-postgres-DBT-airflow-/.venv/lib/python3.11/site-packages/airflow/example_dags/plugins/workday.py took 0.280 seconds
[2025-05-31T21:29:55.266-0300] {processor.py:161} INFO - Started process (PID=41720) to work on /home/walterg/Documentos/Data_projects/Data-Warehouse-postgres-DBT-airflow-/.venv/lib/python3.11/site-packages/airflow/example_dags/plugins/workday.py
[2025-05-31T21:29:55.271-0300] {processor.py:830} INFO - Processing file /home/walterg/Documentos/Data_projects/Data-Warehouse-postgres-DBT-airflow-/.venv/lib/python3.11/site-packages/airflow/example_dags/plugins/workday.py for tasks to queue
[2025-05-31T21:29:55.273-0300] {logging_mixin.py:188} INFO - [2025-05-31T21:29:55.272-0300] {dagbag.py:538} INFO - Filling up the DagBag from /home/walterg/Documentos/Data_projects/Data-Warehouse-postgres-DBT-airflow-/.venv/lib/python3.11/site-packages/airflow/example_dags/plugins/workday.py
[2025-05-31T21:29:55.535-0300] {processor.py:842} WARNING - No viable dags retrieved from /home/walterg/Documentos/Data_projects/Data-Warehouse-postgres-DBT-airflow-/.venv/lib/python3.11/site-packages/airflow/example_dags/plugins/workday.py
[2025-05-31T21:29:55.543-0300] {processor.py:183} INFO - Processing /home/walterg/Documentos/Data_projects/Data-Warehouse-postgres-DBT-airflow-/.venv/lib/python3.11/site-packages/airflow/example_dags/plugins/workday.py took 0.279 seconds
[2025-05-31T21:30:35.810-0300] {processor.py:161} INFO - Started process (PID=41882) to work on /home/walterg/Documentos/Data_projects/Data-Warehouse-postgres-DBT-airflow-/.venv/lib/python3.11/site-packages/airflow/example_dags/plugins/workday.py
[2025-05-31T21:30:35.815-0300] {processor.py:830} INFO - Processing file /home/walterg/Documentos/Data_projects/Data-Warehouse-postgres-DBT-airflow-/.venv/lib/python3.11/site-packages/airflow/example_dags/plugins/workday.py for tasks to queue
[2025-05-31T21:30:35.816-0300] {logging_mixin.py:188} INFO - [2025-05-31T21:30:35.816-0300] {dagbag.py:538} INFO - Filling up the DagBag from /home/walterg/Documentos/Data_projects/Data-Warehouse-postgres-DBT-airflow-/.venv/lib/python3.11/site-packages/airflow/example_dags/plugins/workday.py
[2025-05-31T21:30:36.086-0300] {processor.py:842} WARNING - No viable dags retrieved from /home/walterg/Documentos/Data_projects/Data-Warehouse-postgres-DBT-airflow-/.venv/lib/python3.11/site-packages/airflow/example_dags/plugins/workday.py
[2025-05-31T21:30:36.095-0300] {processor.py:183} INFO - Processing /home/walterg/Documentos/Data_projects/Data-Warehouse-postgres-DBT-airflow-/.venv/lib/python3.11/site-packages/airflow/example_dags/plugins/workday.py took 0.287 seconds
[2025-05-31T21:31:15.220-0300] {processor.py:161} INFO - Started process (PID=42109) to work on /home/walterg/Documentos/Data_projects/Data-Warehouse-postgres-DBT-airflow-/.venv/lib/python3.11/site-packages/airflow/example_dags/plugins/workday.py
[2025-05-31T21:31:15.221-0300] {processor.py:830} INFO - Processing file /home/walterg/Documentos/Data_projects/Data-Warehouse-postgres-DBT-airflow-/.venv/lib/python3.11/site-packages/airflow/example_dags/plugins/workday.py for tasks to queue
[2025-05-31T21:31:15.222-0300] {logging_mixin.py:188} INFO - [2025-05-31T21:31:15.221-0300] {dagbag.py:538} INFO - Filling up the DagBag from /home/walterg/Documentos/Data_projects/Data-Warehouse-postgres-DBT-airflow-/.venv/lib/python3.11/site-packages/airflow/example_dags/plugins/workday.py
[2025-05-31T21:31:15.543-0300] {processor.py:842} WARNING - No viable dags retrieved from /home/walterg/Documentos/Data_projects/Data-Warehouse-postgres-DBT-airflow-/.venv/lib/python3.11/site-packages/airflow/example_dags/plugins/workday.py
[2025-05-31T21:31:15.551-0300] {processor.py:183} INFO - Processing /home/walterg/Documentos/Data_projects/Data-Warehouse-postgres-DBT-airflow-/.venv/lib/python3.11/site-packages/airflow/example_dags/plugins/workday.py took 0.334 seconds
[2025-05-31T21:31:53.905-0300] {processor.py:161} INFO - Started process (PID=42191) to work on /home/walterg/Documentos/Data_projects/Data-Warehouse-postgres-DBT-airflow-/.venv/lib/python3.11/site-packages/airflow/example_dags/plugins/workday.py
[2025-05-31T21:31:53.910-0300] {processor.py:830} INFO - Processing file /home/walterg/Documentos/Data_projects/Data-Warehouse-postgres-DBT-airflow-/.venv/lib/python3.11/site-packages/airflow/example_dags/plugins/workday.py for tasks to queue
[2025-05-31T21:31:53.912-0300] {logging_mixin.py:188} INFO - [2025-05-31T21:31:53.911-0300] {dagbag.py:538} INFO - Filling up the DagBag from /home/walterg/Documentos/Data_projects/Data-Warehouse-postgres-DBT-airflow-/.venv/lib/python3.11/site-packages/airflow/example_dags/plugins/workday.py
[2025-05-31T21:31:54.229-0300] {processor.py:842} WARNING - No viable dags retrieved from /home/walterg/Documentos/Data_projects/Data-Warehouse-postgres-DBT-airflow-/.venv/lib/python3.11/site-packages/airflow/example_dags/plugins/workday.py
[2025-05-31T21:31:54.236-0300] {processor.py:183} INFO - Processing /home/walterg/Documentos/Data_projects/Data-Warehouse-postgres-DBT-airflow-/.venv/lib/python3.11/site-packages/airflow/example_dags/plugins/workday.py took 0.335 seconds
[2025-05-31T21:32:34.898-0300] {processor.py:161} INFO - Started process (PID=42490) to work on /home/walterg/Documentos/Data_projects/Data-Warehouse-postgres-DBT-airflow-/.venv/lib/python3.11/site-packages/airflow/example_dags/plugins/workday.py
[2025-05-31T21:32:34.903-0300] {processor.py:830} INFO - Processing file /home/walterg/Documentos/Data_projects/Data-Warehouse-postgres-DBT-airflow-/.venv/lib/python3.11/site-packages/airflow/example_dags/plugins/workday.py for tasks to queue
[2025-05-31T21:32:34.904-0300] {logging_mixin.py:188} INFO - [2025-05-31T21:32:34.904-0300] {dagbag.py:538} INFO - Filling up the DagBag from /home/walterg/Documentos/Data_projects/Data-Warehouse-postgres-DBT-airflow-/.venv/lib/python3.11/site-packages/airflow/example_dags/plugins/workday.py
[2025-05-31T21:32:35.207-0300] {processor.py:842} WARNING - No viable dags retrieved from /home/walterg/Documentos/Data_projects/Data-Warehouse-postgres-DBT-airflow-/.venv/lib/python3.11/site-packages/airflow/example_dags/plugins/workday.py
[2025-05-31T21:32:35.215-0300] {processor.py:183} INFO - Processing /home/walterg/Documentos/Data_projects/Data-Warehouse-postgres-DBT-airflow-/.venv/lib/python3.11/site-packages/airflow/example_dags/plugins/workday.py took 0.320 seconds
[2025-05-31T21:33:20.002-0300] {processor.py:161} INFO - Started process (PID=42852) to work on /home/walterg/Documentos/Data_projects/Data-Warehouse-postgres-DBT-airflow-/.venv/lib/python3.11/site-packages/airflow/example_dags/plugins/workday.py
[2025-05-31T21:33:20.007-0300] {processor.py:830} INFO - Processing file /home/walterg/Documentos/Data_projects/Data-Warehouse-postgres-DBT-airflow-/.venv/lib/python3.11/site-packages/airflow/example_dags/plugins/workday.py for tasks to queue
[2025-05-31T21:33:20.008-0300] {logging_mixin.py:188} INFO - [2025-05-31T21:33:20.008-0300] {dagbag.py:538} INFO - Filling up the DagBag from /home/walterg/Documentos/Data_projects/Data-Warehouse-postgres-DBT-airflow-/.venv/lib/python3.11/site-packages/airflow/example_dags/plugins/workday.py
[2025-05-31T21:33:20.274-0300] {processor.py:842} WARNING - No viable dags retrieved from /home/walterg/Documentos/Data_projects/Data-Warehouse-postgres-DBT-airflow-/.venv/lib/python3.11/site-packages/airflow/example_dags/plugins/workday.py
[2025-05-31T21:33:20.281-0300] {processor.py:183} INFO - Processing /home/walterg/Documentos/Data_projects/Data-Warehouse-postgres-DBT-airflow-/.venv/lib/python3.11/site-packages/airflow/example_dags/plugins/workday.py took 0.282 seconds
[2025-05-31T21:33:59.000-0300] {processor.py:161} INFO - Started process (PID=42917) to work on /home/walterg/Documentos/Data_projects/Data-Warehouse-postgres-DBT-airflow-/.venv/lib/python3.11/site-packages/airflow/example_dags/plugins/workday.py
[2025-05-31T21:33:59.005-0300] {processor.py:830} INFO - Processing file /home/walterg/Documentos/Data_projects/Data-Warehouse-postgres-DBT-airflow-/.venv/lib/python3.11/site-packages/airflow/example_dags/plugins/workday.py for tasks to queue
[2025-05-31T21:33:59.006-0300] {logging_mixin.py:188} INFO - [2025-05-31T21:33:59.006-0300] {dagbag.py:538} INFO - Filling up the DagBag from /home/walterg/Documentos/Data_projects/Data-Warehouse-postgres-DBT-airflow-/.venv/lib/python3.11/site-packages/airflow/example_dags/plugins/workday.py
[2025-05-31T21:33:59.265-0300] {processor.py:842} WARNING - No viable dags retrieved from /home/walterg/Documentos/Data_projects/Data-Warehouse-postgres-DBT-airflow-/.venv/lib/python3.11/site-packages/airflow/example_dags/plugins/workday.py
[2025-05-31T21:33:59.272-0300] {processor.py:183} INFO - Processing /home/walterg/Documentos/Data_projects/Data-Warehouse-postgres-DBT-airflow-/.venv/lib/python3.11/site-packages/airflow/example_dags/plugins/workday.py took 0.275 seconds
[2025-05-31T21:34:34.984-0300] {processor.py:161} INFO - Started process (PID=43031) to work on /home/walterg/Documentos/Data_projects/Data-Warehouse-postgres-DBT-airflow-/.venv/lib/python3.11/site-packages/airflow/example_dags/plugins/workday.py
[2025-05-31T21:34:34.986-0300] {processor.py:830} INFO - Processing file /home/walterg/Documentos/Data_projects/Data-Warehouse-postgres-DBT-airflow-/.venv/lib/python3.11/site-packages/airflow/example_dags/plugins/workday.py for tasks to queue
[2025-05-31T21:34:34.987-0300] {logging_mixin.py:188} INFO - [2025-05-31T21:34:34.986-0300] {dagbag.py:538} INFO - Filling up the DagBag from /home/walterg/Documentos/Data_projects/Data-Warehouse-postgres-DBT-airflow-/.venv/lib/python3.11/site-packages/airflow/example_dags/plugins/workday.py
[2025-05-31T21:34:35.257-0300] {processor.py:842} WARNING - No viable dags retrieved from /home/walterg/Documentos/Data_projects/Data-Warehouse-postgres-DBT-airflow-/.venv/lib/python3.11/site-packages/airflow/example_dags/plugins/workday.py
[2025-05-31T21:34:35.265-0300] {processor.py:183} INFO - Processing /home/walterg/Documentos/Data_projects/Data-Warehouse-postgres-DBT-airflow-/.venv/lib/python3.11/site-packages/airflow/example_dags/plugins/workday.py took 0.283 seconds
