[2025-05-31T19:59:02.768-0300] {taskinstance.py:1956} INFO - Dependencies all met for dep_context=non-requeueable deps ti=<TaskInstance: chamar_api_vendas.chamar_api scheduled__2025-05-31T22:58:00+00:00 [queued]>
[2025-05-31T19:59:02.772-0300] {taskinstance.py:1956} INFO - Dependencies all met for dep_context=requeueable deps ti=<TaskInstance: chamar_api_vendas.chamar_api scheduled__2025-05-31T22:58:00+00:00 [queued]>
[2025-05-31T19:59:02.772-0300] {taskinstance.py:2170} INFO - Starting attempt 1 of 2
[2025-05-31T19:59:02.782-0300] {taskinstance.py:2191} INFO - Executing <Task(BashOperator): chamar_api> on 2025-05-31 22:58:00+00:00
[2025-05-31T19:59:02.789-0300] {standard_task_runner.py:60} INFO - Started process 17346 to run task
[2025-05-31T19:59:02.792-0300] {standard_task_runner.py:87} INFO - Running: ['airflow', 'tasks', 'run', 'chamar_api_vendas', 'chamar_api', 'scheduled__2025-05-31T22:58:00+00:00', '--job-id', '38', '--raw', '--subdir', 'DAGS_FOLDER/chamar_api_vendas.py', '--cfg-path', '/tmp/tmpklt1jl7i']
[2025-05-31T19:59:02.794-0300] {standard_task_runner.py:88} INFO - Job 38: Subtask chamar_api
[2025-05-31T19:59:02.822-0300] {task_command.py:423} INFO - Running <TaskInstance: chamar_api_vendas.chamar_api scheduled__2025-05-31T22:58:00+00:00 [running]> on host walter-vjfe59f11xb1011h
[2025-05-31T19:59:02.863-0300] {taskinstance.py:2480} INFO - Exporting env vars: AIRFLOW_CTX_DAG_OWNER='airflow' AIRFLOW_CTX_DAG_ID='chamar_api_vendas' AIRFLOW_CTX_TASK_ID='chamar_api' AIRFLOW_CTX_EXECUTION_DATE='2025-05-31T22:58:00+00:00' AIRFLOW_CTX_TRY_NUMBER='1' AIRFLOW_CTX_DAG_RUN_ID='scheduled__2025-05-31T22:58:00+00:00'
[2025-05-31T19:59:02.865-0300] {subprocess.py:63} INFO - Tmp dir root location: /tmp
[2025-05-31T19:59:02.865-0300] {subprocess.py:75} INFO - Running command: ['/usr/bin/bash', '-c', "curl -X POST 'http://127.0.0.1:8002/gerar-vendas' -H 'accept: application/json'"]
[2025-05-31T19:59:02.879-0300] {subprocess.py:86} INFO - Output:
[2025-05-31T19:59:02.885-0300] {subprocess.py:93} INFO -   % Total    % Received % Xferd  Average Speed   Time    Time     Time  Current
[2025-05-31T19:59:02.886-0300] {subprocess.py:93} INFO -                                  Dload  Upload   Total   Spent    Left  Speed
[2025-05-31T19:59:05.591-0300] {subprocess.py:93} INFO -   0     0    0     0    0     0      0      0 --:--:-- --:--:-- --:--:--     0  0     0    0     0    0     0      0      0 --:--:--  0:00:01 --:--:--     0  0     0    0     0    0     0      0      0 --:--:--  0:00:02 --:--:--     0100    46  100    46    0     0     17      0  0:00:02  0:00:02 --:--:--    17
[2025-05-31T19:59:05.592-0300] {subprocess.py:93} INFO - {"status":"sucesso","registros_inseridos":500}
[2025-05-31T19:59:05.592-0300] {subprocess.py:97} INFO - Command exited with return code 0
[2025-05-31T19:59:05.607-0300] {taskinstance.py:1138} INFO - Marking task as SUCCESS. dag_id=chamar_api_vendas, task_id=chamar_api, execution_date=20250531T225800, start_date=20250531T225902, end_date=20250531T225905
[2025-05-31T19:59:05.661-0300] {local_task_job_runner.py:234} INFO - Task exited with return code 0
[2025-05-31T19:59:05.670-0300] {taskinstance.py:3280} INFO - 0 downstream tasks scheduled from follow-on schedule check
